000 (34545107.000.000) 2021-09-16 05:45:52 Job submitted from host: <131.225.188.57:9618?addrs=131.225.188.57-9618&alias=lpcschedd2.fnal.gov&noUDP&sock=schedd_2251_93c6>
...
040 (34545107.000.000) 2021-09-16 12:36:17 Started transferring input files
	Transferring to host: <131.225.205.194:9618?addrs=131.225.205.194-9618&alias=cmswn1968.fnal.gov&noUDP&sock=slot1_10_1682_defd_633>
...
040 (34545107.000.000) 2021-09-16 12:36:17 Finished transferring input files
...
001 (34545107.000.000) 2021-09-16 12:36:18 Job executing on host: <131.225.205.194:9618?addrs=131.225.205.194-9618&alias=cmswn1968.fnal.gov&noUDP&sock=startd_1599_5c06>
...
006 (34545107.000.000) 2021-09-16 12:36:27 Image size of job updated: 8
	8  -  MemoryUsage of job (MB)
	8740  -  ResidentSetSize of job (KB)
...
006 (34545107.000.000) 2021-09-16 12:37:28 Image size of job updated: 530
	530  -  MemoryUsage of job (MB)
	542920  -  ResidentSetSize of job (KB)
...
006 (34545107.000.000) 2021-09-16 12:41:30 Image size of job updated: 545
	545  -  MemoryUsage of job (MB)
	559044  -  ResidentSetSize of job (KB)
...
006 (34545107.000.000) 2021-09-16 12:42:30 Image size of job updated: 596
	596  -  MemoryUsage of job (MB)
	611276  -  ResidentSetSize of job (KB)
...
006 (34545107.000.000) 2021-09-16 12:43:31 Image size of job updated: 642
	642  -  MemoryUsage of job (MB)
	657540  -  ResidentSetSize of job (KB)
...
006 (34545107.000.000) 2021-09-16 12:44:31 Image size of job updated: 677
	677  -  MemoryUsage of job (MB)
	693272  -  ResidentSetSize of job (KB)
...
006 (34545107.000.000) 2021-09-16 12:45:32 Image size of job updated: 712
	712  -  MemoryUsage of job (MB)
	729220  -  ResidentSetSize of job (KB)
...
006 (34545107.000.000) 2021-09-16 12:46:32 Image size of job updated: 744
	744  -  MemoryUsage of job (MB)
	762368  -  ResidentSetSize of job (KB)
...
006 (34545107.000.000) 2021-09-16 12:47:34 Image size of job updated: 774
	774  -  MemoryUsage of job (MB)
	793496  -  ResidentSetSize of job (KB)
...
006 (34545107.000.000) 2021-09-16 12:48:34 Image size of job updated: 801
	801  -  MemoryUsage of job (MB)
	820756  -  ResidentSetSize of job (KB)
...
006 (34545107.000.000) 2021-09-16 12:49:34 Image size of job updated: 828
	828  -  MemoryUsage of job (MB)
	848740  -  ResidentSetSize of job (KB)
...
006 (34545107.000.000) 2021-09-16 12:50:35 Image size of job updated: 856
	856  -  MemoryUsage of job (MB)
	877380  -  ResidentSetSize of job (KB)
...
006 (34545107.000.000) 2021-09-16 12:51:36 Image size of job updated: 879
	879  -  MemoryUsage of job (MB)
	900488  -  ResidentSetSize of job (KB)
...
006 (34545107.000.000) 2021-09-16 12:52:37 Image size of job updated: 917
	917  -  MemoryUsage of job (MB)
	939744  -  ResidentSetSize of job (KB)
...
006 (34545107.000.000) 2021-09-16 12:53:37 Image size of job updated: 945
	945  -  MemoryUsage of job (MB)
	968672  -  ResidentSetSize of job (KB)
...
006 (34545107.000.000) 2021-09-16 12:54:38 Image size of job updated: 969
	969  -  MemoryUsage of job (MB)
	993080  -  ResidentSetSize of job (KB)
...
006 (34545107.000.000) 2021-09-16 12:55:38 Image size of job updated: 994
	994  -  MemoryUsage of job (MB)
	1018832  -  ResidentSetSize of job (KB)
...
006 (34545107.000.000) 2021-09-16 12:56:39 Image size of job updated: 1021
	1021  -  MemoryUsage of job (MB)
	1045912  -  ResidentSetSize of job (KB)
...
006 (34545107.000.000) 2021-09-16 12:57:39 Image size of job updated: 1047
	1047  -  MemoryUsage of job (MB)
	1072748  -  ResidentSetSize of job (KB)
...
006 (34545107.000.000) 2021-09-16 12:58:39 Image size of job updated: 1078
	1078  -  MemoryUsage of job (MB)
	1104576  -  ResidentSetSize of job (KB)
...
006 (34545107.000.000) 2021-09-16 12:59:40 Image size of job updated: 1101
	1101  -  MemoryUsage of job (MB)
	1127728  -  ResidentSetSize of job (KB)
...
006 (34545107.000.000) 2021-09-16 13:00:42 Image size of job updated: 1123
	1123  -  MemoryUsage of job (MB)
	1150324  -  ResidentSetSize of job (KB)
...
006 (34545107.000.000) 2021-09-16 13:01:42 Image size of job updated: 1143
	1143  -  MemoryUsage of job (MB)
	1170460  -  ResidentSetSize of job (KB)
...
006 (34545107.000.000) 2021-09-16 13:02:42 Image size of job updated: 1165
	1165  -  MemoryUsage of job (MB)
	1193012  -  ResidentSetSize of job (KB)
...
006 (34545107.000.000) 2021-09-16 13:03:43 Image size of job updated: 1185
	1185  -  MemoryUsage of job (MB)
	1214344  -  ResidentSetSize of job (KB)
...
006 (34545107.000.000) 2021-09-16 13:04:43 Image size of job updated: 1204
	1204  -  MemoryUsage of job (MB)
	1233216  -  ResidentSetSize of job (KB)
...
006 (34545107.000.000) 2021-09-16 13:05:44 Image size of job updated: 1224
	1224  -  MemoryUsage of job (MB)
	1253772  -  ResidentSetSize of job (KB)
...
006 (34545107.000.000) 2021-09-16 13:06:44 Image size of job updated: 1244
	1244  -  MemoryUsage of job (MB)
	1273916  -  ResidentSetSize of job (KB)
...
006 (34545107.000.000) 2021-09-16 13:07:45 Image size of job updated: 1261
	1261  -  MemoryUsage of job (MB)
	1291872  -  ResidentSetSize of job (KB)
...
006 (34545107.000.000) 2021-09-16 13:08:46 Image size of job updated: 1280
	1280  -  MemoryUsage of job (MB)
	1311348  -  ResidentSetSize of job (KB)
...
006 (34545107.000.000) 2021-09-16 13:09:46 Image size of job updated: 1299
	1299  -  MemoryUsage of job (MB)
	1330620  -  ResidentSetSize of job (KB)
...
006 (34545107.000.000) 2021-09-16 13:10:47 Image size of job updated: 1316
	1316  -  MemoryUsage of job (MB)
	1347760  -  ResidentSetSize of job (KB)
...
006 (34545107.000.000) 2021-09-16 13:11:47 Image size of job updated: 1334
	1334  -  MemoryUsage of job (MB)
	1366436  -  ResidentSetSize of job (KB)
...
006 (34545107.000.000) 2021-09-16 13:12:48 Image size of job updated: 1352
	1352  -  MemoryUsage of job (MB)
	1384912  -  ResidentSetSize of job (KB)
...
006 (34545107.000.000) 2021-09-16 13:13:48 Image size of job updated: 1368
	1368  -  MemoryUsage of job (MB)
	1401156  -  ResidentSetSize of job (KB)
...
006 (34545107.000.000) 2021-09-16 13:14:48 Image size of job updated: 1385
	1385  -  MemoryUsage of job (MB)
	1418844  -  ResidentSetSize of job (KB)
...
006 (34545107.000.000) 2021-09-16 13:15:49 Image size of job updated: 1402
	1402  -  MemoryUsage of job (MB)
	1436200  -  ResidentSetSize of job (KB)
...
006 (34545107.000.000) 2021-09-16 13:16:49 Image size of job updated: 1417
	1417  -  MemoryUsage of job (MB)
	1451780  -  ResidentSetSize of job (KB)
...
006 (34545107.000.000) 2021-09-16 13:17:50 Image size of job updated: 1434
	1434  -  MemoryUsage of job (MB)
	1468736  -  ResidentSetSize of job (KB)
...
006 (34545107.000.000) 2021-09-16 13:18:50 Image size of job updated: 1450
	1450  -  MemoryUsage of job (MB)
	1485580  -  ResidentSetSize of job (KB)
...
006 (34545107.000.000) 2021-09-16 13:19:51 Image size of job updated: 1465
	1465  -  MemoryUsage of job (MB)
	1500312  -  ResidentSetSize of job (KB)
...
006 (34545107.000.000) 2021-09-16 13:20:51 Image size of job updated: 1481
	1481  -  MemoryUsage of job (MB)
	1516556  -  ResidentSetSize of job (KB)
...
006 (34545107.000.000) 2021-09-16 13:21:52 Image size of job updated: 1496
	1496  -  MemoryUsage of job (MB)
	1532520  -  ResidentSetSize of job (KB)
...
006 (34545107.000.000) 2021-09-16 13:22:52 Image size of job updated: 1510
	1510  -  MemoryUsage of job (MB)
	1546716  -  ResidentSetSize of job (KB)
...
006 (34545107.000.000) 2021-09-16 13:23:52 Image size of job updated: 1525
	1525  -  MemoryUsage of job (MB)
	1562208  -  ResidentSetSize of job (KB)
...
006 (34545107.000.000) 2021-09-16 13:24:53 Image size of job updated: 1544
	1544  -  MemoryUsage of job (MB)
	1581364  -  ResidentSetSize of job (KB)
...
006 (34545107.000.000) 2021-09-16 13:25:53 Image size of job updated: 1626
	1626  -  MemoryUsage of job (MB)
	1665044  -  ResidentSetSize of job (KB)
...
006 (34545107.000.000) 2021-09-16 13:26:54 Image size of job updated: 1644
	1644  -  MemoryUsage of job (MB)
	1683888  -  ResidentSetSize of job (KB)
...
006 (34545107.000.000) 2021-09-16 13:27:54 Image size of job updated: 1644
	1644  -  MemoryUsage of job (MB)
	1684332  -  ResidentSetSize of job (KB)
...
006 (34545107.000.000) 2021-09-16 13:28:55 Image size of job updated: 1651
	1651  -  MemoryUsage of job (MB)
	1691568  -  ResidentSetSize of job (KB)
...
006 (34545107.000.000) 2021-09-16 13:29:55 Image size of job updated: 1657
	1657  -  MemoryUsage of job (MB)
	1696968  -  ResidentSetSize of job (KB)
...
006 (34545107.000.000) 2021-09-16 13:30:56 Image size of job updated: 1657
	1657  -  MemoryUsage of job (MB)
	1697296  -  ResidentSetSize of job (KB)
...
006 (34545107.000.000) 2021-09-16 13:31:56 Image size of job updated: 1660
	1660  -  MemoryUsage of job (MB)
	1700336  -  ResidentSetSize of job (KB)
...
006 (34545107.000.000) 2021-09-16 13:32:57 Image size of job updated: 1664
	1664  -  MemoryUsage of job (MB)
	1704320  -  ResidentSetSize of job (KB)
...
006 (34545107.000.000) 2021-09-16 13:33:58 Image size of job updated: 1664
	1664  -  MemoryUsage of job (MB)
	1704400  -  ResidentSetSize of job (KB)
...
006 (34545107.000.000) 2021-09-16 13:34:58 Image size of job updated: 1668
	1668  -  MemoryUsage of job (MB)
	1708568  -  ResidentSetSize of job (KB)
...
006 (34545107.000.000) 2021-09-16 13:35:59 Image size of job updated: 1672
	1672  -  MemoryUsage of job (MB)
	1712716  -  ResidentSetSize of job (KB)
...
006 (34545107.000.000) 2021-09-16 13:36:59 Image size of job updated: 1672
	1672  -  MemoryUsage of job (MB)
	1712788  -  ResidentSetSize of job (KB)
...
006 (34545107.000.000) 2021-09-16 13:38:00 Image size of job updated: 1674
	1674  -  MemoryUsage of job (MB)
	1714408  -  ResidentSetSize of job (KB)
...
006 (34545107.000.000) 2021-09-16 13:39:00 Image size of job updated: 1675
	1675  -  MemoryUsage of job (MB)
	1715804  -  ResidentSetSize of job (KB)
...
006 (34545107.000.000) 2021-09-16 13:40:01 Image size of job updated: 1675
	1675  -  MemoryUsage of job (MB)
	1715828  -  ResidentSetSize of job (KB)
...
006 (34545107.000.000) 2021-09-16 13:41:01 Image size of job updated: 1677
	1677  -  MemoryUsage of job (MB)
	1718140  -  ResidentSetSize of job (KB)
...
006 (34545107.000.000) 2021-09-16 13:42:03 Image size of job updated: 1679
	1679  -  MemoryUsage of job (MB)
	1719516  -  ResidentSetSize of job (KB)
...
006 (34545107.000.000) 2021-09-16 13:43:03 Image size of job updated: 1679
	1679  -  MemoryUsage of job (MB)
	1719540  -  ResidentSetSize of job (KB)
...
006 (34545107.000.000) 2021-09-16 13:44:04 Image size of job updated: 1681
	1681  -  MemoryUsage of job (MB)
	1721356  -  ResidentSetSize of job (KB)
...
006 (34545107.000.000) 2021-09-16 13:45:04 Image size of job updated: 1682
	1682  -  MemoryUsage of job (MB)
	1722548  -  ResidentSetSize of job (KB)
...
006 (34545107.000.000) 2021-09-16 13:47:05 Image size of job updated: 1683
	1683  -  MemoryUsage of job (MB)
	1723844  -  ResidentSetSize of job (KB)
...
006 (34545107.000.000) 2021-09-16 13:48:05 Image size of job updated: 1684
	1684  -  MemoryUsage of job (MB)
	1724976  -  ResidentSetSize of job (KB)
...
006 (34545107.000.000) 2021-09-16 13:49:06 Image size of job updated: 1684
	1684  -  MemoryUsage of job (MB)
	1724988  -  ResidentSetSize of job (KB)
...
006 (34545107.000.000) 2021-09-16 13:50:06 Image size of job updated: 1686
	1686  -  MemoryUsage of job (MB)
	1726476  -  ResidentSetSize of job (KB)
...
006 (34545107.000.000) 2021-09-16 13:51:07 Image size of job updated: 1687
	1687  -  MemoryUsage of job (MB)
	1728116  -  ResidentSetSize of job (KB)
...
006 (34545107.000.000) 2021-09-16 13:52:07 Image size of job updated: 1687
	1687  -  MemoryUsage of job (MB)
	1728132  -  ResidentSetSize of job (KB)
...
006 (34545107.000.000) 2021-09-16 13:53:07 Image size of job updated: 1688
	1688  -  MemoryUsage of job (MB)
	1728764  -  ResidentSetSize of job (KB)
...
006 (34545107.000.000) 2021-09-16 13:54:08 Image size of job updated: 1689
	1689  -  MemoryUsage of job (MB)
	1730040  -  ResidentSetSize of job (KB)
...
006 (34545107.000.000) 2021-09-16 13:55:08 Image size of job updated: 1689
	1689  -  MemoryUsage of job (MB)
	1730044  -  ResidentSetSize of job (KB)
...
006 (34545107.000.000) 2021-09-16 13:56:09 Image size of job updated: 1690
	1690  -  MemoryUsage of job (MB)
	1731168  -  ResidentSetSize of job (KB)
...
006 (34545107.000.000) 2021-09-16 13:57:09 Image size of job updated: 1691
	1691  -  MemoryUsage of job (MB)
	1732240  -  ResidentSetSize of job (KB)
...
006 (34545107.000.000) 2021-09-16 13:58:09 Image size of job updated: 1691
	1691  -  MemoryUsage of job (MB)
	1732260  -  ResidentSetSize of job (KB)
...
006 (34545107.000.000) 2021-09-16 13:59:10 Image size of job updated: 1692
	1692  -  MemoryUsage of job (MB)
	1733288  -  ResidentSetSize of job (KB)
...
006 (34545107.000.000) 2021-09-16 14:00:11 Image size of job updated: 1692
	1692  -  MemoryUsage of job (MB)
	1733312  -  ResidentSetSize of job (KB)
...
006 (34545107.000.000) 2021-09-16 14:01:11 Image size of job updated: 1692
	1692  -  MemoryUsage of job (MB)
	1733572  -  ResidentSetSize of job (KB)
...
006 (34545107.000.000) 2021-09-16 14:02:11 Image size of job updated: 1693
	1693  -  MemoryUsage of job (MB)
	1733772  -  ResidentSetSize of job (KB)
...
006 (34545107.000.000) 2021-09-16 14:03:12 Image size of job updated: 1693
	1693  -  MemoryUsage of job (MB)
	1734240  -  ResidentSetSize of job (KB)
...
006 (34545107.000.000) 2021-09-16 14:04:12 Image size of job updated: 1693
	1693  -  MemoryUsage of job (MB)
	1734396  -  ResidentSetSize of job (KB)
...
006 (34545107.000.000) 2021-09-16 14:05:12 Image size of job updated: 1694
	1694  -  MemoryUsage of job (MB)
	1734868  -  ResidentSetSize of job (KB)
...
006 (34545107.000.000) 2021-09-16 14:06:13 Image size of job updated: 1694
	1694  -  MemoryUsage of job (MB)
	1735184  -  ResidentSetSize of job (KB)
...
006 (34545107.000.000) 2021-09-16 14:07:13 Image size of job updated: 1695
	1695  -  MemoryUsage of job (MB)
	1735820  -  ResidentSetSize of job (KB)
...
006 (34545107.000.000) 2021-09-16 14:08:13 Image size of job updated: 1695
	1695  -  MemoryUsage of job (MB)
	1736036  -  ResidentSetSize of job (KB)
...
006 (34545107.000.000) 2021-09-16 14:09:14 Image size of job updated: 1695
	1695  -  MemoryUsage of job (MB)
	1736592  -  ResidentSetSize of job (KB)
...
006 (34545107.000.000) 2021-09-16 14:11:15 Image size of job updated: 1696
	1696  -  MemoryUsage of job (MB)
	1736892  -  ResidentSetSize of job (KB)
...
006 (34545107.000.000) 2021-09-16 14:13:16 Image size of job updated: 1696
	1696  -  MemoryUsage of job (MB)
	1737468  -  ResidentSetSize of job (KB)
...
006 (34545107.000.000) 2021-09-16 14:14:16 Image size of job updated: 1696
	1696  -  MemoryUsage of job (MB)
	1737472  -  ResidentSetSize of job (KB)
...
006 (34545107.000.000) 2021-09-16 14:15:17 Image size of job updated: 1697
	1697  -  MemoryUsage of job (MB)
	1738008  -  ResidentSetSize of job (KB)
...
006 (34545107.000.000) 2021-09-16 14:16:18 Image size of job updated: 1697
	1697  -  MemoryUsage of job (MB)
	1738236  -  ResidentSetSize of job (KB)
...
006 (34545107.000.000) 2021-09-16 14:17:18 Image size of job updated: 1698
	1698  -  MemoryUsage of job (MB)
	1738908  -  ResidentSetSize of job (KB)
...
006 (34545107.000.000) 2021-09-16 14:18:18 Image size of job updated: 1698
	1698  -  MemoryUsage of job (MB)
	1739112  -  ResidentSetSize of job (KB)
...
006 (34545107.000.000) 2021-09-16 14:19:19 Image size of job updated: 1698
	1698  -  MemoryUsage of job (MB)
	1739556  -  ResidentSetSize of job (KB)
...
006 (34545107.000.000) 2021-09-16 14:21:19 Image size of job updated: 1699
	1699  -  MemoryUsage of job (MB)
	1739832  -  ResidentSetSize of job (KB)
...
006 (34545107.000.000) 2021-09-16 14:22:20 Image size of job updated: 1699
	1699  -  MemoryUsage of job (MB)
	1740388  -  ResidentSetSize of job (KB)
...
006 (34545107.000.000) 2021-09-16 14:24:20 Image size of job updated: 1700
	1700  -  MemoryUsage of job (MB)
	1740940  -  ResidentSetSize of job (KB)
...
006 (34545107.000.000) 2021-09-16 14:26:21 Image size of job updated: 1700
	1700  -  MemoryUsage of job (MB)
	1741540  -  ResidentSetSize of job (KB)
...
006 (34545107.000.000) 2021-09-16 14:27:21 Image size of job updated: 1700
	1700  -  MemoryUsage of job (MB)
	1741552  -  ResidentSetSize of job (KB)
...
006 (34545107.000.000) 2021-09-16 14:28:22 Image size of job updated: 1701
	1701  -  MemoryUsage of job (MB)
	1742156  -  ResidentSetSize of job (KB)
...
006 (34545107.000.000) 2021-09-16 14:30:22 Image size of job updated: 1701
	1701  -  MemoryUsage of job (MB)
	1742444  -  ResidentSetSize of job (KB)
...
006 (34545107.000.000) 2021-09-16 14:31:23 Image size of job updated: 1701
	1701  -  MemoryUsage of job (MB)
	1742476  -  ResidentSetSize of job (KB)
...
006 (34545107.000.000) 2021-09-16 14:32:24 Image size of job updated: 1702
	1702  -  MemoryUsage of job (MB)
	1743080  -  ResidentSetSize of job (KB)
...
006 (34545107.000.000) 2021-09-16 14:34:24 Image size of job updated: 1702
	1702  -  MemoryUsage of job (MB)
	1743664  -  ResidentSetSize of job (KB)
...
006 (34545107.000.000) 2021-09-16 14:36:25 Image size of job updated: 1703
	1703  -  MemoryUsage of job (MB)
	1744384  -  ResidentSetSize of job (KB)
...
006 (34545107.000.000) 2021-09-16 14:37:25 Image size of job updated: 1703
	1703  -  MemoryUsage of job (MB)
	1744392  -  ResidentSetSize of job (KB)
...
006 (34545107.000.000) 2021-09-16 14:38:26 Image size of job updated: 1704
	1704  -  MemoryUsage of job (MB)
	1745892  -  ResidentSetSize of job (KB)
...
006 (34545107.000.000) 2021-09-16 14:39:26 Image size of job updated: 1704
	1704  -  MemoryUsage of job (MB)
	1745896  -  ResidentSetSize of job (KB)
...
006 (34545107.000.000) 2021-09-16 14:40:26 Image size of job updated: 1705
	1705  -  MemoryUsage of job (MB)
	1746132  -  ResidentSetSize of job (KB)
...
006 (34545107.000.000) 2021-09-16 14:42:28 Image size of job updated: 1705
	1705  -  MemoryUsage of job (MB)
	1746712  -  ResidentSetSize of job (KB)
...
006 (34545107.000.000) 2021-09-16 14:43:28 Image size of job updated: 1706
	1706  -  MemoryUsage of job (MB)
	1747328  -  ResidentSetSize of job (KB)
...
006 (34545107.000.000) 2021-09-16 14:44:29 Image size of job updated: 1706
	1706  -  MemoryUsage of job (MB)
	1747336  -  ResidentSetSize of job (KB)
...
006 (34545107.000.000) 2021-09-16 14:45:29 Image size of job updated: 1707
	1707  -  MemoryUsage of job (MB)
	1748188  -  ResidentSetSize of job (KB)
...
006 (34545107.000.000) 2021-09-16 14:46:29 Image size of job updated: 1707
	1707  -  MemoryUsage of job (MB)
	1748820  -  ResidentSetSize of job (KB)
...
006 (34545107.000.000) 2021-09-16 14:48:30 Image size of job updated: 1708
	1708  -  MemoryUsage of job (MB)
	1749052  -  ResidentSetSize of job (KB)
...
006 (34545107.000.000) 2021-09-16 14:49:30 Image size of job updated: 1708
	1708  -  MemoryUsage of job (MB)
	1749692  -  ResidentSetSize of job (KB)
...
006 (34545107.000.000) 2021-09-16 14:51:32 Image size of job updated: 1709
	1709  -  MemoryUsage of job (MB)
	1750108  -  ResidentSetSize of job (KB)
...
006 (34545107.000.000) 2021-09-16 14:52:32 Image size of job updated: 1709
	1709  -  MemoryUsage of job (MB)
	1750112  -  ResidentSetSize of job (KB)
...
006 (34545107.000.000) 2021-09-16 14:53:32 Image size of job updated: 1709
	1709  -  MemoryUsage of job (MB)
	1750820  -  ResidentSetSize of job (KB)
...
006 (34545107.000.000) 2021-09-16 14:55:33 Image size of job updated: 1710
	1710  -  MemoryUsage of job (MB)
	1751616  -  ResidentSetSize of job (KB)
...
006 (34545107.000.000) 2021-09-16 14:56:33 Image size of job updated: 1710
	1710  -  MemoryUsage of job (MB)
	1751984  -  ResidentSetSize of job (KB)
...
006 (34545107.000.000) 2021-09-16 14:57:34 Image size of job updated: 1710
	1710  -  MemoryUsage of job (MB)
	1751988  -  ResidentSetSize of job (KB)
...
006 (34545107.000.000) 2021-09-16 14:58:34 Image size of job updated: 1711
	1711  -  MemoryUsage of job (MB)
	1752600  -  ResidentSetSize of job (KB)
...
006 (34545107.000.000) 2021-09-16 14:59:34 Image size of job updated: 1711
	1711  -  MemoryUsage of job (MB)
	1752604  -  ResidentSetSize of job (KB)
...
006 (34545107.000.000) 2021-09-16 15:00:35 Image size of job updated: 1711
	1711  -  MemoryUsage of job (MB)
	1752880  -  ResidentSetSize of job (KB)
...
006 (34545107.000.000) 2021-09-16 15:02:36 Image size of job updated: 1712
	1712  -  MemoryUsage of job (MB)
	1753396  -  ResidentSetSize of job (KB)
...
006 (34545107.000.000) 2021-09-16 15:03:36 Image size of job updated: 1713
	1713  -  MemoryUsage of job (MB)
	1754164  -  ResidentSetSize of job (KB)
...
006 (34545107.000.000) 2021-09-16 15:05:37 Image size of job updated: 1713
	1713  -  MemoryUsage of job (MB)
	1754432  -  ResidentSetSize of job (KB)
...
006 (34545107.000.000) 2021-09-16 15:06:37 Image size of job updated: 1713
	1713  -  MemoryUsage of job (MB)
	1754436  -  ResidentSetSize of job (KB)
...
006 (34545107.000.000) 2021-09-16 15:07:38 Image size of job updated: 1713
	1713  -  MemoryUsage of job (MB)
	1754996  -  ResidentSetSize of job (KB)
...
006 (34545107.000.000) 2021-09-16 15:08:38 Image size of job updated: 1714
	1714  -  MemoryUsage of job (MB)
	1755380  -  ResidentSetSize of job (KB)
...
006 (34545107.000.000) 2021-09-16 15:09:38 Image size of job updated: 1714
	1714  -  MemoryUsage of job (MB)
	1755660  -  ResidentSetSize of job (KB)
...
006 (34545107.000.000) 2021-09-16 15:10:39 Image size of job updated: 1714
	1714  -  MemoryUsage of job (MB)
	1756080  -  ResidentSetSize of job (KB)
...
006 (34545107.000.000) 2021-09-16 15:11:39 Image size of job updated: 1715
	1715  -  MemoryUsage of job (MB)
	1756924  -  ResidentSetSize of job (KB)
...
006 (34545107.000.000) 2021-09-16 15:13:40 Image size of job updated: 1716
	1716  -  MemoryUsage of job (MB)
	1757196  -  ResidentSetSize of job (KB)
...
006 (34545107.000.000) 2021-09-16 15:14:40 Image size of job updated: 1716
	1716  -  MemoryUsage of job (MB)
	1757708  -  ResidentSetSize of job (KB)
...
006 (34545107.000.000) 2021-09-16 15:15:40 Image size of job updated: 1716
	1716  -  MemoryUsage of job (MB)
	1757988  -  ResidentSetSize of job (KB)
...
006 (34545107.000.000) 2021-09-16 15:16:42 Image size of job updated: 1718
	1718  -  MemoryUsage of job (MB)
	1759980  -  ResidentSetSize of job (KB)
...
006 (34545107.000.000) 2021-09-16 15:17:42 Image size of job updated: 1719
	1719  -  MemoryUsage of job (MB)
	1760620  -  ResidentSetSize of job (KB)
...
006 (34545107.000.000) 2021-09-16 15:18:42 Image size of job updated: 1720
	1720  -  MemoryUsage of job (MB)
	1761728  -  ResidentSetSize of job (KB)
...
006 (34545107.000.000) 2021-09-16 15:19:43 Image size of job updated: 1720
	1720  -  MemoryUsage of job (MB)
	1761784  -  ResidentSetSize of job (KB)
...
006 (34545107.000.000) 2021-09-16 15:20:44 Image size of job updated: 1721
	1721  -  MemoryUsage of job (MB)
	1762328  -  ResidentSetSize of job (KB)
...
006 (34545107.000.000) 2021-09-16 15:21:44 Image size of job updated: 1721
	1721  -  MemoryUsage of job (MB)
	1763128  -  ResidentSetSize of job (KB)
...
006 (34545107.000.000) 2021-09-16 15:22:44 Image size of job updated: 1722
	1722  -  MemoryUsage of job (MB)
	1763460  -  ResidentSetSize of job (KB)
...
006 (34545107.000.000) 2021-09-16 15:23:46 Image size of job updated: 1722
	1722  -  MemoryUsage of job (MB)
	1763600  -  ResidentSetSize of job (KB)
...
006 (34545107.000.000) 2021-09-16 15:24:46 Image size of job updated: 1722
	1722  -  MemoryUsage of job (MB)
	1764112  -  ResidentSetSize of job (KB)
...
006 (34545107.000.000) 2021-09-16 15:25:46 Image size of job updated: 1723
	1723  -  MemoryUsage of job (MB)
	1764932  -  ResidentSetSize of job (KB)
...
006 (34545107.000.000) 2021-09-16 15:26:47 Image size of job updated: 1723
	1723  -  MemoryUsage of job (MB)
	1764936  -  ResidentSetSize of job (KB)
...
006 (34545107.000.000) 2021-09-16 15:27:48 Image size of job updated: 1723
	1723  -  MemoryUsage of job (MB)
	1765064  -  ResidentSetSize of job (KB)
...
006 (34545107.000.000) 2021-09-16 15:28:48 Image size of job updated: 1724
	1724  -  MemoryUsage of job (MB)
	1765628  -  ResidentSetSize of job (KB)
...
006 (34545107.000.000) 2021-09-16 15:29:48 Image size of job updated: 1724
	1724  -  MemoryUsage of job (MB)
	1765748  -  ResidentSetSize of job (KB)
...
006 (34545107.000.000) 2021-09-16 15:30:50 Image size of job updated: 1724
	1724  -  MemoryUsage of job (MB)
	1766152  -  ResidentSetSize of job (KB)
...
006 (34545107.000.000) 2021-09-16 15:31:50 Image size of job updated: 1725
	1725  -  MemoryUsage of job (MB)
	1766740  -  ResidentSetSize of job (KB)
...
006 (34545107.000.000) 2021-09-16 15:32:50 Image size of job updated: 1725
	1725  -  MemoryUsage of job (MB)
	1766916  -  ResidentSetSize of job (KB)
...
006 (34545107.000.000) 2021-09-16 15:33:51 Image size of job updated: 1725
	1725  -  MemoryUsage of job (MB)
	1767388  -  ResidentSetSize of job (KB)
...
006 (34545107.000.000) 2021-09-16 15:34:52 Image size of job updated: 1726
	1726  -  MemoryUsage of job (MB)
	1767548  -  ResidentSetSize of job (KB)
...
006 (34545107.000.000) 2021-09-16 15:35:53 Image size of job updated: 1726
	1726  -  MemoryUsage of job (MB)
	1768216  -  ResidentSetSize of job (KB)
...
006 (34545107.000.000) 2021-09-16 15:37:54 Image size of job updated: 1727
	1727  -  MemoryUsage of job (MB)
	1768664  -  ResidentSetSize of job (KB)
...
006 (34545107.000.000) 2021-09-16 15:38:54 Image size of job updated: 1727
	1727  -  MemoryUsage of job (MB)
	1769068  -  ResidentSetSize of job (KB)
...
006 (34545107.000.000) 2021-09-16 15:39:54 Image size of job updated: 1727
	1727  -  MemoryUsage of job (MB)
	1769104  -  ResidentSetSize of job (KB)
...
006 (34545107.000.000) 2021-09-16 15:40:54 Image size of job updated: 1728
	1728  -  MemoryUsage of job (MB)
	1769760  -  ResidentSetSize of job (KB)
...
006 (34545107.000.000) 2021-09-16 15:41:55 Image size of job updated: 1728
	1728  -  MemoryUsage of job (MB)
	1770012  -  ResidentSetSize of job (KB)
...
006 (34545107.000.000) 2021-09-16 15:42:57 Image size of job updated: 1729
	1729  -  MemoryUsage of job (MB)
	1770564  -  ResidentSetSize of job (KB)
...
006 (34545107.000.000) 2021-09-16 15:44:57 Image size of job updated: 1729
	1729  -  MemoryUsage of job (MB)
	1771156  -  ResidentSetSize of job (KB)
...
006 (34545107.000.000) 2021-09-16 15:45:57 Image size of job updated: 1730
	1730  -  MemoryUsage of job (MB)
	1771852  -  ResidentSetSize of job (KB)
...
006 (34545107.000.000) 2021-09-16 15:46:57 Image size of job updated: 1730
	1730  -  MemoryUsage of job (MB)
	1771896  -  ResidentSetSize of job (KB)
...
006 (34545107.000.000) 2021-09-16 15:47:57 Image size of job updated: 1730
	1730  -  MemoryUsage of job (MB)
	1772508  -  ResidentSetSize of job (KB)
...
006 (34545107.000.000) 2021-09-16 15:48:58 Image size of job updated: 1731
	1731  -  MemoryUsage of job (MB)
	1772896  -  ResidentSetSize of job (KB)
...
006 (34545107.000.000) 2021-09-16 15:50:00 Image size of job updated: 1731
	1731  -  MemoryUsage of job (MB)
	1772916  -  ResidentSetSize of job (KB)
...
006 (34545107.000.000) 2021-09-16 15:51:00 Image size of job updated: 1731
	1731  -  MemoryUsage of job (MB)
	1773468  -  ResidentSetSize of job (KB)
...
006 (34545107.000.000) 2021-09-16 15:52:00 Image size of job updated: 1732
	1732  -  MemoryUsage of job (MB)
	1773980  -  ResidentSetSize of job (KB)
...
006 (34545107.000.000) 2021-09-16 15:53:00 Image size of job updated: 1732
	1732  -  MemoryUsage of job (MB)
	1773984  -  ResidentSetSize of job (KB)
...
006 (34545107.000.000) 2021-09-16 15:54:01 Image size of job updated: 1732
	1732  -  MemoryUsage of job (MB)
	1774408  -  ResidentSetSize of job (KB)
...
006 (34545107.000.000) 2021-09-16 15:55:02 Image size of job updated: 1733
	1733  -  MemoryUsage of job (MB)
	1775084  -  ResidentSetSize of job (KB)
...
006 (34545107.000.000) 2021-09-16 15:56:03 Image size of job updated: 1733
	1733  -  MemoryUsage of job (MB)
	1775280  -  ResidentSetSize of job (KB)
...
006 (34545107.000.000) 2021-09-16 15:57:04 Image size of job updated: 1733
	1733  -  MemoryUsage of job (MB)
	1775372  -  ResidentSetSize of job (KB)
...
006 (34545107.000.000) 2021-09-16 15:58:04 Image size of job updated: 1734
	1734  -  MemoryUsage of job (MB)
	1775872  -  ResidentSetSize of job (KB)
...
006 (34545107.000.000) 2021-09-16 15:59:04 Image size of job updated: 1734
	1734  -  MemoryUsage of job (MB)
	1776304  -  ResidentSetSize of job (KB)
...
006 (34545107.000.000) 2021-09-16 16:00:04 Image size of job updated: 1734
	1734  -  MemoryUsage of job (MB)
	1776312  -  ResidentSetSize of job (KB)
...
006 (34545107.000.000) 2021-09-16 16:01:05 Image size of job updated: 1735
	1735  -  MemoryUsage of job (MB)
	1777004  -  ResidentSetSize of job (KB)
...
006 (34545107.000.000) 2021-09-16 16:02:07 Image size of job updated: 1736
	1736  -  MemoryUsage of job (MB)
	1777688  -  ResidentSetSize of job (KB)
...
006 (34545107.000.000) 2021-09-16 16:04:07 Image size of job updated: 1736
	1736  -  MemoryUsage of job (MB)
	1777864  -  ResidentSetSize of job (KB)
...
006 (34545107.000.000) 2021-09-16 16:05:07 Image size of job updated: 1736
	1736  -  MemoryUsage of job (MB)
	1778204  -  ResidentSetSize of job (KB)
...
006 (34545107.000.000) 2021-09-16 16:06:07 Image size of job updated: 1736
	1736  -  MemoryUsage of job (MB)
	1778532  -  ResidentSetSize of job (KB)
...
040 (34545107.000.000) 2021-09-16 16:06:33 Started transferring output files
...
040 (34545107.000.000) 2021-09-16 16:06:33 Finished transferring output files
...
005 (34545107.000.000) 2021-09-16 16:06:34 Job terminated.
	(1) Normal termination (return value 0)
		Usr 0 01:38:00, Sys 0 01:44:45  -  Run Remote Usage
		Usr 0 00:00:00, Sys 0 00:00:00  -  Run Local Usage
		Usr 0 01:38:00, Sys 0 01:44:45  -  Total Remote Usage
		Usr 0 00:00:00, Sys 0 00:00:00  -  Total Local Usage
	1234284  -  Run Bytes Sent By Job
	8471534  -  Run Bytes Received By Job
	1234284  -  Total Bytes Sent By Job
	8471534  -  Total Bytes Received By Job
	Partitionable Resources :    Usage  Request Allocated 
	   Cpus                 :     0.00        1         1 
	   Disk (KB)            : 32360       10000   1686060 
	   Memory (MB)          :  1736        2048      2048 

	Job terminated of its own accord at 2021-09-16T21:06:33Z.
...
000 (14733392.000.000) 2021-09-24 22:31:10 Job submitted from host: <131.225.188.55:9618?addrs=131.225.188.55-9618&alias=lpcschedd1.fnal.gov&noUDP&sock=schedd_2070_6d22>
...
040 (14733392.000.000) 2021-09-25 02:48:28 Started transferring input files
	Transferring to host: <131.225.205.162:9618?addrs=131.225.205.162-9618&alias=cmswn1936.fnal.gov&noUDP&sock=slot1_15_1530_c5f7_5319>
...
040 (14733392.000.000) 2021-09-25 02:48:29 Finished transferring input files
...
001 (14733392.000.000) 2021-09-25 02:48:30 Job executing on host: <131.225.205.162:9618?addrs=131.225.205.162-9618&alias=cmswn1936.fnal.gov&noUDP&sock=startd_1434_2ee6>
...
006 (14733392.000.000) 2021-09-25 02:48:39 Image size of job updated: 8
	8  -  MemoryUsage of job (MB)
	8336  -  ResidentSetSize of job (KB)
...
006 (14733392.000.000) 2021-09-25 02:49:39 Image size of job updated: 494
	494  -  MemoryUsage of job (MB)
	506540  -  ResidentSetSize of job (KB)
...
006 (14733392.000.000) 2021-09-25 02:50:41 Image size of job updated: 536
	536  -  MemoryUsage of job (MB)
	548920  -  ResidentSetSize of job (KB)
...
006 (14733392.000.000) 2021-09-25 02:54:43 Image size of job updated: 553
	553  -  MemoryUsage of job (MB)
	567028  -  ResidentSetSize of job (KB)
...
006 (14733392.000.000) 2021-09-25 02:55:43 Image size of job updated: 590
	590  -  MemoryUsage of job (MB)
	604316  -  ResidentSetSize of job (KB)
...
006 (14733392.000.000) 2021-09-25 02:56:43 Image size of job updated: 625
	625  -  MemoryUsage of job (MB)
	640456  -  ResidentSetSize of job (KB)
...
006 (14733392.000.000) 2021-09-25 02:57:43 Image size of job updated: 655
	655  -  MemoryUsage of job (MB)
	670748  -  ResidentSetSize of job (KB)
...
006 (14733392.000.000) 2021-09-25 02:58:44 Image size of job updated: 686
	686  -  MemoryUsage of job (MB)
	703028  -  ResidentSetSize of job (KB)
...
006 (14733392.000.000) 2021-09-25 02:59:44 Image size of job updated: 712
	712  -  MemoryUsage of job (MB)
	729564  -  ResidentSetSize of job (KB)
...
006 (14733392.000.000) 2021-09-25 03:00:45 Image size of job updated: 737
	737  -  MemoryUsage of job (MB)
	755024  -  ResidentSetSize of job (KB)
...
006 (14733392.000.000) 2021-09-25 03:01:47 Image size of job updated: 763
	763  -  MemoryUsage of job (MB)
	781752  -  ResidentSetSize of job (KB)
...
006 (14733392.000.000) 2021-09-25 03:02:47 Image size of job updated: 785
	785  -  MemoryUsage of job (MB)
	804508  -  ResidentSetSize of job (KB)
...
006 (14733392.000.000) 2021-09-25 03:03:47 Image size of job updated: 808
	808  -  MemoryUsage of job (MB)
	827440  -  ResidentSetSize of job (KB)
...
006 (14733392.000.000) 2021-09-25 03:04:49 Image size of job updated: 830
	830  -  MemoryUsage of job (MB)
	850704  -  ResidentSetSize of job (KB)
...
006 (14733392.000.000) 2021-09-25 03:05:49 Image size of job updated: 852
	852  -  MemoryUsage of job (MB)
	873384  -  ResidentSetSize of job (KB)
...
006 (14733392.000.000) 2021-09-25 03:06:49 Image size of job updated: 872
	872  -  MemoryUsage of job (MB)
	893156  -  ResidentSetSize of job (KB)
...
006 (14733392.000.000) 2021-09-25 03:07:49 Image size of job updated: 902
	902  -  MemoryUsage of job (MB)
	924468  -  ResidentSetSize of job (KB)
...
006 (14733392.000.000) 2021-09-25 03:08:50 Image size of job updated: 924
	924  -  MemoryUsage of job (MB)
	946964  -  ResidentSetSize of job (KB)
...
006 (14733392.000.000) 2021-09-25 03:09:51 Image size of job updated: 942
	942  -  MemoryUsage of job (MB)
	965284  -  ResidentSetSize of job (KB)
...
006 (14733392.000.000) 2021-09-25 03:10:51 Image size of job updated: 960
	960  -  MemoryUsage of job (MB)
	983592  -  ResidentSetSize of job (KB)
...
006 (14733392.000.000) 2021-09-25 03:11:51 Image size of job updated: 977
	977  -  MemoryUsage of job (MB)
	1000852  -  ResidentSetSize of job (KB)
...
006 (14733392.000.000) 2021-09-25 03:12:52 Image size of job updated: 995
	995  -  MemoryUsage of job (MB)
	1019608  -  ResidentSetSize of job (KB)
...
006 (14733392.000.000) 2021-09-25 03:13:52 Image size of job updated: 1011
	1011  -  MemoryUsage of job (MB)
	1036264  -  ResidentSetSize of job (KB)
...
006 (14733392.000.000) 2021-09-25 03:14:53 Image size of job updated: 1031
	1031  -  MemoryUsage of job (MB)
	1056000  -  ResidentSetSize of job (KB)
...
006 (14733392.000.000) 2021-09-25 03:15:54 Image size of job updated: 1051
	1051  -  MemoryUsage of job (MB)
	1077104  -  ResidentSetSize of job (KB)
...
006 (14733392.000.000) 2021-09-25 03:16:54 Image size of job updated: 1074
	1074  -  MemoryUsage of job (MB)
	1099856  -  ResidentSetSize of job (KB)
...
006 (14733392.000.000) 2021-09-25 03:17:55 Image size of job updated: 1088
	1088  -  MemoryUsage of job (MB)
	1115072  -  ResidentSetSize of job (KB)
...
006 (14733392.000.000) 2021-09-25 03:18:56 Image size of job updated: 1105
	1105  -  MemoryUsage of job (MB)
	1131588  -  ResidentSetSize of job (KB)
...
006 (14733392.000.000) 2021-09-25 03:19:56 Image size of job updated: 1119
	1119  -  MemoryUsage of job (MB)
	1146212  -  ResidentSetSize of job (KB)
...
006 (14733392.000.000) 2021-09-25 03:20:57 Image size of job updated: 1133
	1133  -  MemoryUsage of job (MB)
	1160948  -  ResidentSetSize of job (KB)
...
006 (14733392.000.000) 2021-09-25 03:21:58 Image size of job updated: 1149
	1149  -  MemoryUsage of job (MB)
	1176764  -  ResidentSetSize of job (KB)
...
006 (14733392.000.000) 2021-09-25 03:22:58 Image size of job updated: 1163
	1163  -  MemoryUsage of job (MB)
	1191596  -  ResidentSetSize of job (KB)
...
006 (14733392.000.000) 2021-09-25 03:23:59 Image size of job updated: 1177
	1177  -  MemoryUsage of job (MB)
	1205520  -  ResidentSetSize of job (KB)
...
006 (14733392.000.000) 2021-09-25 03:25:01 Image size of job updated: 1192
	1192  -  MemoryUsage of job (MB)
	1220736  -  ResidentSetSize of job (KB)
...
006 (14733392.000.000) 2021-09-25 03:26:01 Image size of job updated: 1205
	1205  -  MemoryUsage of job (MB)
	1234252  -  ResidentSetSize of job (KB)
...
006 (14733392.000.000) 2021-09-25 03:27:02 Image size of job updated: 1218
	1218  -  MemoryUsage of job (MB)
	1247508  -  ResidentSetSize of job (KB)
...
006 (14733392.000.000) 2021-09-25 03:28:03 Image size of job updated: 1232
	1232  -  MemoryUsage of job (MB)
	1262132  -  ResidentSetSize of job (KB)
...
006 (14733392.000.000) 2021-09-25 03:29:03 Image size of job updated: 1245
	1245  -  MemoryUsage of job (MB)
	1275180  -  ResidentSetSize of job (KB)
...
006 (14733392.000.000) 2021-09-25 03:30:03 Image size of job updated: 1257
	1257  -  MemoryUsage of job (MB)
	1288028  -  ResidentSetSize of job (KB)
...
006 (14733392.000.000) 2021-09-25 03:31:04 Image size of job updated: 1270
	1270  -  MemoryUsage of job (MB)
	1300660  -  ResidentSetSize of job (KB)
...
006 (14733392.000.000) 2021-09-25 03:32:04 Image size of job updated: 1282
	1282  -  MemoryUsage of job (MB)
	1313352  -  ResidentSetSize of job (KB)
...
006 (14733392.000.000) 2021-09-25 03:33:04 Image size of job updated: 1296
	1296  -  MemoryUsage of job (MB)
	1327156  -  ResidentSetSize of job (KB)
...
006 (14733392.000.000) 2021-09-25 03:34:04 Image size of job updated: 1307
	1307  -  MemoryUsage of job (MB)
	1339388  -  ResidentSetSize of job (KB)
...
006 (14733392.000.000) 2021-09-25 03:35:05 Image size of job updated: 1319
	1319  -  MemoryUsage of job (MB)
	1351520  -  ResidentSetSize of job (KB)
...
006 (14733392.000.000) 2021-09-25 03:36:05 Image size of job updated: 1332
	1332  -  MemoryUsage of job (MB)
	1364708  -  ResidentSetSize of job (KB)
...
006 (14733392.000.000) 2021-09-25 03:37:06 Image size of job updated: 1346
	1346  -  MemoryUsage of job (MB)
	1378688  -  ResidentSetSize of job (KB)
...
006 (14733392.000.000) 2021-09-25 03:38:06 Image size of job updated: 1362
	1362  -  MemoryUsage of job (MB)
	1394872  -  ResidentSetSize of job (KB)
...
006 (14733392.000.000) 2021-09-25 03:39:06 Image size of job updated: 1377
	1377  -  MemoryUsage of job (MB)
	1410704  -  ResidentSetSize of job (KB)
...
006 (14733392.000.000) 2021-09-25 03:40:07 Image size of job updated: 1394
	1394  -  MemoryUsage of job (MB)
	1428036  -  ResidentSetSize of job (KB)
...
006 (14733392.000.000) 2021-09-25 03:41:08 Image size of job updated: 1409
	1409  -  MemoryUsage of job (MB)
	1443508  -  ResidentSetSize of job (KB)
...
006 (14733392.000.000) 2021-09-25 03:42:09 Image size of job updated: 1424
	1424  -  MemoryUsage of job (MB)
	1458484  -  ResidentSetSize of job (KB)
...
006 (14733392.000.000) 2021-09-25 03:43:09 Image size of job updated: 1440
	1440  -  MemoryUsage of job (MB)
	1474972  -  ResidentSetSize of job (KB)
...
006 (14733392.000.000) 2021-09-25 03:44:09 Image size of job updated: 1454
	1454  -  MemoryUsage of job (MB)
	1489464  -  ResidentSetSize of job (KB)
...
006 (14733392.000.000) 2021-09-25 03:45:09 Image size of job updated: 1469
	1469  -  MemoryUsage of job (MB)
	1504320  -  ResidentSetSize of job (KB)
...
006 (14733392.000.000) 2021-09-25 03:46:10 Image size of job updated: 1483
	1483  -  MemoryUsage of job (MB)
	1518972  -  ResidentSetSize of job (KB)
...
006 (14733392.000.000) 2021-09-25 03:47:10 Image size of job updated: 1499
	1499  -  MemoryUsage of job (MB)
	1534996  -  ResidentSetSize of job (KB)
...
006 (14733392.000.000) 2021-09-25 03:48:10 Image size of job updated: 1513
	1513  -  MemoryUsage of job (MB)
	1549488  -  ResidentSetSize of job (KB)
...
006 (14733392.000.000) 2021-09-25 03:49:11 Image size of job updated: 1527
	1527  -  MemoryUsage of job (MB)
	1563840  -  ResidentSetSize of job (KB)
...
006 (14733392.000.000) 2021-09-25 03:50:13 Image size of job updated: 1546
	1546  -  MemoryUsage of job (MB)
	1583792  -  ResidentSetSize of job (KB)
...
006 (14733392.000.000) 2021-09-25 03:51:13 Image size of job updated: 1625
	1625  -  MemoryUsage of job (MB)
	1664884  -  ResidentSetSize of job (KB)
...
006 (14733392.000.000) 2021-09-25 03:52:14 Image size of job updated: 1625
	1625  -  MemoryUsage of job (MB)
	1664956  -  ResidentSetSize of job (KB)
...
006 (14733392.000.000) 2021-09-25 03:53:15 Image size of job updated: 1625
	1625  -  MemoryUsage of job (MB)
	1664988  -  ResidentSetSize of job (KB)
...
006 (14733392.000.000) 2021-09-25 03:54:15 Image size of job updated: 1626
	1626  -  MemoryUsage of job (MB)
	1665032  -  ResidentSetSize of job (KB)
...
006 (14733392.000.000) 2021-09-25 03:55:16 Image size of job updated: 1626
	1626  -  MemoryUsage of job (MB)
	1665064  -  ResidentSetSize of job (KB)
...
006 (14733392.000.000) 2021-09-25 03:56:17 Image size of job updated: 1626
	1626  -  MemoryUsage of job (MB)
	1665160  -  ResidentSetSize of job (KB)
...
006 (14733392.000.000) 2021-09-25 03:57:18 Image size of job updated: 1626
	1626  -  MemoryUsage of job (MB)
	1665192  -  ResidentSetSize of job (KB)
...
006 (14733392.000.000) 2021-09-25 03:58:18 Image size of job updated: 1626
	1626  -  MemoryUsage of job (MB)
	1665428  -  ResidentSetSize of job (KB)
...
006 (14733392.000.000) 2021-09-25 03:59:19 Image size of job updated: 1626
	1626  -  MemoryUsage of job (MB)
	1665448  -  ResidentSetSize of job (KB)
...
006 (14733392.000.000) 2021-09-25 04:00:20 Image size of job updated: 1626
	1626  -  MemoryUsage of job (MB)
	1665468  -  ResidentSetSize of job (KB)
...
006 (14733392.000.000) 2021-09-25 04:01:20 Image size of job updated: 1646
	1646  -  MemoryUsage of job (MB)
	1685916  -  ResidentSetSize of job (KB)
...
006 (14733392.000.000) 2021-09-25 04:02:20 Image size of job updated: 1646
	1646  -  MemoryUsage of job (MB)
	1685964  -  ResidentSetSize of job (KB)
...
006 (14733392.000.000) 2021-09-25 04:03:20 Image size of job updated: 1646
	1646  -  MemoryUsage of job (MB)
	1685996  -  ResidentSetSize of job (KB)
...
006 (14733392.000.000) 2021-09-25 04:04:20 Image size of job updated: 1646
	1646  -  MemoryUsage of job (MB)
	1686024  -  ResidentSetSize of job (KB)
...
006 (14733392.000.000) 2021-09-25 04:05:20 Image size of job updated: 1646
	1646  -  MemoryUsage of job (MB)
	1686052  -  ResidentSetSize of job (KB)
...
006 (14733392.000.000) 2021-09-25 04:06:21 Image size of job updated: 1646
	1646  -  MemoryUsage of job (MB)
	1686092  -  ResidentSetSize of job (KB)
...
006 (14733392.000.000) 2021-09-25 04:07:22 Image size of job updated: 1646
	1646  -  MemoryUsage of job (MB)
	1686124  -  ResidentSetSize of job (KB)
...
006 (14733392.000.000) 2021-09-25 04:08:22 Image size of job updated: 1646
	1646  -  MemoryUsage of job (MB)
	1686372  -  ResidentSetSize of job (KB)
...
006 (14733392.000.000) 2021-09-25 04:09:22 Image size of job updated: 1646
	1646  -  MemoryUsage of job (MB)
	1686412  -  ResidentSetSize of job (KB)
...
006 (14733392.000.000) 2021-09-25 04:10:23 Image size of job updated: 1646
	1646  -  MemoryUsage of job (MB)
	1686428  -  ResidentSetSize of job (KB)
...
006 (14733392.000.000) 2021-09-25 04:11:24 Image size of job updated: 1654
	1654  -  MemoryUsage of job (MB)
	1693712  -  ResidentSetSize of job (KB)
...
006 (14733392.000.000) 2021-09-25 04:12:24 Image size of job updated: 1654
	1654  -  MemoryUsage of job (MB)
	1693816  -  ResidentSetSize of job (KB)
...
006 (14733392.000.000) 2021-09-25 04:13:24 Image size of job updated: 1654
	1654  -  MemoryUsage of job (MB)
	1693840  -  ResidentSetSize of job (KB)
...
006 (14733392.000.000) 2021-09-25 04:14:24 Image size of job updated: 1654
	1654  -  MemoryUsage of job (MB)
	1693864  -  ResidentSetSize of job (KB)
...
006 (14733392.000.000) 2021-09-25 04:15:24 Image size of job updated: 1654
	1654  -  MemoryUsage of job (MB)
	1693872  -  ResidentSetSize of job (KB)
...
006 (14733392.000.000) 2021-09-25 04:16:24 Image size of job updated: 1654
	1654  -  MemoryUsage of job (MB)
	1693884  -  ResidentSetSize of job (KB)
...
006 (14733392.000.000) 2021-09-25 04:17:26 Image size of job updated: 1654
	1654  -  MemoryUsage of job (MB)
	1693908  -  ResidentSetSize of job (KB)
...
006 (14733392.000.000) 2021-09-25 04:18:26 Image size of job updated: 1654
	1654  -  MemoryUsage of job (MB)
	1693928  -  ResidentSetSize of job (KB)
...
006 (14733392.000.000) 2021-09-25 04:19:26 Image size of job updated: 1654
	1654  -  MemoryUsage of job (MB)
	1693972  -  ResidentSetSize of job (KB)
...
006 (14733392.000.000) 2021-09-25 04:20:28 Image size of job updated: 1654
	1654  -  MemoryUsage of job (MB)
	1693976  -  ResidentSetSize of job (KB)
...
006 (14733392.000.000) 2021-09-25 04:21:29 Image size of job updated: 1658
	1658  -  MemoryUsage of job (MB)
	1698588  -  ResidentSetSize of job (KB)
...
006 (14733392.000.000) 2021-09-25 04:22:29 Image size of job updated: 1658
	1658  -  MemoryUsage of job (MB)
	1698624  -  ResidentSetSize of job (KB)
...
006 (14733392.000.000) 2021-09-25 04:23:29 Image size of job updated: 1658
	1658  -  MemoryUsage of job (MB)
	1698636  -  ResidentSetSize of job (KB)
...
006 (14733392.000.000) 2021-09-25 04:24:29 Image size of job updated: 1658
	1658  -  MemoryUsage of job (MB)
	1698680  -  ResidentSetSize of job (KB)
...
006 (14733392.000.000) 2021-09-25 04:25:29 Image size of job updated: 1658
	1658  -  MemoryUsage of job (MB)
	1698688  -  ResidentSetSize of job (KB)
...
006 (14733392.000.000) 2021-09-25 04:26:30 Image size of job updated: 1658
	1658  -  MemoryUsage of job (MB)
	1698704  -  ResidentSetSize of job (KB)
...
006 (14733392.000.000) 2021-09-25 04:27:30 Image size of job updated: 1658
	1658  -  MemoryUsage of job (MB)
	1698728  -  ResidentSetSize of job (KB)
...
006 (14733392.000.000) 2021-09-25 04:28:30 Image size of job updated: 1659
	1659  -  MemoryUsage of job (MB)
	1698912  -  ResidentSetSize of job (KB)
...
006 (14733392.000.000) 2021-09-25 04:29:30 Image size of job updated: 1659
	1659  -  MemoryUsage of job (MB)
	1698944  -  ResidentSetSize of job (KB)
...
006 (14733392.000.000) 2021-09-25 04:31:31 Image size of job updated: 1662
	1662  -  MemoryUsage of job (MB)
	1702684  -  ResidentSetSize of job (KB)
...
006 (14733392.000.000) 2021-09-25 04:32:32 Image size of job updated: 1662
	1662  -  MemoryUsage of job (MB)
	1702688  -  ResidentSetSize of job (KB)
...
006 (14733392.000.000) 2021-09-25 04:33:32 Image size of job updated: 1662
	1662  -  MemoryUsage of job (MB)
	1702708  -  ResidentSetSize of job (KB)
...
006 (14733392.000.000) 2021-09-25 04:34:33 Image size of job updated: 1662
	1662  -  MemoryUsage of job (MB)
	1702740  -  ResidentSetSize of job (KB)
...
006 (14733392.000.000) 2021-09-25 04:35:33 Image size of job updated: 1662
	1662  -  MemoryUsage of job (MB)
	1702752  -  ResidentSetSize of job (KB)
...
006 (14733392.000.000) 2021-09-25 04:36:33 Image size of job updated: 1662
	1662  -  MemoryUsage of job (MB)
	1702764  -  ResidentSetSize of job (KB)
...
006 (14733392.000.000) 2021-09-25 04:37:33 Image size of job updated: 1662
	1662  -  MemoryUsage of job (MB)
	1702772  -  ResidentSetSize of job (KB)
...
006 (14733392.000.000) 2021-09-25 04:38:34 Image size of job updated: 1662
	1662  -  MemoryUsage of job (MB)
	1702880  -  ResidentSetSize of job (KB)
...
006 (14733392.000.000) 2021-09-25 04:39:35 Image size of job updated: 1662
	1662  -  MemoryUsage of job (MB)
	1702888  -  ResidentSetSize of job (KB)
...
006 (14733392.000.000) 2021-09-25 04:40:35 Image size of job updated: 1666
	1666  -  MemoryUsage of job (MB)
	1706588  -  ResidentSetSize of job (KB)
...
006 (14733392.000.000) 2021-09-25 04:41:36 Image size of job updated: 1666
	1666  -  MemoryUsage of job (MB)
	1706592  -  ResidentSetSize of job (KB)
...
006 (14733392.000.000) 2021-09-25 04:43:37 Image size of job updated: 1666
	1666  -  MemoryUsage of job (MB)
	1706608  -  ResidentSetSize of job (KB)
...
006 (14733392.000.000) 2021-09-25 04:44:37 Image size of job updated: 1666
	1666  -  MemoryUsage of job (MB)
	1706636  -  ResidentSetSize of job (KB)
...
006 (14733392.000.000) 2021-09-25 04:45:38 Image size of job updated: 1666
	1666  -  MemoryUsage of job (MB)
	1706644  -  ResidentSetSize of job (KB)
...
006 (14733392.000.000) 2021-09-25 04:46:38 Image size of job updated: 1666
	1666  -  MemoryUsage of job (MB)
	1706652  -  ResidentSetSize of job (KB)
...
006 (14733392.000.000) 2021-09-25 04:47:40 Image size of job updated: 1666
	1666  -  MemoryUsage of job (MB)
	1706668  -  ResidentSetSize of job (KB)
...
006 (14733392.000.000) 2021-09-25 04:48:40 Image size of job updated: 1666
	1666  -  MemoryUsage of job (MB)
	1706700  -  ResidentSetSize of job (KB)
...
006 (14733392.000.000) 2021-09-25 04:49:40 Image size of job updated: 1667
	1667  -  MemoryUsage of job (MB)
	1707404  -  ResidentSetSize of job (KB)
...
006 (14733392.000.000) 2021-09-25 04:50:41 Image size of job updated: 1670
	1670  -  MemoryUsage of job (MB)
	1710972  -  ResidentSetSize of job (KB)
...
006 (14733392.000.000) 2021-09-25 04:51:42 Image size of job updated: 1670
	1670  -  MemoryUsage of job (MB)
	1710976  -  ResidentSetSize of job (KB)
...
006 (14733392.000.000) 2021-09-25 04:52:43 Image size of job updated: 1670
	1670  -  MemoryUsage of job (MB)
	1710988  -  ResidentSetSize of job (KB)
...
006 (14733392.000.000) 2021-09-25 04:53:44 Image size of job updated: 1670
	1670  -  MemoryUsage of job (MB)
	1710992  -  ResidentSetSize of job (KB)
...
006 (14733392.000.000) 2021-09-25 04:54:44 Image size of job updated: 1670
	1670  -  MemoryUsage of job (MB)
	1711024  -  ResidentSetSize of job (KB)
...
006 (14733392.000.000) 2021-09-25 04:55:44 Image size of job updated: 1670
	1670  -  MemoryUsage of job (MB)
	1711040  -  ResidentSetSize of job (KB)
...
006 (14733392.000.000) 2021-09-25 04:56:46 Image size of job updated: 1670
	1670  -  MemoryUsage of job (MB)
	1711044  -  ResidentSetSize of job (KB)
...
006 (14733392.000.000) 2021-09-25 04:57:46 Image size of job updated: 1670
	1670  -  MemoryUsage of job (MB)
	1711052  -  ResidentSetSize of job (KB)
...
006 (14733392.000.000) 2021-09-25 04:58:47 Image size of job updated: 1670
	1670  -  MemoryUsage of job (MB)
	1711080  -  ResidentSetSize of job (KB)
...
006 (14733392.000.000) 2021-09-25 04:59:47 Image size of job updated: 1671
	1671  -  MemoryUsage of job (MB)
	1711876  -  ResidentSetSize of job (KB)
...
006 (14733392.000.000) 2021-09-25 05:00:47 Image size of job updated: 1673
	1673  -  MemoryUsage of job (MB)
	1714100  -  ResidentSetSize of job (KB)
...
006 (14733392.000.000) 2021-09-25 05:04:48 Image size of job updated: 1673
	1673  -  MemoryUsage of job (MB)
	1714104  -  ResidentSetSize of job (KB)
...
006 (14733392.000.000) 2021-09-25 05:05:48 Image size of job updated: 1673
	1673  -  MemoryUsage of job (MB)
	1714108  -  ResidentSetSize of job (KB)
...
006 (14733392.000.000) 2021-09-25 05:06:49 Image size of job updated: 1673
	1673  -  MemoryUsage of job (MB)
	1714112  -  ResidentSetSize of job (KB)
...
006 (14733392.000.000) 2021-09-25 05:07:49 Image size of job updated: 1673
	1673  -  MemoryUsage of job (MB)
	1714120  -  ResidentSetSize of job (KB)
...
006 (14733392.000.000) 2021-09-25 05:09:51 Image size of job updated: 1676
	1676  -  MemoryUsage of job (MB)
	1717132  -  ResidentSetSize of job (KB)
...
006 (14733392.000.000) 2021-09-25 05:10:51 Image size of job updated: 1676
	1676  -  MemoryUsage of job (MB)
	1717144  -  ResidentSetSize of job (KB)
...
006 (14733392.000.000) 2021-09-25 05:11:52 Image size of job updated: 1676
	1676  -  MemoryUsage of job (MB)
	1717152  -  ResidentSetSize of job (KB)
...
006 (14733392.000.000) 2021-09-25 05:12:53 Image size of job updated: 1676
	1676  -  MemoryUsage of job (MB)
	1717160  -  ResidentSetSize of job (KB)
...
006 (14733392.000.000) 2021-09-25 05:13:54 Image size of job updated: 1676
	1676  -  MemoryUsage of job (MB)
	1717172  -  ResidentSetSize of job (KB)
...
006 (14733392.000.000) 2021-09-25 05:14:54 Image size of job updated: 1676
	1676  -  MemoryUsage of job (MB)
	1717200  -  ResidentSetSize of job (KB)
...
006 (14733392.000.000) 2021-09-25 05:15:54 Image size of job updated: 1676
	1676  -  MemoryUsage of job (MB)
	1717212  -  ResidentSetSize of job (KB)
...
006 (14733392.000.000) 2021-09-25 05:16:55 Image size of job updated: 1676
	1676  -  MemoryUsage of job (MB)
	1717236  -  ResidentSetSize of job (KB)
...
006 (14733392.000.000) 2021-09-25 05:17:56 Image size of job updated: 1677
	1677  -  MemoryUsage of job (MB)
	1717260  -  ResidentSetSize of job (KB)
...
006 (14733392.000.000) 2021-09-25 05:18:57 Image size of job updated: 1678
	1678  -  MemoryUsage of job (MB)
	1719020  -  ResidentSetSize of job (KB)
...
006 (14733392.000.000) 2021-09-25 05:19:58 Image size of job updated: 1678
	1678  -  MemoryUsage of job (MB)
	1719024  -  ResidentSetSize of job (KB)
...
006 (14733392.000.000) 2021-09-25 05:23:00 Image size of job updated: 1678
	1678  -  MemoryUsage of job (MB)
	1719032  -  ResidentSetSize of job (KB)
...
006 (14733392.000.000) 2021-09-25 05:25:00 Image size of job updated: 1678
	1678  -  MemoryUsage of job (MB)
	1719044  -  ResidentSetSize of job (KB)
...
006 (14733392.000.000) 2021-09-25 05:27:01 Image size of job updated: 1678
	1678  -  MemoryUsage of job (MB)
	1719052  -  ResidentSetSize of job (KB)
...
006 (14733392.000.000) 2021-09-25 05:29:02 Image size of job updated: 1680
	1680  -  MemoryUsage of job (MB)
	1720808  -  ResidentSetSize of job (KB)
...
006 (14733392.000.000) 2021-09-25 05:31:04 Image size of job updated: 1680
	1680  -  MemoryUsage of job (MB)
	1720816  -  ResidentSetSize of job (KB)
...
006 (14733392.000.000) 2021-09-25 05:32:04 Image size of job updated: 1680
	1680  -  MemoryUsage of job (MB)
	1720828  -  ResidentSetSize of job (KB)
...
006 (14733392.000.000) 2021-09-25 05:33:04 Image size of job updated: 1680
	1680  -  MemoryUsage of job (MB)
	1720832  -  ResidentSetSize of job (KB)
...
006 (14733392.000.000) 2021-09-25 05:34:04 Image size of job updated: 1680
	1680  -  MemoryUsage of job (MB)
	1720848  -  ResidentSetSize of job (KB)
...
006 (14733392.000.000) 2021-09-25 05:35:05 Image size of job updated: 1680
	1680  -  MemoryUsage of job (MB)
	1720852  -  ResidentSetSize of job (KB)
...
006 (14733392.000.000) 2021-09-25 05:36:06 Image size of job updated: 1680
	1680  -  MemoryUsage of job (MB)
	1720868  -  ResidentSetSize of job (KB)
...
006 (14733392.000.000) 2021-09-25 05:37:07 Image size of job updated: 1680
	1680  -  MemoryUsage of job (MB)
	1720884  -  ResidentSetSize of job (KB)
...
006 (14733392.000.000) 2021-09-25 05:38:08 Image size of job updated: 1682
	1682  -  MemoryUsage of job (MB)
	1722564  -  ResidentSetSize of job (KB)
...
006 (14733392.000.000) 2021-09-25 05:39:09 Image size of job updated: 1682
	1682  -  MemoryUsage of job (MB)
	1722572  -  ResidentSetSize of job (KB)
...
006 (14733392.000.000) 2021-09-25 05:40:10 Image size of job updated: 1682
	1682  -  MemoryUsage of job (MB)
	1722576  -  ResidentSetSize of job (KB)
...
006 (14733392.000.000) 2021-09-25 05:41:11 Image size of job updated: 1682
	1682  -  MemoryUsage of job (MB)
	1722580  -  ResidentSetSize of job (KB)
...
006 (14733392.000.000) 2021-09-25 05:43:11 Image size of job updated: 1682
	1682  -  MemoryUsage of job (MB)
	1722584  -  ResidentSetSize of job (KB)
...
006 (14733392.000.000) 2021-09-25 05:46:14 Image size of job updated: 1682
	1682  -  MemoryUsage of job (MB)
	1722588  -  ResidentSetSize of job (KB)
...
006 (14733392.000.000) 2021-09-25 05:47:14 Image size of job updated: 1682
	1682  -  MemoryUsage of job (MB)
	1722796  -  ResidentSetSize of job (KB)
...
006 (14733392.000.000) 2021-09-25 05:48:15 Image size of job updated: 1684
	1684  -  MemoryUsage of job (MB)
	1724436  -  ResidentSetSize of job (KB)
...
006 (14733392.000.000) 2021-09-25 05:50:16 Image size of job updated: 1684
	1684  -  MemoryUsage of job (MB)
	1724440  -  ResidentSetSize of job (KB)
...
006 (14733392.000.000) 2021-09-25 05:54:17 Image size of job updated: 1684
	1684  -  MemoryUsage of job (MB)
	1724444  -  ResidentSetSize of job (KB)
...
006 (14733392.000.000) 2021-09-25 05:55:17 Image size of job updated: 1684
	1684  -  MemoryUsage of job (MB)
	1724452  -  ResidentSetSize of job (KB)
...
006 (14733392.000.000) 2021-09-25 05:57:18 Image size of job updated: 1685
	1685  -  MemoryUsage of job (MB)
	1725668  -  ResidentSetSize of job (KB)
...
006 (14733392.000.000) 2021-09-25 06:05:26 Image size of job updated: 1686
	1686  -  MemoryUsage of job (MB)
	1726676  -  ResidentSetSize of job (KB)
...
006 (14733392.000.000) 2021-09-25 06:06:26 Image size of job updated: 1686
	1686  -  MemoryUsage of job (MB)
	1726688  -  ResidentSetSize of job (KB)
...
006 (14733392.000.000) 2021-09-25 06:13:33 Image size of job updated: 1686
	1686  -  MemoryUsage of job (MB)
	1727364  -  ResidentSetSize of job (KB)
...
006 (14733392.000.000) 2021-09-25 06:14:34 Image size of job updated: 1687
	1687  -  MemoryUsage of job (MB)
	1727584  -  ResidentSetSize of job (KB)
...
006 (14733392.000.000) 2021-09-25 06:15:35 Image size of job updated: 1687
	1687  -  MemoryUsage of job (MB)
	1727588  -  ResidentSetSize of job (KB)
...
006 (14733392.000.000) 2021-09-25 06:17:36 Image size of job updated: 1687
	1687  -  MemoryUsage of job (MB)
	1727604  -  ResidentSetSize of job (KB)
...
006 (14733392.000.000) 2021-09-25 06:18:37 Image size of job updated: 1687
	1687  -  MemoryUsage of job (MB)
	1727616  -  ResidentSetSize of job (KB)
...
006 (14733392.000.000) 2021-09-25 06:19:37 Image size of job updated: 1687
	1687  -  MemoryUsage of job (MB)
	1727620  -  ResidentSetSize of job (KB)
...
006 (14733392.000.000) 2021-09-25 06:20:37 Image size of job updated: 1687
	1687  -  MemoryUsage of job (MB)
	1727628  -  ResidentSetSize of job (KB)
...
006 (14733392.000.000) 2021-09-25 06:22:39 Image size of job updated: 1689
	1689  -  MemoryUsage of job (MB)
	1730436  -  ResidentSetSize of job (KB)
...
006 (14733392.000.000) 2021-09-25 06:23:39 Image size of job updated: 1689
	1689  -  MemoryUsage of job (MB)
	1730468  -  ResidentSetSize of job (KB)
...
006 (14733392.000.000) 2021-09-25 06:24:39 Image size of job updated: 1689
	1689  -  MemoryUsage of job (MB)
	1730500  -  ResidentSetSize of job (KB)
...
006 (14733392.000.000) 2021-09-25 06:25:39 Image size of job updated: 1689
	1689  -  MemoryUsage of job (MB)
	1730520  -  ResidentSetSize of job (KB)
...
006 (14733392.000.000) 2021-09-25 06:26:39 Image size of job updated: 1689
	1689  -  MemoryUsage of job (MB)
	1730528  -  ResidentSetSize of job (KB)
...
006 (14733392.000.000) 2021-09-25 06:27:39 Image size of job updated: 1689
	1689  -  MemoryUsage of job (MB)
	1730544  -  ResidentSetSize of job (KB)
...
006 (14733392.000.000) 2021-09-25 06:31:41 Image size of job updated: 1691
	1691  -  MemoryUsage of job (MB)
	1732396  -  ResidentSetSize of job (KB)
...
006 (14733392.000.000) 2021-09-25 06:32:43 Image size of job updated: 1691
	1691  -  MemoryUsage of job (MB)
	1732408  -  ResidentSetSize of job (KB)
...
006 (14733392.000.000) 2021-09-25 06:33:43 Image size of job updated: 1691
	1691  -  MemoryUsage of job (MB)
	1732428  -  ResidentSetSize of job (KB)
...
006 (14733392.000.000) 2021-09-25 06:34:43 Image size of job updated: 1691
	1691  -  MemoryUsage of job (MB)
	1732436  -  ResidentSetSize of job (KB)
...
006 (14733392.000.000) 2021-09-25 06:35:43 Image size of job updated: 1691
	1691  -  MemoryUsage of job (MB)
	1732448  -  ResidentSetSize of job (KB)
...
006 (14733392.000.000) 2021-09-25 06:36:44 Image size of job updated: 1691
	1691  -  MemoryUsage of job (MB)
	1732460  -  ResidentSetSize of job (KB)
...
006 (14733392.000.000) 2021-09-25 06:37:45 Image size of job updated: 1691
	1691  -  MemoryUsage of job (MB)
	1732464  -  ResidentSetSize of job (KB)
...
006 (14733392.000.000) 2021-09-25 06:38:46 Image size of job updated: 1691
	1691  -  MemoryUsage of job (MB)
	1732468  -  ResidentSetSize of job (KB)
...
006 (14733392.000.000) 2021-09-25 06:40:47 Image size of job updated: 1692
	1692  -  MemoryUsage of job (MB)
	1732916  -  ResidentSetSize of job (KB)
...
006 (14733392.000.000) 2021-09-25 06:41:49 Image size of job updated: 1692
	1692  -  MemoryUsage of job (MB)
	1732932  -  ResidentSetSize of job (KB)
...
006 (14733392.000.000) 2021-09-25 06:42:49 Image size of job updated: 1692
	1692  -  MemoryUsage of job (MB)
	1732948  -  ResidentSetSize of job (KB)
...
006 (14733392.000.000) 2021-09-25 06:43:49 Image size of job updated: 1692
	1692  -  MemoryUsage of job (MB)
	1732968  -  ResidentSetSize of job (KB)
...
006 (14733392.000.000) 2021-09-25 06:44:49 Image size of job updated: 1692
	1692  -  MemoryUsage of job (MB)
	1732972  -  ResidentSetSize of job (KB)
...
006 (14733392.000.000) 2021-09-25 06:48:52 Image size of job updated: 1693
	1693  -  MemoryUsage of job (MB)
	1733728  -  ResidentSetSize of job (KB)
...
006 (14733392.000.000) 2021-09-25 06:49:53 Image size of job updated: 1693
	1693  -  MemoryUsage of job (MB)
	1734072  -  ResidentSetSize of job (KB)
...
006 (14733392.000.000) 2021-09-25 06:50:53 Image size of job updated: 1693
	1693  -  MemoryUsage of job (MB)
	1734084  -  ResidentSetSize of job (KB)
...
006 (14733392.000.000) 2021-09-25 06:51:54 Image size of job updated: 1693
	1693  -  MemoryUsage of job (MB)
	1734088  -  ResidentSetSize of job (KB)
...
006 (14733392.000.000) 2021-09-25 06:54:58 Image size of job updated: 1693
	1693  -  MemoryUsage of job (MB)
	1734092  -  ResidentSetSize of job (KB)
...
006 (14733392.000.000) 2021-09-25 06:57:59 Image size of job updated: 1694
	1694  -  MemoryUsage of job (MB)
	1735032  -  ResidentSetSize of job (KB)
...
006 (14733392.000.000) 2021-09-25 06:59:00 Image size of job updated: 1694
	1694  -  MemoryUsage of job (MB)
	1735036  -  ResidentSetSize of job (KB)
...
006 (14733392.000.000) 2021-09-25 07:00:02 Image size of job updated: 1694
	1694  -  MemoryUsage of job (MB)
	1735048  -  ResidentSetSize of job (KB)
...
006 (14733392.000.000) 2021-09-25 07:03:03 Image size of job updated: 1694
	1694  -  MemoryUsage of job (MB)
	1735056  -  ResidentSetSize of job (KB)
...
006 (14733392.000.000) 2021-09-25 07:04:03 Image size of job updated: 1694
	1694  -  MemoryUsage of job (MB)
	1735096  -  ResidentSetSize of job (KB)
...
006 (14733392.000.000) 2021-09-25 07:05:03 Image size of job updated: 1695
	1695  -  MemoryUsage of job (MB)
	1735824  -  ResidentSetSize of job (KB)
...
006 (14733392.000.000) 2021-09-25 07:06:03 Image size of job updated: 1695
	1695  -  MemoryUsage of job (MB)
	1735832  -  ResidentSetSize of job (KB)
...
006 (14733392.000.000) 2021-09-25 07:07:03 Image size of job updated: 1695
	1695  -  MemoryUsage of job (MB)
	1735844  -  ResidentSetSize of job (KB)
...
006 (14733392.000.000) 2021-09-25 07:09:03 Image size of job updated: 1695
	1695  -  MemoryUsage of job (MB)
	1735848  -  ResidentSetSize of job (KB)
...
006 (14733392.000.000) 2021-09-25 07:10:04 Image size of job updated: 1695
	1695  -  MemoryUsage of job (MB)
	1735860  -  ResidentSetSize of job (KB)
...
006 (14733392.000.000) 2021-09-25 07:12:04 Image size of job updated: 1695
	1695  -  MemoryUsage of job (MB)
	1736308  -  ResidentSetSize of job (KB)
...
006 (14733392.000.000) 2021-09-25 07:13:05 Image size of job updated: 1696
	1696  -  MemoryUsage of job (MB)
	1737160  -  ResidentSetSize of job (KB)
...
006 (14733392.000.000) 2021-09-25 07:14:06 Image size of job updated: 1696
	1696  -  MemoryUsage of job (MB)
	1737168  -  ResidentSetSize of job (KB)
...
006 (14733392.000.000) 2021-09-25 07:15:07 Image size of job updated: 1696
	1696  -  MemoryUsage of job (MB)
	1737172  -  ResidentSetSize of job (KB)
...
006 (14733392.000.000) 2021-09-25 07:17:09 Image size of job updated: 1696
	1696  -  MemoryUsage of job (MB)
	1737180  -  ResidentSetSize of job (KB)
...
006 (14733392.000.000) 2021-09-25 07:18:10 Image size of job updated: 1696
	1696  -  MemoryUsage of job (MB)
	1737184  -  ResidentSetSize of job (KB)
...
006 (14733392.000.000) 2021-09-25 07:19:11 Image size of job updated: 1696
	1696  -  MemoryUsage of job (MB)
	1737336  -  ResidentSetSize of job (KB)
...
006 (14733392.000.000) 2021-09-25 07:20:11 Image size of job updated: 1697
	1697  -  MemoryUsage of job (MB)
	1737800  -  ResidentSetSize of job (KB)
...
006 (14733392.000.000) 2021-09-25 07:21:12 Image size of job updated: 1697
	1697  -  MemoryUsage of job (MB)
	1737804  -  ResidentSetSize of job (KB)
...
006 (14733392.000.000) 2021-09-25 07:23:13 Image size of job updated: 1697
	1697  -  MemoryUsage of job (MB)
	1737808  -  ResidentSetSize of job (KB)
...
006 (14733392.000.000) 2021-09-25 07:24:14 Image size of job updated: 1697
	1697  -  MemoryUsage of job (MB)
	1737816  -  ResidentSetSize of job (KB)
...
006 (14733392.000.000) 2021-09-25 07:25:15 Image size of job updated: 1697
	1697  -  MemoryUsage of job (MB)
	1737824  -  ResidentSetSize of job (KB)
...
006 (14733392.000.000) 2021-09-25 07:26:16 Image size of job updated: 1697
	1697  -  MemoryUsage of job (MB)
	1738028  -  ResidentSetSize of job (KB)
...
006 (14733392.000.000) 2021-09-25 07:27:16 Image size of job updated: 1697
	1697  -  MemoryUsage of job (MB)
	1738636  -  ResidentSetSize of job (KB)
...
006 (14733392.000.000) 2021-09-25 07:30:17 Image size of job updated: 1697
	1697  -  MemoryUsage of job (MB)
	1738640  -  ResidentSetSize of job (KB)
...
006 (14733392.000.000) 2021-09-25 07:32:19 Image size of job updated: 1697
	1697  -  MemoryUsage of job (MB)
	1738652  -  ResidentSetSize of job (KB)
...
006 (14733392.000.000) 2021-09-25 07:33:19 Image size of job updated: 1698
	1698  -  MemoryUsage of job (MB)
	1738796  -  ResidentSetSize of job (KB)
...
006 (14733392.000.000) 2021-09-25 07:34:19 Image size of job updated: 1698
	1698  -  MemoryUsage of job (MB)
	1739056  -  ResidentSetSize of job (KB)
...
006 (14733392.000.000) 2021-09-25 07:35:19 Image size of job updated: 1698
	1698  -  MemoryUsage of job (MB)
	1739228  -  ResidentSetSize of job (KB)
...
006 (14733392.000.000) 2021-09-25 07:38:22 Image size of job updated: 1698
	1698  -  MemoryUsage of job (MB)
	1739236  -  ResidentSetSize of job (KB)
...
006 (14733392.000.000) 2021-09-25 07:39:22 Image size of job updated: 1698
	1698  -  MemoryUsage of job (MB)
	1739240  -  ResidentSetSize of job (KB)
...
006 (14733392.000.000) 2021-09-25 07:41:24 Image size of job updated: 1699
	1699  -  MemoryUsage of job (MB)
	1739792  -  ResidentSetSize of job (KB)
...
006 (14733392.000.000) 2021-09-25 07:42:25 Image size of job updated: 1699
	1699  -  MemoryUsage of job (MB)
	1740040  -  ResidentSetSize of job (KB)
...
006 (14733392.000.000) 2021-09-25 07:44:27 Image size of job updated: 1699
	1699  -  MemoryUsage of job (MB)
	1740044  -  ResidentSetSize of job (KB)
...
006 (14733392.000.000) 2021-09-25 07:45:27 Image size of job updated: 1699
	1699  -  MemoryUsage of job (MB)
	1740052  -  ResidentSetSize of job (KB)
...
006 (14733392.000.000) 2021-09-25 07:49:29 Image size of job updated: 1699
	1699  -  MemoryUsage of job (MB)
	1740520  -  ResidentSetSize of job (KB)
...
006 (14733392.000.000) 2021-09-25 07:50:29 Image size of job updated: 1699
	1699  -  MemoryUsage of job (MB)
	1740620  -  ResidentSetSize of job (KB)
...
006 (14733392.000.000) 2021-09-25 07:57:37 Image size of job updated: 1699
	1699  -  MemoryUsage of job (MB)
	1740704  -  ResidentSetSize of job (KB)
...
006 (14733392.000.000) 2021-09-25 08:03:41 Image size of job updated: 1699
	1699  -  MemoryUsage of job (MB)
	1740708  -  ResidentSetSize of job (KB)
...
006 (14733392.000.000) 2021-09-25 08:04:41 Image size of job updated: 1700
	1700  -  MemoryUsage of job (MB)
	1741340  -  ResidentSetSize of job (KB)
...
006 (14733392.000.000) 2021-09-25 08:05:41 Image size of job updated: 1700
	1700  -  MemoryUsage of job (MB)
	1741368  -  ResidentSetSize of job (KB)
...
006 (14733392.000.000) 2021-09-25 08:07:42 Image size of job updated: 1700
	1700  -  MemoryUsage of job (MB)
	1741376  -  ResidentSetSize of job (KB)
...
006 (14733392.000.000) 2021-09-25 08:12:45 Image size of job updated: 1700
	1700  -  MemoryUsage of job (MB)
	1741648  -  ResidentSetSize of job (KB)
...
006 (14733392.000.000) 2021-09-25 08:13:46 Image size of job updated: 1700
	1700  -  MemoryUsage of job (MB)
	1741652  -  ResidentSetSize of job (KB)
...
006 (14733392.000.000) 2021-09-25 08:14:46 Image size of job updated: 1700
	1700  -  MemoryUsage of job (MB)
	1741656  -  ResidentSetSize of job (KB)
...
006 (14733392.000.000) 2021-09-25 08:15:47 Image size of job updated: 1700
	1700  -  MemoryUsage of job (MB)
	1741716  -  ResidentSetSize of job (KB)
...
006 (14733392.000.000) 2021-09-25 08:27:54 Image size of job updated: 1701
	1701  -  MemoryUsage of job (MB)
	1742116  -  ResidentSetSize of job (KB)
...
006 (14733392.000.000) 2021-09-25 08:29:56 Image size of job updated: 1701
	1701  -  MemoryUsage of job (MB)
	1742120  -  ResidentSetSize of job (KB)
...
006 (14733392.000.000) 2021-09-25 08:30:56 Image size of job updated: 1701
	1701  -  MemoryUsage of job (MB)
	1742124  -  ResidentSetSize of job (KB)
...
006 (14733392.000.000) 2021-09-25 08:31:56 Image size of job updated: 1701
	1701  -  MemoryUsage of job (MB)
	1742128  -  ResidentSetSize of job (KB)
...
006 (14733392.000.000) 2021-09-25 08:32:56 Image size of job updated: 1701
	1701  -  MemoryUsage of job (MB)
	1742144  -  ResidentSetSize of job (KB)
...
006 (14733392.000.000) 2021-09-25 08:33:56 Image size of job updated: 1701
	1701  -  MemoryUsage of job (MB)
	1742148  -  ResidentSetSize of job (KB)
...
006 (14733392.000.000) 2021-09-25 08:42:02 Image size of job updated: 1701
	1701  -  MemoryUsage of job (MB)
	1742292  -  ResidentSetSize of job (KB)
...
006 (14733392.000.000) 2021-09-25 08:56:11 Image size of job updated: 1701
	1701  -  MemoryUsage of job (MB)
	1742296  -  ResidentSetSize of job (KB)
...
006 (14733392.000.000) 2021-09-25 08:57:11 Image size of job updated: 1701
	1701  -  MemoryUsage of job (MB)
	1742368  -  ResidentSetSize of job (KB)
...
006 (14733392.000.000) 2021-09-25 08:58:13 Image size of job updated: 1702
	1702  -  MemoryUsage of job (MB)
	1742852  -  ResidentSetSize of job (KB)
...
006 (14733392.000.000) 2021-09-25 08:59:13 Image size of job updated: 1702
	1702  -  MemoryUsage of job (MB)
	1742860  -  ResidentSetSize of job (KB)
...
006 (14733392.000.000) 2021-09-25 09:01:16 Image size of job updated: 1702
	1702  -  MemoryUsage of job (MB)
	1742864  -  ResidentSetSize of job (KB)
...
006 (14733392.000.000) 2021-09-25 09:02:16 Image size of job updated: 1702
	1702  -  MemoryUsage of job (MB)
	1742868  -  ResidentSetSize of job (KB)
...
006 (14733392.000.000) 2021-09-25 09:05:18 Image size of job updated: 1702
	1702  -  MemoryUsage of job (MB)
	1743068  -  ResidentSetSize of job (KB)
...
006 (14733392.000.000) 2021-09-25 09:06:19 Image size of job updated: 1702
	1702  -  MemoryUsage of job (MB)
	1743536  -  ResidentSetSize of job (KB)
...
006 (14733392.000.000) 2021-09-25 09:09:21 Image size of job updated: 1702
	1702  -  MemoryUsage of job (MB)
	1743540  -  ResidentSetSize of job (KB)
...
006 (14733392.000.000) 2021-09-25 09:10:22 Image size of job updated: 1702
	1702  -  MemoryUsage of job (MB)
	1743544  -  ResidentSetSize of job (KB)
...
006 (14733392.000.000) 2021-09-25 09:11:22 Image size of job updated: 1702
	1702  -  MemoryUsage of job (MB)
	1743548  -  ResidentSetSize of job (KB)
...
006 (14733392.000.000) 2021-09-25 09:13:22 Image size of job updated: 1702
	1702  -  MemoryUsage of job (MB)
	1743552  -  ResidentSetSize of job (KB)
...
006 (14733392.000.000) 2021-09-25 09:14:22 Image size of job updated: 1702
	1702  -  MemoryUsage of job (MB)
	1743776  -  ResidentSetSize of job (KB)
...
006 (14733392.000.000) 2021-09-25 09:15:23 Image size of job updated: 1702
	1702  -  MemoryUsage of job (MB)
	1743780  -  ResidentSetSize of job (KB)
...
006 (14733392.000.000) 2021-09-25 09:18:24 Image size of job updated: 1702
	1702  -  MemoryUsage of job (MB)
	1743804  -  ResidentSetSize of job (KB)
...
006 (14733392.000.000) 2021-09-25 09:22:28 Image size of job updated: 1703
	1703  -  MemoryUsage of job (MB)
	1744364  -  ResidentSetSize of job (KB)
...
006 (14733392.000.000) 2021-09-25 09:23:28 Image size of job updated: 1703
	1703  -  MemoryUsage of job (MB)
	1744372  -  ResidentSetSize of job (KB)
...
006 (14733392.000.000) 2021-09-25 09:31:32 Image size of job updated: 1703
	1703  -  MemoryUsage of job (MB)
	1744816  -  ResidentSetSize of job (KB)
...
006 (14733392.000.000) 2021-09-25 09:32:32 Image size of job updated: 1703
	1703  -  MemoryUsage of job (MB)
	1744876  -  ResidentSetSize of job (KB)
...
006 (14733392.000.000) 2021-09-25 09:36:33 Image size of job updated: 1703
	1703  -  MemoryUsage of job (MB)
	1744880  -  ResidentSetSize of job (KB)
...
006 (14733392.000.000) 2021-09-25 09:40:38 Image size of job updated: 1704
	1704  -  MemoryUsage of job (MB)
	1745084  -  ResidentSetSize of job (KB)
...
006 (14733392.000.000) 2021-09-25 09:47:42 Image size of job updated: 1704
	1704  -  MemoryUsage of job (MB)
	1745780  -  ResidentSetSize of job (KB)
...
006 (14733392.000.000) 2021-09-25 09:48:43 Image size of job updated: 1705
	1705  -  MemoryUsage of job (MB)
	1745924  -  ResidentSetSize of job (KB)
...
006 (14733392.000.000) 2021-09-25 09:56:50 Image size of job updated: 1705
	1705  -  MemoryUsage of job (MB)
	1746044  -  ResidentSetSize of job (KB)
...
006 (14733392.000.000) 2021-09-25 10:02:54 Image size of job updated: 1705
	1705  -  MemoryUsage of job (MB)
	1746664  -  ResidentSetSize of job (KB)
...
006 (14733392.000.000) 2021-09-25 10:03:54 Image size of job updated: 1705
	1705  -  MemoryUsage of job (MB)
	1746680  -  ResidentSetSize of job (KB)
...
006 (14733392.000.000) 2021-09-25 10:11:00 Image size of job updated: 1706
	1706  -  MemoryUsage of job (MB)
	1747200  -  ResidentSetSize of job (KB)
...
006 (14733392.000.000) 2021-09-25 10:12:00 Image size of job updated: 1706
	1706  -  MemoryUsage of job (MB)
	1747204  -  ResidentSetSize of job (KB)
...
006 (14733392.000.000) 2021-09-25 10:13:01 Image size of job updated: 1706
	1706  -  MemoryUsage of job (MB)
	1747208  -  ResidentSetSize of job (KB)
...
006 (14733392.000.000) 2021-09-25 10:18:04 Image size of job updated: 1706
	1706  -  MemoryUsage of job (MB)
	1747756  -  ResidentSetSize of job (KB)
...
006 (14733392.000.000) 2021-09-25 10:19:05 Image size of job updated: 1707
	1707  -  MemoryUsage of job (MB)
	1747972  -  ResidentSetSize of job (KB)
...
006 (14733392.000.000) 2021-09-25 10:21:06 Image size of job updated: 1707
	1707  -  MemoryUsage of job (MB)
	1747976  -  ResidentSetSize of job (KB)
...
006 (14733392.000.000) 2021-09-25 10:26:10 Image size of job updated: 1707
	1707  -  MemoryUsage of job (MB)
	1748008  -  ResidentSetSize of job (KB)
...
006 (14733392.000.000) 2021-09-25 10:40:17 Image size of job updated: 1707
	1707  -  MemoryUsage of job (MB)
	1748024  -  ResidentSetSize of job (KB)
...
006 (14733392.000.000) 2021-09-25 10:41:17 Image size of job updated: 1707
	1707  -  MemoryUsage of job (MB)
	1748400  -  ResidentSetSize of job (KB)
...
006 (14733392.000.000) 2021-09-25 10:42:18 Image size of job updated: 1707
	1707  -  MemoryUsage of job (MB)
	1748404  -  ResidentSetSize of job (KB)
...
006 (14733392.000.000) 2021-09-25 10:56:28 Image size of job updated: 1708
	1708  -  MemoryUsage of job (MB)
	1749012  -  ResidentSetSize of job (KB)
...
006 (14733392.000.000) 2021-09-25 10:57:29 Image size of job updated: 1708
	1708  -  MemoryUsage of job (MB)
	1749020  -  ResidentSetSize of job (KB)
...
006 (14733392.000.000) 2021-09-25 11:00:32 Image size of job updated: 1708
	1708  -  MemoryUsage of job (MB)
	1749024  -  ResidentSetSize of job (KB)
...
006 (14733392.000.000) 2021-09-25 11:03:33 Image size of job updated: 1708
	1708  -  MemoryUsage of job (MB)
	1749340  -  ResidentSetSize of job (KB)
...
006 (14733392.000.000) 2021-09-25 11:04:34 Image size of job updated: 1708
	1708  -  MemoryUsage of job (MB)
	1749872  -  ResidentSetSize of job (KB)
...
006 (14733392.000.000) 2021-09-25 11:05:34 Image size of job updated: 1708
	1708  -  MemoryUsage of job (MB)
	1749876  -  ResidentSetSize of job (KB)
...
006 (14733392.000.000) 2021-09-25 11:11:38 Image size of job updated: 1709
	1709  -  MemoryUsage of job (MB)
	1750268  -  ResidentSetSize of job (KB)
...
006 (14733392.000.000) 2021-09-25 11:12:39 Image size of job updated: 1709
	1709  -  MemoryUsage of job (MB)
	1750272  -  ResidentSetSize of job (KB)
...
006 (14733392.000.000) 2021-09-25 11:13:39 Image size of job updated: 1709
	1709  -  MemoryUsage of job (MB)
	1750276  -  ResidentSetSize of job (KB)
...
006 (14733392.000.000) 2021-09-25 11:18:42 Image size of job updated: 1709
	1709  -  MemoryUsage of job (MB)
	1751020  -  ResidentSetSize of job (KB)
...
006 (14733392.000.000) 2021-09-25 11:19:43 Image size of job updated: 1709
	1709  -  MemoryUsage of job (MB)
	1751024  -  ResidentSetSize of job (KB)
...
006 (14733392.000.000) 2021-09-25 11:20:45 Image size of job updated: 1709
	1709  -  MemoryUsage of job (MB)
	1751028  -  ResidentSetSize of job (KB)
...
006 (14733392.000.000) 2021-09-25 11:21:46 Image size of job updated: 1709
	1709  -  MemoryUsage of job (MB)
	1751036  -  ResidentSetSize of job (KB)
...
006 (14733392.000.000) 2021-09-25 11:24:49 Image size of job updated: 1710
	1710  -  MemoryUsage of job (MB)
	1751044  -  ResidentSetSize of job (KB)
...
006 (14733392.000.000) 2021-09-25 11:25:49 Image size of job updated: 1710
	1710  -  MemoryUsage of job (MB)
	1751048  -  ResidentSetSize of job (KB)
...
006 (14733392.000.000) 2021-09-25 11:26:49 Image size of job updated: 1710
	1710  -  MemoryUsage of job (MB)
	1751580  -  ResidentSetSize of job (KB)
...
006 (14733392.000.000) 2021-09-25 11:33:53 Image size of job updated: 1710
	1710  -  MemoryUsage of job (MB)
	1752060  -  ResidentSetSize of job (KB)
...
006 (14733392.000.000) 2021-09-25 11:35:54 Image size of job updated: 1711
	1711  -  MemoryUsage of job (MB)
	1752064  -  ResidentSetSize of job (KB)
...
006 (14733392.000.000) 2021-09-25 11:37:56 Image size of job updated: 1711
	1711  -  MemoryUsage of job (MB)
	1752104  -  ResidentSetSize of job (KB)
...
006 (14733392.000.000) 2021-09-25 11:41:58 Image size of job updated: 1711
	1711  -  MemoryUsage of job (MB)
	1752988  -  ResidentSetSize of job (KB)
...
006 (14733392.000.000) 2021-09-25 11:42:58 Image size of job updated: 1711
	1711  -  MemoryUsage of job (MB)
	1753000  -  ResidentSetSize of job (KB)
...
006 (14733392.000.000) 2021-09-25 11:45:00 Image size of job updated: 1711
	1711  -  MemoryUsage of job (MB)
	1753012  -  ResidentSetSize of job (KB)
...
006 (14733392.000.000) 2021-09-25 11:48:01 Image size of job updated: 1711
	1711  -  MemoryUsage of job (MB)
	1753020  -  ResidentSetSize of job (KB)
...
006 (14733392.000.000) 2021-09-25 11:49:02 Image size of job updated: 1712
	1712  -  MemoryUsage of job (MB)
	1753244  -  ResidentSetSize of job (KB)
...
006 (14733392.000.000) 2021-09-25 11:51:03 Image size of job updated: 1712
	1712  -  MemoryUsage of job (MB)
	1753248  -  ResidentSetSize of job (KB)
...
006 (14733392.000.000) 2021-09-25 11:55:05 Image size of job updated: 1712
	1712  -  MemoryUsage of job (MB)
	1753772  -  ResidentSetSize of job (KB)
...
006 (14733392.000.000) 2021-09-25 11:56:05 Image size of job updated: 1712
	1712  -  MemoryUsage of job (MB)
	1753784  -  ResidentSetSize of job (KB)
...
006 (14733392.000.000) 2021-09-25 12:01:07 Image size of job updated: 1713
	1713  -  MemoryUsage of job (MB)
	1754248  -  ResidentSetSize of job (KB)
...
006 (14733392.000.000) 2021-09-25 12:02:07 Image size of job updated: 1713
	1713  -  MemoryUsage of job (MB)
	1754252  -  ResidentSetSize of job (KB)
...
006 (14733392.000.000) 2021-09-25 12:03:08 Image size of job updated: 1713
	1713  -  MemoryUsage of job (MB)
	1754256  -  ResidentSetSize of job (KB)
...
006 (14733392.000.000) 2021-09-25 12:06:10 Image size of job updated: 1713
	1713  -  MemoryUsage of job (MB)
	1754444  -  ResidentSetSize of job (KB)
...
006 (14733392.000.000) 2021-09-25 12:07:11 Image size of job updated: 1713
	1713  -  MemoryUsage of job (MB)
	1754776  -  ResidentSetSize of job (KB)
...
006 (14733392.000.000) 2021-09-25 12:12:15 Image size of job updated: 1714
	1714  -  MemoryUsage of job (MB)
	1755272  -  ResidentSetSize of job (KB)
...
006 (14733392.000.000) 2021-09-25 12:15:16 Image size of job updated: 1714
	1714  -  MemoryUsage of job (MB)
	1755276  -  ResidentSetSize of job (KB)
...
006 (14733392.000.000) 2021-09-25 12:16:17 Image size of job updated: 1714
	1714  -  MemoryUsage of job (MB)
	1755280  -  ResidentSetSize of job (KB)
...
006 (14733392.000.000) 2021-09-25 12:17:17 Image size of job updated: 1714
	1714  -  MemoryUsage of job (MB)
	1755512  -  ResidentSetSize of job (KB)
...
006 (14733392.000.000) 2021-09-25 12:19:18 Image size of job updated: 1714
	1714  -  MemoryUsage of job (MB)
	1755516  -  ResidentSetSize of job (KB)
...
006 (14733392.000.000) 2021-09-25 12:21:19 Image size of job updated: 1714
	1714  -  MemoryUsage of job (MB)
	1755728  -  ResidentSetSize of job (KB)
...
006 (14733392.000.000) 2021-09-25 12:22:21 Image size of job updated: 1715
	1715  -  MemoryUsage of job (MB)
	1756228  -  ResidentSetSize of job (KB)
...
006 (14733392.000.000) 2021-09-25 12:24:22 Image size of job updated: 1715
	1715  -  MemoryUsage of job (MB)
	1756240  -  ResidentSetSize of job (KB)
...
006 (14733392.000.000) 2021-09-25 12:25:23 Image size of job updated: 1715
	1715  -  MemoryUsage of job (MB)
	1756380  -  ResidentSetSize of job (KB)
...
006 (14733392.000.000) 2021-09-25 12:26:24 Image size of job updated: 1716
	1716  -  MemoryUsage of job (MB)
	1757768  -  ResidentSetSize of job (KB)
...
006 (14733392.000.000) 2021-09-25 12:27:26 Image size of job updated: 1717
	1717  -  MemoryUsage of job (MB)
	1758628  -  ResidentSetSize of job (KB)
...
006 (14733392.000.000) 2021-09-25 12:28:26 Image size of job updated: 1717
	1717  -  MemoryUsage of job (MB)
	1758656  -  ResidentSetSize of job (KB)
...
006 (14733392.000.000) 2021-09-25 12:29:27 Image size of job updated: 1717
	1717  -  MemoryUsage of job (MB)
	1758684  -  ResidentSetSize of job (KB)
...
006 (14733392.000.000) 2021-09-25 12:30:28 Image size of job updated: 1717
	1717  -  MemoryUsage of job (MB)
	1758696  -  ResidentSetSize of job (KB)
...
006 (14733392.000.000) 2021-09-25 12:31:29 Image size of job updated: 1718
	1718  -  MemoryUsage of job (MB)
	1760048  -  ResidentSetSize of job (KB)
...
006 (14733392.000.000) 2021-09-25 12:32:29 Image size of job updated: 1718
	1718  -  MemoryUsage of job (MB)
	1760052  -  ResidentSetSize of job (KB)
...
006 (14733392.000.000) 2021-09-25 12:33:30 Image size of job updated: 1718
	1718  -  MemoryUsage of job (MB)
	1760060  -  ResidentSetSize of job (KB)
...
006 (14733392.000.000) 2021-09-25 12:34:31 Image size of job updated: 1718
	1718  -  MemoryUsage of job (MB)
	1760064  -  ResidentSetSize of job (KB)
...
006 (14733392.000.000) 2021-09-25 12:35:32 Image size of job updated: 1718
	1718  -  MemoryUsage of job (MB)
	1760068  -  ResidentSetSize of job (KB)
...
006 (14733392.000.000) 2021-09-25 12:36:32 Image size of job updated: 1719
	1719  -  MemoryUsage of job (MB)
	1761216  -  ResidentSetSize of job (KB)
...
006 (14733392.000.000) 2021-09-25 12:37:32 Image size of job updated: 1719
	1719  -  MemoryUsage of job (MB)
	1761232  -  ResidentSetSize of job (KB)
...
006 (14733392.000.000) 2021-09-25 12:38:32 Image size of job updated: 1719
	1719  -  MemoryUsage of job (MB)
	1761236  -  ResidentSetSize of job (KB)
...
006 (14733392.000.000) 2021-09-25 12:39:33 Image size of job updated: 1719
	1719  -  MemoryUsage of job (MB)
	1761252  -  ResidentSetSize of job (KB)
...
006 (14733392.000.000) 2021-09-25 12:40:35 Image size of job updated: 1720
	1720  -  MemoryUsage of job (MB)
	1761992  -  ResidentSetSize of job (KB)
...
006 (14733392.000.000) 2021-09-25 12:41:35 Image size of job updated: 1720
	1720  -  MemoryUsage of job (MB)
	1761996  -  ResidentSetSize of job (KB)
...
006 (14733392.000.000) 2021-09-25 12:45:37 Image size of job updated: 1721
	1721  -  MemoryUsage of job (MB)
	1762692  -  ResidentSetSize of job (KB)
...
006 (14733392.000.000) 2021-09-25 12:46:38 Image size of job updated: 1721
	1721  -  MemoryUsage of job (MB)
	1762696  -  ResidentSetSize of job (KB)
...
006 (14733392.000.000) 2021-09-25 12:47:38 Image size of job updated: 1721
	1721  -  MemoryUsage of job (MB)
	1762700  -  ResidentSetSize of job (KB)
...
006 (14733392.000.000) 2021-09-25 12:49:40 Image size of job updated: 1722
	1722  -  MemoryUsage of job (MB)
	1763484  -  ResidentSetSize of job (KB)
...
006 (14733392.000.000) 2021-09-25 12:50:40 Image size of job updated: 1722
	1722  -  MemoryUsage of job (MB)
	1763488  -  ResidentSetSize of job (KB)
...
006 (14733392.000.000) 2021-09-25 12:51:40 Image size of job updated: 1722
	1722  -  MemoryUsage of job (MB)
	1763496  -  ResidentSetSize of job (KB)
...
006 (14733392.000.000) 2021-09-25 12:53:42 Image size of job updated: 1722
	1722  -  MemoryUsage of job (MB)
	1763636  -  ResidentSetSize of job (KB)
...
006 (14733392.000.000) 2021-09-25 12:54:43 Image size of job updated: 1722
	1722  -  MemoryUsage of job (MB)
	1764284  -  ResidentSetSize of job (KB)
...
006 (14733392.000.000) 2021-09-25 12:56:46 Image size of job updated: 1722
	1722  -  MemoryUsage of job (MB)
	1764292  -  ResidentSetSize of job (KB)
...
006 (14733392.000.000) 2021-09-25 12:57:47 Image size of job updated: 1723
	1723  -  MemoryUsage of job (MB)
	1764472  -  ResidentSetSize of job (KB)
...
006 (14733392.000.000) 2021-09-25 12:58:48 Image size of job updated: 1723
	1723  -  MemoryUsage of job (MB)
	1764476  -  ResidentSetSize of job (KB)
...
006 (14733392.000.000) 2021-09-25 12:59:49 Image size of job updated: 1723
	1723  -  MemoryUsage of job (MB)
	1765308  -  ResidentSetSize of job (KB)
...
006 (14733392.000.000) 2021-09-25 13:03:53 Image size of job updated: 1723
	1723  -  MemoryUsage of job (MB)
	1765312  -  ResidentSetSize of job (KB)
...
006 (14733392.000.000) 2021-09-25 13:04:53 Image size of job updated: 1724
	1724  -  MemoryUsage of job (MB)
	1765584  -  ResidentSetSize of job (KB)
...
006 (14733392.000.000) 2021-09-25 13:05:54 Image size of job updated: 1724
	1724  -  MemoryUsage of job (MB)
	1765592  -  ResidentSetSize of job (KB)
...
006 (14733392.000.000) 2021-09-25 13:07:56 Image size of job updated: 1724
	1724  -  MemoryUsage of job (MB)
	1765796  -  ResidentSetSize of job (KB)
...
006 (14733392.000.000) 2021-09-25 13:08:56 Image size of job updated: 1724
	1724  -  MemoryUsage of job (MB)
	1766128  -  ResidentSetSize of job (KB)
...
006 (14733392.000.000) 2021-09-25 13:09:57 Image size of job updated: 1724
	1724  -  MemoryUsage of job (MB)
	1766136  -  ResidentSetSize of job (KB)
...
006 (14733392.000.000) 2021-09-25 13:12:58 Image size of job updated: 1724
	1724  -  MemoryUsage of job (MB)
	1766276  -  ResidentSetSize of job (KB)
...
006 (14733392.000.000) 2021-09-25 13:13:59 Image size of job updated: 1725
	1725  -  MemoryUsage of job (MB)
	1766524  -  ResidentSetSize of job (KB)
...
006 (14733392.000.000) 2021-09-25 13:16:00 Image size of job updated: 1725
	1725  -  MemoryUsage of job (MB)
	1766528  -  ResidentSetSize of job (KB)
...
006 (14733392.000.000) 2021-09-25 13:19:03 Image size of job updated: 1725
	1725  -  MemoryUsage of job (MB)
	1767264  -  ResidentSetSize of job (KB)
...
006 (14733392.000.000) 2021-09-25 13:20:03 Image size of job updated: 1725
	1725  -  MemoryUsage of job (MB)
	1767268  -  ResidentSetSize of job (KB)
...
006 (14733392.000.000) 2021-09-25 13:24:06 Image size of job updated: 1726
	1726  -  MemoryUsage of job (MB)
	1767956  -  ResidentSetSize of job (KB)
...
006 (14733392.000.000) 2021-09-25 13:25:06 Image size of job updated: 1726
	1726  -  MemoryUsage of job (MB)
	1767960  -  ResidentSetSize of job (KB)
...
006 (14733392.000.000) 2021-09-25 13:29:09 Image size of job updated: 1726
	1726  -  MemoryUsage of job (MB)
	1768140  -  ResidentSetSize of job (KB)
...
006 (14733392.000.000) 2021-09-25 13:33:12 Image size of job updated: 1727
	1727  -  MemoryUsage of job (MB)
	1768564  -  ResidentSetSize of job (KB)
...
006 (14733392.000.000) 2021-09-25 13:34:13 Image size of job updated: 1727
	1727  -  MemoryUsage of job (MB)
	1768568  -  ResidentSetSize of job (KB)
...
006 (14733392.000.000) 2021-09-25 13:38:15 Image size of job updated: 1727
	1727  -  MemoryUsage of job (MB)
	1769200  -  ResidentSetSize of job (KB)
...
006 (14733392.000.000) 2021-09-25 13:39:15 Image size of job updated: 1727
	1727  -  MemoryUsage of job (MB)
	1769216  -  ResidentSetSize of job (KB)
...
006 (14733392.000.000) 2021-09-25 13:43:19 Image size of job updated: 1728
	1728  -  MemoryUsage of job (MB)
	1769756  -  ResidentSetSize of job (KB)
...
006 (14733392.000.000) 2021-09-25 13:44:20 Image size of job updated: 1728
	1728  -  MemoryUsage of job (MB)
	1769760  -  ResidentSetSize of job (KB)
...
006 (14733392.000.000) 2021-09-25 13:45:21 Image size of job updated: 1728
	1728  -  MemoryUsage of job (MB)
	1769772  -  ResidentSetSize of job (KB)
...
006 (14733392.000.000) 2021-09-25 13:48:21 Image size of job updated: 1728
	1728  -  MemoryUsage of job (MB)
	1770412  -  ResidentSetSize of job (KB)
...
006 (14733392.000.000) 2021-09-25 13:53:26 Image size of job updated: 1729
	1729  -  MemoryUsage of job (MB)
	1770644  -  ResidentSetSize of job (KB)
...
006 (14733392.000.000) 2021-09-25 13:56:27 Image size of job updated: 1729
	1729  -  MemoryUsage of job (MB)
	1770648  -  ResidentSetSize of job (KB)
...
006 (14733392.000.000) 2021-09-25 13:57:28 Image size of job updated: 1729
	1729  -  MemoryUsage of job (MB)
	1771236  -  ResidentSetSize of job (KB)
...
006 (14733392.000.000) 2021-09-25 13:58:29 Image size of job updated: 1729
	1729  -  MemoryUsage of job (MB)
	1771248  -  ResidentSetSize of job (KB)
...
006 (14733392.000.000) 2021-09-25 14:02:31 Image size of job updated: 1730
	1730  -  MemoryUsage of job (MB)
	1771760  -  ResidentSetSize of job (KB)
...
006 (14733392.000.000) 2021-09-25 14:03:32 Image size of job updated: 1730
	1730  -  MemoryUsage of job (MB)
	1771764  -  ResidentSetSize of job (KB)
...
006 (14733392.000.000) 2021-09-25 14:04:33 Image size of job updated: 1730
	1730  -  MemoryUsage of job (MB)
	1771768  -  ResidentSetSize of job (KB)
...
006 (14733392.000.000) 2021-09-25 14:07:35 Image size of job updated: 1730
	1730  -  MemoryUsage of job (MB)
	1772524  -  ResidentSetSize of job (KB)
...
006 (14733392.000.000) 2021-09-25 14:08:36 Image size of job updated: 1730
	1730  -  MemoryUsage of job (MB)
	1772532  -  ResidentSetSize of job (KB)
...
006 (14733392.000.000) 2021-09-25 14:09:37 Image size of job updated: 1731
	1731  -  MemoryUsage of job (MB)
	1772580  -  ResidentSetSize of job (KB)
...
006 (14733392.000.000) 2021-09-25 14:12:38 Image size of job updated: 1731
	1731  -  MemoryUsage of job (MB)
	1773300  -  ResidentSetSize of job (KB)
...
006 (14733392.000.000) 2021-09-25 14:16:41 Image size of job updated: 1731
	1731  -  MemoryUsage of job (MB)
	1773348  -  ResidentSetSize of job (KB)
...
006 (14733392.000.000) 2021-09-25 14:17:41 Image size of job updated: 1732
	1732  -  MemoryUsage of job (MB)
	1773604  -  ResidentSetSize of job (KB)
...
006 (14733392.000.000) 2021-09-25 14:18:42 Image size of job updated: 1732
	1732  -  MemoryUsage of job (MB)
	1773608  -  ResidentSetSize of job (KB)
...
006 (14733392.000.000) 2021-09-25 14:19:42 Image size of job updated: 1732
	1732  -  MemoryUsage of job (MB)
	1773640  -  ResidentSetSize of job (KB)
...
006 (14733392.000.000) 2021-09-25 14:21:43 Image size of job updated: 1732
	1732  -  MemoryUsage of job (MB)
	1774112  -  ResidentSetSize of job (KB)
...
006 (14733392.000.000) 2021-09-25 14:25:45 Image size of job updated: 1733
	1733  -  MemoryUsage of job (MB)
	1774664  -  ResidentSetSize of job (KB)
...
006 (14733392.000.000) 2021-09-25 14:26:46 Image size of job updated: 1733
	1733  -  MemoryUsage of job (MB)
	1774672  -  ResidentSetSize of job (KB)
...
006 (14733392.000.000) 2021-09-25 14:29:49 Image size of job updated: 1733
	1733  -  MemoryUsage of job (MB)
	1775004  -  ResidentSetSize of job (KB)
...
006 (14733392.000.000) 2021-09-25 14:30:49 Image size of job updated: 1733
	1733  -  MemoryUsage of job (MB)
	1775008  -  ResidentSetSize of job (KB)
...
006 (14733392.000.000) 2021-09-25 14:32:50 Image size of job updated: 1734
	1734  -  MemoryUsage of job (MB)
	1775692  -  ResidentSetSize of job (KB)
...
006 (14733392.000.000) 2021-09-25 14:33:50 Image size of job updated: 1734
	1734  -  MemoryUsage of job (MB)
	1775704  -  ResidentSetSize of job (KB)
...
006 (14733392.000.000) 2021-09-25 14:36:52 Image size of job updated: 1734
	1734  -  MemoryUsage of job (MB)
	1775936  -  ResidentSetSize of job (KB)
...
006 (14733392.000.000) 2021-09-25 14:39:54 Image size of job updated: 1734
	1734  -  MemoryUsage of job (MB)
	1776528  -  ResidentSetSize of job (KB)
...
006 (14733392.000.000) 2021-09-25 14:40:55 Image size of job updated: 1734
	1734  -  MemoryUsage of job (MB)
	1776552  -  ResidentSetSize of job (KB)
...
006 (14733392.000.000) 2021-09-25 14:41:55 Image size of job updated: 1734
	1734  -  MemoryUsage of job (MB)
	1776556  -  ResidentSetSize of job (KB)
...
006 (14733392.000.000) 2021-09-25 14:43:57 Image size of job updated: 1735
	1735  -  MemoryUsage of job (MB)
	1777028  -  ResidentSetSize of job (KB)
...
006 (14733392.000.000) 2021-09-25 14:44:58 Image size of job updated: 1735
	1735  -  MemoryUsage of job (MB)
	1777032  -  ResidentSetSize of job (KB)
...
006 (14733392.000.000) 2021-09-25 14:47:00 Image size of job updated: 1735
	1735  -  MemoryUsage of job (MB)
	1777536  -  ResidentSetSize of job (KB)
...
006 (14733392.000.000) 2021-09-25 14:48:00 Image size of job updated: 1736
	1736  -  MemoryUsage of job (MB)
	1777728  -  ResidentSetSize of job (KB)
...
006 (14733392.000.000) 2021-09-25 14:51:02 Image size of job updated: 1736
	1736  -  MemoryUsage of job (MB)
	1778364  -  ResidentSetSize of job (KB)
...
006 (14733392.000.000) 2021-09-25 14:54:03 Image size of job updated: 1736
	1736  -  MemoryUsage of job (MB)
	1778444  -  ResidentSetSize of job (KB)
...
006 (14733392.000.000) 2021-09-25 14:55:03 Image size of job updated: 1736
	1736  -  MemoryUsage of job (MB)
	1778576  -  ResidentSetSize of job (KB)
...
006 (14733392.000.000) 2021-09-25 14:57:04 Image size of job updated: 1737
	1737  -  MemoryUsage of job (MB)
	1779008  -  ResidentSetSize of job (KB)
...
006 (14733392.000.000) 2021-09-25 14:58:04 Image size of job updated: 1737
	1737  -  MemoryUsage of job (MB)
	1779016  -  ResidentSetSize of job (KB)
...
006 (14733392.000.000) 2021-09-25 14:59:05 Image size of job updated: 1737
	1737  -  MemoryUsage of job (MB)
	1779352  -  ResidentSetSize of job (KB)
...
040 (14733392.000.000) 2021-09-25 14:59:25 Started transferring output files
...
040 (14733392.000.000) 2021-09-25 14:59:25 Finished transferring output files
...
005 (14733392.000.000) 2021-09-25 14:59:27 Job terminated.
	(1) Normal termination (return value 0)
		Usr 0 00:00:00, Sys 0 00:00:00  -  Run Remote Usage
		Usr 0 00:00:00, Sys 0 00:00:00  -  Run Local Usage
		Usr 0 01:50:17, Sys 0 10:09:18  -  Total Remote Usage
		Usr 0 00:00:00, Sys 0 00:00:00  -  Total Local Usage
	1234308  -  Run Bytes Sent By Job
	8471570  -  Run Bytes Received By Job
	1234308  -  Total Bytes Sent By Job
	8471570  -  Total Bytes Received By Job
	Partitionable Resources :    Usage  Request Allocated 
	   Cpus                 :     0.00        1         1 
	   Disk (KB)            : 35442       10000   1651644 
	   Memory (MB)          :  1737        2048      2048 

	Job terminated of its own accord at 2021-09-25T19:59:25Z.
...
