000 (73340734.000.000) 2021-09-16 05:46:19 Job submitted from host: <131.225.188.235:9618?addrs=131.225.188.235-9618&alias=lpcschedd3.fnal.gov&noUDP&sock=schedd_2706_ab5d>
...
040 (73340734.000.000) 2021-09-16 12:51:12 Started transferring input files
	Transferring to host: <131.225.206.39:9618?addrs=131.225.206.39-9618&alias=cmswn1750.fnal.gov&noUDP&sock=slot1_5_1226_93eb_3713>
...
040 (73340734.000.000) 2021-09-16 12:51:13 Finished transferring input files
...
001 (73340734.000.000) 2021-09-16 12:51:14 Job executing on host: <131.225.206.39:9618?addrs=131.225.206.39-9618&alias=cmswn1750.fnal.gov&noUDP&sock=startd_1151_1198>
...
006 (73340734.000.000) 2021-09-16 12:51:22 Image size of job updated: 42
	42  -  MemoryUsage of job (MB)
	43556  -  ResidentSetSize of job (KB)
...
006 (73340734.000.000) 2021-09-16 12:52:23 Image size of job updated: 527
	527  -  MemoryUsage of job (MB)
	540472  -  ResidentSetSize of job (KB)
...
006 (73340734.000.000) 2021-09-16 12:55:24 Image size of job updated: 542
	542  -  MemoryUsage of job (MB)
	555772  -  ResidentSetSize of job (KB)
...
006 (73340734.000.000) 2021-09-16 12:56:25 Image size of job updated: 596
	596  -  MemoryUsage of job (MB)
	610512  -  ResidentSetSize of job (KB)
...
006 (73340734.000.000) 2021-09-16 12:57:25 Image size of job updated: 643
	643  -  MemoryUsage of job (MB)
	658740  -  ResidentSetSize of job (KB)
...
006 (73340734.000.000) 2021-09-16 12:58:26 Image size of job updated: 684
	684  -  MemoryUsage of job (MB)
	700788  -  ResidentSetSize of job (KB)
...
006 (73340734.000.000) 2021-09-16 12:59:26 Image size of job updated: 722
	722  -  MemoryUsage of job (MB)
	739480  -  ResidentSetSize of job (KB)
...
006 (73340734.000.000) 2021-09-16 13:00:26 Image size of job updated: 757
	757  -  MemoryUsage of job (MB)
	775596  -  ResidentSetSize of job (KB)
...
006 (73340734.000.000) 2021-09-16 13:01:27 Image size of job updated: 790
	790  -  MemoryUsage of job (MB)
	809728  -  ResidentSetSize of job (KB)
...
006 (73340734.000.000) 2021-09-16 13:02:27 Image size of job updated: 823
	823  -  MemoryUsage of job (MB)
	842892  -  ResidentSetSize of job (KB)
...
006 (73340734.000.000) 2021-09-16 13:03:27 Image size of job updated: 855
	855  -  MemoryUsage of job (MB)
	875844  -  ResidentSetSize of job (KB)
...
006 (73340734.000.000) 2021-09-16 13:04:28 Image size of job updated: 896
	896  -  MemoryUsage of job (MB)
	917904  -  ResidentSetSize of job (KB)
...
006 (73340734.000.000) 2021-09-16 13:05:28 Image size of job updated: 925
	925  -  MemoryUsage of job (MB)
	947704  -  ResidentSetSize of job (KB)
...
006 (73340734.000.000) 2021-09-16 13:06:28 Image size of job updated: 953
	953  -  MemoryUsage of job (MB)
	976656  -  ResidentSetSize of job (KB)
...
006 (73340734.000.000) 2021-09-16 13:07:29 Image size of job updated: 979
	979  -  MemoryUsage of job (MB)
	1003460  -  ResidentSetSize of job (KB)
...
006 (73340734.000.000) 2021-09-16 13:08:30 Image size of job updated: 1006
	1006  -  MemoryUsage of job (MB)
	1030652  -  ResidentSetSize of job (KB)
...
006 (73340734.000.000) 2021-09-16 13:09:30 Image size of job updated: 1036
	1036  -  MemoryUsage of job (MB)
	1061140  -  ResidentSetSize of job (KB)
...
006 (73340734.000.000) 2021-09-16 13:10:31 Image size of job updated: 1069
	1069  -  MemoryUsage of job (MB)
	1095476  -  ResidentSetSize of job (KB)
...
006 (73340734.000.000) 2021-09-16 13:11:32 Image size of job updated: 1092
	1092  -  MemoryUsage of job (MB)
	1119076  -  ResidentSetSize of job (KB)
...
006 (73340734.000.000) 2021-09-16 13:12:32 Image size of job updated: 1115
	1115  -  MemoryUsage of job (MB)
	1142536  -  ResidentSetSize of job (KB)
...
006 (73340734.000.000) 2021-09-16 13:13:33 Image size of job updated: 1138
	1138  -  MemoryUsage of job (MB)
	1165704  -  ResidentSetSize of job (KB)
...
006 (73340734.000.000) 2021-09-16 13:14:34 Image size of job updated: 1161
	1161  -  MemoryUsage of job (MB)
	1188868  -  ResidentSetSize of job (KB)
...
006 (73340734.000.000) 2021-09-16 13:15:34 Image size of job updated: 1182
	1182  -  MemoryUsage of job (MB)
	1210736  -  ResidentSetSize of job (KB)
...
006 (73340734.000.000) 2021-09-16 13:16:35 Image size of job updated: 1203
	1203  -  MemoryUsage of job (MB)
	1232172  -  ResidentSetSize of job (KB)
...
006 (73340734.000.000) 2021-09-16 13:17:35 Image size of job updated: 1223
	1223  -  MemoryUsage of job (MB)
	1253212  -  ResidentSetSize of job (KB)
...
006 (73340734.000.000) 2021-09-16 13:18:36 Image size of job updated: 1243
	1243  -  MemoryUsage of job (MB)
	1273732  -  ResidentSetSize of job (KB)
...
006 (73340734.000.000) 2021-09-16 13:19:37 Image size of job updated: 1263
	1263  -  MemoryUsage of job (MB)
	1293984  -  ResidentSetSize of job (KB)
...
006 (73340734.000.000) 2021-09-16 13:20:37 Image size of job updated: 1283
	1283  -  MemoryUsage of job (MB)
	1313840  -  ResidentSetSize of job (KB)
...
006 (73340734.000.000) 2021-09-16 13:21:38 Image size of job updated: 1302
	1302  -  MemoryUsage of job (MB)
	1333368  -  ResidentSetSize of job (KB)
...
006 (73340734.000.000) 2021-09-16 13:22:39 Image size of job updated: 1320
	1320  -  MemoryUsage of job (MB)
	1352544  -  ResidentSetSize of job (KB)
...
006 (73340734.000.000) 2021-09-16 13:23:39 Image size of job updated: 1339
	1339  -  MemoryUsage of job (MB)
	1371404  -  ResidentSetSize of job (KB)
...
006 (73340734.000.000) 2021-09-16 13:24:40 Image size of job updated: 1357
	1357  -  MemoryUsage of job (MB)
	1389972  -  ResidentSetSize of job (KB)
...
006 (73340734.000.000) 2021-09-16 13:25:41 Image size of job updated: 1375
	1375  -  MemoryUsage of job (MB)
	1408368  -  ResidentSetSize of job (KB)
...
006 (73340734.000.000) 2021-09-16 13:26:41 Image size of job updated: 1391
	1391  -  MemoryUsage of job (MB)
	1424752  -  ResidentSetSize of job (KB)
...
006 (73340734.000.000) 2021-09-16 13:27:41 Image size of job updated: 1408
	1408  -  MemoryUsage of job (MB)
	1442520  -  ResidentSetSize of job (KB)
...
006 (73340734.000.000) 2021-09-16 13:28:42 Image size of job updated: 1426
	1426  -  MemoryUsage of job (MB)
	1460256  -  ResidentSetSize of job (KB)
...
006 (73340734.000.000) 2021-09-16 13:29:42 Image size of job updated: 1443
	1443  -  MemoryUsage of job (MB)
	1477672  -  ResidentSetSize of job (KB)
...
006 (73340734.000.000) 2021-09-16 13:30:42 Image size of job updated: 1459
	1459  -  MemoryUsage of job (MB)
	1494852  -  ResidentSetSize of job (KB)
...
006 (73340734.000.000) 2021-09-16 13:31:43 Image size of job updated: 1476
	1476  -  MemoryUsage of job (MB)
	1511724  -  ResidentSetSize of job (KB)
...
006 (73340734.000.000) 2021-09-16 13:32:44 Image size of job updated: 1492
	1492  -  MemoryUsage of job (MB)
	1528460  -  ResidentSetSize of job (KB)
...
006 (73340734.000.000) 2021-09-16 13:33:45 Image size of job updated: 1508
	1508  -  MemoryUsage of job (MB)
	1544932  -  ResidentSetSize of job (KB)
...
006 (73340734.000.000) 2021-09-16 13:34:45 Image size of job updated: 1524
	1524  -  MemoryUsage of job (MB)
	1560996  -  ResidentSetSize of job (KB)
...
006 (73340734.000.000) 2021-09-16 13:35:45 Image size of job updated: 1544
	1544  -  MemoryUsage of job (MB)
	1581212  -  ResidentSetSize of job (KB)
...
006 (73340734.000.000) 2021-09-16 13:36:45 Image size of job updated: 1626
	1626  -  MemoryUsage of job (MB)
	1665068  -  ResidentSetSize of job (KB)
...
006 (73340734.000.000) 2021-09-16 13:37:46 Image size of job updated: 1649
	1649  -  MemoryUsage of job (MB)
	1689416  -  ResidentSetSize of job (KB)
...
006 (73340734.000.000) 2021-09-16 13:38:46 Image size of job updated: 1657
	1657  -  MemoryUsage of job (MB)
	1696836  -  ResidentSetSize of job (KB)
...
006 (73340734.000.000) 2021-09-16 13:39:46 Image size of job updated: 1661
	1661  -  MemoryUsage of job (MB)
	1701404  -  ResidentSetSize of job (KB)
...
006 (73340734.000.000) 2021-09-16 13:40:46 Image size of job updated: 1664
	1664  -  MemoryUsage of job (MB)
	1704008  -  ResidentSetSize of job (KB)
...
006 (73340734.000.000) 2021-09-16 13:41:47 Image size of job updated: 1667
	1667  -  MemoryUsage of job (MB)
	1707220  -  ResidentSetSize of job (KB)
...
006 (73340734.000.000) 2021-09-16 13:42:47 Image size of job updated: 1670
	1670  -  MemoryUsage of job (MB)
	1710128  -  ResidentSetSize of job (KB)
...
006 (73340734.000.000) 2021-09-16 13:43:48 Image size of job updated: 1672
	1672  -  MemoryUsage of job (MB)
	1712948  -  ResidentSetSize of job (KB)
...
006 (73340734.000.000) 2021-09-16 13:44:49 Image size of job updated: 1674
	1674  -  MemoryUsage of job (MB)
	1714848  -  ResidentSetSize of job (KB)
...
006 (73340734.000.000) 2021-09-16 13:45:49 Image size of job updated: 1676
	1676  -  MemoryUsage of job (MB)
	1716888  -  ResidentSetSize of job (KB)
...
006 (73340734.000.000) 2021-09-16 13:46:49 Image size of job updated: 1678
	1678  -  MemoryUsage of job (MB)
	1718604  -  ResidentSetSize of job (KB)
...
006 (73340734.000.000) 2021-09-16 13:47:50 Image size of job updated: 1679
	1679  -  MemoryUsage of job (MB)
	1719636  -  ResidentSetSize of job (KB)
...
006 (73340734.000.000) 2021-09-16 13:48:50 Image size of job updated: 1680
	1680  -  MemoryUsage of job (MB)
	1721260  -  ResidentSetSize of job (KB)
...
006 (73340734.000.000) 2021-09-16 13:49:50 Image size of job updated: 1681
	1681  -  MemoryUsage of job (MB)
	1722124  -  ResidentSetSize of job (KB)
...
006 (73340734.000.000) 2021-09-16 13:50:51 Image size of job updated: 1682
	1682  -  MemoryUsage of job (MB)
	1723204  -  ResidentSetSize of job (KB)
...
006 (73340734.000.000) 2021-09-16 13:51:52 Image size of job updated: 1683
	1683  -  MemoryUsage of job (MB)
	1724192  -  ResidentSetSize of job (KB)
...
006 (73340734.000.000) 2021-09-16 13:52:52 Image size of job updated: 1684
	1684  -  MemoryUsage of job (MB)
	1725360  -  ResidentSetSize of job (KB)
...
006 (73340734.000.000) 2021-09-16 13:53:53 Image size of job updated: 1686
	1686  -  MemoryUsage of job (MB)
	1726592  -  ResidentSetSize of job (KB)
...
006 (73340734.000.000) 2021-09-16 13:54:53 Image size of job updated: 1686
	1686  -  MemoryUsage of job (MB)
	1727220  -  ResidentSetSize of job (KB)
...
006 (73340734.000.000) 2021-09-16 13:55:54 Image size of job updated: 1687
	1687  -  MemoryUsage of job (MB)
	1728180  -  ResidentSetSize of job (KB)
...
006 (73340734.000.000) 2021-09-16 13:56:54 Image size of job updated: 1688
	1688  -  MemoryUsage of job (MB)
	1729076  -  ResidentSetSize of job (KB)
...
006 (73340734.000.000) 2021-09-16 13:57:54 Image size of job updated: 1689
	1689  -  MemoryUsage of job (MB)
	1730164  -  ResidentSetSize of job (KB)
...
006 (73340734.000.000) 2021-09-16 13:58:55 Image size of job updated: 1690
	1690  -  MemoryUsage of job (MB)
	1731112  -  ResidentSetSize of job (KB)
...
006 (73340734.000.000) 2021-09-16 13:59:55 Image size of job updated: 1691
	1691  -  MemoryUsage of job (MB)
	1731728  -  ResidentSetSize of job (KB)
...
006 (73340734.000.000) 2021-09-16 14:00:55 Image size of job updated: 1692
	1692  -  MemoryUsage of job (MB)
	1732648  -  ResidentSetSize of job (KB)
...
006 (73340734.000.000) 2021-09-16 14:01:56 Image size of job updated: 1692
	1692  -  MemoryUsage of job (MB)
	1733400  -  ResidentSetSize of job (KB)
...
006 (73340734.000.000) 2021-09-16 14:02:56 Image size of job updated: 1693
	1693  -  MemoryUsage of job (MB)
	1734280  -  ResidentSetSize of job (KB)
...
006 (73340734.000.000) 2021-09-16 14:03:56 Image size of job updated: 1695
	1695  -  MemoryUsage of job (MB)
	1735696  -  ResidentSetSize of job (KB)
...
006 (73340734.000.000) 2021-09-16 14:04:57 Image size of job updated: 1695
	1695  -  MemoryUsage of job (MB)
	1736132  -  ResidentSetSize of job (KB)
...
006 (73340734.000.000) 2021-09-16 14:05:57 Image size of job updated: 1696
	1696  -  MemoryUsage of job (MB)
	1736836  -  ResidentSetSize of job (KB)
...
006 (73340734.000.000) 2021-09-16 14:06:58 Image size of job updated: 1696
	1696  -  MemoryUsage of job (MB)
	1737460  -  ResidentSetSize of job (KB)
...
006 (73340734.000.000) 2021-09-16 14:07:59 Image size of job updated: 1697
	1697  -  MemoryUsage of job (MB)
	1738064  -  ResidentSetSize of job (KB)
...
006 (73340734.000.000) 2021-09-16 14:08:59 Image size of job updated: 1698
	1698  -  MemoryUsage of job (MB)
	1738808  -  ResidentSetSize of job (KB)
...
006 (73340734.000.000) 2021-09-16 14:10:00 Image size of job updated: 1698
	1698  -  MemoryUsage of job (MB)
	1739108  -  ResidentSetSize of job (KB)
...
006 (73340734.000.000) 2021-09-16 14:11:00 Image size of job updated: 1699
	1699  -  MemoryUsage of job (MB)
	1739788  -  ResidentSetSize of job (KB)
...
006 (73340734.000.000) 2021-09-16 14:12:00 Image size of job updated: 1699
	1699  -  MemoryUsage of job (MB)
	1740340  -  ResidentSetSize of job (KB)
...
006 (73340734.000.000) 2021-09-16 14:13:01 Image size of job updated: 1700
	1700  -  MemoryUsage of job (MB)
	1741076  -  ResidentSetSize of job (KB)
...
006 (73340734.000.000) 2021-09-16 14:14:01 Image size of job updated: 1701
	1701  -  MemoryUsage of job (MB)
	1741900  -  ResidentSetSize of job (KB)
...
006 (73340734.000.000) 2021-09-16 14:15:01 Image size of job updated: 1701
	1701  -  MemoryUsage of job (MB)
	1742184  -  ResidentSetSize of job (KB)
...
006 (73340734.000.000) 2021-09-16 14:16:02 Image size of job updated: 1702
	1702  -  MemoryUsage of job (MB)
	1742900  -  ResidentSetSize of job (KB)
...
006 (73340734.000.000) 2021-09-16 14:17:02 Image size of job updated: 1703
	1703  -  MemoryUsage of job (MB)
	1744832  -  ResidentSetSize of job (KB)
...
006 (73340734.000.000) 2021-09-16 14:18:03 Image size of job updated: 1704
	1704  -  MemoryUsage of job (MB)
	1745428  -  ResidentSetSize of job (KB)
...
006 (73340734.000.000) 2021-09-16 14:19:04 Image size of job updated: 1705
	1705  -  MemoryUsage of job (MB)
	1746300  -  ResidentSetSize of job (KB)
...
006 (73340734.000.000) 2021-09-16 14:20:04 Image size of job updated: 1706
	1706  -  MemoryUsage of job (MB)
	1746948  -  ResidentSetSize of job (KB)
...
006 (73340734.000.000) 2021-09-16 14:21:05 Image size of job updated: 1706
	1706  -  MemoryUsage of job (MB)
	1747560  -  ResidentSetSize of job (KB)
...
006 (73340734.000.000) 2021-09-16 14:22:05 Image size of job updated: 1707
	1707  -  MemoryUsage of job (MB)
	1748148  -  ResidentSetSize of job (KB)
...
006 (73340734.000.000) 2021-09-16 14:23:05 Image size of job updated: 1707
	1707  -  MemoryUsage of job (MB)
	1748868  -  ResidentSetSize of job (KB)
...
006 (73340734.000.000) 2021-09-16 14:24:06 Image size of job updated: 1708
	1708  -  MemoryUsage of job (MB)
	1749492  -  ResidentSetSize of job (KB)
...
006 (73340734.000.000) 2021-09-16 14:25:07 Image size of job updated: 1708
	1708  -  MemoryUsage of job (MB)
	1749768  -  ResidentSetSize of job (KB)
...
006 (73340734.000.000) 2021-09-16 14:26:07 Image size of job updated: 1709
	1709  -  MemoryUsage of job (MB)
	1750356  -  ResidentSetSize of job (KB)
...
006 (73340734.000.000) 2021-09-16 14:27:08 Image size of job updated: 1709
	1709  -  MemoryUsage of job (MB)
	1750900  -  ResidentSetSize of job (KB)
...
006 (73340734.000.000) 2021-09-16 14:28:09 Image size of job updated: 1710
	1710  -  MemoryUsage of job (MB)
	1751568  -  ResidentSetSize of job (KB)
...
006 (73340734.000.000) 2021-09-16 14:29:10 Image size of job updated: 1711
	1711  -  MemoryUsage of job (MB)
	1752252  -  ResidentSetSize of job (KB)
...
006 (73340734.000.000) 2021-09-16 14:30:10 Image size of job updated: 1711
	1711  -  MemoryUsage of job (MB)
	1752672  -  ResidentSetSize of job (KB)
...
006 (73340734.000.000) 2021-09-16 14:31:11 Image size of job updated: 1712
	1712  -  MemoryUsage of job (MB)
	1753232  -  ResidentSetSize of job (KB)
...
006 (73340734.000.000) 2021-09-16 14:32:12 Image size of job updated: 1712
	1712  -  MemoryUsage of job (MB)
	1753728  -  ResidentSetSize of job (KB)
...
006 (73340734.000.000) 2021-09-16 14:33:12 Image size of job updated: 1712
	1712  -  MemoryUsage of job (MB)
	1753784  -  ResidentSetSize of job (KB)
...
006 (73340734.000.000) 2021-09-16 14:34:13 Image size of job updated: 1713
	1713  -  MemoryUsage of job (MB)
	1754460  -  ResidentSetSize of job (KB)
...
006 (73340734.000.000) 2021-09-16 14:35:14 Image size of job updated: 1713
	1713  -  MemoryUsage of job (MB)
	1754892  -  ResidentSetSize of job (KB)
...
006 (73340734.000.000) 2021-09-16 14:36:14 Image size of job updated: 1714
	1714  -  MemoryUsage of job (MB)
	1755248  -  ResidentSetSize of job (KB)
...
006 (73340734.000.000) 2021-09-16 14:37:15 Image size of job updated: 1714
	1714  -  MemoryUsage of job (MB)
	1755784  -  ResidentSetSize of job (KB)
...
006 (73340734.000.000) 2021-09-16 14:38:15 Image size of job updated: 1715
	1715  -  MemoryUsage of job (MB)
	1756420  -  ResidentSetSize of job (KB)
...
006 (73340734.000.000) 2021-09-16 14:39:15 Image size of job updated: 1715
	1715  -  MemoryUsage of job (MB)
	1757172  -  ResidentSetSize of job (KB)
...
006 (73340734.000.000) 2021-09-16 14:40:16 Image size of job updated: 1716
	1716  -  MemoryUsage of job (MB)
	1758040  -  ResidentSetSize of job (KB)
...
006 (73340734.000.000) 2021-09-16 14:41:16 Image size of job updated: 1717
	1717  -  MemoryUsage of job (MB)
	1758316  -  ResidentSetSize of job (KB)
...
006 (73340734.000.000) 2021-09-16 14:42:16 Image size of job updated: 1717
	1717  -  MemoryUsage of job (MB)
	1758812  -  ResidentSetSize of job (KB)
...
006 (73340734.000.000) 2021-09-16 14:43:17 Image size of job updated: 1718
	1718  -  MemoryUsage of job (MB)
	1759336  -  ResidentSetSize of job (KB)
...
006 (73340734.000.000) 2021-09-16 14:44:18 Image size of job updated: 1718
	1718  -  MemoryUsage of job (MB)
	1759532  -  ResidentSetSize of job (KB)
...
006 (73340734.000.000) 2021-09-16 14:45:18 Image size of job updated: 1719
	1719  -  MemoryUsage of job (MB)
	1760492  -  ResidentSetSize of job (KB)
...
006 (73340734.000.000) 2021-09-16 14:46:19 Image size of job updated: 1719
	1719  -  MemoryUsage of job (MB)
	1760864  -  ResidentSetSize of job (KB)
...
006 (73340734.000.000) 2021-09-16 14:47:19 Image size of job updated: 1720
	1720  -  MemoryUsage of job (MB)
	1761568  -  ResidentSetSize of job (KB)
...
006 (73340734.000.000) 2021-09-16 14:48:20 Image size of job updated: 1720
	1720  -  MemoryUsage of job (MB)
	1762028  -  ResidentSetSize of job (KB)
...
006 (73340734.000.000) 2021-09-16 14:49:21 Image size of job updated: 1721
	1721  -  MemoryUsage of job (MB)
	1762352  -  ResidentSetSize of job (KB)
...
006 (73340734.000.000) 2021-09-16 14:50:21 Image size of job updated: 1721
	1721  -  MemoryUsage of job (MB)
	1763076  -  ResidentSetSize of job (KB)
...
006 (73340734.000.000) 2021-09-16 14:51:22 Image size of job updated: 1722
	1722  -  MemoryUsage of job (MB)
	1763772  -  ResidentSetSize of job (KB)
...
006 (73340734.000.000) 2021-09-16 14:52:22 Image size of job updated: 1722
	1722  -  MemoryUsage of job (MB)
	1764092  -  ResidentSetSize of job (KB)
...
006 (73340734.000.000) 2021-09-16 14:53:22 Image size of job updated: 1723
	1723  -  MemoryUsage of job (MB)
	1764792  -  ResidentSetSize of job (KB)
...
006 (73340734.000.000) 2021-09-16 14:54:23 Image size of job updated: 1723
	1723  -  MemoryUsage of job (MB)
	1765316  -  ResidentSetSize of job (KB)
...
006 (73340734.000.000) 2021-09-16 14:55:24 Image size of job updated: 1724
	1724  -  MemoryUsage of job (MB)
	1766028  -  ResidentSetSize of job (KB)
...
006 (73340734.000.000) 2021-09-16 14:56:24 Image size of job updated: 1725
	1725  -  MemoryUsage of job (MB)
	1766680  -  ResidentSetSize of job (KB)
...
006 (73340734.000.000) 2021-09-16 14:57:25 Image size of job updated: 1725
	1725  -  MemoryUsage of job (MB)
	1767172  -  ResidentSetSize of job (KB)
...
006 (73340734.000.000) 2021-09-16 14:58:26 Image size of job updated: 1726
	1726  -  MemoryUsage of job (MB)
	1767824  -  ResidentSetSize of job (KB)
...
006 (73340734.000.000) 2021-09-16 14:59:26 Image size of job updated: 1726
	1726  -  MemoryUsage of job (MB)
	1768340  -  ResidentSetSize of job (KB)
...
006 (73340734.000.000) 2021-09-16 15:00:27 Image size of job updated: 1727
	1727  -  MemoryUsage of job (MB)
	1769048  -  ResidentSetSize of job (KB)
...
006 (73340734.000.000) 2021-09-16 15:01:28 Image size of job updated: 1728
	1728  -  MemoryUsage of job (MB)
	1769644  -  ResidentSetSize of job (KB)
...
006 (73340734.000.000) 2021-09-16 15:02:28 Image size of job updated: 1728
	1728  -  MemoryUsage of job (MB)
	1769868  -  ResidentSetSize of job (KB)
...
006 (73340734.000.000) 2021-09-16 15:03:29 Image size of job updated: 1729
	1729  -  MemoryUsage of job (MB)
	1770632  -  ResidentSetSize of job (KB)
...
006 (73340734.000.000) 2021-09-16 15:04:30 Image size of job updated: 1729
	1729  -  MemoryUsage of job (MB)
	1771296  -  ResidentSetSize of job (KB)
...
006 (73340734.000.000) 2021-09-16 15:05:30 Image size of job updated: 1730
	1730  -  MemoryUsage of job (MB)
	1772100  -  ResidentSetSize of job (KB)
...
006 (73340734.000.000) 2021-09-16 15:06:31 Image size of job updated: 1731
	1731  -  MemoryUsage of job (MB)
	1772740  -  ResidentSetSize of job (KB)
...
006 (73340734.000.000) 2021-09-16 15:07:31 Image size of job updated: 1731
	1731  -  MemoryUsage of job (MB)
	1773032  -  ResidentSetSize of job (KB)
...
006 (73340734.000.000) 2021-09-16 15:08:31 Image size of job updated: 1732
	1732  -  MemoryUsage of job (MB)
	1773664  -  ResidentSetSize of job (KB)
...
006 (73340734.000.000) 2021-09-16 15:09:32 Image size of job updated: 1732
	1732  -  MemoryUsage of job (MB)
	1774216  -  ResidentSetSize of job (KB)
...
006 (73340734.000.000) 2021-09-16 15:10:33 Image size of job updated: 1733
	1733  -  MemoryUsage of job (MB)
	1774800  -  ResidentSetSize of job (KB)
...
006 (73340734.000.000) 2021-09-16 15:11:33 Image size of job updated: 1733
	1733  -  MemoryUsage of job (MB)
	1775460  -  ResidentSetSize of job (KB)
...
006 (73340734.000.000) 2021-09-16 15:12:34 Image size of job updated: 1734
	1734  -  MemoryUsage of job (MB)
	1775856  -  ResidentSetSize of job (KB)
...
006 (73340734.000.000) 2021-09-16 15:13:34 Image size of job updated: 1734
	1734  -  MemoryUsage of job (MB)
	1776464  -  ResidentSetSize of job (KB)
...
006 (73340734.000.000) 2021-09-16 15:14:34 Image size of job updated: 1735
	1735  -  MemoryUsage of job (MB)
	1776840  -  ResidentSetSize of job (KB)
...
006 (73340734.000.000) 2021-09-16 15:15:35 Image size of job updated: 1735
	1735  -  MemoryUsage of job (MB)
	1777376  -  ResidentSetSize of job (KB)
...
006 (73340734.000.000) 2021-09-16 15:16:35 Image size of job updated: 1735
	1735  -  MemoryUsage of job (MB)
	1777532  -  ResidentSetSize of job (KB)
...
006 (73340734.000.000) 2021-09-16 15:17:35 Image size of job updated: 1736
	1736  -  MemoryUsage of job (MB)
	1778324  -  ResidentSetSize of job (KB)
...
006 (73340734.000.000) 2021-09-16 15:18:36 Image size of job updated: 1736
	1736  -  MemoryUsage of job (MB)
	1778540  -  ResidentSetSize of job (KB)
...
006 (73340734.000.000) 2021-09-16 15:19:37 Image size of job updated: 1737
	1737  -  MemoryUsage of job (MB)
	1779220  -  ResidentSetSize of job (KB)
...
040 (73340734.000.000) 2021-09-16 15:20:00 Started transferring output files
...
040 (73340734.000.000) 2021-09-16 15:20:00 Finished transferring output files
...
005 (73340734.000.000) 2021-09-16 15:20:02 Job terminated.
	(1) Normal termination (return value 0)
		Usr 0 01:17:28, Sys 0 01:02:35  -  Run Remote Usage
		Usr 0 00:00:00, Sys 0 00:00:00  -  Run Local Usage
		Usr 0 01:17:28, Sys 0 01:02:35  -  Total Remote Usage
		Usr 0 00:00:00, Sys 0 00:00:00  -  Total Local Usage
	1234263  -  Run Bytes Sent By Job
	8471534  -  Run Bytes Received By Job
	1234263  -  Total Bytes Sent By Job
	8471534  -  Total Bytes Received By Job
	Partitionable Resources :    Usage  Request Allocated 
	   Cpus                 :     0.00        1         1 
	   Disk (KB)            : 31239       10000    324496 
	   Memory (MB)          :  1737        2048      2048 

	Job terminated of its own accord at 2021-09-16T20:20:00Z.
...
000 (73445602.000.000) 2021-09-24 22:31:41 Job submitted from host: <131.225.188.235:9618?addrs=131.225.188.235-9618&alias=lpcschedd3.fnal.gov&noUDP&sock=schedd_2706_ab5d>
...
040 (73445602.000.000) 2021-09-25 07:25:54 Started transferring input files
	Transferring to host: <131.225.188.54:9618?addrs=131.225.188.54-9618&alias=cmswn2034.fnal.gov&noUDP&sock=slot1_39_1985_5caa_4582>
...
040 (73445602.000.000) 2021-09-25 07:25:54 Finished transferring input files
...
001 (73445602.000.000) 2021-09-25 07:25:55 Job executing on host: <131.225.188.54:9618?addrs=131.225.188.54-9618&alias=cmswn2034.fnal.gov&noUDP&sock=startd_1894_b476>
...
006 (73445602.000.000) 2021-09-25 07:26:03 Image size of job updated: 4
	4  -  MemoryUsage of job (MB)
	4256  -  ResidentSetSize of job (KB)
...
006 (73445602.000.000) 2021-09-25 07:27:04 Image size of job updated: 455
	455  -  MemoryUsage of job (MB)
	466840  -  ResidentSetSize of job (KB)
...
006 (73445602.000.000) 2021-09-25 07:28:04 Image size of job updated: 532
	532  -  MemoryUsage of job (MB)
	545212  -  ResidentSetSize of job (KB)
...
006 (73445602.000.000) 2021-09-25 07:32:08 Image size of job updated: 546
	546  -  MemoryUsage of job (MB)
	559804  -  ResidentSetSize of job (KB)
...
006 (73445602.000.000) 2021-09-25 07:33:09 Image size of job updated: 590
	590  -  MemoryUsage of job (MB)
	604224  -  ResidentSetSize of job (KB)
...
006 (73445602.000.000) 2021-09-25 07:34:09 Image size of job updated: 632
	632  -  MemoryUsage of job (MB)
	648044  -  ResidentSetSize of job (KB)
...
006 (73445602.000.000) 2021-09-25 07:35:09 Image size of job updated: 669
	669  -  MemoryUsage of job (MB)
	685216  -  ResidentSetSize of job (KB)
...
006 (73445602.000.000) 2021-09-25 07:36:10 Image size of job updated: 703
	703  -  MemoryUsage of job (MB)
	720240  -  ResidentSetSize of job (KB)
...
006 (73445602.000.000) 2021-09-25 07:37:12 Image size of job updated: 736
	736  -  MemoryUsage of job (MB)
	754192  -  ResidentSetSize of job (KB)
...
006 (73445602.000.000) 2021-09-25 07:38:12 Image size of job updated: 764
	764  -  MemoryUsage of job (MB)
	782644  -  ResidentSetSize of job (KB)
...
006 (73445602.000.000) 2021-09-25 07:39:13 Image size of job updated: 793
	793  -  MemoryUsage of job (MB)
	812604  -  ResidentSetSize of job (KB)
...
006 (73445602.000.000) 2021-09-25 07:40:13 Image size of job updated: 823
	823  -  MemoryUsage of job (MB)
	842788  -  ResidentSetSize of job (KB)
...
006 (73445602.000.000) 2021-09-25 07:41:13 Image size of job updated: 852
	852  -  MemoryUsage of job (MB)
	873384  -  ResidentSetSize of job (KB)
...
006 (73445602.000.000) 2021-09-25 07:42:14 Image size of job updated: 880
	880  -  MemoryUsage of job (MB)
	901224  -  ResidentSetSize of job (KB)
...
006 (73445602.000.000) 2021-09-25 07:43:16 Image size of job updated: 918
	918  -  MemoryUsage of job (MB)
	940368  -  ResidentSetSize of job (KB)
...
006 (73445602.000.000) 2021-09-25 07:44:16 Image size of job updated: 942
	942  -  MemoryUsage of job (MB)
	965188  -  ResidentSetSize of job (KB)
...
006 (73445602.000.000) 2021-09-25 07:45:16 Image size of job updated: 967
	967  -  MemoryUsage of job (MB)
	991064  -  ResidentSetSize of job (KB)
...
006 (73445602.000.000) 2021-09-25 07:46:16 Image size of job updated: 991
	991  -  MemoryUsage of job (MB)
	1015708  -  ResidentSetSize of job (KB)
...
006 (73445602.000.000) 2021-09-25 07:47:17 Image size of job updated: 1015
	1015  -  MemoryUsage of job (MB)
	1039928  -  ResidentSetSize of job (KB)
...
006 (73445602.000.000) 2021-09-25 07:48:18 Image size of job updated: 1042
	1042  -  MemoryUsage of job (MB)
	1067736  -  ResidentSetSize of job (KB)
...
006 (73445602.000.000) 2021-09-25 07:49:19 Image size of job updated: 1074
	1074  -  MemoryUsage of job (MB)
	1100308  -  ResidentSetSize of job (KB)
...
006 (73445602.000.000) 2021-09-25 07:50:20 Image size of job updated: 1095
	1095  -  MemoryUsage of job (MB)
	1122156  -  ResidentSetSize of job (KB)
...
006 (73445602.000.000) 2021-09-25 07:51:20 Image size of job updated: 1116
	1116  -  MemoryUsage of job (MB)
	1143536  -  ResidentSetSize of job (KB)
...
006 (73445602.000.000) 2021-09-25 07:52:21 Image size of job updated: 1137
	1137  -  MemoryUsage of job (MB)
	1164960  -  ResidentSetSize of job (KB)
...
006 (73445602.000.000) 2021-09-25 07:53:23 Image size of job updated: 1158
	1158  -  MemoryUsage of job (MB)
	1186564  -  ResidentSetSize of job (KB)
...
006 (73445602.000.000) 2021-09-25 07:54:24 Image size of job updated: 1178
	1178  -  MemoryUsage of job (MB)
	1207016  -  ResidentSetSize of job (KB)
...
006 (73445602.000.000) 2021-09-25 07:55:24 Image size of job updated: 1196
	1196  -  MemoryUsage of job (MB)
	1224972  -  ResidentSetSize of job (KB)
...
006 (73445602.000.000) 2021-09-25 07:56:24 Image size of job updated: 1215
	1215  -  MemoryUsage of job (MB)
	1244912  -  ResidentSetSize of job (KB)
...
006 (73445602.000.000) 2021-09-25 07:57:25 Image size of job updated: 1234
	1234  -  MemoryUsage of job (MB)
	1264508  -  ResidentSetSize of job (KB)
...
006 (73445602.000.000) 2021-09-25 07:58:25 Image size of job updated: 1253
	1253  -  MemoryUsage of job (MB)
	1283844  -  ResidentSetSize of job (KB)
...
006 (73445602.000.000) 2021-09-25 07:59:26 Image size of job updated: 1271
	1271  -  MemoryUsage of job (MB)
	1302152  -  ResidentSetSize of job (KB)
...
006 (73445602.000.000) 2021-09-25 08:00:27 Image size of job updated: 1287
	1287  -  MemoryUsage of job (MB)
	1318732  -  ResidentSetSize of job (KB)
...
006 (73445602.000.000) 2021-09-25 08:01:27 Image size of job updated: 1305
	1305  -  MemoryUsage of job (MB)
	1336992  -  ResidentSetSize of job (KB)
...
006 (73445602.000.000) 2021-09-25 08:02:27 Image size of job updated: 1322
	1322  -  MemoryUsage of job (MB)
	1354652  -  ResidentSetSize of job (KB)
...
006 (73445602.000.000) 2021-09-25 08:03:28 Image size of job updated: 1340
	1340  -  MemoryUsage of job (MB)
	1372376  -  ResidentSetSize of job (KB)
...
006 (73445602.000.000) 2021-09-25 08:04:28 Image size of job updated: 1357
	1357  -  MemoryUsage of job (MB)
	1389928  -  ResidentSetSize of job (KB)
...
006 (73445602.000.000) 2021-09-25 08:05:30 Image size of job updated: 1374
	1374  -  MemoryUsage of job (MB)
	1407156  -  ResidentSetSize of job (KB)
...
006 (73445602.000.000) 2021-09-25 08:06:31 Image size of job updated: 1390
	1390  -  MemoryUsage of job (MB)
	1423720  -  ResidentSetSize of job (KB)
...
006 (73445602.000.000) 2021-09-25 08:07:33 Image size of job updated: 1406
	1406  -  MemoryUsage of job (MB)
	1440352  -  ResidentSetSize of job (KB)
...
006 (73445602.000.000) 2021-09-25 08:08:33 Image size of job updated: 1421
	1421  -  MemoryUsage of job (MB)
	1455308  -  ResidentSetSize of job (KB)
...
006 (73445602.000.000) 2021-09-25 08:09:33 Image size of job updated: 1437
	1437  -  MemoryUsage of job (MB)
	1471708  -  ResidentSetSize of job (KB)
...
006 (73445602.000.000) 2021-09-25 08:10:34 Image size of job updated: 1452
	1452  -  MemoryUsage of job (MB)
	1487696  -  ResidentSetSize of job (KB)
...
006 (73445602.000.000) 2021-09-25 08:11:34 Image size of job updated: 1467
	1467  -  MemoryUsage of job (MB)
	1502236  -  ResidentSetSize of job (KB)
...
006 (73445602.000.000) 2021-09-25 08:12:35 Image size of job updated: 1482
	1482  -  MemoryUsage of job (MB)
	1518332  -  ResidentSetSize of job (KB)
...
006 (73445602.000.000) 2021-09-25 08:13:35 Image size of job updated: 1498
	1498  -  MemoryUsage of job (MB)
	1534264  -  ResidentSetSize of job (KB)
...
006 (73445602.000.000) 2021-09-25 08:14:36 Image size of job updated: 1513
	1513  -  MemoryUsage of job (MB)
	1549952  -  ResidentSetSize of job (KB)
...
006 (73445602.000.000) 2021-09-25 08:15:37 Image size of job updated: 1528
	1528  -  MemoryUsage of job (MB)
	1565284  -  ResidentSetSize of job (KB)
...
006 (73445602.000.000) 2021-09-25 08:16:39 Image size of job updated: 1547
	1547  -  MemoryUsage of job (MB)
	1584576  -  ResidentSetSize of job (KB)
...
006 (73445602.000.000) 2021-09-25 08:17:40 Image size of job updated: 1625
	1625  -  MemoryUsage of job (MB)
	1664932  -  ResidentSetSize of job (KB)
...
006 (73445602.000.000) 2021-09-25 08:18:42 Image size of job updated: 1625
	1625  -  MemoryUsage of job (MB)
	1664972  -  ResidentSetSize of job (KB)
...
006 (73445602.000.000) 2021-09-25 08:19:42 Image size of job updated: 1625
	1625  -  MemoryUsage of job (MB)
	1664996  -  ResidentSetSize of job (KB)
...
006 (73445602.000.000) 2021-09-25 08:20:42 Image size of job updated: 1625
	1625  -  MemoryUsage of job (MB)
	1665004  -  ResidentSetSize of job (KB)
...
006 (73445602.000.000) 2021-09-25 08:21:43 Image size of job updated: 1626
	1626  -  MemoryUsage of job (MB)
	1665040  -  ResidentSetSize of job (KB)
...
006 (73445602.000.000) 2021-09-25 08:22:44 Image size of job updated: 1626
	1626  -  MemoryUsage of job (MB)
	1665056  -  ResidentSetSize of job (KB)
...
006 (73445602.000.000) 2021-09-25 08:23:45 Image size of job updated: 1626
	1626  -  MemoryUsage of job (MB)
	1665076  -  ResidentSetSize of job (KB)
...
006 (73445602.000.000) 2021-09-25 08:24:45 Image size of job updated: 1626
	1626  -  MemoryUsage of job (MB)
	1665124  -  ResidentSetSize of job (KB)
...
006 (73445602.000.000) 2021-09-25 08:25:45 Image size of job updated: 1626
	1626  -  MemoryUsage of job (MB)
	1665164  -  ResidentSetSize of job (KB)
...
006 (73445602.000.000) 2021-09-25 08:26:46 Image size of job updated: 1626
	1626  -  MemoryUsage of job (MB)
	1665180  -  ResidentSetSize of job (KB)
...
006 (73445602.000.000) 2021-09-25 08:27:47 Image size of job updated: 1626
	1626  -  MemoryUsage of job (MB)
	1665420  -  ResidentSetSize of job (KB)
...
006 (73445602.000.000) 2021-09-25 08:28:47 Image size of job updated: 1648
	1648  -  MemoryUsage of job (MB)
	1687832  -  ResidentSetSize of job (KB)
...
006 (73445602.000.000) 2021-09-25 08:29:48 Image size of job updated: 1648
	1648  -  MemoryUsage of job (MB)
	1687852  -  ResidentSetSize of job (KB)
...
006 (73445602.000.000) 2021-09-25 08:30:49 Image size of job updated: 1648
	1648  -  MemoryUsage of job (MB)
	1687880  -  ResidentSetSize of job (KB)
...
006 (73445602.000.000) 2021-09-25 08:31:51 Image size of job updated: 1648
	1648  -  MemoryUsage of job (MB)
	1687888  -  ResidentSetSize of job (KB)
...
006 (73445602.000.000) 2021-09-25 08:32:53 Image size of job updated: 1648
	1648  -  MemoryUsage of job (MB)
	1687916  -  ResidentSetSize of job (KB)
...
006 (73445602.000.000) 2021-09-25 08:33:53 Image size of job updated: 1648
	1648  -  MemoryUsage of job (MB)
	1687924  -  ResidentSetSize of job (KB)
...
006 (73445602.000.000) 2021-09-25 08:34:54 Image size of job updated: 1648
	1648  -  MemoryUsage of job (MB)
	1687940  -  ResidentSetSize of job (KB)
...
006 (73445602.000.000) 2021-09-25 08:35:55 Image size of job updated: 1648
	1648  -  MemoryUsage of job (MB)
	1687980  -  ResidentSetSize of job (KB)
...
006 (73445602.000.000) 2021-09-25 08:36:56 Image size of job updated: 1648
	1648  -  MemoryUsage of job (MB)
	1688020  -  ResidentSetSize of job (KB)
...
006 (73445602.000.000) 2021-09-25 08:37:57 Image size of job updated: 1648
	1648  -  MemoryUsage of job (MB)
	1688024  -  ResidentSetSize of job (KB)
...
006 (73445602.000.000) 2021-09-25 08:38:57 Image size of job updated: 1648
	1648  -  MemoryUsage of job (MB)
	1688212  -  ResidentSetSize of job (KB)
...
006 (73445602.000.000) 2021-09-25 08:39:57 Image size of job updated: 1654
	1654  -  MemoryUsage of job (MB)
	1693816  -  ResidentSetSize of job (KB)
...
006 (73445602.000.000) 2021-09-25 08:40:57 Image size of job updated: 1656
	1656  -  MemoryUsage of job (MB)
	1695932  -  ResidentSetSize of job (KB)
...
006 (73445602.000.000) 2021-09-25 08:41:57 Image size of job updated: 1656
	1656  -  MemoryUsage of job (MB)
	1695944  -  ResidentSetSize of job (KB)
...
006 (73445602.000.000) 2021-09-25 08:42:58 Image size of job updated: 1656
	1656  -  MemoryUsage of job (MB)
	1695968  -  ResidentSetSize of job (KB)
...
006 (73445602.000.000) 2021-09-25 08:43:59 Image size of job updated: 1656
	1656  -  MemoryUsage of job (MB)
	1695976  -  ResidentSetSize of job (KB)
...
006 (73445602.000.000) 2021-09-25 08:45:00 Image size of job updated: 1656
	1656  -  MemoryUsage of job (MB)
	1695984  -  ResidentSetSize of job (KB)
...
006 (73445602.000.000) 2021-09-25 08:46:00 Image size of job updated: 1656
	1656  -  MemoryUsage of job (MB)
	1696008  -  ResidentSetSize of job (KB)
...
006 (73445602.000.000) 2021-09-25 08:47:00 Image size of job updated: 1656
	1656  -  MemoryUsage of job (MB)
	1696032  -  ResidentSetSize of job (KB)
...
006 (73445602.000.000) 2021-09-25 08:48:01 Image size of job updated: 1656
	1656  -  MemoryUsage of job (MB)
	1696068  -  ResidentSetSize of job (KB)
...
006 (73445602.000.000) 2021-09-25 08:49:01 Image size of job updated: 1656
	1656  -  MemoryUsage of job (MB)
	1696080  -  ResidentSetSize of job (KB)
...
006 (73445602.000.000) 2021-09-25 08:50:02 Image size of job updated: 1656
	1656  -  MemoryUsage of job (MB)
	1696112  -  ResidentSetSize of job (KB)
...
006 (73445602.000.000) 2021-09-25 08:51:02 Image size of job updated: 1658
	1658  -  MemoryUsage of job (MB)
	1698604  -  ResidentSetSize of job (KB)
...
006 (73445602.000.000) 2021-09-25 08:52:03 Image size of job updated: 1660
	1660  -  MemoryUsage of job (MB)
	1700636  -  ResidentSetSize of job (KB)
...
006 (73445602.000.000) 2021-09-25 08:53:05 Image size of job updated: 1660
	1660  -  MemoryUsage of job (MB)
	1700640  -  ResidentSetSize of job (KB)
...
006 (73445602.000.000) 2021-09-25 08:54:05 Image size of job updated: 1660
	1660  -  MemoryUsage of job (MB)
	1700652  -  ResidentSetSize of job (KB)
...
006 (73445602.000.000) 2021-09-25 08:55:06 Image size of job updated: 1660
	1660  -  MemoryUsage of job (MB)
	1700688  -  ResidentSetSize of job (KB)
...
006 (73445602.000.000) 2021-09-25 08:56:07 Image size of job updated: 1660
	1660  -  MemoryUsage of job (MB)
	1700696  -  ResidentSetSize of job (KB)
...
006 (73445602.000.000) 2021-09-25 08:57:07 Image size of job updated: 1660
	1660  -  MemoryUsage of job (MB)
	1700704  -  ResidentSetSize of job (KB)
...
006 (73445602.000.000) 2021-09-25 08:58:08 Image size of job updated: 1660
	1660  -  MemoryUsage of job (MB)
	1700728  -  ResidentSetSize of job (KB)
...
006 (73445602.000.000) 2021-09-25 08:59:08 Image size of job updated: 1660
	1660  -  MemoryUsage of job (MB)
	1700740  -  ResidentSetSize of job (KB)
...
006 (73445602.000.000) 2021-09-25 09:00:09 Image size of job updated: 1660
	1660  -  MemoryUsage of job (MB)
	1700756  -  ResidentSetSize of job (KB)
...
006 (73445602.000.000) 2021-09-25 09:01:10 Image size of job updated: 1660
	1660  -  MemoryUsage of job (MB)
	1700788  -  ResidentSetSize of job (KB)
...
006 (73445602.000.000) 2021-09-25 09:02:11 Image size of job updated: 1660
	1660  -  MemoryUsage of job (MB)
	1700808  -  ResidentSetSize of job (KB)
...
006 (73445602.000.000) 2021-09-25 09:03:12 Image size of job updated: 1663
	1663  -  MemoryUsage of job (MB)
	1703096  -  ResidentSetSize of job (KB)
...
006 (73445602.000.000) 2021-09-25 09:04:13 Image size of job updated: 1664
	1664  -  MemoryUsage of job (MB)
	1704704  -  ResidentSetSize of job (KB)
...
006 (73445602.000.000) 2021-09-25 09:05:14 Image size of job updated: 1664
	1664  -  MemoryUsage of job (MB)
	1704708  -  ResidentSetSize of job (KB)
...
006 (73445602.000.000) 2021-09-25 09:07:18 Image size of job updated: 1664
	1664  -  MemoryUsage of job (MB)
	1704712  -  ResidentSetSize of job (KB)
...
006 (73445602.000.000) 2021-09-25 09:08:20 Image size of job updated: 1664
	1664  -  MemoryUsage of job (MB)
	1704716  -  ResidentSetSize of job (KB)
...
006 (73445602.000.000) 2021-09-25 09:11:23 Image size of job updated: 1664
	1664  -  MemoryUsage of job (MB)
	1704720  -  ResidentSetSize of job (KB)
...
006 (73445602.000.000) 2021-09-25 09:12:25 Image size of job updated: 1664
	1664  -  MemoryUsage of job (MB)
	1704728  -  ResidentSetSize of job (KB)
...
006 (73445602.000.000) 2021-09-25 09:13:25 Image size of job updated: 1664
	1664  -  MemoryUsage of job (MB)
	1704732  -  ResidentSetSize of job (KB)
...
006 (73445602.000.000) 2021-09-25 09:15:25 Image size of job updated: 1664
	1664  -  MemoryUsage of job (MB)
	1704736  -  ResidentSetSize of job (KB)
...
006 (73445602.000.000) 2021-09-25 09:16:25 Image size of job updated: 1668
	1668  -  MemoryUsage of job (MB)
	1708224  -  ResidentSetSize of job (KB)
...
006 (73445602.000.000) 2021-09-25 09:17:25 Image size of job updated: 1668
	1668  -  MemoryUsage of job (MB)
	1708236  -  ResidentSetSize of job (KB)
...
006 (73445602.000.000) 2021-09-25 09:18:26 Image size of job updated: 1668
	1668  -  MemoryUsage of job (MB)
	1708264  -  ResidentSetSize of job (KB)
...
006 (73445602.000.000) 2021-09-25 09:19:26 Image size of job updated: 1668
	1668  -  MemoryUsage of job (MB)
	1708308  -  ResidentSetSize of job (KB)
...
006 (73445602.000.000) 2021-09-25 09:20:26 Image size of job updated: 1668
	1668  -  MemoryUsage of job (MB)
	1708312  -  ResidentSetSize of job (KB)
...
006 (73445602.000.000) 2021-09-25 09:21:26 Image size of job updated: 1668
	1668  -  MemoryUsage of job (MB)
	1708316  -  ResidentSetSize of job (KB)
...
006 (73445602.000.000) 2021-09-25 09:22:26 Image size of job updated: 1668
	1668  -  MemoryUsage of job (MB)
	1708340  -  ResidentSetSize of job (KB)
...
006 (73445602.000.000) 2021-09-25 09:24:27 Image size of job updated: 1668
	1668  -  MemoryUsage of job (MB)
	1708344  -  ResidentSetSize of job (KB)
...
006 (73445602.000.000) 2021-09-25 09:25:27 Image size of job updated: 1668
	1668  -  MemoryUsage of job (MB)
	1708348  -  ResidentSetSize of job (KB)
...
006 (73445602.000.000) 2021-09-25 09:26:29 Image size of job updated: 1668
	1668  -  MemoryUsage of job (MB)
	1708364  -  ResidentSetSize of job (KB)
...
006 (73445602.000.000) 2021-09-25 09:27:31 Image size of job updated: 1668
	1668  -  MemoryUsage of job (MB)
	1708572  -  ResidentSetSize of job (KB)
...
006 (73445602.000.000) 2021-09-25 09:28:31 Image size of job updated: 1668
	1668  -  MemoryUsage of job (MB)
	1708588  -  ResidentSetSize of job (KB)
...
006 (73445602.000.000) 2021-09-25 09:29:31 Image size of job updated: 1671
	1671  -  MemoryUsage of job (MB)
	1711408  -  ResidentSetSize of job (KB)
...
006 (73445602.000.000) 2021-09-25 09:30:31 Image size of job updated: 1671
	1671  -  MemoryUsage of job (MB)
	1711412  -  ResidentSetSize of job (KB)
...
006 (73445602.000.000) 2021-09-25 09:31:31 Image size of job updated: 1671
	1671  -  MemoryUsage of job (MB)
	1711420  -  ResidentSetSize of job (KB)
...
006 (73445602.000.000) 2021-09-25 09:33:34 Image size of job updated: 1671
	1671  -  MemoryUsage of job (MB)
	1711424  -  ResidentSetSize of job (KB)
...
006 (73445602.000.000) 2021-09-25 09:35:37 Image size of job updated: 1671
	1671  -  MemoryUsage of job (MB)
	1711444  -  ResidentSetSize of job (KB)
...
006 (73445602.000.000) 2021-09-25 09:39:43 Image size of job updated: 1671
	1671  -  MemoryUsage of job (MB)
	1711456  -  ResidentSetSize of job (KB)
...
006 (73445602.000.000) 2021-09-25 09:40:43 Image size of job updated: 1671
	1671  -  MemoryUsage of job (MB)
	1711672  -  ResidentSetSize of job (KB)
...
006 (73445602.000.000) 2021-09-25 09:42:44 Image size of job updated: 1673
	1673  -  MemoryUsage of job (MB)
	1713400  -  ResidentSetSize of job (KB)
...
006 (73445602.000.000) 2021-09-25 09:43:45 Image size of job updated: 1673
	1673  -  MemoryUsage of job (MB)
	1713416  -  ResidentSetSize of job (KB)
...
006 (73445602.000.000) 2021-09-25 09:44:46 Image size of job updated: 1673
	1673  -  MemoryUsage of job (MB)
	1713452  -  ResidentSetSize of job (KB)
...
006 (73445602.000.000) 2021-09-25 09:45:46 Image size of job updated: 1673
	1673  -  MemoryUsage of job (MB)
	1713460  -  ResidentSetSize of job (KB)
...
006 (73445602.000.000) 2021-09-25 09:46:47 Image size of job updated: 1673
	1673  -  MemoryUsage of job (MB)
	1713468  -  ResidentSetSize of job (KB)
...
006 (73445602.000.000) 2021-09-25 09:48:47 Image size of job updated: 1673
	1673  -  MemoryUsage of job (MB)
	1713476  -  ResidentSetSize of job (KB)
...
006 (73445602.000.000) 2021-09-25 09:50:48 Image size of job updated: 1673
	1673  -  MemoryUsage of job (MB)
	1713484  -  ResidentSetSize of job (KB)
...
006 (73445602.000.000) 2021-09-25 09:52:50 Image size of job updated: 1673
	1673  -  MemoryUsage of job (MB)
	1713500  -  ResidentSetSize of job (KB)
...
006 (73445602.000.000) 2021-09-25 09:53:51 Image size of job updated: 1673
	1673  -  MemoryUsage of job (MB)
	1713516  -  ResidentSetSize of job (KB)
...
006 (73445602.000.000) 2021-09-25 09:54:51 Image size of job updated: 1674
	1674  -  MemoryUsage of job (MB)
	1714660  -  ResidentSetSize of job (KB)
...
006 (73445602.000.000) 2021-09-25 09:55:51 Image size of job updated: 1675
	1675  -  MemoryUsage of job (MB)
	1715276  -  ResidentSetSize of job (KB)
...
006 (73445602.000.000) 2021-09-25 09:56:51 Image size of job updated: 1675
	1675  -  MemoryUsage of job (MB)
	1715280  -  ResidentSetSize of job (KB)
...
006 (73445602.000.000) 2021-09-25 09:57:51 Image size of job updated: 1675
	1675  -  MemoryUsage of job (MB)
	1715284  -  ResidentSetSize of job (KB)
...
006 (73445602.000.000) 2021-09-25 09:58:51 Image size of job updated: 1675
	1675  -  MemoryUsage of job (MB)
	1715304  -  ResidentSetSize of job (KB)
...
006 (73445602.000.000) 2021-09-25 09:59:52 Image size of job updated: 1675
	1675  -  MemoryUsage of job (MB)
	1715308  -  ResidentSetSize of job (KB)
...
006 (73445602.000.000) 2021-09-25 10:00:54 Image size of job updated: 1675
	1675  -  MemoryUsage of job (MB)
	1715316  -  ResidentSetSize of job (KB)
...
006 (73445602.000.000) 2021-09-25 10:03:55 Image size of job updated: 1675
	1675  -  MemoryUsage of job (MB)
	1715324  -  ResidentSetSize of job (KB)
...
006 (73445602.000.000) 2021-09-25 10:04:55 Image size of job updated: 1675
	1675  -  MemoryUsage of job (MB)
	1715328  -  ResidentSetSize of job (KB)
...
006 (73445602.000.000) 2021-09-25 10:05:56 Image size of job updated: 1675
	1675  -  MemoryUsage of job (MB)
	1715520  -  ResidentSetSize of job (KB)
...
006 (73445602.000.000) 2021-09-25 10:06:56 Image size of job updated: 1675
	1675  -  MemoryUsage of job (MB)
	1715532  -  ResidentSetSize of job (KB)
...
006 (73445602.000.000) 2021-09-25 10:07:57 Image size of job updated: 1676
	1676  -  MemoryUsage of job (MB)
	1716948  -  ResidentSetSize of job (KB)
...
006 (73445602.000.000) 2021-09-25 10:08:58 Image size of job updated: 1676
	1676  -  MemoryUsage of job (MB)
	1716960  -  ResidentSetSize of job (KB)
...
006 (73445602.000.000) 2021-09-25 10:09:59 Image size of job updated: 1676
	1676  -  MemoryUsage of job (MB)
	1716980  -  ResidentSetSize of job (KB)
...
006 (73445602.000.000) 2021-09-25 10:11:00 Image size of job updated: 1676
	1676  -  MemoryUsage of job (MB)
	1717004  -  ResidentSetSize of job (KB)
...
006 (73445602.000.000) 2021-09-25 10:13:02 Image size of job updated: 1676
	1676  -  MemoryUsage of job (MB)
	1717016  -  ResidentSetSize of job (KB)
...
006 (73445602.000.000) 2021-09-25 10:15:04 Image size of job updated: 1676
	1676  -  MemoryUsage of job (MB)
	1717020  -  ResidentSetSize of job (KB)
...
006 (73445602.000.000) 2021-09-25 10:16:04 Image size of job updated: 1676
	1676  -  MemoryUsage of job (MB)
	1717024  -  ResidentSetSize of job (KB)
...
006 (73445602.000.000) 2021-09-25 10:17:04 Image size of job updated: 1676
	1676  -  MemoryUsage of job (MB)
	1717032  -  ResidentSetSize of job (KB)
...
006 (73445602.000.000) 2021-09-25 10:18:05 Image size of job updated: 1676
	1676  -  MemoryUsage of job (MB)
	1717112  -  ResidentSetSize of job (KB)
...
006 (73445602.000.000) 2021-09-25 10:19:06 Image size of job updated: 1678
	1678  -  MemoryUsage of job (MB)
	1718500  -  ResidentSetSize of job (KB)
...
006 (73445602.000.000) 2021-09-25 10:24:10 Image size of job updated: 1678
	1678  -  MemoryUsage of job (MB)
	1718508  -  ResidentSetSize of job (KB)
...
006 (73445602.000.000) 2021-09-25 10:26:13 Image size of job updated: 1678
	1678  -  MemoryUsage of job (MB)
	1718512  -  ResidentSetSize of job (KB)
...
006 (73445602.000.000) 2021-09-25 10:28:15 Image size of job updated: 1678
	1678  -  MemoryUsage of job (MB)
	1718520  -  ResidentSetSize of job (KB)
...
006 (73445602.000.000) 2021-09-25 10:29:15 Image size of job updated: 1678
	1678  -  MemoryUsage of job (MB)
	1718528  -  ResidentSetSize of job (KB)
...
006 (73445602.000.000) 2021-09-25 10:30:16 Image size of job updated: 1679
	1679  -  MemoryUsage of job (MB)
	1719924  -  ResidentSetSize of job (KB)
...
006 (73445602.000.000) 2021-09-25 10:31:16 Image size of job updated: 1679
	1679  -  MemoryUsage of job (MB)
	1719928  -  ResidentSetSize of job (KB)
...
006 (73445602.000.000) 2021-09-25 10:32:17 Image size of job updated: 1679
	1679  -  MemoryUsage of job (MB)
	1719936  -  ResidentSetSize of job (KB)
...
006 (73445602.000.000) 2021-09-25 10:33:17 Image size of job updated: 1679
	1679  -  MemoryUsage of job (MB)
	1719940  -  ResidentSetSize of job (KB)
...
006 (73445602.000.000) 2021-09-25 10:35:20 Image size of job updated: 1679
	1679  -  MemoryUsage of job (MB)
	1719948  -  ResidentSetSize of job (KB)
...
006 (73445602.000.000) 2021-09-25 10:40:23 Image size of job updated: 1679
	1679  -  MemoryUsage of job (MB)
	1720148  -  ResidentSetSize of job (KB)
...
006 (73445602.000.000) 2021-09-25 10:41:24 Image size of job updated: 1681
	1681  -  MemoryUsage of job (MB)
	1721560  -  ResidentSetSize of job (KB)
...
006 (73445602.000.000) 2021-09-25 10:42:24 Image size of job updated: 1681
	1681  -  MemoryUsage of job (MB)
	1721972  -  ResidentSetSize of job (KB)
...
006 (73445602.000.000) 2021-09-25 10:45:26 Image size of job updated: 1681
	1681  -  MemoryUsage of job (MB)
	1721980  -  ResidentSetSize of job (KB)
...
006 (73445602.000.000) 2021-09-25 10:51:28 Image size of job updated: 1681
	1681  -  MemoryUsage of job (MB)
	1721984  -  ResidentSetSize of job (KB)
...
006 (73445602.000.000) 2021-09-25 10:52:28 Image size of job updated: 1682
	1682  -  MemoryUsage of job (MB)
	1722812  -  ResidentSetSize of job (KB)
...
006 (73445602.000.000) 2021-09-25 11:02:37 Image size of job updated: 1683
	1683  -  MemoryUsage of job (MB)
	1723648  -  ResidentSetSize of job (KB)
...
006 (73445602.000.000) 2021-09-25 11:03:38 Image size of job updated: 1683
	1683  -  MemoryUsage of job (MB)
	1723808  -  ResidentSetSize of job (KB)
...
006 (73445602.000.000) 2021-09-25 11:04:38 Image size of job updated: 1683
	1683  -  MemoryUsage of job (MB)
	1723812  -  ResidentSetSize of job (KB)
...
006 (73445602.000.000) 2021-09-25 11:05:39 Image size of job updated: 1683
	1683  -  MemoryUsage of job (MB)
	1723816  -  ResidentSetSize of job (KB)
...
006 (73445602.000.000) 2021-09-25 11:06:39 Image size of job updated: 1683
	1683  -  MemoryUsage of job (MB)
	1723820  -  ResidentSetSize of job (KB)
...
006 (73445602.000.000) 2021-09-25 11:10:41 Image size of job updated: 1683
	1683  -  MemoryUsage of job (MB)
	1723824  -  ResidentSetSize of job (KB)
...
006 (73445602.000.000) 2021-09-25 11:12:42 Image size of job updated: 1683
	1683  -  MemoryUsage of job (MB)
	1723828  -  ResidentSetSize of job (KB)
...
006 (73445602.000.000) 2021-09-25 11:13:43 Image size of job updated: 1684
	1684  -  MemoryUsage of job (MB)
	1724600  -  ResidentSetSize of job (KB)
...
006 (73445602.000.000) 2021-09-25 11:14:43 Image size of job updated: 1684
	1684  -  MemoryUsage of job (MB)
	1724604  -  ResidentSetSize of job (KB)
...
006 (73445602.000.000) 2021-09-25 11:17:44 Image size of job updated: 1684
	1684  -  MemoryUsage of job (MB)
	1724608  -  ResidentSetSize of job (KB)
...
006 (73445602.000.000) 2021-09-25 11:21:46 Image size of job updated: 1684
	1684  -  MemoryUsage of job (MB)
	1724616  -  ResidentSetSize of job (KB)
...
006 (73445602.000.000) 2021-09-25 11:22:47 Image size of job updated: 1684
	1684  -  MemoryUsage of job (MB)
	1724808  -  ResidentSetSize of job (KB)
...
006 (73445602.000.000) 2021-09-25 11:23:48 Image size of job updated: 1685
	1685  -  MemoryUsage of job (MB)
	1725976  -  ResidentSetSize of job (KB)
...
006 (73445602.000.000) 2021-09-25 11:24:48 Image size of job updated: 1685
	1685  -  MemoryUsage of job (MB)
	1726168  -  ResidentSetSize of job (KB)
...
006 (73445602.000.000) 2021-09-25 11:27:52 Image size of job updated: 1685
	1685  -  MemoryUsage of job (MB)
	1726172  -  ResidentSetSize of job (KB)
...
006 (73445602.000.000) 2021-09-25 11:29:52 Image size of job updated: 1685
	1685  -  MemoryUsage of job (MB)
	1726176  -  ResidentSetSize of job (KB)
...
006 (73445602.000.000) 2021-09-25 11:31:54 Image size of job updated: 1685
	1685  -  MemoryUsage of job (MB)
	1726184  -  ResidentSetSize of job (KB)
...
006 (73445602.000.000) 2021-09-25 11:32:56 Image size of job updated: 1685
	1685  -  MemoryUsage of job (MB)
	1726392  -  ResidentSetSize of job (KB)
...
006 (73445602.000.000) 2021-09-25 11:33:58 Image size of job updated: 1687
	1687  -  MemoryUsage of job (MB)
	1727900  -  ResidentSetSize of job (KB)
...
006 (73445602.000.000) 2021-09-25 11:34:58 Image size of job updated: 1687
	1687  -  MemoryUsage of job (MB)
	1728120  -  ResidentSetSize of job (KB)
...
006 (73445602.000.000) 2021-09-25 11:35:58 Image size of job updated: 1687
	1687  -  MemoryUsage of job (MB)
	1728136  -  ResidentSetSize of job (KB)
...
006 (73445602.000.000) 2021-09-25 11:36:59 Image size of job updated: 1687
	1687  -  MemoryUsage of job (MB)
	1728140  -  ResidentSetSize of job (KB)
...
006 (73445602.000.000) 2021-09-25 11:39:00 Image size of job updated: 1687
	1687  -  MemoryUsage of job (MB)
	1728152  -  ResidentSetSize of job (KB)
...
006 (73445602.000.000) 2021-09-25 11:40:00 Image size of job updated: 1687
	1687  -  MemoryUsage of job (MB)
	1728156  -  ResidentSetSize of job (KB)
...
006 (73445602.000.000) 2021-09-25 11:41:01 Image size of job updated: 1687
	1687  -  MemoryUsage of job (MB)
	1728164  -  ResidentSetSize of job (KB)
...
006 (73445602.000.000) 2021-09-25 11:43:04 Image size of job updated: 1687
	1687  -  MemoryUsage of job (MB)
	1728184  -  ResidentSetSize of job (KB)
...
006 (73445602.000.000) 2021-09-25 11:45:07 Image size of job updated: 1688
	1688  -  MemoryUsage of job (MB)
	1728776  -  ResidentSetSize of job (KB)
...
006 (73445602.000.000) 2021-09-25 11:46:08 Image size of job updated: 1688
	1688  -  MemoryUsage of job (MB)
	1728784  -  ResidentSetSize of job (KB)
...
006 (73445602.000.000) 2021-09-25 11:47:10 Image size of job updated: 1688
	1688  -  MemoryUsage of job (MB)
	1728792  -  ResidentSetSize of job (KB)
...
006 (73445602.000.000) 2021-09-25 11:48:11 Image size of job updated: 1688
	1688  -  MemoryUsage of job (MB)
	1728796  -  ResidentSetSize of job (KB)
...
006 (73445602.000.000) 2021-09-25 11:49:13 Image size of job updated: 1688
	1688  -  MemoryUsage of job (MB)
	1728808  -  ResidentSetSize of job (KB)
...
006 (73445602.000.000) 2021-09-25 11:50:14 Image size of job updated: 1688
	1688  -  MemoryUsage of job (MB)
	1728816  -  ResidentSetSize of job (KB)
...
006 (73445602.000.000) 2021-09-25 11:52:17 Image size of job updated: 1688
	1688  -  MemoryUsage of job (MB)
	1728820  -  ResidentSetSize of job (KB)
...
006 (73445602.000.000) 2021-09-25 11:53:18 Image size of job updated: 1688
	1688  -  MemoryUsage of job (MB)
	1729032  -  ResidentSetSize of job (KB)
...
006 (73445602.000.000) 2021-09-25 11:54:20 Image size of job updated: 1689
	1689  -  MemoryUsage of job (MB)
	1729696  -  ResidentSetSize of job (KB)
...
006 (73445602.000.000) 2021-09-25 11:55:21 Image size of job updated: 1689
	1689  -  MemoryUsage of job (MB)
	1729788  -  ResidentSetSize of job (KB)
...
006 (73445602.000.000) 2021-09-25 11:59:24 Image size of job updated: 1689
	1689  -  MemoryUsage of job (MB)
	1729792  -  ResidentSetSize of job (KB)
...
006 (73445602.000.000) 2021-09-25 12:03:24 Image size of job updated: 1689
	1689  -  MemoryUsage of job (MB)
	1729928  -  ResidentSetSize of job (KB)
...
006 (73445602.000.000) 2021-09-25 12:04:25 Image size of job updated: 1690
	1690  -  MemoryUsage of job (MB)
	1730804  -  ResidentSetSize of job (KB)
...
006 (73445602.000.000) 2021-09-25 12:12:26 Image size of job updated: 1690
	1690  -  MemoryUsage of job (MB)
	1730808  -  ResidentSetSize of job (KB)
...
006 (73445602.000.000) 2021-09-25 12:13:26 Image size of job updated: 1691
	1691  -  MemoryUsage of job (MB)
	1732040  -  ResidentSetSize of job (KB)
...
006 (73445602.000.000) 2021-09-25 12:14:27 Image size of job updated: 1691
	1691  -  MemoryUsage of job (MB)
	1732048  -  ResidentSetSize of job (KB)
...
006 (73445602.000.000) 2021-09-25 12:18:32 Image size of job updated: 1691
	1691  -  MemoryUsage of job (MB)
	1732052  -  ResidentSetSize of job (KB)
...
006 (73445602.000.000) 2021-09-25 12:19:34 Image size of job updated: 1691
	1691  -  MemoryUsage of job (MB)
	1732056  -  ResidentSetSize of job (KB)
...
006 (73445602.000.000) 2021-09-25 12:21:36 Image size of job updated: 1691
	1691  -  MemoryUsage of job (MB)
	1732060  -  ResidentSetSize of job (KB)
...
006 (73445602.000.000) 2021-09-25 12:22:36 Image size of job updated: 1692
	1692  -  MemoryUsage of job (MB)
	1733068  -  ResidentSetSize of job (KB)
...
006 (73445602.000.000) 2021-09-25 12:24:38 Image size of job updated: 1692
	1692  -  MemoryUsage of job (MB)
	1733072  -  ResidentSetSize of job (KB)
...
006 (73445602.000.000) 2021-09-25 12:25:39 Image size of job updated: 1692
	1692  -  MemoryUsage of job (MB)
	1733076  -  ResidentSetSize of job (KB)
...
006 (73445602.000.000) 2021-09-25 12:31:41 Image size of job updated: 1692
	1692  -  MemoryUsage of job (MB)
	1733528  -  ResidentSetSize of job (KB)
...
006 (73445602.000.000) 2021-09-25 12:35:43 Image size of job updated: 1692
	1692  -  MemoryUsage of job (MB)
	1733532  -  ResidentSetSize of job (KB)
...
006 (73445602.000.000) 2021-09-25 12:39:47 Image size of job updated: 1692
	1692  -  MemoryUsage of job (MB)
	1733536  -  ResidentSetSize of job (KB)
...
006 (73445602.000.000) 2021-09-25 12:40:47 Image size of job updated: 1693
	1693  -  MemoryUsage of job (MB)
	1734412  -  ResidentSetSize of job (KB)
...
006 (73445602.000.000) 2021-09-25 12:42:47 Image size of job updated: 1693
	1693  -  MemoryUsage of job (MB)
	1734416  -  ResidentSetSize of job (KB)
...
006 (73445602.000.000) 2021-09-25 12:49:51 Image size of job updated: 1694
	1694  -  MemoryUsage of job (MB)
	1735184  -  ResidentSetSize of job (KB)
...
006 (73445602.000.000) 2021-09-25 12:51:52 Image size of job updated: 1694
	1694  -  MemoryUsage of job (MB)
	1735192  -  ResidentSetSize of job (KB)
...
006 (73445602.000.000) 2021-09-25 12:53:54 Image size of job updated: 1694
	1694  -  MemoryUsage of job (MB)
	1735196  -  ResidentSetSize of job (KB)
...
006 (73445602.000.000) 2021-09-25 12:54:55 Image size of job updated: 1694
	1694  -  MemoryUsage of job (MB)
	1735200  -  ResidentSetSize of job (KB)
...
006 (73445602.000.000) 2021-09-25 12:56:55 Image size of job updated: 1694
	1694  -  MemoryUsage of job (MB)
	1735400  -  ResidentSetSize of job (KB)
...
006 (73445602.000.000) 2021-09-25 12:57:55 Image size of job updated: 1694
	1694  -  MemoryUsage of job (MB)
	1735404  -  ResidentSetSize of job (KB)
...
006 (73445602.000.000) 2021-09-25 12:58:55 Image size of job updated: 1695
	1695  -  MemoryUsage of job (MB)
	1736340  -  ResidentSetSize of job (KB)
...
006 (73445602.000.000) 2021-09-25 12:59:56 Image size of job updated: 1695
	1695  -  MemoryUsage of job (MB)
	1736344  -  ResidentSetSize of job (KB)
...
006 (73445602.000.000) 2021-09-25 13:04:59 Image size of job updated: 1695
	1695  -  MemoryUsage of job (MB)
	1736536  -  ResidentSetSize of job (KB)
...
006 (73445602.000.000) 2021-09-25 13:06:00 Image size of job updated: 1695
	1695  -  MemoryUsage of job (MB)
	1736540  -  ResidentSetSize of job (KB)
...
006 (73445602.000.000) 2021-09-25 13:07:00 Image size of job updated: 1696
	1696  -  MemoryUsage of job (MB)
	1737172  -  ResidentSetSize of job (KB)
...
006 (73445602.000.000) 2021-09-25 13:15:07 Image size of job updated: 1696
	1696  -  MemoryUsage of job (MB)
	1737544  -  ResidentSetSize of job (KB)
...
006 (73445602.000.000) 2021-09-25 13:17:08 Image size of job updated: 1696
	1696  -  MemoryUsage of job (MB)
	1737548  -  ResidentSetSize of job (KB)
...
006 (73445602.000.000) 2021-09-25 13:19:10 Image size of job updated: 1696
	1696  -  MemoryUsage of job (MB)
	1737552  -  ResidentSetSize of job (KB)
...
006 (73445602.000.000) 2021-09-25 13:21:10 Image size of job updated: 1697
	1697  -  MemoryUsage of job (MB)
	1737744  -  ResidentSetSize of job (KB)
...
006 (73445602.000.000) 2021-09-25 13:22:11 Image size of job updated: 1697
	1697  -  MemoryUsage of job (MB)
	1738340  -  ResidentSetSize of job (KB)
...
006 (73445602.000.000) 2021-09-25 13:26:14 Image size of job updated: 1697
	1697  -  MemoryUsage of job (MB)
	1738344  -  ResidentSetSize of job (KB)
...
006 (73445602.000.000) 2021-09-25 13:29:15 Image size of job updated: 1697
	1697  -  MemoryUsage of job (MB)
	1738492  -  ResidentSetSize of job (KB)
...
006 (73445602.000.000) 2021-09-25 13:30:15 Image size of job updated: 1698
	1698  -  MemoryUsage of job (MB)
	1738932  -  ResidentSetSize of job (KB)
...
006 (73445602.000.000) 2021-09-25 13:38:20 Image size of job updated: 1698
	1698  -  MemoryUsage of job (MB)
	1739580  -  ResidentSetSize of job (KB)
...
006 (73445602.000.000) 2021-09-25 13:39:21 Image size of job updated: 1698
	1698  -  MemoryUsage of job (MB)
	1739584  -  ResidentSetSize of job (KB)
...
006 (73445602.000.000) 2021-09-25 13:45:26 Image size of job updated: 1699
	1699  -  MemoryUsage of job (MB)
	1740548  -  ResidentSetSize of job (KB)
...
006 (73445602.000.000) 2021-09-25 13:47:28 Image size of job updated: 1699
	1699  -  MemoryUsage of job (MB)
	1740552  -  ResidentSetSize of job (KB)
...
006 (73445602.000.000) 2021-09-25 13:49:30 Image size of job updated: 1699
	1699  -  MemoryUsage of job (MB)
	1740556  -  ResidentSetSize of job (KB)
...
006 (73445602.000.000) 2021-09-25 13:52:33 Image size of job updated: 1700
	1700  -  MemoryUsage of job (MB)
	1740872  -  ResidentSetSize of job (KB)
...
006 (73445602.000.000) 2021-09-25 13:53:34 Image size of job updated: 1700
	1700  -  MemoryUsage of job (MB)
	1740964  -  ResidentSetSize of job (KB)
...
006 (73445602.000.000) 2021-09-25 14:00:41 Image size of job updated: 1700
	1700  -  MemoryUsage of job (MB)
	1741560  -  ResidentSetSize of job (KB)
...
006 (73445602.000.000) 2021-09-25 14:03:43 Image size of job updated: 1700
	1700  -  MemoryUsage of job (MB)
	1741564  -  ResidentSetSize of job (KB)
...
006 (73445602.000.000) 2021-09-25 14:07:47 Image size of job updated: 1701
	1701  -  MemoryUsage of job (MB)
	1742008  -  ResidentSetSize of job (KB)
...
006 (73445602.000.000) 2021-09-25 14:08:47 Image size of job updated: 1701
	1701  -  MemoryUsage of job (MB)
	1742056  -  ResidentSetSize of job (KB)
...
006 (73445602.000.000) 2021-09-25 14:09:49 Image size of job updated: 1701
	1701  -  MemoryUsage of job (MB)
	1742060  -  ResidentSetSize of job (KB)
...
006 (73445602.000.000) 2021-09-25 14:14:52 Image size of job updated: 1701
	1701  -  MemoryUsage of job (MB)
	1742068  -  ResidentSetSize of job (KB)
...
006 (73445602.000.000) 2021-09-25 14:15:53 Image size of job updated: 1701
	1701  -  MemoryUsage of job (MB)
	1742700  -  ResidentSetSize of job (KB)
...
006 (73445602.000.000) 2021-09-25 14:16:54 Image size of job updated: 1701
	1701  -  MemoryUsage of job (MB)
	1742704  -  ResidentSetSize of job (KB)
...
006 (73445602.000.000) 2021-09-25 14:17:55 Image size of job updated: 1701
	1701  -  MemoryUsage of job (MB)
	1742708  -  ResidentSetSize of job (KB)
...
006 (73445602.000.000) 2021-09-25 14:23:00 Image size of job updated: 1702
	1702  -  MemoryUsage of job (MB)
	1743512  -  ResidentSetSize of job (KB)
...
006 (73445602.000.000) 2021-09-25 14:31:06 Image size of job updated: 1702
	1702  -  MemoryUsage of job (MB)
	1743792  -  ResidentSetSize of job (KB)
...
006 (73445602.000.000) 2021-09-25 14:33:08 Image size of job updated: 1702
	1702  -  MemoryUsage of job (MB)
	1743796  -  ResidentSetSize of job (KB)
...
006 (73445602.000.000) 2021-09-25 14:37:11 Image size of job updated: 1703
	1703  -  MemoryUsage of job (MB)
	1743956  -  ResidentSetSize of job (KB)
...
006 (73445602.000.000) 2021-09-25 14:38:12 Image size of job updated: 1703
	1703  -  MemoryUsage of job (MB)
	1744480  -  ResidentSetSize of job (KB)
...
006 (73445602.000.000) 2021-09-25 14:45:19 Image size of job updated: 1704
	1704  -  MemoryUsage of job (MB)
	1745412  -  ResidentSetSize of job (KB)
...
006 (73445602.000.000) 2021-09-25 14:46:20 Image size of job updated: 1705
	1705  -  MemoryUsage of job (MB)
	1746176  -  ResidentSetSize of job (KB)
...
006 (73445602.000.000) 2021-09-25 14:47:21 Image size of job updated: 1705
	1705  -  MemoryUsage of job (MB)
	1746192  -  ResidentSetSize of job (KB)
...
006 (73445602.000.000) 2021-09-25 14:48:21 Image size of job updated: 1705
	1705  -  MemoryUsage of job (MB)
	1746196  -  ResidentSetSize of job (KB)
...
006 (73445602.000.000) 2021-09-25 14:49:21 Image size of job updated: 1705
	1705  -  MemoryUsage of job (MB)
	1746204  -  ResidentSetSize of job (KB)
...
006 (73445602.000.000) 2021-09-25 14:50:22 Image size of job updated: 1705
	1705  -  MemoryUsage of job (MB)
	1746220  -  ResidentSetSize of job (KB)
...
006 (73445602.000.000) 2021-09-25 14:51:23 Image size of job updated: 1705
	1705  -  MemoryUsage of job (MB)
	1746228  -  ResidentSetSize of job (KB)
...
006 (73445602.000.000) 2021-09-25 14:52:24 Image size of job updated: 1705
	1705  -  MemoryUsage of job (MB)
	1746552  -  ResidentSetSize of job (KB)
...
006 (73445602.000.000) 2021-09-25 14:53:25 Image size of job updated: 1706
	1706  -  MemoryUsage of job (MB)
	1747044  -  ResidentSetSize of job (KB)
...
006 (73445602.000.000) 2021-09-25 14:54:26 Image size of job updated: 1706
	1706  -  MemoryUsage of job (MB)
	1747048  -  ResidentSetSize of job (KB)
...
006 (73445602.000.000) 2021-09-25 15:00:32 Image size of job updated: 1706
	1706  -  MemoryUsage of job (MB)
	1747924  -  ResidentSetSize of job (KB)
...
006 (73445602.000.000) 2021-09-25 15:01:33 Image size of job updated: 1706
	1706  -  MemoryUsage of job (MB)
	1747932  -  ResidentSetSize of job (KB)
...
006 (73445602.000.000) 2021-09-25 15:02:33 Image size of job updated: 1706
	1706  -  MemoryUsage of job (MB)
	1747944  -  ResidentSetSize of job (KB)
...
006 (73445602.000.000) 2021-09-25 15:03:34 Image size of job updated: 1706
	1706  -  MemoryUsage of job (MB)
	1747956  -  ResidentSetSize of job (KB)
...
006 (73445602.000.000) 2021-09-25 15:04:35 Image size of job updated: 1706
	1706  -  MemoryUsage of job (MB)
	1747960  -  ResidentSetSize of job (KB)
...
006 (73445602.000.000) 2021-09-25 15:06:38 Image size of job updated: 1707
	1707  -  MemoryUsage of job (MB)
	1747968  -  ResidentSetSize of job (KB)
...
006 (73445602.000.000) 2021-09-25 15:07:38 Image size of job updated: 1707
	1707  -  MemoryUsage of job (MB)
	1748192  -  ResidentSetSize of job (KB)
...
006 (73445602.000.000) 2021-09-25 15:08:39 Image size of job updated: 1707
	1707  -  MemoryUsage of job (MB)
	1748252  -  ResidentSetSize of job (KB)
...
006 (73445602.000.000) 2021-09-25 15:09:39 Image size of job updated: 1707
	1707  -  MemoryUsage of job (MB)
	1748256  -  ResidentSetSize of job (KB)
...
006 (73445602.000.000) 2021-09-25 15:14:43 Image size of job updated: 1707
	1707  -  MemoryUsage of job (MB)
	1748820  -  ResidentSetSize of job (KB)
...
006 (73445602.000.000) 2021-09-25 15:15:44 Image size of job updated: 1707
	1707  -  MemoryUsage of job (MB)
	1748840  -  ResidentSetSize of job (KB)
...
006 (73445602.000.000) 2021-09-25 15:22:47 Image size of job updated: 1708
	1708  -  MemoryUsage of job (MB)
	1749300  -  ResidentSetSize of job (KB)
...
006 (73445602.000.000) 2021-09-25 15:24:48 Image size of job updated: 1708
	1708  -  MemoryUsage of job (MB)
	1749304  -  ResidentSetSize of job (KB)
...
006 (73445602.000.000) 2021-09-25 15:29:50 Image size of job updated: 1708
	1708  -  MemoryUsage of job (MB)
	1749840  -  ResidentSetSize of job (KB)
...
006 (73445602.000.000) 2021-09-25 15:30:50 Image size of job updated: 1709
	1709  -  MemoryUsage of job (MB)
	1750024  -  ResidentSetSize of job (KB)
...
006 (73445602.000.000) 2021-09-25 15:32:50 Image size of job updated: 1709
	1709  -  MemoryUsage of job (MB)
	1750028  -  ResidentSetSize of job (KB)
...
006 (73445602.000.000) 2021-09-25 15:36:54 Image size of job updated: 1709
	1709  -  MemoryUsage of job (MB)
	1750716  -  ResidentSetSize of job (KB)
...
006 (73445602.000.000) 2021-09-25 15:37:54 Image size of job updated: 1709
	1709  -  MemoryUsage of job (MB)
	1750720  -  ResidentSetSize of job (KB)
...
006 (73445602.000.000) 2021-09-25 15:42:56 Image size of job updated: 1710
	1710  -  MemoryUsage of job (MB)
	1751052  -  ResidentSetSize of job (KB)
...
006 (73445602.000.000) 2021-09-25 15:43:56 Image size of job updated: 1710
	1710  -  MemoryUsage of job (MB)
	1751128  -  ResidentSetSize of job (KB)
...
006 (73445602.000.000) 2021-09-25 15:46:57 Image size of job updated: 1710
	1710  -  MemoryUsage of job (MB)
	1751132  -  ResidentSetSize of job (KB)
...
006 (73445602.000.000) 2021-09-25 15:47:57 Image size of job updated: 1710
	1710  -  MemoryUsage of job (MB)
	1751136  -  ResidentSetSize of job (KB)
...
006 (73445602.000.000) 2021-09-25 15:48:58 Image size of job updated: 1710
	1710  -  MemoryUsage of job (MB)
	1751636  -  ResidentSetSize of job (KB)
...
006 (73445602.000.000) 2021-09-25 15:54:01 Image size of job updated: 1711
	1711  -  MemoryUsage of job (MB)
	1752112  -  ResidentSetSize of job (KB)
...
006 (73445602.000.000) 2021-09-25 15:55:01 Image size of job updated: 1711
	1711  -  MemoryUsage of job (MB)
	1752120  -  ResidentSetSize of job (KB)
...
006 (73445602.000.000) 2021-09-25 15:56:02 Image size of job updated: 1711
	1711  -  MemoryUsage of job (MB)
	1752124  -  ResidentSetSize of job (KB)
...
006 (73445602.000.000) 2021-09-25 15:57:03 Image size of job updated: 1711
	1711  -  MemoryUsage of job (MB)
	1752176  -  ResidentSetSize of job (KB)
...
006 (73445602.000.000) 2021-09-25 15:59:05 Image size of job updated: 1711
	1711  -  MemoryUsage of job (MB)
	1752656  -  ResidentSetSize of job (KB)
...
006 (73445602.000.000) 2021-09-25 16:00:06 Image size of job updated: 1711
	1711  -  MemoryUsage of job (MB)
	1752668  -  ResidentSetSize of job (KB)
...
006 (73445602.000.000) 2021-09-25 16:01:06 Image size of job updated: 1711
	1711  -  MemoryUsage of job (MB)
	1752672  -  ResidentSetSize of job (KB)
...
006 (73445602.000.000) 2021-09-25 16:02:06 Image size of job updated: 1711
	1711  -  MemoryUsage of job (MB)
	1752852  -  ResidentSetSize of job (KB)
...
006 (73445602.000.000) 2021-09-25 16:04:08 Image size of job updated: 1712
	1712  -  MemoryUsage of job (MB)
	1753344  -  ResidentSetSize of job (KB)
...
006 (73445602.000.000) 2021-09-25 16:08:10 Image size of job updated: 1712
	1712  -  MemoryUsage of job (MB)
	1753348  -  ResidentSetSize of job (KB)
...
006 (73445602.000.000) 2021-09-25 16:09:11 Image size of job updated: 1712
	1712  -  MemoryUsage of job (MB)
	1753616  -  ResidentSetSize of job (KB)
...
006 (73445602.000.000) 2021-09-25 16:10:12 Image size of job updated: 1712
	1712  -  MemoryUsage of job (MB)
	1753624  -  ResidentSetSize of job (KB)
...
006 (73445602.000.000) 2021-09-25 16:11:12 Image size of job updated: 1712
	1712  -  MemoryUsage of job (MB)
	1753796  -  ResidentSetSize of job (KB)
...
006 (73445602.000.000) 2021-09-25 16:12:13 Image size of job updated: 1713
	1713  -  MemoryUsage of job (MB)
	1754160  -  ResidentSetSize of job (KB)
...
006 (73445602.000.000) 2021-09-25 16:15:15 Image size of job updated: 1713
	1713  -  MemoryUsage of job (MB)
	1754300  -  ResidentSetSize of job (KB)
...
006 (73445602.000.000) 2021-09-25 16:16:15 Image size of job updated: 1713
	1713  -  MemoryUsage of job (MB)
	1754620  -  ResidentSetSize of job (KB)
...
006 (73445602.000.000) 2021-09-25 16:20:20 Image size of job updated: 1714
	1714  -  MemoryUsage of job (MB)
	1755324  -  ResidentSetSize of job (KB)
...
006 (73445602.000.000) 2021-09-25 16:23:23 Image size of job updated: 1714
	1714  -  MemoryUsage of job (MB)
	1755956  -  ResidentSetSize of job (KB)
...
006 (73445602.000.000) 2021-09-25 16:24:23 Image size of job updated: 1714
	1714  -  MemoryUsage of job (MB)
	1755968  -  ResidentSetSize of job (KB)
...
006 (73445602.000.000) 2021-09-25 16:27:24 Image size of job updated: 1715
	1715  -  MemoryUsage of job (MB)
	1756280  -  ResidentSetSize of job (KB)
...
006 (73445602.000.000) 2021-09-25 16:29:25 Image size of job updated: 1715
	1715  -  MemoryUsage of job (MB)
	1756284  -  ResidentSetSize of job (KB)
...
006 (73445602.000.000) 2021-09-25 16:31:26 Image size of job updated: 1715
	1715  -  MemoryUsage of job (MB)
	1756916  -  ResidentSetSize of job (KB)
...
006 (73445602.000.000) 2021-09-25 16:34:26 Image size of job updated: 1716
	1716  -  MemoryUsage of job (MB)
	1757432  -  ResidentSetSize of job (KB)
...
006 (73445602.000.000) 2021-09-25 16:35:27 Image size of job updated: 1716
	1716  -  MemoryUsage of job (MB)
	1757436  -  ResidentSetSize of job (KB)
...
006 (73445602.000.000) 2021-09-25 16:38:28 Image size of job updated: 1717
	1717  -  MemoryUsage of job (MB)
	1758292  -  ResidentSetSize of job (KB)
...
006 (73445602.000.000) 2021-09-25 16:39:29 Image size of job updated: 1717
	1717  -  MemoryUsage of job (MB)
	1758300  -  ResidentSetSize of job (KB)
...
006 (73445602.000.000) 2021-09-25 16:41:30 Image size of job updated: 1717
	1717  -  MemoryUsage of job (MB)
	1758948  -  ResidentSetSize of job (KB)
...
006 (73445602.000.000) 2021-09-25 16:45:34 Image size of job updated: 1717
	1717  -  MemoryUsage of job (MB)
	1759164  -  ResidentSetSize of job (KB)
...
006 (73445602.000.000) 2021-09-25 16:48:34 Image size of job updated: 1718
	1718  -  MemoryUsage of job (MB)
	1759636  -  ResidentSetSize of job (KB)
...
006 (73445602.000.000) 2021-09-25 16:51:35 Image size of job updated: 1718
	1718  -  MemoryUsage of job (MB)
	1759940  -  ResidentSetSize of job (KB)
...
006 (73445602.000.000) 2021-09-25 16:54:37 Image size of job updated: 1719
	1719  -  MemoryUsage of job (MB)
	1760356  -  ResidentSetSize of job (KB)
...
006 (73445602.000.000) 2021-09-25 16:55:37 Image size of job updated: 1719
	1719  -  MemoryUsage of job (MB)
	1760364  -  ResidentSetSize of job (KB)
...
006 (73445602.000.000) 2021-09-25 16:56:37 Image size of job updated: 1719
	1719  -  MemoryUsage of job (MB)
	1760380  -  ResidentSetSize of job (KB)
...
006 (73445602.000.000) 2021-09-25 16:57:37 Image size of job updated: 1719
	1719  -  MemoryUsage of job (MB)
	1760388  -  ResidentSetSize of job (KB)
...
006 (73445602.000.000) 2021-09-25 16:58:38 Image size of job updated: 1719
	1719  -  MemoryUsage of job (MB)
	1761236  -  ResidentSetSize of job (KB)
...
006 (73445602.000.000) 2021-09-25 16:59:39 Image size of job updated: 1719
	1719  -  MemoryUsage of job (MB)
	1761240  -  ResidentSetSize of job (KB)
...
006 (73445602.000.000) 2021-09-25 17:01:41 Image size of job updated: 1720
	1720  -  MemoryUsage of job (MB)
	1761536  -  ResidentSetSize of job (KB)
...
006 (73445602.000.000) 2021-09-25 17:04:45 Image size of job updated: 1720
	1720  -  MemoryUsage of job (MB)
	1762188  -  ResidentSetSize of job (KB)
...
006 (73445602.000.000) 2021-09-25 17:05:45 Image size of job updated: 1720
	1720  -  MemoryUsage of job (MB)
	1762192  -  ResidentSetSize of job (KB)
...
006 (73445602.000.000) 2021-09-25 17:07:46 Image size of job updated: 1721
	1721  -  MemoryUsage of job (MB)
	1762864  -  ResidentSetSize of job (KB)
...
006 (73445602.000.000) 2021-09-25 17:08:47 Image size of job updated: 1721
	1721  -  MemoryUsage of job (MB)
	1762868  -  ResidentSetSize of job (KB)
...
006 (73445602.000.000) 2021-09-25 17:10:48 Image size of job updated: 1722
	1722  -  MemoryUsage of job (MB)
	1763480  -  ResidentSetSize of job (KB)
...
006 (73445602.000.000) 2021-09-25 17:13:48 Image size of job updated: 1722
	1722  -  MemoryUsage of job (MB)
	1764000  -  ResidentSetSize of job (KB)
...
006 (73445602.000.000) 2021-09-25 17:14:48 Image size of job updated: 1722
	1722  -  MemoryUsage of job (MB)
	1764024  -  ResidentSetSize of job (KB)
...
006 (73445602.000.000) 2021-09-25 17:18:50 Image size of job updated: 1722
	1722  -  MemoryUsage of job (MB)
	1764324  -  ResidentSetSize of job (KB)
...
006 (73445602.000.000) 2021-09-25 17:19:50 Image size of job updated: 1722
	1722  -  MemoryUsage of job (MB)
	1764332  -  ResidentSetSize of job (KB)
...
006 (73445602.000.000) 2021-09-25 17:21:51 Image size of job updated: 1723
	1723  -  MemoryUsage of job (MB)
	1764860  -  ResidentSetSize of job (KB)
...
006 (73445602.000.000) 2021-09-25 17:22:52 Image size of job updated: 1723
	1723  -  MemoryUsage of job (MB)
	1764864  -  ResidentSetSize of job (KB)
...
006 (73445602.000.000) 2021-09-25 17:23:52 Image size of job updated: 1723
	1723  -  MemoryUsage of job (MB)
	1764868  -  ResidentSetSize of job (KB)
...
006 (73445602.000.000) 2021-09-25 17:24:52 Image size of job updated: 1723
	1723  -  MemoryUsage of job (MB)
	1765260  -  ResidentSetSize of job (KB)
...
006 (73445602.000.000) 2021-09-25 17:26:54 Image size of job updated: 1724
	1724  -  MemoryUsage of job (MB)
	1765380  -  ResidentSetSize of job (KB)
...
006 (73445602.000.000) 2021-09-25 17:27:55 Image size of job updated: 1724
	1724  -  MemoryUsage of job (MB)
	1765548  -  ResidentSetSize of job (KB)
...
006 (73445602.000.000) 2021-09-25 17:28:55 Image size of job updated: 1724
	1724  -  MemoryUsage of job (MB)
	1765888  -  ResidentSetSize of job (KB)
...
006 (73445602.000.000) 2021-09-25 17:29:56 Image size of job updated: 1724
	1724  -  MemoryUsage of job (MB)
	1765892  -  ResidentSetSize of job (KB)
...
006 (73445602.000.000) 2021-09-25 17:30:56 Image size of job updated: 1724
	1724  -  MemoryUsage of job (MB)
	1766084  -  ResidentSetSize of job (KB)
...
006 (73445602.000.000) 2021-09-25 17:31:57 Image size of job updated: 1725
	1725  -  MemoryUsage of job (MB)
	1766664  -  ResidentSetSize of job (KB)
...
006 (73445602.000.000) 2021-09-25 17:34:59 Image size of job updated: 1725
	1725  -  MemoryUsage of job (MB)
	1767028  -  ResidentSetSize of job (KB)
...
006 (73445602.000.000) 2021-09-25 17:37:00 Image size of job updated: 1725
	1725  -  MemoryUsage of job (MB)
	1767076  -  ResidentSetSize of job (KB)
...
006 (73445602.000.000) 2021-09-25 17:38:00 Image size of job updated: 1726
	1726  -  MemoryUsage of job (MB)
	1767476  -  ResidentSetSize of job (KB)
...
006 (73445602.000.000) 2021-09-25 17:40:01 Image size of job updated: 1726
	1726  -  MemoryUsage of job (MB)
	1767624  -  ResidentSetSize of job (KB)
...
006 (73445602.000.000) 2021-09-25 17:41:01 Image size of job updated: 1726
	1726  -  MemoryUsage of job (MB)
	1768004  -  ResidentSetSize of job (KB)
...
006 (73445602.000.000) 2021-09-25 17:44:04 Image size of job updated: 1727
	1727  -  MemoryUsage of job (MB)
	1768660  -  ResidentSetSize of job (KB)
...
006 (73445602.000.000) 2021-09-25 17:45:04 Image size of job updated: 1727
	1727  -  MemoryUsage of job (MB)
	1768668  -  ResidentSetSize of job (KB)
...
006 (73445602.000.000) 2021-09-25 17:46:05 Image size of job updated: 1727
	1727  -  MemoryUsage of job (MB)
	1768672  -  ResidentSetSize of job (KB)
...
006 (73445602.000.000) 2021-09-25 17:47:06 Image size of job updated: 1728
	1728  -  MemoryUsage of job (MB)
	1769548  -  ResidentSetSize of job (KB)
...
006 (73445602.000.000) 2021-09-25 17:50:07 Image size of job updated: 1728
	1728  -  MemoryUsage of job (MB)
	1769828  -  ResidentSetSize of job (KB)
...
006 (73445602.000.000) 2021-09-25 17:51:07 Image size of job updated: 1728
	1728  -  MemoryUsage of job (MB)
	1769840  -  ResidentSetSize of job (KB)
...
006 (73445602.000.000) 2021-09-25 17:52:08 Image size of job updated: 1728
	1728  -  MemoryUsage of job (MB)
	1770032  -  ResidentSetSize of job (KB)
...
006 (73445602.000.000) 2021-09-25 17:53:09 Image size of job updated: 1728
	1728  -  MemoryUsage of job (MB)
	1770476  -  ResidentSetSize of job (KB)
...
006 (73445602.000.000) 2021-09-25 17:55:10 Image size of job updated: 1729
	1729  -  MemoryUsage of job (MB)
	1770564  -  ResidentSetSize of job (KB)
...
006 (73445602.000.000) 2021-09-25 17:56:11 Image size of job updated: 1729
	1729  -  MemoryUsage of job (MB)
	1770796  -  ResidentSetSize of job (KB)
...
006 (73445602.000.000) 2021-09-25 17:57:11 Image size of job updated: 1729
	1729  -  MemoryUsage of job (MB)
	1770800  -  ResidentSetSize of job (KB)
...
006 (73445602.000.000) 2021-09-25 17:58:12 Image size of job updated: 1729
	1729  -  MemoryUsage of job (MB)
	1770808  -  ResidentSetSize of job (KB)
...
006 (73445602.000.000) 2021-09-25 17:59:13 Image size of job updated: 1729
	1729  -  MemoryUsage of job (MB)
	1771480  -  ResidentSetSize of job (KB)
...
006 (73445602.000.000) 2021-09-25 18:00:14 Image size of job updated: 1729
	1729  -  MemoryUsage of job (MB)
	1771484  -  ResidentSetSize of job (KB)
...
006 (73445602.000.000) 2021-09-25 18:01:16 Image size of job updated: 1729
	1729  -  MemoryUsage of job (MB)
	1771492  -  ResidentSetSize of job (KB)
...
006 (73445602.000.000) 2021-09-25 18:02:16 Image size of job updated: 1730
	1730  -  MemoryUsage of job (MB)
	1772232  -  ResidentSetSize of job (KB)
...
006 (73445602.000.000) 2021-09-25 18:05:16 Image size of job updated: 1730
	1730  -  MemoryUsage of job (MB)
	1772388  -  ResidentSetSize of job (KB)
...
006 (73445602.000.000) 2021-09-25 18:07:16 Image size of job updated: 1731
	1731  -  MemoryUsage of job (MB)
	1772576  -  ResidentSetSize of job (KB)
...
006 (73445602.000.000) 2021-09-25 18:08:17 Image size of job updated: 1731
	1731  -  MemoryUsage of job (MB)
	1772976  -  ResidentSetSize of job (KB)
...
006 (73445602.000.000) 2021-09-25 18:10:18 Image size of job updated: 1731
	1731  -  MemoryUsage of job (MB)
	1773064  -  ResidentSetSize of job (KB)
...
006 (73445602.000.000) 2021-09-25 18:11:19 Image size of job updated: 1731
	1731  -  MemoryUsage of job (MB)
	1773424  -  ResidentSetSize of job (KB)
...
006 (73445602.000.000) 2021-09-25 18:14:20 Image size of job updated: 1732
	1732  -  MemoryUsage of job (MB)
	1774184  -  ResidentSetSize of job (KB)
...
006 (73445602.000.000) 2021-09-25 18:15:21 Image size of job updated: 1732
	1732  -  MemoryUsage of job (MB)
	1774188  -  ResidentSetSize of job (KB)
...
006 (73445602.000.000) 2021-09-25 18:17:23 Image size of job updated: 1733
	1733  -  MemoryUsage of job (MB)
	1774748  -  ResidentSetSize of job (KB)
...
006 (73445602.000.000) 2021-09-25 18:19:25 Image size of job updated: 1733
	1733  -  MemoryUsage of job (MB)
	1775020  -  ResidentSetSize of job (KB)
...
006 (73445602.000.000) 2021-09-25 18:20:25 Image size of job updated: 1733
	1733  -  MemoryUsage of job (MB)
	1775088  -  ResidentSetSize of job (KB)
...
006 (73445602.000.000) 2021-09-25 18:21:26 Image size of job updated: 1733
	1733  -  MemoryUsage of job (MB)
	1775104  -  ResidentSetSize of job (KB)
...
006 (73445602.000.000) 2021-09-25 18:22:26 Image size of job updated: 1733
	1733  -  MemoryUsage of job (MB)
	1775580  -  ResidentSetSize of job (KB)
...
006 (73445602.000.000) 2021-09-25 18:25:27 Image size of job updated: 1734
	1734  -  MemoryUsage of job (MB)
	1775976  -  ResidentSetSize of job (KB)
...
006 (73445602.000.000) 2021-09-25 18:28:28 Image size of job updated: 1735
	1735  -  MemoryUsage of job (MB)
	1776680  -  ResidentSetSize of job (KB)
...
006 (73445602.000.000) 2021-09-25 18:29:29 Image size of job updated: 1735
	1735  -  MemoryUsage of job (MB)
	1776700  -  ResidentSetSize of job (KB)
...
006 (73445602.000.000) 2021-09-25 18:31:30 Image size of job updated: 1735
	1735  -  MemoryUsage of job (MB)
	1777368  -  ResidentSetSize of job (KB)
...
006 (73445602.000.000) 2021-09-25 18:34:31 Image size of job updated: 1736
	1736  -  MemoryUsage of job (MB)
	1777772  -  ResidentSetSize of job (KB)
...
006 (73445602.000.000) 2021-09-25 18:35:32 Image size of job updated: 1736
	1736  -  MemoryUsage of job (MB)
	1777780  -  ResidentSetSize of job (KB)
...
006 (73445602.000.000) 2021-09-25 18:36:34 Image size of job updated: 1736
	1736  -  MemoryUsage of job (MB)
	1778136  -  ResidentSetSize of job (KB)
...
006 (73445602.000.000) 2021-09-25 18:37:34 Image size of job updated: 1736
	1736  -  MemoryUsage of job (MB)
	1778244  -  ResidentSetSize of job (KB)
...
006 (73445602.000.000) 2021-09-25 18:38:34 Image size of job updated: 1736
	1736  -  MemoryUsage of job (MB)
	1778248  -  ResidentSetSize of job (KB)
...
006 (73445602.000.000) 2021-09-25 18:39:34 Image size of job updated: 1736
	1736  -  MemoryUsage of job (MB)
	1778252  -  ResidentSetSize of job (KB)
...
040 (73445602.000.000) 2021-09-25 18:39:56 Started transferring output files
...
040 (73445602.000.000) 2021-09-25 18:39:56 Finished transferring output files
...
005 (73445602.000.000) 2021-09-25 18:39:59 Job terminated.
	(1) Normal termination (return value 0)
		Usr 0 00:00:00, Sys 0 00:00:00  -  Run Remote Usage
		Usr 0 00:00:00, Sys 0 00:00:00  -  Run Local Usage
		Usr 0 02:00:41, Sys 0 09:00:53  -  Total Remote Usage
		Usr 0 00:00:00, Sys 0 00:00:00  -  Total Local Usage
	1226970  -  Run Bytes Sent By Job
	8471570  -  Run Bytes Received By Job
	1226970  -  Total Bytes Sent By Job
	8471570  -  Total Bytes Received By Job
	Partitionable Resources :    Usage  Request Allocated 
	   Cpus                 :     0.00        1         1 
	   Disk (KB)            : 30244       10000   1637504 
	   Memory (MB)          :  1736        2048      2048 

	Job terminated of its own accord at 2021-09-25T23:39:55Z.
...
