000 (34545167.000.000) 2021-09-16 05:46:22 Job submitted from host: <131.225.188.57:9618?addrs=131.225.188.57-9618&alias=lpcschedd2.fnal.gov&noUDP&sock=schedd_2251_93c6>
...
040 (34545167.000.000) 2021-09-16 21:19:39 Started transferring input files
	Transferring to host: <131.225.205.217:9618?addrs=131.225.205.217-9618&alias=cmswn1983.fnal.gov&noUDP&sock=slot1_11_1538_68f8_1208>
...
040 (34545167.000.000) 2021-09-16 21:19:39 Finished transferring input files
...
001 (34545167.000.000) 2021-09-16 21:19:40 Job executing on host: <131.225.205.217:9618?addrs=131.225.205.217-9618&alias=cmswn1983.fnal.gov&noUDP&sock=startd_1450_286a>
...
006 (34545167.000.000) 2021-09-16 21:19:49 Image size of job updated: 8
	8  -  MemoryUsage of job (MB)
	8420  -  ResidentSetSize of job (KB)
...
006 (34545167.000.000) 2021-09-16 21:20:49 Image size of job updated: 495
	495  -  MemoryUsage of job (MB)
	507232  -  ResidentSetSize of job (KB)
...
006 (34545167.000.000) 2021-09-16 21:21:49 Image size of job updated: 528
	528  -  MemoryUsage of job (MB)
	541280  -  ResidentSetSize of job (KB)
...
006 (34545167.000.000) 2021-09-16 21:25:49 Image size of job updated: 537
	537  -  MemoryUsage of job (MB)
	550868  -  ResidentSetSize of job (KB)
...
006 (34545167.000.000) 2021-09-16 21:26:50 Image size of job updated: 582
	582  -  MemoryUsage of job (MB)
	596396  -  ResidentSetSize of job (KB)
...
006 (34545167.000.000) 2021-09-16 21:27:50 Image size of job updated: 628
	628  -  MemoryUsage of job (MB)
	643496  -  ResidentSetSize of job (KB)
...
006 (34545167.000.000) 2021-09-16 21:28:51 Image size of job updated: 668
	668  -  MemoryUsage of job (MB)
	684284  -  ResidentSetSize of job (KB)
...
006 (34545167.000.000) 2021-09-16 21:29:51 Image size of job updated: 701
	701  -  MemoryUsage of job (MB)
	718164  -  ResidentSetSize of job (KB)
...
006 (34545167.000.000) 2021-09-16 21:30:52 Image size of job updated: 735
	735  -  MemoryUsage of job (MB)
	753616  -  ResidentSetSize of job (KB)
...
006 (34545167.000.000) 2021-09-16 21:31:53 Image size of job updated: 768
	768  -  MemoryUsage of job (MB)
	787064  -  ResidentSetSize of job (KB)
...
006 (34545167.000.000) 2021-09-16 21:32:53 Image size of job updated: 797
	797  -  MemoryUsage of job (MB)
	816876  -  ResidentSetSize of job (KB)
...
006 (34545167.000.000) 2021-09-16 21:33:53 Image size of job updated: 826
	826  -  MemoryUsage of job (MB)
	846696  -  ResidentSetSize of job (KB)
...
006 (34545167.000.000) 2021-09-16 21:34:54 Image size of job updated: 856
	856  -  MemoryUsage of job (MB)
	877396  -  ResidentSetSize of job (KB)
...
006 (34545167.000.000) 2021-09-16 21:35:56 Image size of job updated: 896
	896  -  MemoryUsage of job (MB)
	917852  -  ResidentSetSize of job (KB)
...
006 (34545167.000.000) 2021-09-16 21:36:56 Image size of job updated: 921
	921  -  MemoryUsage of job (MB)
	943160  -  ResidentSetSize of job (KB)
...
006 (34545167.000.000) 2021-09-16 21:37:57 Image size of job updated: 947
	947  -  MemoryUsage of job (MB)
	970472  -  ResidentSetSize of job (KB)
...
006 (34545167.000.000) 2021-09-16 21:38:57 Image size of job updated: 973
	973  -  MemoryUsage of job (MB)
	996852  -  ResidentSetSize of job (KB)
...
006 (34545167.000.000) 2021-09-16 21:39:58 Image size of job updated: 995
	995  -  MemoryUsage of job (MB)
	1019296  -  ResidentSetSize of job (KB)
...
006 (34545167.000.000) 2021-09-16 21:40:58 Image size of job updated: 1021
	1021  -  MemoryUsage of job (MB)
	1045728  -  ResidentSetSize of job (KB)
...
006 (34545167.000.000) 2021-09-16 21:41:59 Image size of job updated: 1048
	1048  -  MemoryUsage of job (MB)
	1073420  -  ResidentSetSize of job (KB)
...
006 (34545167.000.000) 2021-09-16 21:42:59 Image size of job updated: 1077
	1077  -  MemoryUsage of job (MB)
	1102960  -  ResidentSetSize of job (KB)
...
006 (34545167.000.000) 2021-09-16 21:44:00 Image size of job updated: 1098
	1098  -  MemoryUsage of job (MB)
	1124792  -  ResidentSetSize of job (KB)
...
006 (34545167.000.000) 2021-09-16 21:45:00 Image size of job updated: 1119
	1119  -  MemoryUsage of job (MB)
	1146320  -  ResidentSetSize of job (KB)
...
006 (34545167.000.000) 2021-09-16 21:46:01 Image size of job updated: 1138
	1138  -  MemoryUsage of job (MB)
	1165772  -  ResidentSetSize of job (KB)
...
006 (34545167.000.000) 2021-09-16 21:47:01 Image size of job updated: 1159
	1159  -  MemoryUsage of job (MB)
	1187800  -  ResidentSetSize of job (KB)
...
006 (34545167.000.000) 2021-09-16 21:48:02 Image size of job updated: 1180
	1180  -  MemoryUsage of job (MB)
	1208344  -  ResidentSetSize of job (KB)
...
006 (34545167.000.000) 2021-09-16 21:49:04 Image size of job updated: 1199
	1199  -  MemoryUsage of job (MB)
	1228644  -  ResidentSetSize of job (KB)
...
006 (34545167.000.000) 2021-09-16 21:50:04 Image size of job updated: 1217
	1217  -  MemoryUsage of job (MB)
	1246628  -  ResidentSetSize of job (KB)
...
006 (34545167.000.000) 2021-09-16 21:51:05 Image size of job updated: 1236
	1236  -  MemoryUsage of job (MB)
	1266132  -  ResidentSetSize of job (KB)
...
006 (34545167.000.000) 2021-09-16 21:52:05 Image size of job updated: 1255
	1255  -  MemoryUsage of job (MB)
	1285228  -  ResidentSetSize of job (KB)
...
006 (34545167.000.000) 2021-09-16 21:53:06 Image size of job updated: 1271
	1271  -  MemoryUsage of job (MB)
	1302152  -  ResidentSetSize of job (KB)
...
006 (34545167.000.000) 2021-09-16 21:54:06 Image size of job updated: 1289
	1289  -  MemoryUsage of job (MB)
	1320504  -  ResidentSetSize of job (KB)
...
006 (34545167.000.000) 2021-09-16 21:55:07 Image size of job updated: 1307
	1307  -  MemoryUsage of job (MB)
	1338440  -  ResidentSetSize of job (KB)
...
006 (34545167.000.000) 2021-09-16 21:56:07 Image size of job updated: 1322
	1322  -  MemoryUsage of job (MB)
	1354360  -  ResidentSetSize of job (KB)
...
006 (34545167.000.000) 2021-09-16 21:57:08 Image size of job updated: 1340
	1340  -  MemoryUsage of job (MB)
	1372216  -  ResidentSetSize of job (KB)
...
006 (34545167.000.000) 2021-09-16 21:58:08 Image size of job updated: 1357
	1357  -  MemoryUsage of job (MB)
	1390144  -  ResidentSetSize of job (KB)
...
006 (34545167.000.000) 2021-09-16 21:59:09 Image size of job updated: 1372
	1372  -  MemoryUsage of job (MB)
	1405888  -  ResidentSetSize of job (KB)
...
006 (34545167.000.000) 2021-09-16 22:00:09 Image size of job updated: 1389
	1389  -  MemoryUsage of job (MB)
	1423036  -  ResidentSetSize of job (KB)
...
006 (34545167.000.000) 2021-09-16 22:01:10 Image size of job updated: 1406
	1406  -  MemoryUsage of job (MB)
	1439840  -  ResidentSetSize of job (KB)
...
006 (34545167.000.000) 2021-09-16 22:02:11 Image size of job updated: 1421
	1421  -  MemoryUsage of job (MB)
	1455244  -  ResidentSetSize of job (KB)
...
006 (34545167.000.000) 2021-09-16 22:03:12 Image size of job updated: 1436
	1436  -  MemoryUsage of job (MB)
	1471224  -  ResidentSetSize of job (KB)
...
006 (34545167.000.000) 2021-09-16 22:04:13 Image size of job updated: 1452
	1452  -  MemoryUsage of job (MB)
	1487408  -  ResidentSetSize of job (KB)
...
006 (34545167.000.000) 2021-09-16 22:05:13 Image size of job updated: 1466
	1466  -  MemoryUsage of job (MB)
	1501644  -  ResidentSetSize of job (KB)
...
006 (34545167.000.000) 2021-09-16 22:06:14 Image size of job updated: 1481
	1481  -  MemoryUsage of job (MB)
	1517084  -  ResidentSetSize of job (KB)
...
006 (34545167.000.000) 2021-09-16 22:07:14 Image size of job updated: 1496
	1496  -  MemoryUsage of job (MB)
	1532368  -  ResidentSetSize of job (KB)
...
006 (34545167.000.000) 2021-09-16 22:08:15 Image size of job updated: 1509
	1509  -  MemoryUsage of job (MB)
	1545912  -  ResidentSetSize of job (KB)
...
006 (34545167.000.000) 2021-09-16 22:09:15 Image size of job updated: 1524
	1524  -  MemoryUsage of job (MB)
	1560700  -  ResidentSetSize of job (KB)
...
006 (34545167.000.000) 2021-09-16 22:10:16 Image size of job updated: 1542
	1542  -  MemoryUsage of job (MB)
	1579480  -  ResidentSetSize of job (KB)
...
006 (34545167.000.000) 2021-09-16 22:11:18 Image size of job updated: 1625
	1625  -  MemoryUsage of job (MB)
	1664952  -  ResidentSetSize of job (KB)
...
006 (34545167.000.000) 2021-09-16 22:12:18 Image size of job updated: 1626
	1626  -  MemoryUsage of job (MB)
	1665096  -  ResidentSetSize of job (KB)
...
006 (34545167.000.000) 2021-09-16 22:13:19 Image size of job updated: 1645
	1645  -  MemoryUsage of job (MB)
	1685216  -  ResidentSetSize of job (KB)
...
006 (34545167.000.000) 2021-09-16 22:14:19 Image size of job updated: 1645
	1645  -  MemoryUsage of job (MB)
	1685384  -  ResidentSetSize of job (KB)
...
006 (34545167.000.000) 2021-09-16 22:15:20 Image size of job updated: 1654
	1654  -  MemoryUsage of job (MB)
	1693956  -  ResidentSetSize of job (KB)
...
006 (34545167.000.000) 2021-09-16 22:16:20 Image size of job updated: 1654
	1654  -  MemoryUsage of job (MB)
	1694036  -  ResidentSetSize of job (KB)
...
006 (34545167.000.000) 2021-09-16 22:17:21 Image size of job updated: 1657
	1657  -  MemoryUsage of job (MB)
	1697484  -  ResidentSetSize of job (KB)
...
006 (34545167.000.000) 2021-09-16 22:18:21 Image size of job updated: 1657
	1657  -  MemoryUsage of job (MB)
	1697512  -  ResidentSetSize of job (KB)
...
006 (34545167.000.000) 2021-09-16 22:19:22 Image size of job updated: 1660
	1660  -  MemoryUsage of job (MB)
	1700148  -  ResidentSetSize of job (KB)
...
006 (34545167.000.000) 2021-09-16 22:20:23 Image size of job updated: 1660
	1660  -  MemoryUsage of job (MB)
	1700308  -  ResidentSetSize of job (KB)
...
006 (34545167.000.000) 2021-09-16 22:21:23 Image size of job updated: 1665
	1665  -  MemoryUsage of job (MB)
	1704980  -  ResidentSetSize of job (KB)
...
006 (34545167.000.000) 2021-09-16 22:22:24 Image size of job updated: 1665
	1665  -  MemoryUsage of job (MB)
	1705048  -  ResidentSetSize of job (KB)
...
006 (34545167.000.000) 2021-09-16 22:23:24 Image size of job updated: 1666
	1666  -  MemoryUsage of job (MB)
	1706856  -  ResidentSetSize of job (KB)
...
006 (34545167.000.000) 2021-09-16 22:24:25 Image size of job updated: 1666
	1666  -  MemoryUsage of job (MB)
	1706892  -  ResidentSetSize of job (KB)
...
006 (34545167.000.000) 2021-09-16 22:25:26 Image size of job updated: 1668
	1668  -  MemoryUsage of job (MB)
	1708044  -  ResidentSetSize of job (KB)
...
006 (34545167.000.000) 2021-09-16 22:26:26 Image size of job updated: 1668
	1668  -  MemoryUsage of job (MB)
	1708080  -  ResidentSetSize of job (KB)
...
006 (34545167.000.000) 2021-09-16 22:27:26 Image size of job updated: 1668
	1668  -  MemoryUsage of job (MB)
	1708660  -  ResidentSetSize of job (KB)
...
006 (34545167.000.000) 2021-09-16 22:28:26 Image size of job updated: 1668
	1668  -  MemoryUsage of job (MB)
	1708688  -  ResidentSetSize of job (KB)
...
006 (34545167.000.000) 2021-09-16 22:29:27 Image size of job updated: 1669
	1669  -  MemoryUsage of job (MB)
	1709404  -  ResidentSetSize of job (KB)
...
006 (34545167.000.000) 2021-09-16 22:30:28 Image size of job updated: 1671
	1671  -  MemoryUsage of job (MB)
	1712004  -  ResidentSetSize of job (KB)
...
006 (34545167.000.000) 2021-09-16 22:31:28 Image size of job updated: 1673
	1673  -  MemoryUsage of job (MB)
	1713864  -  ResidentSetSize of job (KB)
...
006 (34545167.000.000) 2021-09-16 22:32:29 Image size of job updated: 1676
	1676  -  MemoryUsage of job (MB)
	1717156  -  ResidentSetSize of job (KB)
...
006 (34545167.000.000) 2021-09-16 22:33:29 Image size of job updated: 1676
	1676  -  MemoryUsage of job (MB)
	1717236  -  ResidentSetSize of job (KB)
...
006 (34545167.000.000) 2021-09-16 22:34:30 Image size of job updated: 1679
	1679  -  MemoryUsage of job (MB)
	1719928  -  ResidentSetSize of job (KB)
...
006 (34545167.000.000) 2021-09-16 22:35:30 Image size of job updated: 1679
	1679  -  MemoryUsage of job (MB)
	1719956  -  ResidentSetSize of job (KB)
...
006 (34545167.000.000) 2021-09-16 22:36:30 Image size of job updated: 1680
	1680  -  MemoryUsage of job (MB)
	1721156  -  ResidentSetSize of job (KB)
...
006 (34545167.000.000) 2021-09-16 22:37:31 Image size of job updated: 1680
	1680  -  MemoryUsage of job (MB)
	1721168  -  ResidentSetSize of job (KB)
...
006 (34545167.000.000) 2021-09-16 22:38:31 Image size of job updated: 1682
	1682  -  MemoryUsage of job (MB)
	1723076  -  ResidentSetSize of job (KB)
...
006 (34545167.000.000) 2021-09-16 22:39:32 Image size of job updated: 1682
	1682  -  MemoryUsage of job (MB)
	1723092  -  ResidentSetSize of job (KB)
...
006 (34545167.000.000) 2021-09-16 22:40:32 Image size of job updated: 1683
	1683  -  MemoryUsage of job (MB)
	1724408  -  ResidentSetSize of job (KB)
...
006 (34545167.000.000) 2021-09-16 22:41:33 Image size of job updated: 1684
	1684  -  MemoryUsage of job (MB)
	1724584  -  ResidentSetSize of job (KB)
...
006 (34545167.000.000) 2021-09-16 22:43:34 Image size of job updated: 1685
	1685  -  MemoryUsage of job (MB)
	1725568  -  ResidentSetSize of job (KB)
...
006 (34545167.000.000) 2021-09-16 22:44:34 Image size of job updated: 1686
	1686  -  MemoryUsage of job (MB)
	1727196  -  ResidentSetSize of job (KB)
...
006 (34545167.000.000) 2021-09-16 22:45:35 Image size of job updated: 1686
	1686  -  MemoryUsage of job (MB)
	1727264  -  ResidentSetSize of job (KB)
...
006 (34545167.000.000) 2021-09-16 22:46:35 Image size of job updated: 1688
	1688  -  MemoryUsage of job (MB)
	1728752  -  ResidentSetSize of job (KB)
...
006 (34545167.000.000) 2021-09-16 22:47:36 Image size of job updated: 1688
	1688  -  MemoryUsage of job (MB)
	1729004  -  ResidentSetSize of job (KB)
...
006 (34545167.000.000) 2021-09-16 22:48:36 Image size of job updated: 1688
	1688  -  MemoryUsage of job (MB)
	1729012  -  ResidentSetSize of job (KB)
...
006 (34545167.000.000) 2021-09-16 22:49:37 Image size of job updated: 1689
	1689  -  MemoryUsage of job (MB)
	1729792  -  ResidentSetSize of job (KB)
...
006 (34545167.000.000) 2021-09-16 22:50:37 Image size of job updated: 1689
	1689  -  MemoryUsage of job (MB)
	1729836  -  ResidentSetSize of job (KB)
...
006 (34545167.000.000) 2021-09-16 22:51:38 Image size of job updated: 1689
	1689  -  MemoryUsage of job (MB)
	1729840  -  ResidentSetSize of job (KB)
...
006 (34545167.000.000) 2021-09-16 22:52:38 Image size of job updated: 1690
	1690  -  MemoryUsage of job (MB)
	1730900  -  ResidentSetSize of job (KB)
...
006 (34545167.000.000) 2021-09-16 22:53:38 Image size of job updated: 1690
	1690  -  MemoryUsage of job (MB)
	1731044  -  ResidentSetSize of job (KB)
...
006 (34545167.000.000) 2021-09-16 22:54:39 Image size of job updated: 1690
	1690  -  MemoryUsage of job (MB)
	1731052  -  ResidentSetSize of job (KB)
...
006 (34545167.000.000) 2021-09-16 22:56:40 Image size of job updated: 1691
	1691  -  MemoryUsage of job (MB)
	1731900  -  ResidentSetSize of job (KB)
...
006 (34545167.000.000) 2021-09-16 22:58:40 Image size of job updated: 1691
	1691  -  MemoryUsage of job (MB)
	1731996  -  ResidentSetSize of job (KB)
...
006 (34545167.000.000) 2021-09-16 22:59:41 Image size of job updated: 1692
	1692  -  MemoryUsage of job (MB)
	1732856  -  ResidentSetSize of job (KB)
...
006 (34545167.000.000) 2021-09-16 23:00:41 Image size of job updated: 1692
	1692  -  MemoryUsage of job (MB)
	1732860  -  ResidentSetSize of job (KB)
...
006 (34545167.000.000) 2021-09-16 23:01:42 Image size of job updated: 1692
	1692  -  MemoryUsage of job (MB)
	1733024  -  ResidentSetSize of job (KB)
...
006 (34545167.000.000) 2021-09-16 23:02:42 Image size of job updated: 1693
	1693  -  MemoryUsage of job (MB)
	1734012  -  ResidentSetSize of job (KB)
...
006 (34545167.000.000) 2021-09-16 23:03:43 Image size of job updated: 1693
	1693  -  MemoryUsage of job (MB)
	1734024  -  ResidentSetSize of job (KB)
...
006 (34545167.000.000) 2021-09-16 23:04:43 Image size of job updated: 1693
	1693  -  MemoryUsage of job (MB)
	1734032  -  ResidentSetSize of job (KB)
...
006 (34545167.000.000) 2021-09-16 23:05:44 Image size of job updated: 1693
	1693  -  MemoryUsage of job (MB)
	1734548  -  ResidentSetSize of job (KB)
...
006 (34545167.000.000) 2021-09-16 23:08:45 Image size of job updated: 1694
	1694  -  MemoryUsage of job (MB)
	1735160  -  ResidentSetSize of job (KB)
...
006 (34545167.000.000) 2021-09-16 23:09:45 Image size of job updated: 1694
	1694  -  MemoryUsage of job (MB)
	1735172  -  ResidentSetSize of job (KB)
...
006 (34545167.000.000) 2021-09-16 23:10:46 Image size of job updated: 1694
	1694  -  MemoryUsage of job (MB)
	1735176  -  ResidentSetSize of job (KB)
...
006 (34545167.000.000) 2021-09-16 23:11:46 Image size of job updated: 1695
	1695  -  MemoryUsage of job (MB)
	1736260  -  ResidentSetSize of job (KB)
...
006 (34545167.000.000) 2021-09-16 23:12:47 Image size of job updated: 1695
	1695  -  MemoryUsage of job (MB)
	1736264  -  ResidentSetSize of job (KB)
...
006 (34545167.000.000) 2021-09-16 23:14:48 Image size of job updated: 1696
	1696  -  MemoryUsage of job (MB)
	1737708  -  ResidentSetSize of job (KB)
...
006 (34545167.000.000) 2021-09-16 23:17:50 Image size of job updated: 1697
	1697  -  MemoryUsage of job (MB)
	1738688  -  ResidentSetSize of job (KB)
...
006 (34545167.000.000) 2021-09-16 23:19:50 Image size of job updated: 1697
	1697  -  MemoryUsage of job (MB)
	1738700  -  ResidentSetSize of job (KB)
...
006 (34545167.000.000) 2021-09-16 23:20:51 Image size of job updated: 1698
	1698  -  MemoryUsage of job (MB)
	1739272  -  ResidentSetSize of job (KB)
...
006 (34545167.000.000) 2021-09-16 23:21:51 Image size of job updated: 1698
	1698  -  MemoryUsage of job (MB)
	1739376  -  ResidentSetSize of job (KB)
...
006 (34545167.000.000) 2021-09-16 23:24:52 Image size of job updated: 1699
	1699  -  MemoryUsage of job (MB)
	1740180  -  ResidentSetSize of job (KB)
...
006 (34545167.000.000) 2021-09-16 23:27:54 Image size of job updated: 1700
	1700  -  MemoryUsage of job (MB)
	1740820  -  ResidentSetSize of job (KB)
...
006 (34545167.000.000) 2021-09-16 23:28:54 Image size of job updated: 1700
	1700  -  MemoryUsage of job (MB)
	1740824  -  ResidentSetSize of job (KB)
...
006 (34545167.000.000) 2021-09-16 23:30:55 Image size of job updated: 1702
	1702  -  MemoryUsage of job (MB)
	1743416  -  ResidentSetSize of job (KB)
...
006 (34545167.000.000) 2021-09-16 23:31:55 Image size of job updated: 1702
	1702  -  MemoryUsage of job (MB)
	1743448  -  ResidentSetSize of job (KB)
...
006 (34545167.000.000) 2021-09-16 23:32:56 Image size of job updated: 1702
	1702  -  MemoryUsage of job (MB)
	1743700  -  ResidentSetSize of job (KB)
...
006 (34545167.000.000) 2021-09-16 23:33:56 Image size of job updated: 1705
	1705  -  MemoryUsage of job (MB)
	1746016  -  ResidentSetSize of job (KB)
...
006 (34545167.000.000) 2021-09-16 23:34:57 Image size of job updated: 1705
	1705  -  MemoryUsage of job (MB)
	1746044  -  ResidentSetSize of job (KB)
...
006 (34545167.000.000) 2021-09-16 23:35:58 Image size of job updated: 1705
	1705  -  MemoryUsage of job (MB)
	1746072  -  ResidentSetSize of job (KB)
...
006 (34545167.000.000) 2021-09-16 23:36:58 Image size of job updated: 1705
	1705  -  MemoryUsage of job (MB)
	1746412  -  ResidentSetSize of job (KB)
...
006 (34545167.000.000) 2021-09-16 23:38:00 Image size of job updated: 1705
	1705  -  MemoryUsage of job (MB)
	1746684  -  ResidentSetSize of job (KB)
...
006 (34545167.000.000) 2021-09-16 23:39:00 Image size of job updated: 1705
	1705  -  MemoryUsage of job (MB)
	1746692  -  ResidentSetSize of job (KB)
...
006 (34545167.000.000) 2021-09-16 23:40:00 Image size of job updated: 1707
	1707  -  MemoryUsage of job (MB)
	1748016  -  ResidentSetSize of job (KB)
...
006 (34545167.000.000) 2021-09-16 23:41:02 Image size of job updated: 1707
	1707  -  MemoryUsage of job (MB)
	1748020  -  ResidentSetSize of job (KB)
...
006 (34545167.000.000) 2021-09-16 23:42:02 Image size of job updated: 1708
	1708  -  MemoryUsage of job (MB)
	1749008  -  ResidentSetSize of job (KB)
...
006 (34545167.000.000) 2021-09-16 23:43:02 Image size of job updated: 1708
	1708  -  MemoryUsage of job (MB)
	1749016  -  ResidentSetSize of job (KB)
...
006 (34545167.000.000) 2021-09-16 23:44:03 Image size of job updated: 1708
	1708  -  MemoryUsage of job (MB)
	1749840  -  ResidentSetSize of job (KB)
...
006 (34545167.000.000) 2021-09-16 23:45:03 Image size of job updated: 1708
	1708  -  MemoryUsage of job (MB)
	1749860  -  ResidentSetSize of job (KB)
...
006 (34545167.000.000) 2021-09-16 23:46:03 Image size of job updated: 1709
	1709  -  MemoryUsage of job (MB)
	1750592  -  ResidentSetSize of job (KB)
...
006 (34545167.000.000) 2021-09-16 23:48:04 Image size of job updated: 1710
	1710  -  MemoryUsage of job (MB)
	1751396  -  ResidentSetSize of job (KB)
...
006 (34545167.000.000) 2021-09-16 23:49:04 Image size of job updated: 1710
	1710  -  MemoryUsage of job (MB)
	1751404  -  ResidentSetSize of job (KB)
...
006 (34545167.000.000) 2021-09-16 23:50:05 Image size of job updated: 1710
	1710  -  MemoryUsage of job (MB)
	1751992  -  ResidentSetSize of job (KB)
...
006 (34545167.000.000) 2021-09-16 23:51:07 Image size of job updated: 1710
	1710  -  MemoryUsage of job (MB)
	1752000  -  ResidentSetSize of job (KB)
...
006 (34545167.000.000) 2021-09-16 23:52:07 Image size of job updated: 1711
	1711  -  MemoryUsage of job (MB)
	1752648  -  ResidentSetSize of job (KB)
...
006 (34545167.000.000) 2021-09-16 23:53:07 Image size of job updated: 1711
	1711  -  MemoryUsage of job (MB)
	1752664  -  ResidentSetSize of job (KB)
...
006 (34545167.000.000) 2021-09-16 23:54:08 Image size of job updated: 1712
	1712  -  MemoryUsage of job (MB)
	1753940  -  ResidentSetSize of job (KB)
...
006 (34545167.000.000) 2021-09-16 23:55:08 Image size of job updated: 1712
	1712  -  MemoryUsage of job (MB)
	1753944  -  ResidentSetSize of job (KB)
...
006 (34545167.000.000) 2021-09-16 23:56:08 Image size of job updated: 1713
	1713  -  MemoryUsage of job (MB)
	1754704  -  ResidentSetSize of job (KB)
...
006 (34545167.000.000) 2021-09-16 23:57:08 Image size of job updated: 1713
	1713  -  MemoryUsage of job (MB)
	1754724  -  ResidentSetSize of job (KB)
...
006 (34545167.000.000) 2021-09-16 23:58:10 Image size of job updated: 1714
	1714  -  MemoryUsage of job (MB)
	1755140  -  ResidentSetSize of job (KB)
...
006 (34545167.000.000) 2021-09-16 23:59:10 Image size of job updated: 1714
	1714  -  MemoryUsage of job (MB)
	1755184  -  ResidentSetSize of job (KB)
...
006 (34545167.000.000) 2021-09-17 00:00:10 Image size of job updated: 1714
	1714  -  MemoryUsage of job (MB)
	1755672  -  ResidentSetSize of job (KB)
...
006 (34545167.000.000) 2021-09-17 00:01:11 Image size of job updated: 1714
	1714  -  MemoryUsage of job (MB)
	1755696  -  ResidentSetSize of job (KB)
...
006 (34545167.000.000) 2021-09-17 00:02:11 Image size of job updated: 1715
	1715  -  MemoryUsage of job (MB)
	1756168  -  ResidentSetSize of job (KB)
...
006 (34545167.000.000) 2021-09-17 00:03:11 Image size of job updated: 1715
	1715  -  MemoryUsage of job (MB)
	1756324  -  ResidentSetSize of job (KB)
...
006 (34545167.000.000) 2021-09-17 00:04:12 Image size of job updated: 1715
	1715  -  MemoryUsage of job (MB)
	1756444  -  ResidentSetSize of job (KB)
...
006 (34545167.000.000) 2021-09-17 00:05:12 Image size of job updated: 1715
	1715  -  MemoryUsage of job (MB)
	1756716  -  ResidentSetSize of job (KB)
...
006 (34545167.000.000) 2021-09-17 00:06:12 Image size of job updated: 1715
	1715  -  MemoryUsage of job (MB)
	1756728  -  ResidentSetSize of job (KB)
...
006 (34545167.000.000) 2021-09-17 00:07:13 Image size of job updated: 1715
	1715  -  MemoryUsage of job (MB)
	1757000  -  ResidentSetSize of job (KB)
...
006 (34545167.000.000) 2021-09-17 00:08:14 Image size of job updated: 1715
	1715  -  MemoryUsage of job (MB)
	1757028  -  ResidentSetSize of job (KB)
...
006 (34545167.000.000) 2021-09-17 00:09:14 Image size of job updated: 1716
	1716  -  MemoryUsage of job (MB)
	1757356  -  ResidentSetSize of job (KB)
...
006 (34545167.000.000) 2021-09-17 00:11:16 Image size of job updated: 1717
	1717  -  MemoryUsage of job (MB)
	1758292  -  ResidentSetSize of job (KB)
...
006 (34545167.000.000) 2021-09-17 00:12:16 Image size of job updated: 1717
	1717  -  MemoryUsage of job (MB)
	1758316  -  ResidentSetSize of job (KB)
...
006 (34545167.000.000) 2021-09-17 00:13:16 Image size of job updated: 1717
	1717  -  MemoryUsage of job (MB)
	1759020  -  ResidentSetSize of job (KB)
...
006 (34545167.000.000) 2021-09-17 00:14:17 Image size of job updated: 1717
	1717  -  MemoryUsage of job (MB)
	1759040  -  ResidentSetSize of job (KB)
...
006 (34545167.000.000) 2021-09-17 00:15:18 Image size of job updated: 1718
	1718  -  MemoryUsage of job (MB)
	1759812  -  ResidentSetSize of job (KB)
...
006 (34545167.000.000) 2021-09-17 00:17:18 Image size of job updated: 1719
	1719  -  MemoryUsage of job (MB)
	1760288  -  ResidentSetSize of job (KB)
...
006 (34545167.000.000) 2021-09-17 00:18:20 Image size of job updated: 1719
	1719  -  MemoryUsage of job (MB)
	1760292  -  ResidentSetSize of job (KB)
...
006 (34545167.000.000) 2021-09-17 00:19:20 Image size of job updated: 1719
	1719  -  MemoryUsage of job (MB)
	1760864  -  ResidentSetSize of job (KB)
...
006 (34545167.000.000) 2021-09-17 00:21:21 Image size of job updated: 1720
	1720  -  MemoryUsage of job (MB)
	1761624  -  ResidentSetSize of job (KB)
...
006 (34545167.000.000) 2021-09-17 00:22:23 Image size of job updated: 1720
	1720  -  MemoryUsage of job (MB)
	1761640  -  ResidentSetSize of job (KB)
...
006 (34545167.000.000) 2021-09-17 00:23:23 Image size of job updated: 1720
	1720  -  MemoryUsage of job (MB)
	1761848  -  ResidentSetSize of job (KB)
...
006 (34545167.000.000) 2021-09-17 00:24:23 Image size of job updated: 1721
	1721  -  MemoryUsage of job (MB)
	1762616  -  ResidentSetSize of job (KB)
...
006 (34545167.000.000) 2021-09-17 00:25:23 Image size of job updated: 1721
	1721  -  MemoryUsage of job (MB)
	1762808  -  ResidentSetSize of job (KB)
...
006 (34545167.000.000) 2021-09-17 00:26:24 Image size of job updated: 1722
	1722  -  MemoryUsage of job (MB)
	1763472  -  ResidentSetSize of job (KB)
...
006 (34545167.000.000) 2021-09-17 00:27:25 Image size of job updated: 1722
	1722  -  MemoryUsage of job (MB)
	1763476  -  ResidentSetSize of job (KB)
...
006 (34545167.000.000) 2021-09-17 00:28:25 Image size of job updated: 1722
	1722  -  MemoryUsage of job (MB)
	1763732  -  ResidentSetSize of job (KB)
...
006 (34545167.000.000) 2021-09-17 00:30:26 Image size of job updated: 1722
	1722  -  MemoryUsage of job (MB)
	1764140  -  ResidentSetSize of job (KB)
...
006 (34545167.000.000) 2021-09-17 00:31:27 Image size of job updated: 1722
	1722  -  MemoryUsage of job (MB)
	1764144  -  ResidentSetSize of job (KB)
...
006 (34545167.000.000) 2021-09-17 00:32:27 Image size of job updated: 1723
	1723  -  MemoryUsage of job (MB)
	1764760  -  ResidentSetSize of job (KB)
...
006 (34545167.000.000) 2021-09-17 00:33:28 Image size of job updated: 1723
	1723  -  MemoryUsage of job (MB)
	1764764  -  ResidentSetSize of job (KB)
...
006 (34545167.000.000) 2021-09-17 00:34:29 Image size of job updated: 1723
	1723  -  MemoryUsage of job (MB)
	1764788  -  ResidentSetSize of job (KB)
...
006 (34545167.000.000) 2021-09-17 00:35:29 Image size of job updated: 1724
	1724  -  MemoryUsage of job (MB)
	1765404  -  ResidentSetSize of job (KB)
...
006 (34545167.000.000) 2021-09-17 00:37:29 Image size of job updated: 1724
	1724  -  MemoryUsage of job (MB)
	1766196  -  ResidentSetSize of job (KB)
...
006 (34545167.000.000) 2021-09-17 00:39:30 Image size of job updated: 1725
	1725  -  MemoryUsage of job (MB)
	1766484  -  ResidentSetSize of job (KB)
...
006 (34545167.000.000) 2021-09-17 00:40:30 Image size of job updated: 1725
	1725  -  MemoryUsage of job (MB)
	1766492  -  ResidentSetSize of job (KB)
...
006 (34545167.000.000) 2021-09-17 00:41:30 Image size of job updated: 1725
	1725  -  MemoryUsage of job (MB)
	1767128  -  ResidentSetSize of job (KB)
...
006 (34545167.000.000) 2021-09-17 00:42:31 Image size of job updated: 1725
	1725  -  MemoryUsage of job (MB)
	1767140  -  ResidentSetSize of job (KB)
...
006 (34545167.000.000) 2021-09-17 00:43:32 Image size of job updated: 1726
	1726  -  MemoryUsage of job (MB)
	1767448  -  ResidentSetSize of job (KB)
...
006 (34545167.000.000) 2021-09-17 00:45:34 Image size of job updated: 1726
	1726  -  MemoryUsage of job (MB)
	1767864  -  ResidentSetSize of job (KB)
...
006 (34545167.000.000) 2021-09-17 00:47:34 Image size of job updated: 1727
	1727  -  MemoryUsage of job (MB)
	1768452  -  ResidentSetSize of job (KB)
...
006 (34545167.000.000) 2021-09-17 00:48:35 Image size of job updated: 1727
	1727  -  MemoryUsage of job (MB)
	1768596  -  ResidentSetSize of job (KB)
...
006 (34545167.000.000) 2021-09-17 00:49:35 Image size of job updated: 1727
	1727  -  MemoryUsage of job (MB)
	1768968  -  ResidentSetSize of job (KB)
...
006 (34545167.000.000) 2021-09-17 00:50:35 Image size of job updated: 1727
	1727  -  MemoryUsage of job (MB)
	1769452  -  ResidentSetSize of job (KB)
...
006 (34545167.000.000) 2021-09-17 00:51:36 Image size of job updated: 1728
	1728  -  MemoryUsage of job (MB)
	1769476  -  ResidentSetSize of job (KB)
...
006 (34545167.000.000) 2021-09-17 00:52:36 Image size of job updated: 1728
	1728  -  MemoryUsage of job (MB)
	1770060  -  ResidentSetSize of job (KB)
...
006 (34545167.000.000) 2021-09-17 00:53:36 Image size of job updated: 1728
	1728  -  MemoryUsage of job (MB)
	1770112  -  ResidentSetSize of job (KB)
...
006 (34545167.000.000) 2021-09-17 00:54:37 Image size of job updated: 1728
	1728  -  MemoryUsage of job (MB)
	1770360  -  ResidentSetSize of job (KB)
...
006 (34545167.000.000) 2021-09-17 00:56:37 Image size of job updated: 1729
	1729  -  MemoryUsage of job (MB)
	1770496  -  ResidentSetSize of job (KB)
...
006 (34545167.000.000) 2021-09-17 00:58:38 Image size of job updated: 1729
	1729  -  MemoryUsage of job (MB)
	1770620  -  ResidentSetSize of job (KB)
...
006 (34545167.000.000) 2021-09-17 01:00:38 Image size of job updated: 1729
	1729  -  MemoryUsage of job (MB)
	1770796  -  ResidentSetSize of job (KB)
...
006 (34545167.000.000) 2021-09-17 01:01:39 Image size of job updated: 1729
	1729  -  MemoryUsage of job (MB)
	1770820  -  ResidentSetSize of job (KB)
...
006 (34545167.000.000) 2021-09-17 01:02:40 Image size of job updated: 1730
	1730  -  MemoryUsage of job (MB)
	1771796  -  ResidentSetSize of job (KB)
...
006 (34545167.000.000) 2021-09-17 01:03:40 Image size of job updated: 1730
	1730  -  MemoryUsage of job (MB)
	1771808  -  ResidentSetSize of job (KB)
...
006 (34545167.000.000) 2021-09-17 01:04:41 Image size of job updated: 1731
	1731  -  MemoryUsage of job (MB)
	1772888  -  ResidentSetSize of job (KB)
...
006 (34545167.000.000) 2021-09-17 01:05:43 Image size of job updated: 1731
	1731  -  MemoryUsage of job (MB)
	1772892  -  ResidentSetSize of job (KB)
...
006 (34545167.000.000) 2021-09-17 01:06:43 Image size of job updated: 1732
	1732  -  MemoryUsage of job (MB)
	1773616  -  ResidentSetSize of job (KB)
...
006 (34545167.000.000) 2021-09-17 01:08:45 Image size of job updated: 1732
	1732  -  MemoryUsage of job (MB)
	1773852  -  ResidentSetSize of job (KB)
...
006 (34545167.000.000) 2021-09-17 01:10:45 Image size of job updated: 1732
	1732  -  MemoryUsage of job (MB)
	1774404  -  ResidentSetSize of job (KB)
...
006 (34545167.000.000) 2021-09-17 01:12:48 Image size of job updated: 1733
	1733  -  MemoryUsage of job (MB)
	1775052  -  ResidentSetSize of job (KB)
...
006 (34545167.000.000) 2021-09-17 01:13:48 Image size of job updated: 1733
	1733  -  MemoryUsage of job (MB)
	1775160  -  ResidentSetSize of job (KB)
...
006 (34545167.000.000) 2021-09-17 01:14:48 Image size of job updated: 1734
	1734  -  MemoryUsage of job (MB)
	1775684  -  ResidentSetSize of job (KB)
...
006 (34545167.000.000) 2021-09-17 01:15:49 Image size of job updated: 1734
	1734  -  MemoryUsage of job (MB)
	1775884  -  ResidentSetSize of job (KB)
...
006 (34545167.000.000) 2021-09-17 01:16:49 Image size of job updated: 1734
	1734  -  MemoryUsage of job (MB)
	1776288  -  ResidentSetSize of job (KB)
...
006 (34545167.000.000) 2021-09-17 01:17:49 Image size of job updated: 1734
	1734  -  MemoryUsage of job (MB)
	1776456  -  ResidentSetSize of job (KB)
...
006 (34545167.000.000) 2021-09-17 01:18:50 Image size of job updated: 1734
	1734  -  MemoryUsage of job (MB)
	1776620  -  ResidentSetSize of job (KB)
...
006 (34545167.000.000) 2021-09-17 01:21:52 Image size of job updated: 1735
	1735  -  MemoryUsage of job (MB)
	1777340  -  ResidentSetSize of job (KB)
...
006 (34545167.000.000) 2021-09-17 01:22:52 Image size of job updated: 1735
	1735  -  MemoryUsage of job (MB)
	1777344  -  ResidentSetSize of job (KB)
...
006 (34545167.000.000) 2021-09-17 01:23:52 Image size of job updated: 1736
	1736  -  MemoryUsage of job (MB)
	1777928  -  ResidentSetSize of job (KB)
...
006 (34545167.000.000) 2021-09-17 01:24:53 Image size of job updated: 1736
	1736  -  MemoryUsage of job (MB)
	1777940  -  ResidentSetSize of job (KB)
...
006 (34545167.000.000) 2021-09-17 01:25:53 Image size of job updated: 1736
	1736  -  MemoryUsage of job (MB)
	1778128  -  ResidentSetSize of job (KB)
...
006 (34545167.000.000) 2021-09-17 01:26:54 Image size of job updated: 1736
	1736  -  MemoryUsage of job (MB)
	1778524  -  ResidentSetSize of job (KB)
...
006 (34545167.000.000) 2021-09-17 01:31:57 Image size of job updated: 1737
	1737  -  MemoryUsage of job (MB)
	1778932  -  ResidentSetSize of job (KB)
...
006 (34545167.000.000) 2021-09-17 01:34:58 Image size of job updated: 1737
	1737  -  MemoryUsage of job (MB)
	1779376  -  ResidentSetSize of job (KB)
...
006 (34545167.000.000) 2021-09-17 01:35:59 Image size of job updated: 1737
	1737  -  MemoryUsage of job (MB)
	1779384  -  ResidentSetSize of job (KB)
...
006 (34545167.000.000) 2021-09-17 01:37:00 Image size of job updated: 1737
	1737  -  MemoryUsage of job (MB)
	1779388  -  ResidentSetSize of job (KB)
...
006 (34545167.000.000) 2021-09-17 01:38:00 Image size of job updated: 1738
	1738  -  MemoryUsage of job (MB)
	1779872  -  ResidentSetSize of job (KB)
...
006 (34545167.000.000) 2021-09-17 01:39:01 Image size of job updated: 1738
	1738  -  MemoryUsage of job (MB)
	1779876  -  ResidentSetSize of job (KB)
...
006 (34545167.000.000) 2021-09-17 01:40:01 Image size of job updated: 1738
	1738  -  MemoryUsage of job (MB)
	1779880  -  ResidentSetSize of job (KB)
...
006 (34545167.000.000) 2021-09-17 01:41:02 Image size of job updated: 1738
	1738  -  MemoryUsage of job (MB)
	1780092  -  ResidentSetSize of job (KB)
...
006 (34545167.000.000) 2021-09-17 01:42:02 Image size of job updated: 1738
	1738  -  MemoryUsage of job (MB)
	1780580  -  ResidentSetSize of job (KB)
...
006 (34545167.000.000) 2021-09-17 01:43:02 Image size of job updated: 1738
	1738  -  MemoryUsage of job (MB)
	1780588  -  ResidentSetSize of job (KB)
...
006 (34545167.000.000) 2021-09-17 01:45:03 Image size of job updated: 1739
	1739  -  MemoryUsage of job (MB)
	1780764  -  ResidentSetSize of job (KB)
...
006 (34545167.000.000) 2021-09-17 01:50:06 Image size of job updated: 1739
	1739  -  MemoryUsage of job (MB)
	1780844  -  ResidentSetSize of job (KB)
...
006 (34545167.000.000) 2021-09-17 01:51:07 Image size of job updated: 1739
	1739  -  MemoryUsage of job (MB)
	1781120  -  ResidentSetSize of job (KB)
...
006 (34545167.000.000) 2021-09-17 01:54:08 Image size of job updated: 1739
	1739  -  MemoryUsage of job (MB)
	1781264  -  ResidentSetSize of job (KB)
...
006 (34545167.000.000) 2021-09-17 01:55:08 Image size of job updated: 1739
	1739  -  MemoryUsage of job (MB)
	1781268  -  ResidentSetSize of job (KB)
...
006 (34545167.000.000) 2021-09-17 01:56:09 Image size of job updated: 1739
	1739  -  MemoryUsage of job (MB)
	1781392  -  ResidentSetSize of job (KB)
...
006 (34545167.000.000) 2021-09-17 01:57:09 Image size of job updated: 1739
	1739  -  MemoryUsage of job (MB)
	1781496  -  ResidentSetSize of job (KB)
...
006 (34545167.000.000) 2021-09-17 01:59:10 Image size of job updated: 1739
	1739  -  MemoryUsage of job (MB)
	1781668  -  ResidentSetSize of job (KB)
...
006 (34545167.000.000) 2021-09-17 02:01:13 Image size of job updated: 1740
	1740  -  MemoryUsage of job (MB)
	1782136  -  ResidentSetSize of job (KB)
...
006 (34545167.000.000) 2021-09-17 02:03:13 Image size of job updated: 1741
	1741  -  MemoryUsage of job (MB)
	1783060  -  ResidentSetSize of job (KB)
...
040 (34545167.000.000) 2021-09-17 02:03:25 Started transferring output files
...
040 (34545167.000.000) 2021-09-17 02:03:25 Finished transferring output files
...
005 (34545167.000.000) 2021-09-17 02:03:26 Job terminated.
	(1) Normal termination (return value 0)
		Usr 0 00:00:00, Sys 0 00:00:00  -  Run Remote Usage
		Usr 0 00:00:00, Sys 0 00:00:00  -  Run Local Usage
		Usr 0 01:41:34, Sys 0 02:54:36  -  Total Remote Usage
		Usr 0 00:00:00, Sys 0 00:00:00  -  Total Local Usage
	1234185  -  Run Bytes Sent By Job
	8471534  -  Run Bytes Received By Job
	1234185  -  Total Bytes Sent By Job
	8471534  -  Total Bytes Received By Job
	Partitionable Resources :    Usage  Request Allocated 
	   Cpus                 :     0.00        1         1 
	   Disk (KB)            : 31148       10000   1698627 
	   Memory (MB)          :  1741        2048      2048 

	Job terminated of its own accord at 2021-09-17T07:03:25Z.
...
000 (34672467.000.000) 2021-09-24 22:31:44 Job submitted from host: <131.225.188.57:9618?addrs=131.225.188.57-9618&alias=lpcschedd2.fnal.gov&noUDP&sock=schedd_2251_93c6>
...
040 (34672467.000.000) 2021-09-24 23:19:09 Started transferring input files
	Transferring to host: <131.225.205.152:9618?addrs=131.225.205.152-9618&alias=cmswn1926.fnal.gov&noUDP&sock=slot1_21_1545_5798_5202>
...
040 (34672467.000.000) 2021-09-24 23:19:09 Finished transferring input files
...
001 (34672467.000.000) 2021-09-24 23:19:10 Job executing on host: <131.225.205.152:9618?addrs=131.225.205.152-9618&alias=cmswn1926.fnal.gov&noUDP&sock=startd_1447_19a1>
...
006 (34672467.000.000) 2021-09-24 23:19:19 Image size of job updated: 8
	8  -  MemoryUsage of job (MB)
	8420  -  ResidentSetSize of job (KB)
...
006 (34672467.000.000) 2021-09-24 23:20:19 Image size of job updated: 528
	528  -  MemoryUsage of job (MB)
	541236  -  ResidentSetSize of job (KB)
...
006 (34672467.000.000) 2021-09-24 23:24:20 Image size of job updated: 538
	538  -  MemoryUsage of job (MB)
	551100  -  ResidentSetSize of job (KB)
...
006 (34672467.000.000) 2021-09-24 23:25:21 Image size of job updated: 584
	584  -  MemoryUsage of job (MB)
	598996  -  ResidentSetSize of job (KB)
...
006 (34672467.000.000) 2021-09-24 23:26:22 Image size of job updated: 632
	632  -  MemoryUsage of job (MB)
	647284  -  ResidentSetSize of job (KB)
...
006 (34672467.000.000) 2021-09-24 23:27:22 Image size of job updated: 669
	669  -  MemoryUsage of job (MB)
	685624  -  ResidentSetSize of job (KB)
...
006 (34672467.000.000) 2021-09-24 23:28:23 Image size of job updated: 704
	704  -  MemoryUsage of job (MB)
	721440  -  ResidentSetSize of job (KB)
...
006 (34672467.000.000) 2021-09-24 23:29:24 Image size of job updated: 741
	741  -  MemoryUsage of job (MB)
	759060  -  ResidentSetSize of job (KB)
...
006 (34672467.000.000) 2021-09-24 23:30:24 Image size of job updated: 772
	772  -  MemoryUsage of job (MB)
	790892  -  ResidentSetSize of job (KB)
...
006 (34672467.000.000) 2021-09-24 23:31:24 Image size of job updated: 802
	802  -  MemoryUsage of job (MB)
	821812  -  ResidentSetSize of job (KB)
...
006 (34672467.000.000) 2021-09-24 23:32:24 Image size of job updated: 833
	833  -  MemoryUsage of job (MB)
	853304  -  ResidentSetSize of job (KB)
...
006 (34672467.000.000) 2021-09-24 23:33:25 Image size of job updated: 861
	861  -  MemoryUsage of job (MB)
	882632  -  ResidentSetSize of job (KB)
...
006 (34672467.000.000) 2021-09-24 23:34:27 Image size of job updated: 902
	902  -  MemoryUsage of job (MB)
	924276  -  ResidentSetSize of job (KB)
...
006 (34672467.000.000) 2021-09-24 23:35:27 Image size of job updated: 929
	929  -  MemoryUsage of job (MB)
	952280  -  ResidentSetSize of job (KB)
...
006 (34672467.000.000) 2021-09-24 23:36:28 Image size of job updated: 955
	955  -  MemoryUsage of job (MB)
	978400  -  ResidentSetSize of job (KB)
...
006 (34672467.000.000) 2021-09-24 23:37:28 Image size of job updated: 982
	982  -  MemoryUsage of job (MB)
	1005588  -  ResidentSetSize of job (KB)
...
006 (34672467.000.000) 2021-09-24 23:38:29 Image size of job updated: 1006
	1006  -  MemoryUsage of job (MB)
	1030472  -  ResidentSetSize of job (KB)
...
006 (34672467.000.000) 2021-09-24 23:39:29 Image size of job updated: 1031
	1031  -  MemoryUsage of job (MB)
	1056220  -  ResidentSetSize of job (KB)
...
006 (34672467.000.000) 2021-09-24 23:40:30 Image size of job updated: 1068
	1068  -  MemoryUsage of job (MB)
	1094456  -  ResidentSetSize of job (KB)
...
006 (34672467.000.000) 2021-09-24 23:41:30 Image size of job updated: 1088
	1088  -  MemoryUsage of job (MB)
	1114380  -  ResidentSetSize of job (KB)
...
006 (34672467.000.000) 2021-09-24 23:42:30 Image size of job updated: 1109
	1109  -  MemoryUsage of job (MB)
	1135952  -  ResidentSetSize of job (KB)
...
006 (34672467.000.000) 2021-09-24 23:43:30 Image size of job updated: 1131
	1131  -  MemoryUsage of job (MB)
	1158928  -  ResidentSetSize of job (KB)
...
006 (34672467.000.000) 2021-09-24 23:44:31 Image size of job updated: 1152
	1152  -  MemoryUsage of job (MB)
	1180100  -  ResidentSetSize of job (KB)
...
006 (34672467.000.000) 2021-09-24 23:45:33 Image size of job updated: 1173
	1173  -  MemoryUsage of job (MB)
	1201888  -  ResidentSetSize of job (KB)
...
006 (34672467.000.000) 2021-09-24 23:46:33 Image size of job updated: 1193
	1193  -  MemoryUsage of job (MB)
	1221796  -  ResidentSetSize of job (KB)
...
006 (34672467.000.000) 2021-09-24 23:47:33 Image size of job updated: 1212
	1212  -  MemoryUsage of job (MB)
	1241372  -  ResidentSetSize of job (KB)
...
006 (34672467.000.000) 2021-09-24 23:48:34 Image size of job updated: 1233
	1233  -  MemoryUsage of job (MB)
	1262648  -  ResidentSetSize of job (KB)
...
006 (34672467.000.000) 2021-09-24 23:49:34 Image size of job updated: 1250
	1250  -  MemoryUsage of job (MB)
	1280864  -  ResidentSetSize of job (KB)
...
006 (34672467.000.000) 2021-09-24 23:50:34 Image size of job updated: 1268
	1268  -  MemoryUsage of job (MB)
	1298976  -  ResidentSetSize of job (KB)
...
006 (34672467.000.000) 2021-09-24 23:51:35 Image size of job updated: 1287
	1287  -  MemoryUsage of job (MB)
	1318868  -  ResidentSetSize of job (KB)
...
006 (34672467.000.000) 2021-09-24 23:52:35 Image size of job updated: 1305
	1305  -  MemoryUsage of job (MB)
	1336692  -  ResidentSetSize of job (KB)
...
006 (34672467.000.000) 2021-09-24 23:53:35 Image size of job updated: 1322
	1322  -  MemoryUsage of job (MB)
	1354136  -  ResidentSetSize of job (KB)
...
006 (34672467.000.000) 2021-09-24 23:54:35 Image size of job updated: 1340
	1340  -  MemoryUsage of job (MB)
	1373132  -  ResidentSetSize of job (KB)
...
006 (34672467.000.000) 2021-09-24 23:55:36 Image size of job updated: 1357
	1357  -  MemoryUsage of job (MB)
	1389668  -  ResidentSetSize of job (KB)
...
006 (34672467.000.000) 2021-09-24 23:56:37 Image size of job updated: 1373
	1373  -  MemoryUsage of job (MB)
	1406072  -  ResidentSetSize of job (KB)
...
006 (34672467.000.000) 2021-09-24 23:57:37 Image size of job updated: 1390
	1390  -  MemoryUsage of job (MB)
	1424096  -  ResidentSetSize of job (KB)
...
006 (34672467.000.000) 2021-09-24 23:58:38 Image size of job updated: 1406
	1406  -  MemoryUsage of job (MB)
	1440220  -  ResidentSetSize of job (KB)
...
006 (34672467.000.000) 2021-09-24 23:59:39 Image size of job updated: 1423
	1423  -  MemoryUsage of job (MB)
	1457816  -  ResidentSetSize of job (KB)
...
006 (34672467.000.000) 2021-09-25 00:00:39 Image size of job updated: 1438
	1438  -  MemoryUsage of job (MB)
	1473432  -  ResidentSetSize of job (KB)
...
006 (34672467.000.000) 2021-09-25 00:01:40 Image size of job updated: 1455
	1455  -  MemoryUsage of job (MB)
	1490172  -  ResidentSetSize of job (KB)
...
006 (34672467.000.000) 2021-09-25 00:02:41 Image size of job updated: 1469
	1469  -  MemoryUsage of job (MB)
	1505176  -  ResidentSetSize of job (KB)
...
006 (34672467.000.000) 2021-09-25 00:03:43 Image size of job updated: 1486
	1486  -  MemoryUsage of job (MB)
	1521852  -  ResidentSetSize of job (KB)
...
006 (34672467.000.000) 2021-09-25 00:04:43 Image size of job updated: 1500
	1500  -  MemoryUsage of job (MB)
	1536896  -  ResidentSetSize of job (KB)
...
006 (34672467.000.000) 2021-09-25 00:05:43 Image size of job updated: 1515
	1515  -  MemoryUsage of job (MB)
	1551800  -  ResidentSetSize of job (KB)
...
006 (34672467.000.000) 2021-09-25 00:06:43 Image size of job updated: 1531
	1531  -  MemoryUsage of job (MB)
	1568104  -  ResidentSetSize of job (KB)
...
006 (34672467.000.000) 2021-09-25 00:07:44 Image size of job updated: 1555
	1555  -  MemoryUsage of job (MB)
	1592812  -  ResidentSetSize of job (KB)
...
006 (34672467.000.000) 2021-09-25 00:08:44 Image size of job updated: 1625
	1625  -  MemoryUsage of job (MB)
	1664988  -  ResidentSetSize of job (KB)
...
006 (34672467.000.000) 2021-09-25 00:09:44 Image size of job updated: 1626
	1626  -  MemoryUsage of job (MB)
	1665084  -  ResidentSetSize of job (KB)
...
006 (34672467.000.000) 2021-09-25 00:10:45 Image size of job updated: 1626
	1626  -  MemoryUsage of job (MB)
	1665148  -  ResidentSetSize of job (KB)
...
006 (34672467.000.000) 2021-09-25 00:11:47 Image size of job updated: 1626
	1626  -  MemoryUsage of job (MB)
	1665440  -  ResidentSetSize of job (KB)
...
006 (34672467.000.000) 2021-09-25 00:12:47 Image size of job updated: 1649
	1649  -  MemoryUsage of job (MB)
	1688684  -  ResidentSetSize of job (KB)
...
006 (34672467.000.000) 2021-09-25 00:13:47 Image size of job updated: 1649
	1649  -  MemoryUsage of job (MB)
	1688756  -  ResidentSetSize of job (KB)
...
006 (34672467.000.000) 2021-09-25 00:14:47 Image size of job updated: 1649
	1649  -  MemoryUsage of job (MB)
	1688808  -  ResidentSetSize of job (KB)
...
006 (34672467.000.000) 2021-09-25 00:15:47 Image size of job updated: 1649
	1649  -  MemoryUsage of job (MB)
	1688832  -  ResidentSetSize of job (KB)
...
006 (34672467.000.000) 2021-09-25 00:16:48 Image size of job updated: 1649
	1649  -  MemoryUsage of job (MB)
	1689080  -  ResidentSetSize of job (KB)
...
006 (34672467.000.000) 2021-09-25 00:17:49 Image size of job updated: 1657
	1657  -  MemoryUsage of job (MB)
	1697384  -  ResidentSetSize of job (KB)
...
006 (34672467.000.000) 2021-09-25 00:18:49 Image size of job updated: 1657
	1657  -  MemoryUsage of job (MB)
	1697448  -  ResidentSetSize of job (KB)
...
006 (34672467.000.000) 2021-09-25 00:19:49 Image size of job updated: 1657
	1657  -  MemoryUsage of job (MB)
	1697500  -  ResidentSetSize of job (KB)
...
006 (34672467.000.000) 2021-09-25 00:20:49 Image size of job updated: 1657
	1657  -  MemoryUsage of job (MB)
	1697564  -  ResidentSetSize of job (KB)
...
006 (34672467.000.000) 2021-09-25 00:21:49 Image size of job updated: 1660
	1660  -  MemoryUsage of job (MB)
	1700640  -  ResidentSetSize of job (KB)
...
006 (34672467.000.000) 2021-09-25 00:22:50 Image size of job updated: 1662
	1662  -  MemoryUsage of job (MB)
	1702380  -  ResidentSetSize of job (KB)
...
006 (34672467.000.000) 2021-09-25 00:23:51 Image size of job updated: 1662
	1662  -  MemoryUsage of job (MB)
	1702440  -  ResidentSetSize of job (KB)
...
006 (34672467.000.000) 2021-09-25 00:24:53 Image size of job updated: 1662
	1662  -  MemoryUsage of job (MB)
	1702476  -  ResidentSetSize of job (KB)
...
006 (34672467.000.000) 2021-09-25 00:25:53 Image size of job updated: 1662
	1662  -  MemoryUsage of job (MB)
	1702724  -  ResidentSetSize of job (KB)
...
006 (34672467.000.000) 2021-09-25 00:26:54 Image size of job updated: 1665
	1665  -  MemoryUsage of job (MB)
	1705248  -  ResidentSetSize of job (KB)
...
006 (34672467.000.000) 2021-09-25 00:27:54 Image size of job updated: 1665
	1665  -  MemoryUsage of job (MB)
	1705276  -  ResidentSetSize of job (KB)
...
006 (34672467.000.000) 2021-09-25 00:28:55 Image size of job updated: 1665
	1665  -  MemoryUsage of job (MB)
	1705280  -  ResidentSetSize of job (KB)
...
006 (34672467.000.000) 2021-09-25 00:29:55 Image size of job updated: 1665
	1665  -  MemoryUsage of job (MB)
	1705308  -  ResidentSetSize of job (KB)
...
006 (34672467.000.000) 2021-09-25 00:30:55 Image size of job updated: 1666
	1666  -  MemoryUsage of job (MB)
	1706492  -  ResidentSetSize of job (KB)
...
006 (34672467.000.000) 2021-09-25 00:31:55 Image size of job updated: 1667
	1667  -  MemoryUsage of job (MB)
	1707948  -  ResidentSetSize of job (KB)
...
006 (34672467.000.000) 2021-09-25 00:32:55 Image size of job updated: 1667
	1667  -  MemoryUsage of job (MB)
	1707960  -  ResidentSetSize of job (KB)
...
006 (34672467.000.000) 2021-09-25 00:33:55 Image size of job updated: 1667
	1667  -  MemoryUsage of job (MB)
	1707984  -  ResidentSetSize of job (KB)
...
006 (34672467.000.000) 2021-09-25 00:34:56 Image size of job updated: 1667
	1667  -  MemoryUsage of job (MB)
	1708012  -  ResidentSetSize of job (KB)
...
006 (34672467.000.000) 2021-09-25 00:35:56 Image size of job updated: 1669
	1669  -  MemoryUsage of job (MB)
	1709156  -  ResidentSetSize of job (KB)
...
006 (34672467.000.000) 2021-09-25 00:36:56 Image size of job updated: 1669
	1669  -  MemoryUsage of job (MB)
	1709168  -  ResidentSetSize of job (KB)
...
006 (34672467.000.000) 2021-09-25 00:37:57 Image size of job updated: 1669
	1669  -  MemoryUsage of job (MB)
	1709180  -  ResidentSetSize of job (KB)
...
006 (34672467.000.000) 2021-09-25 00:38:57 Image size of job updated: 1669
	1669  -  MemoryUsage of job (MB)
	1709196  -  ResidentSetSize of job (KB)
...
006 (34672467.000.000) 2021-09-25 00:39:58 Image size of job updated: 1669
	1669  -  MemoryUsage of job (MB)
	1709212  -  ResidentSetSize of job (KB)
...
006 (34672467.000.000) 2021-09-25 00:40:58 Image size of job updated: 1669
	1669  -  MemoryUsage of job (MB)
	1709884  -  ResidentSetSize of job (KB)
...
006 (34672467.000.000) 2021-09-25 00:41:58 Image size of job updated: 1669
	1669  -  MemoryUsage of job (MB)
	1709900  -  ResidentSetSize of job (KB)
...
006 (34672467.000.000) 2021-09-25 00:42:59 Image size of job updated: 1669
	1669  -  MemoryUsage of job (MB)
	1709908  -  ResidentSetSize of job (KB)
...
006 (34672467.000.000) 2021-09-25 00:44:00 Image size of job updated: 1669
	1669  -  MemoryUsage of job (MB)
	1709920  -  ResidentSetSize of job (KB)
...
006 (34672467.000.000) 2021-09-25 00:45:00 Image size of job updated: 1670
	1670  -  MemoryUsage of job (MB)
	1710356  -  ResidentSetSize of job (KB)
...
006 (34672467.000.000) 2021-09-25 00:46:01 Image size of job updated: 1670
	1670  -  MemoryUsage of job (MB)
	1710700  -  ResidentSetSize of job (KB)
...
006 (34672467.000.000) 2021-09-25 00:47:01 Image size of job updated: 1670
	1670  -  MemoryUsage of job (MB)
	1710708  -  ResidentSetSize of job (KB)
...
006 (34672467.000.000) 2021-09-25 00:49:02 Image size of job updated: 1670
	1670  -  MemoryUsage of job (MB)
	1710720  -  ResidentSetSize of job (KB)
...
006 (34672467.000.000) 2021-09-25 00:50:02 Image size of job updated: 1671
	1671  -  MemoryUsage of job (MB)
	1711352  -  ResidentSetSize of job (KB)
...
006 (34672467.000.000) 2021-09-25 00:51:03 Image size of job updated: 1671
	1671  -  MemoryUsage of job (MB)
	1711360  -  ResidentSetSize of job (KB)
...
006 (34672467.000.000) 2021-09-25 00:52:03 Image size of job updated: 1671
	1671  -  MemoryUsage of job (MB)
	1711372  -  ResidentSetSize of job (KB)
...
006 (34672467.000.000) 2021-09-25 00:53:03 Image size of job updated: 1671
	1671  -  MemoryUsage of job (MB)
	1711380  -  ResidentSetSize of job (KB)
...
006 (34672467.000.000) 2021-09-25 00:54:04 Image size of job updated: 1671
	1671  -  MemoryUsage of job (MB)
	1711388  -  ResidentSetSize of job (KB)
...
006 (34672467.000.000) 2021-09-25 00:55:05 Image size of job updated: 1674
	1674  -  MemoryUsage of job (MB)
	1715032  -  ResidentSetSize of job (KB)
...
006 (34672467.000.000) 2021-09-25 00:57:07 Image size of job updated: 1674
	1674  -  MemoryUsage of job (MB)
	1715040  -  ResidentSetSize of job (KB)
...
006 (34672467.000.000) 2021-09-25 00:58:08 Image size of job updated: 1674
	1674  -  MemoryUsage of job (MB)
	1715044  -  ResidentSetSize of job (KB)
...
006 (34672467.000.000) 2021-09-25 00:59:09 Image size of job updated: 1674
	1674  -  MemoryUsage of job (MB)
	1715052  -  ResidentSetSize of job (KB)
...
006 (34672467.000.000) 2021-09-25 01:01:09 Image size of job updated: 1677
	1677  -  MemoryUsage of job (MB)
	1718140  -  ResidentSetSize of job (KB)
...
006 (34672467.000.000) 2021-09-25 01:02:10 Image size of job updated: 1677
	1677  -  MemoryUsage of job (MB)
	1718156  -  ResidentSetSize of job (KB)
...
006 (34672467.000.000) 2021-09-25 01:04:13 Image size of job updated: 1677
	1677  -  MemoryUsage of job (MB)
	1718164  -  ResidentSetSize of job (KB)
...
006 (34672467.000.000) 2021-09-25 01:05:13 Image size of job updated: 1677
	1677  -  MemoryUsage of job (MB)
	1718172  -  ResidentSetSize of job (KB)
...
006 (34672467.000.000) 2021-09-25 01:06:13 Image size of job updated: 1677
	1677  -  MemoryUsage of job (MB)
	1718184  -  ResidentSetSize of job (KB)
...
006 (34672467.000.000) 2021-09-25 01:07:14 Image size of job updated: 1677
	1677  -  MemoryUsage of job (MB)
	1718212  -  ResidentSetSize of job (KB)
...
006 (34672467.000.000) 2021-09-25 01:08:14 Image size of job updated: 1681
	1681  -  MemoryUsage of job (MB)
	1721940  -  ResidentSetSize of job (KB)
...
006 (34672467.000.000) 2021-09-25 01:09:14 Image size of job updated: 1681
	1681  -  MemoryUsage of job (MB)
	1721968  -  ResidentSetSize of job (KB)
...
006 (34672467.000.000) 2021-09-25 01:10:14 Image size of job updated: 1681
	1681  -  MemoryUsage of job (MB)
	1721980  -  ResidentSetSize of job (KB)
...
006 (34672467.000.000) 2021-09-25 01:11:15 Image size of job updated: 1681
	1681  -  MemoryUsage of job (MB)
	1722000  -  ResidentSetSize of job (KB)
...
006 (34672467.000.000) 2021-09-25 01:12:15 Image size of job updated: 1681
	1681  -  MemoryUsage of job (MB)
	1722044  -  ResidentSetSize of job (KB)
...
006 (34672467.000.000) 2021-09-25 01:13:16 Image size of job updated: 1683
	1683  -  MemoryUsage of job (MB)
	1723692  -  ResidentSetSize of job (KB)
...
006 (34672467.000.000) 2021-09-25 01:16:18 Image size of job updated: 1683
	1683  -  MemoryUsage of job (MB)
	1723700  -  ResidentSetSize of job (KB)
...
006 (34672467.000.000) 2021-09-25 01:18:19 Image size of job updated: 1683
	1683  -  MemoryUsage of job (MB)
	1723712  -  ResidentSetSize of job (KB)
...
006 (34672467.000.000) 2021-09-25 01:19:19 Image size of job updated: 1685
	1685  -  MemoryUsage of job (MB)
	1726204  -  ResidentSetSize of job (KB)
...
006 (34672467.000.000) 2021-09-25 01:20:20 Image size of job updated: 1685
	1685  -  MemoryUsage of job (MB)
	1726216  -  ResidentSetSize of job (KB)
...
006 (34672467.000.000) 2021-09-25 01:21:22 Image size of job updated: 1685
	1685  -  MemoryUsage of job (MB)
	1726240  -  ResidentSetSize of job (KB)
...
006 (34672467.000.000) 2021-09-25 01:22:22 Image size of job updated: 1685
	1685  -  MemoryUsage of job (MB)
	1726276  -  ResidentSetSize of job (KB)
...
006 (34672467.000.000) 2021-09-25 01:23:23 Image size of job updated: 1685
	1685  -  MemoryUsage of job (MB)
	1726320  -  ResidentSetSize of job (KB)
...
006 (34672467.000.000) 2021-09-25 01:24:23 Image size of job updated: 1687
	1687  -  MemoryUsage of job (MB)
	1727764  -  ResidentSetSize of job (KB)
...
006 (34672467.000.000) 2021-09-25 01:25:23 Image size of job updated: 1687
	1687  -  MemoryUsage of job (MB)
	1728164  -  ResidentSetSize of job (KB)
...
006 (34672467.000.000) 2021-09-25 01:26:24 Image size of job updated: 1687
	1687  -  MemoryUsage of job (MB)
	1728200  -  ResidentSetSize of job (KB)
...
006 (34672467.000.000) 2021-09-25 01:27:25 Image size of job updated: 1687
	1687  -  MemoryUsage of job (MB)
	1728244  -  ResidentSetSize of job (KB)
...
006 (34672467.000.000) 2021-09-25 01:28:25 Image size of job updated: 1687
	1687  -  MemoryUsage of job (MB)
	1728276  -  ResidentSetSize of job (KB)
...
006 (34672467.000.000) 2021-09-25 01:29:26 Image size of job updated: 1689
	1689  -  MemoryUsage of job (MB)
	1729648  -  ResidentSetSize of job (KB)
...
006 (34672467.000.000) 2021-09-25 01:30:27 Image size of job updated: 1690
	1690  -  MemoryUsage of job (MB)
	1730568  -  ResidentSetSize of job (KB)
...
006 (34672467.000.000) 2021-09-25 01:31:27 Image size of job updated: 1690
	1690  -  MemoryUsage of job (MB)
	1730572  -  ResidentSetSize of job (KB)
...
006 (34672467.000.000) 2021-09-25 01:32:27 Image size of job updated: 1690
	1690  -  MemoryUsage of job (MB)
	1730576  -  ResidentSetSize of job (KB)
...
006 (34672467.000.000) 2021-09-25 01:34:28 Image size of job updated: 1691
	1691  -  MemoryUsage of job (MB)
	1731828  -  ResidentSetSize of job (KB)
...
006 (34672467.000.000) 2021-09-25 01:36:30 Image size of job updated: 1691
	1691  -  MemoryUsage of job (MB)
	1732128  -  ResidentSetSize of job (KB)
...
006 (34672467.000.000) 2021-09-25 01:37:30 Image size of job updated: 1691
	1691  -  MemoryUsage of job (MB)
	1732136  -  ResidentSetSize of job (KB)
...
006 (34672467.000.000) 2021-09-25 01:38:30 Image size of job updated: 1691
	1691  -  MemoryUsage of job (MB)
	1732140  -  ResidentSetSize of job (KB)
...
006 (34672467.000.000) 2021-09-25 01:39:31 Image size of job updated: 1691
	1691  -  MemoryUsage of job (MB)
	1732144  -  ResidentSetSize of job (KB)
...
006 (34672467.000.000) 2021-09-25 01:40:31 Image size of job updated: 1692
	1692  -  MemoryUsage of job (MB)
	1732852  -  ResidentSetSize of job (KB)
...
006 (34672467.000.000) 2021-09-25 01:42:33 Image size of job updated: 1692
	1692  -  MemoryUsage of job (MB)
	1733172  -  ResidentSetSize of job (KB)
...
006 (34672467.000.000) 2021-09-25 01:43:34 Image size of job updated: 1692
	1692  -  MemoryUsage of job (MB)
	1733176  -  ResidentSetSize of job (KB)
...
006 (34672467.000.000) 2021-09-25 01:44:35 Image size of job updated: 1692
	1692  -  MemoryUsage of job (MB)
	1733180  -  ResidentSetSize of job (KB)
...
006 (34672467.000.000) 2021-09-25 01:46:35 Image size of job updated: 1693
	1693  -  MemoryUsage of job (MB)
	1734224  -  ResidentSetSize of job (KB)
...
006 (34672467.000.000) 2021-09-25 01:47:37 Image size of job updated: 1693
	1693  -  MemoryUsage of job (MB)
	1734544  -  ResidentSetSize of job (KB)
...
006 (34672467.000.000) 2021-09-25 01:48:37 Image size of job updated: 1693
	1693  -  MemoryUsage of job (MB)
	1734580  -  ResidentSetSize of job (KB)
...
006 (34672467.000.000) 2021-09-25 01:49:38 Image size of job updated: 1693
	1693  -  MemoryUsage of job (MB)
	1734600  -  ResidentSetSize of job (KB)
...
006 (34672467.000.000) 2021-09-25 01:51:40 Image size of job updated: 1693
	1693  -  MemoryUsage of job (MB)
	1734616  -  ResidentSetSize of job (KB)
...
006 (34672467.000.000) 2021-09-25 01:52:40 Image size of job updated: 1695
	1695  -  MemoryUsage of job (MB)
	1735800  -  ResidentSetSize of job (KB)
...
006 (34672467.000.000) 2021-09-25 01:53:40 Image size of job updated: 1695
	1695  -  MemoryUsage of job (MB)
	1735816  -  ResidentSetSize of job (KB)
...
006 (34672467.000.000) 2021-09-25 01:55:43 Image size of job updated: 1695
	1695  -  MemoryUsage of job (MB)
	1735820  -  ResidentSetSize of job (KB)
...
006 (34672467.000.000) 2021-09-25 01:56:43 Image size of job updated: 1695
	1695  -  MemoryUsage of job (MB)
	1735828  -  ResidentSetSize of job (KB)
...
006 (34672467.000.000) 2021-09-25 01:57:44 Image size of job updated: 1696
	1696  -  MemoryUsage of job (MB)
	1736856  -  ResidentSetSize of job (KB)
...
006 (34672467.000.000) 2021-09-25 02:00:47 Image size of job updated: 1696
	1696  -  MemoryUsage of job (MB)
	1736864  -  ResidentSetSize of job (KB)
...
006 (34672467.000.000) 2021-09-25 02:03:48 Image size of job updated: 1697
	1697  -  MemoryUsage of job (MB)
	1737772  -  ResidentSetSize of job (KB)
...
006 (34672467.000.000) 2021-09-25 02:04:49 Image size of job updated: 1697
	1697  -  MemoryUsage of job (MB)
	1737776  -  ResidentSetSize of job (KB)
...
006 (34672467.000.000) 2021-09-25 02:05:50 Image size of job updated: 1697
	1697  -  MemoryUsage of job (MB)
	1737780  -  ResidentSetSize of job (KB)
...
006 (34672467.000.000) 2021-09-25 02:07:51 Image size of job updated: 1697
	1697  -  MemoryUsage of job (MB)
	1737784  -  ResidentSetSize of job (KB)
...
006 (34672467.000.000) 2021-09-25 02:09:51 Image size of job updated: 1697
	1697  -  MemoryUsage of job (MB)
	1738500  -  ResidentSetSize of job (KB)
...
006 (34672467.000.000) 2021-09-25 02:10:51 Image size of job updated: 1697
	1697  -  MemoryUsage of job (MB)
	1738504  -  ResidentSetSize of job (KB)
...
006 (34672467.000.000) 2021-09-25 02:11:51 Image size of job updated: 1697
	1697  -  MemoryUsage of job (MB)
	1738508  -  ResidentSetSize of job (KB)
...
006 (34672467.000.000) 2021-09-25 02:12:51 Image size of job updated: 1697
	1697  -  MemoryUsage of job (MB)
	1738512  -  ResidentSetSize of job (KB)
...
006 (34672467.000.000) 2021-09-25 02:14:52 Image size of job updated: 1698
	1698  -  MemoryUsage of job (MB)
	1739196  -  ResidentSetSize of job (KB)
...
006 (34672467.000.000) 2021-09-25 02:15:52 Image size of job updated: 1698
	1698  -  MemoryUsage of job (MB)
	1739284  -  ResidentSetSize of job (KB)
...
006 (34672467.000.000) 2021-09-25 02:20:54 Image size of job updated: 1699
	1699  -  MemoryUsage of job (MB)
	1740168  -  ResidentSetSize of job (KB)
...
006 (34672467.000.000) 2021-09-25 02:22:55 Image size of job updated: 1699
	1699  -  MemoryUsage of job (MB)
	1740176  -  ResidentSetSize of job (KB)
...
006 (34672467.000.000) 2021-09-25 02:26:57 Image size of job updated: 1700
	1700  -  MemoryUsage of job (MB)
	1741420  -  ResidentSetSize of job (KB)
...
006 (34672467.000.000) 2021-09-25 02:27:57 Image size of job updated: 1700
	1700  -  MemoryUsage of job (MB)
	1741424  -  ResidentSetSize of job (KB)
...
006 (34672467.000.000) 2021-09-25 02:29:58 Image size of job updated: 1700
	1700  -  MemoryUsage of job (MB)
	1741432  -  ResidentSetSize of job (KB)
...
006 (34672467.000.000) 2021-09-25 02:30:59 Image size of job updated: 1700
	1700  -  MemoryUsage of job (MB)
	1741436  -  ResidentSetSize of job (KB)
...
006 (34672467.000.000) 2021-09-25 02:33:01 Image size of job updated: 1701
	1701  -  MemoryUsage of job (MB)
	1742692  -  ResidentSetSize of job (KB)
...
006 (34672467.000.000) 2021-09-25 02:36:03 Image size of job updated: 1701
	1701  -  MemoryUsage of job (MB)
	1742696  -  ResidentSetSize of job (KB)
...
006 (34672467.000.000) 2021-09-25 02:38:04 Image size of job updated: 1701
	1701  -  MemoryUsage of job (MB)
	1742700  -  ResidentSetSize of job (KB)
...
006 (34672467.000.000) 2021-09-25 02:39:05 Image size of job updated: 1702
	1702  -  MemoryUsage of job (MB)
	1743184  -  ResidentSetSize of job (KB)
...
006 (34672467.000.000) 2021-09-25 02:45:09 Image size of job updated: 1703
	1703  -  MemoryUsage of job (MB)
	1743900  -  ResidentSetSize of job (KB)
...
006 (34672467.000.000) 2021-09-25 02:50:12 Image size of job updated: 1703
	1703  -  MemoryUsage of job (MB)
	1744180  -  ResidentSetSize of job (KB)
...
006 (34672467.000.000) 2021-09-25 02:51:13 Image size of job updated: 1703
	1703  -  MemoryUsage of job (MB)
	1744640  -  ResidentSetSize of job (KB)
...
006 (34672467.000.000) 2021-09-25 02:52:14 Image size of job updated: 1703
	1703  -  MemoryUsage of job (MB)
	1744644  -  ResidentSetSize of job (KB)
...
006 (34672467.000.000) 2021-09-25 02:53:15 Image size of job updated: 1703
	1703  -  MemoryUsage of job (MB)
	1744648  -  ResidentSetSize of job (KB)
...
006 (34672467.000.000) 2021-09-25 02:55:17 Image size of job updated: 1704
	1704  -  MemoryUsage of job (MB)
	1745108  -  ResidentSetSize of job (KB)
...
006 (34672467.000.000) 2021-09-25 02:56:18 Image size of job updated: 1704
	1704  -  MemoryUsage of job (MB)
	1745648  -  ResidentSetSize of job (KB)
...
006 (34672467.000.000) 2021-09-25 02:58:18 Image size of job updated: 1704
	1704  -  MemoryUsage of job (MB)
	1745664  -  ResidentSetSize of job (KB)
...
006 (34672467.000.000) 2021-09-25 03:00:18 Image size of job updated: 1704
	1704  -  MemoryUsage of job (MB)
	1745880  -  ResidentSetSize of job (KB)
...
006 (34672467.000.000) 2021-09-25 03:01:19 Image size of job updated: 1705
	1705  -  MemoryUsage of job (MB)
	1746820  -  ResidentSetSize of job (KB)
...
006 (34672467.000.000) 2021-09-25 03:02:19 Image size of job updated: 1705
	1705  -  MemoryUsage of job (MB)
	1746824  -  ResidentSetSize of job (KB)
...
006 (34672467.000.000) 2021-09-25 03:04:20 Image size of job updated: 1705
	1705  -  MemoryUsage of job (MB)
	1746828  -  ResidentSetSize of job (KB)
...
006 (34672467.000.000) 2021-09-25 03:06:21 Image size of job updated: 1706
	1706  -  MemoryUsage of job (MB)
	1747060  -  ResidentSetSize of job (KB)
...
006 (34672467.000.000) 2021-09-25 03:10:22 Image size of job updated: 1706
	1706  -  MemoryUsage of job (MB)
	1747244  -  ResidentSetSize of job (KB)
...
006 (34672467.000.000) 2021-09-25 03:11:22 Image size of job updated: 1706
	1706  -  MemoryUsage of job (MB)
	1747592  -  ResidentSetSize of job (KB)
...
006 (34672467.000.000) 2021-09-25 03:16:23 Image size of job updated: 1707
	1707  -  MemoryUsage of job (MB)
	1748376  -  ResidentSetSize of job (KB)
...
006 (34672467.000.000) 2021-09-25 03:17:24 Image size of job updated: 1707
	1707  -  MemoryUsage of job (MB)
	1748388  -  ResidentSetSize of job (KB)
...
006 (34672467.000.000) 2021-09-25 03:18:24 Image size of job updated: 1707
	1707  -  MemoryUsage of job (MB)
	1748400  -  ResidentSetSize of job (KB)
...
006 (34672467.000.000) 2021-09-25 03:19:24 Image size of job updated: 1707
	1707  -  MemoryUsage of job (MB)
	1748408  -  ResidentSetSize of job (KB)
...
006 (34672467.000.000) 2021-09-25 03:20:25 Image size of job updated: 1707
	1707  -  MemoryUsage of job (MB)
	1748416  -  ResidentSetSize of job (KB)
...
006 (34672467.000.000) 2021-09-25 03:21:25 Image size of job updated: 1708
	1708  -  MemoryUsage of job (MB)
	1749028  -  ResidentSetSize of job (KB)
...
006 (34672467.000.000) 2021-09-25 03:22:26 Image size of job updated: 1708
	1708  -  MemoryUsage of job (MB)
	1749040  -  ResidentSetSize of job (KB)
...
006 (34672467.000.000) 2021-09-25 03:23:26 Image size of job updated: 1708
	1708  -  MemoryUsage of job (MB)
	1749044  -  ResidentSetSize of job (KB)
...
006 (34672467.000.000) 2021-09-25 03:26:29 Image size of job updated: 1708
	1708  -  MemoryUsage of job (MB)
	1749828  -  ResidentSetSize of job (KB)
...
006 (34672467.000.000) 2021-09-25 03:29:32 Image size of job updated: 1708
	1708  -  MemoryUsage of job (MB)
	1749836  -  ResidentSetSize of job (KB)
...
006 (34672467.000.000) 2021-09-25 03:30:32 Image size of job updated: 1708
	1708  -  MemoryUsage of job (MB)
	1749840  -  ResidentSetSize of job (KB)
...
006 (34672467.000.000) 2021-09-25 03:31:32 Image size of job updated: 1709
	1709  -  MemoryUsage of job (MB)
	1750172  -  ResidentSetSize of job (KB)
...
006 (34672467.000.000) 2021-09-25 03:32:34 Image size of job updated: 1709
	1709  -  MemoryUsage of job (MB)
	1750180  -  ResidentSetSize of job (KB)
...
006 (34672467.000.000) 2021-09-25 03:36:37 Image size of job updated: 1709
	1709  -  MemoryUsage of job (MB)
	1750820  -  ResidentSetSize of job (KB)
...
006 (34672467.000.000) 2021-09-25 03:37:37 Image size of job updated: 1709
	1709  -  MemoryUsage of job (MB)
	1750836  -  ResidentSetSize of job (KB)
...
006 (34672467.000.000) 2021-09-25 03:38:38 Image size of job updated: 1709
	1709  -  MemoryUsage of job (MB)
	1750840  -  ResidentSetSize of job (KB)
...
006 (34672467.000.000) 2021-09-25 03:39:38 Image size of job updated: 1709
	1709  -  MemoryUsage of job (MB)
	1750856  -  ResidentSetSize of job (KB)
...
006 (34672467.000.000) 2021-09-25 03:40:38 Image size of job updated: 1709
	1709  -  MemoryUsage of job (MB)
	1750860  -  ResidentSetSize of job (KB)
...
006 (34672467.000.000) 2021-09-25 03:41:39 Image size of job updated: 1710
	1710  -  MemoryUsage of job (MB)
	1751060  -  ResidentSetSize of job (KB)
...
006 (34672467.000.000) 2021-09-25 03:42:40 Image size of job updated: 1710
	1710  -  MemoryUsage of job (MB)
	1751172  -  ResidentSetSize of job (KB)
...
006 (34672467.000.000) 2021-09-25 03:44:42 Image size of job updated: 1710
	1710  -  MemoryUsage of job (MB)
	1751176  -  ResidentSetSize of job (KB)
...
006 (34672467.000.000) 2021-09-25 03:48:45 Image size of job updated: 1710
	1710  -  MemoryUsage of job (MB)
	1751896  -  ResidentSetSize of job (KB)
...
006 (34672467.000.000) 2021-09-25 03:49:46 Image size of job updated: 1710
	1710  -  MemoryUsage of job (MB)
	1751900  -  ResidentSetSize of job (KB)
...
006 (34672467.000.000) 2021-09-25 03:50:46 Image size of job updated: 1710
	1710  -  MemoryUsage of job (MB)
	1751904  -  ResidentSetSize of job (KB)
...
006 (34672467.000.000) 2021-09-25 03:51:47 Image size of job updated: 1710
	1710  -  MemoryUsage of job (MB)
	1751908  -  ResidentSetSize of job (KB)
...
006 (34672467.000.000) 2021-09-25 03:55:49 Image size of job updated: 1711
	1711  -  MemoryUsage of job (MB)
	1752100  -  ResidentSetSize of job (KB)
...
006 (34672467.000.000) 2021-09-25 03:56:50 Image size of job updated: 1711
	1711  -  MemoryUsage of job (MB)
	1752600  -  ResidentSetSize of job (KB)
...
006 (34672467.000.000) 2021-09-25 04:03:54 Image size of job updated: 1711
	1711  -  MemoryUsage of job (MB)
	1752888  -  ResidentSetSize of job (KB)
...
006 (34672467.000.000) 2021-09-25 04:05:55 Image size of job updated: 1711
	1711  -  MemoryUsage of job (MB)
	1752892  -  ResidentSetSize of job (KB)
...
006 (34672467.000.000) 2021-09-25 04:06:55 Image size of job updated: 1711
	1711  -  MemoryUsage of job (MB)
	1752896  -  ResidentSetSize of job (KB)
...
006 (34672467.000.000) 2021-09-25 04:10:58 Image size of job updated: 1712
	1712  -  MemoryUsage of job (MB)
	1753452  -  ResidentSetSize of job (KB)
...
006 (34672467.000.000) 2021-09-25 04:11:59 Image size of job updated: 1712
	1712  -  MemoryUsage of job (MB)
	1753464  -  ResidentSetSize of job (KB)
...
006 (34672467.000.000) 2021-09-25 04:19:02 Image size of job updated: 1712
	1712  -  MemoryUsage of job (MB)
	1753964  -  ResidentSetSize of job (KB)
...
006 (34672467.000.000) 2021-09-25 04:20:02 Image size of job updated: 1712
	1712  -  MemoryUsage of job (MB)
	1753968  -  ResidentSetSize of job (KB)
...
006 (34672467.000.000) 2021-09-25 04:21:03 Image size of job updated: 1712
	1712  -  MemoryUsage of job (MB)
	1753972  -  ResidentSetSize of job (KB)
...
006 (34672467.000.000) 2021-09-25 04:22:04 Image size of job updated: 1712
	1712  -  MemoryUsage of job (MB)
	1753984  -  ResidentSetSize of job (KB)
...
006 (34672467.000.000) 2021-09-25 04:23:04 Image size of job updated: 1712
	1712  -  MemoryUsage of job (MB)
	1753988  -  ResidentSetSize of job (KB)
...
006 (34672467.000.000) 2021-09-25 04:24:05 Image size of job updated: 1712
	1712  -  MemoryUsage of job (MB)
	1753992  -  ResidentSetSize of job (KB)
...
006 (34672467.000.000) 2021-09-25 04:26:06 Image size of job updated: 1713
	1713  -  MemoryUsage of job (MB)
	1754460  -  ResidentSetSize of job (KB)
...
006 (34672467.000.000) 2021-09-25 04:27:07 Image size of job updated: 1713
	1713  -  MemoryUsage of job (MB)
	1754464  -  ResidentSetSize of job (KB)
...
006 (34672467.000.000) 2021-09-25 04:28:08 Image size of job updated: 1713
	1713  -  MemoryUsage of job (MB)
	1754468  -  ResidentSetSize of job (KB)
...
006 (34672467.000.000) 2021-09-25 04:29:10 Image size of job updated: 1713
	1713  -  MemoryUsage of job (MB)
	1754472  -  ResidentSetSize of job (KB)
...
006 (34672467.000.000) 2021-09-25 04:33:11 Image size of job updated: 1713
	1713  -  MemoryUsage of job (MB)
	1754816  -  ResidentSetSize of job (KB)
...
006 (34672467.000.000) 2021-09-25 04:40:15 Image size of job updated: 1713
	1713  -  MemoryUsage of job (MB)
	1755120  -  ResidentSetSize of job (KB)
...
006 (34672467.000.000) 2021-09-25 04:41:15 Image size of job updated: 1714
	1714  -  MemoryUsage of job (MB)
	1755184  -  ResidentSetSize of job (KB)
...
006 (34672467.000.000) 2021-09-25 04:43:16 Image size of job updated: 1714
	1714  -  MemoryUsage of job (MB)
	1755188  -  ResidentSetSize of job (KB)
...
006 (34672467.000.000) 2021-09-25 04:44:17 Image size of job updated: 1714
	1714  -  MemoryUsage of job (MB)
	1755196  -  ResidentSetSize of job (KB)
...
006 (34672467.000.000) 2021-09-25 04:45:18 Image size of job updated: 1714
	1714  -  MemoryUsage of job (MB)
	1755200  -  ResidentSetSize of job (KB)
...
006 (34672467.000.000) 2021-09-25 04:47:19 Image size of job updated: 1714
	1714  -  MemoryUsage of job (MB)
	1755204  -  ResidentSetSize of job (KB)
...
006 (34672467.000.000) 2021-09-25 04:48:20 Image size of job updated: 1714
	1714  -  MemoryUsage of job (MB)
	1755420  -  ResidentSetSize of job (KB)
...
006 (34672467.000.000) 2021-09-25 04:51:22 Image size of job updated: 1714
	1714  -  MemoryUsage of job (MB)
	1755424  -  ResidentSetSize of job (KB)
...
006 (34672467.000.000) 2021-09-25 04:55:25 Image size of job updated: 1715
	1715  -  MemoryUsage of job (MB)
	1756716  -  ResidentSetSize of job (KB)
...
006 (34672467.000.000) 2021-09-25 04:57:27 Image size of job updated: 1715
	1715  -  MemoryUsage of job (MB)
	1756720  -  ResidentSetSize of job (KB)
...
006 (34672467.000.000) 2021-09-25 04:58:28 Image size of job updated: 1715
	1715  -  MemoryUsage of job (MB)
	1756724  -  ResidentSetSize of job (KB)
...
006 (34672467.000.000) 2021-09-25 05:02:30 Image size of job updated: 1716
	1716  -  MemoryUsage of job (MB)
	1757704  -  ResidentSetSize of job (KB)
...
006 (34672467.000.000) 2021-09-25 05:03:32 Image size of job updated: 1716
	1716  -  MemoryUsage of job (MB)
	1757716  -  ResidentSetSize of job (KB)
...
006 (34672467.000.000) 2021-09-25 05:05:32 Image size of job updated: 1716
	1716  -  MemoryUsage of job (MB)
	1757720  -  ResidentSetSize of job (KB)
...
006 (34672467.000.000) 2021-09-25 05:07:33 Image size of job updated: 1716
	1716  -  MemoryUsage of job (MB)
	1757724  -  ResidentSetSize of job (KB)
...
006 (34672467.000.000) 2021-09-25 05:08:33 Image size of job updated: 1716
	1716  -  MemoryUsage of job (MB)
	1757728  -  ResidentSetSize of job (KB)
...
006 (34672467.000.000) 2021-09-25 05:09:34 Image size of job updated: 1716
	1716  -  MemoryUsage of job (MB)
	1758072  -  ResidentSetSize of job (KB)
...
006 (34672467.000.000) 2021-09-25 05:10:35 Image size of job updated: 1717
	1717  -  MemoryUsage of job (MB)
	1758652  -  ResidentSetSize of job (KB)
...
006 (34672467.000.000) 2021-09-25 05:16:37 Image size of job updated: 1718
	1718  -  MemoryUsage of job (MB)
	1759512  -  ResidentSetSize of job (KB)
...
006 (34672467.000.000) 2021-09-25 05:17:38 Image size of job updated: 1718
	1718  -  MemoryUsage of job (MB)
	1759516  -  ResidentSetSize of job (KB)
...
006 (34672467.000.000) 2021-09-25 05:18:39 Image size of job updated: 1718
	1718  -  MemoryUsage of job (MB)
	1759520  -  ResidentSetSize of job (KB)
...
006 (34672467.000.000) 2021-09-25 05:19:39 Image size of job updated: 1718
	1718  -  MemoryUsage of job (MB)
	1759524  -  ResidentSetSize of job (KB)
...
006 (34672467.000.000) 2021-09-25 05:23:39 Image size of job updated: 1719
	1719  -  MemoryUsage of job (MB)
	1760308  -  ResidentSetSize of job (KB)
...
006 (34672467.000.000) 2021-09-25 05:29:43 Image size of job updated: 1719
	1719  -  MemoryUsage of job (MB)
	1760932  -  ResidentSetSize of job (KB)
...
006 (34672467.000.000) 2021-09-25 05:30:43 Image size of job updated: 1719
	1719  -  MemoryUsage of job (MB)
	1760936  -  ResidentSetSize of job (KB)
...
006 (34672467.000.000) 2021-09-25 05:31:44 Image size of job updated: 1719
	1719  -  MemoryUsage of job (MB)
	1760940  -  ResidentSetSize of job (KB)
...
006 (34672467.000.000) 2021-09-25 05:34:47 Image size of job updated: 1720
	1720  -  MemoryUsage of job (MB)
	1761452  -  ResidentSetSize of job (KB)
...
006 (34672467.000.000) 2021-09-25 05:35:47 Image size of job updated: 1720
	1720  -  MemoryUsage of job (MB)
	1761880  -  ResidentSetSize of job (KB)
...
006 (34672467.000.000) 2021-09-25 05:36:48 Image size of job updated: 1720
	1720  -  MemoryUsage of job (MB)
	1761884  -  ResidentSetSize of job (KB)
...
006 (34672467.000.000) 2021-09-25 05:40:52 Image size of job updated: 1721
	1721  -  MemoryUsage of job (MB)
	1762756  -  ResidentSetSize of job (KB)
...
006 (34672467.000.000) 2021-09-25 05:41:52 Image size of job updated: 1721
	1721  -  MemoryUsage of job (MB)
	1762788  -  ResidentSetSize of job (KB)
...
006 (34672467.000.000) 2021-09-25 05:46:55 Image size of job updated: 1721
	1721  -  MemoryUsage of job (MB)
	1763080  -  ResidentSetSize of job (KB)
...
006 (34672467.000.000) 2021-09-25 05:52:58 Image size of job updated: 1722
	1722  -  MemoryUsage of job (MB)
	1763960  -  ResidentSetSize of job (KB)
...
006 (34672467.000.000) 2021-09-25 05:54:58 Image size of job updated: 1722
	1722  -  MemoryUsage of job (MB)
	1763964  -  ResidentSetSize of job (KB)
...
006 (34672467.000.000) 2021-09-25 05:55:58 Image size of job updated: 1722
	1722  -  MemoryUsage of job (MB)
	1763968  -  ResidentSetSize of job (KB)
...
006 (34672467.000.000) 2021-09-25 05:57:58 Image size of job updated: 1722
	1722  -  MemoryUsage of job (MB)
	1763972  -  ResidentSetSize of job (KB)
...
006 (34672467.000.000) 2021-09-25 05:58:58 Image size of job updated: 1723
	1723  -  MemoryUsage of job (MB)
	1764800  -  ResidentSetSize of job (KB)
...
006 (34672467.000.000) 2021-09-25 05:59:58 Image size of job updated: 1723
	1723  -  MemoryUsage of job (MB)
	1764808  -  ResidentSetSize of job (KB)
...
006 (34672467.000.000) 2021-09-25 06:01:59 Image size of job updated: 1723
	1723  -  MemoryUsage of job (MB)
	1764812  -  ResidentSetSize of job (KB)
...
006 (34672467.000.000) 2021-09-25 06:04:01 Image size of job updated: 1723
	1723  -  MemoryUsage of job (MB)
	1764816  -  ResidentSetSize of job (KB)
...
006 (34672467.000.000) 2021-09-25 06:05:01 Image size of job updated: 1724
	1724  -  MemoryUsage of job (MB)
	1765696  -  ResidentSetSize of job (KB)
...
006 (34672467.000.000) 2021-09-25 06:06:01 Image size of job updated: 1724
	1724  -  MemoryUsage of job (MB)
	1765700  -  ResidentSetSize of job (KB)
...
006 (34672467.000.000) 2021-09-25 06:08:01 Image size of job updated: 1724
	1724  -  MemoryUsage of job (MB)
	1765712  -  ResidentSetSize of job (KB)
...
006 (34672467.000.000) 2021-09-25 06:09:01 Image size of job updated: 1724
	1724  -  MemoryUsage of job (MB)
	1765724  -  ResidentSetSize of job (KB)
...
006 (34672467.000.000) 2021-09-25 06:10:01 Image size of job updated: 1724
	1724  -  MemoryUsage of job (MB)
	1765732  -  ResidentSetSize of job (KB)
...
006 (34672467.000.000) 2021-09-25 06:11:01 Image size of job updated: 1725
	1725  -  MemoryUsage of job (MB)
	1767012  -  ResidentSetSize of job (KB)
...
006 (34672467.000.000) 2021-09-25 06:12:01 Image size of job updated: 1725
	1725  -  MemoryUsage of job (MB)
	1767016  -  ResidentSetSize of job (KB)
...
006 (34672467.000.000) 2021-09-25 06:14:03 Image size of job updated: 1725
	1725  -  MemoryUsage of job (MB)
	1767020  -  ResidentSetSize of job (KB)
...
006 (34672467.000.000) 2021-09-25 06:15:03 Image size of job updated: 1725
	1725  -  MemoryUsage of job (MB)
	1767028  -  ResidentSetSize of job (KB)
...
006 (34672467.000.000) 2021-09-25 06:16:05 Image size of job updated: 1725
	1725  -  MemoryUsage of job (MB)
	1767284  -  ResidentSetSize of job (KB)
...
006 (34672467.000.000) 2021-09-25 06:17:06 Image size of job updated: 1726
	1726  -  MemoryUsage of job (MB)
	1767460  -  ResidentSetSize of job (KB)
...
006 (34672467.000.000) 2021-09-25 06:22:10 Image size of job updated: 1726
	1726  -  MemoryUsage of job (MB)
	1768080  -  ResidentSetSize of job (KB)
...
006 (34672467.000.000) 2021-09-25 06:23:10 Image size of job updated: 1726
	1726  -  MemoryUsage of job (MB)
	1768268  -  ResidentSetSize of job (KB)
...
006 (34672467.000.000) 2021-09-25 06:28:13 Image size of job updated: 1727
	1727  -  MemoryUsage of job (MB)
	1768628  -  ResidentSetSize of job (KB)
...
006 (34672467.000.000) 2021-09-25 06:31:14 Image size of job updated: 1727
	1727  -  MemoryUsage of job (MB)
	1768632  -  ResidentSetSize of job (KB)
...
006 (34672467.000.000) 2021-09-25 06:34:16 Image size of job updated: 1727
	1727  -  MemoryUsage of job (MB)
	1769292  -  ResidentSetSize of job (KB)
...
006 (34672467.000.000) 2021-09-25 06:35:17 Image size of job updated: 1727
	1727  -  MemoryUsage of job (MB)
	1769296  -  ResidentSetSize of job (KB)
...
006 (34672467.000.000) 2021-09-25 06:38:17 Image size of job updated: 1727
	1727  -  MemoryUsage of job (MB)
	1769300  -  ResidentSetSize of job (KB)
...
006 (34672467.000.000) 2021-09-25 06:40:18 Image size of job updated: 1728
	1728  -  MemoryUsage of job (MB)
	1769908  -  ResidentSetSize of job (KB)
...
006 (34672467.000.000) 2021-09-25 06:45:21 Image size of job updated: 1728
	1728  -  MemoryUsage of job (MB)
	1770212  -  ResidentSetSize of job (KB)
...
006 (34672467.000.000) 2021-09-25 06:46:22 Image size of job updated: 1728
	1728  -  MemoryUsage of job (MB)
	1770216  -  ResidentSetSize of job (KB)
...
006 (34672467.000.000) 2021-09-25 06:51:24 Image size of job updated: 1729
	1729  -  MemoryUsage of job (MB)
	1770784  -  ResidentSetSize of job (KB)
...
006 (34672467.000.000) 2021-09-25 06:57:26 Image size of job updated: 1729
	1729  -  MemoryUsage of job (MB)
	1771464  -  ResidentSetSize of job (KB)
...
006 (34672467.000.000) 2021-09-25 06:58:26 Image size of job updated: 1729
	1729  -  MemoryUsage of job (MB)
	1771468  -  ResidentSetSize of job (KB)
...
006 (34672467.000.000) 2021-09-25 07:01:27 Image size of job updated: 1729
	1729  -  MemoryUsage of job (MB)
	1771472  -  ResidentSetSize of job (KB)
...
006 (34672467.000.000) 2021-09-25 07:02:29 Image size of job updated: 1730
	1730  -  MemoryUsage of job (MB)
	1771576  -  ResidentSetSize of job (KB)
...
006 (34672467.000.000) 2021-09-25 07:03:30 Image size of job updated: 1730
	1730  -  MemoryUsage of job (MB)
	1771616  -  ResidentSetSize of job (KB)
...
006 (34672467.000.000) 2021-09-25 07:06:32 Image size of job updated: 1730
	1730  -  MemoryUsage of job (MB)
	1771620  -  ResidentSetSize of job (KB)
...
006 (34672467.000.000) 2021-09-25 07:08:33 Image size of job updated: 1730
	1730  -  MemoryUsage of job (MB)
	1771800  -  ResidentSetSize of job (KB)
...
006 (34672467.000.000) 2021-09-25 07:09:33 Image size of job updated: 1730
	1730  -  MemoryUsage of job (MB)
	1771804  -  ResidentSetSize of job (KB)
...
006 (34672467.000.000) 2021-09-25 07:10:33 Image size of job updated: 1730
	1730  -  MemoryUsage of job (MB)
	1771808  -  ResidentSetSize of job (KB)
...
006 (34672467.000.000) 2021-09-25 07:11:33 Image size of job updated: 1730
	1730  -  MemoryUsage of job (MB)
	1771816  -  ResidentSetSize of job (KB)
...
006 (34672467.000.000) 2021-09-25 07:14:35 Image size of job updated: 1730
	1730  -  MemoryUsage of job (MB)
	1772092  -  ResidentSetSize of job (KB)
...
006 (34672467.000.000) 2021-09-25 07:18:38 Image size of job updated: 1730
	1730  -  MemoryUsage of job (MB)
	1772096  -  ResidentSetSize of job (KB)
...
006 (34672467.000.000) 2021-09-25 07:19:38 Image size of job updated: 1730
	1730  -  MemoryUsage of job (MB)
	1772292  -  ResidentSetSize of job (KB)
...
006 (34672467.000.000) 2021-09-25 07:25:42 Image size of job updated: 1731
	1731  -  MemoryUsage of job (MB)
	1773192  -  ResidentSetSize of job (KB)
...
006 (34672467.000.000) 2021-09-25 07:27:43 Image size of job updated: 1731
	1731  -  MemoryUsage of job (MB)
	1773200  -  ResidentSetSize of job (KB)
...
006 (34672467.000.000) 2021-09-25 07:30:46 Image size of job updated: 1732
	1732  -  MemoryUsage of job (MB)
	1773868  -  ResidentSetSize of job (KB)
...
006 (34672467.000.000) 2021-09-25 07:31:47 Image size of job updated: 1732
	1732  -  MemoryUsage of job (MB)
	1773912  -  ResidentSetSize of job (KB)
...
006 (34672467.000.000) 2021-09-25 07:33:49 Image size of job updated: 1732
	1732  -  MemoryUsage of job (MB)
	1773916  -  ResidentSetSize of job (KB)
...
006 (34672467.000.000) 2021-09-25 07:36:49 Image size of job updated: 1732
	1732  -  MemoryUsage of job (MB)
	1774392  -  ResidentSetSize of job (KB)
...
006 (34672467.000.000) 2021-09-25 07:37:49 Image size of job updated: 1733
	1733  -  MemoryUsage of job (MB)
	1774816  -  ResidentSetSize of job (KB)
...
006 (34672467.000.000) 2021-09-25 07:39:50 Image size of job updated: 1733
	1733  -  MemoryUsage of job (MB)
	1774824  -  ResidentSetSize of job (KB)
...
006 (34672467.000.000) 2021-09-25 07:40:51 Image size of job updated: 1733
	1733  -  MemoryUsage of job (MB)
	1774828  -  ResidentSetSize of job (KB)
...
006 (34672467.000.000) 2021-09-25 07:41:53 Image size of job updated: 1733
	1733  -  MemoryUsage of job (MB)
	1774832  -  ResidentSetSize of job (KB)
...
006 (34672467.000.000) 2021-09-25 07:42:53 Image size of job updated: 1733
	1733  -  MemoryUsage of job (MB)
	1775152  -  ResidentSetSize of job (KB)
...
006 (34672467.000.000) 2021-09-25 07:43:54 Image size of job updated: 1733
	1733  -  MemoryUsage of job (MB)
	1775156  -  ResidentSetSize of job (KB)
...
006 (34672467.000.000) 2021-09-25 07:46:55 Image size of job updated: 1733
	1733  -  MemoryUsage of job (MB)
	1775160  -  ResidentSetSize of job (KB)
...
006 (34672467.000.000) 2021-09-25 07:47:55 Image size of job updated: 1733
	1733  -  MemoryUsage of job (MB)
	1775164  -  ResidentSetSize of job (KB)
...
006 (34672467.000.000) 2021-09-25 07:48:55 Image size of job updated: 1734
	1734  -  MemoryUsage of job (MB)
	1775924  -  ResidentSetSize of job (KB)
...
006 (34672467.000.000) 2021-09-25 07:51:55 Image size of job updated: 1734
	1734  -  MemoryUsage of job (MB)
	1775928  -  ResidentSetSize of job (KB)
...
006 (34672467.000.000) 2021-09-25 07:54:56 Image size of job updated: 1735
	1735  -  MemoryUsage of job (MB)
	1776640  -  ResidentSetSize of job (KB)
...
006 (34672467.000.000) 2021-09-25 07:56:56 Image size of job updated: 1735
	1735  -  MemoryUsage of job (MB)
	1776644  -  ResidentSetSize of job (KB)
...
006 (34672467.000.000) 2021-09-25 07:58:56 Image size of job updated: 1735
	1735  -  MemoryUsage of job (MB)
	1776664  -  ResidentSetSize of job (KB)
...
006 (34672467.000.000) 2021-09-25 07:59:56 Image size of job updated: 1735
	1735  -  MemoryUsage of job (MB)
	1777144  -  ResidentSetSize of job (KB)
...
006 (34672467.000.000) 2021-09-25 08:00:56 Image size of job updated: 1735
	1735  -  MemoryUsage of job (MB)
	1777148  -  ResidentSetSize of job (KB)
...
006 (34672467.000.000) 2021-09-25 08:03:57 Image size of job updated: 1735
	1735  -  MemoryUsage of job (MB)
	1777324  -  ResidentSetSize of job (KB)
...
006 (34672467.000.000) 2021-09-25 08:04:58 Image size of job updated: 1736
	1736  -  MemoryUsage of job (MB)
	1778012  -  ResidentSetSize of job (KB)
...
006 (34672467.000.000) 2021-09-25 08:09:01 Image size of job updated: 1736
	1736  -  MemoryUsage of job (MB)
	1778016  -  ResidentSetSize of job (KB)
...
006 (34672467.000.000) 2021-09-25 08:10:02 Image size of job updated: 1736
	1736  -  MemoryUsage of job (MB)
	1778276  -  ResidentSetSize of job (KB)
...
006 (34672467.000.000) 2021-09-25 08:11:02 Image size of job updated: 1736
	1736  -  MemoryUsage of job (MB)
	1778280  -  ResidentSetSize of job (KB)
...
006 (34672467.000.000) 2021-09-25 08:13:04 Image size of job updated: 1736
	1736  -  MemoryUsage of job (MB)
	1778472  -  ResidentSetSize of job (KB)
...
006 (34672467.000.000) 2021-09-25 08:15:05 Image size of job updated: 1737
	1737  -  MemoryUsage of job (MB)
	1778856  -  ResidentSetSize of job (KB)
...
006 (34672467.000.000) 2021-09-25 08:16:06 Image size of job updated: 1737
	1737  -  MemoryUsage of job (MB)
	1778860  -  ResidentSetSize of job (KB)
...
006 (34672467.000.000) 2021-09-25 08:19:06 Image size of job updated: 1737
	1737  -  MemoryUsage of job (MB)
	1778996  -  ResidentSetSize of job (KB)
...
006 (34672467.000.000) 2021-09-25 08:20:07 Image size of job updated: 1737
	1737  -  MemoryUsage of job (MB)
	1779368  -  ResidentSetSize of job (KB)
...
006 (34672467.000.000) 2021-09-25 08:21:07 Image size of job updated: 1737
	1737  -  MemoryUsage of job (MB)
	1779372  -  ResidentSetSize of job (KB)
...
006 (34672467.000.000) 2021-09-25 08:23:08 Image size of job updated: 1737
	1737  -  MemoryUsage of job (MB)
	1779376  -  ResidentSetSize of job (KB)
...
006 (34672467.000.000) 2021-09-25 08:26:09 Image size of job updated: 1737
	1737  -  MemoryUsage of job (MB)
	1779572  -  ResidentSetSize of job (KB)
...
006 (34672467.000.000) 2021-09-25 08:27:10 Image size of job updated: 1738
	1738  -  MemoryUsage of job (MB)
	1780224  -  ResidentSetSize of job (KB)
...
006 (34672467.000.000) 2021-09-25 08:28:12 Image size of job updated: 1738
	1738  -  MemoryUsage of job (MB)
	1780228  -  ResidentSetSize of job (KB)
...
006 (34672467.000.000) 2021-09-25 08:30:12 Image size of job updated: 1738
	1738  -  MemoryUsage of job (MB)
	1780232  -  ResidentSetSize of job (KB)
...
006 (34672467.000.000) 2021-09-25 08:33:15 Image size of job updated: 1738
	1738  -  MemoryUsage of job (MB)
	1780416  -  ResidentSetSize of job (KB)
...
006 (34672467.000.000) 2021-09-25 08:34:15 Image size of job updated: 1738
	1738  -  MemoryUsage of job (MB)
	1780420  -  ResidentSetSize of job (KB)
...
006 (34672467.000.000) 2021-09-25 08:35:15 Image size of job updated: 1739
	1739  -  MemoryUsage of job (MB)
	1780992  -  ResidentSetSize of job (KB)
...
006 (34672467.000.000) 2021-09-25 08:42:19 Image size of job updated: 1739
	1739  -  MemoryUsage of job (MB)
	1781132  -  ResidentSetSize of job (KB)
...
006 (34672467.000.000) 2021-09-25 08:48:23 Image size of job updated: 1739
	1739  -  MemoryUsage of job (MB)
	1781300  -  ResidentSetSize of job (KB)
...
006 (34672467.000.000) 2021-09-25 08:49:24 Image size of job updated: 1739
	1739  -  MemoryUsage of job (MB)
	1781600  -  ResidentSetSize of job (KB)
...
006 (34672467.000.000) 2021-09-25 08:56:28 Image size of job updated: 1739
	1739  -  MemoryUsage of job (MB)
	1781708  -  ResidentSetSize of job (KB)
...
006 (34672467.000.000) 2021-09-25 08:57:29 Image size of job updated: 1740
	1740  -  MemoryUsage of job (MB)
	1781980  -  ResidentSetSize of job (KB)
...
006 (34672467.000.000) 2021-09-25 08:58:30 Image size of job updated: 1740
	1740  -  MemoryUsage of job (MB)
	1781988  -  ResidentSetSize of job (KB)
...
006 (34672467.000.000) 2021-09-25 09:05:33 Image size of job updated: 1740
	1740  -  MemoryUsage of job (MB)
	1782008  -  ResidentSetSize of job (KB)
...
006 (34672467.000.000) 2021-09-25 09:06:34 Image size of job updated: 1740
	1740  -  MemoryUsage of job (MB)
	1782432  -  ResidentSetSize of job (KB)
...
006 (34672467.000.000) 2021-09-25 09:07:34 Image size of job updated: 1740
	1740  -  MemoryUsage of job (MB)
	1782436  -  ResidentSetSize of job (KB)
...
006 (34672467.000.000) 2021-09-25 09:13:37 Image size of job updated: 1740
	1740  -  MemoryUsage of job (MB)
	1782644  -  ResidentSetSize of job (KB)
...
006 (34672467.000.000) 2021-09-25 09:14:37 Image size of job updated: 1741
	1741  -  MemoryUsage of job (MB)
	1783056  -  ResidentSetSize of job (KB)
...
006 (34672467.000.000) 2021-09-25 09:15:38 Image size of job updated: 1741
	1741  -  MemoryUsage of job (MB)
	1783112  -  ResidentSetSize of job (KB)
...
006 (34672467.000.000) 2021-09-25 09:23:42 Image size of job updated: 1741
	1741  -  MemoryUsage of job (MB)
	1783368  -  ResidentSetSize of job (KB)
...
006 (34672467.000.000) 2021-09-25 09:31:47 Image size of job updated: 1741
	1741  -  MemoryUsage of job (MB)
	1783556  -  ResidentSetSize of job (KB)
...
006 (34672467.000.000) 2021-09-25 09:33:47 Image size of job updated: 1742
	1742  -  MemoryUsage of job (MB)
	1783948  -  ResidentSetSize of job (KB)
...
006 (34672467.000.000) 2021-09-25 09:42:53 Image size of job updated: 1742
	1742  -  MemoryUsage of job (MB)
	1784088  -  ResidentSetSize of job (KB)
...
006 (34672467.000.000) 2021-09-25 09:43:54 Image size of job updated: 1742
	1742  -  MemoryUsage of job (MB)
	1784480  -  ResidentSetSize of job (KB)
...
006 (34672467.000.000) 2021-09-25 09:52:57 Image size of job updated: 1742
	1742  -  MemoryUsage of job (MB)
	1784600  -  ResidentSetSize of job (KB)
...
006 (34672467.000.000) 2021-09-25 09:53:59 Image size of job updated: 1742
	1742  -  MemoryUsage of job (MB)
	1784604  -  ResidentSetSize of job (KB)
...
006 (34672467.000.000) 2021-09-25 10:02:04 Image size of job updated: 1743
	1743  -  MemoryUsage of job (MB)
	1785380  -  ResidentSetSize of job (KB)
...
006 (34672467.000.000) 2021-09-25 10:03:05 Image size of job updated: 1743
	1743  -  MemoryUsage of job (MB)
	1785484  -  ResidentSetSize of job (KB)
...
006 (34672467.000.000) 2021-09-25 10:11:10 Image size of job updated: 1743
	1743  -  MemoryUsage of job (MB)
	1785644  -  ResidentSetSize of job (KB)
...
006 (34672467.000.000) 2021-09-25 10:12:11 Image size of job updated: 1743
	1743  -  MemoryUsage of job (MB)
	1785704  -  ResidentSetSize of job (KB)
...
006 (34672467.000.000) 2021-09-25 10:19:15 Image size of job updated: 1744
	1744  -  MemoryUsage of job (MB)
	1786104  -  ResidentSetSize of job (KB)
...
006 (34672467.000.000) 2021-09-25 10:20:16 Image size of job updated: 1744
	1744  -  MemoryUsage of job (MB)
	1786144  -  ResidentSetSize of job (KB)
...
006 (34672467.000.000) 2021-09-25 10:21:17 Image size of job updated: 1744
	1744  -  MemoryUsage of job (MB)
	1786148  -  ResidentSetSize of job (KB)
...
006 (34672467.000.000) 2021-09-25 10:22:17 Image size of job updated: 1744
	1744  -  MemoryUsage of job (MB)
	1786152  -  ResidentSetSize of job (KB)
...
006 (34672467.000.000) 2021-09-25 10:23:18 Image size of job updated: 1744
	1744  -  MemoryUsage of job (MB)
	1786156  -  ResidentSetSize of job (KB)
...
006 (34672467.000.000) 2021-09-25 10:24:19 Image size of job updated: 1744
	1744  -  MemoryUsage of job (MB)
	1786160  -  ResidentSetSize of job (KB)
...
006 (34672467.000.000) 2021-09-25 10:25:19 Image size of job updated: 1744
	1744  -  MemoryUsage of job (MB)
	1786164  -  ResidentSetSize of job (KB)
...
006 (34672467.000.000) 2021-09-25 10:27:19 Image size of job updated: 1744
	1744  -  MemoryUsage of job (MB)
	1786168  -  ResidentSetSize of job (KB)
...
006 (34672467.000.000) 2021-09-25 10:27:53 Image size of job updated: 1744
	1744  -  MemoryUsage of job (MB)
	1786448  -  ResidentSetSize of job (KB)
...
040 (34672467.000.000) 2021-09-25 10:27:53 Started transferring output files
...
040 (34672467.000.000) 2021-09-25 10:27:53 Finished transferring output files
...
005 (34672467.000.000) 2021-09-25 10:27:56 Job terminated.
	(1) Normal termination (return value 0)
		Usr 0 01:39:03, Sys 0 09:18:37  -  Run Remote Usage
		Usr 0 00:00:00, Sys 0 00:00:00  -  Run Local Usage
		Usr 0 01:39:03, Sys 0 09:18:37  -  Total Remote Usage
		Usr 0 00:00:00, Sys 0 00:00:00  -  Total Local Usage
	1234203  -  Run Bytes Sent By Job
	8471570  -  Run Bytes Received By Job
	1234203  -  Total Bytes Sent By Job
	8471570  -  Total Bytes Received By Job
	Partitionable Resources :    Usage  Request Allocated 
	   Cpus                 :     0.00        1         1 
	   Disk (KB)            : 30945       10000   1645742 
	   Memory (MB)          :  1744        2048      2048 

	Job terminated of its own accord at 2021-09-25T15:27:53Z.
...
