000 (34545078.000.000) 2021-09-16 05:45:35 Job submitted from host: <131.225.188.57:9618?addrs=131.225.188.57-9618&alias=lpcschedd2.fnal.gov&noUDP&sock=schedd_2251_93c6>
...
040 (34545078.000.000) 2021-09-16 12:04:28 Started transferring input files
	Transferring to host: <131.225.205.166:9618?addrs=131.225.205.166-9618&alias=cmswn1940.fnal.gov&noUDP&sock=slot1_8_1531_7a57_1044>
...
040 (34545078.000.000) 2021-09-16 12:04:29 Finished transferring input files
...
001 (34545078.000.000) 2021-09-16 12:04:30 Job executing on host: <131.225.205.166:9618?addrs=131.225.205.166-9618&alias=cmswn1940.fnal.gov&noUDP&sock=startd_1445_ba70>
...
006 (34545078.000.000) 2021-09-16 12:04:38 Image size of job updated: 8
	8  -  MemoryUsage of job (MB)
	8380  -  ResidentSetSize of job (KB)
...
006 (34545078.000.000) 2021-09-16 12:05:39 Image size of job updated: 536
	536  -  MemoryUsage of job (MB)
	549532  -  ResidentSetSize of job (KB)
...
006 (34545078.000.000) 2021-09-16 12:09:41 Image size of job updated: 543
	543  -  MemoryUsage of job (MB)
	556316  -  ResidentSetSize of job (KB)
...
006 (34545078.000.000) 2021-09-16 12:10:41 Image size of job updated: 594
	594  -  MemoryUsage of job (MB)
	609064  -  ResidentSetSize of job (KB)
...
006 (34545078.000.000) 2021-09-16 12:11:41 Image size of job updated: 636
	636  -  MemoryUsage of job (MB)
	652284  -  ResidentSetSize of job (KB)
...
006 (34545078.000.000) 2021-09-16 12:12:42 Image size of job updated: 678
	678  -  MemoryUsage of job (MB)
	694424  -  ResidentSetSize of job (KB)
...
006 (34545078.000.000) 2021-09-16 12:13:43 Image size of job updated: 715
	715  -  MemoryUsage of job (MB)
	733052  -  ResidentSetSize of job (KB)
...
006 (34545078.000.000) 2021-09-16 12:14:44 Image size of job updated: 747
	747  -  MemoryUsage of job (MB)
	765652  -  ResidentSetSize of job (KB)
...
006 (34545078.000.000) 2021-09-16 12:15:44 Image size of job updated: 781
	781  -  MemoryUsage of job (MB)
	800100  -  ResidentSetSize of job (KB)
...
006 (34545078.000.000) 2021-09-16 12:16:44 Image size of job updated: 810
	810  -  MemoryUsage of job (MB)
	830236  -  ResidentSetSize of job (KB)
...
006 (34545078.000.000) 2021-09-16 12:17:44 Image size of job updated: 843
	843  -  MemoryUsage of job (MB)
	863392  -  ResidentSetSize of job (KB)
...
006 (34545078.000.000) 2021-09-16 12:18:44 Image size of job updated: 872
	872  -  MemoryUsage of job (MB)
	893236  -  ResidentSetSize of job (KB)
...
006 (34545078.000.000) 2021-09-16 12:19:45 Image size of job updated: 909
	909  -  MemoryUsage of job (MB)
	931276  -  ResidentSetSize of job (KB)
...
006 (34545078.000.000) 2021-09-16 12:20:45 Image size of job updated: 938
	938  -  MemoryUsage of job (MB)
	961072  -  ResidentSetSize of job (KB)
...
006 (34545078.000.000) 2021-09-16 12:21:45 Image size of job updated: 963
	963  -  MemoryUsage of job (MB)
	986280  -  ResidentSetSize of job (KB)
...
006 (34545078.000.000) 2021-09-16 12:22:46 Image size of job updated: 988
	988  -  MemoryUsage of job (MB)
	1012720  -  ResidentSetSize of job (KB)
...
006 (34545078.000.000) 2021-09-16 12:23:46 Image size of job updated: 1014
	1014  -  MemoryUsage of job (MB)
	1038988  -  ResidentSetSize of job (KB)
...
006 (34545078.000.000) 2021-09-16 12:24:46 Image size of job updated: 1041
	1041  -  MemoryUsage of job (MB)
	1066504  -  ResidentSetSize of job (KB)
...
006 (34545078.000.000) 2021-09-16 12:25:47 Image size of job updated: 1075
	1075  -  MemoryUsage of job (MB)
	1100896  -  ResidentSetSize of job (KB)
...
006 (34545078.000.000) 2021-09-16 12:26:47 Image size of job updated: 1096
	1096  -  MemoryUsage of job (MB)
	1122356  -  ResidentSetSize of job (KB)
...
006 (34545078.000.000) 2021-09-16 12:27:48 Image size of job updated: 1118
	1118  -  MemoryUsage of job (MB)
	1145540  -  ResidentSetSize of job (KB)
...
006 (34545078.000.000) 2021-09-16 12:28:49 Image size of job updated: 1141
	1141  -  MemoryUsage of job (MB)
	1168408  -  ResidentSetSize of job (KB)
...
006 (34545078.000.000) 2021-09-16 12:29:49 Image size of job updated: 1161
	1161  -  MemoryUsage of job (MB)
	1189116  -  ResidentSetSize of job (KB)
...
006 (34545078.000.000) 2021-09-16 12:30:50 Image size of job updated: 1182
	1182  -  MemoryUsage of job (MB)
	1210836  -  ResidentSetSize of job (KB)
...
006 (34545078.000.000) 2021-09-16 12:31:51 Image size of job updated: 1203
	1203  -  MemoryUsage of job (MB)
	1232136  -  ResidentSetSize of job (KB)
...
006 (34545078.000.000) 2021-09-16 12:32:51 Image size of job updated: 1221
	1221  -  MemoryUsage of job (MB)
	1250840  -  ResidentSetSize of job (KB)
...
006 (34545078.000.000) 2021-09-16 12:33:52 Image size of job updated: 1241
	1241  -  MemoryUsage of job (MB)
	1271324  -  ResidentSetSize of job (KB)
...
006 (34545078.000.000) 2021-09-16 12:34:53 Image size of job updated: 1261
	1261  -  MemoryUsage of job (MB)
	1291560  -  ResidentSetSize of job (KB)
...
006 (34545078.000.000) 2021-09-16 12:35:53 Image size of job updated: 1278
	1278  -  MemoryUsage of job (MB)
	1309424  -  ResidentSetSize of job (KB)
...
006 (34545078.000.000) 2021-09-16 12:36:54 Image size of job updated: 1297
	1297  -  MemoryUsage of job (MB)
	1328924  -  ResidentSetSize of job (KB)
...
006 (34545078.000.000) 2021-09-16 12:37:55 Image size of job updated: 1316
	1316  -  MemoryUsage of job (MB)
	1348104  -  ResidentSetSize of job (KB)
...
006 (34545078.000.000) 2021-09-16 12:38:55 Image size of job updated: 1333
	1333  -  MemoryUsage of job (MB)
	1365208  -  ResidentSetSize of job (KB)
...
006 (34545078.000.000) 2021-09-16 12:39:56 Image size of job updated: 1351
	1351  -  MemoryUsage of job (MB)
	1384112  -  ResidentSetSize of job (KB)
...
006 (34545078.000.000) 2021-09-16 12:40:56 Image size of job updated: 1369
	1369  -  MemoryUsage of job (MB)
	1402508  -  ResidentSetSize of job (KB)
...
006 (34545078.000.000) 2021-09-16 12:41:56 Image size of job updated: 1385
	1385  -  MemoryUsage of job (MB)
	1418788  -  ResidentSetSize of job (KB)
...
006 (34545078.000.000) 2021-09-16 12:42:57 Image size of job updated: 1402
	1402  -  MemoryUsage of job (MB)
	1436656  -  ResidentSetSize of job (KB)
...
006 (34545078.000.000) 2021-09-16 12:43:58 Image size of job updated: 1420
	1420  -  MemoryUsage of job (MB)
	1455012  -  ResidentSetSize of job (KB)
...
006 (34545078.000.000) 2021-09-16 12:44:58 Image size of job updated: 1435
	1435  -  MemoryUsage of job (MB)
	1469864  -  ResidentSetSize of job (KB)
...
006 (34545078.000.000) 2021-09-16 12:45:58 Image size of job updated: 1452
	1452  -  MemoryUsage of job (MB)
	1487000  -  ResidentSetSize of job (KB)
...
006 (34545078.000.000) 2021-09-16 12:46:58 Image size of job updated: 1467
	1467  -  MemoryUsage of job (MB)
	1502212  -  ResidentSetSize of job (KB)
...
006 (34545078.000.000) 2021-09-16 12:47:59 Image size of job updated: 1483
	1483  -  MemoryUsage of job (MB)
	1518864  -  ResidentSetSize of job (KB)
...
006 (34545078.000.000) 2021-09-16 12:48:59 Image size of job updated: 1499
	1499  -  MemoryUsage of job (MB)
	1535368  -  ResidentSetSize of job (KB)
...
006 (34545078.000.000) 2021-09-16 12:49:59 Image size of job updated: 1513
	1513  -  MemoryUsage of job (MB)
	1550028  -  ResidentSetSize of job (KB)
...
006 (34545078.000.000) 2021-09-16 12:51:00 Image size of job updated: 1529
	1529  -  MemoryUsage of job (MB)
	1566168  -  ResidentSetSize of job (KB)
...
006 (34545078.000.000) 2021-09-16 12:52:01 Image size of job updated: 1553
	1553  -  MemoryUsage of job (MB)
	1591200  -  ResidentSetSize of job (KB)
...
006 (34545078.000.000) 2021-09-16 12:53:01 Image size of job updated: 1626
	1626  -  MemoryUsage of job (MB)
	1665168  -  ResidentSetSize of job (KB)
...
006 (34545078.000.000) 2021-09-16 12:54:02 Image size of job updated: 1646
	1646  -  MemoryUsage of job (MB)
	1686184  -  ResidentSetSize of job (KB)
...
006 (34545078.000.000) 2021-09-16 12:55:03 Image size of job updated: 1653
	1653  -  MemoryUsage of job (MB)
	1693488  -  ResidentSetSize of job (KB)
...
006 (34545078.000.000) 2021-09-16 12:56:03 Image size of job updated: 1653
	1653  -  MemoryUsage of job (MB)
	1693680  -  ResidentSetSize of job (KB)
...
006 (34545078.000.000) 2021-09-16 12:57:04 Image size of job updated: 1657
	1657  -  MemoryUsage of job (MB)
	1697600  -  ResidentSetSize of job (KB)
...
006 (34545078.000.000) 2021-09-16 12:58:04 Image size of job updated: 1661
	1661  -  MemoryUsage of job (MB)
	1701456  -  ResidentSetSize of job (KB)
...
006 (34545078.000.000) 2021-09-16 12:59:05 Image size of job updated: 1661
	1661  -  MemoryUsage of job (MB)
	1701588  -  ResidentSetSize of job (KB)
...
006 (34545078.000.000) 2021-09-16 13:00:05 Image size of job updated: 1665
	1665  -  MemoryUsage of job (MB)
	1705616  -  ResidentSetSize of job (KB)
...
006 (34545078.000.000) 2021-09-16 13:01:06 Image size of job updated: 1668
	1668  -  MemoryUsage of job (MB)
	1708160  -  ResidentSetSize of job (KB)
...
006 (34545078.000.000) 2021-09-16 13:02:06 Image size of job updated: 1668
	1668  -  MemoryUsage of job (MB)
	1708628  -  ResidentSetSize of job (KB)
...
006 (34545078.000.000) 2021-09-16 13:03:07 Image size of job updated: 1670
	1670  -  MemoryUsage of job (MB)
	1710940  -  ResidentSetSize of job (KB)
...
006 (34545078.000.000) 2021-09-16 13:04:07 Image size of job updated: 1672
	1672  -  MemoryUsage of job (MB)
	1712344  -  ResidentSetSize of job (KB)
...
006 (34545078.000.000) 2021-09-16 13:05:08 Image size of job updated: 1673
	1673  -  MemoryUsage of job (MB)
	1714132  -  ResidentSetSize of job (KB)
...
006 (34545078.000.000) 2021-09-16 13:06:08 Image size of job updated: 1673
	1673  -  MemoryUsage of job (MB)
	1714144  -  ResidentSetSize of job (KB)
...
006 (34545078.000.000) 2021-09-16 13:07:09 Image size of job updated: 1675
	1675  -  MemoryUsage of job (MB)
	1715768  -  ResidentSetSize of job (KB)
...
006 (34545078.000.000) 2021-09-16 13:08:09 Image size of job updated: 1678
	1678  -  MemoryUsage of job (MB)
	1718416  -  ResidentSetSize of job (KB)
...
006 (34545078.000.000) 2021-09-16 13:09:10 Image size of job updated: 1678
	1678  -  MemoryUsage of job (MB)
	1718516  -  ResidentSetSize of job (KB)
...
006 (34545078.000.000) 2021-09-16 13:10:10 Image size of job updated: 1679
	1679  -  MemoryUsage of job (MB)
	1720048  -  ResidentSetSize of job (KB)
...
006 (34545078.000.000) 2021-09-16 13:11:11 Image size of job updated: 1680
	1680  -  MemoryUsage of job (MB)
	1721044  -  ResidentSetSize of job (KB)
...
006 (34545078.000.000) 2021-09-16 13:12:11 Image size of job updated: 1681
	1681  -  MemoryUsage of job (MB)
	1722024  -  ResidentSetSize of job (KB)
...
006 (34545078.000.000) 2021-09-16 13:13:12 Image size of job updated: 1681
	1681  -  MemoryUsage of job (MB)
	1722036  -  ResidentSetSize of job (KB)
...
006 (34545078.000.000) 2021-09-16 13:14:12 Image size of job updated: 1682
	1682  -  MemoryUsage of job (MB)
	1723148  -  ResidentSetSize of job (KB)
...
006 (34545078.000.000) 2021-09-16 13:15:13 Image size of job updated: 1683
	1683  -  MemoryUsage of job (MB)
	1724264  -  ResidentSetSize of job (KB)
...
006 (34545078.000.000) 2021-09-16 13:16:14 Image size of job updated: 1684
	1684  -  MemoryUsage of job (MB)
	1724508  -  ResidentSetSize of job (KB)
...
006 (34545078.000.000) 2021-09-16 13:17:14 Image size of job updated: 1685
	1685  -  MemoryUsage of job (MB)
	1725616  -  ResidentSetSize of job (KB)
...
006 (34545078.000.000) 2021-09-16 13:18:14 Image size of job updated: 1686
	1686  -  MemoryUsage of job (MB)
	1726900  -  ResidentSetSize of job (KB)
...
006 (34545078.000.000) 2021-09-16 13:19:14 Image size of job updated: 1686
	1686  -  MemoryUsage of job (MB)
	1727032  -  ResidentSetSize of job (KB)
...
006 (34545078.000.000) 2021-09-16 13:20:14 Image size of job updated: 1687
	1687  -  MemoryUsage of job (MB)
	1727900  -  ResidentSetSize of job (KB)
...
006 (34545078.000.000) 2021-09-16 13:21:14 Image size of job updated: 1688
	1688  -  MemoryUsage of job (MB)
	1728816  -  ResidentSetSize of job (KB)
...
006 (34545078.000.000) 2021-09-16 13:22:16 Image size of job updated: 1689
	1689  -  MemoryUsage of job (MB)
	1729560  -  ResidentSetSize of job (KB)
...
006 (34545078.000.000) 2021-09-16 13:23:16 Image size of job updated: 1689
	1689  -  MemoryUsage of job (MB)
	1729800  -  ResidentSetSize of job (KB)
...
006 (34545078.000.000) 2021-09-16 13:24:17 Image size of job updated: 1692
	1692  -  MemoryUsage of job (MB)
	1732712  -  ResidentSetSize of job (KB)
...
006 (34545078.000.000) 2021-09-16 13:25:17 Image size of job updated: 1692
	1692  -  MemoryUsage of job (MB)
	1733440  -  ResidentSetSize of job (KB)
...
006 (34545078.000.000) 2021-09-16 13:26:18 Image size of job updated: 1692
	1692  -  MemoryUsage of job (MB)
	1733448  -  ResidentSetSize of job (KB)
...
006 (34545078.000.000) 2021-09-16 13:27:18 Image size of job updated: 1693
	1693  -  MemoryUsage of job (MB)
	1734192  -  ResidentSetSize of job (KB)
...
006 (34545078.000.000) 2021-09-16 13:28:19 Image size of job updated: 1694
	1694  -  MemoryUsage of job (MB)
	1735072  -  ResidentSetSize of job (KB)
...
006 (34545078.000.000) 2021-09-16 13:29:19 Image size of job updated: 1694
	1694  -  MemoryUsage of job (MB)
	1735080  -  ResidentSetSize of job (KB)
...
006 (34545078.000.000) 2021-09-16 13:30:19 Image size of job updated: 1695
	1695  -  MemoryUsage of job (MB)
	1736100  -  ResidentSetSize of job (KB)
...
006 (34545078.000.000) 2021-09-16 13:31:20 Image size of job updated: 1696
	1696  -  MemoryUsage of job (MB)
	1736936  -  ResidentSetSize of job (KB)
...
006 (34545078.000.000) 2021-09-16 13:32:20 Image size of job updated: 1696
	1696  -  MemoryUsage of job (MB)
	1736940  -  ResidentSetSize of job (KB)
...
006 (34545078.000.000) 2021-09-16 13:33:20 Image size of job updated: 1696
	1696  -  MemoryUsage of job (MB)
	1737596  -  ResidentSetSize of job (KB)
...
006 (34545078.000.000) 2021-09-16 13:34:21 Image size of job updated: 1697
	1697  -  MemoryUsage of job (MB)
	1738432  -  ResidentSetSize of job (KB)
...
006 (34545078.000.000) 2021-09-16 13:35:21 Image size of job updated: 1698
	1698  -  MemoryUsage of job (MB)
	1739700  -  ResidentSetSize of job (KB)
...
006 (34545078.000.000) 2021-09-16 13:36:21 Image size of job updated: 1698
	1698  -  MemoryUsage of job (MB)
	1739752  -  ResidentSetSize of job (KB)
...
006 (34545078.000.000) 2021-09-16 13:37:22 Image size of job updated: 1699
	1699  -  MemoryUsage of job (MB)
	1740480  -  ResidentSetSize of job (KB)
...
006 (34545078.000.000) 2021-09-16 13:38:23 Image size of job updated: 1700
	1700  -  MemoryUsage of job (MB)
	1741312  -  ResidentSetSize of job (KB)
...
006 (34545078.000.000) 2021-09-16 13:39:23 Image size of job updated: 1700
	1700  -  MemoryUsage of job (MB)
	1741484  -  ResidentSetSize of job (KB)
...
006 (34545078.000.000) 2021-09-16 13:40:24 Image size of job updated: 1701
	1701  -  MemoryUsage of job (MB)
	1742104  -  ResidentSetSize of job (KB)
...
006 (34545078.000.000) 2021-09-16 13:41:25 Image size of job updated: 1701
	1701  -  MemoryUsage of job (MB)
	1742460  -  ResidentSetSize of job (KB)
...
006 (34545078.000.000) 2021-09-16 13:42:25 Image size of job updated: 1702
	1702  -  MemoryUsage of job (MB)
	1743016  -  ResidentSetSize of job (KB)
...
006 (34545078.000.000) 2021-09-16 13:43:26 Image size of job updated: 1702
	1702  -  MemoryUsage of job (MB)
	1743292  -  ResidentSetSize of job (KB)
...
006 (34545078.000.000) 2021-09-16 13:44:27 Image size of job updated: 1704
	1704  -  MemoryUsage of job (MB)
	1745400  -  ResidentSetSize of job (KB)
...
006 (34545078.000.000) 2021-09-16 13:45:27 Image size of job updated: 1705
	1705  -  MemoryUsage of job (MB)
	1746216  -  ResidentSetSize of job (KB)
...
006 (34545078.000.000) 2021-09-16 13:46:27 Image size of job updated: 1705
	1705  -  MemoryUsage of job (MB)
	1746292  -  ResidentSetSize of job (KB)
...
006 (34545078.000.000) 2021-09-16 13:47:27 Image size of job updated: 1705
	1705  -  MemoryUsage of job (MB)
	1746528  -  ResidentSetSize of job (KB)
...
006 (34545078.000.000) 2021-09-16 13:48:28 Image size of job updated: 1706
	1706  -  MemoryUsage of job (MB)
	1746980  -  ResidentSetSize of job (KB)
...
006 (34545078.000.000) 2021-09-16 13:50:29 Image size of job updated: 1706
	1706  -  MemoryUsage of job (MB)
	1747428  -  ResidentSetSize of job (KB)
...
006 (34545078.000.000) 2021-09-16 13:51:30 Image size of job updated: 1706
	1706  -  MemoryUsage of job (MB)
	1747956  -  ResidentSetSize of job (KB)
...
006 (34545078.000.000) 2021-09-16 13:52:30 Image size of job updated: 1707
	1707  -  MemoryUsage of job (MB)
	1748160  -  ResidentSetSize of job (KB)
...
006 (34545078.000.000) 2021-09-16 13:53:30 Image size of job updated: 1708
	1708  -  MemoryUsage of job (MB)
	1749144  -  ResidentSetSize of job (KB)
...
006 (34545078.000.000) 2021-09-16 13:54:31 Image size of job updated: 1708
	1708  -  MemoryUsage of job (MB)
	1749496  -  ResidentSetSize of job (KB)
...
006 (34545078.000.000) 2021-09-16 13:55:31 Image size of job updated: 1708
	1708  -  MemoryUsage of job (MB)
	1749672  -  ResidentSetSize of job (KB)
...
006 (34545078.000.000) 2021-09-16 13:56:32 Image size of job updated: 1709
	1709  -  MemoryUsage of job (MB)
	1750308  -  ResidentSetSize of job (KB)
...
006 (34545078.000.000) 2021-09-16 13:57:32 Image size of job updated: 1709
	1709  -  MemoryUsage of job (MB)
	1750856  -  ResidentSetSize of job (KB)
...
006 (34545078.000.000) 2021-09-16 13:58:33 Image size of job updated: 1709
	1709  -  MemoryUsage of job (MB)
	1750872  -  ResidentSetSize of job (KB)
...
006 (34545078.000.000) 2021-09-16 13:59:33 Image size of job updated: 1710
	1710  -  MemoryUsage of job (MB)
	1751152  -  ResidentSetSize of job (KB)
...
006 (34545078.000.000) 2021-09-16 14:00:33 Image size of job updated: 1710
	1710  -  MemoryUsage of job (MB)
	1751156  -  ResidentSetSize of job (KB)
...
006 (34545078.000.000) 2021-09-16 14:01:33 Image size of job updated: 1710
	1710  -  MemoryUsage of job (MB)
	1751608  -  ResidentSetSize of job (KB)
...
006 (34545078.000.000) 2021-09-16 14:02:34 Image size of job updated: 1710
	1710  -  MemoryUsage of job (MB)
	1751636  -  ResidentSetSize of job (KB)
...
006 (34545078.000.000) 2021-09-16 14:03:34 Image size of job updated: 1710
	1710  -  MemoryUsage of job (MB)
	1751868  -  ResidentSetSize of job (KB)
...
006 (34545078.000.000) 2021-09-16 14:04:35 Image size of job updated: 1710
	1710  -  MemoryUsage of job (MB)
	1751896  -  ResidentSetSize of job (KB)
...
006 (34545078.000.000) 2021-09-16 14:05:35 Image size of job updated: 1711
	1711  -  MemoryUsage of job (MB)
	1752188  -  ResidentSetSize of job (KB)
...
006 (34545078.000.000) 2021-09-16 14:06:35 Image size of job updated: 1711
	1711  -  MemoryUsage of job (MB)
	1752204  -  ResidentSetSize of job (KB)
...
006 (34545078.000.000) 2021-09-16 14:07:35 Image size of job updated: 1713
	1713  -  MemoryUsage of job (MB)
	1754616  -  ResidentSetSize of job (KB)
...
006 (34545078.000.000) 2021-09-16 14:08:35 Image size of job updated: 1713
	1713  -  MemoryUsage of job (MB)
	1754640  -  ResidentSetSize of job (KB)
...
006 (34545078.000.000) 2021-09-16 14:09:36 Image size of job updated: 1715
	1715  -  MemoryUsage of job (MB)
	1756360  -  ResidentSetSize of job (KB)
...
006 (34545078.000.000) 2021-09-16 14:10:36 Image size of job updated: 1715
	1715  -  MemoryUsage of job (MB)
	1756372  -  ResidentSetSize of job (KB)
...
006 (34545078.000.000) 2021-09-16 14:11:37 Image size of job updated: 1716
	1716  -  MemoryUsage of job (MB)
	1757296  -  ResidentSetSize of job (KB)
...
006 (34545078.000.000) 2021-09-16 14:12:37 Image size of job updated: 1716
	1716  -  MemoryUsage of job (MB)
	1757324  -  ResidentSetSize of job (KB)
...
006 (34545078.000.000) 2021-09-16 14:13:38 Image size of job updated: 1716
	1716  -  MemoryUsage of job (MB)
	1757572  -  ResidentSetSize of job (KB)
...
006 (34545078.000.000) 2021-09-16 14:14:38 Image size of job updated: 1716
	1716  -  MemoryUsage of job (MB)
	1757732  -  ResidentSetSize of job (KB)
...
006 (34545078.000.000) 2021-09-16 14:15:39 Image size of job updated: 1717
	1717  -  MemoryUsage of job (MB)
	1758616  -  ResidentSetSize of job (KB)
...
006 (34545078.000.000) 2021-09-16 14:16:39 Image size of job updated: 1717
	1717  -  MemoryUsage of job (MB)
	1758728  -  ResidentSetSize of job (KB)
...
006 (34545078.000.000) 2021-09-16 14:17:40 Image size of job updated: 1718
	1718  -  MemoryUsage of job (MB)
	1759296  -  ResidentSetSize of job (KB)
...
006 (34545078.000.000) 2021-09-16 14:19:40 Image size of job updated: 1718
	1718  -  MemoryUsage of job (MB)
	1759892  -  ResidentSetSize of job (KB)
...
006 (34545078.000.000) 2021-09-16 14:20:40 Image size of job updated: 1718
	1718  -  MemoryUsage of job (MB)
	1760088  -  ResidentSetSize of job (KB)
...
006 (34545078.000.000) 2021-09-16 14:21:41 Image size of job updated: 1719
	1719  -  MemoryUsage of job (MB)
	1760620  -  ResidentSetSize of job (KB)
...
006 (34545078.000.000) 2021-09-16 14:22:41 Image size of job updated: 1719
	1719  -  MemoryUsage of job (MB)
	1760628  -  ResidentSetSize of job (KB)
...
006 (34545078.000.000) 2021-09-16 14:23:42 Image size of job updated: 1719
	1719  -  MemoryUsage of job (MB)
	1761072  -  ResidentSetSize of job (KB)
...
006 (34545078.000.000) 2021-09-16 14:24:42 Image size of job updated: 1719
	1719  -  MemoryUsage of job (MB)
	1761272  -  ResidentSetSize of job (KB)
...
006 (34545078.000.000) 2021-09-16 14:25:43 Image size of job updated: 1720
	1720  -  MemoryUsage of job (MB)
	1761876  -  ResidentSetSize of job (KB)
...
006 (34545078.000.000) 2021-09-16 14:26:43 Image size of job updated: 1720
	1720  -  MemoryUsage of job (MB)
	1761984  -  ResidentSetSize of job (KB)
...
006 (34545078.000.000) 2021-09-16 14:27:44 Image size of job updated: 1721
	1721  -  MemoryUsage of job (MB)
	1762444  -  ResidentSetSize of job (KB)
...
006 (34545078.000.000) 2021-09-16 14:28:44 Image size of job updated: 1721
	1721  -  MemoryUsage of job (MB)
	1762452  -  ResidentSetSize of job (KB)
...
006 (34545078.000.000) 2021-09-16 14:29:44 Image size of job updated: 1721
	1721  -  MemoryUsage of job (MB)
	1762652  -  ResidentSetSize of job (KB)
...
006 (34545078.000.000) 2021-09-16 14:31:45 Image size of job updated: 1721
	1721  -  MemoryUsage of job (MB)
	1762756  -  ResidentSetSize of job (KB)
...
006 (34545078.000.000) 2021-09-16 14:33:46 Image size of job updated: 1721
	1721  -  MemoryUsage of job (MB)
	1762908  -  ResidentSetSize of job (KB)
...
006 (34545078.000.000) 2021-09-16 14:34:47 Image size of job updated: 1721
	1721  -  MemoryUsage of job (MB)
	1762916  -  ResidentSetSize of job (KB)
...
006 (34545078.000.000) 2021-09-16 14:35:48 Image size of job updated: 1721
	1721  -  MemoryUsage of job (MB)
	1763216  -  ResidentSetSize of job (KB)
...
006 (34545078.000.000) 2021-09-16 14:36:48 Image size of job updated: 1722
	1722  -  MemoryUsage of job (MB)
	1763872  -  ResidentSetSize of job (KB)
...
006 (34545078.000.000) 2021-09-16 14:37:50 Image size of job updated: 1723
	1723  -  MemoryUsage of job (MB)
	1765088  -  ResidentSetSize of job (KB)
...
006 (34545078.000.000) 2021-09-16 14:38:50 Image size of job updated: 1723
	1723  -  MemoryUsage of job (MB)
	1765152  -  ResidentSetSize of job (KB)
...
006 (34545078.000.000) 2021-09-16 14:39:50 Image size of job updated: 1724
	1724  -  MemoryUsage of job (MB)
	1766392  -  ResidentSetSize of job (KB)
...
006 (34545078.000.000) 2021-09-16 14:40:51 Image size of job updated: 1725
	1725  -  MemoryUsage of job (MB)
	1767320  -  ResidentSetSize of job (KB)
...
006 (34545078.000.000) 2021-09-16 14:41:51 Image size of job updated: 1726
	1726  -  MemoryUsage of job (MB)
	1767472  -  ResidentSetSize of job (KB)
...
006 (34545078.000.000) 2021-09-16 14:42:51 Image size of job updated: 1726
	1726  -  MemoryUsage of job (MB)
	1767868  -  ResidentSetSize of job (KB)
...
006 (34545078.000.000) 2021-09-16 14:43:52 Image size of job updated: 1726
	1726  -  MemoryUsage of job (MB)
	1767872  -  ResidentSetSize of job (KB)
...
006 (34545078.000.000) 2021-09-16 14:44:52 Image size of job updated: 1727
	1727  -  MemoryUsage of job (MB)
	1768552  -  ResidentSetSize of job (KB)
...
006 (34545078.000.000) 2021-09-16 14:45:53 Image size of job updated: 1727
	1727  -  MemoryUsage of job (MB)
	1768584  -  ResidentSetSize of job (KB)
...
006 (34545078.000.000) 2021-09-16 14:46:53 Image size of job updated: 1729
	1729  -  MemoryUsage of job (MB)
	1771012  -  ResidentSetSize of job (KB)
...
006 (34545078.000.000) 2021-09-16 14:47:54 Image size of job updated: 1729
	1729  -  MemoryUsage of job (MB)
	1771016  -  ResidentSetSize of job (KB)
...
006 (34545078.000.000) 2021-09-16 14:48:55 Image size of job updated: 1734
	1734  -  MemoryUsage of job (MB)
	1776360  -  ResidentSetSize of job (KB)
...
006 (34545078.000.000) 2021-09-16 14:49:55 Image size of job updated: 1734
	1734  -  MemoryUsage of job (MB)
	1776376  -  ResidentSetSize of job (KB)
...
006 (34545078.000.000) 2021-09-16 14:50:56 Image size of job updated: 1735
	1735  -  MemoryUsage of job (MB)
	1777616  -  ResidentSetSize of job (KB)
...
006 (34545078.000.000) 2021-09-16 14:51:56 Image size of job updated: 1735
	1735  -  MemoryUsage of job (MB)
	1777624  -  ResidentSetSize of job (KB)
...
006 (34545078.000.000) 2021-09-16 14:52:57 Image size of job updated: 1736
	1736  -  MemoryUsage of job (MB)
	1777768  -  ResidentSetSize of job (KB)
...
006 (34545078.000.000) 2021-09-16 14:53:57 Image size of job updated: 1736
	1736  -  MemoryUsage of job (MB)
	1778628  -  ResidentSetSize of job (KB)
...
006 (34545078.000.000) 2021-09-16 14:54:59 Image size of job updated: 1737
	1737  -  MemoryUsage of job (MB)
	1778868  -  ResidentSetSize of job (KB)
...
006 (34545078.000.000) 2021-09-16 14:55:59 Image size of job updated: 1737
	1737  -  MemoryUsage of job (MB)
	1779572  -  ResidentSetSize of job (KB)
...
006 (34545078.000.000) 2021-09-16 14:56:59 Image size of job updated: 1737
	1737  -  MemoryUsage of job (MB)
	1779576  -  ResidentSetSize of job (KB)
...
006 (34545078.000.000) 2021-09-16 14:58:00 Image size of job updated: 1740
	1740  -  MemoryUsage of job (MB)
	1782400  -  ResidentSetSize of job (KB)
...
006 (34545078.000.000) 2021-09-16 14:59:00 Image size of job updated: 1740
	1740  -  MemoryUsage of job (MB)
	1782504  -  ResidentSetSize of job (KB)
...
006 (34545078.000.000) 2021-09-16 15:00:01 Image size of job updated: 1742
	1742  -  MemoryUsage of job (MB)
	1784288  -  ResidentSetSize of job (KB)
...
006 (34545078.000.000) 2021-09-16 15:01:01 Image size of job updated: 1742
	1742  -  MemoryUsage of job (MB)
	1784348  -  ResidentSetSize of job (KB)
...
006 (34545078.000.000) 2021-09-16 15:02:01 Image size of job updated: 1743
	1743  -  MemoryUsage of job (MB)
	1785476  -  ResidentSetSize of job (KB)
...
006 (34545078.000.000) 2021-09-16 15:03:02 Image size of job updated: 1744
	1744  -  MemoryUsage of job (MB)
	1786032  -  ResidentSetSize of job (KB)
...
006 (34545078.000.000) 2021-09-16 15:04:02 Image size of job updated: 1744
	1744  -  MemoryUsage of job (MB)
	1786108  -  ResidentSetSize of job (KB)
...
006 (34545078.000.000) 2021-09-16 15:05:03 Image size of job updated: 1744
	1744  -  MemoryUsage of job (MB)
	1786684  -  ResidentSetSize of job (KB)
...
006 (34545078.000.000) 2021-09-16 15:06:03 Image size of job updated: 1744
	1744  -  MemoryUsage of job (MB)
	1786700  -  ResidentSetSize of job (KB)
...
006 (34545078.000.000) 2021-09-16 15:07:03 Image size of job updated: 1745
	1745  -  MemoryUsage of job (MB)
	1787276  -  ResidentSetSize of job (KB)
...
006 (34545078.000.000) 2021-09-16 15:08:04 Image size of job updated: 1745
	1745  -  MemoryUsage of job (MB)
	1787728  -  ResidentSetSize of job (KB)
...
006 (34545078.000.000) 2021-09-16 15:09:05 Image size of job updated: 1746
	1746  -  MemoryUsage of job (MB)
	1788152  -  ResidentSetSize of job (KB)
...
006 (34545078.000.000) 2021-09-16 15:10:06 Image size of job updated: 1747
	1747  -  MemoryUsage of job (MB)
	1788948  -  ResidentSetSize of job (KB)
...
006 (34545078.000.000) 2021-09-16 15:11:06 Image size of job updated: 1747
	1747  -  MemoryUsage of job (MB)
	1789192  -  ResidentSetSize of job (KB)
...
006 (34545078.000.000) 2021-09-16 15:13:06 Image size of job updated: 1747
	1747  -  MemoryUsage of job (MB)
	1789704  -  ResidentSetSize of job (KB)
...
006 (34545078.000.000) 2021-09-16 15:14:07 Image size of job updated: 1748
	1748  -  MemoryUsage of job (MB)
	1790180  -  ResidentSetSize of job (KB)
...
006 (34545078.000.000) 2021-09-16 15:16:09 Image size of job updated: 1748
	1748  -  MemoryUsage of job (MB)
	1790972  -  ResidentSetSize of job (KB)
...
006 (34545078.000.000) 2021-09-16 15:17:10 Image size of job updated: 1749
	1749  -  MemoryUsage of job (MB)
	1791496  -  ResidentSetSize of job (KB)
...
006 (34545078.000.000) 2021-09-16 15:18:10 Image size of job updated: 1749
	1749  -  MemoryUsage of job (MB)
	1791936  -  ResidentSetSize of job (KB)
...
006 (34545078.000.000) 2021-09-16 15:19:10 Image size of job updated: 1749
	1749  -  MemoryUsage of job (MB)
	1791968  -  ResidentSetSize of job (KB)
...
006 (34545078.000.000) 2021-09-16 15:20:10 Image size of job updated: 1750
	1750  -  MemoryUsage of job (MB)
	1792492  -  ResidentSetSize of job (KB)
...
006 (34545078.000.000) 2021-09-16 15:21:11 Image size of job updated: 1750
	1750  -  MemoryUsage of job (MB)
	1792892  -  ResidentSetSize of job (KB)
...
006 (34545078.000.000) 2021-09-16 15:22:12 Image size of job updated: 1750
	1750  -  MemoryUsage of job (MB)
	1792972  -  ResidentSetSize of job (KB)
...
006 (34545078.000.000) 2021-09-16 15:23:13 Image size of job updated: 1751
	1751  -  MemoryUsage of job (MB)
	1793400  -  ResidentSetSize of job (KB)
...
006 (34545078.000.000) 2021-09-16 15:24:14 Image size of job updated: 1751
	1751  -  MemoryUsage of job (MB)
	1793980  -  ResidentSetSize of job (KB)
...
006 (34545078.000.000) 2021-09-16 15:25:14 Image size of job updated: 1751
	1751  -  MemoryUsage of job (MB)
	1793996  -  ResidentSetSize of job (KB)
...
006 (34545078.000.000) 2021-09-16 15:26:14 Image size of job updated: 1752
	1752  -  MemoryUsage of job (MB)
	1794232  -  ResidentSetSize of job (KB)
...
006 (34545078.000.000) 2021-09-16 15:27:14 Image size of job updated: 1752
	1752  -  MemoryUsage of job (MB)
	1794768  -  ResidentSetSize of job (KB)
...
006 (34545078.000.000) 2021-09-16 15:28:15 Image size of job updated: 1753
	1753  -  MemoryUsage of job (MB)
	1795088  -  ResidentSetSize of job (KB)
...
006 (34545078.000.000) 2021-09-16 15:29:17 Image size of job updated: 1753
	1753  -  MemoryUsage of job (MB)
	1795168  -  ResidentSetSize of job (KB)
...
006 (34545078.000.000) 2021-09-16 15:30:17 Image size of job updated: 1753
	1753  -  MemoryUsage of job (MB)
	1795828  -  ResidentSetSize of job (KB)
...
006 (34545078.000.000) 2021-09-16 15:31:17 Image size of job updated: 1754
	1754  -  MemoryUsage of job (MB)
	1796412  -  ResidentSetSize of job (KB)
...
006 (34545078.000.000) 2021-09-16 15:32:17 Image size of job updated: 1754
	1754  -  MemoryUsage of job (MB)
	1796436  -  ResidentSetSize of job (KB)
...
006 (34545078.000.000) 2021-09-16 15:33:17 Image size of job updated: 1754
	1754  -  MemoryUsage of job (MB)
	1796652  -  ResidentSetSize of job (KB)
...
006 (34545078.000.000) 2021-09-16 15:34:17 Image size of job updated: 1754
	1754  -  MemoryUsage of job (MB)
	1796896  -  ResidentSetSize of job (KB)
...
006 (34545078.000.000) 2021-09-16 15:35:51 Image size of job updated: 1754
	1754  -  MemoryUsage of job (MB)
	1796948  -  ResidentSetSize of job (KB)
...
040 (34545078.000.000) 2021-09-16 15:35:51 Started transferring output files
...
040 (34545078.000.000) 2021-09-16 15:35:51 Finished transferring output files
...
005 (34545078.000.000) 2021-09-16 15:35:52 Job terminated.
	(1) Normal termination (return value 0)
		Usr 0 00:00:00, Sys 0 00:00:00  -  Run Remote Usage
		Usr 0 00:00:00, Sys 0 00:00:00  -  Run Local Usage
		Usr 0 01:34:22, Sys 0 01:50:01  -  Total Remote Usage
		Usr 0 00:00:00, Sys 0 00:00:00  -  Total Local Usage
	1233490  -  Run Bytes Sent By Job
	8471562  -  Run Bytes Received By Job
	1233490  -  Total Bytes Sent By Job
	8471562  -  Total Bytes Received By Job
	Partitionable Resources :    Usage  Request Allocated 
	   Cpus                 :     0.00        1         1 
	   Disk (KB)            : 31695       10000   1642322 
	   Memory (MB)          :  1754        2048      2048 

	Job terminated of its own accord at 2021-09-16T20:35:51Z.
...
000 (73445540.000.000) 2021-09-24 22:30:50 Job submitted from host: <131.225.188.235:9618?addrs=131.225.188.235-9618&alias=lpcschedd3.fnal.gov&noUDP&sock=schedd_2706_ab5d>
...
040 (73445540.000.000) 2021-09-25 07:22:23 Started transferring input files
	Transferring to host: <131.225.206.188:9618?addrs=131.225.206.188-9618&alias=cmswn1813.fnal.gov&noUDP&sock=slot1_3_1229_b10b_5288>
...
040 (73445540.000.000) 2021-09-25 07:22:23 Finished transferring input files
...
001 (73445540.000.000) 2021-09-25 07:22:24 Job executing on host: <131.225.206.188:9618?addrs=131.225.206.188-9618&alias=cmswn1813.fnal.gov&noUDP&sock=startd_1146_a39f>
...
006 (73445540.000.000) 2021-09-25 07:22:33 Image size of job updated: 42
	42  -  MemoryUsage of job (MB)
	43092  -  ResidentSetSize of job (KB)
...
006 (73445540.000.000) 2021-09-25 07:23:34 Image size of job updated: 500
	500  -  MemoryUsage of job (MB)
	512608  -  ResidentSetSize of job (KB)
...
006 (73445540.000.000) 2021-09-25 07:26:36 Image size of job updated: 521
	521  -  MemoryUsage of job (MB)
	534416  -  ResidentSetSize of job (KB)
...
006 (73445540.000.000) 2021-09-25 07:27:36 Image size of job updated: 574
	574  -  MemoryUsage of job (MB)
	588172  -  ResidentSetSize of job (KB)
...
006 (73445540.000.000) 2021-09-25 07:28:36 Image size of job updated: 623
	623  -  MemoryUsage of job (MB)
	637968  -  ResidentSetSize of job (KB)
...
006 (73445540.000.000) 2021-09-25 07:29:37 Image size of job updated: 664
	664  -  MemoryUsage of job (MB)
	680216  -  ResidentSetSize of job (KB)
...
006 (73445540.000.000) 2021-09-25 07:30:37 Image size of job updated: 701
	701  -  MemoryUsage of job (MB)
	718532  -  ResidentSetSize of job (KB)
...
006 (73445540.000.000) 2021-09-25 07:31:37 Image size of job updated: 736
	736  -  MemoryUsage of job (MB)
	754072  -  ResidentSetSize of job (KB)
...
006 (73445540.000.000) 2021-09-25 07:32:38 Image size of job updated: 769
	769  -  MemoryUsage of job (MB)
	787516  -  ResidentSetSize of job (KB)
...
006 (73445540.000.000) 2021-09-25 07:33:38 Image size of job updated: 801
	801  -  MemoryUsage of job (MB)
	820356  -  ResidentSetSize of job (KB)
...
006 (73445540.000.000) 2021-09-25 07:34:39 Image size of job updated: 830
	830  -  MemoryUsage of job (MB)
	850732  -  ResidentSetSize of job (KB)
...
006 (73445540.000.000) 2021-09-25 07:35:40 Image size of job updated: 861
	861  -  MemoryUsage of job (MB)
	881988  -  ResidentSetSize of job (KB)
...
006 (73445540.000.000) 2021-09-25 07:36:40 Image size of job updated: 900
	900  -  MemoryUsage of job (MB)
	922156  -  ResidentSetSize of job (KB)
...
006 (73445540.000.000) 2021-09-25 07:37:41 Image size of job updated: 928
	928  -  MemoryUsage of job (MB)
	951036  -  ResidentSetSize of job (KB)
...
006 (73445540.000.000) 2021-09-25 07:38:42 Image size of job updated: 955
	955  -  MemoryUsage of job (MB)
	978100  -  ResidentSetSize of job (KB)
...
006 (73445540.000.000) 2021-09-25 07:39:42 Image size of job updated: 980
	980  -  MemoryUsage of job (MB)
	1003640  -  ResidentSetSize of job (KB)
...
006 (73445540.000.000) 2021-09-25 07:40:43 Image size of job updated: 1006
	1006  -  MemoryUsage of job (MB)
	1030240  -  ResidentSetSize of job (KB)
...
006 (73445540.000.000) 2021-09-25 07:41:44 Image size of job updated: 1032
	1032  -  MemoryUsage of job (MB)
	1057108  -  ResidentSetSize of job (KB)
...
006 (73445540.000.000) 2021-09-25 07:42:44 Image size of job updated: 1064
	1064  -  MemoryUsage of job (MB)
	1089632  -  ResidentSetSize of job (KB)
...
006 (73445540.000.000) 2021-09-25 07:43:45 Image size of job updated: 1088
	1088  -  MemoryUsage of job (MB)
	1114976  -  ResidentSetSize of job (KB)
...
006 (73445540.000.000) 2021-09-25 07:44:45 Image size of job updated: 1110
	1110  -  MemoryUsage of job (MB)
	1137564  -  ResidentSetSize of job (KB)
...
006 (73445540.000.000) 2021-09-25 07:45:45 Image size of job updated: 1132
	1132  -  MemoryUsage of job (MB)
	1159876  -  ResidentSetSize of job (KB)
...
006 (73445540.000.000) 2021-09-25 07:46:46 Image size of job updated: 1154
	1154  -  MemoryUsage of job (MB)
	1182252  -  ResidentSetSize of job (KB)
...
006 (73445540.000.000) 2021-09-25 07:47:46 Image size of job updated: 1173
	1173  -  MemoryUsage of job (MB)
	1201364  -  ResidentSetSize of job (KB)
...
006 (73445540.000.000) 2021-09-25 07:48:46 Image size of job updated: 1193
	1193  -  MemoryUsage of job (MB)
	1222164  -  ResidentSetSize of job (KB)
...
006 (73445540.000.000) 2021-09-25 07:49:47 Image size of job updated: 1213
	1213  -  MemoryUsage of job (MB)
	1242576  -  ResidentSetSize of job (KB)
...
006 (73445540.000.000) 2021-09-25 07:50:47 Image size of job updated: 1233
	1233  -  MemoryUsage of job (MB)
	1262724  -  ResidentSetSize of job (KB)
...
006 (73445540.000.000) 2021-09-25 07:51:47 Image size of job updated: 1252
	1252  -  MemoryUsage of job (MB)
	1282360  -  ResidentSetSize of job (KB)
...
006 (73445540.000.000) 2021-09-25 07:52:48 Image size of job updated: 1271
	1271  -  MemoryUsage of job (MB)
	1301848  -  ResidentSetSize of job (KB)
...
006 (73445540.000.000) 2021-09-25 07:53:49 Image size of job updated: 1290
	1290  -  MemoryUsage of job (MB)
	1320960  -  ResidentSetSize of job (KB)
...
006 (73445540.000.000) 2021-09-25 07:54:49 Image size of job updated: 1308
	1308  -  MemoryUsage of job (MB)
	1339600  -  ResidentSetSize of job (KB)
...
006 (73445540.000.000) 2021-09-25 07:55:50 Image size of job updated: 1326
	1326  -  MemoryUsage of job (MB)
	1358168  -  ResidentSetSize of job (KB)
...
006 (73445540.000.000) 2021-09-25 07:56:50 Image size of job updated: 1344
	1344  -  MemoryUsage of job (MB)
	1376416  -  ResidentSetSize of job (KB)
...
006 (73445540.000.000) 2021-09-25 07:57:50 Image size of job updated: 1361
	1361  -  MemoryUsage of job (MB)
	1394376  -  ResidentSetSize of job (KB)
...
006 (73445540.000.000) 2021-09-25 07:58:51 Image size of job updated: 1378
	1378  -  MemoryUsage of job (MB)
	1412092  -  ResidentSetSize of job (KB)
...
006 (73445540.000.000) 2021-09-25 07:59:51 Image size of job updated: 1395
	1395  -  MemoryUsage of job (MB)
	1429464  -  ResidentSetSize of job (KB)
...
006 (73445540.000.000) 2021-09-25 08:00:51 Image size of job updated: 1412
	1412  -  MemoryUsage of job (MB)
	1446692  -  ResidentSetSize of job (KB)
...
006 (73445540.000.000) 2021-09-25 08:01:52 Image size of job updated: 1429
	1429  -  MemoryUsage of job (MB)
	1463752  -  ResidentSetSize of job (KB)
...
006 (73445540.000.000) 2021-09-25 08:02:52 Image size of job updated: 1445
	1445  -  MemoryUsage of job (MB)
	1480588  -  ResidentSetSize of job (KB)
...
006 (73445540.000.000) 2021-09-25 08:03:52 Image size of job updated: 1462
	1462  -  MemoryUsage of job (MB)
	1497112  -  ResidentSetSize of job (KB)
...
006 (73445540.000.000) 2021-09-25 08:04:53 Image size of job updated: 1477
	1477  -  MemoryUsage of job (MB)
	1513444  -  ResidentSetSize of job (KB)
...
006 (73445540.000.000) 2021-09-25 08:05:53 Image size of job updated: 1493
	1493  -  MemoryUsage of job (MB)
	1529284  -  ResidentSetSize of job (KB)
...
006 (73445540.000.000) 2021-09-25 08:06:53 Image size of job updated: 1508
	1508  -  MemoryUsage of job (MB)
	1544896  -  ResidentSetSize of job (KB)
...
006 (73445540.000.000) 2021-09-25 08:07:54 Image size of job updated: 1523
	1523  -  MemoryUsage of job (MB)
	1560524  -  ResidentSetSize of job (KB)
...
006 (73445540.000.000) 2021-09-25 08:08:55 Image size of job updated: 1543
	1543  -  MemoryUsage of job (MB)
	1580136  -  ResidentSetSize of job (KB)
...
006 (73445540.000.000) 2021-09-25 08:09:55 Image size of job updated: 1626
	1626  -  MemoryUsage of job (MB)
	1665108  -  ResidentSetSize of job (KB)
...
006 (73445540.000.000) 2021-09-25 08:10:56 Image size of job updated: 1649
	1649  -  MemoryUsage of job (MB)
	1689008  -  ResidentSetSize of job (KB)
...
006 (73445540.000.000) 2021-09-25 08:11:56 Image size of job updated: 1656
	1656  -  MemoryUsage of job (MB)
	1695836  -  ResidentSetSize of job (KB)
...
006 (73445540.000.000) 2021-09-25 08:12:57 Image size of job updated: 1659
	1659  -  MemoryUsage of job (MB)
	1699416  -  ResidentSetSize of job (KB)
...
006 (73445540.000.000) 2021-09-25 08:13:58 Image size of job updated: 1662
	1662  -  MemoryUsage of job (MB)
	1702484  -  ResidentSetSize of job (KB)
...
006 (73445540.000.000) 2021-09-25 08:14:59 Image size of job updated: 1666
	1666  -  MemoryUsage of job (MB)
	1706996  -  ResidentSetSize of job (KB)
...
006 (73445540.000.000) 2021-09-25 08:15:59 Image size of job updated: 1669
	1669  -  MemoryUsage of job (MB)
	1709672  -  ResidentSetSize of job (KB)
...
006 (73445540.000.000) 2021-09-25 08:17:00 Image size of job updated: 1671
	1671  -  MemoryUsage of job (MB)
	1712020  -  ResidentSetSize of job (KB)
...
006 (73445540.000.000) 2021-09-25 08:18:01 Image size of job updated: 1672
	1672  -  MemoryUsage of job (MB)
	1713060  -  ResidentSetSize of job (KB)
...
006 (73445540.000.000) 2021-09-25 08:19:01 Image size of job updated: 1674
	1674  -  MemoryUsage of job (MB)
	1714548  -  ResidentSetSize of job (KB)
...
006 (73445540.000.000) 2021-09-25 08:20:02 Image size of job updated: 1675
	1675  -  MemoryUsage of job (MB)
	1715816  -  ResidentSetSize of job (KB)
...
006 (73445540.000.000) 2021-09-25 08:21:03 Image size of job updated: 1677
	1677  -  MemoryUsage of job (MB)
	1717424  -  ResidentSetSize of job (KB)
...
006 (73445540.000.000) 2021-09-25 08:22:03 Image size of job updated: 1678
	1678  -  MemoryUsage of job (MB)
	1718444  -  ResidentSetSize of job (KB)
...
006 (73445540.000.000) 2021-09-25 08:23:04 Image size of job updated: 1679
	1679  -  MemoryUsage of job (MB)
	1719876  -  ResidentSetSize of job (KB)
...
006 (73445540.000.000) 2021-09-25 08:24:05 Image size of job updated: 1680
	1680  -  MemoryUsage of job (MB)
	1721328  -  ResidentSetSize of job (KB)
...
006 (73445540.000.000) 2021-09-25 08:25:05 Image size of job updated: 1681
	1681  -  MemoryUsage of job (MB)
	1721972  -  ResidentSetSize of job (KB)
...
006 (73445540.000.000) 2021-09-25 08:26:06 Image size of job updated: 1682
	1682  -  MemoryUsage of job (MB)
	1722724  -  ResidentSetSize of job (KB)
...
006 (73445540.000.000) 2021-09-25 08:27:06 Image size of job updated: 1683
	1683  -  MemoryUsage of job (MB)
	1723760  -  ResidentSetSize of job (KB)
...
006 (73445540.000.000) 2021-09-25 08:28:07 Image size of job updated: 1684
	1684  -  MemoryUsage of job (MB)
	1724588  -  ResidentSetSize of job (KB)
...
006 (73445540.000.000) 2021-09-25 08:29:08 Image size of job updated: 1685
	1685  -  MemoryUsage of job (MB)
	1726076  -  ResidentSetSize of job (KB)
...
006 (73445540.000.000) 2021-09-25 08:30:08 Image size of job updated: 1686
	1686  -  MemoryUsage of job (MB)
	1727032  -  ResidentSetSize of job (KB)
...
006 (73445540.000.000) 2021-09-25 08:31:09 Image size of job updated: 1687
	1687  -  MemoryUsage of job (MB)
	1727876  -  ResidentSetSize of job (KB)
...
006 (73445540.000.000) 2021-09-25 08:32:10 Image size of job updated: 1689
	1689  -  MemoryUsage of job (MB)
	1730400  -  ResidentSetSize of job (KB)
...
006 (73445540.000.000) 2021-09-25 08:33:10 Image size of job updated: 1690
	1690  -  MemoryUsage of job (MB)
	1731128  -  ResidentSetSize of job (KB)
...
006 (73445540.000.000) 2021-09-25 08:34:11 Image size of job updated: 1691
	1691  -  MemoryUsage of job (MB)
	1731592  -  ResidentSetSize of job (KB)
...
006 (73445540.000.000) 2021-09-25 08:35:12 Image size of job updated: 1691
	1691  -  MemoryUsage of job (MB)
	1732036  -  ResidentSetSize of job (KB)
...
006 (73445540.000.000) 2021-09-25 08:36:12 Image size of job updated: 1692
	1692  -  MemoryUsage of job (MB)
	1732956  -  ResidentSetSize of job (KB)
...
006 (73445540.000.000) 2021-09-25 08:37:13 Image size of job updated: 1693
	1693  -  MemoryUsage of job (MB)
	1734004  -  ResidentSetSize of job (KB)
...
006 (73445540.000.000) 2021-09-25 08:38:13 Image size of job updated: 1693
	1693  -  MemoryUsage of job (MB)
	1734380  -  ResidentSetSize of job (KB)
...
006 (73445540.000.000) 2021-09-25 08:39:14 Image size of job updated: 1694
	1694  -  MemoryUsage of job (MB)
	1735520  -  ResidentSetSize of job (KB)
...
006 (73445540.000.000) 2021-09-25 08:40:15 Image size of job updated: 1696
	1696  -  MemoryUsage of job (MB)
	1736788  -  ResidentSetSize of job (KB)
...
006 (73445540.000.000) 2021-09-25 08:41:15 Image size of job updated: 1696
	1696  -  MemoryUsage of job (MB)
	1737572  -  ResidentSetSize of job (KB)
...
006 (73445540.000.000) 2021-09-25 08:42:16 Image size of job updated: 1697
	1697  -  MemoryUsage of job (MB)
	1738692  -  ResidentSetSize of job (KB)
...
006 (73445540.000.000) 2021-09-25 08:43:17 Image size of job updated: 1698
	1698  -  MemoryUsage of job (MB)
	1739116  -  ResidentSetSize of job (KB)
...
006 (73445540.000.000) 2021-09-25 08:44:17 Image size of job updated: 1698
	1698  -  MemoryUsage of job (MB)
	1739448  -  ResidentSetSize of job (KB)
...
006 (73445540.000.000) 2021-09-25 08:45:18 Image size of job updated: 1699
	1699  -  MemoryUsage of job (MB)
	1740360  -  ResidentSetSize of job (KB)
...
006 (73445540.000.000) 2021-09-25 08:46:18 Image size of job updated: 1701
	1701  -  MemoryUsage of job (MB)
	1742640  -  ResidentSetSize of job (KB)
...
006 (73445540.000.000) 2021-09-25 08:47:19 Image size of job updated: 1702
	1702  -  MemoryUsage of job (MB)
	1743328  -  ResidentSetSize of job (KB)
...
006 (73445540.000.000) 2021-09-25 08:48:19 Image size of job updated: 1702
	1702  -  MemoryUsage of job (MB)
	1743388  -  ResidentSetSize of job (KB)
...
006 (73445540.000.000) 2021-09-25 08:49:19 Image size of job updated: 1703
	1703  -  MemoryUsage of job (MB)
	1744032  -  ResidentSetSize of job (KB)
...
006 (73445540.000.000) 2021-09-25 08:50:20 Image size of job updated: 1704
	1704  -  MemoryUsage of job (MB)
	1744960  -  ResidentSetSize of job (KB)
...
006 (73445540.000.000) 2021-09-25 08:51:20 Image size of job updated: 1704
	1704  -  MemoryUsage of job (MB)
	1745360  -  ResidentSetSize of job (KB)
...
006 (73445540.000.000) 2021-09-25 08:52:20 Image size of job updated: 1705
	1705  -  MemoryUsage of job (MB)
	1746844  -  ResidentSetSize of job (KB)
...
006 (73445540.000.000) 2021-09-25 08:53:21 Image size of job updated: 1706
	1706  -  MemoryUsage of job (MB)
	1747708  -  ResidentSetSize of job (KB)
...
006 (73445540.000.000) 2021-09-25 08:54:21 Image size of job updated: 1707
	1707  -  MemoryUsage of job (MB)
	1748188  -  ResidentSetSize of job (KB)
...
006 (73445540.000.000) 2021-09-25 08:55:21 Image size of job updated: 1707
	1707  -  MemoryUsage of job (MB)
	1748832  -  ResidentSetSize of job (KB)
...
006 (73445540.000.000) 2021-09-25 08:56:22 Image size of job updated: 1708
	1708  -  MemoryUsage of job (MB)
	1749508  -  ResidentSetSize of job (KB)
...
006 (73445540.000.000) 2021-09-25 08:57:22 Image size of job updated: 1708
	1708  -  MemoryUsage of job (MB)
	1749888  -  ResidentSetSize of job (KB)
...
006 (73445540.000.000) 2021-09-25 08:58:22 Image size of job updated: 1709
	1709  -  MemoryUsage of job (MB)
	1750260  -  ResidentSetSize of job (KB)
...
006 (73445540.000.000) 2021-09-25 08:59:23 Image size of job updated: 1709
	1709  -  MemoryUsage of job (MB)
	1750628  -  ResidentSetSize of job (KB)
...
006 (73445540.000.000) 2021-09-25 09:00:23 Image size of job updated: 1709
	1709  -  MemoryUsage of job (MB)
	1750784  -  ResidentSetSize of job (KB)
...
006 (73445540.000.000) 2021-09-25 09:01:23 Image size of job updated: 1709
	1709  -  MemoryUsage of job (MB)
	1750852  -  ResidentSetSize of job (KB)
...
006 (73445540.000.000) 2021-09-25 09:02:24 Image size of job updated: 1710
	1710  -  MemoryUsage of job (MB)
	1752000  -  ResidentSetSize of job (KB)
...
006 (73445540.000.000) 2021-09-25 09:03:24 Image size of job updated: 1713
	1713  -  MemoryUsage of job (MB)
	1754224  -  ResidentSetSize of job (KB)
...
006 (73445540.000.000) 2021-09-25 09:04:24 Image size of job updated: 1714
	1714  -  MemoryUsage of job (MB)
	1755492  -  ResidentSetSize of job (KB)
...
006 (73445540.000.000) 2021-09-25 09:05:25 Image size of job updated: 1715
	1715  -  MemoryUsage of job (MB)
	1756308  -  ResidentSetSize of job (KB)
...
006 (73445540.000.000) 2021-09-25 09:06:25 Image size of job updated: 1715
	1715  -  MemoryUsage of job (MB)
	1757104  -  ResidentSetSize of job (KB)
...
006 (73445540.000.000) 2021-09-25 09:07:25 Image size of job updated: 1716
	1716  -  MemoryUsage of job (MB)
	1757704  -  ResidentSetSize of job (KB)
...
006 (73445540.000.000) 2021-09-25 09:08:26 Image size of job updated: 1717
	1717  -  MemoryUsage of job (MB)
	1758432  -  ResidentSetSize of job (KB)
...
006 (73445540.000.000) 2021-09-25 09:09:26 Image size of job updated: 1718
	1718  -  MemoryUsage of job (MB)
	1759348  -  ResidentSetSize of job (KB)
...
006 (73445540.000.000) 2021-09-25 09:10:26 Image size of job updated: 1718
	1718  -  MemoryUsage of job (MB)
	1759976  -  ResidentSetSize of job (KB)
...
006 (73445540.000.000) 2021-09-25 09:11:27 Image size of job updated: 1719
	1719  -  MemoryUsage of job (MB)
	1760636  -  ResidentSetSize of job (KB)
...
006 (73445540.000.000) 2021-09-25 09:12:27 Image size of job updated: 1719
	1719  -  MemoryUsage of job (MB)
	1761096  -  ResidentSetSize of job (KB)
...
006 (73445540.000.000) 2021-09-25 09:13:28 Image size of job updated: 1720
	1720  -  MemoryUsage of job (MB)
	1761360  -  ResidentSetSize of job (KB)
...
006 (73445540.000.000) 2021-09-25 09:14:28 Image size of job updated: 1720
	1720  -  MemoryUsage of job (MB)
	1761652  -  ResidentSetSize of job (KB)
...
006 (73445540.000.000) 2021-09-25 09:15:28 Image size of job updated: 1720
	1720  -  MemoryUsage of job (MB)
	1761880  -  ResidentSetSize of job (KB)
...
006 (73445540.000.000) 2021-09-25 09:16:28 Image size of job updated: 1720
	1720  -  MemoryUsage of job (MB)
	1762180  -  ResidentSetSize of job (KB)
...
006 (73445540.000.000) 2021-09-25 09:17:29 Image size of job updated: 1722
	1722  -  MemoryUsage of job (MB)
	1763548  -  ResidentSetSize of job (KB)
...
006 (73445540.000.000) 2021-09-25 09:18:30 Image size of job updated: 1723
	1723  -  MemoryUsage of job (MB)
	1764852  -  ResidentSetSize of job (KB)
...
006 (73445540.000.000) 2021-09-25 09:19:30 Image size of job updated: 1724
	1724  -  MemoryUsage of job (MB)
	1766320  -  ResidentSetSize of job (KB)
...
006 (73445540.000.000) 2021-09-25 09:20:31 Image size of job updated: 1725
	1725  -  MemoryUsage of job (MB)
	1766980  -  ResidentSetSize of job (KB)
...
006 (73445540.000.000) 2021-09-25 09:21:32 Image size of job updated: 1726
	1726  -  MemoryUsage of job (MB)
	1767844  -  ResidentSetSize of job (KB)
...
006 (73445540.000.000) 2021-09-25 09:22:32 Image size of job updated: 1729
	1729  -  MemoryUsage of job (MB)
	1771252  -  ResidentSetSize of job (KB)
...
006 (73445540.000.000) 2021-09-25 09:23:33 Image size of job updated: 1734
	1734  -  MemoryUsage of job (MB)
	1776612  -  ResidentSetSize of job (KB)
...
006 (73445540.000.000) 2021-09-25 09:24:34 Image size of job updated: 1736
	1736  -  MemoryUsage of job (MB)
	1778476  -  ResidentSetSize of job (KB)
...
006 (73445540.000.000) 2021-09-25 09:25:34 Image size of job updated: 1738
	1738  -  MemoryUsage of job (MB)
	1779860  -  ResidentSetSize of job (KB)
...
006 (73445540.000.000) 2021-09-25 09:26:35 Image size of job updated: 1738
	1738  -  MemoryUsage of job (MB)
	1780704  -  ResidentSetSize of job (KB)
...
006 (73445540.000.000) 2021-09-25 09:27:35 Image size of job updated: 1740
	1740  -  MemoryUsage of job (MB)
	1782100  -  ResidentSetSize of job (KB)
...
006 (73445540.000.000) 2021-09-25 09:28:36 Image size of job updated: 1741
	1741  -  MemoryUsage of job (MB)
	1783168  -  ResidentSetSize of job (KB)
...
006 (73445540.000.000) 2021-09-25 09:29:37 Image size of job updated: 1742
	1742  -  MemoryUsage of job (MB)
	1784344  -  ResidentSetSize of job (KB)
...
006 (73445540.000.000) 2021-09-25 09:30:37 Image size of job updated: 1743
	1743  -  MemoryUsage of job (MB)
	1785688  -  ResidentSetSize of job (KB)
...
006 (73445540.000.000) 2021-09-25 09:31:38 Image size of job updated: 1744
	1744  -  MemoryUsage of job (MB)
	1786412  -  ResidentSetSize of job (KB)
...
006 (73445540.000.000) 2021-09-25 09:32:38 Image size of job updated: 1745
	1745  -  MemoryUsage of job (MB)
	1786964  -  ResidentSetSize of job (KB)
...
006 (73445540.000.000) 2021-09-25 09:33:38 Image size of job updated: 1745
	1745  -  MemoryUsage of job (MB)
	1787744  -  ResidentSetSize of job (KB)
...
006 (73445540.000.000) 2021-09-25 09:34:39 Image size of job updated: 1746
	1746  -  MemoryUsage of job (MB)
	1788576  -  ResidentSetSize of job (KB)
...
006 (73445540.000.000) 2021-09-25 09:35:39 Image size of job updated: 1746
	1746  -  MemoryUsage of job (MB)
	1788840  -  ResidentSetSize of job (KB)
...
006 (73445540.000.000) 2021-09-25 09:36:40 Image size of job updated: 1747
	1747  -  MemoryUsage of job (MB)
	1789388  -  ResidentSetSize of job (KB)
...
006 (73445540.000.000) 2021-09-25 09:37:40 Image size of job updated: 1747
	1747  -  MemoryUsage of job (MB)
	1789868  -  ResidentSetSize of job (KB)
...
006 (73445540.000.000) 2021-09-25 09:38:40 Image size of job updated: 1748
	1748  -  MemoryUsage of job (MB)
	1790604  -  ResidentSetSize of job (KB)
...
006 (73445540.000.000) 2021-09-25 09:39:41 Image size of job updated: 1749
	1749  -  MemoryUsage of job (MB)
	1791192  -  ResidentSetSize of job (KB)
...
006 (73445540.000.000) 2021-09-25 09:40:42 Image size of job updated: 1749
	1749  -  MemoryUsage of job (MB)
	1791344  -  ResidentSetSize of job (KB)
...
006 (73445540.000.000) 2021-09-25 09:41:42 Image size of job updated: 1750
	1750  -  MemoryUsage of job (MB)
	1792064  -  ResidentSetSize of job (KB)
...
006 (73445540.000.000) 2021-09-25 09:42:43 Image size of job updated: 1750
	1750  -  MemoryUsage of job (MB)
	1792276  -  ResidentSetSize of job (KB)
...
006 (73445540.000.000) 2021-09-25 09:43:43 Image size of job updated: 1750
	1750  -  MemoryUsage of job (MB)
	1792744  -  ResidentSetSize of job (KB)
...
006 (73445540.000.000) 2021-09-25 09:44:44 Image size of job updated: 1751
	1751  -  MemoryUsage of job (MB)
	1793248  -  ResidentSetSize of job (KB)
...
006 (73445540.000.000) 2021-09-25 09:45:44 Image size of job updated: 1751
	1751  -  MemoryUsage of job (MB)
	1793552  -  ResidentSetSize of job (KB)
...
006 (73445540.000.000) 2021-09-25 09:46:44 Image size of job updated: 1752
	1752  -  MemoryUsage of job (MB)
	1794052  -  ResidentSetSize of job (KB)
...
006 (73445540.000.000) 2021-09-25 09:47:45 Image size of job updated: 1752
	1752  -  MemoryUsage of job (MB)
	1794456  -  ResidentSetSize of job (KB)
...
006 (73445540.000.000) 2021-09-25 09:48:46 Image size of job updated: 1753
	1753  -  MemoryUsage of job (MB)
	1795152  -  ResidentSetSize of job (KB)
...
006 (73445540.000.000) 2021-09-25 09:49:46 Image size of job updated: 1753
	1753  -  MemoryUsage of job (MB)
	1795768  -  ResidentSetSize of job (KB)
...
006 (73445540.000.000) 2021-09-25 09:50:46 Image size of job updated: 1753
	1753  -  MemoryUsage of job (MB)
	1795984  -  ResidentSetSize of job (KB)
...
006 (73445540.000.000) 2021-09-25 09:51:47 Image size of job updated: 1754
	1754  -  MemoryUsage of job (MB)
	1796372  -  ResidentSetSize of job (KB)
...
006 (73445540.000.000) 2021-09-25 09:52:40 Image size of job updated: 1754
	1754  -  MemoryUsage of job (MB)
	1796716  -  ResidentSetSize of job (KB)
...
040 (73445540.000.000) 2021-09-25 09:52:40 Started transferring output files
...
040 (73445540.000.000) 2021-09-25 09:52:40 Finished transferring output files
...
005 (73445540.000.000) 2021-09-25 09:52:43 Job terminated.
	(1) Normal termination (return value 0)
		Usr 0 00:00:00, Sys 0 00:00:00  -  Run Remote Usage
		Usr 0 00:00:00, Sys 0 00:00:00  -  Run Local Usage
		Usr 0 01:22:00, Sys 0 00:59:12  -  Total Remote Usage
		Usr 0 00:00:00, Sys 0 00:00:00  -  Total Local Usage
	1233514  -  Run Bytes Sent By Job
	8471570  -  Run Bytes Received By Job
	1233514  -  Total Bytes Sent By Job
	8471570  -  Total Bytes Received By Job
	Partitionable Resources :    Usage  Request Allocated 
	   Cpus                 :     0.00        1         1 
	   Disk (KB)            : 31003       10000    316994 
	   Memory (MB)          :  1754        2048      2048 

	Job terminated of its own accord at 2021-09-25T14:52:40Z.
...
