000 (73340801.000.000) 2021-09-16 05:47:08 Job submitted from host: <131.225.188.235:9618?addrs=131.225.188.235-9618&alias=lpcschedd3.fnal.gov&noUDP&sock=schedd_2706_ab5d>
...
040 (73340801.000.000) 2021-09-16 13:20:34 Started transferring input files
	Transferring to host: <131.225.188.22:9618?addrs=131.225.188.22-9618&alias=cmswn2024.fnal.gov&noUDP&sock=slot1_1_1990_e28a_417>
...
040 (73340801.000.000) 2021-09-16 13:20:34 Finished transferring input files
...
001 (73340801.000.000) 2021-09-16 13:20:35 Job executing on host: <131.225.188.22:9618?addrs=131.225.188.22-9618&alias=cmswn2024.fnal.gov&noUDP&sock=startd_1902_3138>
...
006 (73340801.000.000) 2021-09-16 13:21:44 Image size of job updated: 493
	493  -  MemoryUsage of job (MB)
	505432  -  ResidentSetSize of job (KB)
...
006 (73340801.000.000) 2021-09-16 13:22:46 Image size of job updated: 571
	571  -  MemoryUsage of job (MB)
	585660  -  ResidentSetSize of job (KB)
...
006 (73340801.000.000) 2021-09-16 13:26:47 Image size of job updated: 582
	582  -  MemoryUsage of job (MB)
	596340  -  ResidentSetSize of job (KB)
...
006 (73340801.000.000) 2021-09-16 13:27:48 Image size of job updated: 625
	625  -  MemoryUsage of job (MB)
	640288  -  ResidentSetSize of job (KB)
...
006 (73340801.000.000) 2021-09-16 13:28:49 Image size of job updated: 666
	666  -  MemoryUsage of job (MB)
	682088  -  ResidentSetSize of job (KB)
...
006 (73340801.000.000) 2021-09-16 13:29:50 Image size of job updated: 699
	699  -  MemoryUsage of job (MB)
	716060  -  ResidentSetSize of job (KB)
...
006 (73340801.000.000) 2021-09-16 13:30:50 Image size of job updated: 733
	733  -  MemoryUsage of job (MB)
	751332  -  ResidentSetSize of job (KB)
...
006 (73340801.000.000) 2021-09-16 13:31:50 Image size of job updated: 763
	763  -  MemoryUsage of job (MB)
	782124  -  ResidentSetSize of job (KB)
...
006 (73340801.000.000) 2021-09-16 13:32:51 Image size of job updated: 797
	797  -  MemoryUsage of job (MB)
	816840  -  ResidentSetSize of job (KB)
...
006 (73340801.000.000) 2021-09-16 13:33:51 Image size of job updated: 824
	824  -  MemoryUsage of job (MB)
	843848  -  ResidentSetSize of job (KB)
...
006 (73340801.000.000) 2021-09-16 13:34:52 Image size of job updated: 855
	855  -  MemoryUsage of job (MB)
	875992  -  ResidentSetSize of job (KB)
...
006 (73340801.000.000) 2021-09-16 13:35:53 Image size of job updated: 895
	895  -  MemoryUsage of job (MB)
	917288  -  ResidentSetSize of job (KB)
...
006 (73340801.000.000) 2021-09-16 13:36:54 Image size of job updated: 921
	921  -  MemoryUsage of job (MB)
	943176  -  ResidentSetSize of job (KB)
...
006 (73340801.000.000) 2021-09-16 13:37:55 Image size of job updated: 948
	948  -  MemoryUsage of job (MB)
	971284  -  ResidentSetSize of job (KB)
...
006 (73340801.000.000) 2021-09-16 13:38:56 Image size of job updated: 972
	972  -  MemoryUsage of job (MB)
	995752  -  ResidentSetSize of job (KB)
...
006 (73340801.000.000) 2021-09-16 13:39:57 Image size of job updated: 999
	999  -  MemoryUsage of job (MB)
	1023216  -  ResidentSetSize of job (KB)
...
006 (73340801.000.000) 2021-09-16 13:40:57 Image size of job updated: 1024
	1024  -  MemoryUsage of job (MB)
	1048660  -  ResidentSetSize of job (KB)
...
006 (73340801.000.000) 2021-09-16 13:41:57 Image size of job updated: 1051
	1051  -  MemoryUsage of job (MB)
	1077036  -  ResidentSetSize of job (KB)
...
006 (73340801.000.000) 2021-09-16 13:42:58 Image size of job updated: 1082
	1082  -  MemoryUsage of job (MB)
	1108008  -  ResidentSetSize of job (KB)
...
006 (73340801.000.000) 2021-09-16 13:43:58 Image size of job updated: 1102
	1102  -  MemoryUsage of job (MB)
	1129040  -  ResidentSetSize of job (KB)
...
006 (73340801.000.000) 2021-09-16 13:44:58 Image size of job updated: 1122
	1122  -  MemoryUsage of job (MB)
	1149620  -  ResidentSetSize of job (KB)
...
006 (73340801.000.000) 2021-09-16 13:45:59 Image size of job updated: 1144
	1144  -  MemoryUsage of job (MB)
	1172168  -  ResidentSetSize of job (KB)
...
006 (73340801.000.000) 2021-09-16 13:46:59 Image size of job updated: 1164
	1164  -  MemoryUsage of job (MB)
	1192664  -  ResidentSetSize of job (KB)
...
006 (73340801.000.000) 2021-09-16 13:47:59 Image size of job updated: 1184
	1184  -  MemoryUsage of job (MB)
	1212444  -  ResidentSetSize of job (KB)
...
006 (73340801.000.000) 2021-09-16 13:49:01 Image size of job updated: 1205
	1205  -  MemoryUsage of job (MB)
	1234088  -  ResidentSetSize of job (KB)
...
006 (73340801.000.000) 2021-09-16 13:50:02 Image size of job updated: 1222
	1222  -  MemoryUsage of job (MB)
	1251972  -  ResidentSetSize of job (KB)
...
006 (73340801.000.000) 2021-09-16 13:51:02 Image size of job updated: 1242
	1242  -  MemoryUsage of job (MB)
	1272260  -  ResidentSetSize of job (KB)
...
006 (73340801.000.000) 2021-09-16 13:52:03 Image size of job updated: 1259
	1259  -  MemoryUsage of job (MB)
	1290072  -  ResidentSetSize of job (KB)
...
006 (73340801.000.000) 2021-09-16 13:53:04 Image size of job updated: 1278
	1278  -  MemoryUsage of job (MB)
	1309640  -  ResidentSetSize of job (KB)
...
006 (73340801.000.000) 2021-09-16 13:54:06 Image size of job updated: 1297
	1297  -  MemoryUsage of job (MB)
	1328400  -  ResidentSetSize of job (KB)
...
006 (73340801.000.000) 2021-09-16 13:55:06 Image size of job updated: 1313
	1313  -  MemoryUsage of job (MB)
	1344804  -  ResidentSetSize of job (KB)
...
006 (73340801.000.000) 2021-09-16 13:56:07 Image size of job updated: 1331
	1331  -  MemoryUsage of job (MB)
	1363876  -  ResidentSetSize of job (KB)
...
006 (73340801.000.000) 2021-09-16 13:57:08 Image size of job updated: 1348
	1348  -  MemoryUsage of job (MB)
	1380876  -  ResidentSetSize of job (KB)
...
006 (73340801.000.000) 2021-09-16 13:58:08 Image size of job updated: 1366
	1366  -  MemoryUsage of job (MB)
	1399240  -  ResidentSetSize of job (KB)
...
006 (73340801.000.000) 2021-09-16 13:59:09 Image size of job updated: 1382
	1382  -  MemoryUsage of job (MB)
	1415760  -  ResidentSetSize of job (KB)
...
006 (73340801.000.000) 2021-09-16 14:00:09 Image size of job updated: 1399
	1399  -  MemoryUsage of job (MB)
	1433236  -  ResidentSetSize of job (KB)
...
006 (73340801.000.000) 2021-09-16 14:01:09 Image size of job updated: 1414
	1414  -  MemoryUsage of job (MB)
	1448800  -  ResidentSetSize of job (KB)
...
006 (73340801.000.000) 2021-09-16 14:02:10 Image size of job updated: 1431
	1431  -  MemoryUsage of job (MB)
	1465736  -  ResidentSetSize of job (KB)
...
006 (73340801.000.000) 2021-09-16 14:03:12 Image size of job updated: 1447
	1447  -  MemoryUsage of job (MB)
	1482540  -  ResidentSetSize of job (KB)
...
006 (73340801.000.000) 2021-09-16 14:04:13 Image size of job updated: 1462
	1462  -  MemoryUsage of job (MB)
	1497512  -  ResidentSetSize of job (KB)
...
006 (73340801.000.000) 2021-09-16 14:05:14 Image size of job updated: 1478
	1478  -  MemoryUsage of job (MB)
	1514164  -  ResidentSetSize of job (KB)
...
006 (73340801.000.000) 2021-09-16 14:06:14 Image size of job updated: 1492
	1492  -  MemoryUsage of job (MB)
	1528428  -  ResidentSetSize of job (KB)
...
006 (73340801.000.000) 2021-09-16 14:07:15 Image size of job updated: 1509
	1509  -  MemoryUsage of job (MB)
	1545216  -  ResidentSetSize of job (KB)
...
006 (73340801.000.000) 2021-09-16 14:08:16 Image size of job updated: 1523
	1523  -  MemoryUsage of job (MB)
	1559632  -  ResidentSetSize of job (KB)
...
006 (73340801.000.000) 2021-09-16 14:09:16 Image size of job updated: 1541
	1541  -  MemoryUsage of job (MB)
	1578128  -  ResidentSetSize of job (KB)
...
006 (73340801.000.000) 2021-09-16 14:10:16 Image size of job updated: 1627
	1627  -  MemoryUsage of job (MB)
	1666092  -  ResidentSetSize of job (KB)
...
006 (73340801.000.000) 2021-09-16 14:11:16 Image size of job updated: 1627
	1627  -  MemoryUsage of job (MB)
	1666120  -  ResidentSetSize of job (KB)
...
006 (73340801.000.000) 2021-09-16 14:12:19 Image size of job updated: 1627
	1627  -  MemoryUsage of job (MB)
	1666140  -  ResidentSetSize of job (KB)
...
006 (73340801.000.000) 2021-09-16 14:13:19 Image size of job updated: 1627
	1627  -  MemoryUsage of job (MB)
	1666148  -  ResidentSetSize of job (KB)
...
006 (73340801.000.000) 2021-09-16 14:14:20 Image size of job updated: 1627
	1627  -  MemoryUsage of job (MB)
	1666200  -  ResidentSetSize of job (KB)
...
006 (73340801.000.000) 2021-09-16 14:15:21 Image size of job updated: 1627
	1627  -  MemoryUsage of job (MB)
	1666216  -  ResidentSetSize of job (KB)
...
006 (73340801.000.000) 2021-09-16 14:17:22 Image size of job updated: 1627
	1627  -  MemoryUsage of job (MB)
	1666240  -  ResidentSetSize of job (KB)
...
006 (73340801.000.000) 2021-09-16 14:19:24 Image size of job updated: 1627
	1627  -  MemoryUsage of job (MB)
	1666244  -  ResidentSetSize of job (KB)
...
006 (73340801.000.000) 2021-09-16 14:20:24 Image size of job updated: 1627
	1627  -  MemoryUsage of job (MB)
	1666280  -  ResidentSetSize of job (KB)
...
006 (73340801.000.000) 2021-09-16 14:21:24 Image size of job updated: 1627
	1627  -  MemoryUsage of job (MB)
	1666296  -  ResidentSetSize of job (KB)
...
006 (73340801.000.000) 2021-09-16 14:22:25 Image size of job updated: 1627
	1627  -  MemoryUsage of job (MB)
	1666324  -  ResidentSetSize of job (KB)
...
006 (73340801.000.000) 2021-09-16 14:24:25 Image size of job updated: 1627
	1627  -  MemoryUsage of job (MB)
	1666328  -  ResidentSetSize of job (KB)
...
006 (73340801.000.000) 2021-09-16 14:25:26 Image size of job updated: 1627
	1627  -  MemoryUsage of job (MB)
	1666352  -  ResidentSetSize of job (KB)
...
006 (73340801.000.000) 2021-09-16 14:26:27 Image size of job updated: 1627
	1627  -  MemoryUsage of job (MB)
	1666604  -  ResidentSetSize of job (KB)
...
006 (73340801.000.000) 2021-09-16 14:27:28 Image size of job updated: 1651
	1651  -  MemoryUsage of job (MB)
	1691192  -  ResidentSetSize of job (KB)
...
006 (73340801.000.000) 2021-09-16 14:28:28 Image size of job updated: 1651
	1651  -  MemoryUsage of job (MB)
	1691212  -  ResidentSetSize of job (KB)
...
006 (73340801.000.000) 2021-09-16 14:29:29 Image size of job updated: 1651
	1651  -  MemoryUsage of job (MB)
	1691232  -  ResidentSetSize of job (KB)
...
006 (73340801.000.000) 2021-09-16 14:30:29 Image size of job updated: 1651
	1651  -  MemoryUsage of job (MB)
	1691244  -  ResidentSetSize of job (KB)
...
006 (73340801.000.000) 2021-09-16 14:31:30 Image size of job updated: 1651
	1651  -  MemoryUsage of job (MB)
	1691260  -  ResidentSetSize of job (KB)
...
006 (73340801.000.000) 2021-09-16 14:32:31 Image size of job updated: 1651
	1651  -  MemoryUsage of job (MB)
	1691284  -  ResidentSetSize of job (KB)
...
006 (73340801.000.000) 2021-09-16 14:33:31 Image size of job updated: 1651
	1651  -  MemoryUsage of job (MB)
	1691288  -  ResidentSetSize of job (KB)
...
006 (73340801.000.000) 2021-09-16 14:34:31 Image size of job updated: 1651
	1651  -  MemoryUsage of job (MB)
	1691296  -  ResidentSetSize of job (KB)
...
006 (73340801.000.000) 2021-09-16 14:35:33 Image size of job updated: 1651
	1651  -  MemoryUsage of job (MB)
	1691300  -  ResidentSetSize of job (KB)
...
006 (73340801.000.000) 2021-09-16 14:36:33 Image size of job updated: 1651
	1651  -  MemoryUsage of job (MB)
	1691304  -  ResidentSetSize of job (KB)
...
006 (73340801.000.000) 2021-09-16 14:37:34 Image size of job updated: 1651
	1651  -  MemoryUsage of job (MB)
	1691332  -  ResidentSetSize of job (KB)
...
006 (73340801.000.000) 2021-09-16 14:38:36 Image size of job updated: 1651
	1651  -  MemoryUsage of job (MB)
	1691356  -  ResidentSetSize of job (KB)
...
006 (73340801.000.000) 2021-09-16 14:39:37 Image size of job updated: 1651
	1651  -  MemoryUsage of job (MB)
	1691384  -  ResidentSetSize of job (KB)
...
006 (73340801.000.000) 2021-09-16 14:41:38 Image size of job updated: 1651
	1651  -  MemoryUsage of job (MB)
	1691392  -  ResidentSetSize of job (KB)
...
006 (73340801.000.000) 2021-09-16 14:42:40 Image size of job updated: 1651
	1651  -  MemoryUsage of job (MB)
	1691612  -  ResidentSetSize of job (KB)
...
006 (73340801.000.000) 2021-09-16 14:43:41 Image size of job updated: 1651
	1651  -  MemoryUsage of job (MB)
	1691624  -  ResidentSetSize of job (KB)
...
006 (73340801.000.000) 2021-09-16 14:44:41 Image size of job updated: 1658
	1658  -  MemoryUsage of job (MB)
	1698572  -  ResidentSetSize of job (KB)
...
006 (73340801.000.000) 2021-09-16 14:45:41 Image size of job updated: 1658
	1658  -  MemoryUsage of job (MB)
	1698580  -  ResidentSetSize of job (KB)
...
006 (73340801.000.000) 2021-09-16 14:46:41 Image size of job updated: 1658
	1658  -  MemoryUsage of job (MB)
	1698588  -  ResidentSetSize of job (KB)
...
006 (73340801.000.000) 2021-09-16 14:47:42 Image size of job updated: 1658
	1658  -  MemoryUsage of job (MB)
	1698600  -  ResidentSetSize of job (KB)
...
006 (73340801.000.000) 2021-09-16 14:48:42 Image size of job updated: 1658
	1658  -  MemoryUsage of job (MB)
	1698640  -  ResidentSetSize of job (KB)
...
006 (73340801.000.000) 2021-09-16 14:49:42 Image size of job updated: 1658
	1658  -  MemoryUsage of job (MB)
	1698648  -  ResidentSetSize of job (KB)
...
006 (73340801.000.000) 2021-09-16 14:51:43 Image size of job updated: 1658
	1658  -  MemoryUsage of job (MB)
	1698652  -  ResidentSetSize of job (KB)
...
006 (73340801.000.000) 2021-09-16 14:53:44 Image size of job updated: 1658
	1658  -  MemoryUsage of job (MB)
	1698660  -  ResidentSetSize of job (KB)
...
006 (73340801.000.000) 2021-09-16 14:54:44 Image size of job updated: 1658
	1658  -  MemoryUsage of job (MB)
	1698668  -  ResidentSetSize of job (KB)
...
006 (73340801.000.000) 2021-09-16 14:56:46 Image size of job updated: 1658
	1658  -  MemoryUsage of job (MB)
	1698676  -  ResidentSetSize of job (KB)
...
006 (73340801.000.000) 2021-09-16 14:59:48 Image size of job updated: 1658
	1658  -  MemoryUsage of job (MB)
	1698684  -  ResidentSetSize of job (KB)
...
006 (73340801.000.000) 2021-09-16 15:00:48 Image size of job updated: 1658
	1658  -  MemoryUsage of job (MB)
	1698688  -  ResidentSetSize of job (KB)
...
006 (73340801.000.000) 2021-09-16 15:01:49 Image size of job updated: 1659
	1659  -  MemoryUsage of job (MB)
	1698888  -  ResidentSetSize of job (KB)
...
006 (73340801.000.000) 2021-09-16 15:02:49 Image size of job updated: 1663
	1663  -  MemoryUsage of job (MB)
	1703352  -  ResidentSetSize of job (KB)
...
006 (73340801.000.000) 2021-09-16 15:03:50 Image size of job updated: 1663
	1663  -  MemoryUsage of job (MB)
	1703376  -  ResidentSetSize of job (KB)
...
006 (73340801.000.000) 2021-09-16 15:04:51 Image size of job updated: 1663
	1663  -  MemoryUsage of job (MB)
	1703384  -  ResidentSetSize of job (KB)
...
006 (73340801.000.000) 2021-09-16 15:05:51 Image size of job updated: 1663
	1663  -  MemoryUsage of job (MB)
	1703396  -  ResidentSetSize of job (KB)
...
006 (73340801.000.000) 2021-09-16 15:06:51 Image size of job updated: 1663
	1663  -  MemoryUsage of job (MB)
	1703432  -  ResidentSetSize of job (KB)
...
006 (73340801.000.000) 2021-09-16 15:07:52 Image size of job updated: 1663
	1663  -  MemoryUsage of job (MB)
	1703448  -  ResidentSetSize of job (KB)
...
006 (73340801.000.000) 2021-09-16 15:08:52 Image size of job updated: 1663
	1663  -  MemoryUsage of job (MB)
	1703452  -  ResidentSetSize of job (KB)
...
006 (73340801.000.000) 2021-09-16 15:09:52 Image size of job updated: 1663
	1663  -  MemoryUsage of job (MB)
	1703460  -  ResidentSetSize of job (KB)
...
006 (73340801.000.000) 2021-09-16 15:11:53 Image size of job updated: 1663
	1663  -  MemoryUsage of job (MB)
	1703464  -  ResidentSetSize of job (KB)
...
006 (73340801.000.000) 2021-09-16 15:12:53 Image size of job updated: 1663
	1663  -  MemoryUsage of job (MB)
	1703476  -  ResidentSetSize of job (KB)
...
006 (73340801.000.000) 2021-09-16 15:13:54 Image size of job updated: 1663
	1663  -  MemoryUsage of job (MB)
	1703488  -  ResidentSetSize of job (KB)
...
006 (73340801.000.000) 2021-09-16 15:15:58 Image size of job updated: 1663
	1663  -  MemoryUsage of job (MB)
	1703496  -  ResidentSetSize of job (KB)
...
006 (73340801.000.000) 2021-09-16 15:17:58 Image size of job updated: 1663
	1663  -  MemoryUsage of job (MB)
	1703520  -  ResidentSetSize of job (KB)
...
006 (73340801.000.000) 2021-09-16 15:18:59 Image size of job updated: 1663
	1663  -  MemoryUsage of job (MB)
	1703524  -  ResidentSetSize of job (KB)
...
006 (73340801.000.000) 2021-09-16 15:19:59 Image size of job updated: 1663
	1663  -  MemoryUsage of job (MB)
	1703716  -  ResidentSetSize of job (KB)
...
006 (73340801.000.000) 2021-09-16 15:21:00 Image size of job updated: 1667
	1667  -  MemoryUsage of job (MB)
	1707572  -  ResidentSetSize of job (KB)
...
006 (73340801.000.000) 2021-09-16 15:23:00 Image size of job updated: 1667
	1667  -  MemoryUsage of job (MB)
	1707580  -  ResidentSetSize of job (KB)
...
006 (73340801.000.000) 2021-09-16 15:24:01 Image size of job updated: 1667
	1667  -  MemoryUsage of job (MB)
	1707584  -  ResidentSetSize of job (KB)
...
006 (73340801.000.000) 2021-09-16 15:25:02 Image size of job updated: 1667
	1667  -  MemoryUsage of job (MB)
	1707596  -  ResidentSetSize of job (KB)
...
006 (73340801.000.000) 2021-09-16 15:26:02 Image size of job updated: 1667
	1667  -  MemoryUsage of job (MB)
	1707600  -  ResidentSetSize of job (KB)
...
006 (73340801.000.000) 2021-09-16 15:29:03 Image size of job updated: 1667
	1667  -  MemoryUsage of job (MB)
	1707604  -  ResidentSetSize of job (KB)
...
006 (73340801.000.000) 2021-09-16 15:30:04 Image size of job updated: 1667
	1667  -  MemoryUsage of job (MB)
	1707612  -  ResidentSetSize of job (KB)
...
006 (73340801.000.000) 2021-09-16 15:33:06 Image size of job updated: 1667
	1667  -  MemoryUsage of job (MB)
	1707616  -  ResidentSetSize of job (KB)
...
006 (73340801.000.000) 2021-09-16 15:34:06 Image size of job updated: 1667
	1667  -  MemoryUsage of job (MB)
	1707620  -  ResidentSetSize of job (KB)
...
006 (73340801.000.000) 2021-09-16 15:36:07 Image size of job updated: 1667
	1667  -  MemoryUsage of job (MB)
	1707624  -  ResidentSetSize of job (KB)
...
006 (73340801.000.000) 2021-09-16 15:38:08 Image size of job updated: 1667
	1667  -  MemoryUsage of job (MB)
	1707784  -  ResidentSetSize of job (KB)
...
006 (73340801.000.000) 2021-09-16 15:39:09 Image size of job updated: 1670
	1670  -  MemoryUsage of job (MB)
	1710468  -  ResidentSetSize of job (KB)
...
006 (73340801.000.000) 2021-09-16 15:40:09 Image size of job updated: 1670
	1670  -  MemoryUsage of job (MB)
	1710484  -  ResidentSetSize of job (KB)
...
006 (73340801.000.000) 2021-09-16 15:41:09 Image size of job updated: 1670
	1670  -  MemoryUsage of job (MB)
	1710488  -  ResidentSetSize of job (KB)
...
006 (73340801.000.000) 2021-09-16 15:43:09 Image size of job updated: 1670
	1670  -  MemoryUsage of job (MB)
	1710492  -  ResidentSetSize of job (KB)
...
006 (73340801.000.000) 2021-09-16 15:48:11 Image size of job updated: 1670
	1670  -  MemoryUsage of job (MB)
	1710496  -  ResidentSetSize of job (KB)
...
006 (73340801.000.000) 2021-09-16 15:49:11 Image size of job updated: 1670
	1670  -  MemoryUsage of job (MB)
	1710500  -  ResidentSetSize of job (KB)
...
006 (73340801.000.000) 2021-09-16 15:51:13 Image size of job updated: 1670
	1670  -  MemoryUsage of job (MB)
	1710504  -  ResidentSetSize of job (KB)
...
006 (73340801.000.000) 2021-09-16 15:53:14 Image size of job updated: 1670
	1670  -  MemoryUsage of job (MB)
	1710600  -  ResidentSetSize of job (KB)
...
006 (73340801.000.000) 2021-09-16 15:57:17 Image size of job updated: 1673
	1673  -  MemoryUsage of job (MB)
	1713612  -  ResidentSetSize of job (KB)
...
006 (73340801.000.000) 2021-09-16 15:58:18 Image size of job updated: 1673
	1673  -  MemoryUsage of job (MB)
	1713620  -  ResidentSetSize of job (KB)
...
006 (73340801.000.000) 2021-09-16 16:00:18 Image size of job updated: 1673
	1673  -  MemoryUsage of job (MB)
	1713624  -  ResidentSetSize of job (KB)
...
006 (73340801.000.000) 2021-09-16 16:01:18 Image size of job updated: 1673
	1673  -  MemoryUsage of job (MB)
	1713628  -  ResidentSetSize of job (KB)
...
006 (73340801.000.000) 2021-09-16 16:03:18 Image size of job updated: 1673
	1673  -  MemoryUsage of job (MB)
	1713636  -  ResidentSetSize of job (KB)
...
006 (73340801.000.000) 2021-09-16 16:04:18 Image size of job updated: 1673
	1673  -  MemoryUsage of job (MB)
	1713640  -  ResidentSetSize of job (KB)
...
006 (73340801.000.000) 2021-09-16 16:05:19 Image size of job updated: 1673
	1673  -  MemoryUsage of job (MB)
	1713644  -  ResidentSetSize of job (KB)
...
006 (73340801.000.000) 2021-09-16 16:06:19 Image size of job updated: 1673
	1673  -  MemoryUsage of job (MB)
	1713648  -  ResidentSetSize of job (KB)
...
006 (73340801.000.000) 2021-09-16 16:08:20 Image size of job updated: 1673
	1673  -  MemoryUsage of job (MB)
	1713656  -  ResidentSetSize of job (KB)
...
006 (73340801.000.000) 2021-09-16 16:09:20 Image size of job updated: 1673
	1673  -  MemoryUsage of job (MB)
	1713660  -  ResidentSetSize of job (KB)
...
006 (73340801.000.000) 2021-09-16 16:10:21 Image size of job updated: 1673
	1673  -  MemoryUsage of job (MB)
	1713844  -  ResidentSetSize of job (KB)
...
006 (73340801.000.000) 2021-09-16 16:12:23 Image size of job updated: 1673
	1673  -  MemoryUsage of job (MB)
	1713848  -  ResidentSetSize of job (KB)
...
006 (73340801.000.000) 2021-09-16 16:13:24 Image size of job updated: 1673
	1673  -  MemoryUsage of job (MB)
	1713852  -  ResidentSetSize of job (KB)
...
006 (73340801.000.000) 2021-09-16 16:15:26 Image size of job updated: 1673
	1673  -  MemoryUsage of job (MB)
	1713956  -  ResidentSetSize of job (KB)
...
006 (73340801.000.000) 2021-09-16 16:16:27 Image size of job updated: 1675
	1675  -  MemoryUsage of job (MB)
	1715920  -  ResidentSetSize of job (KB)
...
006 (73340801.000.000) 2021-09-16 16:18:28 Image size of job updated: 1675
	1675  -  MemoryUsage of job (MB)
	1715928  -  ResidentSetSize of job (KB)
...
006 (73340801.000.000) 2021-09-16 16:19:29 Image size of job updated: 1675
	1675  -  MemoryUsage of job (MB)
	1715936  -  ResidentSetSize of job (KB)
...
006 (73340801.000.000) 2021-09-16 16:20:29 Image size of job updated: 1675
	1675  -  MemoryUsage of job (MB)
	1715940  -  ResidentSetSize of job (KB)
...
006 (73340801.000.000) 2021-09-16 16:21:30 Image size of job updated: 1675
	1675  -  MemoryUsage of job (MB)
	1715948  -  ResidentSetSize of job (KB)
...
006 (73340801.000.000) 2021-09-16 16:22:31 Image size of job updated: 1675
	1675  -  MemoryUsage of job (MB)
	1715952  -  ResidentSetSize of job (KB)
...
006 (73340801.000.000) 2021-09-16 16:24:32 Image size of job updated: 1675
	1675  -  MemoryUsage of job (MB)
	1715956  -  ResidentSetSize of job (KB)
...
006 (73340801.000.000) 2021-09-16 16:25:33 Image size of job updated: 1675
	1675  -  MemoryUsage of job (MB)
	1715960  -  ResidentSetSize of job (KB)
...
006 (73340801.000.000) 2021-09-16 16:26:35 Image size of job updated: 1675
	1675  -  MemoryUsage of job (MB)
	1715964  -  ResidentSetSize of job (KB)
...
006 (73340801.000.000) 2021-09-16 16:28:35 Image size of job updated: 1675
	1675  -  MemoryUsage of job (MB)
	1715968  -  ResidentSetSize of job (KB)
...
006 (73340801.000.000) 2021-09-16 16:30:36 Image size of job updated: 1675
	1675  -  MemoryUsage of job (MB)
	1715988  -  ResidentSetSize of job (KB)
...
006 (73340801.000.000) 2021-09-16 16:31:36 Image size of job updated: 1675
	1675  -  MemoryUsage of job (MB)
	1715992  -  ResidentSetSize of job (KB)
...
006 (73340801.000.000) 2021-09-16 16:33:37 Image size of job updated: 1677
	1677  -  MemoryUsage of job (MB)
	1717972  -  ResidentSetSize of job (KB)
...
006 (73340801.000.000) 2021-09-16 16:34:38 Image size of job updated: 1677
	1677  -  MemoryUsage of job (MB)
	1718004  -  ResidentSetSize of job (KB)
...
006 (73340801.000.000) 2021-09-16 16:35:38 Image size of job updated: 1677
	1677  -  MemoryUsage of job (MB)
	1718012  -  ResidentSetSize of job (KB)
...
006 (73340801.000.000) 2021-09-16 16:36:38 Image size of job updated: 1677
	1677  -  MemoryUsage of job (MB)
	1718020  -  ResidentSetSize of job (KB)
...
006 (73340801.000.000) 2021-09-16 16:37:38 Image size of job updated: 1677
	1677  -  MemoryUsage of job (MB)
	1718028  -  ResidentSetSize of job (KB)
...
006 (73340801.000.000) 2021-09-16 16:38:39 Image size of job updated: 1677
	1677  -  MemoryUsage of job (MB)
	1718036  -  ResidentSetSize of job (KB)
...
006 (73340801.000.000) 2021-09-16 16:39:41 Image size of job updated: 1677
	1677  -  MemoryUsage of job (MB)
	1718040  -  ResidentSetSize of job (KB)
...
006 (73340801.000.000) 2021-09-16 16:41:42 Image size of job updated: 1677
	1677  -  MemoryUsage of job (MB)
	1718044  -  ResidentSetSize of job (KB)
...
006 (73340801.000.000) 2021-09-16 16:42:42 Image size of job updated: 1677
	1677  -  MemoryUsage of job (MB)
	1718060  -  ResidentSetSize of job (KB)
...
006 (73340801.000.000) 2021-09-16 16:43:42 Image size of job updated: 1677
	1677  -  MemoryUsage of job (MB)
	1718072  -  ResidentSetSize of job (KB)
...
006 (73340801.000.000) 2021-09-16 16:44:43 Image size of job updated: 1677
	1677  -  MemoryUsage of job (MB)
	1718080  -  ResidentSetSize of job (KB)
...
006 (73340801.000.000) 2021-09-16 16:45:44 Image size of job updated: 1677
	1677  -  MemoryUsage of job (MB)
	1718100  -  ResidentSetSize of job (KB)
...
006 (73340801.000.000) 2021-09-16 16:46:44 Image size of job updated: 1677
	1677  -  MemoryUsage of job (MB)
	1718112  -  ResidentSetSize of job (KB)
...
006 (73340801.000.000) 2021-09-16 16:47:45 Image size of job updated: 1678
	1678  -  MemoryUsage of job (MB)
	1718336  -  ResidentSetSize of job (KB)
...
006 (73340801.000.000) 2021-09-16 16:48:45 Image size of job updated: 1678
	1678  -  MemoryUsage of job (MB)
	1718344  -  ResidentSetSize of job (KB)
...
006 (73340801.000.000) 2021-09-16 16:51:46 Image size of job updated: 1679
	1679  -  MemoryUsage of job (MB)
	1719956  -  ResidentSetSize of job (KB)
...
006 (73340801.000.000) 2021-09-16 16:52:46 Image size of job updated: 1679
	1679  -  MemoryUsage of job (MB)
	1719964  -  ResidentSetSize of job (KB)
...
006 (73340801.000.000) 2021-09-16 16:54:48 Image size of job updated: 1679
	1679  -  MemoryUsage of job (MB)
	1719968  -  ResidentSetSize of job (KB)
...
006 (73340801.000.000) 2021-09-16 16:55:49 Image size of job updated: 1679
	1679  -  MemoryUsage of job (MB)
	1719976  -  ResidentSetSize of job (KB)
...
006 (73340801.000.000) 2021-09-16 16:57:49 Image size of job updated: 1679
	1679  -  MemoryUsage of job (MB)
	1719980  -  ResidentSetSize of job (KB)
...
006 (73340801.000.000) 2021-09-16 17:00:50 Image size of job updated: 1679
	1679  -  MemoryUsage of job (MB)
	1719984  -  ResidentSetSize of job (KB)
...
006 (73340801.000.000) 2021-09-16 17:02:50 Image size of job updated: 1679
	1679  -  MemoryUsage of job (MB)
	1719988  -  ResidentSetSize of job (KB)
...
006 (73340801.000.000) 2021-09-16 17:03:51 Image size of job updated: 1679
	1679  -  MemoryUsage of job (MB)
	1719992  -  ResidentSetSize of job (KB)
...
006 (73340801.000.000) 2021-09-16 17:05:53 Image size of job updated: 1679
	1679  -  MemoryUsage of job (MB)
	1720144  -  ResidentSetSize of job (KB)
...
006 (73340801.000.000) 2021-09-16 17:08:54 Image size of job updated: 1680
	1680  -  MemoryUsage of job (MB)
	1721300  -  ResidentSetSize of job (KB)
...
006 (73340801.000.000) 2021-09-16 17:09:55 Image size of job updated: 1682
	1682  -  MemoryUsage of job (MB)
	1722464  -  ResidentSetSize of job (KB)
...
006 (73340801.000.000) 2021-09-16 17:10:55 Image size of job updated: 1682
	1682  -  MemoryUsage of job (MB)
	1722472  -  ResidentSetSize of job (KB)
...
006 (73340801.000.000) 2021-09-16 17:11:55 Image size of job updated: 1682
	1682  -  MemoryUsage of job (MB)
	1722484  -  ResidentSetSize of job (KB)
...
006 (73340801.000.000) 2021-09-16 17:12:56 Image size of job updated: 1682
	1682  -  MemoryUsage of job (MB)
	1722488  -  ResidentSetSize of job (KB)
...
006 (73340801.000.000) 2021-09-16 17:13:57 Image size of job updated: 1682
	1682  -  MemoryUsage of job (MB)
	1722492  -  ResidentSetSize of job (KB)
...
006 (73340801.000.000) 2021-09-16 17:15:58 Image size of job updated: 1682
	1682  -  MemoryUsage of job (MB)
	1722496  -  ResidentSetSize of job (KB)
...
006 (73340801.000.000) 2021-09-16 17:16:59 Image size of job updated: 1682
	1682  -  MemoryUsage of job (MB)
	1722504  -  ResidentSetSize of job (KB)
...
006 (73340801.000.000) 2021-09-16 17:17:59 Image size of job updated: 1682
	1682  -  MemoryUsage of job (MB)
	1722508  -  ResidentSetSize of job (KB)
...
006 (73340801.000.000) 2021-09-16 17:19:00 Image size of job updated: 1682
	1682  -  MemoryUsage of job (MB)
	1722516  -  ResidentSetSize of job (KB)
...
006 (73340801.000.000) 2021-09-16 17:24:02 Image size of job updated: 1682
	1682  -  MemoryUsage of job (MB)
	1722520  -  ResidentSetSize of job (KB)
...
006 (73340801.000.000) 2021-09-16 17:26:03 Image size of job updated: 1682
	1682  -  MemoryUsage of job (MB)
	1722700  -  ResidentSetSize of job (KB)
...
006 (73340801.000.000) 2021-09-16 17:27:03 Image size of job updated: 1685
	1685  -  MemoryUsage of job (MB)
	1726300  -  ResidentSetSize of job (KB)
...
006 (73340801.000.000) 2021-09-16 17:28:04 Image size of job updated: 1686
	1686  -  MemoryUsage of job (MB)
	1726472  -  ResidentSetSize of job (KB)
...
006 (73340801.000.000) 2021-09-16 17:30:05 Image size of job updated: 1686
	1686  -  MemoryUsage of job (MB)
	1726480  -  ResidentSetSize of job (KB)
...
006 (73340801.000.000) 2021-09-16 17:31:06 Image size of job updated: 1686
	1686  -  MemoryUsage of job (MB)
	1726484  -  ResidentSetSize of job (KB)
...
006 (73340801.000.000) 2021-09-16 17:33:07 Image size of job updated: 1686
	1686  -  MemoryUsage of job (MB)
	1726488  -  ResidentSetSize of job (KB)
...
006 (73340801.000.000) 2021-09-16 17:34:08 Image size of job updated: 1686
	1686  -  MemoryUsage of job (MB)
	1726500  -  ResidentSetSize of job (KB)
...
006 (73340801.000.000) 2021-09-16 17:39:11 Image size of job updated: 1686
	1686  -  MemoryUsage of job (MB)
	1726504  -  ResidentSetSize of job (KB)
...
006 (73340801.000.000) 2021-09-16 17:43:14 Image size of job updated: 1686
	1686  -  MemoryUsage of job (MB)
	1726640  -  ResidentSetSize of job (KB)
...
006 (73340801.000.000) 2021-09-16 17:45:16 Image size of job updated: 1687
	1687  -  MemoryUsage of job (MB)
	1727756  -  ResidentSetSize of job (KB)
...
006 (73340801.000.000) 2021-09-16 17:46:16 Image size of job updated: 1687
	1687  -  MemoryUsage of job (MB)
	1728104  -  ResidentSetSize of job (KB)
...
006 (73340801.000.000) 2021-09-16 17:47:16 Image size of job updated: 1687
	1687  -  MemoryUsage of job (MB)
	1728108  -  ResidentSetSize of job (KB)
...
006 (73340801.000.000) 2021-09-16 17:50:17 Image size of job updated: 1687
	1687  -  MemoryUsage of job (MB)
	1728112  -  ResidentSetSize of job (KB)
...
006 (73340801.000.000) 2021-09-16 17:52:18 Image size of job updated: 1687
	1687  -  MemoryUsage of job (MB)
	1728116  -  ResidentSetSize of job (KB)
...
006 (73340801.000.000) 2021-09-16 17:53:19 Image size of job updated: 1687
	1687  -  MemoryUsage of job (MB)
	1728120  -  ResidentSetSize of job (KB)
...
006 (73340801.000.000) 2021-09-16 18:01:25 Image size of job updated: 1687
	1687  -  MemoryUsage of job (MB)
	1728128  -  ResidentSetSize of job (KB)
...
006 (73340801.000.000) 2021-09-16 18:03:26 Image size of job updated: 1687
	1687  -  MemoryUsage of job (MB)
	1728496  -  ResidentSetSize of job (KB)
...
006 (73340801.000.000) 2021-09-16 18:04:28 Image size of job updated: 1688
	1688  -  MemoryUsage of job (MB)
	1728736  -  ResidentSetSize of job (KB)
...
006 (73340801.000.000) 2021-09-16 18:05:28 Image size of job updated: 1688
	1688  -  MemoryUsage of job (MB)
	1728744  -  ResidentSetSize of job (KB)
...
006 (73340801.000.000) 2021-09-16 18:06:28 Image size of job updated: 1688
	1688  -  MemoryUsage of job (MB)
	1728748  -  ResidentSetSize of job (KB)
...
006 (73340801.000.000) 2021-09-16 18:09:30 Image size of job updated: 1688
	1688  -  MemoryUsage of job (MB)
	1728752  -  ResidentSetSize of job (KB)
...
006 (73340801.000.000) 2021-09-16 18:12:32 Image size of job updated: 1688
	1688  -  MemoryUsage of job (MB)
	1728760  -  ResidentSetSize of job (KB)
...
006 (73340801.000.000) 2021-09-16 18:13:32 Image size of job updated: 1688
	1688  -  MemoryUsage of job (MB)
	1728764  -  ResidentSetSize of job (KB)
...
006 (73340801.000.000) 2021-09-16 18:19:39 Image size of job updated: 1688
	1688  -  MemoryUsage of job (MB)
	1728940  -  ResidentSetSize of job (KB)
...
006 (73340801.000.000) 2021-09-16 18:20:40 Image size of job updated: 1688
	1688  -  MemoryUsage of job (MB)
	1729448  -  ResidentSetSize of job (KB)
...
006 (73340801.000.000) 2021-09-16 18:21:41 Image size of job updated: 1688
	1688  -  MemoryUsage of job (MB)
	1729500  -  ResidentSetSize of job (KB)
...
006 (73340801.000.000) 2021-09-16 18:22:41 Image size of job updated: 1688
	1688  -  MemoryUsage of job (MB)
	1729504  -  ResidentSetSize of job (KB)
...
006 (73340801.000.000) 2021-09-16 18:24:43 Image size of job updated: 1688
	1688  -  MemoryUsage of job (MB)
	1729516  -  ResidentSetSize of job (KB)
...
006 (73340801.000.000) 2021-09-16 18:26:45 Image size of job updated: 1688
	1688  -  MemoryUsage of job (MB)
	1729520  -  ResidentSetSize of job (KB)
...
006 (73340801.000.000) 2021-09-16 18:27:46 Image size of job updated: 1688
	1688  -  MemoryUsage of job (MB)
	1729528  -  ResidentSetSize of job (KB)
...
006 (73340801.000.000) 2021-09-16 18:31:50 Image size of job updated: 1689
	1689  -  MemoryUsage of job (MB)
	1729652  -  ResidentSetSize of job (KB)
...
006 (73340801.000.000) 2021-09-16 18:32:52 Image size of job updated: 1689
	1689  -  MemoryUsage of job (MB)
	1730508  -  ResidentSetSize of job (KB)
...
006 (73340801.000.000) 2021-09-16 18:33:52 Image size of job updated: 1689
	1689  -  MemoryUsage of job (MB)
	1730512  -  ResidentSetSize of job (KB)
...
006 (73340801.000.000) 2021-09-16 18:35:54 Image size of job updated: 1689
	1689  -  MemoryUsage of job (MB)
	1730520  -  ResidentSetSize of job (KB)
...
006 (73340801.000.000) 2021-09-16 18:38:57 Image size of job updated: 1689
	1689  -  MemoryUsage of job (MB)
	1730524  -  ResidentSetSize of job (KB)
...
006 (73340801.000.000) 2021-09-16 18:39:58 Image size of job updated: 1690
	1690  -  MemoryUsage of job (MB)
	1730668  -  ResidentSetSize of job (KB)
...
006 (73340801.000.000) 2021-09-16 18:41:59 Image size of job updated: 1691
	1691  -  MemoryUsage of job (MB)
	1731772  -  ResidentSetSize of job (KB)
...
006 (73340801.000.000) 2021-09-16 18:43:00 Image size of job updated: 1691
	1691  -  MemoryUsage of job (MB)
	1731776  -  ResidentSetSize of job (KB)
...
006 (73340801.000.000) 2021-09-16 18:44:00 Image size of job updated: 1691
	1691  -  MemoryUsage of job (MB)
	1731784  -  ResidentSetSize of job (KB)
...
006 (73340801.000.000) 2021-09-16 18:45:01 Image size of job updated: 1691
	1691  -  MemoryUsage of job (MB)
	1731788  -  ResidentSetSize of job (KB)
...
006 (73340801.000.000) 2021-09-16 18:47:02 Image size of job updated: 1691
	1691  -  MemoryUsage of job (MB)
	1731792  -  ResidentSetSize of job (KB)
...
006 (73340801.000.000) 2021-09-16 18:48:03 Image size of job updated: 1691
	1691  -  MemoryUsage of job (MB)
	1731984  -  ResidentSetSize of job (KB)
...
006 (73340801.000.000) 2021-09-16 18:50:06 Image size of job updated: 1691
	1691  -  MemoryUsage of job (MB)
	1732284  -  ResidentSetSize of job (KB)
...
006 (73340801.000.000) 2021-09-16 18:51:07 Image size of job updated: 1692
	1692  -  MemoryUsage of job (MB)
	1732904  -  ResidentSetSize of job (KB)
...
006 (73340801.000.000) 2021-09-16 18:59:12 Image size of job updated: 1692
	1692  -  MemoryUsage of job (MB)
	1733404  -  ResidentSetSize of job (KB)
...
006 (73340801.000.000) 2021-09-16 19:01:14 Image size of job updated: 1692
	1692  -  MemoryUsage of job (MB)
	1733408  -  ResidentSetSize of job (KB)
...
006 (73340801.000.000) 2021-09-16 19:03:16 Image size of job updated: 1692
	1692  -  MemoryUsage of job (MB)
	1733412  -  ResidentSetSize of job (KB)
...
006 (73340801.000.000) 2021-09-16 19:06:18 Image size of job updated: 1692
	1692  -  MemoryUsage of job (MB)
	1733604  -  ResidentSetSize of job (KB)
...
006 (73340801.000.000) 2021-09-16 19:08:19 Image size of job updated: 1693
	1693  -  MemoryUsage of job (MB)
	1734092  -  ResidentSetSize of job (KB)
...
006 (73340801.000.000) 2021-09-16 19:11:21 Image size of job updated: 1693
	1693  -  MemoryUsage of job (MB)
	1734096  -  ResidentSetSize of job (KB)
...
006 (73340801.000.000) 2021-09-16 19:13:24 Image size of job updated: 1693
	1693  -  MemoryUsage of job (MB)
	1734100  -  ResidentSetSize of job (KB)
...
006 (73340801.000.000) 2021-09-16 19:15:26 Image size of job updated: 1693
	1693  -  MemoryUsage of job (MB)
	1734224  -  ResidentSetSize of job (KB)
...
006 (73340801.000.000) 2021-09-16 19:16:28 Image size of job updated: 1694
	1694  -  MemoryUsage of job (MB)
	1734972  -  ResidentSetSize of job (KB)
...
006 (73340801.000.000) 2021-09-16 19:18:29 Image size of job updated: 1694
	1694  -  MemoryUsage of job (MB)
	1734976  -  ResidentSetSize of job (KB)
...
006 (73340801.000.000) 2021-09-16 19:19:29 Image size of job updated: 1694
	1694  -  MemoryUsage of job (MB)
	1734980  -  ResidentSetSize of job (KB)
...
006 (73340801.000.000) 2021-09-16 19:22:30 Image size of job updated: 1694
	1694  -  MemoryUsage of job (MB)
	1734984  -  ResidentSetSize of job (KB)
...
006 (73340801.000.000) 2021-09-16 19:23:31 Image size of job updated: 1694
	1694  -  MemoryUsage of job (MB)
	1735096  -  ResidentSetSize of job (KB)
...
006 (73340801.000.000) 2021-09-16 19:25:32 Image size of job updated: 1697
	1697  -  MemoryUsage of job (MB)
	1738024  -  ResidentSetSize of job (KB)
...
006 (73340801.000.000) 2021-09-16 19:26:33 Image size of job updated: 1697
	1697  -  MemoryUsage of job (MB)
	1738068  -  ResidentSetSize of job (KB)
...
006 (73340801.000.000) 2021-09-16 19:27:33 Image size of job updated: 1697
	1697  -  MemoryUsage of job (MB)
	1738076  -  ResidentSetSize of job (KB)
...
006 (73340801.000.000) 2021-09-16 19:28:33 Image size of job updated: 1697
	1697  -  MemoryUsage of job (MB)
	1738096  -  ResidentSetSize of job (KB)
...
006 (73340801.000.000) 2021-09-16 19:29:34 Image size of job updated: 1697
	1697  -  MemoryUsage of job (MB)
	1738120  -  ResidentSetSize of job (KB)
...
006 (73340801.000.000) 2021-09-16 19:30:35 Image size of job updated: 1697
	1697  -  MemoryUsage of job (MB)
	1738140  -  ResidentSetSize of job (KB)
...
006 (73340801.000.000) 2021-09-16 19:31:35 Image size of job updated: 1697
	1697  -  MemoryUsage of job (MB)
	1738148  -  ResidentSetSize of job (KB)
...
006 (73340801.000.000) 2021-09-16 19:32:35 Image size of job updated: 1697
	1697  -  MemoryUsage of job (MB)
	1738360  -  ResidentSetSize of job (KB)
...
006 (73340801.000.000) 2021-09-16 19:33:35 Image size of job updated: 1697
	1697  -  MemoryUsage of job (MB)
	1738380  -  ResidentSetSize of job (KB)
...
006 (73340801.000.000) 2021-09-16 19:34:35 Image size of job updated: 1697
	1697  -  MemoryUsage of job (MB)
	1738652  -  ResidentSetSize of job (KB)
...
006 (73340801.000.000) 2021-09-16 19:35:35 Image size of job updated: 1700
	1700  -  MemoryUsage of job (MB)
	1740916  -  ResidentSetSize of job (KB)
...
006 (73340801.000.000) 2021-09-16 19:36:35 Image size of job updated: 1700
	1700  -  MemoryUsage of job (MB)
	1740920  -  ResidentSetSize of job (KB)
...
006 (73340801.000.000) 2021-09-16 19:37:35 Image size of job updated: 1700
	1700  -  MemoryUsage of job (MB)
	1740936  -  ResidentSetSize of job (KB)
...
006 (73340801.000.000) 2021-09-16 19:39:36 Image size of job updated: 1700
	1700  -  MemoryUsage of job (MB)
	1740948  -  ResidentSetSize of job (KB)
...
006 (73340801.000.000) 2021-09-16 19:41:36 Image size of job updated: 1700
	1700  -  MemoryUsage of job (MB)
	1740964  -  ResidentSetSize of job (KB)
...
006 (73340801.000.000) 2021-09-16 19:42:36 Image size of job updated: 1700
	1700  -  MemoryUsage of job (MB)
	1740992  -  ResidentSetSize of job (KB)
...
006 (73340801.000.000) 2021-09-16 19:43:36 Image size of job updated: 1700
	1700  -  MemoryUsage of job (MB)
	1741736  -  ResidentSetSize of job (KB)
...
006 (73340801.000.000) 2021-09-16 19:44:37 Image size of job updated: 1702
	1702  -  MemoryUsage of job (MB)
	1743116  -  ResidentSetSize of job (KB)
...
006 (73340801.000.000) 2021-09-16 19:45:38 Image size of job updated: 1702
	1702  -  MemoryUsage of job (MB)
	1743124  -  ResidentSetSize of job (KB)
...
006 (73340801.000.000) 2021-09-16 19:46:39 Image size of job updated: 1702
	1702  -  MemoryUsage of job (MB)
	1743128  -  ResidentSetSize of job (KB)
...
006 (73340801.000.000) 2021-09-16 19:47:41 Image size of job updated: 1702
	1702  -  MemoryUsage of job (MB)
	1743136  -  ResidentSetSize of job (KB)
...
006 (73340801.000.000) 2021-09-16 19:48:41 Image size of job updated: 1702
	1702  -  MemoryUsage of job (MB)
	1743140  -  ResidentSetSize of job (KB)
...
006 (73340801.000.000) 2021-09-16 19:49:41 Image size of job updated: 1702
	1702  -  MemoryUsage of job (MB)
	1743148  -  ResidentSetSize of job (KB)
...
006 (73340801.000.000) 2021-09-16 19:50:42 Image size of job updated: 1702
	1702  -  MemoryUsage of job (MB)
	1743336  -  ResidentSetSize of job (KB)
...
006 (73340801.000.000) 2021-09-16 19:51:42 Image size of job updated: 1702
	1702  -  MemoryUsage of job (MB)
	1743352  -  ResidentSetSize of job (KB)
...
006 (73340801.000.000) 2021-09-16 19:52:43 Image size of job updated: 1702
	1702  -  MemoryUsage of job (MB)
	1743360  -  ResidentSetSize of job (KB)
...
006 (73340801.000.000) 2021-09-16 19:53:44 Image size of job updated: 1704
	1704  -  MemoryUsage of job (MB)
	1744988  -  ResidentSetSize of job (KB)
...
006 (73340801.000.000) 2021-09-16 19:56:45 Image size of job updated: 1704
	1704  -  MemoryUsage of job (MB)
	1744992  -  ResidentSetSize of job (KB)
...
006 (73340801.000.000) 2021-09-16 19:58:46 Image size of job updated: 1704
	1704  -  MemoryUsage of job (MB)
	1745000  -  ResidentSetSize of job (KB)
...
006 (73340801.000.000) 2021-09-16 19:59:47 Image size of job updated: 1704
	1704  -  MemoryUsage of job (MB)
	1745012  -  ResidentSetSize of job (KB)
...
006 (73340801.000.000) 2021-09-16 20:00:47 Image size of job updated: 1704
	1704  -  MemoryUsage of job (MB)
	1745128  -  ResidentSetSize of job (KB)
...
006 (73340801.000.000) 2021-09-16 20:01:47 Image size of job updated: 1704
	1704  -  MemoryUsage of job (MB)
	1745132  -  ResidentSetSize of job (KB)
...
006 (73340801.000.000) 2021-09-16 20:02:47 Image size of job updated: 1705
	1705  -  MemoryUsage of job (MB)
	1746468  -  ResidentSetSize of job (KB)
...
006 (73340801.000.000) 2021-09-16 20:03:49 Image size of job updated: 1705
	1705  -  MemoryUsage of job (MB)
	1746480  -  ResidentSetSize of job (KB)
...
006 (73340801.000.000) 2021-09-16 20:04:49 Image size of job updated: 1705
	1705  -  MemoryUsage of job (MB)
	1746484  -  ResidentSetSize of job (KB)
...
006 (73340801.000.000) 2021-09-16 20:05:50 Image size of job updated: 1705
	1705  -  MemoryUsage of job (MB)
	1746488  -  ResidentSetSize of job (KB)
...
006 (73340801.000.000) 2021-09-16 20:06:51 Image size of job updated: 1705
	1705  -  MemoryUsage of job (MB)
	1746492  -  ResidentSetSize of job (KB)
...
006 (73340801.000.000) 2021-09-16 20:07:52 Image size of job updated: 1705
	1705  -  MemoryUsage of job (MB)
	1746504  -  ResidentSetSize of job (KB)
...
006 (73340801.000.000) 2021-09-16 20:08:52 Image size of job updated: 1705
	1705  -  MemoryUsage of job (MB)
	1746508  -  ResidentSetSize of job (KB)
...
006 (73340801.000.000) 2021-09-16 20:09:52 Image size of job updated: 1705
	1705  -  MemoryUsage of job (MB)
	1746512  -  ResidentSetSize of job (KB)
...
006 (73340801.000.000) 2021-09-16 20:10:53 Image size of job updated: 1705
	1705  -  MemoryUsage of job (MB)
	1746516  -  ResidentSetSize of job (KB)
...
006 (73340801.000.000) 2021-09-16 20:11:53 Image size of job updated: 1706
	1706  -  MemoryUsage of job (MB)
	1747376  -  ResidentSetSize of job (KB)
...
006 (73340801.000.000) 2021-09-16 20:13:55 Image size of job updated: 1706
	1706  -  MemoryUsage of job (MB)
	1747380  -  ResidentSetSize of job (KB)
...
006 (73340801.000.000) 2021-09-16 20:15:58 Image size of job updated: 1706
	1706  -  MemoryUsage of job (MB)
	1747396  -  ResidentSetSize of job (KB)
...
006 (73340801.000.000) 2021-09-16 20:21:00 Image size of job updated: 1707
	1707  -  MemoryUsage of job (MB)
	1748776  -  ResidentSetSize of job (KB)
...
006 (73340801.000.000) 2021-09-16 20:29:10 Image size of job updated: 1708
	1708  -  MemoryUsage of job (MB)
	1749412  -  ResidentSetSize of job (KB)
...
006 (73340801.000.000) 2021-09-16 20:30:10 Image size of job updated: 1708
	1708  -  MemoryUsage of job (MB)
	1749416  -  ResidentSetSize of job (KB)
...
006 (73340801.000.000) 2021-09-16 20:37:13 Image size of job updated: 1708
	1708  -  MemoryUsage of job (MB)
	1749420  -  ResidentSetSize of job (KB)
...
006 (73340801.000.000) 2021-09-16 20:38:15 Image size of job updated: 1709
	1709  -  MemoryUsage of job (MB)
	1750320  -  ResidentSetSize of job (KB)
...
006 (73340801.000.000) 2021-09-16 20:47:19 Image size of job updated: 1710
	1710  -  MemoryUsage of job (MB)
	1751332  -  ResidentSetSize of job (KB)
...
006 (73340801.000.000) 2021-09-16 20:48:19 Image size of job updated: 1710
	1710  -  MemoryUsage of job (MB)
	1751340  -  ResidentSetSize of job (KB)
...
006 (73340801.000.000) 2021-09-16 20:49:19 Image size of job updated: 1710
	1710  -  MemoryUsage of job (MB)
	1751348  -  ResidentSetSize of job (KB)
...
006 (73340801.000.000) 2021-09-16 20:56:23 Image size of job updated: 1711
	1711  -  MemoryUsage of job (MB)
	1752196  -  ResidentSetSize of job (KB)
...
006 (73340801.000.000) 2021-09-16 21:00:23 Image size of job updated: 1711
	1711  -  MemoryUsage of job (MB)
	1752204  -  ResidentSetSize of job (KB)
...
006 (73340801.000.000) 2021-09-16 21:04:25 Image size of job updated: 1711
	1711  -  MemoryUsage of job (MB)
	1752952  -  ResidentSetSize of job (KB)
...
006 (73340801.000.000) 2021-09-16 21:05:26 Image size of job updated: 1711
	1711  -  MemoryUsage of job (MB)
	1753068  -  ResidentSetSize of job (KB)
...
006 (73340801.000.000) 2021-09-16 21:07:26 Image size of job updated: 1711
	1711  -  MemoryUsage of job (MB)
	1753072  -  ResidentSetSize of job (KB)
...
006 (73340801.000.000) 2021-09-16 21:12:28 Image size of job updated: 1711
	1711  -  MemoryUsage of job (MB)
	1753076  -  ResidentSetSize of job (KB)
...
006 (73340801.000.000) 2021-09-16 21:13:28 Image size of job updated: 1712
	1712  -  MemoryUsage of job (MB)
	1753456  -  ResidentSetSize of job (KB)
...
006 (73340801.000.000) 2021-09-16 21:17:29 Image size of job updated: 1712
	1712  -  MemoryUsage of job (MB)
	1753460  -  ResidentSetSize of job (KB)
...
006 (73340801.000.000) 2021-09-16 21:18:29 Image size of job updated: 1712
	1712  -  MemoryUsage of job (MB)
	1753464  -  ResidentSetSize of job (KB)
...
006 (73340801.000.000) 2021-09-16 21:22:32 Image size of job updated: 1713
	1713  -  MemoryUsage of job (MB)
	1754160  -  ResidentSetSize of job (KB)
...
006 (73340801.000.000) 2021-09-16 21:24:34 Image size of job updated: 1713
	1713  -  MemoryUsage of job (MB)
	1754164  -  ResidentSetSize of job (KB)
...
006 (73340801.000.000) 2021-09-16 21:28:39 Image size of job updated: 1713
	1713  -  MemoryUsage of job (MB)
	1754168  -  ResidentSetSize of job (KB)
...
006 (73340801.000.000) 2021-09-16 21:30:41 Image size of job updated: 1713
	1713  -  MemoryUsage of job (MB)
	1754520  -  ResidentSetSize of job (KB)
...
006 (73340801.000.000) 2021-09-16 21:31:42 Image size of job updated: 1713
	1713  -  MemoryUsage of job (MB)
	1754716  -  ResidentSetSize of job (KB)
...
006 (73340801.000.000) 2021-09-16 21:33:45 Image size of job updated: 1713
	1713  -  MemoryUsage of job (MB)
	1754720  -  ResidentSetSize of job (KB)
...
006 (73340801.000.000) 2021-09-16 21:34:46 Image size of job updated: 1713
	1713  -  MemoryUsage of job (MB)
	1754724  -  ResidentSetSize of job (KB)
...
006 (73340801.000.000) 2021-09-16 21:35:47 Image size of job updated: 1713
	1713  -  MemoryUsage of job (MB)
	1754740  -  ResidentSetSize of job (KB)
...
006 (73340801.000.000) 2021-09-16 21:36:48 Image size of job updated: 1713
	1713  -  MemoryUsage of job (MB)
	1754748  -  ResidentSetSize of job (KB)
...
006 (73340801.000.000) 2021-09-16 21:38:50 Image size of job updated: 1713
	1713  -  MemoryUsage of job (MB)
	1754752  -  ResidentSetSize of job (KB)
...
006 (73340801.000.000) 2021-09-16 21:40:51 Image size of job updated: 1714
	1714  -  MemoryUsage of job (MB)
	1755492  -  ResidentSetSize of job (KB)
...
006 (73340801.000.000) 2021-09-16 21:42:52 Image size of job updated: 1714
	1714  -  MemoryUsage of job (MB)
	1755504  -  ResidentSetSize of job (KB)
...
006 (73340801.000.000) 2021-09-16 21:44:52 Image size of job updated: 1714
	1714  -  MemoryUsage of job (MB)
	1755512  -  ResidentSetSize of job (KB)
...
006 (73340801.000.000) 2021-09-16 21:45:53 Image size of job updated: 1714
	1714  -  MemoryUsage of job (MB)
	1755516  -  ResidentSetSize of job (KB)
...
006 (73340801.000.000) 2021-09-16 21:48:56 Image size of job updated: 1714
	1714  -  MemoryUsage of job (MB)
	1755520  -  ResidentSetSize of job (KB)
...
006 (73340801.000.000) 2021-09-16 21:49:56 Image size of job updated: 1715
	1715  -  MemoryUsage of job (MB)
	1756412  -  ResidentSetSize of job (KB)
...
006 (73340801.000.000) 2021-09-16 21:50:57 Image size of job updated: 1715
	1715  -  MemoryUsage of job (MB)
	1756452  -  ResidentSetSize of job (KB)
...
006 (73340801.000.000) 2021-09-16 21:59:04 Image size of job updated: 1715
	1715  -  MemoryUsage of job (MB)
	1756676  -  ResidentSetSize of job (KB)
...
006 (73340801.000.000) 2021-09-16 22:00:04 Image size of job updated: 1715
	1715  -  MemoryUsage of job (MB)
	1756748  -  ResidentSetSize of job (KB)
...
006 (73340801.000.000) 2021-09-16 22:09:06 Image size of job updated: 1716
	1716  -  MemoryUsage of job (MB)
	1757352  -  ResidentSetSize of job (KB)
...
006 (73340801.000.000) 2021-09-16 22:19:09 Image size of job updated: 1716
	1716  -  MemoryUsage of job (MB)
	1757956  -  ResidentSetSize of job (KB)
...
006 (73340801.000.000) 2021-09-16 22:28:17 Image size of job updated: 1716
	1716  -  MemoryUsage of job (MB)
	1757960  -  ResidentSetSize of job (KB)
...
006 (73340801.000.000) 2021-09-16 22:30:18 Image size of job updated: 1716
	1716  -  MemoryUsage of job (MB)
	1758032  -  ResidentSetSize of job (KB)
...
006 (73340801.000.000) 2021-09-16 22:32:20 Image size of job updated: 1717
	1717  -  MemoryUsage of job (MB)
	1758516  -  ResidentSetSize of job (KB)
...
006 (73340801.000.000) 2021-09-16 22:33:20 Image size of job updated: 1717
	1717  -  MemoryUsage of job (MB)
	1758664  -  ResidentSetSize of job (KB)
...
006 (73340801.000.000) 2021-09-16 22:36:23 Image size of job updated: 1717
	1717  -  MemoryUsage of job (MB)
	1758668  -  ResidentSetSize of job (KB)
...
006 (73340801.000.000) 2021-09-16 22:38:25 Image size of job updated: 1717
	1717  -  MemoryUsage of job (MB)
	1758672  -  ResidentSetSize of job (KB)
...
006 (73340801.000.000) 2021-09-16 22:42:29 Image size of job updated: 1717
	1717  -  MemoryUsage of job (MB)
	1758676  -  ResidentSetSize of job (KB)
...
006 (73340801.000.000) 2021-09-16 22:44:30 Image size of job updated: 1717
	1717  -  MemoryUsage of job (MB)
	1758680  -  ResidentSetSize of job (KB)
...
006 (73340801.000.000) 2021-09-16 22:47:32 Image size of job updated: 1717
	1717  -  MemoryUsage of job (MB)
	1758808  -  ResidentSetSize of job (KB)
...
006 (73340801.000.000) 2021-09-16 22:51:33 Image size of job updated: 1717
	1717  -  MemoryUsage of job (MB)
	1759144  -  ResidentSetSize of job (KB)
...
006 (73340801.000.000) 2021-09-16 23:10:44 Image size of job updated: 1717
	1717  -  MemoryUsage of job (MB)
	1759148  -  ResidentSetSize of job (KB)
...
006 (73340801.000.000) 2021-09-16 23:11:45 Image size of job updated: 1718
	1718  -  MemoryUsage of job (MB)
	1759560  -  ResidentSetSize of job (KB)
...
006 (73340801.000.000) 2021-09-16 23:14:47 Image size of job updated: 1718
	1718  -  MemoryUsage of job (MB)
	1759564  -  ResidentSetSize of job (KB)
...
006 (73340801.000.000) 2021-09-16 23:20:48 Image size of job updated: 1718
	1718  -  MemoryUsage of job (MB)
	1759568  -  ResidentSetSize of job (KB)
...
006 (73340801.000.000) 2021-09-16 23:28:53 Image size of job updated: 1718
	1718  -  MemoryUsage of job (MB)
	1759756  -  ResidentSetSize of job (KB)
...
006 (73340801.000.000) 2021-09-16 23:30:54 Image size of job updated: 1718
	1718  -  MemoryUsage of job (MB)
	1759760  -  ResidentSetSize of job (KB)
...
006 (73340801.000.000) 2021-09-16 23:31:54 Image size of job updated: 1718
	1718  -  MemoryUsage of job (MB)
	1760084  -  ResidentSetSize of job (KB)
...
006 (73340801.000.000) 2021-09-16 23:49:02 Image size of job updated: 1718
	1718  -  MemoryUsage of job (MB)
	1760196  -  ResidentSetSize of job (KB)
...
006 (73340801.000.000) 2021-09-16 23:53:04 Image size of job updated: 1719
	1719  -  MemoryUsage of job (MB)
	1760500  -  ResidentSetSize of job (KB)
...
006 (73340801.000.000) 2021-09-16 23:54:04 Image size of job updated: 1719
	1719  -  MemoryUsage of job (MB)
	1760732  -  ResidentSetSize of job (KB)
...
006 (73340801.000.000) 2021-09-16 23:56:06 Image size of job updated: 1719
	1719  -  MemoryUsage of job (MB)
	1760736  -  ResidentSetSize of job (KB)
...
006 (73340801.000.000) 2021-09-17 00:07:13 Image size of job updated: 1719
	1719  -  MemoryUsage of job (MB)
	1760740  -  ResidentSetSize of job (KB)
...
006 (73340801.000.000) 2021-09-17 00:09:13 Image size of job updated: 1719
	1719  -  MemoryUsage of job (MB)
	1760928  -  ResidentSetSize of job (KB)
...
006 (73340801.000.000) 2021-09-17 00:13:16 Image size of job updated: 1720
	1720  -  MemoryUsage of job (MB)
	1761392  -  ResidentSetSize of job (KB)
...
006 (73340801.000.000) 2021-09-17 00:14:17 Image size of job updated: 1720
	1720  -  MemoryUsage of job (MB)
	1761532  -  ResidentSetSize of job (KB)
...
006 (73340801.000.000) 2021-09-17 00:16:19 Image size of job updated: 1720
	1720  -  MemoryUsage of job (MB)
	1761536  -  ResidentSetSize of job (KB)
...
006 (73340801.000.000) 2021-09-17 00:21:23 Image size of job updated: 1720
	1720  -  MemoryUsage of job (MB)
	1761540  -  ResidentSetSize of job (KB)
...
006 (73340801.000.000) 2021-09-17 00:29:25 Image size of job updated: 1720
	1720  -  MemoryUsage of job (MB)
	1761732  -  ResidentSetSize of job (KB)
...
006 (73340801.000.000) 2021-09-17 00:34:26 Image size of job updated: 1720
	1720  -  MemoryUsage of job (MB)
	1762292  -  ResidentSetSize of job (KB)
...
006 (73340801.000.000) 2021-09-17 00:35:26 Image size of job updated: 1721
	1721  -  MemoryUsage of job (MB)
	1762304  -  ResidentSetSize of job (KB)
...
006 (73340801.000.000) 2021-09-17 00:45:31 Image size of job updated: 1721
	1721  -  MemoryUsage of job (MB)
	1762308  -  ResidentSetSize of job (KB)
...
006 (73340801.000.000) 2021-09-17 00:54:37 Image size of job updated: 1721
	1721  -  MemoryUsage of job (MB)
	1762520  -  ResidentSetSize of job (KB)
...
006 (73340801.000.000) 2021-09-17 00:55:38 Image size of job updated: 1721
	1721  -  MemoryUsage of job (MB)
	1762624  -  ResidentSetSize of job (KB)
...
006 (73340801.000.000) 2021-09-17 01:11:45 Image size of job updated: 1721
	1721  -  MemoryUsage of job (MB)
	1762672  -  ResidentSetSize of job (KB)
...
006 (73340801.000.000) 2021-09-17 01:15:47 Image size of job updated: 1721
	1721  -  MemoryUsage of job (MB)
	1763152  -  ResidentSetSize of job (KB)
...
006 (73340801.000.000) 2021-09-17 01:16:48 Image size of job updated: 1721
	1721  -  MemoryUsage of job (MB)
	1763244  -  ResidentSetSize of job (KB)
...
006 (73340801.000.000) 2021-09-17 13:14:29 Image size of job updated: 1721
	1721  -  MemoryUsage of job (MB)
	1763284  -  ResidentSetSize of job (KB)
...
006 (73340801.000.000) 2021-09-17 13:15:30 Image size of job updated: 1722
	1722  -  MemoryUsage of job (MB)
	1763672  -  ResidentSetSize of job (KB)
...
006 (73340801.000.000) 2021-09-17 13:33:39 Image size of job updated: 1722
	1722  -  MemoryUsage of job (MB)
	1763720  -  ResidentSetSize of job (KB)
...
006 (73340801.000.000) 2021-09-17 13:34:40 Image size of job updated: 1722
	1722  -  MemoryUsage of job (MB)
	1764256  -  ResidentSetSize of job (KB)
...
006 (73340801.000.000) 2021-09-17 13:48:50 Image size of job updated: 1722
	1722  -  MemoryUsage of job (MB)
	1764260  -  ResidentSetSize of job (KB)
...
006 (73340801.000.000) 2021-09-17 13:51:52 Image size of job updated: 1723
	1723  -  MemoryUsage of job (MB)
	1764396  -  ResidentSetSize of job (KB)
...
006 (73340801.000.000) 2021-09-17 13:53:55 Image size of job updated: 1723
	1723  -  MemoryUsage of job (MB)
	1765276  -  ResidentSetSize of job (KB)
...
006 (73340801.000.000) 2021-09-17 13:55:57 Image size of job updated: 1724
	1724  -  MemoryUsage of job (MB)
	1765684  -  ResidentSetSize of job (KB)
...
006 (73340801.000.000) 2021-09-17 13:56:58 Image size of job updated: 1724
	1724  -  MemoryUsage of job (MB)
	1765688  -  ResidentSetSize of job (KB)
...
006 (73340801.000.000) 2021-09-17 13:58:00 Image size of job updated: 1724
	1724  -  MemoryUsage of job (MB)
	1765692  -  ResidentSetSize of job (KB)
...
006 (73340801.000.000) 2021-09-17 14:06:04 Image size of job updated: 1724
	1724  -  MemoryUsage of job (MB)
	1765696  -  ResidentSetSize of job (KB)
...
006 (73340801.000.000) 2021-09-17 14:13:08 Image size of job updated: 1724
	1724  -  MemoryUsage of job (MB)
	1766128  -  ResidentSetSize of job (KB)
...
006 (73340801.000.000) 2021-09-17 14:14:09 Image size of job updated: 1724
	1724  -  MemoryUsage of job (MB)
	1766328  -  ResidentSetSize of job (KB)
...
006 (73340801.000.000) 2021-09-17 14:17:13 Image size of job updated: 1724
	1724  -  MemoryUsage of job (MB)
	1766332  -  ResidentSetSize of job (KB)
...
006 (73340801.000.000) 2021-09-17 14:28:21 Image size of job updated: 1724
	1724  -  MemoryUsage of job (MB)
	1766336  -  ResidentSetSize of job (KB)
...
006 (73340801.000.000) 2021-09-17 14:30:21 Image size of job updated: 1724
	1724  -  MemoryUsage of job (MB)
	1766340  -  ResidentSetSize of job (KB)
...
006 (73340801.000.000) 2021-09-17 14:33:24 Image size of job updated: 1725
	1725  -  MemoryUsage of job (MB)
	1766588  -  ResidentSetSize of job (KB)
...
006 (73340801.000.000) 2021-09-17 14:34:25 Image size of job updated: 1725
	1725  -  MemoryUsage of job (MB)
	1766768  -  ResidentSetSize of job (KB)
...
006 (73340801.000.000) 2021-09-17 14:36:28 Image size of job updated: 1725
	1725  -  MemoryUsage of job (MB)
	1766772  -  ResidentSetSize of job (KB)
...
006 (73340801.000.000) 2021-09-17 14:38:28 Image size of job updated: 1725
	1725  -  MemoryUsage of job (MB)
	1766776  -  ResidentSetSize of job (KB)
...
006 (73340801.000.000) 2021-09-17 14:41:30 Image size of job updated: 1725
	1725  -  MemoryUsage of job (MB)
	1766784  -  ResidentSetSize of job (KB)
...
006 (73340801.000.000) 2021-09-17 14:50:38 Image size of job updated: 1725
	1725  -  MemoryUsage of job (MB)
	1766788  -  ResidentSetSize of job (KB)
...
006 (73340801.000.000) 2021-09-17 14:52:39 Image size of job updated: 1725
	1725  -  MemoryUsage of job (MB)
	1766932  -  ResidentSetSize of job (KB)
...
006 (73340801.000.000) 2021-09-17 14:53:40 Image size of job updated: 1725
	1725  -  MemoryUsage of job (MB)
	1767024  -  ResidentSetSize of job (KB)
...
006 (73340801.000.000) 2021-09-17 14:55:43 Image size of job updated: 1725
	1725  -  MemoryUsage of job (MB)
	1767028  -  ResidentSetSize of job (KB)
...
006 (73340801.000.000) 2021-09-17 14:56:44 Image size of job updated: 1725
	1725  -  MemoryUsage of job (MB)
	1767032  -  ResidentSetSize of job (KB)
...
006 (73340801.000.000) 2021-09-17 15:01:50 Image size of job updated: 1725
	1725  -  MemoryUsage of job (MB)
	1767036  -  ResidentSetSize of job (KB)
...
006 (73340801.000.000) 2021-09-17 15:12:01 Image size of job updated: 1725
	1725  -  MemoryUsage of job (MB)
	1767112  -  ResidentSetSize of job (KB)
...
006 (73340801.000.000) 2021-09-17 15:14:01 Image size of job updated: 1725
	1725  -  MemoryUsage of job (MB)
	1767164  -  ResidentSetSize of job (KB)
...
006 (73340801.000.000) 2021-09-17 15:31:13 Image size of job updated: 1726
	1726  -  MemoryUsage of job (MB)
	1767596  -  ResidentSetSize of job (KB)
...
006 (73340801.000.000) 2021-09-17 15:32:14 Image size of job updated: 1726
	1726  -  MemoryUsage of job (MB)
	1767984  -  ResidentSetSize of job (KB)
...
006 (73340801.000.000) 2021-09-17 15:34:14 Image size of job updated: 1726
	1726  -  MemoryUsage of job (MB)
	1767988  -  ResidentSetSize of job (KB)
...
006 (73340801.000.000) 2021-09-17 15:40:21 Image size of job updated: 1726
	1726  -  MemoryUsage of job (MB)
	1767992  -  ResidentSetSize of job (KB)
...
006 (73340801.000.000) 2021-09-17 15:42:22 Image size of job updated: 1726
	1726  -  MemoryUsage of job (MB)
	1767996  -  ResidentSetSize of job (KB)
...
006 (73340801.000.000) 2021-09-17 15:46:24 Image size of job updated: 1726
	1726  -  MemoryUsage of job (MB)
	1768000  -  ResidentSetSize of job (KB)
...
006 (73340801.000.000) 2021-09-17 15:49:25 Image size of job updated: 1726
	1726  -  MemoryUsage of job (MB)
	1768192  -  ResidentSetSize of job (KB)
...
006 (73340801.000.000) 2021-09-17 15:50:25 Image size of job updated: 1727
	1727  -  MemoryUsage of job (MB)
	1768460  -  ResidentSetSize of job (KB)
...
006 (73340801.000.000) 2021-09-17 15:51:25 Image size of job updated: 1727
	1727  -  MemoryUsage of job (MB)
	1768664  -  ResidentSetSize of job (KB)
...
006 (73340801.000.000) 2021-09-17 15:52:25 Image size of job updated: 1727
	1727  -  MemoryUsage of job (MB)
	1768672  -  ResidentSetSize of job (KB)
...
006 (73340801.000.000) 2021-09-17 15:56:30 Image size of job updated: 1727
	1727  -  MemoryUsage of job (MB)
	1768676  -  ResidentSetSize of job (KB)
...
006 (73340801.000.000) 2021-09-17 16:07:35 Image size of job updated: 1727
	1727  -  MemoryUsage of job (MB)
	1768872  -  ResidentSetSize of job (KB)
...
006 (73340801.000.000) 2021-09-17 16:10:36 Image size of job updated: 1727
	1727  -  MemoryUsage of job (MB)
	1769308  -  ResidentSetSize of job (KB)
...
006 (73340801.000.000) 2021-09-17 16:11:37 Image size of job updated: 1727
	1727  -  MemoryUsage of job (MB)
	1769312  -  ResidentSetSize of job (KB)
...
006 (73340801.000.000) 2021-09-17 16:18:41 Image size of job updated: 1727
	1727  -  MemoryUsage of job (MB)
	1769316  -  ResidentSetSize of job (KB)
...
006 (73340801.000.000) 2021-09-17 16:27:48 Image size of job updated: 1727
	1727  -  MemoryUsage of job (MB)
	1769320  -  ResidentSetSize of job (KB)
...
006 (73340801.000.000) 2021-09-17 16:29:49 Image size of job updated: 1728
	1728  -  MemoryUsage of job (MB)
	1769728  -  ResidentSetSize of job (KB)
...
006 (73340801.000.000) 2021-09-17 16:30:50 Image size of job updated: 1728
	1728  -  MemoryUsage of job (MB)
	1769816  -  ResidentSetSize of job (KB)
...
006 (73340801.000.000) 2021-09-17 16:34:53 Image size of job updated: 1728
	1728  -  MemoryUsage of job (MB)
	1769820  -  ResidentSetSize of job (KB)
...
006 (73340801.000.000) 2021-09-17 16:48:01 Image size of job updated: 1728
	1728  -  MemoryUsage of job (MB)
	1770012  -  ResidentSetSize of job (KB)
...
006 (73340801.000.000) 2021-09-17 16:50:02 Image size of job updated: 1728
	1728  -  MemoryUsage of job (MB)
	1770416  -  ResidentSetSize of job (KB)
...
006 (73340801.000.000) 2021-09-17 17:01:10 Image size of job updated: 1728
	1728  -  MemoryUsage of job (MB)
	1770420  -  ResidentSetSize of job (KB)
...
006 (73340801.000.000) 2021-09-17 17:07:13 Image size of job updated: 1729
	1729  -  MemoryUsage of job (MB)
	1770528  -  ResidentSetSize of job (KB)
...
006 (73340801.000.000) 2021-09-17 17:09:15 Image size of job updated: 1729
	1729  -  MemoryUsage of job (MB)
	1770736  -  ResidentSetSize of job (KB)
...
006 (73340801.000.000) 2021-09-17 17:29:33 Image size of job updated: 1729
	1729  -  MemoryUsage of job (MB)
	1771288  -  ResidentSetSize of job (KB)
...
006 (73340801.000.000) 2021-09-17 17:31:35 Image size of job updated: 1729
	1729  -  MemoryUsage of job (MB)
	1771292  -  ResidentSetSize of job (KB)
...
006 (73340801.000.000) 2021-09-17 17:49:46 Image size of job updated: 1730
	1730  -  MemoryUsage of job (MB)
	1771688  -  ResidentSetSize of job (KB)
...
006 (73340801.000.000) 2021-09-17 17:50:46 Image size of job updated: 1730
	1730  -  MemoryUsage of job (MB)
	1771692  -  ResidentSetSize of job (KB)
...
006 (73340801.000.000) 2021-09-17 18:49:28 Image size of job updated: 1730
	1730  -  MemoryUsage of job (MB)
	1772116  -  ResidentSetSize of job (KB)
...
040 (73340801.000.000) 2021-09-17 18:50:42 Started transferring output files
...
040 (73340801.000.000) 2021-09-17 18:50:42 Finished transferring output files
...
005 (73340801.000.000) 2021-09-17 18:50:44 Job terminated.
	(1) Normal termination (return value 0)
		Usr 0 00:00:00, Sys 0 00:00:00  -  Run Remote Usage
		Usr 0 00:00:00, Sys 0 00:00:00  -  Run Local Usage
		Usr 0 14:54:32, Sys 6 18:56:33  -  Total Remote Usage
		Usr 0 00:00:00, Sys 0 00:00:00  -  Total Local Usage
	1226948  -  Run Bytes Sent By Job
	8471534  -  Run Bytes Received By Job
	1226948  -  Total Bytes Sent By Job
	8471534  -  Total Bytes Received By Job
	Partitionable Resources :    Usage  Request Allocated 
	   Cpus                 :     0.00        1         1 
	   Disk (KB)            : 30850       10000   1637439 
	   Memory (MB)          :  1730        2048      2048 

	Job terminated of its own accord at 2021-09-17T23:50:42Z.
...
000 (73445658.000.000) 2021-09-24 22:32:34 Job submitted from host: <131.225.188.235:9618?addrs=131.225.188.235-9618&alias=lpcschedd3.fnal.gov&noUDP&sock=schedd_2706_ab5d>
...
040 (73445658.000.000) 2021-09-25 07:33:57 Started transferring input files
	Transferring to host: <131.225.191.131:9618?addrs=131.225.191.131-9618&alias=cmswn1895.fnal.gov&noUDP&sock=slot1_8_1221_0e0b_4143>
...
040 (73445658.000.000) 2021-09-25 07:33:57 Finished transferring input files
...
001 (73445658.000.000) 2021-09-25 07:33:58 Job executing on host: <131.225.191.131:9618?addrs=131.225.191.131-9618&alias=cmswn1895.fnal.gov&noUDP&sock=startd_1143_94d6>
...
006 (73445658.000.000) 2021-09-25 07:34:07 Image size of job updated: 43
	43  -  MemoryUsage of job (MB)
	44604  -  ResidentSetSize of job (KB)
...
006 (73445658.000.000) 2021-09-25 07:35:08 Image size of job updated: 503
	503  -  MemoryUsage of job (MB)
	515108  -  ResidentSetSize of job (KB)
...
006 (73445658.000.000) 2021-09-25 07:38:10 Image size of job updated: 523
	523  -  MemoryUsage of job (MB)
	536144  -  ResidentSetSize of job (KB)
...
006 (73445658.000.000) 2021-09-25 07:39:10 Image size of job updated: 577
	577  -  MemoryUsage of job (MB)
	591692  -  ResidentSetSize of job (KB)
...
006 (73445658.000.000) 2021-09-25 07:40:11 Image size of job updated: 626
	626  -  MemoryUsage of job (MB)
	641956  -  ResidentSetSize of job (KB)
...
006 (73445658.000.000) 2021-09-25 07:41:12 Image size of job updated: 668
	668  -  MemoryUsage of job (MB)
	684716  -  ResidentSetSize of job (KB)
...
006 (73445658.000.000) 2021-09-25 07:42:12 Image size of job updated: 706
	706  -  MemoryUsage of job (MB)
	723892  -  ResidentSetSize of job (KB)
...
006 (73445658.000.000) 2021-09-25 07:43:12 Image size of job updated: 742
	742  -  MemoryUsage of job (MB)
	760332  -  ResidentSetSize of job (KB)
...
006 (73445658.000.000) 2021-09-25 07:44:13 Image size of job updated: 776
	776  -  MemoryUsage of job (MB)
	794636  -  ResidentSetSize of job (KB)
...
006 (73445658.000.000) 2021-09-25 07:45:13 Image size of job updated: 808
	808  -  MemoryUsage of job (MB)
	828112  -  ResidentSetSize of job (KB)
...
006 (73445658.000.000) 2021-09-25 07:46:13 Image size of job updated: 840
	840  -  MemoryUsage of job (MB)
	861036  -  ResidentSetSize of job (KB)
...
006 (73445658.000.000) 2021-09-25 07:47:14 Image size of job updated: 869
	869  -  MemoryUsage of job (MB)
	890540  -  ResidentSetSize of job (KB)
...
006 (73445658.000.000) 2021-09-25 07:48:15 Image size of job updated: 909
	909  -  MemoryUsage of job (MB)
	930928  -  ResidentSetSize of job (KB)
...
006 (73445658.000.000) 2021-09-25 07:49:15 Image size of job updated: 937
	937  -  MemoryUsage of job (MB)
	960000  -  ResidentSetSize of job (KB)
...
006 (73445658.000.000) 2021-09-25 07:50:16 Image size of job updated: 964
	964  -  MemoryUsage of job (MB)
	987276  -  ResidentSetSize of job (KB)
...
006 (73445658.000.000) 2021-09-25 07:51:17 Image size of job updated: 989
	989  -  MemoryUsage of job (MB)
	1013264  -  ResidentSetSize of job (KB)
...
006 (73445658.000.000) 2021-09-25 07:52:17 Image size of job updated: 1014
	1014  -  MemoryUsage of job (MB)
	1039068  -  ResidentSetSize of job (KB)
...
006 (73445658.000.000) 2021-09-25 07:53:18 Image size of job updated: 1042
	1042  -  MemoryUsage of job (MB)
	1067556  -  ResidentSetSize of job (KB)
...
006 (73445658.000.000) 2021-09-25 07:54:19 Image size of job updated: 1075
	1075  -  MemoryUsage of job (MB)
	1100820  -  ResidentSetSize of job (KB)
...
006 (73445658.000.000) 2021-09-25 07:55:19 Image size of job updated: 1097
	1097  -  MemoryUsage of job (MB)
	1123916  -  ResidentSetSize of job (KB)
...
006 (73445658.000.000) 2021-09-25 07:56:20 Image size of job updated: 1119
	1119  -  MemoryUsage of job (MB)
	1146584  -  ResidentSetSize of job (KB)
...
006 (73445658.000.000) 2021-09-25 07:57:21 Image size of job updated: 1141
	1141  -  MemoryUsage of job (MB)
	1168800  -  ResidentSetSize of job (KB)
...
006 (73445658.000.000) 2021-09-25 07:58:21 Image size of job updated: 1162
	1162  -  MemoryUsage of job (MB)
	1190908  -  ResidentSetSize of job (KB)
...
006 (73445658.000.000) 2021-09-25 07:59:22 Image size of job updated: 1183
	1183  -  MemoryUsage of job (MB)
	1211940  -  ResidentSetSize of job (KB)
...
006 (73445658.000.000) 2021-09-25 08:00:23 Image size of job updated: 1203
	1203  -  MemoryUsage of job (MB)
	1232656  -  ResidentSetSize of job (KB)
...
006 (73445658.000.000) 2021-09-25 08:01:23 Image size of job updated: 1223
	1223  -  MemoryUsage of job (MB)
	1252968  -  ResidentSetSize of job (KB)
...
006 (73445658.000.000) 2021-09-25 08:02:23 Image size of job updated: 1242
	1242  -  MemoryUsage of job (MB)
	1272704  -  ResidentSetSize of job (KB)
...
006 (73445658.000.000) 2021-09-25 08:03:24 Image size of job updated: 1262
	1262  -  MemoryUsage of job (MB)
	1292344  -  ResidentSetSize of job (KB)
...
006 (73445658.000.000) 2021-09-25 08:04:24 Image size of job updated: 1280
	1280  -  MemoryUsage of job (MB)
	1311312  -  ResidentSetSize of job (KB)
...
006 (73445658.000.000) 2021-09-25 08:05:25 Image size of job updated: 1299
	1299  -  MemoryUsage of job (MB)
	1330288  -  ResidentSetSize of job (KB)
...
006 (73445658.000.000) 2021-09-25 08:06:26 Image size of job updated: 1317
	1317  -  MemoryUsage of job (MB)
	1348908  -  ResidentSetSize of job (KB)
...
006 (73445658.000.000) 2021-09-25 08:07:26 Image size of job updated: 1335
	1335  -  MemoryUsage of job (MB)
	1367316  -  ResidentSetSize of job (KB)
...
006 (73445658.000.000) 2021-09-25 08:08:27 Image size of job updated: 1352
	1352  -  MemoryUsage of job (MB)
	1385352  -  ResidentSetSize of job (KB)
...
006 (73445658.000.000) 2021-09-25 08:09:28 Image size of job updated: 1370
	1370  -  MemoryUsage of job (MB)
	1403036  -  ResidentSetSize of job (KB)
...
006 (73445658.000.000) 2021-09-25 08:10:28 Image size of job updated: 1387
	1387  -  MemoryUsage of job (MB)
	1420608  -  ResidentSetSize of job (KB)
...
006 (73445658.000.000) 2021-09-25 08:11:28 Image size of job updated: 1404
	1404  -  MemoryUsage of job (MB)
	1437912  -  ResidentSetSize of job (KB)
...
006 (73445658.000.000) 2021-09-25 08:12:29 Image size of job updated: 1421
	1421  -  MemoryUsage of job (MB)
	1455244  -  ResidentSetSize of job (KB)
...
006 (73445658.000.000) 2021-09-25 08:13:29 Image size of job updated: 1435
	1435  -  MemoryUsage of job (MB)
	1470008  -  ResidentSetSize of job (KB)
...
006 (73445658.000.000) 2021-09-25 08:14:29 Image size of job updated: 1451
	1451  -  MemoryUsage of job (MB)
	1486664  -  ResidentSetSize of job (KB)
...
006 (73445658.000.000) 2021-09-25 08:15:30 Image size of job updated: 1467
	1467  -  MemoryUsage of job (MB)
	1503128  -  ResidentSetSize of job (KB)
...
006 (73445658.000.000) 2021-09-25 08:16:30 Image size of job updated: 1483
	1483  -  MemoryUsage of job (MB)
	1518880  -  ResidentSetSize of job (KB)
...
006 (73445658.000.000) 2021-09-25 08:17:30 Image size of job updated: 1497
	1497  -  MemoryUsage of job (MB)
	1533236  -  ResidentSetSize of job (KB)
...
006 (73445658.000.000) 2021-09-25 08:18:31 Image size of job updated: 1512
	1512  -  MemoryUsage of job (MB)
	1549072  -  ResidentSetSize of job (KB)
...
006 (73445658.000.000) 2021-09-25 08:19:32 Image size of job updated: 1528
	1528  -  MemoryUsage of job (MB)
	1564836  -  ResidentSetSize of job (KB)
...
006 (73445658.000.000) 2021-09-25 08:20:32 Image size of job updated: 1547
	1547  -  MemoryUsage of job (MB)
	1584420  -  ResidentSetSize of job (KB)
...
006 (73445658.000.000) 2021-09-25 08:21:33 Image size of job updated: 1626
	1626  -  MemoryUsage of job (MB)
	1665068  -  ResidentSetSize of job (KB)
...
006 (73445658.000.000) 2021-09-25 08:22:33 Image size of job updated: 1647
	1647  -  MemoryUsage of job (MB)
	1687284  -  ResidentSetSize of job (KB)
...
006 (73445658.000.000) 2021-09-25 08:23:33 Image size of job updated: 1656
	1656  -  MemoryUsage of job (MB)
	1696028  -  ResidentSetSize of job (KB)
...
006 (73445658.000.000) 2021-09-25 08:24:34 Image size of job updated: 1660
	1660  -  MemoryUsage of job (MB)
	1700856  -  ResidentSetSize of job (KB)
...
006 (73445658.000.000) 2021-09-25 08:25:34 Image size of job updated: 1664
	1664  -  MemoryUsage of job (MB)
	1704456  -  ResidentSetSize of job (KB)
...
006 (73445658.000.000) 2021-09-25 08:26:34 Image size of job updated: 1667
	1667  -  MemoryUsage of job (MB)
	1707556  -  ResidentSetSize of job (KB)
...
006 (73445658.000.000) 2021-09-25 08:27:35 Image size of job updated: 1670
	1670  -  MemoryUsage of job (MB)
	1710408  -  ResidentSetSize of job (KB)
...
006 (73445658.000.000) 2021-09-25 08:28:35 Image size of job updated: 1673
	1673  -  MemoryUsage of job (MB)
	1713444  -  ResidentSetSize of job (KB)
...
006 (73445658.000.000) 2021-09-25 08:29:35 Image size of job updated: 1675
	1675  -  MemoryUsage of job (MB)
	1715508  -  ResidentSetSize of job (KB)
...
006 (73445658.000.000) 2021-09-25 08:30:36 Image size of job updated: 1677
	1677  -  MemoryUsage of job (MB)
	1717744  -  ResidentSetSize of job (KB)
...
006 (73445658.000.000) 2021-09-25 08:31:36 Image size of job updated: 1679
	1679  -  MemoryUsage of job (MB)
	1719992  -  ResidentSetSize of job (KB)
...
006 (73445658.000.000) 2021-09-25 08:32:36 Image size of job updated: 1682
	1682  -  MemoryUsage of job (MB)
	1722648  -  ResidentSetSize of job (KB)
...
006 (73445658.000.000) 2021-09-25 08:33:37 Image size of job updated: 1684
	1684  -  MemoryUsage of job (MB)
	1724908  -  ResidentSetSize of job (KB)
...
006 (73445658.000.000) 2021-09-25 08:34:37 Image size of job updated: 1686
	1686  -  MemoryUsage of job (MB)
	1726676  -  ResidentSetSize of job (KB)
...
006 (73445658.000.000) 2021-09-25 08:35:38 Image size of job updated: 1687
	1687  -  MemoryUsage of job (MB)
	1727824  -  ResidentSetSize of job (KB)
...
006 (73445658.000.000) 2021-09-25 08:36:39 Image size of job updated: 1688
	1688  -  MemoryUsage of job (MB)
	1729068  -  ResidentSetSize of job (KB)
...
006 (73445658.000.000) 2021-09-25 08:37:40 Image size of job updated: 1689
	1689  -  MemoryUsage of job (MB)
	1730408  -  ResidentSetSize of job (KB)
...
006 (73445658.000.000) 2021-09-25 08:38:40 Image size of job updated: 1690
	1690  -  MemoryUsage of job (MB)
	1731432  -  ResidentSetSize of job (KB)
...
006 (73445658.000.000) 2021-09-25 08:39:41 Image size of job updated: 1691
	1691  -  MemoryUsage of job (MB)
	1732252  -  ResidentSetSize of job (KB)
...
006 (73445658.000.000) 2021-09-25 08:40:41 Image size of job updated: 1692
	1692  -  MemoryUsage of job (MB)
	1732856  -  ResidentSetSize of job (KB)
...
006 (73445658.000.000) 2021-09-25 08:41:41 Image size of job updated: 1693
	1693  -  MemoryUsage of job (MB)
	1733688  -  ResidentSetSize of job (KB)
...
006 (73445658.000.000) 2021-09-25 08:42:42 Image size of job updated: 1694
	1694  -  MemoryUsage of job (MB)
	1735212  -  ResidentSetSize of job (KB)
...
006 (73445658.000.000) 2021-09-25 08:43:42 Image size of job updated: 1695
	1695  -  MemoryUsage of job (MB)
	1736348  -  ResidentSetSize of job (KB)
...
006 (73445658.000.000) 2021-09-25 08:44:42 Image size of job updated: 1696
	1696  -  MemoryUsage of job (MB)
	1736776  -  ResidentSetSize of job (KB)
...
006 (73445658.000.000) 2021-09-25 08:45:43 Image size of job updated: 1696
	1696  -  MemoryUsage of job (MB)
	1737588  -  ResidentSetSize of job (KB)
...
006 (73445658.000.000) 2021-09-25 08:46:43 Image size of job updated: 1697
	1697  -  MemoryUsage of job (MB)
	1738188  -  ResidentSetSize of job (KB)
...
006 (73445658.000.000) 2021-09-25 08:47:43 Image size of job updated: 1697
	1697  -  MemoryUsage of job (MB)
	1738628  -  ResidentSetSize of job (KB)
...
006 (73445658.000.000) 2021-09-25 08:48:44 Image size of job updated: 1698
	1698  -  MemoryUsage of job (MB)
	1739156  -  ResidentSetSize of job (KB)
...
006 (73445658.000.000) 2021-09-25 08:49:44 Image size of job updated: 1699
	1699  -  MemoryUsage of job (MB)
	1740600  -  ResidentSetSize of job (KB)
...
006 (73445658.000.000) 2021-09-25 08:50:44 Image size of job updated: 1700
	1700  -  MemoryUsage of job (MB)
	1741168  -  ResidentSetSize of job (KB)
...
006 (73445658.000.000) 2021-09-25 08:51:45 Image size of job updated: 1700
	1700  -  MemoryUsage of job (MB)
	1741816  -  ResidentSetSize of job (KB)
...
006 (73445658.000.000) 2021-09-25 08:52:46 Image size of job updated: 1701
	1701  -  MemoryUsage of job (MB)
	1742464  -  ResidentSetSize of job (KB)
...
006 (73445658.000.000) 2021-09-25 08:53:46 Image size of job updated: 1702
	1702  -  MemoryUsage of job (MB)
	1743076  -  ResidentSetSize of job (KB)
...
006 (73445658.000.000) 2021-09-25 08:54:46 Image size of job updated: 1702
	1702  -  MemoryUsage of job (MB)
	1743796  -  ResidentSetSize of job (KB)
...
006 (73445658.000.000) 2021-09-25 08:55:47 Image size of job updated: 1703
	1703  -  MemoryUsage of job (MB)
	1744024  -  ResidentSetSize of job (KB)
...
006 (73445658.000.000) 2021-09-25 08:56:48 Image size of job updated: 1703
	1703  -  MemoryUsage of job (MB)
	1744572  -  ResidentSetSize of job (KB)
...
006 (73445658.000.000) 2021-09-25 08:57:48 Image size of job updated: 1704
	1704  -  MemoryUsage of job (MB)
	1745080  -  ResidentSetSize of job (KB)
...
006 (73445658.000.000) 2021-09-25 08:58:49 Image size of job updated: 1704
	1704  -  MemoryUsage of job (MB)
	1745868  -  ResidentSetSize of job (KB)
...
006 (73445658.000.000) 2021-09-25 08:59:50 Image size of job updated: 1705
	1705  -  MemoryUsage of job (MB)
	1746908  -  ResidentSetSize of job (KB)
...
006 (73445658.000.000) 2021-09-25 09:00:50 Image size of job updated: 1706
	1706  -  MemoryUsage of job (MB)
	1747212  -  ResidentSetSize of job (KB)
...
006 (73445658.000.000) 2021-09-25 09:01:51 Image size of job updated: 1706
	1706  -  MemoryUsage of job (MB)
	1747840  -  ResidentSetSize of job (KB)
...
006 (73445658.000.000) 2021-09-25 09:02:52 Image size of job updated: 1707
	1707  -  MemoryUsage of job (MB)
	1748692  -  ResidentSetSize of job (KB)
...
006 (73445658.000.000) 2021-09-25 09:03:52 Image size of job updated: 1708
	1708  -  MemoryUsage of job (MB)
	1749448  -  ResidentSetSize of job (KB)
...
006 (73445658.000.000) 2021-09-25 09:04:53 Image size of job updated: 1709
	1709  -  MemoryUsage of job (MB)
	1750016  -  ResidentSetSize of job (KB)
...
006 (73445658.000.000) 2021-09-25 09:05:54 Image size of job updated: 1709
	1709  -  MemoryUsage of job (MB)
	1750636  -  ResidentSetSize of job (KB)
...
006 (73445658.000.000) 2021-09-25 09:06:54 Image size of job updated: 1710
	1710  -  MemoryUsage of job (MB)
	1751376  -  ResidentSetSize of job (KB)
...
006 (73445658.000.000) 2021-09-25 09:07:55 Image size of job updated: 1710
	1710  -  MemoryUsage of job (MB)
	1752008  -  ResidentSetSize of job (KB)
...
006 (73445658.000.000) 2021-09-25 09:08:55 Image size of job updated: 1711
	1711  -  MemoryUsage of job (MB)
	1752748  -  ResidentSetSize of job (KB)
...
006 (73445658.000.000) 2021-09-25 09:09:55 Image size of job updated: 1712
	1712  -  MemoryUsage of job (MB)
	1753696  -  ResidentSetSize of job (KB)
...
006 (73445658.000.000) 2021-09-25 09:10:56 Image size of job updated: 1712
	1712  -  MemoryUsage of job (MB)
	1753904  -  ResidentSetSize of job (KB)
...
006 (73445658.000.000) 2021-09-25 09:11:57 Image size of job updated: 1713
	1713  -  MemoryUsage of job (MB)
	1754460  -  ResidentSetSize of job (KB)
...
006 (73445658.000.000) 2021-09-25 09:12:57 Image size of job updated: 1713
	1713  -  MemoryUsage of job (MB)
	1755116  -  ResidentSetSize of job (KB)
...
006 (73445658.000.000) 2021-09-25 09:13:58 Image size of job updated: 1714
	1714  -  MemoryUsage of job (MB)
	1755476  -  ResidentSetSize of job (KB)
...
006 (73445658.000.000) 2021-09-25 09:14:59 Image size of job updated: 1714
	1714  -  MemoryUsage of job (MB)
	1756012  -  ResidentSetSize of job (KB)
...
006 (73445658.000.000) 2021-09-25 09:15:59 Image size of job updated: 1715
	1715  -  MemoryUsage of job (MB)
	1757088  -  ResidentSetSize of job (KB)
...
006 (73445658.000.000) 2021-09-25 09:17:00 Image size of job updated: 1716
	1716  -  MemoryUsage of job (MB)
	1757400  -  ResidentSetSize of job (KB)
...
006 (73445658.000.000) 2021-09-25 09:18:01 Image size of job updated: 1716
	1716  -  MemoryUsage of job (MB)
	1758136  -  ResidentSetSize of job (KB)
...
006 (73445658.000.000) 2021-09-25 09:19:01 Image size of job updated: 1717
	1717  -  MemoryUsage of job (MB)
	1758716  -  ResidentSetSize of job (KB)
...
006 (73445658.000.000) 2021-09-25 09:20:02 Image size of job updated: 1718
	1718  -  MemoryUsage of job (MB)
	1759424  -  ResidentSetSize of job (KB)
...
006 (73445658.000.000) 2021-09-25 09:21:03 Image size of job updated: 1718
	1718  -  MemoryUsage of job (MB)
	1759648  -  ResidentSetSize of job (KB)
...
006 (73445658.000.000) 2021-09-25 09:22:03 Image size of job updated: 1719
	1719  -  MemoryUsage of job (MB)
	1760276  -  ResidentSetSize of job (KB)
...
006 (73445658.000.000) 2021-09-25 09:23:04 Image size of job updated: 1719
	1719  -  MemoryUsage of job (MB)
	1760644  -  ResidentSetSize of job (KB)
...
006 (73445658.000.000) 2021-09-25 09:24:05 Image size of job updated: 1719
	1719  -  MemoryUsage of job (MB)
	1761196  -  ResidentSetSize of job (KB)
...
006 (73445658.000.000) 2021-09-25 09:25:06 Image size of job updated: 1720
	1720  -  MemoryUsage of job (MB)
	1761356  -  ResidentSetSize of job (KB)
...
006 (73445658.000.000) 2021-09-25 09:26:07 Image size of job updated: 1720
	1720  -  MemoryUsage of job (MB)
	1761612  -  ResidentSetSize of job (KB)
...
006 (73445658.000.000) 2021-09-25 09:27:07 Image size of job updated: 1720
	1720  -  MemoryUsage of job (MB)
	1762096  -  ResidentSetSize of job (KB)
...
006 (73445658.000.000) 2021-09-25 09:28:07 Image size of job updated: 1721
	1721  -  MemoryUsage of job (MB)
	1762516  -  ResidentSetSize of job (KB)
...
006 (73445658.000.000) 2021-09-25 09:29:08 Image size of job updated: 1721
	1721  -  MemoryUsage of job (MB)
	1762912  -  ResidentSetSize of job (KB)
...
006 (73445658.000.000) 2021-09-25 09:30:08 Image size of job updated: 1722
	1722  -  MemoryUsage of job (MB)
	1763388  -  ResidentSetSize of job (KB)
...
006 (73445658.000.000) 2021-09-25 09:31:08 Image size of job updated: 1722
	1722  -  MemoryUsage of job (MB)
	1764128  -  ResidentSetSize of job (KB)
...
006 (73445658.000.000) 2021-09-25 09:32:09 Image size of job updated: 1723
	1723  -  MemoryUsage of job (MB)
	1764608  -  ResidentSetSize of job (KB)
...
006 (73445658.000.000) 2021-09-25 09:33:09 Image size of job updated: 1723
	1723  -  MemoryUsage of job (MB)
	1764940  -  ResidentSetSize of job (KB)
...
006 (73445658.000.000) 2021-09-25 09:34:09 Image size of job updated: 1723
	1723  -  MemoryUsage of job (MB)
	1765172  -  ResidentSetSize of job (KB)
...
006 (73445658.000.000) 2021-09-25 09:35:09 Image size of job updated: 1724
	1724  -  MemoryUsage of job (MB)
	1765888  -  ResidentSetSize of job (KB)
...
006 (73445658.000.000) 2021-09-25 09:36:10 Image size of job updated: 1724
	1724  -  MemoryUsage of job (MB)
	1766140  -  ResidentSetSize of job (KB)
...
006 (73445658.000.000) 2021-09-25 09:37:11 Image size of job updated: 1725
	1725  -  MemoryUsage of job (MB)
	1767136  -  ResidentSetSize of job (KB)
...
006 (73445658.000.000) 2021-09-25 09:38:11 Image size of job updated: 1726
	1726  -  MemoryUsage of job (MB)
	1767692  -  ResidentSetSize of job (KB)
...
006 (73445658.000.000) 2021-09-25 09:40:12 Image size of job updated: 1726
	1726  -  MemoryUsage of job (MB)
	1768360  -  ResidentSetSize of job (KB)
...
006 (73445658.000.000) 2021-09-25 09:41:12 Image size of job updated: 1727
	1727  -  MemoryUsage of job (MB)
	1769076  -  ResidentSetSize of job (KB)
...
006 (73445658.000.000) 2021-09-25 09:42:12 Image size of job updated: 1727
	1727  -  MemoryUsage of job (MB)
	1769284  -  ResidentSetSize of job (KB)
...
006 (73445658.000.000) 2021-09-25 09:43:13 Image size of job updated: 1728
	1728  -  MemoryUsage of job (MB)
	1769836  -  ResidentSetSize of job (KB)
...
006 (73445658.000.000) 2021-09-25 09:44:14 Image size of job updated: 1728
	1728  -  MemoryUsage of job (MB)
	1769840  -  ResidentSetSize of job (KB)
...
006 (73445658.000.000) 2021-09-25 09:45:14 Image size of job updated: 1728
	1728  -  MemoryUsage of job (MB)
	1770368  -  ResidentSetSize of job (KB)
...
006 (73445658.000.000) 2021-09-25 09:46:15 Image size of job updated: 1729
	1729  -  MemoryUsage of job (MB)
	1770956  -  ResidentSetSize of job (KB)
...
006 (73445658.000.000) 2021-09-25 09:47:16 Image size of job updated: 1729
	1729  -  MemoryUsage of job (MB)
	1771496  -  ResidentSetSize of job (KB)
...
006 (73445658.000.000) 2021-09-25 09:48:16 Image size of job updated: 1730
	1730  -  MemoryUsage of job (MB)
	1771576  -  ResidentSetSize of job (KB)
...
006 (73445658.000.000) 2021-09-25 09:49:17 Image size of job updated: 1730
	1730  -  MemoryUsage of job (MB)
	1771784  -  ResidentSetSize of job (KB)
...
006 (73445658.000.000) 2021-09-25 09:50:18 Image size of job updated: 1730
	1730  -  MemoryUsage of job (MB)
	1772372  -  ResidentSetSize of job (KB)
...
006 (73445658.000.000) 2021-09-25 09:51:18 Image size of job updated: 1731
	1731  -  MemoryUsage of job (MB)
	1772928  -  ResidentSetSize of job (KB)
...
006 (73445658.000.000) 2021-09-25 09:52:19 Image size of job updated: 1731
	1731  -  MemoryUsage of job (MB)
	1773452  -  ResidentSetSize of job (KB)
...
006 (73445658.000.000) 2021-09-25 09:53:19 Image size of job updated: 1732
	1732  -  MemoryUsage of job (MB)
	1774040  -  ResidentSetSize of job (KB)
...
006 (73445658.000.000) 2021-09-25 09:54:19 Image size of job updated: 1732
	1732  -  MemoryUsage of job (MB)
	1774364  -  ResidentSetSize of job (KB)
...
006 (73445658.000.000) 2021-09-25 09:55:20 Image size of job updated: 1733
	1733  -  MemoryUsage of job (MB)
	1774724  -  ResidentSetSize of job (KB)
...
006 (73445658.000.000) 2021-09-25 09:56:20 Image size of job updated: 1734
	1734  -  MemoryUsage of job (MB)
	1776480  -  ResidentSetSize of job (KB)
...
006 (73445658.000.000) 2021-09-25 09:57:21 Image size of job updated: 1735
	1735  -  MemoryUsage of job (MB)
	1776824  -  ResidentSetSize of job (KB)
...
006 (73445658.000.000) 2021-09-25 09:58:22 Image size of job updated: 1735
	1735  -  MemoryUsage of job (MB)
	1777240  -  ResidentSetSize of job (KB)
...
006 (73445658.000.000) 2021-09-25 09:59:22 Image size of job updated: 1735
	1735  -  MemoryUsage of job (MB)
	1777544  -  ResidentSetSize of job (KB)
...
006 (73445658.000.000) 2021-09-25 10:00:22 Image size of job updated: 1736
	1736  -  MemoryUsage of job (MB)
	1777884  -  ResidentSetSize of job (KB)
...
006 (73445658.000.000) 2021-09-25 10:01:23 Image size of job updated: 1736
	1736  -  MemoryUsage of job (MB)
	1778140  -  ResidentSetSize of job (KB)
...
006 (73445658.000.000) 2021-09-25 10:02:23 Image size of job updated: 1737
	1737  -  MemoryUsage of job (MB)
	1778920  -  ResidentSetSize of job (KB)
...
006 (73445658.000.000) 2021-09-25 10:03:23 Image size of job updated: 1738
	1738  -  MemoryUsage of job (MB)
	1779816  -  ResidentSetSize of job (KB)
...
006 (73445658.000.000) 2021-09-25 10:04:24 Image size of job updated: 1738
	1738  -  MemoryUsage of job (MB)
	1780560  -  ResidentSetSize of job (KB)
...
006 (73445658.000.000) 2021-09-25 10:05:24 Image size of job updated: 1739
	1739  -  MemoryUsage of job (MB)
	1780944  -  ResidentSetSize of job (KB)
...
006 (73445658.000.000) 2021-09-25 10:06:24 Image size of job updated: 1739
	1739  -  MemoryUsage of job (MB)
	1781556  -  ResidentSetSize of job (KB)
...
006 (73445658.000.000) 2021-09-25 10:07:25 Image size of job updated: 1740
	1740  -  MemoryUsage of job (MB)
	1781848  -  ResidentSetSize of job (KB)
...
006 (73445658.000.000) 2021-09-25 10:09:25 Image size of job updated: 1740
	1740  -  MemoryUsage of job (MB)
	1782424  -  ResidentSetSize of job (KB)
...
006 (73445658.000.000) 2021-09-25 10:10:26 Image size of job updated: 1741
	1741  -  MemoryUsage of job (MB)
	1783208  -  ResidentSetSize of job (KB)
...
006 (73445658.000.000) 2021-09-25 10:11:27 Image size of job updated: 1741
	1741  -  MemoryUsage of job (MB)
	1783260  -  ResidentSetSize of job (KB)
...
006 (73445658.000.000) 2021-09-25 10:12:27 Image size of job updated: 1741
	1741  -  MemoryUsage of job (MB)
	1783716  -  ResidentSetSize of job (KB)
...
006 (73445658.000.000) 2021-09-25 10:12:58 Image size of job updated: 1742
	1742  -  MemoryUsage of job (MB)
	1783812  -  ResidentSetSize of job (KB)
...
040 (73445658.000.000) 2021-09-25 10:12:58 Started transferring output files
...
040 (73445658.000.000) 2021-09-25 10:12:58 Finished transferring output files
...
005 (73445658.000.000) 2021-09-25 10:13:00 Job terminated.
	(1) Normal termination (return value 0)
		Usr 0 01:19:46, Sys 0 01:10:43  -  Run Remote Usage
		Usr 0 00:00:00, Sys 0 00:00:00  -  Run Local Usage
		Usr 0 01:19:46, Sys 0 01:10:43  -  Total Remote Usage
		Usr 0 00:00:00, Sys 0 00:00:00  -  Total Local Usage
	1234289  -  Run Bytes Sent By Job
	8471570  -  Run Bytes Received By Job
	1234289  -  Total Bytes Sent By Job
	8471570  -  Total Bytes Received By Job
	Partitionable Resources :    Usage  Request Allocated 
	   Cpus                 :     0.00        1         1 
	   Disk (KB)            : 30921       10000    318893 
	   Memory (MB)          :  1742        2048      2048 

	Job terminated of its own accord at 2021-09-25T15:12:58Z.
...
