000 (34545146.000.000) 2021-09-16 05:46:12 Job submitted from host: <131.225.188.57:9618?addrs=131.225.188.57-9618&alias=lpcschedd2.fnal.gov&noUDP&sock=schedd_2251_93c6>
...
040 (34545146.000.000) 2021-09-16 13:47:27 Started transferring input files
	Transferring to host: <131.225.205.217:9618?addrs=131.225.205.217-9618&alias=cmswn1983.fnal.gov&noUDP&sock=slot1_5_1538_68f8_1112>
...
040 (34545146.000.000) 2021-09-16 13:47:28 Finished transferring input files
...
001 (34545146.000.000) 2021-09-16 13:47:29 Job executing on host: <131.225.205.217:9618?addrs=131.225.205.217-9618&alias=cmswn1983.fnal.gov&noUDP&sock=startd_1450_286a>
...
006 (34545146.000.000) 2021-09-16 13:47:38 Image size of job updated: 5
	5  -  MemoryUsage of job (MB)
	5464  -  ResidentSetSize of job (KB)
...
006 (34545146.000.000) 2021-09-16 13:48:39 Image size of job updated: 481
	481  -  MemoryUsage of job (MB)
	492952  -  ResidentSetSize of job (KB)
...
006 (34545146.000.000) 2021-09-16 13:49:39 Image size of job updated: 532
	532  -  MemoryUsage of job (MB)
	545212  -  ResidentSetSize of job (KB)
...
006 (34545146.000.000) 2021-09-16 13:52:41 Image size of job updated: 537
	537  -  MemoryUsage of job (MB)
	550740  -  ResidentSetSize of job (KB)
...
006 (34545146.000.000) 2021-09-16 13:53:41 Image size of job updated: 583
	583  -  MemoryUsage of job (MB)
	597228  -  ResidentSetSize of job (KB)
...
006 (34545146.000.000) 2021-09-16 13:54:42 Image size of job updated: 630
	630  -  MemoryUsage of job (MB)
	646008  -  ResidentSetSize of job (KB)
...
006 (34545146.000.000) 2021-09-16 13:55:42 Image size of job updated: 668
	668  -  MemoryUsage of job (MB)
	684124  -  ResidentSetSize of job (KB)
...
006 (34545146.000.000) 2021-09-16 13:56:43 Image size of job updated: 706
	706  -  MemoryUsage of job (MB)
	723040  -  ResidentSetSize of job (KB)
...
006 (34545146.000.000) 2021-09-16 13:57:43 Image size of job updated: 738
	738  -  MemoryUsage of job (MB)
	755968  -  ResidentSetSize of job (KB)
...
006 (34545146.000.000) 2021-09-16 13:58:44 Image size of job updated: 772
	772  -  MemoryUsage of job (MB)
	790608  -  ResidentSetSize of job (KB)
...
006 (34545146.000.000) 2021-09-16 13:59:44 Image size of job updated: 801
	801  -  MemoryUsage of job (MB)
	821008  -  ResidentSetSize of job (KB)
...
006 (34545146.000.000) 2021-09-16 14:00:44 Image size of job updated: 832
	832  -  MemoryUsage of job (MB)
	852340  -  ResidentSetSize of job (KB)
...
006 (34545146.000.000) 2021-09-16 14:01:45 Image size of job updated: 860
	860  -  MemoryUsage of job (MB)
	881504  -  ResidentSetSize of job (KB)
...
006 (34545146.000.000) 2021-09-16 14:02:46 Image size of job updated: 900
	900  -  MemoryUsage of job (MB)
	922544  -  ResidentSetSize of job (KB)
...
006 (34545146.000.000) 2021-09-16 14:03:46 Image size of job updated: 927
	927  -  MemoryUsage of job (MB)
	949500  -  ResidentSetSize of job (KB)
...
006 (34545146.000.000) 2021-09-16 14:04:47 Image size of job updated: 954
	954  -  MemoryUsage of job (MB)
	977448  -  ResidentSetSize of job (KB)
...
006 (34545146.000.000) 2021-09-16 14:05:48 Image size of job updated: 980
	980  -  MemoryUsage of job (MB)
	1003860  -  ResidentSetSize of job (KB)
...
006 (34545146.000.000) 2021-09-16 14:06:48 Image size of job updated: 1003
	1003  -  MemoryUsage of job (MB)
	1027560  -  ResidentSetSize of job (KB)
...
006 (34545146.000.000) 2021-09-16 14:07:48 Image size of job updated: 1031
	1031  -  MemoryUsage of job (MB)
	1056212  -  ResidentSetSize of job (KB)
...
006 (34545146.000.000) 2021-09-16 14:08:48 Image size of job updated: 1061
	1061  -  MemoryUsage of job (MB)
	1086676  -  ResidentSetSize of job (KB)
...
006 (34545146.000.000) 2021-09-16 14:09:48 Image size of job updated: 1087
	1087  -  MemoryUsage of job (MB)
	1113088  -  ResidentSetSize of job (KB)
...
006 (34545146.000.000) 2021-09-16 14:10:49 Image size of job updated: 1107
	1107  -  MemoryUsage of job (MB)
	1134052  -  ResidentSetSize of job (KB)
...
006 (34545146.000.000) 2021-09-16 14:11:49 Image size of job updated: 1129
	1129  -  MemoryUsage of job (MB)
	1157020  -  ResidentSetSize of job (KB)
...
006 (34545146.000.000) 2021-09-16 14:12:50 Image size of job updated: 1149
	1149  -  MemoryUsage of job (MB)
	1177100  -  ResidentSetSize of job (KB)
...
006 (34545146.000.000) 2021-09-16 14:13:51 Image size of job updated: 1171
	1171  -  MemoryUsage of job (MB)
	1199684  -  ResidentSetSize of job (KB)
...
006 (34545146.000.000) 2021-09-16 14:14:52 Image size of job updated: 1192
	1192  -  MemoryUsage of job (MB)
	1221004  -  ResidentSetSize of job (KB)
...
006 (34545146.000.000) 2021-09-16 14:15:53 Image size of job updated: 1210
	1210  -  MemoryUsage of job (MB)
	1239996  -  ResidentSetSize of job (KB)
...
006 (34545146.000.000) 2021-09-16 14:16:54 Image size of job updated: 1231
	1231  -  MemoryUsage of job (MB)
	1260600  -  ResidentSetSize of job (KB)
...
006 (34545146.000.000) 2021-09-16 14:17:55 Image size of job updated: 1250
	1250  -  MemoryUsage of job (MB)
	1280704  -  ResidentSetSize of job (KB)
...
006 (34545146.000.000) 2021-09-16 14:18:55 Image size of job updated: 1268
	1268  -  MemoryUsage of job (MB)
	1298644  -  ResidentSetSize of job (KB)
...
006 (34545146.000.000) 2021-09-16 14:19:55 Image size of job updated: 1287
	1287  -  MemoryUsage of job (MB)
	1318240  -  ResidentSetSize of job (KB)
...
006 (34545146.000.000) 2021-09-16 14:20:55 Image size of job updated: 1304
	1304  -  MemoryUsage of job (MB)
	1335512  -  ResidentSetSize of job (KB)
...
006 (34545146.000.000) 2021-09-16 14:21:55 Image size of job updated: 1322
	1322  -  MemoryUsage of job (MB)
	1354552  -  ResidentSetSize of job (KB)
...
006 (34545146.000.000) 2021-09-16 14:22:56 Image size of job updated: 1339
	1339  -  MemoryUsage of job (MB)
	1371288  -  ResidentSetSize of job (KB)
...
006 (34545146.000.000) 2021-09-16 14:23:56 Image size of job updated: 1357
	1357  -  MemoryUsage of job (MB)
	1389580  -  ResidentSetSize of job (KB)
...
006 (34545146.000.000) 2021-09-16 14:24:57 Image size of job updated: 1372
	1372  -  MemoryUsage of job (MB)
	1405900  -  ResidentSetSize of job (KB)
...
006 (34545146.000.000) 2021-09-16 14:25:57 Image size of job updated: 1390
	1390  -  MemoryUsage of job (MB)
	1423808  -  ResidentSetSize of job (KB)
...
006 (34545146.000.000) 2021-09-16 14:26:58 Image size of job updated: 1407
	1407  -  MemoryUsage of job (MB)
	1441396  -  ResidentSetSize of job (KB)
...
006 (34545146.000.000) 2021-09-16 14:27:59 Image size of job updated: 1422
	1422  -  MemoryUsage of job (MB)
	1457060  -  ResidentSetSize of job (KB)
...
006 (34545146.000.000) 2021-09-16 14:29:00 Image size of job updated: 1439
	1439  -  MemoryUsage of job (MB)
	1474172  -  ResidentSetSize of job (KB)
...
006 (34545146.000.000) 2021-09-16 14:30:02 Image size of job updated: 1456
	1456  -  MemoryUsage of job (MB)
	1491048  -  ResidentSetSize of job (KB)
...
006 (34545146.000.000) 2021-09-16 14:31:02 Image size of job updated: 1470
	1470  -  MemoryUsage of job (MB)
	1506120  -  ResidentSetSize of job (KB)
...
006 (34545146.000.000) 2021-09-16 14:32:02 Image size of job updated: 1486
	1486  -  MemoryUsage of job (MB)
	1522628  -  ResidentSetSize of job (KB)
...
006 (34545146.000.000) 2021-09-16 14:33:02 Image size of job updated: 1501
	1501  -  MemoryUsage of job (MB)
	1537268  -  ResidentSetSize of job (KB)
...
006 (34545146.000.000) 2021-09-16 14:34:02 Image size of job updated: 1517
	1517  -  MemoryUsage of job (MB)
	1553424  -  ResidentSetSize of job (KB)
...
006 (34545146.000.000) 2021-09-16 14:35:02 Image size of job updated: 1531
	1531  -  MemoryUsage of job (MB)
	1567792  -  ResidentSetSize of job (KB)
...
006 (34545146.000.000) 2021-09-16 14:36:02 Image size of job updated: 1616
	1616  -  MemoryUsage of job (MB)
	1655588  -  ResidentSetSize of job (KB)
...
006 (34545146.000.000) 2021-09-16 14:37:02 Image size of job updated: 1626
	1626  -  MemoryUsage of job (MB)
	1665120  -  ResidentSetSize of job (KB)
...
006 (34545146.000.000) 2021-09-16 14:38:02 Image size of job updated: 1647
	1647  -  MemoryUsage of job (MB)
	1686804  -  ResidentSetSize of job (KB)
...
006 (34545146.000.000) 2021-09-16 14:39:02 Image size of job updated: 1648
	1648  -  MemoryUsage of job (MB)
	1688560  -  ResidentSetSize of job (KB)
...
006 (34545146.000.000) 2021-09-16 14:40:02 Image size of job updated: 1655
	1655  -  MemoryUsage of job (MB)
	1695368  -  ResidentSetSize of job (KB)
...
006 (34545146.000.000) 2021-09-16 14:41:03 Image size of job updated: 1660
	1660  -  MemoryUsage of job (MB)
	1700360  -  ResidentSetSize of job (KB)
...
006 (34545146.000.000) 2021-09-16 14:42:03 Image size of job updated: 1660
	1660  -  MemoryUsage of job (MB)
	1700480  -  ResidentSetSize of job (KB)
...
006 (34545146.000.000) 2021-09-16 14:43:04 Image size of job updated: 1664
	1664  -  MemoryUsage of job (MB)
	1704664  -  ResidentSetSize of job (KB)
...
006 (34545146.000.000) 2021-09-16 14:44:05 Image size of job updated: 1664
	1664  -  MemoryUsage of job (MB)
	1704680  -  ResidentSetSize of job (KB)
...
006 (34545146.000.000) 2021-09-16 14:45:06 Image size of job updated: 1669
	1669  -  MemoryUsage of job (MB)
	1709160  -  ResidentSetSize of job (KB)
...
006 (34545146.000.000) 2021-09-16 14:46:07 Image size of job updated: 1669
	1669  -  MemoryUsage of job (MB)
	1709336  -  ResidentSetSize of job (KB)
...
006 (34545146.000.000) 2021-09-16 14:47:08 Image size of job updated: 1672
	1672  -  MemoryUsage of job (MB)
	1712204  -  ResidentSetSize of job (KB)
...
006 (34545146.000.000) 2021-09-16 14:48:09 Image size of job updated: 1672
	1672  -  MemoryUsage of job (MB)
	1712484  -  ResidentSetSize of job (KB)
...
006 (34545146.000.000) 2021-09-16 14:49:10 Image size of job updated: 1675
	1675  -  MemoryUsage of job (MB)
	1715468  -  ResidentSetSize of job (KB)
...
006 (34545146.000.000) 2021-09-16 14:50:10 Image size of job updated: 1675
	1675  -  MemoryUsage of job (MB)
	1715592  -  ResidentSetSize of job (KB)
...
006 (34545146.000.000) 2021-09-16 14:51:10 Image size of job updated: 1677
	1677  -  MemoryUsage of job (MB)
	1717352  -  ResidentSetSize of job (KB)
...
006 (34545146.000.000) 2021-09-16 14:52:10 Image size of job updated: 1677
	1677  -  MemoryUsage of job (MB)
	1717556  -  ResidentSetSize of job (KB)
...
006 (34545146.000.000) 2021-09-16 14:53:11 Image size of job updated: 1679
	1679  -  MemoryUsage of job (MB)
	1719844  -  ResidentSetSize of job (KB)
...
006 (34545146.000.000) 2021-09-16 14:54:11 Image size of job updated: 1679
	1679  -  MemoryUsage of job (MB)
	1719908  -  ResidentSetSize of job (KB)
...
006 (34545146.000.000) 2021-09-16 14:55:12 Image size of job updated: 1681
	1681  -  MemoryUsage of job (MB)
	1722024  -  ResidentSetSize of job (KB)
...
006 (34545146.000.000) 2021-09-16 14:56:13 Image size of job updated: 1681
	1681  -  MemoryUsage of job (MB)
	1722032  -  ResidentSetSize of job (KB)
...
006 (34545146.000.000) 2021-09-16 14:57:14 Image size of job updated: 1683
	1683  -  MemoryUsage of job (MB)
	1724192  -  ResidentSetSize of job (KB)
...
006 (34545146.000.000) 2021-09-16 14:58:15 Image size of job updated: 1683
	1683  -  MemoryUsage of job (MB)
	1724208  -  ResidentSetSize of job (KB)
...
006 (34545146.000.000) 2021-09-16 14:59:16 Image size of job updated: 1685
	1685  -  MemoryUsage of job (MB)
	1726192  -  ResidentSetSize of job (KB)
...
006 (34545146.000.000) 2021-09-16 15:00:17 Image size of job updated: 1685
	1685  -  MemoryUsage of job (MB)
	1726228  -  ResidentSetSize of job (KB)
...
006 (34545146.000.000) 2021-09-16 15:01:17 Image size of job updated: 1686
	1686  -  MemoryUsage of job (MB)
	1727108  -  ResidentSetSize of job (KB)
...
006 (34545146.000.000) 2021-09-16 15:02:17 Image size of job updated: 1687
	1687  -  MemoryUsage of job (MB)
	1728456  -  ResidentSetSize of job (KB)
...
006 (34545146.000.000) 2021-09-16 15:03:19 Image size of job updated: 1687
	1687  -  MemoryUsage of job (MB)
	1728464  -  ResidentSetSize of job (KB)
...
006 (34545146.000.000) 2021-09-16 15:04:19 Image size of job updated: 1690
	1690  -  MemoryUsage of job (MB)
	1731320  -  ResidentSetSize of job (KB)
...
006 (34545146.000.000) 2021-09-16 15:05:19 Image size of job updated: 1691
	1691  -  MemoryUsage of job (MB)
	1732452  -  ResidentSetSize of job (KB)
...
006 (34545146.000.000) 2021-09-16 15:06:20 Image size of job updated: 1691
	1691  -  MemoryUsage of job (MB)
	1732488  -  ResidentSetSize of job (KB)
...
006 (34545146.000.000) 2021-09-16 15:07:21 Image size of job updated: 1692
	1692  -  MemoryUsage of job (MB)
	1732980  -  ResidentSetSize of job (KB)
...
006 (34545146.000.000) 2021-09-16 15:08:21 Image size of job updated: 1692
	1692  -  MemoryUsage of job (MB)
	1733544  -  ResidentSetSize of job (KB)
...
006 (34545146.000.000) 2021-09-16 15:09:21 Image size of job updated: 1692
	1692  -  MemoryUsage of job (MB)
	1733552  -  ResidentSetSize of job (KB)
...
006 (34545146.000.000) 2021-09-16 15:10:21 Image size of job updated: 1693
	1693  -  MemoryUsage of job (MB)
	1733992  -  ResidentSetSize of job (KB)
...
006 (34545146.000.000) 2021-09-16 15:11:22 Image size of job updated: 1693
	1693  -  MemoryUsage of job (MB)
	1734452  -  ResidentSetSize of job (KB)
...
006 (34545146.000.000) 2021-09-16 15:12:23 Image size of job updated: 1693
	1693  -  MemoryUsage of job (MB)
	1734464  -  ResidentSetSize of job (KB)
...
006 (34545146.000.000) 2021-09-16 15:13:24 Image size of job updated: 1694
	1694  -  MemoryUsage of job (MB)
	1734984  -  ResidentSetSize of job (KB)
...
006 (34545146.000.000) 2021-09-16 15:14:25 Image size of job updated: 1694
	1694  -  MemoryUsage of job (MB)
	1735460  -  ResidentSetSize of job (KB)
...
006 (34545146.000.000) 2021-09-16 15:15:26 Image size of job updated: 1695
	1695  -  MemoryUsage of job (MB)
	1735880  -  ResidentSetSize of job (KB)
...
006 (34545146.000.000) 2021-09-16 15:16:27 Image size of job updated: 1695
	1695  -  MemoryUsage of job (MB)
	1735900  -  ResidentSetSize of job (KB)
...
006 (34545146.000.000) 2021-09-16 15:17:28 Image size of job updated: 1695
	1695  -  MemoryUsage of job (MB)
	1736428  -  ResidentSetSize of job (KB)
...
006 (34545146.000.000) 2021-09-16 15:18:28 Image size of job updated: 1698
	1698  -  MemoryUsage of job (MB)
	1739044  -  ResidentSetSize of job (KB)
...
006 (34545146.000.000) 2021-09-16 15:19:29 Image size of job updated: 1698
	1698  -  MemoryUsage of job (MB)
	1739288  -  ResidentSetSize of job (KB)
...
006 (34545146.000.000) 2021-09-16 15:20:29 Image size of job updated: 1700
	1700  -  MemoryUsage of job (MB)
	1740940  -  ResidentSetSize of job (KB)
...
006 (34545146.000.000) 2021-09-16 15:21:29 Image size of job updated: 1700
	1700  -  MemoryUsage of job (MB)
	1741756  -  ResidentSetSize of job (KB)
...
006 (34545146.000.000) 2021-09-16 15:22:29 Image size of job updated: 1701
	1701  -  MemoryUsage of job (MB)
	1741896  -  ResidentSetSize of job (KB)
...
006 (34545146.000.000) 2021-09-16 15:23:30 Image size of job updated: 1702
	1702  -  MemoryUsage of job (MB)
	1743384  -  ResidentSetSize of job (KB)
...
006 (34545146.000.000) 2021-09-16 15:24:30 Image size of job updated: 1703
	1703  -  MemoryUsage of job (MB)
	1744556  -  ResidentSetSize of job (KB)
...
006 (34545146.000.000) 2021-09-16 15:25:31 Image size of job updated: 1704
	1704  -  MemoryUsage of job (MB)
	1745732  -  ResidentSetSize of job (KB)
...
006 (34545146.000.000) 2021-09-16 15:27:33 Image size of job updated: 1706
	1706  -  MemoryUsage of job (MB)
	1747344  -  ResidentSetSize of job (KB)
...
006 (34545146.000.000) 2021-09-16 15:28:34 Image size of job updated: 1707
	1707  -  MemoryUsage of job (MB)
	1748720  -  ResidentSetSize of job (KB)
...
006 (34545146.000.000) 2021-09-16 15:29:35 Image size of job updated: 1707
	1707  -  MemoryUsage of job (MB)
	1748872  -  ResidentSetSize of job (KB)
...
006 (34545146.000.000) 2021-09-16 15:30:36 Image size of job updated: 1708
	1708  -  MemoryUsage of job (MB)
	1749720  -  ResidentSetSize of job (KB)
...
006 (34545146.000.000) 2021-09-16 15:31:36 Image size of job updated: 1709
	1709  -  MemoryUsage of job (MB)
	1750212  -  ResidentSetSize of job (KB)
...
006 (34545146.000.000) 2021-09-16 15:32:36 Image size of job updated: 1709
	1709  -  MemoryUsage of job (MB)
	1750772  -  ResidentSetSize of job (KB)
...
006 (34545146.000.000) 2021-09-16 15:33:37 Image size of job updated: 1710
	1710  -  MemoryUsage of job (MB)
	1751692  -  ResidentSetSize of job (KB)
...
006 (34545146.000.000) 2021-09-16 15:34:38 Image size of job updated: 1711
	1711  -  MemoryUsage of job (MB)
	1752552  -  ResidentSetSize of job (KB)
...
006 (34545146.000.000) 2021-09-16 15:35:39 Image size of job updated: 1712
	1712  -  MemoryUsage of job (MB)
	1753692  -  ResidentSetSize of job (KB)
...
006 (34545146.000.000) 2021-09-16 15:37:41 Image size of job updated: 1713
	1713  -  MemoryUsage of job (MB)
	1754144  -  ResidentSetSize of job (KB)
...
006 (34545146.000.000) 2021-09-16 15:38:42 Image size of job updated: 1713
	1713  -  MemoryUsage of job (MB)
	1754892  -  ResidentSetSize of job (KB)
...
006 (34545146.000.000) 2021-09-16 15:39:42 Image size of job updated: 1713
	1713  -  MemoryUsage of job (MB)
	1755052  -  ResidentSetSize of job (KB)
...
006 (34545146.000.000) 2021-09-16 15:40:42 Image size of job updated: 1714
	1714  -  MemoryUsage of job (MB)
	1755656  -  ResidentSetSize of job (KB)
...
006 (34545146.000.000) 2021-09-16 15:41:42 Image size of job updated: 1715
	1715  -  MemoryUsage of job (MB)
	1756248  -  ResidentSetSize of job (KB)
...
006 (34545146.000.000) 2021-09-16 15:42:43 Image size of job updated: 1715
	1715  -  MemoryUsage of job (MB)
	1756484  -  ResidentSetSize of job (KB)
...
006 (34545146.000.000) 2021-09-16 15:43:44 Image size of job updated: 1715
	1715  -  MemoryUsage of job (MB)
	1756632  -  ResidentSetSize of job (KB)
...
006 (34545146.000.000) 2021-09-16 15:44:45 Image size of job updated: 1715
	1715  -  MemoryUsage of job (MB)
	1756932  -  ResidentSetSize of job (KB)
...
006 (34545146.000.000) 2021-09-16 15:45:45 Image size of job updated: 1715
	1715  -  MemoryUsage of job (MB)
	1757092  -  ResidentSetSize of job (KB)
...
006 (34545146.000.000) 2021-09-16 15:46:45 Image size of job updated: 1715
	1715  -  MemoryUsage of job (MB)
	1757100  -  ResidentSetSize of job (KB)
...
006 (34545146.000.000) 2021-09-16 15:47:45 Image size of job updated: 1717
	1717  -  MemoryUsage of job (MB)
	1758472  -  ResidentSetSize of job (KB)
...
006 (34545146.000.000) 2021-09-16 15:48:45 Image size of job updated: 1718
	1718  -  MemoryUsage of job (MB)
	1759492  -  ResidentSetSize of job (KB)
...
006 (34545146.000.000) 2021-09-16 15:49:46 Image size of job updated: 1718
	1718  -  MemoryUsage of job (MB)
	1759688  -  ResidentSetSize of job (KB)
...
006 (34545146.000.000) 2021-09-16 15:50:47 Image size of job updated: 1719
	1719  -  MemoryUsage of job (MB)
	1760264  -  ResidentSetSize of job (KB)
...
006 (34545146.000.000) 2021-09-16 15:51:48 Image size of job updated: 1719
	1719  -  MemoryUsage of job (MB)
	1760560  -  ResidentSetSize of job (KB)
...
006 (34545146.000.000) 2021-09-16 15:52:48 Image size of job updated: 1719
	1719  -  MemoryUsage of job (MB)
	1761108  -  ResidentSetSize of job (KB)
...
006 (34545146.000.000) 2021-09-16 15:54:49 Image size of job updated: 1720
	1720  -  MemoryUsage of job (MB)
	1761656  -  ResidentSetSize of job (KB)
...
006 (34545146.000.000) 2021-09-16 15:55:50 Image size of job updated: 1721
	1721  -  MemoryUsage of job (MB)
	1762448  -  ResidentSetSize of job (KB)
...
006 (34545146.000.000) 2021-09-16 15:56:51 Image size of job updated: 1721
	1721  -  MemoryUsage of job (MB)
	1762452  -  ResidentSetSize of job (KB)
...
006 (34545146.000.000) 2021-09-16 15:57:52 Image size of job updated: 1721
	1721  -  MemoryUsage of job (MB)
	1763200  -  ResidentSetSize of job (KB)
...
006 (34545146.000.000) 2021-09-16 15:58:53 Image size of job updated: 1722
	1722  -  MemoryUsage of job (MB)
	1763600  -  ResidentSetSize of job (KB)
...
006 (34545146.000.000) 2021-09-16 15:59:54 Image size of job updated: 1722
	1722  -  MemoryUsage of job (MB)
	1763604  -  ResidentSetSize of job (KB)
...
006 (34545146.000.000) 2021-09-16 16:00:54 Image size of job updated: 1722
	1722  -  MemoryUsage of job (MB)
	1764076  -  ResidentSetSize of job (KB)
...
006 (34545146.000.000) 2021-09-16 16:01:54 Image size of job updated: 1723
	1723  -  MemoryUsage of job (MB)
	1764604  -  ResidentSetSize of job (KB)
...
006 (34545146.000.000) 2021-09-16 16:02:54 Image size of job updated: 1723
	1723  -  MemoryUsage of job (MB)
	1764672  -  ResidentSetSize of job (KB)
...
006 (34545146.000.000) 2021-09-16 16:03:55 Image size of job updated: 1723
	1723  -  MemoryUsage of job (MB)
	1765252  -  ResidentSetSize of job (KB)
...
006 (34545146.000.000) 2021-09-16 16:04:56 Image size of job updated: 1724
	1724  -  MemoryUsage of job (MB)
	1765984  -  ResidentSetSize of job (KB)
...
006 (34545146.000.000) 2021-09-16 16:05:57 Image size of job updated: 1724
	1724  -  MemoryUsage of job (MB)
	1766344  -  ResidentSetSize of job (KB)
...
006 (34545146.000.000) 2021-09-16 16:06:58 Image size of job updated: 1725
	1725  -  MemoryUsage of job (MB)
	1766524  -  ResidentSetSize of job (KB)
...
006 (34545146.000.000) 2021-09-16 16:07:59 Image size of job updated: 1725
	1725  -  MemoryUsage of job (MB)
	1766884  -  ResidentSetSize of job (KB)
...
006 (34545146.000.000) 2021-09-16 16:08:59 Image size of job updated: 1725
	1725  -  MemoryUsage of job (MB)
	1767344  -  ResidentSetSize of job (KB)
...
006 (34545146.000.000) 2021-09-16 16:09:59 Image size of job updated: 1726
	1726  -  MemoryUsage of job (MB)
	1767512  -  ResidentSetSize of job (KB)
...
006 (34545146.000.000) 2021-09-16 16:11:00 Image size of job updated: 1726
	1726  -  MemoryUsage of job (MB)
	1767528  -  ResidentSetSize of job (KB)
...
006 (34545146.000.000) 2021-09-16 16:12:01 Image size of job updated: 1726
	1726  -  MemoryUsage of job (MB)
	1767784  -  ResidentSetSize of job (KB)
...
006 (34545146.000.000) 2021-09-16 16:13:02 Image size of job updated: 1726
	1726  -  MemoryUsage of job (MB)
	1768020  -  ResidentSetSize of job (KB)
...
006 (34545146.000.000) 2021-09-16 16:14:03 Image size of job updated: 1726
	1726  -  MemoryUsage of job (MB)
	1768200  -  ResidentSetSize of job (KB)
...
006 (34545146.000.000) 2021-09-16 16:16:04 Image size of job updated: 1727
	1727  -  MemoryUsage of job (MB)
	1769340  -  ResidentSetSize of job (KB)
...
006 (34545146.000.000) 2021-09-16 16:17:04 Image size of job updated: 1728
	1728  -  MemoryUsage of job (MB)
	1770380  -  ResidentSetSize of job (KB)
...
006 (34545146.000.000) 2021-09-16 16:18:05 Image size of job updated: 1729
	1729  -  MemoryUsage of job (MB)
	1770532  -  ResidentSetSize of job (KB)
...
006 (34545146.000.000) 2021-09-16 16:19:06 Image size of job updated: 1729
	1729  -  MemoryUsage of job (MB)
	1771072  -  ResidentSetSize of job (KB)
...
006 (34545146.000.000) 2021-09-16 16:20:07 Image size of job updated: 1730
	1730  -  MemoryUsage of job (MB)
	1771532  -  ResidentSetSize of job (KB)
...
006 (34545146.000.000) 2021-09-16 16:21:07 Image size of job updated: 1730
	1730  -  MemoryUsage of job (MB)
	1772012  -  ResidentSetSize of job (KB)
...
006 (34545146.000.000) 2021-09-16 16:22:07 Image size of job updated: 1730
	1730  -  MemoryUsage of job (MB)
	1772068  -  ResidentSetSize of job (KB)
...
006 (34545146.000.000) 2021-09-16 16:23:07 Image size of job updated: 1731
	1731  -  MemoryUsage of job (MB)
	1772684  -  ResidentSetSize of job (KB)
...
006 (34545146.000.000) 2021-09-16 16:24:08 Image size of job updated: 1732
	1732  -  MemoryUsage of job (MB)
	1773744  -  ResidentSetSize of job (KB)
...
006 (34545146.000.000) 2021-09-16 16:25:09 Image size of job updated: 1732
	1732  -  MemoryUsage of job (MB)
	1773756  -  ResidentSetSize of job (KB)
...
006 (34545146.000.000) 2021-09-16 16:26:09 Image size of job updated: 1733
	1733  -  MemoryUsage of job (MB)
	1774748  -  ResidentSetSize of job (KB)
...
006 (34545146.000.000) 2021-09-16 16:27:09 Image size of job updated: 1733
	1733  -  MemoryUsage of job (MB)
	1775044  -  ResidentSetSize of job (KB)
...
006 (34545146.000.000) 2021-09-16 16:29:11 Image size of job updated: 1734
	1734  -  MemoryUsage of job (MB)
	1775728  -  ResidentSetSize of job (KB)
...
006 (34545146.000.000) 2021-09-16 16:30:12 Image size of job updated: 1734
	1734  -  MemoryUsage of job (MB)
	1776076  -  ResidentSetSize of job (KB)
...
006 (34545146.000.000) 2021-09-16 16:31:12 Image size of job updated: 1734
	1734  -  MemoryUsage of job (MB)
	1776292  -  ResidentSetSize of job (KB)
...
006 (34545146.000.000) 2021-09-16 16:33:14 Image size of job updated: 1734
	1734  -  MemoryUsage of job (MB)
	1776544  -  ResidentSetSize of job (KB)
...
006 (34545146.000.000) 2021-09-16 16:34:15 Image size of job updated: 1734
	1734  -  MemoryUsage of job (MB)
	1776604  -  ResidentSetSize of job (KB)
...
006 (34545146.000.000) 2021-09-16 16:35:15 Image size of job updated: 1735
	1735  -  MemoryUsage of job (MB)
	1776652  -  ResidentSetSize of job (KB)
...
006 (34545146.000.000) 2021-09-16 16:37:16 Image size of job updated: 1735
	1735  -  MemoryUsage of job (MB)
	1777424  -  ResidentSetSize of job (KB)
...
006 (34545146.000.000) 2021-09-16 16:38:16 Image size of job updated: 1736
	1736  -  MemoryUsage of job (MB)
	1778416  -  ResidentSetSize of job (KB)
...
006 (34545146.000.000) 2021-09-16 16:39:16 Image size of job updated: 1736
	1736  -  MemoryUsage of job (MB)
	1778420  -  ResidentSetSize of job (KB)
...
006 (34545146.000.000) 2021-09-16 16:40:17 Image size of job updated: 1737
	1737  -  MemoryUsage of job (MB)
	1779292  -  ResidentSetSize of job (KB)
...
006 (34545146.000.000) 2021-09-16 16:41:18 Image size of job updated: 1737
	1737  -  MemoryUsage of job (MB)
	1779596  -  ResidentSetSize of job (KB)
...
006 (34545146.000.000) 2021-09-16 16:42:18 Image size of job updated: 1737
	1737  -  MemoryUsage of job (MB)
	1779600  -  ResidentSetSize of job (KB)
...
006 (34545146.000.000) 2021-09-16 16:43:19 Image size of job updated: 1738
	1738  -  MemoryUsage of job (MB)
	1780048  -  ResidentSetSize of job (KB)
...
006 (34545146.000.000) 2021-09-16 16:44:20 Image size of job updated: 1738
	1738  -  MemoryUsage of job (MB)
	1780720  -  ResidentSetSize of job (KB)
...
006 (34545146.000.000) 2021-09-16 16:45:21 Image size of job updated: 1739
	1739  -  MemoryUsage of job (MB)
	1781420  -  ResidentSetSize of job (KB)
...
006 (34545146.000.000) 2021-09-16 16:46:21 Image size of job updated: 1739
	1739  -  MemoryUsage of job (MB)
	1781440  -  ResidentSetSize of job (KB)
...
006 (34545146.000.000) 2021-09-16 16:47:22 Image size of job updated: 1740
	1740  -  MemoryUsage of job (MB)
	1782160  -  ResidentSetSize of job (KB)
...
006 (34545146.000.000) 2021-09-16 16:48:23 Image size of job updated: 1740
	1740  -  MemoryUsage of job (MB)
	1782480  -  ResidentSetSize of job (KB)
...
006 (34545146.000.000) 2021-09-16 16:49:23 Image size of job updated: 1740
	1740  -  MemoryUsage of job (MB)
	1782516  -  ResidentSetSize of job (KB)
...
006 (34545146.000.000) 2021-09-16 16:50:23 Image size of job updated: 1741
	1741  -  MemoryUsage of job (MB)
	1783184  -  ResidentSetSize of job (KB)
...
006 (34545146.000.000) 2021-09-16 16:51:24 Image size of job updated: 1741
	1741  -  MemoryUsage of job (MB)
	1783368  -  ResidentSetSize of job (KB)
...
006 (34545146.000.000) 2021-09-16 16:52:25 Image size of job updated: 1741
	1741  -  MemoryUsage of job (MB)
	1783672  -  ResidentSetSize of job (KB)
...
006 (34545146.000.000) 2021-09-16 16:53:25 Image size of job updated: 1742
	1742  -  MemoryUsage of job (MB)
	1783872  -  ResidentSetSize of job (KB)
...
006 (34545146.000.000) 2021-09-16 16:54:26 Image size of job updated: 1742
	1742  -  MemoryUsage of job (MB)
	1784324  -  ResidentSetSize of job (KB)
...
006 (34545146.000.000) 2021-09-16 16:55:27 Image size of job updated: 1742
	1742  -  MemoryUsage of job (MB)
	1784548  -  ResidentSetSize of job (KB)
...
006 (34545146.000.000) 2021-09-16 16:56:28 Image size of job updated: 1742
	1742  -  MemoryUsage of job (MB)
	1784556  -  ResidentSetSize of job (KB)
...
006 (34545146.000.000) 2021-09-16 16:57:28 Image size of job updated: 1743
	1743  -  MemoryUsage of job (MB)
	1785140  -  ResidentSetSize of job (KB)
...
006 (34545146.000.000) 2021-09-16 16:58:28 Image size of job updated: 1743
	1743  -  MemoryUsage of job (MB)
	1785616  -  ResidentSetSize of job (KB)
...
006 (34545146.000.000) 2021-09-16 16:59:29 Image size of job updated: 1744
	1744  -  MemoryUsage of job (MB)
	1785936  -  ResidentSetSize of job (KB)
...
006 (34545146.000.000) 2021-09-16 17:00:30 Image size of job updated: 1744
	1744  -  MemoryUsage of job (MB)
	1786264  -  ResidentSetSize of job (KB)
...
006 (34545146.000.000) 2021-09-16 17:01:31 Image size of job updated: 1744
	1744  -  MemoryUsage of job (MB)
	1786792  -  ResidentSetSize of job (KB)
...
006 (34545146.000.000) 2021-09-16 17:02:31 Image size of job updated: 1745
	1745  -  MemoryUsage of job (MB)
	1786968  -  ResidentSetSize of job (KB)
...
006 (34545146.000.000) 2021-09-16 17:03:32 Image size of job updated: 1745
	1745  -  MemoryUsage of job (MB)
	1787060  -  ResidentSetSize of job (KB)
...
006 (34545146.000.000) 2021-09-16 17:04:33 Image size of job updated: 1745
	1745  -  MemoryUsage of job (MB)
	1787384  -  ResidentSetSize of job (KB)
...
006 (34545146.000.000) 2021-09-16 17:05:34 Image size of job updated: 1746
	1746  -  MemoryUsage of job (MB)
	1787916  -  ResidentSetSize of job (KB)
...
040 (34545146.000.000) 2021-09-16 17:05:35 Started transferring output files
...
040 (34545146.000.000) 2021-09-16 17:05:35 Finished transferring output files
...
005 (34545146.000.000) 2021-09-16 17:05:36 Job terminated.
	(1) Normal termination (return value 0)
		Usr 0 00:00:00, Sys 0 00:00:00  -  Run Remote Usage
		Usr 0 00:00:00, Sys 0 00:00:00  -  Run Local Usage
		Usr 0 01:39:17, Sys 0 01:31:33  -  Total Remote Usage
		Usr 0 00:00:00, Sys 0 00:00:00  -  Total Local Usage
	1233670  -  Run Bytes Sent By Job
	8471534  -  Run Bytes Received By Job
	1233670  -  Total Bytes Sent By Job
	8471534  -  Total Bytes Received By Job
	Partitionable Resources :    Usage  Request Allocated 
	   Cpus                 :     0.00        1         1 
	   Disk (KB)            : 30677       10000   1698627 
	   Memory (MB)          :  1746        2048      2048 

	Job terminated of its own accord at 2021-09-16T22:05:35Z.
...
000 (14733411.000.000) 2021-09-24 22:31:32 Job submitted from host: <131.225.188.55:9618?addrs=131.225.188.55-9618&alias=lpcschedd1.fnal.gov&noUDP&sock=schedd_2070_6d22>
...
040 (14733411.000.000) 2021-09-25 02:48:52 Started transferring input files
	Transferring to host: <131.225.204.55:9618?addrs=131.225.204.55-9618&alias=cmswn1659.fnal.gov&noUDP&sock=slot1_8_1245_f70c_7069>
...
040 (14733411.000.000) 2021-09-25 02:48:52 Finished transferring input files
...
001 (14733411.000.000) 2021-09-25 02:48:53 Job executing on host: <131.225.204.55:9618?addrs=131.225.204.55-9618&alias=cmswn1659.fnal.gov&noUDP&sock=startd_1148_02d0>
...
006 (14733411.000.000) 2021-09-25 02:49:02 Image size of job updated: 41
	41  -  MemoryUsage of job (MB)
	42244  -  ResidentSetSize of job (KB)
...
006 (14733411.000.000) 2021-09-25 02:50:02 Image size of job updated: 526
	526  -  MemoryUsage of job (MB)
	539256  -  ResidentSetSize of job (KB)
...
006 (14733411.000.000) 2021-09-25 02:53:04 Image size of job updated: 527
	527  -  MemoryUsage of job (MB)
	539692  -  ResidentSetSize of job (KB)
...
006 (14733411.000.000) 2021-09-25 02:54:04 Image size of job updated: 580
	580  -  MemoryUsage of job (MB)
	594780  -  ResidentSetSize of job (KB)
...
006 (14733411.000.000) 2021-09-25 02:55:04 Image size of job updated: 629
	629  -  MemoryUsage of job (MB)
	644564  -  ResidentSetSize of job (KB)
...
006 (14733411.000.000) 2021-09-25 02:56:05 Image size of job updated: 670
	670  -  MemoryUsage of job (MB)
	686820  -  ResidentSetSize of job (KB)
...
006 (14733411.000.000) 2021-09-25 02:57:05 Image size of job updated: 708
	708  -  MemoryUsage of job (MB)
	725684  -  ResidentSetSize of job (KB)
...
006 (14733411.000.000) 2021-09-25 02:58:06 Image size of job updated: 744
	744  -  MemoryUsage of job (MB)
	761952  -  ResidentSetSize of job (KB)
...
006 (14733411.000.000) 2021-09-25 02:59:06 Image size of job updated: 777
	777  -  MemoryUsage of job (MB)
	795968  -  ResidentSetSize of job (KB)
...
006 (14733411.000.000) 2021-09-25 03:00:07 Image size of job updated: 809
	809  -  MemoryUsage of job (MB)
	829216  -  ResidentSetSize of job (KB)
...
006 (14733411.000.000) 2021-09-25 03:01:08 Image size of job updated: 842
	842  -  MemoryUsage of job (MB)
	862396  -  ResidentSetSize of job (KB)
...
006 (14733411.000.000) 2021-09-25 03:02:09 Image size of job updated: 868
	868  -  MemoryUsage of job (MB)
	889632  -  ResidentSetSize of job (KB)
...
006 (14733411.000.000) 2021-09-25 03:03:09 Image size of job updated: 908
	908  -  MemoryUsage of job (MB)
	930508  -  ResidentSetSize of job (KB)
...
006 (14733411.000.000) 2021-09-25 03:04:10 Image size of job updated: 937
	937  -  MemoryUsage of job (MB)
	960316  -  ResidentSetSize of job (KB)
...
006 (14733411.000.000) 2021-09-25 03:05:11 Image size of job updated: 964
	964  -  MemoryUsage of job (MB)
	987952  -  ResidentSetSize of job (KB)
...
006 (14733411.000.000) 2021-09-25 03:06:12 Image size of job updated: 990
	990  -  MemoryUsage of job (MB)
	1014272  -  ResidentSetSize of job (KB)
...
006 (14733411.000.000) 2021-09-25 03:07:12 Image size of job updated: 1015
	1015  -  MemoryUsage of job (MB)
	1040252  -  ResidentSetSize of job (KB)
...
006 (14733411.000.000) 2021-09-25 03:08:12 Image size of job updated: 1044
	1044  -  MemoryUsage of job (MB)
	1069632  -  ResidentSetSize of job (KB)
...
006 (14733411.000.000) 2021-09-25 03:09:13 Image size of job updated: 1077
	1077  -  MemoryUsage of job (MB)
	1103548  -  ResidentSetSize of job (KB)
...
006 (14733411.000.000) 2021-09-25 03:10:14 Image size of job updated: 1100
	1100  -  MemoryUsage of job (MB)
	1126920  -  ResidentSetSize of job (KB)
...
006 (14733411.000.000) 2021-09-25 03:11:14 Image size of job updated: 1122
	1122  -  MemoryUsage of job (MB)
	1149936  -  ResidentSetSize of job (KB)
...
006 (14733411.000.000) 2021-09-25 03:12:14 Image size of job updated: 1145
	1145  -  MemoryUsage of job (MB)
	1172544  -  ResidentSetSize of job (KB)
...
006 (14733411.000.000) 2021-09-25 03:13:14 Image size of job updated: 1167
	1167  -  MemoryUsage of job (MB)
	1195280  -  ResidentSetSize of job (KB)
...
006 (14733411.000.000) 2021-09-25 03:14:15 Image size of job updated: 1188
	1188  -  MemoryUsage of job (MB)
	1216692  -  ResidentSetSize of job (KB)
...
006 (14733411.000.000) 2021-09-25 03:15:16 Image size of job updated: 1208
	1208  -  MemoryUsage of job (MB)
	1237692  -  ResidentSetSize of job (KB)
...
006 (14733411.000.000) 2021-09-25 03:16:16 Image size of job updated: 1228
	1228  -  MemoryUsage of job (MB)
	1258196  -  ResidentSetSize of job (KB)
...
006 (14733411.000.000) 2021-09-25 03:17:16 Image size of job updated: 1248
	1248  -  MemoryUsage of job (MB)
	1278404  -  ResidentSetSize of job (KB)
...
006 (14733411.000.000) 2021-09-25 03:18:17 Image size of job updated: 1267
	1267  -  MemoryUsage of job (MB)
	1298348  -  ResidentSetSize of job (KB)
...
006 (14733411.000.000) 2021-09-25 03:19:18 Image size of job updated: 1286
	1286  -  MemoryUsage of job (MB)
	1317884  -  ResidentSetSize of job (KB)
...
006 (14733411.000.000) 2021-09-25 03:20:18 Image size of job updated: 1304
	1304  -  MemoryUsage of job (MB)
	1335320  -  ResidentSetSize of job (KB)
...
006 (14733411.000.000) 2021-09-25 03:21:18 Image size of job updated: 1322
	1322  -  MemoryUsage of job (MB)
	1354336  -  ResidentSetSize of job (KB)
...
006 (14733411.000.000) 2021-09-25 03:22:19 Image size of job updated: 1340
	1340  -  MemoryUsage of job (MB)
	1373020  -  ResidentSetSize of job (KB)
...
006 (14733411.000.000) 2021-09-25 03:23:20 Image size of job updated: 1358
	1358  -  MemoryUsage of job (MB)
	1391424  -  ResidentSetSize of job (KB)
...
006 (14733411.000.000) 2021-09-25 03:24:20 Image size of job updated: 1376
	1376  -  MemoryUsage of job (MB)
	1409468  -  ResidentSetSize of job (KB)
...
006 (14733411.000.000) 2021-09-25 03:25:20 Image size of job updated: 1393
	1393  -  MemoryUsage of job (MB)
	1427320  -  ResidentSetSize of job (KB)
...
006 (14733411.000.000) 2021-09-25 03:26:21 Image size of job updated: 1411
	1411  -  MemoryUsage of job (MB)
	1444912  -  ResidentSetSize of job (KB)
...
006 (14733411.000.000) 2021-09-25 03:27:22 Image size of job updated: 1428
	1428  -  MemoryUsage of job (MB)
	1462548  -  ResidentSetSize of job (KB)
...
006 (14733411.000.000) 2021-09-25 03:28:22 Image size of job updated: 1444
	1444  -  MemoryUsage of job (MB)
	1479656  -  ResidentSetSize of job (KB)
...
006 (14733411.000.000) 2021-09-25 03:29:23 Image size of job updated: 1461
	1461  -  MemoryUsage of job (MB)
	1496236  -  ResidentSetSize of job (KB)
...
006 (14733411.000.000) 2021-09-25 03:30:24 Image size of job updated: 1477
	1477  -  MemoryUsage of job (MB)
	1512776  -  ResidentSetSize of job (KB)
...
006 (14733411.000.000) 2021-09-25 03:31:24 Image size of job updated: 1493
	1493  -  MemoryUsage of job (MB)
	1529144  -  ResidentSetSize of job (KB)
...
006 (14733411.000.000) 2021-09-25 03:32:24 Image size of job updated: 1509
	1509  -  MemoryUsage of job (MB)
	1545404  -  ResidentSetSize of job (KB)
...
006 (14733411.000.000) 2021-09-25 03:33:25 Image size of job updated: 1524
	1524  -  MemoryUsage of job (MB)
	1561372  -  ResidentSetSize of job (KB)
...
006 (14733411.000.000) 2021-09-25 03:34:26 Image size of job updated: 1544
	1544  -  MemoryUsage of job (MB)
	1581260  -  ResidentSetSize of job (KB)
...
006 (14733411.000.000) 2021-09-25 03:35:26 Image size of job updated: 1625
	1625  -  MemoryUsage of job (MB)
	1665008  -  ResidentSetSize of job (KB)
...
006 (14733411.000.000) 2021-09-25 03:36:26 Image size of job updated: 1645
	1645  -  MemoryUsage of job (MB)
	1684684  -  ResidentSetSize of job (KB)
...
006 (14733411.000.000) 2021-09-25 03:37:27 Image size of job updated: 1647
	1647  -  MemoryUsage of job (MB)
	1687256  -  ResidentSetSize of job (KB)
...
006 (14733411.000.000) 2021-09-25 03:38:28 Image size of job updated: 1655
	1655  -  MemoryUsage of job (MB)
	1695424  -  ResidentSetSize of job (KB)
...
006 (14733411.000.000) 2021-09-25 03:39:28 Image size of job updated: 1661
	1661  -  MemoryUsage of job (MB)
	1700900  -  ResidentSetSize of job (KB)
...
006 (14733411.000.000) 2021-09-25 03:40:28 Image size of job updated: 1661
	1661  -  MemoryUsage of job (MB)
	1701084  -  ResidentSetSize of job (KB)
...
006 (14733411.000.000) 2021-09-25 03:41:29 Image size of job updated: 1665
	1665  -  MemoryUsage of job (MB)
	1705920  -  ResidentSetSize of job (KB)
...
006 (14733411.000.000) 2021-09-25 03:42:30 Image size of job updated: 1669
	1669  -  MemoryUsage of job (MB)
	1709524  -  ResidentSetSize of job (KB)
...
006 (14733411.000.000) 2021-09-25 03:43:30 Image size of job updated: 1669
	1669  -  MemoryUsage of job (MB)
	1709844  -  ResidentSetSize of job (KB)
...
006 (14733411.000.000) 2021-09-25 03:44:30 Image size of job updated: 1672
	1672  -  MemoryUsage of job (MB)
	1712932  -  ResidentSetSize of job (KB)
...
006 (14733411.000.000) 2021-09-25 03:45:31 Image size of job updated: 1675
	1675  -  MemoryUsage of job (MB)
	1715540  -  ResidentSetSize of job (KB)
...
006 (14733411.000.000) 2021-09-25 03:46:32 Image size of job updated: 1675
	1675  -  MemoryUsage of job (MB)
	1715684  -  ResidentSetSize of job (KB)
...
006 (14733411.000.000) 2021-09-25 03:47:32 Image size of job updated: 1676
	1676  -  MemoryUsage of job (MB)
	1717224  -  ResidentSetSize of job (KB)
...
006 (14733411.000.000) 2021-09-25 03:48:33 Image size of job updated: 1678
	1678  -  MemoryUsage of job (MB)
	1718676  -  ResidentSetSize of job (KB)
...
006 (14733411.000.000) 2021-09-25 03:49:34 Image size of job updated: 1678
	1678  -  MemoryUsage of job (MB)
	1718816  -  ResidentSetSize of job (KB)
...
006 (14733411.000.000) 2021-09-25 03:50:34 Image size of job updated: 1680
	1680  -  MemoryUsage of job (MB)
	1720384  -  ResidentSetSize of job (KB)
...
006 (14733411.000.000) 2021-09-25 03:51:34 Image size of job updated: 1682
	1682  -  MemoryUsage of job (MB)
	1722404  -  ResidentSetSize of job (KB)
...
006 (14733411.000.000) 2021-09-25 03:52:35 Image size of job updated: 1682
	1682  -  MemoryUsage of job (MB)
	1722624  -  ResidentSetSize of job (KB)
...
006 (14733411.000.000) 2021-09-25 03:53:35 Image size of job updated: 1684
	1684  -  MemoryUsage of job (MB)
	1724888  -  ResidentSetSize of job (KB)
...
006 (14733411.000.000) 2021-09-25 03:54:35 Image size of job updated: 1685
	1685  -  MemoryUsage of job (MB)
	1726052  -  ResidentSetSize of job (KB)
...
006 (14733411.000.000) 2021-09-25 03:55:36 Image size of job updated: 1685
	1685  -  MemoryUsage of job (MB)
	1726104  -  ResidentSetSize of job (KB)
...
006 (14733411.000.000) 2021-09-25 03:56:37 Image size of job updated: 1687
	1687  -  MemoryUsage of job (MB)
	1727672  -  ResidentSetSize of job (KB)
...
006 (14733411.000.000) 2021-09-25 03:57:37 Image size of job updated: 1689
	1689  -  MemoryUsage of job (MB)
	1730508  -  ResidentSetSize of job (KB)
...
006 (14733411.000.000) 2021-09-25 03:58:37 Image size of job updated: 1690
	1690  -  MemoryUsage of job (MB)
	1730732  -  ResidentSetSize of job (KB)
...
006 (14733411.000.000) 2021-09-25 03:59:38 Image size of job updated: 1690
	1690  -  MemoryUsage of job (MB)
	1731384  -  ResidentSetSize of job (KB)
...
006 (14733411.000.000) 2021-09-25 04:00:38 Image size of job updated: 1691
	1691  -  MemoryUsage of job (MB)
	1732116  -  ResidentSetSize of job (KB)
...
006 (14733411.000.000) 2021-09-25 04:01:38 Image size of job updated: 1691
	1691  -  MemoryUsage of job (MB)
	1732152  -  ResidentSetSize of job (KB)
...
006 (14733411.000.000) 2021-09-25 04:02:39 Image size of job updated: 1692
	1692  -  MemoryUsage of job (MB)
	1732620  -  ResidentSetSize of job (KB)
...
006 (14733411.000.000) 2021-09-25 04:03:39 Image size of job updated: 1692
	1692  -  MemoryUsage of job (MB)
	1732928  -  ResidentSetSize of job (KB)
...
006 (14733411.000.000) 2021-09-25 04:04:39 Image size of job updated: 1692
	1692  -  MemoryUsage of job (MB)
	1733212  -  ResidentSetSize of job (KB)
...
006 (14733411.000.000) 2021-09-25 04:05:40 Image size of job updated: 1692
	1692  -  MemoryUsage of job (MB)
	1733464  -  ResidentSetSize of job (KB)
...
006 (14733411.000.000) 2021-09-25 04:06:41 Image size of job updated: 1693
	1693  -  MemoryUsage of job (MB)
	1733936  -  ResidentSetSize of job (KB)
...
006 (14733411.000.000) 2021-09-25 04:07:41 Image size of job updated: 1693
	1693  -  MemoryUsage of job (MB)
	1734464  -  ResidentSetSize of job (KB)
...
006 (14733411.000.000) 2021-09-25 04:09:42 Image size of job updated: 1694
	1694  -  MemoryUsage of job (MB)
	1734868  -  ResidentSetSize of job (KB)
...
006 (14733411.000.000) 2021-09-25 04:10:43 Image size of job updated: 1694
	1694  -  MemoryUsage of job (MB)
	1735372  -  ResidentSetSize of job (KB)
...
006 (14733411.000.000) 2021-09-25 04:11:44 Image size of job updated: 1694
	1694  -  MemoryUsage of job (MB)
	1735380  -  ResidentSetSize of job (KB)
...
006 (14733411.000.000) 2021-09-25 04:12:44 Image size of job updated: 1697
	1697  -  MemoryUsage of job (MB)
	1737984  -  ResidentSetSize of job (KB)
...
006 (14733411.000.000) 2021-09-25 04:13:44 Image size of job updated: 1699
	1699  -  MemoryUsage of job (MB)
	1740008  -  ResidentSetSize of job (KB)
...
006 (14733411.000.000) 2021-09-25 04:14:45 Image size of job updated: 1699
	1699  -  MemoryUsage of job (MB)
	1740236  -  ResidentSetSize of job (KB)
...
006 (14733411.000.000) 2021-09-25 04:15:45 Image size of job updated: 1699
	1699  -  MemoryUsage of job (MB)
	1740676  -  ResidentSetSize of job (KB)
...
006 (14733411.000.000) 2021-09-25 04:16:45 Image size of job updated: 1701
	1701  -  MemoryUsage of job (MB)
	1741960  -  ResidentSetSize of job (KB)
...
006 (14733411.000.000) 2021-09-25 04:17:46 Image size of job updated: 1702
	1702  -  MemoryUsage of job (MB)
	1743176  -  ResidentSetSize of job (KB)
...
006 (14733411.000.000) 2021-09-25 04:19:46 Image size of job updated: 1703
	1703  -  MemoryUsage of job (MB)
	1744116  -  ResidentSetSize of job (KB)
...
006 (14733411.000.000) 2021-09-25 04:20:47 Image size of job updated: 1705
	1705  -  MemoryUsage of job (MB)
	1745968  -  ResidentSetSize of job (KB)
...
006 (14733411.000.000) 2021-09-25 04:21:48 Image size of job updated: 1705
	1705  -  MemoryUsage of job (MB)
	1746124  -  ResidentSetSize of job (KB)
...
006 (14733411.000.000) 2021-09-25 04:22:48 Image size of job updated: 1706
	1706  -  MemoryUsage of job (MB)
	1747424  -  ResidentSetSize of job (KB)
...
006 (14733411.000.000) 2021-09-25 04:23:49 Image size of job updated: 1707
	1707  -  MemoryUsage of job (MB)
	1748136  -  ResidentSetSize of job (KB)
...
006 (14733411.000.000) 2021-09-25 04:24:50 Image size of job updated: 1707
	1707  -  MemoryUsage of job (MB)
	1748176  -  ResidentSetSize of job (KB)
...
006 (14733411.000.000) 2021-09-25 04:25:51 Image size of job updated: 1707
	1707  -  MemoryUsage of job (MB)
	1748608  -  ResidentSetSize of job (KB)
...
006 (14733411.000.000) 2021-09-25 04:26:51 Image size of job updated: 1708
	1708  -  MemoryUsage of job (MB)
	1749932  -  ResidentSetSize of job (KB)
...
006 (14733411.000.000) 2021-09-25 04:27:51 Image size of job updated: 1708
	1708  -  MemoryUsage of job (MB)
	1749944  -  ResidentSetSize of job (KB)
...
006 (14733411.000.000) 2021-09-25 04:28:52 Image size of job updated: 1709
	1709  -  MemoryUsage of job (MB)
	1750832  -  ResidentSetSize of job (KB)
...
006 (14733411.000.000) 2021-09-25 04:29:53 Image size of job updated: 1710
	1710  -  MemoryUsage of job (MB)
	1751628  -  ResidentSetSize of job (KB)
...
006 (14733411.000.000) 2021-09-25 04:31:54 Image size of job updated: 1710
	1710  -  MemoryUsage of job (MB)
	1751848  -  ResidentSetSize of job (KB)
...
006 (14733411.000.000) 2021-09-25 04:32:55 Image size of job updated: 1711
	1711  -  MemoryUsage of job (MB)
	1752372  -  ResidentSetSize of job (KB)
...
006 (14733411.000.000) 2021-09-25 04:33:55 Image size of job updated: 1711
	1711  -  MemoryUsage of job (MB)
	1752516  -  ResidentSetSize of job (KB)
...
006 (14733411.000.000) 2021-09-25 04:34:55 Image size of job updated: 1711
	1711  -  MemoryUsage of job (MB)
	1752876  -  ResidentSetSize of job (KB)
...
006 (14733411.000.000) 2021-09-25 04:35:56 Image size of job updated: 1712
	1712  -  MemoryUsage of job (MB)
	1753216  -  ResidentSetSize of job (KB)
...
006 (14733411.000.000) 2021-09-25 04:36:57 Image size of job updated: 1712
	1712  -  MemoryUsage of job (MB)
	1753520  -  ResidentSetSize of job (KB)
...
006 (14733411.000.000) 2021-09-25 04:38:57 Image size of job updated: 1712
	1712  -  MemoryUsage of job (MB)
	1753780  -  ResidentSetSize of job (KB)
...
006 (14733411.000.000) 2021-09-25 04:39:58 Image size of job updated: 1712
	1712  -  MemoryUsage of job (MB)
	1753972  -  ResidentSetSize of job (KB)
...
006 (14733411.000.000) 2021-09-25 04:40:59 Image size of job updated: 1714
	1714  -  MemoryUsage of job (MB)
	1755436  -  ResidentSetSize of job (KB)
...
006 (14733411.000.000) 2021-09-25 04:41:59 Image size of job updated: 1715
	1715  -  MemoryUsage of job (MB)
	1756672  -  ResidentSetSize of job (KB)
...
006 (14733411.000.000) 2021-09-25 04:42:59 Image size of job updated: 1715
	1715  -  MemoryUsage of job (MB)
	1756768  -  ResidentSetSize of job (KB)
...
006 (14733411.000.000) 2021-09-25 04:44:00 Image size of job updated: 1717
	1717  -  MemoryUsage of job (MB)
	1758208  -  ResidentSetSize of job (KB)
...
006 (14733411.000.000) 2021-09-25 04:45:01 Image size of job updated: 1718
	1718  -  MemoryUsage of job (MB)
	1759316  -  ResidentSetSize of job (KB)
...
006 (14733411.000.000) 2021-09-25 04:46:01 Image size of job updated: 1718
	1718  -  MemoryUsage of job (MB)
	1759328  -  ResidentSetSize of job (KB)
...
006 (14733411.000.000) 2021-09-25 04:47:01 Image size of job updated: 1718
	1718  -  MemoryUsage of job (MB)
	1760216  -  ResidentSetSize of job (KB)
...
006 (14733411.000.000) 2021-09-25 04:48:02 Image size of job updated: 1719
	1719  -  MemoryUsage of job (MB)
	1761092  -  ResidentSetSize of job (KB)
...
006 (14733411.000.000) 2021-09-25 04:49:03 Image size of job updated: 1721
	1721  -  MemoryUsage of job (MB)
	1762416  -  ResidentSetSize of job (KB)
...
006 (14733411.000.000) 2021-09-25 04:51:04 Image size of job updated: 1721
	1721  -  MemoryUsage of job (MB)
	1763084  -  ResidentSetSize of job (KB)
...
006 (14733411.000.000) 2021-09-25 04:52:05 Image size of job updated: 1722
	1722  -  MemoryUsage of job (MB)
	1763456  -  ResidentSetSize of job (KB)
...
006 (14733411.000.000) 2021-09-25 04:53:06 Image size of job updated: 1722
	1722  -  MemoryUsage of job (MB)
	1764084  -  ResidentSetSize of job (KB)
...
006 (14733411.000.000) 2021-09-25 04:55:07 Image size of job updated: 1723
	1723  -  MemoryUsage of job (MB)
	1764624  -  ResidentSetSize of job (KB)
...
006 (14733411.000.000) 2021-09-25 04:56:08 Image size of job updated: 1723
	1723  -  MemoryUsage of job (MB)
	1765080  -  ResidentSetSize of job (KB)
...
006 (14733411.000.000) 2021-09-25 04:57:08 Image size of job updated: 1724
	1724  -  MemoryUsage of job (MB)
	1765656  -  ResidentSetSize of job (KB)
...
006 (14733411.000.000) 2021-09-25 04:59:10 Image size of job updated: 1724
	1724  -  MemoryUsage of job (MB)
	1766216  -  ResidentSetSize of job (KB)
...
006 (14733411.000.000) 2021-09-25 05:00:10 Image size of job updated: 1725
	1725  -  MemoryUsage of job (MB)
	1766608  -  ResidentSetSize of job (KB)
...
006 (14733411.000.000) 2021-09-25 05:01:11 Image size of job updated: 1725
	1725  -  MemoryUsage of job (MB)
	1766844  -  ResidentSetSize of job (KB)
...
006 (14733411.000.000) 2021-09-25 05:02:12 Image size of job updated: 1725
	1725  -  MemoryUsage of job (MB)
	1767164  -  ResidentSetSize of job (KB)
...
006 (14733411.000.000) 2021-09-25 05:03:12 Image size of job updated: 1726
	1726  -  MemoryUsage of job (MB)
	1767572  -  ResidentSetSize of job (KB)
...
006 (14733411.000.000) 2021-09-25 05:04:12 Image size of job updated: 1726
	1726  -  MemoryUsage of job (MB)
	1768032  -  ResidentSetSize of job (KB)
...
006 (14733411.000.000) 2021-09-25 05:05:13 Image size of job updated: 1726
	1726  -  MemoryUsage of job (MB)
	1768304  -  ResidentSetSize of job (KB)
...
006 (14733411.000.000) 2021-09-25 05:06:14 Image size of job updated: 1726
	1726  -  MemoryUsage of job (MB)
	1768324  -  ResidentSetSize of job (KB)
...
006 (14733411.000.000) 2021-09-25 05:07:14 Image size of job updated: 1727
	1727  -  MemoryUsage of job (MB)
	1768548  -  ResidentSetSize of job (KB)
...
006 (14733411.000.000) 2021-09-25 05:08:14 Image size of job updated: 1728
	1728  -  MemoryUsage of job (MB)
	1769632  -  ResidentSetSize of job (KB)
...
006 (14733411.000.000) 2021-09-25 05:09:15 Image size of job updated: 1729
	1729  -  MemoryUsage of job (MB)
	1770608  -  ResidentSetSize of job (KB)
...
006 (14733411.000.000) 2021-09-25 05:11:16 Image size of job updated: 1729
	1729  -  MemoryUsage of job (MB)
	1771340  -  ResidentSetSize of job (KB)
...
006 (14733411.000.000) 2021-09-25 05:12:16 Image size of job updated: 1730
	1730  -  MemoryUsage of job (MB)
	1771836  -  ResidentSetSize of job (KB)
...
006 (14733411.000.000) 2021-09-25 05:13:17 Image size of job updated: 1730
	1730  -  MemoryUsage of job (MB)
	1772284  -  ResidentSetSize of job (KB)
...
006 (14733411.000.000) 2021-09-25 05:14:17 Image size of job updated: 1730
	1730  -  MemoryUsage of job (MB)
	1772288  -  ResidentSetSize of job (KB)
...
006 (14733411.000.000) 2021-09-25 05:15:17 Image size of job updated: 1731
	1731  -  MemoryUsage of job (MB)
	1772740  -  ResidentSetSize of job (KB)
...
006 (14733411.000.000) 2021-09-25 05:16:18 Image size of job updated: 1732
	1732  -  MemoryUsage of job (MB)
	1773900  -  ResidentSetSize of job (KB)
...
006 (14733411.000.000) 2021-09-25 05:17:19 Image size of job updated: 1732
	1732  -  MemoryUsage of job (MB)
	1774392  -  ResidentSetSize of job (KB)
...
006 (14733411.000.000) 2021-09-25 05:18:20 Image size of job updated: 1733
	1733  -  MemoryUsage of job (MB)
	1774792  -  ResidentSetSize of job (KB)
...
006 (14733411.000.000) 2021-09-25 05:19:20 Image size of job updated: 1733
	1733  -  MemoryUsage of job (MB)
	1774996  -  ResidentSetSize of job (KB)
...
006 (14733411.000.000) 2021-09-25 05:20:21 Image size of job updated: 1733
	1733  -  MemoryUsage of job (MB)
	1775604  -  ResidentSetSize of job (KB)
...
006 (14733411.000.000) 2021-09-25 05:22:21 Image size of job updated: 1734
	1734  -  MemoryUsage of job (MB)
	1776068  -  ResidentSetSize of job (KB)
...
006 (14733411.000.000) 2021-09-25 05:23:22 Image size of job updated: 1734
	1734  -  MemoryUsage of job (MB)
	1776288  -  ResidentSetSize of job (KB)
...
006 (14733411.000.000) 2021-09-25 05:24:22 Image size of job updated: 1734
	1734  -  MemoryUsage of job (MB)
	1776444  -  ResidentSetSize of job (KB)
...
006 (14733411.000.000) 2021-09-25 05:25:22 Image size of job updated: 1734
	1734  -  MemoryUsage of job (MB)
	1776448  -  ResidentSetSize of job (KB)
...
006 (14733411.000.000) 2021-09-25 05:26:23 Image size of job updated: 1734
	1734  -  MemoryUsage of job (MB)
	1776628  -  ResidentSetSize of job (KB)
...
006 (14733411.000.000) 2021-09-25 05:27:23 Image size of job updated: 1735
	1735  -  MemoryUsage of job (MB)
	1776860  -  ResidentSetSize of job (KB)
...
006 (14733411.000.000) 2021-09-25 05:28:23 Image size of job updated: 1735
	1735  -  MemoryUsage of job (MB)
	1777660  -  ResidentSetSize of job (KB)
...
006 (14733411.000.000) 2021-09-25 05:29:24 Image size of job updated: 1736
	1736  -  MemoryUsage of job (MB)
	1778572  -  ResidentSetSize of job (KB)
...
006 (14733411.000.000) 2021-09-25 05:30:25 Image size of job updated: 1737
	1737  -  MemoryUsage of job (MB)
	1779248  -  ResidentSetSize of job (KB)
...
006 (14733411.000.000) 2021-09-25 05:31:25 Image size of job updated: 1737
	1737  -  MemoryUsage of job (MB)
	1779492  -  ResidentSetSize of job (KB)
...
006 (14733411.000.000) 2021-09-25 05:32:25 Image size of job updated: 1738
	1738  -  MemoryUsage of job (MB)
	1779908  -  ResidentSetSize of job (KB)
...
006 (14733411.000.000) 2021-09-25 05:33:26 Image size of job updated: 1738
	1738  -  MemoryUsage of job (MB)
	1780588  -  ResidentSetSize of job (KB)
...
006 (14733411.000.000) 2021-09-25 05:34:26 Image size of job updated: 1739
	1739  -  MemoryUsage of job (MB)
	1781268  -  ResidentSetSize of job (KB)
...
006 (14733411.000.000) 2021-09-25 05:35:26 Image size of job updated: 1740
	1740  -  MemoryUsage of job (MB)
	1781860  -  ResidentSetSize of job (KB)
...
006 (14733411.000.000) 2021-09-25 05:36:27 Image size of job updated: 1740
	1740  -  MemoryUsage of job (MB)
	1782200  -  ResidentSetSize of job (KB)
...
006 (14733411.000.000) 2021-09-25 05:37:28 Image size of job updated: 1740
	1740  -  MemoryUsage of job (MB)
	1782716  -  ResidentSetSize of job (KB)
...
006 (14733411.000.000) 2021-09-25 05:38:28 Image size of job updated: 1741
	1741  -  MemoryUsage of job (MB)
	1782976  -  ResidentSetSize of job (KB)
...
006 (14733411.000.000) 2021-09-25 05:39:28 Image size of job updated: 1741
	1741  -  MemoryUsage of job (MB)
	1783324  -  ResidentSetSize of job (KB)
...
006 (14733411.000.000) 2021-09-25 05:40:29 Image size of job updated: 1742
	1742  -  MemoryUsage of job (MB)
	1783900  -  ResidentSetSize of job (KB)
...
006 (14733411.000.000) 2021-09-25 05:41:30 Image size of job updated: 1742
	1742  -  MemoryUsage of job (MB)
	1784184  -  ResidentSetSize of job (KB)
...
006 (14733411.000.000) 2021-09-25 05:42:30 Image size of job updated: 1742
	1742  -  MemoryUsage of job (MB)
	1784780  -  ResidentSetSize of job (KB)
...
006 (14733411.000.000) 2021-09-25 05:43:31 Image size of job updated: 1743
	1743  -  MemoryUsage of job (MB)
	1785368  -  ResidentSetSize of job (KB)
...
006 (14733411.000.000) 2021-09-25 05:44:32 Image size of job updated: 1744
	1744  -  MemoryUsage of job (MB)
	1785968  -  ResidentSetSize of job (KB)
...
006 (14733411.000.000) 2021-09-25 05:45:32 Image size of job updated: 1744
	1744  -  MemoryUsage of job (MB)
	1786388  -  ResidentSetSize of job (KB)
...
006 (14733411.000.000) 2021-09-25 05:46:33 Image size of job updated: 1744
	1744  -  MemoryUsage of job (MB)
	1786604  -  ResidentSetSize of job (KB)
...
006 (14733411.000.000) 2021-09-25 05:47:34 Image size of job updated: 1745
	1745  -  MemoryUsage of job (MB)
	1787168  -  ResidentSetSize of job (KB)
...
006 (14733411.000.000) 2021-09-25 05:48:34 Image size of job updated: 1745
	1745  -  MemoryUsage of job (MB)
	1787172  -  ResidentSetSize of job (KB)
...
040 (14733411.000.000) 2021-09-25 05:48:51 Started transferring output files
...
040 (14733411.000.000) 2021-09-25 05:48:51 Finished transferring output files
...
005 (14733411.000.000) 2021-09-25 05:48:53 Job terminated.
	(1) Normal termination (return value 0)
		Usr 0 01:21:16, Sys 0 01:31:10  -  Run Remote Usage
		Usr 0 00:00:00, Sys 0 00:00:00  -  Run Local Usage
		Usr 0 01:21:16, Sys 0 01:31:10  -  Total Remote Usage
		Usr 0 00:00:00, Sys 0 00:00:00  -  Total Local Usage
	1233648  -  Run Bytes Sent By Job
	8471570  -  Run Bytes Received By Job
	1233648  -  Total Bytes Sent By Job
	8471570  -  Total Bytes Received By Job
	Partitionable Resources :    Usage  Request Allocated 
	   Cpus                 :     0.00        1         1 
	   Disk (KB)            : 31041       10000    320782 
	   Memory (MB)          :  1745        2048      2048 

	Job terminated of its own accord at 2021-09-25T10:48:51Z.
...
