000 (73340738.000.000) 2021-09-16 05:46:20 Job submitted from host: <131.225.188.235:9618?addrs=131.225.188.235-9618&alias=lpcschedd3.fnal.gov&noUDP&sock=schedd_2706_ab5d>
...
040 (73340738.000.000) 2021-09-16 12:51:36 Started transferring input files
	Transferring to host: <131.225.206.174:9618?addrs=131.225.206.174-9618&alias=cmswn1799.fnal.gov&noUDP&sock=slot1_4_1224_2b2b_3407>
...
040 (73340738.000.000) 2021-09-16 12:51:36 Finished transferring input files
...
001 (73340738.000.000) 2021-09-16 12:51:37 Job executing on host: <131.225.206.174:9618?addrs=131.225.206.174-9618&alias=cmswn1799.fnal.gov&noUDP&sock=startd_1143_94d6>
...
006 (73340738.000.000) 2021-09-16 12:51:46 Image size of job updated: 42
	42  -  MemoryUsage of job (MB)
	43316  -  ResidentSetSize of job (KB)
...
006 (73340738.000.000) 2021-09-16 12:52:47 Image size of job updated: 495
	495  -  MemoryUsage of job (MB)
	507440  -  ResidentSetSize of job (KB)
...
006 (73340738.000.000) 2021-09-16 12:55:49 Image size of job updated: 556
	556  -  MemoryUsage of job (MB)
	569712  -  ResidentSetSize of job (KB)
...
006 (73340738.000.000) 2021-09-16 12:56:49 Image size of job updated: 609
	609  -  MemoryUsage of job (MB)
	624596  -  ResidentSetSize of job (KB)
...
006 (73340738.000.000) 2021-09-16 12:57:50 Image size of job updated: 655
	655  -  MemoryUsage of job (MB)
	671436  -  ResidentSetSize of job (KB)
...
006 (73340738.000.000) 2021-09-16 12:58:50 Image size of job updated: 696
	696  -  MemoryUsage of job (MB)
	713208  -  ResidentSetSize of job (KB)
...
006 (73340738.000.000) 2021-09-16 12:59:51 Image size of job updated: 733
	733  -  MemoryUsage of job (MB)
	751544  -  ResidentSetSize of job (KB)
...
006 (73340738.000.000) 2021-09-16 13:00:52 Image size of job updated: 768
	768  -  MemoryUsage of job (MB)
	787396  -  ResidentSetSize of job (KB)
...
006 (73340738.000.000) 2021-09-16 13:01:53 Image size of job updated: 800
	800  -  MemoryUsage of job (MB)
	819312  -  ResidentSetSize of job (KB)
...
006 (73340738.000.000) 2021-09-16 13:02:53 Image size of job updated: 831
	831  -  MemoryUsage of job (MB)
	851672  -  ResidentSetSize of job (KB)
...
006 (73340738.000.000) 2021-09-16 13:03:53 Image size of job updated: 863
	863  -  MemoryUsage of job (MB)
	884544  -  ResidentSetSize of job (KB)
...
006 (73340738.000.000) 2021-09-16 13:04:53 Image size of job updated: 904
	904  -  MemoryUsage of job (MB)
	926216  -  ResidentSetSize of job (KB)
...
006 (73340738.000.000) 2021-09-16 13:05:54 Image size of job updated: 934
	934  -  MemoryUsage of job (MB)
	956692  -  ResidentSetSize of job (KB)
...
006 (73340738.000.000) 2021-09-16 13:06:55 Image size of job updated: 962
	962  -  MemoryUsage of job (MB)
	985152  -  ResidentSetSize of job (KB)
...
006 (73340738.000.000) 2021-09-16 13:07:56 Image size of job updated: 988
	988  -  MemoryUsage of job (MB)
	1012104  -  ResidentSetSize of job (KB)
...
006 (73340738.000.000) 2021-09-16 13:08:56 Image size of job updated: 1014
	1014  -  MemoryUsage of job (MB)
	1038728  -  ResidentSetSize of job (KB)
...
006 (73340738.000.000) 2021-09-16 13:09:56 Image size of job updated: 1043
	1043  -  MemoryUsage of job (MB)
	1068740  -  ResidentSetSize of job (KB)
...
006 (73340738.000.000) 2021-09-16 13:10:57 Image size of job updated: 1077
	1077  -  MemoryUsage of job (MB)
	1103452  -  ResidentSetSize of job (KB)
...
006 (73340738.000.000) 2021-09-16 13:11:58 Image size of job updated: 1101
	1101  -  MemoryUsage of job (MB)
	1127488  -  ResidentSetSize of job (KB)
...
006 (73340738.000.000) 2021-09-16 13:12:58 Image size of job updated: 1123
	1123  -  MemoryUsage of job (MB)
	1150912  -  ResidentSetSize of job (KB)
...
006 (73340738.000.000) 2021-09-16 13:13:59 Image size of job updated: 1146
	1146  -  MemoryUsage of job (MB)
	1174012  -  ResidentSetSize of job (KB)
...
006 (73340738.000.000) 2021-09-16 13:14:59 Image size of job updated: 1168
	1168  -  MemoryUsage of job (MB)
	1196872  -  ResidentSetSize of job (KB)
...
006 (73340738.000.000) 2021-09-16 13:16:00 Image size of job updated: 1190
	1190  -  MemoryUsage of job (MB)
	1218792  -  ResidentSetSize of job (KB)
...
006 (73340738.000.000) 2021-09-16 13:17:01 Image size of job updated: 1211
	1211  -  MemoryUsage of job (MB)
	1240604  -  ResidentSetSize of job (KB)
...
006 (73340738.000.000) 2021-09-16 13:18:01 Image size of job updated: 1232
	1232  -  MemoryUsage of job (MB)
	1261680  -  ResidentSetSize of job (KB)
...
006 (73340738.000.000) 2021-09-16 13:19:01 Image size of job updated: 1252
	1252  -  MemoryUsage of job (MB)
	1282228  -  ResidentSetSize of job (KB)
...
006 (73340738.000.000) 2021-09-16 13:20:02 Image size of job updated: 1272
	1272  -  MemoryUsage of job (MB)
	1302584  -  ResidentSetSize of job (KB)
...
006 (73340738.000.000) 2021-09-16 13:21:03 Image size of job updated: 1291
	1291  -  MemoryUsage of job (MB)
	1322504  -  ResidentSetSize of job (KB)
...
006 (73340738.000.000) 2021-09-16 13:22:04 Image size of job updated: 1310
	1310  -  MemoryUsage of job (MB)
	1342080  -  ResidentSetSize of job (KB)
...
006 (73340738.000.000) 2021-09-16 13:23:04 Image size of job updated: 1327
	1327  -  MemoryUsage of job (MB)
	1359488  -  ResidentSetSize of job (KB)
...
006 (73340738.000.000) 2021-09-16 13:24:04 Image size of job updated: 1346
	1346  -  MemoryUsage of job (MB)
	1378544  -  ResidentSetSize of job (KB)
...
006 (73340738.000.000) 2021-09-16 13:25:05 Image size of job updated: 1364
	1364  -  MemoryUsage of job (MB)
	1397196  -  ResidentSetSize of job (KB)
...
006 (73340738.000.000) 2021-09-16 13:26:06 Image size of job updated: 1382
	1382  -  MemoryUsage of job (MB)
	1415668  -  ResidentSetSize of job (KB)
...
006 (73340738.000.000) 2021-09-16 13:27:07 Image size of job updated: 1399
	1399  -  MemoryUsage of job (MB)
	1433528  -  ResidentSetSize of job (KB)
...
006 (73340738.000.000) 2021-09-16 13:28:07 Image size of job updated: 1417
	1417  -  MemoryUsage of job (MB)
	1451256  -  ResidentSetSize of job (KB)
...
006 (73340738.000.000) 2021-09-16 13:29:07 Image size of job updated: 1434
	1434  -  MemoryUsage of job (MB)
	1468684  -  ResidentSetSize of job (KB)
...
006 (73340738.000.000) 2021-09-16 13:30:08 Image size of job updated: 1451
	1451  -  MemoryUsage of job (MB)
	1485936  -  ResidentSetSize of job (KB)
...
006 (73340738.000.000) 2021-09-16 13:31:08 Image size of job updated: 1467
	1467  -  MemoryUsage of job (MB)
	1502816  -  ResidentSetSize of job (KB)
...
006 (73340738.000.000) 2021-09-16 13:32:08 Image size of job updated: 1483
	1483  -  MemoryUsage of job (MB)
	1519496  -  ResidentSetSize of job (KB)
...
006 (73340738.000.000) 2021-09-16 13:33:09 Image size of job updated: 1499
	1499  -  MemoryUsage of job (MB)
	1535996  -  ResidentSetSize of job (KB)
...
006 (73340738.000.000) 2021-09-16 13:34:09 Image size of job updated: 1515
	1515  -  MemoryUsage of job (MB)
	1552368  -  ResidentSetSize of job (KB)
...
006 (73340738.000.000) 2021-09-16 13:35:09 Image size of job updated: 1531
	1531  -  MemoryUsage of job (MB)
	1568472  -  ResidentSetSize of job (KB)
...
006 (73340738.000.000) 2021-09-16 13:36:10 Image size of job updated: 1625
	1625  -  MemoryUsage of job (MB)
	1664836  -  ResidentSetSize of job (KB)
...
006 (73340738.000.000) 2021-09-16 13:37:11 Image size of job updated: 1626
	1626  -  MemoryUsage of job (MB)
	1665544  -  ResidentSetSize of job (KB)
...
006 (73340738.000.000) 2021-09-16 13:38:11 Image size of job updated: 1651
	1651  -  MemoryUsage of job (MB)
	1690804  -  ResidentSetSize of job (KB)
...
006 (73340738.000.000) 2021-09-16 13:39:12 Image size of job updated: 1661
	1661  -  MemoryUsage of job (MB)
	1701820  -  ResidentSetSize of job (KB)
...
006 (73340738.000.000) 2021-09-16 13:40:13 Image size of job updated: 1665
	1665  -  MemoryUsage of job (MB)
	1705980  -  ResidentSetSize of job (KB)
...
006 (73340738.000.000) 2021-09-16 13:41:13 Image size of job updated: 1668
	1668  -  MemoryUsage of job (MB)
	1708324  -  ResidentSetSize of job (KB)
...
006 (73340738.000.000) 2021-09-16 13:42:13 Image size of job updated: 1670
	1670  -  MemoryUsage of job (MB)
	1710816  -  ResidentSetSize of job (KB)
...
006 (73340738.000.000) 2021-09-16 13:43:14 Image size of job updated: 1673
	1673  -  MemoryUsage of job (MB)
	1713836  -  ResidentSetSize of job (KB)
...
006 (73340738.000.000) 2021-09-16 13:44:14 Image size of job updated: 1675
	1675  -  MemoryUsage of job (MB)
	1715640  -  ResidentSetSize of job (KB)
...
006 (73340738.000.000) 2021-09-16 13:45:15 Image size of job updated: 1678
	1678  -  MemoryUsage of job (MB)
	1718284  -  ResidentSetSize of job (KB)
...
006 (73340738.000.000) 2021-09-16 13:46:16 Image size of job updated: 1680
	1680  -  MemoryUsage of job (MB)
	1720544  -  ResidentSetSize of job (KB)
...
006 (73340738.000.000) 2021-09-16 13:47:16 Image size of job updated: 1682
	1682  -  MemoryUsage of job (MB)
	1722416  -  ResidentSetSize of job (KB)
...
006 (73340738.000.000) 2021-09-16 13:48:17 Image size of job updated: 1683
	1683  -  MemoryUsage of job (MB)
	1723780  -  ResidentSetSize of job (KB)
...
006 (73340738.000.000) 2021-09-16 13:49:17 Image size of job updated: 1684
	1684  -  MemoryUsage of job (MB)
	1724980  -  ResidentSetSize of job (KB)
...
006 (73340738.000.000) 2021-09-16 13:50:17 Image size of job updated: 1685
	1685  -  MemoryUsage of job (MB)
	1726076  -  ResidentSetSize of job (KB)
...
006 (73340738.000.000) 2021-09-16 13:51:18 Image size of job updated: 1687
	1687  -  MemoryUsage of job (MB)
	1727668  -  ResidentSetSize of job (KB)
...
006 (73340738.000.000) 2021-09-16 13:52:18 Image size of job updated: 1688
	1688  -  MemoryUsage of job (MB)
	1728820  -  ResidentSetSize of job (KB)
...
006 (73340738.000.000) 2021-09-16 13:53:18 Image size of job updated: 1689
	1689  -  MemoryUsage of job (MB)
	1730472  -  ResidentSetSize of job (KB)
...
006 (73340738.000.000) 2021-09-16 13:54:19 Image size of job updated: 1690
	1690  -  MemoryUsage of job (MB)
	1731004  -  ResidentSetSize of job (KB)
...
006 (73340738.000.000) 2021-09-16 13:55:19 Image size of job updated: 1691
	1691  -  MemoryUsage of job (MB)
	1731840  -  ResidentSetSize of job (KB)
...
006 (73340738.000.000) 2021-09-16 13:56:20 Image size of job updated: 1692
	1692  -  MemoryUsage of job (MB)
	1732956  -  ResidentSetSize of job (KB)
...
006 (73340738.000.000) 2021-09-16 13:57:21 Image size of job updated: 1693
	1693  -  MemoryUsage of job (MB)
	1734040  -  ResidentSetSize of job (KB)
...
006 (73340738.000.000) 2021-09-16 13:58:21 Image size of job updated: 1694
	1694  -  MemoryUsage of job (MB)
	1734880  -  ResidentSetSize of job (KB)
...
006 (73340738.000.000) 2021-09-16 13:59:22 Image size of job updated: 1694
	1694  -  MemoryUsage of job (MB)
	1735476  -  ResidentSetSize of job (KB)
...
006 (73340738.000.000) 2021-09-16 14:00:22 Image size of job updated: 1695
	1695  -  MemoryUsage of job (MB)
	1736296  -  ResidentSetSize of job (KB)
...
006 (73340738.000.000) 2021-09-16 14:01:23 Image size of job updated: 1696
	1696  -  MemoryUsage of job (MB)
	1736916  -  ResidentSetSize of job (KB)
...
006 (73340738.000.000) 2021-09-16 14:02:24 Image size of job updated: 1696
	1696  -  MemoryUsage of job (MB)
	1737456  -  ResidentSetSize of job (KB)
...
006 (73340738.000.000) 2021-09-16 14:03:24 Image size of job updated: 1697
	1697  -  MemoryUsage of job (MB)
	1738736  -  ResidentSetSize of job (KB)
...
006 (73340738.000.000) 2021-09-16 14:04:25 Image size of job updated: 1698
	1698  -  MemoryUsage of job (MB)
	1739144  -  ResidentSetSize of job (KB)
...
006 (73340738.000.000) 2021-09-16 14:05:26 Image size of job updated: 1698
	1698  -  MemoryUsage of job (MB)
	1739752  -  ResidentSetSize of job (KB)
...
006 (73340738.000.000) 2021-09-16 14:06:26 Image size of job updated: 1699
	1699  -  MemoryUsage of job (MB)
	1740220  -  ResidentSetSize of job (KB)
...
006 (73340738.000.000) 2021-09-16 14:07:27 Image size of job updated: 1700
	1700  -  MemoryUsage of job (MB)
	1740996  -  ResidentSetSize of job (KB)
...
006 (73340738.000.000) 2021-09-16 14:08:27 Image size of job updated: 1700
	1700  -  MemoryUsage of job (MB)
	1741652  -  ResidentSetSize of job (KB)
...
006 (73340738.000.000) 2021-09-16 14:09:27 Image size of job updated: 1701
	1701  -  MemoryUsage of job (MB)
	1742184  -  ResidentSetSize of job (KB)
...
006 (73340738.000.000) 2021-09-16 14:10:28 Image size of job updated: 1701
	1701  -  MemoryUsage of job (MB)
	1742816  -  ResidentSetSize of job (KB)
...
006 (73340738.000.000) 2021-09-16 14:11:28 Image size of job updated: 1703
	1703  -  MemoryUsage of job (MB)
	1744780  -  ResidentSetSize of job (KB)
...
006 (73340738.000.000) 2021-09-16 14:12:28 Image size of job updated: 1704
	1704  -  MemoryUsage of job (MB)
	1745568  -  ResidentSetSize of job (KB)
...
006 (73340738.000.000) 2021-09-16 14:13:29 Image size of job updated: 1705
	1705  -  MemoryUsage of job (MB)
	1746276  -  ResidentSetSize of job (KB)
...
006 (73340738.000.000) 2021-09-16 14:14:29 Image size of job updated: 1705
	1705  -  MemoryUsage of job (MB)
	1746596  -  ResidentSetSize of job (KB)
...
006 (73340738.000.000) 2021-09-16 14:15:30 Image size of job updated: 1706
	1706  -  MemoryUsage of job (MB)
	1747072  -  ResidentSetSize of job (KB)
...
006 (73340738.000.000) 2021-09-16 14:16:30 Image size of job updated: 1707
	1707  -  MemoryUsage of job (MB)
	1748548  -  ResidentSetSize of job (KB)
...
006 (73340738.000.000) 2021-09-16 14:17:30 Image size of job updated: 1708
	1708  -  MemoryUsage of job (MB)
	1749756  -  ResidentSetSize of job (KB)
...
006 (73340738.000.000) 2021-09-16 14:18:31 Image size of job updated: 1709
	1709  -  MemoryUsage of job (MB)
	1750496  -  ResidentSetSize of job (KB)
...
006 (73340738.000.000) 2021-09-16 14:19:31 Image size of job updated: 1709
	1709  -  MemoryUsage of job (MB)
	1750832  -  ResidentSetSize of job (KB)
...
006 (73340738.000.000) 2021-09-16 14:20:31 Image size of job updated: 1710
	1710  -  MemoryUsage of job (MB)
	1751352  -  ResidentSetSize of job (KB)
...
006 (73340738.000.000) 2021-09-16 14:21:32 Image size of job updated: 1711
	1711  -  MemoryUsage of job (MB)
	1752148  -  ResidentSetSize of job (KB)
...
006 (73340738.000.000) 2021-09-16 14:22:32 Image size of job updated: 1711
	1711  -  MemoryUsage of job (MB)
	1752948  -  ResidentSetSize of job (KB)
...
006 (73340738.000.000) 2021-09-16 14:23:33 Image size of job updated: 1712
	1712  -  MemoryUsage of job (MB)
	1753656  -  ResidentSetSize of job (KB)
...
006 (73340738.000.000) 2021-09-16 14:24:34 Image size of job updated: 1712
	1712  -  MemoryUsage of job (MB)
	1754064  -  ResidentSetSize of job (KB)
...
006 (73340738.000.000) 2021-09-16 14:25:34 Image size of job updated: 1713
	1713  -  MemoryUsage of job (MB)
	1754500  -  ResidentSetSize of job (KB)
...
006 (73340738.000.000) 2021-09-16 14:26:35 Image size of job updated: 1713
	1713  -  MemoryUsage of job (MB)
	1754928  -  ResidentSetSize of job (KB)
...
006 (73340738.000.000) 2021-09-16 14:27:36 Image size of job updated: 1714
	1714  -  MemoryUsage of job (MB)
	1755536  -  ResidentSetSize of job (KB)
...
006 (73340738.000.000) 2021-09-16 14:28:36 Image size of job updated: 1715
	1715  -  MemoryUsage of job (MB)
	1756276  -  ResidentSetSize of job (KB)
...
006 (73340738.000.000) 2021-09-16 14:29:37 Image size of job updated: 1715
	1715  -  MemoryUsage of job (MB)
	1756508  -  ResidentSetSize of job (KB)
...
006 (73340738.000.000) 2021-09-16 14:30:37 Image size of job updated: 1715
	1715  -  MemoryUsage of job (MB)
	1757044  -  ResidentSetSize of job (KB)
...
006 (73340738.000.000) 2021-09-16 14:31:37 Image size of job updated: 1716
	1716  -  MemoryUsage of job (MB)
	1757684  -  ResidentSetSize of job (KB)
...
006 (73340738.000.000) 2021-09-16 14:32:38 Image size of job updated: 1717
	1717  -  MemoryUsage of job (MB)
	1758292  -  ResidentSetSize of job (KB)
...
006 (73340738.000.000) 2021-09-16 14:33:38 Image size of job updated: 1717
	1717  -  MemoryUsage of job (MB)
	1758812  -  ResidentSetSize of job (KB)
...
006 (73340738.000.000) 2021-09-16 14:34:38 Image size of job updated: 1718
	1718  -  MemoryUsage of job (MB)
	1759280  -  ResidentSetSize of job (KB)
...
006 (73340738.000.000) 2021-09-16 14:35:39 Image size of job updated: 1718
	1718  -  MemoryUsage of job (MB)
	1759792  -  ResidentSetSize of job (KB)
...
006 (73340738.000.000) 2021-09-16 14:36:39 Image size of job updated: 1719
	1719  -  MemoryUsage of job (MB)
	1760324  -  ResidentSetSize of job (KB)
...
006 (73340738.000.000) 2021-09-16 14:37:40 Image size of job updated: 1719
	1719  -  MemoryUsage of job (MB)
	1760616  -  ResidentSetSize of job (KB)
...
006 (73340738.000.000) 2021-09-16 14:38:41 Image size of job updated: 1719
	1719  -  MemoryUsage of job (MB)
	1761128  -  ResidentSetSize of job (KB)
...
006 (73340738.000.000) 2021-09-16 14:39:41 Image size of job updated: 1720
	1720  -  MemoryUsage of job (MB)
	1761356  -  ResidentSetSize of job (KB)
...
006 (73340738.000.000) 2021-09-16 14:40:42 Image size of job updated: 1721
	1721  -  MemoryUsage of job (MB)
	1762408  -  ResidentSetSize of job (KB)
...
006 (73340738.000.000) 2021-09-16 14:41:43 Image size of job updated: 1722
	1722  -  MemoryUsage of job (MB)
	1763788  -  ResidentSetSize of job (KB)
...
006 (73340738.000.000) 2021-09-16 14:42:43 Image size of job updated: 1723
	1723  -  MemoryUsage of job (MB)
	1764660  -  ResidentSetSize of job (KB)
...
006 (73340738.000.000) 2021-09-16 14:43:44 Image size of job updated: 1724
	1724  -  MemoryUsage of job (MB)
	1765412  -  ResidentSetSize of job (KB)
...
006 (73340738.000.000) 2021-09-16 14:44:44 Image size of job updated: 1725
	1725  -  MemoryUsage of job (MB)
	1766896  -  ResidentSetSize of job (KB)
...
006 (73340738.000.000) 2021-09-16 14:45:44 Image size of job updated: 1726
	1726  -  MemoryUsage of job (MB)
	1767604  -  ResidentSetSize of job (KB)
...
006 (73340738.000.000) 2021-09-16 14:46:45 Image size of job updated: 1726
	1726  -  MemoryUsage of job (MB)
	1768376  -  ResidentSetSize of job (KB)
...
006 (73340738.000.000) 2021-09-16 14:47:45 Image size of job updated: 1727
	1727  -  MemoryUsage of job (MB)
	1769324  -  ResidentSetSize of job (KB)
...
006 (73340738.000.000) 2021-09-16 14:48:45 Image size of job updated: 1728
	1728  -  MemoryUsage of job (MB)
	1769660  -  ResidentSetSize of job (KB)
...
006 (73340738.000.000) 2021-09-16 14:49:46 Image size of job updated: 1728
	1728  -  MemoryUsage of job (MB)
	1770272  -  ResidentSetSize of job (KB)
...
006 (73340738.000.000) 2021-09-16 14:50:46 Image size of job updated: 1729
	1729  -  MemoryUsage of job (MB)
	1770644  -  ResidentSetSize of job (KB)
...
006 (73340738.000.000) 2021-09-16 14:51:47 Image size of job updated: 1729
	1729  -  MemoryUsage of job (MB)
	1771336  -  ResidentSetSize of job (KB)
...
006 (73340738.000.000) 2021-09-16 14:52:48 Image size of job updated: 1730
	1730  -  MemoryUsage of job (MB)
	1771952  -  ResidentSetSize of job (KB)
...
006 (73340738.000.000) 2021-09-16 14:53:48 Image size of job updated: 1730
	1730  -  MemoryUsage of job (MB)
	1772176  -  ResidentSetSize of job (KB)
...
006 (73340738.000.000) 2021-09-16 14:54:49 Image size of job updated: 1731
	1731  -  MemoryUsage of job (MB)
	1772720  -  ResidentSetSize of job (KB)
...
006 (73340738.000.000) 2021-09-16 14:55:50 Image size of job updated: 1731
	1731  -  MemoryUsage of job (MB)
	1773196  -  ResidentSetSize of job (KB)
...
006 (73340738.000.000) 2021-09-16 14:56:50 Image size of job updated: 1732
	1732  -  MemoryUsage of job (MB)
	1773596  -  ResidentSetSize of job (KB)
...
006 (73340738.000.000) 2021-09-16 14:57:50 Image size of job updated: 1732
	1732  -  MemoryUsage of job (MB)
	1774152  -  ResidentSetSize of job (KB)
...
006 (73340738.000.000) 2021-09-16 14:58:51 Image size of job updated: 1732
	1732  -  MemoryUsage of job (MB)
	1774448  -  ResidentSetSize of job (KB)
...
006 (73340738.000.000) 2021-09-16 14:59:52 Image size of job updated: 1733
	1733  -  MemoryUsage of job (MB)
	1774872  -  ResidentSetSize of job (KB)
...
006 (73340738.000.000) 2021-09-16 15:00:52 Image size of job updated: 1733
	1733  -  MemoryUsage of job (MB)
	1775384  -  ResidentSetSize of job (KB)
...
006 (73340738.000.000) 2021-09-16 15:01:53 Image size of job updated: 1734
	1734  -  MemoryUsage of job (MB)
	1775940  -  ResidentSetSize of job (KB)
...
006 (73340738.000.000) 2021-09-16 15:02:54 Image size of job updated: 1734
	1734  -  MemoryUsage of job (MB)
	1776496  -  ResidentSetSize of job (KB)
...
006 (73340738.000.000) 2021-09-16 15:03:54 Image size of job updated: 1735
	1735  -  MemoryUsage of job (MB)
	1776880  -  ResidentSetSize of job (KB)
...
006 (73340738.000.000) 2021-09-16 15:04:55 Image size of job updated: 1735
	1735  -  MemoryUsage of job (MB)
	1777448  -  ResidentSetSize of job (KB)
...
006 (73340738.000.000) 2021-09-16 15:05:56 Image size of job updated: 1736
	1736  -  MemoryUsage of job (MB)
	1777840  -  ResidentSetSize of job (KB)
...
006 (73340738.000.000) 2021-09-16 15:06:56 Image size of job updated: 1736
	1736  -  MemoryUsage of job (MB)
	1778268  -  ResidentSetSize of job (KB)
...
006 (73340738.000.000) 2021-09-16 15:07:57 Image size of job updated: 1737
	1737  -  MemoryUsage of job (MB)
	1778768  -  ResidentSetSize of job (KB)
...
006 (73340738.000.000) 2021-09-16 15:08:57 Image size of job updated: 1737
	1737  -  MemoryUsage of job (MB)
	1779076  -  ResidentSetSize of job (KB)
...
006 (73340738.000.000) 2021-09-16 15:09:58 Image size of job updated: 1737
	1737  -  MemoryUsage of job (MB)
	1779696  -  ResidentSetSize of job (KB)
...
006 (73340738.000.000) 2021-09-16 15:10:59 Image size of job updated: 1738
	1738  -  MemoryUsage of job (MB)
	1780184  -  ResidentSetSize of job (KB)
...
006 (73340738.000.000) 2021-09-16 15:11:59 Image size of job updated: 1739
	1739  -  MemoryUsage of job (MB)
	1781192  -  ResidentSetSize of job (KB)
...
006 (73340738.000.000) 2021-09-16 15:13:00 Image size of job updated: 1739
	1739  -  MemoryUsage of job (MB)
	1781668  -  ResidentSetSize of job (KB)
...
006 (73340738.000.000) 2021-09-16 15:14:01 Image size of job updated: 1740
	1740  -  MemoryUsage of job (MB)
	1782280  -  ResidentSetSize of job (KB)
...
040 (73340738.000.000) 2021-09-16 15:15:08 Started transferring output files
...
040 (73340738.000.000) 2021-09-16 15:15:08 Finished transferring output files
...
005 (73340738.000.000) 2021-09-16 15:15:11 Job terminated.
	(1) Normal termination (return value 0)
		Usr 0 01:17:00, Sys 0 00:57:34  -  Run Remote Usage
		Usr 0 00:00:00, Sys 0 00:00:00  -  Run Local Usage
		Usr 0 01:17:00, Sys 0 00:57:34  -  Total Remote Usage
		Usr 0 00:00:00, Sys 0 00:00:00  -  Total Local Usage
	1234112  -  Run Bytes Sent By Job
	8471534  -  Run Bytes Received By Job
	1234112  -  Total Bytes Sent By Job
	8471534  -  Total Bytes Received By Job
	Partitionable Resources :    Usage  Request Allocated 
	   Cpus                 :     0.00        1         1 
	   Disk (KB)            : 30773       10000    322405 
	   Memory (MB)          :  1740        2048      2048 

	Job terminated of its own accord at 2021-09-16T20:15:08Z.
...
000 (73445606.000.000) 2021-09-24 22:31:42 Job submitted from host: <131.225.188.235:9618?addrs=131.225.188.235-9618&alias=lpcschedd3.fnal.gov&noUDP&sock=schedd_2706_ab5d>
...
040 (73445606.000.000) 2021-09-25 07:26:09 Started transferring input files
	Transferring to host: <131.225.191.225:9618?addrs=131.225.191.225-9618&alias=cmswn2001.fnal.gov&noUDP&sock=slot1_27_1618_c6fb_4433>
...
040 (73445606.000.000) 2021-09-25 07:26:10 Finished transferring input files
...
001 (73445606.000.000) 2021-09-25 07:26:11 Job executing on host: <131.225.191.225:9618?addrs=131.225.191.225-9618&alias=cmswn2001.fnal.gov&noUDP&sock=startd_1536_258f>
...
006 (73445606.000.000) 2021-09-25 07:26:20 Image size of job updated: 8
	8  -  MemoryUsage of job (MB)
	8648  -  ResidentSetSize of job (KB)
...
006 (73445606.000.000) 2021-09-25 07:27:21 Image size of job updated: 530
	530  -  MemoryUsage of job (MB)
	542748  -  ResidentSetSize of job (KB)
...
006 (73445606.000.000) 2021-09-25 07:31:23 Image size of job updated: 547
	547  -  MemoryUsage of job (MB)
	560888  -  ResidentSetSize of job (KB)
...
006 (73445606.000.000) 2021-09-25 07:32:23 Image size of job updated: 596
	596  -  MemoryUsage of job (MB)
	610812  -  ResidentSetSize of job (KB)
...
006 (73445606.000.000) 2021-09-25 07:33:24 Image size of job updated: 640
	640  -  MemoryUsage of job (MB)
	655868  -  ResidentSetSize of job (KB)
...
006 (73445606.000.000) 2021-09-25 07:34:26 Image size of job updated: 683
	683  -  MemoryUsage of job (MB)
	699660  -  ResidentSetSize of job (KB)
...
006 (73445606.000.000) 2021-09-25 07:35:26 Image size of job updated: 717
	717  -  MemoryUsage of job (MB)
	735184  -  ResidentSetSize of job (KB)
...
006 (73445606.000.000) 2021-09-25 07:36:26 Image size of job updated: 751
	751  -  MemoryUsage of job (MB)
	769180  -  ResidentSetSize of job (KB)
...
006 (73445606.000.000) 2021-09-25 07:37:27 Image size of job updated: 782
	782  -  MemoryUsage of job (MB)
	801540  -  ResidentSetSize of job (KB)
...
006 (73445606.000.000) 2021-09-25 07:38:27 Image size of job updated: 816
	816  -  MemoryUsage of job (MB)
	836336  -  ResidentSetSize of job (KB)
...
006 (73445606.000.000) 2021-09-25 07:39:27 Image size of job updated: 847
	847  -  MemoryUsage of job (MB)
	867600  -  ResidentSetSize of job (KB)
...
006 (73445606.000.000) 2021-09-25 07:40:27 Image size of job updated: 874
	874  -  MemoryUsage of job (MB)
	895672  -  ResidentSetSize of job (KB)
...
006 (73445606.000.000) 2021-09-25 07:41:27 Image size of job updated: 912
	912  -  MemoryUsage of job (MB)
	934768  -  ResidentSetSize of job (KB)
...
006 (73445606.000.000) 2021-09-25 07:42:27 Image size of job updated: 939
	939  -  MemoryUsage of job (MB)
	962556  -  ResidentSetSize of job (KB)
...
006 (73445606.000.000) 2021-09-25 07:43:28 Image size of job updated: 968
	968  -  MemoryUsage of job (MB)
	991356  -  ResidentSetSize of job (KB)
...
006 (73445606.000.000) 2021-09-25 07:44:28 Image size of job updated: 992
	992  -  MemoryUsage of job (MB)
	1016196  -  ResidentSetSize of job (KB)
...
006 (73445606.000.000) 2021-09-25 07:45:28 Image size of job updated: 1019
	1019  -  MemoryUsage of job (MB)
	1043680  -  ResidentSetSize of job (KB)
...
006 (73445606.000.000) 2021-09-25 07:46:29 Image size of job updated: 1043
	1043  -  MemoryUsage of job (MB)
	1068808  -  ResidentSetSize of job (KB)
...
006 (73445606.000.000) 2021-09-25 07:47:31 Image size of job updated: 1078
	1078  -  MemoryUsage of job (MB)
	1104084  -  ResidentSetSize of job (KB)
...
006 (73445606.000.000) 2021-09-25 07:48:31 Image size of job updated: 1099
	1099  -  MemoryUsage of job (MB)
	1126296  -  ResidentSetSize of job (KB)
...
006 (73445606.000.000) 2021-09-25 07:49:31 Image size of job updated: 1121
	1121  -  MemoryUsage of job (MB)
	1148032  -  ResidentSetSize of job (KB)
...
006 (73445606.000.000) 2021-09-25 07:50:32 Image size of job updated: 1142
	1142  -  MemoryUsage of job (MB)
	1169432  -  ResidentSetSize of job (KB)
...
006 (73445606.000.000) 2021-09-25 07:51:32 Image size of job updated: 1164
	1164  -  MemoryUsage of job (MB)
	1192804  -  ResidentSetSize of job (KB)
...
006 (73445606.000.000) 2021-09-25 07:52:32 Image size of job updated: 1184
	1184  -  MemoryUsage of job (MB)
	1213260  -  ResidentSetSize of job (KB)
...
006 (73445606.000.000) 2021-09-25 07:53:33 Image size of job updated: 1204
	1204  -  MemoryUsage of job (MB)
	1233220  -  ResidentSetSize of job (KB)
...
006 (73445606.000.000) 2021-09-25 07:54:34 Image size of job updated: 1223
	1223  -  MemoryUsage of job (MB)
	1252864  -  ResidentSetSize of job (KB)
...
006 (73445606.000.000) 2021-09-25 07:55:35 Image size of job updated: 1244
	1244  -  MemoryUsage of job (MB)
	1274096  -  ResidentSetSize of job (KB)
...
006 (73445606.000.000) 2021-09-25 07:56:35 Image size of job updated: 1262
	1262  -  MemoryUsage of job (MB)
	1292916  -  ResidentSetSize of job (KB)
...
006 (73445606.000.000) 2021-09-25 07:57:36 Image size of job updated: 1280
	1280  -  MemoryUsage of job (MB)
	1311724  -  ResidentSetSize of job (KB)
...
006 (73445606.000.000) 2021-09-25 07:58:37 Image size of job updated: 1299
	1299  -  MemoryUsage of job (MB)
	1330192  -  ResidentSetSize of job (KB)
...
006 (73445606.000.000) 2021-09-25 07:59:39 Image size of job updated: 1318
	1318  -  MemoryUsage of job (MB)
	1350140  -  ResidentSetSize of job (KB)
...
006 (73445606.000.000) 2021-09-25 08:00:39 Image size of job updated: 1335
	1335  -  MemoryUsage of job (MB)
	1367812  -  ResidentSetSize of job (KB)
...
006 (73445606.000.000) 2021-09-25 08:01:39 Image size of job updated: 1352
	1352  -  MemoryUsage of job (MB)
	1385156  -  ResidentSetSize of job (KB)
...
006 (73445606.000.000) 2021-09-25 08:02:39 Image size of job updated: 1369
	1369  -  MemoryUsage of job (MB)
	1402212  -  ResidentSetSize of job (KB)
...
006 (73445606.000.000) 2021-09-25 08:03:41 Image size of job updated: 1387
	1387  -  MemoryUsage of job (MB)
	1421076  -  ResidentSetSize of job (KB)
...
006 (73445606.000.000) 2021-09-25 08:04:41 Image size of job updated: 1404
	1404  -  MemoryUsage of job (MB)
	1437696  -  ResidentSetSize of job (KB)
...
006 (73445606.000.000) 2021-09-25 08:05:41 Image size of job updated: 1420
	1420  -  MemoryUsage of job (MB)
	1454972  -  ResidentSetSize of job (KB)
...
006 (73445606.000.000) 2021-09-25 08:06:41 Image size of job updated: 1436
	1436  -  MemoryUsage of job (MB)
	1470516  -  ResidentSetSize of job (KB)
...
006 (73445606.000.000) 2021-09-25 08:07:42 Image size of job updated: 1451
	1451  -  MemoryUsage of job (MB)
	1486732  -  ResidentSetSize of job (KB)
...
006 (73445606.000.000) 2021-09-25 08:08:43 Image size of job updated: 1469
	1469  -  MemoryUsage of job (MB)
	1504352  -  ResidentSetSize of job (KB)
...
006 (73445606.000.000) 2021-09-25 08:09:44 Image size of job updated: 1484
	1484  -  MemoryUsage of job (MB)
	1519900  -  ResidentSetSize of job (KB)
...
006 (73445606.000.000) 2021-09-25 08:10:45 Image size of job updated: 1499
	1499  -  MemoryUsage of job (MB)
	1535160  -  ResidentSetSize of job (KB)
...
006 (73445606.000.000) 2021-09-25 08:11:47 Image size of job updated: 1515
	1515  -  MemoryUsage of job (MB)
	1552096  -  ResidentSetSize of job (KB)
...
006 (73445606.000.000) 2021-09-25 08:12:47 Image size of job updated: 1530
	1530  -  MemoryUsage of job (MB)
	1567016  -  ResidentSetSize of job (KB)
...
006 (73445606.000.000) 2021-09-25 08:13:47 Image size of job updated: 1553
	1553  -  MemoryUsage of job (MB)
	1591200  -  ResidentSetSize of job (KB)
...
006 (73445606.000.000) 2021-09-25 08:14:47 Image size of job updated: 1625
	1625  -  MemoryUsage of job (MB)
	1664988  -  ResidentSetSize of job (KB)
...
006 (73445606.000.000) 2021-09-25 08:15:47 Image size of job updated: 1626
	1626  -  MemoryUsage of job (MB)
	1665156  -  ResidentSetSize of job (KB)
...
006 (73445606.000.000) 2021-09-25 08:16:47 Image size of job updated: 1650
	1650  -  MemoryUsage of job (MB)
	1689744  -  ResidentSetSize of job (KB)
...
006 (73445606.000.000) 2021-09-25 08:17:47 Image size of job updated: 1651
	1651  -  MemoryUsage of job (MB)
	1691364  -  ResidentSetSize of job (KB)
...
006 (73445606.000.000) 2021-09-25 08:18:48 Image size of job updated: 1658
	1658  -  MemoryUsage of job (MB)
	1698696  -  ResidentSetSize of job (KB)
...
006 (73445606.000.000) 2021-09-25 08:19:49 Image size of job updated: 1658
	1658  -  MemoryUsage of job (MB)
	1698796  -  ResidentSetSize of job (KB)
...
006 (73445606.000.000) 2021-09-25 08:20:49 Image size of job updated: 1663
	1663  -  MemoryUsage of job (MB)
	1703476  -  ResidentSetSize of job (KB)
...
006 (73445606.000.000) 2021-09-25 08:21:51 Image size of job updated: 1664
	1664  -  MemoryUsage of job (MB)
	1704072  -  ResidentSetSize of job (KB)
...
006 (73445606.000.000) 2021-09-25 08:22:52 Image size of job updated: 1667
	1667  -  MemoryUsage of job (MB)
	1707076  -  ResidentSetSize of job (KB)
...
006 (73445606.000.000) 2021-09-25 08:23:53 Image size of job updated: 1667
	1667  -  MemoryUsage of job (MB)
	1707112  -  ResidentSetSize of job (KB)
...
006 (73445606.000.000) 2021-09-25 08:24:53 Image size of job updated: 1670
	1670  -  MemoryUsage of job (MB)
	1710536  -  ResidentSetSize of job (KB)
...
006 (73445606.000.000) 2021-09-25 08:25:53 Image size of job updated: 1672
	1672  -  MemoryUsage of job (MB)
	1712644  -  ResidentSetSize of job (KB)
...
006 (73445606.000.000) 2021-09-25 08:26:54 Image size of job updated: 1674
	1674  -  MemoryUsage of job (MB)
	1714272  -  ResidentSetSize of job (KB)
...
006 (73445606.000.000) 2021-09-25 08:27:55 Image size of job updated: 1674
	1674  -  MemoryUsage of job (MB)
	1714928  -  ResidentSetSize of job (KB)
...
006 (73445606.000.000) 2021-09-25 08:28:57 Image size of job updated: 1677
	1677  -  MemoryUsage of job (MB)
	1717336  -  ResidentSetSize of job (KB)
...
006 (73445606.000.000) 2021-09-25 08:29:57 Image size of job updated: 1678
	1678  -  MemoryUsage of job (MB)
	1718668  -  ResidentSetSize of job (KB)
...
006 (73445606.000.000) 2021-09-25 08:30:57 Image size of job updated: 1679
	1679  -  MemoryUsage of job (MB)
	1719932  -  ResidentSetSize of job (KB)
...
006 (73445606.000.000) 2021-09-25 08:31:57 Image size of job updated: 1680
	1680  -  MemoryUsage of job (MB)
	1721232  -  ResidentSetSize of job (KB)
...
006 (73445606.000.000) 2021-09-25 08:32:57 Image size of job updated: 1681
	1681  -  MemoryUsage of job (MB)
	1721572  -  ResidentSetSize of job (KB)
...
006 (73445606.000.000) 2021-09-25 08:33:58 Image size of job updated: 1681
	1681  -  MemoryUsage of job (MB)
	1721588  -  ResidentSetSize of job (KB)
...
006 (73445606.000.000) 2021-09-25 08:34:59 Image size of job updated: 1682
	1682  -  MemoryUsage of job (MB)
	1723240  -  ResidentSetSize of job (KB)
...
006 (73445606.000.000) 2021-09-25 08:36:00 Image size of job updated: 1682
	1682  -  MemoryUsage of job (MB)
	1723248  -  ResidentSetSize of job (KB)
...
006 (73445606.000.000) 2021-09-25 08:37:01 Image size of job updated: 1684
	1684  -  MemoryUsage of job (MB)
	1724872  -  ResidentSetSize of job (KB)
...
006 (73445606.000.000) 2021-09-25 08:38:02 Image size of job updated: 1684
	1684  -  MemoryUsage of job (MB)
	1724900  -  ResidentSetSize of job (KB)
...
006 (73445606.000.000) 2021-09-25 08:39:03 Image size of job updated: 1684
	1684  -  MemoryUsage of job (MB)
	1725404  -  ResidentSetSize of job (KB)
...
006 (73445606.000.000) 2021-09-25 08:40:03 Image size of job updated: 1686
	1686  -  MemoryUsage of job (MB)
	1726856  -  ResidentSetSize of job (KB)
...
006 (73445606.000.000) 2021-09-25 08:41:04 Image size of job updated: 1686
	1686  -  MemoryUsage of job (MB)
	1726864  -  ResidentSetSize of job (KB)
...
006 (73445606.000.000) 2021-09-25 08:42:04 Image size of job updated: 1687
	1687  -  MemoryUsage of job (MB)
	1727884  -  ResidentSetSize of job (KB)
...
006 (73445606.000.000) 2021-09-25 08:43:04 Image size of job updated: 1687
	1687  -  MemoryUsage of job (MB)
	1727892  -  ResidentSetSize of job (KB)
...
006 (73445606.000.000) 2021-09-25 08:44:04 Image size of job updated: 1688
	1688  -  MemoryUsage of job (MB)
	1728768  -  ResidentSetSize of job (KB)
...
006 (73445606.000.000) 2021-09-25 08:45:04 Image size of job updated: 1688
	1688  -  MemoryUsage of job (MB)
	1728776  -  ResidentSetSize of job (KB)
...
006 (73445606.000.000) 2021-09-25 08:46:05 Image size of job updated: 1688
	1688  -  MemoryUsage of job (MB)
	1728868  -  ResidentSetSize of job (KB)
...
006 (73445606.000.000) 2021-09-25 08:47:05 Image size of job updated: 1689
	1689  -  MemoryUsage of job (MB)
	1730024  -  ResidentSetSize of job (KB)
...
006 (73445606.000.000) 2021-09-25 08:49:06 Image size of job updated: 1690
	1690  -  MemoryUsage of job (MB)
	1731568  -  ResidentSetSize of job (KB)
...
006 (73445606.000.000) 2021-09-25 08:51:07 Image size of job updated: 1691
	1691  -  MemoryUsage of job (MB)
	1731764  -  ResidentSetSize of job (KB)
...
006 (73445606.000.000) 2021-09-25 08:52:07 Image size of job updated: 1692
	1692  -  MemoryUsage of job (MB)
	1732784  -  ResidentSetSize of job (KB)
...
006 (73445606.000.000) 2021-09-25 08:54:08 Image size of job updated: 1692
	1692  -  MemoryUsage of job (MB)
	1733456  -  ResidentSetSize of job (KB)
...
006 (73445606.000.000) 2021-09-25 08:55:08 Image size of job updated: 1692
	1692  -  MemoryUsage of job (MB)
	1733464  -  ResidentSetSize of job (KB)
...
006 (73445606.000.000) 2021-09-25 08:56:08 Image size of job updated: 1693
	1693  -  MemoryUsage of job (MB)
	1734520  -  ResidentSetSize of job (KB)
...
006 (73445606.000.000) 2021-09-25 08:59:09 Image size of job updated: 1694
	1694  -  MemoryUsage of job (MB)
	1735660  -  ResidentSetSize of job (KB)
...
006 (73445606.000.000) 2021-09-25 09:00:09 Image size of job updated: 1694
	1694  -  MemoryUsage of job (MB)
	1735664  -  ResidentSetSize of job (KB)
...
006 (73445606.000.000) 2021-09-25 09:01:09 Image size of job updated: 1695
	1695  -  MemoryUsage of job (MB)
	1736484  -  ResidentSetSize of job (KB)
...
006 (73445606.000.000) 2021-09-25 09:03:11 Image size of job updated: 1696
	1696  -  MemoryUsage of job (MB)
	1737096  -  ResidentSetSize of job (KB)
...
006 (73445606.000.000) 2021-09-25 09:04:13 Image size of job updated: 1696
	1696  -  MemoryUsage of job (MB)
	1737380  -  ResidentSetSize of job (KB)
...
006 (73445606.000.000) 2021-09-25 09:05:13 Image size of job updated: 1696
	1696  -  MemoryUsage of job (MB)
	1737384  -  ResidentSetSize of job (KB)
...
006 (73445606.000.000) 2021-09-25 09:06:13 Image size of job updated: 1697
	1697  -  MemoryUsage of job (MB)
	1738012  -  ResidentSetSize of job (KB)
...
006 (73445606.000.000) 2021-09-25 09:07:13 Image size of job updated: 1697
	1697  -  MemoryUsage of job (MB)
	1738016  -  ResidentSetSize of job (KB)
...
006 (73445606.000.000) 2021-09-25 09:08:13 Image size of job updated: 1697
	1697  -  MemoryUsage of job (MB)
	1738604  -  ResidentSetSize of job (KB)
...
006 (73445606.000.000) 2021-09-25 09:10:13 Image size of job updated: 1698
	1698  -  MemoryUsage of job (MB)
	1738880  -  ResidentSetSize of job (KB)
...
006 (73445606.000.000) 2021-09-25 09:11:14 Image size of job updated: 1698
	1698  -  MemoryUsage of job (MB)
	1739152  -  ResidentSetSize of job (KB)
...
006 (73445606.000.000) 2021-09-25 09:12:14 Image size of job updated: 1698
	1698  -  MemoryUsage of job (MB)
	1739160  -  ResidentSetSize of job (KB)
...
006 (73445606.000.000) 2021-09-25 09:13:15 Image size of job updated: 1698
	1698  -  MemoryUsage of job (MB)
	1739600  -  ResidentSetSize of job (KB)
...
006 (73445606.000.000) 2021-09-25 09:14:16 Image size of job updated: 1698
	1698  -  MemoryUsage of job (MB)
	1739604  -  ResidentSetSize of job (KB)
...
006 (73445606.000.000) 2021-09-25 09:15:17 Image size of job updated: 1699
	1699  -  MemoryUsage of job (MB)
	1740140  -  ResidentSetSize of job (KB)
...
006 (73445606.000.000) 2021-09-25 09:16:17 Image size of job updated: 1700
	1700  -  MemoryUsage of job (MB)
	1740996  -  ResidentSetSize of job (KB)
...
006 (73445606.000.000) 2021-09-25 09:17:17 Image size of job updated: 1700
	1700  -  MemoryUsage of job (MB)
	1741000  -  ResidentSetSize of job (KB)
...
006 (73445606.000.000) 2021-09-25 09:18:18 Image size of job updated: 1700
	1700  -  MemoryUsage of job (MB)
	1741304  -  ResidentSetSize of job (KB)
...
006 (73445606.000.000) 2021-09-25 09:19:19 Image size of job updated: 1700
	1700  -  MemoryUsage of job (MB)
	1741308  -  ResidentSetSize of job (KB)
...
006 (73445606.000.000) 2021-09-25 09:20:20 Image size of job updated: 1700
	1700  -  MemoryUsage of job (MB)
	1741756  -  ResidentSetSize of job (KB)
...
006 (73445606.000.000) 2021-09-25 09:21:20 Image size of job updated: 1701
	1701  -  MemoryUsage of job (MB)
	1742292  -  ResidentSetSize of job (KB)
...
006 (73445606.000.000) 2021-09-25 09:22:21 Image size of job updated: 1701
	1701  -  MemoryUsage of job (MB)
	1742616  -  ResidentSetSize of job (KB)
...
006 (73445606.000.000) 2021-09-25 09:23:21 Image size of job updated: 1702
	1702  -  MemoryUsage of job (MB)
	1742928  -  ResidentSetSize of job (KB)
...
006 (73445606.000.000) 2021-09-25 09:24:22 Image size of job updated: 1702
	1702  -  MemoryUsage of job (MB)
	1743104  -  ResidentSetSize of job (KB)
...
006 (73445606.000.000) 2021-09-25 09:25:24 Image size of job updated: 1702
	1702  -  MemoryUsage of job (MB)
	1743584  -  ResidentSetSize of job (KB)
...
006 (73445606.000.000) 2021-09-25 09:26:24 Image size of job updated: 1703
	1703  -  MemoryUsage of job (MB)
	1744044  -  ResidentSetSize of job (KB)
...
006 (73445606.000.000) 2021-09-25 09:27:24 Image size of job updated: 1703
	1703  -  MemoryUsage of job (MB)
	1744572  -  ResidentSetSize of job (KB)
...
006 (73445606.000.000) 2021-09-25 09:28:24 Image size of job updated: 1703
	1703  -  MemoryUsage of job (MB)
	1744708  -  ResidentSetSize of job (KB)
...
006 (73445606.000.000) 2021-09-25 09:29:24 Image size of job updated: 1704
	1704  -  MemoryUsage of job (MB)
	1744916  -  ResidentSetSize of job (KB)
...
006 (73445606.000.000) 2021-09-25 09:30:26 Image size of job updated: 1704
	1704  -  MemoryUsage of job (MB)
	1745812  -  ResidentSetSize of job (KB)
...
006 (73445606.000.000) 2021-09-25 09:31:26 Image size of job updated: 1704
	1704  -  MemoryUsage of job (MB)
	1745876  -  ResidentSetSize of job (KB)
...
006 (73445606.000.000) 2021-09-25 09:32:27 Image size of job updated: 1706
	1706  -  MemoryUsage of job (MB)
	1747372  -  ResidentSetSize of job (KB)
...
006 (73445606.000.000) 2021-09-25 09:33:28 Image size of job updated: 1706
	1706  -  MemoryUsage of job (MB)
	1747916  -  ResidentSetSize of job (KB)
...
006 (73445606.000.000) 2021-09-25 09:34:29 Image size of job updated: 1707
	1707  -  MemoryUsage of job (MB)
	1748680  -  ResidentSetSize of job (KB)
...
006 (73445606.000.000) 2021-09-25 09:35:30 Image size of job updated: 1707
	1707  -  MemoryUsage of job (MB)
	1748684  -  ResidentSetSize of job (KB)
...
006 (73445606.000.000) 2021-09-25 09:36:30 Image size of job updated: 1708
	1708  -  MemoryUsage of job (MB)
	1749152  -  ResidentSetSize of job (KB)
...
006 (73445606.000.000) 2021-09-25 09:37:31 Image size of job updated: 1708
	1708  -  MemoryUsage of job (MB)
	1749156  -  ResidentSetSize of job (KB)
...
006 (73445606.000.000) 2021-09-25 09:38:31 Image size of job updated: 1708
	1708  -  MemoryUsage of job (MB)
	1749288  -  ResidentSetSize of job (KB)
...
006 (73445606.000.000) 2021-09-25 09:40:31 Image size of job updated: 1708
	1708  -  MemoryUsage of job (MB)
	1749292  -  ResidentSetSize of job (KB)
...
006 (73445606.000.000) 2021-09-25 09:41:33 Image size of job updated: 1708
	1708  -  MemoryUsage of job (MB)
	1749336  -  ResidentSetSize of job (KB)
...
006 (73445606.000.000) 2021-09-25 09:42:33 Image size of job updated: 1708
	1708  -  MemoryUsage of job (MB)
	1749344  -  ResidentSetSize of job (KB)
...
006 (73445606.000.000) 2021-09-25 09:43:33 Image size of job updated: 1709
	1709  -  MemoryUsage of job (MB)
	1750256  -  ResidentSetSize of job (KB)
...
006 (73445606.000.000) 2021-09-25 09:44:33 Image size of job updated: 1709
	1709  -  MemoryUsage of job (MB)
	1750264  -  ResidentSetSize of job (KB)
...
006 (73445606.000.000) 2021-09-25 09:45:34 Image size of job updated: 1710
	1710  -  MemoryUsage of job (MB)
	1751696  -  ResidentSetSize of job (KB)
...
006 (73445606.000.000) 2021-09-25 09:46:34 Image size of job updated: 1710
	1710  -  MemoryUsage of job (MB)
	1751704  -  ResidentSetSize of job (KB)
...
006 (73445606.000.000) 2021-09-25 09:47:34 Image size of job updated: 1711
	1711  -  MemoryUsage of job (MB)
	1752516  -  ResidentSetSize of job (KB)
...
006 (73445606.000.000) 2021-09-25 09:49:34 Image size of job updated: 1712
	1712  -  MemoryUsage of job (MB)
	1753256  -  ResidentSetSize of job (KB)
...
006 (73445606.000.000) 2021-09-25 09:51:36 Image size of job updated: 1713
	1713  -  MemoryUsage of job (MB)
	1754544  -  ResidentSetSize of job (KB)
...
006 (73445606.000.000) 2021-09-25 09:54:38 Image size of job updated: 1713
	1713  -  MemoryUsage of job (MB)
	1755032  -  ResidentSetSize of job (KB)
...
006 (73445606.000.000) 2021-09-25 09:55:39 Image size of job updated: 1714
	1714  -  MemoryUsage of job (MB)
	1755228  -  ResidentSetSize of job (KB)
...
006 (73445606.000.000) 2021-09-25 09:56:39 Image size of job updated: 1714
	1714  -  MemoryUsage of job (MB)
	1755892  -  ResidentSetSize of job (KB)
...
006 (73445606.000.000) 2021-09-25 09:58:41 Image size of job updated: 1715
	1715  -  MemoryUsage of job (MB)
	1756676  -  ResidentSetSize of job (KB)
...
006 (73445606.000.000) 2021-09-25 09:59:43 Image size of job updated: 1715
	1715  -  MemoryUsage of job (MB)
	1756812  -  ResidentSetSize of job (KB)
...
006 (73445606.000.000) 2021-09-25 10:00:43 Image size of job updated: 1715
	1715  -  MemoryUsage of job (MB)
	1757112  -  ResidentSetSize of job (KB)
...
006 (73445606.000.000) 2021-09-25 10:01:43 Image size of job updated: 1716
	1716  -  MemoryUsage of job (MB)
	1757264  -  ResidentSetSize of job (KB)
...
006 (73445606.000.000) 2021-09-25 10:02:43 Image size of job updated: 1716
	1716  -  MemoryUsage of job (MB)
	1757684  -  ResidentSetSize of job (KB)
...
006 (73445606.000.000) 2021-09-25 10:03:44 Image size of job updated: 1716
	1716  -  MemoryUsage of job (MB)
	1757808  -  ResidentSetSize of job (KB)
...
006 (73445606.000.000) 2021-09-25 10:04:46 Image size of job updated: 1717
	1717  -  MemoryUsage of job (MB)
	1758236  -  ResidentSetSize of job (KB)
...
006 (73445606.000.000) 2021-09-25 10:05:46 Image size of job updated: 1717
	1717  -  MemoryUsage of job (MB)
	1758240  -  ResidentSetSize of job (KB)
...
006 (73445606.000.000) 2021-09-25 10:06:46 Image size of job updated: 1717
	1717  -  MemoryUsage of job (MB)
	1758996  -  ResidentSetSize of job (KB)
...
006 (73445606.000.000) 2021-09-25 10:08:46 Image size of job updated: 1718
	1718  -  MemoryUsage of job (MB)
	1759636  -  ResidentSetSize of job (KB)
...
006 (73445606.000.000) 2021-09-25 10:10:47 Image size of job updated: 1718
	1718  -  MemoryUsage of job (MB)
	1759912  -  ResidentSetSize of job (KB)
...
006 (73445606.000.000) 2021-09-25 10:12:48 Image size of job updated: 1719
	1719  -  MemoryUsage of job (MB)
	1760532  -  ResidentSetSize of job (KB)
...
006 (73445606.000.000) 2021-09-25 10:13:49 Image size of job updated: 1719
	1719  -  MemoryUsage of job (MB)
	1760536  -  ResidentSetSize of job (KB)
...
006 (73445606.000.000) 2021-09-25 10:14:50 Image size of job updated: 1719
	1719  -  MemoryUsage of job (MB)
	1761168  -  ResidentSetSize of job (KB)
...
006 (73445606.000.000) 2021-09-25 10:16:51 Image size of job updated: 1720
	1720  -  MemoryUsage of job (MB)
	1761704  -  ResidentSetSize of job (KB)
...
006 (73445606.000.000) 2021-09-25 10:18:54 Image size of job updated: 1721
	1721  -  MemoryUsage of job (MB)
	1762436  -  ResidentSetSize of job (KB)
...
006 (73445606.000.000) 2021-09-25 10:20:55 Image size of job updated: 1721
	1721  -  MemoryUsage of job (MB)
	1762668  -  ResidentSetSize of job (KB)
...
006 (73445606.000.000) 2021-09-25 10:21:55 Image size of job updated: 1721
	1721  -  MemoryUsage of job (MB)
	1762672  -  ResidentSetSize of job (KB)
...
006 (73445606.000.000) 2021-09-25 10:22:55 Image size of job updated: 1722
	1722  -  MemoryUsage of job (MB)
	1763380  -  ResidentSetSize of job (KB)
...
006 (73445606.000.000) 2021-09-25 10:24:57 Image size of job updated: 1722
	1722  -  MemoryUsage of job (MB)
	1763836  -  ResidentSetSize of job (KB)
...
006 (73445606.000.000) 2021-09-25 10:25:57 Image size of job updated: 1722
	1722  -  MemoryUsage of job (MB)
	1763856  -  ResidentSetSize of job (KB)
...
006 (73445606.000.000) 2021-09-25 10:26:57 Image size of job updated: 1722
	1722  -  MemoryUsage of job (MB)
	1764156  -  ResidentSetSize of job (KB)
...
006 (73445606.000.000) 2021-09-25 10:27:58 Image size of job updated: 1722
	1722  -  MemoryUsage of job (MB)
	1764168  -  ResidentSetSize of job (KB)
...
006 (73445606.000.000) 2021-09-25 10:28:58 Image size of job updated: 1723
	1723  -  MemoryUsage of job (MB)
	1764504  -  ResidentSetSize of job (KB)
...
006 (73445606.000.000) 2021-09-25 10:29:59 Image size of job updated: 1723
	1723  -  MemoryUsage of job (MB)
	1764508  -  ResidentSetSize of job (KB)
...
006 (73445606.000.000) 2021-09-25 10:30:59 Image size of job updated: 1723
	1723  -  MemoryUsage of job (MB)
	1764736  -  ResidentSetSize of job (KB)
...
006 (73445606.000.000) 2021-09-25 10:32:00 Image size of job updated: 1723
	1723  -  MemoryUsage of job (MB)
	1764744  -  ResidentSetSize of job (KB)
...
006 (73445606.000.000) 2021-09-25 10:33:01 Image size of job updated: 1723
	1723  -  MemoryUsage of job (MB)
	1765088  -  ResidentSetSize of job (KB)
...
006 (73445606.000.000) 2021-09-25 10:34:02 Image size of job updated: 1723
	1723  -  MemoryUsage of job (MB)
	1765100  -  ResidentSetSize of job (KB)
...
006 (73445606.000.000) 2021-09-25 10:35:02 Image size of job updated: 1724
	1724  -  MemoryUsage of job (MB)
	1765916  -  ResidentSetSize of job (KB)
...
006 (73445606.000.000) 2021-09-25 10:36:03 Image size of job updated: 1725
	1725  -  MemoryUsage of job (MB)
	1766400  -  ResidentSetSize of job (KB)
...
006 (73445606.000.000) 2021-09-25 10:37:04 Image size of job updated: 1725
	1725  -  MemoryUsage of job (MB)
	1766900  -  ResidentSetSize of job (KB)
...
006 (73445606.000.000) 2021-09-25 10:38:05 Image size of job updated: 1725
	1725  -  MemoryUsage of job (MB)
	1766908  -  ResidentSetSize of job (KB)
...
006 (73445606.000.000) 2021-09-25 10:39:05 Image size of job updated: 1726
	1726  -  MemoryUsage of job (MB)
	1767616  -  ResidentSetSize of job (KB)
...
006 (73445606.000.000) 2021-09-25 10:40:06 Image size of job updated: 1726
	1726  -  MemoryUsage of job (MB)
	1767876  -  ResidentSetSize of job (KB)
...
006 (73445606.000.000) 2021-09-25 10:41:06 Image size of job updated: 1726
	1726  -  MemoryUsage of job (MB)
	1768220  -  ResidentSetSize of job (KB)
...
006 (73445606.000.000) 2021-09-25 10:42:07 Image size of job updated: 1727
	1727  -  MemoryUsage of job (MB)
	1768608  -  ResidentSetSize of job (KB)
...
006 (73445606.000.000) 2021-09-25 10:43:08 Image size of job updated: 1727
	1727  -  MemoryUsage of job (MB)
	1768780  -  ResidentSetSize of job (KB)
...
006 (73445606.000.000) 2021-09-25 10:45:09 Image size of job updated: 1727
	1727  -  MemoryUsage of job (MB)
	1769160  -  ResidentSetSize of job (KB)
...
006 (73445606.000.000) 2021-09-25 10:46:11 Image size of job updated: 1728
	1728  -  MemoryUsage of job (MB)
	1769664  -  ResidentSetSize of job (KB)
...
006 (73445606.000.000) 2021-09-25 10:47:11 Image size of job updated: 1728
	1728  -  MemoryUsage of job (MB)
	1770316  -  ResidentSetSize of job (KB)
...
006 (73445606.000.000) 2021-09-25 10:48:11 Image size of job updated: 1728
	1728  -  MemoryUsage of job (MB)
	1770328  -  ResidentSetSize of job (KB)
...
006 (73445606.000.000) 2021-09-25 10:49:12 Image size of job updated: 1729
	1729  -  MemoryUsage of job (MB)
	1770916  -  ResidentSetSize of job (KB)
...
006 (73445606.000.000) 2021-09-25 10:50:12 Image size of job updated: 1729
	1729  -  MemoryUsage of job (MB)
	1770920  -  ResidentSetSize of job (KB)
...
006 (73445606.000.000) 2021-09-25 10:51:12 Image size of job updated: 1729
	1729  -  MemoryUsage of job (MB)
	1771260  -  ResidentSetSize of job (KB)
...
006 (73445606.000.000) 2021-09-25 10:52:13 Image size of job updated: 1729
	1729  -  MemoryUsage of job (MB)
	1771264  -  ResidentSetSize of job (KB)
...
006 (73445606.000.000) 2021-09-25 10:53:14 Image size of job updated: 1730
	1730  -  MemoryUsage of job (MB)
	1771948  -  ResidentSetSize of job (KB)
...
006 (73445606.000.000) 2021-09-25 10:54:15 Image size of job updated: 1730
	1730  -  MemoryUsage of job (MB)
	1772480  -  ResidentSetSize of job (KB)
...
006 (73445606.000.000) 2021-09-25 10:55:15 Image size of job updated: 1730
	1730  -  MemoryUsage of job (MB)
	1772492  -  ResidentSetSize of job (KB)
...
006 (73445606.000.000) 2021-09-25 10:56:16 Image size of job updated: 1731
	1731  -  MemoryUsage of job (MB)
	1773060  -  ResidentSetSize of job (KB)
...
006 (73445606.000.000) 2021-09-25 10:57:16 Image size of job updated: 1731
	1731  -  MemoryUsage of job (MB)
	1773200  -  ResidentSetSize of job (KB)
...
006 (73445606.000.000) 2021-09-25 10:58:16 Image size of job updated: 1732
	1732  -  MemoryUsage of job (MB)
	1773804  -  ResidentSetSize of job (KB)
...
006 (73445606.000.000) 2021-09-25 11:00:18 Image size of job updated: 1732
	1732  -  MemoryUsage of job (MB)
	1774316  -  ResidentSetSize of job (KB)
...
006 (73445606.000.000) 2021-09-25 11:01:20 Image size of job updated: 1732
	1732  -  MemoryUsage of job (MB)
	1774320  -  ResidentSetSize of job (KB)
...
006 (73445606.000.000) 2021-09-25 11:02:20 Image size of job updated: 1733
	1733  -  MemoryUsage of job (MB)
	1774892  -  ResidentSetSize of job (KB)
...
006 (73445606.000.000) 2021-09-25 11:04:22 Image size of job updated: 1733
	1733  -  MemoryUsage of job (MB)
	1775224  -  ResidentSetSize of job (KB)
...
006 (73445606.000.000) 2021-09-25 11:06:23 Image size of job updated: 1734
	1734  -  MemoryUsage of job (MB)
	1775900  -  ResidentSetSize of job (KB)
...
006 (73445606.000.000) 2021-09-25 11:07:25 Image size of job updated: 1734
	1734  -  MemoryUsage of job (MB)
	1775904  -  ResidentSetSize of job (KB)
...
006 (73445606.000.000) 2021-09-25 11:08:25 Image size of job updated: 1735
	1735  -  MemoryUsage of job (MB)
	1776924  -  ResidentSetSize of job (KB)
...
006 (73445606.000.000) 2021-09-25 11:09:25 Image size of job updated: 1735
	1735  -  MemoryUsage of job (MB)
	1776940  -  ResidentSetSize of job (KB)
...
006 (73445606.000.000) 2021-09-25 11:10:25 Image size of job updated: 1735
	1735  -  MemoryUsage of job (MB)
	1777164  -  ResidentSetSize of job (KB)
...
006 (73445606.000.000) 2021-09-25 11:12:25 Image size of job updated: 1736
	1736  -  MemoryUsage of job (MB)
	1777700  -  ResidentSetSize of job (KB)
...
006 (73445606.000.000) 2021-09-25 11:14:26 Image size of job updated: 1736
	1736  -  MemoryUsage of job (MB)
	1778464  -  ResidentSetSize of job (KB)
...
006 (73445606.000.000) 2021-09-25 11:15:27 Image size of job updated: 1736
	1736  -  MemoryUsage of job (MB)
	1778468  -  ResidentSetSize of job (KB)
...
006 (73445606.000.000) 2021-09-25 11:16:27 Image size of job updated: 1737
	1737  -  MemoryUsage of job (MB)
	1779048  -  ResidentSetSize of job (KB)
...
006 (73445606.000.000) 2021-09-25 11:17:28 Image size of job updated: 1737
	1737  -  MemoryUsage of job (MB)
	1779436  -  ResidentSetSize of job (KB)
...
006 (73445606.000.000) 2021-09-25 11:18:28 Image size of job updated: 1737
	1737  -  MemoryUsage of job (MB)
	1779552  -  ResidentSetSize of job (KB)
...
006 (73445606.000.000) 2021-09-25 11:19:29 Image size of job updated: 1737
	1737  -  MemoryUsage of job (MB)
	1779564  -  ResidentSetSize of job (KB)
...
006 (73445606.000.000) 2021-09-25 11:20:29 Image size of job updated: 1738
	1738  -  MemoryUsage of job (MB)
	1779940  -  ResidentSetSize of job (KB)
...
006 (73445606.000.000) 2021-09-25 11:21:29 Image size of job updated: 1738
	1738  -  MemoryUsage of job (MB)
	1780420  -  ResidentSetSize of job (KB)
...
006 (73445606.000.000) 2021-09-25 11:22:30 Image size of job updated: 1738
	1738  -  MemoryUsage of job (MB)
	1780428  -  ResidentSetSize of job (KB)
...
006 (73445606.000.000) 2021-09-25 11:23:31 Image size of job updated: 1738
	1738  -  MemoryUsage of job (MB)
	1780732  -  ResidentSetSize of job (KB)
...
006 (73445606.000.000) 2021-09-25 11:25:33 Image size of job updated: 1739
	1739  -  MemoryUsage of job (MB)
	1781180  -  ResidentSetSize of job (KB)
...
006 (73445606.000.000) 2021-09-25 11:27:33 Image size of job updated: 1739
	1739  -  MemoryUsage of job (MB)
	1781716  -  ResidentSetSize of job (KB)
...
006 (73445606.000.000) 2021-09-25 11:28:33 Image size of job updated: 1740
	1740  -  MemoryUsage of job (MB)
	1781888  -  ResidentSetSize of job (KB)
...
006 (73445606.000.000) 2021-09-25 11:29:33 Image size of job updated: 1740
	1740  -  MemoryUsage of job (MB)
	1782084  -  ResidentSetSize of job (KB)
...
006 (73445606.000.000) 2021-09-25 11:30:33 Image size of job updated: 1740
	1740  -  MemoryUsage of job (MB)
	1782200  -  ResidentSetSize of job (KB)
...
006 (73445606.000.000) 2021-09-25 11:31:33 Image size of job updated: 1741
	1741  -  MemoryUsage of job (MB)
	1782916  -  ResidentSetSize of job (KB)
...
006 (73445606.000.000) 2021-09-25 11:32:33 Image size of job updated: 1741
	1741  -  MemoryUsage of job (MB)
	1782924  -  ResidentSetSize of job (KB)
...
006 (73445606.000.000) 2021-09-25 11:33:33 Image size of job updated: 1741
	1741  -  MemoryUsage of job (MB)
	1783360  -  ResidentSetSize of job (KB)
...
006 (73445606.000.000) 2021-09-25 11:34:33 Image size of job updated: 1741
	1741  -  MemoryUsage of job (MB)
	1783452  -  ResidentSetSize of job (KB)
...
006 (73445606.000.000) 2021-09-25 11:35:33 Image size of job updated: 1742
	1742  -  MemoryUsage of job (MB)
	1783812  -  ResidentSetSize of job (KB)
...
006 (73445606.000.000) 2021-09-25 11:36:33 Image size of job updated: 1742
	1742  -  MemoryUsage of job (MB)
	1783912  -  ResidentSetSize of job (KB)
...
006 (73445606.000.000) 2021-09-25 11:37:34 Image size of job updated: 1742
	1742  -  MemoryUsage of job (MB)
	1784476  -  ResidentSetSize of job (KB)
...
006 (73445606.000.000) 2021-09-25 11:39:36 Image size of job updated: 1742
	1742  -  MemoryUsage of job (MB)
	1784792  -  ResidentSetSize of job (KB)
...
006 (73445606.000.000) 2021-09-25 11:40:36 Image size of job updated: 1742
	1742  -  MemoryUsage of job (MB)
	1784796  -  ResidentSetSize of job (KB)
...
006 (73445606.000.000) 2021-09-25 11:41:36 Image size of job updated: 1743
	1743  -  MemoryUsage of job (MB)
	1785336  -  ResidentSetSize of job (KB)
...
006 (73445606.000.000) 2021-09-25 11:43:37 Image size of job updated: 1743
	1743  -  MemoryUsage of job (MB)
	1785524  -  ResidentSetSize of job (KB)
...
040 (73445606.000.000) 2021-09-25 11:43:41 Started transferring output files
...
040 (73445606.000.000) 2021-09-25 11:43:41 Finished transferring output files
...
005 (73445606.000.000) 2021-09-25 11:43:43 Job terminated.
	(1) Normal termination (return value 0)
		Usr 0 01:33:03, Sys 0 02:36:23  -  Run Remote Usage
		Usr 0 00:00:00, Sys 0 00:00:00  -  Run Local Usage
		Usr 0 01:33:03, Sys 0 02:36:23  -  Total Remote Usage
		Usr 0 00:00:00, Sys 0 00:00:00  -  Total Local Usage
	1234136  -  Run Bytes Sent By Job
	8471570  -  Run Bytes Received By Job
	1234136  -  Total Bytes Sent By Job
	8471570  -  Total Bytes Received By Job
	Partitionable Resources :    Usage  Request Allocated 
	   Cpus                 :     0.00        1         1 
	   Disk (KB)            : 30213       10000    761080 
	   Memory (MB)          :  1743        2048      2048 

	Job terminated of its own accord at 2021-09-25T16:43:41Z.
...
