000 (73340772.000.000) 2021-09-16 05:46:50 Job submitted from host: <131.225.188.235:9618?addrs=131.225.188.235-9618&alias=lpcschedd3.fnal.gov&noUDP&sock=schedd_2706_ab5d>
...
040 (73340772.000.000) 2021-09-16 13:19:46 Started transferring input files
	Transferring to host: <131.225.191.189:9618?addrs=131.225.191.189-9618&alias=cmswn1901.fnal.gov&noUDP&sock=slot1_8_1215_d3ca_1950>
...
040 (73340772.000.000) 2021-09-16 13:19:46 Finished transferring input files
...
001 (73340772.000.000) 2021-09-16 13:19:47 Job executing on host: <131.225.191.189:9618?addrs=131.225.191.189-9618&alias=cmswn1901.fnal.gov&noUDP&sock=startd_1139_d676>
...
006 (73340772.000.000) 2021-09-16 13:19:56 Image size of job updated: 14
	14  -  MemoryUsage of job (MB)
	15104  -  ResidentSetSize of job (KB)
...
006 (73340772.000.000) 2021-09-16 13:20:56 Image size of job updated: 535
	535  -  MemoryUsage of job (MB)
	548744  -  ResidentSetSize of job (KB)
...
006 (73340772.000.000) 2021-09-16 13:24:58 Image size of job updated: 579
	579  -  MemoryUsage of job (MB)
	593756  -  ResidentSetSize of job (KB)
...
006 (73340772.000.000) 2021-09-16 13:25:58 Image size of job updated: 629
	629  -  MemoryUsage of job (MB)
	644356  -  ResidentSetSize of job (KB)
...
006 (73340772.000.000) 2021-09-16 13:26:58 Image size of job updated: 670
	670  -  MemoryUsage of job (MB)
	687088  -  ResidentSetSize of job (KB)
...
006 (73340772.000.000) 2021-09-16 13:27:59 Image size of job updated: 709
	709  -  MemoryUsage of job (MB)
	726424  -  ResidentSetSize of job (KB)
...
006 (73340772.000.000) 2021-09-16 13:28:59 Image size of job updated: 744
	744  -  MemoryUsage of job (MB)
	762572  -  ResidentSetSize of job (KB)
...
006 (73340772.000.000) 2021-09-16 13:29:59 Image size of job updated: 778
	778  -  MemoryUsage of job (MB)
	797284  -  ResidentSetSize of job (KB)
...
006 (73340772.000.000) 2021-09-16 13:31:00 Image size of job updated: 811
	811  -  MemoryUsage of job (MB)
	831056  -  ResidentSetSize of job (KB)
...
006 (73340772.000.000) 2021-09-16 13:32:00 Image size of job updated: 841
	841  -  MemoryUsage of job (MB)
	861280  -  ResidentSetSize of job (KB)
...
006 (73340772.000.000) 2021-09-16 13:33:00 Image size of job updated: 870
	870  -  MemoryUsage of job (MB)
	891452  -  ResidentSetSize of job (KB)
...
006 (73340772.000.000) 2021-09-16 13:34:01 Image size of job updated: 910
	910  -  MemoryUsage of job (MB)
	932428  -  ResidentSetSize of job (KB)
...
006 (73340772.000.000) 2021-09-16 13:35:01 Image size of job updated: 939
	939  -  MemoryUsage of job (MB)
	962328  -  ResidentSetSize of job (KB)
...
006 (73340772.000.000) 2021-09-16 13:36:02 Image size of job updated: 967
	967  -  MemoryUsage of job (MB)
	990284  -  ResidentSetSize of job (KB)
...
006 (73340772.000.000) 2021-09-16 13:37:03 Image size of job updated: 992
	992  -  MemoryUsage of job (MB)
	1016760  -  ResidentSetSize of job (KB)
...
006 (73340772.000.000) 2021-09-16 13:38:03 Image size of job updated: 1020
	1020  -  MemoryUsage of job (MB)
	1044540  -  ResidentSetSize of job (KB)
...
006 (73340772.000.000) 2021-09-16 13:39:04 Image size of job updated: 1048
	1048  -  MemoryUsage of job (MB)
	1073340  -  ResidentSetSize of job (KB)
...
006 (73340772.000.000) 2021-09-16 13:40:05 Image size of job updated: 1080
	1080  -  MemoryUsage of job (MB)
	1106268  -  ResidentSetSize of job (KB)
...
006 (73340772.000.000) 2021-09-16 13:41:05 Image size of job updated: 1103
	1103  -  MemoryUsage of job (MB)
	1129952  -  ResidentSetSize of job (KB)
...
006 (73340772.000.000) 2021-09-16 13:42:06 Image size of job updated: 1126
	1126  -  MemoryUsage of job (MB)
	1153376  -  ResidentSetSize of job (KB)
...
006 (73340772.000.000) 2021-09-16 13:43:06 Image size of job updated: 1148
	1148  -  MemoryUsage of job (MB)
	1175724  -  ResidentSetSize of job (KB)
...
006 (73340772.000.000) 2021-09-16 13:44:06 Image size of job updated: 1170
	1170  -  MemoryUsage of job (MB)
	1198656  -  ResidentSetSize of job (KB)
...
006 (73340772.000.000) 2021-09-16 13:45:07 Image size of job updated: 1191
	1191  -  MemoryUsage of job (MB)
	1220212  -  ResidentSetSize of job (KB)
...
006 (73340772.000.000) 2021-09-16 13:46:07 Image size of job updated: 1212
	1212  -  MemoryUsage of job (MB)
	1241412  -  ResidentSetSize of job (KB)
...
006 (73340772.000.000) 2021-09-16 13:47:07 Image size of job updated: 1232
	1232  -  MemoryUsage of job (MB)
	1262160  -  ResidentSetSize of job (KB)
...
006 (73340772.000.000) 2021-09-16 13:48:08 Image size of job updated: 1252
	1252  -  MemoryUsage of job (MB)
	1282508  -  ResidentSetSize of job (KB)
...
006 (73340772.000.000) 2021-09-16 13:49:08 Image size of job updated: 1272
	1272  -  MemoryUsage of job (MB)
	1302552  -  ResidentSetSize of job (KB)
...
006 (73340772.000.000) 2021-09-16 13:50:08 Image size of job updated: 1290
	1290  -  MemoryUsage of job (MB)
	1321872  -  ResidentSetSize of job (KB)
...
006 (73340772.000.000) 2021-09-16 13:51:09 Image size of job updated: 1309
	1309  -  MemoryUsage of job (MB)
	1341020  -  ResidentSetSize of job (KB)
...
006 (73340772.000.000) 2021-09-16 13:52:09 Image size of job updated: 1327
	1327  -  MemoryUsage of job (MB)
	1359744  -  ResidentSetSize of job (KB)
...
006 (73340772.000.000) 2021-09-16 13:53:09 Image size of job updated: 1346
	1346  -  MemoryUsage of job (MB)
	1378536  -  ResidentSetSize of job (KB)
...
006 (73340772.000.000) 2021-09-16 13:54:10 Image size of job updated: 1364
	1364  -  MemoryUsage of job (MB)
	1397048  -  ResidentSetSize of job (KB)
...
006 (73340772.000.000) 2021-09-16 13:55:10 Image size of job updated: 1382
	1382  -  MemoryUsage of job (MB)
	1415280  -  ResidentSetSize of job (KB)
...
006 (73340772.000.000) 2021-09-16 13:56:10 Image size of job updated: 1399
	1399  -  MemoryUsage of job (MB)
	1433172  -  ResidentSetSize of job (KB)
...
006 (73340772.000.000) 2021-09-16 13:57:11 Image size of job updated: 1416
	1416  -  MemoryUsage of job (MB)
	1450924  -  ResidentSetSize of job (KB)
...
006 (73340772.000.000) 2021-09-16 13:58:11 Image size of job updated: 1433
	1433  -  MemoryUsage of job (MB)
	1468220  -  ResidentSetSize of job (KB)
...
006 (73340772.000.000) 2021-09-16 13:59:11 Image size of job updated: 1450
	1450  -  MemoryUsage of job (MB)
	1485312  -  ResidentSetSize of job (KB)
...
006 (73340772.000.000) 2021-09-16 14:00:12 Image size of job updated: 1466
	1466  -  MemoryUsage of job (MB)
	1502084  -  ResidentSetSize of job (KB)
...
006 (73340772.000.000) 2021-09-16 14:01:13 Image size of job updated: 1483
	1483  -  MemoryUsage of job (MB)
	1518640  -  ResidentSetSize of job (KB)
...
006 (73340772.000.000) 2021-09-16 14:02:13 Image size of job updated: 1499
	1499  -  MemoryUsage of job (MB)
	1535160  -  ResidentSetSize of job (KB)
...
006 (73340772.000.000) 2021-09-16 14:03:14 Image size of job updated: 1515
	1515  -  MemoryUsage of job (MB)
	1551440  -  ResidentSetSize of job (KB)
...
006 (73340772.000.000) 2021-09-16 14:04:15 Image size of job updated: 1530
	1530  -  MemoryUsage of job (MB)
	1567612  -  ResidentSetSize of job (KB)
...
006 (73340772.000.000) 2021-09-16 14:05:15 Image size of job updated: 1622
	1622  -  MemoryUsage of job (MB)
	1661652  -  ResidentSetSize of job (KB)
...
006 (73340772.000.000) 2021-09-16 14:06:16 Image size of job updated: 1628
	1628  -  MemoryUsage of job (MB)
	1667900  -  ResidentSetSize of job (KB)
...
006 (73340772.000.000) 2021-09-16 14:07:17 Image size of job updated: 1647
	1647  -  MemoryUsage of job (MB)
	1686644  -  ResidentSetSize of job (KB)
...
006 (73340772.000.000) 2021-09-16 14:08:17 Image size of job updated: 1654
	1654  -  MemoryUsage of job (MB)
	1694508  -  ResidentSetSize of job (KB)
...
006 (73340772.000.000) 2021-09-16 14:09:18 Image size of job updated: 1658
	1658  -  MemoryUsage of job (MB)
	1698492  -  ResidentSetSize of job (KB)
...
006 (73340772.000.000) 2021-09-16 14:10:19 Image size of job updated: 1661
	1661  -  MemoryUsage of job (MB)
	1701740  -  ResidentSetSize of job (KB)
...
006 (73340772.000.000) 2021-09-16 14:11:19 Image size of job updated: 1666
	1666  -  MemoryUsage of job (MB)
	1706300  -  ResidentSetSize of job (KB)
...
006 (73340772.000.000) 2021-09-16 14:12:20 Image size of job updated: 1669
	1669  -  MemoryUsage of job (MB)
	1710012  -  ResidentSetSize of job (KB)
...
006 (73340772.000.000) 2021-09-16 14:13:21 Image size of job updated: 1672
	1672  -  MemoryUsage of job (MB)
	1712704  -  ResidentSetSize of job (KB)
...
006 (73340772.000.000) 2021-09-16 14:14:21 Image size of job updated: 1676
	1676  -  MemoryUsage of job (MB)
	1717224  -  ResidentSetSize of job (KB)
...
006 (73340772.000.000) 2021-09-16 14:15:22 Image size of job updated: 1678
	1678  -  MemoryUsage of job (MB)
	1719192  -  ResidentSetSize of job (KB)
...
006 (73340772.000.000) 2021-09-16 14:16:22 Image size of job updated: 1679
	1679  -  MemoryUsage of job (MB)
	1719712  -  ResidentSetSize of job (KB)
...
006 (73340772.000.000) 2021-09-16 14:17:23 Image size of job updated: 1681
	1681  -  MemoryUsage of job (MB)
	1721912  -  ResidentSetSize of job (KB)
...
006 (73340772.000.000) 2021-09-16 14:18:24 Image size of job updated: 1683
	1683  -  MemoryUsage of job (MB)
	1723844  -  ResidentSetSize of job (KB)
...
006 (73340772.000.000) 2021-09-16 14:19:25 Image size of job updated: 1684
	1684  -  MemoryUsage of job (MB)
	1724704  -  ResidentSetSize of job (KB)
...
006 (73340772.000.000) 2021-09-16 14:20:25 Image size of job updated: 1685
	1685  -  MemoryUsage of job (MB)
	1725720  -  ResidentSetSize of job (KB)
...
006 (73340772.000.000) 2021-09-16 14:21:26 Image size of job updated: 1686
	1686  -  MemoryUsage of job (MB)
	1727076  -  ResidentSetSize of job (KB)
...
006 (73340772.000.000) 2021-09-16 14:22:26 Image size of job updated: 1689
	1689  -  MemoryUsage of job (MB)
	1729556  -  ResidentSetSize of job (KB)
...
006 (73340772.000.000) 2021-09-16 14:23:27 Image size of job updated: 1690
	1690  -  MemoryUsage of job (MB)
	1731528  -  ResidentSetSize of job (KB)
...
006 (73340772.000.000) 2021-09-16 14:24:28 Image size of job updated: 1691
	1691  -  MemoryUsage of job (MB)
	1732408  -  ResidentSetSize of job (KB)
...
006 (73340772.000.000) 2021-09-16 14:25:28 Image size of job updated: 1692
	1692  -  MemoryUsage of job (MB)
	1733192  -  ResidentSetSize of job (KB)
...
006 (73340772.000.000) 2021-09-16 14:26:29 Image size of job updated: 1693
	1693  -  MemoryUsage of job (MB)
	1734404  -  ResidentSetSize of job (KB)
...
006 (73340772.000.000) 2021-09-16 14:27:30 Image size of job updated: 1694
	1694  -  MemoryUsage of job (MB)
	1735584  -  ResidentSetSize of job (KB)
...
006 (73340772.000.000) 2021-09-16 14:28:30 Image size of job updated: 1695
	1695  -  MemoryUsage of job (MB)
	1736684  -  ResidentSetSize of job (KB)
...
006 (73340772.000.000) 2021-09-16 14:29:31 Image size of job updated: 1696
	1696  -  MemoryUsage of job (MB)
	1737012  -  ResidentSetSize of job (KB)
...
006 (73340772.000.000) 2021-09-16 14:30:32 Image size of job updated: 1697
	1697  -  MemoryUsage of job (MB)
	1737836  -  ResidentSetSize of job (KB)
...
006 (73340772.000.000) 2021-09-16 14:31:32 Image size of job updated: 1697
	1697  -  MemoryUsage of job (MB)
	1738656  -  ResidentSetSize of job (KB)
...
006 (73340772.000.000) 2021-09-16 14:32:33 Image size of job updated: 1698
	1698  -  MemoryUsage of job (MB)
	1739480  -  ResidentSetSize of job (KB)
...
006 (73340772.000.000) 2021-09-16 14:33:33 Image size of job updated: 1699
	1699  -  MemoryUsage of job (MB)
	1740636  -  ResidentSetSize of job (KB)
...
006 (73340772.000.000) 2021-09-16 14:34:33 Image size of job updated: 1700
	1700  -  MemoryUsage of job (MB)
	1741376  -  ResidentSetSize of job (KB)
...
006 (73340772.000.000) 2021-09-16 14:35:34 Image size of job updated: 1700
	1700  -  MemoryUsage of job (MB)
	1741392  -  ResidentSetSize of job (KB)
...
006 (73340772.000.000) 2021-09-16 14:36:35 Image size of job updated: 1701
	1701  -  MemoryUsage of job (MB)
	1742144  -  ResidentSetSize of job (KB)
...
006 (73340772.000.000) 2021-09-16 14:37:35 Image size of job updated: 1702
	1702  -  MemoryUsage of job (MB)
	1742992  -  ResidentSetSize of job (KB)
...
006 (73340772.000.000) 2021-09-16 14:38:36 Image size of job updated: 1702
	1702  -  MemoryUsage of job (MB)
	1743416  -  ResidentSetSize of job (KB)
...
006 (73340772.000.000) 2021-09-16 14:39:36 Image size of job updated: 1703
	1703  -  MemoryUsage of job (MB)
	1744044  -  ResidentSetSize of job (KB)
...
006 (73340772.000.000) 2021-09-16 14:40:37 Image size of job updated: 1703
	1703  -  MemoryUsage of job (MB)
	1744272  -  ResidentSetSize of job (KB)
...
006 (73340772.000.000) 2021-09-16 14:41:38 Image size of job updated: 1704
	1704  -  MemoryUsage of job (MB)
	1744900  -  ResidentSetSize of job (KB)
...
006 (73340772.000.000) 2021-09-16 14:42:38 Image size of job updated: 1704
	1704  -  MemoryUsage of job (MB)
	1745776  -  ResidentSetSize of job (KB)
...
006 (73340772.000.000) 2021-09-16 14:43:39 Image size of job updated: 1705
	1705  -  MemoryUsage of job (MB)
	1746648  -  ResidentSetSize of job (KB)
...
006 (73340772.000.000) 2021-09-16 14:44:40 Image size of job updated: 1706
	1706  -  MemoryUsage of job (MB)
	1747360  -  ResidentSetSize of job (KB)
...
006 (73340772.000.000) 2021-09-16 14:45:40 Image size of job updated: 1706
	1706  -  MemoryUsage of job (MB)
	1747948  -  ResidentSetSize of job (KB)
...
006 (73340772.000.000) 2021-09-16 14:46:41 Image size of job updated: 1707
	1707  -  MemoryUsage of job (MB)
	1748540  -  ResidentSetSize of job (KB)
...
006 (73340772.000.000) 2021-09-16 14:47:41 Image size of job updated: 1708
	1708  -  MemoryUsage of job (MB)
	1749056  -  ResidentSetSize of job (KB)
...
006 (73340772.000.000) 2021-09-16 14:48:41 Image size of job updated: 1708
	1708  -  MemoryUsage of job (MB)
	1749372  -  ResidentSetSize of job (KB)
...
006 (73340772.000.000) 2021-09-16 14:49:42 Image size of job updated: 1709
	1709  -  MemoryUsage of job (MB)
	1750088  -  ResidentSetSize of job (KB)
...
006 (73340772.000.000) 2021-09-16 14:50:42 Image size of job updated: 1709
	1709  -  MemoryUsage of job (MB)
	1750496  -  ResidentSetSize of job (KB)
...
006 (73340772.000.000) 2021-09-16 14:51:42 Image size of job updated: 1710
	1710  -  MemoryUsage of job (MB)
	1751260  -  ResidentSetSize of job (KB)
...
006 (73340772.000.000) 2021-09-16 14:52:43 Image size of job updated: 1711
	1711  -  MemoryUsage of job (MB)
	1753036  -  ResidentSetSize of job (KB)
...
006 (73340772.000.000) 2021-09-16 14:53:43 Image size of job updated: 1712
	1712  -  MemoryUsage of job (MB)
	1753636  -  ResidentSetSize of job (KB)
...
006 (73340772.000.000) 2021-09-16 14:54:43 Image size of job updated: 1713
	1713  -  MemoryUsage of job (MB)
	1754536  -  ResidentSetSize of job (KB)
...
006 (73340772.000.000) 2021-09-16 14:55:44 Image size of job updated: 1713
	1713  -  MemoryUsage of job (MB)
	1755132  -  ResidentSetSize of job (KB)
...
006 (73340772.000.000) 2021-09-16 14:56:44 Image size of job updated: 1714
	1714  -  MemoryUsage of job (MB)
	1755636  -  ResidentSetSize of job (KB)
...
006 (73340772.000.000) 2021-09-16 14:57:45 Image size of job updated: 1715
	1715  -  MemoryUsage of job (MB)
	1757168  -  ResidentSetSize of job (KB)
...
006 (73340772.000.000) 2021-09-16 14:58:46 Image size of job updated: 1717
	1717  -  MemoryUsage of job (MB)
	1758832  -  ResidentSetSize of job (KB)
...
006 (73340772.000.000) 2021-09-16 14:59:46 Image size of job updated: 1718
	1718  -  MemoryUsage of job (MB)
	1759744  -  ResidentSetSize of job (KB)
...
006 (73340772.000.000) 2021-09-16 15:00:47 Image size of job updated: 1718
	1718  -  MemoryUsage of job (MB)
	1760008  -  ResidentSetSize of job (KB)
...
006 (73340772.000.000) 2021-09-16 15:01:47 Image size of job updated: 1719
	1719  -  MemoryUsage of job (MB)
	1760584  -  ResidentSetSize of job (KB)
...
006 (73340772.000.000) 2021-09-16 15:02:47 Image size of job updated: 1719
	1719  -  MemoryUsage of job (MB)
	1760912  -  ResidentSetSize of job (KB)
...
006 (73340772.000.000) 2021-09-16 15:03:48 Image size of job updated: 1720
	1720  -  MemoryUsage of job (MB)
	1761372  -  ResidentSetSize of job (KB)
...
006 (73340772.000.000) 2021-09-16 15:04:49 Image size of job updated: 1720
	1720  -  MemoryUsage of job (MB)
	1761872  -  ResidentSetSize of job (KB)
...
006 (73340772.000.000) 2021-09-16 15:05:49 Image size of job updated: 1720
	1720  -  MemoryUsage of job (MB)
	1762276  -  ResidentSetSize of job (KB)
...
006 (73340772.000.000) 2021-09-16 15:06:50 Image size of job updated: 1721
	1721  -  MemoryUsage of job (MB)
	1762756  -  ResidentSetSize of job (KB)
...
006 (73340772.000.000) 2021-09-16 15:07:50 Image size of job updated: 1722
	1722  -  MemoryUsage of job (MB)
	1763492  -  ResidentSetSize of job (KB)
...
006 (73340772.000.000) 2021-09-16 15:08:51 Image size of job updated: 1722
	1722  -  MemoryUsage of job (MB)
	1764248  -  ResidentSetSize of job (KB)
...
006 (73340772.000.000) 2021-09-16 15:09:52 Image size of job updated: 1723
	1723  -  MemoryUsage of job (MB)
	1765152  -  ResidentSetSize of job (KB)
...
006 (73340772.000.000) 2021-09-16 15:10:52 Image size of job updated: 1724
	1724  -  MemoryUsage of job (MB)
	1765512  -  ResidentSetSize of job (KB)
...
006 (73340772.000.000) 2021-09-16 15:11:53 Image size of job updated: 1724
	1724  -  MemoryUsage of job (MB)
	1766132  -  ResidentSetSize of job (KB)
...
006 (73340772.000.000) 2021-09-16 15:12:53 Image size of job updated: 1725
	1725  -  MemoryUsage of job (MB)
	1766572  -  ResidentSetSize of job (KB)
...
006 (73340772.000.000) 2021-09-16 15:13:53 Image size of job updated: 1725
	1725  -  MemoryUsage of job (MB)
	1766912  -  ResidentSetSize of job (KB)
...
006 (73340772.000.000) 2021-09-16 15:14:54 Image size of job updated: 1726
	1726  -  MemoryUsage of job (MB)
	1767536  -  ResidentSetSize of job (KB)
...
006 (73340772.000.000) 2021-09-16 15:15:55 Image size of job updated: 1726
	1726  -  MemoryUsage of job (MB)
	1767708  -  ResidentSetSize of job (KB)
...
006 (73340772.000.000) 2021-09-16 15:16:55 Image size of job updated: 1726
	1726  -  MemoryUsage of job (MB)
	1768180  -  ResidentSetSize of job (KB)
...
006 (73340772.000.000) 2021-09-16 15:17:55 Image size of job updated: 1727
	1727  -  MemoryUsage of job (MB)
	1768668  -  ResidentSetSize of job (KB)
...
006 (73340772.000.000) 2021-09-16 15:18:56 Image size of job updated: 1727
	1727  -  MemoryUsage of job (MB)
	1768988  -  ResidentSetSize of job (KB)
...
006 (73340772.000.000) 2021-09-16 15:19:56 Image size of job updated: 1728
	1728  -  MemoryUsage of job (MB)
	1769652  -  ResidentSetSize of job (KB)
...
006 (73340772.000.000) 2021-09-16 15:20:57 Image size of job updated: 1728
	1728  -  MemoryUsage of job (MB)
	1770044  -  ResidentSetSize of job (KB)
...
006 (73340772.000.000) 2021-09-16 15:21:58 Image size of job updated: 1729
	1729  -  MemoryUsage of job (MB)
	1770576  -  ResidentSetSize of job (KB)
...
006 (73340772.000.000) 2021-09-16 15:22:58 Image size of job updated: 1729
	1729  -  MemoryUsage of job (MB)
	1770880  -  ResidentSetSize of job (KB)
...
006 (73340772.000.000) 2021-09-16 15:23:59 Image size of job updated: 1729
	1729  -  MemoryUsage of job (MB)
	1771276  -  ResidentSetSize of job (KB)
...
006 (73340772.000.000) 2021-09-16 15:25:00 Image size of job updated: 1730
	1730  -  MemoryUsage of job (MB)
	1771892  -  ResidentSetSize of job (KB)
...
006 (73340772.000.000) 2021-09-16 15:26:00 Image size of job updated: 1730
	1730  -  MemoryUsage of job (MB)
	1772180  -  ResidentSetSize of job (KB)
...
006 (73340772.000.000) 2021-09-16 15:27:01 Image size of job updated: 1730
	1730  -  MemoryUsage of job (MB)
	1772468  -  ResidentSetSize of job (KB)
...
006 (73340772.000.000) 2021-09-16 15:28:02 Image size of job updated: 1731
	1731  -  MemoryUsage of job (MB)
	1772836  -  ResidentSetSize of job (KB)
...
006 (73340772.000.000) 2021-09-16 15:29:02 Image size of job updated: 1731
	1731  -  MemoryUsage of job (MB)
	1773196  -  ResidentSetSize of job (KB)
...
006 (73340772.000.000) 2021-09-16 15:30:03 Image size of job updated: 1732
	1732  -  MemoryUsage of job (MB)
	1773736  -  ResidentSetSize of job (KB)
...
006 (73340772.000.000) 2021-09-16 15:31:04 Image size of job updated: 1732
	1732  -  MemoryUsage of job (MB)
	1774440  -  ResidentSetSize of job (KB)
...
006 (73340772.000.000) 2021-09-16 15:32:04 Image size of job updated: 1733
	1733  -  MemoryUsage of job (MB)
	1774844  -  ResidentSetSize of job (KB)
...
006 (73340772.000.000) 2021-09-16 15:33:05 Image size of job updated: 1733
	1733  -  MemoryUsage of job (MB)
	1775336  -  ResidentSetSize of job (KB)
...
006 (73340772.000.000) 2021-09-16 15:34:06 Image size of job updated: 1734
	1734  -  MemoryUsage of job (MB)
	1775968  -  ResidentSetSize of job (KB)
...
006 (73340772.000.000) 2021-09-16 15:35:06 Image size of job updated: 1734
	1734  -  MemoryUsage of job (MB)
	1776356  -  ResidentSetSize of job (KB)
...
006 (73340772.000.000) 2021-09-16 15:36:07 Image size of job updated: 1735
	1735  -  MemoryUsage of job (MB)
	1776820  -  ResidentSetSize of job (KB)
...
006 (73340772.000.000) 2021-09-16 15:37:07 Image size of job updated: 1735
	1735  -  MemoryUsage of job (MB)
	1777188  -  ResidentSetSize of job (KB)
...
006 (73340772.000.000) 2021-09-16 15:38:07 Image size of job updated: 1735
	1735  -  MemoryUsage of job (MB)
	1777564  -  ResidentSetSize of job (KB)
...
006 (73340772.000.000) 2021-09-16 15:39:08 Image size of job updated: 1736
	1736  -  MemoryUsage of job (MB)
	1778236  -  ResidentSetSize of job (KB)
...
006 (73340772.000.000) 2021-09-16 15:40:08 Image size of job updated: 1736
	1736  -  MemoryUsage of job (MB)
	1778568  -  ResidentSetSize of job (KB)
...
006 (73340772.000.000) 2021-09-16 15:41:08 Image size of job updated: 1737
	1737  -  MemoryUsage of job (MB)
	1778836  -  ResidentSetSize of job (KB)
...
006 (73340772.000.000) 2021-09-16 15:42:09 Image size of job updated: 1737
	1737  -  MemoryUsage of job (MB)
	1779108  -  ResidentSetSize of job (KB)
...
006 (73340772.000.000) 2021-09-16 15:43:09 Image size of job updated: 1737
	1737  -  MemoryUsage of job (MB)
	1779280  -  ResidentSetSize of job (KB)
...
006 (73340772.000.000) 2021-09-16 15:44:09 Image size of job updated: 1738
	1738  -  MemoryUsage of job (MB)
	1780072  -  ResidentSetSize of job (KB)
...
006 (73340772.000.000) 2021-09-16 15:45:10 Image size of job updated: 1739
	1739  -  MemoryUsage of job (MB)
	1780828  -  ResidentSetSize of job (KB)
...
006 (73340772.000.000) 2021-09-16 15:46:10 Image size of job updated: 1739
	1739  -  MemoryUsage of job (MB)
	1781576  -  ResidentSetSize of job (KB)
...
006 (73340772.000.000) 2021-09-16 15:47:11 Image size of job updated: 1740
	1740  -  MemoryUsage of job (MB)
	1781812  -  ResidentSetSize of job (KB)
...
006 (73340772.000.000) 2021-09-16 15:48:12 Image size of job updated: 1740
	1740  -  MemoryUsage of job (MB)
	1782236  -  ResidentSetSize of job (KB)
...
006 (73340772.000.000) 2021-09-16 15:48:42 Image size of job updated: 1740
	1740  -  MemoryUsage of job (MB)
	1782452  -  ResidentSetSize of job (KB)
...
040 (73340772.000.000) 2021-09-16 15:48:42 Started transferring output files
...
040 (73340772.000.000) 2021-09-16 15:48:42 Finished transferring output files
...
005 (73340772.000.000) 2021-09-16 15:48:45 Job terminated.
	(1) Normal termination (return value 0)
		Usr 0 01:17:37, Sys 0 01:02:29  -  Run Remote Usage
		Usr 0 00:00:00, Sys 0 00:00:00  -  Run Local Usage
		Usr 0 01:17:37, Sys 0 01:02:29  -  Total Remote Usage
		Usr 0 00:00:00, Sys 0 00:00:00  -  Total Local Usage
	1234268  -  Run Bytes Sent By Job
	8471534  -  Run Bytes Received By Job
	1234268  -  Total Bytes Sent By Job
	8471534  -  Total Bytes Received By Job
	Partitionable Resources :    Usage  Request Allocated 
	   Cpus                 :     0.00        1         1 
	   Disk (KB)            : 30293       10000    329756 
	   Memory (MB)          :  1740        2048      2048 

	Job terminated of its own accord at 2021-09-16T20:48:42Z.
...
000 (14733473.000.000) 2021-09-24 22:32:15 Job submitted from host: <131.225.188.55:9618?addrs=131.225.188.55-9618&alias=lpcschedd1.fnal.gov&noUDP&sock=schedd_2070_6d22>
...
040 (14733473.000.000) 2021-09-25 02:50:54 Started transferring input files
	Transferring to host: <131.225.205.159:9618?addrs=131.225.205.159-9618&alias=cmswn1933.fnal.gov&noUDP&sock=slot1_8_1534_9777_4884>
...
040 (14733473.000.000) 2021-09-25 02:50:55 Finished transferring input files
...
001 (14733473.000.000) 2021-09-25 02:50:56 Job executing on host: <131.225.205.159:9618?addrs=131.225.205.159-9618&alias=cmswn1933.fnal.gov&noUDP&sock=startd_1437_3daf>
...
006 (14733473.000.000) 2021-09-25 02:51:04 Image size of job updated: 8
	8  -  MemoryUsage of job (MB)
	8572  -  ResidentSetSize of job (KB)
...
006 (14733473.000.000) 2021-09-25 02:52:05 Image size of job updated: 502
	502  -  MemoryUsage of job (MB)
	514728  -  ResidentSetSize of job (KB)
...
006 (14733473.000.000) 2021-09-25 02:53:07 Image size of job updated: 536
	536  -  MemoryUsage of job (MB)
	549648  -  ResidentSetSize of job (KB)
...
006 (14733473.000.000) 2021-09-25 02:57:10 Image size of job updated: 558
	558  -  MemoryUsage of job (MB)
	572060  -  ResidentSetSize of job (KB)
...
006 (14733473.000.000) 2021-09-25 02:58:10 Image size of job updated: 600
	600  -  MemoryUsage of job (MB)
	615232  -  ResidentSetSize of job (KB)
...
006 (14733473.000.000) 2021-09-25 02:59:10 Image size of job updated: 640
	640  -  MemoryUsage of job (MB)
	655804  -  ResidentSetSize of job (KB)
...
006 (14733473.000.000) 2021-09-25 03:00:10 Image size of job updated: 676
	676  -  MemoryUsage of job (MB)
	692336  -  ResidentSetSize of job (KB)
...
006 (14733473.000.000) 2021-09-25 03:01:10 Image size of job updated: 709
	709  -  MemoryUsage of job (MB)
	726132  -  ResidentSetSize of job (KB)
...
006 (14733473.000.000) 2021-09-25 03:02:11 Image size of job updated: 743
	743  -  MemoryUsage of job (MB)
	761444  -  ResidentSetSize of job (KB)
...
006 (14733473.000.000) 2021-09-25 03:03:12 Image size of job updated: 772
	772  -  MemoryUsage of job (MB)
	791284  -  ResidentSetSize of job (KB)
...
006 (14733473.000.000) 2021-09-25 03:04:13 Image size of job updated: 801
	801  -  MemoryUsage of job (MB)
	820776  -  ResidentSetSize of job (KB)
...
006 (14733473.000.000) 2021-09-25 03:05:15 Image size of job updated: 831
	831  -  MemoryUsage of job (MB)
	851332  -  ResidentSetSize of job (KB)
...
006 (14733473.000.000) 2021-09-25 03:06:15 Image size of job updated: 859
	859  -  MemoryUsage of job (MB)
	879788  -  ResidentSetSize of job (KB)
...
006 (14733473.000.000) 2021-09-25 03:07:15 Image size of job updated: 896
	896  -  MemoryUsage of job (MB)
	917700  -  ResidentSetSize of job (KB)
...
006 (14733473.000.000) 2021-09-25 03:08:15 Image size of job updated: 921
	921  -  MemoryUsage of job (MB)
	943184  -  ResidentSetSize of job (KB)
...
006 (14733473.000.000) 2021-09-25 03:09:17 Image size of job updated: 948
	948  -  MemoryUsage of job (MB)
	970796  -  ResidentSetSize of job (KB)
...
006 (14733473.000.000) 2021-09-25 03:10:17 Image size of job updated: 971
	971  -  MemoryUsage of job (MB)
	994804  -  ResidentSetSize of job (KB)
...
006 (14733473.000.000) 2021-09-25 03:11:17 Image size of job updated: 993
	993  -  MemoryUsage of job (MB)
	1017640  -  ResidentSetSize of job (KB)
...
006 (14733473.000.000) 2021-09-25 03:12:18 Image size of job updated: 1019
	1019  -  MemoryUsage of job (MB)
	1043676  -  ResidentSetSize of job (KB)
...
006 (14733473.000.000) 2021-09-25 03:13:19 Image size of job updated: 1044
	1044  -  MemoryUsage of job (MB)
	1069668  -  ResidentSetSize of job (KB)
...
006 (14733473.000.000) 2021-09-25 03:14:19 Image size of job updated: 1075
	1075  -  MemoryUsage of job (MB)
	1101044  -  ResidentSetSize of job (KB)
...
006 (14733473.000.000) 2021-09-25 03:15:20 Image size of job updated: 1095
	1095  -  MemoryUsage of job (MB)
	1121688  -  ResidentSetSize of job (KB)
...
006 (14733473.000.000) 2021-09-25 03:16:20 Image size of job updated: 1114
	1114  -  MemoryUsage of job (MB)
	1141592  -  ResidentSetSize of job (KB)
...
006 (14733473.000.000) 2021-09-25 03:17:20 Image size of job updated: 1135
	1135  -  MemoryUsage of job (MB)
	1163196  -  ResidentSetSize of job (KB)
...
006 (14733473.000.000) 2021-09-25 03:18:20 Image size of job updated: 1155
	1155  -  MemoryUsage of job (MB)
	1182744  -  ResidentSetSize of job (KB)
...
006 (14733473.000.000) 2021-09-25 03:19:20 Image size of job updated: 1172
	1172  -  MemoryUsage of job (MB)
	1201132  -  ResidentSetSize of job (KB)
...
006 (14733473.000.000) 2021-09-25 03:20:20 Image size of job updated: 1190
	1190  -  MemoryUsage of job (MB)
	1219004  -  ResidentSetSize of job (KB)
...
006 (14733473.000.000) 2021-09-25 03:21:22 Image size of job updated: 1209
	1209  -  MemoryUsage of job (MB)
	1238416  -  ResidentSetSize of job (KB)
...
006 (14733473.000.000) 2021-09-25 03:22:22 Image size of job updated: 1226
	1226  -  MemoryUsage of job (MB)
	1255496  -  ResidentSetSize of job (KB)
...
006 (14733473.000.000) 2021-09-25 03:23:23 Image size of job updated: 1242
	1242  -  MemoryUsage of job (MB)
	1272160  -  ResidentSetSize of job (KB)
...
006 (14733473.000.000) 2021-09-25 03:24:24 Image size of job updated: 1260
	1260  -  MemoryUsage of job (MB)
	1290308  -  ResidentSetSize of job (KB)
...
006 (14733473.000.000) 2021-09-25 03:25:25 Image size of job updated: 1275
	1275  -  MemoryUsage of job (MB)
	1306300  -  ResidentSetSize of job (KB)
...
006 (14733473.000.000) 2021-09-25 03:26:26 Image size of job updated: 1291
	1291  -  MemoryUsage of job (MB)
	1322056  -  ResidentSetSize of job (KB)
...
006 (14733473.000.000) 2021-09-25 03:27:27 Image size of job updated: 1307
	1307  -  MemoryUsage of job (MB)
	1339360  -  ResidentSetSize of job (KB)
...
006 (14733473.000.000) 2021-09-25 03:28:27 Image size of job updated: 1322
	1322  -  MemoryUsage of job (MB)
	1354340  -  ResidentSetSize of job (KB)
...
006 (14733473.000.000) 2021-09-25 03:29:28 Image size of job updated: 1337
	1337  -  MemoryUsage of job (MB)
	1369120  -  ResidentSetSize of job (KB)
...
006 (14733473.000.000) 2021-09-25 03:30:29 Image size of job updated: 1352
	1352  -  MemoryUsage of job (MB)
	1385460  -  ResidentSetSize of job (KB)
...
006 (14733473.000.000) 2021-09-25 03:31:29 Image size of job updated: 1367
	1367  -  MemoryUsage of job (MB)
	1400000  -  ResidentSetSize of job (KB)
...
006 (14733473.000.000) 2021-09-25 03:32:29 Image size of job updated: 1381
	1381  -  MemoryUsage of job (MB)
	1414288  -  ResidentSetSize of job (KB)
...
006 (14733473.000.000) 2021-09-25 03:33:31 Image size of job updated: 1396
	1396  -  MemoryUsage of job (MB)
	1429936  -  ResidentSetSize of job (KB)
...
006 (14733473.000.000) 2021-09-25 03:34:31 Image size of job updated: 1410
	1410  -  MemoryUsage of job (MB)
	1443952  -  ResidentSetSize of job (KB)
...
006 (14733473.000.000) 2021-09-25 03:35:32 Image size of job updated: 1423
	1423  -  MemoryUsage of job (MB)
	1457728  -  ResidentSetSize of job (KB)
...
006 (14733473.000.000) 2021-09-25 03:36:33 Image size of job updated: 1438
	1438  -  MemoryUsage of job (MB)
	1472824  -  ResidentSetSize of job (KB)
...
006 (14733473.000.000) 2021-09-25 03:37:33 Image size of job updated: 1451
	1451  -  MemoryUsage of job (MB)
	1486272  -  ResidentSetSize of job (KB)
...
006 (14733473.000.000) 2021-09-25 03:38:33 Image size of job updated: 1464
	1464  -  MemoryUsage of job (MB)
	1499636  -  ResidentSetSize of job (KB)
...
006 (14733473.000.000) 2021-09-25 03:39:34 Image size of job updated: 1477
	1477  -  MemoryUsage of job (MB)
	1512836  -  ResidentSetSize of job (KB)
...
006 (14733473.000.000) 2021-09-25 03:40:34 Image size of job updated: 1491
	1491  -  MemoryUsage of job (MB)
	1527232  -  ResidentSetSize of job (KB)
...
006 (14733473.000.000) 2021-09-25 03:41:34 Image size of job updated: 1503
	1503  -  MemoryUsage of job (MB)
	1539956  -  ResidentSetSize of job (KB)
...
006 (14733473.000.000) 2021-09-25 03:42:34 Image size of job updated: 1516
	1516  -  MemoryUsage of job (MB)
	1552472  -  ResidentSetSize of job (KB)
...
006 (14733473.000.000) 2021-09-25 03:43:35 Image size of job updated: 1528
	1528  -  MemoryUsage of job (MB)
	1564912  -  ResidentSetSize of job (KB)
...
006 (14733473.000.000) 2021-09-25 03:44:36 Image size of job updated: 1545
	1545  -  MemoryUsage of job (MB)
	1582652  -  ResidentSetSize of job (KB)
...
006 (14733473.000.000) 2021-09-25 03:45:37 Image size of job updated: 1625
	1625  -  MemoryUsage of job (MB)
	1664860  -  ResidentSetSize of job (KB)
...
006 (14733473.000.000) 2021-09-25 03:46:37 Image size of job updated: 1625
	1625  -  MemoryUsage of job (MB)
	1664932  -  ResidentSetSize of job (KB)
...
006 (14733473.000.000) 2021-09-25 03:47:38 Image size of job updated: 1625
	1625  -  MemoryUsage of job (MB)
	1664964  -  ResidentSetSize of job (KB)
...
006 (14733473.000.000) 2021-09-25 03:48:38 Image size of job updated: 1625
	1625  -  MemoryUsage of job (MB)
	1665000  -  ResidentSetSize of job (KB)
...
006 (14733473.000.000) 2021-09-25 03:49:38 Image size of job updated: 1626
	1626  -  MemoryUsage of job (MB)
	1665088  -  ResidentSetSize of job (KB)
...
006 (14733473.000.000) 2021-09-25 03:50:39 Image size of job updated: 1626
	1626  -  MemoryUsage of job (MB)
	1665148  -  ResidentSetSize of job (KB)
...
006 (14733473.000.000) 2021-09-25 03:51:39 Image size of job updated: 1626
	1626  -  MemoryUsage of job (MB)
	1665408  -  ResidentSetSize of job (KB)
...
006 (14733473.000.000) 2021-09-25 03:53:41 Image size of job updated: 1626
	1626  -  MemoryUsage of job (MB)
	1665448  -  ResidentSetSize of job (KB)
...
006 (14733473.000.000) 2021-09-25 03:54:41 Image size of job updated: 1641
	1641  -  MemoryUsage of job (MB)
	1681092  -  ResidentSetSize of job (KB)
...
006 (14733473.000.000) 2021-09-25 03:55:42 Image size of job updated: 1644
	1644  -  MemoryUsage of job (MB)
	1683600  -  ResidentSetSize of job (KB)
...
006 (14733473.000.000) 2021-09-25 03:56:42 Image size of job updated: 1644
	1644  -  MemoryUsage of job (MB)
	1683644  -  ResidentSetSize of job (KB)
...
006 (14733473.000.000) 2021-09-25 03:57:44 Image size of job updated: 1644
	1644  -  MemoryUsage of job (MB)
	1683664  -  ResidentSetSize of job (KB)
...
006 (14733473.000.000) 2021-09-25 03:58:44 Image size of job updated: 1644
	1644  -  MemoryUsage of job (MB)
	1683700  -  ResidentSetSize of job (KB)
...
006 (14733473.000.000) 2021-09-25 03:59:45 Image size of job updated: 1644
	1644  -  MemoryUsage of job (MB)
	1683756  -  ResidentSetSize of job (KB)
...
006 (14733473.000.000) 2021-09-25 04:00:46 Image size of job updated: 1644
	1644  -  MemoryUsage of job (MB)
	1684008  -  ResidentSetSize of job (KB)
...
006 (14733473.000.000) 2021-09-25 04:02:47 Image size of job updated: 1644
	1644  -  MemoryUsage of job (MB)
	1684016  -  ResidentSetSize of job (KB)
...
006 (14733473.000.000) 2021-09-25 04:03:48 Image size of job updated: 1644
	1644  -  MemoryUsage of job (MB)
	1684044  -  ResidentSetSize of job (KB)
...
006 (14733473.000.000) 2021-09-25 04:04:49 Image size of job updated: 1649
	1649  -  MemoryUsage of job (MB)
	1689532  -  ResidentSetSize of job (KB)
...
006 (14733473.000.000) 2021-09-25 04:05:49 Image size of job updated: 1651
	1651  -  MemoryUsage of job (MB)
	1691392  -  ResidentSetSize of job (KB)
...
006 (14733473.000.000) 2021-09-25 04:06:50 Image size of job updated: 1651
	1651  -  MemoryUsage of job (MB)
	1691412  -  ResidentSetSize of job (KB)
...
006 (14733473.000.000) 2021-09-25 04:07:51 Image size of job updated: 1651
	1651  -  MemoryUsage of job (MB)
	1691424  -  ResidentSetSize of job (KB)
...
006 (14733473.000.000) 2021-09-25 04:08:51 Image size of job updated: 1651
	1651  -  MemoryUsage of job (MB)
	1691444  -  ResidentSetSize of job (KB)
...
006 (14733473.000.000) 2021-09-25 04:09:53 Image size of job updated: 1651
	1651  -  MemoryUsage of job (MB)
	1691476  -  ResidentSetSize of job (KB)
...
006 (14733473.000.000) 2021-09-25 04:10:53 Image size of job updated: 1651
	1651  -  MemoryUsage of job (MB)
	1691496  -  ResidentSetSize of job (KB)
...
006 (14733473.000.000) 2021-09-25 04:13:54 Image size of job updated: 1651
	1651  -  MemoryUsage of job (MB)
	1691524  -  ResidentSetSize of job (KB)
...
006 (14733473.000.000) 2021-09-25 04:14:54 Image size of job updated: 1656
	1656  -  MemoryUsage of job (MB)
	1696252  -  ResidentSetSize of job (KB)
...
006 (14733473.000.000) 2021-09-25 04:15:55 Image size of job updated: 1656
	1656  -  MemoryUsage of job (MB)
	1696288  -  ResidentSetSize of job (KB)
...
006 (14733473.000.000) 2021-09-25 04:16:55 Image size of job updated: 1656
	1656  -  MemoryUsage of job (MB)
	1696316  -  ResidentSetSize of job (KB)
...
006 (14733473.000.000) 2021-09-25 04:17:55 Image size of job updated: 1656
	1656  -  MemoryUsage of job (MB)
	1696332  -  ResidentSetSize of job (KB)
...
006 (14733473.000.000) 2021-09-25 04:18:55 Image size of job updated: 1656
	1656  -  MemoryUsage of job (MB)
	1696356  -  ResidentSetSize of job (KB)
...
006 (14733473.000.000) 2021-09-25 04:19:55 Image size of job updated: 1656
	1656  -  MemoryUsage of job (MB)
	1696412  -  ResidentSetSize of job (KB)
...
006 (14733473.000.000) 2021-09-25 04:20:55 Image size of job updated: 1656
	1656  -  MemoryUsage of job (MB)
	1696632  -  ResidentSetSize of job (KB)
...
006 (14733473.000.000) 2021-09-25 04:21:56 Image size of job updated: 1656
	1656  -  MemoryUsage of job (MB)
	1696636  -  ResidentSetSize of job (KB)
...
006 (14733473.000.000) 2021-09-25 04:22:56 Image size of job updated: 1656
	1656  -  MemoryUsage of job (MB)
	1696648  -  ResidentSetSize of job (KB)
...
006 (14733473.000.000) 2021-09-25 04:23:57 Image size of job updated: 1656
	1656  -  MemoryUsage of job (MB)
	1696672  -  ResidentSetSize of job (KB)
...
006 (14733473.000.000) 2021-09-25 04:24:58 Image size of job updated: 1660
	1660  -  MemoryUsage of job (MB)
	1700068  -  ResidentSetSize of job (KB)
...
006 (14733473.000.000) 2021-09-25 04:25:58 Image size of job updated: 1660
	1660  -  MemoryUsage of job (MB)
	1700084  -  ResidentSetSize of job (KB)
...
006 (14733473.000.000) 2021-09-25 04:26:58 Image size of job updated: 1660
	1660  -  MemoryUsage of job (MB)
	1700096  -  ResidentSetSize of job (KB)
...
006 (14733473.000.000) 2021-09-25 04:27:59 Image size of job updated: 1660
	1660  -  MemoryUsage of job (MB)
	1700108  -  ResidentSetSize of job (KB)
...
006 (14733473.000.000) 2021-09-25 04:29:00 Image size of job updated: 1660
	1660  -  MemoryUsage of job (MB)
	1700124  -  ResidentSetSize of job (KB)
...
006 (14733473.000.000) 2021-09-25 04:30:01 Image size of job updated: 1660
	1660  -  MemoryUsage of job (MB)
	1700140  -  ResidentSetSize of job (KB)
...
006 (14733473.000.000) 2021-09-25 04:31:03 Image size of job updated: 1660
	1660  -  MemoryUsage of job (MB)
	1700292  -  ResidentSetSize of job (KB)
...
006 (14733473.000.000) 2021-09-25 04:32:03 Image size of job updated: 1660
	1660  -  MemoryUsage of job (MB)
	1700300  -  ResidentSetSize of job (KB)
...
006 (14733473.000.000) 2021-09-25 04:33:04 Image size of job updated: 1660
	1660  -  MemoryUsage of job (MB)
	1700320  -  ResidentSetSize of job (KB)
...
006 (14733473.000.000) 2021-09-25 04:34:05 Image size of job updated: 1664
	1664  -  MemoryUsage of job (MB)
	1704508  -  ResidentSetSize of job (KB)
...
006 (14733473.000.000) 2021-09-25 04:35:06 Image size of job updated: 1664
	1664  -  MemoryUsage of job (MB)
	1704512  -  ResidentSetSize of job (KB)
...
006 (14733473.000.000) 2021-09-25 04:36:07 Image size of job updated: 1664
	1664  -  MemoryUsage of job (MB)
	1704524  -  ResidentSetSize of job (KB)
...
006 (14733473.000.000) 2021-09-25 04:37:08 Image size of job updated: 1664
	1664  -  MemoryUsage of job (MB)
	1704536  -  ResidentSetSize of job (KB)
...
006 (14733473.000.000) 2021-09-25 04:38:09 Image size of job updated: 1664
	1664  -  MemoryUsage of job (MB)
	1704548  -  ResidentSetSize of job (KB)
...
006 (14733473.000.000) 2021-09-25 04:39:10 Image size of job updated: 1664
	1664  -  MemoryUsage of job (MB)
	1704572  -  ResidentSetSize of job (KB)
...
006 (14733473.000.000) 2021-09-25 04:40:11 Image size of job updated: 1664
	1664  -  MemoryUsage of job (MB)
	1704584  -  ResidentSetSize of job (KB)
...
006 (14733473.000.000) 2021-09-25 04:42:13 Image size of job updated: 1664
	1664  -  MemoryUsage of job (MB)
	1704680  -  ResidentSetSize of job (KB)
...
006 (14733473.000.000) 2021-09-25 04:43:14 Image size of job updated: 1669
	1669  -  MemoryUsage of job (MB)
	1709560  -  ResidentSetSize of job (KB)
...
006 (14733473.000.000) 2021-09-25 04:44:14 Image size of job updated: 1669
	1669  -  MemoryUsage of job (MB)
	1709576  -  ResidentSetSize of job (KB)
...
006 (14733473.000.000) 2021-09-25 04:45:15 Image size of job updated: 1669
	1669  -  MemoryUsage of job (MB)
	1709592  -  ResidentSetSize of job (KB)
...
006 (14733473.000.000) 2021-09-25 04:46:16 Image size of job updated: 1669
	1669  -  MemoryUsage of job (MB)
	1709644  -  ResidentSetSize of job (KB)
...
006 (14733473.000.000) 2021-09-25 04:47:16 Image size of job updated: 1669
	1669  -  MemoryUsage of job (MB)
	1709688  -  ResidentSetSize of job (KB)
...
006 (14733473.000.000) 2021-09-25 04:48:16 Image size of job updated: 1669
	1669  -  MemoryUsage of job (MB)
	1709736  -  ResidentSetSize of job (KB)
...
006 (14733473.000.000) 2021-09-25 04:49:17 Image size of job updated: 1669
	1669  -  MemoryUsage of job (MB)
	1709744  -  ResidentSetSize of job (KB)
...
006 (14733473.000.000) 2021-09-25 04:50:18 Image size of job updated: 1669
	1669  -  MemoryUsage of job (MB)
	1709776  -  ResidentSetSize of job (KB)
...
006 (14733473.000.000) 2021-09-25 04:51:18 Image size of job updated: 1669
	1669  -  MemoryUsage of job (MB)
	1710056  -  ResidentSetSize of job (KB)
...
006 (14733473.000.000) 2021-09-25 04:52:19 Image size of job updated: 1670
	1670  -  MemoryUsage of job (MB)
	1710228  -  ResidentSetSize of job (KB)
...
006 (14733473.000.000) 2021-09-25 04:53:20 Image size of job updated: 1674
	1674  -  MemoryUsage of job (MB)
	1715108  -  ResidentSetSize of job (KB)
...
006 (14733473.000.000) 2021-09-25 04:54:21 Image size of job updated: 1674
	1674  -  MemoryUsage of job (MB)
	1715124  -  ResidentSetSize of job (KB)
...
006 (14733473.000.000) 2021-09-25 04:55:21 Image size of job updated: 1674
	1674  -  MemoryUsage of job (MB)
	1715176  -  ResidentSetSize of job (KB)
...
006 (14733473.000.000) 2021-09-25 04:56:21 Image size of job updated: 1674
	1674  -  MemoryUsage of job (MB)
	1715196  -  ResidentSetSize of job (KB)
...
006 (14733473.000.000) 2021-09-25 04:57:22 Image size of job updated: 1675
	1675  -  MemoryUsage of job (MB)
	1715232  -  ResidentSetSize of job (KB)
...
006 (14733473.000.000) 2021-09-25 04:58:22 Image size of job updated: 1675
	1675  -  MemoryUsage of job (MB)
	1715264  -  ResidentSetSize of job (KB)
...
006 (14733473.000.000) 2021-09-25 04:59:23 Image size of job updated: 1675
	1675  -  MemoryUsage of job (MB)
	1715284  -  ResidentSetSize of job (KB)
...
006 (14733473.000.000) 2021-09-25 05:00:23 Image size of job updated: 1675
	1675  -  MemoryUsage of job (MB)
	1715304  -  ResidentSetSize of job (KB)
...
006 (14733473.000.000) 2021-09-25 05:01:23 Image size of job updated: 1675
	1675  -  MemoryUsage of job (MB)
	1715564  -  ResidentSetSize of job (KB)
...
006 (14733473.000.000) 2021-09-25 05:02:24 Image size of job updated: 1678
	1678  -  MemoryUsage of job (MB)
	1718768  -  ResidentSetSize of job (KB)
...
006 (14733473.000.000) 2021-09-25 05:03:24 Image size of job updated: 1678
	1678  -  MemoryUsage of job (MB)
	1718788  -  ResidentSetSize of job (KB)
...
006 (14733473.000.000) 2021-09-25 05:04:26 Image size of job updated: 1678
	1678  -  MemoryUsage of job (MB)
	1718816  -  ResidentSetSize of job (KB)
...
006 (14733473.000.000) 2021-09-25 05:05:26 Image size of job updated: 1678
	1678  -  MemoryUsage of job (MB)
	1718836  -  ResidentSetSize of job (KB)
...
006 (14733473.000.000) 2021-09-25 05:06:27 Image size of job updated: 1678
	1678  -  MemoryUsage of job (MB)
	1718856  -  ResidentSetSize of job (KB)
...
006 (14733473.000.000) 2021-09-25 05:07:28 Image size of job updated: 1678
	1678  -  MemoryUsage of job (MB)
	1718868  -  ResidentSetSize of job (KB)
...
006 (14733473.000.000) 2021-09-25 05:08:29 Image size of job updated: 1678
	1678  -  MemoryUsage of job (MB)
	1718888  -  ResidentSetSize of job (KB)
...
006 (14733473.000.000) 2021-09-25 05:09:29 Image size of job updated: 1678
	1678  -  MemoryUsage of job (MB)
	1719068  -  ResidentSetSize of job (KB)
...
006 (14733473.000.000) 2021-09-25 05:10:30 Image size of job updated: 1680
	1680  -  MemoryUsage of job (MB)
	1721232  -  ResidentSetSize of job (KB)
...
006 (14733473.000.000) 2021-09-25 05:11:31 Image size of job updated: 1680
	1680  -  MemoryUsage of job (MB)
	1721236  -  ResidentSetSize of job (KB)
...
006 (14733473.000.000) 2021-09-25 05:12:31 Image size of job updated: 1680
	1680  -  MemoryUsage of job (MB)
	1721244  -  ResidentSetSize of job (KB)
...
006 (14733473.000.000) 2021-09-25 05:14:32 Image size of job updated: 1680
	1680  -  MemoryUsage of job (MB)
	1721252  -  ResidentSetSize of job (KB)
...
006 (14733473.000.000) 2021-09-25 05:15:32 Image size of job updated: 1680
	1680  -  MemoryUsage of job (MB)
	1721264  -  ResidentSetSize of job (KB)
...
006 (14733473.000.000) 2021-09-25 05:17:35 Image size of job updated: 1681
	1681  -  MemoryUsage of job (MB)
	1721408  -  ResidentSetSize of job (KB)
...
006 (14733473.000.000) 2021-09-25 05:18:35 Image size of job updated: 1682
	1682  -  MemoryUsage of job (MB)
	1722480  -  ResidentSetSize of job (KB)
...
006 (14733473.000.000) 2021-09-25 05:19:36 Image size of job updated: 1682
	1682  -  MemoryUsage of job (MB)
	1723124  -  ResidentSetSize of job (KB)
...
006 (14733473.000.000) 2021-09-25 05:20:37 Image size of job updated: 1682
	1682  -  MemoryUsage of job (MB)
	1723132  -  ResidentSetSize of job (KB)
...
006 (14733473.000.000) 2021-09-25 05:22:38 Image size of job updated: 1682
	1682  -  MemoryUsage of job (MB)
	1723136  -  ResidentSetSize of job (KB)
...
006 (14733473.000.000) 2021-09-25 05:23:38 Image size of job updated: 1682
	1682  -  MemoryUsage of job (MB)
	1723156  -  ResidentSetSize of job (KB)
...
006 (14733473.000.000) 2021-09-25 05:24:39 Image size of job updated: 1682
	1682  -  MemoryUsage of job (MB)
	1723172  -  ResidentSetSize of job (KB)
...
006 (14733473.000.000) 2021-09-25 05:25:39 Image size of job updated: 1682
	1682  -  MemoryUsage of job (MB)
	1723188  -  ResidentSetSize of job (KB)
...
006 (14733473.000.000) 2021-09-25 05:26:40 Image size of job updated: 1682
	1682  -  MemoryUsage of job (MB)
	1723192  -  ResidentSetSize of job (KB)
...
006 (14733473.000.000) 2021-09-25 05:27:41 Image size of job updated: 1685
	1685  -  MemoryUsage of job (MB)
	1725596  -  ResidentSetSize of job (KB)
...
006 (14733473.000.000) 2021-09-25 05:28:42 Image size of job updated: 1685
	1685  -  MemoryUsage of job (MB)
	1725604  -  ResidentSetSize of job (KB)
...
006 (14733473.000.000) 2021-09-25 05:29:43 Image size of job updated: 1685
	1685  -  MemoryUsage of job (MB)
	1725608  -  ResidentSetSize of job (KB)
...
006 (14733473.000.000) 2021-09-25 05:31:44 Image size of job updated: 1685
	1685  -  MemoryUsage of job (MB)
	1725624  -  ResidentSetSize of job (KB)
...
006 (14733473.000.000) 2021-09-25 05:32:45 Image size of job updated: 1685
	1685  -  MemoryUsage of job (MB)
	1725636  -  ResidentSetSize of job (KB)
...
006 (14733473.000.000) 2021-09-25 05:33:45 Image size of job updated: 1685
	1685  -  MemoryUsage of job (MB)
	1725668  -  ResidentSetSize of job (KB)
...
006 (14733473.000.000) 2021-09-25 05:34:45 Image size of job updated: 1685
	1685  -  MemoryUsage of job (MB)
	1725680  -  ResidentSetSize of job (KB)
...
006 (14733473.000.000) 2021-09-25 05:35:45 Image size of job updated: 1686
	1686  -  MemoryUsage of job (MB)
	1726848  -  ResidentSetSize of job (KB)
...
006 (14733473.000.000) 2021-09-25 05:36:45 Image size of job updated: 1686
	1686  -  MemoryUsage of job (MB)
	1726988  -  ResidentSetSize of job (KB)
...
006 (14733473.000.000) 2021-09-25 05:39:48 Image size of job updated: 1686
	1686  -  MemoryUsage of job (MB)
	1726992  -  ResidentSetSize of job (KB)
...
006 (14733473.000.000) 2021-09-25 05:40:49 Image size of job updated: 1686
	1686  -  MemoryUsage of job (MB)
	1726996  -  ResidentSetSize of job (KB)
...
006 (14733473.000.000) 2021-09-25 05:41:50 Image size of job updated: 1686
	1686  -  MemoryUsage of job (MB)
	1727000  -  ResidentSetSize of job (KB)
...
006 (14733473.000.000) 2021-09-25 05:42:51 Image size of job updated: 1686
	1686  -  MemoryUsage of job (MB)
	1727004  -  ResidentSetSize of job (KB)
...
006 (14733473.000.000) 2021-09-25 05:43:52 Image size of job updated: 1687
	1687  -  MemoryUsage of job (MB)
	1727896  -  ResidentSetSize of job (KB)
...
006 (14733473.000.000) 2021-09-25 05:44:52 Image size of job updated: 1688
	1688  -  MemoryUsage of job (MB)
	1729200  -  ResidentSetSize of job (KB)
...
006 (14733473.000.000) 2021-09-25 05:45:52 Image size of job updated: 1688
	1688  -  MemoryUsage of job (MB)
	1729216  -  ResidentSetSize of job (KB)
...
006 (14733473.000.000) 2021-09-25 05:46:52 Image size of job updated: 1688
	1688  -  MemoryUsage of job (MB)
	1729220  -  ResidentSetSize of job (KB)
...
006 (14733473.000.000) 2021-09-25 05:47:52 Image size of job updated: 1688
	1688  -  MemoryUsage of job (MB)
	1729236  -  ResidentSetSize of job (KB)
...
006 (14733473.000.000) 2021-09-25 05:48:52 Image size of job updated: 1688
	1688  -  MemoryUsage of job (MB)
	1729240  -  ResidentSetSize of job (KB)
...
006 (14733473.000.000) 2021-09-25 05:49:52 Image size of job updated: 1688
	1688  -  MemoryUsage of job (MB)
	1729276  -  ResidentSetSize of job (KB)
...
006 (14733473.000.000) 2021-09-25 05:50:53 Image size of job updated: 1689
	1689  -  MemoryUsage of job (MB)
	1730376  -  ResidentSetSize of job (KB)
...
006 (14733473.000.000) 2021-09-25 05:51:53 Image size of job updated: 1689
	1689  -  MemoryUsage of job (MB)
	1730460  -  ResidentSetSize of job (KB)
...
006 (14733473.000.000) 2021-09-25 05:52:53 Image size of job updated: 1689
	1689  -  MemoryUsage of job (MB)
	1730468  -  ResidentSetSize of job (KB)
...
006 (14733473.000.000) 2021-09-25 05:54:55 Image size of job updated: 1689
	1689  -  MemoryUsage of job (MB)
	1730476  -  ResidentSetSize of job (KB)
...
006 (14733473.000.000) 2021-09-25 05:55:55 Image size of job updated: 1689
	1689  -  MemoryUsage of job (MB)
	1730480  -  ResidentSetSize of job (KB)
...
006 (14733473.000.000) 2021-09-25 05:56:55 Image size of job updated: 1689
	1689  -  MemoryUsage of job (MB)
	1730484  -  ResidentSetSize of job (KB)
...
006 (14733473.000.000) 2021-09-25 05:57:56 Image size of job updated: 1689
	1689  -  MemoryUsage of job (MB)
	1730488  -  ResidentSetSize of job (KB)
...
006 (14733473.000.000) 2021-09-25 05:58:57 Image size of job updated: 1690
	1690  -  MemoryUsage of job (MB)
	1731372  -  ResidentSetSize of job (KB)
...
006 (14733473.000.000) 2021-09-25 05:59:57 Image size of job updated: 1690
	1690  -  MemoryUsage of job (MB)
	1731376  -  ResidentSetSize of job (KB)
...
006 (14733473.000.000) 2021-09-25 06:01:59 Image size of job updated: 1690
	1690  -  MemoryUsage of job (MB)
	1731384  -  ResidentSetSize of job (KB)
...
006 (14733473.000.000) 2021-09-25 06:02:59 Image size of job updated: 1690
	1690  -  MemoryUsage of job (MB)
	1731408  -  ResidentSetSize of job (KB)
...
006 (14733473.000.000) 2021-09-25 06:03:59 Image size of job updated: 1690
	1690  -  MemoryUsage of job (MB)
	1731416  -  ResidentSetSize of job (KB)
...
006 (14733473.000.000) 2021-09-25 06:05:00 Image size of job updated: 1690
	1690  -  MemoryUsage of job (MB)
	1731420  -  ResidentSetSize of job (KB)
...
006 (14733473.000.000) 2021-09-25 06:06:01 Image size of job updated: 1690
	1690  -  MemoryUsage of job (MB)
	1731484  -  ResidentSetSize of job (KB)
...
006 (14733473.000.000) 2021-09-25 06:07:02 Image size of job updated: 1692
	1692  -  MemoryUsage of job (MB)
	1733216  -  ResidentSetSize of job (KB)
...
006 (14733473.000.000) 2021-09-25 06:10:04 Image size of job updated: 1692
	1692  -  MemoryUsage of job (MB)
	1733240  -  ResidentSetSize of job (KB)
...
006 (14733473.000.000) 2021-09-25 06:11:05 Image size of job updated: 1692
	1692  -  MemoryUsage of job (MB)
	1733252  -  ResidentSetSize of job (KB)
...
006 (14733473.000.000) 2021-09-25 06:12:05 Image size of job updated: 1692
	1692  -  MemoryUsage of job (MB)
	1733256  -  ResidentSetSize of job (KB)
...
006 (14733473.000.000) 2021-09-25 06:14:06 Image size of job updated: 1693
	1693  -  MemoryUsage of job (MB)
	1734464  -  ResidentSetSize of job (KB)
...
006 (14733473.000.000) 2021-09-25 06:15:07 Image size of job updated: 1693
	1693  -  MemoryUsage of job (MB)
	1734468  -  ResidentSetSize of job (KB)
...
006 (14733473.000.000) 2021-09-25 06:16:08 Image size of job updated: 1693
	1693  -  MemoryUsage of job (MB)
	1734472  -  ResidentSetSize of job (KB)
...
006 (14733473.000.000) 2021-09-25 06:17:08 Image size of job updated: 1693
	1693  -  MemoryUsage of job (MB)
	1734476  -  ResidentSetSize of job (KB)
...
006 (14733473.000.000) 2021-09-25 06:18:08 Image size of job updated: 1693
	1693  -  MemoryUsage of job (MB)
	1734484  -  ResidentSetSize of job (KB)
...
006 (14733473.000.000) 2021-09-25 06:19:10 Image size of job updated: 1693
	1693  -  MemoryUsage of job (MB)
	1734508  -  ResidentSetSize of job (KB)
...
006 (14733473.000.000) 2021-09-25 06:20:10 Image size of job updated: 1693
	1693  -  MemoryUsage of job (MB)
	1734648  -  ResidentSetSize of job (KB)
...
006 (14733473.000.000) 2021-09-25 06:21:10 Image size of job updated: 1694
	1694  -  MemoryUsage of job (MB)
	1735240  -  ResidentSetSize of job (KB)
...
006 (14733473.000.000) 2021-09-25 06:23:11 Image size of job updated: 1694
	1694  -  MemoryUsage of job (MB)
	1735248  -  ResidentSetSize of job (KB)
...
006 (14733473.000.000) 2021-09-25 06:26:13 Image size of job updated: 1694
	1694  -  MemoryUsage of job (MB)
	1735268  -  ResidentSetSize of job (KB)
...
006 (14733473.000.000) 2021-09-25 06:27:14 Image size of job updated: 1695
	1695  -  MemoryUsage of job (MB)
	1736120  -  ResidentSetSize of job (KB)
...
006 (14733473.000.000) 2021-09-25 06:28:15 Image size of job updated: 1695
	1695  -  MemoryUsage of job (MB)
	1736340  -  ResidentSetSize of job (KB)
...
006 (14733473.000.000) 2021-09-25 06:29:16 Image size of job updated: 1695
	1695  -  MemoryUsage of job (MB)
	1736344  -  ResidentSetSize of job (KB)
...
006 (14733473.000.000) 2021-09-25 06:31:17 Image size of job updated: 1695
	1695  -  MemoryUsage of job (MB)
	1736356  -  ResidentSetSize of job (KB)
...
006 (14733473.000.000) 2021-09-25 06:34:19 Image size of job updated: 1696
	1696  -  MemoryUsage of job (MB)
	1736868  -  ResidentSetSize of job (KB)
...
006 (14733473.000.000) 2021-09-25 06:35:20 Image size of job updated: 1696
	1696  -  MemoryUsage of job (MB)
	1737020  -  ResidentSetSize of job (KB)
...
006 (14733473.000.000) 2021-09-25 06:38:21 Image size of job updated: 1696
	1696  -  MemoryUsage of job (MB)
	1737028  -  ResidentSetSize of job (KB)
...
006 (14733473.000.000) 2021-09-25 06:40:23 Image size of job updated: 1696
	1696  -  MemoryUsage of job (MB)
	1737032  -  ResidentSetSize of job (KB)
...
006 (14733473.000.000) 2021-09-25 06:41:23 Image size of job updated: 1697
	1697  -  MemoryUsage of job (MB)
	1738256  -  ResidentSetSize of job (KB)
...
006 (14733473.000.000) 2021-09-25 06:42:24 Image size of job updated: 1697
	1697  -  MemoryUsage of job (MB)
	1738512  -  ResidentSetSize of job (KB)
...
006 (14733473.000.000) 2021-09-25 06:48:25 Image size of job updated: 1699
	1699  -  MemoryUsage of job (MB)
	1739780  -  ResidentSetSize of job (KB)
...
006 (14733473.000.000) 2021-09-25 06:49:26 Image size of job updated: 1699
	1699  -  MemoryUsage of job (MB)
	1739784  -  ResidentSetSize of job (KB)
...
006 (14733473.000.000) 2021-09-25 06:53:27 Image size of job updated: 1699
	1699  -  MemoryUsage of job (MB)
	1739788  -  ResidentSetSize of job (KB)
...
006 (14733473.000.000) 2021-09-25 06:54:28 Image size of job updated: 1699
	1699  -  MemoryUsage of job (MB)
	1740164  -  ResidentSetSize of job (KB)
...
006 (14733473.000.000) 2021-09-25 06:55:28 Image size of job updated: 1699
	1699  -  MemoryUsage of job (MB)
	1740268  -  ResidentSetSize of job (KB)
...
006 (14733473.000.000) 2021-09-25 06:56:28 Image size of job updated: 1699
	1699  -  MemoryUsage of job (MB)
	1740272  -  ResidentSetSize of job (KB)
...
006 (14733473.000.000) 2021-09-25 07:00:31 Image size of job updated: 1699
	1699  -  MemoryUsage of job (MB)
	1740280  -  ResidentSetSize of job (KB)
...
006 (14733473.000.000) 2021-09-25 07:01:32 Image size of job updated: 1700
	1700  -  MemoryUsage of job (MB)
	1741092  -  ResidentSetSize of job (KB)
...
006 (14733473.000.000) 2021-09-25 07:02:32 Image size of job updated: 1700
	1700  -  MemoryUsage of job (MB)
	1741172  -  ResidentSetSize of job (KB)
...
006 (14733473.000.000) 2021-09-25 07:04:33 Image size of job updated: 1700
	1700  -  MemoryUsage of job (MB)
	1741180  -  ResidentSetSize of job (KB)
...
006 (14733473.000.000) 2021-09-25 07:08:35 Image size of job updated: 1701
	1701  -  MemoryUsage of job (MB)
	1741924  -  ResidentSetSize of job (KB)
...
006 (14733473.000.000) 2021-09-25 07:09:35 Image size of job updated: 1701
	1701  -  MemoryUsage of job (MB)
	1741928  -  ResidentSetSize of job (KB)
...
006 (14733473.000.000) 2021-09-25 07:15:39 Image size of job updated: 1701
	1701  -  MemoryUsage of job (MB)
	1742812  -  ResidentSetSize of job (KB)
...
006 (14733473.000.000) 2021-09-25 07:19:42 Image size of job updated: 1701
	1701  -  MemoryUsage of job (MB)
	1742816  -  ResidentSetSize of job (KB)
...
006 (14733473.000.000) 2021-09-25 07:21:44 Image size of job updated: 1702
	1702  -  MemoryUsage of job (MB)
	1743284  -  ResidentSetSize of job (KB)
...
006 (14733473.000.000) 2021-09-25 07:22:44 Image size of job updated: 1702
	1702  -  MemoryUsage of job (MB)
	1743676  -  ResidentSetSize of job (KB)
...
006 (14733473.000.000) 2021-09-25 07:23:45 Image size of job updated: 1702
	1702  -  MemoryUsage of job (MB)
	1743680  -  ResidentSetSize of job (KB)
...
006 (14733473.000.000) 2021-09-25 07:25:45 Image size of job updated: 1702
	1702  -  MemoryUsage of job (MB)
	1743684  -  ResidentSetSize of job (KB)
...
006 (14733473.000.000) 2021-09-25 07:26:46 Image size of job updated: 1702
	1702  -  MemoryUsage of job (MB)
	1743688  -  ResidentSetSize of job (KB)
...
006 (14733473.000.000) 2021-09-25 07:28:48 Image size of job updated: 1703
	1703  -  MemoryUsage of job (MB)
	1744172  -  ResidentSetSize of job (KB)
...
006 (14733473.000.000) 2021-09-25 07:29:48 Image size of job updated: 1703
	1703  -  MemoryUsage of job (MB)
	1744176  -  ResidentSetSize of job (KB)
...
006 (14733473.000.000) 2021-09-25 07:35:50 Image size of job updated: 1703
	1703  -  MemoryUsage of job (MB)
	1744876  -  ResidentSetSize of job (KB)
...
006 (14733473.000.000) 2021-09-25 07:42:52 Image size of job updated: 1704
	1704  -  MemoryUsage of job (MB)
	1745740  -  ResidentSetSize of job (KB)
...
006 (14733473.000.000) 2021-09-25 07:47:53 Image size of job updated: 1704
	1704  -  MemoryUsage of job (MB)
	1745744  -  ResidentSetSize of job (KB)
...
006 (14733473.000.000) 2021-09-25 07:48:53 Image size of job updated: 1704
	1704  -  MemoryUsage of job (MB)
	1745748  -  ResidentSetSize of job (KB)
...
006 (14733473.000.000) 2021-09-25 07:49:54 Image size of job updated: 1705
	1705  -  MemoryUsage of job (MB)
	1746324  -  ResidentSetSize of job (KB)
...
006 (14733473.000.000) 2021-09-25 07:52:54 Image size of job updated: 1705
	1705  -  MemoryUsage of job (MB)
	1746328  -  ResidentSetSize of job (KB)
...
006 (14733473.000.000) 2021-09-25 07:55:54 Image size of job updated: 1705
	1705  -  MemoryUsage of job (MB)
	1746348  -  ResidentSetSize of job (KB)
...
006 (14733473.000.000) 2021-09-25 07:56:55 Image size of job updated: 1706
	1706  -  MemoryUsage of job (MB)
	1747212  -  ResidentSetSize of job (KB)
...
006 (14733473.000.000) 2021-09-25 08:03:00 Image size of job updated: 1706
	1706  -  MemoryUsage of job (MB)
	1747420  -  ResidentSetSize of job (KB)
...
006 (14733473.000.000) 2021-09-25 08:04:01 Image size of job updated: 1706
	1706  -  MemoryUsage of job (MB)
	1747604  -  ResidentSetSize of job (KB)
...
006 (14733473.000.000) 2021-09-25 08:07:03 Image size of job updated: 1706
	1706  -  MemoryUsage of job (MB)
	1747612  -  ResidentSetSize of job (KB)
...
006 (14733473.000.000) 2021-09-25 08:08:04 Image size of job updated: 1706
	1706  -  MemoryUsage of job (MB)
	1747616  -  ResidentSetSize of job (KB)
...
006 (14733473.000.000) 2021-09-25 08:10:05 Image size of job updated: 1707
	1707  -  MemoryUsage of job (MB)
	1748488  -  ResidentSetSize of job (KB)
...
006 (14733473.000.000) 2021-09-25 08:17:10 Image size of job updated: 1708
	1708  -  MemoryUsage of job (MB)
	1749356  -  ResidentSetSize of job (KB)
...
006 (14733473.000.000) 2021-09-25 08:18:11 Image size of job updated: 1708
	1708  -  MemoryUsage of job (MB)
	1749360  -  ResidentSetSize of job (KB)
...
006 (14733473.000.000) 2021-09-25 08:19:12 Image size of job updated: 1708
	1708  -  MemoryUsage of job (MB)
	1749364  -  ResidentSetSize of job (KB)
...
006 (14733473.000.000) 2021-09-25 08:22:12 Image size of job updated: 1708
	1708  -  MemoryUsage of job (MB)
	1749372  -  ResidentSetSize of job (KB)
...
006 (14733473.000.000) 2021-09-25 08:23:13 Image size of job updated: 1708
	1708  -  MemoryUsage of job (MB)
	1749376  -  ResidentSetSize of job (KB)
...
006 (14733473.000.000) 2021-09-25 08:24:13 Image size of job updated: 1709
	1709  -  MemoryUsage of job (MB)
	1750184  -  ResidentSetSize of job (KB)
...
006 (14733473.000.000) 2021-09-25 08:25:14 Image size of job updated: 1709
	1709  -  MemoryUsage of job (MB)
	1750416  -  ResidentSetSize of job (KB)
...
006 (14733473.000.000) 2021-09-25 08:27:15 Image size of job updated: 1709
	1709  -  MemoryUsage of job (MB)
	1750424  -  ResidentSetSize of job (KB)
...
006 (14733473.000.000) 2021-09-25 08:28:15 Image size of job updated: 1709
	1709  -  MemoryUsage of job (MB)
	1750428  -  ResidentSetSize of job (KB)
...
006 (14733473.000.000) 2021-09-25 08:33:18 Image size of job updated: 1710
	1710  -  MemoryUsage of job (MB)
	1751304  -  ResidentSetSize of job (KB)
...
006 (14733473.000.000) 2021-09-25 08:34:18 Image size of job updated: 1710
	1710  -  MemoryUsage of job (MB)
	1751308  -  ResidentSetSize of job (KB)
...
006 (14733473.000.000) 2021-09-25 08:40:22 Image size of job updated: 1710
	1710  -  MemoryUsage of job (MB)
	1751312  -  ResidentSetSize of job (KB)
...
006 (14733473.000.000) 2021-09-25 08:41:22 Image size of job updated: 1710
	1710  -  MemoryUsage of job (MB)
	1751404  -  ResidentSetSize of job (KB)
...
006 (14733473.000.000) 2021-09-25 08:42:22 Image size of job updated: 1710
	1710  -  MemoryUsage of job (MB)
	1751684  -  ResidentSetSize of job (KB)
...
006 (14733473.000.000) 2021-09-25 08:43:23 Image size of job updated: 1710
	1710  -  MemoryUsage of job (MB)
	1751688  -  ResidentSetSize of job (KB)
...
006 (14733473.000.000) 2021-09-25 08:45:24 Image size of job updated: 1710
	1710  -  MemoryUsage of job (MB)
	1751692  -  ResidentSetSize of job (KB)
...
006 (14733473.000.000) 2021-09-25 08:50:26 Image size of job updated: 1711
	1711  -  MemoryUsage of job (MB)
	1752236  -  ResidentSetSize of job (KB)
...
006 (14733473.000.000) 2021-09-25 08:51:26 Image size of job updated: 1711
	1711  -  MemoryUsage of job (MB)
	1752240  -  ResidentSetSize of job (KB)
...
006 (14733473.000.000) 2021-09-25 09:00:32 Image size of job updated: 1711
	1711  -  MemoryUsage of job (MB)
	1752700  -  ResidentSetSize of job (KB)
...
006 (14733473.000.000) 2021-09-25 09:03:34 Image size of job updated: 1711
	1711  -  MemoryUsage of job (MB)
	1752708  -  ResidentSetSize of job (KB)
...
006 (14733473.000.000) 2021-09-25 09:05:34 Image size of job updated: 1711
	1711  -  MemoryUsage of job (MB)
	1752716  -  ResidentSetSize of job (KB)
...
006 (14733473.000.000) 2021-09-25 09:06:35 Image size of job updated: 1711
	1711  -  MemoryUsage of job (MB)
	1752720  -  ResidentSetSize of job (KB)
...
006 (14733473.000.000) 2021-09-25 09:07:35 Image size of job updated: 1711
	1711  -  MemoryUsage of job (MB)
	1752728  -  ResidentSetSize of job (KB)
...
006 (14733473.000.000) 2021-09-25 09:10:36 Image size of job updated: 1711
	1711  -  MemoryUsage of job (MB)
	1752932  -  ResidentSetSize of job (KB)
...
006 (14733473.000.000) 2021-09-25 09:11:36 Image size of job updated: 1711
	1711  -  MemoryUsage of job (MB)
	1753000  -  ResidentSetSize of job (KB)
...
006 (14733473.000.000) 2021-09-25 09:18:39 Image size of job updated: 1711
	1711  -  MemoryUsage of job (MB)
	1753036  -  ResidentSetSize of job (KB)
...
006 (14733473.000.000) 2021-09-25 09:21:40 Image size of job updated: 1712
	1712  -  MemoryUsage of job (MB)
	1753476  -  ResidentSetSize of job (KB)
...
006 (14733473.000.000) 2021-09-25 09:22:41 Image size of job updated: 1712
	1712  -  MemoryUsage of job (MB)
	1753504  -  ResidentSetSize of job (KB)
...
006 (14733473.000.000) 2021-09-25 09:54:56 Image size of job updated: 1714
	1714  -  MemoryUsage of job (MB)
	1755720  -  ResidentSetSize of job (KB)
...
006 (14733473.000.000) 2021-09-25 09:55:57 Image size of job updated: 1714
	1714  -  MemoryUsage of job (MB)
	1755724  -  ResidentSetSize of job (KB)
...
006 (14733473.000.000) 2021-09-25 10:05:04 Image size of job updated: 1715
	1715  -  MemoryUsage of job (MB)
	1756284  -  ResidentSetSize of job (KB)
...
006 (14733473.000.000) 2021-09-25 10:08:06 Image size of job updated: 1715
	1715  -  MemoryUsage of job (MB)
	1756292  -  ResidentSetSize of job (KB)
...
006 (14733473.000.000) 2021-09-25 10:15:11 Image size of job updated: 1716
	1716  -  MemoryUsage of job (MB)
	1757676  -  ResidentSetSize of job (KB)
...
006 (14733473.000.000) 2021-09-25 10:16:11 Image size of job updated: 1716
	1716  -  MemoryUsage of job (MB)
	1757680  -  ResidentSetSize of job (KB)
...
006 (14733473.000.000) 2021-09-25 10:24:17 Image size of job updated: 1716
	1716  -  MemoryUsage of job (MB)
	1757968  -  ResidentSetSize of job (KB)
...
006 (14733473.000.000) 2021-09-25 10:33:19 Image size of job updated: 1717
	1717  -  MemoryUsage of job (MB)
	1758488  -  ResidentSetSize of job (KB)
...
006 (14733473.000.000) 2021-09-25 10:34:19 Image size of job updated: 1717
	1717  -  MemoryUsage of job (MB)
	1758492  -  ResidentSetSize of job (KB)
...
006 (14733473.000.000) 2021-09-25 10:35:19 Image size of job updated: 1717
	1717  -  MemoryUsage of job (MB)
	1758496  -  ResidentSetSize of job (KB)
...
006 (14733473.000.000) 2021-09-25 10:36:20 Image size of job updated: 1717
	1717  -  MemoryUsage of job (MB)
	1758500  -  ResidentSetSize of job (KB)
...
006 (14733473.000.000) 2021-09-25 10:37:20 Image size of job updated: 1717
	1717  -  MemoryUsage of job (MB)
	1758508  -  ResidentSetSize of job (KB)
...
006 (14733473.000.000) 2021-09-25 10:39:21 Image size of job updated: 1717
	1717  -  MemoryUsage of job (MB)
	1758512  -  ResidentSetSize of job (KB)
...
006 (14733473.000.000) 2021-09-25 10:41:23 Image size of job updated: 1717
	1717  -  MemoryUsage of job (MB)
	1758520  -  ResidentSetSize of job (KB)
...
006 (14733473.000.000) 2021-09-25 10:42:24 Image size of job updated: 1718
	1718  -  MemoryUsage of job (MB)
	1759292  -  ResidentSetSize of job (KB)
...
006 (14733473.000.000) 2021-09-25 10:43:24 Image size of job updated: 1718
	1718  -  MemoryUsage of job (MB)
	1759296  -  ResidentSetSize of job (KB)
...
006 (14733473.000.000) 2021-09-25 10:44:25 Image size of job updated: 1718
	1718  -  MemoryUsage of job (MB)
	1759304  -  ResidentSetSize of job (KB)
...
006 (14733473.000.000) 2021-09-25 10:45:26 Image size of job updated: 1718
	1718  -  MemoryUsage of job (MB)
	1759316  -  ResidentSetSize of job (KB)
...
006 (14733473.000.000) 2021-09-25 10:46:27 Image size of job updated: 1718
	1718  -  MemoryUsage of job (MB)
	1759324  -  ResidentSetSize of job (KB)
...
006 (14733473.000.000) 2021-09-25 10:48:27 Image size of job updated: 1718
	1718  -  MemoryUsage of job (MB)
	1759332  -  ResidentSetSize of job (KB)
...
006 (14733473.000.000) 2021-09-25 10:50:29 Image size of job updated: 1718
	1718  -  MemoryUsage of job (MB)
	1759516  -  ResidentSetSize of job (KB)
...
006 (14733473.000.000) 2021-09-25 10:51:30 Image size of job updated: 1719
	1719  -  MemoryUsage of job (MB)
	1760704  -  ResidentSetSize of job (KB)
...
006 (14733473.000.000) 2021-09-25 10:52:30 Image size of job updated: 1719
	1719  -  MemoryUsage of job (MB)
	1760868  -  ResidentSetSize of job (KB)
...
006 (14733473.000.000) 2021-09-25 11:00:34 Image size of job updated: 1719
	1719  -  MemoryUsage of job (MB)
	1761060  -  ResidentSetSize of job (KB)
...
006 (14733473.000.000) 2021-09-25 11:01:36 Image size of job updated: 1720
	1720  -  MemoryUsage of job (MB)
	1761656  -  ResidentSetSize of job (KB)
...
006 (14733473.000.000) 2021-09-25 11:11:40 Image size of job updated: 1720
	1720  -  MemoryUsage of job (MB)
	1761680  -  ResidentSetSize of job (KB)
...
006 (14733473.000.000) 2021-09-25 11:21:47 Image size of job updated: 1720
	1720  -  MemoryUsage of job (MB)
	1762040  -  ResidentSetSize of job (KB)
...
006 (14733473.000.000) 2021-09-25 11:29:52 Image size of job updated: 1720
	1720  -  MemoryUsage of job (MB)
	1762144  -  ResidentSetSize of job (KB)
...
006 (14733473.000.000) 2021-09-25 11:30:53 Image size of job updated: 1721
	1721  -  MemoryUsage of job (MB)
	1762372  -  ResidentSetSize of job (KB)
...
006 (14733473.000.000) 2021-09-25 11:31:53 Image size of job updated: 1721
	1721  -  MemoryUsage of job (MB)
	1762448  -  ResidentSetSize of job (KB)
...
006 (14733473.000.000) 2021-09-25 11:38:57 Image size of job updated: 1721
	1721  -  MemoryUsage of job (MB)
	1762740  -  ResidentSetSize of job (KB)
...
006 (14733473.000.000) 2021-09-25 11:39:58 Image size of job updated: 1721
	1721  -  MemoryUsage of job (MB)
	1762748  -  ResidentSetSize of job (KB)
...
006 (14733473.000.000) 2021-09-25 11:41:58 Image size of job updated: 1721
	1721  -  MemoryUsage of job (MB)
	1762752  -  ResidentSetSize of job (KB)
...
006 (14733473.000.000) 2021-09-25 11:45:00 Image size of job updated: 1721
	1721  -  MemoryUsage of job (MB)
	1763160  -  ResidentSetSize of job (KB)
...
006 (14733473.000.000) 2021-09-25 11:46:01 Image size of job updated: 1722
	1722  -  MemoryUsage of job (MB)
	1763344  -  ResidentSetSize of job (KB)
...
006 (14733473.000.000) 2021-09-25 11:52:03 Image size of job updated: 1722
	1722  -  MemoryUsage of job (MB)
	1763604  -  ResidentSetSize of job (KB)
...
006 (14733473.000.000) 2021-09-25 11:53:04 Image size of job updated: 1722
	1722  -  MemoryUsage of job (MB)
	1763608  -  ResidentSetSize of job (KB)
...
006 (14733473.000.000) 2021-09-25 11:58:07 Image size of job updated: 1722
	1722  -  MemoryUsage of job (MB)
	1763812  -  ResidentSetSize of job (KB)
...
006 (14733473.000.000) 2021-09-25 12:04:14 Image size of job updated: 1722
	1722  -  MemoryUsage of job (MB)
	1764204  -  ResidentSetSize of job (KB)
...
006 (14733473.000.000) 2021-09-25 12:05:14 Image size of job updated: 1722
	1722  -  MemoryUsage of job (MB)
	1764212  -  ResidentSetSize of job (KB)
...
006 (14733473.000.000) 2021-09-25 12:09:16 Image size of job updated: 1723
	1723  -  MemoryUsage of job (MB)
	1764784  -  ResidentSetSize of job (KB)
...
006 (14733473.000.000) 2021-09-25 12:10:16 Image size of job updated: 1723
	1723  -  MemoryUsage of job (MB)
	1764996  -  ResidentSetSize of job (KB)
...
006 (14733473.000.000) 2021-09-25 12:11:16 Image size of job updated: 1723
	1723  -  MemoryUsage of job (MB)
	1765000  -  ResidentSetSize of job (KB)
...
006 (14733473.000.000) 2021-09-25 12:15:17 Image size of job updated: 1724
	1724  -  MemoryUsage of job (MB)
	1765388  -  ResidentSetSize of job (KB)
...
006 (14733473.000.000) 2021-09-25 12:21:20 Image size of job updated: 1724
	1724  -  MemoryUsage of job (MB)
	1765644  -  ResidentSetSize of job (KB)
...
006 (14733473.000.000) 2021-09-25 12:22:20 Image size of job updated: 1724
	1724  -  MemoryUsage of job (MB)
	1765648  -  ResidentSetSize of job (KB)
...
006 (14733473.000.000) 2021-09-25 12:23:21 Image size of job updated: 1724
	1724  -  MemoryUsage of job (MB)
	1765652  -  ResidentSetSize of job (KB)
...
006 (14733473.000.000) 2021-09-25 12:26:24 Image size of job updated: 1724
	1724  -  MemoryUsage of job (MB)
	1766224  -  ResidentSetSize of job (KB)
...
006 (14733473.000.000) 2021-09-25 12:27:25 Image size of job updated: 1724
	1724  -  MemoryUsage of job (MB)
	1766228  -  ResidentSetSize of job (KB)
...
006 (14733473.000.000) 2021-09-25 12:32:29 Image size of job updated: 1725
	1725  -  MemoryUsage of job (MB)
	1766672  -  ResidentSetSize of job (KB)
...
006 (14733473.000.000) 2021-09-25 12:33:30 Image size of job updated: 1725
	1725  -  MemoryUsage of job (MB)
	1766676  -  ResidentSetSize of job (KB)
...
006 (14733473.000.000) 2021-09-25 12:37:32 Image size of job updated: 1725
	1725  -  MemoryUsage of job (MB)
	1767112  -  ResidentSetSize of job (KB)
...
006 (14733473.000.000) 2021-09-25 12:43:34 Image size of job updated: 1726
	1726  -  MemoryUsage of job (MB)
	1767652  -  ResidentSetSize of job (KB)
...
006 (14733473.000.000) 2021-09-25 12:48:36 Image size of job updated: 1726
	1726  -  MemoryUsage of job (MB)
	1767680  -  ResidentSetSize of job (KB)
...
006 (14733473.000.000) 2021-09-25 12:49:37 Image size of job updated: 1726
	1726  -  MemoryUsage of job (MB)
	1767796  -  ResidentSetSize of job (KB)
...
006 (14733473.000.000) 2021-09-25 12:50:38 Image size of job updated: 1726
	1726  -  MemoryUsage of job (MB)
	1767800  -  ResidentSetSize of job (KB)
...
006 (14733473.000.000) 2021-09-25 12:54:42 Image size of job updated: 1726
	1726  -  MemoryUsage of job (MB)
	1768264  -  ResidentSetSize of job (KB)
...
006 (14733473.000.000) 2021-09-25 12:59:44 Image size of job updated: 1727
	1727  -  MemoryUsage of job (MB)
	1768508  -  ResidentSetSize of job (KB)
...
006 (14733473.000.000) 2021-09-25 13:05:47 Image size of job updated: 1727
	1727  -  MemoryUsage of job (MB)
	1769024  -  ResidentSetSize of job (KB)
...
006 (14733473.000.000) 2021-09-25 13:06:48 Image size of job updated: 1727
	1727  -  MemoryUsage of job (MB)
	1769028  -  ResidentSetSize of job (KB)
...
006 (14733473.000.000) 2021-09-25 13:08:49 Image size of job updated: 1727
	1727  -  MemoryUsage of job (MB)
	1769032  -  ResidentSetSize of job (KB)
...
006 (14733473.000.000) 2021-09-25 13:10:50 Image size of job updated: 1728
	1728  -  MemoryUsage of job (MB)
	1769488  -  ResidentSetSize of job (KB)
...
006 (14733473.000.000) 2021-09-25 13:11:51 Image size of job updated: 1728
	1728  -  MemoryUsage of job (MB)
	1769868  -  ResidentSetSize of job (KB)
...
006 (14733473.000.000) 2021-09-25 13:16:52 Image size of job updated: 1728
	1728  -  MemoryUsage of job (MB)
	1770020  -  ResidentSetSize of job (KB)
...
006 (14733473.000.000) 2021-09-25 13:19:55 Image size of job updated: 1728
	1728  -  MemoryUsage of job (MB)
	1770024  -  ResidentSetSize of job (KB)
...
006 (14733473.000.000) 2021-09-25 13:21:56 Image size of job updated: 1729
	1729  -  MemoryUsage of job (MB)
	1770544  -  ResidentSetSize of job (KB)
...
006 (14733473.000.000) 2021-09-25 13:28:00 Image size of job updated: 1729
	1729  -  MemoryUsage of job (MB)
	1770976  -  ResidentSetSize of job (KB)
...
006 (14733473.000.000) 2021-09-25 13:33:02 Image size of job updated: 1729
	1729  -  MemoryUsage of job (MB)
	1771316  -  ResidentSetSize of job (KB)
...
006 (14733473.000.000) 2021-09-25 13:34:02 Image size of job updated: 1730
	1730  -  MemoryUsage of job (MB)
	1771528  -  ResidentSetSize of job (KB)
...
006 (14733473.000.000) 2021-09-25 13:36:03 Image size of job updated: 1730
	1730  -  MemoryUsage of job (MB)
	1771532  -  ResidentSetSize of job (KB)
...
006 (14733473.000.000) 2021-09-25 13:39:04 Image size of job updated: 1730
	1730  -  MemoryUsage of job (MB)
	1772372  -  ResidentSetSize of job (KB)
...
006 (14733473.000.000) 2021-09-25 13:45:06 Image size of job updated: 1731
	1731  -  MemoryUsage of job (MB)
	1772548  -  ResidentSetSize of job (KB)
...
006 (14733473.000.000) 2021-09-25 13:46:06 Image size of job updated: 1731
	1731  -  MemoryUsage of job (MB)
	1772552  -  ResidentSetSize of job (KB)
...
006 (14733473.000.000) 2021-09-25 13:50:06 Image size of job updated: 1731
	1731  -  MemoryUsage of job (MB)
	1773040  -  ResidentSetSize of job (KB)
...
006 (14733473.000.000) 2021-09-25 13:56:10 Image size of job updated: 1731
	1731  -  MemoryUsage of job (MB)
	1773480  -  ResidentSetSize of job (KB)
...
006 (14733473.000.000) 2021-09-25 14:01:14 Image size of job updated: 1732
	1732  -  MemoryUsage of job (MB)
	1774004  -  ResidentSetSize of job (KB)
...
006 (14733473.000.000) 2021-09-25 14:03:15 Image size of job updated: 1732
	1732  -  MemoryUsage of job (MB)
	1774008  -  ResidentSetSize of job (KB)
...
006 (14733473.000.000) 2021-09-25 14:06:16 Image size of job updated: 1732
	1732  -  MemoryUsage of job (MB)
	1774012  -  ResidentSetSize of job (KB)
...
006 (14733473.000.000) 2021-09-25 14:07:17 Image size of job updated: 1733
	1733  -  MemoryUsage of job (MB)
	1774612  -  ResidentSetSize of job (KB)
...
006 (14733473.000.000) 2021-09-25 14:12:22 Image size of job updated: 1733
	1733  -  MemoryUsage of job (MB)
	1774844  -  ResidentSetSize of job (KB)
...
006 (14733473.000.000) 2021-09-25 14:17:24 Image size of job updated: 1733
	1733  -  MemoryUsage of job (MB)
	1775288  -  ResidentSetSize of job (KB)
...
006 (14733473.000.000) 2021-09-25 14:23:29 Image size of job updated: 1734
	1734  -  MemoryUsage of job (MB)
	1775776  -  ResidentSetSize of job (KB)
...
006 (14733473.000.000) 2021-09-25 14:25:30 Image size of job updated: 1734
	1734  -  MemoryUsage of job (MB)
	1775780  -  ResidentSetSize of job (KB)
...
006 (14733473.000.000) 2021-09-25 14:28:31 Image size of job updated: 1734
	1734  -  MemoryUsage of job (MB)
	1776464  -  ResidentSetSize of job (KB)
...
006 (14733473.000.000) 2021-09-25 14:29:31 Image size of job updated: 1734
	1734  -  MemoryUsage of job (MB)
	1776468  -  ResidentSetSize of job (KB)
...
006 (14733473.000.000) 2021-09-25 14:30:33 Image size of job updated: 1734
	1734  -  MemoryUsage of job (MB)
	1776476  -  ResidentSetSize of job (KB)
...
006 (14733473.000.000) 2021-09-25 14:33:34 Image size of job updated: 1735
	1735  -  MemoryUsage of job (MB)
	1776676  -  ResidentSetSize of job (KB)
...
006 (14733473.000.000) 2021-09-25 14:34:35 Image size of job updated: 1735
	1735  -  MemoryUsage of job (MB)
	1777112  -  ResidentSetSize of job (KB)
...
006 (14733473.000.000) 2021-09-25 14:36:37 Image size of job updated: 1735
	1735  -  MemoryUsage of job (MB)
	1777116  -  ResidentSetSize of job (KB)
...
006 (14733473.000.000) 2021-09-25 14:40:40 Image size of job updated: 1735
	1735  -  MemoryUsage of job (MB)
	1777284  -  ResidentSetSize of job (KB)
...
006 (14733473.000.000) 2021-09-25 14:42:41 Image size of job updated: 1735
	1735  -  MemoryUsage of job (MB)
	1777288  -  ResidentSetSize of job (KB)
...
006 (14733473.000.000) 2021-09-25 14:45:43 Image size of job updated: 1736
	1736  -  MemoryUsage of job (MB)
	1777856  -  ResidentSetSize of job (KB)
...
006 (14733473.000.000) 2021-09-25 14:51:46 Image size of job updated: 1737
	1737  -  MemoryUsage of job (MB)
	1778860  -  ResidentSetSize of job (KB)
...
006 (14733473.000.000) 2021-09-25 14:52:47 Image size of job updated: 1737
	1737  -  MemoryUsage of job (MB)
	1778864  -  ResidentSetSize of job (KB)
...
006 (14733473.000.000) 2021-09-25 14:53:48 Image size of job updated: 1737
	1737  -  MemoryUsage of job (MB)
	1778868  -  ResidentSetSize of job (KB)
...
006 (14733473.000.000) 2021-09-25 14:54:48 Image size of job updated: 1737
	1737  -  MemoryUsage of job (MB)
	1778872  -  ResidentSetSize of job (KB)
...
006 (14733473.000.000) 2021-09-25 14:55:49 Image size of job updated: 1737
	1737  -  MemoryUsage of job (MB)
	1778884  -  ResidentSetSize of job (KB)
...
006 (14733473.000.000) 2021-09-25 14:57:50 Image size of job updated: 1737
	1737  -  MemoryUsage of job (MB)
	1779232  -  ResidentSetSize of job (KB)
...
006 (14733473.000.000) 2021-09-25 14:58:50 Image size of job updated: 1737
	1737  -  MemoryUsage of job (MB)
	1779236  -  ResidentSetSize of job (KB)
...
006 (14733473.000.000) 2021-09-25 15:01:51 Image size of job updated: 1737
	1737  -  MemoryUsage of job (MB)
	1779240  -  ResidentSetSize of job (KB)
...
006 (14733473.000.000) 2021-09-25 15:02:51 Image size of job updated: 1737
	1737  -  MemoryUsage of job (MB)
	1779356  -  ResidentSetSize of job (KB)
...
006 (14733473.000.000) 2021-09-25 15:03:53 Image size of job updated: 1737
	1737  -  MemoryUsage of job (MB)
	1779592  -  ResidentSetSize of job (KB)
...
006 (14733473.000.000) 2021-09-25 15:06:55 Image size of job updated: 1737
	1737  -  MemoryUsage of job (MB)
	1779596  -  ResidentSetSize of job (KB)
...
006 (14733473.000.000) 2021-09-25 15:07:55 Image size of job updated: 1737
	1737  -  MemoryUsage of job (MB)
	1779604  -  ResidentSetSize of job (KB)
...
006 (14733473.000.000) 2021-09-25 15:08:55 Image size of job updated: 1738
	1738  -  MemoryUsage of job (MB)
	1779788  -  ResidentSetSize of job (KB)
...
006 (14733473.000.000) 2021-09-25 15:09:56 Image size of job updated: 1738
	1738  -  MemoryUsage of job (MB)
	1779792  -  ResidentSetSize of job (KB)
...
006 (14733473.000.000) 2021-09-25 15:10:56 Image size of job updated: 1738
	1738  -  MemoryUsage of job (MB)
	1779796  -  ResidentSetSize of job (KB)
...
006 (14733473.000.000) 2021-09-25 15:12:58 Image size of job updated: 1738
	1738  -  MemoryUsage of job (MB)
	1779808  -  ResidentSetSize of job (KB)
...
006 (14733473.000.000) 2021-09-25 15:13:58 Image size of job updated: 1738
	1738  -  MemoryUsage of job (MB)
	1779896  -  ResidentSetSize of job (KB)
...
006 (14733473.000.000) 2021-09-25 15:17:00 Image size of job updated: 1738
	1738  -  MemoryUsage of job (MB)
	1779904  -  ResidentSetSize of job (KB)
...
006 (14733473.000.000) 2021-09-25 15:18:00 Image size of job updated: 1738
	1738  -  MemoryUsage of job (MB)
	1780152  -  ResidentSetSize of job (KB)
...
006 (14733473.000.000) 2021-09-25 15:19:00 Image size of job updated: 1738
	1738  -  MemoryUsage of job (MB)
	1780548  -  ResidentSetSize of job (KB)
...
006 (14733473.000.000) 2021-09-25 15:20:01 Image size of job updated: 1738
	1738  -  MemoryUsage of job (MB)
	1780552  -  ResidentSetSize of job (KB)
...
006 (14733473.000.000) 2021-09-25 15:22:02 Image size of job updated: 1738
	1738  -  MemoryUsage of job (MB)
	1780556  -  ResidentSetSize of job (KB)
...
006 (14733473.000.000) 2021-09-25 15:23:03 Image size of job updated: 1739
	1739  -  MemoryUsage of job (MB)
	1781228  -  ResidentSetSize of job (KB)
...
006 (14733473.000.000) 2021-09-25 15:24:04 Image size of job updated: 1739
	1739  -  MemoryUsage of job (MB)
	1781316  -  ResidentSetSize of job (KB)
...
006 (14733473.000.000) 2021-09-25 15:26:05 Image size of job updated: 1739
	1739  -  MemoryUsage of job (MB)
	1781320  -  ResidentSetSize of job (KB)
...
006 (14733473.000.000) 2021-09-25 15:28:06 Image size of job updated: 1740
	1740  -  MemoryUsage of job (MB)
	1782736  -  ResidentSetSize of job (KB)
...
006 (14733473.000.000) 2021-09-25 15:29:07 Image size of job updated: 1741
	1741  -  MemoryUsage of job (MB)
	1782960  -  ResidentSetSize of job (KB)
...
006 (14733473.000.000) 2021-09-25 15:33:10 Image size of job updated: 1741
	1741  -  MemoryUsage of job (MB)
	1783148  -  ResidentSetSize of job (KB)
...
006 (14733473.000.000) 2021-09-25 15:37:12 Image size of job updated: 1741
	1741  -  MemoryUsage of job (MB)
	1783596  -  ResidentSetSize of job (KB)
...
006 (14733473.000.000) 2021-09-25 15:38:12 Image size of job updated: 1741
	1741  -  MemoryUsage of job (MB)
	1783608  -  ResidentSetSize of job (KB)
...
006 (14733473.000.000) 2021-09-25 15:41:59 Image size of job updated: 1742
	1742  -  MemoryUsage of job (MB)
	1783900  -  ResidentSetSize of job (KB)
...
040 (14733473.000.000) 2021-09-25 15:41:59 Started transferring output files
...
040 (14733473.000.000) 2021-09-25 15:41:59 Finished transferring output files
...
005 (14733473.000.000) 2021-09-25 15:42:01 Job terminated.
	(1) Normal termination (return value 0)
		Usr 0 00:00:00, Sys 0 00:00:00  -  Run Remote Usage
		Usr 0 00:00:00, Sys 0 00:00:00  -  Run Local Usage
		Usr 0 01:43:16, Sys 0 10:56:56  -  Total Remote Usage
		Usr 0 00:00:00, Sys 0 00:00:00  -  Total Local Usage
	1234292  -  Run Bytes Sent By Job
	8471570  -  Run Bytes Received By Job
	1234292  -  Total Bytes Sent By Job
	8471570  -  Total Bytes Received By Job
	Partitionable Resources :    Usage  Request Allocated 
	   Cpus                 :        0        1         1 
	   Disk (KB)            :    29707    10000   1637735 
	   Memory (MB)          :     1742     2048      2048 

	Job terminated of its own accord at 2021-09-25T20:41:59Z.
...
