000 (73340657.000.000) 2021-09-16 05:45:40 Job submitted from host: <131.225.188.235:9618?addrs=131.225.188.235-9618&alias=lpcschedd3.fnal.gov&noUDP&sock=schedd_2706_ab5d>
...
040 (73340657.000.000) 2021-09-16 12:39:26 Started transferring input files
	Transferring to host: <131.225.204.77:9618?addrs=131.225.204.77-9618&alias=cmswn1681.fnal.gov&noUDP&sock=slot1_5_1283_bd4d_5426>
...
040 (73340657.000.000) 2021-09-16 12:39:27 Finished transferring input files
...
001 (73340657.000.000) 2021-09-16 12:39:28 Job executing on host: <131.225.204.77:9618?addrs=131.225.204.77-9618&alias=cmswn1681.fnal.gov&noUDP&sock=startd_1152_c131>
...
006 (73340657.000.000) 2021-09-16 12:39:36 Image size of job updated: 27
	27  -  MemoryUsage of job (MB)
	27968  -  ResidentSetSize of job (KB)
...
006 (73340657.000.000) 2021-09-16 12:40:37 Image size of job updated: 498
	498  -  MemoryUsage of job (MB)
	510036  -  ResidentSetSize of job (KB)
...
006 (73340657.000.000) 2021-09-16 12:43:39 Image size of job updated: 537
	537  -  MemoryUsage of job (MB)
	550068  -  ResidentSetSize of job (KB)
...
006 (73340657.000.000) 2021-09-16 12:44:40 Image size of job updated: 589
	589  -  MemoryUsage of job (MB)
	603228  -  ResidentSetSize of job (KB)
...
006 (73340657.000.000) 2021-09-16 12:45:41 Image size of job updated: 637
	637  -  MemoryUsage of job (MB)
	652292  -  ResidentSetSize of job (KB)
...
006 (73340657.000.000) 2021-09-16 12:46:41 Image size of job updated: 678
	678  -  MemoryUsage of job (MB)
	695176  -  ResidentSetSize of job (KB)
...
006 (73340657.000.000) 2021-09-16 12:47:42 Image size of job updated: 717
	717  -  MemoryUsage of job (MB)
	734292  -  ResidentSetSize of job (KB)
...
006 (73340657.000.000) 2021-09-16 12:48:43 Image size of job updated: 752
	752  -  MemoryUsage of job (MB)
	770584  -  ResidentSetSize of job (KB)
...
006 (73340657.000.000) 2021-09-16 12:49:43 Image size of job updated: 786
	786  -  MemoryUsage of job (MB)
	805172  -  ResidentSetSize of job (KB)
...
006 (73340657.000.000) 2021-09-16 12:50:44 Image size of job updated: 819
	819  -  MemoryUsage of job (MB)
	838676  -  ResidentSetSize of job (KB)
...
006 (73340657.000.000) 2021-09-16 12:51:45 Image size of job updated: 851
	851  -  MemoryUsage of job (MB)
	871968  -  ResidentSetSize of job (KB)
...
006 (73340657.000.000) 2021-09-16 12:52:45 Image size of job updated: 880
	880  -  MemoryUsage of job (MB)
	901880  -  ResidentSetSize of job (KB)
...
006 (73340657.000.000) 2021-09-16 12:53:46 Image size of job updated: 921
	921  -  MemoryUsage of job (MB)
	943496  -  ResidentSetSize of job (KB)
...
006 (73340657.000.000) 2021-09-16 12:54:47 Image size of job updated: 949
	949  -  MemoryUsage of job (MB)
	972372  -  ResidentSetSize of job (KB)
...
006 (73340657.000.000) 2021-09-16 12:55:47 Image size of job updated: 975
	975  -  MemoryUsage of job (MB)
	999360  -  ResidentSetSize of job (KB)
...
006 (73340657.000.000) 2021-09-16 12:56:47 Image size of job updated: 1002
	1002  -  MemoryUsage of job (MB)
	1026208  -  ResidentSetSize of job (KB)
...
006 (73340657.000.000) 2021-09-16 12:57:48 Image size of job updated: 1030
	1030  -  MemoryUsage of job (MB)
	1055368  -  ResidentSetSize of job (KB)
...
006 (73340657.000.000) 2021-09-16 12:58:48 Image size of job updated: 1062
	1062  -  MemoryUsage of job (MB)
	1088472  -  ResidentSetSize of job (KB)
...
006 (73340657.000.000) 2021-09-16 12:59:48 Image size of job updated: 1089
	1089  -  MemoryUsage of job (MB)
	1115260  -  ResidentSetSize of job (KB)
...
006 (73340657.000.000) 2021-09-16 13:00:49 Image size of job updated: 1112
	1112  -  MemoryUsage of job (MB)
	1138716  -  ResidentSetSize of job (KB)
...
006 (73340657.000.000) 2021-09-16 13:01:49 Image size of job updated: 1134
	1134  -  MemoryUsage of job (MB)
	1161832  -  ResidentSetSize of job (KB)
...
006 (73340657.000.000) 2021-09-16 13:02:49 Image size of job updated: 1157
	1157  -  MemoryUsage of job (MB)
	1184832  -  ResidentSetSize of job (KB)
...
006 (73340657.000.000) 2021-09-16 13:03:50 Image size of job updated: 1178
	1178  -  MemoryUsage of job (MB)
	1206844  -  ResidentSetSize of job (KB)
...
006 (73340657.000.000) 2021-09-16 13:04:50 Image size of job updated: 1199
	1199  -  MemoryUsage of job (MB)
	1228680  -  ResidentSetSize of job (KB)
...
006 (73340657.000.000) 2021-09-16 13:05:50 Image size of job updated: 1220
	1220  -  MemoryUsage of job (MB)
	1249676  -  ResidentSetSize of job (KB)
...
006 (73340657.000.000) 2021-09-16 13:06:51 Image size of job updated: 1240
	1240  -  MemoryUsage of job (MB)
	1270280  -  ResidentSetSize of job (KB)
...
006 (73340657.000.000) 2021-09-16 13:07:51 Image size of job updated: 1258
	1258  -  MemoryUsage of job (MB)
	1288480  -  ResidentSetSize of job (KB)
...
006 (73340657.000.000) 2021-09-16 13:08:51 Image size of job updated: 1277
	1277  -  MemoryUsage of job (MB)
	1308644  -  ResidentSetSize of job (KB)
...
006 (73340657.000.000) 2021-09-16 13:09:52 Image size of job updated: 1297
	1297  -  MemoryUsage of job (MB)
	1328396  -  ResidentSetSize of job (KB)
...
006 (73340657.000.000) 2021-09-16 13:10:52 Image size of job updated: 1316
	1316  -  MemoryUsage of job (MB)
	1347856  -  ResidentSetSize of job (KB)
...
006 (73340657.000.000) 2021-09-16 13:11:52 Image size of job updated: 1334
	1334  -  MemoryUsage of job (MB)
	1366960  -  ResidentSetSize of job (KB)
...
006 (73340657.000.000) 2021-09-16 13:12:53 Image size of job updated: 1353
	1353  -  MemoryUsage of job (MB)
	1385588  -  ResidentSetSize of job (KB)
...
006 (73340657.000.000) 2021-09-16 13:13:54 Image size of job updated: 1371
	1371  -  MemoryUsage of job (MB)
	1404040  -  ResidentSetSize of job (KB)
...
006 (73340657.000.000) 2021-09-16 13:14:54 Image size of job updated: 1388
	1388  -  MemoryUsage of job (MB)
	1422072  -  ResidentSetSize of job (KB)
...
006 (73340657.000.000) 2021-09-16 13:15:55 Image size of job updated: 1406
	1406  -  MemoryUsage of job (MB)
	1439952  -  ResidentSetSize of job (KB)
...
006 (73340657.000.000) 2021-09-16 13:16:56 Image size of job updated: 1423
	1423  -  MemoryUsage of job (MB)
	1457740  -  ResidentSetSize of job (KB)
...
006 (73340657.000.000) 2021-09-16 13:17:56 Image size of job updated: 1440
	1440  -  MemoryUsage of job (MB)
	1475120  -  ResidentSetSize of job (KB)
...
006 (73340657.000.000) 2021-09-16 13:18:57 Image size of job updated: 1457
	1457  -  MemoryUsage of job (MB)
	1492388  -  ResidentSetSize of job (KB)
...
006 (73340657.000.000) 2021-09-16 13:19:58 Image size of job updated: 1474
	1474  -  MemoryUsage of job (MB)
	1509396  -  ResidentSetSize of job (KB)
...
006 (73340657.000.000) 2021-09-16 13:20:58 Image size of job updated: 1490
	1490  -  MemoryUsage of job (MB)
	1526120  -  ResidentSetSize of job (KB)
...
006 (73340657.000.000) 2021-09-16 13:21:58 Image size of job updated: 1506
	1506  -  MemoryUsage of job (MB)
	1542704  -  ResidentSetSize of job (KB)
...
006 (73340657.000.000) 2021-09-16 13:22:59 Image size of job updated: 1522
	1522  -  MemoryUsage of job (MB)
	1558768  -  ResidentSetSize of job (KB)
...
006 (73340657.000.000) 2021-09-16 13:23:59 Image size of job updated: 1542
	1542  -  MemoryUsage of job (MB)
	1579056  -  ResidentSetSize of job (KB)
...
006 (73340657.000.000) 2021-09-16 13:24:59 Image size of job updated: 1625
	1625  -  MemoryUsage of job (MB)
	1664788  -  ResidentSetSize of job (KB)
...
006 (73340657.000.000) 2021-09-16 13:25:59 Image size of job updated: 1633
	1633  -  MemoryUsage of job (MB)
	1673008  -  ResidentSetSize of job (KB)
...
006 (73340657.000.000) 2021-09-16 13:27:00 Image size of job updated: 1636
	1636  -  MemoryUsage of job (MB)
	1675760  -  ResidentSetSize of job (KB)
...
006 (73340657.000.000) 2021-09-16 13:28:01 Image size of job updated: 1638
	1638  -  MemoryUsage of job (MB)
	1677552  -  ResidentSetSize of job (KB)
...
006 (73340657.000.000) 2021-09-16 13:29:02 Image size of job updated: 1640
	1640  -  MemoryUsage of job (MB)
	1679492  -  ResidentSetSize of job (KB)
...
006 (73340657.000.000) 2021-09-16 13:30:02 Image size of job updated: 1648
	1648  -  MemoryUsage of job (MB)
	1688496  -  ResidentSetSize of job (KB)
...
006 (73340657.000.000) 2021-09-16 13:31:02 Image size of job updated: 1657
	1657  -  MemoryUsage of job (MB)
	1697408  -  ResidentSetSize of job (KB)
...
006 (73340657.000.000) 2021-09-16 13:32:03 Image size of job updated: 1664
	1664  -  MemoryUsage of job (MB)
	1703972  -  ResidentSetSize of job (KB)
...
006 (73340657.000.000) 2021-09-16 13:33:03 Image size of job updated: 1669
	1669  -  MemoryUsage of job (MB)
	1709872  -  ResidentSetSize of job (KB)
...
006 (73340657.000.000) 2021-09-16 13:34:03 Image size of job updated: 1677
	1677  -  MemoryUsage of job (MB)
	1717276  -  ResidentSetSize of job (KB)
...
006 (73340657.000.000) 2021-09-16 13:35:04 Image size of job updated: 1678
	1678  -  MemoryUsage of job (MB)
	1718868  -  ResidentSetSize of job (KB)
...
006 (73340657.000.000) 2021-09-16 13:36:04 Image size of job updated: 1679
	1679  -  MemoryUsage of job (MB)
	1719704  -  ResidentSetSize of job (KB)
...
006 (73340657.000.000) 2021-09-16 13:37:05 Image size of job updated: 1680
	1680  -  MemoryUsage of job (MB)
	1721148  -  ResidentSetSize of job (KB)
...
006 (73340657.000.000) 2021-09-16 13:38:06 Image size of job updated: 1681
	1681  -  MemoryUsage of job (MB)
	1721828  -  ResidentSetSize of job (KB)
...
006 (73340657.000.000) 2021-09-16 13:39:06 Image size of job updated: 1681
	1681  -  MemoryUsage of job (MB)
	1722260  -  ResidentSetSize of job (KB)
...
006 (73340657.000.000) 2021-09-16 13:40:06 Image size of job updated: 1687
	1687  -  MemoryUsage of job (MB)
	1727612  -  ResidentSetSize of job (KB)
...
006 (73340657.000.000) 2021-09-16 13:41:07 Image size of job updated: 1687
	1687  -  MemoryUsage of job (MB)
	1727768  -  ResidentSetSize of job (KB)
...
006 (73340657.000.000) 2021-09-16 13:42:07 Image size of job updated: 1688
	1688  -  MemoryUsage of job (MB)
	1729208  -  ResidentSetSize of job (KB)
...
006 (73340657.000.000) 2021-09-16 13:43:07 Image size of job updated: 1693
	1693  -  MemoryUsage of job (MB)
	1734228  -  ResidentSetSize of job (KB)
...
006 (73340657.000.000) 2021-09-16 13:44:08 Image size of job updated: 1694
	1694  -  MemoryUsage of job (MB)
	1735536  -  ResidentSetSize of job (KB)
...
006 (73340657.000.000) 2021-09-16 13:45:09 Image size of job updated: 1699
	1699  -  MemoryUsage of job (MB)
	1740344  -  ResidentSetSize of job (KB)
...
006 (73340657.000.000) 2021-09-16 13:46:09 Image size of job updated: 1703
	1703  -  MemoryUsage of job (MB)
	1744444  -  ResidentSetSize of job (KB)
...
006 (73340657.000.000) 2021-09-16 13:47:10 Image size of job updated: 1707
	1707  -  MemoryUsage of job (MB)
	1748692  -  ResidentSetSize of job (KB)
...
006 (73340657.000.000) 2021-09-16 13:48:10 Image size of job updated: 1710
	1710  -  MemoryUsage of job (MB)
	1751596  -  ResidentSetSize of job (KB)
...
006 (73340657.000.000) 2021-09-16 13:49:11 Image size of job updated: 1715
	1715  -  MemoryUsage of job (MB)
	1756820  -  ResidentSetSize of job (KB)
...
006 (73340657.000.000) 2021-09-16 13:50:11 Image size of job updated: 1716
	1716  -  MemoryUsage of job (MB)
	1758072  -  ResidentSetSize of job (KB)
...
006 (73340657.000.000) 2021-09-16 13:51:11 Image size of job updated: 1720
	1720  -  MemoryUsage of job (MB)
	1761784  -  ResidentSetSize of job (KB)
...
006 (73340657.000.000) 2021-09-16 13:52:12 Image size of job updated: 1723
	1723  -  MemoryUsage of job (MB)
	1764664  -  ResidentSetSize of job (KB)
...
006 (73340657.000.000) 2021-09-16 13:53:12 Image size of job updated: 1725
	1725  -  MemoryUsage of job (MB)
	1766432  -  ResidentSetSize of job (KB)
...
006 (73340657.000.000) 2021-09-16 13:54:12 Image size of job updated: 1726
	1726  -  MemoryUsage of job (MB)
	1768136  -  ResidentSetSize of job (KB)
...
006 (73340657.000.000) 2021-09-16 13:55:13 Image size of job updated: 1728
	1728  -  MemoryUsage of job (MB)
	1769524  -  ResidentSetSize of job (KB)
...
006 (73340657.000.000) 2021-09-16 13:56:13 Image size of job updated: 1729
	1729  -  MemoryUsage of job (MB)
	1771100  -  ResidentSetSize of job (KB)
...
006 (73340657.000.000) 2021-09-16 13:57:13 Image size of job updated: 1730
	1730  -  MemoryUsage of job (MB)
	1771984  -  ResidentSetSize of job (KB)
...
006 (73340657.000.000) 2021-09-16 13:58:14 Image size of job updated: 1731
	1731  -  MemoryUsage of job (MB)
	1773312  -  ResidentSetSize of job (KB)
...
006 (73340657.000.000) 2021-09-16 13:59:14 Image size of job updated: 1732
	1732  -  MemoryUsage of job (MB)
	1774468  -  ResidentSetSize of job (KB)
...
006 (73340657.000.000) 2021-09-16 14:00:14 Image size of job updated: 1733
	1733  -  MemoryUsage of job (MB)
	1775364  -  ResidentSetSize of job (KB)
...
006 (73340657.000.000) 2021-09-16 14:01:15 Image size of job updated: 1734
	1734  -  MemoryUsage of job (MB)
	1775844  -  ResidentSetSize of job (KB)
...
006 (73340657.000.000) 2021-09-16 14:02:16 Image size of job updated: 1735
	1735  -  MemoryUsage of job (MB)
	1777028  -  ResidentSetSize of job (KB)
...
006 (73340657.000.000) 2021-09-16 14:03:16 Image size of job updated: 1736
	1736  -  MemoryUsage of job (MB)
	1777772  -  ResidentSetSize of job (KB)
...
006 (73340657.000.000) 2021-09-16 14:04:17 Image size of job updated: 1736
	1736  -  MemoryUsage of job (MB)
	1778568  -  ResidentSetSize of job (KB)
...
006 (73340657.000.000) 2021-09-16 14:05:17 Image size of job updated: 1737
	1737  -  MemoryUsage of job (MB)
	1778776  -  ResidentSetSize of job (KB)
...
006 (73340657.000.000) 2021-09-16 14:06:17 Image size of job updated: 1737
	1737  -  MemoryUsage of job (MB)
	1779648  -  ResidentSetSize of job (KB)
...
006 (73340657.000.000) 2021-09-16 14:07:18 Image size of job updated: 1738
	1738  -  MemoryUsage of job (MB)
	1780328  -  ResidentSetSize of job (KB)
...
006 (73340657.000.000) 2021-09-16 14:08:18 Image size of job updated: 1739
	1739  -  MemoryUsage of job (MB)
	1781256  -  ResidentSetSize of job (KB)
...
006 (73340657.000.000) 2021-09-16 14:09:18 Image size of job updated: 1740
	1740  -  MemoryUsage of job (MB)
	1781868  -  ResidentSetSize of job (KB)
...
006 (73340657.000.000) 2021-09-16 14:10:19 Image size of job updated: 1740
	1740  -  MemoryUsage of job (MB)
	1782484  -  ResidentSetSize of job (KB)
...
006 (73340657.000.000) 2021-09-16 14:11:20 Image size of job updated: 1741
	1741  -  MemoryUsage of job (MB)
	1783136  -  ResidentSetSize of job (KB)
...
006 (73340657.000.000) 2021-09-16 14:12:20 Image size of job updated: 1741
	1741  -  MemoryUsage of job (MB)
	1783404  -  ResidentSetSize of job (KB)
...
006 (73340657.000.000) 2021-09-16 14:13:21 Image size of job updated: 1742
	1742  -  MemoryUsage of job (MB)
	1784024  -  ResidentSetSize of job (KB)
...
006 (73340657.000.000) 2021-09-16 14:14:21 Image size of job updated: 1743
	1743  -  MemoryUsage of job (MB)
	1784936  -  ResidentSetSize of job (KB)
...
006 (73340657.000.000) 2021-09-16 14:15:21 Image size of job updated: 1743
	1743  -  MemoryUsage of job (MB)
	1785280  -  ResidentSetSize of job (KB)
...
006 (73340657.000.000) 2021-09-16 14:16:22 Image size of job updated: 1743
	1743  -  MemoryUsage of job (MB)
	1785540  -  ResidentSetSize of job (KB)
...
006 (73340657.000.000) 2021-09-16 14:17:23 Image size of job updated: 1743
	1743  -  MemoryUsage of job (MB)
	1785704  -  ResidentSetSize of job (KB)
...
006 (73340657.000.000) 2021-09-16 14:18:23 Image size of job updated: 1744
	1744  -  MemoryUsage of job (MB)
	1785944  -  ResidentSetSize of job (KB)
...
006 (73340657.000.000) 2021-09-16 14:19:24 Image size of job updated: 1744
	1744  -  MemoryUsage of job (MB)
	1786032  -  ResidentSetSize of job (KB)
...
006 (73340657.000.000) 2021-09-16 14:20:24 Image size of job updated: 1745
	1745  -  MemoryUsage of job (MB)
	1787100  -  ResidentSetSize of job (KB)
...
006 (73340657.000.000) 2021-09-16 14:21:24 Image size of job updated: 1745
	1745  -  MemoryUsage of job (MB)
	1787628  -  ResidentSetSize of job (KB)
...
006 (73340657.000.000) 2021-09-16 14:22:25 Image size of job updated: 1746
	1746  -  MemoryUsage of job (MB)
	1788312  -  ResidentSetSize of job (KB)
...
006 (73340657.000.000) 2021-09-16 14:23:25 Image size of job updated: 1746
	1746  -  MemoryUsage of job (MB)
	1788812  -  ResidentSetSize of job (KB)
...
006 (73340657.000.000) 2021-09-16 14:24:25 Image size of job updated: 1747
	1747  -  MemoryUsage of job (MB)
	1789256  -  ResidentSetSize of job (KB)
...
006 (73340657.000.000) 2021-09-16 14:25:26 Image size of job updated: 1748
	1748  -  MemoryUsage of job (MB)
	1790040  -  ResidentSetSize of job (KB)
...
006 (73340657.000.000) 2021-09-16 14:26:26 Image size of job updated: 1748
	1748  -  MemoryUsage of job (MB)
	1790812  -  ResidentSetSize of job (KB)
...
006 (73340657.000.000) 2021-09-16 14:27:26 Image size of job updated: 1749
	1749  -  MemoryUsage of job (MB)
	1791116  -  ResidentSetSize of job (KB)
...
006 (73340657.000.000) 2021-09-16 14:28:27 Image size of job updated: 1749
	1749  -  MemoryUsage of job (MB)
	1791912  -  ResidentSetSize of job (KB)
...
006 (73340657.000.000) 2021-09-16 14:29:27 Image size of job updated: 1750
	1750  -  MemoryUsage of job (MB)
	1792220  -  ResidentSetSize of job (KB)
...
006 (73340657.000.000) 2021-09-16 14:30:28 Image size of job updated: 1750
	1750  -  MemoryUsage of job (MB)
	1792928  -  ResidentSetSize of job (KB)
...
006 (73340657.000.000) 2021-09-16 14:31:29 Image size of job updated: 1751
	1751  -  MemoryUsage of job (MB)
	1793460  -  ResidentSetSize of job (KB)
...
006 (73340657.000.000) 2021-09-16 14:32:29 Image size of job updated: 1751
	1751  -  MemoryUsage of job (MB)
	1793824  -  ResidentSetSize of job (KB)
...
006 (73340657.000.000) 2021-09-16 14:33:30 Image size of job updated: 1752
	1752  -  MemoryUsage of job (MB)
	1794516  -  ResidentSetSize of job (KB)
...
006 (73340657.000.000) 2021-09-16 14:34:31 Image size of job updated: 1752
	1752  -  MemoryUsage of job (MB)
	1795036  -  ResidentSetSize of job (KB)
...
006 (73340657.000.000) 2021-09-16 14:35:31 Image size of job updated: 1753
	1753  -  MemoryUsage of job (MB)
	1795160  -  ResidentSetSize of job (KB)
...
006 (73340657.000.000) 2021-09-16 14:36:32 Image size of job updated: 1753
	1753  -  MemoryUsage of job (MB)
	1795300  -  ResidentSetSize of job (KB)
...
006 (73340657.000.000) 2021-09-16 14:37:32 Image size of job updated: 1753
	1753  -  MemoryUsage of job (MB)
	1795368  -  ResidentSetSize of job (KB)
...
006 (73340657.000.000) 2021-09-16 14:38:32 Image size of job updated: 1753
	1753  -  MemoryUsage of job (MB)
	1795408  -  ResidentSetSize of job (KB)
...
006 (73340657.000.000) 2021-09-16 14:39:33 Image size of job updated: 1754
	1754  -  MemoryUsage of job (MB)
	1796384  -  ResidentSetSize of job (KB)
...
006 (73340657.000.000) 2021-09-16 14:40:34 Image size of job updated: 1755
	1755  -  MemoryUsage of job (MB)
	1797516  -  ResidentSetSize of job (KB)
...
006 (73340657.000.000) 2021-09-16 14:41:34 Image size of job updated: 1755
	1755  -  MemoryUsage of job (MB)
	1797976  -  ResidentSetSize of job (KB)
...
006 (73340657.000.000) 2021-09-16 14:42:35 Image size of job updated: 1756
	1756  -  MemoryUsage of job (MB)
	1798688  -  ResidentSetSize of job (KB)
...
006 (73340657.000.000) 2021-09-16 14:43:35 Image size of job updated: 1757
	1757  -  MemoryUsage of job (MB)
	1799756  -  ResidentSetSize of job (KB)
...
006 (73340657.000.000) 2021-09-16 14:44:35 Image size of job updated: 1759
	1759  -  MemoryUsage of job (MB)
	1801412  -  ResidentSetSize of job (KB)
...
006 (73340657.000.000) 2021-09-16 14:45:36 Image size of job updated: 1759
	1759  -  MemoryUsage of job (MB)
	1801708  -  ResidentSetSize of job (KB)
...
006 (73340657.000.000) 2021-09-16 14:46:37 Image size of job updated: 1759
	1759  -  MemoryUsage of job (MB)
	1802056  -  ResidentSetSize of job (KB)
...
006 (73340657.000.000) 2021-09-16 14:47:37 Image size of job updated: 1760
	1760  -  MemoryUsage of job (MB)
	1802512  -  ResidentSetSize of job (KB)
...
006 (73340657.000.000) 2021-09-16 14:48:38 Image size of job updated: 1760
	1760  -  MemoryUsage of job (MB)
	1802748  -  ResidentSetSize of job (KB)
...
006 (73340657.000.000) 2021-09-16 14:49:38 Image size of job updated: 1760
	1760  -  MemoryUsage of job (MB)
	1802796  -  ResidentSetSize of job (KB)
...
006 (73340657.000.000) 2021-09-16 14:50:38 Image size of job updated: 1760
	1760  -  MemoryUsage of job (MB)
	1802820  -  ResidentSetSize of job (KB)
...
006 (73340657.000.000) 2021-09-16 14:51:39 Image size of job updated: 1760
	1760  -  MemoryUsage of job (MB)
	1802836  -  ResidentSetSize of job (KB)
...
006 (73340657.000.000) 2021-09-16 14:52:39 Image size of job updated: 1760
	1760  -  MemoryUsage of job (MB)
	1802940  -  ResidentSetSize of job (KB)
...
006 (73340657.000.000) 2021-09-16 14:53:40 Image size of job updated: 1760
	1760  -  MemoryUsage of job (MB)
	1803052  -  ResidentSetSize of job (KB)
...
006 (73340657.000.000) 2021-09-16 14:54:41 Image size of job updated: 1760
	1760  -  MemoryUsage of job (MB)
	1803228  -  ResidentSetSize of job (KB)
...
006 (73340657.000.000) 2021-09-16 14:55:41 Image size of job updated: 1761
	1761  -  MemoryUsage of job (MB)
	1803368  -  ResidentSetSize of job (KB)
...
006 (73340657.000.000) 2021-09-16 14:56:42 Image size of job updated: 1761
	1761  -  MemoryUsage of job (MB)
	1803420  -  ResidentSetSize of job (KB)
...
006 (73340657.000.000) 2021-09-16 14:57:42 Image size of job updated: 1761
	1761  -  MemoryUsage of job (MB)
	1803424  -  ResidentSetSize of job (KB)
...
006 (73340657.000.000) 2021-09-16 14:58:42 Image size of job updated: 1762
	1762  -  MemoryUsage of job (MB)
	1804748  -  ResidentSetSize of job (KB)
...
006 (73340657.000.000) 2021-09-16 14:59:43 Image size of job updated: 1763
	1763  -  MemoryUsage of job (MB)
	1805412  -  ResidentSetSize of job (KB)
...
006 (73340657.000.000) 2021-09-16 15:00:43 Image size of job updated: 1763
	1763  -  MemoryUsage of job (MB)
	1805828  -  ResidentSetSize of job (KB)
...
006 (73340657.000.000) 2021-09-16 15:01:43 Image size of job updated: 1763
	1763  -  MemoryUsage of job (MB)
	1806192  -  ResidentSetSize of job (KB)
...
040 (73340657.000.000) 2021-09-16 15:02:36 Started transferring output files
...
040 (73340657.000.000) 2021-09-16 15:02:36 Finished transferring output files
...
005 (73340657.000.000) 2021-09-16 15:02:38 Job terminated.
	(1) Normal termination (return value 0)
		Usr 0 00:00:00, Sys 0 00:00:00  -  Run Remote Usage
		Usr 0 00:00:00, Sys 0 00:00:00  -  Run Local Usage
		Usr 0 01:17:48, Sys 0 00:55:44  -  Total Remote Usage
		Usr 0 00:00:00, Sys 0 00:00:00  -  Total Local Usage
	1233116  -  Run Bytes Sent By Job
	8471534  -  Run Bytes Received By Job
	1233116  -  Total Bytes Sent By Job
	8471534  -  Total Bytes Received By Job
	Partitionable Resources :    Usage  Request Allocated 
	   Cpus                 :     0.00        1         1 
	   Disk (KB)            : 30636       10000    324720 
	   Memory (MB)          :  1763        2048      2048 

	Job terminated of its own accord at 2021-09-16T20:02:35Z.
...
000 (14733364.000.000) 2021-09-24 22:30:57 Job submitted from host: <131.225.188.55:9618?addrs=131.225.188.55-9618&alias=lpcschedd1.fnal.gov&noUDP&sock=schedd_2070_6d22>
...
040 (14733364.000.000) 2021-09-25 02:47:15 Started transferring input files
	Transferring to host: <131.225.191.222:9618?addrs=131.225.191.222-9618&alias=cmswn1998.fnal.gov&noUDP&sock=slot1_10_1583_1dd9_3976>
...
040 (14733364.000.000) 2021-09-25 02:47:16 Finished transferring input files
...
001 (14733364.000.000) 2021-09-25 02:47:17 Job executing on host: <131.225.191.222:9618?addrs=131.225.191.222-9618&alias=cmswn1998.fnal.gov&noUDP&sock=startd_1426_b224>
...
006 (14733364.000.000) 2021-09-25 02:47:25 Image size of job updated: 27
	27  -  MemoryUsage of job (MB)
	28284  -  ResidentSetSize of job (KB)
...
006 (14733364.000.000) 2021-09-25 02:48:26 Image size of job updated: 535
	535  -  MemoryUsage of job (MB)
	548844  -  ResidentSetSize of job (KB)
...
006 (14733364.000.000) 2021-09-25 02:53:28 Image size of job updated: 577
	577  -  MemoryUsage of job (MB)
	591088  -  ResidentSetSize of job (KB)
...
006 (14733364.000.000) 2021-09-25 02:54:28 Image size of job updated: 621
	621  -  MemoryUsage of job (MB)
	636092  -  ResidentSetSize of job (KB)
...
006 (14733364.000.000) 2021-09-25 02:55:28 Image size of job updated: 662
	662  -  MemoryUsage of job (MB)
	678500  -  ResidentSetSize of job (KB)
...
006 (14733364.000.000) 2021-09-25 02:56:29 Image size of job updated: 697
	697  -  MemoryUsage of job (MB)
	714296  -  ResidentSetSize of job (KB)
...
006 (14733364.000.000) 2021-09-25 02:57:29 Image size of job updated: 730
	730  -  MemoryUsage of job (MB)
	748316  -  ResidentSetSize of job (KB)
...
006 (14733364.000.000) 2021-09-25 02:58:30 Image size of job updated: 765
	765  -  MemoryUsage of job (MB)
	783536  -  ResidentSetSize of job (KB)
...
006 (14733364.000.000) 2021-09-25 02:59:30 Image size of job updated: 793
	793  -  MemoryUsage of job (MB)
	812880  -  ResidentSetSize of job (KB)
...
006 (14733364.000.000) 2021-09-25 03:00:31 Image size of job updated: 822
	822  -  MemoryUsage of job (MB)
	842184  -  ResidentSetSize of job (KB)
...
006 (14733364.000.000) 2021-09-25 03:01:31 Image size of job updated: 854
	854  -  MemoryUsage of job (MB)
	874664  -  ResidentSetSize of job (KB)
...
006 (14733364.000.000) 2021-09-25 03:02:32 Image size of job updated: 880
	880  -  MemoryUsage of job (MB)
	901204  -  ResidentSetSize of job (KB)
...
006 (14733364.000.000) 2021-09-25 03:03:32 Image size of job updated: 916
	916  -  MemoryUsage of job (MB)
	938588  -  ResidentSetSize of job (KB)
...
006 (14733364.000.000) 2021-09-25 03:04:32 Image size of job updated: 945
	945  -  MemoryUsage of job (MB)
	967684  -  ResidentSetSize of job (KB)
...
006 (14733364.000.000) 2021-09-25 03:05:33 Image size of job updated: 968
	968  -  MemoryUsage of job (MB)
	992244  -  ResidentSetSize of job (KB)
...
006 (14733364.000.000) 2021-09-25 03:06:34 Image size of job updated: 991
	991  -  MemoryUsage of job (MB)
	1015696  -  ResidentSetSize of job (KB)
...
006 (14733364.000.000) 2021-09-25 03:07:34 Image size of job updated: 1019
	1019  -  MemoryUsage of job (MB)
	1043960  -  ResidentSetSize of job (KB)
...
006 (14733364.000.000) 2021-09-25 03:08:34 Image size of job updated: 1043
	1043  -  MemoryUsage of job (MB)
	1068324  -  ResidentSetSize of job (KB)
...
006 (14733364.000.000) 2021-09-25 03:09:34 Image size of job updated: 1074
	1074  -  MemoryUsage of job (MB)
	1099824  -  ResidentSetSize of job (KB)
...
006 (14733364.000.000) 2021-09-25 03:10:35 Image size of job updated: 1096
	1096  -  MemoryUsage of job (MB)
	1122900  -  ResidentSetSize of job (KB)
...
006 (14733364.000.000) 2021-09-25 03:11:35 Image size of job updated: 1115
	1115  -  MemoryUsage of job (MB)
	1142764  -  ResidentSetSize of job (KB)
...
006 (14733364.000.000) 2021-09-25 03:12:36 Image size of job updated: 1134
	1134  -  MemoryUsage of job (MB)
	1162112  -  ResidentSetSize of job (KB)
...
006 (14733364.000.000) 2021-09-25 03:13:37 Image size of job updated: 1155
	1155  -  MemoryUsage of job (MB)
	1183688  -  ResidentSetSize of job (KB)
...
006 (14733364.000.000) 2021-09-25 03:14:38 Image size of job updated: 1173
	1173  -  MemoryUsage of job (MB)
	1201844  -  ResidentSetSize of job (KB)
...
006 (14733364.000.000) 2021-09-25 03:15:39 Image size of job updated: 1192
	1192  -  MemoryUsage of job (MB)
	1221512  -  ResidentSetSize of job (KB)
...
006 (14733364.000.000) 2021-09-25 03:16:39 Image size of job updated: 1209
	1209  -  MemoryUsage of job (MB)
	1238724  -  ResidentSetSize of job (KB)
...
006 (14733364.000.000) 2021-09-25 03:17:39 Image size of job updated: 1226
	1226  -  MemoryUsage of job (MB)
	1255544  -  ResidentSetSize of job (KB)
...
006 (14733364.000.000) 2021-09-25 03:18:40 Image size of job updated: 1244
	1244  -  MemoryUsage of job (MB)
	1273944  -  ResidentSetSize of job (KB)
...
006 (14733364.000.000) 2021-09-25 03:19:40 Image size of job updated: 1259
	1259  -  MemoryUsage of job (MB)
	1290108  -  ResidentSetSize of job (KB)
...
006 (14733364.000.000) 2021-09-25 03:20:40 Image size of job updated: 1275
	1275  -  MemoryUsage of job (MB)
	1305984  -  ResidentSetSize of job (KB)
...
006 (14733364.000.000) 2021-09-25 03:21:41 Image size of job updated: 1292
	1292  -  MemoryUsage of job (MB)
	1323516  -  ResidentSetSize of job (KB)
...
006 (14733364.000.000) 2021-09-25 03:22:41 Image size of job updated: 1307
	1307  -  MemoryUsage of job (MB)
	1339016  -  ResidentSetSize of job (KB)
...
006 (14733364.000.000) 2021-09-25 03:23:41 Image size of job updated: 1322
	1322  -  MemoryUsage of job (MB)
	1354044  -  ResidentSetSize of job (KB)
...
006 (14733364.000.000) 2021-09-25 03:24:42 Image size of job updated: 1338
	1338  -  MemoryUsage of job (MB)
	1370436  -  ResidentSetSize of job (KB)
...
006 (14733364.000.000) 2021-09-25 03:25:42 Image size of job updated: 1352
	1352  -  MemoryUsage of job (MB)
	1384964  -  ResidentSetSize of job (KB)
...
006 (14733364.000.000) 2021-09-25 03:26:43 Image size of job updated: 1366
	1366  -  MemoryUsage of job (MB)
	1399108  -  ResidentSetSize of job (KB)
...
006 (14733364.000.000) 2021-09-25 03:27:44 Image size of job updated: 1381
	1381  -  MemoryUsage of job (MB)
	1414596  -  ResidentSetSize of job (KB)
...
006 (14733364.000.000) 2021-09-25 03:28:44 Image size of job updated: 1394
	1394  -  MemoryUsage of job (MB)
	1428376  -  ResidentSetSize of job (KB)
...
006 (14733364.000.000) 2021-09-25 03:29:44 Image size of job updated: 1408
	1408  -  MemoryUsage of job (MB)
	1441984  -  ResidentSetSize of job (KB)
...
006 (14733364.000.000) 2021-09-25 03:30:44 Image size of job updated: 1422
	1422  -  MemoryUsage of job (MB)
	1456912  -  ResidentSetSize of job (KB)
...
006 (14733364.000.000) 2021-09-25 03:31:44 Image size of job updated: 1435
	1435  -  MemoryUsage of job (MB)
	1470256  -  ResidentSetSize of job (KB)
...
006 (14733364.000.000) 2021-09-25 03:32:44 Image size of job updated: 1448
	1448  -  MemoryUsage of job (MB)
	1483308  -  ResidentSetSize of job (KB)
...
006 (14733364.000.000) 2021-09-25 03:33:44 Image size of job updated: 1461
	1461  -  MemoryUsage of job (MB)
	1496328  -  ResidentSetSize of job (KB)
...
006 (14733364.000.000) 2021-09-25 03:34:45 Image size of job updated: 1475
	1475  -  MemoryUsage of job (MB)
	1510672  -  ResidentSetSize of job (KB)
...
006 (14733364.000.000) 2021-09-25 03:35:46 Image size of job updated: 1487
	1487  -  MemoryUsage of job (MB)
	1523376  -  ResidentSetSize of job (KB)
...
006 (14733364.000.000) 2021-09-25 03:36:47 Image size of job updated: 1501
	1501  -  MemoryUsage of job (MB)
	1537748  -  ResidentSetSize of job (KB)
...
006 (14733364.000.000) 2021-09-25 03:37:48 Image size of job updated: 1514
	1514  -  MemoryUsage of job (MB)
	1551196  -  ResidentSetSize of job (KB)
...
006 (14733364.000.000) 2021-09-25 03:38:49 Image size of job updated: 1527
	1527  -  MemoryUsage of job (MB)
	1564388  -  ResidentSetSize of job (KB)
...
006 (14733364.000.000) 2021-09-25 03:39:50 Image size of job updated: 1545
	1545  -  MemoryUsage of job (MB)
	1582988  -  ResidentSetSize of job (KB)
...
006 (14733364.000.000) 2021-09-25 03:40:50 Image size of job updated: 1625
	1625  -  MemoryUsage of job (MB)
	1664728  -  ResidentSetSize of job (KB)
...
006 (14733364.000.000) 2021-09-25 03:41:51 Image size of job updated: 1625
	1625  -  MemoryUsage of job (MB)
	1664756  -  ResidentSetSize of job (KB)
...
006 (14733364.000.000) 2021-09-25 03:42:52 Image size of job updated: 1625
	1625  -  MemoryUsage of job (MB)
	1664816  -  ResidentSetSize of job (KB)
...
006 (14733364.000.000) 2021-09-25 03:43:52 Image size of job updated: 1625
	1625  -  MemoryUsage of job (MB)
	1664856  -  ResidentSetSize of job (KB)
...
006 (14733364.000.000) 2021-09-25 03:44:53 Image size of job updated: 1625
	1625  -  MemoryUsage of job (MB)
	1664864  -  ResidentSetSize of job (KB)
...
006 (14733364.000.000) 2021-09-25 03:45:54 Image size of job updated: 1625
	1625  -  MemoryUsage of job (MB)
	1664920  -  ResidentSetSize of job (KB)
...
006 (14733364.000.000) 2021-09-25 03:46:54 Image size of job updated: 1626
	1626  -  MemoryUsage of job (MB)
	1665200  -  ResidentSetSize of job (KB)
...
006 (14733364.000.000) 2021-09-25 03:47:54 Image size of job updated: 1633
	1633  -  MemoryUsage of job (MB)
	1672340  -  ResidentSetSize of job (KB)
...
006 (14733364.000.000) 2021-09-25 03:48:55 Image size of job updated: 1633
	1633  -  MemoryUsage of job (MB)
	1672364  -  ResidentSetSize of job (KB)
...
006 (14733364.000.000) 2021-09-25 03:49:56 Image size of job updated: 1633
	1633  -  MemoryUsage of job (MB)
	1672416  -  ResidentSetSize of job (KB)
...
006 (14733364.000.000) 2021-09-25 03:50:56 Image size of job updated: 1633
	1633  -  MemoryUsage of job (MB)
	1672472  -  ResidentSetSize of job (KB)
...
006 (14733364.000.000) 2021-09-25 03:51:56 Image size of job updated: 1633
	1633  -  MemoryUsage of job (MB)
	1672516  -  ResidentSetSize of job (KB)
...
006 (14733364.000.000) 2021-09-25 03:52:57 Image size of job updated: 1633
	1633  -  MemoryUsage of job (MB)
	1672812  -  ResidentSetSize of job (KB)
...
006 (14733364.000.000) 2021-09-25 03:53:58 Image size of job updated: 1635
	1635  -  MemoryUsage of job (MB)
	1674904  -  ResidentSetSize of job (KB)
...
006 (14733364.000.000) 2021-09-25 03:54:58 Image size of job updated: 1635
	1635  -  MemoryUsage of job (MB)
	1674920  -  ResidentSetSize of job (KB)
...
006 (14733364.000.000) 2021-09-25 03:55:59 Image size of job updated: 1635
	1635  -  MemoryUsage of job (MB)
	1674976  -  ResidentSetSize of job (KB)
...
006 (14733364.000.000) 2021-09-25 03:57:00 Image size of job updated: 1635
	1635  -  MemoryUsage of job (MB)
	1675004  -  ResidentSetSize of job (KB)
...
006 (14733364.000.000) 2021-09-25 03:58:00 Image size of job updated: 1635
	1635  -  MemoryUsage of job (MB)
	1675184  -  ResidentSetSize of job (KB)
...
006 (14733364.000.000) 2021-09-25 03:59:01 Image size of job updated: 1637
	1637  -  MemoryUsage of job (MB)
	1677296  -  ResidentSetSize of job (KB)
...
006 (14733364.000.000) 2021-09-25 04:00:02 Image size of job updated: 1638
	1638  -  MemoryUsage of job (MB)
	1677340  -  ResidentSetSize of job (KB)
...
006 (14733364.000.000) 2021-09-25 04:01:02 Image size of job updated: 1638
	1638  -  MemoryUsage of job (MB)
	1677384  -  ResidentSetSize of job (KB)
...
006 (14733364.000.000) 2021-09-25 04:02:03 Image size of job updated: 1638
	1638  -  MemoryUsage of job (MB)
	1677424  -  ResidentSetSize of job (KB)
...
006 (14733364.000.000) 2021-09-25 04:03:04 Image size of job updated: 1638
	1638  -  MemoryUsage of job (MB)
	1678040  -  ResidentSetSize of job (KB)
...
006 (14733364.000.000) 2021-09-25 04:04:04 Image size of job updated: 1639
	1639  -  MemoryUsage of job (MB)
	1678460  -  ResidentSetSize of job (KB)
...
006 (14733364.000.000) 2021-09-25 04:05:05 Image size of job updated: 1639
	1639  -  MemoryUsage of job (MB)
	1678484  -  ResidentSetSize of job (KB)
...
006 (14733364.000.000) 2021-09-25 04:06:06 Image size of job updated: 1639
	1639  -  MemoryUsage of job (MB)
	1678492  -  ResidentSetSize of job (KB)
...
006 (14733364.000.000) 2021-09-25 04:07:07 Image size of job updated: 1639
	1639  -  MemoryUsage of job (MB)
	1678504  -  ResidentSetSize of job (KB)
...
006 (14733364.000.000) 2021-09-25 04:08:08 Image size of job updated: 1647
	1647  -  MemoryUsage of job (MB)
	1687516  -  ResidentSetSize of job (KB)
...
006 (14733364.000.000) 2021-09-25 04:09:08 Image size of job updated: 1648
	1648  -  MemoryUsage of job (MB)
	1687556  -  ResidentSetSize of job (KB)
...
006 (14733364.000.000) 2021-09-25 04:10:09 Image size of job updated: 1648
	1648  -  MemoryUsage of job (MB)
	1687612  -  ResidentSetSize of job (KB)
...
006 (14733364.000.000) 2021-09-25 04:11:10 Image size of job updated: 1648
	1648  -  MemoryUsage of job (MB)
	1687636  -  ResidentSetSize of job (KB)
...
006 (14733364.000.000) 2021-09-25 04:12:10 Image size of job updated: 1648
	1648  -  MemoryUsage of job (MB)
	1687712  -  ResidentSetSize of job (KB)
...
006 (14733364.000.000) 2021-09-25 04:13:11 Image size of job updated: 1656
	1656  -  MemoryUsage of job (MB)
	1696652  -  ResidentSetSize of job (KB)
...
006 (14733364.000.000) 2021-09-25 04:14:12 Image size of job updated: 1656
	1656  -  MemoryUsage of job (MB)
	1696692  -  ResidentSetSize of job (KB)
...
006 (14733364.000.000) 2021-09-25 04:15:12 Image size of job updated: 1656
	1656  -  MemoryUsage of job (MB)
	1696724  -  ResidentSetSize of job (KB)
...
006 (14733364.000.000) 2021-09-25 04:16:14 Image size of job updated: 1656
	1656  -  MemoryUsage of job (MB)
	1696736  -  ResidentSetSize of job (KB)
...
006 (14733364.000.000) 2021-09-25 04:17:14 Image size of job updated: 1657
	1657  -  MemoryUsage of job (MB)
	1696768  -  ResidentSetSize of job (KB)
...
006 (14733364.000.000) 2021-09-25 04:18:14 Image size of job updated: 1665
	1665  -  MemoryUsage of job (MB)
	1705148  -  ResidentSetSize of job (KB)
...
006 (14733364.000.000) 2021-09-25 04:19:14 Image size of job updated: 1665
	1665  -  MemoryUsage of job (MB)
	1705200  -  ResidentSetSize of job (KB)
...
006 (14733364.000.000) 2021-09-25 04:20:14 Image size of job updated: 1665
	1665  -  MemoryUsage of job (MB)
	1705236  -  ResidentSetSize of job (KB)
...
006 (14733364.000.000) 2021-09-25 04:21:14 Image size of job updated: 1665
	1665  -  MemoryUsage of job (MB)
	1705256  -  ResidentSetSize of job (KB)
...
006 (14733364.000.000) 2021-09-25 04:22:15 Image size of job updated: 1665
	1665  -  MemoryUsage of job (MB)
	1705328  -  ResidentSetSize of job (KB)
...
006 (14733364.000.000) 2021-09-25 04:23:16 Image size of job updated: 1672
	1672  -  MemoryUsage of job (MB)
	1712316  -  ResidentSetSize of job (KB)
...
006 (14733364.000.000) 2021-09-25 04:24:16 Image size of job updated: 1672
	1672  -  MemoryUsage of job (MB)
	1712356  -  ResidentSetSize of job (KB)
...
006 (14733364.000.000) 2021-09-25 04:25:16 Image size of job updated: 1672
	1672  -  MemoryUsage of job (MB)
	1712396  -  ResidentSetSize of job (KB)
...
006 (14733364.000.000) 2021-09-25 04:26:17 Image size of job updated: 1672
	1672  -  MemoryUsage of job (MB)
	1712412  -  ResidentSetSize of job (KB)
...
006 (14733364.000.000) 2021-09-25 04:27:17 Image size of job updated: 1672
	1672  -  MemoryUsage of job (MB)
	1712484  -  ResidentSetSize of job (KB)
...
006 (14733364.000.000) 2021-09-25 04:28:18 Image size of job updated: 1678
	1678  -  MemoryUsage of job (MB)
	1718964  -  ResidentSetSize of job (KB)
...
006 (14733364.000.000) 2021-09-25 04:29:18 Image size of job updated: 1678
	1678  -  MemoryUsage of job (MB)
	1718984  -  ResidentSetSize of job (KB)
...
006 (14733364.000.000) 2021-09-25 04:30:18 Image size of job updated: 1678
	1678  -  MemoryUsage of job (MB)
	1719024  -  ResidentSetSize of job (KB)
...
006 (14733364.000.000) 2021-09-25 04:31:19 Image size of job updated: 1678
	1678  -  MemoryUsage of job (MB)
	1719044  -  ResidentSetSize of job (KB)
...
006 (14733364.000.000) 2021-09-25 04:32:19 Image size of job updated: 1678
	1678  -  MemoryUsage of job (MB)
	1719080  -  ResidentSetSize of job (KB)
...
006 (14733364.000.000) 2021-09-25 04:33:19 Image size of job updated: 1679
	1679  -  MemoryUsage of job (MB)
	1719876  -  ResidentSetSize of job (KB)
...
006 (14733364.000.000) 2021-09-25 04:36:21 Image size of job updated: 1679
	1679  -  MemoryUsage of job (MB)
	1719892  -  ResidentSetSize of job (KB)
...
006 (14733364.000.000) 2021-09-25 04:37:21 Image size of job updated: 1680
	1680  -  MemoryUsage of job (MB)
	1720820  -  ResidentSetSize of job (KB)
...
006 (14733364.000.000) 2021-09-25 04:38:21 Image size of job updated: 1680
	1680  -  MemoryUsage of job (MB)
	1720828  -  ResidentSetSize of job (KB)
...
006 (14733364.000.000) 2021-09-25 04:40:23 Image size of job updated: 1680
	1680  -  MemoryUsage of job (MB)
	1720844  -  ResidentSetSize of job (KB)
...
006 (14733364.000.000) 2021-09-25 04:41:23 Image size of job updated: 1680
	1680  -  MemoryUsage of job (MB)
	1720928  -  ResidentSetSize of job (KB)
...
006 (14733364.000.000) 2021-09-25 04:42:23 Image size of job updated: 1681
	1681  -  MemoryUsage of job (MB)
	1721588  -  ResidentSetSize of job (KB)
...
006 (14733364.000.000) 2021-09-25 04:43:23 Image size of job updated: 1681
	1681  -  MemoryUsage of job (MB)
	1721592  -  ResidentSetSize of job (KB)
...
006 (14733364.000.000) 2021-09-25 04:44:23 Image size of job updated: 1681
	1681  -  MemoryUsage of job (MB)
	1721612  -  ResidentSetSize of job (KB)
...
006 (14733364.000.000) 2021-09-25 04:45:24 Image size of job updated: 1681
	1681  -  MemoryUsage of job (MB)
	1721636  -  ResidentSetSize of job (KB)
...
006 (14733364.000.000) 2021-09-25 04:46:24 Image size of job updated: 1681
	1681  -  MemoryUsage of job (MB)
	1721644  -  ResidentSetSize of job (KB)
...
006 (14733364.000.000) 2021-09-25 04:47:25 Image size of job updated: 1681
	1681  -  MemoryUsage of job (MB)
	1722316  -  ResidentSetSize of job (KB)
...
006 (14733364.000.000) 2021-09-25 04:48:25 Image size of job updated: 1681
	1681  -  MemoryUsage of job (MB)
	1722332  -  ResidentSetSize of job (KB)
...
006 (14733364.000.000) 2021-09-25 04:49:25 Image size of job updated: 1681
	1681  -  MemoryUsage of job (MB)
	1722352  -  ResidentSetSize of job (KB)
...
006 (14733364.000.000) 2021-09-25 04:50:25 Image size of job updated: 1681
	1681  -  MemoryUsage of job (MB)
	1722360  -  ResidentSetSize of job (KB)
...
006 (14733364.000.000) 2021-09-25 04:51:26 Image size of job updated: 1682
	1682  -  MemoryUsage of job (MB)
	1722520  -  ResidentSetSize of job (KB)
...
006 (14733364.000.000) 2021-09-25 04:52:27 Image size of job updated: 1682
	1682  -  MemoryUsage of job (MB)
	1722580  -  ResidentSetSize of job (KB)
...
006 (14733364.000.000) 2021-09-25 04:53:28 Image size of job updated: 1682
	1682  -  MemoryUsage of job (MB)
	1722584  -  ResidentSetSize of job (KB)
...
006 (14733364.000.000) 2021-09-25 04:55:29 Image size of job updated: 1682
	1682  -  MemoryUsage of job (MB)
	1722632  -  ResidentSetSize of job (KB)
...
006 (14733364.000.000) 2021-09-25 04:56:29 Image size of job updated: 1682
	1682  -  MemoryUsage of job (MB)
	1722792  -  ResidentSetSize of job (KB)
...
006 (14733364.000.000) 2021-09-25 04:57:30 Image size of job updated: 1682
	1682  -  MemoryUsage of job (MB)
	1722796  -  ResidentSetSize of job (KB)
...
006 (14733364.000.000) 2021-09-25 05:01:32 Image size of job updated: 1687
	1687  -  MemoryUsage of job (MB)
	1727940  -  ResidentSetSize of job (KB)
...
006 (14733364.000.000) 2021-09-25 05:02:34 Image size of job updated: 1687
	1687  -  MemoryUsage of job (MB)
	1727980  -  ResidentSetSize of job (KB)
...
006 (14733364.000.000) 2021-09-25 05:03:34 Image size of job updated: 1687
	1687  -  MemoryUsage of job (MB)
	1728028  -  ResidentSetSize of job (KB)
...
006 (14733364.000.000) 2021-09-25 05:04:34 Image size of job updated: 1687
	1687  -  MemoryUsage of job (MB)
	1728036  -  ResidentSetSize of job (KB)
...
006 (14733364.000.000) 2021-09-25 05:05:35 Image size of job updated: 1687
	1687  -  MemoryUsage of job (MB)
	1728068  -  ResidentSetSize of job (KB)
...
006 (14733364.000.000) 2021-09-25 05:06:36 Image size of job updated: 1689
	1689  -  MemoryUsage of job (MB)
	1729888  -  ResidentSetSize of job (KB)
...
006 (14733364.000.000) 2021-09-25 05:07:37 Image size of job updated: 1689
	1689  -  MemoryUsage of job (MB)
	1729908  -  ResidentSetSize of job (KB)
...
006 (14733364.000.000) 2021-09-25 05:08:38 Image size of job updated: 1689
	1689  -  MemoryUsage of job (MB)
	1729928  -  ResidentSetSize of job (KB)
...
006 (14733364.000.000) 2021-09-25 05:09:39 Image size of job updated: 1689
	1689  -  MemoryUsage of job (MB)
	1729932  -  ResidentSetSize of job (KB)
...
006 (14733364.000.000) 2021-09-25 05:10:39 Image size of job updated: 1692
	1692  -  MemoryUsage of job (MB)
	1732876  -  ResidentSetSize of job (KB)
...
006 (14733364.000.000) 2021-09-25 05:11:39 Image size of job updated: 1694
	1694  -  MemoryUsage of job (MB)
	1734712  -  ResidentSetSize of job (KB)
...
006 (14733364.000.000) 2021-09-25 05:12:39 Image size of job updated: 1694
	1694  -  MemoryUsage of job (MB)
	1734744  -  ResidentSetSize of job (KB)
...
006 (14733364.000.000) 2021-09-25 05:13:39 Image size of job updated: 1694
	1694  -  MemoryUsage of job (MB)
	1734768  -  ResidentSetSize of job (KB)
...
006 (14733364.000.000) 2021-09-25 05:14:39 Image size of job updated: 1694
	1694  -  MemoryUsage of job (MB)
	1734792  -  ResidentSetSize of job (KB)
...
006 (14733364.000.000) 2021-09-25 05:15:40 Image size of job updated: 1695
	1695  -  MemoryUsage of job (MB)
	1736172  -  ResidentSetSize of job (KB)
...
006 (14733364.000.000) 2021-09-25 05:16:40 Image size of job updated: 1695
	1695  -  MemoryUsage of job (MB)
	1736192  -  ResidentSetSize of job (KB)
...
006 (14733364.000.000) 2021-09-25 05:17:41 Image size of job updated: 1695
	1695  -  MemoryUsage of job (MB)
	1736212  -  ResidentSetSize of job (KB)
...
006 (14733364.000.000) 2021-09-25 05:18:41 Image size of job updated: 1695
	1695  -  MemoryUsage of job (MB)
	1736228  -  ResidentSetSize of job (KB)
...
006 (14733364.000.000) 2021-09-25 05:19:42 Image size of job updated: 1695
	1695  -  MemoryUsage of job (MB)
	1736252  -  ResidentSetSize of job (KB)
...
006 (14733364.000.000) 2021-09-25 05:20:42 Image size of job updated: 1699
	1699  -  MemoryUsage of job (MB)
	1740164  -  ResidentSetSize of job (KB)
...
006 (14733364.000.000) 2021-09-25 05:21:42 Image size of job updated: 1699
	1699  -  MemoryUsage of job (MB)
	1740232  -  ResidentSetSize of job (KB)
...
006 (14733364.000.000) 2021-09-25 05:22:42 Image size of job updated: 1699
	1699  -  MemoryUsage of job (MB)
	1740268  -  ResidentSetSize of job (KB)
...
006 (14733364.000.000) 2021-09-25 05:23:42 Image size of job updated: 1699
	1699  -  MemoryUsage of job (MB)
	1740308  -  ResidentSetSize of job (KB)
...
006 (14733364.000.000) 2021-09-25 05:24:42 Image size of job updated: 1699
	1699  -  MemoryUsage of job (MB)
	1740512  -  ResidentSetSize of job (KB)
...
006 (14733364.000.000) 2021-09-25 05:25:42 Image size of job updated: 1703
	1703  -  MemoryUsage of job (MB)
	1744568  -  ResidentSetSize of job (KB)
...
006 (14733364.000.000) 2021-09-25 05:26:43 Image size of job updated: 1703
	1703  -  MemoryUsage of job (MB)
	1744628  -  ResidentSetSize of job (KB)
...
006 (14733364.000.000) 2021-09-25 05:27:44 Image size of job updated: 1703
	1703  -  MemoryUsage of job (MB)
	1744652  -  ResidentSetSize of job (KB)
...
006 (14733364.000.000) 2021-09-25 05:28:46 Image size of job updated: 1703
	1703  -  MemoryUsage of job (MB)
	1744692  -  ResidentSetSize of job (KB)
...
006 (14733364.000.000) 2021-09-25 05:29:46 Image size of job updated: 1704
	1704  -  MemoryUsage of job (MB)
	1744932  -  ResidentSetSize of job (KB)
...
006 (14733364.000.000) 2021-09-25 05:30:46 Image size of job updated: 1707
	1707  -  MemoryUsage of job (MB)
	1748528  -  ResidentSetSize of job (KB)
...
006 (14733364.000.000) 2021-09-25 05:31:46 Image size of job updated: 1707
	1707  -  MemoryUsage of job (MB)
	1748568  -  ResidentSetSize of job (KB)
...
006 (14733364.000.000) 2021-09-25 05:32:48 Image size of job updated: 1707
	1707  -  MemoryUsage of job (MB)
	1748580  -  ResidentSetSize of job (KB)
...
006 (14733364.000.000) 2021-09-25 05:33:48 Image size of job updated: 1707
	1707  -  MemoryUsage of job (MB)
	1748592  -  ResidentSetSize of job (KB)
...
006 (14733364.000.000) 2021-09-25 05:34:49 Image size of job updated: 1707
	1707  -  MemoryUsage of job (MB)
	1748600  -  ResidentSetSize of job (KB)
...
006 (14733364.000.000) 2021-09-25 05:35:50 Image size of job updated: 1710
	1710  -  MemoryUsage of job (MB)
	1751340  -  ResidentSetSize of job (KB)
...
006 (14733364.000.000) 2021-09-25 05:36:50 Image size of job updated: 1710
	1710  -  MemoryUsage of job (MB)
	1751364  -  ResidentSetSize of job (KB)
...
006 (14733364.000.000) 2021-09-25 05:37:50 Image size of job updated: 1710
	1710  -  MemoryUsage of job (MB)
	1751376  -  ResidentSetSize of job (KB)
...
006 (14733364.000.000) 2021-09-25 05:38:50 Image size of job updated: 1710
	1710  -  MemoryUsage of job (MB)
	1751380  -  ResidentSetSize of job (KB)
...
006 (14733364.000.000) 2021-09-25 05:39:50 Image size of job updated: 1710
	1710  -  MemoryUsage of job (MB)
	1751612  -  ResidentSetSize of job (KB)
...
006 (14733364.000.000) 2021-09-25 05:40:50 Image size of job updated: 1712
	1712  -  MemoryUsage of job (MB)
	1753508  -  ResidentSetSize of job (KB)
...
006 (14733364.000.000) 2021-09-25 05:41:50 Image size of job updated: 1712
	1712  -  MemoryUsage of job (MB)
	1753516  -  ResidentSetSize of job (KB)
...
006 (14733364.000.000) 2021-09-25 05:42:51 Image size of job updated: 1712
	1712  -  MemoryUsage of job (MB)
	1753532  -  ResidentSetSize of job (KB)
...
006 (14733364.000.000) 2021-09-25 05:44:52 Image size of job updated: 1712
	1712  -  MemoryUsage of job (MB)
	1753628  -  ResidentSetSize of job (KB)
...
006 (14733364.000.000) 2021-09-25 05:45:52 Image size of job updated: 1714
	1714  -  MemoryUsage of job (MB)
	1755632  -  ResidentSetSize of job (KB)
...
006 (14733364.000.000) 2021-09-25 05:46:53 Image size of job updated: 1714
	1714  -  MemoryUsage of job (MB)
	1755640  -  ResidentSetSize of job (KB)
...
006 (14733364.000.000) 2021-09-25 05:47:54 Image size of job updated: 1714
	1714  -  MemoryUsage of job (MB)
	1755648  -  ResidentSetSize of job (KB)
...
006 (14733364.000.000) 2021-09-25 05:48:56 Image size of job updated: 1714
	1714  -  MemoryUsage of job (MB)
	1755652  -  ResidentSetSize of job (KB)
...
006 (14733364.000.000) 2021-09-25 05:50:56 Image size of job updated: 1716
	1716  -  MemoryUsage of job (MB)
	1757188  -  ResidentSetSize of job (KB)
...
006 (14733364.000.000) 2021-09-25 05:51:56 Image size of job updated: 1716
	1716  -  MemoryUsage of job (MB)
	1757196  -  ResidentSetSize of job (KB)
...
006 (14733364.000.000) 2021-09-25 05:52:56 Image size of job updated: 1716
	1716  -  MemoryUsage of job (MB)
	1757204  -  ResidentSetSize of job (KB)
...
006 (14733364.000.000) 2021-09-25 05:54:57 Image size of job updated: 1716
	1716  -  MemoryUsage of job (MB)
	1757208  -  ResidentSetSize of job (KB)
...
006 (14733364.000.000) 2021-09-25 05:55:57 Image size of job updated: 1717
	1717  -  MemoryUsage of job (MB)
	1759004  -  ResidentSetSize of job (KB)
...
006 (14733364.000.000) 2021-09-25 05:56:58 Image size of job updated: 1717
	1717  -  MemoryUsage of job (MB)
	1759012  -  ResidentSetSize of job (KB)
...
006 (14733364.000.000) 2021-09-25 05:57:59 Image size of job updated: 1717
	1717  -  MemoryUsage of job (MB)
	1759020  -  ResidentSetSize of job (KB)
...
006 (14733364.000.000) 2021-09-25 06:01:02 Image size of job updated: 1719
	1719  -  MemoryUsage of job (MB)
	1760984  -  ResidentSetSize of job (KB)
...
006 (14733364.000.000) 2021-09-25 06:02:02 Image size of job updated: 1719
	1719  -  MemoryUsage of job (MB)
	1760996  -  ResidentSetSize of job (KB)
...
006 (14733364.000.000) 2021-09-25 06:03:03 Image size of job updated: 1719
	1719  -  MemoryUsage of job (MB)
	1761008  -  ResidentSetSize of job (KB)
...
006 (14733364.000.000) 2021-09-25 06:04:04 Image size of job updated: 1719
	1719  -  MemoryUsage of job (MB)
	1761012  -  ResidentSetSize of job (KB)
...
006 (14733364.000.000) 2021-09-25 06:05:06 Image size of job updated: 1719
	1719  -  MemoryUsage of job (MB)
	1761068  -  ResidentSetSize of job (KB)
...
006 (14733364.000.000) 2021-09-25 06:06:06 Image size of job updated: 1721
	1721  -  MemoryUsage of job (MB)
	1762408  -  ResidentSetSize of job (KB)
...
006 (14733364.000.000) 2021-09-25 06:09:08 Image size of job updated: 1721
	1721  -  MemoryUsage of job (MB)
	1762416  -  ResidentSetSize of job (KB)
...
006 (14733364.000.000) 2021-09-25 06:10:09 Image size of job updated: 1722
	1722  -  MemoryUsage of job (MB)
	1763428  -  ResidentSetSize of job (KB)
...
006 (14733364.000.000) 2021-09-25 06:11:09 Image size of job updated: 1722
	1722  -  MemoryUsage of job (MB)
	1763696  -  ResidentSetSize of job (KB)
...
006 (14733364.000.000) 2021-09-25 06:12:10 Image size of job updated: 1722
	1722  -  MemoryUsage of job (MB)
	1763700  -  ResidentSetSize of job (KB)
...
006 (14733364.000.000) 2021-09-25 06:13:11 Image size of job updated: 1722
	1722  -  MemoryUsage of job (MB)
	1763704  -  ResidentSetSize of job (KB)
...
006 (14733364.000.000) 2021-09-25 06:15:12 Image size of job updated: 1723
	1723  -  MemoryUsage of job (MB)
	1764832  -  ResidentSetSize of job (KB)
...
006 (14733364.000.000) 2021-09-25 06:16:12 Image size of job updated: 1723
	1723  -  MemoryUsage of job (MB)
	1765232  -  ResidentSetSize of job (KB)
...
006 (14733364.000.000) 2021-09-25 06:18:13 Image size of job updated: 1723
	1723  -  MemoryUsage of job (MB)
	1765236  -  ResidentSetSize of job (KB)
...
006 (14733364.000.000) 2021-09-25 06:20:16 Image size of job updated: 1724
	1724  -  MemoryUsage of job (MB)
	1765432  -  ResidentSetSize of job (KB)
...
006 (14733364.000.000) 2021-09-25 06:21:16 Image size of job updated: 1725
	1725  -  MemoryUsage of job (MB)
	1767052  -  ResidentSetSize of job (KB)
...
006 (14733364.000.000) 2021-09-25 06:22:17 Image size of job updated: 1725
	1725  -  MemoryUsage of job (MB)
	1767056  -  ResidentSetSize of job (KB)
...
006 (14733364.000.000) 2021-09-25 06:23:18 Image size of job updated: 1725
	1725  -  MemoryUsage of job (MB)
	1767064  -  ResidentSetSize of job (KB)
...
006 (14733364.000.000) 2021-09-25 06:25:19 Image size of job updated: 1726
	1726  -  MemoryUsage of job (MB)
	1768036  -  ResidentSetSize of job (KB)
...
006 (14733364.000.000) 2021-09-25 06:27:21 Image size of job updated: 1726
	1726  -  MemoryUsage of job (MB)
	1768040  -  ResidentSetSize of job (KB)
...
006 (14733364.000.000) 2021-09-25 06:28:21 Image size of job updated: 1726
	1726  -  MemoryUsage of job (MB)
	1768044  -  ResidentSetSize of job (KB)
...
006 (14733364.000.000) 2021-09-25 06:29:21 Image size of job updated: 1727
	1727  -  MemoryUsage of job (MB)
	1769016  -  ResidentSetSize of job (KB)
...
006 (14733364.000.000) 2021-09-25 06:30:21 Image size of job updated: 1727
	1727  -  MemoryUsage of job (MB)
	1769192  -  ResidentSetSize of job (KB)
...
006 (14733364.000.000) 2021-09-25 06:31:21 Image size of job updated: 1727
	1727  -  MemoryUsage of job (MB)
	1769200  -  ResidentSetSize of job (KB)
...
006 (14733364.000.000) 2021-09-25 06:33:22 Image size of job updated: 1728
	1728  -  MemoryUsage of job (MB)
	1770380  -  ResidentSetSize of job (KB)
...
006 (14733364.000.000) 2021-09-25 06:34:22 Image size of job updated: 1728
	1728  -  MemoryUsage of job (MB)
	1770400  -  ResidentSetSize of job (KB)
...
006 (14733364.000.000) 2021-09-25 06:38:26 Image size of job updated: 1729
	1729  -  MemoryUsage of job (MB)
	1771040  -  ResidentSetSize of job (KB)
...
006 (14733364.000.000) 2021-09-25 06:42:27 Image size of job updated: 1730
	1730  -  MemoryUsage of job (MB)
	1772316  -  ResidentSetSize of job (KB)
...
006 (14733364.000.000) 2021-09-25 06:46:29 Image size of job updated: 1731
	1731  -  MemoryUsage of job (MB)
	1772936  -  ResidentSetSize of job (KB)
...
006 (14733364.000.000) 2021-09-25 06:47:29 Image size of job updated: 1731
	1731  -  MemoryUsage of job (MB)
	1772940  -  ResidentSetSize of job (KB)
...
006 (14733364.000.000) 2021-09-25 06:50:29 Image size of job updated: 1732
	1732  -  MemoryUsage of job (MB)
	1773820  -  ResidentSetSize of job (KB)
...
006 (14733364.000.000) 2021-09-25 06:51:29 Image size of job updated: 1732
	1732  -  MemoryUsage of job (MB)
	1773888  -  ResidentSetSize of job (KB)
...
006 (14733364.000.000) 2021-09-25 06:52:29 Image size of job updated: 1732
	1732  -  MemoryUsage of job (MB)
	1773892  -  ResidentSetSize of job (KB)
...
006 (14733364.000.000) 2021-09-25 06:55:33 Image size of job updated: 1733
	1733  -  MemoryUsage of job (MB)
	1774752  -  ResidentSetSize of job (KB)
...
006 (14733364.000.000) 2021-09-25 06:56:33 Image size of job updated: 1733
	1733  -  MemoryUsage of job (MB)
	1774756  -  ResidentSetSize of job (KB)
...
006 (14733364.000.000) 2021-09-25 06:57:34 Image size of job updated: 1733
	1733  -  MemoryUsage of job (MB)
	1774760  -  ResidentSetSize of job (KB)
...
006 (14733364.000.000) 2021-09-25 06:58:34 Image size of job updated: 1733
	1733  -  MemoryUsage of job (MB)
	1774972  -  ResidentSetSize of job (KB)
...
006 (14733364.000.000) 2021-09-25 06:59:34 Image size of job updated: 1734
	1734  -  MemoryUsage of job (MB)
	1775720  -  ResidentSetSize of job (KB)
...
006 (14733364.000.000) 2021-09-25 07:00:35 Image size of job updated: 1734
	1734  -  MemoryUsage of job (MB)
	1775724  -  ResidentSetSize of job (KB)
...
006 (14733364.000.000) 2021-09-25 07:02:35 Image size of job updated: 1734
	1734  -  MemoryUsage of job (MB)
	1775932  -  ResidentSetSize of job (KB)
...
006 (14733364.000.000) 2021-09-25 07:03:35 Image size of job updated: 1735
	1735  -  MemoryUsage of job (MB)
	1776744  -  ResidentSetSize of job (KB)
...
006 (14733364.000.000) 2021-09-25 07:06:37 Image size of job updated: 1735
	1735  -  MemoryUsage of job (MB)
	1776748  -  ResidentSetSize of job (KB)
...
006 (14733364.000.000) 2021-09-25 07:07:38 Image size of job updated: 1735
	1735  -  MemoryUsage of job (MB)
	1777188  -  ResidentSetSize of job (KB)
...
006 (14733364.000.000) 2021-09-25 07:08:40 Image size of job updated: 1735
	1735  -  MemoryUsage of job (MB)
	1777192  -  ResidentSetSize of job (KB)
...
006 (14733364.000.000) 2021-09-25 07:09:40 Image size of job updated: 1735
	1735  -  MemoryUsage of job (MB)
	1777200  -  ResidentSetSize of job (KB)
...
006 (14733364.000.000) 2021-09-25 07:10:40 Image size of job updated: 1735
	1735  -  MemoryUsage of job (MB)
	1777400  -  ResidentSetSize of job (KB)
...
006 (14733364.000.000) 2021-09-25 07:11:41 Image size of job updated: 1736
	1736  -  MemoryUsage of job (MB)
	1778020  -  ResidentSetSize of job (KB)
...
006 (14733364.000.000) 2021-09-25 07:15:43 Image size of job updated: 1737
	1737  -  MemoryUsage of job (MB)
	1778752  -  ResidentSetSize of job (KB)
...
006 (14733364.000.000) 2021-09-25 07:18:44 Image size of job updated: 1737
	1737  -  MemoryUsage of job (MB)
	1778756  -  ResidentSetSize of job (KB)
...
006 (14733364.000.000) 2021-09-25 07:19:44 Image size of job updated: 1737
	1737  -  MemoryUsage of job (MB)
	1779392  -  ResidentSetSize of job (KB)
...
006 (14733364.000.000) 2021-09-25 07:20:44 Image size of job updated: 1737
	1737  -  MemoryUsage of job (MB)
	1779400  -  ResidentSetSize of job (KB)
...
006 (14733364.000.000) 2021-09-25 07:23:46 Image size of job updated: 1738
	1738  -  MemoryUsage of job (MB)
	1779852  -  ResidentSetSize of job (KB)
...
006 (14733364.000.000) 2021-09-25 07:24:46 Image size of job updated: 1738
	1738  -  MemoryUsage of job (MB)
	1780304  -  ResidentSetSize of job (KB)
...
006 (14733364.000.000) 2021-09-25 07:27:46 Image size of job updated: 1738
	1738  -  MemoryUsage of job (MB)
	1780432  -  ResidentSetSize of job (KB)
...
006 (14733364.000.000) 2021-09-25 07:28:47 Image size of job updated: 1738
	1738  -  MemoryUsage of job (MB)
	1780600  -  ResidentSetSize of job (KB)
...
006 (14733364.000.000) 2021-09-25 07:29:47 Image size of job updated: 1738
	1738  -  MemoryUsage of job (MB)
	1780604  -  ResidentSetSize of job (KB)
...
006 (14733364.000.000) 2021-09-25 07:31:49 Image size of job updated: 1739
	1739  -  MemoryUsage of job (MB)
	1781040  -  ResidentSetSize of job (KB)
...
006 (14733364.000.000) 2021-09-25 07:32:49 Image size of job updated: 1739
	1739  -  MemoryUsage of job (MB)
	1781364  -  ResidentSetSize of job (KB)
...
006 (14733364.000.000) 2021-09-25 07:35:49 Image size of job updated: 1739
	1739  -  MemoryUsage of job (MB)
	1781508  -  ResidentSetSize of job (KB)
...
006 (14733364.000.000) 2021-09-25 07:36:49 Image size of job updated: 1740
	1740  -  MemoryUsage of job (MB)
	1781868  -  ResidentSetSize of job (KB)
...
006 (14733364.000.000) 2021-09-25 07:37:49 Image size of job updated: 1740
	1740  -  MemoryUsage of job (MB)
	1781872  -  ResidentSetSize of job (KB)
...
006 (14733364.000.000) 2021-09-25 07:40:50 Image size of job updated: 1740
	1740  -  MemoryUsage of job (MB)
	1781984  -  ResidentSetSize of job (KB)
...
006 (14733364.000.000) 2021-09-25 07:42:50 Image size of job updated: 1740
	1740  -  MemoryUsage of job (MB)
	1781996  -  ResidentSetSize of job (KB)
...
006 (14733364.000.000) 2021-09-25 07:43:50 Image size of job updated: 1740
	1740  -  MemoryUsage of job (MB)
	1782000  -  ResidentSetSize of job (KB)
...
006 (14733364.000.000) 2021-09-25 07:44:51 Image size of job updated: 1740
	1740  -  MemoryUsage of job (MB)
	1782124  -  ResidentSetSize of job (KB)
...
006 (14733364.000.000) 2021-09-25 07:45:52 Image size of job updated: 1740
	1740  -  MemoryUsage of job (MB)
	1782128  -  ResidentSetSize of job (KB)
...
006 (14733364.000.000) 2021-09-25 07:46:52 Image size of job updated: 1740
	1740  -  MemoryUsage of job (MB)
	1782136  -  ResidentSetSize of job (KB)
...
006 (14733364.000.000) 2021-09-25 07:47:53 Image size of job updated: 1740
	1740  -  MemoryUsage of job (MB)
	1782148  -  ResidentSetSize of job (KB)
...
006 (14733364.000.000) 2021-09-25 07:48:54 Image size of job updated: 1740
	1740  -  MemoryUsage of job (MB)
	1782520  -  ResidentSetSize of job (KB)
...
006 (14733364.000.000) 2021-09-25 07:51:56 Image size of job updated: 1740
	1740  -  MemoryUsage of job (MB)
	1782524  -  ResidentSetSize of job (KB)
...
006 (14733364.000.000) 2021-09-25 07:52:56 Image size of job updated: 1741
	1741  -  MemoryUsage of job (MB)
	1782812  -  ResidentSetSize of job (KB)
...
006 (14733364.000.000) 2021-09-25 07:56:58 Image size of job updated: 1741
	1741  -  MemoryUsage of job (MB)
	1783060  -  ResidentSetSize of job (KB)
...
006 (14733364.000.000) 2021-09-25 08:01:02 Image size of job updated: 1742
	1742  -  MemoryUsage of job (MB)
	1784328  -  ResidentSetSize of job (KB)
...
006 (14733364.000.000) 2021-09-25 08:02:03 Image size of job updated: 1742
	1742  -  MemoryUsage of job (MB)
	1784344  -  ResidentSetSize of job (KB)
...
006 (14733364.000.000) 2021-09-25 08:03:05 Image size of job updated: 1742
	1742  -  MemoryUsage of job (MB)
	1784356  -  ResidentSetSize of job (KB)
...
006 (14733364.000.000) 2021-09-25 08:04:06 Image size of job updated: 1742
	1742  -  MemoryUsage of job (MB)
	1784368  -  ResidentSetSize of job (KB)
...
006 (14733364.000.000) 2021-09-25 08:05:07 Image size of job updated: 1743
	1743  -  MemoryUsage of job (MB)
	1784992  -  ResidentSetSize of job (KB)
...
006 (14733364.000.000) 2021-09-25 08:06:07 Image size of job updated: 1743
	1743  -  MemoryUsage of job (MB)
	1785004  -  ResidentSetSize of job (KB)
...
006 (14733364.000.000) 2021-09-25 08:07:07 Image size of job updated: 1743
	1743  -  MemoryUsage of job (MB)
	1785016  -  ResidentSetSize of job (KB)
...
006 (14733364.000.000) 2021-09-25 08:08:08 Image size of job updated: 1743
	1743  -  MemoryUsage of job (MB)
	1785020  -  ResidentSetSize of job (KB)
...
006 (14733364.000.000) 2021-09-25 08:09:08 Image size of job updated: 1743
	1743  -  MemoryUsage of job (MB)
	1785424  -  ResidentSetSize of job (KB)
...
006 (14733364.000.000) 2021-09-25 08:10:09 Image size of job updated: 1743
	1743  -  MemoryUsage of job (MB)
	1785648  -  ResidentSetSize of job (KB)
...
006 (14733364.000.000) 2021-09-25 08:11:10 Image size of job updated: 1743
	1743  -  MemoryUsage of job (MB)
	1785656  -  ResidentSetSize of job (KB)
...
006 (14733364.000.000) 2021-09-25 08:14:13 Image size of job updated: 1744
	1744  -  MemoryUsage of job (MB)
	1786476  -  ResidentSetSize of job (KB)
...
006 (14733364.000.000) 2021-09-25 08:15:15 Image size of job updated: 1744
	1744  -  MemoryUsage of job (MB)
	1786480  -  ResidentSetSize of job (KB)
...
006 (14733364.000.000) 2021-09-25 08:16:16 Image size of job updated: 1744
	1744  -  MemoryUsage of job (MB)
	1786492  -  ResidentSetSize of job (KB)
...
006 (14733364.000.000) 2021-09-25 08:17:17 Image size of job updated: 1744
	1744  -  MemoryUsage of job (MB)
	1786496  -  ResidentSetSize of job (KB)
...
006 (14733364.000.000) 2021-09-25 08:18:18 Image size of job updated: 1744
	1744  -  MemoryUsage of job (MB)
	1786504  -  ResidentSetSize of job (KB)
...
006 (14733364.000.000) 2021-09-25 08:20:20 Image size of job updated: 1745
	1745  -  MemoryUsage of job (MB)
	1786916  -  ResidentSetSize of job (KB)
...
006 (14733364.000.000) 2021-09-25 08:21:20 Image size of job updated: 1745
	1745  -  MemoryUsage of job (MB)
	1786920  -  ResidentSetSize of job (KB)
...
006 (14733364.000.000) 2021-09-25 08:22:21 Image size of job updated: 1745
	1745  -  MemoryUsage of job (MB)
	1786924  -  ResidentSetSize of job (KB)
...
006 (14733364.000.000) 2021-09-25 08:25:22 Image size of job updated: 1745
	1745  -  MemoryUsage of job (MB)
	1787588  -  ResidentSetSize of job (KB)
...
006 (14733364.000.000) 2021-09-25 08:26:22 Image size of job updated: 1745
	1745  -  MemoryUsage of job (MB)
	1787592  -  ResidentSetSize of job (KB)
...
006 (14733364.000.000) 2021-09-25 08:27:22 Image size of job updated: 1745
	1745  -  MemoryUsage of job (MB)
	1787596  -  ResidentSetSize of job (KB)
...
006 (14733364.000.000) 2021-09-25 08:29:24 Image size of job updated: 1746
	1746  -  MemoryUsage of job (MB)
	1788020  -  ResidentSetSize of job (KB)
...
006 (14733364.000.000) 2021-09-25 08:30:25 Image size of job updated: 1746
	1746  -  MemoryUsage of job (MB)
	1788320  -  ResidentSetSize of job (KB)
...
006 (14733364.000.000) 2021-09-25 08:33:27 Image size of job updated: 1746
	1746  -  MemoryUsage of job (MB)
	1788324  -  ResidentSetSize of job (KB)
...
006 (14733364.000.000) 2021-09-25 08:34:28 Image size of job updated: 1746
	1746  -  MemoryUsage of job (MB)
	1788768  -  ResidentSetSize of job (KB)
...
006 (14733364.000.000) 2021-09-25 08:35:29 Image size of job updated: 1746
	1746  -  MemoryUsage of job (MB)
	1788772  -  ResidentSetSize of job (KB)
...
006 (14733364.000.000) 2021-09-25 08:36:30 Image size of job updated: 1746
	1746  -  MemoryUsage of job (MB)
	1788780  -  ResidentSetSize of job (KB)
...
006 (14733364.000.000) 2021-09-25 08:39:32 Image size of job updated: 1747
	1747  -  MemoryUsage of job (MB)
	1789324  -  ResidentSetSize of job (KB)
...
006 (14733364.000.000) 2021-09-25 08:44:34 Image size of job updated: 1747
	1747  -  MemoryUsage of job (MB)
	1789776  -  ResidentSetSize of job (KB)
...
006 (14733364.000.000) 2021-09-25 08:49:35 Image size of job updated: 1748
	1748  -  MemoryUsage of job (MB)
	1790500  -  ResidentSetSize of job (KB)
...
006 (14733364.000.000) 2021-09-25 08:50:35 Image size of job updated: 1748
	1748  -  MemoryUsage of job (MB)
	1790512  -  ResidentSetSize of job (KB)
...
006 (14733364.000.000) 2021-09-25 08:51:35 Image size of job updated: 1748
	1748  -  MemoryUsage of job (MB)
	1790524  -  ResidentSetSize of job (KB)
...
006 (14733364.000.000) 2021-09-25 08:55:36 Image size of job updated: 1749
	1749  -  MemoryUsage of job (MB)
	1791124  -  ResidentSetSize of job (KB)
...
006 (14733364.000.000) 2021-09-25 09:01:38 Image size of job updated: 1749
	1749  -  MemoryUsage of job (MB)
	1791460  -  ResidentSetSize of job (KB)
...
006 (14733364.000.000) 2021-09-25 09:03:38 Image size of job updated: 1749
	1749  -  MemoryUsage of job (MB)
	1791464  -  ResidentSetSize of job (KB)
...
006 (14733364.000.000) 2021-09-25 09:07:39 Image size of job updated: 1750
	1750  -  MemoryUsage of job (MB)
	1792056  -  ResidentSetSize of job (KB)
...
006 (14733364.000.000) 2021-09-25 09:13:44 Image size of job updated: 1750
	1750  -  MemoryUsage of job (MB)
	1792712  -  ResidentSetSize of job (KB)
...
006 (14733364.000.000) 2021-09-25 09:15:47 Image size of job updated: 1750
	1750  -  MemoryUsage of job (MB)
	1792716  -  ResidentSetSize of job (KB)
...
006 (14733364.000.000) 2021-09-25 09:16:47 Image size of job updated: 1750
	1750  -  MemoryUsage of job (MB)
	1792724  -  ResidentSetSize of job (KB)
...
006 (14733364.000.000) 2021-09-25 09:17:47 Image size of job updated: 1750
	1750  -  MemoryUsage of job (MB)
	1792732  -  ResidentSetSize of job (KB)
...
006 (14733364.000.000) 2021-09-25 09:18:47 Image size of job updated: 1750
	1750  -  MemoryUsage of job (MB)
	1792740  -  ResidentSetSize of job (KB)
...
006 (14733364.000.000) 2021-09-25 09:19:48 Image size of job updated: 1751
	1751  -  MemoryUsage of job (MB)
	1793160  -  ResidentSetSize of job (KB)
...
006 (14733364.000.000) 2021-09-25 09:20:48 Image size of job updated: 1751
	1751  -  MemoryUsage of job (MB)
	1793164  -  ResidentSetSize of job (KB)
...
006 (14733364.000.000) 2021-09-25 09:22:49 Image size of job updated: 1751
	1751  -  MemoryUsage of job (MB)
	1793168  -  ResidentSetSize of job (KB)
...
006 (14733364.000.000) 2021-09-25 09:24:51 Image size of job updated: 1751
	1751  -  MemoryUsage of job (MB)
	1793172  -  ResidentSetSize of job (KB)
...
006 (14733364.000.000) 2021-09-25 09:25:51 Image size of job updated: 1751
	1751  -  MemoryUsage of job (MB)
	1793180  -  ResidentSetSize of job (KB)
...
006 (14733364.000.000) 2021-09-25 09:26:51 Image size of job updated: 1751
	1751  -  MemoryUsage of job (MB)
	1793420  -  ResidentSetSize of job (KB)
...
006 (14733364.000.000) 2021-09-25 09:32:54 Image size of job updated: 1751
	1751  -  MemoryUsage of job (MB)
	1793444  -  ResidentSetSize of job (KB)
...
006 (14733364.000.000) 2021-09-25 09:33:55 Image size of job updated: 1751
	1751  -  MemoryUsage of job (MB)
	1793516  -  ResidentSetSize of job (KB)
...
006 (14733364.000.000) 2021-09-25 09:34:56 Image size of job updated: 1751
	1751  -  MemoryUsage of job (MB)
	1793520  -  ResidentSetSize of job (KB)
...
006 (14733364.000.000) 2021-09-25 09:35:58 Image size of job updated: 1751
	1751  -  MemoryUsage of job (MB)
	1793524  -  ResidentSetSize of job (KB)
...
006 (14733364.000.000) 2021-09-25 09:39:00 Image size of job updated: 1751
	1751  -  MemoryUsage of job (MB)
	1793620  -  ResidentSetSize of job (KB)
...
006 (14733364.000.000) 2021-09-25 09:40:00 Image size of job updated: 1751
	1751  -  MemoryUsage of job (MB)
	1793684  -  ResidentSetSize of job (KB)
...
006 (14733364.000.000) 2021-09-25 09:45:01 Image size of job updated: 1751
	1751  -  MemoryUsage of job (MB)
	1793956  -  ResidentSetSize of job (KB)
...
006 (14733364.000.000) 2021-09-25 09:46:02 Image size of job updated: 1752
	1752  -  MemoryUsage of job (MB)
	1794384  -  ResidentSetSize of job (KB)
...
006 (14733364.000.000) 2021-09-25 09:47:02 Image size of job updated: 1752
	1752  -  MemoryUsage of job (MB)
	1794396  -  ResidentSetSize of job (KB)
...
006 (14733364.000.000) 2021-09-25 09:51:06 Image size of job updated: 1753
	1753  -  MemoryUsage of job (MB)
	1795252  -  ResidentSetSize of job (KB)
...
006 (14733364.000.000) 2021-09-25 09:52:06 Image size of job updated: 1753
	1753  -  MemoryUsage of job (MB)
	1795332  -  ResidentSetSize of job (KB)
...
006 (14733364.000.000) 2021-09-25 09:53:06 Image size of job updated: 1753
	1753  -  MemoryUsage of job (MB)
	1795340  -  ResidentSetSize of job (KB)
...
006 (14733364.000.000) 2021-09-25 09:54:06 Image size of job updated: 1753
	1753  -  MemoryUsage of job (MB)
	1795344  -  ResidentSetSize of job (KB)
...
006 (14733364.000.000) 2021-09-25 09:55:08 Image size of job updated: 1753
	1753  -  MemoryUsage of job (MB)
	1795356  -  ResidentSetSize of job (KB)
...
006 (14733364.000.000) 2021-09-25 09:57:09 Image size of job updated: 1753
	1753  -  MemoryUsage of job (MB)
	1795732  -  ResidentSetSize of job (KB)
...
006 (14733364.000.000) 2021-09-25 09:58:10 Image size of job updated: 1753
	1753  -  MemoryUsage of job (MB)
	1795920  -  ResidentSetSize of job (KB)
...
006 (14733364.000.000) 2021-09-25 10:03:13 Image size of job updated: 1754
	1754  -  MemoryUsage of job (MB)
	1796300  -  ResidentSetSize of job (KB)
...
006 (14733364.000.000) 2021-09-25 10:08:14 Image size of job updated: 1754
	1754  -  MemoryUsage of job (MB)
	1796476  -  ResidentSetSize of job (KB)
...
006 (14733364.000.000) 2021-09-25 10:09:14 Image size of job updated: 1754
	1754  -  MemoryUsage of job (MB)
	1796832  -  ResidentSetSize of job (KB)
...
006 (14733364.000.000) 2021-09-25 10:14:16 Image size of job updated: 1755
	1755  -  MemoryUsage of job (MB)
	1797996  -  ResidentSetSize of job (KB)
...
006 (14733364.000.000) 2021-09-25 10:15:17 Image size of job updated: 1755
	1755  -  MemoryUsage of job (MB)
	1798008  -  ResidentSetSize of job (KB)
...
006 (14733364.000.000) 2021-09-25 10:16:17 Image size of job updated: 1755
	1755  -  MemoryUsage of job (MB)
	1798036  -  ResidentSetSize of job (KB)
...
006 (14733364.000.000) 2021-09-25 10:17:17 Image size of job updated: 1755
	1755  -  MemoryUsage of job (MB)
	1798060  -  ResidentSetSize of job (KB)
...
006 (14733364.000.000) 2021-09-25 10:18:17 Image size of job updated: 1756
	1756  -  MemoryUsage of job (MB)
	1798904  -  ResidentSetSize of job (KB)
...
006 (14733364.000.000) 2021-09-25 10:19:18 Image size of job updated: 1757
	1757  -  MemoryUsage of job (MB)
	1799660  -  ResidentSetSize of job (KB)
...
006 (14733364.000.000) 2021-09-25 10:20:19 Image size of job updated: 1757
	1757  -  MemoryUsage of job (MB)
	1799664  -  ResidentSetSize of job (KB)
...
006 (14733364.000.000) 2021-09-25 10:21:19 Image size of job updated: 1757
	1757  -  MemoryUsage of job (MB)
	1799672  -  ResidentSetSize of job (KB)
...
006 (14733364.000.000) 2021-09-25 10:22:19 Image size of job updated: 1757
	1757  -  MemoryUsage of job (MB)
	1799676  -  ResidentSetSize of job (KB)
...
006 (14733364.000.000) 2021-09-25 10:23:20 Image size of job updated: 1757
	1757  -  MemoryUsage of job (MB)
	1799908  -  ResidentSetSize of job (KB)
...
006 (14733364.000.000) 2021-09-25 10:24:21 Image size of job updated: 1758
	1758  -  MemoryUsage of job (MB)
	1800604  -  ResidentSetSize of job (KB)
...
006 (14733364.000.000) 2021-09-25 10:25:22 Image size of job updated: 1758
	1758  -  MemoryUsage of job (MB)
	1800608  -  ResidentSetSize of job (KB)
...
006 (14733364.000.000) 2021-09-25 10:26:23 Image size of job updated: 1758
	1758  -  MemoryUsage of job (MB)
	1800612  -  ResidentSetSize of job (KB)
...
006 (14733364.000.000) 2021-09-25 10:28:24 Image size of job updated: 1758
	1758  -  MemoryUsage of job (MB)
	1800740  -  ResidentSetSize of job (KB)
...
006 (14733364.000.000) 2021-09-25 10:29:25 Image size of job updated: 1758
	1758  -  MemoryUsage of job (MB)
	1800904  -  ResidentSetSize of job (KB)
...
006 (14733364.000.000) 2021-09-25 10:33:27 Image size of job updated: 1759
	1759  -  MemoryUsage of job (MB)
	1801460  -  ResidentSetSize of job (KB)
...
006 (14733364.000.000) 2021-09-25 10:34:28 Image size of job updated: 1759
	1759  -  MemoryUsage of job (MB)
	1801468  -  ResidentSetSize of job (KB)
...
006 (14733364.000.000) 2021-09-25 10:35:28 Image size of job updated: 1759
	1759  -  MemoryUsage of job (MB)
	1801480  -  ResidentSetSize of job (KB)
...
006 (14733364.000.000) 2021-09-25 10:37:30 Image size of job updated: 1759
	1759  -  MemoryUsage of job (MB)
	1801696  -  ResidentSetSize of job (KB)
...
006 (14733364.000.000) 2021-09-25 10:38:30 Image size of job updated: 1759
	1759  -  MemoryUsage of job (MB)
	1801956  -  ResidentSetSize of job (KB)
...
006 (14733364.000.000) 2021-09-25 10:43:36 Image size of job updated: 1759
	1759  -  MemoryUsage of job (MB)
	1801992  -  ResidentSetSize of job (KB)
...
006 (14733364.000.000) 2021-09-25 11:30:06 Image size of job updated: 1760
	1760  -  MemoryUsage of job (MB)
	1802872  -  ResidentSetSize of job (KB)
...
006 (14733364.000.000) 2021-09-25 11:31:06 Image size of job updated: 1760
	1760  -  MemoryUsage of job (MB)
	1802896  -  ResidentSetSize of job (KB)
...
006 (14733364.000.000) 2021-09-25 11:32:06 Image size of job updated: 1760
	1760  -  MemoryUsage of job (MB)
	1802920  -  ResidentSetSize of job (KB)
...
006 (14733364.000.000) 2021-09-25 11:33:08 Image size of job updated: 1760
	1760  -  MemoryUsage of job (MB)
	1802960  -  ResidentSetSize of job (KB)
...
006 (14733364.000.000) 2021-09-25 11:34:08 Image size of job updated: 1760
	1760  -  MemoryUsage of job (MB)
	1802980  -  ResidentSetSize of job (KB)
...
006 (14733364.000.000) 2021-09-25 11:35:09 Image size of job updated: 1761
	1761  -  MemoryUsage of job (MB)
	1803544  -  ResidentSetSize of job (KB)
...
006 (14733364.000.000) 2021-09-25 11:36:09 Image size of job updated: 1761
	1761  -  MemoryUsage of job (MB)
	1803552  -  ResidentSetSize of job (KB)
...
006 (14733364.000.000) 2021-09-25 11:38:10 Image size of job updated: 1761
	1761  -  MemoryUsage of job (MB)
	1803556  -  ResidentSetSize of job (KB)
...
006 (14733364.000.000) 2021-09-25 11:39:11 Image size of job updated: 1761
	1761  -  MemoryUsage of job (MB)
	1803568  -  ResidentSetSize of job (KB)
...
006 (14733364.000.000) 2021-09-25 11:45:13 Image size of job updated: 1761
	1761  -  MemoryUsage of job (MB)
	1803588  -  ResidentSetSize of job (KB)
...
006 (14733364.000.000) 2021-09-25 11:48:57 Image size of job updated: 1761
	1761  -  MemoryUsage of job (MB)
	1803596  -  ResidentSetSize of job (KB)
...
040 (14733364.000.000) 2021-09-25 11:48:57 Started transferring output files
...
040 (14733364.000.000) 2021-09-25 11:48:57 Finished transferring output files
...
005 (14733364.000.000) 2021-09-25 11:48:58 Job terminated.
	(1) Normal termination (return value 0)
		Usr 0 01:37:07, Sys 0 07:15:01  -  Run Remote Usage
		Usr 0 00:00:00, Sys 0 00:00:00  -  Run Local Usage
		Usr 0 01:37:07, Sys 0 07:15:01  -  Total Remote Usage
		Usr 0 00:00:00, Sys 0 00:00:00  -  Total Local Usage
	1233157  -  Run Bytes Sent By Job
	8471570  -  Run Bytes Received By Job
	1233157  -  Total Bytes Sent By Job
	8471570  -  Total Bytes Received By Job
	Partitionable Resources :    Usage  Request Allocated 
	   Cpus                 :     0.00        1         1 
	   Disk (KB)            : 30311       10000    763479 
	   Memory (MB)          :  1761        2048      2048 

	Job terminated of its own accord at 2021-09-25T16:48:57Z.
...
