000 (34545197.000.000) 2021-09-16 05:46:34 Job submitted from host: <131.225.188.57:9618?addrs=131.225.188.57-9618&alias=lpcschedd2.fnal.gov&noUDP&sock=schedd_2251_93c6>
...
040 (34545197.000.000) 2021-09-16 21:20:45 Started transferring input files
	Transferring to host: <131.225.206.9:9618?addrs=131.225.206.9-9618&alias=cmswn1735.fnal.gov&noUDP&sock=slot1_1_1217_3c8b_3424>
...
040 (34545197.000.000) 2021-09-16 21:20:45 Finished transferring input files
...
001 (34545197.000.000) 2021-09-16 21:20:46 Job executing on host: <131.225.206.9:9618?addrs=131.225.206.9-9618&alias=cmswn1735.fnal.gov&noUDP&sock=startd_1142_e53e>
...
006 (34545197.000.000) 2021-09-16 21:20:55 Image size of job updated: 14
	14  -  MemoryUsage of job (MB)
	15328  -  ResidentSetSize of job (KB)
...
006 (34545197.000.000) 2021-09-16 21:21:56 Image size of job updated: 455
	455  -  MemoryUsage of job (MB)
	466688  -  ResidentSetSize of job (KB)
...
006 (34545197.000.000) 2021-09-16 21:22:56 Image size of job updated: 533
	533  -  MemoryUsage of job (MB)
	546388  -  ResidentSetSize of job (KB)
...
006 (34545197.000.000) 2021-09-16 21:25:58 Image size of job updated: 559
	559  -  MemoryUsage of job (MB)
	573324  -  ResidentSetSize of job (KB)
...
006 (34545197.000.000) 2021-09-16 21:26:58 Image size of job updated: 609
	609  -  MemoryUsage of job (MB)
	624244  -  ResidentSetSize of job (KB)
...
006 (34545197.000.000) 2021-09-16 21:27:59 Image size of job updated: 649
	649  -  MemoryUsage of job (MB)
	665176  -  ResidentSetSize of job (KB)
...
006 (34545197.000.000) 2021-09-16 21:28:59 Image size of job updated: 688
	688  -  MemoryUsage of job (MB)
	704664  -  ResidentSetSize of job (KB)
...
006 (34545197.000.000) 2021-09-16 21:30:00 Image size of job updated: 723
	723  -  MemoryUsage of job (MB)
	740772  -  ResidentSetSize of job (KB)
...
006 (34545197.000.000) 2021-09-16 21:31:00 Image size of job updated: 756
	756  -  MemoryUsage of job (MB)
	774856  -  ResidentSetSize of job (KB)
...
006 (34545197.000.000) 2021-09-16 21:32:00 Image size of job updated: 788
	788  -  MemoryUsage of job (MB)
	807836  -  ResidentSetSize of job (KB)
...
006 (34545197.000.000) 2021-09-16 21:33:01 Image size of job updated: 820
	820  -  MemoryUsage of job (MB)
	840044  -  ResidentSetSize of job (KB)
...
006 (34545197.000.000) 2021-09-16 21:34:01 Image size of job updated: 851
	851  -  MemoryUsage of job (MB)
	871680  -  ResidentSetSize of job (KB)
...
006 (34545197.000.000) 2021-09-16 21:35:02 Image size of job updated: 879
	879  -  MemoryUsage of job (MB)
	900324  -  ResidentSetSize of job (KB)
...
006 (34545197.000.000) 2021-09-16 21:36:03 Image size of job updated: 918
	918  -  MemoryUsage of job (MB)
	940176  -  ResidentSetSize of job (KB)
...
006 (34545197.000.000) 2021-09-16 21:37:03 Image size of job updated: 946
	946  -  MemoryUsage of job (MB)
	969360  -  ResidentSetSize of job (KB)
...
006 (34545197.000.000) 2021-09-16 21:38:04 Image size of job updated: 972
	972  -  MemoryUsage of job (MB)
	996100  -  ResidentSetSize of job (KB)
...
006 (34545197.000.000) 2021-09-16 21:39:04 Image size of job updated: 997
	997  -  MemoryUsage of job (MB)
	1021132  -  ResidentSetSize of job (KB)
...
006 (34545197.000.000) 2021-09-16 21:40:04 Image size of job updated: 1025
	1025  -  MemoryUsage of job (MB)
	1049780  -  ResidentSetSize of job (KB)
...
006 (34545197.000.000) 2021-09-16 21:41:05 Image size of job updated: 1052
	1052  -  MemoryUsage of job (MB)
	1077736  -  ResidentSetSize of job (KB)
...
006 (34545197.000.000) 2021-09-16 21:42:05 Image size of job updated: 1082
	1082  -  MemoryUsage of job (MB)
	1108912  -  ResidentSetSize of job (KB)
...
006 (34545197.000.000) 2021-09-16 21:43:06 Image size of job updated: 1103
	1103  -  MemoryUsage of job (MB)
	1129588  -  ResidentSetSize of job (KB)
...
006 (34545197.000.000) 2021-09-16 21:44:07 Image size of job updated: 1125
	1125  -  MemoryUsage of job (MB)
	1152448  -  ResidentSetSize of job (KB)
...
006 (34545197.000.000) 2021-09-16 21:45:07 Image size of job updated: 1146
	1146  -  MemoryUsage of job (MB)
	1174080  -  ResidentSetSize of job (KB)
...
006 (34545197.000.000) 2021-09-16 21:46:08 Image size of job updated: 1168
	1168  -  MemoryUsage of job (MB)
	1196728  -  ResidentSetSize of job (KB)
...
006 (34545197.000.000) 2021-09-16 21:47:09 Image size of job updated: 1189
	1189  -  MemoryUsage of job (MB)
	1217636  -  ResidentSetSize of job (KB)
...
006 (34545197.000.000) 2021-09-16 21:48:09 Image size of job updated: 1209
	1209  -  MemoryUsage of job (MB)
	1238120  -  ResidentSetSize of job (KB)
...
006 (34545197.000.000) 2021-09-16 21:49:10 Image size of job updated: 1228
	1228  -  MemoryUsage of job (MB)
	1257664  -  ResidentSetSize of job (KB)
...
006 (34545197.000.000) 2021-09-16 21:50:10 Image size of job updated: 1246
	1246  -  MemoryUsage of job (MB)
	1276900  -  ResidentSetSize of job (KB)
...
006 (34545197.000.000) 2021-09-16 21:51:10 Image size of job updated: 1266
	1266  -  MemoryUsage of job (MB)
	1296532  -  ResidentSetSize of job (KB)
...
006 (34545197.000.000) 2021-09-16 21:52:11 Image size of job updated: 1284
	1284  -  MemoryUsage of job (MB)
	1315644  -  ResidentSetSize of job (KB)
...
006 (34545197.000.000) 2021-09-16 21:53:12 Image size of job updated: 1301
	1301  -  MemoryUsage of job (MB)
	1332568  -  ResidentSetSize of job (KB)
...
006 (34545197.000.000) 2021-09-16 21:54:12 Image size of job updated: 1319
	1319  -  MemoryUsage of job (MB)
	1351288  -  ResidentSetSize of job (KB)
...
006 (34545197.000.000) 2021-09-16 21:55:13 Image size of job updated: 1337
	1337  -  MemoryUsage of job (MB)
	1369852  -  ResidentSetSize of job (KB)
...
006 (34545197.000.000) 2021-09-16 21:56:13 Image size of job updated: 1354
	1354  -  MemoryUsage of job (MB)
	1387364  -  ResidentSetSize of job (KB)
...
006 (34545197.000.000) 2021-09-16 21:57:13 Image size of job updated: 1371
	1371  -  MemoryUsage of job (MB)
	1404492  -  ResidentSetSize of job (KB)
...
006 (34545197.000.000) 2021-09-16 21:58:14 Image size of job updated: 1387
	1387  -  MemoryUsage of job (MB)
	1421176  -  ResidentSetSize of job (KB)
...
006 (34545197.000.000) 2021-09-16 21:59:14 Image size of job updated: 1404
	1404  -  MemoryUsage of job (MB)
	1438264  -  ResidentSetSize of job (KB)
...
006 (34545197.000.000) 2021-09-16 22:00:15 Image size of job updated: 1421
	1421  -  MemoryUsage of job (MB)
	1455364  -  ResidentSetSize of job (KB)
...
006 (34545197.000.000) 2021-09-16 22:01:16 Image size of job updated: 1436
	1436  -  MemoryUsage of job (MB)
	1470740  -  ResidentSetSize of job (KB)
...
006 (34545197.000.000) 2021-09-16 22:02:16 Image size of job updated: 1452
	1452  -  MemoryUsage of job (MB)
	1487176  -  ResidentSetSize of job (KB)
...
006 (34545197.000.000) 2021-09-16 22:03:17 Image size of job updated: 1468
	1468  -  MemoryUsage of job (MB)
	1503332  -  ResidentSetSize of job (KB)
...
006 (34545197.000.000) 2021-09-16 22:04:18 Image size of job updated: 1483
	1483  -  MemoryUsage of job (MB)
	1519512  -  ResidentSetSize of job (KB)
...
006 (34545197.000.000) 2021-09-16 22:05:18 Image size of job updated: 1499
	1499  -  MemoryUsage of job (MB)
	1535456  -  ResidentSetSize of job (KB)
...
006 (34545197.000.000) 2021-09-16 22:06:19 Image size of job updated: 1514
	1514  -  MemoryUsage of job (MB)
	1550972  -  ResidentSetSize of job (KB)
...
006 (34545197.000.000) 2021-09-16 22:07:19 Image size of job updated: 1529
	1529  -  MemoryUsage of job (MB)
	1566384  -  ResidentSetSize of job (KB)
...
006 (34545197.000.000) 2021-09-16 22:08:19 Image size of job updated: 1553
	1553  -  MemoryUsage of job (MB)
	1590664  -  ResidentSetSize of job (KB)
...
006 (34545197.000.000) 2021-09-16 22:09:20 Image size of job updated: 1626
	1626  -  MemoryUsage of job (MB)
	1665584  -  ResidentSetSize of job (KB)
...
006 (34545197.000.000) 2021-09-16 22:10:20 Image size of job updated: 1652
	1652  -  MemoryUsage of job (MB)
	1691972  -  ResidentSetSize of job (KB)
...
006 (34545197.000.000) 2021-09-16 22:11:20 Image size of job updated: 1657
	1657  -  MemoryUsage of job (MB)
	1696996  -  ResidentSetSize of job (KB)
...
006 (34545197.000.000) 2021-09-16 22:12:21 Image size of job updated: 1662
	1662  -  MemoryUsage of job (MB)
	1702208  -  ResidentSetSize of job (KB)
...
006 (34545197.000.000) 2021-09-16 22:13:21 Image size of job updated: 1665
	1665  -  MemoryUsage of job (MB)
	1705292  -  ResidentSetSize of job (KB)
...
006 (34545197.000.000) 2021-09-16 22:14:22 Image size of job updated: 1667
	1667  -  MemoryUsage of job (MB)
	1707924  -  ResidentSetSize of job (KB)
...
006 (34545197.000.000) 2021-09-16 22:15:23 Image size of job updated: 1668
	1668  -  MemoryUsage of job (MB)
	1708160  -  ResidentSetSize of job (KB)
...
006 (34545197.000.000) 2021-09-16 22:16:23 Image size of job updated: 1670
	1670  -  MemoryUsage of job (MB)
	1710396  -  ResidentSetSize of job (KB)
...
006 (34545197.000.000) 2021-09-16 22:17:24 Image size of job updated: 1672
	1672  -  MemoryUsage of job (MB)
	1712848  -  ResidentSetSize of job (KB)
...
006 (34545197.000.000) 2021-09-16 22:18:24 Image size of job updated: 1674
	1674  -  MemoryUsage of job (MB)
	1714748  -  ResidentSetSize of job (KB)
...
006 (34545197.000.000) 2021-09-16 22:19:24 Image size of job updated: 1674
	1674  -  MemoryUsage of job (MB)
	1714824  -  ResidentSetSize of job (KB)
...
006 (34545197.000.000) 2021-09-16 22:20:25 Image size of job updated: 1677
	1677  -  MemoryUsage of job (MB)
	1717712  -  ResidentSetSize of job (KB)
...
006 (34545197.000.000) 2021-09-16 22:21:25 Image size of job updated: 1679
	1679  -  MemoryUsage of job (MB)
	1719860  -  ResidentSetSize of job (KB)
...
006 (34545197.000.000) 2021-09-16 22:22:26 Image size of job updated: 1679
	1679  -  MemoryUsage of job (MB)
	1720080  -  ResidentSetSize of job (KB)
...
006 (34545197.000.000) 2021-09-16 22:23:27 Image size of job updated: 1682
	1682  -  MemoryUsage of job (MB)
	1723012  -  ResidentSetSize of job (KB)
...
006 (34545197.000.000) 2021-09-16 22:24:27 Image size of job updated: 1684
	1684  -  MemoryUsage of job (MB)
	1724996  -  ResidentSetSize of job (KB)
...
006 (34545197.000.000) 2021-09-16 22:25:28 Image size of job updated: 1686
	1686  -  MemoryUsage of job (MB)
	1726504  -  ResidentSetSize of job (KB)
...
006 (34545197.000.000) 2021-09-16 22:26:29 Image size of job updated: 1686
	1686  -  MemoryUsage of job (MB)
	1726680  -  ResidentSetSize of job (KB)
...
006 (34545197.000.000) 2021-09-16 22:27:29 Image size of job updated: 1687
	1687  -  MemoryUsage of job (MB)
	1727612  -  ResidentSetSize of job (KB)
...
006 (34545197.000.000) 2021-09-16 22:28:30 Image size of job updated: 1688
	1688  -  MemoryUsage of job (MB)
	1729188  -  ResidentSetSize of job (KB)
...
006 (34545197.000.000) 2021-09-16 22:29:30 Image size of job updated: 1689
	1689  -  MemoryUsage of job (MB)
	1730512  -  ResidentSetSize of job (KB)
...
006 (34545197.000.000) 2021-09-16 22:30:30 Image size of job updated: 1689
	1689  -  MemoryUsage of job (MB)
	1730532  -  ResidentSetSize of job (KB)
...
006 (34545197.000.000) 2021-09-16 22:31:31 Image size of job updated: 1691
	1691  -  MemoryUsage of job (MB)
	1731952  -  ResidentSetSize of job (KB)
...
006 (34545197.000.000) 2021-09-16 22:32:31 Image size of job updated: 1692
	1692  -  MemoryUsage of job (MB)
	1732992  -  ResidentSetSize of job (KB)
...
006 (34545197.000.000) 2021-09-16 22:33:32 Image size of job updated: 1693
	1693  -  MemoryUsage of job (MB)
	1733848  -  ResidentSetSize of job (KB)
...
006 (34545197.000.000) 2021-09-16 22:34:33 Image size of job updated: 1693
	1693  -  MemoryUsage of job (MB)
	1734388  -  ResidentSetSize of job (KB)
...
006 (34545197.000.000) 2021-09-16 22:35:33 Image size of job updated: 1694
	1694  -  MemoryUsage of job (MB)
	1735332  -  ResidentSetSize of job (KB)
...
006 (34545197.000.000) 2021-09-16 22:36:34 Image size of job updated: 1695
	1695  -  MemoryUsage of job (MB)
	1735796  -  ResidentSetSize of job (KB)
...
006 (34545197.000.000) 2021-09-16 22:37:34 Image size of job updated: 1695
	1695  -  MemoryUsage of job (MB)
	1735868  -  ResidentSetSize of job (KB)
...
006 (34545197.000.000) 2021-09-16 22:38:34 Image size of job updated: 1695
	1695  -  MemoryUsage of job (MB)
	1736196  -  ResidentSetSize of job (KB)
...
006 (34545197.000.000) 2021-09-16 22:39:35 Image size of job updated: 1695
	1695  -  MemoryUsage of job (MB)
	1736332  -  ResidentSetSize of job (KB)
...
006 (34545197.000.000) 2021-09-16 22:40:35 Image size of job updated: 1697
	1697  -  MemoryUsage of job (MB)
	1738132  -  ResidentSetSize of job (KB)
...
006 (34545197.000.000) 2021-09-16 22:41:36 Image size of job updated: 1697
	1697  -  MemoryUsage of job (MB)
	1738156  -  ResidentSetSize of job (KB)
...
006 (34545197.000.000) 2021-09-16 22:42:36 Image size of job updated: 1698
	1698  -  MemoryUsage of job (MB)
	1739648  -  ResidentSetSize of job (KB)
...
006 (34545197.000.000) 2021-09-16 22:43:36 Image size of job updated: 1700
	1700  -  MemoryUsage of job (MB)
	1741180  -  ResidentSetSize of job (KB)
...
006 (34545197.000.000) 2021-09-16 22:44:37 Image size of job updated: 1700
	1700  -  MemoryUsage of job (MB)
	1741204  -  ResidentSetSize of job (KB)
...
006 (34545197.000.000) 2021-09-16 22:45:37 Image size of job updated: 1701
	1701  -  MemoryUsage of job (MB)
	1741880  -  ResidentSetSize of job (KB)
...
006 (34545197.000.000) 2021-09-16 22:46:38 Image size of job updated: 1701
	1701  -  MemoryUsage of job (MB)
	1742192  -  ResidentSetSize of job (KB)
...
006 (34545197.000.000) 2021-09-16 22:47:39 Image size of job updated: 1702
	1702  -  MemoryUsage of job (MB)
	1743148  -  ResidentSetSize of job (KB)
...
006 (34545197.000.000) 2021-09-16 22:48:39 Image size of job updated: 1702
	1702  -  MemoryUsage of job (MB)
	1743192  -  ResidentSetSize of job (KB)
...
006 (34545197.000.000) 2021-09-16 22:49:40 Image size of job updated: 1703
	1703  -  MemoryUsage of job (MB)
	1744024  -  ResidentSetSize of job (KB)
...
006 (34545197.000.000) 2021-09-16 22:50:41 Image size of job updated: 1703
	1703  -  MemoryUsage of job (MB)
	1744032  -  ResidentSetSize of job (KB)
...
006 (34545197.000.000) 2021-09-16 22:51:41 Image size of job updated: 1703
	1703  -  MemoryUsage of job (MB)
	1744636  -  ResidentSetSize of job (KB)
...
006 (34545197.000.000) 2021-09-16 22:52:42 Image size of job updated: 1703
	1703  -  MemoryUsage of job (MB)
	1744648  -  ResidentSetSize of job (KB)
...
006 (34545197.000.000) 2021-09-16 22:53:42 Image size of job updated: 1704
	1704  -  MemoryUsage of job (MB)
	1745404  -  ResidentSetSize of job (KB)
...
006 (34545197.000.000) 2021-09-16 22:54:43 Image size of job updated: 1707
	1707  -  MemoryUsage of job (MB)
	1748708  -  ResidentSetSize of job (KB)
...
006 (34545197.000.000) 2021-09-16 22:55:43 Image size of job updated: 1712
	1712  -  MemoryUsage of job (MB)
	1753752  -  ResidentSetSize of job (KB)
...
006 (34545197.000.000) 2021-09-16 22:56:43 Image size of job updated: 1715
	1715  -  MemoryUsage of job (MB)
	1756428  -  ResidentSetSize of job (KB)
...
006 (34545197.000.000) 2021-09-16 22:57:44 Image size of job updated: 1718
	1718  -  MemoryUsage of job (MB)
	1759508  -  ResidentSetSize of job (KB)
...
006 (34545197.000.000) 2021-09-16 23:00:46 Image size of job updated: 1718
	1718  -  MemoryUsage of job (MB)
	1759648  -  ResidentSetSize of job (KB)
...
006 (34545197.000.000) 2021-09-16 23:01:46 Image size of job updated: 1719
	1719  -  MemoryUsage of job (MB)
	1760928  -  ResidentSetSize of job (KB)
...
006 (34545197.000.000) 2021-09-16 23:02:47 Image size of job updated: 1720
	1720  -  MemoryUsage of job (MB)
	1762000  -  ResidentSetSize of job (KB)
...
006 (34545197.000.000) 2021-09-16 23:03:47 Image size of job updated: 1721
	1721  -  MemoryUsage of job (MB)
	1762708  -  ResidentSetSize of job (KB)
...
006 (34545197.000.000) 2021-09-16 23:04:47 Image size of job updated: 1722
	1722  -  MemoryUsage of job (MB)
	1763820  -  ResidentSetSize of job (KB)
...
006 (34545197.000.000) 2021-09-16 23:05:48 Image size of job updated: 1723
	1723  -  MemoryUsage of job (MB)
	1764600  -  ResidentSetSize of job (KB)
...
006 (34545197.000.000) 2021-09-16 23:06:48 Image size of job updated: 1723
	1723  -  MemoryUsage of job (MB)
	1764824  -  ResidentSetSize of job (KB)
...
006 (34545197.000.000) 2021-09-16 23:07:49 Image size of job updated: 1723
	1723  -  MemoryUsage of job (MB)
	1765284  -  ResidentSetSize of job (KB)
...
006 (34545197.000.000) 2021-09-16 23:08:50 Image size of job updated: 1724
	1724  -  MemoryUsage of job (MB)
	1765884  -  ResidentSetSize of job (KB)
...
006 (34545197.000.000) 2021-09-16 23:09:50 Image size of job updated: 1725
	1725  -  MemoryUsage of job (MB)
	1766916  -  ResidentSetSize of job (KB)
...
006 (34545197.000.000) 2021-09-16 23:10:51 Image size of job updated: 1725
	1725  -  MemoryUsage of job (MB)
	1766976  -  ResidentSetSize of job (KB)
...
006 (34545197.000.000) 2021-09-16 23:11:52 Image size of job updated: 1726
	1726  -  MemoryUsage of job (MB)
	1767620  -  ResidentSetSize of job (KB)
...
006 (34545197.000.000) 2021-09-16 23:12:52 Image size of job updated: 1726
	1726  -  MemoryUsage of job (MB)
	1767892  -  ResidentSetSize of job (KB)
...
006 (34545197.000.000) 2021-09-16 23:13:53 Image size of job updated: 1726
	1726  -  MemoryUsage of job (MB)
	1767896  -  ResidentSetSize of job (KB)
...
006 (34545197.000.000) 2021-09-16 23:14:53 Image size of job updated: 1726
	1726  -  MemoryUsage of job (MB)
	1768100  -  ResidentSetSize of job (KB)
...
006 (34545197.000.000) 2021-09-16 23:15:54 Image size of job updated: 1726
	1726  -  MemoryUsage of job (MB)
	1768300  -  ResidentSetSize of job (KB)
...
006 (34545197.000.000) 2021-09-16 23:16:54 Image size of job updated: 1727
	1727  -  MemoryUsage of job (MB)
	1769316  -  ResidentSetSize of job (KB)
...
006 (34545197.000.000) 2021-09-16 23:17:54 Image size of job updated: 1727
	1727  -  MemoryUsage of job (MB)
	1769380  -  ResidentSetSize of job (KB)
...
006 (34545197.000.000) 2021-09-16 23:18:55 Image size of job updated: 1728
	1728  -  MemoryUsage of job (MB)
	1770012  -  ResidentSetSize of job (KB)
...
006 (34545197.000.000) 2021-09-16 23:30:00 Image size of job updated: 1728
	1728  -  MemoryUsage of job (MB)
	1770376  -  ResidentSetSize of job (KB)
...
006 (34545197.000.000) 2021-09-16 23:31:00 Image size of job updated: 1729
	1729  -  MemoryUsage of job (MB)
	1771500  -  ResidentSetSize of job (KB)
...
006 (34545197.000.000) 2021-09-16 23:32:01 Image size of job updated: 1730
	1730  -  MemoryUsage of job (MB)
	1771740  -  ResidentSetSize of job (KB)
...
006 (34545197.000.000) 2021-09-16 23:33:01 Image size of job updated: 1730
	1730  -  MemoryUsage of job (MB)
	1772420  -  ResidentSetSize of job (KB)
...
006 (34545197.000.000) 2021-09-16 23:34:02 Image size of job updated: 1731
	1731  -  MemoryUsage of job (MB)
	1772900  -  ResidentSetSize of job (KB)
...
006 (34545197.000.000) 2021-09-16 23:35:03 Image size of job updated: 1731
	1731  -  MemoryUsage of job (MB)
	1773484  -  ResidentSetSize of job (KB)
...
006 (34545197.000.000) 2021-09-16 23:36:03 Image size of job updated: 1731
	1731  -  MemoryUsage of job (MB)
	1773564  -  ResidentSetSize of job (KB)
...
006 (34545197.000.000) 2021-09-16 23:38:05 Image size of job updated: 1732
	1732  -  MemoryUsage of job (MB)
	1773568  -  ResidentSetSize of job (KB)
...
006 (34545197.000.000) 2021-09-16 23:39:05 Image size of job updated: 1732
	1732  -  MemoryUsage of job (MB)
	1773572  -  ResidentSetSize of job (KB)
...
006 (34545197.000.000) 2021-09-16 23:40:06 Image size of job updated: 1732
	1732  -  MemoryUsage of job (MB)
	1774504  -  ResidentSetSize of job (KB)
...
006 (34545197.000.000) 2021-09-16 23:41:07 Image size of job updated: 1733
	1733  -  MemoryUsage of job (MB)
	1774916  -  ResidentSetSize of job (KB)
...
006 (34545197.000.000) 2021-09-16 23:42:07 Image size of job updated: 1734
	1734  -  MemoryUsage of job (MB)
	1775832  -  ResidentSetSize of job (KB)
...
006 (34545197.000.000) 2021-09-16 23:44:08 Image size of job updated: 1734
	1734  -  MemoryUsage of job (MB)
	1776476  -  ResidentSetSize of job (KB)
...
006 (34545197.000.000) 2021-09-16 23:45:09 Image size of job updated: 1735
	1735  -  MemoryUsage of job (MB)
	1777108  -  ResidentSetSize of job (KB)
...
006 (34545197.000.000) 2021-09-16 23:49:11 Image size of job updated: 1735
	1735  -  MemoryUsage of job (MB)
	1777564  -  ResidentSetSize of job (KB)
...
006 (34545197.000.000) 2021-09-17 00:01:17 Image size of job updated: 1736
	1736  -  MemoryUsage of job (MB)
	1777680  -  ResidentSetSize of job (KB)
...
006 (34545197.000.000) 2021-09-17 00:03:18 Image size of job updated: 1736
	1736  -  MemoryUsage of job (MB)
	1777780  -  ResidentSetSize of job (KB)
...
006 (34545197.000.000) 2021-09-17 00:06:19 Image size of job updated: 1736
	1736  -  MemoryUsage of job (MB)
	1777808  -  ResidentSetSize of job (KB)
...
006 (34545197.000.000) 2021-09-17 00:07:19 Image size of job updated: 1736
	1736  -  MemoryUsage of job (MB)
	1777884  -  ResidentSetSize of job (KB)
...
006 (34545197.000.000) 2021-09-17 00:08:20 Image size of job updated: 1736
	1736  -  MemoryUsage of job (MB)
	1777996  -  ResidentSetSize of job (KB)
...
006 (34545197.000.000) 2021-09-17 00:09:20 Image size of job updated: 1736
	1736  -  MemoryUsage of job (MB)
	1778004  -  ResidentSetSize of job (KB)
...
006 (34545197.000.000) 2021-09-17 00:10:20 Image size of job updated: 1736
	1736  -  MemoryUsage of job (MB)
	1778040  -  ResidentSetSize of job (KB)
...
006 (34545197.000.000) 2021-09-17 00:11:21 Image size of job updated: 1736
	1736  -  MemoryUsage of job (MB)
	1778080  -  ResidentSetSize of job (KB)
...
006 (34545197.000.000) 2021-09-17 00:18:24 Image size of job updated: 1737
	1737  -  MemoryUsage of job (MB)
	1778836  -  ResidentSetSize of job (KB)
...
006 (34545197.000.000) 2021-09-17 00:19:25 Image size of job updated: 1738
	1738  -  MemoryUsage of job (MB)
	1779824  -  ResidentSetSize of job (KB)
...
006 (34545197.000.000) 2021-09-17 00:21:25 Image size of job updated: 1738
	1738  -  MemoryUsage of job (MB)
	1780440  -  ResidentSetSize of job (KB)
...
006 (34545197.000.000) 2021-09-17 00:22:26 Image size of job updated: 1738
	1738  -  MemoryUsage of job (MB)
	1780448  -  ResidentSetSize of job (KB)
...
006 (34545197.000.000) 2021-09-17 00:23:26 Image size of job updated: 1738
	1738  -  MemoryUsage of job (MB)
	1780452  -  ResidentSetSize of job (KB)
...
006 (34545197.000.000) 2021-09-17 00:24:27 Image size of job updated: 1739
	1739  -  MemoryUsage of job (MB)
	1781020  -  ResidentSetSize of job (KB)
...
006 (34545197.000.000) 2021-09-17 00:25:22 Image size of job updated: 1739
	1739  -  MemoryUsage of job (MB)
	1781364  -  ResidentSetSize of job (KB)
...
040 (34545197.000.000) 2021-09-17 00:25:22 Started transferring output files
...
040 (34545197.000.000) 2021-09-17 00:25:22 Finished transferring output files
...
005 (34545197.000.000) 2021-09-17 00:25:23 Job terminated.
	(1) Normal termination (return value 0)
		Usr 0 00:00:00, Sys 0 00:00:00  -  Run Remote Usage
		Usr 0 00:00:00, Sys 0 00:00:00  -  Run Local Usage
		Usr 0 01:21:56, Sys 0 01:35:57  -  Total Remote Usage
		Usr 0 00:00:00, Sys 0 00:00:00  -  Total Local Usage
	1233884  -  Run Bytes Sent By Job
	8471534  -  Run Bytes Received By Job
	1233884  -  Total Bytes Sent By Job
	8471534  -  Total Bytes Received By Job
	Partitionable Resources :    Usage  Request Allocated 
	   Cpus                 :     0.00        1         1 
	   Disk (KB)            : 31150       10000    320445 
	   Memory (MB)          :  1739        2048      2048 

	Job terminated of its own accord at 2021-09-17T05:25:22Z.
...
000 (34672484.000.000) 2021-09-24 22:31:58 Job submitted from host: <131.225.188.57:9618?addrs=131.225.188.57-9618&alias=lpcschedd2.fnal.gov&noUDP&sock=schedd_2251_93c6>
...
040 (34672484.000.000) 2021-09-24 23:20:50 Started transferring input files
	Transferring to host: <131.225.206.206:9618?addrs=131.225.206.206-9618&alias=cmswn1829.fnal.gov&noUDP&sock=slot1_3_1234_36eb_4737>
...
040 (34672484.000.000) 2021-09-24 23:20:50 Finished transferring input files
...
001 (34672484.000.000) 2021-09-24 23:20:51 Job executing on host: <131.225.206.206:9618?addrs=131.225.206.206-9618&alias=cmswn1829.fnal.gov&noUDP&sock=startd_1139_d676>
...
006 (34672484.000.000) 2021-09-24 23:21:00 Image size of job updated: 63
	63  -  MemoryUsage of job (MB)
	64936  -  ResidentSetSize of job (KB)
...
006 (34672484.000.000) 2021-09-24 23:22:00 Image size of job updated: 526
	526  -  MemoryUsage of job (MB)
	539488  -  ResidentSetSize of job (KB)
...
006 (34672484.000.000) 2021-09-24 23:26:02 Image size of job updated: 565
	565  -  MemoryUsage of job (MB)
	578768  -  ResidentSetSize of job (KB)
...
006 (34672484.000.000) 2021-09-24 23:27:03 Image size of job updated: 611
	611  -  MemoryUsage of job (MB)
	626268  -  ResidentSetSize of job (KB)
...
006 (34672484.000.000) 2021-09-24 23:28:03 Image size of job updated: 655
	655  -  MemoryUsage of job (MB)
	670808  -  ResidentSetSize of job (KB)
...
006 (34672484.000.000) 2021-09-24 23:29:04 Image size of job updated: 694
	694  -  MemoryUsage of job (MB)
	711032  -  ResidentSetSize of job (KB)
...
006 (34672484.000.000) 2021-09-24 23:30:04 Image size of job updated: 730
	730  -  MemoryUsage of job (MB)
	748180  -  ResidentSetSize of job (KB)
...
006 (34672484.000.000) 2021-09-24 23:31:04 Image size of job updated: 764
	764  -  MemoryUsage of job (MB)
	783096  -  ResidentSetSize of job (KB)
...
006 (34672484.000.000) 2021-09-24 23:32:05 Image size of job updated: 797
	797  -  MemoryUsage of job (MB)
	817068  -  ResidentSetSize of job (KB)
...
006 (34672484.000.000) 2021-09-24 23:33:05 Image size of job updated: 821
	821  -  MemoryUsage of job (MB)
	841396  -  ResidentSetSize of job (KB)
...
006 (34672484.000.000) 2021-09-24 23:34:05 Image size of job updated: 851
	851  -  MemoryUsage of job (MB)
	871464  -  ResidentSetSize of job (KB)
...
006 (34672484.000.000) 2021-09-24 23:35:06 Image size of job updated: 879
	879  -  MemoryUsage of job (MB)
	900884  -  ResidentSetSize of job (KB)
...
006 (34672484.000.000) 2021-09-24 23:36:06 Image size of job updated: 918
	918  -  MemoryUsage of job (MB)
	941028  -  ResidentSetSize of job (KB)
...
006 (34672484.000.000) 2021-09-24 23:37:06 Image size of job updated: 947
	947  -  MemoryUsage of job (MB)
	970112  -  ResidentSetSize of job (KB)
...
006 (34672484.000.000) 2021-09-24 23:38:07 Image size of job updated: 973
	973  -  MemoryUsage of job (MB)
	997228  -  ResidentSetSize of job (KB)
...
006 (34672484.000.000) 2021-09-24 23:39:07 Image size of job updated: 999
	999  -  MemoryUsage of job (MB)
	1023412  -  ResidentSetSize of job (KB)
...
006 (34672484.000.000) 2021-09-24 23:40:08 Image size of job updated: 1028
	1028  -  MemoryUsage of job (MB)
	1053056  -  ResidentSetSize of job (KB)
...
006 (34672484.000.000) 2021-09-24 23:41:09 Image size of job updated: 1059
	1059  -  MemoryUsage of job (MB)
	1084764  -  ResidentSetSize of job (KB)
...
006 (34672484.000.000) 2021-09-24 23:42:09 Image size of job updated: 1085
	1085  -  MemoryUsage of job (MB)
	1111228  -  ResidentSetSize of job (KB)
...
006 (34672484.000.000) 2021-09-24 23:43:10 Image size of job updated: 1107
	1107  -  MemoryUsage of job (MB)
	1134556  -  ResidentSetSize of job (KB)
...
006 (34672484.000.000) 2021-09-24 23:44:11 Image size of job updated: 1130
	1130  -  MemoryUsage of job (MB)
	1157476  -  ResidentSetSize of job (KB)
...
006 (34672484.000.000) 2021-09-24 23:45:11 Image size of job updated: 1152
	1152  -  MemoryUsage of job (MB)
	1180396  -  ResidentSetSize of job (KB)
...
006 (34672484.000.000) 2021-09-24 23:46:12 Image size of job updated: 1173
	1173  -  MemoryUsage of job (MB)
	1202016  -  ResidentSetSize of job (KB)
...
006 (34672484.000.000) 2021-09-24 23:47:13 Image size of job updated: 1194
	1194  -  MemoryUsage of job (MB)
	1223040  -  ResidentSetSize of job (KB)
...
006 (34672484.000.000) 2021-09-24 23:48:13 Image size of job updated: 1214
	1214  -  MemoryUsage of job (MB)
	1243824  -  ResidentSetSize of job (KB)
...
006 (34672484.000.000) 2021-09-24 23:49:14 Image size of job updated: 1234
	1234  -  MemoryUsage of job (MB)
	1264132  -  ResidentSetSize of job (KB)
...
006 (34672484.000.000) 2021-09-24 23:50:14 Image size of job updated: 1254
	1254  -  MemoryUsage of job (MB)
	1284156  -  ResidentSetSize of job (KB)
...
006 (34672484.000.000) 2021-09-24 23:51:15 Image size of job updated: 1273
	1273  -  MemoryUsage of job (MB)
	1303956  -  ResidentSetSize of job (KB)
...
006 (34672484.000.000) 2021-09-24 23:52:16 Image size of job updated: 1292
	1292  -  MemoryUsage of job (MB)
	1323340  -  ResidentSetSize of job (KB)
...
006 (34672484.000.000) 2021-09-24 23:53:16 Image size of job updated: 1310
	1310  -  MemoryUsage of job (MB)
	1342412  -  ResidentSetSize of job (KB)
...
006 (34672484.000.000) 2021-09-24 23:54:17 Image size of job updated: 1329
	1329  -  MemoryUsage of job (MB)
	1361192  -  ResidentSetSize of job (KB)
...
006 (34672484.000.000) 2021-09-24 23:55:18 Image size of job updated: 1347
	1347  -  MemoryUsage of job (MB)
	1379484  -  ResidentSetSize of job (KB)
...
006 (34672484.000.000) 2021-09-24 23:56:18 Image size of job updated: 1364
	1364  -  MemoryUsage of job (MB)
	1397388  -  ResidentSetSize of job (KB)
...
006 (34672484.000.000) 2021-09-24 23:57:19 Image size of job updated: 1381
	1381  -  MemoryUsage of job (MB)
	1415084  -  ResidentSetSize of job (KB)
...
006 (34672484.000.000) 2021-09-24 23:58:20 Image size of job updated: 1398
	1398  -  MemoryUsage of job (MB)
	1432516  -  ResidentSetSize of job (KB)
...
006 (34672484.000.000) 2021-09-24 23:59:20 Image size of job updated: 1415
	1415  -  MemoryUsage of job (MB)
	1449728  -  ResidentSetSize of job (KB)
...
006 (34672484.000.000) 2021-09-25 00:00:21 Image size of job updated: 1432
	1432  -  MemoryUsage of job (MB)
	1466656  -  ResidentSetSize of job (KB)
...
006 (34672484.000.000) 2021-09-25 00:01:21 Image size of job updated: 1448
	1448  -  MemoryUsage of job (MB)
	1483476  -  ResidentSetSize of job (KB)
...
006 (34672484.000.000) 2021-09-25 00:02:21 Image size of job updated: 1464
	1464  -  MemoryUsage of job (MB)
	1500056  -  ResidentSetSize of job (KB)
...
006 (34672484.000.000) 2021-09-25 00:03:22 Image size of job updated: 1480
	1480  -  MemoryUsage of job (MB)
	1516356  -  ResidentSetSize of job (KB)
...
006 (34672484.000.000) 2021-09-25 00:04:22 Image size of job updated: 1496
	1496  -  MemoryUsage of job (MB)
	1532496  -  ResidentSetSize of job (KB)
...
006 (34672484.000.000) 2021-09-25 00:05:22 Image size of job updated: 1512
	1512  -  MemoryUsage of job (MB)
	1548364  -  ResidentSetSize of job (KB)
...
006 (34672484.000.000) 2021-09-25 00:06:23 Image size of job updated: 1527
	1527  -  MemoryUsage of job (MB)
	1564196  -  ResidentSetSize of job (KB)
...
006 (34672484.000.000) 2021-09-25 00:07:23 Image size of job updated: 1546
	1546  -  MemoryUsage of job (MB)
	1583876  -  ResidentSetSize of job (KB)
...
006 (34672484.000.000) 2021-09-25 00:08:24 Image size of job updated: 1626
	1626  -  MemoryUsage of job (MB)
	1665132  -  ResidentSetSize of job (KB)
...
006 (34672484.000.000) 2021-09-25 00:09:25 Image size of job updated: 1644
	1644  -  MemoryUsage of job (MB)
	1683664  -  ResidentSetSize of job (KB)
...
006 (34672484.000.000) 2021-09-25 00:10:25 Image size of job updated: 1647
	1647  -  MemoryUsage of job (MB)
	1686532  -  ResidentSetSize of job (KB)
...
006 (34672484.000.000) 2021-09-25 00:11:26 Image size of job updated: 1654
	1654  -  MemoryUsage of job (MB)
	1694384  -  ResidentSetSize of job (KB)
...
006 (34672484.000.000) 2021-09-25 00:12:27 Image size of job updated: 1654
	1654  -  MemoryUsage of job (MB)
	1694488  -  ResidentSetSize of job (KB)
...
006 (34672484.000.000) 2021-09-25 00:13:27 Image size of job updated: 1659
	1659  -  MemoryUsage of job (MB)
	1699676  -  ResidentSetSize of job (KB)
...
006 (34672484.000.000) 2021-09-25 00:14:28 Image size of job updated: 1664
	1664  -  MemoryUsage of job (MB)
	1704168  -  ResidentSetSize of job (KB)
...
006 (34672484.000.000) 2021-09-25 00:15:28 Image size of job updated: 1664
	1664  -  MemoryUsage of job (MB)
	1704224  -  ResidentSetSize of job (KB)
...
006 (34672484.000.000) 2021-09-25 00:16:28 Image size of job updated: 1667
	1667  -  MemoryUsage of job (MB)
	1707928  -  ResidentSetSize of job (KB)
...
006 (34672484.000.000) 2021-09-25 00:17:29 Image size of job updated: 1670
	1670  -  MemoryUsage of job (MB)
	1710080  -  ResidentSetSize of job (KB)
...
006 (34672484.000.000) 2021-09-25 00:18:29 Image size of job updated: 1670
	1670  -  MemoryUsage of job (MB)
	1710352  -  ResidentSetSize of job (KB)
...
006 (34672484.000.000) 2021-09-25 00:19:30 Image size of job updated: 1673
	1673  -  MemoryUsage of job (MB)
	1714080  -  ResidentSetSize of job (KB)
...
006 (34672484.000.000) 2021-09-25 00:20:30 Image size of job updated: 1676
	1676  -  MemoryUsage of job (MB)
	1716712  -  ResidentSetSize of job (KB)
...
006 (34672484.000.000) 2021-09-25 00:21:30 Image size of job updated: 1676
	1676  -  MemoryUsage of job (MB)
	1716888  -  ResidentSetSize of job (KB)
...
006 (34672484.000.000) 2021-09-25 00:22:31 Image size of job updated: 1677
	1677  -  MemoryUsage of job (MB)
	1718128  -  ResidentSetSize of job (KB)
...
006 (34672484.000.000) 2021-09-25 00:23:31 Image size of job updated: 1680
	1680  -  MemoryUsage of job (MB)
	1720548  -  ResidentSetSize of job (KB)
...
006 (34672484.000.000) 2021-09-25 00:24:32 Image size of job updated: 1680
	1680  -  MemoryUsage of job (MB)
	1720844  -  ResidentSetSize of job (KB)
...
006 (34672484.000.000) 2021-09-25 00:25:33 Image size of job updated: 1681
	1681  -  MemoryUsage of job (MB)
	1722044  -  ResidentSetSize of job (KB)
...
006 (34672484.000.000) 2021-09-25 00:26:33 Image size of job updated: 1684
	1684  -  MemoryUsage of job (MB)
	1725392  -  ResidentSetSize of job (KB)
...
006 (34672484.000.000) 2021-09-25 00:27:34 Image size of job updated: 1685
	1685  -  MemoryUsage of job (MB)
	1725544  -  ResidentSetSize of job (KB)
...
006 (34672484.000.000) 2021-09-25 00:28:35 Image size of job updated: 1687
	1687  -  MemoryUsage of job (MB)
	1727652  -  ResidentSetSize of job (KB)
...
006 (34672484.000.000) 2021-09-25 00:29:36 Image size of job updated: 1688
	1688  -  MemoryUsage of job (MB)
	1729164  -  ResidentSetSize of job (KB)
...
006 (34672484.000.000) 2021-09-25 00:30:37 Image size of job updated: 1688
	1688  -  MemoryUsage of job (MB)
	1729212  -  ResidentSetSize of job (KB)
...
006 (34672484.000.000) 2021-09-25 00:31:37 Image size of job updated: 1690
	1690  -  MemoryUsage of job (MB)
	1731020  -  ResidentSetSize of job (KB)
...
006 (34672484.000.000) 2021-09-25 00:32:37 Image size of job updated: 1690
	1690  -  MemoryUsage of job (MB)
	1731076  -  ResidentSetSize of job (KB)
...
006 (34672484.000.000) 2021-09-25 00:33:38 Image size of job updated: 1691
	1691  -  MemoryUsage of job (MB)
	1732404  -  ResidentSetSize of job (KB)
...
006 (34672484.000.000) 2021-09-25 00:34:39 Image size of job updated: 1692
	1692  -  MemoryUsage of job (MB)
	1733376  -  ResidentSetSize of job (KB)
...
006 (34672484.000.000) 2021-09-25 00:35:39 Image size of job updated: 1692
	1692  -  MemoryUsage of job (MB)
	1733384  -  ResidentSetSize of job (KB)
...
006 (34672484.000.000) 2021-09-25 00:36:39 Image size of job updated: 1693
	1693  -  MemoryUsage of job (MB)
	1734020  -  ResidentSetSize of job (KB)
...
006 (34672484.000.000) 2021-09-25 00:37:40 Image size of job updated: 1693
	1693  -  MemoryUsage of job (MB)
	1734652  -  ResidentSetSize of job (KB)
...
006 (34672484.000.000) 2021-09-25 00:39:41 Image size of job updated: 1694
	1694  -  MemoryUsage of job (MB)
	1735436  -  ResidentSetSize of job (KB)
...
006 (34672484.000.000) 2021-09-25 00:40:42 Image size of job updated: 1694
	1694  -  MemoryUsage of job (MB)
	1735660  -  ResidentSetSize of job (KB)
...
006 (34672484.000.000) 2021-09-25 00:41:42 Image size of job updated: 1694
	1694  -  MemoryUsage of job (MB)
	1735668  -  ResidentSetSize of job (KB)
...
006 (34672484.000.000) 2021-09-25 00:48:45 Image size of job updated: 1695
	1695  -  MemoryUsage of job (MB)
	1736228  -  ResidentSetSize of job (KB)
...
006 (34672484.000.000) 2021-09-25 00:49:46 Image size of job updated: 1695
	1695  -  MemoryUsage of job (MB)
	1736676  -  ResidentSetSize of job (KB)
...
006 (34672484.000.000) 2021-09-25 00:50:47 Image size of job updated: 1697
	1697  -  MemoryUsage of job (MB)
	1737892  -  ResidentSetSize of job (KB)
...
006 (34672484.000.000) 2021-09-25 00:51:47 Image size of job updated: 1698
	1698  -  MemoryUsage of job (MB)
	1739256  -  ResidentSetSize of job (KB)
...
006 (34672484.000.000) 2021-09-25 00:52:48 Image size of job updated: 1698
	1698  -  MemoryUsage of job (MB)
	1739632  -  ResidentSetSize of job (KB)
...
006 (34672484.000.000) 2021-09-25 00:53:48 Image size of job updated: 1698
	1698  -  MemoryUsage of job (MB)
	1739640  -  ResidentSetSize of job (KB)
...
006 (34672484.000.000) 2021-09-25 00:54:48 Image size of job updated: 1699
	1699  -  MemoryUsage of job (MB)
	1740196  -  ResidentSetSize of job (KB)
...
006 (34672484.000.000) 2021-09-25 00:55:49 Image size of job updated: 1700
	1700  -  MemoryUsage of job (MB)
	1741148  -  ResidentSetSize of job (KB)
...
006 (34672484.000.000) 2021-09-25 00:56:49 Image size of job updated: 1700
	1700  -  MemoryUsage of job (MB)
	1741160  -  ResidentSetSize of job (KB)
...
006 (34672484.000.000) 2021-09-25 00:57:50 Image size of job updated: 1701
	1701  -  MemoryUsage of job (MB)
	1741932  -  ResidentSetSize of job (KB)
...
006 (34672484.000.000) 2021-09-25 00:58:51 Image size of job updated: 1701
	1701  -  MemoryUsage of job (MB)
	1742284  -  ResidentSetSize of job (KB)
...
006 (34672484.000.000) 2021-09-25 00:59:51 Image size of job updated: 1701
	1701  -  MemoryUsage of job (MB)
	1742308  -  ResidentSetSize of job (KB)
...
006 (34672484.000.000) 2021-09-25 01:00:52 Image size of job updated: 1702
	1702  -  MemoryUsage of job (MB)
	1743064  -  ResidentSetSize of job (KB)
...
006 (34672484.000.000) 2021-09-25 01:01:52 Image size of job updated: 1702
	1702  -  MemoryUsage of job (MB)
	1743540  -  ResidentSetSize of job (KB)
...
006 (34672484.000.000) 2021-09-25 01:02:52 Image size of job updated: 1706
	1706  -  MemoryUsage of job (MB)
	1747140  -  ResidentSetSize of job (KB)
...
006 (34672484.000.000) 2021-09-25 01:03:53 Image size of job updated: 1710
	1710  -  MemoryUsage of job (MB)
	1751428  -  ResidentSetSize of job (KB)
...
006 (34672484.000.000) 2021-09-25 01:04:53 Image size of job updated: 1713
	1713  -  MemoryUsage of job (MB)
	1754480  -  ResidentSetSize of job (KB)
...
006 (34672484.000.000) 2021-09-25 01:05:53 Image size of job updated: 1715
	1715  -  MemoryUsage of job (MB)
	1757100  -  ResidentSetSize of job (KB)
...
006 (34672484.000.000) 2021-09-25 01:06:54 Image size of job updated: 1716
	1716  -  MemoryUsage of job (MB)
	1757184  -  ResidentSetSize of job (KB)
...
006 (34672484.000.000) 2021-09-25 01:07:54 Image size of job updated: 1717
	1717  -  MemoryUsage of job (MB)
	1758568  -  ResidentSetSize of job (KB)
...
006 (34672484.000.000) 2021-09-25 01:08:55 Image size of job updated: 1718
	1718  -  MemoryUsage of job (MB)
	1760200  -  ResidentSetSize of job (KB)
...
006 (34672484.000.000) 2021-09-25 01:09:56 Image size of job updated: 1719
	1719  -  MemoryUsage of job (MB)
	1760980  -  ResidentSetSize of job (KB)
...
006 (34672484.000.000) 2021-09-25 01:10:56 Image size of job updated: 1720
	1720  -  MemoryUsage of job (MB)
	1761524  -  ResidentSetSize of job (KB)
...
006 (34672484.000.000) 2021-09-25 01:11:57 Image size of job updated: 1721
	1721  -  MemoryUsage of job (MB)
	1762456  -  ResidentSetSize of job (KB)
...
006 (34672484.000.000) 2021-09-25 01:12:58 Image size of job updated: 1721
	1721  -  MemoryUsage of job (MB)
	1763316  -  ResidentSetSize of job (KB)
...
006 (34672484.000.000) 2021-09-25 01:14:59 Image size of job updated: 1722
	1722  -  MemoryUsage of job (MB)
	1763724  -  ResidentSetSize of job (KB)
...
006 (34672484.000.000) 2021-09-25 01:16:00 Image size of job updated: 1722
	1722  -  MemoryUsage of job (MB)
	1764292  -  ResidentSetSize of job (KB)
...
006 (34672484.000.000) 2021-09-25 01:17:00 Image size of job updated: 1723
	1723  -  MemoryUsage of job (MB)
	1765184  -  ResidentSetSize of job (KB)
...
006 (34672484.000.000) 2021-09-25 01:18:00 Image size of job updated: 1723
	1723  -  MemoryUsage of job (MB)
	1765192  -  ResidentSetSize of job (KB)
...
006 (34672484.000.000) 2021-09-25 01:19:00 Image size of job updated: 1724
	1724  -  MemoryUsage of job (MB)
	1765844  -  ResidentSetSize of job (KB)
...
006 (34672484.000.000) 2021-09-25 01:20:01 Image size of job updated: 1725
	1725  -  MemoryUsage of job (MB)
	1766472  -  ResidentSetSize of job (KB)
...
006 (34672484.000.000) 2021-09-25 01:21:02 Image size of job updated: 1725
	1725  -  MemoryUsage of job (MB)
	1766660  -  ResidentSetSize of job (KB)
...
006 (34672484.000.000) 2021-09-25 01:22:03 Image size of job updated: 1725
	1725  -  MemoryUsage of job (MB)
	1766664  -  ResidentSetSize of job (KB)
...
006 (34672484.000.000) 2021-09-25 01:23:04 Image size of job updated: 1725
	1725  -  MemoryUsage of job (MB)
	1766796  -  ResidentSetSize of job (KB)
...
006 (34672484.000.000) 2021-09-25 01:24:05 Image size of job updated: 1725
	1725  -  MemoryUsage of job (MB)
	1766940  -  ResidentSetSize of job (KB)
...
006 (34672484.000.000) 2021-09-25 01:25:06 Image size of job updated: 1726
	1726  -  MemoryUsage of job (MB)
	1768016  -  ResidentSetSize of job (KB)
...
006 (34672484.000.000) 2021-09-25 01:26:07 Image size of job updated: 1726
	1726  -  MemoryUsage of job (MB)
	1768024  -  ResidentSetSize of job (KB)
...
006 (34672484.000.000) 2021-09-25 01:27:08 Image size of job updated: 1727
	1727  -  MemoryUsage of job (MB)
	1768548  -  ResidentSetSize of job (KB)
...
006 (34672484.000.000) 2021-09-25 01:28:08 Image size of job updated: 1727
	1727  -  MemoryUsage of job (MB)
	1768812  -  ResidentSetSize of job (KB)
...
006 (34672484.000.000) 2021-09-25 01:29:08 Image size of job updated: 1727
	1727  -  MemoryUsage of job (MB)
	1768816  -  ResidentSetSize of job (KB)
...
006 (34672484.000.000) 2021-09-25 01:30:09 Image size of job updated: 1727
	1727  -  MemoryUsage of job (MB)
	1769024  -  ResidentSetSize of job (KB)
...
006 (34672484.000.000) 2021-09-25 01:31:09 Image size of job updated: 1727
	1727  -  MemoryUsage of job (MB)
	1769228  -  ResidentSetSize of job (KB)
...
006 (34672484.000.000) 2021-09-25 01:32:10 Image size of job updated: 1727
	1727  -  MemoryUsage of job (MB)
	1769364  -  ResidentSetSize of job (KB)
...
006 (34672484.000.000) 2021-09-25 01:33:11 Image size of job updated: 1727
	1727  -  MemoryUsage of job (MB)
	1769444  -  ResidentSetSize of job (KB)
...
006 (34672484.000.000) 2021-09-25 01:34:11 Image size of job updated: 1728
	1728  -  MemoryUsage of job (MB)
	1769596  -  ResidentSetSize of job (KB)
...
006 (34672484.000.000) 2021-09-25 01:35:12 Image size of job updated: 1728
	1728  -  MemoryUsage of job (MB)
	1769832  -  ResidentSetSize of job (KB)
...
006 (34672484.000.000) 2021-09-25 01:37:13 Image size of job updated: 1729
	1729  -  MemoryUsage of job (MB)
	1771188  -  ResidentSetSize of job (KB)
...
006 (34672484.000.000) 2021-09-25 01:38:14 Image size of job updated: 1730
	1730  -  MemoryUsage of job (MB)
	1772420  -  ResidentSetSize of job (KB)
...
006 (34672484.000.000) 2021-09-25 01:39:14 Image size of job updated: 1730
	1730  -  MemoryUsage of job (MB)
	1772452  -  ResidentSetSize of job (KB)
...
006 (34672484.000.000) 2021-09-25 01:40:14 Image size of job updated: 1731
	1731  -  MemoryUsage of job (MB)
	1773252  -  ResidentSetSize of job (KB)
...
006 (34672484.000.000) 2021-09-25 01:41:15 Image size of job updated: 1732
	1732  -  MemoryUsage of job (MB)
	1773740  -  ResidentSetSize of job (KB)
...
006 (34672484.000.000) 2021-09-25 01:42:15 Image size of job updated: 1733
	1733  -  MemoryUsage of job (MB)
	1774728  -  ResidentSetSize of job (KB)
...
006 (34672484.000.000) 2021-09-25 01:43:15 Image size of job updated: 1733
	1733  -  MemoryUsage of job (MB)
	1775528  -  ResidentSetSize of job (KB)
...
006 (34672484.000.000) 2021-09-25 01:45:16 Image size of job updated: 1734
	1734  -  MemoryUsage of job (MB)
	1776580  -  ResidentSetSize of job (KB)
...
006 (34672484.000.000) 2021-09-25 01:46:16 Image size of job updated: 1735
	1735  -  MemoryUsage of job (MB)
	1777460  -  ResidentSetSize of job (KB)
...
006 (34672484.000.000) 2021-09-25 01:47:17 Image size of job updated: 1736
	1736  -  MemoryUsage of job (MB)
	1777800  -  ResidentSetSize of job (KB)
...
006 (34672484.000.000) 2021-09-25 01:48:17 Image size of job updated: 1736
	1736  -  MemoryUsage of job (MB)
	1778536  -  ResidentSetSize of job (KB)
...
006 (34672484.000.000) 2021-09-25 01:49:17 Image size of job updated: 1736
	1736  -  MemoryUsage of job (MB)
	1778540  -  ResidentSetSize of job (KB)
...
006 (34672484.000.000) 2021-09-25 01:50:18 Image size of job updated: 1737
	1737  -  MemoryUsage of job (MB)
	1779040  -  ResidentSetSize of job (KB)
...
006 (34672484.000.000) 2021-09-25 01:51:18 Image size of job updated: 1738
	1738  -  MemoryUsage of job (MB)
	1779832  -  ResidentSetSize of job (KB)
...
006 (34672484.000.000) 2021-09-25 01:52:18 Image size of job updated: 1738
	1738  -  MemoryUsage of job (MB)
	1780696  -  ResidentSetSize of job (KB)
...
006 (34672484.000.000) 2021-09-25 01:53:19 Image size of job updated: 1739
	1739  -  MemoryUsage of job (MB)
	1781608  -  ResidentSetSize of job (KB)
...
006 (34672484.000.000) 2021-09-25 01:54:20 Image size of job updated: 1739
	1739  -  MemoryUsage of job (MB)
	1781636  -  ResidentSetSize of job (KB)
...
006 (34672484.000.000) 2021-09-25 01:55:20 Image size of job updated: 1740
	1740  -  MemoryUsage of job (MB)
	1782052  -  ResidentSetSize of job (KB)
...
006 (34672484.000.000) 2021-09-25 01:56:21 Image size of job updated: 1740
	1740  -  MemoryUsage of job (MB)
	1782704  -  ResidentSetSize of job (KB)
...
006 (34672484.000.000) 2021-09-25 01:57:22 Image size of job updated: 1741
	1741  -  MemoryUsage of job (MB)
	1783700  -  ResidentSetSize of job (KB)
...
006 (34672484.000.000) 2021-09-25 01:58:22 Image size of job updated: 1742
	1742  -  MemoryUsage of job (MB)
	1784632  -  ResidentSetSize of job (KB)
...
006 (34672484.000.000) 2021-09-25 01:59:23 Image size of job updated: 1742
	1742  -  MemoryUsage of job (MB)
	1784760  -  ResidentSetSize of job (KB)
...
006 (34672484.000.000) 2021-09-25 02:00:23 Image size of job updated: 1743
	1743  -  MemoryUsage of job (MB)
	1785048  -  ResidentSetSize of job (KB)
...
006 (34672484.000.000) 2021-09-25 02:01:24 Image size of job updated: 1743
	1743  -  MemoryUsage of job (MB)
	1785632  -  ResidentSetSize of job (KB)
...
006 (34672484.000.000) 2021-09-25 02:02:25 Image size of job updated: 1744
	1744  -  MemoryUsage of job (MB)
	1786256  -  ResidentSetSize of job (KB)
...
006 (34672484.000.000) 2021-09-25 02:03:25 Image size of job updated: 1745
	1745  -  MemoryUsage of job (MB)
	1786916  -  ResidentSetSize of job (KB)
...
006 (34672484.000.000) 2021-09-25 02:04:25 Image size of job updated: 1745
	1745  -  MemoryUsage of job (MB)
	1787752  -  ResidentSetSize of job (KB)
...
006 (34672484.000.000) 2021-09-25 02:05:26 Image size of job updated: 1746
	1746  -  MemoryUsage of job (MB)
	1788048  -  ResidentSetSize of job (KB)
...
006 (34672484.000.000) 2021-09-25 02:06:26 Image size of job updated: 1746
	1746  -  MemoryUsage of job (MB)
	1788520  -  ResidentSetSize of job (KB)
...
006 (34672484.000.000) 2021-09-25 02:07:26 Image size of job updated: 1747
	1747  -  MemoryUsage of job (MB)
	1789156  -  ResidentSetSize of job (KB)
...
006 (34672484.000.000) 2021-09-25 02:08:27 Image size of job updated: 1747
	1747  -  MemoryUsage of job (MB)
	1789296  -  ResidentSetSize of job (KB)
...
006 (34672484.000.000) 2021-09-25 02:09:27 Image size of job updated: 1747
	1747  -  MemoryUsage of job (MB)
	1789504  -  ResidentSetSize of job (KB)
...
006 (34672484.000.000) 2021-09-25 02:10:27 Image size of job updated: 1747
	1747  -  MemoryUsage of job (MB)
	1789588  -  ResidentSetSize of job (KB)
...
006 (34672484.000.000) 2021-09-25 02:11:28 Image size of job updated: 1747
	1747  -  MemoryUsage of job (MB)
	1789772  -  ResidentSetSize of job (KB)
...
006 (34672484.000.000) 2021-09-25 02:12:29 Image size of job updated: 1748
	1748  -  MemoryUsage of job (MB)
	1789956  -  ResidentSetSize of job (KB)
...
006 (34672484.000.000) 2021-09-25 02:13:29 Image size of job updated: 1748
	1748  -  MemoryUsage of job (MB)
	1790088  -  ResidentSetSize of job (KB)
...
006 (34672484.000.000) 2021-09-25 02:14:29 Image size of job updated: 1748
	1748  -  MemoryUsage of job (MB)
	1790180  -  ResidentSetSize of job (KB)
...
006 (34672484.000.000) 2021-09-25 02:15:30 Image size of job updated: 1748
	1748  -  MemoryUsage of job (MB)
	1790240  -  ResidentSetSize of job (KB)
...
006 (34672484.000.000) 2021-09-25 02:16:31 Image size of job updated: 1748
	1748  -  MemoryUsage of job (MB)
	1790248  -  ResidentSetSize of job (KB)
...
006 (34672484.000.000) 2021-09-25 02:17:31 Image size of job updated: 1748
	1748  -  MemoryUsage of job (MB)
	1790464  -  ResidentSetSize of job (KB)
...
006 (34672484.000.000) 2021-09-25 02:18:31 Image size of job updated: 1749
	1749  -  MemoryUsage of job (MB)
	1791644  -  ResidentSetSize of job (KB)
...
006 (34672484.000.000) 2021-09-25 02:19:32 Image size of job updated: 1750
	1750  -  MemoryUsage of job (MB)
	1792636  -  ResidentSetSize of job (KB)
...
006 (34672484.000.000) 2021-09-25 02:20:32 Image size of job updated: 1751
	1751  -  MemoryUsage of job (MB)
	1793460  -  ResidentSetSize of job (KB)
...
006 (34672484.000.000) 2021-09-25 02:22:33 Image size of job updated: 1751
	1751  -  MemoryUsage of job (MB)
	1793632  -  ResidentSetSize of job (KB)
...
006 (34672484.000.000) 2021-09-25 02:23:33 Image size of job updated: 1752
	1752  -  MemoryUsage of job (MB)
	1794216  -  ResidentSetSize of job (KB)
...
006 (34672484.000.000) 2021-09-25 02:24:24 Image size of job updated: 1752
	1752  -  MemoryUsage of job (MB)
	1794400  -  ResidentSetSize of job (KB)
...
040 (34672484.000.000) 2021-09-25 02:24:24 Started transferring output files
...
040 (34672484.000.000) 2021-09-25 02:24:24 Finished transferring output files
...
005 (34672484.000.000) 2021-09-25 02:24:27 Job terminated.
	(1) Normal termination (return value 0)
		Usr 0 00:00:00, Sys 0 00:00:00  -  Run Remote Usage
		Usr 0 00:00:00, Sys 0 00:00:00  -  Run Local Usage
		Usr 0 01:19:59, Sys 0 01:33:57  -  Total Remote Usage
		Usr 0 00:00:00, Sys 0 00:00:00  -  Total Local Usage
	1233925  -  Run Bytes Sent By Job
	8471570  -  Run Bytes Received By Job
	1233925  -  Total Bytes Sent By Job
	8471570  -  Total Bytes Received By Job
	Partitionable Resources :    Usage  Request Allocated 
	   Cpus                 :        0        1         1 
	   Disk (KB)            :    30582    10000    318575 
	   Memory (MB)          :     1752     2048      2048 

	Job terminated of its own accord at 2021-09-25T07:24:24Z.
...
