000 (34545250.000.000) 2021-09-16 05:47:14 Job submitted from host: <131.225.188.57:9618?addrs=131.225.188.57-9618&alias=lpcschedd2.fnal.gov&noUDP&sock=schedd_2251_93c6>
...
040 (34545250.000.000) 2021-09-16 21:24:34 Started transferring input files
	Transferring to host: <131.225.206.193:9618?addrs=131.225.206.193-9618&alias=cmswn1818.fnal.gov&noUDP&sock=slot1_8_1332_43af_3594>
...
040 (34545250.000.000) 2021-09-16 21:24:34 Finished transferring input files
...
001 (34545250.000.000) 2021-09-16 21:24:35 Job executing on host: <131.225.206.193:9618?addrs=131.225.206.193-9618&alias=cmswn1818.fnal.gov&noUDP&sock=startd_1247_eab0>
...
006 (34545250.000.000) 2021-09-16 21:24:44 Image size of job updated: 62
	62  -  MemoryUsage of job (MB)
	64408  -  ResidentSetSize of job (KB)
...
006 (34545250.000.000) 2021-09-16 21:25:45 Image size of job updated: 536
	536  -  MemoryUsage of job (MB)
	549712  -  ResidentSetSize of job (KB)
...
006 (34545250.000.000) 2021-09-16 21:29:48 Image size of job updated: 570
	570  -  MemoryUsage of job (MB)
	584496  -  ResidentSetSize of job (KB)
...
006 (34545250.000.000) 2021-09-16 21:30:48 Image size of job updated: 619
	619  -  MemoryUsage of job (MB)
	634360  -  ResidentSetSize of job (KB)
...
006 (34545250.000.000) 2021-09-16 21:31:49 Image size of job updated: 659
	659  -  MemoryUsage of job (MB)
	675604  -  ResidentSetSize of job (KB)
...
006 (34545250.000.000) 2021-09-16 21:32:49 Image size of job updated: 697
	697  -  MemoryUsage of job (MB)
	714552  -  ResidentSetSize of job (KB)
...
006 (34545250.000.000) 2021-09-16 21:33:49 Image size of job updated: 732
	732  -  MemoryUsage of job (MB)
	750492  -  ResidentSetSize of job (KB)
...
006 (34545250.000.000) 2021-09-16 21:34:50 Image size of job updated: 766
	766  -  MemoryUsage of job (MB)
	784484  -  ResidentSetSize of job (KB)
...
006 (34545250.000.000) 2021-09-16 21:35:50 Image size of job updated: 797
	797  -  MemoryUsage of job (MB)
	817084  -  ResidentSetSize of job (KB)
...
006 (34545250.000.000) 2021-09-16 21:36:51 Image size of job updated: 827
	827  -  MemoryUsage of job (MB)
	847728  -  ResidentSetSize of job (KB)
...
006 (34545250.000.000) 2021-09-16 21:37:52 Image size of job updated: 858
	858  -  MemoryUsage of job (MB)
	878924  -  ResidentSetSize of job (KB)
...
006 (34545250.000.000) 2021-09-16 21:38:52 Image size of job updated: 897
	897  -  MemoryUsage of job (MB)
	919488  -  ResidentSetSize of job (KB)
...
006 (34545250.000.000) 2021-09-16 21:39:53 Image size of job updated: 926
	926  -  MemoryUsage of job (MB)
	948272  -  ResidentSetSize of job (KB)
...
006 (34545250.000.000) 2021-09-16 21:40:53 Image size of job updated: 952
	952  -  MemoryUsage of job (MB)
	975088  -  ResidentSetSize of job (KB)
...
006 (34545250.000.000) 2021-09-16 21:41:53 Image size of job updated: 978
	978  -  MemoryUsage of job (MB)
	1001648  -  ResidentSetSize of job (KB)
...
006 (34545250.000.000) 2021-09-16 21:42:54 Image size of job updated: 1003
	1003  -  MemoryUsage of job (MB)
	1027376  -  ResidentSetSize of job (KB)
...
006 (34545250.000.000) 2021-09-16 21:43:54 Image size of job updated: 1030
	1030  -  MemoryUsage of job (MB)
	1055184  -  ResidentSetSize of job (KB)
...
006 (34545250.000.000) 2021-09-16 21:44:55 Image size of job updated: 1061
	1061  -  MemoryUsage of job (MB)
	1087064  -  ResidentSetSize of job (KB)
...
006 (34545250.000.000) 2021-09-16 21:45:56 Image size of job updated: 1086
	1086  -  MemoryUsage of job (MB)
	1112396  -  ResidentSetSize of job (KB)
...
006 (34545250.000.000) 2021-09-16 21:46:56 Image size of job updated: 1108
	1108  -  MemoryUsage of job (MB)
	1135044  -  ResidentSetSize of job (KB)
...
006 (34545250.000.000) 2021-09-16 21:47:57 Image size of job updated: 1130
	1130  -  MemoryUsage of job (MB)
	1157500  -  ResidentSetSize of job (KB)
...
006 (34545250.000.000) 2021-09-16 21:48:58 Image size of job updated: 1152
	1152  -  MemoryUsage of job (MB)
	1179992  -  ResidentSetSize of job (KB)
...
006 (34545250.000.000) 2021-09-16 21:49:58 Image size of job updated: 1172
	1172  -  MemoryUsage of job (MB)
	1200748  -  ResidentSetSize of job (KB)
...
006 (34545250.000.000) 2021-09-16 21:50:59 Image size of job updated: 1192
	1192  -  MemoryUsage of job (MB)
	1221480  -  ResidentSetSize of job (KB)
...
006 (34545250.000.000) 2021-09-16 21:52:00 Image size of job updated: 1212
	1212  -  MemoryUsage of job (MB)
	1241504  -  ResidentSetSize of job (KB)
...
006 (34545250.000.000) 2021-09-16 21:53:01 Image size of job updated: 1231
	1231  -  MemoryUsage of job (MB)
	1261296  -  ResidentSetSize of job (KB)
...
006 (34545250.000.000) 2021-09-16 21:54:01 Image size of job updated: 1250
	1250  -  MemoryUsage of job (MB)
	1280852  -  ResidentSetSize of job (KB)
...
006 (34545250.000.000) 2021-09-16 21:55:01 Image size of job updated: 1269
	1269  -  MemoryUsage of job (MB)
	1299600  -  ResidentSetSize of job (KB)
...
006 (34545250.000.000) 2021-09-16 21:56:02 Image size of job updated: 1287
	1287  -  MemoryUsage of job (MB)
	1318252  -  ResidentSetSize of job (KB)
...
006 (34545250.000.000) 2021-09-16 21:57:03 Image size of job updated: 1305
	1305  -  MemoryUsage of job (MB)
	1336684  -  ResidentSetSize of job (KB)
...
006 (34545250.000.000) 2021-09-16 21:58:03 Image size of job updated: 1322
	1322  -  MemoryUsage of job (MB)
	1354580  -  ResidentSetSize of job (KB)
...
006 (34545250.000.000) 2021-09-16 21:59:04 Image size of job updated: 1340
	1340  -  MemoryUsage of job (MB)
	1372612  -  ResidentSetSize of job (KB)
...
006 (34545250.000.000) 2021-09-16 22:00:04 Image size of job updated: 1357
	1357  -  MemoryUsage of job (MB)
	1390272  -  ResidentSetSize of job (KB)
...
006 (34545250.000.000) 2021-09-16 22:01:05 Image size of job updated: 1375
	1375  -  MemoryUsage of job (MB)
	1408004  -  ResidentSetSize of job (KB)
...
006 (34545250.000.000) 2021-09-16 22:02:06 Image size of job updated: 1391
	1391  -  MemoryUsage of job (MB)
	1424872  -  ResidentSetSize of job (KB)
...
006 (34545250.000.000) 2021-09-16 22:03:06 Image size of job updated: 1407
	1407  -  MemoryUsage of job (MB)
	1441620  -  ResidentSetSize of job (KB)
...
006 (34545250.000.000) 2021-09-16 22:04:07 Image size of job updated: 1424
	1424  -  MemoryUsage of job (MB)
	1458364  -  ResidentSetSize of job (KB)
...
006 (34545250.000.000) 2021-09-16 22:05:08 Image size of job updated: 1440
	1440  -  MemoryUsage of job (MB)
	1474904  -  ResidentSetSize of job (KB)
...
006 (34545250.000.000) 2021-09-16 22:06:08 Image size of job updated: 1456
	1456  -  MemoryUsage of job (MB)
	1491288  -  ResidentSetSize of job (KB)
...
006 (34545250.000.000) 2021-09-16 22:07:09 Image size of job updated: 1472
	1472  -  MemoryUsage of job (MB)
	1507428  -  ResidentSetSize of job (KB)
...
006 (34545250.000.000) 2021-09-16 22:08:10 Image size of job updated: 1487
	1487  -  MemoryUsage of job (MB)
	1523384  -  ResidentSetSize of job (KB)
...
006 (34545250.000.000) 2021-09-16 22:09:10 Image size of job updated: 1503
	1503  -  MemoryUsage of job (MB)
	1539116  -  ResidentSetSize of job (KB)
...
006 (34545250.000.000) 2021-09-16 22:10:11 Image size of job updated: 1518
	1518  -  MemoryUsage of job (MB)
	1554756  -  ResidentSetSize of job (KB)
...
006 (34545250.000.000) 2021-09-16 22:11:12 Image size of job updated: 1533
	1533  -  MemoryUsage of job (MB)
	1570240  -  ResidentSetSize of job (KB)
...
006 (34545250.000.000) 2021-09-16 22:12:12 Image size of job updated: 1625
	1625  -  MemoryUsage of job (MB)
	1664832  -  ResidentSetSize of job (KB)
...
006 (34545250.000.000) 2021-09-16 22:13:12 Image size of job updated: 1626
	1626  -  MemoryUsage of job (MB)
	1665064  -  ResidentSetSize of job (KB)
...
006 (34545250.000.000) 2021-09-16 22:14:13 Image size of job updated: 1648
	1648  -  MemoryUsage of job (MB)
	1688428  -  ResidentSetSize of job (KB)
...
006 (34545250.000.000) 2021-09-16 22:15:13 Image size of job updated: 1655
	1655  -  MemoryUsage of job (MB)
	1695596  -  ResidentSetSize of job (KB)
...
006 (34545250.000.000) 2021-09-16 22:16:13 Image size of job updated: 1656
	1656  -  MemoryUsage of job (MB)
	1695776  -  ResidentSetSize of job (KB)
...
006 (34545250.000.000) 2021-09-16 22:17:14 Image size of job updated: 1659
	1659  -  MemoryUsage of job (MB)
	1699156  -  ResidentSetSize of job (KB)
...
006 (34545250.000.000) 2021-09-16 22:18:14 Image size of job updated: 1663
	1663  -  MemoryUsage of job (MB)
	1703888  -  ResidentSetSize of job (KB)
...
006 (34545250.000.000) 2021-09-16 22:19:14 Image size of job updated: 1668
	1668  -  MemoryUsage of job (MB)
	1708032  -  ResidentSetSize of job (KB)
...
006 (34545250.000.000) 2021-09-16 22:20:15 Image size of job updated: 1668
	1668  -  MemoryUsage of job (MB)
	1708148  -  ResidentSetSize of job (KB)
...
006 (34545250.000.000) 2021-09-16 22:21:16 Image size of job updated: 1672
	1672  -  MemoryUsage of job (MB)
	1712336  -  ResidentSetSize of job (KB)
...
006 (34545250.000.000) 2021-09-16 22:22:17 Image size of job updated: 1674
	1674  -  MemoryUsage of job (MB)
	1714216  -  ResidentSetSize of job (KB)
...
006 (34545250.000.000) 2021-09-16 22:23:17 Image size of job updated: 1674
	1674  -  MemoryUsage of job (MB)
	1714256  -  ResidentSetSize of job (KB)
...
006 (34545250.000.000) 2021-09-16 22:24:18 Image size of job updated: 1675
	1675  -  MemoryUsage of job (MB)
	1715256  -  ResidentSetSize of job (KB)
...
006 (34545250.000.000) 2021-09-16 22:25:19 Image size of job updated: 1676
	1676  -  MemoryUsage of job (MB)
	1716744  -  ResidentSetSize of job (KB)
...
006 (34545250.000.000) 2021-09-16 22:26:19 Image size of job updated: 1678
	1678  -  MemoryUsage of job (MB)
	1718720  -  ResidentSetSize of job (KB)
...
006 (34545250.000.000) 2021-09-16 22:27:20 Image size of job updated: 1678
	1678  -  MemoryUsage of job (MB)
	1718792  -  ResidentSetSize of job (KB)
...
006 (34545250.000.000) 2021-09-16 22:28:21 Image size of job updated: 1680
	1680  -  MemoryUsage of job (MB)
	1720540  -  ResidentSetSize of job (KB)
...
006 (34545250.000.000) 2021-09-16 22:29:21 Image size of job updated: 1681
	1681  -  MemoryUsage of job (MB)
	1722204  -  ResidentSetSize of job (KB)
...
006 (34545250.000.000) 2021-09-16 22:30:21 Image size of job updated: 1681
	1681  -  MemoryUsage of job (MB)
	1722220  -  ResidentSetSize of job (KB)
...
006 (34545250.000.000) 2021-09-16 22:31:21 Image size of job updated: 1682
	1682  -  MemoryUsage of job (MB)
	1723340  -  ResidentSetSize of job (KB)
...
006 (34545250.000.000) 2021-09-16 22:32:22 Image size of job updated: 1684
	1684  -  MemoryUsage of job (MB)
	1724824  -  ResidentSetSize of job (KB)
...
006 (34545250.000.000) 2021-09-16 22:33:22 Image size of job updated: 1685
	1685  -  MemoryUsage of job (MB)
	1726188  -  ResidentSetSize of job (KB)
...
006 (34545250.000.000) 2021-09-16 22:34:23 Image size of job updated: 1685
	1685  -  MemoryUsage of job (MB)
	1726228  -  ResidentSetSize of job (KB)
...
006 (34545250.000.000) 2021-09-16 22:35:24 Image size of job updated: 1687
	1687  -  MemoryUsage of job (MB)
	1727680  -  ResidentSetSize of job (KB)
...
006 (34545250.000.000) 2021-09-16 22:36:24 Image size of job updated: 1687
	1687  -  MemoryUsage of job (MB)
	1728296  -  ResidentSetSize of job (KB)
...
006 (34545250.000.000) 2021-09-16 22:37:25 Image size of job updated: 1687
	1687  -  MemoryUsage of job (MB)
	1728452  -  ResidentSetSize of job (KB)
...
006 (34545250.000.000) 2021-09-16 22:38:25 Image size of job updated: 1688
	1688  -  MemoryUsage of job (MB)
	1728888  -  ResidentSetSize of job (KB)
...
006 (34545250.000.000) 2021-09-16 22:39:26 Image size of job updated: 1689
	1689  -  MemoryUsage of job (MB)
	1729580  -  ResidentSetSize of job (KB)
...
006 (34545250.000.000) 2021-09-16 22:40:27 Image size of job updated: 1690
	1690  -  MemoryUsage of job (MB)
	1731292  -  ResidentSetSize of job (KB)
...
006 (34545250.000.000) 2021-09-16 22:41:27 Image size of job updated: 1691
	1691  -  MemoryUsage of job (MB)
	1731632  -  ResidentSetSize of job (KB)
...
006 (34545250.000.000) 2021-09-16 22:42:28 Image size of job updated: 1691
	1691  -  MemoryUsage of job (MB)
	1732536  -  ResidentSetSize of job (KB)
...
006 (34545250.000.000) 2021-09-16 22:43:28 Image size of job updated: 1692
	1692  -  MemoryUsage of job (MB)
	1733472  -  ResidentSetSize of job (KB)
...
006 (34545250.000.000) 2021-09-16 22:44:29 Image size of job updated: 1693
	1693  -  MemoryUsage of job (MB)
	1734240  -  ResidentSetSize of job (KB)
...
006 (34545250.000.000) 2021-09-16 22:45:30 Image size of job updated: 1693
	1693  -  MemoryUsage of job (MB)
	1734456  -  ResidentSetSize of job (KB)
...
006 (34545250.000.000) 2021-09-16 22:46:30 Image size of job updated: 1694
	1694  -  MemoryUsage of job (MB)
	1735148  -  ResidentSetSize of job (KB)
...
006 (34545250.000.000) 2021-09-16 22:47:31 Image size of job updated: 1695
	1695  -  MemoryUsage of job (MB)
	1736492  -  ResidentSetSize of job (KB)
...
006 (34545250.000.000) 2021-09-16 22:48:31 Image size of job updated: 1696
	1696  -  MemoryUsage of job (MB)
	1737476  -  ResidentSetSize of job (KB)
...
006 (34545250.000.000) 2021-09-16 22:49:32 Image size of job updated: 1696
	1696  -  MemoryUsage of job (MB)
	1737632  -  ResidentSetSize of job (KB)
...
006 (34545250.000.000) 2021-09-16 22:50:33 Image size of job updated: 1697
	1697  -  MemoryUsage of job (MB)
	1738556  -  ResidentSetSize of job (KB)
...
006 (34545250.000.000) 2021-09-16 22:51:33 Image size of job updated: 1698
	1698  -  MemoryUsage of job (MB)
	1739028  -  ResidentSetSize of job (KB)
...
006 (34545250.000.000) 2021-09-16 22:52:34 Image size of job updated: 1698
	1698  -  MemoryUsage of job (MB)
	1739048  -  ResidentSetSize of job (KB)
...
006 (34545250.000.000) 2021-09-16 22:53:35 Image size of job updated: 1699
	1699  -  MemoryUsage of job (MB)
	1740032  -  ResidentSetSize of job (KB)
...
006 (34545250.000.000) 2021-09-16 22:54:35 Image size of job updated: 1699
	1699  -  MemoryUsage of job (MB)
	1740368  -  ResidentSetSize of job (KB)
...
006 (34545250.000.000) 2021-09-16 22:56:36 Image size of job updated: 1700
	1700  -  MemoryUsage of job (MB)
	1741052  -  ResidentSetSize of job (KB)
...
006 (34545250.000.000) 2021-09-16 22:57:36 Image size of job updated: 1701
	1701  -  MemoryUsage of job (MB)
	1742084  -  ResidentSetSize of job (KB)
...
006 (34545250.000.000) 2021-09-16 22:59:38 Image size of job updated: 1701
	1701  -  MemoryUsage of job (MB)
	1742428  -  ResidentSetSize of job (KB)
...
006 (34545250.000.000) 2021-09-16 23:00:38 Image size of job updated: 1701
	1701  -  MemoryUsage of job (MB)
	1742704  -  ResidentSetSize of job (KB)
...
006 (34545250.000.000) 2021-09-16 23:01:39 Image size of job updated: 1705
	1705  -  MemoryUsage of job (MB)
	1746104  -  ResidentSetSize of job (KB)
...
006 (34545250.000.000) 2021-09-16 23:02:39 Image size of job updated: 1705
	1705  -  MemoryUsage of job (MB)
	1746168  -  ResidentSetSize of job (KB)
...
006 (34545250.000.000) 2021-09-16 23:03:40 Image size of job updated: 1712
	1712  -  MemoryUsage of job (MB)
	1753196  -  ResidentSetSize of job (KB)
...
006 (34545250.000.000) 2021-09-16 23:04:40 Image size of job updated: 1712
	1712  -  MemoryUsage of job (MB)
	1753724  -  ResidentSetSize of job (KB)
...
006 (34545250.000.000) 2021-09-16 23:05:40 Image size of job updated: 1714
	1714  -  MemoryUsage of job (MB)
	1755468  -  ResidentSetSize of job (KB)
...
006 (34545250.000.000) 2021-09-16 23:06:41 Image size of job updated: 1716
	1716  -  MemoryUsage of job (MB)
	1758032  -  ResidentSetSize of job (KB)
...
006 (34545250.000.000) 2021-09-16 23:07:41 Image size of job updated: 1717
	1717  -  MemoryUsage of job (MB)
	1758912  -  ResidentSetSize of job (KB)
...
006 (34545250.000.000) 2021-09-16 23:08:41 Image size of job updated: 1717
	1717  -  MemoryUsage of job (MB)
	1759104  -  ResidentSetSize of job (KB)
...
006 (34545250.000.000) 2021-09-16 23:09:42 Image size of job updated: 1718
	1718  -  MemoryUsage of job (MB)
	1760060  -  ResidentSetSize of job (KB)
...
006 (34545250.000.000) 2021-09-16 23:10:42 Image size of job updated: 1719
	1719  -  MemoryUsage of job (MB)
	1761260  -  ResidentSetSize of job (KB)
...
006 (34545250.000.000) 2021-09-16 23:11:43 Image size of job updated: 1719
	1719  -  MemoryUsage of job (MB)
	1761276  -  ResidentSetSize of job (KB)
...
006 (34545250.000.000) 2021-09-16 23:12:43 Image size of job updated: 1721
	1721  -  MemoryUsage of job (MB)
	1762388  -  ResidentSetSize of job (KB)
...
006 (34545250.000.000) 2021-09-16 23:13:43 Image size of job updated: 1721
	1721  -  MemoryUsage of job (MB)
	1763132  -  ResidentSetSize of job (KB)
...
006 (34545250.000.000) 2021-09-16 23:14:44 Image size of job updated: 1722
	1722  -  MemoryUsage of job (MB)
	1763468  -  ResidentSetSize of job (KB)
...
006 (34545250.000.000) 2021-09-16 23:15:44 Image size of job updated: 1722
	1722  -  MemoryUsage of job (MB)
	1763752  -  ResidentSetSize of job (KB)
...
006 (34545250.000.000) 2021-09-16 23:16:45 Image size of job updated: 1722
	1722  -  MemoryUsage of job (MB)
	1764260  -  ResidentSetSize of job (KB)
...
006 (34545250.000.000) 2021-09-16 23:17:46 Image size of job updated: 1723
	1723  -  MemoryUsage of job (MB)
	1765124  -  ResidentSetSize of job (KB)
...
006 (34545250.000.000) 2021-09-16 23:18:46 Image size of job updated: 1723
	1723  -  MemoryUsage of job (MB)
	1765320  -  ResidentSetSize of job (KB)
...
006 (34545250.000.000) 2021-09-16 23:19:47 Image size of job updated: 1724
	1724  -  MemoryUsage of job (MB)
	1766048  -  ResidentSetSize of job (KB)
...
006 (34545250.000.000) 2021-09-16 23:20:47 Image size of job updated: 1725
	1725  -  MemoryUsage of job (MB)
	1766408  -  ResidentSetSize of job (KB)
...
006 (34545250.000.000) 2021-09-16 23:21:48 Image size of job updated: 1725
	1725  -  MemoryUsage of job (MB)
	1766980  -  ResidentSetSize of job (KB)
...
006 (34545250.000.000) 2021-09-16 23:22:49 Image size of job updated: 1725
	1725  -  MemoryUsage of job (MB)
	1766996  -  ResidentSetSize of job (KB)
...
006 (34545250.000.000) 2021-09-16 23:23:49 Image size of job updated: 1726
	1726  -  MemoryUsage of job (MB)
	1768376  -  ResidentSetSize of job (KB)
...
006 (34545250.000.000) 2021-09-16 23:24:50 Image size of job updated: 1727
	1727  -  MemoryUsage of job (MB)
	1769280  -  ResidentSetSize of job (KB)
...
006 (34545250.000.000) 2021-09-16 23:25:51 Image size of job updated: 1727
	1727  -  MemoryUsage of job (MB)
	1769284  -  ResidentSetSize of job (KB)
...
006 (34545250.000.000) 2021-09-16 23:26:51 Image size of job updated: 1728
	1728  -  MemoryUsage of job (MB)
	1770092  -  ResidentSetSize of job (KB)
...
006 (34545250.000.000) 2021-09-16 23:27:52 Image size of job updated: 1729
	1729  -  MemoryUsage of job (MB)
	1770532  -  ResidentSetSize of job (KB)
...
006 (34545250.000.000) 2021-09-16 23:28:52 Image size of job updated: 1729
	1729  -  MemoryUsage of job (MB)
	1770776  -  ResidentSetSize of job (KB)
...
006 (34545250.000.000) 2021-09-16 23:29:53 Image size of job updated: 1729
	1729  -  MemoryUsage of job (MB)
	1770788  -  ResidentSetSize of job (KB)
...
006 (34545250.000.000) 2021-09-16 23:30:53 Image size of job updated: 1729
	1729  -  MemoryUsage of job (MB)
	1771032  -  ResidentSetSize of job (KB)
...
006 (34545250.000.000) 2021-09-16 23:31:53 Image size of job updated: 1729
	1729  -  MemoryUsage of job (MB)
	1771164  -  ResidentSetSize of job (KB)
...
006 (34545250.000.000) 2021-09-16 23:32:54 Image size of job updated: 1729
	1729  -  MemoryUsage of job (MB)
	1771240  -  ResidentSetSize of job (KB)
...
006 (34545250.000.000) 2021-09-16 23:33:54 Image size of job updated: 1729
	1729  -  MemoryUsage of job (MB)
	1771476  -  ResidentSetSize of job (KB)
...
006 (34545250.000.000) 2021-09-16 23:34:54 Image size of job updated: 1730
	1730  -  MemoryUsage of job (MB)
	1771728  -  ResidentSetSize of job (KB)
...
006 (34545250.000.000) 2021-09-16 23:35:55 Image size of job updated: 1730
	1730  -  MemoryUsage of job (MB)
	1771888  -  ResidentSetSize of job (KB)
...
006 (34545250.000.000) 2021-09-16 23:37:57 Image size of job updated: 1731
	1731  -  MemoryUsage of job (MB)
	1772956  -  ResidentSetSize of job (KB)
...
006 (34545250.000.000) 2021-09-16 23:38:58 Image size of job updated: 1732
	1732  -  MemoryUsage of job (MB)
	1773888  -  ResidentSetSize of job (KB)
...
006 (34545250.000.000) 2021-09-16 23:39:59 Image size of job updated: 1732
	1732  -  MemoryUsage of job (MB)
	1774408  -  ResidentSetSize of job (KB)
...
006 (34545250.000.000) 2021-09-16 23:41:00 Image size of job updated: 1733
	1733  -  MemoryUsage of job (MB)
	1774784  -  ResidentSetSize of job (KB)
...
006 (34545250.000.000) 2021-09-16 23:42:01 Image size of job updated: 1733
	1733  -  MemoryUsage of job (MB)
	1775564  -  ResidentSetSize of job (KB)
...
006 (34545250.000.000) 2021-09-16 23:43:02 Image size of job updated: 1734
	1734  -  MemoryUsage of job (MB)
	1776200  -  ResidentSetSize of job (KB)
...
006 (34545250.000.000) 2021-09-16 23:44:03 Image size of job updated: 1734
	1734  -  MemoryUsage of job (MB)
	1776204  -  ResidentSetSize of job (KB)
...
006 (34545250.000.000) 2021-09-16 23:45:04 Image size of job updated: 1735
	1735  -  MemoryUsage of job (MB)
	1776996  -  ResidentSetSize of job (KB)
...
006 (34545250.000.000) 2021-09-16 23:46:05 Image size of job updated: 1736
	1736  -  MemoryUsage of job (MB)
	1777720  -  ResidentSetSize of job (KB)
...
006 (34545250.000.000) 2021-09-16 23:47:05 Image size of job updated: 1736
	1736  -  MemoryUsage of job (MB)
	1777728  -  ResidentSetSize of job (KB)
...
006 (34545250.000.000) 2021-09-16 23:48:06 Image size of job updated: 1736
	1736  -  MemoryUsage of job (MB)
	1778592  -  ResidentSetSize of job (KB)
...
006 (34545250.000.000) 2021-09-16 23:49:06 Image size of job updated: 1737
	1737  -  MemoryUsage of job (MB)
	1779004  -  ResidentSetSize of job (KB)
...
006 (34545250.000.000) 2021-09-16 23:50:06 Image size of job updated: 1738
	1738  -  MemoryUsage of job (MB)
	1779732  -  ResidentSetSize of job (KB)
...
006 (34545250.000.000) 2021-09-16 23:51:06 Image size of job updated: 1738
	1738  -  MemoryUsage of job (MB)
	1779744  -  ResidentSetSize of job (KB)
...
006 (34545250.000.000) 2021-09-16 23:52:06 Image size of job updated: 1738
	1738  -  MemoryUsage of job (MB)
	1780120  -  ResidentSetSize of job (KB)
...
006 (34545250.000.000) 2021-09-16 23:53:06 Image size of job updated: 1738
	1738  -  MemoryUsage of job (MB)
	1780260  -  ResidentSetSize of job (KB)
...
006 (34545250.000.000) 2021-09-16 23:54:06 Image size of job updated: 1738
	1738  -  MemoryUsage of job (MB)
	1780308  -  ResidentSetSize of job (KB)
...
006 (34545250.000.000) 2021-09-16 23:55:07 Image size of job updated: 1738
	1738  -  MemoryUsage of job (MB)
	1780492  -  ResidentSetSize of job (KB)
...
006 (34545250.000.000) 2021-09-16 23:56:07 Image size of job updated: 1739
	1739  -  MemoryUsage of job (MB)
	1780872  -  ResidentSetSize of job (KB)
...
006 (34545250.000.000) 2021-09-16 23:57:08 Image size of job updated: 1739
	1739  -  MemoryUsage of job (MB)
	1781000  -  ResidentSetSize of job (KB)
...
006 (34545250.000.000) 2021-09-16 23:58:09 Image size of job updated: 1739
	1739  -  MemoryUsage of job (MB)
	1781004  -  ResidentSetSize of job (KB)
...
006 (34545250.000.000) 2021-09-16 23:59:09 Image size of job updated: 1739
	1739  -  MemoryUsage of job (MB)
	1781244  -  ResidentSetSize of job (KB)
...
006 (34545250.000.000) 2021-09-17 00:00:09 Image size of job updated: 1740
	1740  -  MemoryUsage of job (MB)
	1782008  -  ResidentSetSize of job (KB)
...
006 (34545250.000.000) 2021-09-17 00:01:10 Image size of job updated: 1740
	1740  -  MemoryUsage of job (MB)
	1782532  -  ResidentSetSize of job (KB)
...
006 (34545250.000.000) 2021-09-17 00:02:10 Image size of job updated: 1740
	1740  -  MemoryUsage of job (MB)
	1782560  -  ResidentSetSize of job (KB)
...
006 (34545250.000.000) 2021-09-17 00:03:10 Image size of job updated: 1741
	1741  -  MemoryUsage of job (MB)
	1783068  -  ResidentSetSize of job (KB)
...
006 (34545250.000.000) 2021-09-17 00:04:11 Image size of job updated: 1741
	1741  -  MemoryUsage of job (MB)
	1783640  -  ResidentSetSize of job (KB)
...
006 (34545250.000.000) 2021-09-17 00:06:11 Image size of job updated: 1742
	1742  -  MemoryUsage of job (MB)
	1784804  -  ResidentSetSize of job (KB)
...
006 (34545250.000.000) 2021-09-17 00:07:12 Image size of job updated: 1744
	1744  -  MemoryUsage of job (MB)
	1786524  -  ResidentSetSize of job (KB)
...
006 (34545250.000.000) 2021-09-17 00:08:12 Image size of job updated: 1745
	1745  -  MemoryUsage of job (MB)
	1787412  -  ResidentSetSize of job (KB)
...
006 (34545250.000.000) 2021-09-17 00:09:12 Image size of job updated: 1745
	1745  -  MemoryUsage of job (MB)
	1787548  -  ResidentSetSize of job (KB)
...
006 (34545250.000.000) 2021-09-17 00:10:13 Image size of job updated: 1746
	1746  -  MemoryUsage of job (MB)
	1788364  -  ResidentSetSize of job (KB)
...
006 (34545250.000.000) 2021-09-17 00:11:13 Image size of job updated: 1747
	1747  -  MemoryUsage of job (MB)
	1789424  -  ResidentSetSize of job (KB)
...
006 (34545250.000.000) 2021-09-17 00:12:13 Image size of job updated: 1747
	1747  -  MemoryUsage of job (MB)
	1789428  -  ResidentSetSize of job (KB)
...
006 (34545250.000.000) 2021-09-17 00:13:14 Image size of job updated: 1748
	1748  -  MemoryUsage of job (MB)
	1790100  -  ResidentSetSize of job (KB)
...
006 (34545250.000.000) 2021-09-17 00:14:15 Image size of job updated: 1748
	1748  -  MemoryUsage of job (MB)
	1790748  -  ResidentSetSize of job (KB)
...
006 (34545250.000.000) 2021-09-17 00:15:15 Image size of job updated: 1748
	1748  -  MemoryUsage of job (MB)
	1790776  -  ResidentSetSize of job (KB)
...
006 (34545250.000.000) 2021-09-17 00:16:16 Image size of job updated: 1749
	1749  -  MemoryUsage of job (MB)
	1791832  -  ResidentSetSize of job (KB)
...
006 (34545250.000.000) 2021-09-17 00:17:16 Image size of job updated: 1750
	1750  -  MemoryUsage of job (MB)
	1792564  -  ResidentSetSize of job (KB)
...
006 (34545250.000.000) 2021-09-17 00:19:18 Image size of job updated: 1751
	1751  -  MemoryUsage of job (MB)
	1793520  -  ResidentSetSize of job (KB)
...
006 (34545250.000.000) 2021-09-17 00:20:18 Image size of job updated: 1751
	1751  -  MemoryUsage of job (MB)
	1793980  -  ResidentSetSize of job (KB)
...
006 (34545250.000.000) 2021-09-17 00:21:19 Image size of job updated: 1752
	1752  -  MemoryUsage of job (MB)
	1794792  -  ResidentSetSize of job (KB)
...
006 (34545250.000.000) 2021-09-17 00:22:20 Image size of job updated: 1752
	1752  -  MemoryUsage of job (MB)
	1794804  -  ResidentSetSize of job (KB)
...
006 (34545250.000.000) 2021-09-17 00:23:20 Image size of job updated: 1753
	1753  -  MemoryUsage of job (MB)
	1795360  -  ResidentSetSize of job (KB)
...
006 (34545250.000.000) 2021-09-17 00:24:21 Image size of job updated: 1753
	1753  -  MemoryUsage of job (MB)
	1796028  -  ResidentSetSize of job (KB)
...
006 (34545250.000.000) 2021-09-17 00:25:22 Image size of job updated: 1754
	1754  -  MemoryUsage of job (MB)
	1796568  -  ResidentSetSize of job (KB)
...
006 (34545250.000.000) 2021-09-17 00:26:22 Image size of job updated: 1754
	1754  -  MemoryUsage of job (MB)
	1796576  -  ResidentSetSize of job (KB)
...
006 (34545250.000.000) 2021-09-17 00:27:23 Image size of job updated: 1755
	1755  -  MemoryUsage of job (MB)
	1797256  -  ResidentSetSize of job (KB)
...
006 (34545250.000.000) 2021-09-17 00:28:24 Image size of job updated: 1755
	1755  -  MemoryUsage of job (MB)
	1797496  -  ResidentSetSize of job (KB)
...
006 (34545250.000.000) 2021-09-17 00:29:24 Image size of job updated: 1755
	1755  -  MemoryUsage of job (MB)
	1797644  -  ResidentSetSize of job (KB)
...
006 (34545250.000.000) 2021-09-17 00:30:25 Image size of job updated: 1755
	1755  -  MemoryUsage of job (MB)
	1798120  -  ResidentSetSize of job (KB)
...
006 (34545250.000.000) 2021-09-17 00:31:26 Image size of job updated: 1756
	1756  -  MemoryUsage of job (MB)
	1798528  -  ResidentSetSize of job (KB)
...
006 (34545250.000.000) 2021-09-17 00:32:26 Image size of job updated: 1756
	1756  -  MemoryUsage of job (MB)
	1799048  -  ResidentSetSize of job (KB)
...
006 (34545250.000.000) 2021-09-17 00:33:00 Image size of job updated: 1756
	1756  -  MemoryUsage of job (MB)
	1799068  -  ResidentSetSize of job (KB)
...
040 (34545250.000.000) 2021-09-17 00:33:00 Started transferring output files
...
040 (34545250.000.000) 2021-09-17 00:33:00 Finished transferring output files
...
005 (34545250.000.000) 2021-09-17 00:33:03 Job terminated.
	(1) Normal termination (return value 0)
		Usr 0 01:22:11, Sys 0 01:36:54  -  Run Remote Usage
		Usr 0 00:00:00, Sys 0 00:00:00  -  Run Local Usage
		Usr 0 01:22:11, Sys 0 01:36:54  -  Total Remote Usage
		Usr 0 00:00:00, Sys 0 00:00:00  -  Total Local Usage
	1234291  -  Run Bytes Sent By Job
	8471534  -  Run Bytes Received By Job
	1234291  -  Total Bytes Sent By Job
	8471534  -  Total Bytes Received By Job
	Partitionable Resources :    Usage  Request Allocated 
	   Cpus                 :     0.00        1         1 
	   Disk (KB)            : 30446       10000    313854 
	   Memory (MB)          :  1756        2048      2048 

	Job terminated of its own accord at 2021-09-17T05:33:00Z.
...
000 (73445674.000.000) 2021-09-24 22:32:40 Job submitted from host: <131.225.188.235:9618?addrs=131.225.188.235-9618&alias=lpcschedd3.fnal.gov&noUDP&sock=schedd_2706_ab5d>
...
040 (73445674.000.000) 2021-09-25 07:36:00 Started transferring input files
	Transferring to host: <131.225.205.172:9618?addrs=131.225.205.172-9618&alias=cmswn1946.fnal.gov&noUDP&sock=slot1_7_1522_22f7_4942>
...
040 (73445674.000.000) 2021-09-25 07:36:01 Finished transferring input files
...
001 (73445674.000.000) 2021-09-25 07:36:02 Job executing on host: <131.225.205.172:9618?addrs=131.225.205.172-9618&alias=cmswn1946.fnal.gov&noUDP&sock=startd_1422_f3c3>
...
006 (73445674.000.000) 2021-09-25 07:36:10 Image size of job updated: 43
	43  -  MemoryUsage of job (MB)
	44224  -  ResidentSetSize of job (KB)
...
006 (73445674.000.000) 2021-09-25 07:37:11 Image size of job updated: 502
	502  -  MemoryUsage of job (MB)
	514964  -  ResidentSetSize of job (KB)
...
006 (73445674.000.000) 2021-09-25 07:41:14 Image size of job updated: 528
	528  -  MemoryUsage of job (MB)
	541040  -  ResidentSetSize of job (KB)
...
006 (73445674.000.000) 2021-09-25 07:42:15 Image size of job updated: 576
	576  -  MemoryUsage of job (MB)
	590828  -  ResidentSetSize of job (KB)
...
006 (73445674.000.000) 2021-09-25 07:43:15 Image size of job updated: 620
	620  -  MemoryUsage of job (MB)
	635624  -  ResidentSetSize of job (KB)
...
006 (73445674.000.000) 2021-09-25 07:44:15 Image size of job updated: 662
	662  -  MemoryUsage of job (MB)
	678436  -  ResidentSetSize of job (KB)
...
006 (73445674.000.000) 2021-09-25 07:45:15 Image size of job updated: 697
	697  -  MemoryUsage of job (MB)
	714312  -  ResidentSetSize of job (KB)
...
006 (73445674.000.000) 2021-09-25 07:46:15 Image size of job updated: 730
	730  -  MemoryUsage of job (MB)
	748196  -  ResidentSetSize of job (KB)
...
006 (73445674.000.000) 2021-09-25 07:47:16 Image size of job updated: 765
	765  -  MemoryUsage of job (MB)
	783636  -  ResidentSetSize of job (KB)
...
006 (73445674.000.000) 2021-09-25 07:48:16 Image size of job updated: 794
	794  -  MemoryUsage of job (MB)
	813864  -  ResidentSetSize of job (KB)
...
006 (73445674.000.000) 2021-09-25 07:49:16 Image size of job updated: 823
	823  -  MemoryUsage of job (MB)
	843560  -  ResidentSetSize of job (KB)
...
006 (73445674.000.000) 2021-09-25 07:50:17 Image size of job updated: 855
	855  -  MemoryUsage of job (MB)
	876052  -  ResidentSetSize of job (KB)
...
006 (73445674.000.000) 2021-09-25 07:51:17 Image size of job updated: 881
	881  -  MemoryUsage of job (MB)
	902548  -  ResidentSetSize of job (KB)
...
006 (73445674.000.000) 2021-09-25 07:52:18 Image size of job updated: 917
	917  -  MemoryUsage of job (MB)
	939720  -  ResidentSetSize of job (KB)
...
006 (73445674.000.000) 2021-09-25 07:53:19 Image size of job updated: 946
	946  -  MemoryUsage of job (MB)
	968964  -  ResidentSetSize of job (KB)
...
006 (73445674.000.000) 2021-09-25 07:54:20 Image size of job updated: 970
	970  -  MemoryUsage of job (MB)
	993808  -  ResidentSetSize of job (KB)
...
006 (73445674.000.000) 2021-09-25 07:55:21 Image size of job updated: 996
	996  -  MemoryUsage of job (MB)
	1019912  -  ResidentSetSize of job (KB)
...
006 (73445674.000.000) 2021-09-25 07:56:22 Image size of job updated: 1020
	1020  -  MemoryUsage of job (MB)
	1044808  -  ResidentSetSize of job (KB)
...
006 (73445674.000.000) 2021-09-25 07:57:22 Image size of job updated: 1044
	1044  -  MemoryUsage of job (MB)
	1069856  -  ResidentSetSize of job (KB)
...
006 (73445674.000.000) 2021-09-25 07:58:23 Image size of job updated: 1077
	1077  -  MemoryUsage of job (MB)
	1103860  -  ResidentSetSize of job (KB)
...
006 (73445674.000.000) 2021-09-25 07:59:24 Image size of job updated: 1098
	1098  -  MemoryUsage of job (MB)
	1125088  -  ResidentSetSize of job (KB)
...
006 (73445674.000.000) 2021-09-25 08:00:25 Image size of job updated: 1119
	1119  -  MemoryUsage of job (MB)
	1146020  -  ResidentSetSize of job (KB)
...
006 (73445674.000.000) 2021-09-25 08:01:25 Image size of job updated: 1141
	1141  -  MemoryUsage of job (MB)
	1169168  -  ResidentSetSize of job (KB)
...
006 (73445674.000.000) 2021-09-25 08:02:25 Image size of job updated: 1162
	1162  -  MemoryUsage of job (MB)
	1190112  -  ResidentSetSize of job (KB)
...
006 (73445674.000.000) 2021-09-25 08:03:25 Image size of job updated: 1181
	1181  -  MemoryUsage of job (MB)
	1209852  -  ResidentSetSize of job (KB)
...
006 (73445674.000.000) 2021-09-25 08:04:26 Image size of job updated: 1202
	1202  -  MemoryUsage of job (MB)
	1231404  -  ResidentSetSize of job (KB)
...
006 (73445674.000.000) 2021-09-25 08:05:27 Image size of job updated: 1220
	1220  -  MemoryUsage of job (MB)
	1250172  -  ResidentSetSize of job (KB)
...
006 (73445674.000.000) 2021-09-25 08:06:27 Image size of job updated: 1238
	1238  -  MemoryUsage of job (MB)
	1268476  -  ResidentSetSize of job (KB)
...
006 (73445674.000.000) 2021-09-25 08:07:28 Image size of job updated: 1258
	1258  -  MemoryUsage of job (MB)
	1288252  -  ResidentSetSize of job (KB)
...
006 (73445674.000.000) 2021-09-25 08:08:28 Image size of job updated: 1275
	1275  -  MemoryUsage of job (MB)
	1305952  -  ResidentSetSize of job (KB)
...
006 (73445674.000.000) 2021-09-25 08:09:29 Image size of job updated: 1292
	1292  -  MemoryUsage of job (MB)
	1323364  -  ResidentSetSize of job (KB)
...
006 (73445674.000.000) 2021-09-25 08:10:30 Image size of job updated: 1311
	1311  -  MemoryUsage of job (MB)
	1342480  -  ResidentSetSize of job (KB)
...
006 (73445674.000.000) 2021-09-25 08:11:30 Image size of job updated: 1327
	1327  -  MemoryUsage of job (MB)
	1359332  -  ResidentSetSize of job (KB)
...
006 (73445674.000.000) 2021-09-25 08:12:31 Image size of job updated: 1343
	1343  -  MemoryUsage of job (MB)
	1376012  -  ResidentSetSize of job (KB)
...
006 (73445674.000.000) 2021-09-25 08:13:32 Image size of job updated: 1361
	1361  -  MemoryUsage of job (MB)
	1394200  -  ResidentSetSize of job (KB)
...
006 (73445674.000.000) 2021-09-25 08:14:32 Image size of job updated: 1377
	1377  -  MemoryUsage of job (MB)
	1410548  -  ResidentSetSize of job (KB)
...
006 (73445674.000.000) 2021-09-25 08:15:33 Image size of job updated: 1393
	1393  -  MemoryUsage of job (MB)
	1426672  -  ResidentSetSize of job (KB)
...
006 (73445674.000.000) 2021-09-25 08:16:34 Image size of job updated: 1410
	1410  -  MemoryUsage of job (MB)
	1444540  -  ResidentSetSize of job (KB)
...
006 (73445674.000.000) 2021-09-25 08:17:34 Image size of job updated: 1426
	1426  -  MemoryUsage of job (MB)
	1460372  -  ResidentSetSize of job (KB)
...
006 (73445674.000.000) 2021-09-25 08:18:35 Image size of job updated: 1441
	1441  -  MemoryUsage of job (MB)
	1476032  -  ResidentSetSize of job (KB)
...
006 (73445674.000.000) 2021-09-25 08:19:36 Image size of job updated: 1457
	1457  -  MemoryUsage of job (MB)
	1492988  -  ResidentSetSize of job (KB)
...
006 (73445674.000.000) 2021-09-25 08:20:37 Image size of job updated: 1472
	1472  -  MemoryUsage of job (MB)
	1508092  -  ResidentSetSize of job (KB)
...
006 (73445674.000.000) 2021-09-25 08:21:37 Image size of job updated: 1487
	1487  -  MemoryUsage of job (MB)
	1523032  -  ResidentSetSize of job (KB)
...
006 (73445674.000.000) 2021-09-25 08:22:37 Image size of job updated: 1501
	1501  -  MemoryUsage of job (MB)
	1537680  -  ResidentSetSize of job (KB)
...
006 (73445674.000.000) 2021-09-25 08:23:38 Image size of job updated: 1517
	1517  -  MemoryUsage of job (MB)
	1553936  -  ResidentSetSize of job (KB)
...
006 (73445674.000.000) 2021-09-25 08:24:38 Image size of job updated: 1531
	1531  -  MemoryUsage of job (MB)
	1568368  -  ResidentSetSize of job (KB)
...
006 (73445674.000.000) 2021-09-25 08:25:39 Image size of job updated: 1574
	1574  -  MemoryUsage of job (MB)
	1612584  -  ResidentSetSize of job (KB)
...
006 (73445674.000.000) 2021-09-25 08:26:41 Image size of job updated: 1625
	1625  -  MemoryUsage of job (MB)
	1664868  -  ResidentSetSize of job (KB)
...
006 (73445674.000.000) 2021-09-25 08:27:41 Image size of job updated: 1625
	1625  -  MemoryUsage of job (MB)
	1664944  -  ResidentSetSize of job (KB)
...
006 (73445674.000.000) 2021-09-25 08:28:42 Image size of job updated: 1625
	1625  -  MemoryUsage of job (MB)
	1665004  -  ResidentSetSize of job (KB)
...
006 (73445674.000.000) 2021-09-25 08:29:43 Image size of job updated: 1626
	1626  -  MemoryUsage of job (MB)
	1665052  -  ResidentSetSize of job (KB)
...
006 (73445674.000.000) 2021-09-25 08:30:44 Image size of job updated: 1626
	1626  -  MemoryUsage of job (MB)
	1665100  -  ResidentSetSize of job (KB)
...
006 (73445674.000.000) 2021-09-25 08:31:44 Image size of job updated: 1651
	1651  -  MemoryUsage of job (MB)
	1690836  -  ResidentSetSize of job (KB)
...
006 (73445674.000.000) 2021-09-25 08:32:45 Image size of job updated: 1651
	1651  -  MemoryUsage of job (MB)
	1690900  -  ResidentSetSize of job (KB)
...
006 (73445674.000.000) 2021-09-25 08:33:45 Image size of job updated: 1651
	1651  -  MemoryUsage of job (MB)
	1690964  -  ResidentSetSize of job (KB)
...
006 (73445674.000.000) 2021-09-25 08:34:46 Image size of job updated: 1651
	1651  -  MemoryUsage of job (MB)
	1690976  -  ResidentSetSize of job (KB)
...
006 (73445674.000.000) 2021-09-25 08:35:46 Image size of job updated: 1651
	1651  -  MemoryUsage of job (MB)
	1691040  -  ResidentSetSize of job (KB)
...
006 (73445674.000.000) 2021-09-25 08:36:47 Image size of job updated: 1656
	1656  -  MemoryUsage of job (MB)
	1696340  -  ResidentSetSize of job (KB)
...
006 (73445674.000.000) 2021-09-25 08:37:48 Image size of job updated: 1656
	1656  -  MemoryUsage of job (MB)
	1696368  -  ResidentSetSize of job (KB)
...
006 (73445674.000.000) 2021-09-25 08:38:49 Image size of job updated: 1656
	1656  -  MemoryUsage of job (MB)
	1696400  -  ResidentSetSize of job (KB)
...
006 (73445674.000.000) 2021-09-25 08:39:49 Image size of job updated: 1656
	1656  -  MemoryUsage of job (MB)
	1696428  -  ResidentSetSize of job (KB)
...
006 (73445674.000.000) 2021-09-25 08:40:49 Image size of job updated: 1656
	1656  -  MemoryUsage of job (MB)
	1696452  -  ResidentSetSize of job (KB)
...
006 (73445674.000.000) 2021-09-25 08:41:49 Image size of job updated: 1656
	1656  -  MemoryUsage of job (MB)
	1696480  -  ResidentSetSize of job (KB)
...
006 (73445674.000.000) 2021-09-25 08:42:50 Image size of job updated: 1660
	1660  -  MemoryUsage of job (MB)
	1700504  -  ResidentSetSize of job (KB)
...
006 (73445674.000.000) 2021-09-25 08:43:51 Image size of job updated: 1660
	1660  -  MemoryUsage of job (MB)
	1700528  -  ResidentSetSize of job (KB)
...
006 (73445674.000.000) 2021-09-25 08:44:51 Image size of job updated: 1660
	1660  -  MemoryUsage of job (MB)
	1700556  -  ResidentSetSize of job (KB)
...
006 (73445674.000.000) 2021-09-25 08:45:52 Image size of job updated: 1660
	1660  -  MemoryUsage of job (MB)
	1700564  -  ResidentSetSize of job (KB)
...
006 (73445674.000.000) 2021-09-25 08:46:53 Image size of job updated: 1660
	1660  -  MemoryUsage of job (MB)
	1700580  -  ResidentSetSize of job (KB)
...
006 (73445674.000.000) 2021-09-25 08:47:54 Image size of job updated: 1663
	1663  -  MemoryUsage of job (MB)
	1703772  -  ResidentSetSize of job (KB)
...
006 (73445674.000.000) 2021-09-25 08:48:54 Image size of job updated: 1663
	1663  -  MemoryUsage of job (MB)
	1703788  -  ResidentSetSize of job (KB)
...
006 (73445674.000.000) 2021-09-25 08:49:55 Image size of job updated: 1663
	1663  -  MemoryUsage of job (MB)
	1703808  -  ResidentSetSize of job (KB)
...
006 (73445674.000.000) 2021-09-25 08:50:56 Image size of job updated: 1663
	1663  -  MemoryUsage of job (MB)
	1703840  -  ResidentSetSize of job (KB)
...
006 (73445674.000.000) 2021-09-25 08:51:57 Image size of job updated: 1663
	1663  -  MemoryUsage of job (MB)
	1703852  -  ResidentSetSize of job (KB)
...
006 (73445674.000.000) 2021-09-25 08:52:57 Image size of job updated: 1663
	1663  -  MemoryUsage of job (MB)
	1703876  -  ResidentSetSize of job (KB)
...
006 (73445674.000.000) 2021-09-25 08:53:57 Image size of job updated: 1667
	1667  -  MemoryUsage of job (MB)
	1707544  -  ResidentSetSize of job (KB)
...
006 (73445674.000.000) 2021-09-25 08:55:58 Image size of job updated: 1667
	1667  -  MemoryUsage of job (MB)
	1707568  -  ResidentSetSize of job (KB)
...
006 (73445674.000.000) 2021-09-25 08:56:59 Image size of job updated: 1667
	1667  -  MemoryUsage of job (MB)
	1707592  -  ResidentSetSize of job (KB)
...
006 (73445674.000.000) 2021-09-25 08:57:59 Image size of job updated: 1667
	1667  -  MemoryUsage of job (MB)
	1707608  -  ResidentSetSize of job (KB)
...
006 (73445674.000.000) 2021-09-25 08:58:59 Image size of job updated: 1667
	1667  -  MemoryUsage of job (MB)
	1707628  -  ResidentSetSize of job (KB)
...
006 (73445674.000.000) 2021-09-25 09:00:00 Image size of job updated: 1667
	1667  -  MemoryUsage of job (MB)
	1707632  -  ResidentSetSize of job (KB)
...
006 (73445674.000.000) 2021-09-25 09:01:01 Image size of job updated: 1671
	1671  -  MemoryUsage of job (MB)
	1711256  -  ResidentSetSize of job (KB)
...
006 (73445674.000.000) 2021-09-25 09:02:01 Image size of job updated: 1671
	1671  -  MemoryUsage of job (MB)
	1711260  -  ResidentSetSize of job (KB)
...
006 (73445674.000.000) 2021-09-25 09:03:02 Image size of job updated: 1671
	1671  -  MemoryUsage of job (MB)
	1711264  -  ResidentSetSize of job (KB)
...
006 (73445674.000.000) 2021-09-25 09:05:04 Image size of job updated: 1671
	1671  -  MemoryUsage of job (MB)
	1711268  -  ResidentSetSize of job (KB)
...
006 (73445674.000.000) 2021-09-25 09:06:04 Image size of job updated: 1671
	1671  -  MemoryUsage of job (MB)
	1711280  -  ResidentSetSize of job (KB)
...
006 (73445674.000.000) 2021-09-25 09:07:04 Image size of job updated: 1671
	1671  -  MemoryUsage of job (MB)
	1711284  -  ResidentSetSize of job (KB)
...
006 (73445674.000.000) 2021-09-25 09:08:05 Image size of job updated: 1673
	1673  -  MemoryUsage of job (MB)
	1713832  -  ResidentSetSize of job (KB)
...
006 (73445674.000.000) 2021-09-25 09:10:06 Image size of job updated: 1673
	1673  -  MemoryUsage of job (MB)
	1713836  -  ResidentSetSize of job (KB)
...
006 (73445674.000.000) 2021-09-25 09:11:06 Image size of job updated: 1673
	1673  -  MemoryUsage of job (MB)
	1713844  -  ResidentSetSize of job (KB)
...
006 (73445674.000.000) 2021-09-25 09:12:07 Image size of job updated: 1673
	1673  -  MemoryUsage of job (MB)
	1713852  -  ResidentSetSize of job (KB)
...
006 (73445674.000.000) 2021-09-25 09:13:08 Image size of job updated: 1673
	1673  -  MemoryUsage of job (MB)
	1713872  -  ResidentSetSize of job (KB)
...
006 (73445674.000.000) 2021-09-25 09:14:09 Image size of job updated: 1673
	1673  -  MemoryUsage of job (MB)
	1713876  -  ResidentSetSize of job (KB)
...
006 (73445674.000.000) 2021-09-25 09:15:10 Image size of job updated: 1675
	1675  -  MemoryUsage of job (MB)
	1715804  -  ResidentSetSize of job (KB)
...
006 (73445674.000.000) 2021-09-25 09:17:11 Image size of job updated: 1675
	1675  -  MemoryUsage of job (MB)
	1715812  -  ResidentSetSize of job (KB)
...
006 (73445674.000.000) 2021-09-25 09:18:11 Image size of job updated: 1675
	1675  -  MemoryUsage of job (MB)
	1715816  -  ResidentSetSize of job (KB)
...
006 (73445674.000.000) 2021-09-25 09:19:12 Image size of job updated: 1675
	1675  -  MemoryUsage of job (MB)
	1715832  -  ResidentSetSize of job (KB)
...
006 (73445674.000.000) 2021-09-25 09:20:12 Image size of job updated: 1675
	1675  -  MemoryUsage of job (MB)
	1715840  -  ResidentSetSize of job (KB)
...
006 (73445674.000.000) 2021-09-25 09:21:12 Image size of job updated: 1675
	1675  -  MemoryUsage of job (MB)
	1715844  -  ResidentSetSize of job (KB)
...
006 (73445674.000.000) 2021-09-25 09:22:13 Image size of job updated: 1675
	1675  -  MemoryUsage of job (MB)
	1715892  -  ResidentSetSize of job (KB)
...
006 (73445674.000.000) 2021-09-25 09:23:14 Image size of job updated: 1676
	1676  -  MemoryUsage of job (MB)
	1717140  -  ResidentSetSize of job (KB)
...
006 (73445674.000.000) 2021-09-25 09:24:15 Image size of job updated: 1676
	1676  -  MemoryUsage of job (MB)
	1717144  -  ResidentSetSize of job (KB)
...
006 (73445674.000.000) 2021-09-25 09:25:16 Image size of job updated: 1676
	1676  -  MemoryUsage of job (MB)
	1717152  -  ResidentSetSize of job (KB)
...
006 (73445674.000.000) 2021-09-25 09:27:17 Image size of job updated: 1676
	1676  -  MemoryUsage of job (MB)
	1717156  -  ResidentSetSize of job (KB)
...
006 (73445674.000.000) 2021-09-25 09:28:18 Image size of job updated: 1676
	1676  -  MemoryUsage of job (MB)
	1717176  -  ResidentSetSize of job (KB)
...
006 (73445674.000.000) 2021-09-25 09:29:19 Image size of job updated: 1676
	1676  -  MemoryUsage of job (MB)
	1717180  -  ResidentSetSize of job (KB)
...
006 (73445674.000.000) 2021-09-25 09:30:19 Image size of job updated: 1678
	1678  -  MemoryUsage of job (MB)
	1718304  -  ResidentSetSize of job (KB)
...
006 (73445674.000.000) 2021-09-25 09:32:20 Image size of job updated: 1678
	1678  -  MemoryUsage of job (MB)
	1718308  -  ResidentSetSize of job (KB)
...
006 (73445674.000.000) 2021-09-25 09:33:21 Image size of job updated: 1678
	1678  -  MemoryUsage of job (MB)
	1718312  -  ResidentSetSize of job (KB)
...
006 (73445674.000.000) 2021-09-25 09:35:22 Image size of job updated: 1678
	1678  -  MemoryUsage of job (MB)
	1718324  -  ResidentSetSize of job (KB)
...
006 (73445674.000.000) 2021-09-25 09:36:23 Image size of job updated: 1678
	1678  -  MemoryUsage of job (MB)
	1718328  -  ResidentSetSize of job (KB)
...
006 (73445674.000.000) 2021-09-25 09:37:24 Image size of job updated: 1679
	1679  -  MemoryUsage of job (MB)
	1719496  -  ResidentSetSize of job (KB)
...
006 (73445674.000.000) 2021-09-25 09:38:24 Image size of job updated: 1679
	1679  -  MemoryUsage of job (MB)
	1719840  -  ResidentSetSize of job (KB)
...
006 (73445674.000.000) 2021-09-25 09:39:25 Image size of job updated: 1679
	1679  -  MemoryUsage of job (MB)
	1719848  -  ResidentSetSize of job (KB)
...
006 (73445674.000.000) 2021-09-25 09:40:25 Image size of job updated: 1679
	1679  -  MemoryUsage of job (MB)
	1719856  -  ResidentSetSize of job (KB)
...
006 (73445674.000.000) 2021-09-25 09:41:26 Image size of job updated: 1679
	1679  -  MemoryUsage of job (MB)
	1719860  -  ResidentSetSize of job (KB)
...
006 (73445674.000.000) 2021-09-25 09:43:27 Image size of job updated: 1679
	1679  -  MemoryUsage of job (MB)
	1719872  -  ResidentSetSize of job (KB)
...
006 (73445674.000.000) 2021-09-25 09:44:27 Image size of job updated: 1679
	1679  -  MemoryUsage of job (MB)
	1720072  -  ResidentSetSize of job (KB)
...
006 (73445674.000.000) 2021-09-25 09:45:28 Image size of job updated: 1680
	1680  -  MemoryUsage of job (MB)
	1721228  -  ResidentSetSize of job (KB)
...
006 (73445674.000.000) 2021-09-25 09:52:32 Image size of job updated: 1682
	1682  -  MemoryUsage of job (MB)
	1722372  -  ResidentSetSize of job (KB)
...
006 (73445674.000.000) 2021-09-25 09:53:32 Image size of job updated: 1682
	1682  -  MemoryUsage of job (MB)
	1722376  -  ResidentSetSize of job (KB)
...
006 (73445674.000.000) 2021-09-25 09:54:34 Image size of job updated: 1682
	1682  -  MemoryUsage of job (MB)
	1722380  -  ResidentSetSize of job (KB)
...
006 (73445674.000.000) 2021-09-25 09:55:34 Image size of job updated: 1682
	1682  -  MemoryUsage of job (MB)
	1722384  -  ResidentSetSize of job (KB)
...
006 (73445674.000.000) 2021-09-25 09:59:35 Image size of job updated: 1682
	1682  -  MemoryUsage of job (MB)
	1723268  -  ResidentSetSize of job (KB)
...
006 (73445674.000.000) 2021-09-25 10:00:35 Image size of job updated: 1682
	1682  -  MemoryUsage of job (MB)
	1723276  -  ResidentSetSize of job (KB)
...
006 (73445674.000.000) 2021-09-25 10:01:35 Image size of job updated: 1682
	1682  -  MemoryUsage of job (MB)
	1723280  -  ResidentSetSize of job (KB)
...
006 (73445674.000.000) 2021-09-25 10:03:37 Image size of job updated: 1682
	1682  -  MemoryUsage of job (MB)
	1723284  -  ResidentSetSize of job (KB)
...
006 (73445674.000.000) 2021-09-25 10:05:37 Image size of job updated: 1682
	1682  -  MemoryUsage of job (MB)
	1723288  -  ResidentSetSize of job (KB)
...
006 (73445674.000.000) 2021-09-25 10:07:38 Image size of job updated: 1683
	1683  -  MemoryUsage of job (MB)
	1724332  -  ResidentSetSize of job (KB)
...
006 (73445674.000.000) 2021-09-25 10:08:39 Image size of job updated: 1684
	1684  -  MemoryUsage of job (MB)
	1724464  -  ResidentSetSize of job (KB)
...
006 (73445674.000.000) 2021-09-25 10:09:40 Image size of job updated: 1684
	1684  -  MemoryUsage of job (MB)
	1724472  -  ResidentSetSize of job (KB)
...
006 (73445674.000.000) 2021-09-25 10:15:43 Image size of job updated: 1685
	1685  -  MemoryUsage of job (MB)
	1725888  -  ResidentSetSize of job (KB)
...
006 (73445674.000.000) 2021-09-25 10:16:43 Image size of job updated: 1685
	1685  -  MemoryUsage of job (MB)
	1725896  -  ResidentSetSize of job (KB)
...
006 (73445674.000.000) 2021-09-25 10:19:45 Image size of job updated: 1685
	1685  -  MemoryUsage of job (MB)
	1725904  -  ResidentSetSize of job (KB)
...
006 (73445674.000.000) 2021-09-25 10:23:46 Image size of job updated: 1686
	1686  -  MemoryUsage of job (MB)
	1727216  -  ResidentSetSize of job (KB)
...
006 (73445674.000.000) 2021-09-25 10:24:46 Image size of job updated: 1686
	1686  -  MemoryUsage of job (MB)
	1727228  -  ResidentSetSize of job (KB)
...
006 (73445674.000.000) 2021-09-25 10:26:49 Image size of job updated: 1686
	1686  -  MemoryUsage of job (MB)
	1727232  -  ResidentSetSize of job (KB)
...
006 (73445674.000.000) 2021-09-25 10:31:53 Image size of job updated: 1687
	1687  -  MemoryUsage of job (MB)
	1728276  -  ResidentSetSize of job (KB)
...
006 (73445674.000.000) 2021-09-25 10:32:53 Image size of job updated: 1687
	1687  -  MemoryUsage of job (MB)
	1728284  -  ResidentSetSize of job (KB)
...
006 (73445674.000.000) 2021-09-25 10:33:53 Image size of job updated: 1687
	1687  -  MemoryUsage of job (MB)
	1728292  -  ResidentSetSize of job (KB)
...
006 (73445674.000.000) 2021-09-25 10:34:54 Image size of job updated: 1687
	1687  -  MemoryUsage of job (MB)
	1728304  -  ResidentSetSize of job (KB)
...
006 (73445674.000.000) 2021-09-25 10:35:54 Image size of job updated: 1687
	1687  -  MemoryUsage of job (MB)
	1728320  -  ResidentSetSize of job (KB)
...
006 (73445674.000.000) 2021-09-25 10:36:54 Image size of job updated: 1687
	1687  -  MemoryUsage of job (MB)
	1728328  -  ResidentSetSize of job (KB)
...
006 (73445674.000.000) 2021-09-25 10:37:55 Image size of job updated: 1687
	1687  -  MemoryUsage of job (MB)
	1728332  -  ResidentSetSize of job (KB)
...
006 (73445674.000.000) 2021-09-25 10:38:55 Image size of job updated: 1689
	1689  -  MemoryUsage of job (MB)
	1729560  -  ResidentSetSize of job (KB)
...
006 (73445674.000.000) 2021-09-25 10:39:55 Image size of job updated: 1689
	1689  -  MemoryUsage of job (MB)
	1729564  -  ResidentSetSize of job (KB)
...
006 (73445674.000.000) 2021-09-25 10:40:56 Image size of job updated: 1689
	1689  -  MemoryUsage of job (MB)
	1729568  -  ResidentSetSize of job (KB)
...
006 (73445674.000.000) 2021-09-25 10:41:56 Image size of job updated: 1689
	1689  -  MemoryUsage of job (MB)
	1729572  -  ResidentSetSize of job (KB)
...
006 (73445674.000.000) 2021-09-25 10:42:57 Image size of job updated: 1689
	1689  -  MemoryUsage of job (MB)
	1729576  -  ResidentSetSize of job (KB)
...
006 (73445674.000.000) 2021-09-25 10:43:58 Image size of job updated: 1689
	1689  -  MemoryUsage of job (MB)
	1729596  -  ResidentSetSize of job (KB)
...
006 (73445674.000.000) 2021-09-25 10:46:59 Image size of job updated: 1690
	1690  -  MemoryUsage of job (MB)
	1730820  -  ResidentSetSize of job (KB)
...
006 (73445674.000.000) 2021-09-25 10:47:59 Image size of job updated: 1690
	1690  -  MemoryUsage of job (MB)
	1730824  -  ResidentSetSize of job (KB)
...
006 (73445674.000.000) 2021-09-25 10:49:00 Image size of job updated: 1690
	1690  -  MemoryUsage of job (MB)
	1730828  -  ResidentSetSize of job (KB)
...
006 (73445674.000.000) 2021-09-25 10:51:00 Image size of job updated: 1690
	1690  -  MemoryUsage of job (MB)
	1730836  -  ResidentSetSize of job (KB)
...
006 (73445674.000.000) 2021-09-25 10:53:02 Image size of job updated: 1690
	1690  -  MemoryUsage of job (MB)
	1731008  -  ResidentSetSize of job (KB)
...
006 (73445674.000.000) 2021-09-25 10:54:02 Image size of job updated: 1691
	1691  -  MemoryUsage of job (MB)
	1731872  -  ResidentSetSize of job (KB)
...
006 (73445674.000.000) 2021-09-25 10:57:03 Image size of job updated: 1691
	1691  -  MemoryUsage of job (MB)
	1731876  -  ResidentSetSize of job (KB)
...
006 (73445674.000.000) 2021-09-25 10:59:04 Image size of job updated: 1691
	1691  -  MemoryUsage of job (MB)
	1731880  -  ResidentSetSize of job (KB)
...
006 (73445674.000.000) 2021-09-25 11:00:04 Image size of job updated: 1691
	1691  -  MemoryUsage of job (MB)
	1732084  -  ResidentSetSize of job (KB)
...
006 (73445674.000.000) 2021-09-25 11:01:06 Image size of job updated: 1691
	1691  -  MemoryUsage of job (MB)
	1732096  -  ResidentSetSize of job (KB)
...
006 (73445674.000.000) 2021-09-25 11:02:06 Image size of job updated: 1692
	1692  -  MemoryUsage of job (MB)
	1733116  -  ResidentSetSize of job (KB)
...
006 (73445674.000.000) 2021-09-25 11:04:07 Image size of job updated: 1692
	1692  -  MemoryUsage of job (MB)
	1733128  -  ResidentSetSize of job (KB)
...
006 (73445674.000.000) 2021-09-25 11:05:07 Image size of job updated: 1692
	1692  -  MemoryUsage of job (MB)
	1733132  -  ResidentSetSize of job (KB)
...
006 (73445674.000.000) 2021-09-25 11:06:07 Image size of job updated: 1692
	1692  -  MemoryUsage of job (MB)
	1733144  -  ResidentSetSize of job (KB)
...
006 (73445674.000.000) 2021-09-25 11:07:08 Image size of job updated: 1692
	1692  -  MemoryUsage of job (MB)
	1733156  -  ResidentSetSize of job (KB)
...
006 (73445674.000.000) 2021-09-25 11:08:08 Image size of job updated: 1692
	1692  -  MemoryUsage of job (MB)
	1733208  -  ResidentSetSize of job (KB)
...
006 (73445674.000.000) 2021-09-25 11:09:08 Image size of job updated: 1693
	1693  -  MemoryUsage of job (MB)
	1733796  -  ResidentSetSize of job (KB)
...
006 (73445674.000.000) 2021-09-25 11:15:12 Image size of job updated: 1693
	1693  -  MemoryUsage of job (MB)
	1734220  -  ResidentSetSize of job (KB)
...
006 (73445674.000.000) 2021-09-25 11:16:13 Image size of job updated: 1694
	1694  -  MemoryUsage of job (MB)
	1735064  -  ResidentSetSize of job (KB)
...
006 (73445674.000.000) 2021-09-25 11:18:15 Image size of job updated: 1694
	1694  -  MemoryUsage of job (MB)
	1735072  -  ResidentSetSize of job (KB)
...
006 (73445674.000.000) 2021-09-25 11:19:16 Image size of job updated: 1694
	1694  -  MemoryUsage of job (MB)
	1735076  -  ResidentSetSize of job (KB)
...
006 (73445674.000.000) 2021-09-25 11:20:17 Image size of job updated: 1694
	1694  -  MemoryUsage of job (MB)
	1735092  -  ResidentSetSize of job (KB)
...
006 (73445674.000.000) 2021-09-25 11:21:17 Image size of job updated: 1694
	1694  -  MemoryUsage of job (MB)
	1735104  -  ResidentSetSize of job (KB)
...
006 (73445674.000.000) 2021-09-25 11:22:18 Image size of job updated: 1695
	1695  -  MemoryUsage of job (MB)
	1735820  -  ResidentSetSize of job (KB)
...
006 (73445674.000.000) 2021-09-25 11:23:18 Image size of job updated: 1695
	1695  -  MemoryUsage of job (MB)
	1736168  -  ResidentSetSize of job (KB)
...
006 (73445674.000.000) 2021-09-25 11:24:18 Image size of job updated: 1695
	1695  -  MemoryUsage of job (MB)
	1736172  -  ResidentSetSize of job (KB)
...
006 (73445674.000.000) 2021-09-25 11:27:20 Image size of job updated: 1695
	1695  -  MemoryUsage of job (MB)
	1736176  -  ResidentSetSize of job (KB)
...
006 (73445674.000.000) 2021-09-25 11:30:21 Image size of job updated: 1696
	1696  -  MemoryUsage of job (MB)
	1736992  -  ResidentSetSize of job (KB)
...
006 (73445674.000.000) 2021-09-25 11:32:22 Image size of job updated: 1696
	1696  -  MemoryUsage of job (MB)
	1736996  -  ResidentSetSize of job (KB)
...
006 (73445674.000.000) 2021-09-25 11:33:24 Image size of job updated: 1696
	1696  -  MemoryUsage of job (MB)
	1737000  -  ResidentSetSize of job (KB)
...
006 (73445674.000.000) 2021-09-25 11:37:24 Image size of job updated: 1697
	1697  -  MemoryUsage of job (MB)
	1738556  -  ResidentSetSize of job (KB)
...
006 (73445674.000.000) 2021-09-25 11:38:25 Image size of job updated: 1697
	1697  -  MemoryUsage of job (MB)
	1738564  -  ResidentSetSize of job (KB)
...
006 (73445674.000.000) 2021-09-25 11:39:25 Image size of job updated: 1697
	1697  -  MemoryUsage of job (MB)
	1738568  -  ResidentSetSize of job (KB)
...
006 (73445674.000.000) 2021-09-25 11:41:27 Image size of job updated: 1697
	1697  -  MemoryUsage of job (MB)
	1738576  -  ResidentSetSize of job (KB)
...
006 (73445674.000.000) 2021-09-25 11:42:28 Image size of job updated: 1697
	1697  -  MemoryUsage of job (MB)
	1738584  -  ResidentSetSize of job (KB)
...
006 (73445674.000.000) 2021-09-25 11:43:29 Image size of job updated: 1697
	1697  -  MemoryUsage of job (MB)
	1738592  -  ResidentSetSize of job (KB)
...
006 (73445674.000.000) 2021-09-25 11:44:30 Image size of job updated: 1698
	1698  -  MemoryUsage of job (MB)
	1739076  -  ResidentSetSize of job (KB)
...
006 (73445674.000.000) 2021-09-25 11:45:30 Image size of job updated: 1698
	1698  -  MemoryUsage of job (MB)
	1739080  -  ResidentSetSize of job (KB)
...
006 (73445674.000.000) 2021-09-25 11:47:31 Image size of job updated: 1698
	1698  -  MemoryUsage of job (MB)
	1739088  -  ResidentSetSize of job (KB)
...
006 (73445674.000.000) 2021-09-25 11:50:32 Image size of job updated: 1698
	1698  -  MemoryUsage of job (MB)
	1739548  -  ResidentSetSize of job (KB)
...
006 (73445674.000.000) 2021-09-25 11:51:34 Image size of job updated: 1699
	1699  -  MemoryUsage of job (MB)
	1740464  -  ResidentSetSize of job (KB)
...
006 (73445674.000.000) 2021-09-25 11:54:36 Image size of job updated: 1699
	1699  -  MemoryUsage of job (MB)
	1740484  -  ResidentSetSize of job (KB)
...
006 (73445674.000.000) 2021-09-25 11:55:37 Image size of job updated: 1699
	1699  -  MemoryUsage of job (MB)
	1740500  -  ResidentSetSize of job (KB)
...
006 (73445674.000.000) 2021-09-25 11:56:38 Image size of job updated: 1700
	1700  -  MemoryUsage of job (MB)
	1740816  -  ResidentSetSize of job (KB)
...
006 (73445674.000.000) 2021-09-25 11:57:40 Image size of job updated: 1700
	1700  -  MemoryUsage of job (MB)
	1741308  -  ResidentSetSize of job (KB)
...
006 (73445674.000.000) 2021-09-25 12:02:43 Image size of job updated: 1701
	1701  -  MemoryUsage of job (MB)
	1741920  -  ResidentSetSize of job (KB)
...
006 (73445674.000.000) 2021-09-25 12:03:43 Image size of job updated: 1701
	1701  -  MemoryUsage of job (MB)
	1741924  -  ResidentSetSize of job (KB)
...
006 (73445674.000.000) 2021-09-25 12:05:44 Image size of job updated: 1701
	1701  -  MemoryUsage of job (MB)
	1741932  -  ResidentSetSize of job (KB)
...
006 (73445674.000.000) 2021-09-25 12:08:45 Image size of job updated: 1702
	1702  -  MemoryUsage of job (MB)
	1742968  -  ResidentSetSize of job (KB)
...
006 (73445674.000.000) 2021-09-25 12:11:47 Image size of job updated: 1702
	1702  -  MemoryUsage of job (MB)
	1742972  -  ResidentSetSize of job (KB)
...
006 (73445674.000.000) 2021-09-25 12:12:47 Image size of job updated: 1702
	1702  -  MemoryUsage of job (MB)
	1742980  -  ResidentSetSize of job (KB)
...
006 (73445674.000.000) 2021-09-25 12:13:47 Image size of job updated: 1702
	1702  -  MemoryUsage of job (MB)
	1743368  -  ResidentSetSize of job (KB)
...
006 (73445674.000.000) 2021-09-25 12:19:50 Image size of job updated: 1703
	1703  -  MemoryUsage of job (MB)
	1743932  -  ResidentSetSize of job (KB)
...
006 (73445674.000.000) 2021-09-25 12:20:51 Image size of job updated: 1703
	1703  -  MemoryUsage of job (MB)
	1743936  -  ResidentSetSize of job (KB)
...
006 (73445674.000.000) 2021-09-25 12:21:51 Image size of job updated: 1703
	1703  -  MemoryUsage of job (MB)
	1743940  -  ResidentSetSize of job (KB)
...
006 (73445674.000.000) 2021-09-25 12:22:52 Image size of job updated: 1703
	1703  -  MemoryUsage of job (MB)
	1743944  -  ResidentSetSize of job (KB)
...
006 (73445674.000.000) 2021-09-25 12:23:53 Image size of job updated: 1703
	1703  -  MemoryUsage of job (MB)
	1743952  -  ResidentSetSize of job (KB)
...
006 (73445674.000.000) 2021-09-25 12:24:53 Image size of job updated: 1706
	1706  -  MemoryUsage of job (MB)
	1747156  -  ResidentSetSize of job (KB)
...
006 (73445674.000.000) 2021-09-25 12:25:54 Image size of job updated: 1706
	1706  -  MemoryUsage of job (MB)
	1747176  -  ResidentSetSize of job (KB)
...
006 (73445674.000.000) 2021-09-25 12:26:55 Image size of job updated: 1706
	1706  -  MemoryUsage of job (MB)
	1747212  -  ResidentSetSize of job (KB)
...
006 (73445674.000.000) 2021-09-25 12:27:57 Image size of job updated: 1706
	1706  -  MemoryUsage of job (MB)
	1747232  -  ResidentSetSize of job (KB)
...
006 (73445674.000.000) 2021-09-25 12:28:58 Image size of job updated: 1706
	1706  -  MemoryUsage of job (MB)
	1747264  -  ResidentSetSize of job (KB)
...
006 (73445674.000.000) 2021-09-25 12:29:59 Image size of job updated: 1712
	1712  -  MemoryUsage of job (MB)
	1753128  -  ResidentSetSize of job (KB)
...
006 (73445674.000.000) 2021-09-25 12:31:00 Image size of job updated: 1714
	1714  -  MemoryUsage of job (MB)
	1755312  -  ResidentSetSize of job (KB)
...
006 (73445674.000.000) 2021-09-25 12:32:01 Image size of job updated: 1714
	1714  -  MemoryUsage of job (MB)
	1755320  -  ResidentSetSize of job (KB)
...
006 (73445674.000.000) 2021-09-25 12:33:02 Image size of job updated: 1714
	1714  -  MemoryUsage of job (MB)
	1755336  -  ResidentSetSize of job (KB)
...
006 (73445674.000.000) 2021-09-25 12:34:02 Image size of job updated: 1714
	1714  -  MemoryUsage of job (MB)
	1755352  -  ResidentSetSize of job (KB)
...
006 (73445674.000.000) 2021-09-25 12:35:02 Image size of job updated: 1714
	1714  -  MemoryUsage of job (MB)
	1755656  -  ResidentSetSize of job (KB)
...
006 (73445674.000.000) 2021-09-25 12:36:03 Image size of job updated: 1715
	1715  -  MemoryUsage of job (MB)
	1757036  -  ResidentSetSize of job (KB)
...
006 (73445674.000.000) 2021-09-25 12:37:04 Image size of job updated: 1715
	1715  -  MemoryUsage of job (MB)
	1757040  -  ResidentSetSize of job (KB)
...
006 (73445674.000.000) 2021-09-25 12:38:05 Image size of job updated: 1715
	1715  -  MemoryUsage of job (MB)
	1757044  -  ResidentSetSize of job (KB)
...
006 (73445674.000.000) 2021-09-25 12:39:05 Image size of job updated: 1715
	1715  -  MemoryUsage of job (MB)
	1757064  -  ResidentSetSize of job (KB)
...
006 (73445674.000.000) 2021-09-25 12:40:06 Image size of job updated: 1715
	1715  -  MemoryUsage of job (MB)
	1757072  -  ResidentSetSize of job (KB)
...
006 (73445674.000.000) 2021-09-25 12:41:07 Image size of job updated: 1717
	1717  -  MemoryUsage of job (MB)
	1758332  -  ResidentSetSize of job (KB)
...
006 (73445674.000.000) 2021-09-25 12:42:09 Image size of job updated: 1718
	1718  -  MemoryUsage of job (MB)
	1759408  -  ResidentSetSize of job (KB)
...
006 (73445674.000.000) 2021-09-25 12:43:09 Image size of job updated: 1718
	1718  -  MemoryUsage of job (MB)
	1759416  -  ResidentSetSize of job (KB)
...
006 (73445674.000.000) 2021-09-25 12:46:11 Image size of job updated: 1718
	1718  -  MemoryUsage of job (MB)
	1759624  -  ResidentSetSize of job (KB)
...
006 (73445674.000.000) 2021-09-25 12:47:12 Image size of job updated: 1718
	1718  -  MemoryUsage of job (MB)
	1759772  -  ResidentSetSize of job (KB)
...
006 (73445674.000.000) 2021-09-25 12:48:13 Image size of job updated: 1719
	1719  -  MemoryUsage of job (MB)
	1761012  -  ResidentSetSize of job (KB)
...
006 (73445674.000.000) 2021-09-25 12:49:15 Image size of job updated: 1719
	1719  -  MemoryUsage of job (MB)
	1761036  -  ResidentSetSize of job (KB)
...
006 (73445674.000.000) 2021-09-25 12:50:15 Image size of job updated: 1719
	1719  -  MemoryUsage of job (MB)
	1761052  -  ResidentSetSize of job (KB)
...
006 (73445674.000.000) 2021-09-25 12:51:15 Image size of job updated: 1720
	1720  -  MemoryUsage of job (MB)
	1761628  -  ResidentSetSize of job (KB)
...
006 (73445674.000.000) 2021-09-25 12:52:16 Image size of job updated: 1721
	1721  -  MemoryUsage of job (MB)
	1762592  -  ResidentSetSize of job (KB)
...
006 (73445674.000.000) 2021-09-25 12:53:16 Image size of job updated: 1721
	1721  -  MemoryUsage of job (MB)
	1762596  -  ResidentSetSize of job (KB)
...
006 (73445674.000.000) 2021-09-25 12:54:17 Image size of job updated: 1721
	1721  -  MemoryUsage of job (MB)
	1762600  -  ResidentSetSize of job (KB)
...
006 (73445674.000.000) 2021-09-25 12:56:18 Image size of job updated: 1721
	1721  -  MemoryUsage of job (MB)
	1763300  -  ResidentSetSize of job (KB)
...
006 (73445674.000.000) 2021-09-25 12:57:18 Image size of job updated: 1722
	1722  -  MemoryUsage of job (MB)
	1763720  -  ResidentSetSize of job (KB)
...
006 (73445674.000.000) 2021-09-25 13:00:20 Image size of job updated: 1722
	1722  -  MemoryUsage of job (MB)
	1763724  -  ResidentSetSize of job (KB)
...
006 (73445674.000.000) 2021-09-25 13:01:20 Image size of job updated: 1723
	1723  -  MemoryUsage of job (MB)
	1764444  -  ResidentSetSize of job (KB)
...
006 (73445674.000.000) 2021-09-25 13:02:21 Image size of job updated: 1723
	1723  -  MemoryUsage of job (MB)
	1764448  -  ResidentSetSize of job (KB)
...
006 (73445674.000.000) 2021-09-25 13:05:22 Image size of job updated: 1723
	1723  -  MemoryUsage of job (MB)
	1764856  -  ResidentSetSize of job (KB)
...
006 (73445674.000.000) 2021-09-25 13:06:22 Image size of job updated: 1723
	1723  -  MemoryUsage of job (MB)
	1764860  -  ResidentSetSize of job (KB)
...
006 (73445674.000.000) 2021-09-25 13:08:23 Image size of job updated: 1723
	1723  -  MemoryUsage of job (MB)
	1764864  -  ResidentSetSize of job (KB)
...
006 (73445674.000.000) 2021-09-25 13:09:23 Image size of job updated: 1723
	1723  -  MemoryUsage of job (MB)
	1764868  -  ResidentSetSize of job (KB)
...
006 (73445674.000.000) 2021-09-25 13:10:24 Image size of job updated: 1724
	1724  -  MemoryUsage of job (MB)
	1765532  -  ResidentSetSize of job (KB)
...
006 (73445674.000.000) 2021-09-25 13:12:25 Image size of job updated: 1724
	1724  -  MemoryUsage of job (MB)
	1765536  -  ResidentSetSize of job (KB)
...
006 (73445674.000.000) 2021-09-25 13:13:26 Image size of job updated: 1724
	1724  -  MemoryUsage of job (MB)
	1765540  -  ResidentSetSize of job (KB)
...
006 (73445674.000.000) 2021-09-25 13:14:27 Image size of job updated: 1724
	1724  -  MemoryUsage of job (MB)
	1766084  -  ResidentSetSize of job (KB)
...
006 (73445674.000.000) 2021-09-25 13:15:28 Image size of job updated: 1724
	1724  -  MemoryUsage of job (MB)
	1766088  -  ResidentSetSize of job (KB)
...
006 (73445674.000.000) 2021-09-25 13:16:28 Image size of job updated: 1724
	1724  -  MemoryUsage of job (MB)
	1766092  -  ResidentSetSize of job (KB)
...
006 (73445674.000.000) 2021-09-25 13:18:30 Image size of job updated: 1724
	1724  -  MemoryUsage of job (MB)
	1766380  -  ResidentSetSize of job (KB)
...
006 (73445674.000.000) 2021-09-25 13:19:31 Image size of job updated: 1725
	1725  -  MemoryUsage of job (MB)
	1766620  -  ResidentSetSize of job (KB)
...
006 (73445674.000.000) 2021-09-25 13:20:32 Image size of job updated: 1725
	1725  -  MemoryUsage of job (MB)
	1766624  -  ResidentSetSize of job (KB)
...
006 (73445674.000.000) 2021-09-25 13:22:34 Image size of job updated: 1725
	1725  -  MemoryUsage of job (MB)
	1766816  -  ResidentSetSize of job (KB)
...
006 (73445674.000.000) 2021-09-25 13:23:34 Image size of job updated: 1725
	1725  -  MemoryUsage of job (MB)
	1767300  -  ResidentSetSize of job (KB)
...
006 (73445674.000.000) 2021-09-25 13:27:37 Image size of job updated: 1726
	1726  -  MemoryUsage of job (MB)
	1767660  -  ResidentSetSize of job (KB)
...
006 (73445674.000.000) 2021-09-25 13:28:38 Image size of job updated: 1726
	1726  -  MemoryUsage of job (MB)
	1767668  -  ResidentSetSize of job (KB)
...
006 (73445674.000.000) 2021-09-25 13:30:40 Image size of job updated: 1726
	1726  -  MemoryUsage of job (MB)
	1767672  -  ResidentSetSize of job (KB)
...
006 (73445674.000.000) 2021-09-25 13:31:41 Image size of job updated: 1726
	1726  -  MemoryUsage of job (MB)
	1767884  -  ResidentSetSize of job (KB)
...
006 (73445674.000.000) 2021-09-25 13:32:41 Image size of job updated: 1727
	1727  -  MemoryUsage of job (MB)
	1768456  -  ResidentSetSize of job (KB)
...
006 (73445674.000.000) 2021-09-25 13:35:44 Image size of job updated: 1727
	1727  -  MemoryUsage of job (MB)
	1768588  -  ResidentSetSize of job (KB)
...
006 (73445674.000.000) 2021-09-25 13:36:44 Image size of job updated: 1728
	1728  -  MemoryUsage of job (MB)
	1769492  -  ResidentSetSize of job (KB)
...
006 (73445674.000.000) 2021-09-25 13:37:45 Image size of job updated: 1728
	1728  -  MemoryUsage of job (MB)
	1769508  -  ResidentSetSize of job (KB)
...
006 (73445674.000.000) 2021-09-25 13:38:45 Image size of job updated: 1728
	1728  -  MemoryUsage of job (MB)
	1769532  -  ResidentSetSize of job (KB)
...
006 (73445674.000.000) 2021-09-25 13:39:46 Image size of job updated: 1728
	1728  -  MemoryUsage of job (MB)
	1769548  -  ResidentSetSize of job (KB)
...
006 (73445674.000.000) 2021-09-25 13:40:46 Image size of job updated: 1728
	1728  -  MemoryUsage of job (MB)
	1770048  -  ResidentSetSize of job (KB)
...
006 (73445674.000.000) 2021-09-25 13:42:47 Image size of job updated: 1728
	1728  -  MemoryUsage of job (MB)
	1770052  -  ResidentSetSize of job (KB)
...
006 (73445674.000.000) 2021-09-25 13:44:49 Image size of job updated: 1728
	1728  -  MemoryUsage of job (MB)
	1770056  -  ResidentSetSize of job (KB)
...
006 (73445674.000.000) 2021-09-25 13:45:50 Image size of job updated: 1729
	1729  -  MemoryUsage of job (MB)
	1770864  -  ResidentSetSize of job (KB)
...
006 (73445674.000.000) 2021-09-25 13:46:51 Image size of job updated: 1729
	1729  -  MemoryUsage of job (MB)
	1770872  -  ResidentSetSize of job (KB)
...
006 (73445674.000.000) 2021-09-25 13:47:51 Image size of job updated: 1729
	1729  -  MemoryUsage of job (MB)
	1770876  -  ResidentSetSize of job (KB)
...
006 (73445674.000.000) 2021-09-25 13:48:52 Image size of job updated: 1729
	1729  -  MemoryUsage of job (MB)
	1770884  -  ResidentSetSize of job (KB)
...
006 (73445674.000.000) 2021-09-25 13:49:52 Image size of job updated: 1729
	1729  -  MemoryUsage of job (MB)
	1771132  -  ResidentSetSize of job (KB)
...
006 (73445674.000.000) 2021-09-25 13:53:55 Image size of job updated: 1729
	1729  -  MemoryUsage of job (MB)
	1771176  -  ResidentSetSize of job (KB)
...
006 (73445674.000.000) 2021-09-25 13:54:56 Image size of job updated: 1729
	1729  -  MemoryUsage of job (MB)
	1771304  -  ResidentSetSize of job (KB)
...
006 (73445674.000.000) 2021-09-25 13:55:57 Image size of job updated: 1729
	1729  -  MemoryUsage of job (MB)
	1771308  -  ResidentSetSize of job (KB)
...
006 (73445674.000.000) 2021-09-25 13:56:58 Image size of job updated: 1729
	1729  -  MemoryUsage of job (MB)
	1771316  -  ResidentSetSize of job (KB)
...
006 (73445674.000.000) 2021-09-25 13:57:58 Image size of job updated: 1729
	1729  -  MemoryUsage of job (MB)
	1771328  -  ResidentSetSize of job (KB)
...
006 (73445674.000.000) 2021-09-25 13:58:58 Image size of job updated: 1730
	1730  -  MemoryUsage of job (MB)
	1771584  -  ResidentSetSize of job (KB)
...
006 (73445674.000.000) 2021-09-25 14:03:01 Image size of job updated: 1730
	1730  -  MemoryUsage of job (MB)
	1771672  -  ResidentSetSize of job (KB)
...
006 (73445674.000.000) 2021-09-25 14:04:02 Image size of job updated: 1730
	1730  -  MemoryUsage of job (MB)
	1771676  -  ResidentSetSize of job (KB)
...
006 (73445674.000.000) 2021-09-25 14:07:04 Image size of job updated: 1730
	1730  -  MemoryUsage of job (MB)
	1771692  -  ResidentSetSize of job (KB)
...
006 (73445674.000.000) 2021-09-25 14:08:04 Image size of job updated: 1730
	1730  -  MemoryUsage of job (MB)
	1771704  -  ResidentSetSize of job (KB)
...
006 (73445674.000.000) 2021-09-25 14:09:05 Image size of job updated: 1730
	1730  -  MemoryUsage of job (MB)
	1771708  -  ResidentSetSize of job (KB)
...
006 (73445674.000.000) 2021-09-25 14:10:05 Image size of job updated: 1730
	1730  -  MemoryUsage of job (MB)
	1771712  -  ResidentSetSize of job (KB)
...
006 (73445674.000.000) 2021-09-25 14:11:06 Image size of job updated: 1730
	1730  -  MemoryUsage of job (MB)
	1771716  -  ResidentSetSize of job (KB)
...
006 (73445674.000.000) 2021-09-25 14:12:06 Image size of job updated: 1730
	1730  -  MemoryUsage of job (MB)
	1771784  -  ResidentSetSize of job (KB)
...
006 (73445674.000.000) 2021-09-25 14:16:09 Image size of job updated: 1730
	1730  -  MemoryUsage of job (MB)
	1771928  -  ResidentSetSize of job (KB)
...
006 (73445674.000.000) 2021-09-25 14:20:12 Image size of job updated: 1731
	1731  -  MemoryUsage of job (MB)
	1773232  -  ResidentSetSize of job (KB)
...
006 (73445674.000.000) 2021-09-25 14:21:13 Image size of job updated: 1731
	1731  -  MemoryUsage of job (MB)
	1773248  -  ResidentSetSize of job (KB)
...
006 (73445674.000.000) 2021-09-25 14:22:13 Image size of job updated: 1731
	1731  -  MemoryUsage of job (MB)
	1773268  -  ResidentSetSize of job (KB)
...
006 (73445674.000.000) 2021-09-25 14:23:14 Image size of job updated: 1731
	1731  -  MemoryUsage of job (MB)
	1773288  -  ResidentSetSize of job (KB)
...
006 (73445674.000.000) 2021-09-25 14:24:14 Image size of job updated: 1732
	1732  -  MemoryUsage of job (MB)
	1773664  -  ResidentSetSize of job (KB)
...
006 (73445674.000.000) 2021-09-25 14:25:15 Image size of job updated: 1733
	1733  -  MemoryUsage of job (MB)
	1774784  -  ResidentSetSize of job (KB)
...
006 (73445674.000.000) 2021-09-25 14:27:16 Image size of job updated: 1733
	1733  -  MemoryUsage of job (MB)
	1774804  -  ResidentSetSize of job (KB)
...
006 (73445674.000.000) 2021-09-25 14:28:17 Image size of job updated: 1733
	1733  -  MemoryUsage of job (MB)
	1774812  -  ResidentSetSize of job (KB)
...
006 (73445674.000.000) 2021-09-25 14:29:18 Image size of job updated: 1734
	1734  -  MemoryUsage of job (MB)
	1775916  -  ResidentSetSize of job (KB)
...
006 (73445674.000.000) 2021-09-25 14:30:19 Image size of job updated: 1734
	1734  -  MemoryUsage of job (MB)
	1775920  -  ResidentSetSize of job (KB)
...
006 (73445674.000.000) 2021-09-25 14:31:19 Image size of job updated: 1734
	1734  -  MemoryUsage of job (MB)
	1775928  -  ResidentSetSize of job (KB)
...
006 (73445674.000.000) 2021-09-25 14:32:19 Image size of job updated: 1734
	1734  -  MemoryUsage of job (MB)
	1775940  -  ResidentSetSize of job (KB)
...
006 (73445674.000.000) 2021-09-25 14:33:20 Image size of job updated: 1734
	1734  -  MemoryUsage of job (MB)
	1775956  -  ResidentSetSize of job (KB)
...
006 (73445674.000.000) 2021-09-25 14:34:20 Image size of job updated: 1735
	1735  -  MemoryUsage of job (MB)
	1776728  -  ResidentSetSize of job (KB)
...
006 (73445674.000.000) 2021-09-25 14:36:20 Image size of job updated: 1735
	1735  -  MemoryUsage of job (MB)
	1776732  -  ResidentSetSize of job (KB)
...
006 (73445674.000.000) 2021-09-25 14:37:20 Image size of job updated: 1735
	1735  -  MemoryUsage of job (MB)
	1776740  -  ResidentSetSize of job (KB)
...
006 (73445674.000.000) 2021-09-25 14:38:21 Image size of job updated: 1735
	1735  -  MemoryUsage of job (MB)
	1777648  -  ResidentSetSize of job (KB)
...
006 (73445674.000.000) 2021-09-25 14:42:23 Image size of job updated: 1736
	1736  -  MemoryUsage of job (MB)
	1777900  -  ResidentSetSize of job (KB)
...
006 (73445674.000.000) 2021-09-25 14:43:23 Image size of job updated: 1736
	1736  -  MemoryUsage of job (MB)
	1778456  -  ResidentSetSize of job (KB)
...
006 (73445674.000.000) 2021-09-25 14:44:24 Image size of job updated: 1736
	1736  -  MemoryUsage of job (MB)
	1778460  -  ResidentSetSize of job (KB)
...
006 (73445674.000.000) 2021-09-25 14:47:26 Image size of job updated: 1737
	1737  -  MemoryUsage of job (MB)
	1779264  -  ResidentSetSize of job (KB)
...
006 (73445674.000.000) 2021-09-25 14:49:27 Image size of job updated: 1737
	1737  -  MemoryUsage of job (MB)
	1779268  -  ResidentSetSize of job (KB)
...
006 (73445674.000.000) 2021-09-25 14:52:29 Image size of job updated: 1738
	1738  -  MemoryUsage of job (MB)
	1780112  -  ResidentSetSize of job (KB)
...
006 (73445674.000.000) 2021-09-25 14:53:29 Image size of job updated: 1738
	1738  -  MemoryUsage of job (MB)
	1780120  -  ResidentSetSize of job (KB)
...
006 (73445674.000.000) 2021-09-25 14:56:31 Image size of job updated: 1738
	1738  -  MemoryUsage of job (MB)
	1780528  -  ResidentSetSize of job (KB)
...
006 (73445674.000.000) 2021-09-25 14:57:32 Image size of job updated: 1738
	1738  -  MemoryUsage of job (MB)
	1780532  -  ResidentSetSize of job (KB)
...
006 (73445674.000.000) 2021-09-25 15:00:33 Image size of job updated: 1739
	1739  -  MemoryUsage of job (MB)
	1781124  -  ResidentSetSize of job (KB)
...
006 (73445674.000.000) 2021-09-25 15:05:37 Image size of job updated: 1739
	1739  -  MemoryUsage of job (MB)
	1781524  -  ResidentSetSize of job (KB)
...
006 (73445674.000.000) 2021-09-25 15:06:37 Image size of job updated: 1739
	1739  -  MemoryUsage of job (MB)
	1781532  -  ResidentSetSize of job (KB)
...
006 (73445674.000.000) 2021-09-25 15:07:38 Image size of job updated: 1739
	1739  -  MemoryUsage of job (MB)
	1781540  -  ResidentSetSize of job (KB)
...
006 (73445674.000.000) 2021-09-25 15:08:38 Image size of job updated: 1739
	1739  -  MemoryUsage of job (MB)
	1781548  -  ResidentSetSize of job (KB)
...
006 (73445674.000.000) 2021-09-25 15:09:39 Image size of job updated: 1740
	1740  -  MemoryUsage of job (MB)
	1781948  -  ResidentSetSize of job (KB)
...
006 (73445674.000.000) 2021-09-25 15:10:39 Image size of job updated: 1740
	1740  -  MemoryUsage of job (MB)
	1781952  -  ResidentSetSize of job (KB)
...
006 (73445674.000.000) 2021-09-25 15:11:40 Image size of job updated: 1740
	1740  -  MemoryUsage of job (MB)
	1781960  -  ResidentSetSize of job (KB)
...
006 (73445674.000.000) 2021-09-25 15:12:40 Image size of job updated: 1740
	1740  -  MemoryUsage of job (MB)
	1781968  -  ResidentSetSize of job (KB)
...
006 (73445674.000.000) 2021-09-25 15:13:41 Image size of job updated: 1740
	1740  -  MemoryUsage of job (MB)
	1782000  -  ResidentSetSize of job (KB)
...
006 (73445674.000.000) 2021-09-25 15:15:42 Image size of job updated: 1740
	1740  -  MemoryUsage of job (MB)
	1782004  -  ResidentSetSize of job (KB)
...
006 (73445674.000.000) 2021-09-25 15:16:43 Image size of job updated: 1740
	1740  -  MemoryUsage of job (MB)
	1782012  -  ResidentSetSize of job (KB)
...
006 (73445674.000.000) 2021-09-25 15:17:43 Image size of job updated: 1740
	1740  -  MemoryUsage of job (MB)
	1782116  -  ResidentSetSize of job (KB)
...
006 (73445674.000.000) 2021-09-25 15:19:44 Image size of job updated: 1740
	1740  -  MemoryUsage of job (MB)
	1782136  -  ResidentSetSize of job (KB)
...
006 (73445674.000.000) 2021-09-25 15:22:46 Image size of job updated: 1740
	1740  -  MemoryUsage of job (MB)
	1782260  -  ResidentSetSize of job (KB)
...
006 (73445674.000.000) 2021-09-25 15:26:49 Image size of job updated: 1740
	1740  -  MemoryUsage of job (MB)
	1782396  -  ResidentSetSize of job (KB)
...
006 (73445674.000.000) 2021-09-25 15:30:51 Image size of job updated: 1741
	1741  -  MemoryUsage of job (MB)
	1783316  -  ResidentSetSize of job (KB)
...
006 (73445674.000.000) 2021-09-25 15:31:51 Image size of job updated: 1741
	1741  -  MemoryUsage of job (MB)
	1783320  -  ResidentSetSize of job (KB)
...
006 (73445674.000.000) 2021-09-25 15:32:52 Image size of job updated: 1741
	1741  -  MemoryUsage of job (MB)
	1783332  -  ResidentSetSize of job (KB)
...
006 (73445674.000.000) 2021-09-25 15:35:55 Image size of job updated: 1741
	1741  -  MemoryUsage of job (MB)
	1783756  -  ResidentSetSize of job (KB)
...
006 (73445674.000.000) 2021-09-25 15:37:56 Image size of job updated: 1741
	1741  -  MemoryUsage of job (MB)
	1783760  -  ResidentSetSize of job (KB)
...
006 (73445674.000.000) 2021-09-25 15:39:57 Image size of job updated: 1742
	1742  -  MemoryUsage of job (MB)
	1784036  -  ResidentSetSize of job (KB)
...
006 (73445674.000.000) 2021-09-25 15:41:58 Image size of job updated: 1742
	1742  -  MemoryUsage of job (MB)
	1784044  -  ResidentSetSize of job (KB)
...
006 (73445674.000.000) 2021-09-25 15:43:59 Image size of job updated: 1742
	1742  -  MemoryUsage of job (MB)
	1784532  -  ResidentSetSize of job (KB)
...
006 (73445674.000.000) 2021-09-25 15:46:00 Image size of job updated: 1742
	1742  -  MemoryUsage of job (MB)
	1784536  -  ResidentSetSize of job (KB)
...
006 (73445674.000.000) 2021-09-25 15:49:01 Image size of job updated: 1743
	1743  -  MemoryUsage of job (MB)
	1785548  -  ResidentSetSize of job (KB)
...
006 (73445674.000.000) 2021-09-25 15:50:01 Image size of job updated: 1743
	1743  -  MemoryUsage of job (MB)
	1785556  -  ResidentSetSize of job (KB)
...
006 (73445674.000.000) 2021-09-25 15:51:01 Image size of job updated: 1743
	1743  -  MemoryUsage of job (MB)
	1785560  -  ResidentSetSize of job (KB)
...
006 (73445674.000.000) 2021-09-25 15:52:01 Image size of job updated: 1744
	1744  -  MemoryUsage of job (MB)
	1786624  -  ResidentSetSize of job (KB)
...
006 (73445674.000.000) 2021-09-25 15:53:03 Image size of job updated: 1745
	1745  -  MemoryUsage of job (MB)
	1787260  -  ResidentSetSize of job (KB)
...
006 (73445674.000.000) 2021-09-25 15:54:03 Image size of job updated: 1745
	1745  -  MemoryUsage of job (MB)
	1787264  -  ResidentSetSize of job (KB)
...
006 (73445674.000.000) 2021-09-25 15:55:04 Image size of job updated: 1745
	1745  -  MemoryUsage of job (MB)
	1787280  -  ResidentSetSize of job (KB)
...
006 (73445674.000.000) 2021-09-25 15:56:04 Image size of job updated: 1745
	1745  -  MemoryUsage of job (MB)
	1787304  -  ResidentSetSize of job (KB)
...
006 (73445674.000.000) 2021-09-25 15:57:04 Image size of job updated: 1745
	1745  -  MemoryUsage of job (MB)
	1787400  -  ResidentSetSize of job (KB)
...
006 (73445674.000.000) 2021-09-25 15:58:04 Image size of job updated: 1746
	1746  -  MemoryUsage of job (MB)
	1787988  -  ResidentSetSize of job (KB)
...
006 (73445674.000.000) 2021-09-25 15:59:05 Image size of job updated: 1746
	1746  -  MemoryUsage of job (MB)
	1787992  -  ResidentSetSize of job (KB)
...
006 (73445674.000.000) 2021-09-25 16:00:06 Image size of job updated: 1746
	1746  -  MemoryUsage of job (MB)
	1787996  -  ResidentSetSize of job (KB)
...
006 (73445674.000.000) 2021-09-25 16:01:07 Image size of job updated: 1746
	1746  -  MemoryUsage of job (MB)
	1788056  -  ResidentSetSize of job (KB)
...
006 (73445674.000.000) 2021-09-25 16:02:08 Image size of job updated: 1746
	1746  -  MemoryUsage of job (MB)
	1788416  -  ResidentSetSize of job (KB)
...
006 (73445674.000.000) 2021-09-25 16:03:08 Image size of job updated: 1746
	1746  -  MemoryUsage of job (MB)
	1788420  -  ResidentSetSize of job (KB)
...
006 (73445674.000.000) 2021-09-25 16:05:09 Image size of job updated: 1746
	1746  -  MemoryUsage of job (MB)
	1788428  -  ResidentSetSize of job (KB)
...
006 (73445674.000.000) 2021-09-25 16:06:10 Image size of job updated: 1746
	1746  -  MemoryUsage of job (MB)
	1788668  -  ResidentSetSize of job (KB)
...
006 (73445674.000.000) 2021-09-25 16:07:11 Image size of job updated: 1746
	1746  -  MemoryUsage of job (MB)
	1788708  -  ResidentSetSize of job (KB)
...
006 (73445674.000.000) 2021-09-25 16:10:14 Image size of job updated: 1746
	1746  -  MemoryUsage of job (MB)
	1788776  -  ResidentSetSize of job (KB)
...
006 (73445674.000.000) 2021-09-25 16:11:15 Image size of job updated: 1747
	1747  -  MemoryUsage of job (MB)
	1789684  -  ResidentSetSize of job (KB)
...
006 (73445674.000.000) 2021-09-25 16:12:15 Image size of job updated: 1747
	1747  -  MemoryUsage of job (MB)
	1789688  -  ResidentSetSize of job (KB)
...
006 (73445674.000.000) 2021-09-25 16:13:16 Image size of job updated: 1747
	1747  -  MemoryUsage of job (MB)
	1789708  -  ResidentSetSize of job (KB)
...
006 (73445674.000.000) 2021-09-25 16:14:16 Image size of job updated: 1747
	1747  -  MemoryUsage of job (MB)
	1789716  -  ResidentSetSize of job (KB)
...
006 (73445674.000.000) 2021-09-25 16:15:16 Image size of job updated: 1748
	1748  -  MemoryUsage of job (MB)
	1790256  -  ResidentSetSize of job (KB)
...
006 (73445674.000.000) 2021-09-25 16:16:17 Image size of job updated: 1748
	1748  -  MemoryUsage of job (MB)
	1790612  -  ResidentSetSize of job (KB)
...
006 (73445674.000.000) 2021-09-25 16:17:18 Image size of job updated: 1748
	1748  -  MemoryUsage of job (MB)
	1790620  -  ResidentSetSize of job (KB)
...
006 (73445674.000.000) 2021-09-25 16:18:19 Image size of job updated: 1748
	1748  -  MemoryUsage of job (MB)
	1790632  -  ResidentSetSize of job (KB)
...
006 (73445674.000.000) 2021-09-25 16:19:20 Image size of job updated: 1748
	1748  -  MemoryUsage of job (MB)
	1790652  -  ResidentSetSize of job (KB)
...
006 (73445674.000.000) 2021-09-25 16:20:20 Image size of job updated: 1749
	1749  -  MemoryUsage of job (MB)
	1791548  -  ResidentSetSize of job (KB)
...
006 (73445674.000.000) 2021-09-25 16:21:20 Image size of job updated: 1749
	1749  -  MemoryUsage of job (MB)
	1791552  -  ResidentSetSize of job (KB)
...
006 (73445674.000.000) 2021-09-25 16:22:21 Image size of job updated: 1749
	1749  -  MemoryUsage of job (MB)
	1791556  -  ResidentSetSize of job (KB)
...
006 (73445674.000.000) 2021-09-25 16:23:22 Image size of job updated: 1749
	1749  -  MemoryUsage of job (MB)
	1791560  -  ResidentSetSize of job (KB)
...
006 (73445674.000.000) 2021-09-25 16:24:22 Image size of job updated: 1749
	1749  -  MemoryUsage of job (MB)
	1791712  -  ResidentSetSize of job (KB)
...
006 (73445674.000.000) 2021-09-25 16:26:23 Image size of job updated: 1749
	1749  -  MemoryUsage of job (MB)
	1791720  -  ResidentSetSize of job (KB)
...
006 (73445674.000.000) 2021-09-25 16:28:23 Image size of job updated: 1749
	1749  -  MemoryUsage of job (MB)
	1791736  -  ResidentSetSize of job (KB)
...
006 (73445674.000.000) 2021-09-25 16:29:24 Image size of job updated: 1750
	1750  -  MemoryUsage of job (MB)
	1792488  -  ResidentSetSize of job (KB)
...
006 (73445674.000.000) 2021-09-25 16:30:24 Image size of job updated: 1750
	1750  -  MemoryUsage of job (MB)
	1792496  -  ResidentSetSize of job (KB)
...
006 (73445674.000.000) 2021-09-25 16:31:25 Image size of job updated: 1750
	1750  -  MemoryUsage of job (MB)
	1792504  -  ResidentSetSize of job (KB)
...
006 (73445674.000.000) 2021-09-25 16:32:25 Image size of job updated: 1750
	1750  -  MemoryUsage of job (MB)
	1792512  -  ResidentSetSize of job (KB)
...
006 (73445674.000.000) 2021-09-25 16:33:26 Image size of job updated: 1750
	1750  -  MemoryUsage of job (MB)
	1793016  -  ResidentSetSize of job (KB)
...
006 (73445674.000.000) 2021-09-25 16:34:26 Image size of job updated: 1750
	1750  -  MemoryUsage of job (MB)
	1793020  -  ResidentSetSize of job (KB)
...
006 (73445674.000.000) 2021-09-25 16:37:28 Image size of job updated: 1751
	1751  -  MemoryUsage of job (MB)
	1793868  -  ResidentSetSize of job (KB)
...
006 (73445674.000.000) 2021-09-25 16:38:28 Image size of job updated: 1751
	1751  -  MemoryUsage of job (MB)
	1793872  -  ResidentSetSize of job (KB)
...
006 (73445674.000.000) 2021-09-25 16:39:29 Image size of job updated: 1751
	1751  -  MemoryUsage of job (MB)
	1793876  -  ResidentSetSize of job (KB)
...
006 (73445674.000.000) 2021-09-25 16:40:29 Image size of job updated: 1751
	1751  -  MemoryUsage of job (MB)
	1793884  -  ResidentSetSize of job (KB)
...
006 (73445674.000.000) 2021-09-25 16:41:29 Image size of job updated: 1751
	1751  -  MemoryUsage of job (MB)
	1793888  -  ResidentSetSize of job (KB)
...
006 (73445674.000.000) 2021-09-25 16:42:29 Image size of job updated: 1752
	1752  -  MemoryUsage of job (MB)
	1794452  -  ResidentSetSize of job (KB)
...
006 (73445674.000.000) 2021-09-25 16:46:32 Image size of job updated: 1752
	1752  -  MemoryUsage of job (MB)
	1794740  -  ResidentSetSize of job (KB)
...
006 (73445674.000.000) 2021-09-25 16:50:35 Image size of job updated: 1753
	1753  -  MemoryUsage of job (MB)
	1795268  -  ResidentSetSize of job (KB)
...
006 (73445674.000.000) 2021-09-25 16:51:35 Image size of job updated: 1753
	1753  -  MemoryUsage of job (MB)
	1795272  -  ResidentSetSize of job (KB)
...
006 (73445674.000.000) 2021-09-25 16:53:36 Image size of job updated: 1753
	1753  -  MemoryUsage of job (MB)
	1795276  -  ResidentSetSize of job (KB)
...
006 (73445674.000.000) 2021-09-25 16:54:37 Image size of job updated: 1753
	1753  -  MemoryUsage of job (MB)
	1795552  -  ResidentSetSize of job (KB)
...
006 (73445674.000.000) 2021-09-25 16:55:38 Image size of job updated: 1753
	1753  -  MemoryUsage of job (MB)
	1795868  -  ResidentSetSize of job (KB)
...
006 (73445674.000.000) 2021-09-25 16:56:38 Image size of job updated: 1753
	1753  -  MemoryUsage of job (MB)
	1795876  -  ResidentSetSize of job (KB)
...
006 (73445674.000.000) 2021-09-25 16:59:40 Image size of job updated: 1754
	1754  -  MemoryUsage of job (MB)
	1796280  -  ResidentSetSize of job (KB)
...
006 (73445674.000.000) 2021-09-25 17:00:40 Image size of job updated: 1754
	1754  -  MemoryUsage of job (MB)
	1796284  -  ResidentSetSize of job (KB)
...
006 (73445674.000.000) 2021-09-25 17:01:41 Image size of job updated: 1754
	1754  -  MemoryUsage of job (MB)
	1796292  -  ResidentSetSize of job (KB)
...
006 (73445674.000.000) 2021-09-25 17:02:42 Image size of job updated: 1754
	1754  -  MemoryUsage of job (MB)
	1796296  -  ResidentSetSize of job (KB)
...
006 (73445674.000.000) 2021-09-25 17:03:43 Image size of job updated: 1754
	1754  -  MemoryUsage of job (MB)
	1797104  -  ResidentSetSize of job (KB)
...
006 (73445674.000.000) 2021-09-25 17:04:43 Image size of job updated: 1754
	1754  -  MemoryUsage of job (MB)
	1797108  -  ResidentSetSize of job (KB)
...
006 (73445674.000.000) 2021-09-25 17:05:44 Image size of job updated: 1754
	1754  -  MemoryUsage of job (MB)
	1797112  -  ResidentSetSize of job (KB)
...
006 (73445674.000.000) 2021-09-25 17:06:45 Image size of job updated: 1754
	1754  -  MemoryUsage of job (MB)
	1797116  -  ResidentSetSize of job (KB)
...
006 (73445674.000.000) 2021-09-25 17:07:45 Image size of job updated: 1755
	1755  -  MemoryUsage of job (MB)
	1797452  -  ResidentSetSize of job (KB)
...
006 (73445674.000.000) 2021-09-25 17:08:46 Image size of job updated: 1755
	1755  -  MemoryUsage of job (MB)
	1797460  -  ResidentSetSize of job (KB)
...
006 (73445674.000.000) 2021-09-25 17:11:47 Image size of job updated: 1755
	1755  -  MemoryUsage of job (MB)
	1798084  -  ResidentSetSize of job (KB)
...
006 (73445674.000.000) 2021-09-25 17:12:47 Image size of job updated: 1755
	1755  -  MemoryUsage of job (MB)
	1798100  -  ResidentSetSize of job (KB)
...
006 (73445674.000.000) 2021-09-25 17:13:49 Image size of job updated: 1756
	1756  -  MemoryUsage of job (MB)
	1798320  -  ResidentSetSize of job (KB)
...
040 (73445674.000.000) 2021-09-25 17:13:49 Started transferring output files
...
040 (73445674.000.000) 2021-09-25 17:13:49 Finished transferring output files
...
005 (73445674.000.000) 2021-09-25 17:13:52 Job terminated.
	(1) Normal termination (return value 0)
		Usr 0 00:00:00, Sys 0 00:00:00  -  Run Remote Usage
		Usr 0 00:00:00, Sys 0 00:00:00  -  Run Local Usage
		Usr 0 01:40:52, Sys 0 07:45:09  -  Total Remote Usage
		Usr 0 00:00:00, Sys 0 00:00:00  -  Total Local Usage
	1234263  -  Run Bytes Sent By Job
	8471570  -  Run Bytes Received By Job
	1234263  -  Total Bytes Sent By Job
	8471570  -  Total Bytes Received By Job
	Partitionable Resources :    Usage  Request Allocated 
	   Cpus                 :     0.00        1         1 
	   Disk (KB)            : 29916       10000   1631609 
	   Memory (MB)          :  1756        2048      2048 

	Job terminated of its own accord at 2021-09-25T22:13:49Z.
...
