000 (73340776.000.000) 2021-09-16 05:46:51 Job submitted from host: <131.225.188.235:9618?addrs=131.225.188.235-9618&alias=lpcschedd3.fnal.gov&noUDP&sock=schedd_2706_ab5d>
...
040 (73340776.000.000) 2021-09-16 13:20:10 Started transferring input files
	Transferring to host: <131.225.191.186:9618?addrs=131.225.191.186-9618&alias=cmswn1904.fnal.gov&noUDP&sock=slot1_2_1244_42ac_1387>
...
040 (73340776.000.000) 2021-09-16 13:20:11 Finished transferring input files
...
001 (73340776.000.000) 2021-09-16 13:20:12 Job executing on host: <131.225.191.186:9618?addrs=131.225.191.186-9618&alias=cmswn1904.fnal.gov&noUDP&sock=startd_1146_a39f>
...
006 (73340776.000.000) 2021-09-16 13:20:20 Image size of job updated: 59
	59  -  MemoryUsage of job (MB)
	61260  -  ResidentSetSize of job (KB)
...
006 (73340776.000.000) 2021-09-16 13:21:20 Image size of job updated: 526
	526  -  MemoryUsage of job (MB)
	539640  -  ResidentSetSize of job (KB)
...
006 (73340776.000.000) 2021-09-16 13:25:22 Image size of job updated: 570
	570  -  MemoryUsage of job (MB)
	584072  -  ResidentSetSize of job (KB)
...
006 (73340776.000.000) 2021-09-16 13:26:22 Image size of job updated: 620
	620  -  MemoryUsage of job (MB)
	635580  -  ResidentSetSize of job (KB)
...
006 (73340776.000.000) 2021-09-16 13:27:23 Image size of job updated: 663
	663  -  MemoryUsage of job (MB)
	679072  -  ResidentSetSize of job (KB)
...
006 (73340776.000.000) 2021-09-16 13:28:24 Image size of job updated: 701
	701  -  MemoryUsage of job (MB)
	718448  -  ResidentSetSize of job (KB)
...
006 (73340776.000.000) 2021-09-16 13:29:24 Image size of job updated: 737
	737  -  MemoryUsage of job (MB)
	755368  -  ResidentSetSize of job (KB)
...
006 (73340776.000.000) 2021-09-16 13:30:25 Image size of job updated: 771
	771  -  MemoryUsage of job (MB)
	790412  -  ResidentSetSize of job (KB)
...
006 (73340776.000.000) 2021-09-16 13:31:26 Image size of job updated: 804
	804  -  MemoryUsage of job (MB)
	823960  -  ResidentSetSize of job (KB)
...
006 (73340776.000.000) 2021-09-16 13:32:26 Image size of job updated: 838
	838  -  MemoryUsage of job (MB)
	858576  -  ResidentSetSize of job (KB)
...
006 (73340776.000.000) 2021-09-16 13:33:27 Image size of job updated: 866
	866  -  MemoryUsage of job (MB)
	887640  -  ResidentSetSize of job (KB)
...
006 (73340776.000.000) 2021-09-16 13:34:28 Image size of job updated: 906
	906  -  MemoryUsage of job (MB)
	928732  -  ResidentSetSize of job (KB)
...
006 (73340776.000.000) 2021-09-16 13:35:28 Image size of job updated: 933
	933  -  MemoryUsage of job (MB)
	955772  -  ResidentSetSize of job (KB)
...
006 (73340776.000.000) 2021-09-16 13:36:28 Image size of job updated: 960
	960  -  MemoryUsage of job (MB)
	983840  -  ResidentSetSize of job (KB)
...
006 (73340776.000.000) 2021-09-16 13:37:29 Image size of job updated: 986
	986  -  MemoryUsage of job (MB)
	1010228  -  ResidentSetSize of job (KB)
...
006 (73340776.000.000) 2021-09-16 13:38:30 Image size of job updated: 1012
	1012  -  MemoryUsage of job (MB)
	1036416  -  ResidentSetSize of job (KB)
...
006 (73340776.000.000) 2021-09-16 13:39:30 Image size of job updated: 1041
	1041  -  MemoryUsage of job (MB)
	1066012  -  ResidentSetSize of job (KB)
...
006 (73340776.000.000) 2021-09-16 13:40:31 Image size of job updated: 1074
	1074  -  MemoryUsage of job (MB)
	1100340  -  ResidentSetSize of job (KB)
...
006 (73340776.000.000) 2021-09-16 13:41:32 Image size of job updated: 1097
	1097  -  MemoryUsage of job (MB)
	1123980  -  ResidentSetSize of job (KB)
...
006 (73340776.000.000) 2021-09-16 13:42:32 Image size of job updated: 1120
	1120  -  MemoryUsage of job (MB)
	1147056  -  ResidentSetSize of job (KB)
...
006 (73340776.000.000) 2021-09-16 13:43:32 Image size of job updated: 1142
	1142  -  MemoryUsage of job (MB)
	1169772  -  ResidentSetSize of job (KB)
...
006 (73340776.000.000) 2021-09-16 13:44:33 Image size of job updated: 1164
	1164  -  MemoryUsage of job (MB)
	1192424  -  ResidentSetSize of job (KB)
...
006 (73340776.000.000) 2021-09-16 13:45:33 Image size of job updated: 1185
	1185  -  MemoryUsage of job (MB)
	1213828  -  ResidentSetSize of job (KB)
...
006 (73340776.000.000) 2021-09-16 13:46:33 Image size of job updated: 1204
	1204  -  MemoryUsage of job (MB)
	1233548  -  ResidentSetSize of job (KB)
...
006 (73340776.000.000) 2021-09-16 13:47:34 Image size of job updated: 1223
	1223  -  MemoryUsage of job (MB)
	1253224  -  ResidentSetSize of job (KB)
...
006 (73340776.000.000) 2021-09-16 13:48:35 Image size of job updated: 1243
	1243  -  MemoryUsage of job (MB)
	1273192  -  ResidentSetSize of job (KB)
...
006 (73340776.000.000) 2021-09-16 13:49:35 Image size of job updated: 1262
	1262  -  MemoryUsage of job (MB)
	1293164  -  ResidentSetSize of job (KB)
...
006 (73340776.000.000) 2021-09-16 13:50:36 Image size of job updated: 1281
	1281  -  MemoryUsage of job (MB)
	1312680  -  ResidentSetSize of job (KB)
...
006 (73340776.000.000) 2021-09-16 13:51:37 Image size of job updated: 1300
	1300  -  MemoryUsage of job (MB)
	1331824  -  ResidentSetSize of job (KB)
...
006 (73340776.000.000) 2021-09-16 13:52:37 Image size of job updated: 1319
	1319  -  MemoryUsage of job (MB)
	1350740  -  ResidentSetSize of job (KB)
...
006 (73340776.000.000) 2021-09-16 13:53:37 Image size of job updated: 1337
	1337  -  MemoryUsage of job (MB)
	1369296  -  ResidentSetSize of job (KB)
...
006 (73340776.000.000) 2021-09-16 13:54:38 Image size of job updated: 1355
	1355  -  MemoryUsage of job (MB)
	1387716  -  ResidentSetSize of job (KB)
...
006 (73340776.000.000) 2021-09-16 13:55:39 Image size of job updated: 1372
	1372  -  MemoryUsage of job (MB)
	1405932  -  ResidentSetSize of job (KB)
...
006 (73340776.000.000) 2021-09-16 13:56:39 Image size of job updated: 1390
	1390  -  MemoryUsage of job (MB)
	1423876  -  ResidentSetSize of job (KB)
...
006 (73340776.000.000) 2021-09-16 13:57:40 Image size of job updated: 1407
	1407  -  MemoryUsage of job (MB)
	1441696  -  ResidentSetSize of job (KB)
...
006 (73340776.000.000) 2021-09-16 13:58:41 Image size of job updated: 1425
	1425  -  MemoryUsage of job (MB)
	1459292  -  ResidentSetSize of job (KB)
...
006 (73340776.000.000) 2021-09-16 13:59:41 Image size of job updated: 1441
	1441  -  MemoryUsage of job (MB)
	1476604  -  ResidentSetSize of job (KB)
...
006 (73340776.000.000) 2021-09-16 14:00:42 Image size of job updated: 1458
	1458  -  MemoryUsage of job (MB)
	1493436  -  ResidentSetSize of job (KB)
...
006 (73340776.000.000) 2021-09-16 14:01:43 Image size of job updated: 1474
	1474  -  MemoryUsage of job (MB)
	1510180  -  ResidentSetSize of job (KB)
...
006 (73340776.000.000) 2021-09-16 14:02:43 Image size of job updated: 1491
	1491  -  MemoryUsage of job (MB)
	1526792  -  ResidentSetSize of job (KB)
...
006 (73340776.000.000) 2021-09-16 14:03:44 Image size of job updated: 1507
	1507  -  MemoryUsage of job (MB)
	1543220  -  ResidentSetSize of job (KB)
...
006 (73340776.000.000) 2021-09-16 14:04:45 Image size of job updated: 1522
	1522  -  MemoryUsage of job (MB)
	1559424  -  ResidentSetSize of job (KB)
...
006 (73340776.000.000) 2021-09-16 14:05:45 Image size of job updated: 1542
	1542  -  MemoryUsage of job (MB)
	1579628  -  ResidentSetSize of job (KB)
...
006 (73340776.000.000) 2021-09-16 14:06:46 Image size of job updated: 1625
	1625  -  MemoryUsage of job (MB)
	1664836  -  ResidentSetSize of job (KB)
...
006 (73340776.000.000) 2021-09-16 14:07:47 Image size of job updated: 1648
	1648  -  MemoryUsage of job (MB)
	1688088  -  ResidentSetSize of job (KB)
...
006 (73340776.000.000) 2021-09-16 14:08:47 Image size of job updated: 1655
	1655  -  MemoryUsage of job (MB)
	1695296  -  ResidentSetSize of job (KB)
...
006 (73340776.000.000) 2021-09-16 14:09:48 Image size of job updated: 1655
	1655  -  MemoryUsage of job (MB)
	1695368  -  ResidentSetSize of job (KB)
...
006 (73340776.000.000) 2021-09-16 14:10:49 Image size of job updated: 1660
	1660  -  MemoryUsage of job (MB)
	1700264  -  ResidentSetSize of job (KB)
...
006 (73340776.000.000) 2021-09-16 14:11:49 Image size of job updated: 1664
	1664  -  MemoryUsage of job (MB)
	1704608  -  ResidentSetSize of job (KB)
...
006 (73340776.000.000) 2021-09-16 14:12:50 Image size of job updated: 1667
	1667  -  MemoryUsage of job (MB)
	1707104  -  ResidentSetSize of job (KB)
...
006 (73340776.000.000) 2021-09-16 14:13:51 Image size of job updated: 1671
	1671  -  MemoryUsage of job (MB)
	1711320  -  ResidentSetSize of job (KB)
...
006 (73340776.000.000) 2021-09-16 14:14:51 Image size of job updated: 1673
	1673  -  MemoryUsage of job (MB)
	1713792  -  ResidentSetSize of job (KB)
...
006 (73340776.000.000) 2021-09-16 14:15:52 Image size of job updated: 1673
	1673  -  MemoryUsage of job (MB)
	1713820  -  ResidentSetSize of job (KB)
...
006 (73340776.000.000) 2021-09-16 14:16:53 Image size of job updated: 1675
	1675  -  MemoryUsage of job (MB)
	1715272  -  ResidentSetSize of job (KB)
...
006 (73340776.000.000) 2021-09-16 14:17:53 Image size of job updated: 1676
	1676  -  MemoryUsage of job (MB)
	1716876  -  ResidentSetSize of job (KB)
...
006 (73340776.000.000) 2021-09-16 14:18:54 Image size of job updated: 1679
	1679  -  MemoryUsage of job (MB)
	1719764  -  ResidentSetSize of job (KB)
...
006 (73340776.000.000) 2021-09-16 14:19:54 Image size of job updated: 1681
	1681  -  MemoryUsage of job (MB)
	1721800  -  ResidentSetSize of job (KB)
...
006 (73340776.000.000) 2021-09-16 14:20:54 Image size of job updated: 1682
	1682  -  MemoryUsage of job (MB)
	1723280  -  ResidentSetSize of job (KB)
...
006 (73340776.000.000) 2021-09-16 14:21:55 Image size of job updated: 1683
	1683  -  MemoryUsage of job (MB)
	1724100  -  ResidentSetSize of job (KB)
...
006 (73340776.000.000) 2021-09-16 14:22:55 Image size of job updated: 1684
	1684  -  MemoryUsage of job (MB)
	1724432  -  ResidentSetSize of job (KB)
...
006 (73340776.000.000) 2021-09-16 14:23:55 Image size of job updated: 1684
	1684  -  MemoryUsage of job (MB)
	1724844  -  ResidentSetSize of job (KB)
...
006 (73340776.000.000) 2021-09-16 14:24:56 Image size of job updated: 1685
	1685  -  MemoryUsage of job (MB)
	1726096  -  ResidentSetSize of job (KB)
...
006 (73340776.000.000) 2021-09-16 14:25:57 Image size of job updated: 1688
	1688  -  MemoryUsage of job (MB)
	1728696  -  ResidentSetSize of job (KB)
...
006 (73340776.000.000) 2021-09-16 14:26:57 Image size of job updated: 1689
	1689  -  MemoryUsage of job (MB)
	1730096  -  ResidentSetSize of job (KB)
...
006 (73340776.000.000) 2021-09-16 14:27:58 Image size of job updated: 1690
	1690  -  MemoryUsage of job (MB)
	1730772  -  ResidentSetSize of job (KB)
...
006 (73340776.000.000) 2021-09-16 14:28:59 Image size of job updated: 1691
	1691  -  MemoryUsage of job (MB)
	1731756  -  ResidentSetSize of job (KB)
...
006 (73340776.000.000) 2021-09-16 14:29:59 Image size of job updated: 1692
	1692  -  MemoryUsage of job (MB)
	1733240  -  ResidentSetSize of job (KB)
...
006 (73340776.000.000) 2021-09-16 14:31:00 Image size of job updated: 1694
	1694  -  MemoryUsage of job (MB)
	1735040  -  ResidentSetSize of job (KB)
...
006 (73340776.000.000) 2021-09-16 14:32:00 Image size of job updated: 1696
	1696  -  MemoryUsage of job (MB)
	1737336  -  ResidentSetSize of job (KB)
...
006 (73340776.000.000) 2021-09-16 14:33:00 Image size of job updated: 1697
	1697  -  MemoryUsage of job (MB)
	1737872  -  ResidentSetSize of job (KB)
...
006 (73340776.000.000) 2021-09-16 14:34:01 Image size of job updated: 1697
	1697  -  MemoryUsage of job (MB)
	1738724  -  ResidentSetSize of job (KB)
...
006 (73340776.000.000) 2021-09-16 14:35:01 Image size of job updated: 1698
	1698  -  MemoryUsage of job (MB)
	1739572  -  ResidentSetSize of job (KB)
...
006 (73340776.000.000) 2021-09-16 14:36:01 Image size of job updated: 1700
	1700  -  MemoryUsage of job (MB)
	1740876  -  ResidentSetSize of job (KB)
...
006 (73340776.000.000) 2021-09-16 14:37:02 Image size of job updated: 1701
	1701  -  MemoryUsage of job (MB)
	1742804  -  ResidentSetSize of job (KB)
...
006 (73340776.000.000) 2021-09-16 14:38:02 Image size of job updated: 1702
	1702  -  MemoryUsage of job (MB)
	1743340  -  ResidentSetSize of job (KB)
...
006 (73340776.000.000) 2021-09-16 14:39:02 Image size of job updated: 1703
	1703  -  MemoryUsage of job (MB)
	1744016  -  ResidentSetSize of job (KB)
...
006 (73340776.000.000) 2021-09-16 14:40:03 Image size of job updated: 1703
	1703  -  MemoryUsage of job (MB)
	1744364  -  ResidentSetSize of job (KB)
...
006 (73340776.000.000) 2021-09-16 14:41:03 Image size of job updated: 1703
	1703  -  MemoryUsage of job (MB)
	1744772  -  ResidentSetSize of job (KB)
...
006 (73340776.000.000) 2021-09-16 14:42:04 Image size of job updated: 1704
	1704  -  MemoryUsage of job (MB)
	1745632  -  ResidentSetSize of job (KB)
...
006 (73340776.000.000) 2021-09-16 14:43:05 Image size of job updated: 1705
	1705  -  MemoryUsage of job (MB)
	1746808  -  ResidentSetSize of job (KB)
...
006 (73340776.000.000) 2021-09-16 14:44:05 Image size of job updated: 1706
	1706  -  MemoryUsage of job (MB)
	1747072  -  ResidentSetSize of job (KB)
...
006 (73340776.000.000) 2021-09-16 14:45:06 Image size of job updated: 1706
	1706  -  MemoryUsage of job (MB)
	1747648  -  ResidentSetSize of job (KB)
...
006 (73340776.000.000) 2021-09-16 14:46:07 Image size of job updated: 1707
	1707  -  MemoryUsage of job (MB)
	1748172  -  ResidentSetSize of job (KB)
...
006 (73340776.000.000) 2021-09-16 14:47:07 Image size of job updated: 1707
	1707  -  MemoryUsage of job (MB)
	1748732  -  ResidentSetSize of job (KB)
...
006 (73340776.000.000) 2021-09-16 14:48:08 Image size of job updated: 1708
	1708  -  MemoryUsage of job (MB)
	1749512  -  ResidentSetSize of job (KB)
...
006 (73340776.000.000) 2021-09-16 14:49:09 Image size of job updated: 1708
	1708  -  MemoryUsage of job (MB)
	1749748  -  ResidentSetSize of job (KB)
...
006 (73340776.000.000) 2021-09-16 14:50:09 Image size of job updated: 1709
	1709  -  MemoryUsage of job (MB)
	1750548  -  ResidentSetSize of job (KB)
...
006 (73340776.000.000) 2021-09-16 14:51:10 Image size of job updated: 1712
	1712  -  MemoryUsage of job (MB)
	1754000  -  ResidentSetSize of job (KB)
...
006 (73340776.000.000) 2021-09-16 14:52:11 Image size of job updated: 1719
	1719  -  MemoryUsage of job (MB)
	1761004  -  ResidentSetSize of job (KB)
...
006 (73340776.000.000) 2021-09-16 14:53:11 Image size of job updated: 1721
	1721  -  MemoryUsage of job (MB)
	1762932  -  ResidentSetSize of job (KB)
...
006 (73340776.000.000) 2021-09-16 14:54:12 Image size of job updated: 1723
	1723  -  MemoryUsage of job (MB)
	1764508  -  ResidentSetSize of job (KB)
...
006 (73340776.000.000) 2021-09-16 14:55:13 Image size of job updated: 1725
	1725  -  MemoryUsage of job (MB)
	1767400  -  ResidentSetSize of job (KB)
...
006 (73340776.000.000) 2021-09-16 14:56:13 Image size of job updated: 1726
	1726  -  MemoryUsage of job (MB)
	1768044  -  ResidentSetSize of job (KB)
...
006 (73340776.000.000) 2021-09-16 14:57:14 Image size of job updated: 1727
	1727  -  MemoryUsage of job (MB)
	1768588  -  ResidentSetSize of job (KB)
...
006 (73340776.000.000) 2021-09-16 14:58:15 Image size of job updated: 1728
	1728  -  MemoryUsage of job (MB)
	1769816  -  ResidentSetSize of job (KB)
...
006 (73340776.000.000) 2021-09-16 14:59:15 Image size of job updated: 1729
	1729  -  MemoryUsage of job (MB)
	1771044  -  ResidentSetSize of job (KB)
...
006 (73340776.000.000) 2021-09-16 15:00:16 Image size of job updated: 1730
	1730  -  MemoryUsage of job (MB)
	1771664  -  ResidentSetSize of job (KB)
...
006 (73340776.000.000) 2021-09-16 15:01:16 Image size of job updated: 1731
	1731  -  MemoryUsage of job (MB)
	1772720  -  ResidentSetSize of job (KB)
...
006 (73340776.000.000) 2021-09-16 15:02:16 Image size of job updated: 1732
	1732  -  MemoryUsage of job (MB)
	1773656  -  ResidentSetSize of job (KB)
...
006 (73340776.000.000) 2021-09-16 15:03:17 Image size of job updated: 1733
	1733  -  MemoryUsage of job (MB)
	1774632  -  ResidentSetSize of job (KB)
...
006 (73340776.000.000) 2021-09-16 15:04:17 Image size of job updated: 1733
	1733  -  MemoryUsage of job (MB)
	1775260  -  ResidentSetSize of job (KB)
...
006 (73340776.000.000) 2021-09-16 15:05:17 Image size of job updated: 1734
	1734  -  MemoryUsage of job (MB)
	1775852  -  ResidentSetSize of job (KB)
...
006 (73340776.000.000) 2021-09-16 15:06:18 Image size of job updated: 1734
	1734  -  MemoryUsage of job (MB)
	1776224  -  ResidentSetSize of job (KB)
...
006 (73340776.000.000) 2021-09-16 15:07:18 Image size of job updated: 1734
	1734  -  MemoryUsage of job (MB)
	1776592  -  ResidentSetSize of job (KB)
...
006 (73340776.000.000) 2021-09-16 15:08:18 Image size of job updated: 1735
	1735  -  MemoryUsage of job (MB)
	1777004  -  ResidentSetSize of job (KB)
...
006 (73340776.000.000) 2021-09-16 15:09:19 Image size of job updated: 1736
	1736  -  MemoryUsage of job (MB)
	1777664  -  ResidentSetSize of job (KB)
...
006 (73340776.000.000) 2021-09-16 15:10:20 Image size of job updated: 1736
	1736  -  MemoryUsage of job (MB)
	1777932  -  ResidentSetSize of job (KB)
...
006 (73340776.000.000) 2021-09-16 15:11:20 Image size of job updated: 1736
	1736  -  MemoryUsage of job (MB)
	1778504  -  ResidentSetSize of job (KB)
...
006 (73340776.000.000) 2021-09-16 15:12:21 Image size of job updated: 1737
	1737  -  MemoryUsage of job (MB)
	1778900  -  ResidentSetSize of job (KB)
...
006 (73340776.000.000) 2021-09-16 15:13:22 Image size of job updated: 1737
	1737  -  MemoryUsage of job (MB)
	1779508  -  ResidentSetSize of job (KB)
...
006 (73340776.000.000) 2021-09-16 15:14:22 Image size of job updated: 1738
	1738  -  MemoryUsage of job (MB)
	1780120  -  ResidentSetSize of job (KB)
...
006 (73340776.000.000) 2021-09-16 15:15:23 Image size of job updated: 1738
	1738  -  MemoryUsage of job (MB)
	1780332  -  ResidentSetSize of job (KB)
...
006 (73340776.000.000) 2021-09-16 15:16:23 Image size of job updated: 1739
	1739  -  MemoryUsage of job (MB)
	1780784  -  ResidentSetSize of job (KB)
...
006 (73340776.000.000) 2021-09-16 15:17:23 Image size of job updated: 1739
	1739  -  MemoryUsage of job (MB)
	1781172  -  ResidentSetSize of job (KB)
...
006 (73340776.000.000) 2021-09-16 15:18:24 Image size of job updated: 1740
	1740  -  MemoryUsage of job (MB)
	1781792  -  ResidentSetSize of job (KB)
...
006 (73340776.000.000) 2021-09-16 15:19:25 Image size of job updated: 1740
	1740  -  MemoryUsage of job (MB)
	1782424  -  ResidentSetSize of job (KB)
...
006 (73340776.000.000) 2021-09-16 15:20:25 Image size of job updated: 1741
	1741  -  MemoryUsage of job (MB)
	1782832  -  ResidentSetSize of job (KB)
...
006 (73340776.000.000) 2021-09-16 15:21:26 Image size of job updated: 1741
	1741  -  MemoryUsage of job (MB)
	1783252  -  ResidentSetSize of job (KB)
...
006 (73340776.000.000) 2021-09-16 15:22:27 Image size of job updated: 1741
	1741  -  MemoryUsage of job (MB)
	1783668  -  ResidentSetSize of job (KB)
...
006 (73340776.000.000) 2021-09-16 15:23:27 Image size of job updated: 1742
	1742  -  MemoryUsage of job (MB)
	1783868  -  ResidentSetSize of job (KB)
...
006 (73340776.000.000) 2021-09-16 15:24:28 Image size of job updated: 1742
	1742  -  MemoryUsage of job (MB)
	1784548  -  ResidentSetSize of job (KB)
...
006 (73340776.000.000) 2021-09-16 15:25:28 Image size of job updated: 1743
	1743  -  MemoryUsage of job (MB)
	1785416  -  ResidentSetSize of job (KB)
...
006 (73340776.000.000) 2021-09-16 15:26:28 Image size of job updated: 1743
	1743  -  MemoryUsage of job (MB)
	1785564  -  ResidentSetSize of job (KB)
...
006 (73340776.000.000) 2021-09-16 15:27:29 Image size of job updated: 1744
	1744  -  MemoryUsage of job (MB)
	1786008  -  ResidentSetSize of job (KB)
...
006 (73340776.000.000) 2021-09-16 15:28:29 Image size of job updated: 1744
	1744  -  MemoryUsage of job (MB)
	1786736  -  ResidentSetSize of job (KB)
...
006 (73340776.000.000) 2021-09-16 15:29:29 Image size of job updated: 1745
	1745  -  MemoryUsage of job (MB)
	1786916  -  ResidentSetSize of job (KB)
...
006 (73340776.000.000) 2021-09-16 15:30:30 Image size of job updated: 1745
	1745  -  MemoryUsage of job (MB)
	1786984  -  ResidentSetSize of job (KB)
...
006 (73340776.000.000) 2021-09-16 15:31:30 Image size of job updated: 1745
	1745  -  MemoryUsage of job (MB)
	1787172  -  ResidentSetSize of job (KB)
...
006 (73340776.000.000) 2021-09-16 15:32:31 Image size of job updated: 1745
	1745  -  MemoryUsage of job (MB)
	1787240  -  ResidentSetSize of job (KB)
...
006 (73340776.000.000) 2021-09-16 15:33:32 Image size of job updated: 1745
	1745  -  MemoryUsage of job (MB)
	1787380  -  ResidentSetSize of job (KB)
...
006 (73340776.000.000) 2021-09-16 15:34:32 Image size of job updated: 1745
	1745  -  MemoryUsage of job (MB)
	1787556  -  ResidentSetSize of job (KB)
...
006 (73340776.000.000) 2021-09-16 15:35:33 Image size of job updated: 1745
	1745  -  MemoryUsage of job (MB)
	1787596  -  ResidentSetSize of job (KB)
...
006 (73340776.000.000) 2021-09-16 15:36:34 Image size of job updated: 1746
	1746  -  MemoryUsage of job (MB)
	1788388  -  ResidentSetSize of job (KB)
...
006 (73340776.000.000) 2021-09-16 15:37:34 Image size of job updated: 1746
	1746  -  MemoryUsage of job (MB)
	1788904  -  ResidentSetSize of job (KB)
...
006 (73340776.000.000) 2021-09-16 15:38:34 Image size of job updated: 1747
	1747  -  MemoryUsage of job (MB)
	1789484  -  ResidentSetSize of job (KB)
...
006 (73340776.000.000) 2021-09-16 15:39:34 Image size of job updated: 1748
	1748  -  MemoryUsage of job (MB)
	1790120  -  ResidentSetSize of job (KB)
...
006 (73340776.000.000) 2021-09-16 15:40:35 Image size of job updated: 1748
	1748  -  MemoryUsage of job (MB)
	1790776  -  ResidentSetSize of job (KB)
...
006 (73340776.000.000) 2021-09-16 15:41:36 Image size of job updated: 1749
	1749  -  MemoryUsage of job (MB)
	1791020  -  ResidentSetSize of job (KB)
...
006 (73340776.000.000) 2021-09-16 15:42:36 Image size of job updated: 1749
	1749  -  MemoryUsage of job (MB)
	1791456  -  ResidentSetSize of job (KB)
...
006 (73340776.000.000) 2021-09-16 15:43:37 Image size of job updated: 1750
	1750  -  MemoryUsage of job (MB)
	1792156  -  ResidentSetSize of job (KB)
...
006 (73340776.000.000) 2021-09-16 15:44:38 Image size of job updated: 1751
	1751  -  MemoryUsage of job (MB)
	1793040  -  ResidentSetSize of job (KB)
...
006 (73340776.000.000) 2021-09-16 15:45:38 Image size of job updated: 1751
	1751  -  MemoryUsage of job (MB)
	1793508  -  ResidentSetSize of job (KB)
...
006 (73340776.000.000) 2021-09-16 15:46:39 Image size of job updated: 1751
	1751  -  MemoryUsage of job (MB)
	1793756  -  ResidentSetSize of job (KB)
...
006 (73340776.000.000) 2021-09-16 15:47:40 Image size of job updated: 1751
	1751  -  MemoryUsage of job (MB)
	1793996  -  ResidentSetSize of job (KB)
...
006 (73340776.000.000) 2021-09-16 15:48:40 Image size of job updated: 1752
	1752  -  MemoryUsage of job (MB)
	1794532  -  ResidentSetSize of job (KB)
...
006 (73340776.000.000) 2021-09-16 15:49:41 Image size of job updated: 1753
	1753  -  MemoryUsage of job (MB)
	1795204  -  ResidentSetSize of job (KB)
...
006 (73340776.000.000) 2021-09-16 15:50:41 Image size of job updated: 1753
	1753  -  MemoryUsage of job (MB)
	1795492  -  ResidentSetSize of job (KB)
...
006 (73340776.000.000) 2021-09-16 15:51:41 Image size of job updated: 1753
	1753  -  MemoryUsage of job (MB)
	1795592  -  ResidentSetSize of job (KB)
...
006 (73340776.000.000) 2021-09-16 15:52:42 Image size of job updated: 1753
	1753  -  MemoryUsage of job (MB)
	1795696  -  ResidentSetSize of job (KB)
...
006 (73340776.000.000) 2021-09-16 15:53:42 Image size of job updated: 1753
	1753  -  MemoryUsage of job (MB)
	1795852  -  ResidentSetSize of job (KB)
...
006 (73340776.000.000) 2021-09-16 15:54:43 Image size of job updated: 1753
	1753  -  MemoryUsage of job (MB)
	1796000  -  ResidentSetSize of job (KB)
...
040 (73340776.000.000) 2021-09-16 15:54:57 Started transferring output files
...
040 (73340776.000.000) 2021-09-16 15:54:57 Finished transferring output files
...
005 (73340776.000.000) 2021-09-16 15:54:59 Job terminated.
	(1) Normal termination (return value 0)
		Usr 0 00:00:00, Sys 0 00:00:00  -  Run Remote Usage
		Usr 0 00:00:00, Sys 0 00:00:00  -  Run Local Usage
		Usr 0 01:19:20, Sys 0 01:06:36  -  Total Remote Usage
		Usr 0 00:00:00, Sys 0 00:00:00  -  Total Local Usage
	1234252  -  Run Bytes Sent By Job
	8471534  -  Run Bytes Received By Job
	1234252  -  Total Bytes Sent By Job
	8471534  -  Total Bytes Received By Job
	Partitionable Resources :    Usage  Request Allocated 
	   Cpus                 :     0.00        1         1 
	   Disk (KB)            : 30704       10000    319099 
	   Memory (MB)          :  1753        2048      2048 

	Job terminated of its own accord at 2021-09-16T20:54:57Z.
...
000 (73445637.000.000) 2021-09-24 22:32:17 Job submitted from host: <131.225.188.235:9618?addrs=131.225.188.235-9618&alias=lpcschedd3.fnal.gov&noUDP&sock=schedd_2706_ab5d>
...
040 (73445637.000.000) 2021-09-25 07:31:05 Started transferring input files
	Transferring to host: <131.225.206.111:9618?addrs=131.225.206.111-9618&alias=cmswn1773.fnal.gov&noUDP&sock=slot1_2_1242_d9ec_4839>
...
040 (73445637.000.000) 2021-09-25 07:31:05 Finished transferring input files
...
001 (73445637.000.000) 2021-09-25 07:31:06 Job executing on host: <131.225.206.111:9618?addrs=131.225.206.111-9618&alias=cmswn1773.fnal.gov&noUDP&sock=startd_1156_7f92>
...
006 (73445637.000.000) 2021-09-25 07:31:15 Image size of job updated: 44
	44  -  MemoryUsage of job (MB)
	45236  -  ResidentSetSize of job (KB)
...
006 (73445637.000.000) 2021-09-25 07:32:15 Image size of job updated: 528
	528  -  MemoryUsage of job (MB)
	541356  -  ResidentSetSize of job (KB)
...
006 (73445637.000.000) 2021-09-25 07:36:18 Image size of job updated: 580
	580  -  MemoryUsage of job (MB)
	594124  -  ResidentSetSize of job (KB)
...
006 (73445637.000.000) 2021-09-25 07:37:19 Image size of job updated: 629
	629  -  MemoryUsage of job (MB)
	644816  -  ResidentSetSize of job (KB)
...
006 (73445637.000.000) 2021-09-25 07:38:19 Image size of job updated: 671
	671  -  MemoryUsage of job (MB)
	687816  -  ResidentSetSize of job (KB)
...
006 (73445637.000.000) 2021-09-25 07:39:20 Image size of job updated: 710
	710  -  MemoryUsage of job (MB)
	727096  -  ResidentSetSize of job (KB)
...
006 (73445637.000.000) 2021-09-25 07:40:20 Image size of job updated: 745
	745  -  MemoryUsage of job (MB)
	763688  -  ResidentSetSize of job (KB)
...
006 (73445637.000.000) 2021-09-25 07:41:20 Image size of job updated: 779
	779  -  MemoryUsage of job (MB)
	798224  -  ResidentSetSize of job (KB)
...
006 (73445637.000.000) 2021-09-25 07:42:21 Image size of job updated: 812
	812  -  MemoryUsage of job (MB)
	831812  -  ResidentSetSize of job (KB)
...
006 (73445637.000.000) 2021-09-25 07:43:21 Image size of job updated: 844
	844  -  MemoryUsage of job (MB)
	864908  -  ResidentSetSize of job (KB)
...
006 (73445637.000.000) 2021-09-25 07:44:21 Image size of job updated: 873
	873  -  MemoryUsage of job (MB)
	894888  -  ResidentSetSize of job (KB)
...
006 (73445637.000.000) 2021-09-25 07:45:22 Image size of job updated: 913
	913  -  MemoryUsage of job (MB)
	935864  -  ResidentSetSize of job (KB)
...
006 (73445637.000.000) 2021-09-25 07:46:22 Image size of job updated: 942
	942  -  MemoryUsage of job (MB)
	965616  -  ResidentSetSize of job (KB)
...
006 (73445637.000.000) 2021-09-25 07:47:22 Image size of job updated: 969
	969  -  MemoryUsage of job (MB)
	993152  -  ResidentSetSize of job (KB)
...
006 (73445637.000.000) 2021-09-25 07:48:23 Image size of job updated: 995
	995  -  MemoryUsage of job (MB)
	1019524  -  ResidentSetSize of job (KB)
...
006 (73445637.000.000) 2021-09-25 07:49:23 Image size of job updated: 1022
	1022  -  MemoryUsage of job (MB)
	1047024  -  ResidentSetSize of job (KB)
...
006 (73445637.000.000) 2021-09-25 07:50:23 Image size of job updated: 1052
	1052  -  MemoryUsage of job (MB)
	1077260  -  ResidentSetSize of job (KB)
...
006 (73445637.000.000) 2021-09-25 07:51:24 Image size of job updated: 1083
	1083  -  MemoryUsage of job (MB)
	1109160  -  ResidentSetSize of job (KB)
...
006 (73445637.000.000) 2021-09-25 07:52:25 Image size of job updated: 1106
	1106  -  MemoryUsage of job (MB)
	1132732  -  ResidentSetSize of job (KB)
...
006 (73445637.000.000) 2021-09-25 07:53:25 Image size of job updated: 1128
	1128  -  MemoryUsage of job (MB)
	1155948  -  ResidentSetSize of job (KB)
...
006 (73445637.000.000) 2021-09-25 07:54:26 Image size of job updated: 1150
	1150  -  MemoryUsage of job (MB)
	1178252  -  ResidentSetSize of job (KB)
...
006 (73445637.000.000) 2021-09-25 07:55:27 Image size of job updated: 1172
	1172  -  MemoryUsage of job (MB)
	1200764  -  ResidentSetSize of job (KB)
...
006 (73445637.000.000) 2021-09-25 07:56:27 Image size of job updated: 1193
	1193  -  MemoryUsage of job (MB)
	1222156  -  ResidentSetSize of job (KB)
...
006 (73445637.000.000) 2021-09-25 07:57:28 Image size of job updated: 1213
	1213  -  MemoryUsage of job (MB)
	1243072  -  ResidentSetSize of job (KB)
...
006 (73445637.000.000) 2021-09-25 07:58:29 Image size of job updated: 1234
	1234  -  MemoryUsage of job (MB)
	1263684  -  ResidentSetSize of job (KB)
...
006 (73445637.000.000) 2021-09-25 07:59:29 Image size of job updated: 1253
	1253  -  MemoryUsage of job (MB)
	1283716  -  ResidentSetSize of job (KB)
...
006 (73445637.000.000) 2021-09-25 08:00:30 Image size of job updated: 1273
	1273  -  MemoryUsage of job (MB)
	1303804  -  ResidentSetSize of job (KB)
...
006 (73445637.000.000) 2021-09-25 08:01:31 Image size of job updated: 1292
	1292  -  MemoryUsage of job (MB)
	1323248  -  ResidentSetSize of job (KB)
...
006 (73445637.000.000) 2021-09-25 08:02:32 Image size of job updated: 1310
	1310  -  MemoryUsage of job (MB)
	1342372  -  ResidentSetSize of job (KB)
...
006 (73445637.000.000) 2021-09-25 08:03:32 Image size of job updated: 1329
	1329  -  MemoryUsage of job (MB)
	1361224  -  ResidentSetSize of job (KB)
...
006 (73445637.000.000) 2021-09-25 08:04:33 Image size of job updated: 1347
	1347  -  MemoryUsage of job (MB)
	1379856  -  ResidentSetSize of job (KB)
...
006 (73445637.000.000) 2021-09-25 08:05:34 Image size of job updated: 1365
	1365  -  MemoryUsage of job (MB)
	1398112  -  ResidentSetSize of job (KB)
...
006 (73445637.000.000) 2021-09-25 08:06:34 Image size of job updated: 1383
	1383  -  MemoryUsage of job (MB)
	1416200  -  ResidentSetSize of job (KB)
...
006 (73445637.000.000) 2021-09-25 08:07:35 Image size of job updated: 1400
	1400  -  MemoryUsage of job (MB)
	1433964  -  ResidentSetSize of job (KB)
...
006 (73445637.000.000) 2021-09-25 08:08:36 Image size of job updated: 1417
	1417  -  MemoryUsage of job (MB)
	1451460  -  ResidentSetSize of job (KB)
...
006 (73445637.000.000) 2021-09-25 08:09:36 Image size of job updated: 1434
	1434  -  MemoryUsage of job (MB)
	1468676  -  ResidentSetSize of job (KB)
...
006 (73445637.000.000) 2021-09-25 08:10:37 Image size of job updated: 1450
	1450  -  MemoryUsage of job (MB)
	1485784  -  ResidentSetSize of job (KB)
...
006 (73445637.000.000) 2021-09-25 08:11:37 Image size of job updated: 1465
	1465  -  MemoryUsage of job (MB)
	1500888  -  ResidentSetSize of job (KB)
...
006 (73445637.000.000) 2021-09-25 08:12:37 Image size of job updated: 1481
	1481  -  MemoryUsage of job (MB)
	1517440  -  ResidentSetSize of job (KB)
...
006 (73445637.000.000) 2021-09-25 08:13:38 Image size of job updated: 1497
	1497  -  MemoryUsage of job (MB)
	1533692  -  ResidentSetSize of job (KB)
...
006 (73445637.000.000) 2021-09-25 08:14:38 Image size of job updated: 1513
	1513  -  MemoryUsage of job (MB)
	1549784  -  ResidentSetSize of job (KB)
...
006 (73445637.000.000) 2021-09-25 08:15:38 Image size of job updated: 1528
	1528  -  MemoryUsage of job (MB)
	1565688  -  ResidentSetSize of job (KB)
...
006 (73445637.000.000) 2021-09-25 08:16:39 Image size of job updated: 1550
	1550  -  MemoryUsage of job (MB)
	1588016  -  ResidentSetSize of job (KB)
...
006 (73445637.000.000) 2021-09-25 08:17:39 Image size of job updated: 1626
	1626  -  MemoryUsage of job (MB)
	1665188  -  ResidentSetSize of job (KB)
...
006 (73445637.000.000) 2021-09-25 08:18:39 Image size of job updated: 1648
	1648  -  MemoryUsage of job (MB)
	1687884  -  ResidentSetSize of job (KB)
...
006 (73445637.000.000) 2021-09-25 08:19:40 Image size of job updated: 1659
	1659  -  MemoryUsage of job (MB)
	1699512  -  ResidentSetSize of job (KB)
...
006 (73445637.000.000) 2021-09-25 08:20:40 Image size of job updated: 1665
	1665  -  MemoryUsage of job (MB)
	1705228  -  ResidentSetSize of job (KB)
...
006 (73445637.000.000) 2021-09-25 08:21:40 Image size of job updated: 1668
	1668  -  MemoryUsage of job (MB)
	1708048  -  ResidentSetSize of job (KB)
...
006 (73445637.000.000) 2021-09-25 08:22:41 Image size of job updated: 1671
	1671  -  MemoryUsage of job (MB)
	1711776  -  ResidentSetSize of job (KB)
...
006 (73445637.000.000) 2021-09-25 08:23:42 Image size of job updated: 1674
	1674  -  MemoryUsage of job (MB)
	1714492  -  ResidentSetSize of job (KB)
...
006 (73445637.000.000) 2021-09-25 08:24:42 Image size of job updated: 1674
	1674  -  MemoryUsage of job (MB)
	1714508  -  ResidentSetSize of job (KB)
...
006 (73445637.000.000) 2021-09-25 08:25:43 Image size of job updated: 1675
	1675  -  MemoryUsage of job (MB)
	1715968  -  ResidentSetSize of job (KB)
...
006 (73445637.000.000) 2021-09-25 08:26:44 Image size of job updated: 1677
	1677  -  MemoryUsage of job (MB)
	1717968  -  ResidentSetSize of job (KB)
...
006 (73445637.000.000) 2021-09-25 08:27:44 Image size of job updated: 1682
	1682  -  MemoryUsage of job (MB)
	1722668  -  ResidentSetSize of job (KB)
...
006 (73445637.000.000) 2021-09-25 08:28:45 Image size of job updated: 1683
	1683  -  MemoryUsage of job (MB)
	1724140  -  ResidentSetSize of job (KB)
...
006 (73445637.000.000) 2021-09-25 08:29:45 Image size of job updated: 1685
	1685  -  MemoryUsage of job (MB)
	1725836  -  ResidentSetSize of job (KB)
...
006 (73445637.000.000) 2021-09-25 08:30:45 Image size of job updated: 1685
	1685  -  MemoryUsage of job (MB)
	1726444  -  ResidentSetSize of job (KB)
...
006 (73445637.000.000) 2021-09-25 08:31:46 Image size of job updated: 1687
	1687  -  MemoryUsage of job (MB)
	1727836  -  ResidentSetSize of job (KB)
...
006 (73445637.000.000) 2021-09-25 08:32:46 Image size of job updated: 1689
	1689  -  MemoryUsage of job (MB)
	1730068  -  ResidentSetSize of job (KB)
...
006 (73445637.000.000) 2021-09-25 08:33:46 Image size of job updated: 1690
	1690  -  MemoryUsage of job (MB)
	1731420  -  ResidentSetSize of job (KB)
...
006 (73445637.000.000) 2021-09-25 08:34:47 Image size of job updated: 1691
	1691  -  MemoryUsage of job (MB)
	1732104  -  ResidentSetSize of job (KB)
...
006 (73445637.000.000) 2021-09-25 08:35:48 Image size of job updated: 1692
	1692  -  MemoryUsage of job (MB)
	1733004  -  ResidentSetSize of job (KB)
...
006 (73445637.000.000) 2021-09-25 08:36:48 Image size of job updated: 1693
	1693  -  MemoryUsage of job (MB)
	1734464  -  ResidentSetSize of job (KB)
...
006 (73445637.000.000) 2021-09-25 08:37:49 Image size of job updated: 1695
	1695  -  MemoryUsage of job (MB)
	1736440  -  ResidentSetSize of job (KB)
...
006 (73445637.000.000) 2021-09-25 08:38:49 Image size of job updated: 1697
	1697  -  MemoryUsage of job (MB)
	1737756  -  ResidentSetSize of job (KB)
...
006 (73445637.000.000) 2021-09-25 08:39:49 Image size of job updated: 1697
	1697  -  MemoryUsage of job (MB)
	1738688  -  ResidentSetSize of job (KB)
...
006 (73445637.000.000) 2021-09-25 08:40:50 Image size of job updated: 1698
	1698  -  MemoryUsage of job (MB)
	1739596  -  ResidentSetSize of job (KB)
...
006 (73445637.000.000) 2021-09-25 08:41:50 Image size of job updated: 1699
	1699  -  MemoryUsage of job (MB)
	1740528  -  ResidentSetSize of job (KB)
...
006 (73445637.000.000) 2021-09-25 08:42:50 Image size of job updated: 1700
	1700  -  MemoryUsage of job (MB)
	1741804  -  ResidentSetSize of job (KB)
...
006 (73445637.000.000) 2021-09-25 08:43:51 Image size of job updated: 1702
	1702  -  MemoryUsage of job (MB)
	1743412  -  ResidentSetSize of job (KB)
...
006 (73445637.000.000) 2021-09-25 08:44:52 Image size of job updated: 1703
	1703  -  MemoryUsage of job (MB)
	1743948  -  ResidentSetSize of job (KB)
...
006 (73445637.000.000) 2021-09-25 08:45:52 Image size of job updated: 1703
	1703  -  MemoryUsage of job (MB)
	1744868  -  ResidentSetSize of job (KB)
...
006 (73445637.000.000) 2021-09-25 08:46:53 Image size of job updated: 1704
	1704  -  MemoryUsage of job (MB)
	1745432  -  ResidentSetSize of job (KB)
...
006 (73445637.000.000) 2021-09-25 08:47:53 Image size of job updated: 1705
	1705  -  MemoryUsage of job (MB)
	1746124  -  ResidentSetSize of job (KB)
...
006 (73445637.000.000) 2021-09-25 08:48:53 Image size of job updated: 1706
	1706  -  MemoryUsage of job (MB)
	1747052  -  ResidentSetSize of job (KB)
...
006 (73445637.000.000) 2021-09-25 08:49:54 Image size of job updated: 1706
	1706  -  MemoryUsage of job (MB)
	1747420  -  ResidentSetSize of job (KB)
...
006 (73445637.000.000) 2021-09-25 08:50:54 Image size of job updated: 1706
	1706  -  MemoryUsage of job (MB)
	1747884  -  ResidentSetSize of job (KB)
...
006 (73445637.000.000) 2021-09-25 08:51:54 Image size of job updated: 1707
	1707  -  MemoryUsage of job (MB)
	1748444  -  ResidentSetSize of job (KB)
...
006 (73445637.000.000) 2021-09-25 08:52:55 Image size of job updated: 1708
	1708  -  MemoryUsage of job (MB)
	1749048  -  ResidentSetSize of job (KB)
...
006 (73445637.000.000) 2021-09-25 08:53:55 Image size of job updated: 1708
	1708  -  MemoryUsage of job (MB)
	1749820  -  ResidentSetSize of job (KB)
...
006 (73445637.000.000) 2021-09-25 08:54:55 Image size of job updated: 1709
	1709  -  MemoryUsage of job (MB)
	1750236  -  ResidentSetSize of job (KB)
...
006 (73445637.000.000) 2021-09-25 08:55:56 Image size of job updated: 1709
	1709  -  MemoryUsage of job (MB)
	1750864  -  ResidentSetSize of job (KB)
...
006 (73445637.000.000) 2021-09-25 08:56:56 Image size of job updated: 1713
	1713  -  MemoryUsage of job (MB)
	1754244  -  ResidentSetSize of job (KB)
...
006 (73445637.000.000) 2021-09-25 08:57:56 Image size of job updated: 1719
	1719  -  MemoryUsage of job (MB)
	1761184  -  ResidentSetSize of job (KB)
...
006 (73445637.000.000) 2021-09-25 08:58:57 Image size of job updated: 1721
	1721  -  MemoryUsage of job (MB)
	1763300  -  ResidentSetSize of job (KB)
...
006 (73445637.000.000) 2021-09-25 08:59:57 Image size of job updated: 1726
	1726  -  MemoryUsage of job (MB)
	1768412  -  ResidentSetSize of job (KB)
...
006 (73445637.000.000) 2021-09-25 09:00:57 Image size of job updated: 1728
	1728  -  MemoryUsage of job (MB)
	1769584  -  ResidentSetSize of job (KB)
...
006 (73445637.000.000) 2021-09-25 09:01:58 Image size of job updated: 1729
	1729  -  MemoryUsage of job (MB)
	1770904  -  ResidentSetSize of job (KB)
...
006 (73445637.000.000) 2021-09-25 09:02:58 Image size of job updated: 1730
	1730  -  MemoryUsage of job (MB)
	1772244  -  ResidentSetSize of job (KB)
...
006 (73445637.000.000) 2021-09-25 09:03:58 Image size of job updated: 1731
	1731  -  MemoryUsage of job (MB)
	1773436  -  ResidentSetSize of job (KB)
...
006 (73445637.000.000) 2021-09-25 09:04:59 Image size of job updated: 1732
	1732  -  MemoryUsage of job (MB)
	1774092  -  ResidentSetSize of job (KB)
...
006 (73445637.000.000) 2021-09-25 09:06:00 Image size of job updated: 1733
	1733  -  MemoryUsage of job (MB)
	1774788  -  ResidentSetSize of job (KB)
...
006 (73445637.000.000) 2021-09-25 09:07:00 Image size of job updated: 1733
	1733  -  MemoryUsage of job (MB)
	1775556  -  ResidentSetSize of job (KB)
...
006 (73445637.000.000) 2021-09-25 09:08:01 Image size of job updated: 1734
	1734  -  MemoryUsage of job (MB)
	1776492  -  ResidentSetSize of job (KB)
...
006 (73445637.000.000) 2021-09-25 09:09:02 Image size of job updated: 1735
	1735  -  MemoryUsage of job (MB)
	1777340  -  ResidentSetSize of job (KB)
...
006 (73445637.000.000) 2021-09-25 09:10:02 Image size of job updated: 1736
	1736  -  MemoryUsage of job (MB)
	1777740  -  ResidentSetSize of job (KB)
...
006 (73445637.000.000) 2021-09-25 09:11:03 Image size of job updated: 1736
	1736  -  MemoryUsage of job (MB)
	1778304  -  ResidentSetSize of job (KB)
...
006 (73445637.000.000) 2021-09-25 09:12:04 Image size of job updated: 1737
	1737  -  MemoryUsage of job (MB)
	1778776  -  ResidentSetSize of job (KB)
...
006 (73445637.000.000) 2021-09-25 09:13:04 Image size of job updated: 1737
	1737  -  MemoryUsage of job (MB)
	1779348  -  ResidentSetSize of job (KB)
...
006 (73445637.000.000) 2021-09-25 09:14:04 Image size of job updated: 1738
	1738  -  MemoryUsage of job (MB)
	1780148  -  ResidentSetSize of job (KB)
...
006 (73445637.000.000) 2021-09-25 09:15:05 Image size of job updated: 1738
	1738  -  MemoryUsage of job (MB)
	1780320  -  ResidentSetSize of job (KB)
...
006 (73445637.000.000) 2021-09-25 09:16:05 Image size of job updated: 1739
	1739  -  MemoryUsage of job (MB)
	1781204  -  ResidentSetSize of job (KB)
...
006 (73445637.000.000) 2021-09-25 09:17:06 Image size of job updated: 1739
	1739  -  MemoryUsage of job (MB)
	1781496  -  ResidentSetSize of job (KB)
...
006 (73445637.000.000) 2021-09-25 09:18:07 Image size of job updated: 1740
	1740  -  MemoryUsage of job (MB)
	1782096  -  ResidentSetSize of job (KB)
...
006 (73445637.000.000) 2021-09-25 09:19:07 Image size of job updated: 1740
	1740  -  MemoryUsage of job (MB)
	1782484  -  ResidentSetSize of job (KB)
...
006 (73445637.000.000) 2021-09-25 09:20:08 Image size of job updated: 1741
	1741  -  MemoryUsage of job (MB)
	1782900  -  ResidentSetSize of job (KB)
...
006 (73445637.000.000) 2021-09-25 09:22:09 Image size of job updated: 1741
	1741  -  MemoryUsage of job (MB)
	1783304  -  ResidentSetSize of job (KB)
...
006 (73445637.000.000) 2021-09-25 09:23:09 Image size of job updated: 1741
	1741  -  MemoryUsage of job (MB)
	1783732  -  ResidentSetSize of job (KB)
...
006 (73445637.000.000) 2021-09-25 09:24:10 Image size of job updated: 1742
	1742  -  MemoryUsage of job (MB)
	1784372  -  ResidentSetSize of job (KB)
...
006 (73445637.000.000) 2021-09-25 09:25:10 Image size of job updated: 1742
	1742  -  MemoryUsage of job (MB)
	1784380  -  ResidentSetSize of job (KB)
...
006 (73445637.000.000) 2021-09-25 09:26:10 Image size of job updated: 1743
	1743  -  MemoryUsage of job (MB)
	1784924  -  ResidentSetSize of job (KB)
...
006 (73445637.000.000) 2021-09-25 09:27:11 Image size of job updated: 1743
	1743  -  MemoryUsage of job (MB)
	1785264  -  ResidentSetSize of job (KB)
...
006 (73445637.000.000) 2021-09-25 09:29:11 Image size of job updated: 1743
	1743  -  MemoryUsage of job (MB)
	1785772  -  ResidentSetSize of job (KB)
...
006 (73445637.000.000) 2021-09-25 09:30:12 Image size of job updated: 1744
	1744  -  MemoryUsage of job (MB)
	1786336  -  ResidentSetSize of job (KB)
...
006 (73445637.000.000) 2021-09-25 09:31:13 Image size of job updated: 1745
	1745  -  MemoryUsage of job (MB)
	1787052  -  ResidentSetSize of job (KB)
...
006 (73445637.000.000) 2021-09-25 09:32:13 Image size of job updated: 1745
	1745  -  MemoryUsage of job (MB)
	1787096  -  ResidentSetSize of job (KB)
...
006 (73445637.000.000) 2021-09-25 09:33:14 Image size of job updated: 1746
	1746  -  MemoryUsage of job (MB)
	1787912  -  ResidentSetSize of job (KB)
...
006 (73445637.000.000) 2021-09-25 09:34:14 Image size of job updated: 1746
	1746  -  MemoryUsage of job (MB)
	1788184  -  ResidentSetSize of job (KB)
...
006 (73445637.000.000) 2021-09-25 09:36:15 Image size of job updated: 1746
	1746  -  MemoryUsage of job (MB)
	1788696  -  ResidentSetSize of job (KB)
...
006 (73445637.000.000) 2021-09-25 09:37:16 Image size of job updated: 1747
	1747  -  MemoryUsage of job (MB)
	1789388  -  ResidentSetSize of job (KB)
...
006 (73445637.000.000) 2021-09-25 09:38:16 Image size of job updated: 1747
	1747  -  MemoryUsage of job (MB)
	1789808  -  ResidentSetSize of job (KB)
...
006 (73445637.000.000) 2021-09-25 09:39:17 Image size of job updated: 1747
	1747  -  MemoryUsage of job (MB)
	1789812  -  ResidentSetSize of job (KB)
...
006 (73445637.000.000) 2021-09-25 09:40:18 Image size of job updated: 1748
	1748  -  MemoryUsage of job (MB)
	1790068  -  ResidentSetSize of job (KB)
...
006 (73445637.000.000) 2021-09-25 09:41:18 Image size of job updated: 1748
	1748  -  MemoryUsage of job (MB)
	1790236  -  ResidentSetSize of job (KB)
...
006 (73445637.000.000) 2021-09-25 09:42:18 Image size of job updated: 1748
	1748  -  MemoryUsage of job (MB)
	1790288  -  ResidentSetSize of job (KB)
...
006 (73445637.000.000) 2021-09-25 09:43:19 Image size of job updated: 1748
	1748  -  MemoryUsage of job (MB)
	1790304  -  ResidentSetSize of job (KB)
...
006 (73445637.000.000) 2021-09-25 09:44:19 Image size of job updated: 1748
	1748  -  MemoryUsage of job (MB)
	1790524  -  ResidentSetSize of job (KB)
...
006 (73445637.000.000) 2021-09-25 09:45:19 Image size of job updated: 1748
	1748  -  MemoryUsage of job (MB)
	1790680  -  ResidentSetSize of job (KB)
...
006 (73445637.000.000) 2021-09-25 09:46:20 Image size of job updated: 1748
	1748  -  MemoryUsage of job (MB)
	1790684  -  ResidentSetSize of job (KB)
...
006 (73445637.000.000) 2021-09-25 09:47:20 Image size of job updated: 1748
	1748  -  MemoryUsage of job (MB)
	1790784  -  ResidentSetSize of job (KB)
...
006 (73445637.000.000) 2021-09-25 09:48:20 Image size of job updated: 1749
	1749  -  MemoryUsage of job (MB)
	1791640  -  ResidentSetSize of job (KB)
...
006 (73445637.000.000) 2021-09-25 09:49:21 Image size of job updated: 1750
	1750  -  MemoryUsage of job (MB)
	1792200  -  ResidentSetSize of job (KB)
...
006 (73445637.000.000) 2021-09-25 09:50:21 Image size of job updated: 1750
	1750  -  MemoryUsage of job (MB)
	1792324  -  ResidentSetSize of job (KB)
...
006 (73445637.000.000) 2021-09-25 09:51:21 Image size of job updated: 1750
	1750  -  MemoryUsage of job (MB)
	1792772  -  ResidentSetSize of job (KB)
...
006 (73445637.000.000) 2021-09-25 09:52:22 Image size of job updated: 1751
	1751  -  MemoryUsage of job (MB)
	1793516  -  ResidentSetSize of job (KB)
...
006 (73445637.000.000) 2021-09-25 09:53:23 Image size of job updated: 1751
	1751  -  MemoryUsage of job (MB)
	1793524  -  ResidentSetSize of job (KB)
...
006 (73445637.000.000) 2021-09-25 09:54:23 Image size of job updated: 1752
	1752  -  MemoryUsage of job (MB)
	1794116  -  ResidentSetSize of job (KB)
...
006 (73445637.000.000) 2021-09-25 09:55:24 Image size of job updated: 1752
	1752  -  MemoryUsage of job (MB)
	1794368  -  ResidentSetSize of job (KB)
...
006 (73445637.000.000) 2021-09-25 09:56:25 Image size of job updated: 1752
	1752  -  MemoryUsage of job (MB)
	1794852  -  ResidentSetSize of job (KB)
...
006 (73445637.000.000) 2021-09-25 09:57:25 Image size of job updated: 1752
	1752  -  MemoryUsage of job (MB)
	1794856  -  ResidentSetSize of job (KB)
...
006 (73445637.000.000) 2021-09-25 09:58:26 Image size of job updated: 1753
	1753  -  MemoryUsage of job (MB)
	1795304  -  ResidentSetSize of job (KB)
...
006 (73445637.000.000) 2021-09-25 09:59:27 Image size of job updated: 1753
	1753  -  MemoryUsage of job (MB)
	1795764  -  ResidentSetSize of job (KB)
...
006 (73445637.000.000) 2021-09-25 10:00:27 Image size of job updated: 1754
	1754  -  MemoryUsage of job (MB)
	1796132  -  ResidentSetSize of job (KB)
...
006 (73445637.000.000) 2021-09-25 10:01:28 Image size of job updated: 1754
	1754  -  MemoryUsage of job (MB)
	1796248  -  ResidentSetSize of job (KB)
...
006 (73445637.000.000) 2021-09-25 10:02:29 Image size of job updated: 1754
	1754  -  MemoryUsage of job (MB)
	1796324  -  ResidentSetSize of job (KB)
...
006 (73445637.000.000) 2021-09-25 10:03:29 Image size of job updated: 1754
	1754  -  MemoryUsage of job (MB)
	1796852  -  ResidentSetSize of job (KB)
...
006 (73445637.000.000) 2021-09-25 10:05:29 Image size of job updated: 1755
	1755  -  MemoryUsage of job (MB)
	1797312  -  ResidentSetSize of job (KB)
...
006 (73445637.000.000) 2021-09-25 10:06:29 Image size of job updated: 1755
	1755  -  MemoryUsage of job (MB)
	1797556  -  ResidentSetSize of job (KB)
...
006 (73445637.000.000) 2021-09-25 10:07:29 Image size of job updated: 1755
	1755  -  MemoryUsage of job (MB)
	1797708  -  ResidentSetSize of job (KB)
...
006 (73445637.000.000) 2021-09-25 10:08:30 Image size of job updated: 1755
	1755  -  MemoryUsage of job (MB)
	1797900  -  ResidentSetSize of job (KB)
...
006 (73445637.000.000) 2021-09-25 10:09:30 Image size of job updated: 1755
	1755  -  MemoryUsage of job (MB)
	1797920  -  ResidentSetSize of job (KB)
...
006 (73445637.000.000) 2021-09-25 10:10:30 Image size of job updated: 1755
	1755  -  MemoryUsage of job (MB)
	1798064  -  ResidentSetSize of job (KB)
...
006 (73445637.000.000) 2021-09-25 10:11:31 Image size of job updated: 1755
	1755  -  MemoryUsage of job (MB)
	1798116  -  ResidentSetSize of job (KB)
...
040 (73445637.000.000) 2021-09-25 10:11:53 Started transferring output files
...
040 (73445637.000.000) 2021-09-25 10:11:53 Finished transferring output files
...
005 (73445637.000.000) 2021-09-25 10:11:56 Job terminated.
	(1) Normal termination (return value 0)
		Usr 0 00:00:00, Sys 0 00:00:00  -  Run Remote Usage
		Usr 0 00:00:00, Sys 0 00:00:00  -  Run Local Usage
		Usr 0 01:19:04, Sys 0 01:13:09  -  Total Remote Usage
		Usr 0 00:00:00, Sys 0 00:00:00  -  Total Local Usage
	1234258  -  Run Bytes Sent By Job
	8471570  -  Run Bytes Received By Job
	1234258  -  Total Bytes Sent By Job
	8471570  -  Total Bytes Received By Job
	Partitionable Resources :    Usage  Request Allocated 
	   Cpus                 :     0.00        1         1 
	   Disk (KB)            : 31300       10000    320996 
	   Memory (MB)          :  1755        2048      2048 

	Job terminated of its own accord at 2021-09-25T15:11:53Z.
...
