000 (34612093.000.000) 2021-09-20 11:28:19 Job submitted from host: <131.225.188.57:9618?addrs=131.225.188.57-9618&alias=lpcschedd2.fnal.gov&noUDP&sock=schedd_2251_93c6>
...
040 (34612093.000.000) 2021-09-20 12:55:16 Started transferring input files
	Transferring to host: <131.225.188.86:9618?addrs=131.225.188.86-9618&alias=cmswn2042.fnal.gov&noUDP&sock=slot1_17_1969_16a9_1312>
...
040 (34612093.000.000) 2021-09-20 12:55:16 Finished transferring input files
...
001 (34612093.000.000) 2021-09-20 12:55:17 Job executing on host: <131.225.188.86:9618?addrs=131.225.188.86-9618&alias=cmswn2042.fnal.gov&noUDP&sock=startd_1880_1a23>
...
006 (34612093.000.000) 2021-09-20 12:55:27 Image size of job updated: 14
	14  -  MemoryUsage of job (MB)
	15332  -  ResidentSetSize of job (KB)
...
006 (34612093.000.000) 2021-09-20 12:56:27 Image size of job updated: 266
	266  -  MemoryUsage of job (MB)
	273012  -  ResidentSetSize of job (KB)
...
006 (34612093.000.000) 2021-09-20 12:57:27 Image size of job updated: 501
	501  -  MemoryUsage of job (MB)
	513776  -  ResidentSetSize of job (KB)
...
006 (34612093.000.000) 2021-09-20 13:01:27 Image size of job updated: 550
	550  -  MemoryUsage of job (MB)
	563700  -  ResidentSetSize of job (KB)
...
006 (34612093.000.000) 2021-09-20 13:02:27 Image size of job updated: 599
	599  -  MemoryUsage of job (MB)
	613804  -  ResidentSetSize of job (KB)
...
006 (34612093.000.000) 2021-09-20 13:03:27 Image size of job updated: 640
	640  -  MemoryUsage of job (MB)
	656328  -  ResidentSetSize of job (KB)
...
006 (34612093.000.000) 2021-09-20 13:04:27 Image size of job updated: 676
	676  -  MemoryUsage of job (MB)
	693108  -  ResidentSetSize of job (KB)
...
006 (34612093.000.000) 2021-09-20 13:05:27 Image size of job updated: 713
	713  -  MemoryUsage of job (MB)
	730484  -  ResidentSetSize of job (KB)
...
006 (34612093.000.000) 2021-09-20 13:06:28 Image size of job updated: 744
	744  -  MemoryUsage of job (MB)
	762204  -  ResidentSetSize of job (KB)
...
006 (34612093.000.000) 2021-09-20 13:07:29 Image size of job updated: 776
	776  -  MemoryUsage of job (MB)
	795516  -  ResidentSetSize of job (KB)
...
006 (34612093.000.000) 2021-09-20 13:08:29 Image size of job updated: 805
	805  -  MemoryUsage of job (MB)
	824880  -  ResidentSetSize of job (KB)
...
006 (34612093.000.000) 2021-09-20 13:09:29 Image size of job updated: 832
	832  -  MemoryUsage of job (MB)
	852376  -  ResidentSetSize of job (KB)
...
006 (34612093.000.000) 2021-09-20 13:10:29 Image size of job updated: 863
	863  -  MemoryUsage of job (MB)
	883856  -  ResidentSetSize of job (KB)
...
006 (34612093.000.000) 2021-09-20 13:11:30 Image size of job updated: 900
	900  -  MemoryUsage of job (MB)
	921620  -  ResidentSetSize of job (KB)
...
006 (34612093.000.000) 2021-09-20 13:12:32 Image size of job updated: 928
	928  -  MemoryUsage of job (MB)
	950648  -  ResidentSetSize of job (KB)
...
006 (34612093.000.000) 2021-09-20 13:13:32 Image size of job updated: 952
	952  -  MemoryUsage of job (MB)
	974948  -  ResidentSetSize of job (KB)
...
006 (34612093.000.000) 2021-09-20 13:14:32 Image size of job updated: 975
	975  -  MemoryUsage of job (MB)
	998940  -  ResidentSetSize of job (KB)
...
006 (34612093.000.000) 2021-09-20 13:15:32 Image size of job updated: 1000
	1000  -  MemoryUsage of job (MB)
	1024924  -  ResidentSetSize of job (KB)
...
006 (34612093.000.000) 2021-09-20 13:16:32 Image size of job updated: 1025
	1025  -  MemoryUsage of job (MB)
	1049968  -  ResidentSetSize of job (KB)
...
006 (34612093.000.000) 2021-09-20 13:17:33 Image size of job updated: 1050
	1050  -  MemoryUsage of job (MB)
	1075692  -  ResidentSetSize of job (KB)
...
006 (34612093.000.000) 2021-09-20 13:18:34 Image size of job updated: 1081
	1081  -  MemoryUsage of job (MB)
	1106972  -  ResidentSetSize of job (KB)
...
006 (34612093.000.000) 2021-09-20 13:19:35 Image size of job updated: 1101
	1101  -  MemoryUsage of job (MB)
	1127648  -  ResidentSetSize of job (KB)
...
006 (34612093.000.000) 2021-09-20 13:20:35 Image size of job updated: 1123
	1123  -  MemoryUsage of job (MB)
	1150020  -  ResidentSetSize of job (KB)
...
006 (34612093.000.000) 2021-09-20 13:21:36 Image size of job updated: 1142
	1142  -  MemoryUsage of job (MB)
	1169916  -  ResidentSetSize of job (KB)
...
006 (34612093.000.000) 2021-09-20 13:22:38 Image size of job updated: 1164
	1164  -  MemoryUsage of job (MB)
	1192152  -  ResidentSetSize of job (KB)
...
006 (34612093.000.000) 2021-09-20 13:23:38 Image size of job updated: 1182
	1182  -  MemoryUsage of job (MB)
	1210948  -  ResidentSetSize of job (KB)
...
006 (34612093.000.000) 2021-09-20 13:24:39 Image size of job updated: 1202
	1202  -  MemoryUsage of job (MB)
	1231652  -  ResidentSetSize of job (KB)
...
006 (34612093.000.000) 2021-09-20 13:25:39 Image size of job updated: 1220
	1220  -  MemoryUsage of job (MB)
	1249932  -  ResidentSetSize of job (KB)
...
006 (34612093.000.000) 2021-09-20 13:26:39 Image size of job updated: 1238
	1238  -  MemoryUsage of job (MB)
	1267876  -  ResidentSetSize of job (KB)
...
006 (34612093.000.000) 2021-09-20 13:27:39 Image size of job updated: 1257
	1257  -  MemoryUsage of job (MB)
	1287508  -  ResidentSetSize of job (KB)
...
006 (34612093.000.000) 2021-09-20 13:28:40 Image size of job updated: 1274
	1274  -  MemoryUsage of job (MB)
	1304884  -  ResidentSetSize of job (KB)
...
006 (34612093.000.000) 2021-09-20 13:29:42 Image size of job updated: 1292
	1292  -  MemoryUsage of job (MB)
	1323912  -  ResidentSetSize of job (KB)
...
006 (34612093.000.000) 2021-09-20 13:30:42 Image size of job updated: 1309
	1309  -  MemoryUsage of job (MB)
	1340808  -  ResidentSetSize of job (KB)
...
006 (34612093.000.000) 2021-09-20 13:31:42 Image size of job updated: 1325
	1325  -  MemoryUsage of job (MB)
	1357724  -  ResidentSetSize of job (KB)
...
006 (34612093.000.000) 2021-09-20 13:32:43 Image size of job updated: 1343
	1343  -  MemoryUsage of job (MB)
	1375956  -  ResidentSetSize of job (KB)
...
006 (34612093.000.000) 2021-09-20 13:33:43 Image size of job updated: 1359
	1359  -  MemoryUsage of job (MB)
	1392028  -  ResidentSetSize of job (KB)
...
006 (34612093.000.000) 2021-09-20 13:34:43 Image size of job updated: 1374
	1374  -  MemoryUsage of job (MB)
	1407888  -  ResidentSetSize of job (KB)
...
006 (34612093.000.000) 2021-09-20 13:35:43 Image size of job updated: 1391
	1391  -  MemoryUsage of job (MB)
	1425156  -  ResidentSetSize of job (KB)
...
006 (34612093.000.000) 2021-09-20 13:36:44 Image size of job updated: 1406
	1406  -  MemoryUsage of job (MB)
	1440592  -  ResidentSetSize of job (KB)
...
006 (34612093.000.000) 2021-09-20 13:37:46 Image size of job updated: 1423
	1423  -  MemoryUsage of job (MB)
	1457344  -  ResidentSetSize of job (KB)
...
006 (34612093.000.000) 2021-09-20 13:38:46 Image size of job updated: 1437
	1437  -  MemoryUsage of job (MB)
	1472136  -  ResidentSetSize of job (KB)
...
006 (34612093.000.000) 2021-09-20 13:39:46 Image size of job updated: 1451
	1451  -  MemoryUsage of job (MB)
	1486740  -  ResidentSetSize of job (KB)
...
006 (34612093.000.000) 2021-09-20 13:40:46 Image size of job updated: 1467
	1467  -  MemoryUsage of job (MB)
	1502584  -  ResidentSetSize of job (KB)
...
006 (34612093.000.000) 2021-09-20 13:41:47 Image size of job updated: 1481
	1481  -  MemoryUsage of job (MB)
	1516700  -  ResidentSetSize of job (KB)
...
006 (34612093.000.000) 2021-09-20 13:42:48 Image size of job updated: 1496
	1496  -  MemoryUsage of job (MB)
	1532204  -  ResidentSetSize of job (KB)
...
006 (34612093.000.000) 2021-09-20 13:43:49 Image size of job updated: 1509
	1509  -  MemoryUsage of job (MB)
	1545776  -  ResidentSetSize of job (KB)
...
006 (34612093.000.000) 2021-09-20 13:44:51 Image size of job updated: 1524
	1524  -  MemoryUsage of job (MB)
	1560872  -  ResidentSetSize of job (KB)
...
006 (34612093.000.000) 2021-09-20 13:45:51 Image size of job updated: 1541
	1541  -  MemoryUsage of job (MB)
	1578388  -  ResidentSetSize of job (KB)
...
006 (34612093.000.000) 2021-09-20 13:46:51 Image size of job updated: 1708
	1708  -  MemoryUsage of job (MB)
	1749084  -  ResidentSetSize of job (KB)
...
006 (34612093.000.000) 2021-09-20 13:47:51 Image size of job updated: 1709
	1709  -  MemoryUsage of job (MB)
	1750276  -  ResidentSetSize of job (KB)
...
006 (34612093.000.000) 2021-09-20 13:48:52 Image size of job updated: 1760
	1760  -  MemoryUsage of job (MB)
	1802704  -  ResidentSetSize of job (KB)
...
006 (34612093.000.000) 2021-09-20 13:49:54 Image size of job updated: 1760
	1760  -  MemoryUsage of job (MB)
	1803244  -  ResidentSetSize of job (KB)
...
006 (34612093.000.000) 2021-09-20 13:50:54 Image size of job updated: 1783
	1783  -  MemoryUsage of job (MB)
	1826712  -  ResidentSetSize of job (KB)
...
006 (34612093.000.000) 2021-09-20 13:51:54 Image size of job updated: 1784
	1784  -  MemoryUsage of job (MB)
	1826960  -  ResidentSetSize of job (KB)
...
006 (34612093.000.000) 2021-09-20 13:52:55 Image size of job updated: 1798
	1798  -  MemoryUsage of job (MB)
	1842048  -  ResidentSetSize of job (KB)
...
006 (34612093.000.000) 2021-09-20 13:53:55 Image size of job updated: 1799
	1799  -  MemoryUsage of job (MB)
	1842272  -  ResidentSetSize of job (KB)
...
006 (34612093.000.000) 2021-09-20 13:54:55 Image size of job updated: 1802
	1802  -  MemoryUsage of job (MB)
	1845664  -  ResidentSetSize of job (KB)
...
006 (34612093.000.000) 2021-09-20 13:55:55 Image size of job updated: 1802
	1802  -  MemoryUsage of job (MB)
	1845740  -  ResidentSetSize of job (KB)
...
006 (34612093.000.000) 2021-09-20 13:56:56 Image size of job updated: 1804
	1804  -  MemoryUsage of job (MB)
	1847420  -  ResidentSetSize of job (KB)
...
006 (34612093.000.000) 2021-09-20 13:57:58 Image size of job updated: 1804
	1804  -  MemoryUsage of job (MB)
	1847540  -  ResidentSetSize of job (KB)
...
006 (34612093.000.000) 2021-09-20 13:58:58 Image size of job updated: 1811
	1811  -  MemoryUsage of job (MB)
	1855276  -  ResidentSetSize of job (KB)
...
006 (34612093.000.000) 2021-09-20 13:59:59 Image size of job updated: 1818
	1818  -  MemoryUsage of job (MB)
	1862588  -  ResidentSetSize of job (KB)
...
006 (34612093.000.000) 2021-09-20 14:00:59 Image size of job updated: 1819
	1819  -  MemoryUsage of job (MB)
	1862680  -  ResidentSetSize of job (KB)
...
006 (34612093.000.000) 2021-09-20 14:01:59 Image size of job updated: 1823
	1823  -  MemoryUsage of job (MB)
	1866836  -  ResidentSetSize of job (KB)
...
006 (34612093.000.000) 2021-09-20 14:02:59 Image size of job updated: 1823
	1823  -  MemoryUsage of job (MB)
	1866880  -  ResidentSetSize of job (KB)
...
006 (34612093.000.000) 2021-09-20 14:03:59 Image size of job updated: 1823
	1823  -  MemoryUsage of job (MB)
	1867704  -  ResidentSetSize of job (KB)
...
006 (34612093.000.000) 2021-09-20 14:04:59 Image size of job updated: 1824
	1824  -  MemoryUsage of job (MB)
	1868432  -  ResidentSetSize of job (KB)
...
006 (34612093.000.000) 2021-09-20 14:05:59 Image size of job updated: 1824
	1824  -  MemoryUsage of job (MB)
	1868528  -  ResidentSetSize of job (KB)
...
006 (34612093.000.000) 2021-09-20 14:07:00 Image size of job updated: 1825
	1825  -  MemoryUsage of job (MB)
	1869476  -  ResidentSetSize of job (KB)
...
006 (34612093.000.000) 2021-09-20 14:08:00 Image size of job updated: 1826
	1826  -  MemoryUsage of job (MB)
	1869844  -  ResidentSetSize of job (KB)
...
006 (34612093.000.000) 2021-09-20 14:09:01 Image size of job updated: 1826
	1826  -  MemoryUsage of job (MB)
	1870064  -  ResidentSetSize of job (KB)
...
006 (34612093.000.000) 2021-09-20 14:10:02 Image size of job updated: 1827
	1827  -  MemoryUsage of job (MB)
	1871132  -  ResidentSetSize of job (KB)
...
006 (34612093.000.000) 2021-09-20 14:11:03 Image size of job updated: 1827
	1827  -  MemoryUsage of job (MB)
	1871164  -  ResidentSetSize of job (KB)
...
006 (34612093.000.000) 2021-09-20 14:13:05 Image size of job updated: 1827
	1827  -  MemoryUsage of job (MB)
	1871536  -  ResidentSetSize of job (KB)
...
006 (34612093.000.000) 2021-09-20 14:14:05 Image size of job updated: 1827
	1827  -  MemoryUsage of job (MB)
	1871716  -  ResidentSetSize of job (KB)
...
006 (34612093.000.000) 2021-09-20 14:16:05 Image size of job updated: 1828
	1828  -  MemoryUsage of job (MB)
	1872556  -  ResidentSetSize of job (KB)
...
006 (34612093.000.000) 2021-09-20 14:17:05 Image size of job updated: 1828
	1828  -  MemoryUsage of job (MB)
	1872560  -  ResidentSetSize of job (KB)
...
006 (34612093.000.000) 2021-09-20 14:18:05 Image size of job updated: 1828
	1828  -  MemoryUsage of job (MB)
	1872636  -  ResidentSetSize of job (KB)
...
006 (34612093.000.000) 2021-09-20 14:19:06 Image size of job updated: 1828
	1828  -  MemoryUsage of job (MB)
	1872640  -  ResidentSetSize of job (KB)
...
040 (34612093.000.000) 2021-09-20 14:19:10 Started transferring output files
...
040 (34612093.000.000) 2021-09-20 14:19:10 Finished transferring output files
...
005 (34612093.000.000) 2021-09-20 14:19:11 Job terminated.
	(1) Normal termination (return value 0)
		Usr 0 00:00:00, Sys 0 00:00:00  -  Run Remote Usage
		Usr 0 00:00:00, Sys 0 00:00:00  -  Run Local Usage
		Usr 0 01:08:25, Sys 0 00:10:33  -  Total Remote Usage
		Usr 0 00:00:00, Sys 0 00:00:00  -  Total Local Usage
	1268196  -  Run Bytes Sent By Job
	8471538  -  Run Bytes Received By Job
	1268196  -  Total Bytes Sent By Job
	8471538  -  Total Bytes Received By Job
	Partitionable Resources :    Usage  Request Allocated 
	   Cpus                 :     0.00        1         1 
	   Disk (KB)            : 29155       10000   1649725 
	   Memory (MB)          :  1828        2048      2048 

	Job terminated of its own accord at 2021-09-20T19:19:10Z.
...
000 (14733067.000.000) 2021-09-24 22:27:34 Job submitted from host: <131.225.188.55:9618?addrs=131.225.188.55-9618&alias=lpcschedd1.fnal.gov&noUDP&sock=schedd_2070_6d22>
...
040 (14733067.000.000) 2021-09-25 01:28:07 Started transferring input files
	Transferring to host: <131.225.188.34:9618?addrs=131.225.188.34-9618&alias=cmswn2026.fnal.gov&noUDP&sock=slot1_52_2002_570a_5119>
...
040 (14733067.000.000) 2021-09-25 01:28:07 Finished transferring input files
...
001 (14733067.000.000) 2021-09-25 01:28:08 Job executing on host: <131.225.188.34:9618?addrs=131.225.188.34-9618&alias=cmswn2026.fnal.gov&noUDP&sock=startd_1924_484e>
...
006 (14733067.000.000) 2021-09-25 01:28:17 Image size of job updated: 20
	20  -  MemoryUsage of job (MB)
	21064  -  ResidentSetSize of job (KB)
...
006 (14733067.000.000) 2021-09-25 01:29:17 Image size of job updated: 455
	455  -  MemoryUsage of job (MB)
	466888  -  ResidentSetSize of job (KB)
...
006 (14733067.000.000) 2021-09-25 01:30:18 Image size of job updated: 534
	534  -  MemoryUsage of job (MB)
	546828  -  ResidentSetSize of job (KB)
...
006 (14733067.000.000) 2021-09-25 01:34:23 Image size of job updated: 539
	539  -  MemoryUsage of job (MB)
	552288  -  ResidentSetSize of job (KB)
...
006 (14733067.000.000) 2021-09-25 01:35:24 Image size of job updated: 580
	580  -  MemoryUsage of job (MB)
	594112  -  ResidentSetSize of job (KB)
...
006 (14733067.000.000) 2021-09-25 01:36:25 Image size of job updated: 623
	623  -  MemoryUsage of job (MB)
	637964  -  ResidentSetSize of job (KB)
...
006 (14733067.000.000) 2021-09-25 01:37:26 Image size of job updated: 658
	658  -  MemoryUsage of job (MB)
	674216  -  ResidentSetSize of job (KB)
...
006 (14733067.000.000) 2021-09-25 01:38:27 Image size of job updated: 693
	693  -  MemoryUsage of job (MB)
	709792  -  ResidentSetSize of job (KB)
...
006 (14733067.000.000) 2021-09-25 01:39:28 Image size of job updated: 724
	724  -  MemoryUsage of job (MB)
	742352  -  ResidentSetSize of job (KB)
...
006 (14733067.000.000) 2021-09-25 01:40:29 Image size of job updated: 755
	755  -  MemoryUsage of job (MB)
	773188  -  ResidentSetSize of job (KB)
...
006 (14733067.000.000) 2021-09-25 01:41:29 Image size of job updated: 780
	780  -  MemoryUsage of job (MB)
	799448  -  ResidentSetSize of job (KB)
...
006 (14733067.000.000) 2021-09-25 01:42:30 Image size of job updated: 809
	809  -  MemoryUsage of job (MB)
	829176  -  ResidentSetSize of job (KB)
...
006 (14733067.000.000) 2021-09-25 01:43:30 Image size of job updated: 839
	839  -  MemoryUsage of job (MB)
	859280  -  ResidentSetSize of job (KB)
...
006 (14733067.000.000) 2021-09-25 01:44:31 Image size of job updated: 865
	865  -  MemoryUsage of job (MB)
	886320  -  ResidentSetSize of job (KB)
...
006 (14733067.000.000) 2021-09-25 01:45:31 Image size of job updated: 902
	902  -  MemoryUsage of job (MB)
	924644  -  ResidentSetSize of job (KB)
...
006 (14733067.000.000) 2021-09-25 01:46:31 Image size of job updated: 929
	929  -  MemoryUsage of job (MB)
	951388  -  ResidentSetSize of job (KB)
...
006 (14733067.000.000) 2021-09-25 01:47:33 Image size of job updated: 956
	956  -  MemoryUsage of job (MB)
	979328  -  ResidentSetSize of job (KB)
...
006 (14733067.000.000) 2021-09-25 01:48:34 Image size of job updated: 980
	980  -  MemoryUsage of job (MB)
	1003732  -  ResidentSetSize of job (KB)
...
006 (14733067.000.000) 2021-09-25 01:49:36 Image size of job updated: 1004
	1004  -  MemoryUsage of job (MB)
	1028160  -  ResidentSetSize of job (KB)
...
006 (14733067.000.000) 2021-09-25 01:50:37 Image size of job updated: 1030
	1030  -  MemoryUsage of job (MB)
	1054956  -  ResidentSetSize of job (KB)
...
006 (14733067.000.000) 2021-09-25 01:51:38 Image size of job updated: 1060
	1060  -  MemoryUsage of job (MB)
	1085944  -  ResidentSetSize of job (KB)
...
006 (14733067.000.000) 2021-09-25 01:52:39 Image size of job updated: 1083
	1083  -  MemoryUsage of job (MB)
	1109800  -  ResidentSetSize of job (KB)
...
006 (14733067.000.000) 2021-09-25 01:53:39 Image size of job updated: 1102
	1102  -  MemoryUsage of job (MB)
	1129124  -  ResidentSetSize of job (KB)
...
006 (14733067.000.000) 2021-09-25 01:54:39 Image size of job updated: 1123
	1123  -  MemoryUsage of job (MB)
	1150228  -  ResidentSetSize of job (KB)
...
006 (14733067.000.000) 2021-09-25 01:55:40 Image size of job updated: 1144
	1144  -  MemoryUsage of job (MB)
	1171628  -  ResidentSetSize of job (KB)
...
006 (14733067.000.000) 2021-09-25 01:56:40 Image size of job updated: 1164
	1164  -  MemoryUsage of job (MB)
	1192580  -  ResidentSetSize of job (KB)
...
006 (14733067.000.000) 2021-09-25 01:57:41 Image size of job updated: 1183
	1183  -  MemoryUsage of job (MB)
	1212064  -  ResidentSetSize of job (KB)
...
006 (14733067.000.000) 2021-09-25 01:58:42 Image size of job updated: 1202
	1202  -  MemoryUsage of job (MB)
	1231348  -  ResidentSetSize of job (KB)
...
006 (14733067.000.000) 2021-09-25 01:59:42 Image size of job updated: 1221
	1221  -  MemoryUsage of job (MB)
	1250352  -  ResidentSetSize of job (KB)
...
006 (14733067.000.000) 2021-09-25 02:00:43 Image size of job updated: 1239
	1239  -  MemoryUsage of job (MB)
	1268972  -  ResidentSetSize of job (KB)
...
006 (14733067.000.000) 2021-09-25 02:01:44 Image size of job updated: 1257
	1257  -  MemoryUsage of job (MB)
	1287408  -  ResidentSetSize of job (KB)
...
006 (14733067.000.000) 2021-09-25 02:02:44 Image size of job updated: 1272
	1272  -  MemoryUsage of job (MB)
	1302696  -  ResidentSetSize of job (KB)
...
006 (14733067.000.000) 2021-09-25 02:03:44 Image size of job updated: 1289
	1289  -  MemoryUsage of job (MB)
	1320736  -  ResidentSetSize of job (KB)
...
006 (14733067.000.000) 2021-09-25 02:04:44 Image size of job updated: 1306
	1306  -  MemoryUsage of job (MB)
	1338268  -  ResidentSetSize of job (KB)
...
006 (14733067.000.000) 2021-09-25 02:05:44 Image size of job updated: 1323
	1323  -  MemoryUsage of job (MB)
	1355224  -  ResidentSetSize of job (KB)
...
006 (14733067.000.000) 2021-09-25 02:06:44 Image size of job updated: 1340
	1340  -  MemoryUsage of job (MB)
	1372224  -  ResidentSetSize of job (KB)
...
006 (14733067.000.000) 2021-09-25 02:07:45 Image size of job updated: 1356
	1356  -  MemoryUsage of job (MB)
	1389184  -  ResidentSetSize of job (KB)
...
006 (14733067.000.000) 2021-09-25 02:08:46 Image size of job updated: 1372
	1372  -  MemoryUsage of job (MB)
	1405924  -  ResidentSetSize of job (KB)
...
006 (14733067.000.000) 2021-09-25 02:09:47 Image size of job updated: 1388
	1388  -  MemoryUsage of job (MB)
	1422172  -  ResidentSetSize of job (KB)
...
006 (14733067.000.000) 2021-09-25 02:10:47 Image size of job updated: 1404
	1404  -  MemoryUsage of job (MB)
	1438340  -  ResidentSetSize of job (KB)
...
006 (14733067.000.000) 2021-09-25 02:11:48 Image size of job updated: 1420
	1420  -  MemoryUsage of job (MB)
	1454932  -  ResidentSetSize of job (KB)
...
006 (14733067.000.000) 2021-09-25 02:12:49 Image size of job updated: 1435
	1435  -  MemoryUsage of job (MB)
	1469792  -  ResidentSetSize of job (KB)
...
006 (14733067.000.000) 2021-09-25 02:13:49 Image size of job updated: 1448
	1448  -  MemoryUsage of job (MB)
	1483548  -  ResidentSetSize of job (KB)
...
006 (14733067.000.000) 2021-09-25 02:14:49 Image size of job updated: 1463
	1463  -  MemoryUsage of job (MB)
	1499008  -  ResidentSetSize of job (KB)
...
006 (14733067.000.000) 2021-09-25 02:15:49 Image size of job updated: 1478
	1478  -  MemoryUsage of job (MB)
	1514432  -  ResidentSetSize of job (KB)
...
006 (14733067.000.000) 2021-09-25 02:16:49 Image size of job updated: 1493
	1493  -  MemoryUsage of job (MB)
	1529744  -  ResidentSetSize of job (KB)
...
006 (14733067.000.000) 2021-09-25 02:17:49 Image size of job updated: 1508
	1508  -  MemoryUsage of job (MB)
	1544752  -  ResidentSetSize of job (KB)
...
006 (14733067.000.000) 2021-09-25 02:18:49 Image size of job updated: 1523
	1523  -  MemoryUsage of job (MB)
	1559652  -  ResidentSetSize of job (KB)
...
006 (14733067.000.000) 2021-09-25 02:19:50 Image size of job updated: 1541
	1541  -  MemoryUsage of job (MB)
	1578504  -  ResidentSetSize of job (KB)
...
006 (14733067.000.000) 2021-09-25 02:20:51 Image size of job updated: 1630
	1630  -  MemoryUsage of job (MB)
	1669360  -  ResidentSetSize of job (KB)
...
006 (14733067.000.000) 2021-09-25 02:21:52 Image size of job updated: 1708
	1708  -  MemoryUsage of job (MB)
	1749508  -  ResidentSetSize of job (KB)
...
006 (14733067.000.000) 2021-09-25 02:22:53 Image size of job updated: 1708
	1708  -  MemoryUsage of job (MB)
	1749736  -  ResidentSetSize of job (KB)
...
006 (14733067.000.000) 2021-09-25 02:23:55 Image size of job updated: 1708
	1708  -  MemoryUsage of job (MB)
	1750008  -  ResidentSetSize of job (KB)
...
006 (14733067.000.000) 2021-09-25 02:24:56 Image size of job updated: 1709
	1709  -  MemoryUsage of job (MB)
	1750180  -  ResidentSetSize of job (KB)
...
006 (14733067.000.000) 2021-09-25 02:25:57 Image size of job updated: 1709
	1709  -  MemoryUsage of job (MB)
	1750344  -  ResidentSetSize of job (KB)
...
006 (14733067.000.000) 2021-09-25 02:26:58 Image size of job updated: 1713
	1713  -  MemoryUsage of job (MB)
	1755044  -  ResidentSetSize of job (KB)
...
006 (14733067.000.000) 2021-09-25 02:27:58 Image size of job updated: 1759
	1759  -  MemoryUsage of job (MB)
	1802224  -  ResidentSetSize of job (KB)
...
006 (14733067.000.000) 2021-09-25 02:28:59 Image size of job updated: 1760
	1760  -  MemoryUsage of job (MB)
	1802344  -  ResidentSetSize of job (KB)
...
006 (14733067.000.000) 2021-09-25 02:30:00 Image size of job updated: 1760
	1760  -  MemoryUsage of job (MB)
	1802436  -  ResidentSetSize of job (KB)
...
006 (14733067.000.000) 2021-09-25 02:31:01 Image size of job updated: 1760
	1760  -  MemoryUsage of job (MB)
	1802552  -  ResidentSetSize of job (KB)
...
006 (14733067.000.000) 2021-09-25 02:32:01 Image size of job updated: 1760
	1760  -  MemoryUsage of job (MB)
	1802652  -  ResidentSetSize of job (KB)
...
006 (14733067.000.000) 2021-09-25 02:33:02 Image size of job updated: 1760
	1760  -  MemoryUsage of job (MB)
	1802728  -  ResidentSetSize of job (KB)
...
006 (14733067.000.000) 2021-09-25 02:34:03 Image size of job updated: 1781
	1781  -  MemoryUsage of job (MB)
	1824748  -  ResidentSetSize of job (KB)
...
006 (14733067.000.000) 2021-09-25 02:35:04 Image size of job updated: 1782
	1782  -  MemoryUsage of job (MB)
	1824804  -  ResidentSetSize of job (KB)
...
006 (14733067.000.000) 2021-09-25 02:36:05 Image size of job updated: 1782
	1782  -  MemoryUsage of job (MB)
	1824844  -  ResidentSetSize of job (KB)
...
006 (14733067.000.000) 2021-09-25 02:37:06 Image size of job updated: 1782
	1782  -  MemoryUsage of job (MB)
	1824884  -  ResidentSetSize of job (KB)
...
006 (14733067.000.000) 2021-09-25 02:38:06 Image size of job updated: 1782
	1782  -  MemoryUsage of job (MB)
	1824956  -  ResidentSetSize of job (KB)
...
006 (14733067.000.000) 2021-09-25 02:39:07 Image size of job updated: 1782
	1782  -  MemoryUsage of job (MB)
	1825004  -  ResidentSetSize of job (KB)
...
006 (14733067.000.000) 2021-09-25 02:40:07 Image size of job updated: 1799
	1799  -  MemoryUsage of job (MB)
	1842340  -  ResidentSetSize of job (KB)
...
006 (14733067.000.000) 2021-09-25 02:41:07 Image size of job updated: 1799
	1799  -  MemoryUsage of job (MB)
	1842520  -  ResidentSetSize of job (KB)
...
006 (14733067.000.000) 2021-09-25 02:42:07 Image size of job updated: 1799
	1799  -  MemoryUsage of job (MB)
	1842604  -  ResidentSetSize of job (KB)
...
006 (14733067.000.000) 2021-09-25 02:43:07 Image size of job updated: 1799
	1799  -  MemoryUsage of job (MB)
	1842656  -  ResidentSetSize of job (KB)
...
006 (14733067.000.000) 2021-09-25 02:44:08 Image size of job updated: 1799
	1799  -  MemoryUsage of job (MB)
	1842708  -  ResidentSetSize of job (KB)
...
006 (14733067.000.000) 2021-09-25 02:45:08 Image size of job updated: 1799
	1799  -  MemoryUsage of job (MB)
	1842820  -  ResidentSetSize of job (KB)
...
006 (14733067.000.000) 2021-09-25 02:46:08 Image size of job updated: 1800
	1800  -  MemoryUsage of job (MB)
	1843936  -  ResidentSetSize of job (KB)
...
006 (14733067.000.000) 2021-09-25 02:47:09 Image size of job updated: 1800
	1800  -  MemoryUsage of job (MB)
	1844056  -  ResidentSetSize of job (KB)
...
006 (14733067.000.000) 2021-09-25 02:48:09 Image size of job updated: 1800
	1800  -  MemoryUsage of job (MB)
	1844112  -  ResidentSetSize of job (KB)
...
006 (14733067.000.000) 2021-09-25 02:49:10 Image size of job updated: 1800
	1800  -  MemoryUsage of job (MB)
	1844160  -  ResidentSetSize of job (KB)
...
006 (14733067.000.000) 2021-09-25 02:50:11 Image size of job updated: 1800
	1800  -  MemoryUsage of job (MB)
	1844204  -  ResidentSetSize of job (KB)
...
006 (14733067.000.000) 2021-09-25 02:51:11 Image size of job updated: 1801
	1801  -  MemoryUsage of job (MB)
	1844228  -  ResidentSetSize of job (KB)
...
006 (14733067.000.000) 2021-09-25 02:52:12 Image size of job updated: 1801
	1801  -  MemoryUsage of job (MB)
	1844244  -  ResidentSetSize of job (KB)
...
006 (14733067.000.000) 2021-09-25 02:53:12 Image size of job updated: 1803
	1803  -  MemoryUsage of job (MB)
	1846848  -  ResidentSetSize of job (KB)
...
006 (14733067.000.000) 2021-09-25 02:54:13 Image size of job updated: 1803
	1803  -  MemoryUsage of job (MB)
	1846868  -  ResidentSetSize of job (KB)
...
006 (14733067.000.000) 2021-09-25 02:55:13 Image size of job updated: 1803
	1803  -  MemoryUsage of job (MB)
	1846884  -  ResidentSetSize of job (KB)
...
006 (14733067.000.000) 2021-09-25 02:56:14 Image size of job updated: 1803
	1803  -  MemoryUsage of job (MB)
	1846904  -  ResidentSetSize of job (KB)
...
006 (14733067.000.000) 2021-09-25 02:57:14 Image size of job updated: 1803
	1803  -  MemoryUsage of job (MB)
	1846944  -  ResidentSetSize of job (KB)
...
006 (14733067.000.000) 2021-09-25 02:58:14 Image size of job updated: 1803
	1803  -  MemoryUsage of job (MB)
	1846988  -  ResidentSetSize of job (KB)
...
006 (14733067.000.000) 2021-09-25 02:59:14 Image size of job updated: 1812
	1812  -  MemoryUsage of job (MB)
	1856328  -  ResidentSetSize of job (KB)
...
006 (14733067.000.000) 2021-09-25 03:00:15 Image size of job updated: 1812
	1812  -  MemoryUsage of job (MB)
	1856380  -  ResidentSetSize of job (KB)
...
006 (14733067.000.000) 2021-09-25 03:01:15 Image size of job updated: 1812
	1812  -  MemoryUsage of job (MB)
	1856432  -  ResidentSetSize of job (KB)
...
006 (14733067.000.000) 2021-09-25 03:02:16 Image size of job updated: 1813
	1813  -  MemoryUsage of job (MB)
	1856592  -  ResidentSetSize of job (KB)
...
006 (14733067.000.000) 2021-09-25 03:03:17 Image size of job updated: 1813
	1813  -  MemoryUsage of job (MB)
	1856756  -  ResidentSetSize of job (KB)
...
006 (14733067.000.000) 2021-09-25 03:04:17 Image size of job updated: 1813
	1813  -  MemoryUsage of job (MB)
	1856768  -  ResidentSetSize of job (KB)
...
006 (14733067.000.000) 2021-09-25 03:11:21 Image size of job updated: 1814
	1814  -  MemoryUsage of job (MB)
	1858376  -  ResidentSetSize of job (KB)
...
006 (14733067.000.000) 2021-09-25 03:12:22 Image size of job updated: 1814
	1814  -  MemoryUsage of job (MB)
	1858388  -  ResidentSetSize of job (KB)
...
006 (14733067.000.000) 2021-09-25 03:13:23 Image size of job updated: 1814
	1814  -  MemoryUsage of job (MB)
	1858420  -  ResidentSetSize of job (KB)
...
006 (14733067.000.000) 2021-09-25 03:14:23 Image size of job updated: 1814
	1814  -  MemoryUsage of job (MB)
	1858476  -  ResidentSetSize of job (KB)
...
006 (14733067.000.000) 2021-09-25 03:15:23 Image size of job updated: 1814
	1814  -  MemoryUsage of job (MB)
	1858496  -  ResidentSetSize of job (KB)
...
006 (14733067.000.000) 2021-09-25 03:16:23 Image size of job updated: 1817
	1817  -  MemoryUsage of job (MB)
	1861496  -  ResidentSetSize of job (KB)
...
006 (14733067.000.000) 2021-09-25 03:17:24 Image size of job updated: 1817
	1817  -  MemoryUsage of job (MB)
	1861596  -  ResidentSetSize of job (KB)
...
006 (14733067.000.000) 2021-09-25 03:18:25 Image size of job updated: 1817
	1817  -  MemoryUsage of job (MB)
	1861628  -  ResidentSetSize of job (KB)
...
006 (14733067.000.000) 2021-09-25 03:19:26 Image size of job updated: 1818
	1818  -  MemoryUsage of job (MB)
	1861656  -  ResidentSetSize of job (KB)
...
006 (14733067.000.000) 2021-09-25 03:20:27 Image size of job updated: 1818
	1818  -  MemoryUsage of job (MB)
	1861708  -  ResidentSetSize of job (KB)
...
006 (14733067.000.000) 2021-09-25 03:21:28 Image size of job updated: 1818
	1818  -  MemoryUsage of job (MB)
	1861720  -  ResidentSetSize of job (KB)
...
006 (14733067.000.000) 2021-09-25 03:22:28 Image size of job updated: 1819
	1819  -  MemoryUsage of job (MB)
	1862680  -  ResidentSetSize of job (KB)
...
006 (14733067.000.000) 2021-09-25 03:23:29 Image size of job updated: 1819
	1819  -  MemoryUsage of job (MB)
	1862704  -  ResidentSetSize of job (KB)
...
006 (14733067.000.000) 2021-09-25 03:24:30 Image size of job updated: 1819
	1819  -  MemoryUsage of job (MB)
	1862772  -  ResidentSetSize of job (KB)
...
006 (14733067.000.000) 2021-09-25 03:25:30 Image size of job updated: 1819
	1819  -  MemoryUsage of job (MB)
	1862792  -  ResidentSetSize of job (KB)
...
006 (14733067.000.000) 2021-09-25 03:26:30 Image size of job updated: 1819
	1819  -  MemoryUsage of job (MB)
	1862836  -  ResidentSetSize of job (KB)
...
006 (14733067.000.000) 2021-09-25 03:27:31 Image size of job updated: 1819
	1819  -  MemoryUsage of job (MB)
	1862840  -  ResidentSetSize of job (KB)
...
006 (14733067.000.000) 2021-09-25 03:33:34 Image size of job updated: 1821
	1821  -  MemoryUsage of job (MB)
	1864996  -  ResidentSetSize of job (KB)
...
006 (14733067.000.000) 2021-09-25 03:34:34 Image size of job updated: 1821
	1821  -  MemoryUsage of job (MB)
	1865136  -  ResidentSetSize of job (KB)
...
006 (14733067.000.000) 2021-09-25 03:35:34 Image size of job updated: 1821
	1821  -  MemoryUsage of job (MB)
	1865152  -  ResidentSetSize of job (KB)
...
006 (14733067.000.000) 2021-09-25 03:36:34 Image size of job updated: 1821
	1821  -  MemoryUsage of job (MB)
	1865172  -  ResidentSetSize of job (KB)
...
006 (14733067.000.000) 2021-09-25 03:37:34 Image size of job updated: 1821
	1821  -  MemoryUsage of job (MB)
	1865200  -  ResidentSetSize of job (KB)
...
006 (14733067.000.000) 2021-09-25 03:38:34 Image size of job updated: 1821
	1821  -  MemoryUsage of job (MB)
	1865212  -  ResidentSetSize of job (KB)
...
006 (14733067.000.000) 2021-09-25 03:39:35 Image size of job updated: 1822
	1822  -  MemoryUsage of job (MB)
	1866484  -  ResidentSetSize of job (KB)
...
006 (14733067.000.000) 2021-09-25 03:40:36 Image size of job updated: 1822
	1822  -  MemoryUsage of job (MB)
	1866516  -  ResidentSetSize of job (KB)
...
006 (14733067.000.000) 2021-09-25 03:41:36 Image size of job updated: 1822
	1822  -  MemoryUsage of job (MB)
	1866528  -  ResidentSetSize of job (KB)
...
006 (14733067.000.000) 2021-09-25 03:42:37 Image size of job updated: 1822
	1822  -  MemoryUsage of job (MB)
	1866552  -  ResidentSetSize of job (KB)
...
006 (14733067.000.000) 2021-09-25 03:43:38 Image size of job updated: 1822
	1822  -  MemoryUsage of job (MB)
	1866588  -  ResidentSetSize of job (KB)
...
006 (14733067.000.000) 2021-09-25 03:44:39 Image size of job updated: 1822
	1822  -  MemoryUsage of job (MB)
	1866604  -  ResidentSetSize of job (KB)
...
006 (14733067.000.000) 2021-09-25 03:59:47 Image size of job updated: 1823
	1823  -  MemoryUsage of job (MB)
	1867452  -  ResidentSetSize of job (KB)
...
006 (14733067.000.000) 2021-09-25 04:00:47 Image size of job updated: 1823
	1823  -  MemoryUsage of job (MB)
	1867536  -  ResidentSetSize of job (KB)
...
006 (14733067.000.000) 2021-09-25 04:01:47 Image size of job updated: 1823
	1823  -  MemoryUsage of job (MB)
	1867540  -  ResidentSetSize of job (KB)
...
006 (14733067.000.000) 2021-09-25 04:02:48 Image size of job updated: 1823
	1823  -  MemoryUsage of job (MB)
	1867544  -  ResidentSetSize of job (KB)
...
006 (14733067.000.000) 2021-09-25 04:11:52 Image size of job updated: 1823
	1823  -  MemoryUsage of job (MB)
	1867720  -  ResidentSetSize of job (KB)
...
006 (14733067.000.000) 2021-09-25 04:12:52 Image size of job updated: 1824
	1824  -  MemoryUsage of job (MB)
	1867860  -  ResidentSetSize of job (KB)
...
006 (14733067.000.000) 2021-09-25 04:16:56 Image size of job updated: 1824
	1824  -  MemoryUsage of job (MB)
	1867864  -  ResidentSetSize of job (KB)
...
040 (14733067.000.000) 2021-09-25 04:18:56 Started transferring output files
...
040 (14733067.000.000) 2021-09-25 04:18:56 Finished transferring output files
...
005 (14733067.000.000) 2021-09-25 04:18:58 Job terminated.
	(1) Normal termination (return value 0)
		Usr 0 01:05:38, Sys 0 01:39:37  -  Run Remote Usage
		Usr 0 00:00:00, Sys 0 00:00:00  -  Run Local Usage
		Usr 0 01:05:38, Sys 0 01:39:37  -  Total Remote Usage
		Usr 0 00:00:00, Sys 0 00:00:00  -  Total Local Usage
	1268186  -  Run Bytes Sent By Job
	8471570  -  Run Bytes Received By Job
	1268186  -  Total Bytes Sent By Job
	8471570  -  Total Bytes Received By Job
	Partitionable Resources :    Usage  Request Allocated 
	   Cpus                 :     0.00        1         1 
	   Disk (KB)            : 18460       10000   1629604 
	   Memory (MB)          :  1824        2048      2048 

	Job terminated of its own accord at 2021-09-25T09:18:56Z.
...
