000 (34567883.000.000) 2021-09-17 07:09:36 Job submitted from host: <131.225.188.57:9618?addrs=131.225.188.57-9618&alias=lpcschedd2.fnal.gov&noUDP&sock=schedd_2251_93c6>
...
040 (34567883.000.000) 2021-09-17 16:56:03 Started transferring input files
	Transferring to host: <131.225.205.205:9618?addrs=131.225.205.205-9618&alias=cmswn1977.fnal.gov&noUDP&sock=slot1_8_1582_6979_1253>
...
040 (34567883.000.000) 2021-09-17 16:56:04 Finished transferring input files
...
001 (34567883.000.000) 2021-09-17 16:56:05 Job executing on host: <131.225.205.205:9618?addrs=131.225.205.205-9618&alias=cmswn1977.fnal.gov&noUDP&sock=startd_1445_ba70>
...
006 (34567883.000.000) 2021-09-17 16:56:13 Image size of job updated: 24
	24  -  MemoryUsage of job (MB)
	25268  -  ResidentSetSize of job (KB)
...
006 (34567883.000.000) 2021-09-17 16:57:13 Image size of job updated: 442
	442  -  MemoryUsage of job (MB)
	452984  -  ResidentSetSize of job (KB)
...
006 (34567883.000.000) 2021-09-17 16:58:13 Image size of job updated: 559
	559  -  MemoryUsage of job (MB)
	572744  -  ResidentSetSize of job (KB)
...
006 (34567883.000.000) 2021-09-17 17:02:14 Image size of job updated: 568
	568  -  MemoryUsage of job (MB)
	581996  -  ResidentSetSize of job (KB)
...
006 (34567883.000.000) 2021-09-17 17:03:15 Image size of job updated: 619
	619  -  MemoryUsage of job (MB)
	634284  -  ResidentSetSize of job (KB)
...
006 (34567883.000.000) 2021-09-17 17:04:15 Image size of job updated: 657
	657  -  MemoryUsage of job (MB)
	673436  -  ResidentSetSize of job (KB)
...
006 (34567883.000.000) 2021-09-17 17:05:15 Image size of job updated: 692
	692  -  MemoryUsage of job (MB)
	709428  -  ResidentSetSize of job (KB)
...
006 (34567883.000.000) 2021-09-17 17:06:16 Image size of job updated: 724
	724  -  MemoryUsage of job (MB)
	741908  -  ResidentSetSize of job (KB)
...
006 (34567883.000.000) 2021-09-17 17:07:17 Image size of job updated: 757
	757  -  MemoryUsage of job (MB)
	775464  -  ResidentSetSize of job (KB)
...
006 (34567883.000.000) 2021-09-17 17:08:17 Image size of job updated: 784
	784  -  MemoryUsage of job (MB)
	803696  -  ResidentSetSize of job (KB)
...
006 (34567883.000.000) 2021-09-17 17:09:17 Image size of job updated: 811
	811  -  MemoryUsage of job (MB)
	831320  -  ResidentSetSize of job (KB)
...
006 (34567883.000.000) 2021-09-17 17:10:18 Image size of job updated: 839
	839  -  MemoryUsage of job (MB)
	859268  -  ResidentSetSize of job (KB)
...
006 (34567883.000.000) 2021-09-17 17:11:19 Image size of job updated: 865
	865  -  MemoryUsage of job (MB)
	886424  -  ResidentSetSize of job (KB)
...
006 (34567883.000.000) 2021-09-17 17:12:20 Image size of job updated: 900
	900  -  MemoryUsage of job (MB)
	921884  -  ResidentSetSize of job (KB)
...
006 (34567883.000.000) 2021-09-17 17:13:21 Image size of job updated: 923
	923  -  MemoryUsage of job (MB)
	946092  -  ResidentSetSize of job (KB)
...
006 (34567883.000.000) 2021-09-17 17:14:22 Image size of job updated: 947
	947  -  MemoryUsage of job (MB)
	970652  -  ResidentSetSize of job (KB)
...
006 (34567883.000.000) 2021-09-17 17:15:22 Image size of job updated: 969
	969  -  MemoryUsage of job (MB)
	992792  -  ResidentSetSize of job (KB)
...
006 (34567883.000.000) 2021-09-17 17:16:22 Image size of job updated: 990
	990  -  MemoryUsage of job (MB)
	1013780  -  ResidentSetSize of job (KB)
...
006 (34567883.000.000) 2021-09-17 17:17:22 Image size of job updated: 1010
	1010  -  MemoryUsage of job (MB)
	1034400  -  ResidentSetSize of job (KB)
...
006 (34567883.000.000) 2021-09-17 17:18:23 Image size of job updated: 1032
	1032  -  MemoryUsage of job (MB)
	1057700  -  ResidentSetSize of job (KB)
...
006 (34567883.000.000) 2021-09-17 17:19:24 Image size of job updated: 1061
	1061  -  MemoryUsage of job (MB)
	1087360  -  ResidentSetSize of job (KB)
...
006 (34567883.000.000) 2021-09-17 17:20:24 Image size of job updated: 1082
	1082  -  MemoryUsage of job (MB)
	1108696  -  ResidentSetSize of job (KB)
...
006 (34567883.000.000) 2021-09-17 17:21:24 Image size of job updated: 1100
	1100  -  MemoryUsage of job (MB)
	1127112  -  ResidentSetSize of job (KB)
...
006 (34567883.000.000) 2021-09-17 17:22:24 Image size of job updated: 1118
	1118  -  MemoryUsage of job (MB)
	1145472  -  ResidentSetSize of job (KB)
...
006 (34567883.000.000) 2021-09-17 17:23:25 Image size of job updated: 1136
	1136  -  MemoryUsage of job (MB)
	1163328  -  ResidentSetSize of job (KB)
...
006 (34567883.000.000) 2021-09-17 17:24:26 Image size of job updated: 1153
	1153  -  MemoryUsage of job (MB)
	1181412  -  ResidentSetSize of job (KB)
...
006 (34567883.000.000) 2021-09-17 17:25:28 Image size of job updated: 1173
	1173  -  MemoryUsage of job (MB)
	1201460  -  ResidentSetSize of job (KB)
...
006 (34567883.000.000) 2021-09-17 17:26:28 Image size of job updated: 1190
	1190  -  MemoryUsage of job (MB)
	1219348  -  ResidentSetSize of job (KB)
...
006 (34567883.000.000) 2021-09-17 17:27:28 Image size of job updated: 1208
	1208  -  MemoryUsage of job (MB)
	1237056  -  ResidentSetSize of job (KB)
...
006 (34567883.000.000) 2021-09-17 17:28:28 Image size of job updated: 1225
	1225  -  MemoryUsage of job (MB)
	1254572  -  ResidentSetSize of job (KB)
...
006 (34567883.000.000) 2021-09-17 17:29:29 Image size of job updated: 1241
	1241  -  MemoryUsage of job (MB)
	1271536  -  ResidentSetSize of job (KB)
...
006 (34567883.000.000) 2021-09-17 17:30:30 Image size of job updated: 1260
	1260  -  MemoryUsage of job (MB)
	1290300  -  ResidentSetSize of job (KB)
...
006 (34567883.000.000) 2021-09-17 17:31:31 Image size of job updated: 1276
	1276  -  MemoryUsage of job (MB)
	1307024  -  ResidentSetSize of job (KB)
...
006 (34567883.000.000) 2021-09-17 17:32:32 Image size of job updated: 1292
	1292  -  MemoryUsage of job (MB)
	1323384  -  ResidentSetSize of job (KB)
...
006 (34567883.000.000) 2021-09-17 17:33:32 Image size of job updated: 1308
	1308  -  MemoryUsage of job (MB)
	1339452  -  ResidentSetSize of job (KB)
...
006 (34567883.000.000) 2021-09-17 17:34:32 Image size of job updated: 1323
	1323  -  MemoryUsage of job (MB)
	1354940  -  ResidentSetSize of job (KB)
...
006 (34567883.000.000) 2021-09-17 17:35:32 Image size of job updated: 1339
	1339  -  MemoryUsage of job (MB)
	1371692  -  ResidentSetSize of job (KB)
...
006 (34567883.000.000) 2021-09-17 17:36:32 Image size of job updated: 1354
	1354  -  MemoryUsage of job (MB)
	1386768  -  ResidentSetSize of job (KB)
...
006 (34567883.000.000) 2021-09-17 17:37:33 Image size of job updated: 1369
	1369  -  MemoryUsage of job (MB)
	1402384  -  ResidentSetSize of job (KB)
...
006 (34567883.000.000) 2021-09-17 17:38:33 Image size of job updated: 1384
	1384  -  MemoryUsage of job (MB)
	1418236  -  ResidentSetSize of job (KB)
...
006 (34567883.000.000) 2021-09-17 17:39:33 Image size of job updated: 1400
	1400  -  MemoryUsage of job (MB)
	1434040  -  ResidentSetSize of job (KB)
...
006 (34567883.000.000) 2021-09-17 17:40:34 Image size of job updated: 1417
	1417  -  MemoryUsage of job (MB)
	1451532  -  ResidentSetSize of job (KB)
...
006 (34567883.000.000) 2021-09-17 17:41:34 Image size of job updated: 1432
	1432  -  MemoryUsage of job (MB)
	1466944  -  ResidentSetSize of job (KB)
...
006 (34567883.000.000) 2021-09-17 17:42:35 Image size of job updated: 1447
	1447  -  MemoryUsage of job (MB)
	1482500  -  ResidentSetSize of job (KB)
...
006 (34567883.000.000) 2021-09-17 17:43:37 Image size of job updated: 1464
	1464  -  MemoryUsage of job (MB)
	1499468  -  ResidentSetSize of job (KB)
...
006 (34567883.000.000) 2021-09-17 17:44:37 Image size of job updated: 1479
	1479  -  MemoryUsage of job (MB)
	1514612  -  ResidentSetSize of job (KB)
...
006 (34567883.000.000) 2021-09-17 17:45:38 Image size of job updated: 1493
	1493  -  MemoryUsage of job (MB)
	1529296  -  ResidentSetSize of job (KB)
...
006 (34567883.000.000) 2021-09-17 17:46:40 Image size of job updated: 1509
	1509  -  MemoryUsage of job (MB)
	1545452  -  ResidentSetSize of job (KB)
...
006 (34567883.000.000) 2021-09-17 17:47:40 Image size of job updated: 1523
	1523  -  MemoryUsage of job (MB)
	1559580  -  ResidentSetSize of job (KB)
...
006 (34567883.000.000) 2021-09-17 17:48:41 Image size of job updated: 1541
	1541  -  MemoryUsage of job (MB)
	1578136  -  ResidentSetSize of job (KB)
...
006 (34567883.000.000) 2021-09-17 17:49:41 Image size of job updated: 1625
	1625  -  MemoryUsage of job (MB)
	1664292  -  ResidentSetSize of job (KB)
...
006 (34567883.000.000) 2021-09-17 17:50:42 Image size of job updated: 1632
	1632  -  MemoryUsage of job (MB)
	1671624  -  ResidentSetSize of job (KB)
...
006 (34567883.000.000) 2021-09-17 17:51:43 Image size of job updated: 1632
	1632  -  MemoryUsage of job (MB)
	1671648  -  ResidentSetSize of job (KB)
...
006 (34567883.000.000) 2021-09-17 17:52:44 Image size of job updated: 1635
	1635  -  MemoryUsage of job (MB)
	1674372  -  ResidentSetSize of job (KB)
...
006 (34567883.000.000) 2021-09-17 17:53:44 Image size of job updated: 1637
	1637  -  MemoryUsage of job (MB)
	1676728  -  ResidentSetSize of job (KB)
...
006 (34567883.000.000) 2021-09-17 17:54:44 Image size of job updated: 1637
	1637  -  MemoryUsage of job (MB)
	1676732  -  ResidentSetSize of job (KB)
...
006 (34567883.000.000) 2021-09-17 17:55:45 Image size of job updated: 1638
	1638  -  MemoryUsage of job (MB)
	1677640  -  ResidentSetSize of job (KB)
...
006 (34567883.000.000) 2021-09-17 17:56:46 Image size of job updated: 1638
	1638  -  MemoryUsage of job (MB)
	1677992  -  ResidentSetSize of job (KB)
...
006 (34567883.000.000) 2021-09-17 17:57:46 Image size of job updated: 1639
	1639  -  MemoryUsage of job (MB)
	1678820  -  ResidentSetSize of job (KB)
...
006 (34567883.000.000) 2021-09-17 17:58:46 Image size of job updated: 1641
	1641  -  MemoryUsage of job (MB)
	1680560  -  ResidentSetSize of job (KB)
...
006 (34567883.000.000) 2021-09-17 17:59:46 Image size of job updated: 1641
	1641  -  MemoryUsage of job (MB)
	1680596  -  ResidentSetSize of job (KB)
...
006 (34567883.000.000) 2021-09-17 18:00:46 Image size of job updated: 1641
	1641  -  MemoryUsage of job (MB)
	1681196  -  ResidentSetSize of job (KB)
...
006 (34567883.000.000) 2021-09-17 18:01:46 Image size of job updated: 1642
	1642  -  MemoryUsage of job (MB)
	1681684  -  ResidentSetSize of job (KB)
...
006 (34567883.000.000) 2021-09-17 18:02:46 Image size of job updated: 1642
	1642  -  MemoryUsage of job (MB)
	1681716  -  ResidentSetSize of job (KB)
...
006 (34567883.000.000) 2021-09-17 18:03:47 Image size of job updated: 1642
	1642  -  MemoryUsage of job (MB)
	1682416  -  ResidentSetSize of job (KB)
...
006 (34567883.000.000) 2021-09-17 18:04:49 Image size of job updated: 1643
	1643  -  MemoryUsage of job (MB)
	1682956  -  ResidentSetSize of job (KB)
...
006 (34567883.000.000) 2021-09-17 18:06:50 Image size of job updated: 1643
	1643  -  MemoryUsage of job (MB)
	1683408  -  ResidentSetSize of job (KB)
...
006 (34567883.000.000) 2021-09-17 18:07:50 Image size of job updated: 1644
	1644  -  MemoryUsage of job (MB)
	1683920  -  ResidentSetSize of job (KB)
...
006 (34567883.000.000) 2021-09-17 18:09:50 Image size of job updated: 1644
	1644  -  MemoryUsage of job (MB)
	1684360  -  ResidentSetSize of job (KB)
...
006 (34567883.000.000) 2021-09-17 18:10:50 Image size of job updated: 1645
	1645  -  MemoryUsage of job (MB)
	1684968  -  ResidentSetSize of job (KB)
...
006 (34567883.000.000) 2021-09-17 18:11:51 Image size of job updated: 1645
	1645  -  MemoryUsage of job (MB)
	1684976  -  ResidentSetSize of job (KB)
...
006 (34567883.000.000) 2021-09-17 18:12:52 Image size of job updated: 1646
	1646  -  MemoryUsage of job (MB)
	1685820  -  ResidentSetSize of job (KB)
...
006 (34567883.000.000) 2021-09-17 18:13:53 Image size of job updated: 1646
	1646  -  MemoryUsage of job (MB)
	1686256  -  ResidentSetSize of job (KB)
...
006 (34567883.000.000) 2021-09-17 18:14:54 Image size of job updated: 1646
	1646  -  MemoryUsage of job (MB)
	1686260  -  ResidentSetSize of job (KB)
...
006 (34567883.000.000) 2021-09-17 18:15:54 Image size of job updated: 1647
	1647  -  MemoryUsage of job (MB)
	1686848  -  ResidentSetSize of job (KB)
...
006 (34567883.000.000) 2021-09-17 18:16:54 Image size of job updated: 1647
	1647  -  MemoryUsage of job (MB)
	1687336  -  ResidentSetSize of job (KB)
...
006 (34567883.000.000) 2021-09-17 18:17:55 Image size of job updated: 1648
	1648  -  MemoryUsage of job (MB)
	1687680  -  ResidentSetSize of job (KB)
...
006 (34567883.000.000) 2021-09-17 18:18:55 Image size of job updated: 1648
	1648  -  MemoryUsage of job (MB)
	1688048  -  ResidentSetSize of job (KB)
...
006 (34567883.000.000) 2021-09-17 18:19:56 Image size of job updated: 1648
	1648  -  MemoryUsage of job (MB)
	1688480  -  ResidentSetSize of job (KB)
...
006 (34567883.000.000) 2021-09-17 18:20:56 Image size of job updated: 1649
	1649  -  MemoryUsage of job (MB)
	1688820  -  ResidentSetSize of job (KB)
...
006 (34567883.000.000) 2021-09-17 18:21:56 Image size of job updated: 1649
	1649  -  MemoryUsage of job (MB)
	1688892  -  ResidentSetSize of job (KB)
...
006 (34567883.000.000) 2021-09-17 18:22:57 Image size of job updated: 1649
	1649  -  MemoryUsage of job (MB)
	1689296  -  ResidentSetSize of job (KB)
...
006 (34567883.000.000) 2021-09-17 18:23:58 Image size of job updated: 1650
	1650  -  MemoryUsage of job (MB)
	1689648  -  ResidentSetSize of job (KB)
...
006 (34567883.000.000) 2021-09-17 18:24:58 Image size of job updated: 1650
	1650  -  MemoryUsage of job (MB)
	1689796  -  ResidentSetSize of job (KB)
...
006 (34567883.000.000) 2021-09-17 18:25:58 Image size of job updated: 1650
	1650  -  MemoryUsage of job (MB)
	1690248  -  ResidentSetSize of job (KB)
...
006 (34567883.000.000) 2021-09-17 18:26:59 Image size of job updated: 1650
	1650  -  MemoryUsage of job (MB)
	1690260  -  ResidentSetSize of job (KB)
...
006 (34567883.000.000) 2021-09-17 18:28:00 Image size of job updated: 1651
	1651  -  MemoryUsage of job (MB)
	1690700  -  ResidentSetSize of job (KB)
...
006 (34567883.000.000) 2021-09-17 18:29:00 Image size of job updated: 1651
	1651  -  MemoryUsage of job (MB)
	1691160  -  ResidentSetSize of job (KB)
...
006 (34567883.000.000) 2021-09-17 18:30:01 Image size of job updated: 1651
	1651  -  MemoryUsage of job (MB)
	1691168  -  ResidentSetSize of job (KB)
...
006 (34567883.000.000) 2021-09-17 18:31:02 Image size of job updated: 1652
	1652  -  MemoryUsage of job (MB)
	1691676  -  ResidentSetSize of job (KB)
...
006 (34567883.000.000) 2021-09-17 18:32:03 Image size of job updated: 1652
	1652  -  MemoryUsage of job (MB)
	1692160  -  ResidentSetSize of job (KB)
...
006 (34567883.000.000) 2021-09-17 18:33:04 Image size of job updated: 1652
	1652  -  MemoryUsage of job (MB)
	1692164  -  ResidentSetSize of job (KB)
...
006 (34567883.000.000) 2021-09-17 18:34:06 Image size of job updated: 1652
	1652  -  MemoryUsage of job (MB)
	1692636  -  ResidentSetSize of job (KB)
...
006 (34567883.000.000) 2021-09-17 18:35:06 Image size of job updated: 1653
	1653  -  MemoryUsage of job (MB)
	1693076  -  ResidentSetSize of job (KB)
...
006 (34567883.000.000) 2021-09-17 18:37:06 Image size of job updated: 1653
	1653  -  MemoryUsage of job (MB)
	1693448  -  ResidentSetSize of job (KB)
...
006 (34567883.000.000) 2021-09-17 18:38:07 Image size of job updated: 1654
	1654  -  MemoryUsage of job (MB)
	1693904  -  ResidentSetSize of job (KB)
...
006 (34567883.000.000) 2021-09-17 18:40:10 Image size of job updated: 1654
	1654  -  MemoryUsage of job (MB)
	1694332  -  ResidentSetSize of job (KB)
...
006 (34567883.000.000) 2021-09-17 18:41:10 Image size of job updated: 1654
	1654  -  MemoryUsage of job (MB)
	1694692  -  ResidentSetSize of job (KB)
...
006 (34567883.000.000) 2021-09-17 18:42:11 Image size of job updated: 1654
	1654  -  MemoryUsage of job (MB)
	1694696  -  ResidentSetSize of job (KB)
...
006 (34567883.000.000) 2021-09-17 18:43:12 Image size of job updated: 1655
	1655  -  MemoryUsage of job (MB)
	1695092  -  ResidentSetSize of job (KB)
...
006 (34567883.000.000) 2021-09-17 18:44:13 Image size of job updated: 1655
	1655  -  MemoryUsage of job (MB)
	1695404  -  ResidentSetSize of job (KB)
...
006 (34567883.000.000) 2021-09-17 18:45:13 Image size of job updated: 1655
	1655  -  MemoryUsage of job (MB)
	1695488  -  ResidentSetSize of job (KB)
...
006 (34567883.000.000) 2021-09-17 18:46:14 Image size of job updated: 1656
	1656  -  MemoryUsage of job (MB)
	1695848  -  ResidentSetSize of job (KB)
...
006 (34567883.000.000) 2021-09-17 18:47:15 Image size of job updated: 1656
	1656  -  MemoryUsage of job (MB)
	1695852  -  ResidentSetSize of job (KB)
...
006 (34567883.000.000) 2021-09-17 18:48:15 Image size of job updated: 1656
	1656  -  MemoryUsage of job (MB)
	1696252  -  ResidentSetSize of job (KB)
...
006 (34567883.000.000) 2021-09-17 18:49:15 Image size of job updated: 1656
	1656  -  MemoryUsage of job (MB)
	1696648  -  ResidentSetSize of job (KB)
...
006 (34567883.000.000) 2021-09-17 18:50:16 Image size of job updated: 1657
	1657  -  MemoryUsage of job (MB)
	1697064  -  ResidentSetSize of job (KB)
...
006 (34567883.000.000) 2021-09-17 18:51:16 Image size of job updated: 1657
	1657  -  MemoryUsage of job (MB)
	1697444  -  ResidentSetSize of job (KB)
...
006 (34567883.000.000) 2021-09-17 18:52:17 Image size of job updated: 1658
	1658  -  MemoryUsage of job (MB)
	1697860  -  ResidentSetSize of job (KB)
...
006 (34567883.000.000) 2021-09-17 18:53:18 Image size of job updated: 1658
	1658  -  MemoryUsage of job (MB)
	1698316  -  ResidentSetSize of job (KB)
...
006 (34567883.000.000) 2021-09-17 18:54:18 Image size of job updated: 1658
	1658  -  MemoryUsage of job (MB)
	1698644  -  ResidentSetSize of job (KB)
...
006 (34567883.000.000) 2021-09-17 18:55:19 Image size of job updated: 1658
	1658  -  MemoryUsage of job (MB)
	1698724  -  ResidentSetSize of job (KB)
...
006 (34567883.000.000) 2021-09-17 18:56:20 Image size of job updated: 1659
	1659  -  MemoryUsage of job (MB)
	1699104  -  ResidentSetSize of job (KB)
...
006 (34567883.000.000) 2021-09-17 18:57:21 Image size of job updated: 1659
	1659  -  MemoryUsage of job (MB)
	1699560  -  ResidentSetSize of job (KB)
...
006 (34567883.000.000) 2021-09-17 18:58:21 Image size of job updated: 1660
	1660  -  MemoryUsage of job (MB)
	1700008  -  ResidentSetSize of job (KB)
...
006 (34567883.000.000) 2021-09-17 18:59:21 Image size of job updated: 1660
	1660  -  MemoryUsage of job (MB)
	1700408  -  ResidentSetSize of job (KB)
...
006 (34567883.000.000) 2021-09-17 19:00:22 Image size of job updated: 1660
	1660  -  MemoryUsage of job (MB)
	1700832  -  ResidentSetSize of job (KB)
...
006 (34567883.000.000) 2021-09-17 19:01:22 Image size of job updated: 1661
	1661  -  MemoryUsage of job (MB)
	1701264  -  ResidentSetSize of job (KB)
...
006 (34567883.000.000) 2021-09-17 19:02:23 Image size of job updated: 1661
	1661  -  MemoryUsage of job (MB)
	1701628  -  ResidentSetSize of job (KB)
...
006 (34567883.000.000) 2021-09-17 19:03:25 Image size of job updated: 1662
	1662  -  MemoryUsage of job (MB)
	1702024  -  ResidentSetSize of job (KB)
...
006 (34567883.000.000) 2021-09-17 19:04:25 Image size of job updated: 1662
	1662  -  MemoryUsage of job (MB)
	1702468  -  ResidentSetSize of job (KB)
...
006 (34567883.000.000) 2021-09-17 19:05:26 Image size of job updated: 1663
	1663  -  MemoryUsage of job (MB)
	1702952  -  ResidentSetSize of job (KB)
...
006 (34567883.000.000) 2021-09-17 19:06:28 Image size of job updated: 1663
	1663  -  MemoryUsage of job (MB)
	1703392  -  ResidentSetSize of job (KB)
...
006 (34567883.000.000) 2021-09-17 19:07:28 Image size of job updated: 1663
	1663  -  MemoryUsage of job (MB)
	1703408  -  ResidentSetSize of job (KB)
...
006 (34567883.000.000) 2021-09-17 19:08:28 Image size of job updated: 1663
	1663  -  MemoryUsage of job (MB)
	1703776  -  ResidentSetSize of job (KB)
...
006 (34567883.000.000) 2021-09-17 19:09:29 Image size of job updated: 1664
	1664  -  MemoryUsage of job (MB)
	1704164  -  ResidentSetSize of job (KB)
...
006 (34567883.000.000) 2021-09-17 19:10:29 Image size of job updated: 1664
	1664  -  MemoryUsage of job (MB)
	1704608  -  ResidentSetSize of job (KB)
...
006 (34567883.000.000) 2021-09-17 19:11:29 Image size of job updated: 1665
	1665  -  MemoryUsage of job (MB)
	1705060  -  ResidentSetSize of job (KB)
...
006 (34567883.000.000) 2021-09-17 19:12:30 Image size of job updated: 1665
	1665  -  MemoryUsage of job (MB)
	1705424  -  ResidentSetSize of job (KB)
...
006 (34567883.000.000) 2021-09-17 19:13:30 Image size of job updated: 1665
	1665  -  MemoryUsage of job (MB)
	1705748  -  ResidentSetSize of job (KB)
...
006 (34567883.000.000) 2021-09-17 19:14:30 Image size of job updated: 1666
	1666  -  MemoryUsage of job (MB)
	1706180  -  ResidentSetSize of job (KB)
...
006 (34567883.000.000) 2021-09-17 19:15:30 Image size of job updated: 1666
	1666  -  MemoryUsage of job (MB)
	1706468  -  ResidentSetSize of job (KB)
...
006 (34567883.000.000) 2021-09-17 19:16:31 Image size of job updated: 1666
	1666  -  MemoryUsage of job (MB)
	1706580  -  ResidentSetSize of job (KB)
...
006 (34567883.000.000) 2021-09-17 19:17:32 Image size of job updated: 1666
	1666  -  MemoryUsage of job (MB)
	1707000  -  ResidentSetSize of job (KB)
...
006 (34567883.000.000) 2021-09-17 19:18:33 Image size of job updated: 1667
	1667  -  MemoryUsage of job (MB)
	1707332  -  ResidentSetSize of job (KB)
...
006 (34567883.000.000) 2021-09-17 19:19:33 Image size of job updated: 1667
	1667  -  MemoryUsage of job (MB)
	1707792  -  ResidentSetSize of job (KB)
...
006 (34567883.000.000) 2021-09-17 19:20:34 Image size of job updated: 1668
	1668  -  MemoryUsage of job (MB)
	1708200  -  ResidentSetSize of job (KB)
...
006 (34567883.000.000) 2021-09-17 19:21:34 Image size of job updated: 1668
	1668  -  MemoryUsage of job (MB)
	1708656  -  ResidentSetSize of job (KB)
...
006 (34567883.000.000) 2021-09-17 19:22:35 Image size of job updated: 1669
	1669  -  MemoryUsage of job (MB)
	1709108  -  ResidentSetSize of job (KB)
...
006 (34567883.000.000) 2021-09-17 19:23:35 Image size of job updated: 1669
	1669  -  MemoryUsage of job (MB)
	1709408  -  ResidentSetSize of job (KB)
...
006 (34567883.000.000) 2021-09-17 19:24:35 Image size of job updated: 1669
	1669  -  MemoryUsage of job (MB)
	1709744  -  ResidentSetSize of job (KB)
...
006 (34567883.000.000) 2021-09-17 19:25:35 Image size of job updated: 1669
	1669  -  MemoryUsage of job (MB)
	1710016  -  ResidentSetSize of job (KB)
...
006 (34567883.000.000) 2021-09-17 19:26:36 Image size of job updated: 1670
	1670  -  MemoryUsage of job (MB)
	1710132  -  ResidentSetSize of job (KB)
...
006 (34567883.000.000) 2021-09-17 19:27:38 Image size of job updated: 1670
	1670  -  MemoryUsage of job (MB)
	1710564  -  ResidentSetSize of job (KB)
...
006 (34567883.000.000) 2021-09-17 19:28:38 Image size of job updated: 1670
	1670  -  MemoryUsage of job (MB)
	1710864  -  ResidentSetSize of job (KB)
...
006 (34567883.000.000) 2021-09-17 19:29:39 Image size of job updated: 1672
	1672  -  MemoryUsage of job (MB)
	1712176  -  ResidentSetSize of job (KB)
...
006 (34567883.000.000) 2021-09-17 19:30:40 Image size of job updated: 1672
	1672  -  MemoryUsage of job (MB)
	1712992  -  ResidentSetSize of job (KB)
...
006 (34567883.000.000) 2021-09-17 19:31:40 Image size of job updated: 1673
	1673  -  MemoryUsage of job (MB)
	1713376  -  ResidentSetSize of job (KB)
...
006 (34567883.000.000) 2021-09-17 19:32:40 Image size of job updated: 1673
	1673  -  MemoryUsage of job (MB)
	1713732  -  ResidentSetSize of job (KB)
...
006 (34567883.000.000) 2021-09-17 19:33:41 Image size of job updated: 1674
	1674  -  MemoryUsage of job (MB)
	1714312  -  ResidentSetSize of job (KB)
...
006 (34567883.000.000) 2021-09-17 19:34:41 Image size of job updated: 1674
	1674  -  MemoryUsage of job (MB)
	1714720  -  ResidentSetSize of job (KB)
...
006 (34567883.000.000) 2021-09-17 19:35:42 Image size of job updated: 1674
	1674  -  MemoryUsage of job (MB)
	1715176  -  ResidentSetSize of job (KB)
...
006 (34567883.000.000) 2021-09-17 19:36:43 Image size of job updated: 1674
	1674  -  MemoryUsage of job (MB)
	1715184  -  ResidentSetSize of job (KB)
...
006 (34567883.000.000) 2021-09-17 19:37:44 Image size of job updated: 1675
	1675  -  MemoryUsage of job (MB)
	1715496  -  ResidentSetSize of job (KB)
...
006 (34567883.000.000) 2021-09-17 19:39:44 Image size of job updated: 1675
	1675  -  MemoryUsage of job (MB)
	1715884  -  ResidentSetSize of job (KB)
...
006 (34567883.000.000) 2021-09-17 19:40:45 Image size of job updated: 1675
	1675  -  MemoryUsage of job (MB)
	1715888  -  ResidentSetSize of job (KB)
...
006 (34567883.000.000) 2021-09-17 19:41:46 Image size of job updated: 1675
	1675  -  MemoryUsage of job (MB)
	1716216  -  ResidentSetSize of job (KB)
...
006 (34567883.000.000) 2021-09-17 19:42:47 Image size of job updated: 1676
	1676  -  MemoryUsage of job (MB)
	1716272  -  ResidentSetSize of job (KB)
...
006 (34567883.000.000) 2021-09-17 19:43:48 Image size of job updated: 1676
	1676  -  MemoryUsage of job (MB)
	1716280  -  ResidentSetSize of job (KB)
...
006 (34567883.000.000) 2021-09-17 19:44:48 Image size of job updated: 1676
	1676  -  MemoryUsage of job (MB)
	1716676  -  ResidentSetSize of job (KB)
...
006 (34567883.000.000) 2021-09-17 19:45:48 Image size of job updated: 1676
	1676  -  MemoryUsage of job (MB)
	1716680  -  ResidentSetSize of job (KB)
...
006 (34567883.000.000) 2021-09-17 19:47:49 Image size of job updated: 1676
	1676  -  MemoryUsage of job (MB)
	1717080  -  ResidentSetSize of job (KB)
...
006 (34567883.000.000) 2021-09-17 19:48:49 Image size of job updated: 1676
	1676  -  MemoryUsage of job (MB)
	1717084  -  ResidentSetSize of job (KB)
...
006 (34567883.000.000) 2021-09-17 19:50:49 Image size of job updated: 1677
	1677  -  MemoryUsage of job (MB)
	1717508  -  ResidentSetSize of job (KB)
...
006 (34567883.000.000) 2021-09-17 19:52:50 Image size of job updated: 1677
	1677  -  MemoryUsage of job (MB)
	1717940  -  ResidentSetSize of job (KB)
...
006 (34567883.000.000) 2021-09-17 19:55:52 Image size of job updated: 1678
	1678  -  MemoryUsage of job (MB)
	1718328  -  ResidentSetSize of job (KB)
...
006 (34567883.000.000) 2021-09-17 19:57:54 Image size of job updated: 1678
	1678  -  MemoryUsage of job (MB)
	1718600  -  ResidentSetSize of job (KB)
...
006 (34567883.000.000) 2021-09-17 19:58:54 Image size of job updated: 1678
	1678  -  MemoryUsage of job (MB)
	1718696  -  ResidentSetSize of job (KB)
...
006 (34567883.000.000) 2021-09-17 20:00:56 Image size of job updated: 1678
	1678  -  MemoryUsage of job (MB)
	1719128  -  ResidentSetSize of job (KB)
...
006 (34567883.000.000) 2021-09-17 20:01:57 Image size of job updated: 1678
	1678  -  MemoryUsage of job (MB)
	1719132  -  ResidentSetSize of job (KB)
...
006 (34567883.000.000) 2021-09-17 20:03:58 Image size of job updated: 1679
	1679  -  MemoryUsage of job (MB)
	1719524  -  ResidentSetSize of job (KB)
...
006 (34567883.000.000) 2021-09-17 20:05:59 Image size of job updated: 1679
	1679  -  MemoryUsage of job (MB)
	1719764  -  ResidentSetSize of job (KB)
...
006 (34567883.000.000) 2021-09-17 20:06:59 Image size of job updated: 1679
	1679  -  MemoryUsage of job (MB)
	1719880  -  ResidentSetSize of job (KB)
...
006 (34567883.000.000) 2021-09-17 20:08:59 Image size of job updated: 1679
	1679  -  MemoryUsage of job (MB)
	1720304  -  ResidentSetSize of job (KB)
...
006 (34567883.000.000) 2021-09-17 20:11:01 Image size of job updated: 1680
	1680  -  MemoryUsage of job (MB)
	1720752  -  ResidentSetSize of job (KB)
...
006 (34567883.000.000) 2021-09-17 20:13:02 Image size of job updated: 1680
	1680  -  MemoryUsage of job (MB)
	1721064  -  ResidentSetSize of job (KB)
...
006 (34567883.000.000) 2021-09-17 20:14:02 Image size of job updated: 1680
	1680  -  MemoryUsage of job (MB)
	1721068  -  ResidentSetSize of job (KB)
...
006 (34567883.000.000) 2021-09-17 20:15:02 Image size of job updated: 1681
	1681  -  MemoryUsage of job (MB)
	1721456  -  ResidentSetSize of job (KB)
...
006 (34567883.000.000) 2021-09-17 20:17:04 Image size of job updated: 1681
	1681  -  MemoryUsage of job (MB)
	1721836  -  ResidentSetSize of job (KB)
...
006 (34567883.000.000) 2021-09-17 20:18:04 Image size of job updated: 1681
	1681  -  MemoryUsage of job (MB)
	1721840  -  ResidentSetSize of job (KB)
...
006 (34567883.000.000) 2021-09-17 20:19:05 Image size of job updated: 1681
	1681  -  MemoryUsage of job (MB)
	1722188  -  ResidentSetSize of job (KB)
...
006 (34567883.000.000) 2021-09-17 20:20:06 Image size of job updated: 1681
	1681  -  MemoryUsage of job (MB)
	1722192  -  ResidentSetSize of job (KB)
...
006 (34567883.000.000) 2021-09-17 20:21:07 Image size of job updated: 1682
	1682  -  MemoryUsage of job (MB)
	1722520  -  ResidentSetSize of job (KB)
...
040 (34567883.000.000) 2021-09-17 20:21:08 Started transferring output files
...
040 (34567883.000.000) 2021-09-17 20:21:08 Finished transferring output files
...
005 (34567883.000.000) 2021-09-17 20:21:11 Job terminated.
	(1) Normal termination (return value 0)
		Usr 0 01:18:05, Sys 0 02:01:28  -  Run Remote Usage
		Usr 0 00:00:00, Sys 0 00:00:00  -  Run Local Usage
		Usr 0 01:18:05, Sys 0 02:01:28  -  Total Remote Usage
		Usr 0 00:00:00, Sys 0 00:00:00  -  Total Local Usage
	1231914  -  Run Bytes Sent By Job
	8471538  -  Run Bytes Received By Job
	1231914  -  Total Bytes Sent By Job
	8471538  -  Total Bytes Received By Job
	Partitionable Resources :    Usage  Request Allocated 
	   Cpus                 :     0.00        1         1 
	   Disk (KB)            : 20314       10000   1688054 
	   Memory (MB)          :  1682        2048      2048 

	Job terminated of its own accord at 2021-09-18T01:21:08Z.
...
000 (34671790.000.000) 2021-09-24 22:11:02 Job submitted from host: <131.225.188.57:9618?addrs=131.225.188.57-9618&alias=lpcschedd2.fnal.gov&noUDP&sock=schedd_2251_93c6>
...
040 (34671790.000.000) 2021-09-24 22:39:12 Started transferring input files
	Transferring to host: <131.225.205.164:9618?addrs=131.225.205.164-9618&alias=cmswn1938.fnal.gov&noUDP&sock=slot1_10_1654_247c_4945>
...
040 (34671790.000.000) 2021-09-24 22:39:12 Finished transferring input files
...
001 (34671790.000.000) 2021-09-24 22:39:13 Job executing on host: <131.225.205.164:9618?addrs=131.225.205.164-9618&alias=cmswn1938.fnal.gov&noUDP&sock=startd_1443_5b40>
...
006 (34671790.000.000) 2021-09-24 22:39:22 Image size of job updated: 26
	26  -  MemoryUsage of job (MB)
	26728  -  ResidentSetSize of job (KB)
...
006 (34671790.000.000) 2021-09-24 22:40:23 Image size of job updated: 481
	481  -  MemoryUsage of job (MB)
	493332  -  ResidentSetSize of job (KB)
...
006 (34671790.000.000) 2021-09-24 22:41:23 Image size of job updated: 533
	533  -  MemoryUsage of job (MB)
	546676  -  ResidentSetSize of job (KB)
...
006 (34671790.000.000) 2021-09-24 22:45:25 Image size of job updated: 580
	580  -  MemoryUsage of job (MB)
	594264  -  ResidentSetSize of job (KB)
...
006 (34671790.000.000) 2021-09-24 22:46:26 Image size of job updated: 625
	625  -  MemoryUsage of job (MB)
	640108  -  ResidentSetSize of job (KB)
...
006 (34671790.000.000) 2021-09-24 22:47:26 Image size of job updated: 663
	663  -  MemoryUsage of job (MB)
	679772  -  ResidentSetSize of job (KB)
...
006 (34671790.000.000) 2021-09-24 22:48:27 Image size of job updated: 699
	699  -  MemoryUsage of job (MB)
	716488  -  ResidentSetSize of job (KB)
...
006 (34671790.000.000) 2021-09-24 22:49:28 Image size of job updated: 733
	733  -  MemoryUsage of job (MB)
	750912  -  ResidentSetSize of job (KB)
...
006 (34671790.000.000) 2021-09-24 22:50:29 Image size of job updated: 765
	765  -  MemoryUsage of job (MB)
	783416  -  ResidentSetSize of job (KB)
...
006 (34671790.000.000) 2021-09-24 22:51:31 Image size of job updated: 799
	799  -  MemoryUsage of job (MB)
	818520  -  ResidentSetSize of job (KB)
...
006 (34671790.000.000) 2021-09-24 22:52:31 Image size of job updated: 828
	828  -  MemoryUsage of job (MB)
	848016  -  ResidentSetSize of job (KB)
...
006 (34671790.000.000) 2021-09-24 22:53:31 Image size of job updated: 857
	857  -  MemoryUsage of job (MB)
	878372  -  ResidentSetSize of job (KB)
...
006 (34671790.000.000) 2021-09-24 22:54:31 Image size of job updated: 896
	896  -  MemoryUsage of job (MB)
	917820  -  ResidentSetSize of job (KB)
...
006 (34671790.000.000) 2021-09-24 22:55:31 Image size of job updated: 923
	923  -  MemoryUsage of job (MB)
	945816  -  ResidentSetSize of job (KB)
...
006 (34671790.000.000) 2021-09-24 22:56:31 Image size of job updated: 948
	948  -  MemoryUsage of job (MB)
	971032  -  ResidentSetSize of job (KB)
...
006 (34671790.000.000) 2021-09-24 22:57:31 Image size of job updated: 973
	973  -  MemoryUsage of job (MB)
	996408  -  ResidentSetSize of job (KB)
...
006 (34671790.000.000) 2021-09-24 22:58:32 Image size of job updated: 996
	996  -  MemoryUsage of job (MB)
	1020396  -  ResidentSetSize of job (KB)
...
006 (34671790.000.000) 2021-09-24 22:59:32 Image size of job updated: 1021
	1021  -  MemoryUsage of job (MB)
	1045816  -  ResidentSetSize of job (KB)
...
006 (34671790.000.000) 2021-09-24 23:00:32 Image size of job updated: 1047
	1047  -  MemoryUsage of job (MB)
	1073052  -  ResidentSetSize of job (KB)
...
006 (34671790.000.000) 2021-09-24 23:01:33 Image size of job updated: 1078
	1078  -  MemoryUsage of job (MB)
	1104140  -  ResidentSetSize of job (KB)
...
006 (34671790.000.000) 2021-09-24 23:02:34 Image size of job updated: 1099
	1099  -  MemoryUsage of job (MB)
	1125820  -  ResidentSetSize of job (KB)
...
006 (34671790.000.000) 2021-09-24 23:03:35 Image size of job updated: 1122
	1122  -  MemoryUsage of job (MB)
	1149004  -  ResidentSetSize of job (KB)
...
006 (34671790.000.000) 2021-09-24 23:04:35 Image size of job updated: 1141
	1141  -  MemoryUsage of job (MB)
	1169256  -  ResidentSetSize of job (KB)
...
006 (34671790.000.000) 2021-09-24 23:05:35 Image size of job updated: 1162
	1162  -  MemoryUsage of job (MB)
	1189932  -  ResidentSetSize of job (KB)
...
006 (34671790.000.000) 2021-09-24 23:06:36 Image size of job updated: 1180
	1180  -  MemoryUsage of job (MB)
	1209040  -  ResidentSetSize of job (KB)
...
006 (34671790.000.000) 2021-09-24 23:07:36 Image size of job updated: 1199
	1199  -  MemoryUsage of job (MB)
	1227784  -  ResidentSetSize of job (KB)
...
006 (34671790.000.000) 2021-09-24 23:08:37 Image size of job updated: 1216
	1216  -  MemoryUsage of job (MB)
	1246180  -  ResidentSetSize of job (KB)
...
006 (34671790.000.000) 2021-09-24 23:09:38 Image size of job updated: 1234
	1234  -  MemoryUsage of job (MB)
	1264216  -  ResidentSetSize of job (KB)
...
006 (34671790.000.000) 2021-09-24 23:10:39 Image size of job updated: 1253
	1253  -  MemoryUsage of job (MB)
	1283696  -  ResidentSetSize of job (KB)
...
006 (34671790.000.000) 2021-09-24 23:11:40 Image size of job updated: 1271
	1271  -  MemoryUsage of job (MB)
	1302044  -  ResidentSetSize of job (KB)
...
006 (34671790.000.000) 2021-09-24 23:12:41 Image size of job updated: 1289
	1289  -  MemoryUsage of job (MB)
	1320016  -  ResidentSetSize of job (KB)
...
006 (34671790.000.000) 2021-09-24 23:13:42 Image size of job updated: 1306
	1306  -  MemoryUsage of job (MB)
	1337624  -  ResidentSetSize of job (KB)
...
006 (34671790.000.000) 2021-09-24 23:14:42 Image size of job updated: 1323
	1323  -  MemoryUsage of job (MB)
	1354948  -  ResidentSetSize of job (KB)
...
006 (34671790.000.000) 2021-09-24 23:15:42 Image size of job updated: 1339
	1339  -  MemoryUsage of job (MB)
	1371732  -  ResidentSetSize of job (KB)
...
006 (34671790.000.000) 2021-09-24 23:16:42 Image size of job updated: 1355
	1355  -  MemoryUsage of job (MB)
	1388312  -  ResidentSetSize of job (KB)
...
006 (34671790.000.000) 2021-09-24 23:17:43 Image size of job updated: 1371
	1371  -  MemoryUsage of job (MB)
	1404484  -  ResidentSetSize of job (KB)
...
006 (34671790.000.000) 2021-09-24 23:18:45 Image size of job updated: 1388
	1388  -  MemoryUsage of job (MB)
	1422204  -  ResidentSetSize of job (KB)
...
006 (34671790.000.000) 2021-09-24 23:19:45 Image size of job updated: 1404
	1404  -  MemoryUsage of job (MB)
	1437836  -  ResidentSetSize of job (KB)
...
006 (34671790.000.000) 2021-09-24 23:20:45 Image size of job updated: 1419
	1419  -  MemoryUsage of job (MB)
	1453168  -  ResidentSetSize of job (KB)
...
006 (34671790.000.000) 2021-09-24 23:21:46 Image size of job updated: 1433
	1433  -  MemoryUsage of job (MB)
	1468312  -  ResidentSetSize of job (KB)
...
006 (34671790.000.000) 2021-09-24 23:22:46 Image size of job updated: 1448
	1448  -  MemoryUsage of job (MB)
	1483244  -  ResidentSetSize of job (KB)
...
006 (34671790.000.000) 2021-09-24 23:23:46 Image size of job updated: 1462
	1462  -  MemoryUsage of job (MB)
	1498020  -  ResidentSetSize of job (KB)
...
006 (34671790.000.000) 2021-09-24 23:24:46 Image size of job updated: 1476
	1476  -  MemoryUsage of job (MB)
	1512312  -  ResidentSetSize of job (KB)
...
006 (34671790.000.000) 2021-09-24 23:25:46 Image size of job updated: 1490
	1490  -  MemoryUsage of job (MB)
	1526520  -  ResidentSetSize of job (KB)
...
006 (34671790.000.000) 2021-09-24 23:26:46 Image size of job updated: 1504
	1504  -  MemoryUsage of job (MB)
	1540620  -  ResidentSetSize of job (KB)
...
006 (34671790.000.000) 2021-09-24 23:27:47 Image size of job updated: 1517
	1517  -  MemoryUsage of job (MB)
	1554404  -  ResidentSetSize of job (KB)
...
006 (34671790.000.000) 2021-09-24 23:28:47 Image size of job updated: 1531
	1531  -  MemoryUsage of job (MB)
	1568300  -  ResidentSetSize of job (KB)
...
006 (34671790.000.000) 2021-09-24 23:29:48 Image size of job updated: 1553
	1553  -  MemoryUsage of job (MB)
	1591204  -  ResidentSetSize of job (KB)
...
006 (34671790.000.000) 2021-09-24 23:30:49 Image size of job updated: 1628
	1628  -  MemoryUsage of job (MB)
	1667312  -  ResidentSetSize of job (KB)
...
006 (34671790.000.000) 2021-09-24 23:31:51 Image size of job updated: 1635
	1635  -  MemoryUsage of job (MB)
	1675252  -  ResidentSetSize of job (KB)
...
006 (34671790.000.000) 2021-09-24 23:32:51 Image size of job updated: 1637
	1637  -  MemoryUsage of job (MB)
	1677160  -  ResidentSetSize of job (KB)
...
006 (34671790.000.000) 2021-09-24 23:33:51 Image size of job updated: 1639
	1639  -  MemoryUsage of job (MB)
	1678432  -  ResidentSetSize of job (KB)
...
006 (34671790.000.000) 2021-09-24 23:34:51 Image size of job updated: 1640
	1640  -  MemoryUsage of job (MB)
	1679732  -  ResidentSetSize of job (KB)
...
006 (34671790.000.000) 2021-09-24 23:35:52 Image size of job updated: 1641
	1641  -  MemoryUsage of job (MB)
	1680772  -  ResidentSetSize of job (KB)
...
006 (34671790.000.000) 2021-09-24 23:36:52 Image size of job updated: 1642
	1642  -  MemoryUsage of job (MB)
	1681556  -  ResidentSetSize of job (KB)
...
006 (34671790.000.000) 2021-09-24 23:37:53 Image size of job updated: 1642
	1642  -  MemoryUsage of job (MB)
	1682144  -  ResidentSetSize of job (KB)
...
006 (34671790.000.000) 2021-09-24 23:38:53 Image size of job updated: 1643
	1643  -  MemoryUsage of job (MB)
	1682920  -  ResidentSetSize of job (KB)
...
006 (34671790.000.000) 2021-09-24 23:39:54 Image size of job updated: 1644
	1644  -  MemoryUsage of job (MB)
	1683984  -  ResidentSetSize of job (KB)
...
006 (34671790.000.000) 2021-09-24 23:40:54 Image size of job updated: 1645
	1645  -  MemoryUsage of job (MB)
	1684856  -  ResidentSetSize of job (KB)
...
006 (34671790.000.000) 2021-09-24 23:42:56 Image size of job updated: 1645
	1645  -  MemoryUsage of job (MB)
	1685360  -  ResidentSetSize of job (KB)
...
006 (34671790.000.000) 2021-09-24 23:43:56 Image size of job updated: 1646
	1646  -  MemoryUsage of job (MB)
	1685876  -  ResidentSetSize of job (KB)
...
006 (34671790.000.000) 2021-09-24 23:45:58 Image size of job updated: 1646
	1646  -  MemoryUsage of job (MB)
	1686412  -  ResidentSetSize of job (KB)
...
006 (34671790.000.000) 2021-09-24 23:46:58 Image size of job updated: 1647
	1647  -  MemoryUsage of job (MB)
	1686776  -  ResidentSetSize of job (KB)
...
006 (34671790.000.000) 2021-09-24 23:47:58 Image size of job updated: 1647
	1647  -  MemoryUsage of job (MB)
	1686892  -  ResidentSetSize of job (KB)
...
006 (34671790.000.000) 2021-09-24 23:48:58 Image size of job updated: 1647
	1647  -  MemoryUsage of job (MB)
	1687228  -  ResidentSetSize of job (KB)
...
006 (34671790.000.000) 2021-09-24 23:49:59 Image size of job updated: 1647
	1647  -  MemoryUsage of job (MB)
	1687348  -  ResidentSetSize of job (KB)
...
006 (34671790.000.000) 2021-09-24 23:50:59 Image size of job updated: 1648
	1648  -  MemoryUsage of job (MB)
	1687644  -  ResidentSetSize of job (KB)
...
006 (34671790.000.000) 2021-09-24 23:51:59 Image size of job updated: 1648
	1648  -  MemoryUsage of job (MB)
	1688056  -  ResidentSetSize of job (KB)
...
006 (34671790.000.000) 2021-09-24 23:53:00 Image size of job updated: 1648
	1648  -  MemoryUsage of job (MB)
	1688256  -  ResidentSetSize of job (KB)
...
006 (34671790.000.000) 2021-09-24 23:54:01 Image size of job updated: 1648
	1648  -  MemoryUsage of job (MB)
	1688356  -  ResidentSetSize of job (KB)
...
006 (34671790.000.000) 2021-09-24 23:56:02 Image size of job updated: 1649
	1649  -  MemoryUsage of job (MB)
	1688880  -  ResidentSetSize of job (KB)
...
006 (34671790.000.000) 2021-09-24 23:58:03 Image size of job updated: 1649
	1649  -  MemoryUsage of job (MB)
	1689180  -  ResidentSetSize of job (KB)
...
006 (34671790.000.000) 2021-09-24 23:59:05 Image size of job updated: 1649
	1649  -  MemoryUsage of job (MB)
	1689332  -  ResidentSetSize of job (KB)
...
006 (34671790.000.000) 2021-09-25 00:01:05 Image size of job updated: 1650
	1650  -  MemoryUsage of job (MB)
	1689700  -  ResidentSetSize of job (KB)
...
006 (34671790.000.000) 2021-09-25 00:02:06 Image size of job updated: 1650
	1650  -  MemoryUsage of job (MB)
	1689704  -  ResidentSetSize of job (KB)
...
006 (34671790.000.000) 2021-09-25 00:04:07 Image size of job updated: 1650
	1650  -  MemoryUsage of job (MB)
	1690140  -  ResidentSetSize of job (KB)
...
006 (34671790.000.000) 2021-09-25 00:05:07 Image size of job updated: 1650
	1650  -  MemoryUsage of job (MB)
	1690144  -  ResidentSetSize of job (KB)
...
006 (34671790.000.000) 2021-09-25 00:07:10 Image size of job updated: 1650
	1650  -  MemoryUsage of job (MB)
	1690588  -  ResidentSetSize of job (KB)
...
006 (34671790.000.000) 2021-09-25 00:08:10 Image size of job updated: 1650
	1650  -  MemoryUsage of job (MB)
	1690592  -  ResidentSetSize of job (KB)
...
006 (34671790.000.000) 2021-09-25 00:10:11 Image size of job updated: 1651
	1651  -  MemoryUsage of job (MB)
	1691080  -  ResidentSetSize of job (KB)
...
006 (34671790.000.000) 2021-09-25 00:12:11 Image size of job updated: 1651
	1651  -  MemoryUsage of job (MB)
	1691360  -  ResidentSetSize of job (KB)
...
006 (34671790.000.000) 2021-09-25 00:13:11 Image size of job updated: 1651
	1651  -  MemoryUsage of job (MB)
	1691504  -  ResidentSetSize of job (KB)
...
006 (34671790.000.000) 2021-09-25 00:15:12 Image size of job updated: 1652
	1652  -  MemoryUsage of job (MB)
	1691860  -  ResidentSetSize of job (KB)
...
006 (34671790.000.000) 2021-09-25 00:17:14 Image size of job updated: 1652
	1652  -  MemoryUsage of job (MB)
	1691864  -  ResidentSetSize of job (KB)
...
006 (34671790.000.000) 2021-09-25 00:18:14 Image size of job updated: 1652
	1652  -  MemoryUsage of job (MB)
	1692232  -  ResidentSetSize of job (KB)
...
006 (34671790.000.000) 2021-09-25 00:19:14 Image size of job updated: 1652
	1652  -  MemoryUsage of job (MB)
	1692364  -  ResidentSetSize of job (KB)
...
006 (34671790.000.000) 2021-09-25 00:21:15 Image size of job updated: 1652
	1652  -  MemoryUsage of job (MB)
	1692652  -  ResidentSetSize of job (KB)
...
006 (34671790.000.000) 2021-09-25 00:22:15 Image size of job updated: 1653
	1653  -  MemoryUsage of job (MB)
	1692936  -  ResidentSetSize of job (KB)
...
006 (34671790.000.000) 2021-09-25 00:23:17 Image size of job updated: 1653
	1653  -  MemoryUsage of job (MB)
	1692948  -  ResidentSetSize of job (KB)
...
006 (34671790.000.000) 2021-09-25 00:25:17 Image size of job updated: 1653
	1653  -  MemoryUsage of job (MB)
	1693396  -  ResidentSetSize of job (KB)
...
006 (34671790.000.000) 2021-09-25 00:26:19 Image size of job updated: 1653
	1653  -  MemoryUsage of job (MB)
	1693400  -  ResidentSetSize of job (KB)
...
006 (34671790.000.000) 2021-09-25 00:28:20 Image size of job updated: 1654
	1654  -  MemoryUsage of job (MB)
	1693856  -  ResidentSetSize of job (KB)
...
006 (34671790.000.000) 2021-09-25 00:29:21 Image size of job updated: 1654
	1654  -  MemoryUsage of job (MB)
	1693860  -  ResidentSetSize of job (KB)
...
006 (34671790.000.000) 2021-09-25 00:31:22 Image size of job updated: 1654
	1654  -  MemoryUsage of job (MB)
	1694180  -  ResidentSetSize of job (KB)
...
006 (34671790.000.000) 2021-09-25 00:33:23 Image size of job updated: 1654
	1654  -  MemoryUsage of job (MB)
	1694184  -  ResidentSetSize of job (KB)
...
006 (34671790.000.000) 2021-09-25 00:34:24 Image size of job updated: 1654
	1654  -  MemoryUsage of job (MB)
	1694676  -  ResidentSetSize of job (KB)
...
006 (34671790.000.000) 2021-09-25 00:37:25 Image size of job updated: 1655
	1655  -  MemoryUsage of job (MB)
	1694948  -  ResidentSetSize of job (KB)
...
006 (34671790.000.000) 2021-09-25 00:40:27 Image size of job updated: 1655
	1655  -  MemoryUsage of job (MB)
	1694952  -  ResidentSetSize of job (KB)
...
006 (34671790.000.000) 2021-09-25 00:41:28 Image size of job updated: 1655
	1655  -  MemoryUsage of job (MB)
	1695400  -  ResidentSetSize of job (KB)
...
006 (34671790.000.000) 2021-09-25 00:44:29 Image size of job updated: 1656
	1656  -  MemoryUsage of job (MB)
	1695984  -  ResidentSetSize of job (KB)
...
006 (34671790.000.000) 2021-09-25 00:45:30 Image size of job updated: 1656
	1656  -  MemoryUsage of job (MB)
	1695992  -  ResidentSetSize of job (KB)
...
006 (34671790.000.000) 2021-09-25 00:47:31 Image size of job updated: 1656
	1656  -  MemoryUsage of job (MB)
	1696300  -  ResidentSetSize of job (KB)
...
006 (34671790.000.000) 2021-09-25 00:48:31 Image size of job updated: 1656
	1656  -  MemoryUsage of job (MB)
	1696304  -  ResidentSetSize of job (KB)
...
006 (34671790.000.000) 2021-09-25 00:50:33 Image size of job updated: 1656
	1656  -  MemoryUsage of job (MB)
	1696680  -  ResidentSetSize of job (KB)
...
006 (34671790.000.000) 2021-09-25 00:51:33 Image size of job updated: 1656
	1656  -  MemoryUsage of job (MB)
	1696684  -  ResidentSetSize of job (KB)
...
006 (34671790.000.000) 2021-09-25 00:53:34 Image size of job updated: 1657
	1657  -  MemoryUsage of job (MB)
	1697140  -  ResidentSetSize of job (KB)
...
006 (34671790.000.000) 2021-09-25 00:54:34 Image size of job updated: 1657
	1657  -  MemoryUsage of job (MB)
	1697148  -  ResidentSetSize of job (KB)
...
006 (34671790.000.000) 2021-09-25 00:56:36 Image size of job updated: 1657
	1657  -  MemoryUsage of job (MB)
	1697480  -  ResidentSetSize of job (KB)
...
006 (34671790.000.000) 2021-09-25 00:57:37 Image size of job updated: 1657
	1657  -  MemoryUsage of job (MB)
	1697488  -  ResidentSetSize of job (KB)
...
006 (34671790.000.000) 2021-09-25 00:59:38 Image size of job updated: 1658
	1658  -  MemoryUsage of job (MB)
	1697928  -  ResidentSetSize of job (KB)
...
006 (34671790.000.000) 2021-09-25 01:02:40 Image size of job updated: 1658
	1658  -  MemoryUsage of job (MB)
	1698300  -  ResidentSetSize of job (KB)
...
006 (34671790.000.000) 2021-09-25 01:03:40 Image size of job updated: 1658
	1658  -  MemoryUsage of job (MB)
	1698304  -  ResidentSetSize of job (KB)
...
006 (34671790.000.000) 2021-09-25 01:05:40 Image size of job updated: 1658
	1658  -  MemoryUsage of job (MB)
	1698704  -  ResidentSetSize of job (KB)
...
006 (34671790.000.000) 2021-09-25 01:08:41 Image size of job updated: 1659
	1659  -  MemoryUsage of job (MB)
	1699064  -  ResidentSetSize of job (KB)
...
006 (34671790.000.000) 2021-09-25 01:10:43 Image size of job updated: 1659
	1659  -  MemoryUsage of job (MB)
	1699484  -  ResidentSetSize of job (KB)
...
006 (34671790.000.000) 2021-09-25 01:11:43 Image size of job updated: 1659
	1659  -  MemoryUsage of job (MB)
	1699580  -  ResidentSetSize of job (KB)
...
006 (34671790.000.000) 2021-09-25 01:13:43 Image size of job updated: 1660
	1660  -  MemoryUsage of job (MB)
	1699928  -  ResidentSetSize of job (KB)
...
006 (34671790.000.000) 2021-09-25 01:14:43 Image size of job updated: 1660
	1660  -  MemoryUsage of job (MB)
	1700036  -  ResidentSetSize of job (KB)
...
006 (34671790.000.000) 2021-09-25 01:16:44 Image size of job updated: 1660
	1660  -  MemoryUsage of job (MB)
	1700292  -  ResidentSetSize of job (KB)
...
006 (34671790.000.000) 2021-09-25 01:17:44 Image size of job updated: 1660
	1660  -  MemoryUsage of job (MB)
	1700404  -  ResidentSetSize of job (KB)
...
006 (34671790.000.000) 2021-09-25 01:18:45 Image size of job updated: 1660
	1660  -  MemoryUsage of job (MB)
	1700408  -  ResidentSetSize of job (KB)
...
006 (34671790.000.000) 2021-09-25 01:19:46 Image size of job updated: 1660
	1660  -  MemoryUsage of job (MB)
	1700684  -  ResidentSetSize of job (KB)
...
006 (34671790.000.000) 2021-09-25 01:20:46 Image size of job updated: 1660
	1660  -  MemoryUsage of job (MB)
	1700848  -  ResidentSetSize of job (KB)
...
006 (34671790.000.000) 2021-09-25 01:22:47 Image size of job updated: 1661
	1661  -  MemoryUsage of job (MB)
	1701128  -  ResidentSetSize of job (KB)
...
006 (34671790.000.000) 2021-09-25 01:23:47 Image size of job updated: 1661
	1661  -  MemoryUsage of job (MB)
	1701220  -  ResidentSetSize of job (KB)
...
006 (34671790.000.000) 2021-09-25 01:25:47 Image size of job updated: 1661
	1661  -  MemoryUsage of job (MB)
	1701540  -  ResidentSetSize of job (KB)
...
006 (34671790.000.000) 2021-09-25 01:26:47 Image size of job updated: 1661
	1661  -  MemoryUsage of job (MB)
	1701648  -  ResidentSetSize of job (KB)
...
006 (34671790.000.000) 2021-09-25 01:28:49 Image size of job updated: 1662
	1662  -  MemoryUsage of job (MB)
	1701920  -  ResidentSetSize of job (KB)
...
006 (34671790.000.000) 2021-09-25 01:29:50 Image size of job updated: 1662
	1662  -  MemoryUsage of job (MB)
	1702048  -  ResidentSetSize of job (KB)
...
006 (34671790.000.000) 2021-09-25 01:31:50 Image size of job updated: 1662
	1662  -  MemoryUsage of job (MB)
	1702320  -  ResidentSetSize of job (KB)
...
006 (34671790.000.000) 2021-09-25 01:32:51 Image size of job updated: 1662
	1662  -  MemoryUsage of job (MB)
	1702452  -  ResidentSetSize of job (KB)
...
006 (34671790.000.000) 2021-09-25 01:34:53 Image size of job updated: 1662
	1662  -  MemoryUsage of job (MB)
	1702656  -  ResidentSetSize of job (KB)
...
006 (34671790.000.000) 2021-09-25 01:36:54 Image size of job updated: 1662
	1662  -  MemoryUsage of job (MB)
	1702780  -  ResidentSetSize of job (KB)
...
006 (34671790.000.000) 2021-09-25 01:38:54 Image size of job updated: 1663
	1663  -  MemoryUsage of job (MB)
	1702984  -  ResidentSetSize of job (KB)
...
006 (34671790.000.000) 2021-09-25 01:39:56 Image size of job updated: 1663
	1663  -  MemoryUsage of job (MB)
	1703204  -  ResidentSetSize of job (KB)
...
006 (34671790.000.000) 2021-09-25 01:41:56 Image size of job updated: 1663
	1663  -  MemoryUsage of job (MB)
	1703784  -  ResidentSetSize of job (KB)
...
006 (34671790.000.000) 2021-09-25 01:43:57 Image size of job updated: 1664
	1664  -  MemoryUsage of job (MB)
	1704472  -  ResidentSetSize of job (KB)
...
006 (34671790.000.000) 2021-09-25 01:45:59 Image size of job updated: 1665
	1665  -  MemoryUsage of job (MB)
	1705692  -  ResidentSetSize of job (KB)
...
006 (34671790.000.000) 2021-09-25 01:47:00 Image size of job updated: 1665
	1665  -  MemoryUsage of job (MB)
	1705700  -  ResidentSetSize of job (KB)
...
006 (34671790.000.000) 2021-09-25 01:48:02 Image size of job updated: 1665
	1665  -  MemoryUsage of job (MB)
	1705704  -  ResidentSetSize of job (KB)
...
006 (34671790.000.000) 2021-09-25 01:49:03 Image size of job updated: 1665
	1665  -  MemoryUsage of job (MB)
	1705708  -  ResidentSetSize of job (KB)
...
006 (34671790.000.000) 2021-09-25 01:50:04 Image size of job updated: 1666
	1666  -  MemoryUsage of job (MB)
	1706132  -  ResidentSetSize of job (KB)
...
006 (34671790.000.000) 2021-09-25 01:51:06 Image size of job updated: 1666
	1666  -  MemoryUsage of job (MB)
	1706204  -  ResidentSetSize of job (KB)
...
006 (34671790.000.000) 2021-09-25 01:54:07 Image size of job updated: 1666
	1666  -  MemoryUsage of job (MB)
	1706528  -  ResidentSetSize of job (KB)
...
006 (34671790.000.000) 2021-09-25 01:55:07 Image size of job updated: 1666
	1666  -  MemoryUsage of job (MB)
	1706680  -  ResidentSetSize of job (KB)
...
006 (34671790.000.000) 2021-09-25 01:56:07 Image size of job updated: 1666
	1666  -  MemoryUsage of job (MB)
	1706692  -  ResidentSetSize of job (KB)
...
006 (34671790.000.000) 2021-09-25 01:58:09 Image size of job updated: 1667
	1667  -  MemoryUsage of job (MB)
	1707028  -  ResidentSetSize of job (KB)
...
006 (34671790.000.000) 2021-09-25 01:59:09 Image size of job updated: 1667
	1667  -  MemoryUsage of job (MB)
	1707156  -  ResidentSetSize of job (KB)
...
006 (34671790.000.000) 2021-09-25 02:00:09 Image size of job updated: 1667
	1667  -  MemoryUsage of job (MB)
	1707160  -  ResidentSetSize of job (KB)
...
006 (34671790.000.000) 2021-09-25 02:03:12 Image size of job updated: 1667
	1667  -  MemoryUsage of job (MB)
	1707528  -  ResidentSetSize of job (KB)
...
006 (34671790.000.000) 2021-09-25 02:04:14 Image size of job updated: 1667
	1667  -  MemoryUsage of job (MB)
	1707540  -  ResidentSetSize of job (KB)
...
006 (34671790.000.000) 2021-09-25 02:07:16 Image size of job updated: 1667
	1667  -  MemoryUsage of job (MB)
	1707908  -  ResidentSetSize of job (KB)
...
006 (34671790.000.000) 2021-09-25 02:11:16 Image size of job updated: 1668
	1668  -  MemoryUsage of job (MB)
	1708340  -  ResidentSetSize of job (KB)
...
006 (34671790.000.000) 2021-09-25 02:12:16 Image size of job updated: 1668
	1668  -  MemoryUsage of job (MB)
	1708344  -  ResidentSetSize of job (KB)
...
006 (34671790.000.000) 2021-09-25 02:13:16 Image size of job updated: 1668
	1668  -  MemoryUsage of job (MB)
	1708348  -  ResidentSetSize of job (KB)
...
006 (34671790.000.000) 2021-09-25 02:15:16 Image size of job updated: 1668
	1668  -  MemoryUsage of job (MB)
	1708776  -  ResidentSetSize of job (KB)
...
006 (34671790.000.000) 2021-09-25 02:18:18 Image size of job updated: 1669
	1669  -  MemoryUsage of job (MB)
	1709192  -  ResidentSetSize of job (KB)
...
006 (34671790.000.000) 2021-09-25 02:20:18 Image size of job updated: 1669
	1669  -  MemoryUsage of job (MB)
	1709196  -  ResidentSetSize of job (KB)
...
006 (34671790.000.000) 2021-09-25 02:22:19 Image size of job updated: 1669
	1669  -  MemoryUsage of job (MB)
	1709536  -  ResidentSetSize of job (KB)
...
006 (34671790.000.000) 2021-09-25 02:24:19 Image size of job updated: 1669
	1669  -  MemoryUsage of job (MB)
	1709540  -  ResidentSetSize of job (KB)
...
006 (34671790.000.000) 2021-09-25 02:26:19 Image size of job updated: 1669
	1669  -  MemoryUsage of job (MB)
	1709952  -  ResidentSetSize of job (KB)
...
006 (34671790.000.000) 2021-09-25 02:27:20 Image size of job updated: 1669
	1669  -  MemoryUsage of job (MB)
	1709956  -  ResidentSetSize of job (KB)
...
006 (34671790.000.000) 2021-09-25 02:30:23 Image size of job updated: 1670
	1670  -  MemoryUsage of job (MB)
	1710384  -  ResidentSetSize of job (KB)
...
006 (34671790.000.000) 2021-09-25 02:33:27 Image size of job updated: 1670
	1670  -  MemoryUsage of job (MB)
	1710600  -  ResidentSetSize of job (KB)
...
006 (34671790.000.000) 2021-09-25 02:34:27 Image size of job updated: 1670
	1670  -  MemoryUsage of job (MB)
	1710752  -  ResidentSetSize of job (KB)
...
006 (34671790.000.000) 2021-09-25 02:37:27 Image size of job updated: 1670
	1670  -  MemoryUsage of job (MB)
	1711044  -  ResidentSetSize of job (KB)
...
006 (34671790.000.000) 2021-09-25 02:38:28 Image size of job updated: 1671
	1671  -  MemoryUsage of job (MB)
	1711184  -  ResidentSetSize of job (KB)
...
006 (34671790.000.000) 2021-09-25 02:39:29 Image size of job updated: 1671
	1671  -  MemoryUsage of job (MB)
	1711188  -  ResidentSetSize of job (KB)
...
006 (34671790.000.000) 2021-09-25 02:41:30 Image size of job updated: 1671
	1671  -  MemoryUsage of job (MB)
	1711664  -  ResidentSetSize of job (KB)
...
006 (34671790.000.000) 2021-09-25 02:42:30 Image size of job updated: 1671
	1671  -  MemoryUsage of job (MB)
	1711668  -  ResidentSetSize of job (KB)
...
006 (34671790.000.000) 2021-09-25 02:44:30 Image size of job updated: 1671
	1671  -  MemoryUsage of job (MB)
	1711956  -  ResidentSetSize of job (KB)
...
006 (34671790.000.000) 2021-09-25 02:45:30 Image size of job updated: 1671
	1671  -  MemoryUsage of job (MB)
	1711960  -  ResidentSetSize of job (KB)
...
006 (34671790.000.000) 2021-09-25 02:47:31 Image size of job updated: 1672
	1672  -  MemoryUsage of job (MB)
	1712328  -  ResidentSetSize of job (KB)
...
006 (34671790.000.000) 2021-09-25 02:48:32 Image size of job updated: 1672
	1672  -  MemoryUsage of job (MB)
	1712332  -  ResidentSetSize of job (KB)
...
006 (34671790.000.000) 2021-09-25 02:50:32 Image size of job updated: 1672
	1672  -  MemoryUsage of job (MB)
	1712608  -  ResidentSetSize of job (KB)
...
006 (34671790.000.000) 2021-09-25 02:53:34 Image size of job updated: 1672
	1672  -  MemoryUsage of job (MB)
	1713088  -  ResidentSetSize of job (KB)
...
006 (34671790.000.000) 2021-09-25 02:56:35 Image size of job updated: 1673
	1673  -  MemoryUsage of job (MB)
	1713432  -  ResidentSetSize of job (KB)
...
006 (34671790.000.000) 2021-09-25 02:57:35 Image size of job updated: 1673
	1673  -  MemoryUsage of job (MB)
	1713436  -  ResidentSetSize of job (KB)
...
006 (34671790.000.000) 2021-09-25 02:59:35 Image size of job updated: 1673
	1673  -  MemoryUsage of job (MB)
	1713872  -  ResidentSetSize of job (KB)
...
006 (34671790.000.000) 2021-09-25 03:00:37 Image size of job updated: 1673
	1673  -  MemoryUsage of job (MB)
	1713876  -  ResidentSetSize of job (KB)
...
006 (34671790.000.000) 2021-09-25 03:02:37 Image size of job updated: 1674
	1674  -  MemoryUsage of job (MB)
	1714356  -  ResidentSetSize of job (KB)
...
006 (34671790.000.000) 2021-09-25 03:05:39 Image size of job updated: 1674
	1674  -  MemoryUsage of job (MB)
	1714632  -  ResidentSetSize of job (KB)
...
006 (34671790.000.000) 2021-09-25 03:07:39 Image size of job updated: 1674
	1674  -  MemoryUsage of job (MB)
	1715040  -  ResidentSetSize of job (KB)
...
006 (34671790.000.000) 2021-09-25 03:08:40 Image size of job updated: 1674
	1674  -  MemoryUsage of job (MB)
	1715164  -  ResidentSetSize of job (KB)
...
006 (34671790.000.000) 2021-09-25 03:09:40 Image size of job updated: 1674
	1674  -  MemoryUsage of job (MB)
	1715172  -  ResidentSetSize of job (KB)
...
006 (34671790.000.000) 2021-09-25 03:10:41 Image size of job updated: 1675
	1675  -  MemoryUsage of job (MB)
	1715612  -  ResidentSetSize of job (KB)
...
006 (34671790.000.000) 2021-09-25 03:11:41 Image size of job updated: 1675
	1675  -  MemoryUsage of job (MB)
	1715616  -  ResidentSetSize of job (KB)
...
006 (34671790.000.000) 2021-09-25 03:12:42 Image size of job updated: 1675
	1675  -  MemoryUsage of job (MB)
	1715888  -  ResidentSetSize of job (KB)
...
006 (34671790.000.000) 2021-09-25 03:13:42 Image size of job updated: 1675
	1675  -  MemoryUsage of job (MB)
	1716024  -  ResidentSetSize of job (KB)
...
006 (34671790.000.000) 2021-09-25 03:15:43 Image size of job updated: 1676
	1676  -  MemoryUsage of job (MB)
	1716392  -  ResidentSetSize of job (KB)
...
006 (34671790.000.000) 2021-09-25 03:16:44 Image size of job updated: 1676
	1676  -  MemoryUsage of job (MB)
	1716396  -  ResidentSetSize of job (KB)
...
006 (34671790.000.000) 2021-09-25 03:17:45 Image size of job updated: 1676
	1676  -  MemoryUsage of job (MB)
	1716852  -  ResidentSetSize of job (KB)
...
006 (34671790.000.000) 2021-09-25 03:18:45 Image size of job updated: 1676
	1676  -  MemoryUsage of job (MB)
	1716856  -  ResidentSetSize of job (KB)
...
006 (34671790.000.000) 2021-09-25 03:20:47 Image size of job updated: 1676
	1676  -  MemoryUsage of job (MB)
	1717172  -  ResidentSetSize of job (KB)
...
006 (34671790.000.000) 2021-09-25 03:22:47 Image size of job updated: 1677
	1677  -  MemoryUsage of job (MB)
	1717516  -  ResidentSetSize of job (KB)
...
006 (34671790.000.000) 2021-09-25 03:23:48 Image size of job updated: 1677
	1677  -  MemoryUsage of job (MB)
	1717520  -  ResidentSetSize of job (KB)
...
006 (34671790.000.000) 2021-09-25 03:25:49 Image size of job updated: 1677
	1677  -  MemoryUsage of job (MB)
	1717920  -  ResidentSetSize of job (KB)
...
006 (34671790.000.000) 2021-09-25 03:27:51 Image size of job updated: 1678
	1678  -  MemoryUsage of job (MB)
	1718336  -  ResidentSetSize of job (KB)
...
006 (34671790.000.000) 2021-09-25 03:28:51 Image size of job updated: 1678
	1678  -  MemoryUsage of job (MB)
	1718340  -  ResidentSetSize of job (KB)
...
006 (34671790.000.000) 2021-09-25 03:30:52 Image size of job updated: 1678
	1678  -  MemoryUsage of job (MB)
	1718760  -  ResidentSetSize of job (KB)
...
006 (34671790.000.000) 2021-09-25 03:32:52 Image size of job updated: 1678
	1678  -  MemoryUsage of job (MB)
	1719156  -  ResidentSetSize of job (KB)
...
006 (34671790.000.000) 2021-09-25 03:34:53 Image size of job updated: 1679
	1679  -  MemoryUsage of job (MB)
	1719536  -  ResidentSetSize of job (KB)
...
006 (34671790.000.000) 2021-09-25 03:37:56 Image size of job updated: 1679
	1679  -  MemoryUsage of job (MB)
	1720012  -  ResidentSetSize of job (KB)
...
006 (34671790.000.000) 2021-09-25 03:39:57 Image size of job updated: 1680
	1680  -  MemoryUsage of job (MB)
	1720368  -  ResidentSetSize of job (KB)
...
006 (34671790.000.000) 2021-09-25 03:40:58 Image size of job updated: 1680
	1680  -  MemoryUsage of job (MB)
	1720372  -  ResidentSetSize of job (KB)
...
006 (34671790.000.000) 2021-09-25 03:42:58 Image size of job updated: 1680
	1680  -  MemoryUsage of job (MB)
	1720720  -  ResidentSetSize of job (KB)
...
006 (34671790.000.000) 2021-09-25 03:44:59 Image size of job updated: 1680
	1680  -  MemoryUsage of job (MB)
	1721124  -  ResidentSetSize of job (KB)
...
006 (34671790.000.000) 2021-09-25 03:47:59 Image size of job updated: 1681
	1681  -  MemoryUsage of job (MB)
	1721420  -  ResidentSetSize of job (KB)
...
006 (34671790.000.000) 2021-09-25 03:50:01 Image size of job updated: 1681
	1681  -  MemoryUsage of job (MB)
	1721692  -  ResidentSetSize of job (KB)
...
006 (34671790.000.000) 2021-09-25 03:51:02 Image size of job updated: 1681
	1681  -  MemoryUsage of job (MB)
	1721800  -  ResidentSetSize of job (KB)
...
006 (34671790.000.000) 2021-09-25 03:52:03 Image size of job updated: 1681
	1681  -  MemoryUsage of job (MB)
	1721804  -  ResidentSetSize of job (KB)
...
006 (34671790.000.000) 2021-09-25 03:54:06 Image size of job updated: 1681
	1681  -  MemoryUsage of job (MB)
	1722156  -  ResidentSetSize of job (KB)
...
006 (34671790.000.000) 2021-09-25 03:57:06 Image size of job updated: 1682
	1682  -  MemoryUsage of job (MB)
	1722444  -  ResidentSetSize of job (KB)
...
006 (34671790.000.000) 2021-09-25 03:58:06 Image size of job updated: 1682
	1682  -  MemoryUsage of job (MB)
	1722448  -  ResidentSetSize of job (KB)
...
006 (34671790.000.000) 2021-09-25 04:00:07 Image size of job updated: 1682
	1682  -  MemoryUsage of job (MB)
	1722788  -  ResidentSetSize of job (KB)
...
006 (34671790.000.000) 2021-09-25 04:03:08 Image size of job updated: 1682
	1682  -  MemoryUsage of job (MB)
	1723212  -  ResidentSetSize of job (KB)
...
006 (34671790.000.000) 2021-09-25 04:04:09 Image size of job updated: 1682
	1682  -  MemoryUsage of job (MB)
	1723216  -  ResidentSetSize of job (KB)
...
006 (34671790.000.000) 2021-09-25 04:05:45 Image size of job updated: 1683
	1683  -  MemoryUsage of job (MB)
	1723476  -  ResidentSetSize of job (KB)
...
040 (34671790.000.000) 2021-09-25 04:05:45 Started transferring output files
...
040 (34671790.000.000) 2021-09-25 04:05:46 Finished transferring output files
...
005 (34671790.000.000) 2021-09-25 04:05:48 Job terminated.
	(1) Normal termination (return value 0)
		Usr 0 00:00:00, Sys 0 00:00:00  -  Run Remote Usage
		Usr 0 00:00:00, Sys 0 00:00:00  -  Run Local Usage
		Usr 0 01:15:35, Sys 0 04:04:07  -  Total Remote Usage
		Usr 0 00:00:00, Sys 0 00:00:00  -  Total Local Usage
	1231887  -  Run Bytes Sent By Job
	8471570  -  Run Bytes Received By Job
	1231887  -  Total Bytes Sent By Job
	8471570  -  Total Bytes Received By Job
	Partitionable Resources :    Usage  Request Allocated 
	   Cpus                 :     0.00        1         1 
	   Disk (KB)            : 18366       10000   1637634 
	   Memory (MB)          :  1683        2048      2048 

	Job terminated of its own accord at 2021-09-25T09:05:45Z.
...
