000 (34567860.000.000) 2021-09-17 07:09:31 Job submitted from host: <131.225.188.57:9618?addrs=131.225.188.57-9618&alias=lpcschedd2.fnal.gov&noUDP&sock=schedd_2251_93c6>
...
040 (34567860.000.000) 2021-09-17 16:54:49 Started transferring input files
	Transferring to host: <131.225.205.200:9618?addrs=131.225.205.200-9618&alias=cmswn1974.fnal.gov&noUDP&sock=slot1_26_1555_6358_1270>
...
040 (34567860.000.000) 2021-09-17 16:54:50 Finished transferring input files
...
001 (34567860.000.000) 2021-09-17 16:54:51 Job executing on host: <131.225.205.200:9618?addrs=131.225.205.200-9618&alias=cmswn1974.fnal.gov&noUDP&sock=startd_1436_8e16>
...
006 (34567860.000.000) 2021-09-17 16:54:59 Image size of job updated: 18
	18  -  MemoryUsage of job (MB)
	18532  -  ResidentSetSize of job (KB)
...
006 (34567860.000.000) 2021-09-17 16:56:00 Image size of job updated: 415
	415  -  MemoryUsage of job (MB)
	425836  -  ResidentSetSize of job (KB)
...
006 (34567860.000.000) 2021-09-17 16:57:01 Image size of job updated: 529
	529  -  MemoryUsage of job (MB)
	541868  -  ResidentSetSize of job (KB)
...
006 (34567860.000.000) 2021-09-17 17:01:03 Image size of job updated: 565
	565  -  MemoryUsage of job (MB)
	578828  -  ResidentSetSize of job (KB)
...
006 (34567860.000.000) 2021-09-17 17:02:03 Image size of job updated: 610
	610  -  MemoryUsage of job (MB)
	625152  -  ResidentSetSize of job (KB)
...
006 (34567860.000.000) 2021-09-17 17:03:04 Image size of job updated: 650
	650  -  MemoryUsage of job (MB)
	665636  -  ResidentSetSize of job (KB)
...
006 (34567860.000.000) 2021-09-17 17:04:05 Image size of job updated: 690
	690  -  MemoryUsage of job (MB)
	706676  -  ResidentSetSize of job (KB)
...
006 (34567860.000.000) 2021-09-17 17:05:05 Image size of job updated: 723
	723  -  MemoryUsage of job (MB)
	740812  -  ResidentSetSize of job (KB)
...
006 (34567860.000.000) 2021-09-17 17:06:06 Image size of job updated: 755
	755  -  MemoryUsage of job (MB)
	773152  -  ResidentSetSize of job (KB)
...
006 (34567860.000.000) 2021-09-17 17:07:07 Image size of job updated: 785
	785  -  MemoryUsage of job (MB)
	804104  -  ResidentSetSize of job (KB)
...
006 (34567860.000.000) 2021-09-17 17:08:08 Image size of job updated: 814
	814  -  MemoryUsage of job (MB)
	834388  -  ResidentSetSize of job (KB)
...
006 (34567860.000.000) 2021-09-17 17:09:09 Image size of job updated: 847
	847  -  MemoryUsage of job (MB)
	868032  -  ResidentSetSize of job (KB)
...
006 (34567860.000.000) 2021-09-17 17:10:09 Image size of job updated: 874
	874  -  MemoryUsage of job (MB)
	895228  -  ResidentSetSize of job (KB)
...
006 (34567860.000.000) 2021-09-17 17:11:11 Image size of job updated: 911
	911  -  MemoryUsage of job (MB)
	933352  -  ResidentSetSize of job (KB)
...
006 (34567860.000.000) 2021-09-17 17:12:11 Image size of job updated: 937
	937  -  MemoryUsage of job (MB)
	960080  -  ResidentSetSize of job (KB)
...
006 (34567860.000.000) 2021-09-17 17:13:13 Image size of job updated: 965
	965  -  MemoryUsage of job (MB)
	988248  -  ResidentSetSize of job (KB)
...
006 (34567860.000.000) 2021-09-17 17:14:13 Image size of job updated: 988
	988  -  MemoryUsage of job (MB)
	1012216  -  ResidentSetSize of job (KB)
...
006 (34567860.000.000) 2021-09-17 17:15:14 Image size of job updated: 1011
	1011  -  MemoryUsage of job (MB)
	1036048  -  ResidentSetSize of job (KB)
...
006 (34567860.000.000) 2021-09-17 17:16:15 Image size of job updated: 1038
	1038  -  MemoryUsage of job (MB)
	1063084  -  ResidentSetSize of job (KB)
...
006 (34567860.000.000) 2021-09-17 17:17:15 Image size of job updated: 1069
	1069  -  MemoryUsage of job (MB)
	1095492  -  ResidentSetSize of job (KB)
...
006 (34567860.000.000) 2021-09-17 17:18:15 Image size of job updated: 1091
	1091  -  MemoryUsage of job (MB)
	1117288  -  ResidentSetSize of job (KB)
...
006 (34567860.000.000) 2021-09-17 17:19:16 Image size of job updated: 1114
	1114  -  MemoryUsage of job (MB)
	1140984  -  ResidentSetSize of job (KB)
...
006 (34567860.000.000) 2021-09-17 17:20:17 Image size of job updated: 1134
	1134  -  MemoryUsage of job (MB)
	1161880  -  ResidentSetSize of job (KB)
...
006 (34567860.000.000) 2021-09-17 17:21:18 Image size of job updated: 1155
	1155  -  MemoryUsage of job (MB)
	1182816  -  ResidentSetSize of job (KB)
...
006 (34567860.000.000) 2021-09-17 17:22:18 Image size of job updated: 1174
	1174  -  MemoryUsage of job (MB)
	1202768  -  ResidentSetSize of job (KB)
...
006 (34567860.000.000) 2021-09-17 17:23:19 Image size of job updated: 1193
	1193  -  MemoryUsage of job (MB)
	1222428  -  ResidentSetSize of job (KB)
...
006 (34567860.000.000) 2021-09-17 17:24:20 Image size of job updated: 1214
	1214  -  MemoryUsage of job (MB)
	1243864  -  ResidentSetSize of job (KB)
...
006 (34567860.000.000) 2021-09-17 17:25:20 Image size of job updated: 1232
	1232  -  MemoryUsage of job (MB)
	1262572  -  ResidentSetSize of job (KB)
...
006 (34567860.000.000) 2021-09-17 17:26:21 Image size of job updated: 1250
	1250  -  MemoryUsage of job (MB)
	1281016  -  ResidentSetSize of job (KB)
...
006 (34567860.000.000) 2021-09-17 17:27:21 Image size of job updated: 1268
	1268  -  MemoryUsage of job (MB)
	1299236  -  ResidentSetSize of job (KB)
...
006 (34567860.000.000) 2021-09-17 17:28:22 Image size of job updated: 1286
	1286  -  MemoryUsage of job (MB)
	1317184  -  ResidentSetSize of job (KB)
...
006 (34567860.000.000) 2021-09-17 17:29:23 Image size of job updated: 1305
	1305  -  MemoryUsage of job (MB)
	1336840  -  ResidentSetSize of job (KB)
...
006 (34567860.000.000) 2021-09-17 17:30:24 Image size of job updated: 1322
	1322  -  MemoryUsage of job (MB)
	1354032  -  ResidentSetSize of job (KB)
...
006 (34567860.000.000) 2021-09-17 17:31:25 Image size of job updated: 1339
	1339  -  MemoryUsage of job (MB)
	1371348  -  ResidentSetSize of job (KB)
...
006 (34567860.000.000) 2021-09-17 17:32:25 Image size of job updated: 1355
	1355  -  MemoryUsage of job (MB)
	1388416  -  ResidentSetSize of job (KB)
...
006 (34567860.000.000) 2021-09-17 17:33:26 Image size of job updated: 1372
	1372  -  MemoryUsage of job (MB)
	1405552  -  ResidentSetSize of job (KB)
...
006 (34567860.000.000) 2021-09-17 17:34:27 Image size of job updated: 1390
	1390  -  MemoryUsage of job (MB)
	1423800  -  ResidentSetSize of job (KB)
...
006 (34567860.000.000) 2021-09-17 17:35:27 Image size of job updated: 1406
	1406  -  MemoryUsage of job (MB)
	1440256  -  ResidentSetSize of job (KB)
...
006 (34567860.000.000) 2021-09-17 17:36:27 Image size of job updated: 1422
	1422  -  MemoryUsage of job (MB)
	1456184  -  ResidentSetSize of job (KB)
...
006 (34567860.000.000) 2021-09-17 17:37:29 Image size of job updated: 1439
	1439  -  MemoryUsage of job (MB)
	1474180  -  ResidentSetSize of job (KB)
...
006 (34567860.000.000) 2021-09-17 17:38:29 Image size of job updated: 1454
	1454  -  MemoryUsage of job (MB)
	1489760  -  ResidentSetSize of job (KB)
...
006 (34567860.000.000) 2021-09-17 17:39:29 Image size of job updated: 1470
	1470  -  MemoryUsage of job (MB)
	1505492  -  ResidentSetSize of job (KB)
...
006 (34567860.000.000) 2021-09-17 17:40:30 Image size of job updated: 1485
	1485  -  MemoryUsage of job (MB)
	1520920  -  ResidentSetSize of job (KB)
...
006 (34567860.000.000) 2021-09-17 17:41:31 Image size of job updated: 1501
	1501  -  MemoryUsage of job (MB)
	1538012  -  ResidentSetSize of job (KB)
...
006 (34567860.000.000) 2021-09-17 17:42:31 Image size of job updated: 1516
	1516  -  MemoryUsage of job (MB)
	1552968  -  ResidentSetSize of job (KB)
...
006 (34567860.000.000) 2021-09-17 17:43:31 Image size of job updated: 1531
	1531  -  MemoryUsage of job (MB)
	1567788  -  ResidentSetSize of job (KB)
...
006 (34567860.000.000) 2021-09-17 17:44:32 Image size of job updated: 1561
	1561  -  MemoryUsage of job (MB)
	1599128  -  ResidentSetSize of job (KB)
...
006 (34567860.000.000) 2021-09-17 17:45:33 Image size of job updated: 1632
	1632  -  MemoryUsage of job (MB)
	1671384  -  ResidentSetSize of job (KB)
...
006 (34567860.000.000) 2021-09-17 17:46:33 Image size of job updated: 1637
	1637  -  MemoryUsage of job (MB)
	1676788  -  ResidentSetSize of job (KB)
...
006 (34567860.000.000) 2021-09-17 17:47:34 Image size of job updated: 1639
	1639  -  MemoryUsage of job (MB)
	1678616  -  ResidentSetSize of job (KB)
...
006 (34567860.000.000) 2021-09-17 17:48:36 Image size of job updated: 1641
	1641  -  MemoryUsage of job (MB)
	1681120  -  ResidentSetSize of job (KB)
...
006 (34567860.000.000) 2021-09-17 17:49:36 Image size of job updated: 1642
	1642  -  MemoryUsage of job (MB)
	1682036  -  ResidentSetSize of job (KB)
...
006 (34567860.000.000) 2021-09-17 17:50:36 Image size of job updated: 1643
	1643  -  MemoryUsage of job (MB)
	1682900  -  ResidentSetSize of job (KB)
...
006 (34567860.000.000) 2021-09-17 17:51:36 Image size of job updated: 1644
	1644  -  MemoryUsage of job (MB)
	1683504  -  ResidentSetSize of job (KB)
...
006 (34567860.000.000) 2021-09-17 17:52:36 Image size of job updated: 1644
	1644  -  MemoryUsage of job (MB)
	1684020  -  ResidentSetSize of job (KB)
...
006 (34567860.000.000) 2021-09-17 17:53:36 Image size of job updated: 1645
	1645  -  MemoryUsage of job (MB)
	1685276  -  ResidentSetSize of job (KB)
...
006 (34567860.000.000) 2021-09-17 17:54:37 Image size of job updated: 1646
	1646  -  MemoryUsage of job (MB)
	1685760  -  ResidentSetSize of job (KB)
...
006 (34567860.000.000) 2021-09-17 17:55:37 Image size of job updated: 1646
	1646  -  MemoryUsage of job (MB)
	1686240  -  ResidentSetSize of job (KB)
...
006 (34567860.000.000) 2021-09-17 17:56:38 Image size of job updated: 1647
	1647  -  MemoryUsage of job (MB)
	1686756  -  ResidentSetSize of job (KB)
...
006 (34567860.000.000) 2021-09-17 17:57:40 Image size of job updated: 1647
	1647  -  MemoryUsage of job (MB)
	1687196  -  ResidentSetSize of job (KB)
...
006 (34567860.000.000) 2021-09-17 17:58:41 Image size of job updated: 1648
	1648  -  MemoryUsage of job (MB)
	1688168  -  ResidentSetSize of job (KB)
...
006 (34567860.000.000) 2021-09-17 17:59:41 Image size of job updated: 1649
	1649  -  MemoryUsage of job (MB)
	1688616  -  ResidentSetSize of job (KB)
...
006 (34567860.000.000) 2021-09-17 18:00:42 Image size of job updated: 1649
	1649  -  MemoryUsage of job (MB)
	1689112  -  ResidentSetSize of job (KB)
...
006 (34567860.000.000) 2021-09-17 18:01:43 Image size of job updated: 1649
	1649  -  MemoryUsage of job (MB)
	1689568  -  ResidentSetSize of job (KB)
...
006 (34567860.000.000) 2021-09-17 18:02:44 Image size of job updated: 1650
	1650  -  MemoryUsage of job (MB)
	1689928  -  ResidentSetSize of job (KB)
...
006 (34567860.000.000) 2021-09-17 18:03:44 Image size of job updated: 1650
	1650  -  MemoryUsage of job (MB)
	1690344  -  ResidentSetSize of job (KB)
...
006 (34567860.000.000) 2021-09-17 18:04:45 Image size of job updated: 1651
	1651  -  MemoryUsage of job (MB)
	1691120  -  ResidentSetSize of job (KB)
...
006 (34567860.000.000) 2021-09-17 18:05:45 Image size of job updated: 1651
	1651  -  MemoryUsage of job (MB)
	1691584  -  ResidentSetSize of job (KB)
...
006 (34567860.000.000) 2021-09-17 18:06:46 Image size of job updated: 1652
	1652  -  MemoryUsage of job (MB)
	1692064  -  ResidentSetSize of job (KB)
...
006 (34567860.000.000) 2021-09-17 18:07:47 Image size of job updated: 1652
	1652  -  MemoryUsage of job (MB)
	1692424  -  ResidentSetSize of job (KB)
...
006 (34567860.000.000) 2021-09-17 18:08:48 Image size of job updated: 1653
	1653  -  MemoryUsage of job (MB)
	1692824  -  ResidentSetSize of job (KB)
...
006 (34567860.000.000) 2021-09-17 18:09:48 Image size of job updated: 1653
	1653  -  MemoryUsage of job (MB)
	1693252  -  ResidentSetSize of job (KB)
...
006 (34567860.000.000) 2021-09-17 18:10:49 Image size of job updated: 1654
	1654  -  MemoryUsage of job (MB)
	1694008  -  ResidentSetSize of job (KB)
...
006 (34567860.000.000) 2021-09-17 18:11:50 Image size of job updated: 1654
	1654  -  MemoryUsage of job (MB)
	1694448  -  ResidentSetSize of job (KB)
...
006 (34567860.000.000) 2021-09-17 18:12:50 Image size of job updated: 1655
	1655  -  MemoryUsage of job (MB)
	1694736  -  ResidentSetSize of job (KB)
...
006 (34567860.000.000) 2021-09-17 18:13:51 Image size of job updated: 1655
	1655  -  MemoryUsage of job (MB)
	1695208  -  ResidentSetSize of job (KB)
...
006 (34567860.000.000) 2021-09-17 18:14:52 Image size of job updated: 1655
	1655  -  MemoryUsage of job (MB)
	1695696  -  ResidentSetSize of job (KB)
...
006 (34567860.000.000) 2021-09-17 18:15:52 Image size of job updated: 1656
	1656  -  MemoryUsage of job (MB)
	1696100  -  ResidentSetSize of job (KB)
...
006 (34567860.000.000) 2021-09-17 18:16:52 Image size of job updated: 1657
	1657  -  MemoryUsage of job (MB)
	1696896  -  ResidentSetSize of job (KB)
...
006 (34567860.000.000) 2021-09-17 18:17:53 Image size of job updated: 1657
	1657  -  MemoryUsage of job (MB)
	1697268  -  ResidentSetSize of job (KB)
...
006 (34567860.000.000) 2021-09-17 18:18:54 Image size of job updated: 1657
	1657  -  MemoryUsage of job (MB)
	1697628  -  ResidentSetSize of job (KB)
...
006 (34567860.000.000) 2021-09-17 18:19:54 Image size of job updated: 1658
	1658  -  MemoryUsage of job (MB)
	1698040  -  ResidentSetSize of job (KB)
...
006 (34567860.000.000) 2021-09-17 18:20:56 Image size of job updated: 1659
	1659  -  MemoryUsage of job (MB)
	1698844  -  ResidentSetSize of job (KB)
...
006 (34567860.000.000) 2021-09-17 18:21:56 Image size of job updated: 1659
	1659  -  MemoryUsage of job (MB)
	1699292  -  ResidentSetSize of job (KB)
...
006 (34567860.000.000) 2021-09-17 18:22:57 Image size of job updated: 1659
	1659  -  MemoryUsage of job (MB)
	1699724  -  ResidentSetSize of job (KB)
...
006 (34567860.000.000) 2021-09-17 18:23:57 Image size of job updated: 1660
	1660  -  MemoryUsage of job (MB)
	1700148  -  ResidentSetSize of job (KB)
...
006 (34567860.000.000) 2021-09-17 18:24:57 Image size of job updated: 1660
	1660  -  MemoryUsage of job (MB)
	1700592  -  ResidentSetSize of job (KB)
...
006 (34567860.000.000) 2021-09-17 18:25:57 Image size of job updated: 1661
	1661  -  MemoryUsage of job (MB)
	1700964  -  ResidentSetSize of job (KB)
...
006 (34567860.000.000) 2021-09-17 18:26:58 Image size of job updated: 1661
	1661  -  MemoryUsage of job (MB)
	1701756  -  ResidentSetSize of job (KB)
...
006 (34567860.000.000) 2021-09-17 18:27:59 Image size of job updated: 1662
	1662  -  MemoryUsage of job (MB)
	1702264  -  ResidentSetSize of job (KB)
...
006 (34567860.000.000) 2021-09-17 18:29:00 Image size of job updated: 1662
	1662  -  MemoryUsage of job (MB)
	1702836  -  ResidentSetSize of job (KB)
...
006 (34567860.000.000) 2021-09-17 18:30:00 Image size of job updated: 1663
	1663  -  MemoryUsage of job (MB)
	1703372  -  ResidentSetSize of job (KB)
...
006 (34567860.000.000) 2021-09-17 18:31:00 Image size of job updated: 1663
	1663  -  MemoryUsage of job (MB)
	1703740  -  ResidentSetSize of job (KB)
...
006 (34567860.000.000) 2021-09-17 18:32:00 Image size of job updated: 1664
	1664  -  MemoryUsage of job (MB)
	1704040  -  ResidentSetSize of job (KB)
...
006 (34567860.000.000) 2021-09-17 18:33:00 Image size of job updated: 1664
	1664  -  MemoryUsage of job (MB)
	1704748  -  ResidentSetSize of job (KB)
...
006 (34567860.000.000) 2021-09-17 18:34:01 Image size of job updated: 1665
	1665  -  MemoryUsage of job (MB)
	1705268  -  ResidentSetSize of job (KB)
...
006 (34567860.000.000) 2021-09-17 18:35:01 Image size of job updated: 1665
	1665  -  MemoryUsage of job (MB)
	1705868  -  ResidentSetSize of job (KB)
...
006 (34567860.000.000) 2021-09-17 18:36:01 Image size of job updated: 1666
	1666  -  MemoryUsage of job (MB)
	1706304  -  ResidentSetSize of job (KB)
...
006 (34567860.000.000) 2021-09-17 18:37:02 Image size of job updated: 1666
	1666  -  MemoryUsage of job (MB)
	1706840  -  ResidentSetSize of job (KB)
...
006 (34567860.000.000) 2021-09-17 18:38:03 Image size of job updated: 1667
	1667  -  MemoryUsage of job (MB)
	1707284  -  ResidentSetSize of job (KB)
...
006 (34567860.000.000) 2021-09-17 18:39:04 Image size of job updated: 1667
	1667  -  MemoryUsage of job (MB)
	1707612  -  ResidentSetSize of job (KB)
...
006 (34567860.000.000) 2021-09-17 18:40:05 Image size of job updated: 1668
	1668  -  MemoryUsage of job (MB)
	1708036  -  ResidentSetSize of job (KB)
...
006 (34567860.000.000) 2021-09-17 18:41:05 Image size of job updated: 1668
	1668  -  MemoryUsage of job (MB)
	1708436  -  ResidentSetSize of job (KB)
...
006 (34567860.000.000) 2021-09-17 18:42:06 Image size of job updated: 1669
	1669  -  MemoryUsage of job (MB)
	1709276  -  ResidentSetSize of job (KB)
...
006 (34567860.000.000) 2021-09-17 18:43:06 Image size of job updated: 1669
	1669  -  MemoryUsage of job (MB)
	1709844  -  ResidentSetSize of job (KB)
...
006 (34567860.000.000) 2021-09-17 18:44:07 Image size of job updated: 1670
	1670  -  MemoryUsage of job (MB)
	1710268  -  ResidentSetSize of job (KB)
...
006 (34567860.000.000) 2021-09-17 18:45:08 Image size of job updated: 1670
	1670  -  MemoryUsage of job (MB)
	1710704  -  ResidentSetSize of job (KB)
...
006 (34567860.000.000) 2021-09-17 18:46:08 Image size of job updated: 1671
	1671  -  MemoryUsage of job (MB)
	1711112  -  ResidentSetSize of job (KB)
...
006 (34567860.000.000) 2021-09-17 18:47:09 Image size of job updated: 1671
	1671  -  MemoryUsage of job (MB)
	1711616  -  ResidentSetSize of job (KB)
...
006 (34567860.000.000) 2021-09-17 18:48:10 Image size of job updated: 1671
	1671  -  MemoryUsage of job (MB)
	1711972  -  ResidentSetSize of job (KB)
...
006 (34567860.000.000) 2021-09-17 18:49:10 Image size of job updated: 1672
	1672  -  MemoryUsage of job (MB)
	1712488  -  ResidentSetSize of job (KB)
...
006 (34567860.000.000) 2021-09-17 18:50:11 Image size of job updated: 1673
	1673  -  MemoryUsage of job (MB)
	1713216  -  ResidentSetSize of job (KB)
...
006 (34567860.000.000) 2021-09-17 18:51:12 Image size of job updated: 1673
	1673  -  MemoryUsage of job (MB)
	1713584  -  ResidentSetSize of job (KB)
...
006 (34567860.000.000) 2021-09-17 18:52:13 Image size of job updated: 1673
	1673  -  MemoryUsage of job (MB)
	1714012  -  ResidentSetSize of job (KB)
...
006 (34567860.000.000) 2021-09-17 18:53:13 Image size of job updated: 1674
	1674  -  MemoryUsage of job (MB)
	1714496  -  ResidentSetSize of job (KB)
...
006 (34567860.000.000) 2021-09-17 18:54:13 Image size of job updated: 1674
	1674  -  MemoryUsage of job (MB)
	1714836  -  ResidentSetSize of job (KB)
...
006 (34567860.000.000) 2021-09-17 18:55:14 Image size of job updated: 1675
	1675  -  MemoryUsage of job (MB)
	1715268  -  ResidentSetSize of job (KB)
...
006 (34567860.000.000) 2021-09-17 18:56:15 Image size of job updated: 1675
	1675  -  MemoryUsage of job (MB)
	1715700  -  ResidentSetSize of job (KB)
...
006 (34567860.000.000) 2021-09-17 18:57:16 Image size of job updated: 1675
	1675  -  MemoryUsage of job (MB)
	1716164  -  ResidentSetSize of job (KB)
...
006 (34567860.000.000) 2021-09-17 18:58:16 Image size of job updated: 1676
	1676  -  MemoryUsage of job (MB)
	1716792  -  ResidentSetSize of job (KB)
...
006 (34567860.000.000) 2021-09-17 18:59:16 Image size of job updated: 1677
	1677  -  MemoryUsage of job (MB)
	1717320  -  ResidentSetSize of job (KB)
...
006 (34567860.000.000) 2021-09-17 19:00:17 Image size of job updated: 1677
	1677  -  MemoryUsage of job (MB)
	1717928  -  ResidentSetSize of job (KB)
...
006 (34567860.000.000) 2021-09-17 19:01:18 Image size of job updated: 1677
	1677  -  MemoryUsage of job (MB)
	1718268  -  ResidentSetSize of job (KB)
...
006 (34567860.000.000) 2021-09-17 19:02:18 Image size of job updated: 1678
	1678  -  MemoryUsage of job (MB)
	1718668  -  ResidentSetSize of job (KB)
...
006 (34567860.000.000) 2021-09-17 19:03:19 Image size of job updated: 1678
	1678  -  MemoryUsage of job (MB)
	1719104  -  ResidentSetSize of job (KB)
...
006 (34567860.000.000) 2021-09-17 19:04:20 Image size of job updated: 1679
	1679  -  MemoryUsage of job (MB)
	1719500  -  ResidentSetSize of job (KB)
...
006 (34567860.000.000) 2021-09-17 19:05:20 Image size of job updated: 1679
	1679  -  MemoryUsage of job (MB)
	1719924  -  ResidentSetSize of job (KB)
...
006 (34567860.000.000) 2021-09-17 19:06:20 Image size of job updated: 1680
	1680  -  MemoryUsage of job (MB)
	1720636  -  ResidentSetSize of job (KB)
...
006 (34567860.000.000) 2021-09-17 19:07:20 Image size of job updated: 1680
	1680  -  MemoryUsage of job (MB)
	1721108  -  ResidentSetSize of job (KB)
...
006 (34567860.000.000) 2021-09-17 19:08:21 Image size of job updated: 1681
	1681  -  MemoryUsage of job (MB)
	1721428  -  ResidentSetSize of job (KB)
...
006 (34567860.000.000) 2021-09-17 19:09:21 Image size of job updated: 1681
	1681  -  MemoryUsage of job (MB)
	1721896  -  ResidentSetSize of job (KB)
...
006 (34567860.000.000) 2021-09-17 19:10:21 Image size of job updated: 1681
	1681  -  MemoryUsage of job (MB)
	1722288  -  ResidentSetSize of job (KB)
...
006 (34567860.000.000) 2021-09-17 19:11:04 Image size of job updated: 1682
	1682  -  MemoryUsage of job (MB)
	1722572  -  ResidentSetSize of job (KB)
...
040 (34567860.000.000) 2021-09-17 19:11:04 Started transferring output files
...
040 (34567860.000.000) 2021-09-17 19:11:04 Finished transferring output files
...
005 (34567860.000.000) 2021-09-17 19:11:05 Job terminated.
	(1) Normal termination (return value 0)
		Usr 0 01:13:01, Sys 0 00:57:58  -  Run Remote Usage
		Usr 0 00:00:00, Sys 0 00:00:00  -  Run Local Usage
		Usr 0 01:13:01, Sys 0 00:57:58  -  Total Remote Usage
		Usr 0 00:00:00, Sys 0 00:00:00  -  Total Local Usage
	1231445  -  Run Bytes Sent By Job
	8471538  -  Run Bytes Received By Job
	1231445  -  Total Bytes Sent By Job
	8471538  -  Total Bytes Received By Job
	Partitionable Resources :    Usage  Request Allocated 
	   Cpus                 :     0.00        1         1 
	   Disk (KB)            : 20517       10000   1682506 
	   Memory (MB)          :  1682        2048      2048 

	Job terminated of its own accord at 2021-09-18T00:11:04Z.
...
000 (14732566.000.000) 2021-09-24 22:10:56 Job submitted from host: <131.225.188.55:9618?addrs=131.225.188.55-9618&alias=lpcschedd1.fnal.gov&noUDP&sock=schedd_2070_6d22>
...
040 (14732566.000.000) 2021-09-24 22:25:06 Started transferring input files
	Transferring to host: <131.225.205.191:9618?addrs=131.225.205.191-9618&alias=cmswn1965.fnal.gov&noUDP&sock=slot1_7_1575_7ad9_4042>
...
040 (14732566.000.000) 2021-09-24 22:25:06 Finished transferring input files
...
001 (14732566.000.000) 2021-09-24 22:25:07 Job executing on host: <131.225.205.191:9618?addrs=131.225.205.191-9618&alias=cmswn1965.fnal.gov&noUDP&sock=startd_1442_aba8>
...
006 (14732566.000.000) 2021-09-24 22:25:17 Image size of job updated: 5
	5  -  MemoryUsage of job (MB)
	5452  -  ResidentSetSize of job (KB)
...
006 (14732566.000.000) 2021-09-24 22:26:17 Image size of job updated: 513
	513  -  MemoryUsage of job (MB)
	526120  -  ResidentSetSize of job (KB)
...
006 (14732566.000.000) 2021-09-24 22:30:18 Image size of job updated: 524
	524  -  MemoryUsage of job (MB)
	536580  -  ResidentSetSize of job (KB)
...
006 (14732566.000.000) 2021-09-24 22:31:19 Image size of job updated: 572
	572  -  MemoryUsage of job (MB)
	585928  -  ResidentSetSize of job (KB)
...
006 (14732566.000.000) 2021-09-24 22:32:20 Image size of job updated: 622
	622  -  MemoryUsage of job (MB)
	637180  -  ResidentSetSize of job (KB)
...
006 (14732566.000.000) 2021-09-24 22:33:20 Image size of job updated: 661
	661  -  MemoryUsage of job (MB)
	677024  -  ResidentSetSize of job (KB)
...
006 (14732566.000.000) 2021-09-24 22:34:20 Image size of job updated: 696
	696  -  MemoryUsage of job (MB)
	713692  -  ResidentSetSize of job (KB)
...
006 (14732566.000.000) 2021-09-24 22:35:21 Image size of job updated: 730
	730  -  MemoryUsage of job (MB)
	748368  -  ResidentSetSize of job (KB)
...
006 (14732566.000.000) 2021-09-24 22:36:23 Image size of job updated: 766
	766  -  MemoryUsage of job (MB)
	784532  -  ResidentSetSize of job (KB)
...
006 (14732566.000.000) 2021-09-24 22:37:23 Image size of job updated: 795
	795  -  MemoryUsage of job (MB)
	815040  -  ResidentSetSize of job (KB)
...
006 (14732566.000.000) 2021-09-24 22:38:23 Image size of job updated: 825
	825  -  MemoryUsage of job (MB)
	844948  -  ResidentSetSize of job (KB)
...
006 (14732566.000.000) 2021-09-24 22:39:23 Image size of job updated: 854
	854  -  MemoryUsage of job (MB)
	875028  -  ResidentSetSize of job (KB)
...
006 (14732566.000.000) 2021-09-24 22:40:24 Image size of job updated: 880
	880  -  MemoryUsage of job (MB)
	902072  -  ResidentSetSize of job (KB)
...
006 (14732566.000.000) 2021-09-24 22:41:25 Image size of job updated: 921
	921  -  MemoryUsage of job (MB)
	943812  -  ResidentSetSize of job (KB)
...
006 (14732566.000.000) 2021-09-24 22:42:25 Image size of job updated: 946
	946  -  MemoryUsage of job (MB)
	969556  -  ResidentSetSize of job (KB)
...
006 (14732566.000.000) 2021-09-24 22:43:26 Image size of job updated: 971
	971  -  MemoryUsage of job (MB)
	994940  -  ResidentSetSize of job (KB)
...
006 (14732566.000.000) 2021-09-24 22:44:26 Image size of job updated: 995
	995  -  MemoryUsage of job (MB)
	1019028  -  ResidentSetSize of job (KB)
...
006 (14732566.000.000) 2021-09-24 22:45:27 Image size of job updated: 1022
	1022  -  MemoryUsage of job (MB)
	1047120  -  ResidentSetSize of job (KB)
...
006 (14732566.000.000) 2021-09-24 22:46:27 Image size of job updated: 1050
	1050  -  MemoryUsage of job (MB)
	1075676  -  ResidentSetSize of job (KB)
...
006 (14732566.000.000) 2021-09-24 22:47:27 Image size of job updated: 1079
	1079  -  MemoryUsage of job (MB)
	1105828  -  ResidentSetSize of job (KB)
...
006 (14732566.000.000) 2021-09-24 22:48:27 Image size of job updated: 1101
	1101  -  MemoryUsage of job (MB)
	1127852  -  ResidentSetSize of job (KB)
...
006 (14732566.000.000) 2021-09-24 22:49:27 Image size of job updated: 1122
	1122  -  MemoryUsage of job (MB)
	1149040  -  ResidentSetSize of job (KB)
...
006 (14732566.000.000) 2021-09-24 22:50:27 Image size of job updated: 1142
	1142  -  MemoryUsage of job (MB)
	1169928  -  ResidentSetSize of job (KB)
...
006 (14732566.000.000) 2021-09-24 22:51:27 Image size of job updated: 1163
	1163  -  MemoryUsage of job (MB)
	1191204  -  ResidentSetSize of job (KB)
...
006 (14732566.000.000) 2021-09-24 22:52:27 Image size of job updated: 1184
	1184  -  MemoryUsage of job (MB)
	1213280  -  ResidentSetSize of job (KB)
...
006 (14732566.000.000) 2021-09-24 22:53:28 Image size of job updated: 1203
	1203  -  MemoryUsage of job (MB)
	1232888  -  ResidentSetSize of job (KB)
...
006 (14732566.000.000) 2021-09-24 22:54:29 Image size of job updated: 1222
	1222  -  MemoryUsage of job (MB)
	1251996  -  ResidentSetSize of job (KB)
...
006 (14732566.000.000) 2021-09-24 22:55:31 Image size of job updated: 1242
	1242  -  MemoryUsage of job (MB)
	1272732  -  ResidentSetSize of job (KB)
...
006 (14732566.000.000) 2021-09-24 22:56:31 Image size of job updated: 1260
	1260  -  MemoryUsage of job (MB)
	1291212  -  ResidentSetSize of job (KB)
...
006 (14732566.000.000) 2021-09-24 22:57:31 Image size of job updated: 1278
	1278  -  MemoryUsage of job (MB)
	1309380  -  ResidentSetSize of job (KB)
...
006 (14732566.000.000) 2021-09-24 22:58:32 Image size of job updated: 1296
	1296  -  MemoryUsage of job (MB)
	1327384  -  ResidentSetSize of job (KB)
...
006 (14732566.000.000) 2021-09-24 22:59:34 Image size of job updated: 1315
	1315  -  MemoryUsage of job (MB)
	1347144  -  ResidentSetSize of job (KB)
...
006 (14732566.000.000) 2021-09-24 23:00:34 Image size of job updated: 1332
	1332  -  MemoryUsage of job (MB)
	1364500  -  ResidentSetSize of job (KB)
...
006 (14732566.000.000) 2021-09-24 23:01:35 Image size of job updated: 1350
	1350  -  MemoryUsage of job (MB)
	1382716  -  ResidentSetSize of job (KB)
...
006 (14732566.000.000) 2021-09-24 23:02:35 Image size of job updated: 1365
	1365  -  MemoryUsage of job (MB)
	1398396  -  ResidentSetSize of job (KB)
...
006 (14732566.000.000) 2021-09-24 23:03:35 Image size of job updated: 1381
	1381  -  MemoryUsage of job (MB)
	1415012  -  ResidentSetSize of job (KB)
...
006 (14732566.000.000) 2021-09-24 23:04:36 Image size of job updated: 1399
	1399  -  MemoryUsage of job (MB)
	1433220  -  ResidentSetSize of job (KB)
...
006 (14732566.000.000) 2021-09-24 23:05:36 Image size of job updated: 1415
	1415  -  MemoryUsage of job (MB)
	1449320  -  ResidentSetSize of job (KB)
...
006 (14732566.000.000) 2021-09-24 23:06:37 Image size of job updated: 1430
	1430  -  MemoryUsage of job (MB)
	1465280  -  ResidentSetSize of job (KB)
...
006 (14732566.000.000) 2021-09-24 23:07:37 Image size of job updated: 1446
	1446  -  MemoryUsage of job (MB)
	1481064  -  ResidentSetSize of job (KB)
...
006 (14732566.000.000) 2021-09-24 23:08:37 Image size of job updated: 1461
	1461  -  MemoryUsage of job (MB)
	1496440  -  ResidentSetSize of job (KB)
...
006 (14732566.000.000) 2021-09-24 23:09:38 Image size of job updated: 1478
	1478  -  MemoryUsage of job (MB)
	1513520  -  ResidentSetSize of job (KB)
...
006 (14732566.000.000) 2021-09-24 23:10:38 Image size of job updated: 1493
	1493  -  MemoryUsage of job (MB)
	1528864  -  ResidentSetSize of job (KB)
...
006 (14732566.000.000) 2021-09-24 23:11:38 Image size of job updated: 1508
	1508  -  MemoryUsage of job (MB)
	1544232  -  ResidentSetSize of job (KB)
...
006 (14732566.000.000) 2021-09-24 23:12:38 Image size of job updated: 1522
	1522  -  MemoryUsage of job (MB)
	1559204  -  ResidentSetSize of job (KB)
...
006 (14732566.000.000) 2021-09-24 23:13:38 Image size of job updated: 1541
	1541  -  MemoryUsage of job (MB)
	1578088  -  ResidentSetSize of job (KB)
...
006 (14732566.000.000) 2021-09-24 23:14:38 Image size of job updated: 1625
	1625  -  MemoryUsage of job (MB)
	1664324  -  ResidentSetSize of job (KB)
...
006 (14732566.000.000) 2021-09-24 23:15:38 Image size of job updated: 1633
	1633  -  MemoryUsage of job (MB)
	1672468  -  ResidentSetSize of job (KB)
...
006 (14732566.000.000) 2021-09-24 23:16:38 Image size of job updated: 1636
	1636  -  MemoryUsage of job (MB)
	1675812  -  ResidentSetSize of job (KB)
...
006 (14732566.000.000) 2021-09-24 23:17:39 Image size of job updated: 1639
	1639  -  MemoryUsage of job (MB)
	1678528  -  ResidentSetSize of job (KB)
...
006 (14732566.000.000) 2021-09-24 23:18:40 Image size of job updated: 1640
	1640  -  MemoryUsage of job (MB)
	1679904  -  ResidentSetSize of job (KB)
...
006 (14732566.000.000) 2021-09-24 23:19:41 Image size of job updated: 1641
	1641  -  MemoryUsage of job (MB)
	1681256  -  ResidentSetSize of job (KB)
...
006 (14732566.000.000) 2021-09-24 23:20:41 Image size of job updated: 1642
	1642  -  MemoryUsage of job (MB)
	1682160  -  ResidentSetSize of job (KB)
...
006 (14732566.000.000) 2021-09-24 23:21:42 Image size of job updated: 1644
	1644  -  MemoryUsage of job (MB)
	1683792  -  ResidentSetSize of job (KB)
...
006 (14732566.000.000) 2021-09-24 23:22:42 Image size of job updated: 1645
	1645  -  MemoryUsage of job (MB)
	1685200  -  ResidentSetSize of job (KB)
...
006 (14732566.000.000) 2021-09-24 23:23:43 Image size of job updated: 1646
	1646  -  MemoryUsage of job (MB)
	1685568  -  ResidentSetSize of job (KB)
...
006 (14732566.000.000) 2021-09-24 23:24:43 Image size of job updated: 1646
	1646  -  MemoryUsage of job (MB)
	1686024  -  ResidentSetSize of job (KB)
...
006 (14732566.000.000) 2021-09-24 23:25:44 Image size of job updated: 1647
	1647  -  MemoryUsage of job (MB)
	1686532  -  ResidentSetSize of job (KB)
...
006 (14732566.000.000) 2021-09-24 23:26:44 Image size of job updated: 1647
	1647  -  MemoryUsage of job (MB)
	1687172  -  ResidentSetSize of job (KB)
...
006 (14732566.000.000) 2021-09-24 23:27:45 Image size of job updated: 1648
	1648  -  MemoryUsage of job (MB)
	1687732  -  ResidentSetSize of job (KB)
...
006 (14732566.000.000) 2021-09-24 23:28:45 Image size of job updated: 1648
	1648  -  MemoryUsage of job (MB)
	1688352  -  ResidentSetSize of job (KB)
...
006 (14732566.000.000) 2021-09-24 23:29:46 Image size of job updated: 1649
	1649  -  MemoryUsage of job (MB)
	1688908  -  ResidentSetSize of job (KB)
...
006 (14732566.000.000) 2021-09-24 23:30:46 Image size of job updated: 1649
	1649  -  MemoryUsage of job (MB)
	1689412  -  ResidentSetSize of job (KB)
...
006 (14732566.000.000) 2021-09-24 23:31:47 Image size of job updated: 1650
	1650  -  MemoryUsage of job (MB)
	1689932  -  ResidentSetSize of job (KB)
...
006 (14732566.000.000) 2021-09-24 23:32:47 Image size of job updated: 1650
	1650  -  MemoryUsage of job (MB)
	1690444  -  ResidentSetSize of job (KB)
...
006 (14732566.000.000) 2021-09-24 23:33:47 Image size of job updated: 1651
	1651  -  MemoryUsage of job (MB)
	1690972  -  ResidentSetSize of job (KB)
...
006 (14732566.000.000) 2021-09-24 23:34:47 Image size of job updated: 1651
	1651  -  MemoryUsage of job (MB)
	1691344  -  ResidentSetSize of job (KB)
...
006 (14732566.000.000) 2021-09-24 23:35:48 Image size of job updated: 1652
	1652  -  MemoryUsage of job (MB)
	1691828  -  ResidentSetSize of job (KB)
...
006 (14732566.000.000) 2021-09-24 23:36:49 Image size of job updated: 1652
	1652  -  MemoryUsage of job (MB)
	1692112  -  ResidentSetSize of job (KB)
...
006 (14732566.000.000) 2021-09-24 23:37:50 Image size of job updated: 1652
	1652  -  MemoryUsage of job (MB)
	1692648  -  ResidentSetSize of job (KB)
...
006 (14732566.000.000) 2021-09-24 23:38:51 Image size of job updated: 1653
	1653  -  MemoryUsage of job (MB)
	1693000  -  ResidentSetSize of job (KB)
...
006 (14732566.000.000) 2021-09-24 23:39:51 Image size of job updated: 1653
	1653  -  MemoryUsage of job (MB)
	1693348  -  ResidentSetSize of job (KB)
...
006 (14732566.000.000) 2021-09-24 23:40:52 Image size of job updated: 1653
	1653  -  MemoryUsage of job (MB)
	1693496  -  ResidentSetSize of job (KB)
...
006 (14732566.000.000) 2021-09-24 23:41:53 Image size of job updated: 1654
	1654  -  MemoryUsage of job (MB)
	1693980  -  ResidentSetSize of job (KB)
...
006 (14732566.000.000) 2021-09-24 23:42:53 Image size of job updated: 1654
	1654  -  MemoryUsage of job (MB)
	1694400  -  ResidentSetSize of job (KB)
...
006 (14732566.000.000) 2021-09-24 23:43:53 Image size of job updated: 1655
	1655  -  MemoryUsage of job (MB)
	1694744  -  ResidentSetSize of job (KB)
...
006 (14732566.000.000) 2021-09-24 23:44:53 Image size of job updated: 1655
	1655  -  MemoryUsage of job (MB)
	1695156  -  ResidentSetSize of job (KB)
...
006 (14732566.000.000) 2021-09-24 23:45:54 Image size of job updated: 1655
	1655  -  MemoryUsage of job (MB)
	1695628  -  ResidentSetSize of job (KB)
...
006 (14732566.000.000) 2021-09-24 23:46:54 Image size of job updated: 1656
	1656  -  MemoryUsage of job (MB)
	1695948  -  ResidentSetSize of job (KB)
...
006 (14732566.000.000) 2021-09-24 23:47:55 Image size of job updated: 1656
	1656  -  MemoryUsage of job (MB)
	1696360  -  ResidentSetSize of job (KB)
...
006 (14732566.000.000) 2021-09-24 23:48:55 Image size of job updated: 1656
	1656  -  MemoryUsage of job (MB)
	1696728  -  ResidentSetSize of job (KB)
...
006 (14732566.000.000) 2021-09-24 23:49:55 Image size of job updated: 1656
	1656  -  MemoryUsage of job (MB)
	1696732  -  ResidentSetSize of job (KB)
...
006 (14732566.000.000) 2021-09-24 23:50:56 Image size of job updated: 1657
	1657  -  MemoryUsage of job (MB)
	1697168  -  ResidentSetSize of job (KB)
...
006 (14732566.000.000) 2021-09-24 23:52:57 Image size of job updated: 1657
	1657  -  MemoryUsage of job (MB)
	1697600  -  ResidentSetSize of job (KB)
...
006 (14732566.000.000) 2021-09-24 23:53:57 Image size of job updated: 1658
	1658  -  MemoryUsage of job (MB)
	1697892  -  ResidentSetSize of job (KB)
...
006 (14732566.000.000) 2021-09-24 23:54:58 Image size of job updated: 1658
	1658  -  MemoryUsage of job (MB)
	1697976  -  ResidentSetSize of job (KB)
...
006 (14732566.000.000) 2021-09-24 23:55:58 Image size of job updated: 1658
	1658  -  MemoryUsage of job (MB)
	1698300  -  ResidentSetSize of job (KB)
...
006 (14732566.000.000) 2021-09-24 23:56:58 Image size of job updated: 1658
	1658  -  MemoryUsage of job (MB)
	1698372  -  ResidentSetSize of job (KB)
...
006 (14732566.000.000) 2021-09-24 23:57:58 Image size of job updated: 1658
	1658  -  MemoryUsage of job (MB)
	1698608  -  ResidentSetSize of job (KB)
...
006 (14732566.000.000) 2021-09-24 23:59:00 Image size of job updated: 1658
	1658  -  MemoryUsage of job (MB)
	1698720  -  ResidentSetSize of job (KB)
...
006 (14732566.000.000) 2021-09-25 00:00:00 Image size of job updated: 1659
	1659  -  MemoryUsage of job (MB)
	1699012  -  ResidentSetSize of job (KB)
...
006 (14732566.000.000) 2021-09-25 00:01:00 Image size of job updated: 1659
	1659  -  MemoryUsage of job (MB)
	1699096  -  ResidentSetSize of job (KB)
...
006 (14732566.000.000) 2021-09-25 00:02:01 Image size of job updated: 1659
	1659  -  MemoryUsage of job (MB)
	1699588  -  ResidentSetSize of job (KB)
...
006 (14732566.000.000) 2021-09-25 00:03:02 Image size of job updated: 1659
	1659  -  MemoryUsage of job (MB)
	1699592  -  ResidentSetSize of job (KB)
...
006 (14732566.000.000) 2021-09-25 00:04:02 Image size of job updated: 1660
	1660  -  MemoryUsage of job (MB)
	1699840  -  ResidentSetSize of job (KB)
...
006 (14732566.000.000) 2021-09-25 00:05:03 Image size of job updated: 1660
	1660  -  MemoryUsage of job (MB)
	1699888  -  ResidentSetSize of job (KB)
...
006 (14732566.000.000) 2021-09-25 00:07:04 Image size of job updated: 1660
	1660  -  MemoryUsage of job (MB)
	1700308  -  ResidentSetSize of job (KB)
...
006 (14732566.000.000) 2021-09-25 00:09:06 Image size of job updated: 1660
	1660  -  MemoryUsage of job (MB)
	1700768  -  ResidentSetSize of job (KB)
...
006 (14732566.000.000) 2021-09-25 00:11:08 Image size of job updated: 1661
	1661  -  MemoryUsage of job (MB)
	1701204  -  ResidentSetSize of job (KB)
...
006 (14732566.000.000) 2021-09-25 00:12:09 Image size of job updated: 1661
	1661  -  MemoryUsage of job (MB)
	1701208  -  ResidentSetSize of job (KB)
...
006 (14732566.000.000) 2021-09-25 00:13:09 Image size of job updated: 1661
	1661  -  MemoryUsage of job (MB)
	1701568  -  ResidentSetSize of job (KB)
...
006 (14732566.000.000) 2021-09-25 00:14:09 Image size of job updated: 1661
	1661  -  MemoryUsage of job (MB)
	1701572  -  ResidentSetSize of job (KB)
...
006 (14732566.000.000) 2021-09-25 00:15:09 Image size of job updated: 1662
	1662  -  MemoryUsage of job (MB)
	1701904  -  ResidentSetSize of job (KB)
...
006 (14732566.000.000) 2021-09-25 00:16:09 Image size of job updated: 1662
	1662  -  MemoryUsage of job (MB)
	1702052  -  ResidentSetSize of job (KB)
...
006 (14732566.000.000) 2021-09-25 00:18:09 Image size of job updated: 1662
	1662  -  MemoryUsage of job (MB)
	1702404  -  ResidentSetSize of job (KB)
...
006 (14732566.000.000) 2021-09-25 00:19:10 Image size of job updated: 1662
	1662  -  MemoryUsage of job (MB)
	1702408  -  ResidentSetSize of job (KB)
...
006 (14732566.000.000) 2021-09-25 00:20:10 Image size of job updated: 1662
	1662  -  MemoryUsage of job (MB)
	1702796  -  ResidentSetSize of job (KB)
...
006 (14732566.000.000) 2021-09-25 00:21:11 Image size of job updated: 1662
	1662  -  MemoryUsage of job (MB)
	1702800  -  ResidentSetSize of job (KB)
...
006 (14732566.000.000) 2021-09-25 00:23:12 Image size of job updated: 1663
	1663  -  MemoryUsage of job (MB)
	1703188  -  ResidentSetSize of job (KB)
...
006 (14732566.000.000) 2021-09-25 00:25:13 Image size of job updated: 1663
	1663  -  MemoryUsage of job (MB)
	1703656  -  ResidentSetSize of job (KB)
...
006 (14732566.000.000) 2021-09-25 00:26:14 Image size of job updated: 1663
	1663  -  MemoryUsage of job (MB)
	1703660  -  ResidentSetSize of job (KB)
...
006 (14732566.000.000) 2021-09-25 00:28:16 Image size of job updated: 1664
	1664  -  MemoryUsage of job (MB)
	1704040  -  ResidentSetSize of job (KB)
...
006 (14732566.000.000) 2021-09-25 00:30:18 Image size of job updated: 1664
	1664  -  MemoryUsage of job (MB)
	1704368  -  ResidentSetSize of job (KB)
...
006 (14732566.000.000) 2021-09-25 00:31:18 Image size of job updated: 1664
	1664  -  MemoryUsage of job (MB)
	1704504  -  ResidentSetSize of job (KB)
...
006 (14732566.000.000) 2021-09-25 00:33:19 Image size of job updated: 1664
	1664  -  MemoryUsage of job (MB)
	1704932  -  ResidentSetSize of job (KB)
...
006 (14732566.000.000) 2021-09-25 00:35:21 Image size of job updated: 1665
	1665  -  MemoryUsage of job (MB)
	1705208  -  ResidentSetSize of job (KB)
...
006 (14732566.000.000) 2021-09-25 00:36:21 Image size of job updated: 1665
	1665  -  MemoryUsage of job (MB)
	1705348  -  ResidentSetSize of job (KB)
...
006 (14732566.000.000) 2021-09-25 00:38:22 Image size of job updated: 1665
	1665  -  MemoryUsage of job (MB)
	1705648  -  ResidentSetSize of job (KB)
...
006 (14732566.000.000) 2021-09-25 00:41:24 Image size of job updated: 1666
	1666  -  MemoryUsage of job (MB)
	1706100  -  ResidentSetSize of job (KB)
...
006 (14732566.000.000) 2021-09-25 00:43:25 Image size of job updated: 1666
	1666  -  MemoryUsage of job (MB)
	1706280  -  ResidentSetSize of job (KB)
...
006 (14732566.000.000) 2021-09-25 00:44:25 Image size of job updated: 1666
	1666  -  MemoryUsage of job (MB)
	1706380  -  ResidentSetSize of job (KB)
...
006 (14732566.000.000) 2021-09-25 00:45:25 Image size of job updated: 1666
	1666  -  MemoryUsage of job (MB)
	1706384  -  ResidentSetSize of job (KB)
...
006 (14732566.000.000) 2021-09-25 00:46:26 Image size of job updated: 1666
	1666  -  MemoryUsage of job (MB)
	1706912  -  ResidentSetSize of job (KB)
...
006 (14732566.000.000) 2021-09-25 00:48:28 Image size of job updated: 1667
	1667  -  MemoryUsage of job (MB)
	1707192  -  ResidentSetSize of job (KB)
...
006 (14732566.000.000) 2021-09-25 00:49:28 Image size of job updated: 1667
	1667  -  MemoryUsage of job (MB)
	1707336  -  ResidentSetSize of job (KB)
...
006 (14732566.000.000) 2021-09-25 00:50:28 Image size of job updated: 1667
	1667  -  MemoryUsage of job (MB)
	1707340  -  ResidentSetSize of job (KB)
...
006 (14732566.000.000) 2021-09-25 00:51:28 Image size of job updated: 1667
	1667  -  MemoryUsage of job (MB)
	1707748  -  ResidentSetSize of job (KB)
...
006 (14732566.000.000) 2021-09-25 00:54:30 Image size of job updated: 1668
	1668  -  MemoryUsage of job (MB)
	1708188  -  ResidentSetSize of job (KB)
...
006 (14732566.000.000) 2021-09-25 00:55:31 Image size of job updated: 1668
	1668  -  MemoryUsage of job (MB)
	1708192  -  ResidentSetSize of job (KB)
...
006 (14732566.000.000) 2021-09-25 00:57:33 Image size of job updated: 1668
	1668  -  MemoryUsage of job (MB)
	1708580  -  ResidentSetSize of job (KB)
...
006 (14732566.000.000) 2021-09-25 00:58:34 Image size of job updated: 1668
	1668  -  MemoryUsage of job (MB)
	1708584  -  ResidentSetSize of job (KB)
...
006 (14732566.000.000) 2021-09-25 00:59:34 Image size of job updated: 1668
	1668  -  MemoryUsage of job (MB)
	1708588  -  ResidentSetSize of job (KB)
...
006 (14732566.000.000) 2021-09-25 01:01:34 Image size of job updated: 1669
	1669  -  MemoryUsage of job (MB)
	1709096  -  ResidentSetSize of job (KB)
...
006 (14732566.000.000) 2021-09-25 01:05:37 Image size of job updated: 1669
	1669  -  MemoryUsage of job (MB)
	1709476  -  ResidentSetSize of job (KB)
...
006 (14732566.000.000) 2021-09-25 01:06:37 Image size of job updated: 1669
	1669  -  MemoryUsage of job (MB)
	1709480  -  ResidentSetSize of job (KB)
...
006 (14732566.000.000) 2021-09-25 01:10:39 Image size of job updated: 1669
	1669  -  MemoryUsage of job (MB)
	1709844  -  ResidentSetSize of job (KB)
...
006 (14732566.000.000) 2021-09-25 01:14:41 Image size of job updated: 1670
	1670  -  MemoryUsage of job (MB)
	1710136  -  ResidentSetSize of job (KB)
...
006 (14732566.000.000) 2021-09-25 01:15:42 Image size of job updated: 1670
	1670  -  MemoryUsage of job (MB)
	1710256  -  ResidentSetSize of job (KB)
...
006 (14732566.000.000) 2021-09-25 01:19:44 Image size of job updated: 1670
	1670  -  MemoryUsage of job (MB)
	1710604  -  ResidentSetSize of job (KB)
...
006 (14732566.000.000) 2021-09-25 01:23:47 Image size of job updated: 1670
	1670  -  MemoryUsage of job (MB)
	1710896  -  ResidentSetSize of job (KB)
...
006 (14732566.000.000) 2021-09-25 01:24:47 Image size of job updated: 1670
	1670  -  MemoryUsage of job (MB)
	1711092  -  ResidentSetSize of job (KB)
...
006 (14732566.000.000) 2021-09-25 01:25:47 Image size of job updated: 1670
	1670  -  MemoryUsage of job (MB)
	1711096  -  ResidentSetSize of job (KB)
...
006 (14732566.000.000) 2021-09-25 01:28:50 Image size of job updated: 1671
	1671  -  MemoryUsage of job (MB)
	1711496  -  ResidentSetSize of job (KB)
...
006 (14732566.000.000) 2021-09-25 01:33:52 Image size of job updated: 1671
	1671  -  MemoryUsage of job (MB)
	1711924  -  ResidentSetSize of job (KB)
...
006 (14732566.000.000) 2021-09-25 01:38:56 Image size of job updated: 1672
	1672  -  MemoryUsage of job (MB)
	1712236  -  ResidentSetSize of job (KB)
...
006 (14732566.000.000) 2021-09-25 01:40:57 Image size of job updated: 1672
	1672  -  MemoryUsage of job (MB)
	1712240  -  ResidentSetSize of job (KB)
...
006 (14732566.000.000) 2021-09-25 01:44:00 Image size of job updated: 1672
	1672  -  MemoryUsage of job (MB)
	1712660  -  ResidentSetSize of job (KB)
...
006 (14732566.000.000) 2021-09-25 01:46:00 Image size of job updated: 1672
	1672  -  MemoryUsage of job (MB)
	1712664  -  ResidentSetSize of job (KB)
...
006 (14732566.000.000) 2021-09-25 01:49:03 Image size of job updated: 1672
	1672  -  MemoryUsage of job (MB)
	1713136  -  ResidentSetSize of job (KB)
...
006 (14732566.000.000) 2021-09-25 01:51:05 Image size of job updated: 1672
	1672  -  MemoryUsage of job (MB)
	1713140  -  ResidentSetSize of job (KB)
...
006 (14732566.000.000) 2021-09-25 01:54:06 Image size of job updated: 1673
	1673  -  MemoryUsage of job (MB)
	1713596  -  ResidentSetSize of job (KB)
...
006 (14732566.000.000) 2021-09-25 01:59:10 Image size of job updated: 1673
	1673  -  MemoryUsage of job (MB)
	1713980  -  ResidentSetSize of job (KB)
...
006 (14732566.000.000) 2021-09-25 02:00:10 Image size of job updated: 1673
	1673  -  MemoryUsage of job (MB)
	1714088  -  ResidentSetSize of job (KB)
...
006 (14732566.000.000) 2021-09-25 02:04:12 Image size of job updated: 1674
	1674  -  MemoryUsage of job (MB)
	1714332  -  ResidentSetSize of job (KB)
...
006 (14732566.000.000) 2021-09-25 02:05:12 Image size of job updated: 1674
	1674  -  MemoryUsage of job (MB)
	1714456  -  ResidentSetSize of job (KB)
...
006 (14732566.000.000) 2021-09-25 02:09:16 Image size of job updated: 1674
	1674  -  MemoryUsage of job (MB)
	1714612  -  ResidentSetSize of job (KB)
...
006 (14732566.000.000) 2021-09-25 02:10:17 Image size of job updated: 1674
	1674  -  MemoryUsage of job (MB)
	1714756  -  ResidentSetSize of job (KB)
...
006 (14732566.000.000) 2021-09-25 02:15:19 Image size of job updated: 1674
	1674  -  MemoryUsage of job (MB)
	1715036  -  ResidentSetSize of job (KB)
...
006 (14732566.000.000) 2021-09-25 02:16:20 Image size of job updated: 1674
	1674  -  MemoryUsage of job (MB)
	1715156  -  ResidentSetSize of job (KB)
...
006 (14732566.000.000) 2021-09-25 02:20:23 Image size of job updated: 1675
	1675  -  MemoryUsage of job (MB)
	1715432  -  ResidentSetSize of job (KB)
...
006 (14732566.000.000) 2021-09-25 02:21:24 Image size of job updated: 1675
	1675  -  MemoryUsage of job (MB)
	1715672  -  ResidentSetSize of job (KB)
...
006 (14732566.000.000) 2021-09-25 02:25:28 Image size of job updated: 1675
	1675  -  MemoryUsage of job (MB)
	1715940  -  ResidentSetSize of job (KB)
...
006 (14732566.000.000) 2021-09-25 02:26:29 Image size of job updated: 1675
	1675  -  MemoryUsage of job (MB)
	1716080  -  ResidentSetSize of job (KB)
...
006 (14732566.000.000) 2021-09-25 02:27:30 Image size of job updated: 1675
	1675  -  MemoryUsage of job (MB)
	1716084  -  ResidentSetSize of job (KB)
...
006 (14732566.000.000) 2021-09-25 02:30:31 Image size of job updated: 1676
	1676  -  MemoryUsage of job (MB)
	1716432  -  ResidentSetSize of job (KB)
...
006 (14732566.000.000) 2021-09-25 02:31:32 Image size of job updated: 1676
	1676  -  MemoryUsage of job (MB)
	1716544  -  ResidentSetSize of job (KB)
...
006 (14732566.000.000) 2021-09-25 02:33:34 Image size of job updated: 1676
	1676  -  MemoryUsage of job (MB)
	1716548  -  ResidentSetSize of job (KB)
...
006 (14732566.000.000) 2021-09-25 02:35:34 Image size of job updated: 1676
	1676  -  MemoryUsage of job (MB)
	1716812  -  ResidentSetSize of job (KB)
...
006 (14732566.000.000) 2021-09-25 02:36:35 Image size of job updated: 1676
	1676  -  MemoryUsage of job (MB)
	1716992  -  ResidentSetSize of job (KB)
...
006 (14732566.000.000) 2021-09-25 02:37:35 Image size of job updated: 1676
	1676  -  MemoryUsage of job (MB)
	1716996  -  ResidentSetSize of job (KB)
...
006 (14732566.000.000) 2021-09-25 02:40:37 Image size of job updated: 1677
	1677  -  MemoryUsage of job (MB)
	1717272  -  ResidentSetSize of job (KB)
...
006 (14732566.000.000) 2021-09-25 02:41:37 Image size of job updated: 1677
	1677  -  MemoryUsage of job (MB)
	1717468  -  ResidentSetSize of job (KB)
...
006 (14732566.000.000) 2021-09-25 02:42:37 Image size of job updated: 1677
	1677  -  MemoryUsage of job (MB)
	1717472  -  ResidentSetSize of job (KB)
...
006 (14732566.000.000) 2021-09-25 02:43:37 Image size of job updated: 1677
	1677  -  MemoryUsage of job (MB)
	1717476  -  ResidentSetSize of job (KB)
...
006 (14732566.000.000) 2021-09-25 02:46:38 Image size of job updated: 1677
	1677  -  MemoryUsage of job (MB)
	1717792  -  ResidentSetSize of job (KB)
...
006 (14732566.000.000) 2021-09-25 02:47:39 Image size of job updated: 1677
	1677  -  MemoryUsage of job (MB)
	1717796  -  ResidentSetSize of job (KB)
...
006 (14732566.000.000) 2021-09-25 02:48:39 Image size of job updated: 1677
	1677  -  MemoryUsage of job (MB)
	1717800  -  ResidentSetSize of job (KB)
...
006 (14732566.000.000) 2021-09-25 02:51:41 Image size of job updated: 1677
	1677  -  MemoryUsage of job (MB)
	1718196  -  ResidentSetSize of job (KB)
...
006 (14732566.000.000) 2021-09-25 02:56:44 Image size of job updated: 1678
	1678  -  MemoryUsage of job (MB)
	1718580  -  ResidentSetSize of job (KB)
...
006 (14732566.000.000) 2021-09-25 02:57:44 Image size of job updated: 1678
	1678  -  MemoryUsage of job (MB)
	1718588  -  ResidentSetSize of job (KB)
...
006 (14732566.000.000) 2021-09-25 03:01:44 Image size of job updated: 1678
	1678  -  MemoryUsage of job (MB)
	1718864  -  ResidentSetSize of job (KB)
...
006 (14732566.000.000) 2021-09-25 03:02:44 Image size of job updated: 1678
	1678  -  MemoryUsage of job (MB)
	1719064  -  ResidentSetSize of job (KB)
...
006 (14732566.000.000) 2021-09-25 03:06:48 Image size of job updated: 1679
	1679  -  MemoryUsage of job (MB)
	1719552  -  ResidentSetSize of job (KB)
...
006 (14732566.000.000) 2021-09-25 03:08:49 Image size of job updated: 1679
	1679  -  MemoryUsage of job (MB)
	1719556  -  ResidentSetSize of job (KB)
...
006 (14732566.000.000) 2021-09-25 03:11:50 Image size of job updated: 1679
	1679  -  MemoryUsage of job (MB)
	1719848  -  ResidentSetSize of job (KB)
...
006 (14732566.000.000) 2021-09-25 03:12:51 Image size of job updated: 1679
	1679  -  MemoryUsage of job (MB)
	1719852  -  ResidentSetSize of job (KB)
...
006 (14732566.000.000) 2021-09-25 03:15:53 Image size of job updated: 1679
	1679  -  MemoryUsage of job (MB)
	1720140  -  ResidentSetSize of job (KB)
...
006 (14732566.000.000) 2021-09-25 03:16:53 Image size of job updated: 1679
	1679  -  MemoryUsage of job (MB)
	1720232  -  ResidentSetSize of job (KB)
...
006 (14732566.000.000) 2021-09-25 03:20:55 Image size of job updated: 1680
	1680  -  MemoryUsage of job (MB)
	1720484  -  ResidentSetSize of job (KB)
...
006 (14732566.000.000) 2021-09-25 03:21:55 Image size of job updated: 1680
	1680  -  MemoryUsage of job (MB)
	1720604  -  ResidentSetSize of job (KB)
...
006 (14732566.000.000) 2021-09-25 03:22:56 Image size of job updated: 1680
	1680  -  MemoryUsage of job (MB)
	1720608  -  ResidentSetSize of job (KB)
...
006 (14732566.000.000) 2021-09-25 03:25:59 Image size of job updated: 1680
	1680  -  MemoryUsage of job (MB)
	1721020  -  ResidentSetSize of job (KB)
...
006 (14732566.000.000) 2021-09-25 03:26:59 Image size of job updated: 1680
	1680  -  MemoryUsage of job (MB)
	1721024  -  ResidentSetSize of job (KB)
...
006 (14732566.000.000) 2021-09-25 03:29:59 Image size of job updated: 1680
	1680  -  MemoryUsage of job (MB)
	1721324  -  ResidentSetSize of job (KB)
...
006 (14732566.000.000) 2021-09-25 03:31:00 Image size of job updated: 1681
	1681  -  MemoryUsage of job (MB)
	1721520  -  ResidentSetSize of job (KB)
...
006 (14732566.000.000) 2021-09-25 03:35:02 Image size of job updated: 1681
	1681  -  MemoryUsage of job (MB)
	1721776  -  ResidentSetSize of job (KB)
...
006 (14732566.000.000) 2021-09-25 03:36:02 Image size of job updated: 1681
	1681  -  MemoryUsage of job (MB)
	1721968  -  ResidentSetSize of job (KB)
...
006 (14732566.000.000) 2021-09-25 03:40:02 Image size of job updated: 1681
	1681  -  MemoryUsage of job (MB)
	1722256  -  ResidentSetSize of job (KB)
...
006 (14732566.000.000) 2021-09-25 03:41:02 Image size of job updated: 1682
	1682  -  MemoryUsage of job (MB)
	1722368  -  ResidentSetSize of job (KB)
...
006 (14732566.000.000) 2021-09-25 03:44:05 Image size of job updated: 1682
	1682  -  MemoryUsage of job (MB)
	1722600  -  ResidentSetSize of job (KB)
...
006 (14732566.000.000) 2021-09-25 03:45:06 Image size of job updated: 1682
	1682  -  MemoryUsage of job (MB)
	1722748  -  ResidentSetSize of job (KB)
...
006 (14732566.000.000) 2021-09-25 03:46:06 Image size of job updated: 1682
	1682  -  MemoryUsage of job (MB)
	1722752  -  ResidentSetSize of job (KB)
...
006 (14732566.000.000) 2021-09-25 03:49:09 Image size of job updated: 1682
	1682  -  MemoryUsage of job (MB)
	1723000  -  ResidentSetSize of job (KB)
...
006 (14732566.000.000) 2021-09-25 03:50:10 Image size of job updated: 1682
	1682  -  MemoryUsage of job (MB)
	1723088  -  ResidentSetSize of job (KB)
...
006 (14732566.000.000) 2021-09-25 03:53:13 Image size of job updated: 1682
	1682  -  MemoryUsage of job (MB)
	1723352  -  ResidentSetSize of job (KB)
...
006 (14732566.000.000) 2021-09-25 03:55:15 Image size of job updated: 1683
	1683  -  MemoryUsage of job (MB)
	1723432  -  ResidentSetSize of job (KB)
...
006 (14732566.000.000) 2021-09-25 03:58:17 Image size of job updated: 1683
	1683  -  MemoryUsage of job (MB)
	1723708  -  ResidentSetSize of job (KB)
...
006 (14732566.000.000) 2021-09-25 03:59:18 Image size of job updated: 1683
	1683  -  MemoryUsage of job (MB)
	1723812  -  ResidentSetSize of job (KB)
...
006 (14732566.000.000) 2021-09-25 04:00:19 Image size of job updated: 1683
	1683  -  MemoryUsage of job (MB)
	1723816  -  ResidentSetSize of job (KB)
...
006 (14732566.000.000) 2021-09-25 04:02:53 Image size of job updated: 1683
	1683  -  MemoryUsage of job (MB)
	1724184  -  ResidentSetSize of job (KB)
...
040 (14732566.000.000) 2021-09-25 04:02:53 Started transferring output files
...
040 (14732566.000.000) 2021-09-25 04:02:53 Finished transferring output files
...
005 (14732566.000.000) 2021-09-25 04:02:54 Job terminated.
	(1) Normal termination (return value 0)
		Usr 0 01:15:08, Sys 0 04:16:18  -  Run Remote Usage
		Usr 0 00:00:00, Sys 0 00:00:00  -  Run Local Usage
		Usr 0 01:15:08, Sys 0 04:16:18  -  Total Remote Usage
		Usr 0 00:00:00, Sys 0 00:00:00  -  Total Local Usage
	1231445  -  Run Bytes Sent By Job
	8471570  -  Run Bytes Received By Job
	1231445  -  Total Bytes Sent By Job
	8471570  -  Total Bytes Received By Job
	Partitionable Resources :    Usage  Request Allocated 
	   Cpus                 :        0        1         1 
	   Disk (KB)            :    18488    10000   1638057 
	   Memory (MB)          :     1683     2048      2048 

	Job terminated of its own accord at 2021-09-25T09:02:53Z.
...
