000 (34567868.000.000) 2021-09-17 07:09:33 Job submitted from host: <131.225.188.57:9618?addrs=131.225.188.57-9618&alias=lpcschedd2.fnal.gov&noUDP&sock=schedd_2251_93c6>
...
040 (34567868.000.000) 2021-09-17 16:55:14 Started transferring input files
	Transferring to host: <131.225.204.80:9618?addrs=131.225.204.80-9618&alias=cmswn1684.fnal.gov&noUDP&sock=slot1_7_1263_a5cc_5951>
...
040 (34567868.000.000) 2021-09-17 16:55:14 Finished transferring input files
...
001 (34567868.000.000) 2021-09-17 16:55:15 Job executing on host: <131.225.204.80:9618?addrs=131.225.204.80-9618&alias=cmswn1684.fnal.gov&noUDP&sock=startd_1147_5337>
...
006 (34567868.000.000) 2021-09-17 16:55:24 Image size of job updated: 32
	32  -  MemoryUsage of job (MB)
	33044  -  ResidentSetSize of job (KB)
...
006 (34567868.000.000) 2021-09-17 16:56:24 Image size of job updated: 501
	501  -  MemoryUsage of job (MB)
	513548  -  ResidentSetSize of job (KB)
...
006 (34567868.000.000) 2021-09-17 17:00:27 Image size of job updated: 551
	551  -  MemoryUsage of job (MB)
	564908  -  ResidentSetSize of job (KB)
...
006 (34567868.000.000) 2021-09-17 17:01:27 Image size of job updated: 599
	599  -  MemoryUsage of job (MB)
	614096  -  ResidentSetSize of job (KB)
...
006 (34567868.000.000) 2021-09-17 17:02:27 Image size of job updated: 643
	643  -  MemoryUsage of job (MB)
	658940  -  ResidentSetSize of job (KB)
...
006 (34567868.000.000) 2021-09-17 17:03:28 Image size of job updated: 681
	681  -  MemoryUsage of job (MB)
	698180  -  ResidentSetSize of job (KB)
...
006 (34567868.000.000) 2021-09-17 17:04:28 Image size of job updated: 717
	717  -  MemoryUsage of job (MB)
	734508  -  ResidentSetSize of job (KB)
...
006 (34567868.000.000) 2021-09-17 17:05:28 Image size of job updated: 750
	750  -  MemoryUsage of job (MB)
	768840  -  ResidentSetSize of job (KB)
...
006 (34567868.000.000) 2021-09-17 17:06:29 Image size of job updated: 782
	782  -  MemoryUsage of job (MB)
	801228  -  ResidentSetSize of job (KB)
...
006 (34567868.000.000) 2021-09-17 17:07:29 Image size of job updated: 813
	813  -  MemoryUsage of job (MB)
	832956  -  ResidentSetSize of job (KB)
...
006 (34567868.000.000) 2021-09-17 17:08:29 Image size of job updated: 844
	844  -  MemoryUsage of job (MB)
	864452  -  ResidentSetSize of job (KB)
...
006 (34567868.000.000) 2021-09-17 17:09:30 Image size of job updated: 871
	871  -  MemoryUsage of job (MB)
	892660  -  ResidentSetSize of job (KB)
...
006 (34567868.000.000) 2021-09-17 17:10:30 Image size of job updated: 910
	910  -  MemoryUsage of job (MB)
	931988  -  ResidentSetSize of job (KB)
...
006 (34567868.000.000) 2021-09-17 17:11:31 Image size of job updated: 937
	937  -  MemoryUsage of job (MB)
	960096  -  ResidentSetSize of job (KB)
...
006 (34567868.000.000) 2021-09-17 17:12:32 Image size of job updated: 963
	963  -  MemoryUsage of job (MB)
	986544  -  ResidentSetSize of job (KB)
...
006 (34567868.000.000) 2021-09-17 17:13:32 Image size of job updated: 987
	987  -  MemoryUsage of job (MB)
	1011620  -  ResidentSetSize of job (KB)
...
006 (34567868.000.000) 2021-09-17 17:14:33 Image size of job updated: 1012
	1012  -  MemoryUsage of job (MB)
	1036516  -  ResidentSetSize of job (KB)
...
006 (34567868.000.000) 2021-09-17 17:15:34 Image size of job updated: 1039
	1039  -  MemoryUsage of job (MB)
	1064860  -  ResidentSetSize of job (KB)
...
006 (34567868.000.000) 2021-09-17 17:16:34 Image size of job updated: 1072
	1072  -  MemoryUsage of job (MB)
	1097968  -  ResidentSetSize of job (KB)
...
006 (34567868.000.000) 2021-09-17 17:17:35 Image size of job updated: 1094
	1094  -  MemoryUsage of job (MB)
	1120604  -  ResidentSetSize of job (KB)
...
006 (34567868.000.000) 2021-09-17 17:18:35 Image size of job updated: 1113
	1113  -  MemoryUsage of job (MB)
	1140324  -  ResidentSetSize of job (KB)
...
006 (34567868.000.000) 2021-09-17 17:19:35 Image size of job updated: 1134
	1134  -  MemoryUsage of job (MB)
	1162164  -  ResidentSetSize of job (KB)
...
006 (34567868.000.000) 2021-09-17 17:20:36 Image size of job updated: 1156
	1156  -  MemoryUsage of job (MB)
	1184028  -  ResidentSetSize of job (KB)
...
006 (34567868.000.000) 2021-09-17 17:21:36 Image size of job updated: 1176
	1176  -  MemoryUsage of job (MB)
	1204776  -  ResidentSetSize of job (KB)
...
006 (34567868.000.000) 2021-09-17 17:22:37 Image size of job updated: 1196
	1196  -  MemoryUsage of job (MB)
	1225016  -  ResidentSetSize of job (KB)
...
006 (34567868.000.000) 2021-09-17 17:23:38 Image size of job updated: 1215
	1215  -  MemoryUsage of job (MB)
	1244856  -  ResidentSetSize of job (KB)
...
006 (34567868.000.000) 2021-09-17 17:24:38 Image size of job updated: 1234
	1234  -  MemoryUsage of job (MB)
	1264212  -  ResidentSetSize of job (KB)
...
006 (34567868.000.000) 2021-09-17 17:25:39 Image size of job updated: 1253
	1253  -  MemoryUsage of job (MB)
	1283972  -  ResidentSetSize of job (KB)
...
006 (34567868.000.000) 2021-09-17 17:26:40 Image size of job updated: 1273
	1273  -  MemoryUsage of job (MB)
	1303816  -  ResidentSetSize of job (KB)
...
006 (34567868.000.000) 2021-09-17 17:27:41 Image size of job updated: 1292
	1292  -  MemoryUsage of job (MB)
	1323076  -  ResidentSetSize of job (KB)
...
006 (34567868.000.000) 2021-09-17 17:28:41 Image size of job updated: 1310
	1310  -  MemoryUsage of job (MB)
	1342172  -  ResidentSetSize of job (KB)
...
006 (34567868.000.000) 2021-09-17 17:29:42 Image size of job updated: 1329
	1329  -  MemoryUsage of job (MB)
	1361012  -  ResidentSetSize of job (KB)
...
006 (34567868.000.000) 2021-09-17 17:30:43 Image size of job updated: 1347
	1347  -  MemoryUsage of job (MB)
	1379860  -  ResidentSetSize of job (KB)
...
006 (34567868.000.000) 2021-09-17 17:31:43 Image size of job updated: 1365
	1365  -  MemoryUsage of job (MB)
	1398092  -  ResidentSetSize of job (KB)
...
006 (34567868.000.000) 2021-09-17 17:32:44 Image size of job updated: 1382
	1382  -  MemoryUsage of job (MB)
	1416108  -  ResidentSetSize of job (KB)
...
006 (34567868.000.000) 2021-09-17 17:33:44 Image size of job updated: 1400
	1400  -  MemoryUsage of job (MB)
	1433760  -  ResidentSetSize of job (KB)
...
006 (34567868.000.000) 2021-09-17 17:34:44 Image size of job updated: 1417
	1417  -  MemoryUsage of job (MB)
	1451244  -  ResidentSetSize of job (KB)
...
006 (34567868.000.000) 2021-09-17 17:35:45 Image size of job updated: 1433
	1433  -  MemoryUsage of job (MB)
	1468380  -  ResidentSetSize of job (KB)
...
006 (34567868.000.000) 2021-09-17 17:36:45 Image size of job updated: 1450
	1450  -  MemoryUsage of job (MB)
	1485292  -  ResidentSetSize of job (KB)
...
006 (34567868.000.000) 2021-09-17 17:37:45 Image size of job updated: 1466
	1466  -  MemoryUsage of job (MB)
	1501804  -  ResidentSetSize of job (KB)
...
006 (34567868.000.000) 2021-09-17 17:38:46 Image size of job updated: 1482
	1482  -  MemoryUsage of job (MB)
	1517964  -  ResidentSetSize of job (KB)
...
006 (34567868.000.000) 2021-09-17 17:39:46 Image size of job updated: 1498
	1498  -  MemoryUsage of job (MB)
	1533976  -  ResidentSetSize of job (KB)
...
006 (34567868.000.000) 2021-09-17 17:40:46 Image size of job updated: 1513
	1513  -  MemoryUsage of job (MB)
	1549660  -  ResidentSetSize of job (KB)
...
006 (34567868.000.000) 2021-09-17 17:41:47 Image size of job updated: 1528
	1528  -  MemoryUsage of job (MB)
	1565192  -  ResidentSetSize of job (KB)
...
006 (34567868.000.000) 2021-09-17 17:42:47 Image size of job updated: 1547
	1547  -  MemoryUsage of job (MB)
	1584652  -  ResidentSetSize of job (KB)
...
006 (34567868.000.000) 2021-09-17 17:43:47 Image size of job updated: 1632
	1632  -  MemoryUsage of job (MB)
	1671508  -  ResidentSetSize of job (KB)
...
006 (34567868.000.000) 2021-09-17 17:44:48 Image size of job updated: 1637
	1637  -  MemoryUsage of job (MB)
	1677136  -  ResidentSetSize of job (KB)
...
006 (34567868.000.000) 2021-09-17 17:45:48 Image size of job updated: 1640
	1640  -  MemoryUsage of job (MB)
	1679612  -  ResidentSetSize of job (KB)
...
006 (34567868.000.000) 2021-09-17 17:46:49 Image size of job updated: 1642
	1642  -  MemoryUsage of job (MB)
	1681488  -  ResidentSetSize of job (KB)
...
006 (34567868.000.000) 2021-09-17 17:47:50 Image size of job updated: 1643
	1643  -  MemoryUsage of job (MB)
	1682820  -  ResidentSetSize of job (KB)
...
006 (34567868.000.000) 2021-09-17 17:48:50 Image size of job updated: 1644
	1644  -  MemoryUsage of job (MB)
	1684276  -  ResidentSetSize of job (KB)
...
006 (34567868.000.000) 2021-09-17 17:49:51 Image size of job updated: 1646
	1646  -  MemoryUsage of job (MB)
	1685848  -  ResidentSetSize of job (KB)
...
006 (34567868.000.000) 2021-09-17 17:50:52 Image size of job updated: 1647
	1647  -  MemoryUsage of job (MB)
	1686724  -  ResidentSetSize of job (KB)
...
006 (34567868.000.000) 2021-09-17 17:51:52 Image size of job updated: 1648
	1648  -  MemoryUsage of job (MB)
	1687564  -  ResidentSetSize of job (KB)
...
006 (34567868.000.000) 2021-09-17 17:52:53 Image size of job updated: 1649
	1649  -  MemoryUsage of job (MB)
	1688772  -  ResidentSetSize of job (KB)
...
006 (34567868.000.000) 2021-09-17 17:53:53 Image size of job updated: 1650
	1650  -  MemoryUsage of job (MB)
	1689664  -  ResidentSetSize of job (KB)
...
006 (34567868.000.000) 2021-09-17 17:54:53 Image size of job updated: 1651
	1651  -  MemoryUsage of job (MB)
	1690700  -  ResidentSetSize of job (KB)
...
006 (34567868.000.000) 2021-09-17 17:55:54 Image size of job updated: 1651
	1651  -  MemoryUsage of job (MB)
	1691536  -  ResidentSetSize of job (KB)
...
006 (34567868.000.000) 2021-09-17 17:56:54 Image size of job updated: 1652
	1652  -  MemoryUsage of job (MB)
	1692368  -  ResidentSetSize of job (KB)
...
006 (34567868.000.000) 2021-09-17 17:57:55 Image size of job updated: 1653
	1653  -  MemoryUsage of job (MB)
	1693228  -  ResidentSetSize of job (KB)
...
006 (34567868.000.000) 2021-09-17 17:58:56 Image size of job updated: 1654
	1654  -  MemoryUsage of job (MB)
	1694508  -  ResidentSetSize of job (KB)
...
006 (34567868.000.000) 2021-09-17 17:59:56 Image size of job updated: 1655
	1655  -  MemoryUsage of job (MB)
	1695368  -  ResidentSetSize of job (KB)
...
006 (34567868.000.000) 2021-09-17 18:00:57 Image size of job updated: 1656
	1656  -  MemoryUsage of job (MB)
	1696144  -  ResidentSetSize of job (KB)
...
006 (34567868.000.000) 2021-09-17 18:01:58 Image size of job updated: 1657
	1657  -  MemoryUsage of job (MB)
	1697424  -  ResidentSetSize of job (KB)
...
006 (34567868.000.000) 2021-09-17 18:02:58 Image size of job updated: 1658
	1658  -  MemoryUsage of job (MB)
	1698200  -  ResidentSetSize of job (KB)
...
006 (34567868.000.000) 2021-09-17 18:03:59 Image size of job updated: 1659
	1659  -  MemoryUsage of job (MB)
	1699400  -  ResidentSetSize of job (KB)
...
006 (34567868.000.000) 2021-09-17 18:05:00 Image size of job updated: 1660
	1660  -  MemoryUsage of job (MB)
	1700724  -  ResidentSetSize of job (KB)
...
006 (34567868.000.000) 2021-09-17 18:06:00 Image size of job updated: 1661
	1661  -  MemoryUsage of job (MB)
	1701636  -  ResidentSetSize of job (KB)
...
006 (34567868.000.000) 2021-09-17 18:07:01 Image size of job updated: 1662
	1662  -  MemoryUsage of job (MB)
	1702632  -  ResidentSetSize of job (KB)
...
006 (34567868.000.000) 2021-09-17 18:08:01 Image size of job updated: 1663
	1663  -  MemoryUsage of job (MB)
	1703680  -  ResidentSetSize of job (KB)
...
006 (34567868.000.000) 2021-09-17 18:09:02 Image size of job updated: 1664
	1664  -  MemoryUsage of job (MB)
	1704712  -  ResidentSetSize of job (KB)
...
006 (34567868.000.000) 2021-09-17 18:10:02 Image size of job updated: 1665
	1665  -  MemoryUsage of job (MB)
	1705516  -  ResidentSetSize of job (KB)
...
006 (34567868.000.000) 2021-09-17 18:11:02 Image size of job updated: 1666
	1666  -  MemoryUsage of job (MB)
	1706312  -  ResidentSetSize of job (KB)
...
006 (34567868.000.000) 2021-09-17 18:12:03 Image size of job updated: 1667
	1667  -  MemoryUsage of job (MB)
	1707544  -  ResidentSetSize of job (KB)
...
006 (34567868.000.000) 2021-09-17 18:13:03 Image size of job updated: 1668
	1668  -  MemoryUsage of job (MB)
	1708492  -  ResidentSetSize of job (KB)
...
006 (34567868.000.000) 2021-09-17 18:14:04 Image size of job updated: 1669
	1669  -  MemoryUsage of job (MB)
	1709256  -  ResidentSetSize of job (KB)
...
006 (34567868.000.000) 2021-09-17 18:15:04 Image size of job updated: 1669
	1669  -  MemoryUsage of job (MB)
	1710004  -  ResidentSetSize of job (KB)
...
006 (34567868.000.000) 2021-09-17 18:16:04 Image size of job updated: 1670
	1670  -  MemoryUsage of job (MB)
	1710884  -  ResidentSetSize of job (KB)
...
006 (34567868.000.000) 2021-09-17 18:17:05 Image size of job updated: 1671
	1671  -  MemoryUsage of job (MB)
	1712088  -  ResidentSetSize of job (KB)
...
006 (34567868.000.000) 2021-09-17 18:18:05 Image size of job updated: 1672
	1672  -  MemoryUsage of job (MB)
	1712800  -  ResidentSetSize of job (KB)
...
006 (34567868.000.000) 2021-09-17 18:19:05 Image size of job updated: 1673
	1673  -  MemoryUsage of job (MB)
	1713624  -  ResidentSetSize of job (KB)
...
006 (34567868.000.000) 2021-09-17 18:20:06 Image size of job updated: 1674
	1674  -  MemoryUsage of job (MB)
	1714848  -  ResidentSetSize of job (KB)
...
006 (34567868.000.000) 2021-09-17 18:21:06 Image size of job updated: 1675
	1675  -  MemoryUsage of job (MB)
	1715616  -  ResidentSetSize of job (KB)
...
006 (34567868.000.000) 2021-09-17 18:22:07 Image size of job updated: 1676
	1676  -  MemoryUsage of job (MB)
	1716376  -  ResidentSetSize of job (KB)
...
006 (34567868.000.000) 2021-09-17 18:23:08 Image size of job updated: 1676
	1676  -  MemoryUsage of job (MB)
	1717176  -  ResidentSetSize of job (KB)
...
006 (34567868.000.000) 2021-09-17 18:24:08 Image size of job updated: 1678
	1678  -  MemoryUsage of job (MB)
	1718308  -  ResidentSetSize of job (KB)
...
006 (34567868.000.000) 2021-09-17 18:25:09 Image size of job updated: 1678
	1678  -  MemoryUsage of job (MB)
	1719196  -  ResidentSetSize of job (KB)
...
006 (34567868.000.000) 2021-09-17 18:26:09 Image size of job updated: 1679
	1679  -  MemoryUsage of job (MB)
	1719924  -  ResidentSetSize of job (KB)
...
006 (34567868.000.000) 2021-09-17 18:27:09 Image size of job updated: 1680
	1680  -  MemoryUsage of job (MB)
	1721040  -  ResidentSetSize of job (KB)
...
006 (34567868.000.000) 2021-09-17 18:27:53 Image size of job updated: 1680
	1680  -  MemoryUsage of job (MB)
	1721340  -  ResidentSetSize of job (KB)
...
040 (34567868.000.000) 2021-09-17 18:27:53 Started transferring output files
...
040 (34567868.000.000) 2021-09-17 18:27:53 Finished transferring output files
...
005 (34567868.000.000) 2021-09-17 18:27:56 Job terminated.
	(1) Normal termination (return value 0)
		Usr 0 00:00:00, Sys 0 00:00:00  -  Run Remote Usage
		Usr 0 00:00:00, Sys 0 00:00:00  -  Run Local Usage
		Usr 0 01:04:04, Sys 0 00:23:20  -  Total Remote Usage
		Usr 0 00:00:00, Sys 0 00:00:00  -  Total Local Usage
	1231915  -  Run Bytes Sent By Job
	8471538  -  Run Bytes Received By Job
	1231915  -  Total Bytes Sent By Job
	8471538  -  Total Bytes Received By Job
	Partitionable Resources :    Usage  Request Allocated 
	   Cpus                 :        0        1         1 
	   Disk (KB)            :    20680    10000    311204 
	   Memory (MB)          :     1680     2048      2048 

	Job terminated of its own accord at 2021-09-17T23:27:53Z.
...
000 (34671775.000.000) 2021-09-24 22:10:58 Job submitted from host: <131.225.188.57:9618?addrs=131.225.188.57-9618&alias=lpcschedd2.fnal.gov&noUDP&sock=schedd_2251_93c6>
...
040 (34671775.000.000) 2021-09-24 22:37:07 Started transferring input files
	Transferring to host: <131.225.190.58:9618?addrs=131.225.190.58-9618&alias=cmswn2017.fnal.gov&noUDP&sock=slot1_22_1513_cb97_1141>
...
040 (34671775.000.000) 2021-09-24 22:37:08 Finished transferring input files
...
001 (34671775.000.000) 2021-09-24 22:37:09 Job executing on host: <131.225.190.58:9618?addrs=131.225.190.58-9618&alias=cmswn2017.fnal.gov&noUDP&sock=startd_1437_3daf>
...
006 (34671775.000.000) 2021-09-24 22:37:17 Image size of job updated: 34
	34  -  MemoryUsage of job (MB)
	35052  -  ResidentSetSize of job (KB)
...
006 (34671775.000.000) 2021-09-24 22:38:17 Image size of job updated: 555
	555  -  MemoryUsage of job (MB)
	569284  -  ResidentSetSize of job (KB)
...
006 (34671775.000.000) 2021-09-24 22:43:20 Image size of job updated: 590
	590  -  MemoryUsage of job (MB)
	604212  -  ResidentSetSize of job (KB)
...
006 (34671775.000.000) 2021-09-24 22:44:22 Image size of job updated: 637
	637  -  MemoryUsage of job (MB)
	653020  -  ResidentSetSize of job (KB)
...
006 (34671775.000.000) 2021-09-24 22:45:22 Image size of job updated: 675
	675  -  MemoryUsage of job (MB)
	691440  -  ResidentSetSize of job (KB)
...
006 (34671775.000.000) 2021-09-24 22:46:22 Image size of job updated: 710
	710  -  MemoryUsage of job (MB)
	727100  -  ResidentSetSize of job (KB)
...
006 (34671775.000.000) 2021-09-24 22:47:23 Image size of job updated: 742
	742  -  MemoryUsage of job (MB)
	760572  -  ResidentSetSize of job (KB)
...
006 (34671775.000.000) 2021-09-24 22:48:25 Image size of job updated: 776
	776  -  MemoryUsage of job (MB)
	795588  -  ResidentSetSize of job (KB)
...
006 (34671775.000.000) 2021-09-24 22:49:25 Image size of job updated: 807
	807  -  MemoryUsage of job (MB)
	826400  -  ResidentSetSize of job (KB)
...
006 (34671775.000.000) 2021-09-24 22:50:26 Image size of job updated: 838
	838  -  MemoryUsage of job (MB)
	858516  -  ResidentSetSize of job (KB)
...
006 (34671775.000.000) 2021-09-24 22:51:27 Image size of job updated: 864
	864  -  MemoryUsage of job (MB)
	885244  -  ResidentSetSize of job (KB)
...
006 (34671775.000.000) 2021-09-24 22:52:27 Image size of job updated: 902
	902  -  MemoryUsage of job (MB)
	924264  -  ResidentSetSize of job (KB)
...
006 (34671775.000.000) 2021-09-24 22:53:29 Image size of job updated: 932
	932  -  MemoryUsage of job (MB)
	955052  -  ResidentSetSize of job (KB)
...
006 (34671775.000.000) 2021-09-24 22:54:29 Image size of job updated: 958
	958  -  MemoryUsage of job (MB)
	981128  -  ResidentSetSize of job (KB)
...
006 (34671775.000.000) 2021-09-24 22:55:29 Image size of job updated: 982
	982  -  MemoryUsage of job (MB)
	1005816  -  ResidentSetSize of job (KB)
...
006 (34671775.000.000) 2021-09-24 22:56:30 Image size of job updated: 1006
	1006  -  MemoryUsage of job (MB)
	1030660  -  ResidentSetSize of job (KB)
...
006 (34671775.000.000) 2021-09-24 22:57:32 Image size of job updated: 1036
	1036  -  MemoryUsage of job (MB)
	1061260  -  ResidentSetSize of job (KB)
...
006 (34671775.000.000) 2021-09-24 22:58:32 Image size of job updated: 1069
	1069  -  MemoryUsage of job (MB)
	1094852  -  ResidentSetSize of job (KB)
...
006 (34671775.000.000) 2021-09-24 22:59:32 Image size of job updated: 1089
	1089  -  MemoryUsage of job (MB)
	1115756  -  ResidentSetSize of job (KB)
...
006 (34671775.000.000) 2021-09-24 23:00:33 Image size of job updated: 1110
	1110  -  MemoryUsage of job (MB)
	1137372  -  ResidentSetSize of job (KB)
...
006 (34671775.000.000) 2021-09-24 23:01:33 Image size of job updated: 1131
	1131  -  MemoryUsage of job (MB)
	1158660  -  ResidentSetSize of job (KB)
...
006 (34671775.000.000) 2021-09-24 23:02:33 Image size of job updated: 1152
	1152  -  MemoryUsage of job (MB)
	1180212  -  ResidentSetSize of job (KB)
...
006 (34671775.000.000) 2021-09-24 23:03:34 Image size of job updated: 1174
	1174  -  MemoryUsage of job (MB)
	1202848  -  ResidentSetSize of job (KB)
...
006 (34671775.000.000) 2021-09-24 23:04:35 Image size of job updated: 1194
	1194  -  MemoryUsage of job (MB)
	1222808  -  ResidentSetSize of job (KB)
...
006 (34671775.000.000) 2021-09-24 23:05:35 Image size of job updated: 1213
	1213  -  MemoryUsage of job (MB)
	1242276  -  ResidentSetSize of job (KB)
...
006 (34671775.000.000) 2021-09-24 23:06:36 Image size of job updated: 1231
	1231  -  MemoryUsage of job (MB)
	1261356  -  ResidentSetSize of job (KB)
...
006 (34671775.000.000) 2021-09-24 23:07:37 Image size of job updated: 1250
	1250  -  MemoryUsage of job (MB)
	1280144  -  ResidentSetSize of job (KB)
...
006 (34671775.000.000) 2021-09-24 23:08:38 Image size of job updated: 1270
	1270  -  MemoryUsage of job (MB)
	1300876  -  ResidentSetSize of job (KB)
...
006 (34671775.000.000) 2021-09-24 23:09:38 Image size of job updated: 1288
	1288  -  MemoryUsage of job (MB)
	1319080  -  ResidentSetSize of job (KB)
...
006 (34671775.000.000) 2021-09-24 23:10:38 Image size of job updated: 1305
	1305  -  MemoryUsage of job (MB)
	1336960  -  ResidentSetSize of job (KB)
...
006 (34671775.000.000) 2021-09-24 23:11:38 Image size of job updated: 1322
	1322  -  MemoryUsage of job (MB)
	1354608  -  ResidentSetSize of job (KB)
...
006 (34671775.000.000) 2021-09-24 23:12:39 Image size of job updated: 1339
	1339  -  MemoryUsage of job (MB)
	1372008  -  ResidentSetSize of job (KB)
...
006 (34671775.000.000) 2021-09-24 23:13:39 Image size of job updated: 1356
	1356  -  MemoryUsage of job (MB)
	1389052  -  ResidentSetSize of job (KB)
...
006 (34671775.000.000) 2021-09-24 23:14:40 Image size of job updated: 1374
	1374  -  MemoryUsage of job (MB)
	1407828  -  ResidentSetSize of job (KB)
...
006 (34671775.000.000) 2021-09-24 23:15:40 Image size of job updated: 1391
	1391  -  MemoryUsage of job (MB)
	1424624  -  ResidentSetSize of job (KB)
...
006 (34671775.000.000) 2021-09-24 23:16:40 Image size of job updated: 1407
	1407  -  MemoryUsage of job (MB)
	1441120  -  ResidentSetSize of job (KB)
...
006 (34671775.000.000) 2021-09-24 23:17:40 Image size of job updated: 1423
	1423  -  MemoryUsage of job (MB)
	1457268  -  ResidentSetSize of job (KB)
...
006 (34671775.000.000) 2021-09-24 23:18:40 Image size of job updated: 1438
	1438  -  MemoryUsage of job (MB)
	1473232  -  ResidentSetSize of job (KB)
...
006 (34671775.000.000) 2021-09-24 23:19:40 Image size of job updated: 1454
	1454  -  MemoryUsage of job (MB)
	1489092  -  ResidentSetSize of job (KB)
...
006 (34671775.000.000) 2021-09-24 23:20:40 Image size of job updated: 1469
	1469  -  MemoryUsage of job (MB)
	1504748  -  ResidentSetSize of job (KB)
...
006 (34671775.000.000) 2021-09-24 23:21:41 Image size of job updated: 1486
	1486  -  MemoryUsage of job (MB)
	1521764  -  ResidentSetSize of job (KB)
...
006 (34671775.000.000) 2021-09-24 23:22:42 Image size of job updated: 1500
	1500  -  MemoryUsage of job (MB)
	1536868  -  ResidentSetSize of job (KB)
...
006 (34671775.000.000) 2021-09-24 23:23:43 Image size of job updated: 1515
	1515  -  MemoryUsage of job (MB)
	1551900  -  ResidentSetSize of job (KB)
...
006 (34671775.000.000) 2021-09-24 23:24:43 Image size of job updated: 1530
	1530  -  MemoryUsage of job (MB)
	1566764  -  ResidentSetSize of job (KB)
...
006 (34671775.000.000) 2021-09-24 23:25:44 Image size of job updated: 1553
	1553  -  MemoryUsage of job (MB)
	1590520  -  ResidentSetSize of job (KB)
...
006 (34671775.000.000) 2021-09-24 23:26:45 Image size of job updated: 1625
	1625  -  MemoryUsage of job (MB)
	1664348  -  ResidentSetSize of job (KB)
...
006 (34671775.000.000) 2021-09-24 23:27:46 Image size of job updated: 1632
	1632  -  MemoryUsage of job (MB)
	1672060  -  ResidentSetSize of job (KB)
...
006 (34671775.000.000) 2021-09-24 23:28:46 Image size of job updated: 1632
	1632  -  MemoryUsage of job (MB)
	1672088  -  ResidentSetSize of job (KB)
...
006 (34671775.000.000) 2021-09-24 23:29:46 Image size of job updated: 1636
	1636  -  MemoryUsage of job (MB)
	1675700  -  ResidentSetSize of job (KB)
...
006 (34671775.000.000) 2021-09-24 23:30:47 Image size of job updated: 1636
	1636  -  MemoryUsage of job (MB)
	1675704  -  ResidentSetSize of job (KB)
...
006 (34671775.000.000) 2021-09-24 23:31:49 Image size of job updated: 1638
	1638  -  MemoryUsage of job (MB)
	1677484  -  ResidentSetSize of job (KB)
...
006 (34671775.000.000) 2021-09-24 23:32:49 Image size of job updated: 1638
	1638  -  MemoryUsage of job (MB)
	1677492  -  ResidentSetSize of job (KB)
...
006 (34671775.000.000) 2021-09-24 23:33:49 Image size of job updated: 1639
	1639  -  MemoryUsage of job (MB)
	1679208  -  ResidentSetSize of job (KB)
...
006 (34671775.000.000) 2021-09-24 23:34:49 Image size of job updated: 1639
	1639  -  MemoryUsage of job (MB)
	1679244  -  ResidentSetSize of job (KB)
...
006 (34671775.000.000) 2021-09-24 23:35:49 Image size of job updated: 1639
	1639  -  MemoryUsage of job (MB)
	1679260  -  ResidentSetSize of job (KB)
...
006 (34671775.000.000) 2021-09-24 23:36:49 Image size of job updated: 1640
	1640  -  MemoryUsage of job (MB)
	1680052  -  ResidentSetSize of job (KB)
...
006 (34671775.000.000) 2021-09-24 23:37:51 Image size of job updated: 1640
	1640  -  MemoryUsage of job (MB)
	1680080  -  ResidentSetSize of job (KB)
...
006 (34671775.000.000) 2021-09-24 23:38:51 Image size of job updated: 1641
	1641  -  MemoryUsage of job (MB)
	1680504  -  ResidentSetSize of job (KB)
...
006 (34671775.000.000) 2021-09-24 23:39:51 Image size of job updated: 1641
	1641  -  MemoryUsage of job (MB)
	1680960  -  ResidentSetSize of job (KB)
...
006 (34671775.000.000) 2021-09-24 23:41:53 Image size of job updated: 1642
	1642  -  MemoryUsage of job (MB)
	1682116  -  ResidentSetSize of job (KB)
...
006 (34671775.000.000) 2021-09-24 23:42:53 Image size of job updated: 1642
	1642  -  MemoryUsage of job (MB)
	1682128  -  ResidentSetSize of job (KB)
...
006 (34671775.000.000) 2021-09-24 23:43:54 Image size of job updated: 1642
	1642  -  MemoryUsage of job (MB)
	1682140  -  ResidentSetSize of job (KB)
...
006 (34671775.000.000) 2021-09-24 23:44:54 Image size of job updated: 1643
	1643  -  MemoryUsage of job (MB)
	1683104  -  ResidentSetSize of job (KB)
...
006 (34671775.000.000) 2021-09-24 23:45:55 Image size of job updated: 1643
	1643  -  MemoryUsage of job (MB)
	1683108  -  ResidentSetSize of job (KB)
...
006 (34671775.000.000) 2021-09-24 23:47:55 Image size of job updated: 1644
	1644  -  MemoryUsage of job (MB)
	1683892  -  ResidentSetSize of job (KB)
...
006 (34671775.000.000) 2021-09-24 23:49:56 Image size of job updated: 1645
	1645  -  MemoryUsage of job (MB)
	1684592  -  ResidentSetSize of job (KB)
...
006 (34671775.000.000) 2021-09-24 23:50:57 Image size of job updated: 1645
	1645  -  MemoryUsage of job (MB)
	1684596  -  ResidentSetSize of job (KB)
...
006 (34671775.000.000) 2021-09-24 23:51:58 Image size of job updated: 1645
	1645  -  MemoryUsage of job (MB)
	1684600  -  ResidentSetSize of job (KB)
...
006 (34671775.000.000) 2021-09-24 23:52:59 Image size of job updated: 1645
	1645  -  MemoryUsage of job (MB)
	1685180  -  ResidentSetSize of job (KB)
...
006 (34671775.000.000) 2021-09-24 23:55:02 Image size of job updated: 1645
	1645  -  MemoryUsage of job (MB)
	1685184  -  ResidentSetSize of job (KB)
...
006 (34671775.000.000) 2021-09-24 23:57:02 Image size of job updated: 1646
	1646  -  MemoryUsage of job (MB)
	1685844  -  ResidentSetSize of job (KB)
...
006 (34671775.000.000) 2021-09-24 23:58:02 Image size of job updated: 1646
	1646  -  MemoryUsage of job (MB)
	1685860  -  ResidentSetSize of job (KB)
...
006 (34671775.000.000) 2021-09-24 23:59:03 Image size of job updated: 1646
	1646  -  MemoryUsage of job (MB)
	1685872  -  ResidentSetSize of job (KB)
...
006 (34671775.000.000) 2021-09-25 00:00:05 Image size of job updated: 1646
	1646  -  MemoryUsage of job (MB)
	1686316  -  ResidentSetSize of job (KB)
...
006 (34671775.000.000) 2021-09-25 00:01:05 Image size of job updated: 1646
	1646  -  MemoryUsage of job (MB)
	1686320  -  ResidentSetSize of job (KB)
...
006 (34671775.000.000) 2021-09-25 00:03:06 Image size of job updated: 1647
	1647  -  MemoryUsage of job (MB)
	1687048  -  ResidentSetSize of job (KB)
...
006 (34671775.000.000) 2021-09-25 00:06:08 Image size of job updated: 1647
	1647  -  MemoryUsage of job (MB)
	1687548  -  ResidentSetSize of job (KB)
...
006 (34671775.000.000) 2021-09-25 00:07:09 Image size of job updated: 1648
	1648  -  MemoryUsage of job (MB)
	1687552  -  ResidentSetSize of job (KB)
...
006 (34671775.000.000) 2021-09-25 00:08:10 Image size of job updated: 1648
	1648  -  MemoryUsage of job (MB)
	1687556  -  ResidentSetSize of job (KB)
...
006 (34671775.000.000) 2021-09-25 00:09:11 Image size of job updated: 1648
	1648  -  MemoryUsage of job (MB)
	1688208  -  ResidentSetSize of job (KB)
...
006 (34671775.000.000) 2021-09-25 00:12:13 Image size of job updated: 1649
	1649  -  MemoryUsage of job (MB)
	1688624  -  ResidentSetSize of job (KB)
...
006 (34671775.000.000) 2021-09-25 00:15:15 Image size of job updated: 1649
	1649  -  MemoryUsage of job (MB)
	1688936  -  ResidentSetSize of job (KB)
...
006 (34671775.000.000) 2021-09-25 00:16:15 Image size of job updated: 1649
	1649  -  MemoryUsage of job (MB)
	1689092  -  ResidentSetSize of job (KB)
...
006 (34671775.000.000) 2021-09-25 00:19:16 Image size of job updated: 1649
	1649  -  MemoryUsage of job (MB)
	1689456  -  ResidentSetSize of job (KB)
...
006 (34671775.000.000) 2021-09-25 00:22:18 Image size of job updated: 1650
	1650  -  MemoryUsage of job (MB)
	1689852  -  ResidentSetSize of job (KB)
...
006 (34671775.000.000) 2021-09-25 00:23:18 Image size of job updated: 1650
	1650  -  MemoryUsage of job (MB)
	1690012  -  ResidentSetSize of job (KB)
...
006 (34671775.000.000) 2021-09-25 00:26:20 Image size of job updated: 1650
	1650  -  MemoryUsage of job (MB)
	1690368  -  ResidentSetSize of job (KB)
...
006 (34671775.000.000) 2021-09-25 00:27:21 Image size of job updated: 1650
	1650  -  MemoryUsage of job (MB)
	1690508  -  ResidentSetSize of job (KB)
...
006 (34671775.000.000) 2021-09-25 00:30:22 Image size of job updated: 1651
	1651  -  MemoryUsage of job (MB)
	1690864  -  ResidentSetSize of job (KB)
...
006 (34671775.000.000) 2021-09-25 00:31:24 Image size of job updated: 1651
	1651  -  MemoryUsage of job (MB)
	1690868  -  ResidentSetSize of job (KB)
...
006 (34671775.000.000) 2021-09-25 00:33:26 Image size of job updated: 1651
	1651  -  MemoryUsage of job (MB)
	1691188  -  ResidentSetSize of job (KB)
...
006 (34671775.000.000) 2021-09-25 00:34:26 Image size of job updated: 1651
	1651  -  MemoryUsage of job (MB)
	1691360  -  ResidentSetSize of job (KB)
...
006 (34671775.000.000) 2021-09-25 00:37:28 Image size of job updated: 1652
	1652  -  MemoryUsage of job (MB)
	1691748  -  ResidentSetSize of job (KB)
...
006 (34671775.000.000) 2021-09-25 00:41:30 Image size of job updated: 1652
	1652  -  MemoryUsage of job (MB)
	1692192  -  ResidentSetSize of job (KB)
...
006 (34671775.000.000) 2021-09-25 00:44:32 Image size of job updated: 1652
	1652  -  MemoryUsage of job (MB)
	1692636  -  ResidentSetSize of job (KB)
...
006 (34671775.000.000) 2021-09-25 00:46:33 Image size of job updated: 1652
	1652  -  MemoryUsage of job (MB)
	1692640  -  ResidentSetSize of job (KB)
...
006 (34671775.000.000) 2021-09-25 00:48:34 Image size of job updated: 1653
	1653  -  MemoryUsage of job (MB)
	1693084  -  ResidentSetSize of job (KB)
...
006 (34671775.000.000) 2021-09-25 00:51:36 Image size of job updated: 1653
	1653  -  MemoryUsage of job (MB)
	1693428  -  ResidentSetSize of job (KB)
...
006 (34671775.000.000) 2021-09-25 00:52:37 Image size of job updated: 1653
	1653  -  MemoryUsage of job (MB)
	1693436  -  ResidentSetSize of job (KB)
...
006 (34671775.000.000) 2021-09-25 00:53:38 Image size of job updated: 1653
	1653  -  MemoryUsage of job (MB)
	1693440  -  ResidentSetSize of job (KB)
...
006 (34671775.000.000) 2021-09-25 00:54:39 Image size of job updated: 1654
	1654  -  MemoryUsage of job (MB)
	1693720  -  ResidentSetSize of job (KB)
...
006 (34671775.000.000) 2021-09-25 00:55:39 Image size of job updated: 1654
	1654  -  MemoryUsage of job (MB)
	1693896  -  ResidentSetSize of job (KB)
...
006 (34671775.000.000) 2021-09-25 00:56:39 Image size of job updated: 1654
	1654  -  MemoryUsage of job (MB)
	1693904  -  ResidentSetSize of job (KB)
...
006 (34671775.000.000) 2021-09-25 00:58:39 Image size of job updated: 1654
	1654  -  MemoryUsage of job (MB)
	1694236  -  ResidentSetSize of job (KB)
...
006 (34671775.000.000) 2021-09-25 00:59:41 Image size of job updated: 1654
	1654  -  MemoryUsage of job (MB)
	1694372  -  ResidentSetSize of job (KB)
...
006 (34671775.000.000) 2021-09-25 01:00:41 Image size of job updated: 1654
	1654  -  MemoryUsage of job (MB)
	1694376  -  ResidentSetSize of job (KB)
...
006 (34671775.000.000) 2021-09-25 01:02:43 Image size of job updated: 1654
	1654  -  MemoryUsage of job (MB)
	1694684  -  ResidentSetSize of job (KB)
...
006 (34671775.000.000) 2021-09-25 01:03:43 Image size of job updated: 1655
	1655  -  MemoryUsage of job (MB)
	1694720  -  ResidentSetSize of job (KB)
...
006 (34671775.000.000) 2021-09-25 01:07:45 Image size of job updated: 1655
	1655  -  MemoryUsage of job (MB)
	1695248  -  ResidentSetSize of job (KB)
...
006 (34671775.000.000) 2021-09-25 01:11:48 Image size of job updated: 1655
	1655  -  MemoryUsage of job (MB)
	1695700  -  ResidentSetSize of job (KB)
...
006 (34671775.000.000) 2021-09-25 01:12:48 Image size of job updated: 1655
	1655  -  MemoryUsage of job (MB)
	1695704  -  ResidentSetSize of job (KB)
...
006 (34671775.000.000) 2021-09-25 01:15:50 Image size of job updated: 1656
	1656  -  MemoryUsage of job (MB)
	1696040  -  ResidentSetSize of job (KB)
...
006 (34671775.000.000) 2021-09-25 01:19:52 Image size of job updated: 1656
	1656  -  MemoryUsage of job (MB)
	1696492  -  ResidentSetSize of job (KB)
...
006 (34671775.000.000) 2021-09-25 01:20:53 Image size of job updated: 1656
	1656  -  MemoryUsage of job (MB)
	1696496  -  ResidentSetSize of job (KB)
...
006 (34671775.000.000) 2021-09-25 01:21:53 Image size of job updated: 1656
	1656  -  MemoryUsage of job (MB)
	1696500  -  ResidentSetSize of job (KB)
...
006 (34671775.000.000) 2021-09-25 01:23:53 Image size of job updated: 1657
	1657  -  MemoryUsage of job (MB)
	1696872  -  ResidentSetSize of job (KB)
...
006 (34671775.000.000) 2021-09-25 01:24:53 Image size of job updated: 1657
	1657  -  MemoryUsage of job (MB)
	1696876  -  ResidentSetSize of job (KB)
...
006 (34671775.000.000) 2021-09-25 01:27:56 Image size of job updated: 1657
	1657  -  MemoryUsage of job (MB)
	1697220  -  ResidentSetSize of job (KB)
...
006 (34671775.000.000) 2021-09-25 01:28:56 Image size of job updated: 1657
	1657  -  MemoryUsage of job (MB)
	1697224  -  ResidentSetSize of job (KB)
...
006 (34671775.000.000) 2021-09-25 01:31:59 Image size of job updated: 1657
	1657  -  MemoryUsage of job (MB)
	1697564  -  ResidentSetSize of job (KB)
...
006 (34671775.000.000) 2021-09-25 01:32:59 Image size of job updated: 1657
	1657  -  MemoryUsage of job (MB)
	1697664  -  ResidentSetSize of job (KB)
...
006 (34671775.000.000) 2021-09-25 01:34:00 Image size of job updated: 1657
	1657  -  MemoryUsage of job (MB)
	1697668  -  ResidentSetSize of job (KB)
...
006 (34671775.000.000) 2021-09-25 01:36:03 Image size of job updated: 1658
	1658  -  MemoryUsage of job (MB)
	1697916  -  ResidentSetSize of job (KB)
...
006 (34671775.000.000) 2021-09-25 01:37:04 Image size of job updated: 1658
	1658  -  MemoryUsage of job (MB)
	1698000  -  ResidentSetSize of job (KB)
...
006 (34671775.000.000) 2021-09-25 01:38:05 Image size of job updated: 1658
	1658  -  MemoryUsage of job (MB)
	1698004  -  ResidentSetSize of job (KB)
...
006 (34671775.000.000) 2021-09-25 01:41:08 Image size of job updated: 1658
	1658  -  MemoryUsage of job (MB)
	1698512  -  ResidentSetSize of job (KB)
...
006 (34671775.000.000) 2021-09-25 01:43:09 Image size of job updated: 1658
	1658  -  MemoryUsage of job (MB)
	1698516  -  ResidentSetSize of job (KB)
...
006 (34671775.000.000) 2021-09-25 01:45:10 Image size of job updated: 1659
	1659  -  MemoryUsage of job (MB)
	1698872  -  ResidentSetSize of job (KB)
...
006 (34671775.000.000) 2021-09-25 01:46:12 Image size of job updated: 1659
	1659  -  MemoryUsage of job (MB)
	1698876  -  ResidentSetSize of job (KB)
...
006 (34671775.000.000) 2021-09-25 01:49:13 Image size of job updated: 1659
	1659  -  MemoryUsage of job (MB)
	1699160  -  ResidentSetSize of job (KB)
...
006 (34671775.000.000) 2021-09-25 01:50:14 Image size of job updated: 1659
	1659  -  MemoryUsage of job (MB)
	1699304  -  ResidentSetSize of job (KB)
...
006 (34671775.000.000) 2021-09-25 01:54:17 Image size of job updated: 1659
	1659  -  MemoryUsage of job (MB)
	1699684  -  ResidentSetSize of job (KB)
...
006 (34671775.000.000) 2021-09-25 01:58:20 Image size of job updated: 1660
	1660  -  MemoryUsage of job (MB)
	1700072  -  ResidentSetSize of job (KB)
...
006 (34671775.000.000) 2021-09-25 01:59:21 Image size of job updated: 1660
	1660  -  MemoryUsage of job (MB)
	1700076  -  ResidentSetSize of job (KB)
...
006 (34671775.000.000) 2021-09-25 02:02:24 Image size of job updated: 1660
	1660  -  MemoryUsage of job (MB)
	1700452  -  ResidentSetSize of job (KB)
...
006 (34671775.000.000) 2021-09-25 02:03:25 Image size of job updated: 1660
	1660  -  MemoryUsage of job (MB)
	1700584  -  ResidentSetSize of job (KB)
...
006 (34671775.000.000) 2021-09-25 02:07:27 Image size of job updated: 1661
	1661  -  MemoryUsage of job (MB)
	1700956  -  ResidentSetSize of job (KB)
...
006 (34671775.000.000) 2021-09-25 02:11:31 Image size of job updated: 1661
	1661  -  MemoryUsage of job (MB)
	1701372  -  ResidentSetSize of job (KB)
...
006 (34671775.000.000) 2021-09-25 02:12:31 Image size of job updated: 1661
	1661  -  MemoryUsage of job (MB)
	1701376  -  ResidentSetSize of job (KB)
...
006 (34671775.000.000) 2021-09-25 02:15:32 Image size of job updated: 1661
	1661  -  MemoryUsage of job (MB)
	1701736  -  ResidentSetSize of job (KB)
...
006 (34671775.000.000) 2021-09-25 02:16:33 Image size of job updated: 1661
	1661  -  MemoryUsage of job (MB)
	1701740  -  ResidentSetSize of job (KB)
...
006 (34671775.000.000) 2021-09-25 02:20:34 Image size of job updated: 1662
	1662  -  MemoryUsage of job (MB)
	1702232  -  ResidentSetSize of job (KB)
...
006 (34671775.000.000) 2021-09-25 02:24:37 Image size of job updated: 1662
	1662  -  MemoryUsage of job (MB)
	1702492  -  ResidentSetSize of job (KB)
...
006 (34671775.000.000) 2021-09-25 02:26:39 Image size of job updated: 1662
	1662  -  MemoryUsage of job (MB)
	1702628  -  ResidentSetSize of job (KB)
...
006 (34671775.000.000) 2021-09-25 02:27:40 Image size of job updated: 1662
	1662  -  MemoryUsage of job (MB)
	1702632  -  ResidentSetSize of job (KB)
...
006 (34671775.000.000) 2021-09-25 02:29:41 Image size of job updated: 1662
	1662  -  MemoryUsage of job (MB)
	1702848  -  ResidentSetSize of job (KB)
...
006 (34671775.000.000) 2021-09-25 02:31:42 Image size of job updated: 1663
	1663  -  MemoryUsage of job (MB)
	1702988  -  ResidentSetSize of job (KB)
...
006 (34671775.000.000) 2021-09-25 02:34:44 Image size of job updated: 1663
	1663  -  MemoryUsage of job (MB)
	1703276  -  ResidentSetSize of job (KB)
...
006 (34671775.000.000) 2021-09-25 02:36:44 Image size of job updated: 1663
	1663  -  MemoryUsage of job (MB)
	1703424  -  ResidentSetSize of job (KB)
...
006 (34671775.000.000) 2021-09-25 02:39:46 Image size of job updated: 1663
	1663  -  MemoryUsage of job (MB)
	1703844  -  ResidentSetSize of job (KB)
...
006 (34671775.000.000) 2021-09-25 02:41:47 Image size of job updated: 1664
	1664  -  MemoryUsage of job (MB)
	1704036  -  ResidentSetSize of job (KB)
...
006 (34671775.000.000) 2021-09-25 02:44:49 Image size of job updated: 1664
	1664  -  MemoryUsage of job (MB)
	1704592  -  ResidentSetSize of job (KB)
...
006 (34671775.000.000) 2021-09-25 02:46:51 Image size of job updated: 1664
	1664  -  MemoryUsage of job (MB)
	1704732  -  ResidentSetSize of job (KB)
...
006 (34671775.000.000) 2021-09-25 02:47:51 Image size of job updated: 1664
	1664  -  MemoryUsage of job (MB)
	1704736  -  ResidentSetSize of job (KB)
...
006 (34671775.000.000) 2021-09-25 02:49:52 Image size of job updated: 1665
	1665  -  MemoryUsage of job (MB)
	1705228  -  ResidentSetSize of job (KB)
...
006 (34671775.000.000) 2021-09-25 02:51:53 Image size of job updated: 1665
	1665  -  MemoryUsage of job (MB)
	1705232  -  ResidentSetSize of job (KB)
...
006 (34671775.000.000) 2021-09-25 02:52:54 Image size of job updated: 1665
	1665  -  MemoryUsage of job (MB)
	1705340  -  ResidentSetSize of job (KB)
...
006 (34671775.000.000) 2021-09-25 02:54:55 Image size of job updated: 1665
	1665  -  MemoryUsage of job (MB)
	1705788  -  ResidentSetSize of job (KB)
...
006 (34671775.000.000) 2021-09-25 02:57:56 Image size of job updated: 1666
	1666  -  MemoryUsage of job (MB)
	1705984  -  ResidentSetSize of job (KB)
...
006 (34671775.000.000) 2021-09-25 02:59:58 Image size of job updated: 1666
	1666  -  MemoryUsage of job (MB)
	1706320  -  ResidentSetSize of job (KB)
...
006 (34671775.000.000) 2021-09-25 03:01:59 Image size of job updated: 1666
	1666  -  MemoryUsage of job (MB)
	1706800  -  ResidentSetSize of job (KB)
...
006 (34671775.000.000) 2021-09-25 03:04:59 Image size of job updated: 1667
	1667  -  MemoryUsage of job (MB)
	1707168  -  ResidentSetSize of job (KB)
...
006 (34671775.000.000) 2021-09-25 03:07:01 Image size of job updated: 1667
	1667  -  MemoryUsage of job (MB)
	1707320  -  ResidentSetSize of job (KB)
...
006 (34671775.000.000) 2021-09-25 03:10:03 Image size of job updated: 1667
	1667  -  MemoryUsage of job (MB)
	1707556  -  ResidentSetSize of job (KB)
...
006 (34671775.000.000) 2021-09-25 03:12:05 Image size of job updated: 1667
	1667  -  MemoryUsage of job (MB)
	1707628  -  ResidentSetSize of job (KB)
...
006 (34671775.000.000) 2021-09-25 03:14:06 Image size of job updated: 1667
	1667  -  MemoryUsage of job (MB)
	1707960  -  ResidentSetSize of job (KB)
...
006 (34671775.000.000) 2021-09-25 03:15:06 Image size of job updated: 1668
	1668  -  MemoryUsage of job (MB)
	1708048  -  ResidentSetSize of job (KB)
...
006 (34671775.000.000) 2021-09-25 03:19:07 Image size of job updated: 1668
	1668  -  MemoryUsage of job (MB)
	1708340  -  ResidentSetSize of job (KB)
...
006 (34671775.000.000) 2021-09-25 03:20:08 Image size of job updated: 1668
	1668  -  MemoryUsage of job (MB)
	1708476  -  ResidentSetSize of job (KB)
...
006 (34671775.000.000) 2021-09-25 03:23:10 Image size of job updated: 1668
	1668  -  MemoryUsage of job (MB)
	1708784  -  ResidentSetSize of job (KB)
...
006 (34671775.000.000) 2021-09-25 03:24:11 Image size of job updated: 1668
	1668  -  MemoryUsage of job (MB)
	1708896  -  ResidentSetSize of job (KB)
...
006 (34671775.000.000) 2021-09-25 03:27:13 Image size of job updated: 1669
	1669  -  MemoryUsage of job (MB)
	1709076  -  ResidentSetSize of job (KB)
...
006 (34671775.000.000) 2021-09-25 03:28:13 Image size of job updated: 1669
	1669  -  MemoryUsage of job (MB)
	1709172  -  ResidentSetSize of job (KB)
...
006 (34671775.000.000) 2021-09-25 03:32:16 Image size of job updated: 1669
	1669  -  MemoryUsage of job (MB)
	1709576  -  ResidentSetSize of job (KB)
...
006 (34671775.000.000) 2021-09-25 03:33:17 Image size of job updated: 1669
	1669  -  MemoryUsage of job (MB)
	1709660  -  ResidentSetSize of job (KB)
...
006 (34671775.000.000) 2021-09-25 03:34:18 Image size of job updated: 1669
	1669  -  MemoryUsage of job (MB)
	1709664  -  ResidentSetSize of job (KB)
...
006 (34671775.000.000) 2021-09-25 03:36:19 Image size of job updated: 1670
	1670  -  MemoryUsage of job (MB)
	1710088  -  ResidentSetSize of job (KB)
...
006 (34671775.000.000) 2021-09-25 03:37:20 Image size of job updated: 1670
	1670  -  MemoryUsage of job (MB)
	1710092  -  ResidentSetSize of job (KB)
...
006 (34671775.000.000) 2021-09-25 03:40:21 Image size of job updated: 1670
	1670  -  MemoryUsage of job (MB)
	1710276  -  ResidentSetSize of job (KB)
...
006 (34671775.000.000) 2021-09-25 03:41:22 Image size of job updated: 1670
	1670  -  MemoryUsage of job (MB)
	1710396  -  ResidentSetSize of job (KB)
...
006 (34671775.000.000) 2021-09-25 03:45:24 Image size of job updated: 1670
	1670  -  MemoryUsage of job (MB)
	1710844  -  ResidentSetSize of job (KB)
...
006 (34671775.000.000) 2021-09-25 03:49:28 Image size of job updated: 1671
	1671  -  MemoryUsage of job (MB)
	1711228  -  ResidentSetSize of job (KB)
...
006 (34671775.000.000) 2021-09-25 03:50:28 Image size of job updated: 1671
	1671  -  MemoryUsage of job (MB)
	1711360  -  ResidentSetSize of job (KB)
...
006 (34671775.000.000) 2021-09-25 03:54:31 Image size of job updated: 1671
	1671  -  MemoryUsage of job (MB)
	1711600  -  ResidentSetSize of job (KB)
...
006 (34671775.000.000) 2021-09-25 03:55:31 Image size of job updated: 1671
	1671  -  MemoryUsage of job (MB)
	1711724  -  ResidentSetSize of job (KB)
...
006 (34671775.000.000) 2021-09-25 03:56:31 Image size of job updated: 1671
	1671  -  MemoryUsage of job (MB)
	1711728  -  ResidentSetSize of job (KB)
...
006 (34671775.000.000) 2021-09-25 03:59:33 Image size of job updated: 1671
	1671  -  MemoryUsage of job (MB)
	1712028  -  ResidentSetSize of job (KB)
...
006 (34671775.000.000) 2021-09-25 04:00:34 Image size of job updated: 1671
	1671  -  MemoryUsage of job (MB)
	1712096  -  ResidentSetSize of job (KB)
...
006 (34671775.000.000) 2021-09-25 04:05:39 Image size of job updated: 1672
	1672  -  MemoryUsage of job (MB)
	1712468  -  ResidentSetSize of job (KB)
...
006 (34671775.000.000) 2021-09-25 04:07:41 Image size of job updated: 1672
	1672  -  MemoryUsage of job (MB)
	1712472  -  ResidentSetSize of job (KB)
...
006 (34671775.000.000) 2021-09-25 04:10:42 Image size of job updated: 1672
	1672  -  MemoryUsage of job (MB)
	1712800  -  ResidentSetSize of job (KB)
...
006 (34671775.000.000) 2021-09-25 04:11:42 Image size of job updated: 1672
	1672  -  MemoryUsage of job (MB)
	1712884  -  ResidentSetSize of job (KB)
...
006 (34671775.000.000) 2021-09-25 04:15:45 Image size of job updated: 1673
	1673  -  MemoryUsage of job (MB)
	1713216  -  ResidentSetSize of job (KB)
...
006 (34671775.000.000) 2021-09-25 04:16:46 Image size of job updated: 1673
	1673  -  MemoryUsage of job (MB)
	1713364  -  ResidentSetSize of job (KB)
...
006 (34671775.000.000) 2021-09-25 04:20:49 Image size of job updated: 1673
	1673  -  MemoryUsage of job (MB)
	1713656  -  ResidentSetSize of job (KB)
...
006 (34671775.000.000) 2021-09-25 04:21:50 Image size of job updated: 1673
	1673  -  MemoryUsage of job (MB)
	1713788  -  ResidentSetSize of job (KB)
...
006 (34671775.000.000) 2021-09-25 04:25:51 Image size of job updated: 1673
	1673  -  MemoryUsage of job (MB)
	1714024  -  ResidentSetSize of job (KB)
...
006 (34671775.000.000) 2021-09-25 04:26:52 Image size of job updated: 1673
	1673  -  MemoryUsage of job (MB)
	1714104  -  ResidentSetSize of job (KB)
...
006 (34671775.000.000) 2021-09-25 04:27:53 Image size of job updated: 1673
	1673  -  MemoryUsage of job (MB)
	1714108  -  ResidentSetSize of job (KB)
...
006 (34671775.000.000) 2021-09-25 04:30:54 Image size of job updated: 1674
	1674  -  MemoryUsage of job (MB)
	1714424  -  ResidentSetSize of job (KB)
...
006 (34671775.000.000) 2021-09-25 04:31:55 Image size of job updated: 1674
	1674  -  MemoryUsage of job (MB)
	1714472  -  ResidentSetSize of job (KB)
...
006 (34671775.000.000) 2021-09-25 04:32:57 Image size of job updated: 1674
	1674  -  MemoryUsage of job (MB)
	1714476  -  ResidentSetSize of job (KB)
...
006 (34671775.000.000) 2021-09-25 04:35:59 Image size of job updated: 1674
	1674  -  MemoryUsage of job (MB)
	1714824  -  ResidentSetSize of job (KB)
...
006 (34671775.000.000) 2021-09-25 04:36:59 Image size of job updated: 1674
	1674  -  MemoryUsage of job (MB)
	1714916  -  ResidentSetSize of job (KB)
...
006 (34671775.000.000) 2021-09-25 04:37:59 Image size of job updated: 1674
	1674  -  MemoryUsage of job (MB)
	1714920  -  ResidentSetSize of job (KB)
...
006 (34671775.000.000) 2021-09-25 04:41:01 Image size of job updated: 1675
	1675  -  MemoryUsage of job (MB)
	1715240  -  ResidentSetSize of job (KB)
...
006 (34671775.000.000) 2021-09-25 04:42:01 Image size of job updated: 1675
	1675  -  MemoryUsage of job (MB)
	1715244  -  ResidentSetSize of job (KB)
...
006 (34671775.000.000) 2021-09-25 04:43:01 Image size of job updated: 1675
	1675  -  MemoryUsage of job (MB)
	1715248  -  ResidentSetSize of job (KB)
...
006 (34671775.000.000) 2021-09-25 04:46:03 Image size of job updated: 1675
	1675  -  MemoryUsage of job (MB)
	1715656  -  ResidentSetSize of job (KB)
...
006 (34671775.000.000) 2021-09-25 04:48:04 Image size of job updated: 1675
	1675  -  MemoryUsage of job (MB)
	1715660  -  ResidentSetSize of job (KB)
...
006 (34671775.000.000) 2021-09-25 04:51:05 Image size of job updated: 1675
	1675  -  MemoryUsage of job (MB)
	1715980  -  ResidentSetSize of job (KB)
...
006 (34671775.000.000) 2021-09-25 04:52:05 Image size of job updated: 1675
	1675  -  MemoryUsage of job (MB)
	1716088  -  ResidentSetSize of job (KB)
...
006 (34671775.000.000) 2021-09-25 04:56:08 Image size of job updated: 1676
	1676  -  MemoryUsage of job (MB)
	1716432  -  ResidentSetSize of job (KB)
...
006 (34671775.000.000) 2021-09-25 04:57:09 Image size of job updated: 1676
	1676  -  MemoryUsage of job (MB)
	1716528  -  ResidentSetSize of job (KB)
...
006 (34671775.000.000) 2021-09-25 05:01:11 Image size of job updated: 1676
	1676  -  MemoryUsage of job (MB)
	1716744  -  ResidentSetSize of job (KB)
...
006 (34671775.000.000) 2021-09-25 05:02:11 Image size of job updated: 1676
	1676  -  MemoryUsage of job (MB)
	1716872  -  ResidentSetSize of job (KB)
...
006 (34671775.000.000) 2021-09-25 05:03:13 Image size of job updated: 1676
	1676  -  MemoryUsage of job (MB)
	1716876  -  ResidentSetSize of job (KB)
...
006 (34671775.000.000) 2021-09-25 05:06:15 Image size of job updated: 1676
	1676  -  MemoryUsage of job (MB)
	1717224  -  ResidentSetSize of job (KB)
...
006 (34671775.000.000) 2021-09-25 05:07:17 Image size of job updated: 1677
	1677  -  MemoryUsage of job (MB)
	1717308  -  ResidentSetSize of job (KB)
...
006 (34671775.000.000) 2021-09-25 05:11:18 Image size of job updated: 1677
	1677  -  MemoryUsage of job (MB)
	1717580  -  ResidentSetSize of job (KB)
...
006 (34671775.000.000) 2021-09-25 05:12:19 Image size of job updated: 1677
	1677  -  MemoryUsage of job (MB)
	1717660  -  ResidentSetSize of job (KB)
...
006 (34671775.000.000) 2021-09-25 05:13:19 Image size of job updated: 1677
	1677  -  MemoryUsage of job (MB)
	1717664  -  ResidentSetSize of job (KB)
...
006 (34671775.000.000) 2021-09-25 05:16:21 Image size of job updated: 1677
	1677  -  MemoryUsage of job (MB)
	1718016  -  ResidentSetSize of job (KB)
...
006 (34671775.000.000) 2021-09-25 05:21:23 Image size of job updated: 1678
	1678  -  MemoryUsage of job (MB)
	1718484  -  ResidentSetSize of job (KB)
...
006 (34671775.000.000) 2021-09-25 05:23:23 Image size of job updated: 1678
	1678  -  MemoryUsage of job (MB)
	1718488  -  ResidentSetSize of job (KB)
...
006 (34671775.000.000) 2021-09-25 05:25:25 Image size of job updated: 1678
	1678  -  MemoryUsage of job (MB)
	1718868  -  ResidentSetSize of job (KB)
...
006 (34671775.000.000) 2021-09-25 05:27:28 Image size of job updated: 1678
	1678  -  MemoryUsage of job (MB)
	1718872  -  ResidentSetSize of job (KB)
...
006 (34671775.000.000) 2021-09-25 05:29:29 Image size of job updated: 1678
	1678  -  MemoryUsage of job (MB)
	1719248  -  ResidentSetSize of job (KB)
...
006 (34671775.000.000) 2021-09-25 05:31:30 Image size of job updated: 1678
	1678  -  MemoryUsage of job (MB)
	1719252  -  ResidentSetSize of job (KB)
...
006 (34671775.000.000) 2021-09-25 05:33:32 Image size of job updated: 1679
	1679  -  MemoryUsage of job (MB)
	1719648  -  ResidentSetSize of job (KB)
...
006 (34671775.000.000) 2021-09-25 05:34:33 Image size of job updated: 1679
	1679  -  MemoryUsage of job (MB)
	1719652  -  ResidentSetSize of job (KB)
...
006 (34671775.000.000) 2021-09-25 05:37:34 Image size of job updated: 1679
	1679  -  MemoryUsage of job (MB)
	1719944  -  ResidentSetSize of job (KB)
...
006 (34671775.000.000) 2021-09-25 05:38:35 Image size of job updated: 1679
	1679  -  MemoryUsage of job (MB)
	1720028  -  ResidentSetSize of job (KB)
...
006 (34671775.000.000) 2021-09-25 05:39:36 Image size of job updated: 1679
	1679  -  MemoryUsage of job (MB)
	1720032  -  ResidentSetSize of job (KB)
...
006 (34671775.000.000) 2021-09-25 05:42:37 Image size of job updated: 1680
	1680  -  MemoryUsage of job (MB)
	1720400  -  ResidentSetSize of job (KB)
...
006 (34671775.000.000) 2021-09-25 05:44:38 Image size of job updated: 1680
	1680  -  MemoryUsage of job (MB)
	1720404  -  ResidentSetSize of job (KB)
...
006 (34671775.000.000) 2021-09-25 05:46:38 Image size of job updated: 1680
	1680  -  MemoryUsage of job (MB)
	1720860  -  ResidentSetSize of job (KB)
...
006 (34671775.000.000) 2021-09-25 05:50:39 Image size of job updated: 1680
	1680  -  MemoryUsage of job (MB)
	1721272  -  ResidentSetSize of job (KB)
...
006 (34671775.000.000) 2021-09-25 05:54:41 Image size of job updated: 1681
	1681  -  MemoryUsage of job (MB)
	1721516  -  ResidentSetSize of job (KB)
...
006 (34671775.000.000) 2021-09-25 05:55:43 Image size of job updated: 1681
	1681  -  MemoryUsage of job (MB)
	1721612  -  ResidentSetSize of job (KB)
...
006 (34671775.000.000) 2021-09-25 05:59:43 Image size of job updated: 1681
	1681  -  MemoryUsage of job (MB)
	1721908  -  ResidentSetSize of job (KB)
...
006 (34671775.000.000) 2021-09-25 06:00:43 Image size of job updated: 1681
	1681  -  MemoryUsage of job (MB)
	1722012  -  ResidentSetSize of job (KB)
...
006 (34671775.000.000) 2021-09-25 06:03:44 Image size of job updated: 1681
	1681  -  MemoryUsage of job (MB)
	1722264  -  ResidentSetSize of job (KB)
...
006 (34671775.000.000) 2021-09-25 06:04:44 Image size of job updated: 1681
	1681  -  MemoryUsage of job (MB)
	1722336  -  ResidentSetSize of job (KB)
...
006 (34671775.000.000) 2021-09-25 06:07:45 Image size of job updated: 1682
	1682  -  MemoryUsage of job (MB)
	1722668  -  ResidentSetSize of job (KB)
...
006 (34671775.000.000) 2021-09-25 06:08:45 Image size of job updated: 1682
	1682  -  MemoryUsage of job (MB)
	1722784  -  ResidentSetSize of job (KB)
...
006 (34671775.000.000) 2021-09-25 06:09:46 Image size of job updated: 1682
	1682  -  MemoryUsage of job (MB)
	1722788  -  ResidentSetSize of job (KB)
...
006 (34671775.000.000) 2021-09-25 06:11:49 Image size of job updated: 1682
	1682  -  MemoryUsage of job (MB)
	1722964  -  ResidentSetSize of job (KB)
...
006 (34671775.000.000) 2021-09-25 06:12:50 Image size of job updated: 1682
	1682  -  MemoryUsage of job (MB)
	1723108  -  ResidentSetSize of job (KB)
...
006 (34671775.000.000) 2021-09-25 06:14:52 Image size of job updated: 1682
	1682  -  MemoryUsage of job (MB)
	1723112  -  ResidentSetSize of job (KB)
...
006 (34671775.000.000) 2021-09-25 06:16:54 Image size of job updated: 1683
	1683  -  MemoryUsage of job (MB)
	1723396  -  ResidentSetSize of job (KB)
...
006 (34671775.000.000) 2021-09-25 06:17:55 Image size of job updated: 1683
	1683  -  MemoryUsage of job (MB)
	1723528  -  ResidentSetSize of job (KB)
...
006 (34671775.000.000) 2021-09-25 06:20:22 Image size of job updated: 1683
	1683  -  MemoryUsage of job (MB)
	1723784  -  ResidentSetSize of job (KB)
...
040 (34671775.000.000) 2021-09-25 06:20:22 Started transferring output files
...
040 (34671775.000.000) 2021-09-25 06:20:22 Finished transferring output files
...
005 (34671775.000.000) 2021-09-25 06:20:24 Job terminated.
	(1) Normal termination (return value 0)
		Usr 0 01:11:28, Sys 0 06:24:54  -  Run Remote Usage
		Usr 0 00:00:00, Sys 0 00:00:00  -  Run Local Usage
		Usr 0 01:11:28, Sys 0 06:24:54  -  Total Remote Usage
		Usr 0 00:00:00, Sys 0 00:00:00  -  Total Local Usage
	1231890  -  Run Bytes Sent By Job
	8471570  -  Run Bytes Received By Job
	1231890  -  Total Bytes Sent By Job
	8471570  -  Total Bytes Received By Job
	Partitionable Resources :    Usage  Request Allocated 
	   Cpus                 :     0.00        1         1 
	   Disk (KB)            : 18480       10000    725002 
	   Memory (MB)          :  1683        2048      2048 

	Job terminated of its own accord at 2021-09-25T11:20:22Z.
...
