000 (34567824.000.000) 2021-09-17 07:09:24 Job submitted from host: <131.225.188.57:9618?addrs=131.225.188.57-9618&alias=lpcschedd2.fnal.gov&noUDP&sock=schedd_2251_93c6>
...
040 (34567824.000.000) 2021-09-17 16:52:50 Started transferring input files
	Transferring to host: <131.225.191.146:9618?addrs=131.225.191.146-9618&alias=cmswn1880.fnal.gov&noUDP&sock=slot1_3_1239_bccb_2099>
...
040 (34567824.000.000) 2021-09-17 16:52:50 Finished transferring input files
...
001 (34567824.000.000) 2021-09-17 16:52:51 Job executing on host: <131.225.191.146:9618?addrs=131.225.191.146-9618&alias=cmswn1880.fnal.gov&noUDP&sock=startd_1147_5337>
...
006 (34567824.000.000) 2021-09-17 16:53:00 Image size of job updated: 42
	42  -  MemoryUsage of job (MB)
	43080  -  ResidentSetSize of job (KB)
...
006 (34567824.000.000) 2021-09-17 16:54:01 Image size of job updated: 558
	558  -  MemoryUsage of job (MB)
	571424  -  ResidentSetSize of job (KB)
...
006 (34567824.000.000) 2021-09-17 16:58:04 Image size of job updated: 559
	559  -  MemoryUsage of job (MB)
	573216  -  ResidentSetSize of job (KB)
...
006 (34567824.000.000) 2021-09-17 16:59:04 Image size of job updated: 608
	608  -  MemoryUsage of job (MB)
	622780  -  ResidentSetSize of job (KB)
...
006 (34567824.000.000) 2021-09-17 17:00:05 Image size of job updated: 650
	650  -  MemoryUsage of job (MB)
	666204  -  ResidentSetSize of job (KB)
...
006 (34567824.000.000) 2021-09-17 17:01:06 Image size of job updated: 688
	688  -  MemoryUsage of job (MB)
	705316  -  ResidentSetSize of job (KB)
...
006 (34567824.000.000) 2021-09-17 17:02:06 Image size of job updated: 724
	724  -  MemoryUsage of job (MB)
	741396  -  ResidentSetSize of job (KB)
...
006 (34567824.000.000) 2021-09-17 17:03:07 Image size of job updated: 757
	757  -  MemoryUsage of job (MB)
	775368  -  ResidentSetSize of job (KB)
...
006 (34567824.000.000) 2021-09-17 17:04:07 Image size of job updated: 788
	788  -  MemoryUsage of job (MB)
	807664  -  ResidentSetSize of job (KB)
...
006 (34567824.000.000) 2021-09-17 17:05:07 Image size of job updated: 819
	819  -  MemoryUsage of job (MB)
	839164  -  ResidentSetSize of job (KB)
...
006 (34567824.000.000) 2021-09-17 17:06:08 Image size of job updated: 850
	850  -  MemoryUsage of job (MB)
	870880  -  ResidentSetSize of job (KB)
...
006 (34567824.000.000) 2021-09-17 17:07:08 Image size of job updated: 876
	876  -  MemoryUsage of job (MB)
	897416  -  ResidentSetSize of job (KB)
...
006 (34567824.000.000) 2021-09-17 17:08:09 Image size of job updated: 913
	913  -  MemoryUsage of job (MB)
	935552  -  ResidentSetSize of job (KB)
...
006 (34567824.000.000) 2021-09-17 17:09:10 Image size of job updated: 940
	940  -  MemoryUsage of job (MB)
	962952  -  ResidentSetSize of job (KB)
...
006 (34567824.000.000) 2021-09-17 17:10:10 Image size of job updated: 965
	965  -  MemoryUsage of job (MB)
	988232  -  ResidentSetSize of job (KB)
...
006 (34567824.000.000) 2021-09-17 17:11:11 Image size of job updated: 988
	988  -  MemoryUsage of job (MB)
	1012552  -  ResidentSetSize of job (KB)
...
006 (34567824.000.000) 2021-09-17 17:12:11 Image size of job updated: 1012
	1012  -  MemoryUsage of job (MB)
	1036308  -  ResidentSetSize of job (KB)
...
006 (34567824.000.000) 2021-09-17 17:13:11 Image size of job updated: 1039
	1039  -  MemoryUsage of job (MB)
	1063964  -  ResidentSetSize of job (KB)
...
006 (34567824.000.000) 2021-09-17 17:14:12 Image size of job updated: 1070
	1070  -  MemoryUsage of job (MB)
	1096332  -  ResidentSetSize of job (KB)
...
006 (34567824.000.000) 2021-09-17 17:15:12 Image size of job updated: 1092
	1092  -  MemoryUsage of job (MB)
	1118240  -  ResidentSetSize of job (KB)
...
006 (34567824.000.000) 2021-09-17 17:16:13 Image size of job updated: 1112
	1112  -  MemoryUsage of job (MB)
	1139568  -  ResidentSetSize of job (KB)
...
006 (34567824.000.000) 2021-09-17 17:17:14 Image size of job updated: 1133
	1133  -  MemoryUsage of job (MB)
	1160812  -  ResidentSetSize of job (KB)
...
006 (34567824.000.000) 2021-09-17 17:18:14 Image size of job updated: 1154
	1154  -  MemoryUsage of job (MB)
	1182116  -  ResidentSetSize of job (KB)
...
006 (34567824.000.000) 2021-09-17 17:19:15 Image size of job updated: 1174
	1174  -  MemoryUsage of job (MB)
	1202252  -  ResidentSetSize of job (KB)
...
006 (34567824.000.000) 2021-09-17 17:20:15 Image size of job updated: 1193
	1193  -  MemoryUsage of job (MB)
	1221924  -  ResidentSetSize of job (KB)
...
006 (34567824.000.000) 2021-09-17 17:21:15 Image size of job updated: 1212
	1212  -  MemoryUsage of job (MB)
	1241272  -  ResidentSetSize of job (KB)
...
006 (34567824.000.000) 2021-09-17 17:22:16 Image size of job updated: 1230
	1230  -  MemoryUsage of job (MB)
	1260220  -  ResidentSetSize of job (KB)
...
006 (34567824.000.000) 2021-09-17 17:23:16 Image size of job updated: 1248
	1248  -  MemoryUsage of job (MB)
	1278692  -  ResidentSetSize of job (KB)
...
006 (34567824.000.000) 2021-09-17 17:24:17 Image size of job updated: 1266
	1266  -  MemoryUsage of job (MB)
	1297096  -  ResidentSetSize of job (KB)
...
006 (34567824.000.000) 2021-09-17 17:25:17 Image size of job updated: 1282
	1282  -  MemoryUsage of job (MB)
	1313312  -  ResidentSetSize of job (KB)
...
006 (34567824.000.000) 2021-09-17 17:26:17 Image size of job updated: 1299
	1299  -  MemoryUsage of job (MB)
	1330920  -  ResidentSetSize of job (KB)
...
006 (34567824.000.000) 2021-09-17 17:27:18 Image size of job updated: 1316
	1316  -  MemoryUsage of job (MB)
	1348204  -  ResidentSetSize of job (KB)
...
006 (34567824.000.000) 2021-09-17 17:28:18 Image size of job updated: 1333
	1333  -  MemoryUsage of job (MB)
	1365476  -  ResidentSetSize of job (KB)
...
006 (34567824.000.000) 2021-09-17 17:29:19 Image size of job updated: 1350
	1350  -  MemoryUsage of job (MB)
	1382956  -  ResidentSetSize of job (KB)
...
006 (34567824.000.000) 2021-09-17 17:30:20 Image size of job updated: 1366
	1366  -  MemoryUsage of job (MB)
	1399164  -  ResidentSetSize of job (KB)
...
006 (34567824.000.000) 2021-09-17 17:31:20 Image size of job updated: 1382
	1382  -  MemoryUsage of job (MB)
	1415696  -  ResidentSetSize of job (KB)
...
006 (34567824.000.000) 2021-09-17 17:32:21 Image size of job updated: 1398
	1398  -  MemoryUsage of job (MB)
	1431976  -  ResidentSetSize of job (KB)
...
006 (34567824.000.000) 2021-09-17 17:33:21 Image size of job updated: 1414
	1414  -  MemoryUsage of job (MB)
	1448000  -  ResidentSetSize of job (KB)
...
006 (34567824.000.000) 2021-09-17 17:34:21 Image size of job updated: 1429
	1429  -  MemoryUsage of job (MB)
	1463912  -  ResidentSetSize of job (KB)
...
006 (34567824.000.000) 2021-09-17 17:35:22 Image size of job updated: 1444
	1444  -  MemoryUsage of job (MB)
	1479636  -  ResidentSetSize of job (KB)
...
006 (34567824.000.000) 2021-09-17 17:36:22 Image size of job updated: 1460
	1460  -  MemoryUsage of job (MB)
	1495144  -  ResidentSetSize of job (KB)
...
006 (34567824.000.000) 2021-09-17 17:37:22 Image size of job updated: 1475
	1475  -  MemoryUsage of job (MB)
	1510412  -  ResidentSetSize of job (KB)
...
006 (34567824.000.000) 2021-09-17 17:38:23 Image size of job updated: 1489
	1489  -  MemoryUsage of job (MB)
	1525580  -  ResidentSetSize of job (KB)
...
006 (34567824.000.000) 2021-09-17 17:39:23 Image size of job updated: 1504
	1504  -  MemoryUsage of job (MB)
	1540464  -  ResidentSetSize of job (KB)
...
006 (34567824.000.000) 2021-09-17 17:40:24 Image size of job updated: 1518
	1518  -  MemoryUsage of job (MB)
	1555260  -  ResidentSetSize of job (KB)
...
006 (34567824.000.000) 2021-09-17 17:41:25 Image size of job updated: 1533
	1533  -  MemoryUsage of job (MB)
	1569900  -  ResidentSetSize of job (KB)
...
006 (34567824.000.000) 2021-09-17 17:42:25 Image size of job updated: 1625
	1625  -  MemoryUsage of job (MB)
	1664216  -  ResidentSetSize of job (KB)
...
006 (34567824.000.000) 2021-09-17 17:43:26 Image size of job updated: 1632
	1632  -  MemoryUsage of job (MB)
	1672116  -  ResidentSetSize of job (KB)
...
006 (34567824.000.000) 2021-09-17 17:44:27 Image size of job updated: 1637
	1637  -  MemoryUsage of job (MB)
	1677292  -  ResidentSetSize of job (KB)
...
006 (34567824.000.000) 2021-09-17 17:45:27 Image size of job updated: 1640
	1640  -  MemoryUsage of job (MB)
	1680148  -  ResidentSetSize of job (KB)
...
006 (34567824.000.000) 2021-09-17 17:46:28 Image size of job updated: 1641
	1641  -  MemoryUsage of job (MB)
	1681240  -  ResidentSetSize of job (KB)
...
006 (34567824.000.000) 2021-09-17 17:47:28 Image size of job updated: 1643
	1643  -  MemoryUsage of job (MB)
	1682832  -  ResidentSetSize of job (KB)
...
006 (34567824.000.000) 2021-09-17 17:48:29 Image size of job updated: 1644
	1644  -  MemoryUsage of job (MB)
	1684380  -  ResidentSetSize of job (KB)
...
006 (34567824.000.000) 2021-09-17 17:49:29 Image size of job updated: 1645
	1645  -  MemoryUsage of job (MB)
	1685412  -  ResidentSetSize of job (KB)
...
006 (34567824.000.000) 2021-09-17 17:50:29 Image size of job updated: 1646
	1646  -  MemoryUsage of job (MB)
	1686268  -  ResidentSetSize of job (KB)
...
006 (34567824.000.000) 2021-09-17 17:51:30 Image size of job updated: 1647
	1647  -  MemoryUsage of job (MB)
	1687228  -  ResidentSetSize of job (KB)
...
006 (34567824.000.000) 2021-09-17 17:52:31 Image size of job updated: 1648
	1648  -  MemoryUsage of job (MB)
	1688108  -  ResidentSetSize of job (KB)
...
006 (34567824.000.000) 2021-09-17 17:53:31 Image size of job updated: 1649
	1649  -  MemoryUsage of job (MB)
	1688576  -  ResidentSetSize of job (KB)
...
006 (34567824.000.000) 2021-09-17 17:54:32 Image size of job updated: 1649
	1649  -  MemoryUsage of job (MB)
	1689448  -  ResidentSetSize of job (KB)
...
006 (34567824.000.000) 2021-09-17 17:55:32 Image size of job updated: 1650
	1650  -  MemoryUsage of job (MB)
	1690372  -  ResidentSetSize of job (KB)
...
006 (34567824.000.000) 2021-09-17 17:56:33 Image size of job updated: 1651
	1651  -  MemoryUsage of job (MB)
	1690872  -  ResidentSetSize of job (KB)
...
006 (34567824.000.000) 2021-09-17 17:57:33 Image size of job updated: 1652
	1652  -  MemoryUsage of job (MB)
	1691848  -  ResidentSetSize of job (KB)
...
006 (34567824.000.000) 2021-09-17 17:58:33 Image size of job updated: 1653
	1653  -  MemoryUsage of job (MB)
	1692684  -  ResidentSetSize of job (KB)
...
006 (34567824.000.000) 2021-09-17 17:59:34 Image size of job updated: 1653
	1653  -  MemoryUsage of job (MB)
	1693308  -  ResidentSetSize of job (KB)
...
006 (34567824.000.000) 2021-09-17 18:00:34 Image size of job updated: 1654
	1654  -  MemoryUsage of job (MB)
	1693960  -  ResidentSetSize of job (KB)
...
006 (34567824.000.000) 2021-09-17 18:01:35 Image size of job updated: 1655
	1655  -  MemoryUsage of job (MB)
	1694888  -  ResidentSetSize of job (KB)
...
006 (34567824.000.000) 2021-09-17 18:02:36 Image size of job updated: 1655
	1655  -  MemoryUsage of job (MB)
	1695348  -  ResidentSetSize of job (KB)
...
006 (34567824.000.000) 2021-09-17 18:03:36 Image size of job updated: 1656
	1656  -  MemoryUsage of job (MB)
	1696184  -  ResidentSetSize of job (KB)
...
006 (34567824.000.000) 2021-09-17 18:04:37 Image size of job updated: 1657
	1657  -  MemoryUsage of job (MB)
	1696944  -  ResidentSetSize of job (KB)
...
006 (34567824.000.000) 2021-09-17 18:05:37 Image size of job updated: 1657
	1657  -  MemoryUsage of job (MB)
	1697348  -  ResidentSetSize of job (KB)
...
006 (34567824.000.000) 2021-09-17 18:06:37 Image size of job updated: 1658
	1658  -  MemoryUsage of job (MB)
	1698184  -  ResidentSetSize of job (KB)
...
006 (34567824.000.000) 2021-09-17 18:07:38 Image size of job updated: 1659
	1659  -  MemoryUsage of job (MB)
	1699068  -  ResidentSetSize of job (KB)
...
006 (34567824.000.000) 2021-09-17 18:08:38 Image size of job updated: 1659
	1659  -  MemoryUsage of job (MB)
	1699768  -  ResidentSetSize of job (KB)
...
006 (34567824.000.000) 2021-09-17 18:09:38 Image size of job updated: 1660
	1660  -  MemoryUsage of job (MB)
	1700336  -  ResidentSetSize of job (KB)
...
006 (34567824.000.000) 2021-09-17 18:10:39 Image size of job updated: 1661
	1661  -  MemoryUsage of job (MB)
	1701152  -  ResidentSetSize of job (KB)
...
006 (34567824.000.000) 2021-09-17 18:11:39 Image size of job updated: 1661
	1661  -  MemoryUsage of job (MB)
	1701848  -  ResidentSetSize of job (KB)
...
006 (34567824.000.000) 2021-09-17 18:12:39 Image size of job updated: 1662
	1662  -  MemoryUsage of job (MB)
	1702260  -  ResidentSetSize of job (KB)
...
006 (34567824.000.000) 2021-09-17 18:13:40 Image size of job updated: 1663
	1663  -  MemoryUsage of job (MB)
	1703084  -  ResidentSetSize of job (KB)
...
006 (34567824.000.000) 2021-09-17 18:14:40 Image size of job updated: 1663
	1663  -  MemoryUsage of job (MB)
	1703540  -  ResidentSetSize of job (KB)
...
006 (34567824.000.000) 2021-09-17 18:15:41 Image size of job updated: 1664
	1664  -  MemoryUsage of job (MB)
	1704284  -  ResidentSetSize of job (KB)
...
006 (34567824.000.000) 2021-09-17 18:16:42 Image size of job updated: 1665
	1665  -  MemoryUsage of job (MB)
	1705168  -  ResidentSetSize of job (KB)
...
006 (34567824.000.000) 2021-09-17 18:17:42 Image size of job updated: 1665
	1665  -  MemoryUsage of job (MB)
	1705516  -  ResidentSetSize of job (KB)
...
006 (34567824.000.000) 2021-09-17 18:18:43 Image size of job updated: 1666
	1666  -  MemoryUsage of job (MB)
	1706304  -  ResidentSetSize of job (KB)
...
006 (34567824.000.000) 2021-09-17 18:19:43 Image size of job updated: 1667
	1667  -  MemoryUsage of job (MB)
	1707012  -  ResidentSetSize of job (KB)
...
006 (34567824.000.000) 2021-09-17 18:20:43 Image size of job updated: 1667
	1667  -  MemoryUsage of job (MB)
	1707548  -  ResidentSetSize of job (KB)
...
006 (34567824.000.000) 2021-09-17 18:21:44 Image size of job updated: 1668
	1668  -  MemoryUsage of job (MB)
	1708284  -  ResidentSetSize of job (KB)
...
006 (34567824.000.000) 2021-09-17 18:22:44 Image size of job updated: 1668
	1668  -  MemoryUsage of job (MB)
	1708684  -  ResidentSetSize of job (KB)
...
006 (34567824.000.000) 2021-09-17 18:23:45 Image size of job updated: 1669
	1669  -  MemoryUsage of job (MB)
	1709576  -  ResidentSetSize of job (KB)
...
006 (34567824.000.000) 2021-09-17 18:24:46 Image size of job updated: 1670
	1670  -  MemoryUsage of job (MB)
	1710368  -  ResidentSetSize of job (KB)
...
006 (34567824.000.000) 2021-09-17 18:25:46 Image size of job updated: 1670
	1670  -  MemoryUsage of job (MB)
	1710696  -  ResidentSetSize of job (KB)
...
006 (34567824.000.000) 2021-09-17 18:26:47 Image size of job updated: 1671
	1671  -  MemoryUsage of job (MB)
	1711508  -  ResidentSetSize of job (KB)
...
006 (34567824.000.000) 2021-09-17 18:27:48 Image size of job updated: 1671
	1671  -  MemoryUsage of job (MB)
	1712004  -  ResidentSetSize of job (KB)
...
006 (34567824.000.000) 2021-09-17 18:28:48 Image size of job updated: 1672
	1672  -  MemoryUsage of job (MB)
	1712564  -  ResidentSetSize of job (KB)
...
006 (34567824.000.000) 2021-09-17 18:29:49 Image size of job updated: 1672
	1672  -  MemoryUsage of job (MB)
	1713032  -  ResidentSetSize of job (KB)
...
006 (34567824.000.000) 2021-09-17 18:30:49 Image size of job updated: 1673
	1673  -  MemoryUsage of job (MB)
	1713852  -  ResidentSetSize of job (KB)
...
006 (34567824.000.000) 2021-09-17 18:31:49 Image size of job updated: 1674
	1674  -  MemoryUsage of job (MB)
	1714548  -  ResidentSetSize of job (KB)
...
006 (34567824.000.000) 2021-09-17 18:32:50 Image size of job updated: 1674
	1674  -  MemoryUsage of job (MB)
	1714964  -  ResidentSetSize of job (KB)
...
006 (34567824.000.000) 2021-09-17 18:33:50 Image size of job updated: 1675
	1675  -  MemoryUsage of job (MB)
	1715756  -  ResidentSetSize of job (KB)
...
006 (34567824.000.000) 2021-09-17 18:34:50 Image size of job updated: 1675
	1675  -  MemoryUsage of job (MB)
	1716196  -  ResidentSetSize of job (KB)
...
006 (34567824.000.000) 2021-09-17 18:35:51 Image size of job updated: 1676
	1676  -  MemoryUsage of job (MB)
	1716984  -  ResidentSetSize of job (KB)
...
006 (34567824.000.000) 2021-09-17 18:36:51 Image size of job updated: 1677
	1677  -  MemoryUsage of job (MB)
	1717808  -  ResidentSetSize of job (KB)
...
006 (34567824.000.000) 2021-09-17 18:37:52 Image size of job updated: 1678
	1678  -  MemoryUsage of job (MB)
	1718544  -  ResidentSetSize of job (KB)
...
006 (34567824.000.000) 2021-09-17 18:38:53 Image size of job updated: 1679
	1679  -  MemoryUsage of job (MB)
	1719420  -  ResidentSetSize of job (KB)
...
006 (34567824.000.000) 2021-09-17 18:39:53 Image size of job updated: 1679
	1679  -  MemoryUsage of job (MB)
	1720104  -  ResidentSetSize of job (KB)
...
006 (34567824.000.000) 2021-09-17 18:40:53 Image size of job updated: 1680
	1680  -  MemoryUsage of job (MB)
	1720920  -  ResidentSetSize of job (KB)
...
006 (34567824.000.000) 2021-09-17 18:41:50 Image size of job updated: 1681
	1681  -  MemoryUsage of job (MB)
	1721596  -  ResidentSetSize of job (KB)
...
040 (34567824.000.000) 2021-09-17 18:41:50 Started transferring output files
...
040 (34567824.000.000) 2021-09-17 18:41:50 Finished transferring output files
...
005 (34567824.000.000) 2021-09-17 18:41:53 Job terminated.
	(1) Normal termination (return value 0)
		Usr 0 01:07:52, Sys 0 00:36:16  -  Run Remote Usage
		Usr 0 00:00:00, Sys 0 00:00:00  -  Run Local Usage
		Usr 0 01:07:52, Sys 0 00:36:16  -  Total Remote Usage
		Usr 0 00:00:00, Sys 0 00:00:00  -  Total Local Usage
	1231435  -  Run Bytes Sent By Job
	8471538  -  Run Bytes Received By Job
	1231435  -  Total Bytes Sent By Job
	8471538  -  Total Bytes Received By Job
	Partitionable Resources :    Usage  Request Allocated 
	   Cpus                 :        0        1         1 
	   Disk (KB)            :    19742    10000    316621 
	   Memory (MB)          :     1681     2048      2048 

	Job terminated of its own accord at 2021-09-17T23:41:50Z.
...
000 (73444881.000.000) 2021-09-24 22:10:47 Job submitted from host: <131.225.188.235:9618?addrs=131.225.188.235-9618&alias=lpcschedd3.fnal.gov&noUDP&sock=schedd_2706_ab5d>
...
040 (73444881.000.000) 2021-09-24 22:11:31 Started transferring input files
	Transferring to host: <131.225.188.54:9618?addrs=131.225.188.54-9618&alias=cmswn2034.fnal.gov&noUDP&sock=slot1_17_1985_5caa_4409>
...
040 (73444881.000.000) 2021-09-24 22:11:31 Finished transferring input files
...
001 (73444881.000.000) 2021-09-24 22:11:32 Job executing on host: <131.225.188.54:9618?addrs=131.225.188.54-9618&alias=cmswn2034.fnal.gov&noUDP&sock=startd_1894_b476>
...
006 (73444881.000.000) 2021-09-24 22:11:41 Image size of job updated: 14
	14  -  MemoryUsage of job (MB)
	15164  -  ResidentSetSize of job (KB)
...
006 (73444881.000.000) 2021-09-24 22:12:42 Image size of job updated: 308
	308  -  MemoryUsage of job (MB)
	316240  -  ResidentSetSize of job (KB)
...
006 (73444881.000.000) 2021-09-24 22:13:42 Image size of job updated: 536
	536  -  MemoryUsage of job (MB)
	549636  -  ResidentSetSize of job (KB)
...
006 (73444881.000.000) 2021-09-24 22:17:45 Image size of job updated: 565
	565  -  MemoryUsage of job (MB)
	578692  -  ResidentSetSize of job (KB)
...
006 (73444881.000.000) 2021-09-24 22:18:47 Image size of job updated: 613
	613  -  MemoryUsage of job (MB)
	628248  -  ResidentSetSize of job (KB)
...
006 (73444881.000.000) 2021-09-24 22:19:48 Image size of job updated: 655
	655  -  MemoryUsage of job (MB)
	671112  -  ResidentSetSize of job (KB)
...
006 (73444881.000.000) 2021-09-24 22:20:49 Image size of job updated: 693
	693  -  MemoryUsage of job (MB)
	710116  -  ResidentSetSize of job (KB)
...
006 (73444881.000.000) 2021-09-24 22:21:50 Image size of job updated: 728
	728  -  MemoryUsage of job (MB)
	745888  -  ResidentSetSize of job (KB)
...
006 (73444881.000.000) 2021-09-24 22:22:51 Image size of job updated: 761
	761  -  MemoryUsage of job (MB)
	779844  -  ResidentSetSize of job (KB)
...
006 (73444881.000.000) 2021-09-24 22:23:52 Image size of job updated: 793
	793  -  MemoryUsage of job (MB)
	812420  -  ResidentSetSize of job (KB)
...
006 (73444881.000.000) 2021-09-24 22:24:54 Image size of job updated: 824
	824  -  MemoryUsage of job (MB)
	844148  -  ResidentSetSize of job (KB)
...
006 (73444881.000.000) 2021-09-24 22:25:54 Image size of job updated: 852
	852  -  MemoryUsage of job (MB)
	873200  -  ResidentSetSize of job (KB)
...
006 (73444881.000.000) 2021-09-24 22:26:54 Image size of job updated: 881
	881  -  MemoryUsage of job (MB)
	902436  -  ResidentSetSize of job (KB)
...
006 (73444881.000.000) 2021-09-24 22:27:54 Image size of job updated: 921
	921  -  MemoryUsage of job (MB)
	943244  -  ResidentSetSize of job (KB)
...
006 (73444881.000.000) 2021-09-24 22:28:56 Image size of job updated: 948
	948  -  MemoryUsage of job (MB)
	970940  -  ResidentSetSize of job (KB)
...
006 (73444881.000.000) 2021-09-24 22:29:56 Image size of job updated: 971
	971  -  MemoryUsage of job (MB)
	994864  -  ResidentSetSize of job (KB)
...
006 (73444881.000.000) 2021-09-24 22:30:56 Image size of job updated: 996
	996  -  MemoryUsage of job (MB)
	1020240  -  ResidentSetSize of job (KB)
...
006 (73444881.000.000) 2021-09-24 22:31:58 Image size of job updated: 1022
	1022  -  MemoryUsage of job (MB)
	1046736  -  ResidentSetSize of job (KB)
...
006 (73444881.000.000) 2021-09-24 22:32:58 Image size of job updated: 1050
	1050  -  MemoryUsage of job (MB)
	1075848  -  ResidentSetSize of job (KB)
...
006 (73444881.000.000) 2021-09-24 22:33:58 Image size of job updated: 1081
	1081  -  MemoryUsage of job (MB)
	1107248  -  ResidentSetSize of job (KB)
...
006 (73444881.000.000) 2021-09-24 22:34:59 Image size of job updated: 1103
	1103  -  MemoryUsage of job (MB)
	1130016  -  ResidentSetSize of job (KB)
...
006 (73444881.000.000) 2021-09-24 22:36:00 Image size of job updated: 1125
	1125  -  MemoryUsage of job (MB)
	1152520  -  ResidentSetSize of job (KB)
...
006 (73444881.000.000) 2021-09-24 22:37:01 Image size of job updated: 1146
	1146  -  MemoryUsage of job (MB)
	1173984  -  ResidentSetSize of job (KB)
...
006 (73444881.000.000) 2021-09-24 22:38:01 Image size of job updated: 1168
	1168  -  MemoryUsage of job (MB)
	1196032  -  ResidentSetSize of job (KB)
...
006 (73444881.000.000) 2021-09-24 22:39:02 Image size of job updated: 1188
	1188  -  MemoryUsage of job (MB)
	1216776  -  ResidentSetSize of job (KB)
...
006 (73444881.000.000) 2021-09-24 22:40:04 Image size of job updated: 1208
	1208  -  MemoryUsage of job (MB)
	1237532  -  ResidentSetSize of job (KB)
...
006 (73444881.000.000) 2021-09-24 22:41:06 Image size of job updated: 1228
	1228  -  MemoryUsage of job (MB)
	1257868  -  ResidentSetSize of job (KB)
...
006 (73444881.000.000) 2021-09-24 22:42:08 Image size of job updated: 1247
	1247  -  MemoryUsage of job (MB)
	1277592  -  ResidentSetSize of job (KB)
...
006 (73444881.000.000) 2021-09-24 22:43:09 Image size of job updated: 1266
	1266  -  MemoryUsage of job (MB)
	1296868  -  ResidentSetSize of job (KB)
...
006 (73444881.000.000) 2021-09-24 22:44:10 Image size of job updated: 1285
	1285  -  MemoryUsage of job (MB)
	1315896  -  ResidentSetSize of job (KB)
...
006 (73444881.000.000) 2021-09-24 22:45:11 Image size of job updated: 1303
	1303  -  MemoryUsage of job (MB)
	1334724  -  ResidentSetSize of job (KB)
...
006 (73444881.000.000) 2021-09-24 22:46:11 Image size of job updated: 1319
	1319  -  MemoryUsage of job (MB)
	1351308  -  ResidentSetSize of job (KB)
...
006 (73444881.000.000) 2021-09-24 22:47:12 Image size of job updated: 1337
	1337  -  MemoryUsage of job (MB)
	1369692  -  ResidentSetSize of job (KB)
...
006 (73444881.000.000) 2021-09-24 22:48:13 Image size of job updated: 1354
	1354  -  MemoryUsage of job (MB)
	1387480  -  ResidentSetSize of job (KB)
...
006 (73444881.000.000) 2021-09-24 22:49:14 Image size of job updated: 1371
	1371  -  MemoryUsage of job (MB)
	1404912  -  ResidentSetSize of job (KB)
...
006 (73444881.000.000) 2021-09-24 22:50:14 Image size of job updated: 1389
	1389  -  MemoryUsage of job (MB)
	1422820  -  ResidentSetSize of job (KB)
...
006 (73444881.000.000) 2021-09-24 22:51:15 Image size of job updated: 1406
	1406  -  MemoryUsage of job (MB)
	1439996  -  ResidentSetSize of job (KB)
...
006 (73444881.000.000) 2021-09-24 22:52:17 Image size of job updated: 1423
	1423  -  MemoryUsage of job (MB)
	1457296  -  ResidentSetSize of job (KB)
...
006 (73444881.000.000) 2021-09-24 22:53:17 Image size of job updated: 1437
	1437  -  MemoryUsage of job (MB)
	1472372  -  ResidentSetSize of job (KB)
...
006 (73444881.000.000) 2021-09-24 22:54:17 Image size of job updated: 1454
	1454  -  MemoryUsage of job (MB)
	1489156  -  ResidentSetSize of job (KB)
...
006 (73444881.000.000) 2021-09-24 22:55:17 Image size of job updated: 1470
	1470  -  MemoryUsage of job (MB)
	1505408  -  ResidentSetSize of job (KB)
...
006 (73444881.000.000) 2021-09-24 22:56:17 Image size of job updated: 1486
	1486  -  MemoryUsage of job (MB)
	1521864  -  ResidentSetSize of job (KB)
...
006 (73444881.000.000) 2021-09-24 22:57:18 Image size of job updated: 1502
	1502  -  MemoryUsage of job (MB)
	1538316  -  ResidentSetSize of job (KB)
...
006 (73444881.000.000) 2021-09-24 22:58:19 Image size of job updated: 1518
	1518  -  MemoryUsage of job (MB)
	1554472  -  ResidentSetSize of job (KB)
...
006 (73444881.000.000) 2021-09-24 22:59:20 Image size of job updated: 1533
	1533  -  MemoryUsage of job (MB)
	1570484  -  ResidentSetSize of job (KB)
...
006 (73444881.000.000) 2021-09-24 23:00:20 Image size of job updated: 1622
	1622  -  MemoryUsage of job (MB)
	1661236  -  ResidentSetSize of job (KB)
...
006 (73444881.000.000) 2021-09-24 23:01:21 Image size of job updated: 1632
	1632  -  MemoryUsage of job (MB)
	1671780  -  ResidentSetSize of job (KB)
...
006 (73444881.000.000) 2021-09-24 23:02:21 Image size of job updated: 1635
	1635  -  MemoryUsage of job (MB)
	1674760  -  ResidentSetSize of job (KB)
...
006 (73444881.000.000) 2021-09-24 23:03:22 Image size of job updated: 1637
	1637  -  MemoryUsage of job (MB)
	1676888  -  ResidentSetSize of job (KB)
...
006 (73444881.000.000) 2021-09-24 23:04:22 Image size of job updated: 1639
	1639  -  MemoryUsage of job (MB)
	1678528  -  ResidentSetSize of job (KB)
...
006 (73444881.000.000) 2021-09-24 23:05:24 Image size of job updated: 1640
	1640  -  MemoryUsage of job (MB)
	1679676  -  ResidentSetSize of job (KB)
...
006 (73444881.000.000) 2021-09-24 23:06:25 Image size of job updated: 1642
	1642  -  MemoryUsage of job (MB)
	1681484  -  ResidentSetSize of job (KB)
...
006 (73444881.000.000) 2021-09-24 23:07:26 Image size of job updated: 1642
	1642  -  MemoryUsage of job (MB)
	1682128  -  ResidentSetSize of job (KB)
...
006 (73444881.000.000) 2021-09-24 23:08:26 Image size of job updated: 1643
	1643  -  MemoryUsage of job (MB)
	1682928  -  ResidentSetSize of job (KB)
...
006 (73444881.000.000) 2021-09-24 23:09:26 Image size of job updated: 1643
	1643  -  MemoryUsage of job (MB)
	1683248  -  ResidentSetSize of job (KB)
...
006 (73444881.000.000) 2021-09-24 23:10:27 Image size of job updated: 1644
	1644  -  MemoryUsage of job (MB)
	1684032  -  ResidentSetSize of job (KB)
...
006 (73444881.000.000) 2021-09-24 23:11:27 Image size of job updated: 1645
	1645  -  MemoryUsage of job (MB)
	1684660  -  ResidentSetSize of job (KB)
...
006 (73444881.000.000) 2021-09-24 23:12:28 Image size of job updated: 1645
	1645  -  MemoryUsage of job (MB)
	1685220  -  ResidentSetSize of job (KB)
...
006 (73444881.000.000) 2021-09-24 23:13:29 Image size of job updated: 1646
	1646  -  MemoryUsage of job (MB)
	1685664  -  ResidentSetSize of job (KB)
...
006 (73444881.000.000) 2021-09-24 23:14:31 Image size of job updated: 1646
	1646  -  MemoryUsage of job (MB)
	1686212  -  ResidentSetSize of job (KB)
...
006 (73444881.000.000) 2021-09-24 23:15:31 Image size of job updated: 1646
	1646  -  MemoryUsage of job (MB)
	1686508  -  ResidentSetSize of job (KB)
...
006 (73444881.000.000) 2021-09-24 23:16:31 Image size of job updated: 1647
	1647  -  MemoryUsage of job (MB)
	1686920  -  ResidentSetSize of job (KB)
...
006 (73444881.000.000) 2021-09-24 23:17:31 Image size of job updated: 1647
	1647  -  MemoryUsage of job (MB)
	1687048  -  ResidentSetSize of job (KB)
...
006 (73444881.000.000) 2021-09-24 23:18:32 Image size of job updated: 1647
	1647  -  MemoryUsage of job (MB)
	1687456  -  ResidentSetSize of job (KB)
...
006 (73444881.000.000) 2021-09-24 23:19:33 Image size of job updated: 1648
	1648  -  MemoryUsage of job (MB)
	1687904  -  ResidentSetSize of job (KB)
...
006 (73444881.000.000) 2021-09-24 23:20:33 Image size of job updated: 1648
	1648  -  MemoryUsage of job (MB)
	1688380  -  ResidentSetSize of job (KB)
...
006 (73444881.000.000) 2021-09-24 23:21:34 Image size of job updated: 1649
	1649  -  MemoryUsage of job (MB)
	1688864  -  ResidentSetSize of job (KB)
...
006 (73444881.000.000) 2021-09-24 23:22:34 Image size of job updated: 1649
	1649  -  MemoryUsage of job (MB)
	1689220  -  ResidentSetSize of job (KB)
...
006 (73444881.000.000) 2021-09-24 23:23:34 Image size of job updated: 1649
	1649  -  MemoryUsage of job (MB)
	1689332  -  ResidentSetSize of job (KB)
...
006 (73444881.000.000) 2021-09-24 23:24:35 Image size of job updated: 1650
	1650  -  MemoryUsage of job (MB)
	1689816  -  ResidentSetSize of job (KB)
...
006 (73444881.000.000) 2021-09-24 23:25:36 Image size of job updated: 1650
	1650  -  MemoryUsage of job (MB)
	1690272  -  ResidentSetSize of job (KB)
...
006 (73444881.000.000) 2021-09-24 23:26:37 Image size of job updated: 1651
	1651  -  MemoryUsage of job (MB)
	1690636  -  ResidentSetSize of job (KB)
...
006 (73444881.000.000) 2021-09-24 23:27:39 Image size of job updated: 1651
	1651  -  MemoryUsage of job (MB)
	1690640  -  ResidentSetSize of job (KB)
...
006 (73444881.000.000) 2021-09-24 23:28:40 Image size of job updated: 1651
	1651  -  MemoryUsage of job (MB)
	1691140  -  ResidentSetSize of job (KB)
...
006 (73444881.000.000) 2021-09-24 23:30:42 Image size of job updated: 1651
	1651  -  MemoryUsage of job (MB)
	1691552  -  ResidentSetSize of job (KB)
...
006 (73444881.000.000) 2021-09-24 23:32:44 Image size of job updated: 1652
	1652  -  MemoryUsage of job (MB)
	1692024  -  ResidentSetSize of job (KB)
...
006 (73444881.000.000) 2021-09-24 23:34:45 Image size of job updated: 1652
	1652  -  MemoryUsage of job (MB)
	1692464  -  ResidentSetSize of job (KB)
...
006 (73444881.000.000) 2021-09-24 23:36:47 Image size of job updated: 1653
	1653  -  MemoryUsage of job (MB)
	1692888  -  ResidentSetSize of job (KB)
...
006 (73444881.000.000) 2021-09-24 23:38:47 Image size of job updated: 1653
	1653  -  MemoryUsage of job (MB)
	1693308  -  ResidentSetSize of job (KB)
...
006 (73444881.000.000) 2021-09-24 23:39:47 Image size of job updated: 1653
	1653  -  MemoryUsage of job (MB)
	1693312  -  ResidentSetSize of job (KB)
...
006 (73444881.000.000) 2021-09-24 23:41:50 Image size of job updated: 1653
	1653  -  MemoryUsage of job (MB)
	1693684  -  ResidentSetSize of job (KB)
...
006 (73444881.000.000) 2021-09-24 23:44:52 Image size of job updated: 1654
	1654  -  MemoryUsage of job (MB)
	1694116  -  ResidentSetSize of job (KB)
...
006 (73444881.000.000) 2021-09-24 23:47:52 Image size of job updated: 1654
	1654  -  MemoryUsage of job (MB)
	1694516  -  ResidentSetSize of job (KB)
...
006 (73444881.000.000) 2021-09-24 23:48:54 Image size of job updated: 1654
	1654  -  MemoryUsage of job (MB)
	1694524  -  ResidentSetSize of job (KB)
...
006 (73444881.000.000) 2021-09-24 23:50:54 Image size of job updated: 1655
	1655  -  MemoryUsage of job (MB)
	1695124  -  ResidentSetSize of job (KB)
...
006 (73444881.000.000) 2021-09-24 23:53:55 Image size of job updated: 1655
	1655  -  MemoryUsage of job (MB)
	1695464  -  ResidentSetSize of job (KB)
...
006 (73444881.000.000) 2021-09-24 23:54:55 Image size of job updated: 1655
	1655  -  MemoryUsage of job (MB)
	1695472  -  ResidentSetSize of job (KB)
...
006 (73444881.000.000) 2021-09-24 23:56:56 Image size of job updated: 1656
	1656  -  MemoryUsage of job (MB)
	1695772  -  ResidentSetSize of job (KB)
...
006 (73444881.000.000) 2021-09-24 23:57:57 Image size of job updated: 1656
	1656  -  MemoryUsage of job (MB)
	1695860  -  ResidentSetSize of job (KB)
...
006 (73444881.000.000) 2021-09-24 23:58:57 Image size of job updated: 1656
	1656  -  MemoryUsage of job (MB)
	1695864  -  ResidentSetSize of job (KB)
...
006 (73444881.000.000) 2021-09-24 23:59:58 Image size of job updated: 1656
	1656  -  MemoryUsage of job (MB)
	1695868  -  ResidentSetSize of job (KB)
...
006 (73444881.000.000) 2021-09-25 00:00:59 Image size of job updated: 1656
	1656  -  MemoryUsage of job (MB)
	1696212  -  ResidentSetSize of job (KB)
...
006 (73444881.000.000) 2021-09-25 00:02:00 Image size of job updated: 1656
	1656  -  MemoryUsage of job (MB)
	1696312  -  ResidentSetSize of job (KB)
...
006 (73444881.000.000) 2021-09-25 00:03:00 Image size of job updated: 1656
	1656  -  MemoryUsage of job (MB)
	1696316  -  ResidentSetSize of job (KB)
...
006 (73444881.000.000) 2021-09-25 00:05:01 Image size of job updated: 1657
	1657  -  MemoryUsage of job (MB)
	1696784  -  ResidentSetSize of job (KB)
...
006 (73444881.000.000) 2021-09-25 00:06:03 Image size of job updated: 1657
	1657  -  MemoryUsage of job (MB)
	1697592  -  ResidentSetSize of job (KB)
...
006 (73444881.000.000) 2021-09-25 00:07:04 Image size of job updated: 1657
	1657  -  MemoryUsage of job (MB)
	1697596  -  ResidentSetSize of job (KB)
...
006 (73444881.000.000) 2021-09-25 00:08:05 Image size of job updated: 1657
	1657  -  MemoryUsage of job (MB)
	1697600  -  ResidentSetSize of job (KB)
...
006 (73444881.000.000) 2021-09-25 00:09:07 Image size of job updated: 1658
	1658  -  MemoryUsage of job (MB)
	1697888  -  ResidentSetSize of job (KB)
...
006 (73444881.000.000) 2021-09-25 00:10:07 Image size of job updated: 1658
	1658  -  MemoryUsage of job (MB)
	1698028  -  ResidentSetSize of job (KB)
...
006 (73444881.000.000) 2021-09-25 00:11:07 Image size of job updated: 1658
	1658  -  MemoryUsage of job (MB)
	1698032  -  ResidentSetSize of job (KB)
...
006 (73444881.000.000) 2021-09-25 00:12:08 Image size of job updated: 1658
	1658  -  MemoryUsage of job (MB)
	1698040  -  ResidentSetSize of job (KB)
...
006 (73444881.000.000) 2021-09-25 00:14:10 Image size of job updated: 1658
	1658  -  MemoryUsage of job (MB)
	1698352  -  ResidentSetSize of job (KB)
...
006 (73444881.000.000) 2021-09-25 00:15:11 Image size of job updated: 1658
	1658  -  MemoryUsage of job (MB)
	1698504  -  ResidentSetSize of job (KB)
...
006 (73444881.000.000) 2021-09-25 00:18:12 Image size of job updated: 1658
	1658  -  MemoryUsage of job (MB)
	1698788  -  ResidentSetSize of job (KB)
...
006 (73444881.000.000) 2021-09-25 00:19:13 Image size of job updated: 1659
	1659  -  MemoryUsage of job (MB)
	1698880  -  ResidentSetSize of job (KB)
...
006 (73444881.000.000) 2021-09-25 00:20:14 Image size of job updated: 1659
	1659  -  MemoryUsage of job (MB)
	1698884  -  ResidentSetSize of job (KB)
...
006 (73444881.000.000) 2021-09-25 00:22:16 Image size of job updated: 1659
	1659  -  MemoryUsage of job (MB)
	1699160  -  ResidentSetSize of job (KB)
...
006 (73444881.000.000) 2021-09-25 00:23:16 Image size of job updated: 1659
	1659  -  MemoryUsage of job (MB)
	1699276  -  ResidentSetSize of job (KB)
...
006 (73444881.000.000) 2021-09-25 00:26:20 Image size of job updated: 1659
	1659  -  MemoryUsage of job (MB)
	1699732  -  ResidentSetSize of job (KB)
...
006 (73444881.000.000) 2021-09-25 00:27:20 Image size of job updated: 1659
	1659  -  MemoryUsage of job (MB)
	1699736  -  ResidentSetSize of job (KB)
...
006 (73444881.000.000) 2021-09-25 00:30:21 Image size of job updated: 1660
	1660  -  MemoryUsage of job (MB)
	1700096  -  ResidentSetSize of job (KB)
...
006 (73444881.000.000) 2021-09-25 00:32:23 Image size of job updated: 1660
	1660  -  MemoryUsage of job (MB)
	1700100  -  ResidentSetSize of job (KB)
...
006 (73444881.000.000) 2021-09-25 00:34:25 Image size of job updated: 1660
	1660  -  MemoryUsage of job (MB)
	1700580  -  ResidentSetSize of job (KB)
...
006 (73444881.000.000) 2021-09-25 00:36:26 Image size of job updated: 1660
	1660  -  MemoryUsage of job (MB)
	1700584  -  ResidentSetSize of job (KB)
...
006 (73444881.000.000) 2021-09-25 00:38:30 Image size of job updated: 1660
	1660  -  MemoryUsage of job (MB)
	1700844  -  ResidentSetSize of job (KB)
...
006 (73444881.000.000) 2021-09-25 00:42:33 Image size of job updated: 1660
	1660  -  MemoryUsage of job (MB)
	1700848  -  ResidentSetSize of job (KB)
...
006 (73444881.000.000) 2021-09-25 00:43:33 Image size of job updated: 1661
	1661  -  MemoryUsage of job (MB)
	1701184  -  ResidentSetSize of job (KB)
...
006 (73444881.000.000) 2021-09-25 00:44:34 Image size of job updated: 1661
	1661  -  MemoryUsage of job (MB)
	1701320  -  ResidentSetSize of job (KB)
...
006 (73444881.000.000) 2021-09-25 00:48:37 Image size of job updated: 1661
	1661  -  MemoryUsage of job (MB)
	1701708  -  ResidentSetSize of job (KB)
...
006 (73444881.000.000) 2021-09-25 00:53:40 Image size of job updated: 1662
	1662  -  MemoryUsage of job (MB)
	1702012  -  ResidentSetSize of job (KB)
...
006 (73444881.000.000) 2021-09-25 00:54:41 Image size of job updated: 1662
	1662  -  MemoryUsage of job (MB)
	1702184  -  ResidentSetSize of job (KB)
...
006 (73444881.000.000) 2021-09-25 00:59:44 Image size of job updated: 1662
	1662  -  MemoryUsage of job (MB)
	1702460  -  ResidentSetSize of job (KB)
...
006 (73444881.000.000) 2021-09-25 01:00:44 Image size of job updated: 1662
	1662  -  MemoryUsage of job (MB)
	1702584  -  ResidentSetSize of job (KB)
...
006 (73444881.000.000) 2021-09-25 01:04:48 Image size of job updated: 1663
	1663  -  MemoryUsage of job (MB)
	1702952  -  ResidentSetSize of job (KB)
...
006 (73444881.000.000) 2021-09-25 01:05:49 Image size of job updated: 1663
	1663  -  MemoryUsage of job (MB)
	1703036  -  ResidentSetSize of job (KB)
...
006 (73444881.000.000) 2021-09-25 01:06:50 Image size of job updated: 1663
	1663  -  MemoryUsage of job (MB)
	1703044  -  ResidentSetSize of job (KB)
...
006 (73444881.000.000) 2021-09-25 01:09:54 Image size of job updated: 1663
	1663  -  MemoryUsage of job (MB)
	1703340  -  ResidentSetSize of job (KB)
...
006 (73444881.000.000) 2021-09-25 01:10:55 Image size of job updated: 1663
	1663  -  MemoryUsage of job (MB)
	1703356  -  ResidentSetSize of job (KB)
...
006 (73444881.000.000) 2021-09-25 01:11:56 Image size of job updated: 1663
	1663  -  MemoryUsage of job (MB)
	1703460  -  ResidentSetSize of job (KB)
...
006 (73444881.000.000) 2021-09-25 01:14:59 Image size of job updated: 1663
	1663  -  MemoryUsage of job (MB)
	1703732  -  ResidentSetSize of job (KB)
...
006 (73444881.000.000) 2021-09-25 01:15:59 Image size of job updated: 1663
	1663  -  MemoryUsage of job (MB)
	1703924  -  ResidentSetSize of job (KB)
...
006 (73444881.000.000) 2021-09-25 01:20:02 Image size of job updated: 1664
	1664  -  MemoryUsage of job (MB)
	1704228  -  ResidentSetSize of job (KB)
...
006 (73444881.000.000) 2021-09-25 01:21:02 Image size of job updated: 1664
	1664  -  MemoryUsage of job (MB)
	1704332  -  ResidentSetSize of job (KB)
...
006 (73444881.000.000) 2021-09-25 01:25:04 Image size of job updated: 1664
	1664  -  MemoryUsage of job (MB)
	1704524  -  ResidentSetSize of job (KB)
...
006 (73444881.000.000) 2021-09-25 01:26:05 Image size of job updated: 1664
	1664  -  MemoryUsage of job (MB)
	1704656  -  ResidentSetSize of job (KB)
...
006 (73444881.000.000) 2021-09-25 01:27:06 Image size of job updated: 1664
	1664  -  MemoryUsage of job (MB)
	1704664  -  ResidentSetSize of job (KB)
...
006 (73444881.000.000) 2021-09-25 01:31:11 Image size of job updated: 1665
	1665  -  MemoryUsage of job (MB)
	1704988  -  ResidentSetSize of job (KB)
...
006 (73444881.000.000) 2021-09-25 01:32:11 Image size of job updated: 1665
	1665  -  MemoryUsage of job (MB)
	1705088  -  ResidentSetSize of job (KB)
...
006 (73444881.000.000) 2021-09-25 01:33:12 Image size of job updated: 1665
	1665  -  MemoryUsage of job (MB)
	1705092  -  ResidentSetSize of job (KB)
...
006 (73444881.000.000) 2021-09-25 01:37:15 Image size of job updated: 1665
	1665  -  MemoryUsage of job (MB)
	1705400  -  ResidentSetSize of job (KB)
...
006 (73444881.000.000) 2021-09-25 01:38:15 Image size of job updated: 1665
	1665  -  MemoryUsage of job (MB)
	1705540  -  ResidentSetSize of job (KB)
...
006 (73444881.000.000) 2021-09-25 01:39:16 Image size of job updated: 1665
	1665  -  MemoryUsage of job (MB)
	1705544  -  ResidentSetSize of job (KB)
...
006 (73444881.000.000) 2021-09-25 01:43:19 Image size of job updated: 1665
	1665  -  MemoryUsage of job (MB)
	1705836  -  ResidentSetSize of job (KB)
...
006 (73444881.000.000) 2021-09-25 01:44:19 Image size of job updated: 1665
	1665  -  MemoryUsage of job (MB)
	1705956  -  ResidentSetSize of job (KB)
...
006 (73444881.000.000) 2021-09-25 01:46:21 Image size of job updated: 1665
	1665  -  MemoryUsage of job (MB)
	1705960  -  ResidentSetSize of job (KB)
...
006 (73444881.000.000) 2021-09-25 01:49:25 Image size of job updated: 1666
	1666  -  MemoryUsage of job (MB)
	1706244  -  ResidentSetSize of job (KB)
...
006 (73444881.000.000) 2021-09-25 01:50:25 Image size of job updated: 1666
	1666  -  MemoryUsage of job (MB)
	1706312  -  ResidentSetSize of job (KB)
...
006 (73444881.000.000) 2021-09-25 01:52:28 Image size of job updated: 1666
	1666  -  MemoryUsage of job (MB)
	1706316  -  ResidentSetSize of job (KB)
...
006 (73444881.000.000) 2021-09-25 01:55:29 Image size of job updated: 1666
	1666  -  MemoryUsage of job (MB)
	1706756  -  ResidentSetSize of job (KB)
...
006 (73444881.000.000) 2021-09-25 01:56:30 Image size of job updated: 1666
	1666  -  MemoryUsage of job (MB)
	1706760  -  ResidentSetSize of job (KB)
...
006 (73444881.000.000) 2021-09-25 02:00:32 Image size of job updated: 1667
	1667  -  MemoryUsage of job (MB)
	1707032  -  ResidentSetSize of job (KB)
...
006 (73444881.000.000) 2021-09-25 02:01:33 Image size of job updated: 1667
	1667  -  MemoryUsage of job (MB)
	1707164  -  ResidentSetSize of job (KB)
...
006 (73444881.000.000) 2021-09-25 02:06:38 Image size of job updated: 1667
	1667  -  MemoryUsage of job (MB)
	1707452  -  ResidentSetSize of job (KB)
...
006 (73444881.000.000) 2021-09-25 02:07:39 Image size of job updated: 1667
	1667  -  MemoryUsage of job (MB)
	1707588  -  ResidentSetSize of job (KB)
...
006 (73444881.000.000) 2021-09-25 02:09:41 Image size of job updated: 1667
	1667  -  MemoryUsage of job (MB)
	1707592  -  ResidentSetSize of job (KB)
...
006 (73444881.000.000) 2021-09-25 02:12:44 Image size of job updated: 1667
	1667  -  MemoryUsage of job (MB)
	1707996  -  ResidentSetSize of job (KB)
...
006 (73444881.000.000) 2021-09-25 02:13:46 Image size of job updated: 1667
	1667  -  MemoryUsage of job (MB)
	1708000  -  ResidentSetSize of job (KB)
...
006 (73444881.000.000) 2021-09-25 02:14:47 Image size of job updated: 1667
	1667  -  MemoryUsage of job (MB)
	1708004  -  ResidentSetSize of job (KB)
...
006 (73444881.000.000) 2021-09-25 02:18:49 Image size of job updated: 1668
	1668  -  MemoryUsage of job (MB)
	1708448  -  ResidentSetSize of job (KB)
...
006 (73444881.000.000) 2021-09-25 02:25:53 Image size of job updated: 1668
	1668  -  MemoryUsage of job (MB)
	1708752  -  ResidentSetSize of job (KB)
...
006 (73444881.000.000) 2021-09-25 02:33:02 Image size of job updated: 1669
	1669  -  MemoryUsage of job (MB)
	1709156  -  ResidentSetSize of job (KB)
...
006 (73444881.000.000) 2021-09-25 02:35:04 Image size of job updated: 1669
	1669  -  MemoryUsage of job (MB)
	1709160  -  ResidentSetSize of job (KB)
...
006 (73444881.000.000) 2021-09-25 02:40:08 Image size of job updated: 1669
	1669  -  MemoryUsage of job (MB)
	1709508  -  ResidentSetSize of job (KB)
...
006 (73444881.000.000) 2021-09-25 02:43:08 Image size of job updated: 1669
	1669  -  MemoryUsage of job (MB)
	1709512  -  ResidentSetSize of job (KB)
...
006 (73444881.000.000) 2021-09-25 02:47:12 Image size of job updated: 1669
	1669  -  MemoryUsage of job (MB)
	1709956  -  ResidentSetSize of job (KB)
...
006 (73444881.000.000) 2021-09-25 02:49:14 Image size of job updated: 1669
	1669  -  MemoryUsage of job (MB)
	1709960  -  ResidentSetSize of job (KB)
...
006 (73444881.000.000) 2021-09-25 02:54:17 Image size of job updated: 1670
	1670  -  MemoryUsage of job (MB)
	1710480  -  ResidentSetSize of job (KB)
...
006 (73444881.000.000) 2021-09-25 02:55:17 Image size of job updated: 1670
	1670  -  MemoryUsage of job (MB)
	1710484  -  ResidentSetSize of job (KB)
...
006 (73444881.000.000) 2021-09-25 03:00:20 Image size of job updated: 1670
	1670  -  MemoryUsage of job (MB)
	1710832  -  ResidentSetSize of job (KB)
...
006 (73444881.000.000) 2021-09-25 03:01:20 Image size of job updated: 1670
	1670  -  MemoryUsage of job (MB)
	1710836  -  ResidentSetSize of job (KB)
...
006 (73444881.000.000) 2021-09-25 03:06:24 Image size of job updated: 1670
	1670  -  MemoryUsage of job (MB)
	1711080  -  ResidentSetSize of job (KB)
...
006 (73444881.000.000) 2021-09-25 03:07:25 Image size of job updated: 1671
	1671  -  MemoryUsage of job (MB)
	1711144  -  ResidentSetSize of job (KB)
...
006 (73444881.000.000) 2021-09-25 03:08:25 Image size of job updated: 1671
	1671  -  MemoryUsage of job (MB)
	1711148  -  ResidentSetSize of job (KB)
...
006 (73444881.000.000) 2021-09-25 03:13:27 Image size of job updated: 1671
	1671  -  MemoryUsage of job (MB)
	1711560  -  ResidentSetSize of job (KB)
...
006 (73444881.000.000) 2021-09-25 03:19:29 Image size of job updated: 1671
	1671  -  MemoryUsage of job (MB)
	1712032  -  ResidentSetSize of job (KB)
...
006 (73444881.000.000) 2021-09-25 03:20:29 Image size of job updated: 1671
	1671  -  MemoryUsage of job (MB)
	1712036  -  ResidentSetSize of job (KB)
...
006 (73444881.000.000) 2021-09-25 03:25:34 Image size of job updated: 1672
	1672  -  MemoryUsage of job (MB)
	1712372  -  ResidentSetSize of job (KB)
...
006 (73444881.000.000) 2021-09-25 03:31:37 Image size of job updated: 1672
	1672  -  MemoryUsage of job (MB)
	1712836  -  ResidentSetSize of job (KB)
...
006 (73444881.000.000) 2021-09-25 03:32:38 Image size of job updated: 1672
	1672  -  MemoryUsage of job (MB)
	1712840  -  ResidentSetSize of job (KB)
...
006 (73444881.000.000) 2021-09-25 03:34:38 Image size of job updated: 1672
	1672  -  MemoryUsage of job (MB)
	1712844  -  ResidentSetSize of job (KB)
...
006 (73444881.000.000) 2021-09-25 03:37:38 Image size of job updated: 1672
	1672  -  MemoryUsage of job (MB)
	1713148  -  ResidentSetSize of job (KB)
...
006 (73444881.000.000) 2021-09-25 03:38:38 Image size of job updated: 1673
	1673  -  MemoryUsage of job (MB)
	1713152  -  ResidentSetSize of job (KB)
...
006 (73444881.000.000) 2021-09-25 03:44:39 Image size of job updated: 1673
	1673  -  MemoryUsage of job (MB)
	1713444  -  ResidentSetSize of job (KB)
...
006 (73444881.000.000) 2021-09-25 03:45:39 Image size of job updated: 1673
	1673  -  MemoryUsage of job (MB)
	1713520  -  ResidentSetSize of job (KB)
...
006 (73444881.000.000) 2021-09-25 03:47:40 Image size of job updated: 1673
	1673  -  MemoryUsage of job (MB)
	1713524  -  ResidentSetSize of job (KB)
...
006 (73444881.000.000) 2021-09-25 03:51:42 Image size of job updated: 1673
	1673  -  MemoryUsage of job (MB)
	1713844  -  ResidentSetSize of job (KB)
...
006 (73444881.000.000) 2021-09-25 03:52:42 Image size of job updated: 1673
	1673  -  MemoryUsage of job (MB)
	1713916  -  ResidentSetSize of job (KB)
...
006 (73444881.000.000) 2021-09-25 03:54:44 Image size of job updated: 1673
	1673  -  MemoryUsage of job (MB)
	1713924  -  ResidentSetSize of job (KB)
...
006 (73444881.000.000) 2021-09-25 03:58:47 Image size of job updated: 1674
	1674  -  MemoryUsage of job (MB)
	1714248  -  ResidentSetSize of job (KB)
...
006 (73444881.000.000) 2021-09-25 03:59:48 Image size of job updated: 1674
	1674  -  MemoryUsage of job (MB)
	1714332  -  ResidentSetSize of job (KB)
...
006 (73444881.000.000) 2021-09-25 04:01:49 Image size of job updated: 1674
	1674  -  MemoryUsage of job (MB)
	1714336  -  ResidentSetSize of job (KB)
...
006 (73444881.000.000) 2021-09-25 04:05:50 Image size of job updated: 1674
	1674  -  MemoryUsage of job (MB)
	1714660  -  ResidentSetSize of job (KB)
...
006 (73444881.000.000) 2021-09-25 04:07:52 Image size of job updated: 1674
	1674  -  MemoryUsage of job (MB)
	1714760  -  ResidentSetSize of job (KB)
...
006 (73444881.000.000) 2021-09-25 04:09:53 Image size of job updated: 1674
	1674  -  MemoryUsage of job (MB)
	1714764  -  ResidentSetSize of job (KB)
...
006 (73444881.000.000) 2021-09-25 04:12:55 Image size of job updated: 1674
	1674  -  MemoryUsage of job (MB)
	1715032  -  ResidentSetSize of job (KB)
...
006 (73444881.000.000) 2021-09-25 04:14:56 Image size of job updated: 1674
	1674  -  MemoryUsage of job (MB)
	1715132  -  ResidentSetSize of job (KB)
...
006 (73444881.000.000) 2021-09-25 04:20:00 Image size of job updated: 1675
	1675  -  MemoryUsage of job (MB)
	1715416  -  ResidentSetSize of job (KB)
...
006 (73444881.000.000) 2021-09-25 04:21:00 Image size of job updated: 1675
	1675  -  MemoryUsage of job (MB)
	1715536  -  ResidentSetSize of job (KB)
...
006 (73444881.000.000) 2021-09-25 04:26:03 Image size of job updated: 1675
	1675  -  MemoryUsage of job (MB)
	1715744  -  ResidentSetSize of job (KB)
...
006 (73444881.000.000) 2021-09-25 04:28:04 Image size of job updated: 1675
	1675  -  MemoryUsage of job (MB)
	1715836  -  ResidentSetSize of job (KB)
...
006 (73444881.000.000) 2021-09-25 04:33:10 Image size of job updated: 1675
	1675  -  MemoryUsage of job (MB)
	1716180  -  ResidentSetSize of job (KB)
...
006 (73444881.000.000) 2021-09-25 04:34:11 Image size of job updated: 1676
	1676  -  MemoryUsage of job (MB)
	1716312  -  ResidentSetSize of job (KB)
...
006 (73444881.000.000) 2021-09-25 04:39:14 Image size of job updated: 1676
	1676  -  MemoryUsage of job (MB)
	1716660  -  ResidentSetSize of job (KB)
...
006 (73444881.000.000) 2021-09-25 04:46:20 Image size of job updated: 1676
	1676  -  MemoryUsage of job (MB)
	1717148  -  ResidentSetSize of job (KB)
...
006 (73444881.000.000) 2021-09-25 04:47:21 Image size of job updated: 1676
	1676  -  MemoryUsage of job (MB)
	1717152  -  ResidentSetSize of job (KB)
...
006 (73444881.000.000) 2021-09-25 04:52:26 Image size of job updated: 1677
	1677  -  MemoryUsage of job (MB)
	1717576  -  ResidentSetSize of job (KB)
...
006 (73444881.000.000) 2021-09-25 04:58:28 Image size of job updated: 1677
	1677  -  MemoryUsage of job (MB)
	1717964  -  ResidentSetSize of job (KB)
...
006 (73444881.000.000) 2021-09-25 04:59:29 Image size of job updated: 1677
	1677  -  MemoryUsage of job (MB)
	1717968  -  ResidentSetSize of job (KB)
...
006 (73444881.000.000) 2021-09-25 05:04:32 Image size of job updated: 1678
	1678  -  MemoryUsage of job (MB)
	1718348  -  ResidentSetSize of job (KB)
...
006 (73444881.000.000) 2021-09-25 05:10:39 Image size of job updated: 1678
	1678  -  MemoryUsage of job (MB)
	1718596  -  ResidentSetSize of job (KB)
...
006 (73444881.000.000) 2021-09-25 05:11:40 Image size of job updated: 1678
	1678  -  MemoryUsage of job (MB)
	1718672  -  ResidentSetSize of job (KB)
...
006 (73444881.000.000) 2021-09-25 05:16:45 Image size of job updated: 1678
	1678  -  MemoryUsage of job (MB)
	1719020  -  ResidentSetSize of job (KB)
...
006 (73444881.000.000) 2021-09-25 05:17:46 Image size of job updated: 1678
	1678  -  MemoryUsage of job (MB)
	1719104  -  ResidentSetSize of job (KB)
...
006 (73444881.000.000) 2021-09-25 05:21:48 Image size of job updated: 1679
	1679  -  MemoryUsage of job (MB)
	1719380  -  ResidentSetSize of job (KB)
...
006 (73444881.000.000) 2021-09-25 05:22:49 Image size of job updated: 1679
	1679  -  MemoryUsage of job (MB)
	1719496  -  ResidentSetSize of job (KB)
...
006 (73444881.000.000) 2021-09-25 05:23:49 Image size of job updated: 1679
	1679  -  MemoryUsage of job (MB)
	1719500  -  ResidentSetSize of job (KB)
...
006 (73444881.000.000) 2021-09-25 05:27:52 Image size of job updated: 1679
	1679  -  MemoryUsage of job (MB)
	1719756  -  ResidentSetSize of job (KB)
...
006 (73444881.000.000) 2021-09-25 05:28:52 Image size of job updated: 1679
	1679  -  MemoryUsage of job (MB)
	1719860  -  ResidentSetSize of job (KB)
...
006 (73444881.000.000) 2021-09-25 05:32:56 Image size of job updated: 1679
	1679  -  MemoryUsage of job (MB)
	1720156  -  ResidentSetSize of job (KB)
...
006 (73444881.000.000) 2021-09-25 05:33:56 Image size of job updated: 1679
	1679  -  MemoryUsage of job (MB)
	1720272  -  ResidentSetSize of job (KB)
...
006 (73444881.000.000) 2021-09-25 05:34:56 Image size of job updated: 1679
	1679  -  MemoryUsage of job (MB)
	1720276  -  ResidentSetSize of job (KB)
...
006 (73444881.000.000) 2021-09-25 05:38:58 Image size of job updated: 1680
	1680  -  MemoryUsage of job (MB)
	1720712  -  ResidentSetSize of job (KB)
...
006 (73444881.000.000) 2021-09-25 05:40:59 Image size of job updated: 1680
	1680  -  MemoryUsage of job (MB)
	1720716  -  ResidentSetSize of job (KB)
...
006 (73444881.000.000) 2021-09-25 05:45:00 Image size of job updated: 1680
	1680  -  MemoryUsage of job (MB)
	1721048  -  ResidentSetSize of job (KB)
...
006 (73444881.000.000) 2021-09-25 05:50:06 Image size of job updated: 1681
	1681  -  MemoryUsage of job (MB)
	1721452  -  ResidentSetSize of job (KB)
...
006 (73444881.000.000) 2021-09-25 05:56:11 Image size of job updated: 1681
	1681  -  MemoryUsage of job (MB)
	1721868  -  ResidentSetSize of job (KB)
...
006 (73444881.000.000) 2021-09-25 05:57:12 Image size of job updated: 1681
	1681  -  MemoryUsage of job (MB)
	1721872  -  ResidentSetSize of job (KB)
...
006 (73444881.000.000) 2021-09-25 06:01:15 Image size of job updated: 1681
	1681  -  MemoryUsage of job (MB)
	1722180  -  ResidentSetSize of job (KB)
...
006 (73444881.000.000) 2021-09-25 06:07:03 Image size of job updated: 1682
	1682  -  MemoryUsage of job (MB)
	1722540  -  ResidentSetSize of job (KB)
...
040 (73444881.000.000) 2021-09-25 06:07:04 Started transferring output files
...
040 (73444881.000.000) 2021-09-25 06:07:04 Finished transferring output files
...
005 (73444881.000.000) 2021-09-25 06:07:06 Job terminated.
	(1) Normal termination (return value 0)
		Usr 0 00:00:00, Sys 0 00:00:00  -  Run Remote Usage
		Usr 0 00:00:00, Sys 0 00:00:00  -  Run Local Usage
		Usr 0 01:21:19, Sys 0 06:27:25  -  Total Remote Usage
		Usr 0 00:00:00, Sys 0 00:00:00  -  Total Local Usage
	1224081  -  Run Bytes Sent By Job
	8471570  -  Run Bytes Received By Job
	1224081  -  Total Bytes Sent By Job
	8471570  -  Total Bytes Received By Job
	Partitionable Resources :    Usage  Request Allocated 
	   Cpus                 :        0        1         1 
	   Disk (KB)            :    17593    10000   1637504 
	   Memory (MB)          :     1682     2048      2048 

	Job terminated of its own accord at 2021-09-25T11:07:03Z.
...
