000 (14656643.000.000) 2021-09-18 19:10:51 Job submitted from host: <131.225.188.55:9618?addrs=131.225.188.55-9618&alias=lpcschedd1.fnal.gov&noUDP&sock=schedd_2070_6d22>
...
040 (14656643.000.000) 2021-09-18 20:23:34 Started transferring input files
	Transferring to host: <131.225.206.136:9618?addrs=131.225.206.136-9618&alias=cmswn1776.fnal.gov&noUDP&sock=slot1_5_7313_6b82_3789>
...
040 (14656643.000.000) 2021-09-18 20:23:34 Finished transferring input files
...
001 (14656643.000.000) 2021-09-18 20:23:35 Job executing on host: <131.225.206.136:9618?addrs=131.225.206.136-9618&alias=cmswn1776.fnal.gov&noUDP&sock=startd_1128_4aeb>
...
006 (14656643.000.000) 2021-09-18 20:23:44 Image size of job updated: 36
	36  -  MemoryUsage of job (MB)
	37488  -  ResidentSetSize of job (KB)
...
006 (14656643.000.000) 2021-09-18 20:24:44 Image size of job updated: 526
	526  -  MemoryUsage of job (MB)
	539576  -  ResidentSetSize of job (KB)
...
006 (14656643.000.000) 2021-09-18 20:28:45 Image size of job updated: 568
	568  -  MemoryUsage of job (MB)
	582572  -  ResidentSetSize of job (KB)
...
006 (14656643.000.000) 2021-09-18 20:29:46 Image size of job updated: 617
	617  -  MemoryUsage of job (MB)
	632600  -  ResidentSetSize of job (KB)
...
006 (14656643.000.000) 2021-09-18 20:30:46 Image size of job updated: 658
	658  -  MemoryUsage of job (MB)
	674244  -  ResidentSetSize of job (KB)
...
006 (14656643.000.000) 2021-09-18 20:31:46 Image size of job updated: 696
	696  -  MemoryUsage of job (MB)
	712868  -  ResidentSetSize of job (KB)
...
006 (14656643.000.000) 2021-09-18 20:32:47 Image size of job updated: 731
	731  -  MemoryUsage of job (MB)
	748696  -  ResidentSetSize of job (KB)
...
006 (14656643.000.000) 2021-09-18 20:33:47 Image size of job updated: 764
	764  -  MemoryUsage of job (MB)
	782616  -  ResidentSetSize of job (KB)
...
006 (14656643.000.000) 2021-09-18 20:34:47 Image size of job updated: 795
	795  -  MemoryUsage of job (MB)
	814628  -  ResidentSetSize of job (KB)
...
006 (14656643.000.000) 2021-09-18 20:35:48 Image size of job updated: 826
	826  -  MemoryUsage of job (MB)
	845900  -  ResidentSetSize of job (KB)
...
006 (14656643.000.000) 2021-09-18 20:36:49 Image size of job updated: 856
	856  -  MemoryUsage of job (MB)
	877384  -  ResidentSetSize of job (KB)
...
006 (14656643.000.000) 2021-09-18 20:37:50 Image size of job updated: 896
	896  -  MemoryUsage of job (MB)
	918120  -  ResidentSetSize of job (KB)
...
006 (14656643.000.000) 2021-09-18 20:38:50 Image size of job updated: 924
	924  -  MemoryUsage of job (MB)
	946896  -  ResidentSetSize of job (KB)
...
006 (14656643.000.000) 2021-09-18 20:39:51 Image size of job updated: 950
	950  -  MemoryUsage of job (MB)
	973576  -  ResidentSetSize of job (KB)
...
006 (14656643.000.000) 2021-09-18 20:40:51 Image size of job updated: 973
	973  -  MemoryUsage of job (MB)
	997284  -  ResidentSetSize of job (KB)
...
006 (14656643.000.000) 2021-09-18 20:41:51 Image size of job updated: 999
	999  -  MemoryUsage of job (MB)
	1023244  -  ResidentSetSize of job (KB)
...
006 (14656643.000.000) 2021-09-18 20:42:52 Image size of job updated: 1025
	1025  -  MemoryUsage of job (MB)
	1050016  -  ResidentSetSize of job (KB)
...
006 (14656643.000.000) 2021-09-18 20:43:52 Image size of job updated: 1052
	1052  -  MemoryUsage of job (MB)
	1077992  -  ResidentSetSize of job (KB)
...
006 (14656643.000.000) 2021-09-18 20:44:52 Image size of job updated: 1082
	1082  -  MemoryUsage of job (MB)
	1108956  -  ResidentSetSize of job (KB)
...
006 (14656643.000.000) 2021-09-18 20:45:53 Image size of job updated: 1105
	1105  -  MemoryUsage of job (MB)
	1131536  -  ResidentSetSize of job (KB)
...
006 (14656643.000.000) 2021-09-18 20:46:54 Image size of job updated: 1126
	1126  -  MemoryUsage of job (MB)
	1153816  -  ResidentSetSize of job (KB)
...
006 (14656643.000.000) 2021-09-18 20:47:54 Image size of job updated: 1147
	1147  -  MemoryUsage of job (MB)
	1175324  -  ResidentSetSize of job (KB)
...
006 (14656643.000.000) 2021-09-18 20:48:55 Image size of job updated: 1169
	1169  -  MemoryUsage of job (MB)
	1197072  -  ResidentSetSize of job (KB)
...
006 (14656643.000.000) 2021-09-18 20:49:56 Image size of job updated: 1189
	1189  -  MemoryUsage of job (MB)
	1217856  -  ResidentSetSize of job (KB)
...
006 (14656643.000.000) 2021-09-18 20:50:56 Image size of job updated: 1209
	1209  -  MemoryUsage of job (MB)
	1238236  -  ResidentSetSize of job (KB)
...
006 (14656643.000.000) 2021-09-18 20:51:56 Image size of job updated: 1228
	1228  -  MemoryUsage of job (MB)
	1258220  -  ResidentSetSize of job (KB)
...
006 (14656643.000.000) 2021-09-18 20:52:57 Image size of job updated: 1247
	1247  -  MemoryUsage of job (MB)
	1277836  -  ResidentSetSize of job (KB)
...
006 (14656643.000.000) 2021-09-18 20:53:57 Image size of job updated: 1266
	1266  -  MemoryUsage of job (MB)
	1297104  -  ResidentSetSize of job (KB)
...
006 (14656643.000.000) 2021-09-18 20:54:57 Image size of job updated: 1285
	1285  -  MemoryUsage of job (MB)
	1316144  -  ResidentSetSize of job (KB)
...
006 (14656643.000.000) 2021-09-18 20:55:58 Image size of job updated: 1303
	1303  -  MemoryUsage of job (MB)
	1334904  -  ResidentSetSize of job (KB)
...
006 (14656643.000.000) 2021-09-18 20:56:59 Image size of job updated: 1321
	1321  -  MemoryUsage of job (MB)
	1353276  -  ResidentSetSize of job (KB)
...
006 (14656643.000.000) 2021-09-18 20:57:59 Image size of job updated: 1339
	1339  -  MemoryUsage of job (MB)
	1371452  -  ResidentSetSize of job (KB)
...
006 (14656643.000.000) 2021-09-18 20:58:59 Image size of job updated: 1356
	1356  -  MemoryUsage of job (MB)
	1389264  -  ResidentSetSize of job (KB)
...
006 (14656643.000.000) 2021-09-18 21:00:00 Image size of job updated: 1373
	1373  -  MemoryUsage of job (MB)
	1406840  -  ResidentSetSize of job (KB)
...
006 (14656643.000.000) 2021-09-18 21:01:00 Image size of job updated: 1389
	1389  -  MemoryUsage of job (MB)
	1422548  -  ResidentSetSize of job (KB)
...
006 (14656643.000.000) 2021-09-18 21:02:00 Image size of job updated: 1405
	1405  -  MemoryUsage of job (MB)
	1439672  -  ResidentSetSize of job (KB)
...
006 (14656643.000.000) 2021-09-18 21:03:01 Image size of job updated: 1422
	1422  -  MemoryUsage of job (MB)
	1456684  -  ResidentSetSize of job (KB)
...
006 (14656643.000.000) 2021-09-18 21:04:01 Image size of job updated: 1438
	1438  -  MemoryUsage of job (MB)
	1473284  -  ResidentSetSize of job (KB)
...
006 (14656643.000.000) 2021-09-18 21:05:01 Image size of job updated: 1454
	1454  -  MemoryUsage of job (MB)
	1489764  -  ResidentSetSize of job (KB)
...
006 (14656643.000.000) 2021-09-18 21:06:01 Image size of job updated: 1470
	1470  -  MemoryUsage of job (MB)
	1506044  -  ResidentSetSize of job (KB)
...
006 (14656643.000.000) 2021-09-18 21:07:02 Image size of job updated: 1486
	1486  -  MemoryUsage of job (MB)
	1521996  -  ResidentSetSize of job (KB)
...
006 (14656643.000.000) 2021-09-18 21:08:02 Image size of job updated: 1501
	1501  -  MemoryUsage of job (MB)
	1537868  -  ResidentSetSize of job (KB)
...
006 (14656643.000.000) 2021-09-18 21:09:02 Image size of job updated: 1517
	1517  -  MemoryUsage of job (MB)
	1553604  -  ResidentSetSize of job (KB)
...
006 (14656643.000.000) 2021-09-18 21:10:03 Image size of job updated: 1532
	1532  -  MemoryUsage of job (MB)
	1569040  -  ResidentSetSize of job (KB)
...
006 (14656643.000.000) 2021-09-18 21:11:03 Image size of job updated: 1622
	1622  -  MemoryUsage of job (MB)
	1661140  -  ResidentSetSize of job (KB)
...
006 (14656643.000.000) 2021-09-18 21:12:03 Image size of job updated: 1643
	1643  -  MemoryUsage of job (MB)
	1682520  -  ResidentSetSize of job (KB)
...
006 (14656643.000.000) 2021-09-18 21:13:04 Image size of job updated: 1648
	1648  -  MemoryUsage of job (MB)
	1688544  -  ResidentSetSize of job (KB)
...
006 (14656643.000.000) 2021-09-18 21:14:05 Image size of job updated: 1652
	1652  -  MemoryUsage of job (MB)
	1692664  -  ResidentSetSize of job (KB)
...
006 (14656643.000.000) 2021-09-18 21:15:05 Image size of job updated: 1655
	1655  -  MemoryUsage of job (MB)
	1695348  -  ResidentSetSize of job (KB)
...
006 (14656643.000.000) 2021-09-18 21:16:05 Image size of job updated: 1659
	1659  -  MemoryUsage of job (MB)
	1699428  -  ResidentSetSize of job (KB)
...
006 (14656643.000.000) 2021-09-18 21:17:06 Image size of job updated: 1664
	1664  -  MemoryUsage of job (MB)
	1704452  -  ResidentSetSize of job (KB)
...
006 (14656643.000.000) 2021-09-18 21:18:07 Image size of job updated: 1669
	1669  -  MemoryUsage of job (MB)
	1709420  -  ResidentSetSize of job (KB)
...
006 (14656643.000.000) 2021-09-18 21:19:08 Image size of job updated: 1673
	1673  -  MemoryUsage of job (MB)
	1713180  -  ResidentSetSize of job (KB)
...
006 (14656643.000.000) 2021-09-18 21:20:08 Image size of job updated: 1675
	1675  -  MemoryUsage of job (MB)
	1715984  -  ResidentSetSize of job (KB)
...
006 (14656643.000.000) 2021-09-18 21:21:09 Image size of job updated: 1678
	1678  -  MemoryUsage of job (MB)
	1718672  -  ResidentSetSize of job (KB)
...
006 (14656643.000.000) 2021-09-18 21:22:09 Image size of job updated: 1681
	1681  -  MemoryUsage of job (MB)
	1721472  -  ResidentSetSize of job (KB)
...
006 (14656643.000.000) 2021-09-18 21:22:49 Image size of job updated: 1681
	1681  -  MemoryUsage of job (MB)
	1722344  -  ResidentSetSize of job (KB)
...
040 (14656643.000.000) 2021-09-18 21:22:49 Started transferring output files
...
040 (14656643.000.000) 2021-09-18 21:22:49 Finished transferring output files
...
005 (14656643.000.000) 2021-09-18 21:22:51 Job terminated.
	(1) Normal termination (return value 0)
		Usr 0 00:52:26, Sys 0 00:05:00  -  Run Remote Usage
		Usr 0 00:00:00, Sys 0 00:00:00  -  Run Local Usage
		Usr 0 00:52:26, Sys 0 00:05:00  -  Total Remote Usage
		Usr 0 00:00:00, Sys 0 00:00:00  -  Total Local Usage
	1231299  -  Run Bytes Sent By Job
	8471534  -  Run Bytes Received By Job
	1231299  -  Total Bytes Sent By Job
	8471534  -  Total Bytes Received By Job
	Partitionable Resources :    Usage  Request Allocated 
	   Cpus                 :        0        1         1 
	   Disk (KB)            :    16860    10000    309559 
	   Memory (MB)          :     1681     2048      2048 

	Job terminated of its own accord at 2021-09-19T02:22:49Z.
...
000 (14732700.000.000) 2021-09-24 22:12:42 Job submitted from host: <131.225.188.55:9618?addrs=131.225.188.55-9618&alias=lpcschedd1.fnal.gov&noUDP&sock=schedd_2070_6d22>
...
040 (14732700.000.000) 2021-09-24 23:50:25 Started transferring input files
	Transferring to host: <131.225.188.91:9618?addrs=131.225.188.91-9618&alias=cmswn2044.fnal.gov&noUDP&sock=slot1_21_2007_dceb_3573>
...
040 (14732700.000.000) 2021-09-24 23:50:25 Finished transferring input files
...
001 (14732700.000.000) 2021-09-24 23:50:26 Job executing on host: <131.225.188.91:9618?addrs=131.225.188.91-9618&alias=cmswn2044.fnal.gov&noUDP&sock=startd_1903_e0d1>
...
006 (14732700.000.000) 2021-09-24 23:50:35 Image size of job updated: 15
	15  -  MemoryUsage of job (MB)
	15404  -  ResidentSetSize of job (KB)
...
006 (14732700.000.000) 2021-09-24 23:51:35 Image size of job updated: 439
	439  -  MemoryUsage of job (MB)
	450380  -  ResidentSetSize of job (KB)
...
006 (14732700.000.000) 2021-09-24 23:52:35 Image size of job updated: 556
	556  -  MemoryUsage of job (MB)
	569608  -  ResidentSetSize of job (KB)
...
006 (14732700.000.000) 2021-09-24 23:57:38 Image size of job updated: 577
	577  -  MemoryUsage of job (MB)
	591036  -  ResidentSetSize of job (KB)
...
006 (14732700.000.000) 2021-09-24 23:58:38 Image size of job updated: 619
	619  -  MemoryUsage of job (MB)
	634452  -  ResidentSetSize of job (KB)
...
006 (14732700.000.000) 2021-09-24 23:59:38 Image size of job updated: 658
	658  -  MemoryUsage of job (MB)
	674756  -  ResidentSetSize of job (KB)
...
006 (14732700.000.000) 2021-09-25 00:00:38 Image size of job updated: 693
	693  -  MemoryUsage of job (MB)
	709916  -  ResidentSetSize of job (KB)
...
006 (14732700.000.000) 2021-09-25 00:01:38 Image size of job updated: 724
	724  -  MemoryUsage of job (MB)
	741864  -  ResidentSetSize of job (KB)
...
006 (14732700.000.000) 2021-09-25 00:02:38 Image size of job updated: 754
	754  -  MemoryUsage of job (MB)
	772660  -  ResidentSetSize of job (KB)
...
006 (14732700.000.000) 2021-09-25 00:03:40 Image size of job updated: 786
	786  -  MemoryUsage of job (MB)
	805048  -  ResidentSetSize of job (KB)
...
006 (14732700.000.000) 2021-09-25 00:04:40 Image size of job updated: 814
	814  -  MemoryUsage of job (MB)
	834164  -  ResidentSetSize of job (KB)
...
006 (14732700.000.000) 2021-09-25 00:05:40 Image size of job updated: 843
	843  -  MemoryUsage of job (MB)
	863556  -  ResidentSetSize of job (KB)
...
006 (14732700.000.000) 2021-09-25 00:06:41 Image size of job updated: 869
	869  -  MemoryUsage of job (MB)
	890056  -  ResidentSetSize of job (KB)
...
006 (14732700.000.000) 2021-09-25 00:07:42 Image size of job updated: 908
	908  -  MemoryUsage of job (MB)
	930728  -  ResidentSetSize of job (KB)
...
006 (14732700.000.000) 2021-09-25 00:08:42 Image size of job updated: 934
	934  -  MemoryUsage of job (MB)
	957160  -  ResidentSetSize of job (KB)
...
006 (14732700.000.000) 2021-09-25 00:09:43 Image size of job updated: 958
	958  -  MemoryUsage of job (MB)
	981732  -  ResidentSetSize of job (KB)
...
006 (14732700.000.000) 2021-09-25 00:10:45 Image size of job updated: 983
	983  -  MemoryUsage of job (MB)
	1007524  -  ResidentSetSize of job (KB)
...
006 (14732700.000.000) 2021-09-25 00:11:45 Image size of job updated: 1006
	1006  -  MemoryUsage of job (MB)
	1030816  -  ResidentSetSize of job (KB)
...
006 (14732700.000.000) 2021-09-25 00:12:46 Image size of job updated: 1031
	1031  -  MemoryUsage of job (MB)
	1056204  -  ResidentSetSize of job (KB)
...
006 (14732700.000.000) 2021-09-25 00:13:48 Image size of job updated: 1063
	1063  -  MemoryUsage of job (MB)
	1088520  -  ResidentSetSize of job (KB)
...
006 (14732700.000.000) 2021-09-25 00:14:48 Image size of job updated: 1085
	1085  -  MemoryUsage of job (MB)
	1111376  -  ResidentSetSize of job (KB)
...
006 (14732700.000.000) 2021-09-25 00:15:48 Image size of job updated: 1106
	1106  -  MemoryUsage of job (MB)
	1132648  -  ResidentSetSize of job (KB)
...
006 (14732700.000.000) 2021-09-25 00:16:48 Image size of job updated: 1125
	1125  -  MemoryUsage of job (MB)
	1152776  -  ResidentSetSize of job (KB)
...
006 (14732700.000.000) 2021-09-25 00:17:48 Image size of job updated: 1144
	1144  -  MemoryUsage of job (MB)
	1172356  -  ResidentSetSize of job (KB)
...
006 (14732700.000.000) 2021-09-25 00:18:48 Image size of job updated: 1163
	1163  -  MemoryUsage of job (MB)
	1191712  -  ResidentSetSize of job (KB)
...
006 (14732700.000.000) 2021-09-25 00:19:48 Image size of job updated: 1181
	1181  -  MemoryUsage of job (MB)
	1209928  -  ResidentSetSize of job (KB)
...
006 (14732700.000.000) 2021-09-25 00:20:48 Image size of job updated: 1200
	1200  -  MemoryUsage of job (MB)
	1229804  -  ResidentSetSize of job (KB)
...
006 (14732700.000.000) 2021-09-25 00:21:48 Image size of job updated: 1217
	1217  -  MemoryUsage of job (MB)
	1247136  -  ResidentSetSize of job (KB)
...
006 (14732700.000.000) 2021-09-25 00:22:48 Image size of job updated: 1234
	1234  -  MemoryUsage of job (MB)
	1264228  -  ResidentSetSize of job (KB)
...
006 (14732700.000.000) 2021-09-25 00:23:48 Image size of job updated: 1251
	1251  -  MemoryUsage of job (MB)
	1281168  -  ResidentSetSize of job (KB)
...
006 (14732700.000.000) 2021-09-25 00:24:50 Image size of job updated: 1268
	1268  -  MemoryUsage of job (MB)
	1299012  -  ResidentSetSize of job (KB)
...
006 (14732700.000.000) 2021-09-25 00:25:50 Image size of job updated: 1284
	1284  -  MemoryUsage of job (MB)
	1315168  -  ResidentSetSize of job (KB)
...
006 (14732700.000.000) 2021-09-25 00:26:50 Image size of job updated: 1300
	1300  -  MemoryUsage of job (MB)
	1331264  -  ResidentSetSize of job (KB)
...
006 (14732700.000.000) 2021-09-25 00:27:50 Image size of job updated: 1315
	1315  -  MemoryUsage of job (MB)
	1347096  -  ResidentSetSize of job (KB)
...
006 (14732700.000.000) 2021-09-25 00:28:51 Image size of job updated: 1332
	1332  -  MemoryUsage of job (MB)
	1364624  -  ResidentSetSize of job (KB)
...
006 (14732700.000.000) 2021-09-25 00:29:52 Image size of job updated: 1348
	1348  -  MemoryUsage of job (MB)
	1380636  -  ResidentSetSize of job (KB)
...
006 (14732700.000.000) 2021-09-25 00:30:53 Image size of job updated: 1363
	1363  -  MemoryUsage of job (MB)
	1396228  -  ResidentSetSize of job (KB)
...
006 (14732700.000.000) 2021-09-25 00:31:54 Image size of job updated: 1379
	1379  -  MemoryUsage of job (MB)
	1412368  -  ResidentSetSize of job (KB)
...
006 (14732700.000.000) 2021-09-25 00:32:54 Image size of job updated: 1394
	1394  -  MemoryUsage of job (MB)
	1427600  -  ResidentSetSize of job (KB)
...
006 (14732700.000.000) 2021-09-25 00:33:54 Image size of job updated: 1408
	1408  -  MemoryUsage of job (MB)
	1442708  -  ResidentSetSize of job (KB)
...
006 (14732700.000.000) 2021-09-25 00:34:54 Image size of job updated: 1423
	1423  -  MemoryUsage of job (MB)
	1457304  -  ResidentSetSize of job (KB)
...
006 (14732700.000.000) 2021-09-25 00:35:55 Image size of job updated: 1439
	1439  -  MemoryUsage of job (MB)
	1473676  -  ResidentSetSize of job (KB)
...
006 (14732700.000.000) 2021-09-25 00:36:55 Image size of job updated: 1452
	1452  -  MemoryUsage of job (MB)
	1487856  -  ResidentSetSize of job (KB)
...
006 (14732700.000.000) 2021-09-25 00:37:56 Image size of job updated: 1466
	1466  -  MemoryUsage of job (MB)
	1502076  -  ResidentSetSize of job (KB)
...
006 (14732700.000.000) 2021-09-25 00:38:56 Image size of job updated: 1480
	1480  -  MemoryUsage of job (MB)
	1516292  -  ResidentSetSize of job (KB)
...
006 (14732700.000.000) 2021-09-25 00:39:57 Image size of job updated: 1496
	1496  -  MemoryUsage of job (MB)
	1532136  -  ResidentSetSize of job (KB)
...
006 (14732700.000.000) 2021-09-25 00:40:57 Image size of job updated: 1510
	1510  -  MemoryUsage of job (MB)
	1546464  -  ResidentSetSize of job (KB)
...
006 (14732700.000.000) 2021-09-25 00:41:58 Image size of job updated: 1524
	1524  -  MemoryUsage of job (MB)
	1560636  -  ResidentSetSize of job (KB)
...
006 (14732700.000.000) 2021-09-25 00:42:59 Image size of job updated: 1543
	1543  -  MemoryUsage of job (MB)
	1580240  -  ResidentSetSize of job (KB)
...
006 (14732700.000.000) 2021-09-25 00:43:59 Image size of job updated: 1621
	1621  -  MemoryUsage of job (MB)
	1660672  -  ResidentSetSize of job (KB)
...
006 (14732700.000.000) 2021-09-25 00:44:59 Image size of job updated: 1628
	1628  -  MemoryUsage of job (MB)
	1667872  -  ResidentSetSize of job (KB)
...
006 (14732700.000.000) 2021-09-25 00:46:00 Image size of job updated: 1632
	1632  -  MemoryUsage of job (MB)
	1671292  -  ResidentSetSize of job (KB)
...
006 (14732700.000.000) 2021-09-25 00:47:00 Image size of job updated: 1634
	1634  -  MemoryUsage of job (MB)
	1674072  -  ResidentSetSize of job (KB)
...
006 (14732700.000.000) 2021-09-25 00:48:01 Image size of job updated: 1636
	1636  -  MemoryUsage of job (MB)
	1676044  -  ResidentSetSize of job (KB)
...
006 (14732700.000.000) 2021-09-25 00:49:02 Image size of job updated: 1638
	1638  -  MemoryUsage of job (MB)
	1677724  -  ResidentSetSize of job (KB)
...
006 (14732700.000.000) 2021-09-25 00:50:02 Image size of job updated: 1639
	1639  -  MemoryUsage of job (MB)
	1679240  -  ResidentSetSize of job (KB)
...
006 (14732700.000.000) 2021-09-25 00:51:02 Image size of job updated: 1640
	1640  -  MemoryUsage of job (MB)
	1680100  -  ResidentSetSize of job (KB)
...
006 (14732700.000.000) 2021-09-25 00:52:03 Image size of job updated: 1641
	1641  -  MemoryUsage of job (MB)
	1680464  -  ResidentSetSize of job (KB)
...
006 (14732700.000.000) 2021-09-25 00:53:04 Image size of job updated: 1642
	1642  -  MemoryUsage of job (MB)
	1681416  -  ResidentSetSize of job (KB)
...
006 (14732700.000.000) 2021-09-25 00:54:04 Image size of job updated: 1642
	1642  -  MemoryUsage of job (MB)
	1681940  -  ResidentSetSize of job (KB)
...
006 (14732700.000.000) 2021-09-25 00:55:04 Image size of job updated: 1643
	1643  -  MemoryUsage of job (MB)
	1682788  -  ResidentSetSize of job (KB)
...
006 (14732700.000.000) 2021-09-25 00:56:04 Image size of job updated: 1644
	1644  -  MemoryUsage of job (MB)
	1683516  -  ResidentSetSize of job (KB)
...
006 (14732700.000.000) 2021-09-25 00:57:04 Image size of job updated: 1644
	1644  -  MemoryUsage of job (MB)
	1683924  -  ResidentSetSize of job (KB)
...
006 (14732700.000.000) 2021-09-25 00:58:04 Image size of job updated: 1644
	1644  -  MemoryUsage of job (MB)
	1684216  -  ResidentSetSize of job (KB)
...
006 (14732700.000.000) 2021-09-25 00:59:04 Image size of job updated: 1645
	1645  -  MemoryUsage of job (MB)
	1684764  -  ResidentSetSize of job (KB)
...
006 (14732700.000.000) 2021-09-25 01:00:04 Image size of job updated: 1645
	1645  -  MemoryUsage of job (MB)
	1685468  -  ResidentSetSize of job (KB)
...
006 (14732700.000.000) 2021-09-25 01:01:04 Image size of job updated: 1646
	1646  -  MemoryUsage of job (MB)
	1686104  -  ResidentSetSize of job (KB)
...
006 (14732700.000.000) 2021-09-25 01:02:04 Image size of job updated: 1646
	1646  -  MemoryUsage of job (MB)
	1686496  -  ResidentSetSize of job (KB)
...
006 (14732700.000.000) 2021-09-25 01:03:06 Image size of job updated: 1647
	1647  -  MemoryUsage of job (MB)
	1687084  -  ResidentSetSize of job (KB)
...
006 (14732700.000.000) 2021-09-25 01:04:06 Image size of job updated: 1648
	1648  -  MemoryUsage of job (MB)
	1687592  -  ResidentSetSize of job (KB)
...
006 (14732700.000.000) 2021-09-25 01:05:07 Image size of job updated: 1648
	1648  -  MemoryUsage of job (MB)
	1687888  -  ResidentSetSize of job (KB)
...
006 (14732700.000.000) 2021-09-25 01:06:09 Image size of job updated: 1648
	1648  -  MemoryUsage of job (MB)
	1688280  -  ResidentSetSize of job (KB)
...
006 (14732700.000.000) 2021-09-25 01:07:09 Image size of job updated: 1649
	1649  -  MemoryUsage of job (MB)
	1688720  -  ResidentSetSize of job (KB)
...
006 (14732700.000.000) 2021-09-25 01:08:09 Image size of job updated: 1649
	1649  -  MemoryUsage of job (MB)
	1688908  -  ResidentSetSize of job (KB)
...
006 (14732700.000.000) 2021-09-25 01:09:09 Image size of job updated: 1650
	1650  -  MemoryUsage of job (MB)
	1690184  -  ResidentSetSize of job (KB)
...
006 (14732700.000.000) 2021-09-25 01:10:10 Image size of job updated: 1651
	1651  -  MemoryUsage of job (MB)
	1690952  -  ResidentSetSize of job (KB)
...
006 (14732700.000.000) 2021-09-25 01:11:11 Image size of job updated: 1652
	1652  -  MemoryUsage of job (MB)
	1692172  -  ResidentSetSize of job (KB)
...
006 (14732700.000.000) 2021-09-25 01:12:11 Image size of job updated: 1653
	1653  -  MemoryUsage of job (MB)
	1693360  -  ResidentSetSize of job (KB)
...
006 (14732700.000.000) 2021-09-25 01:13:11 Image size of job updated: 1654
	1654  -  MemoryUsage of job (MB)
	1693772  -  ResidentSetSize of job (KB)
...
006 (14732700.000.000) 2021-09-25 01:14:11 Image size of job updated: 1654
	1654  -  MemoryUsage of job (MB)
	1694544  -  ResidentSetSize of job (KB)
...
006 (14732700.000.000) 2021-09-25 01:15:13 Image size of job updated: 1655
	1655  -  MemoryUsage of job (MB)
	1695212  -  ResidentSetSize of job (KB)
...
006 (14732700.000.000) 2021-09-25 01:16:13 Image size of job updated: 1656
	1656  -  MemoryUsage of job (MB)
	1696204  -  ResidentSetSize of job (KB)
...
006 (14732700.000.000) 2021-09-25 01:17:13 Image size of job updated: 1657
	1657  -  MemoryUsage of job (MB)
	1697056  -  ResidentSetSize of job (KB)
...
006 (14732700.000.000) 2021-09-25 01:18:14 Image size of job updated: 1657
	1657  -  MemoryUsage of job (MB)
	1697500  -  ResidentSetSize of job (KB)
...
006 (14732700.000.000) 2021-09-25 01:19:15 Image size of job updated: 1658
	1658  -  MemoryUsage of job (MB)
	1697860  -  ResidentSetSize of job (KB)
...
006 (14732700.000.000) 2021-09-25 01:20:15 Image size of job updated: 1658
	1658  -  MemoryUsage of job (MB)
	1698236  -  ResidentSetSize of job (KB)
...
006 (14732700.000.000) 2021-09-25 01:21:15 Image size of job updated: 1658
	1658  -  MemoryUsage of job (MB)
	1698580  -  ResidentSetSize of job (KB)
...
006 (14732700.000.000) 2021-09-25 01:22:15 Image size of job updated: 1658
	1658  -  MemoryUsage of job (MB)
	1698620  -  ResidentSetSize of job (KB)
...
006 (14732700.000.000) 2021-09-25 01:23:17 Image size of job updated: 1658
	1658  -  MemoryUsage of job (MB)
	1698668  -  ResidentSetSize of job (KB)
...
006 (14732700.000.000) 2021-09-25 01:24:18 Image size of job updated: 1658
	1658  -  MemoryUsage of job (MB)
	1698704  -  ResidentSetSize of job (KB)
...
006 (14732700.000.000) 2021-09-25 01:25:18 Image size of job updated: 1658
	1658  -  MemoryUsage of job (MB)
	1698764  -  ResidentSetSize of job (KB)
...
006 (14732700.000.000) 2021-09-25 01:26:19 Image size of job updated: 1658
	1658  -  MemoryUsage of job (MB)
	1698808  -  ResidentSetSize of job (KB)
...
006 (14732700.000.000) 2021-09-25 01:27:19 Image size of job updated: 1659
	1659  -  MemoryUsage of job (MB)
	1699336  -  ResidentSetSize of job (KB)
...
006 (14732700.000.000) 2021-09-25 01:28:20 Image size of job updated: 1659
	1659  -  MemoryUsage of job (MB)
	1699744  -  ResidentSetSize of job (KB)
...
006 (14732700.000.000) 2021-09-25 01:29:22 Image size of job updated: 1660
	1660  -  MemoryUsage of job (MB)
	1700404  -  ResidentSetSize of job (KB)
...
006 (14732700.000.000) 2021-09-25 01:30:22 Image size of job updated: 1660
	1660  -  MemoryUsage of job (MB)
	1700740  -  ResidentSetSize of job (KB)
...
006 (14732700.000.000) 2021-09-25 01:31:23 Image size of job updated: 1661
	1661  -  MemoryUsage of job (MB)
	1701152  -  ResidentSetSize of job (KB)
...
006 (14732700.000.000) 2021-09-25 01:32:24 Image size of job updated: 1661
	1661  -  MemoryUsage of job (MB)
	1701420  -  ResidentSetSize of job (KB)
...
006 (14732700.000.000) 2021-09-25 01:33:24 Image size of job updated: 1662
	1662  -  MemoryUsage of job (MB)
	1702024  -  ResidentSetSize of job (KB)
...
006 (14732700.000.000) 2021-09-25 01:34:24 Image size of job updated: 1662
	1662  -  MemoryUsage of job (MB)
	1702276  -  ResidentSetSize of job (KB)
...
006 (14732700.000.000) 2021-09-25 01:35:25 Image size of job updated: 1662
	1662  -  MemoryUsage of job (MB)
	1702672  -  ResidentSetSize of job (KB)
...
006 (14732700.000.000) 2021-09-25 01:36:26 Image size of job updated: 1663
	1663  -  MemoryUsage of job (MB)
	1703044  -  ResidentSetSize of job (KB)
...
006 (14732700.000.000) 2021-09-25 01:37:27 Image size of job updated: 1663
	1663  -  MemoryUsage of job (MB)
	1703496  -  ResidentSetSize of job (KB)
...
006 (14732700.000.000) 2021-09-25 01:38:28 Image size of job updated: 1663
	1663  -  MemoryUsage of job (MB)
	1703788  -  ResidentSetSize of job (KB)
...
006 (14732700.000.000) 2021-09-25 01:39:28 Image size of job updated: 1664
	1664  -  MemoryUsage of job (MB)
	1704096  -  ResidentSetSize of job (KB)
...
006 (14732700.000.000) 2021-09-25 01:40:28 Image size of job updated: 1664
	1664  -  MemoryUsage of job (MB)
	1704644  -  ResidentSetSize of job (KB)
...
006 (14732700.000.000) 2021-09-25 01:41:28 Image size of job updated: 1665
	1665  -  MemoryUsage of job (MB)
	1705012  -  ResidentSetSize of job (KB)
...
006 (14732700.000.000) 2021-09-25 01:42:28 Image size of job updated: 1665
	1665  -  MemoryUsage of job (MB)
	1705440  -  ResidentSetSize of job (KB)
...
006 (14732700.000.000) 2021-09-25 01:43:28 Image size of job updated: 1665
	1665  -  MemoryUsage of job (MB)
	1705832  -  ResidentSetSize of job (KB)
...
006 (14732700.000.000) 2021-09-25 01:44:29 Image size of job updated: 1666
	1666  -  MemoryUsage of job (MB)
	1706264  -  ResidentSetSize of job (KB)
...
006 (14732700.000.000) 2021-09-25 01:45:29 Image size of job updated: 1666
	1666  -  MemoryUsage of job (MB)
	1706728  -  ResidentSetSize of job (KB)
...
006 (14732700.000.000) 2021-09-25 01:46:30 Image size of job updated: 1666
	1666  -  MemoryUsage of job (MB)
	1706888  -  ResidentSetSize of job (KB)
...
006 (14732700.000.000) 2021-09-25 01:47:32 Image size of job updated: 1667
	1667  -  MemoryUsage of job (MB)
	1707284  -  ResidentSetSize of job (KB)
...
006 (14732700.000.000) 2021-09-25 01:48:32 Image size of job updated: 1667
	1667  -  MemoryUsage of job (MB)
	1707652  -  ResidentSetSize of job (KB)
...
006 (14732700.000.000) 2021-09-25 01:49:33 Image size of job updated: 1668
	1668  -  MemoryUsage of job (MB)
	1708108  -  ResidentSetSize of job (KB)
...
006 (14732700.000.000) 2021-09-25 01:50:35 Image size of job updated: 1668
	1668  -  MemoryUsage of job (MB)
	1708512  -  ResidentSetSize of job (KB)
...
006 (14732700.000.000) 2021-09-25 01:51:35 Image size of job updated: 1668
	1668  -  MemoryUsage of job (MB)
	1708804  -  ResidentSetSize of job (KB)
...
006 (14732700.000.000) 2021-09-25 01:52:36 Image size of job updated: 1669
	1669  -  MemoryUsage of job (MB)
	1709132  -  ResidentSetSize of job (KB)
...
006 (14732700.000.000) 2021-09-25 01:53:37 Image size of job updated: 1669
	1669  -  MemoryUsage of job (MB)
	1709260  -  ResidentSetSize of job (KB)
...
006 (14732700.000.000) 2021-09-25 01:54:38 Image size of job updated: 1669
	1669  -  MemoryUsage of job (MB)
	1709620  -  ResidentSetSize of job (KB)
...
006 (14732700.000.000) 2021-09-25 01:55:39 Image size of job updated: 1669
	1669  -  MemoryUsage of job (MB)
	1710020  -  ResidentSetSize of job (KB)
...
006 (14732700.000.000) 2021-09-25 01:56:40 Image size of job updated: 1670
	1670  -  MemoryUsage of job (MB)
	1710396  -  ResidentSetSize of job (KB)
...
006 (14732700.000.000) 2021-09-25 01:57:41 Image size of job updated: 1670
	1670  -  MemoryUsage of job (MB)
	1710544  -  ResidentSetSize of job (KB)
...
006 (14732700.000.000) 2021-09-25 01:58:41 Image size of job updated: 1670
	1670  -  MemoryUsage of job (MB)
	1710848  -  ResidentSetSize of job (KB)
...
006 (14732700.000.000) 2021-09-25 01:59:41 Image size of job updated: 1671
	1671  -  MemoryUsage of job (MB)
	1711272  -  ResidentSetSize of job (KB)
...
006 (14732700.000.000) 2021-09-25 02:00:41 Image size of job updated: 1671
	1671  -  MemoryUsage of job (MB)
	1711620  -  ResidentSetSize of job (KB)
...
006 (14732700.000.000) 2021-09-25 02:01:41 Image size of job updated: 1671
	1671  -  MemoryUsage of job (MB)
	1711992  -  ResidentSetSize of job (KB)
...
006 (14732700.000.000) 2021-09-25 02:02:41 Image size of job updated: 1672
	1672  -  MemoryUsage of job (MB)
	1712332  -  ResidentSetSize of job (KB)
...
006 (14732700.000.000) 2021-09-25 02:03:41 Image size of job updated: 1672
	1672  -  MemoryUsage of job (MB)
	1712732  -  ResidentSetSize of job (KB)
...
006 (14732700.000.000) 2021-09-25 02:04:42 Image size of job updated: 1672
	1672  -  MemoryUsage of job (MB)
	1713100  -  ResidentSetSize of job (KB)
...
006 (14732700.000.000) 2021-09-25 02:05:42 Image size of job updated: 1673
	1673  -  MemoryUsage of job (MB)
	1713256  -  ResidentSetSize of job (KB)
...
006 (14732700.000.000) 2021-09-25 02:06:42 Image size of job updated: 1673
	1673  -  MemoryUsage of job (MB)
	1713620  -  ResidentSetSize of job (KB)
...
006 (14732700.000.000) 2021-09-25 02:07:43 Image size of job updated: 1673
	1673  -  MemoryUsage of job (MB)
	1714068  -  ResidentSetSize of job (KB)
...
006 (14732700.000.000) 2021-09-25 02:08:44 Image size of job updated: 1674
	1674  -  MemoryUsage of job (MB)
	1714352  -  ResidentSetSize of job (KB)
...
006 (14732700.000.000) 2021-09-25 02:09:46 Image size of job updated: 1674
	1674  -  MemoryUsage of job (MB)
	1714736  -  ResidentSetSize of job (KB)
...
006 (14732700.000.000) 2021-09-25 02:10:47 Image size of job updated: 1674
	1674  -  MemoryUsage of job (MB)
	1715092  -  ResidentSetSize of job (KB)
...
006 (14732700.000.000) 2021-09-25 02:11:48 Image size of job updated: 1675
	1675  -  MemoryUsage of job (MB)
	1715292  -  ResidentSetSize of job (KB)
...
006 (14732700.000.000) 2021-09-25 02:12:48 Image size of job updated: 1675
	1675  -  MemoryUsage of job (MB)
	1715680  -  ResidentSetSize of job (KB)
...
006 (14732700.000.000) 2021-09-25 02:13:48 Image size of job updated: 1675
	1675  -  MemoryUsage of job (MB)
	1716004  -  ResidentSetSize of job (KB)
...
006 (14732700.000.000) 2021-09-25 02:14:48 Image size of job updated: 1676
	1676  -  MemoryUsage of job (MB)
	1716412  -  ResidentSetSize of job (KB)
...
006 (14732700.000.000) 2021-09-25 02:15:49 Image size of job updated: 1676
	1676  -  MemoryUsage of job (MB)
	1716756  -  ResidentSetSize of job (KB)
...
006 (14732700.000.000) 2021-09-25 02:16:50 Image size of job updated: 1676
	1676  -  MemoryUsage of job (MB)
	1716768  -  ResidentSetSize of job (KB)
...
006 (14732700.000.000) 2021-09-25 02:19:51 Image size of job updated: 1676
	1676  -  MemoryUsage of job (MB)
	1716816  -  ResidentSetSize of job (KB)
...
006 (14732700.000.000) 2021-09-25 02:20:52 Image size of job updated: 1676
	1676  -  MemoryUsage of job (MB)
	1716820  -  ResidentSetSize of job (KB)
...
006 (14732700.000.000) 2021-09-25 02:21:54 Image size of job updated: 1676
	1676  -  MemoryUsage of job (MB)
	1716824  -  ResidentSetSize of job (KB)
...
006 (14732700.000.000) 2021-09-25 02:22:54 Image size of job updated: 1677
	1677  -  MemoryUsage of job (MB)
	1717744  -  ResidentSetSize of job (KB)
...
006 (14732700.000.000) 2021-09-25 02:23:54 Image size of job updated: 1677
	1677  -  MemoryUsage of job (MB)
	1718132  -  ResidentSetSize of job (KB)
...
006 (14732700.000.000) 2021-09-25 02:24:54 Image size of job updated: 1678
	1678  -  MemoryUsage of job (MB)
	1718708  -  ResidentSetSize of job (KB)
...
006 (14732700.000.000) 2021-09-25 02:25:56 Image size of job updated: 1678
	1678  -  MemoryUsage of job (MB)
	1719132  -  ResidentSetSize of job (KB)
...
006 (14732700.000.000) 2021-09-25 02:26:56 Image size of job updated: 1679
	1679  -  MemoryUsage of job (MB)
	1719560  -  ResidentSetSize of job (KB)
...
006 (14732700.000.000) 2021-09-25 02:27:56 Image size of job updated: 1679
	1679  -  MemoryUsage of job (MB)
	1719964  -  ResidentSetSize of job (KB)
...
006 (14732700.000.000) 2021-09-25 02:28:56 Image size of job updated: 1679
	1679  -  MemoryUsage of job (MB)
	1720212  -  ResidentSetSize of job (KB)
...
006 (14732700.000.000) 2021-09-25 02:29:56 Image size of job updated: 1680
	1680  -  MemoryUsage of job (MB)
	1720656  -  ResidentSetSize of job (KB)
...
006 (14732700.000.000) 2021-09-25 02:30:57 Image size of job updated: 1680
	1680  -  MemoryUsage of job (MB)
	1720944  -  ResidentSetSize of job (KB)
...
006 (14732700.000.000) 2021-09-25 02:31:57 Image size of job updated: 1680
	1680  -  MemoryUsage of job (MB)
	1721084  -  ResidentSetSize of job (KB)
...
006 (14732700.000.000) 2021-09-25 02:32:57 Image size of job updated: 1681
	1681  -  MemoryUsage of job (MB)
	1721436  -  ResidentSetSize of job (KB)
...
006 (14732700.000.000) 2021-09-25 02:33:57 Image size of job updated: 1681
	1681  -  MemoryUsage of job (MB)
	1721828  -  ResidentSetSize of job (KB)
...
006 (14732700.000.000) 2021-09-25 02:37:00 Image size of job updated: 1681
	1681  -  MemoryUsage of job (MB)
	1721832  -  ResidentSetSize of job (KB)
...
006 (14732700.000.000) 2021-09-25 02:38:00 Image size of job updated: 1681
	1681  -  MemoryUsage of job (MB)
	1721836  -  ResidentSetSize of job (KB)
...
006 (14732700.000.000) 2021-09-25 02:40:01 Image size of job updated: 1681
	1681  -  MemoryUsage of job (MB)
	1721872  -  ResidentSetSize of job (KB)
...
040 (14732700.000.000) 2021-09-25 02:40:19 Started transferring output files
...
040 (14732700.000.000) 2021-09-25 02:40:19 Finished transferring output files
...
005 (14732700.000.000) 2021-09-25 02:40:22 Job terminated.
	(1) Normal termination (return value 0)
		Usr 0 00:00:00, Sys 0 00:00:00  -  Run Remote Usage
		Usr 0 00:00:00, Sys 0 00:00:00  -  Run Local Usage
		Usr 0 00:59:31, Sys 0 01:47:37  -  Total Remote Usage
		Usr 0 00:00:00, Sys 0 00:00:00  -  Total Local Usage
	1223877  -  Run Bytes Sent By Job
	8471570  -  Run Bytes Received By Job
	1223877  -  Total Bytes Sent By Job
	8471570  -  Total Bytes Received By Job
	Partitionable Resources :    Usage  Request Allocated 
	   Cpus                 :        0        1         1 
	   Disk (KB)            :    14933    10000   1636051 
	   Memory (MB)          :     1681     2048      2048 

	Job terminated of its own accord at 2021-09-25T07:40:19Z.
...
