000 (14656637.000.000) 2021-09-18 19:10:50 Job submitted from host: <131.225.188.55:9618?addrs=131.225.188.55-9618&alias=lpcschedd1.fnal.gov&noUDP&sock=schedd_2070_6d22>
...
040 (14656637.000.000) 2021-09-18 20:22:20 Started transferring input files
	Transferring to host: <131.225.206.17:9618?addrs=131.225.206.17-9618&alias=cmswn1741.fnal.gov&noUDP&sock=slot1_1_1218_f0eb_4832>
...
040 (14656637.000.000) 2021-09-18 20:22:20 Finished transferring input files
...
001 (14656637.000.000) 2021-09-18 20:22:21 Job executing on host: <131.225.206.17:9618?addrs=131.225.206.17-9618&alias=cmswn1741.fnal.gov&noUDP&sock=startd_1140_860e>
...
006 (14656637.000.000) 2021-09-18 20:22:30 Image size of job updated: 8
	8  -  MemoryUsage of job (MB)
	9140  -  ResidentSetSize of job (KB)
...
006 (14656637.000.000) 2021-09-18 20:23:30 Image size of job updated: 530
	530  -  MemoryUsage of job (MB)
	542860  -  ResidentSetSize of job (KB)
...
006 (14656637.000.000) 2021-09-18 20:27:32 Image size of job updated: 560
	560  -  MemoryUsage of job (MB)
	574408  -  ResidentSetSize of job (KB)
...
006 (14656637.000.000) 2021-09-18 20:28:33 Image size of job updated: 609
	609  -  MemoryUsage of job (MB)
	623884  -  ResidentSetSize of job (KB)
...
006 (14656637.000.000) 2021-09-18 20:29:33 Image size of job updated: 650
	650  -  MemoryUsage of job (MB)
	666468  -  ResidentSetSize of job (KB)
...
006 (14656637.000.000) 2021-09-18 20:30:34 Image size of job updated: 688
	688  -  MemoryUsage of job (MB)
	705468  -  ResidentSetSize of job (KB)
...
006 (14656637.000.000) 2021-09-18 20:31:34 Image size of job updated: 723
	723  -  MemoryUsage of job (MB)
	740904  -  ResidentSetSize of job (KB)
...
006 (14656637.000.000) 2021-09-18 20:32:35 Image size of job updated: 756
	756  -  MemoryUsage of job (MB)
	774396  -  ResidentSetSize of job (KB)
...
006 (14656637.000.000) 2021-09-18 20:33:36 Image size of job updated: 787
	787  -  MemoryUsage of job (MB)
	806816  -  ResidentSetSize of job (KB)
...
006 (14656637.000.000) 2021-09-18 20:34:36 Image size of job updated: 818
	818  -  MemoryUsage of job (MB)
	838436  -  ResidentSetSize of job (KB)
...
006 (14656637.000.000) 2021-09-18 20:35:37 Image size of job updated: 849
	849  -  MemoryUsage of job (MB)
	869980  -  ResidentSetSize of job (KB)
...
006 (14656637.000.000) 2021-09-18 20:36:38 Image size of job updated: 877
	877  -  MemoryUsage of job (MB)
	898592  -  ResidentSetSize of job (KB)
...
006 (14656637.000.000) 2021-09-18 20:37:38 Image size of job updated: 915
	915  -  MemoryUsage of job (MB)
	937880  -  ResidentSetSize of job (KB)
...
006 (14656637.000.000) 2021-09-18 20:38:39 Image size of job updated: 943
	943  -  MemoryUsage of job (MB)
	966236  -  ResidentSetSize of job (KB)
...
006 (14656637.000.000) 2021-09-18 20:39:40 Image size of job updated: 969
	969  -  MemoryUsage of job (MB)
	992732  -  ResidentSetSize of job (KB)
...
006 (14656637.000.000) 2021-09-18 20:40:40 Image size of job updated: 994
	994  -  MemoryUsage of job (MB)
	1017896  -  ResidentSetSize of job (KB)
...
006 (14656637.000.000) 2021-09-18 20:41:41 Image size of job updated: 1019
	1019  -  MemoryUsage of job (MB)
	1044444  -  ResidentSetSize of job (KB)
...
006 (14656637.000.000) 2021-09-18 20:42:41 Image size of job updated: 1047
	1047  -  MemoryUsage of job (MB)
	1072896  -  ResidentSetSize of job (KB)
...
006 (14656637.000.000) 2021-09-18 20:43:41 Image size of job updated: 1078
	1078  -  MemoryUsage of job (MB)
	1104588  -  ResidentSetSize of job (KB)
...
006 (14656637.000.000) 2021-09-18 20:44:42 Image size of job updated: 1101
	1101  -  MemoryUsage of job (MB)
	1127428  -  ResidentSetSize of job (KB)
...
006 (14656637.000.000) 2021-09-18 20:45:42 Image size of job updated: 1122
	1122  -  MemoryUsage of job (MB)
	1149684  -  ResidentSetSize of job (KB)
...
006 (14656637.000.000) 2021-09-18 20:46:43 Image size of job updated: 1144
	1144  -  MemoryUsage of job (MB)
	1171636  -  ResidentSetSize of job (KB)
...
006 (14656637.000.000) 2021-09-18 20:47:44 Image size of job updated: 1165
	1165  -  MemoryUsage of job (MB)
	1193732  -  ResidentSetSize of job (KB)
...
006 (14656637.000.000) 2021-09-18 20:48:44 Image size of job updated: 1186
	1186  -  MemoryUsage of job (MB)
	1214600  -  ResidentSetSize of job (KB)
...
006 (14656637.000.000) 2021-09-18 20:49:45 Image size of job updated: 1206
	1206  -  MemoryUsage of job (MB)
	1235068  -  ResidentSetSize of job (KB)
...
006 (14656637.000.000) 2021-09-18 20:50:45 Image size of job updated: 1225
	1225  -  MemoryUsage of job (MB)
	1255176  -  ResidentSetSize of job (KB)
...
006 (14656637.000.000) 2021-09-18 20:51:45 Image size of job updated: 1244
	1244  -  MemoryUsage of job (MB)
	1274592  -  ResidentSetSize of job (KB)
...
006 (14656637.000.000) 2021-09-18 20:52:46 Image size of job updated: 1263
	1263  -  MemoryUsage of job (MB)
	1293928  -  ResidentSetSize of job (KB)
...
006 (14656637.000.000) 2021-09-18 20:53:46 Image size of job updated: 1280
	1280  -  MemoryUsage of job (MB)
	1311112  -  ResidentSetSize of job (KB)
...
006 (14656637.000.000) 2021-09-18 20:54:46 Image size of job updated: 1298
	1298  -  MemoryUsage of job (MB)
	1329884  -  ResidentSetSize of job (KB)
...
006 (14656637.000.000) 2021-09-18 20:55:47 Image size of job updated: 1316
	1316  -  MemoryUsage of job (MB)
	1348380  -  ResidentSetSize of job (KB)
...
006 (14656637.000.000) 2021-09-18 20:56:47 Image size of job updated: 1334
	1334  -  MemoryUsage of job (MB)
	1366640  -  ResidentSetSize of job (KB)
...
006 (14656637.000.000) 2021-09-18 20:57:47 Image size of job updated: 1352
	1352  -  MemoryUsage of job (MB)
	1384612  -  ResidentSetSize of job (KB)
...
006 (14656637.000.000) 2021-09-18 20:58:48 Image size of job updated: 1369
	1369  -  MemoryUsage of job (MB)
	1402332  -  ResidentSetSize of job (KB)
...
006 (14656637.000.000) 2021-09-18 20:59:48 Image size of job updated: 1386
	1386  -  MemoryUsage of job (MB)
	1419820  -  ResidentSetSize of job (KB)
...
006 (14656637.000.000) 2021-09-18 21:00:48 Image size of job updated: 1403
	1403  -  MemoryUsage of job (MB)
	1436936  -  ResidentSetSize of job (KB)
...
006 (14656637.000.000) 2021-09-18 21:01:49 Image size of job updated: 1420
	1420  -  MemoryUsage of job (MB)
	1454820  -  ResidentSetSize of job (KB)
...
006 (14656637.000.000) 2021-09-18 21:02:49 Image size of job updated: 1436
	1436  -  MemoryUsage of job (MB)
	1470508  -  ResidentSetSize of job (KB)
...
006 (14656637.000.000) 2021-09-18 21:03:50 Image size of job updated: 1452
	1452  -  MemoryUsage of job (MB)
	1487080  -  ResidentSetSize of job (KB)
...
006 (14656637.000.000) 2021-09-18 21:04:51 Image size of job updated: 1468
	1468  -  MemoryUsage of job (MB)
	1503376  -  ResidentSetSize of job (KB)
...
006 (14656637.000.000) 2021-09-18 21:05:51 Image size of job updated: 1483
	1483  -  MemoryUsage of job (MB)
	1519528  -  ResidentSetSize of job (KB)
...
006 (14656637.000.000) 2021-09-18 21:06:52 Image size of job updated: 1499
	1499  -  MemoryUsage of job (MB)
	1535476  -  ResidentSetSize of job (KB)
...
006 (14656637.000.000) 2021-09-18 21:07:53 Image size of job updated: 1514
	1514  -  MemoryUsage of job (MB)
	1551160  -  ResidentSetSize of job (KB)
...
006 (14656637.000.000) 2021-09-18 21:08:53 Image size of job updated: 1530
	1530  -  MemoryUsage of job (MB)
	1566764  -  ResidentSetSize of job (KB)
...
006 (14656637.000.000) 2021-09-18 21:09:54 Image size of job updated: 1554
	1554  -  MemoryUsage of job (MB)
	1591308  -  ResidentSetSize of job (KB)
...
006 (14656637.000.000) 2021-09-18 21:10:55 Image size of job updated: 1629
	1629  -  MemoryUsage of job (MB)
	1668372  -  ResidentSetSize of job (KB)
...
006 (14656637.000.000) 2021-09-18 21:11:55 Image size of job updated: 1641
	1641  -  MemoryUsage of job (MB)
	1681304  -  ResidentSetSize of job (KB)
...
006 (14656637.000.000) 2021-09-18 21:12:56 Image size of job updated: 1652
	1652  -  MemoryUsage of job (MB)
	1692648  -  ResidentSetSize of job (KB)
...
006 (14656637.000.000) 2021-09-18 21:13:56 Image size of job updated: 1655
	1655  -  MemoryUsage of job (MB)
	1695060  -  ResidentSetSize of job (KB)
...
006 (14656637.000.000) 2021-09-18 21:14:56 Image size of job updated: 1660
	1660  -  MemoryUsage of job (MB)
	1700620  -  ResidentSetSize of job (KB)
...
006 (14656637.000.000) 2021-09-18 21:15:57 Image size of job updated: 1665
	1665  -  MemoryUsage of job (MB)
	1705060  -  ResidentSetSize of job (KB)
...
006 (14656637.000.000) 2021-09-18 21:16:58 Image size of job updated: 1667
	1667  -  MemoryUsage of job (MB)
	1707896  -  ResidentSetSize of job (KB)
...
006 (14656637.000.000) 2021-09-18 21:17:58 Image size of job updated: 1670
	1670  -  MemoryUsage of job (MB)
	1710372  -  ResidentSetSize of job (KB)
...
006 (14656637.000.000) 2021-09-18 21:18:59 Image size of job updated: 1675
	1675  -  MemoryUsage of job (MB)
	1715844  -  ResidentSetSize of job (KB)
...
006 (14656637.000.000) 2021-09-18 21:19:59 Image size of job updated: 1678
	1678  -  MemoryUsage of job (MB)
	1719140  -  ResidentSetSize of job (KB)
...
006 (14656637.000.000) 2021-09-18 21:21:00 Image size of job updated: 1682
	1682  -  MemoryUsage of job (MB)
	1722512  -  ResidentSetSize of job (KB)
...
006 (14656637.000.000) 2021-09-18 21:21:36 Image size of job updated: 1683
	1683  -  MemoryUsage of job (MB)
	1723664  -  ResidentSetSize of job (KB)
...
040 (14656637.000.000) 2021-09-18 21:21:36 Started transferring output files
...
040 (14656637.000.000) 2021-09-18 21:21:37 Finished transferring output files
...
005 (14656637.000.000) 2021-09-18 21:21:39 Job terminated.
	(1) Normal termination (return value 0)
		Usr 0 00:52:20, Sys 0 00:04:57  -  Run Remote Usage
		Usr 0 00:00:00, Sys 0 00:00:00  -  Run Local Usage
		Usr 0 00:52:20, Sys 0 00:04:57  -  Total Remote Usage
		Usr 0 00:00:00, Sys 0 00:00:00  -  Total Local Usage
	1231265  -  Run Bytes Sent By Job
	8471534  -  Run Bytes Received By Job
	1231265  -  Total Bytes Sent By Job
	8471534  -  Total Bytes Received By Job
	Partitionable Resources :    Usage  Request Allocated 
	   Cpus                 :        0        1         1 
	   Disk (KB)            :    16128    10000    327568 
	   Memory (MB)          :     1683     2048      2048 

	Job terminated of its own accord at 2021-09-19T02:21:36Z.
...
000 (14732694.000.000) 2021-09-24 22:12:40 Job submitted from host: <131.225.188.55:9618?addrs=131.225.188.55-9618&alias=lpcschedd1.fnal.gov&noUDP&sock=schedd_2070_6d22>
...
040 (14732694.000.000) 2021-09-24 23:50:26 Started transferring input files
	Transferring to host: <131.225.191.148:9618?addrs=131.225.191.148-9618&alias=cmswn1878.fnal.gov&noUDP&sock=slot1_4_9238_c1b1_4687>
...
040 (14732694.000.000) 2021-09-24 23:50:27 Finished transferring input files
...
001 (14732694.000.000) 2021-09-24 23:50:28 Job executing on host: <131.225.191.148:9618?addrs=131.225.191.148-9618&alias=cmswn1878.fnal.gov&noUDP&sock=startd_1148_02d0>
...
006 (14732694.000.000) 2021-09-24 23:50:36 Image size of job updated: 64
	64  -  MemoryUsage of job (MB)
	66176  -  ResidentSetSize of job (KB)
...
006 (14732694.000.000) 2021-09-24 23:51:36 Image size of job updated: 533
	533  -  MemoryUsage of job (MB)
	546704  -  ResidentSetSize of job (KB)
...
006 (14732694.000.000) 2021-09-24 23:55:37 Image size of job updated: 562
	562  -  MemoryUsage of job (MB)
	576460  -  ResidentSetSize of job (KB)
...
006 (14732694.000.000) 2021-09-24 23:56:38 Image size of job updated: 609
	609  -  MemoryUsage of job (MB)
	624632  -  ResidentSetSize of job (KB)
...
006 (14732694.000.000) 2021-09-24 23:57:39 Image size of job updated: 651
	651  -  MemoryUsage of job (MB)
	667224  -  ResidentSetSize of job (KB)
...
006 (14732694.000.000) 2021-09-24 23:58:39 Image size of job updated: 685
	685  -  MemoryUsage of job (MB)
	701984  -  ResidentSetSize of job (KB)
...
006 (14732694.000.000) 2021-09-24 23:59:39 Image size of job updated: 720
	720  -  MemoryUsage of job (MB)
	737756  -  ResidentSetSize of job (KB)
...
006 (14732694.000.000) 2021-09-25 00:00:39 Image size of job updated: 753
	753  -  MemoryUsage of job (MB)
	771936  -  ResidentSetSize of job (KB)
...
006 (14732694.000.000) 2021-09-25 00:01:40 Image size of job updated: 785
	785  -  MemoryUsage of job (MB)
	804096  -  ResidentSetSize of job (KB)
...
006 (14732694.000.000) 2021-09-25 00:02:40 Image size of job updated: 814
	814  -  MemoryUsage of job (MB)
	834492  -  ResidentSetSize of job (KB)
...
006 (14732694.000.000) 2021-09-25 00:03:41 Image size of job updated: 844
	844  -  MemoryUsage of job (MB)
	865144  -  ResidentSetSize of job (KB)
...
006 (14732694.000.000) 2021-09-25 00:04:42 Image size of job updated: 872
	872  -  MemoryUsage of job (MB)
	893172  -  ResidentSetSize of job (KB)
...
006 (14732694.000.000) 2021-09-25 00:05:43 Image size of job updated: 911
	911  -  MemoryUsage of job (MB)
	933236  -  ResidentSetSize of job (KB)
...
006 (14732694.000.000) 2021-09-25 00:06:43 Image size of job updated: 939
	939  -  MemoryUsage of job (MB)
	961548  -  ResidentSetSize of job (KB)
...
006 (14732694.000.000) 2021-09-25 00:07:44 Image size of job updated: 965
	965  -  MemoryUsage of job (MB)
	988392  -  ResidentSetSize of job (KB)
...
006 (14732694.000.000) 2021-09-25 00:08:45 Image size of job updated: 990
	990  -  MemoryUsage of job (MB)
	1013980  -  ResidentSetSize of job (KB)
...
006 (14732694.000.000) 2021-09-25 00:09:46 Image size of job updated: 1014
	1014  -  MemoryUsage of job (MB)
	1039032  -  ResidentSetSize of job (KB)
...
006 (14732694.000.000) 2021-09-25 00:10:47 Image size of job updated: 1042
	1042  -  MemoryUsage of job (MB)
	1067916  -  ResidentSetSize of job (KB)
...
006 (14732694.000.000) 2021-09-25 00:11:47 Image size of job updated: 1072
	1072  -  MemoryUsage of job (MB)
	1098744  -  ResidentSetSize of job (KB)
...
006 (14732694.000.000) 2021-09-25 00:12:47 Image size of job updated: 1095
	1095  -  MemoryUsage of job (MB)
	1121472  -  ResidentSetSize of job (KB)
...
006 (14732694.000.000) 2021-09-25 00:13:47 Image size of job updated: 1116
	1116  -  MemoryUsage of job (MB)
	1143588  -  ResidentSetSize of job (KB)
...
006 (14732694.000.000) 2021-09-25 00:14:47 Image size of job updated: 1138
	1138  -  MemoryUsage of job (MB)
	1165404  -  ResidentSetSize of job (KB)
...
006 (14732694.000.000) 2021-09-25 00:15:47 Image size of job updated: 1159
	1159  -  MemoryUsage of job (MB)
	1187136  -  ResidentSetSize of job (KB)
...
006 (14732694.000.000) 2021-09-25 00:16:47 Image size of job updated: 1179
	1179  -  MemoryUsage of job (MB)
	1207924  -  ResidentSetSize of job (KB)
...
006 (14732694.000.000) 2021-09-25 00:17:47 Image size of job updated: 1199
	1199  -  MemoryUsage of job (MB)
	1228180  -  ResidentSetSize of job (KB)
...
006 (14732694.000.000) 2021-09-25 00:18:48 Image size of job updated: 1217
	1217  -  MemoryUsage of job (MB)
	1246516  -  ResidentSetSize of job (KB)
...
006 (14732694.000.000) 2021-09-25 00:19:49 Image size of job updated: 1236
	1236  -  MemoryUsage of job (MB)
	1266324  -  ResidentSetSize of job (KB)
...
006 (14732694.000.000) 2021-09-25 00:20:50 Image size of job updated: 1255
	1255  -  MemoryUsage of job (MB)
	1285372  -  ResidentSetSize of job (KB)
...
006 (14732694.000.000) 2021-09-25 00:21:51 Image size of job updated: 1273
	1273  -  MemoryUsage of job (MB)
	1304296  -  ResidentSetSize of job (KB)
...
006 (14732694.000.000) 2021-09-25 00:22:51 Image size of job updated: 1291
	1291  -  MemoryUsage of job (MB)
	1322692  -  ResidentSetSize of job (KB)
...
006 (14732694.000.000) 2021-09-25 00:23:51 Image size of job updated: 1309
	1309  -  MemoryUsage of job (MB)
	1341116  -  ResidentSetSize of job (KB)
...
006 (14732694.000.000) 2021-09-25 00:24:51 Image size of job updated: 1327
	1327  -  MemoryUsage of job (MB)
	1358992  -  ResidentSetSize of job (KB)
...
006 (14732694.000.000) 2021-09-25 00:25:51 Image size of job updated: 1342
	1342  -  MemoryUsage of job (MB)
	1374800  -  ResidentSetSize of job (KB)
...
006 (14732694.000.000) 2021-09-25 00:26:51 Image size of job updated: 1359
	1359  -  MemoryUsage of job (MB)
	1392092  -  ResidentSetSize of job (KB)
...
006 (14732694.000.000) 2021-09-25 00:27:52 Image size of job updated: 1376
	1376  -  MemoryUsage of job (MB)
	1409216  -  ResidentSetSize of job (KB)
...
006 (14732694.000.000) 2021-09-25 00:28:53 Image size of job updated: 1392
	1392  -  MemoryUsage of job (MB)
	1426096  -  ResidentSetSize of job (KB)
...
006 (14732694.000.000) 2021-09-25 00:29:54 Image size of job updated: 1409
	1409  -  MemoryUsage of job (MB)
	1443168  -  ResidentSetSize of job (KB)
...
006 (14732694.000.000) 2021-09-25 00:30:55 Image size of job updated: 1425
	1425  -  MemoryUsage of job (MB)
	1459740  -  ResidentSetSize of job (KB)
...
006 (14732694.000.000) 2021-09-25 00:31:56 Image size of job updated: 1441
	1441  -  MemoryUsage of job (MB)
	1475960  -  ResidentSetSize of job (KB)
...
006 (14732694.000.000) 2021-09-25 00:32:57 Image size of job updated: 1457
	1457  -  MemoryUsage of job (MB)
	1492124  -  ResidentSetSize of job (KB)
...
006 (14732694.000.000) 2021-09-25 00:33:58 Image size of job updated: 1472
	1472  -  MemoryUsage of job (MB)
	1508296  -  ResidentSetSize of job (KB)
...
006 (14732694.000.000) 2021-09-25 00:34:59 Image size of job updated: 1488
	1488  -  MemoryUsage of job (MB)
	1523952  -  ResidentSetSize of job (KB)
...
006 (14732694.000.000) 2021-09-25 00:35:59 Image size of job updated: 1503
	1503  -  MemoryUsage of job (MB)
	1539412  -  ResidentSetSize of job (KB)
...
006 (14732694.000.000) 2021-09-25 00:36:59 Image size of job updated: 1518
	1518  -  MemoryUsage of job (MB)
	1554680  -  ResidentSetSize of job (KB)
...
006 (14732694.000.000) 2021-09-25 00:37:59 Image size of job updated: 1532
	1532  -  MemoryUsage of job (MB)
	1569752  -  ResidentSetSize of job (KB)
...
006 (14732694.000.000) 2021-09-25 00:38:59 Image size of job updated: 1617
	1617  -  MemoryUsage of job (MB)
	1656388  -  ResidentSetSize of job (KB)
...
006 (14732694.000.000) 2021-09-25 00:39:59 Image size of job updated: 1627
	1627  -  MemoryUsage of job (MB)
	1666996  -  ResidentSetSize of job (KB)
...
006 (14732694.000.000) 2021-09-25 00:40:59 Image size of job updated: 1630
	1630  -  MemoryUsage of job (MB)
	1669288  -  ResidentSetSize of job (KB)
...
006 (14732694.000.000) 2021-09-25 00:41:59 Image size of job updated: 1635
	1635  -  MemoryUsage of job (MB)
	1674432  -  ResidentSetSize of job (KB)
...
006 (14732694.000.000) 2021-09-25 00:43:00 Image size of job updated: 1645
	1645  -  MemoryUsage of job (MB)
	1684976  -  ResidentSetSize of job (KB)
...
006 (14732694.000.000) 2021-09-25 00:44:01 Image size of job updated: 1652
	1652  -  MemoryUsage of job (MB)
	1691896  -  ResidentSetSize of job (KB)
...
006 (14732694.000.000) 2021-09-25 00:45:02 Image size of job updated: 1655
	1655  -  MemoryUsage of job (MB)
	1695108  -  ResidentSetSize of job (KB)
...
006 (14732694.000.000) 2021-09-25 00:46:03 Image size of job updated: 1655
	1655  -  MemoryUsage of job (MB)
	1695424  -  ResidentSetSize of job (KB)
...
006 (14732694.000.000) 2021-09-25 00:47:04 Image size of job updated: 1656
	1656  -  MemoryUsage of job (MB)
	1696000  -  ResidentSetSize of job (KB)
...
006 (14732694.000.000) 2021-09-25 00:48:05 Image size of job updated: 1660
	1660  -  MemoryUsage of job (MB)
	1700504  -  ResidentSetSize of job (KB)
...
006 (14732694.000.000) 2021-09-25 00:49:06 Image size of job updated: 1663
	1663  -  MemoryUsage of job (MB)
	1703732  -  ResidentSetSize of job (KB)
...
006 (14732694.000.000) 2021-09-25 00:50:06 Image size of job updated: 1666
	1666  -  MemoryUsage of job (MB)
	1706048  -  ResidentSetSize of job (KB)
...
006 (14732694.000.000) 2021-09-25 00:51:07 Image size of job updated: 1668
	1668  -  MemoryUsage of job (MB)
	1708228  -  ResidentSetSize of job (KB)
...
006 (14732694.000.000) 2021-09-25 00:52:07 Image size of job updated: 1668
	1668  -  MemoryUsage of job (MB)
	1708316  -  ResidentSetSize of job (KB)
...
006 (14732694.000.000) 2021-09-25 00:53:07 Image size of job updated: 1669
	1669  -  MemoryUsage of job (MB)
	1709584  -  ResidentSetSize of job (KB)
...
006 (14732694.000.000) 2021-09-25 00:54:07 Image size of job updated: 1672
	1672  -  MemoryUsage of job (MB)
	1712504  -  ResidentSetSize of job (KB)
...
006 (14732694.000.000) 2021-09-25 00:55:07 Image size of job updated: 1674
	1674  -  MemoryUsage of job (MB)
	1714556  -  ResidentSetSize of job (KB)
...
006 (14732694.000.000) 2021-09-25 00:56:08 Image size of job updated: 1676
	1676  -  MemoryUsage of job (MB)
	1716768  -  ResidentSetSize of job (KB)
...
006 (14732694.000.000) 2021-09-25 00:57:09 Image size of job updated: 1678
	1678  -  MemoryUsage of job (MB)
	1718948  -  ResidentSetSize of job (KB)
...
006 (14732694.000.000) 2021-09-25 00:58:10 Image size of job updated: 1679
	1679  -  MemoryUsage of job (MB)
	1719904  -  ResidentSetSize of job (KB)
...
006 (14732694.000.000) 2021-09-25 00:59:11 Image size of job updated: 1680
	1680  -  MemoryUsage of job (MB)
	1720648  -  ResidentSetSize of job (KB)
...
040 (14732694.000.000) 2021-09-25 00:59:20 Started transferring output files
...
040 (14732694.000.000) 2021-09-25 00:59:20 Finished transferring output files
...
005 (14732694.000.000) 2021-09-25 00:59:22 Job terminated.
	(1) Normal termination (return value 0)
		Usr 0 00:54:15, Sys 0 00:12:38  -  Run Remote Usage
		Usr 0 00:00:00, Sys 0 00:00:00  -  Run Local Usage
		Usr 0 00:54:15, Sys 0 00:12:38  -  Total Remote Usage
		Usr 0 00:00:00, Sys 0 00:00:00  -  Total Local Usage
	1231288  -  Run Bytes Sent By Job
	8471570  -  Run Bytes Received By Job
	1231288  -  Total Bytes Sent By Job
	8471570  -  Total Bytes Received By Job
	Partitionable Resources :    Usage  Request Allocated 
	   Cpus                 :     0.00        1         1 
	   Disk (KB)            : 15669       10000    308250 
	   Memory (MB)          :  1680        2048      2048 

	Job terminated of its own accord at 2021-09-25T05:59:20Z.
...
