000 (14656616.000.000) 2021-09-18 19:10:43 Job submitted from host: <131.225.188.55:9618?addrs=131.225.188.55-9618&alias=lpcschedd1.fnal.gov&noUDP&sock=schedd_2070_6d22>
...
040 (14656616.000.000) 2021-09-18 20:19:53 Started transferring input files
	Transferring to host: <131.225.191.152:9618?addrs=131.225.191.152-9618&alias=cmswn1874.fnal.gov&noUDP&sock=slot1_4_8891_4383_2527>
...
040 (14656616.000.000) 2021-09-18 20:19:53 Finished transferring input files
...
001 (14656616.000.000) 2021-09-18 20:19:54 Job executing on host: <131.225.191.152:9618?addrs=131.225.191.152-9618&alias=cmswn1874.fnal.gov&noUDP&sock=startd_1140_860e>
...
006 (14656616.000.000) 2021-09-18 20:20:03 Image size of job updated: 82
	82  -  MemoryUsage of job (MB)
	84328  -  ResidentSetSize of job (KB)
...
006 (14656616.000.000) 2021-09-18 20:21:04 Image size of job updated: 528
	528  -  MemoryUsage of job (MB)
	541012  -  ResidentSetSize of job (KB)
...
006 (14656616.000.000) 2021-09-18 20:25:06 Image size of job updated: 579
	579  -  MemoryUsage of job (MB)
	593456  -  ResidentSetSize of job (KB)
...
006 (14656616.000.000) 2021-09-18 20:26:07 Image size of job updated: 628
	628  -  MemoryUsage of job (MB)
	643372  -  ResidentSetSize of job (KB)
...
006 (14656616.000.000) 2021-09-18 20:27:08 Image size of job updated: 668
	668  -  MemoryUsage of job (MB)
	685048  -  ResidentSetSize of job (KB)
...
006 (14656616.000.000) 2021-09-18 20:28:08 Image size of job updated: 706
	706  -  MemoryUsage of job (MB)
	723936  -  ResidentSetSize of job (KB)
...
006 (14656616.000.000) 2021-09-18 20:29:09 Image size of job updated: 741
	741  -  MemoryUsage of job (MB)
	759200  -  ResidentSetSize of job (KB)
...
006 (14656616.000.000) 2021-09-18 20:30:10 Image size of job updated: 773
	773  -  MemoryUsage of job (MB)
	791712  -  ResidentSetSize of job (KB)
...
006 (14656616.000.000) 2021-09-18 20:31:10 Image size of job updated: 805
	805  -  MemoryUsage of job (MB)
	825108  -  ResidentSetSize of job (KB)
...
006 (14656616.000.000) 2021-09-18 20:32:11 Image size of job updated: 838
	838  -  MemoryUsage of job (MB)
	858900  -  ResidentSetSize of job (KB)
...
006 (14656616.000.000) 2021-09-18 20:33:11 Image size of job updated: 867
	867  -  MemoryUsage of job (MB)
	888152  -  ResidentSetSize of job (KB)
...
006 (14656616.000.000) 2021-09-18 20:34:11 Image size of job updated: 906
	906  -  MemoryUsage of job (MB)
	928616  -  ResidentSetSize of job (KB)
...
006 (14656616.000.000) 2021-09-18 20:35:12 Image size of job updated: 935
	935  -  MemoryUsage of job (MB)
	958044  -  ResidentSetSize of job (KB)
...
006 (14656616.000.000) 2021-09-18 20:36:12 Image size of job updated: 962
	962  -  MemoryUsage of job (MB)
	985532  -  ResidentSetSize of job (KB)
...
006 (14656616.000.000) 2021-09-18 20:37:12 Image size of job updated: 987
	987  -  MemoryUsage of job (MB)
	1011680  -  ResidentSetSize of job (KB)
...
006 (14656616.000.000) 2021-09-18 20:38:13 Image size of job updated: 1013
	1013  -  MemoryUsage of job (MB)
	1037388  -  ResidentSetSize of job (KB)
...
006 (14656616.000.000) 2021-09-18 20:39:13 Image size of job updated: 1041
	1041  -  MemoryUsage of job (MB)
	1066436  -  ResidentSetSize of job (KB)
...
006 (14656616.000.000) 2021-09-18 20:40:13 Image size of job updated: 1074
	1074  -  MemoryUsage of job (MB)
	1100440  -  ResidentSetSize of job (KB)
...
006 (14656616.000.000) 2021-09-18 20:41:14 Image size of job updated: 1097
	1097  -  MemoryUsage of job (MB)
	1124000  -  ResidentSetSize of job (KB)
...
006 (14656616.000.000) 2021-09-18 20:42:14 Image size of job updated: 1119
	1119  -  MemoryUsage of job (MB)
	1146784  -  ResidentSetSize of job (KB)
...
006 (14656616.000.000) 2021-09-18 20:43:15 Image size of job updated: 1141
	1141  -  MemoryUsage of job (MB)
	1169060  -  ResidentSetSize of job (KB)
...
006 (14656616.000.000) 2021-09-18 20:44:16 Image size of job updated: 1163
	1163  -  MemoryUsage of job (MB)
	1191232  -  ResidentSetSize of job (KB)
...
006 (14656616.000.000) 2021-09-18 20:45:16 Image size of job updated: 1183
	1183  -  MemoryUsage of job (MB)
	1211944  -  ResidentSetSize of job (KB)
...
006 (14656616.000.000) 2021-09-18 20:46:17 Image size of job updated: 1203
	1203  -  MemoryUsage of job (MB)
	1232208  -  ResidentSetSize of job (KB)
...
006 (14656616.000.000) 2021-09-18 20:47:18 Image size of job updated: 1222
	1222  -  MemoryUsage of job (MB)
	1251884  -  ResidentSetSize of job (KB)
...
006 (14656616.000.000) 2021-09-18 20:48:18 Image size of job updated: 1241
	1241  -  MemoryUsage of job (MB)
	1271080  -  ResidentSetSize of job (KB)
...
006 (14656616.000.000) 2021-09-18 20:49:19 Image size of job updated: 1259
	1259  -  MemoryUsage of job (MB)
	1289892  -  ResidentSetSize of job (KB)
...
006 (14656616.000.000) 2021-09-18 20:50:20 Image size of job updated: 1277
	1277  -  MemoryUsage of job (MB)
	1308468  -  ResidentSetSize of job (KB)
...
006 (14656616.000.000) 2021-09-18 20:51:20 Image size of job updated: 1295
	1295  -  MemoryUsage of job (MB)
	1326408  -  ResidentSetSize of job (KB)
...
006 (14656616.000.000) 2021-09-18 20:52:21 Image size of job updated: 1312
	1312  -  MemoryUsage of job (MB)
	1344096  -  ResidentSetSize of job (KB)
...
006 (14656616.000.000) 2021-09-18 20:53:21 Image size of job updated: 1329
	1329  -  MemoryUsage of job (MB)
	1361432  -  ResidentSetSize of job (KB)
...
006 (14656616.000.000) 2021-09-18 20:54:21 Image size of job updated: 1346
	1346  -  MemoryUsage of job (MB)
	1378492  -  ResidentSetSize of job (KB)
...
006 (14656616.000.000) 2021-09-18 20:55:22 Image size of job updated: 1362
	1362  -  MemoryUsage of job (MB)
	1395140  -  ResidentSetSize of job (KB)
...
006 (14656616.000.000) 2021-09-18 20:56:23 Image size of job updated: 1378
	1378  -  MemoryUsage of job (MB)
	1411620  -  ResidentSetSize of job (KB)
...
006 (14656616.000.000) 2021-09-18 20:57:23 Image size of job updated: 1394
	1394  -  MemoryUsage of job (MB)
	1427684  -  ResidentSetSize of job (KB)
...
006 (14656616.000.000) 2021-09-18 20:58:24 Image size of job updated: 1409
	1409  -  MemoryUsage of job (MB)
	1443592  -  ResidentSetSize of job (KB)
...
006 (14656616.000.000) 2021-09-18 20:59:24 Image size of job updated: 1423
	1423  -  MemoryUsage of job (MB)
	1457484  -  ResidentSetSize of job (KB)
...
006 (14656616.000.000) 2021-09-18 21:00:24 Image size of job updated: 1438
	1438  -  MemoryUsage of job (MB)
	1472864  -  ResidentSetSize of job (KB)
...
006 (14656616.000.000) 2021-09-18 21:01:25 Image size of job updated: 1453
	1453  -  MemoryUsage of job (MB)
	1488064  -  ResidentSetSize of job (KB)
...
006 (14656616.000.000) 2021-09-18 21:02:25 Image size of job updated: 1467
	1467  -  MemoryUsage of job (MB)
	1503008  -  ResidentSetSize of job (KB)
...
006 (14656616.000.000) 2021-09-18 21:03:26 Image size of job updated: 1482
	1482  -  MemoryUsage of job (MB)
	1517752  -  ResidentSetSize of job (KB)
...
006 (14656616.000.000) 2021-09-18 21:04:27 Image size of job updated: 1496
	1496  -  MemoryUsage of job (MB)
	1532348  -  ResidentSetSize of job (KB)
...
006 (14656616.000.000) 2021-09-18 21:05:27 Image size of job updated: 1510
	1510  -  MemoryUsage of job (MB)
	1546688  -  ResidentSetSize of job (KB)
...
006 (14656616.000.000) 2021-09-18 21:06:28 Image size of job updated: 1524
	1524  -  MemoryUsage of job (MB)
	1560892  -  ResidentSetSize of job (KB)
...
006 (14656616.000.000) 2021-09-18 21:07:29 Image size of job updated: 1541
	1541  -  MemoryUsage of job (MB)
	1578988  -  ResidentSetSize of job (KB)
...
006 (14656616.000.000) 2021-09-18 21:08:30 Image size of job updated: 1629
	1629  -  MemoryUsage of job (MB)
	1668152  -  ResidentSetSize of job (KB)
...
006 (14656616.000.000) 2021-09-18 21:09:30 Image size of job updated: 1641
	1641  -  MemoryUsage of job (MB)
	1681124  -  ResidentSetSize of job (KB)
...
006 (14656616.000.000) 2021-09-18 21:10:31 Image size of job updated: 1648
	1648  -  MemoryUsage of job (MB)
	1688316  -  ResidentSetSize of job (KB)
...
006 (14656616.000.000) 2021-09-18 21:11:31 Image size of job updated: 1653
	1653  -  MemoryUsage of job (MB)
	1693036  -  ResidentSetSize of job (KB)
...
006 (14656616.000.000) 2021-09-18 21:12:32 Image size of job updated: 1657
	1657  -  MemoryUsage of job (MB)
	1696832  -  ResidentSetSize of job (KB)
...
006 (14656616.000.000) 2021-09-18 21:13:33 Image size of job updated: 1660
	1660  -  MemoryUsage of job (MB)
	1700328  -  ResidentSetSize of job (KB)
...
006 (14656616.000.000) 2021-09-18 21:14:33 Image size of job updated: 1664
	1664  -  MemoryUsage of job (MB)
	1703948  -  ResidentSetSize of job (KB)
...
006 (14656616.000.000) 2021-09-18 21:15:34 Image size of job updated: 1667
	1667  -  MemoryUsage of job (MB)
	1707668  -  ResidentSetSize of job (KB)
...
006 (14656616.000.000) 2021-09-18 21:16:34 Image size of job updated: 1670
	1670  -  MemoryUsage of job (MB)
	1710996  -  ResidentSetSize of job (KB)
...
006 (14656616.000.000) 2021-09-18 21:17:34 Image size of job updated: 1674
	1674  -  MemoryUsage of job (MB)
	1714508  -  ResidentSetSize of job (KB)
...
006 (14656616.000.000) 2021-09-18 21:18:35 Image size of job updated: 1677
	1677  -  MemoryUsage of job (MB)
	1717700  -  ResidentSetSize of job (KB)
...
006 (14656616.000.000) 2021-09-18 21:19:35 Image size of job updated: 1679
	1679  -  MemoryUsage of job (MB)
	1720264  -  ResidentSetSize of job (KB)
...
006 (14656616.000.000) 2021-09-18 21:20:11 Image size of job updated: 1681
	1681  -  MemoryUsage of job (MB)
	1721604  -  ResidentSetSize of job (KB)
...
040 (14656616.000.000) 2021-09-18 21:20:11 Started transferring output files
...
040 (14656616.000.000) 2021-09-18 21:20:12 Finished transferring output files
...
005 (14656616.000.000) 2021-09-18 21:20:14 Job terminated.
	(1) Normal termination (return value 0)
		Usr 0 00:53:18, Sys 0 00:05:00  -  Run Remote Usage
		Usr 0 00:00:00, Sys 0 00:00:00  -  Run Local Usage
		Usr 0 00:53:18, Sys 0 00:05:00  -  Total Remote Usage
		Usr 0 00:00:00, Sys 0 00:00:00  -  Total Local Usage
	1231275  -  Run Bytes Sent By Job
	8471534  -  Run Bytes Received By Job
	1231275  -  Total Bytes Sent By Job
	8471534  -  Total Bytes Received By Job
	Partitionable Resources :    Usage  Request Allocated 
	   Cpus                 :     0.00        1         1 
	   Disk (KB)            : 16742       10000    312907 
	   Memory (MB)          :  1681        2048      2048 

	Job terminated of its own accord at 2021-09-19T02:20:11Z.
...
000 (34671910.000.000) 2021-09-24 22:12:34 Job submitted from host: <131.225.188.57:9618?addrs=131.225.188.57-9618&alias=lpcschedd2.fnal.gov&noUDP&sock=schedd_2251_93c6>
...
040 (34671910.000.000) 2021-09-24 22:47:40 Started transferring input files
	Transferring to host: <131.225.205.152:9618?addrs=131.225.205.152-9618&alias=cmswn1926.fnal.gov&noUDP&sock=slot1_2_1545_5798_5195>
...
040 (34671910.000.000) 2021-09-24 22:47:40 Finished transferring input files
...
001 (34671910.000.000) 2021-09-24 22:47:41 Job executing on host: <131.225.205.152:9618?addrs=131.225.205.152-9618&alias=cmswn1926.fnal.gov&noUDP&sock=startd_1447_19a1>
...
006 (34671910.000.000) 2021-09-24 22:47:50 Image size of job updated: 8
	8  -  MemoryUsage of job (MB)
	8776  -  ResidentSetSize of job (KB)
...
006 (34671910.000.000) 2021-09-24 22:48:52 Image size of job updated: 500
	500  -  MemoryUsage of job (MB)
	512712  -  ResidentSetSize of job (KB)
...
006 (34671910.000.000) 2021-09-24 22:52:54 Image size of job updated: 540
	540  -  MemoryUsage of job (MB)
	553380  -  ResidentSetSize of job (KB)
...
006 (34671910.000.000) 2021-09-24 22:53:55 Image size of job updated: 586
	586  -  MemoryUsage of job (MB)
	600292  -  ResidentSetSize of job (KB)
...
006 (34671910.000.000) 2021-09-24 22:54:55 Image size of job updated: 633
	633  -  MemoryUsage of job (MB)
	648784  -  ResidentSetSize of job (KB)
...
006 (34671910.000.000) 2021-09-24 22:55:56 Image size of job updated: 670
	670  -  MemoryUsage of job (MB)
	686188  -  ResidentSetSize of job (KB)
...
006 (34671910.000.000) 2021-09-24 22:56:56 Image size of job updated: 704
	704  -  MemoryUsage of job (MB)
	721256  -  ResidentSetSize of job (KB)
...
006 (34671910.000.000) 2021-09-24 22:57:56 Image size of job updated: 739
	739  -  MemoryUsage of job (MB)
	757752  -  ResidentSetSize of job (KB)
...
006 (34671910.000.000) 2021-09-24 22:58:57 Image size of job updated: 770
	770  -  MemoryUsage of job (MB)
	788760  -  ResidentSetSize of job (KB)
...
006 (34671910.000.000) 2021-09-24 22:59:57 Image size of job updated: 799
	799  -  MemoryUsage of job (MB)
	818916  -  ResidentSetSize of job (KB)
...
006 (34671910.000.000) 2021-09-24 23:00:57 Image size of job updated: 830
	830  -  MemoryUsage of job (MB)
	850428  -  ResidentSetSize of job (KB)
...
006 (34671910.000.000) 2021-09-24 23:01:58 Image size of job updated: 859
	859  -  MemoryUsage of job (MB)
	879948  -  ResidentSetSize of job (KB)
...
006 (34671910.000.000) 2021-09-24 23:02:58 Image size of job updated: 897
	897  -  MemoryUsage of job (MB)
	918924  -  ResidentSetSize of job (KB)
...
006 (34671910.000.000) 2021-09-24 23:03:58 Image size of job updated: 926
	926  -  MemoryUsage of job (MB)
	948560  -  ResidentSetSize of job (KB)
...
006 (34671910.000.000) 2021-09-24 23:04:58 Image size of job updated: 950
	950  -  MemoryUsage of job (MB)
	973228  -  ResidentSetSize of job (KB)
...
006 (34671910.000.000) 2021-09-24 23:05:58 Image size of job updated: 974
	974  -  MemoryUsage of job (MB)
	997684  -  ResidentSetSize of job (KB)
...
006 (34671910.000.000) 2021-09-24 23:06:58 Image size of job updated: 1000
	1000  -  MemoryUsage of job (MB)
	1024036  -  ResidentSetSize of job (KB)
...
006 (34671910.000.000) 2021-09-24 23:07:59 Image size of job updated: 1025
	1025  -  MemoryUsage of job (MB)
	1049840  -  ResidentSetSize of job (KB)
...
006 (34671910.000.000) 2021-09-24 23:08:59 Image size of job updated: 1050
	1050  -  MemoryUsage of job (MB)
	1075716  -  ResidentSetSize of job (KB)
...
006 (34671910.000.000) 2021-09-24 23:09:59 Image size of job updated: 1079
	1079  -  MemoryUsage of job (MB)
	1105444  -  ResidentSetSize of job (KB)
...
006 (34671910.000.000) 2021-09-24 23:10:59 Image size of job updated: 1102
	1102  -  MemoryUsage of job (MB)
	1128792  -  ResidentSetSize of job (KB)
...
006 (34671910.000.000) 2021-09-24 23:12:00 Image size of job updated: 1122
	1122  -  MemoryUsage of job (MB)
	1149156  -  ResidentSetSize of job (KB)
...
006 (34671910.000.000) 2021-09-24 23:13:01 Image size of job updated: 1144
	1144  -  MemoryUsage of job (MB)
	1171604  -  ResidentSetSize of job (KB)
...
006 (34671910.000.000) 2021-09-24 23:14:01 Image size of job updated: 1164
	1164  -  MemoryUsage of job (MB)
	1192224  -  ResidentSetSize of job (KB)
...
006 (34671910.000.000) 2021-09-24 23:15:02 Image size of job updated: 1183
	1183  -  MemoryUsage of job (MB)
	1211636  -  ResidentSetSize of job (KB)
...
006 (34671910.000.000) 2021-09-24 23:16:03 Image size of job updated: 1203
	1203  -  MemoryUsage of job (MB)
	1232756  -  ResidentSetSize of job (KB)
...
006 (34671910.000.000) 2021-09-24 23:17:03 Image size of job updated: 1221
	1221  -  MemoryUsage of job (MB)
	1251320  -  ResidentSetSize of job (KB)
...
006 (34671910.000.000) 2021-09-24 23:18:03 Image size of job updated: 1239
	1239  -  MemoryUsage of job (MB)
	1269492  -  ResidentSetSize of job (KB)
...
006 (34671910.000.000) 2021-09-24 23:19:03 Image size of job updated: 1259
	1259  -  MemoryUsage of job (MB)
	1289252  -  ResidentSetSize of job (KB)
...
006 (34671910.000.000) 2021-09-24 23:20:04 Image size of job updated: 1276
	1276  -  MemoryUsage of job (MB)
	1306904  -  ResidentSetSize of job (KB)
...
006 (34671910.000.000) 2021-09-24 23:21:05 Image size of job updated: 1293
	1293  -  MemoryUsage of job (MB)
	1324292  -  ResidentSetSize of job (KB)
...
006 (34671910.000.000) 2021-09-24 23:22:05 Image size of job updated: 1311
	1311  -  MemoryUsage of job (MB)
	1343216  -  ResidentSetSize of job (KB)
...
006 (34671910.000.000) 2021-09-24 23:23:05 Image size of job updated: 1328
	1328  -  MemoryUsage of job (MB)
	1359988  -  ResidentSetSize of job (KB)
...
006 (34671910.000.000) 2021-09-24 23:24:05 Image size of job updated: 1344
	1344  -  MemoryUsage of job (MB)
	1376532  -  ResidentSetSize of job (KB)
...
006 (34671910.000.000) 2021-09-24 23:25:05 Image size of job updated: 1361
	1361  -  MemoryUsage of job (MB)
	1394532  -  ResidentSetSize of job (KB)
...
006 (34671910.000.000) 2021-09-24 23:26:06 Image size of job updated: 1377
	1377  -  MemoryUsage of job (MB)
	1410812  -  ResidentSetSize of job (KB)
...
006 (34671910.000.000) 2021-09-24 23:27:07 Image size of job updated: 1395
	1395  -  MemoryUsage of job (MB)
	1428592  -  ResidentSetSize of job (KB)
...
006 (34671910.000.000) 2021-09-24 23:28:08 Image size of job updated: 1410
	1410  -  MemoryUsage of job (MB)
	1444440  -  ResidentSetSize of job (KB)
...
006 (34671910.000.000) 2021-09-24 23:29:08 Image size of job updated: 1425
	1425  -  MemoryUsage of job (MB)
	1460088  -  ResidentSetSize of job (KB)
...
006 (34671910.000.000) 2021-09-24 23:30:09 Image size of job updated: 1442
	1442  -  MemoryUsage of job (MB)
	1477116  -  ResidentSetSize of job (KB)
...
006 (34671910.000.000) 2021-09-24 23:31:09 Image size of job updated: 1457
	1457  -  MemoryUsage of job (MB)
	1492284  -  ResidentSetSize of job (KB)
...
006 (34671910.000.000) 2021-09-24 23:32:09 Image size of job updated: 1471
	1471  -  MemoryUsage of job (MB)
	1507204  -  ResidentSetSize of job (KB)
...
006 (34671910.000.000) 2021-09-24 23:33:09 Image size of job updated: 1487
	1487  -  MemoryUsage of job (MB)
	1523568  -  ResidentSetSize of job (KB)
...
006 (34671910.000.000) 2021-09-24 23:34:10 Image size of job updated: 1502
	1502  -  MemoryUsage of job (MB)
	1538256  -  ResidentSetSize of job (KB)
...
006 (34671910.000.000) 2021-09-24 23:35:11 Image size of job updated: 1516
	1516  -  MemoryUsage of job (MB)
	1552876  -  ResidentSetSize of job (KB)
...
006 (34671910.000.000) 2021-09-24 23:36:11 Image size of job updated: 1532
	1532  -  MemoryUsage of job (MB)
	1568964  -  ResidentSetSize of job (KB)
...
006 (34671910.000.000) 2021-09-24 23:37:11 Image size of job updated: 1614
	1614  -  MemoryUsage of job (MB)
	1653300  -  ResidentSetSize of job (KB)
...
006 (34671910.000.000) 2021-09-24 23:38:11 Image size of job updated: 1629
	1629  -  MemoryUsage of job (MB)
	1668248  -  ResidentSetSize of job (KB)
...
006 (34671910.000.000) 2021-09-24 23:39:12 Image size of job updated: 1641
	1641  -  MemoryUsage of job (MB)
	1680580  -  ResidentSetSize of job (KB)
...
006 (34671910.000.000) 2021-09-24 23:40:13 Image size of job updated: 1642
	1642  -  MemoryUsage of job (MB)
	1681428  -  ResidentSetSize of job (KB)
...
006 (34671910.000.000) 2021-09-24 23:41:15 Image size of job updated: 1647
	1647  -  MemoryUsage of job (MB)
	1687016  -  ResidentSetSize of job (KB)
...
006 (34671910.000.000) 2021-09-24 23:42:15 Image size of job updated: 1650
	1650  -  MemoryUsage of job (MB)
	1689960  -  ResidentSetSize of job (KB)
...
006 (34671910.000.000) 2021-09-24 23:43:15 Image size of job updated: 1652
	1652  -  MemoryUsage of job (MB)
	1692256  -  ResidentSetSize of job (KB)
...
006 (34671910.000.000) 2021-09-24 23:44:15 Image size of job updated: 1654
	1654  -  MemoryUsage of job (MB)
	1694456  -  ResidentSetSize of job (KB)
...
006 (34671910.000.000) 2021-09-24 23:45:16 Image size of job updated: 1657
	1657  -  MemoryUsage of job (MB)
	1696856  -  ResidentSetSize of job (KB)
...
006 (34671910.000.000) 2021-09-24 23:46:18 Image size of job updated: 1657
	1657  -  MemoryUsage of job (MB)
	1697576  -  ResidentSetSize of job (KB)
...
006 (34671910.000.000) 2021-09-24 23:47:18 Image size of job updated: 1660
	1660  -  MemoryUsage of job (MB)
	1699968  -  ResidentSetSize of job (KB)
...
006 (34671910.000.000) 2021-09-24 23:48:19 Image size of job updated: 1662
	1662  -  MemoryUsage of job (MB)
	1702144  -  ResidentSetSize of job (KB)
...
006 (34671910.000.000) 2021-09-24 23:49:20 Image size of job updated: 1664
	1664  -  MemoryUsage of job (MB)
	1704356  -  ResidentSetSize of job (KB)
...
006 (34671910.000.000) 2021-09-24 23:50:20 Image size of job updated: 1666
	1666  -  MemoryUsage of job (MB)
	1706452  -  ResidentSetSize of job (KB)
...
006 (34671910.000.000) 2021-09-24 23:51:21 Image size of job updated: 1668
	1668  -  MemoryUsage of job (MB)
	1708148  -  ResidentSetSize of job (KB)
...
006 (34671910.000.000) 2021-09-24 23:52:21 Image size of job updated: 1670
	1670  -  MemoryUsage of job (MB)
	1710560  -  ResidentSetSize of job (KB)
...
006 (34671910.000.000) 2021-09-24 23:53:22 Image size of job updated: 1672
	1672  -  MemoryUsage of job (MB)
	1713064  -  ResidentSetSize of job (KB)
...
006 (34671910.000.000) 2021-09-24 23:54:23 Image size of job updated: 1675
	1675  -  MemoryUsage of job (MB)
	1715504  -  ResidentSetSize of job (KB)
...
006 (34671910.000.000) 2021-09-24 23:55:24 Image size of job updated: 1676
	1676  -  MemoryUsage of job (MB)
	1716896  -  ResidentSetSize of job (KB)
...
006 (34671910.000.000) 2021-09-24 23:56:25 Image size of job updated: 1676
	1676  -  MemoryUsage of job (MB)
	1717092  -  ResidentSetSize of job (KB)
...
006 (34671910.000.000) 2021-09-24 23:57:26 Image size of job updated: 1678
	1678  -  MemoryUsage of job (MB)
	1719080  -  ResidentSetSize of job (KB)
...
006 (34671910.000.000) 2021-09-24 23:58:28 Image size of job updated: 1679
	1679  -  MemoryUsage of job (MB)
	1720280  -  ResidentSetSize of job (KB)
...
006 (34671910.000.000) 2021-09-24 23:59:28 Image size of job updated: 1679
	1679  -  MemoryUsage of job (MB)
	1720300  -  ResidentSetSize of job (KB)
...
006 (34671910.000.000) 2021-09-25 00:00:28 Image size of job updated: 1680
	1680  -  MemoryUsage of job (MB)
	1721264  -  ResidentSetSize of job (KB)
...
006 (34671910.000.000) 2021-09-25 00:01:29 Image size of job updated: 1683
	1683  -  MemoryUsage of job (MB)
	1723492  -  ResidentSetSize of job (KB)
...
006 (34671910.000.000) 2021-09-25 00:02:03 Image size of job updated: 1683
	1683  -  MemoryUsage of job (MB)
	1723952  -  ResidentSetSize of job (KB)
...
040 (34671910.000.000) 2021-09-25 00:02:03 Started transferring output files
...
040 (34671910.000.000) 2021-09-25 00:02:03 Finished transferring output files
...
005 (34671910.000.000) 2021-09-25 00:02:06 Job terminated.
	(1) Normal termination (return value 0)
		Usr 0 00:56:30, Sys 0 00:16:07  -  Run Remote Usage
		Usr 0 00:00:00, Sys 0 00:00:00  -  Run Local Usage
		Usr 0 00:56:30, Sys 0 00:16:07  -  Total Remote Usage
		Usr 0 00:00:00, Sys 0 00:00:00  -  Total Local Usage
	1231322  -  Run Bytes Sent By Job
	8471570  -  Run Bytes Received By Job
	1231322  -  Total Bytes Sent By Job
	8471570  -  Total Bytes Received By Job
	Partitionable Resources :    Usage  Request Allocated 
	   Cpus                 :     0.00        1         1 
	   Disk (KB)            : 16891       10000   1645742 
	   Memory (MB)          :  1683        2048      2048 

	Job terminated of its own accord at 2021-09-25T05:02:03Z.
...
