000 (14656623.000.000) 2021-09-18 19:10:45 Job submitted from host: <131.225.188.55:9618?addrs=131.225.188.55-9618&alias=lpcschedd1.fnal.gov&noUDP&sock=schedd_2070_6d22>
...
040 (14656623.000.000) 2021-09-18 20:20:44 Started transferring input files
	Transferring to host: <131.225.190.26:9618?addrs=131.225.190.26-9618&alias=cmswn2008.fnal.gov&noUDP&sock=slot1_17_1530_c5f7_1143>
...
040 (14656623.000.000) 2021-09-18 20:20:44 Finished transferring input files
...
001 (14656623.000.000) 2021-09-18 20:20:45 Job executing on host: <131.225.190.26:9618?addrs=131.225.190.26-9618&alias=cmswn2008.fnal.gov&noUDP&sock=startd_1430_7085>
...
006 (14656623.000.000) 2021-09-18 20:20:54 Image size of job updated: 31
	31  -  MemoryUsage of job (MB)
	32752  -  ResidentSetSize of job (KB)
...
006 (14656623.000.000) 2021-09-18 20:21:54 Image size of job updated: 527
	527  -  MemoryUsage of job (MB)
	540212  -  ResidentSetSize of job (KB)
...
006 (14656623.000.000) 2021-09-18 20:25:56 Image size of job updated: 542
	542  -  MemoryUsage of job (MB)
	555288  -  ResidentSetSize of job (KB)
...
006 (14656623.000.000) 2021-09-18 20:26:57 Image size of job updated: 589
	589  -  MemoryUsage of job (MB)
	603636  -  ResidentSetSize of job (KB)
...
006 (14656623.000.000) 2021-09-18 20:27:57 Image size of job updated: 633
	633  -  MemoryUsage of job (MB)
	648784  -  ResidentSetSize of job (KB)
...
006 (14656623.000.000) 2021-09-18 20:28:57 Image size of job updated: 671
	671  -  MemoryUsage of job (MB)
	688064  -  ResidentSetSize of job (KB)
...
006 (14656623.000.000) 2021-09-18 20:29:57 Image size of job updated: 706
	706  -  MemoryUsage of job (MB)
	723764  -  ResidentSetSize of job (KB)
...
006 (14656623.000.000) 2021-09-18 20:30:57 Image size of job updated: 739
	739  -  MemoryUsage of job (MB)
	757720  -  ResidentSetSize of job (KB)
...
006 (14656623.000.000) 2021-09-18 20:31:57 Image size of job updated: 771
	771  -  MemoryUsage of job (MB)
	789580  -  ResidentSetSize of job (KB)
...
006 (14656623.000.000) 2021-09-18 20:32:58 Image size of job updated: 805
	805  -  MemoryUsage of job (MB)
	824464  -  ResidentSetSize of job (KB)
...
006 (14656623.000.000) 2021-09-18 20:33:59 Image size of job updated: 833
	833  -  MemoryUsage of job (MB)
	853776  -  ResidentSetSize of job (KB)
...
006 (14656623.000.000) 2021-09-18 20:34:59 Image size of job updated: 862
	862  -  MemoryUsage of job (MB)
	883572  -  ResidentSetSize of job (KB)
...
006 (14656623.000.000) 2021-09-18 20:35:59 Image size of job updated: 901
	901  -  MemoryUsage of job (MB)
	922956  -  ResidentSetSize of job (KB)
...
006 (14656623.000.000) 2021-09-18 20:36:59 Image size of job updated: 928
	928  -  MemoryUsage of job (MB)
	950804  -  ResidentSetSize of job (KB)
...
006 (14656623.000.000) 2021-09-18 20:38:00 Image size of job updated: 953
	953  -  MemoryUsage of job (MB)
	976808  -  ResidentSetSize of job (KB)
...
006 (14656623.000.000) 2021-09-18 20:39:00 Image size of job updated: 977
	977  -  MemoryUsage of job (MB)
	1001260  -  ResidentSetSize of job (KB)
...
006 (14656623.000.000) 2021-09-18 20:40:01 Image size of job updated: 1001
	1001  -  MemoryUsage of job (MB)
	1025960  -  ResidentSetSize of job (KB)
...
006 (14656623.000.000) 2021-09-18 20:41:01 Image size of job updated: 1028
	1028  -  MemoryUsage of job (MB)
	1053316  -  ResidentSetSize of job (KB)
...
006 (14656623.000.000) 2021-09-18 20:42:02 Image size of job updated: 1061
	1061  -  MemoryUsage of job (MB)
	1086932  -  ResidentSetSize of job (KB)
...
006 (14656623.000.000) 2021-09-18 20:43:02 Image size of job updated: 1085
	1085  -  MemoryUsage of job (MB)
	1111828  -  ResidentSetSize of job (KB)
...
006 (14656623.000.000) 2021-09-18 20:44:02 Image size of job updated: 1107
	1107  -  MemoryUsage of job (MB)
	1133944  -  ResidentSetSize of job (KB)
...
006 (14656623.000.000) 2021-09-18 20:45:02 Image size of job updated: 1128
	1128  -  MemoryUsage of job (MB)
	1155688  -  ResidentSetSize of job (KB)
...
006 (14656623.000.000) 2021-09-18 20:46:02 Image size of job updated: 1149
	1149  -  MemoryUsage of job (MB)
	1176576  -  ResidentSetSize of job (KB)
...
006 (14656623.000.000) 2021-09-18 20:47:03 Image size of job updated: 1169
	1169  -  MemoryUsage of job (MB)
	1197620  -  ResidentSetSize of job (KB)
...
006 (14656623.000.000) 2021-09-18 20:48:03 Image size of job updated: 1189
	1189  -  MemoryUsage of job (MB)
	1217712  -  ResidentSetSize of job (KB)
...
006 (14656623.000.000) 2021-09-18 20:49:03 Image size of job updated: 1208
	1208  -  MemoryUsage of job (MB)
	1237384  -  ResidentSetSize of job (KB)
...
006 (14656623.000.000) 2021-09-18 20:50:03 Image size of job updated: 1227
	1227  -  MemoryUsage of job (MB)
	1256700  -  ResidentSetSize of job (KB)
...
006 (14656623.000.000) 2021-09-18 20:51:04 Image size of job updated: 1245
	1245  -  MemoryUsage of job (MB)
	1275580  -  ResidentSetSize of job (KB)
...
006 (14656623.000.000) 2021-09-18 20:52:05 Image size of job updated: 1265
	1265  -  MemoryUsage of job (MB)
	1296140  -  ResidentSetSize of job (KB)
...
006 (14656623.000.000) 2021-09-18 20:53:05 Image size of job updated: 1283
	1283  -  MemoryUsage of job (MB)
	1314252  -  ResidentSetSize of job (KB)
...
006 (14656623.000.000) 2021-09-18 20:54:06 Image size of job updated: 1300
	1300  -  MemoryUsage of job (MB)
	1332160  -  ResidentSetSize of job (KB)
...
006 (14656623.000.000) 2021-09-18 20:55:06 Image size of job updated: 1318
	1318  -  MemoryUsage of job (MB)
	1349768  -  ResidentSetSize of job (KB)
...
006 (14656623.000.000) 2021-09-18 20:56:07 Image size of job updated: 1335
	1335  -  MemoryUsage of job (MB)
	1367152  -  ResidentSetSize of job (KB)
...
006 (14656623.000.000) 2021-09-18 20:57:08 Image size of job updated: 1353
	1353  -  MemoryUsage of job (MB)
	1386140  -  ResidentSetSize of job (KB)
...
006 (14656623.000.000) 2021-09-18 20:58:09 Image size of job updated: 1370
	1370  -  MemoryUsage of job (MB)
	1402908  -  ResidentSetSize of job (KB)
...
006 (14656623.000.000) 2021-09-18 20:59:09 Image size of job updated: 1386
	1386  -  MemoryUsage of job (MB)
	1419576  -  ResidentSetSize of job (KB)
...
006 (14656623.000.000) 2021-09-18 21:00:10 Image size of job updated: 1402
	1402  -  MemoryUsage of job (MB)
	1435868  -  ResidentSetSize of job (KB)
...
006 (14656623.000.000) 2021-09-18 21:01:10 Image size of job updated: 1417
	1417  -  MemoryUsage of job (MB)
	1452024  -  ResidentSetSize of job (KB)
...
006 (14656623.000.000) 2021-09-18 21:02:10 Image size of job updated: 1433
	1433  -  MemoryUsage of job (MB)
	1468032  -  ResidentSetSize of job (KB)
...
006 (14656623.000.000) 2021-09-18 21:03:11 Image size of job updated: 1450
	1450  -  MemoryUsage of job (MB)
	1485316  -  ResidentSetSize of job (KB)
...
006 (14656623.000.000) 2021-09-18 21:04:12 Image size of job updated: 1465
	1465  -  MemoryUsage of job (MB)
	1500928  -  ResidentSetSize of job (KB)
...
006 (14656623.000.000) 2021-09-18 21:05:12 Image size of job updated: 1480
	1480  -  MemoryUsage of job (MB)
	1516396  -  ResidentSetSize of job (KB)
...
006 (14656623.000.000) 2021-09-18 21:06:13 Image size of job updated: 1495
	1495  -  MemoryUsage of job (MB)
	1531872  -  ResidentSetSize of job (KB)
...
006 (14656623.000.000) 2021-09-18 21:07:14 Image size of job updated: 1510
	1510  -  MemoryUsage of job (MB)
	1547224  -  ResidentSetSize of job (KB)
...
006 (14656623.000.000) 2021-09-18 21:08:14 Image size of job updated: 1525
	1525  -  MemoryUsage of job (MB)
	1562304  -  ResidentSetSize of job (KB)
...
006 (14656623.000.000) 2021-09-18 21:09:14 Image size of job updated: 1544
	1544  -  MemoryUsage of job (MB)
	1581376  -  ResidentSetSize of job (KB)
...
006 (14656623.000.000) 2021-09-18 21:10:16 Image size of job updated: 1637
	1637  -  MemoryUsage of job (MB)
	1676360  -  ResidentSetSize of job (KB)
...
006 (14656623.000.000) 2021-09-18 21:11:16 Image size of job updated: 1644
	1644  -  MemoryUsage of job (MB)
	1683972  -  ResidentSetSize of job (KB)
...
006 (14656623.000.000) 2021-09-18 21:12:17 Image size of job updated: 1647
	1647  -  MemoryUsage of job (MB)
	1687532  -  ResidentSetSize of job (KB)
...
006 (14656623.000.000) 2021-09-18 21:13:17 Image size of job updated: 1649
	1649  -  MemoryUsage of job (MB)
	1689372  -  ResidentSetSize of job (KB)
...
006 (14656623.000.000) 2021-09-18 21:14:19 Image size of job updated: 1653
	1653  -  MemoryUsage of job (MB)
	1692900  -  ResidentSetSize of job (KB)
...
006 (14656623.000.000) 2021-09-18 21:15:19 Image size of job updated: 1658
	1658  -  MemoryUsage of job (MB)
	1697900  -  ResidentSetSize of job (KB)
...
006 (14656623.000.000) 2021-09-18 21:16:20 Image size of job updated: 1660
	1660  -  MemoryUsage of job (MB)
	1699968  -  ResidentSetSize of job (KB)
...
006 (14656623.000.000) 2021-09-18 21:17:21 Image size of job updated: 1662
	1662  -  MemoryUsage of job (MB)
	1702364  -  ResidentSetSize of job (KB)
...
006 (14656623.000.000) 2021-09-18 21:18:22 Image size of job updated: 1664
	1664  -  MemoryUsage of job (MB)
	1704120  -  ResidentSetSize of job (KB)
...
006 (14656623.000.000) 2021-09-18 21:19:23 Image size of job updated: 1666
	1666  -  MemoryUsage of job (MB)
	1706280  -  ResidentSetSize of job (KB)
...
006 (14656623.000.000) 2021-09-18 21:20:23 Image size of job updated: 1666
	1666  -  MemoryUsage of job (MB)
	1706544  -  ResidentSetSize of job (KB)
...
006 (14656623.000.000) 2021-09-18 21:21:23 Image size of job updated: 1667
	1667  -  MemoryUsage of job (MB)
	1707764  -  ResidentSetSize of job (KB)
...
006 (14656623.000.000) 2021-09-18 21:22:23 Image size of job updated: 1669
	1669  -  MemoryUsage of job (MB)
	1709304  -  ResidentSetSize of job (KB)
...
006 (14656623.000.000) 2021-09-18 21:23:23 Image size of job updated: 1670
	1670  -  MemoryUsage of job (MB)
	1710644  -  ResidentSetSize of job (KB)
...
006 (14656623.000.000) 2021-09-18 21:24:24 Image size of job updated: 1672
	1672  -  MemoryUsage of job (MB)
	1712652  -  ResidentSetSize of job (KB)
...
006 (14656623.000.000) 2021-09-18 21:25:25 Image size of job updated: 1673
	1673  -  MemoryUsage of job (MB)
	1713864  -  ResidentSetSize of job (KB)
...
006 (14656623.000.000) 2021-09-18 21:26:26 Image size of job updated: 1674
	1674  -  MemoryUsage of job (MB)
	1715128  -  ResidentSetSize of job (KB)
...
006 (14656623.000.000) 2021-09-18 21:27:26 Image size of job updated: 1675
	1675  -  MemoryUsage of job (MB)
	1716180  -  ResidentSetSize of job (KB)
...
006 (14656623.000.000) 2021-09-18 21:28:26 Image size of job updated: 1676
	1676  -  MemoryUsage of job (MB)
	1716956  -  ResidentSetSize of job (KB)
...
006 (14656623.000.000) 2021-09-18 21:29:27 Image size of job updated: 1677
	1677  -  MemoryUsage of job (MB)
	1717836  -  ResidentSetSize of job (KB)
...
006 (14656623.000.000) 2021-09-18 21:30:28 Image size of job updated: 1678
	1678  -  MemoryUsage of job (MB)
	1718540  -  ResidentSetSize of job (KB)
...
006 (14656623.000.000) 2021-09-18 21:31:28 Image size of job updated: 1678
	1678  -  MemoryUsage of job (MB)
	1718560  -  ResidentSetSize of job (KB)
...
006 (14656623.000.000) 2021-09-18 21:32:30 Image size of job updated: 1678
	1678  -  MemoryUsage of job (MB)
	1719048  -  ResidentSetSize of job (KB)
...
006 (14656623.000.000) 2021-09-18 21:33:31 Image size of job updated: 1680
	1680  -  MemoryUsage of job (MB)
	1720456  -  ResidentSetSize of job (KB)
...
006 (14656623.000.000) 2021-09-18 21:34:31 Image size of job updated: 1680
	1680  -  MemoryUsage of job (MB)
	1721296  -  ResidentSetSize of job (KB)
...
006 (14656623.000.000) 2021-09-18 21:35:31 Image size of job updated: 1681
	1681  -  MemoryUsage of job (MB)
	1722000  -  ResidentSetSize of job (KB)
...
006 (14656623.000.000) 2021-09-18 21:36:31 Image size of job updated: 1682
	1682  -  MemoryUsage of job (MB)
	1722692  -  ResidentSetSize of job (KB)
...
006 (14656623.000.000) 2021-09-18 21:37:07 Image size of job updated: 1682
	1682  -  MemoryUsage of job (MB)
	1723112  -  ResidentSetSize of job (KB)
...
040 (14656623.000.000) 2021-09-18 21:37:07 Started transferring output files
...
040 (14656623.000.000) 2021-09-18 21:37:07 Finished transferring output files
...
005 (14656623.000.000) 2021-09-18 21:37:09 Job terminated.
	(1) Normal termination (return value 0)
		Usr 0 00:00:00, Sys 0 00:00:00  -  Run Remote Usage
		Usr 0 00:00:00, Sys 0 00:00:00  -  Run Local Usage
		Usr 0 00:55:10, Sys 0 00:18:47  -  Total Remote Usage
		Usr 0 00:00:00, Sys 0 00:00:00  -  Total Local Usage
	1231254  -  Run Bytes Sent By Job
	8471534  -  Run Bytes Received By Job
	1231254  -  Total Bytes Sent By Job
	8471534  -  Total Bytes Received By Job
	Partitionable Resources :    Usage  Request Allocated 
	   Cpus                 :     0.01        1         1 
	   Disk (KB)            : 16749       10000    773434 
	   Memory (MB)          :  1682        2048      2048 

	Job terminated of its own accord at 2021-09-19T02:37:07Z.
...
000 (73445028.000.000) 2021-09-24 22:12:36 Job submitted from host: <131.225.188.235:9618?addrs=131.225.188.235-9618&alias=lpcschedd3.fnal.gov&noUDP&sock=schedd_2706_ab5d>
...
040 (73445028.000.000) 2021-09-25 00:35:21 Started transferring input files
	Transferring to host: <131.225.206.218:9618?addrs=131.225.206.218-9618&alias=cmswn1837.fnal.gov&noUDP&sock=slot1_5_1264_5a2c_4811>
...
040 (73445028.000.000) 2021-09-25 00:35:21 Finished transferring input files
...
001 (73445028.000.000) 2021-09-25 00:35:22 Job executing on host: <131.225.206.218:9618?addrs=131.225.206.218-9618&alias=cmswn1837.fnal.gov&noUDP&sock=startd_1178_96a7>
...
006 (73445028.000.000) 2021-09-25 00:35:31 Image size of job updated: 8
	8  -  MemoryUsage of job (MB)
	8616  -  ResidentSetSize of job (KB)
...
006 (73445028.000.000) 2021-09-25 00:36:32 Image size of job updated: 535
	535  -  MemoryUsage of job (MB)
	548752  -  ResidentSetSize of job (KB)
...
006 (73445028.000.000) 2021-09-25 00:40:34 Image size of job updated: 554
	554  -  MemoryUsage of job (MB)
	567736  -  ResidentSetSize of job (KB)
...
006 (73445028.000.000) 2021-09-25 00:41:35 Image size of job updated: 601
	601  -  MemoryUsage of job (MB)
	616252  -  ResidentSetSize of job (KB)
...
006 (73445028.000.000) 2021-09-25 00:42:36 Image size of job updated: 645
	645  -  MemoryUsage of job (MB)
	661100  -  ResidentSetSize of job (KB)
...
006 (73445028.000.000) 2021-09-25 00:43:36 Image size of job updated: 684
	684  -  MemoryUsage of job (MB)
	701204  -  ResidentSetSize of job (KB)
...
006 (73445028.000.000) 2021-09-25 00:44:37 Image size of job updated: 721
	721  -  MemoryUsage of job (MB)
	738400  -  ResidentSetSize of job (KB)
...
006 (73445028.000.000) 2021-09-25 00:45:38 Image size of job updated: 755
	755  -  MemoryUsage of job (MB)
	774068  -  ResidentSetSize of job (KB)
...
006 (73445028.000.000) 2021-09-25 00:46:38 Image size of job updated: 788
	788  -  MemoryUsage of job (MB)
	807736  -  ResidentSetSize of job (KB)
...
006 (73445028.000.000) 2021-09-25 00:47:39 Image size of job updated: 820
	820  -  MemoryUsage of job (MB)
	840580  -  ResidentSetSize of job (KB)
...
006 (73445028.000.000) 2021-09-25 00:48:40 Image size of job updated: 852
	852  -  MemoryUsage of job (MB)
	873160  -  ResidentSetSize of job (KB)
...
006 (73445028.000.000) 2021-09-25 00:49:40 Image size of job updated: 881
	881  -  MemoryUsage of job (MB)
	902716  -  ResidentSetSize of job (KB)
...
006 (73445028.000.000) 2021-09-25 00:50:41 Image size of job updated: 921
	921  -  MemoryUsage of job (MB)
	943880  -  ResidentSetSize of job (KB)
...
006 (73445028.000.000) 2021-09-25 00:51:41 Image size of job updated: 949
	949  -  MemoryUsage of job (MB)
	972452  -  ResidentSetSize of job (KB)
...
006 (73445028.000.000) 2021-09-25 00:52:41 Image size of job updated: 976
	976  -  MemoryUsage of job (MB)
	999696  -  ResidentSetSize of job (KB)
...
006 (73445028.000.000) 2021-09-25 00:53:42 Image size of job updated: 1002
	1002  -  MemoryUsage of job (MB)
	1026200  -  ResidentSetSize of job (KB)
...
006 (73445028.000.000) 2021-09-25 00:54:42 Image size of job updated: 1030
	1030  -  MemoryUsage of job (MB)
	1054720  -  ResidentSetSize of job (KB)
...
006 (73445028.000.000) 2021-09-25 00:55:42 Image size of job updated: 1061
	1061  -  MemoryUsage of job (MB)
	1087396  -  ResidentSetSize of job (KB)
...
006 (73445028.000.000) 2021-09-25 00:56:43 Image size of job updated: 1087
	1087  -  MemoryUsage of job (MB)
	1113628  -  ResidentSetSize of job (KB)
...
006 (73445028.000.000) 2021-09-25 00:57:43 Image size of job updated: 1110
	1110  -  MemoryUsage of job (MB)
	1136704  -  ResidentSetSize of job (KB)
...
006 (73445028.000.000) 2021-09-25 00:58:43 Image size of job updated: 1132
	1132  -  MemoryUsage of job (MB)
	1159464  -  ResidentSetSize of job (KB)
...
006 (73445028.000.000) 2021-09-25 00:59:44 Image size of job updated: 1154
	1154  -  MemoryUsage of job (MB)
	1182188  -  ResidentSetSize of job (KB)
...
006 (73445028.000.000) 2021-09-25 01:00:45 Image size of job updated: 1175
	1175  -  MemoryUsage of job (MB)
	1203812  -  ResidentSetSize of job (KB)
...
006 (73445028.000.000) 2021-09-25 01:01:45 Image size of job updated: 1196
	1196  -  MemoryUsage of job (MB)
	1224952  -  ResidentSetSize of job (KB)
...
006 (73445028.000.000) 2021-09-25 01:02:46 Image size of job updated: 1216
	1216  -  MemoryUsage of job (MB)
	1245512  -  ResidentSetSize of job (KB)
...
006 (73445028.000.000) 2021-09-25 01:03:47 Image size of job updated: 1236
	1236  -  MemoryUsage of job (MB)
	1265880  -  ResidentSetSize of job (KB)
...
006 (73445028.000.000) 2021-09-25 01:04:47 Image size of job updated: 1255
	1255  -  MemoryUsage of job (MB)
	1285644  -  ResidentSetSize of job (KB)
...
006 (73445028.000.000) 2021-09-25 01:05:48 Image size of job updated: 1274
	1274  -  MemoryUsage of job (MB)
	1305316  -  ResidentSetSize of job (KB)
...
006 (73445028.000.000) 2021-09-25 01:06:49 Image size of job updated: 1293
	1293  -  MemoryUsage of job (MB)
	1324552  -  ResidentSetSize of job (KB)
...
006 (73445028.000.000) 2021-09-25 01:07:49 Image size of job updated: 1312
	1312  -  MemoryUsage of job (MB)
	1343524  -  ResidentSetSize of job (KB)
...
006 (73445028.000.000) 2021-09-25 01:08:50 Image size of job updated: 1330
	1330  -  MemoryUsage of job (MB)
	1362156  -  ResidentSetSize of job (KB)
...
006 (73445028.000.000) 2021-09-25 01:09:51 Image size of job updated: 1348
	1348  -  MemoryUsage of job (MB)
	1380520  -  ResidentSetSize of job (KB)
...
006 (73445028.000.000) 2021-09-25 01:10:51 Image size of job updated: 1365
	1365  -  MemoryUsage of job (MB)
	1398568  -  ResidentSetSize of job (KB)
...
006 (73445028.000.000) 2021-09-25 01:11:52 Image size of job updated: 1383
	1383  -  MemoryUsage of job (MB)
	1416372  -  ResidentSetSize of job (KB)
...
006 (73445028.000.000) 2021-09-25 01:12:52 Image size of job updated: 1398
	1398  -  MemoryUsage of job (MB)
	1432240  -  ResidentSetSize of job (KB)
...
006 (73445028.000.000) 2021-09-25 01:13:52 Image size of job updated: 1415
	1415  -  MemoryUsage of job (MB)
	1449628  -  ResidentSetSize of job (KB)
...
006 (73445028.000.000) 2021-09-25 01:14:53 Image size of job updated: 1432
	1432  -  MemoryUsage of job (MB)
	1466708  -  ResidentSetSize of job (KB)
...
006 (73445028.000.000) 2021-09-25 01:15:53 Image size of job updated: 1448
	1448  -  MemoryUsage of job (MB)
	1483652  -  ResidentSetSize of job (KB)
...
006 (73445028.000.000) 2021-09-25 01:16:53 Image size of job updated: 1465
	1465  -  MemoryUsage of job (MB)
	1500260  -  ResidentSetSize of job (KB)
...
006 (73445028.000.000) 2021-09-25 01:17:54 Image size of job updated: 1481
	1481  -  MemoryUsage of job (MB)
	1516784  -  ResidentSetSize of job (KB)
...
006 (73445028.000.000) 2021-09-25 01:18:54 Image size of job updated: 1497
	1497  -  MemoryUsage of job (MB)
	1533064  -  ResidentSetSize of job (KB)
...
006 (73445028.000.000) 2021-09-25 01:19:54 Image size of job updated: 1512
	1512  -  MemoryUsage of job (MB)
	1549012  -  ResidentSetSize of job (KB)
...
006 (73445028.000.000) 2021-09-25 01:20:55 Image size of job updated: 1528
	1528  -  MemoryUsage of job (MB)
	1564904  -  ResidentSetSize of job (KB)
...
006 (73445028.000.000) 2021-09-25 01:21:55 Image size of job updated: 1547
	1547  -  MemoryUsage of job (MB)
	1584748  -  ResidentSetSize of job (KB)
...
006 (73445028.000.000) 2021-09-25 01:22:55 Image size of job updated: 1633
	1633  -  MemoryUsage of job (MB)
	1672480  -  ResidentSetSize of job (KB)
...
006 (73445028.000.000) 2021-09-25 01:23:56 Image size of job updated: 1637
	1637  -  MemoryUsage of job (MB)
	1676884  -  ResidentSetSize of job (KB)
...
006 (73445028.000.000) 2021-09-25 01:24:56 Image size of job updated: 1644
	1644  -  MemoryUsage of job (MB)
	1683812  -  ResidentSetSize of job (KB)
...
006 (73445028.000.000) 2021-09-25 01:25:56 Image size of job updated: 1649
	1649  -  MemoryUsage of job (MB)
	1688772  -  ResidentSetSize of job (KB)
...
006 (73445028.000.000) 2021-09-25 01:26:57 Image size of job updated: 1650
	1650  -  MemoryUsage of job (MB)
	1690012  -  ResidentSetSize of job (KB)
...
006 (73445028.000.000) 2021-09-25 01:27:57 Image size of job updated: 1650
	1650  -  MemoryUsage of job (MB)
	1690416  -  ResidentSetSize of job (KB)
...
006 (73445028.000.000) 2021-09-25 01:28:57 Image size of job updated: 1650
	1650  -  MemoryUsage of job (MB)
	1690596  -  ResidentSetSize of job (KB)
...
006 (73445028.000.000) 2021-09-25 01:29:58 Image size of job updated: 1654
	1654  -  MemoryUsage of job (MB)
	1694280  -  ResidentSetSize of job (KB)
...
006 (73445028.000.000) 2021-09-25 01:30:58 Image size of job updated: 1656
	1656  -  MemoryUsage of job (MB)
	1695968  -  ResidentSetSize of job (KB)
...
006 (73445028.000.000) 2021-09-25 01:31:59 Image size of job updated: 1657
	1657  -  MemoryUsage of job (MB)
	1697676  -  ResidentSetSize of job (KB)
...
006 (73445028.000.000) 2021-09-25 01:33:00 Image size of job updated: 1660
	1660  -  MemoryUsage of job (MB)
	1700708  -  ResidentSetSize of job (KB)
...
006 (73445028.000.000) 2021-09-25 01:34:00 Image size of job updated: 1663
	1663  -  MemoryUsage of job (MB)
	1702980  -  ResidentSetSize of job (KB)
...
006 (73445028.000.000) 2021-09-25 01:35:01 Image size of job updated: 1665
	1665  -  MemoryUsage of job (MB)
	1705128  -  ResidentSetSize of job (KB)
...
006 (73445028.000.000) 2021-09-25 01:36:01 Image size of job updated: 1666
	1666  -  MemoryUsage of job (MB)
	1706264  -  ResidentSetSize of job (KB)
...
006 (73445028.000.000) 2021-09-25 01:37:01 Image size of job updated: 1666
	1666  -  MemoryUsage of job (MB)
	1706360  -  ResidentSetSize of job (KB)
...
006 (73445028.000.000) 2021-09-25 01:38:02 Image size of job updated: 1666
	1666  -  MemoryUsage of job (MB)
	1706412  -  ResidentSetSize of job (KB)
...
006 (73445028.000.000) 2021-09-25 01:39:02 Image size of job updated: 1668
	1668  -  MemoryUsage of job (MB)
	1708360  -  ResidentSetSize of job (KB)
...
006 (73445028.000.000) 2021-09-25 01:40:03 Image size of job updated: 1671
	1671  -  MemoryUsage of job (MB)
	1711464  -  ResidentSetSize of job (KB)
...
006 (73445028.000.000) 2021-09-25 01:41:04 Image size of job updated: 1673
	1673  -  MemoryUsage of job (MB)
	1713264  -  ResidentSetSize of job (KB)
...
006 (73445028.000.000) 2021-09-25 01:42:04 Image size of job updated: 1673
	1673  -  MemoryUsage of job (MB)
	1713676  -  ResidentSetSize of job (KB)
...
006 (73445028.000.000) 2021-09-25 01:43:05 Image size of job updated: 1674
	1674  -  MemoryUsage of job (MB)
	1715172  -  ResidentSetSize of job (KB)
...
006 (73445028.000.000) 2021-09-25 01:44:05 Image size of job updated: 1677
	1677  -  MemoryUsage of job (MB)
	1717548  -  ResidentSetSize of job (KB)
...
006 (73445028.000.000) 2021-09-25 01:45:05 Image size of job updated: 1677
	1677  -  MemoryUsage of job (MB)
	1717804  -  ResidentSetSize of job (KB)
...
006 (73445028.000.000) 2021-09-25 01:46:06 Image size of job updated: 1679
	1679  -  MemoryUsage of job (MB)
	1720220  -  ResidentSetSize of job (KB)
...
006 (73445028.000.000) 2021-09-25 01:47:06 Image size of job updated: 1681
	1681  -  MemoryUsage of job (MB)
	1721500  -  ResidentSetSize of job (KB)
...
006 (73445028.000.000) 2021-09-25 01:48:07 Image size of job updated: 1682
	1682  -  MemoryUsage of job (MB)
	1723212  -  ResidentSetSize of job (KB)
...
040 (73445028.000.000) 2021-09-25 01:48:10 Started transferring output files
...
040 (73445028.000.000) 2021-09-25 01:48:10 Finished transferring output files
...
005 (73445028.000.000) 2021-09-25 01:48:12 Job terminated.
	(1) Normal termination (return value 0)
		Usr 0 00:00:00, Sys 0 00:00:00  -  Run Remote Usage
		Usr 0 00:00:00, Sys 0 00:00:00  -  Run Local Usage
		Usr 0 00:51:08, Sys 0 00:19:26  -  Total Remote Usage
		Usr 0 00:00:00, Sys 0 00:00:00  -  Total Local Usage
	1231290  -  Run Bytes Sent By Job
	8471570  -  Run Bytes Received By Job
	1231290  -  Total Bytes Sent By Job
	8471570  -  Total Bytes Received By Job
	Partitionable Resources :    Usage  Request Allocated 
	   Cpus                 :     0.00        1         1 
	   Disk (KB)            : 16042       10000    317047 
	   Memory (MB)          :  1682        2048      2048 

	Job terminated of its own accord at 2021-09-25T06:48:10Z.
...
