000 (14656675.000.000) 2021-09-18 19:11:02 Job submitted from host: <131.225.188.55:9618?addrs=131.225.188.55-9618&alias=lpcschedd1.fnal.gov&noUDP&sock=schedd_2070_6d22>
...
040 (14656675.000.000) 2021-09-18 20:26:50 Started transferring input files
	Transferring to host: <131.225.204.101:9618?addrs=131.225.204.101-9618&alias=cmswn1705.fnal.gov&noUDP&sock=slot1_8_1226_93eb_4779>
...
040 (14656675.000.000) 2021-09-18 20:26:50 Finished transferring input files
...
001 (14656675.000.000) 2021-09-18 20:26:51 Job executing on host: <131.225.204.101:9618?addrs=131.225.204.101-9618&alias=cmswn1705.fnal.gov&noUDP&sock=startd_1141_35a6>
...
006 (14656675.000.000) 2021-09-18 20:27:01 Image size of job updated: 19
	19  -  MemoryUsage of job (MB)
	20400  -  ResidentSetSize of job (KB)
...
006 (14656675.000.000) 2021-09-18 20:28:01 Image size of job updated: 528
	528  -  MemoryUsage of job (MB)
	541308  -  ResidentSetSize of job (KB)
...
006 (14656675.000.000) 2021-09-18 20:32:03 Image size of job updated: 573
	573  -  MemoryUsage of job (MB)
	587356  -  ResidentSetSize of job (KB)
...
006 (14656675.000.000) 2021-09-18 20:33:04 Image size of job updated: 623
	623  -  MemoryUsage of job (MB)
	638152  -  ResidentSetSize of job (KB)
...
006 (14656675.000.000) 2021-09-18 20:34:04 Image size of job updated: 664
	664  -  MemoryUsage of job (MB)
	680696  -  ResidentSetSize of job (KB)
...
006 (14656675.000.000) 2021-09-18 20:35:05 Image size of job updated: 702
	702  -  MemoryUsage of job (MB)
	719676  -  ResidentSetSize of job (KB)
...
006 (14656675.000.000) 2021-09-18 20:36:06 Image size of job updated: 738
	738  -  MemoryUsage of job (MB)
	756080  -  ResidentSetSize of job (KB)
...
006 (14656675.000.000) 2021-09-18 20:37:06 Image size of job updated: 771
	771  -  MemoryUsage of job (MB)
	790292  -  ResidentSetSize of job (KB)
...
006 (14656675.000.000) 2021-09-18 20:38:07 Image size of job updated: 804
	804  -  MemoryUsage of job (MB)
	823764  -  ResidentSetSize of job (KB)
...
006 (14656675.000.000) 2021-09-18 20:39:08 Image size of job updated: 838
	838  -  MemoryUsage of job (MB)
	858308  -  ResidentSetSize of job (KB)
...
006 (14656675.000.000) 2021-09-18 20:40:09 Image size of job updated: 865
	865  -  MemoryUsage of job (MB)
	886580  -  ResidentSetSize of job (KB)
...
006 (14656675.000.000) 2021-09-18 20:41:10 Image size of job updated: 905
	905  -  MemoryUsage of job (MB)
	927080  -  ResidentSetSize of job (KB)
...
006 (14656675.000.000) 2021-09-18 20:42:10 Image size of job updated: 933
	933  -  MemoryUsage of job (MB)
	956076  -  ResidentSetSize of job (KB)
...
006 (14656675.000.000) 2021-09-18 20:43:11 Image size of job updated: 960
	960  -  MemoryUsage of job (MB)
	983528  -  ResidentSetSize of job (KB)
...
006 (14656675.000.000) 2021-09-18 20:44:11 Image size of job updated: 985
	985  -  MemoryUsage of job (MB)
	1009620  -  ResidentSetSize of job (KB)
...
006 (14656675.000.000) 2021-09-18 20:45:12 Image size of job updated: 1011
	1011  -  MemoryUsage of job (MB)
	1035412  -  ResidentSetSize of job (KB)
...
006 (14656675.000.000) 2021-09-18 20:46:13 Image size of job updated: 1039
	1039  -  MemoryUsage of job (MB)
	1064680  -  ResidentSetSize of job (KB)
...
006 (14656675.000.000) 2021-09-18 20:47:13 Image size of job updated: 1072
	1072  -  MemoryUsage of job (MB)
	1098656  -  ResidentSetSize of job (KB)
...
006 (14656675.000.000) 2021-09-18 20:48:13 Image size of job updated: 1095
	1095  -  MemoryUsage of job (MB)
	1121988  -  ResidentSetSize of job (KB)
...
006 (14656675.000.000) 2021-09-18 20:49:14 Image size of job updated: 1117
	1117  -  MemoryUsage of job (MB)
	1144820  -  ResidentSetSize of job (KB)
...
006 (14656675.000.000) 2021-09-18 20:50:14 Image size of job updated: 1139
	1139  -  MemoryUsage of job (MB)
	1167308  -  ResidentSetSize of job (KB)
...
006 (14656675.000.000) 2021-09-18 20:51:14 Image size of job updated: 1161
	1161  -  MemoryUsage of job (MB)
	1189828  -  ResidentSetSize of job (KB)
...
006 (14656675.000.000) 2021-09-18 20:52:15 Image size of job updated: 1182
	1182  -  MemoryUsage of job (MB)
	1211068  -  ResidentSetSize of job (KB)
...
006 (14656675.000.000) 2021-09-18 20:53:15 Image size of job updated: 1202
	1202  -  MemoryUsage of job (MB)
	1231380  -  ResidentSetSize of job (KB)
...
006 (14656675.000.000) 2021-09-18 20:54:15 Image size of job updated: 1221
	1221  -  MemoryUsage of job (MB)
	1250784  -  ResidentSetSize of job (KB)
...
006 (14656675.000.000) 2021-09-18 20:55:16 Image size of job updated: 1240
	1240  -  MemoryUsage of job (MB)
	1270652  -  ResidentSetSize of job (KB)
...
006 (14656675.000.000) 2021-09-18 20:56:16 Image size of job updated: 1260
	1260  -  MemoryUsage of job (MB)
	1290344  -  ResidentSetSize of job (KB)
...
006 (14656675.000.000) 2021-09-18 20:57:16 Image size of job updated: 1279
	1279  -  MemoryUsage of job (MB)
	1309892  -  ResidentSetSize of job (KB)
...
006 (14656675.000.000) 2021-09-18 20:58:17 Image size of job updated: 1297
	1297  -  MemoryUsage of job (MB)
	1328936  -  ResidentSetSize of job (KB)
...
006 (14656675.000.000) 2021-09-18 20:59:17 Image size of job updated: 1316
	1316  -  MemoryUsage of job (MB)
	1347744  -  ResidentSetSize of job (KB)
...
006 (14656675.000.000) 2021-09-18 21:00:17 Image size of job updated: 1334
	1334  -  MemoryUsage of job (MB)
	1366280  -  ResidentSetSize of job (KB)
...
006 (14656675.000.000) 2021-09-18 21:01:18 Image size of job updated: 1352
	1352  -  MemoryUsage of job (MB)
	1384516  -  ResidentSetSize of job (KB)
...
006 (14656675.000.000) 2021-09-18 21:02:19 Image size of job updated: 1369
	1369  -  MemoryUsage of job (MB)
	1402336  -  ResidentSetSize of job (KB)
...
006 (14656675.000.000) 2021-09-18 21:03:19 Image size of job updated: 1386
	1386  -  MemoryUsage of job (MB)
	1419908  -  ResidentSetSize of job (KB)
...
006 (14656675.000.000) 2021-09-18 21:04:20 Image size of job updated: 1403
	1403  -  MemoryUsage of job (MB)
	1436964  -  ResidentSetSize of job (KB)
...
006 (14656675.000.000) 2021-09-18 21:05:21 Image size of job updated: 1420
	1420  -  MemoryUsage of job (MB)
	1454980  -  ResidentSetSize of job (KB)
...
006 (14656675.000.000) 2021-09-18 21:06:22 Image size of job updated: 1436
	1436  -  MemoryUsage of job (MB)
	1471164  -  ResidentSetSize of job (KB)
...
006 (14656675.000.000) 2021-09-18 21:07:22 Image size of job updated: 1453
	1453  -  MemoryUsage of job (MB)
	1487884  -  ResidentSetSize of job (KB)
...
006 (14656675.000.000) 2021-09-18 21:08:23 Image size of job updated: 1469
	1469  -  MemoryUsage of job (MB)
	1504416  -  ResidentSetSize of job (KB)
...
006 (14656675.000.000) 2021-09-18 21:09:24 Image size of job updated: 1485
	1485  -  MemoryUsage of job (MB)
	1520668  -  ResidentSetSize of job (KB)
...
006 (14656675.000.000) 2021-09-18 21:10:24 Image size of job updated: 1500
	1500  -  MemoryUsage of job (MB)
	1536776  -  ResidentSetSize of job (KB)
...
006 (14656675.000.000) 2021-09-18 21:11:25 Image size of job updated: 1516
	1516  -  MemoryUsage of job (MB)
	1552672  -  ResidentSetSize of job (KB)
...
006 (14656675.000.000) 2021-09-18 21:12:26 Image size of job updated: 1531
	1531  -  MemoryUsage of job (MB)
	1568440  -  ResidentSetSize of job (KB)
...
006 (14656675.000.000) 2021-09-18 21:13:26 Image size of job updated: 1621
	1621  -  MemoryUsage of job (MB)
	1660676  -  ResidentSetSize of job (KB)
...
006 (14656675.000.000) 2021-09-18 21:14:27 Image size of job updated: 1643
	1643  -  MemoryUsage of job (MB)
	1682512  -  ResidentSetSize of job (KB)
...
006 (14656675.000.000) 2021-09-18 21:15:28 Image size of job updated: 1648
	1648  -  MemoryUsage of job (MB)
	1687716  -  ResidentSetSize of job (KB)
...
006 (14656675.000.000) 2021-09-18 21:16:28 Image size of job updated: 1651
	1651  -  MemoryUsage of job (MB)
	1691624  -  ResidentSetSize of job (KB)
...
006 (14656675.000.000) 2021-09-18 21:17:28 Image size of job updated: 1655
	1655  -  MemoryUsage of job (MB)
	1695284  -  ResidentSetSize of job (KB)
...
006 (14656675.000.000) 2021-09-18 21:18:29 Image size of job updated: 1660
	1660  -  MemoryUsage of job (MB)
	1700588  -  ResidentSetSize of job (KB)
...
006 (14656675.000.000) 2021-09-18 21:19:29 Image size of job updated: 1663
	1663  -  MemoryUsage of job (MB)
	1703544  -  ResidentSetSize of job (KB)
...
006 (14656675.000.000) 2021-09-18 21:20:29 Image size of job updated: 1665
	1665  -  MemoryUsage of job (MB)
	1705960  -  ResidentSetSize of job (KB)
...
006 (14656675.000.000) 2021-09-18 21:21:30 Image size of job updated: 1669
	1669  -  MemoryUsage of job (MB)
	1709724  -  ResidentSetSize of job (KB)
...
006 (14656675.000.000) 2021-09-18 21:22:31 Image size of job updated: 1673
	1673  -  MemoryUsage of job (MB)
	1713744  -  ResidentSetSize of job (KB)
...
006 (14656675.000.000) 2021-09-18 21:23:31 Image size of job updated: 1677
	1677  -  MemoryUsage of job (MB)
	1717668  -  ResidentSetSize of job (KB)
...
006 (14656675.000.000) 2021-09-18 21:24:32 Image size of job updated: 1681
	1681  -  MemoryUsage of job (MB)
	1721416  -  ResidentSetSize of job (KB)
...
006 (14656675.000.000) 2021-09-18 21:25:28 Image size of job updated: 1683
	1683  -  MemoryUsage of job (MB)
	1723752  -  ResidentSetSize of job (KB)
...
040 (14656675.000.000) 2021-09-18 21:25:28 Started transferring output files
...
040 (14656675.000.000) 2021-09-18 21:25:28 Finished transferring output files
...
005 (14656675.000.000) 2021-09-18 21:25:29 Job terminated.
	(1) Normal termination (return value 0)
		Usr 0 00:00:00, Sys 0 00:00:00  -  Run Remote Usage
		Usr 0 00:00:00, Sys 0 00:00:00  -  Run Local Usage
		Usr 0 00:51:10, Sys 0 00:04:45  -  Total Remote Usage
		Usr 0 00:00:00, Sys 0 00:00:00  -  Total Local Usage
	1231299  -  Run Bytes Sent By Job
	8471534  -  Run Bytes Received By Job
	1231299  -  Total Bytes Sent By Job
	8471534  -  Total Bytes Received By Job
	Partitionable Resources :    Usage  Request Allocated 
	   Cpus                 :     0.00        1         1 
	   Disk (KB)            : 16709       10000    316757 
	   Memory (MB)          :  1683        2048      2048 

	Job terminated of its own accord at 2021-09-19T02:25:28Z.
...
000 (34671925.000.000) 2021-09-24 22:12:49 Job submitted from host: <131.225.188.57:9618?addrs=131.225.188.57-9618&alias=lpcschedd2.fnal.gov&noUDP&sock=schedd_2251_93c6>
...
040 (34671925.000.000) 2021-09-24 22:49:01 Started transferring input files
	Transferring to host: <131.225.188.112:9618?addrs=131.225.188.112-9618&alias=cmswn2048.fnal.gov&noUDP&sock=slot1_30_1993_ffaa_3350>
...
040 (34671925.000.000) 2021-09-24 22:49:01 Finished transferring input files
...
001 (34671925.000.000) 2021-09-24 22:49:02 Job executing on host: <131.225.188.112:9618?addrs=131.225.188.112-9618&alias=cmswn2048.fnal.gov&noUDP&sock=startd_1899_2270>
...
006 (34671925.000.000) 2021-09-24 22:49:11 Image size of job updated: 27
	27  -  MemoryUsage of job (MB)
	28284  -  ResidentSetSize of job (KB)
...
006 (34671925.000.000) 2021-09-24 22:50:11 Image size of job updated: 460
	460  -  MemoryUsage of job (MB)
	471924  -  ResidentSetSize of job (KB)
...
006 (34671925.000.000) 2021-09-24 22:51:12 Image size of job updated: 535
	535  -  MemoryUsage of job (MB)
	548720  -  ResidentSetSize of job (KB)
...
006 (34671925.000.000) 2021-09-24 22:55:14 Image size of job updated: 562
	562  -  MemoryUsage of job (MB)
	576396  -  ResidentSetSize of job (KB)
...
006 (34671925.000.000) 2021-09-24 22:56:14 Image size of job updated: 608
	608  -  MemoryUsage of job (MB)
	623024  -  ResidentSetSize of job (KB)
...
006 (34671925.000.000) 2021-09-24 22:57:15 Image size of job updated: 649
	649  -  MemoryUsage of job (MB)
	664700  -  ResidentSetSize of job (KB)
...
006 (34671925.000.000) 2021-09-24 22:58:15 Image size of job updated: 685
	685  -  MemoryUsage of job (MB)
	702292  -  ResidentSetSize of job (KB)
...
006 (34671925.000.000) 2021-09-24 22:59:16 Image size of job updated: 719
	719  -  MemoryUsage of job (MB)
	737200  -  ResidentSetSize of job (KB)
...
006 (34671925.000.000) 2021-09-24 23:00:16 Image size of job updated: 752
	752  -  MemoryUsage of job (MB)
	770068  -  ResidentSetSize of job (KB)
...
006 (34671925.000.000) 2021-09-24 23:01:16 Image size of job updated: 782
	782  -  MemoryUsage of job (MB)
	801536  -  ResidentSetSize of job (KB)
...
006 (34671925.000.000) 2021-09-24 23:02:16 Image size of job updated: 812
	812  -  MemoryUsage of job (MB)
	832416  -  ResidentSetSize of job (KB)
...
006 (34671925.000.000) 2021-09-24 23:03:16 Image size of job updated: 842
	842  -  MemoryUsage of job (MB)
	863096  -  ResidentSetSize of job (KB)
...
006 (34671925.000.000) 2021-09-24 23:04:16 Image size of job updated: 870
	870  -  MemoryUsage of job (MB)
	891052  -  ResidentSetSize of job (KB)
...
006 (34671925.000.000) 2021-09-24 23:05:17 Image size of job updated: 907
	907  -  MemoryUsage of job (MB)
	929624  -  ResidentSetSize of job (KB)
...
006 (34671925.000.000) 2021-09-24 23:06:18 Image size of job updated: 934
	934  -  MemoryUsage of job (MB)
	957248  -  ResidentSetSize of job (KB)
...
006 (34671925.000.000) 2021-09-24 23:07:19 Image size of job updated: 960
	960  -  MemoryUsage of job (MB)
	983148  -  ResidentSetSize of job (KB)
...
006 (34671925.000.000) 2021-09-24 23:08:20 Image size of job updated: 984
	984  -  MemoryUsage of job (MB)
	1007836  -  ResidentSetSize of job (KB)
...
006 (34671925.000.000) 2021-09-24 23:09:21 Image size of job updated: 1008
	1008  -  MemoryUsage of job (MB)
	1032288  -  ResidentSetSize of job (KB)
...
006 (34671925.000.000) 2021-09-24 23:10:22 Image size of job updated: 1036
	1036  -  MemoryUsage of job (MB)
	1061136  -  ResidentSetSize of job (KB)
...
006 (34671925.000.000) 2021-09-24 23:11:22 Image size of job updated: 1069
	1069  -  MemoryUsage of job (MB)
	1094704  -  ResidentSetSize of job (KB)
...
006 (34671925.000.000) 2021-09-24 23:12:22 Image size of job updated: 1089
	1089  -  MemoryUsage of job (MB)
	1115240  -  ResidentSetSize of job (KB)
...
006 (34671925.000.000) 2021-09-24 23:13:23 Image size of job updated: 1110
	1110  -  MemoryUsage of job (MB)
	1136944  -  ResidentSetSize of job (KB)
...
006 (34671925.000.000) 2021-09-24 23:14:24 Image size of job updated: 1131
	1131  -  MemoryUsage of job (MB)
	1158568  -  ResidentSetSize of job (KB)
...
006 (34671925.000.000) 2021-09-24 23:15:25 Image size of job updated: 1152
	1152  -  MemoryUsage of job (MB)
	1180280  -  ResidentSetSize of job (KB)
...
006 (34671925.000.000) 2021-09-24 23:16:25 Image size of job updated: 1172
	1172  -  MemoryUsage of job (MB)
	1200500  -  ResidentSetSize of job (KB)
...
006 (34671925.000.000) 2021-09-24 23:17:26 Image size of job updated: 1191
	1191  -  MemoryUsage of job (MB)
	1220540  -  ResidentSetSize of job (KB)
...
006 (34671925.000.000) 2021-09-24 23:18:26 Image size of job updated: 1210
	1210  -  MemoryUsage of job (MB)
	1240004  -  ResidentSetSize of job (KB)
...
006 (34671925.000.000) 2021-09-24 23:19:27 Image size of job updated: 1229
	1229  -  MemoryUsage of job (MB)
	1259172  -  ResidentSetSize of job (KB)
...
006 (34671925.000.000) 2021-09-24 23:20:27 Image size of job updated: 1247
	1247  -  MemoryUsage of job (MB)
	1277832  -  ResidentSetSize of job (KB)
...
006 (34671925.000.000) 2021-09-24 23:21:28 Image size of job updated: 1265
	1265  -  MemoryUsage of job (MB)
	1296284  -  ResidentSetSize of job (KB)
...
006 (34671925.000.000) 2021-09-24 23:22:29 Image size of job updated: 1283
	1283  -  MemoryUsage of job (MB)
	1314328  -  ResidentSetSize of job (KB)
...
006 (34671925.000.000) 2021-09-24 23:23:30 Image size of job updated: 1300
	1300  -  MemoryUsage of job (MB)
	1332156  -  ResidentSetSize of job (KB)
...
006 (34671925.000.000) 2021-09-24 23:24:30 Image size of job updated: 1318
	1318  -  MemoryUsage of job (MB)
	1349908  -  ResidentSetSize of job (KB)
...
006 (34671925.000.000) 2021-09-24 23:25:30 Image size of job updated: 1335
	1335  -  MemoryUsage of job (MB)
	1367400  -  ResidentSetSize of job (KB)
...
006 (34671925.000.000) 2021-09-24 23:26:30 Image size of job updated: 1352
	1352  -  MemoryUsage of job (MB)
	1384848  -  ResidentSetSize of job (KB)
...
006 (34671925.000.000) 2021-09-24 23:27:32 Image size of job updated: 1369
	1369  -  MemoryUsage of job (MB)
	1401868  -  ResidentSetSize of job (KB)
...
006 (34671925.000.000) 2021-09-24 23:28:33 Image size of job updated: 1385
	1385  -  MemoryUsage of job (MB)
	1418748  -  ResidentSetSize of job (KB)
...
006 (34671925.000.000) 2021-09-24 23:29:34 Image size of job updated: 1401
	1401  -  MemoryUsage of job (MB)
	1435448  -  ResidentSetSize of job (KB)
...
006 (34671925.000.000) 2021-09-24 23:30:35 Image size of job updated: 1417
	1417  -  MemoryUsage of job (MB)
	1451876  -  ResidentSetSize of job (KB)
...
006 (34671925.000.000) 2021-09-24 23:31:36 Image size of job updated: 1433
	1433  -  MemoryUsage of job (MB)
	1467664  -  ResidentSetSize of job (KB)
...
006 (34671925.000.000) 2021-09-24 23:32:36 Image size of job updated: 1447
	1447  -  MemoryUsage of job (MB)
	1482192  -  ResidentSetSize of job (KB)
...
006 (34671925.000.000) 2021-09-24 23:33:36 Image size of job updated: 1462
	1462  -  MemoryUsage of job (MB)
	1498088  -  ResidentSetSize of job (KB)
...
006 (34671925.000.000) 2021-09-24 23:34:37 Image size of job updated: 1478
	1478  -  MemoryUsage of job (MB)
	1514108  -  ResidentSetSize of job (KB)
...
006 (34671925.000.000) 2021-09-24 23:35:37 Image size of job updated: 1493
	1493  -  MemoryUsage of job (MB)
	1529652  -  ResidentSetSize of job (KB)
...
006 (34671925.000.000) 2021-09-24 23:36:38 Image size of job updated: 1508
	1508  -  MemoryUsage of job (MB)
	1545120  -  ResidentSetSize of job (KB)
...
006 (34671925.000.000) 2021-09-24 23:37:39 Image size of job updated: 1523
	1523  -  MemoryUsage of job (MB)
	1560384  -  ResidentSetSize of job (KB)
...
006 (34671925.000.000) 2021-09-24 23:38:40 Image size of job updated: 1542
	1542  -  MemoryUsage of job (MB)
	1579524  -  ResidentSetSize of job (KB)
...
006 (34671925.000.000) 2021-09-24 23:39:41 Image size of job updated: 1626
	1626  -  MemoryUsage of job (MB)
	1665496  -  ResidentSetSize of job (KB)
...
006 (34671925.000.000) 2021-09-24 23:40:41 Image size of job updated: 1635
	1635  -  MemoryUsage of job (MB)
	1674808  -  ResidentSetSize of job (KB)
...
006 (34671925.000.000) 2021-09-24 23:41:41 Image size of job updated: 1638
	1638  -  MemoryUsage of job (MB)
	1677944  -  ResidentSetSize of job (KB)
...
006 (34671925.000.000) 2021-09-24 23:42:41 Image size of job updated: 1641
	1641  -  MemoryUsage of job (MB)
	1680788  -  ResidentSetSize of job (KB)
...
006 (34671925.000.000) 2021-09-24 23:43:42 Image size of job updated: 1643
	1643  -  MemoryUsage of job (MB)
	1682552  -  ResidentSetSize of job (KB)
...
006 (34671925.000.000) 2021-09-24 23:44:43 Image size of job updated: 1644
	1644  -  MemoryUsage of job (MB)
	1683976  -  ResidentSetSize of job (KB)
...
006 (34671925.000.000) 2021-09-24 23:45:44 Image size of job updated: 1645
	1645  -  MemoryUsage of job (MB)
	1685332  -  ResidentSetSize of job (KB)
...
006 (34671925.000.000) 2021-09-24 23:46:45 Image size of job updated: 1646
	1646  -  MemoryUsage of job (MB)
	1686444  -  ResidentSetSize of job (KB)
...
006 (34671925.000.000) 2021-09-24 23:47:46 Image size of job updated: 1647
	1647  -  MemoryUsage of job (MB)
	1687516  -  ResidentSetSize of job (KB)
...
006 (34671925.000.000) 2021-09-24 23:48:47 Image size of job updated: 1648
	1648  -  MemoryUsage of job (MB)
	1688492  -  ResidentSetSize of job (KB)
...
006 (34671925.000.000) 2021-09-24 23:49:48 Image size of job updated: 1649
	1649  -  MemoryUsage of job (MB)
	1689504  -  ResidentSetSize of job (KB)
...
006 (34671925.000.000) 2021-09-24 23:50:48 Image size of job updated: 1650
	1650  -  MemoryUsage of job (MB)
	1690320  -  ResidentSetSize of job (KB)
...
006 (34671925.000.000) 2021-09-24 23:51:49 Image size of job updated: 1652
	1652  -  MemoryUsage of job (MB)
	1691760  -  ResidentSetSize of job (KB)
...
006 (34671925.000.000) 2021-09-24 23:52:50 Image size of job updated: 1653
	1653  -  MemoryUsage of job (MB)
	1692672  -  ResidentSetSize of job (KB)
...
006 (34671925.000.000) 2021-09-24 23:53:51 Image size of job updated: 1653
	1653  -  MemoryUsage of job (MB)
	1693416  -  ResidentSetSize of job (KB)
...
006 (34671925.000.000) 2021-09-24 23:54:52 Image size of job updated: 1654
	1654  -  MemoryUsage of job (MB)
	1694296  -  ResidentSetSize of job (KB)
...
006 (34671925.000.000) 2021-09-24 23:55:52 Image size of job updated: 1655
	1655  -  MemoryUsage of job (MB)
	1694884  -  ResidentSetSize of job (KB)
...
006 (34671925.000.000) 2021-09-24 23:56:53 Image size of job updated: 1655
	1655  -  MemoryUsage of job (MB)
	1695700  -  ResidentSetSize of job (KB)
...
006 (34671925.000.000) 2021-09-24 23:57:54 Image size of job updated: 1656
	1656  -  MemoryUsage of job (MB)
	1696572  -  ResidentSetSize of job (KB)
...
006 (34671925.000.000) 2021-09-24 23:58:55 Image size of job updated: 1657
	1657  -  MemoryUsage of job (MB)
	1697472  -  ResidentSetSize of job (KB)
...
006 (34671925.000.000) 2021-09-24 23:59:55 Image size of job updated: 1658
	1658  -  MemoryUsage of job (MB)
	1698016  -  ResidentSetSize of job (KB)
...
006 (34671925.000.000) 2021-09-25 00:00:56 Image size of job updated: 1659
	1659  -  MemoryUsage of job (MB)
	1698860  -  ResidentSetSize of job (KB)
...
006 (34671925.000.000) 2021-09-25 00:01:56 Image size of job updated: 1660
	1660  -  MemoryUsage of job (MB)
	1700372  -  ResidentSetSize of job (KB)
...
006 (34671925.000.000) 2021-09-25 00:02:56 Image size of job updated: 1661
	1661  -  MemoryUsage of job (MB)
	1701488  -  ResidentSetSize of job (KB)
...
006 (34671925.000.000) 2021-09-25 00:03:57 Image size of job updated: 1662
	1662  -  MemoryUsage of job (MB)
	1702828  -  ResidentSetSize of job (KB)
...
006 (34671925.000.000) 2021-09-25 00:04:57 Image size of job updated: 1663
	1663  -  MemoryUsage of job (MB)
	1703804  -  ResidentSetSize of job (KB)
...
006 (34671925.000.000) 2021-09-25 00:05:58 Image size of job updated: 1664
	1664  -  MemoryUsage of job (MB)
	1704340  -  ResidentSetSize of job (KB)
...
006 (34671925.000.000) 2021-09-25 00:06:58 Image size of job updated: 1664
	1664  -  MemoryUsage of job (MB)
	1704596  -  ResidentSetSize of job (KB)
...
006 (34671925.000.000) 2021-09-25 00:07:59 Image size of job updated: 1664
	1664  -  MemoryUsage of job (MB)
	1704760  -  ResidentSetSize of job (KB)
...
006 (34671925.000.000) 2021-09-25 00:09:01 Image size of job updated: 1664
	1664  -  MemoryUsage of job (MB)
	1704924  -  ResidentSetSize of job (KB)
...
006 (34671925.000.000) 2021-09-25 00:10:01 Image size of job updated: 1666
	1666  -  MemoryUsage of job (MB)
	1706236  -  ResidentSetSize of job (KB)
...
006 (34671925.000.000) 2021-09-25 00:11:02 Image size of job updated: 1667
	1667  -  MemoryUsage of job (MB)
	1707016  -  ResidentSetSize of job (KB)
...
006 (34671925.000.000) 2021-09-25 00:12:02 Image size of job updated: 1667
	1667  -  MemoryUsage of job (MB)
	1707580  -  ResidentSetSize of job (KB)
...
006 (34671925.000.000) 2021-09-25 00:13:02 Image size of job updated: 1667
	1667  -  MemoryUsage of job (MB)
	1707968  -  ResidentSetSize of job (KB)
...
006 (34671925.000.000) 2021-09-25 00:14:03 Image size of job updated: 1668
	1668  -  MemoryUsage of job (MB)
	1708316  -  ResidentSetSize of job (KB)
...
006 (34671925.000.000) 2021-09-25 00:15:04 Image size of job updated: 1668
	1668  -  MemoryUsage of job (MB)
	1708616  -  ResidentSetSize of job (KB)
...
006 (34671925.000.000) 2021-09-25 00:16:04 Image size of job updated: 1668
	1668  -  MemoryUsage of job (MB)
	1708984  -  ResidentSetSize of job (KB)
...
006 (34671925.000.000) 2021-09-25 00:17:05 Image size of job updated: 1670
	1670  -  MemoryUsage of job (MB)
	1710180  -  ResidentSetSize of job (KB)
...
006 (34671925.000.000) 2021-09-25 00:18:05 Image size of job updated: 1670
	1670  -  MemoryUsage of job (MB)
	1710796  -  ResidentSetSize of job (KB)
...
006 (34671925.000.000) 2021-09-25 00:19:05 Image size of job updated: 1671
	1671  -  MemoryUsage of job (MB)
	1711416  -  ResidentSetSize of job (KB)
...
006 (34671925.000.000) 2021-09-25 00:20:06 Image size of job updated: 1671
	1671  -  MemoryUsage of job (MB)
	1711788  -  ResidentSetSize of job (KB)
...
006 (34671925.000.000) 2021-09-25 00:21:06 Image size of job updated: 1672
	1672  -  MemoryUsage of job (MB)
	1712336  -  ResidentSetSize of job (KB)
...
006 (34671925.000.000) 2021-09-25 00:22:07 Image size of job updated: 1672
	1672  -  MemoryUsage of job (MB)
	1712392  -  ResidentSetSize of job (KB)
...
006 (34671925.000.000) 2021-09-25 00:23:07 Image size of job updated: 1672
	1672  -  MemoryUsage of job (MB)
	1712532  -  ResidentSetSize of job (KB)
...
006 (34671925.000.000) 2021-09-25 00:24:07 Image size of job updated: 1673
	1673  -  MemoryUsage of job (MB)
	1713288  -  ResidentSetSize of job (KB)
...
006 (34671925.000.000) 2021-09-25 00:25:07 Image size of job updated: 1674
	1674  -  MemoryUsage of job (MB)
	1714320  -  ResidentSetSize of job (KB)
...
006 (34671925.000.000) 2021-09-25 00:26:09 Image size of job updated: 1674
	1674  -  MemoryUsage of job (MB)
	1714780  -  ResidentSetSize of job (KB)
...
006 (34671925.000.000) 2021-09-25 00:27:09 Image size of job updated: 1675
	1675  -  MemoryUsage of job (MB)
	1715388  -  ResidentSetSize of job (KB)
...
006 (34671925.000.000) 2021-09-25 00:28:09 Image size of job updated: 1675
	1675  -  MemoryUsage of job (MB)
	1715916  -  ResidentSetSize of job (KB)
...
006 (34671925.000.000) 2021-09-25 00:29:09 Image size of job updated: 1676
	1676  -  MemoryUsage of job (MB)
	1716688  -  ResidentSetSize of job (KB)
...
006 (34671925.000.000) 2021-09-25 00:30:09 Image size of job updated: 1676
	1676  -  MemoryUsage of job (MB)
	1717180  -  ResidentSetSize of job (KB)
...
006 (34671925.000.000) 2021-09-25 00:31:10 Image size of job updated: 1677
	1677  -  MemoryUsage of job (MB)
	1717600  -  ResidentSetSize of job (KB)
...
006 (34671925.000.000) 2021-09-25 00:32:10 Image size of job updated: 1678
	1678  -  MemoryUsage of job (MB)
	1718296  -  ResidentSetSize of job (KB)
...
006 (34671925.000.000) 2021-09-25 00:33:11 Image size of job updated: 1678
	1678  -  MemoryUsage of job (MB)
	1718748  -  ResidentSetSize of job (KB)
...
006 (34671925.000.000) 2021-09-25 00:34:12 Image size of job updated: 1678
	1678  -  MemoryUsage of job (MB)
	1719284  -  ResidentSetSize of job (KB)
...
006 (34671925.000.000) 2021-09-25 00:35:13 Image size of job updated: 1679
	1679  -  MemoryUsage of job (MB)
	1719980  -  ResidentSetSize of job (KB)
...
006 (34671925.000.000) 2021-09-25 00:36:14 Image size of job updated: 1680
	1680  -  MemoryUsage of job (MB)
	1720368  -  ResidentSetSize of job (KB)
...
006 (34671925.000.000) 2021-09-25 00:37:15 Image size of job updated: 1680
	1680  -  MemoryUsage of job (MB)
	1721000  -  ResidentSetSize of job (KB)
...
006 (34671925.000.000) 2021-09-25 00:38:15 Image size of job updated: 1681
	1681  -  MemoryUsage of job (MB)
	1721816  -  ResidentSetSize of job (KB)
...
006 (34671925.000.000) 2021-09-25 00:39:15 Image size of job updated: 1682
	1682  -  MemoryUsage of job (MB)
	1722508  -  ResidentSetSize of job (KB)
...
006 (34671925.000.000) 2021-09-25 00:40:15 Image size of job updated: 1682
	1682  -  MemoryUsage of job (MB)
	1722932  -  ResidentSetSize of job (KB)
...
006 (34671925.000.000) 2021-09-25 00:41:15 Image size of job updated: 1683
	1683  -  MemoryUsage of job (MB)
	1723724  -  ResidentSetSize of job (KB)
...
006 (34671925.000.000) 2021-09-25 00:42:16 Image size of job updated: 1683
	1683  -  MemoryUsage of job (MB)
	1724116  -  ResidentSetSize of job (KB)
...
006 (34671925.000.000) 2021-09-25 00:43:08 Image size of job updated: 1684
	1684  -  MemoryUsage of job (MB)
	1724456  -  ResidentSetSize of job (KB)
...
040 (34671925.000.000) 2021-09-25 00:43:08 Started transferring output files
...
040 (34671925.000.000) 2021-09-25 00:43:08 Finished transferring output files
...
005 (34671925.000.000) 2021-09-25 00:43:09 Job terminated.
	(1) Normal termination (return value 0)
		Usr 0 00:59:02, Sys 0 00:52:34  -  Run Remote Usage
		Usr 0 00:00:00, Sys 0 00:00:00  -  Run Local Usage
		Usr 0 00:59:02, Sys 0 00:52:34  -  Total Remote Usage
		Usr 0 00:00:00, Sys 0 00:00:00  -  Total Local Usage
	1223901  -  Run Bytes Sent By Job
	8471570  -  Run Bytes Received By Job
	1223901  -  Total Bytes Sent By Job
	8471570  -  Total Bytes Received By Job
	Partitionable Resources :    Usage  Request Allocated 
	   Cpus                 :        0        1         1 
	   Disk (KB)            :    14845    10000   1646884 
	   Memory (MB)          :     1684     2048      2048 

	Job terminated of its own accord at 2021-09-25T05:43:08Z.
...
