000 (14656684.000.000) 2021-09-18 19:11:04 Job submitted from host: <131.225.188.55:9618?addrs=131.225.188.55-9618&alias=lpcschedd1.fnal.gov&noUDP&sock=schedd_2070_6d22>
...
040 (14656684.000.000) 2021-09-18 20:27:15 Started transferring input files
	Transferring to host: <131.225.188.22:9618?addrs=131.225.188.22-9618&alias=cmswn2024.fnal.gov&noUDP&sock=slot1_4_1990_e28a_2042>
...
040 (14656684.000.000) 2021-09-18 20:27:15 Finished transferring input files
...
001 (14656684.000.000) 2021-09-18 20:27:16 Job executing on host: <131.225.188.22:9618?addrs=131.225.188.22-9618&alias=cmswn2024.fnal.gov&noUDP&sock=startd_1902_3138>
...
006 (14656684.000.000) 2021-09-18 20:28:25 Image size of job updated: 357
	357  -  MemoryUsage of job (MB)
	366520  -  ResidentSetSize of job (KB)
...
006 (14656684.000.000) 2021-09-18 20:29:25 Image size of job updated: 498
	498  -  MemoryUsage of job (MB)
	510900  -  ResidentSetSize of job (KB)
...
006 (14656684.000.000) 2021-09-18 20:32:26 Image size of job updated: 505
	505  -  MemoryUsage of job (MB)
	517908  -  ResidentSetSize of job (KB)
...
006 (14656684.000.000) 2021-09-18 20:33:27 Image size of job updated: 558
	558  -  MemoryUsage of job (MB)
	572032  -  ResidentSetSize of job (KB)
...
006 (14656684.000.000) 2021-09-18 20:34:28 Image size of job updated: 605
	605  -  MemoryUsage of job (MB)
	620180  -  ResidentSetSize of job (KB)
...
006 (14656684.000.000) 2021-09-18 20:35:28 Image size of job updated: 647
	647  -  MemoryUsage of job (MB)
	662568  -  ResidentSetSize of job (KB)
...
006 (14656684.000.000) 2021-09-18 20:36:29 Image size of job updated: 684
	684  -  MemoryUsage of job (MB)
	700856  -  ResidentSetSize of job (KB)
...
006 (14656684.000.000) 2021-09-18 20:37:29 Image size of job updated: 715
	715  -  MemoryUsage of job (MB)
	732168  -  ResidentSetSize of job (KB)
...
006 (14656684.000.000) 2021-09-18 20:38:29 Image size of job updated: 747
	747  -  MemoryUsage of job (MB)
	765696  -  ResidentSetSize of job (KB)
...
006 (14656684.000.000) 2021-09-18 20:39:30 Image size of job updated: 779
	779  -  MemoryUsage of job (MB)
	797700  -  ResidentSetSize of job (KB)
...
006 (14656684.000.000) 2021-09-18 20:40:30 Image size of job updated: 809
	809  -  MemoryUsage of job (MB)
	829032  -  ResidentSetSize of job (KB)
...
006 (14656684.000.000) 2021-09-18 20:41:30 Image size of job updated: 839
	839  -  MemoryUsage of job (MB)
	859888  -  ResidentSetSize of job (KB)
...
006 (14656684.000.000) 2021-09-18 20:42:30 Image size of job updated: 864
	864  -  MemoryUsage of job (MB)
	885072  -  ResidentSetSize of job (KB)
...
006 (14656684.000.000) 2021-09-18 20:43:30 Image size of job updated: 902
	902  -  MemoryUsage of job (MB)
	924368  -  ResidentSetSize of job (KB)
...
006 (14656684.000.000) 2021-09-18 20:44:30 Image size of job updated: 930
	930  -  MemoryUsage of job (MB)
	952736  -  ResidentSetSize of job (KB)
...
006 (14656684.000.000) 2021-09-18 20:45:31 Image size of job updated: 956
	956  -  MemoryUsage of job (MB)
	979136  -  ResidentSetSize of job (KB)
...
006 (14656684.000.000) 2021-09-18 20:46:32 Image size of job updated: 980
	980  -  MemoryUsage of job (MB)
	1004208  -  ResidentSetSize of job (KB)
...
006 (14656684.000.000) 2021-09-18 20:47:34 Image size of job updated: 1006
	1006  -  MemoryUsage of job (MB)
	1030256  -  ResidentSetSize of job (KB)
...
006 (14656684.000.000) 2021-09-18 20:48:34 Image size of job updated: 1029
	1029  -  MemoryUsage of job (MB)
	1053792  -  ResidentSetSize of job (KB)
...
006 (14656684.000.000) 2021-09-18 20:49:34 Image size of job updated: 1059
	1059  -  MemoryUsage of job (MB)
	1085076  -  ResidentSetSize of job (KB)
...
006 (14656684.000.000) 2021-09-18 20:50:35 Image size of job updated: 1084
	1084  -  MemoryUsage of job (MB)
	1110128  -  ResidentSetSize of job (KB)
...
006 (14656684.000.000) 2021-09-18 20:51:35 Image size of job updated: 1105
	1105  -  MemoryUsage of job (MB)
	1132276  -  ResidentSetSize of job (KB)
...
006 (14656684.000.000) 2021-09-18 20:52:36 Image size of job updated: 1125
	1125  -  MemoryUsage of job (MB)
	1152004  -  ResidentSetSize of job (KB)
...
006 (14656684.000.000) 2021-09-18 20:53:36 Image size of job updated: 1145
	1145  -  MemoryUsage of job (MB)
	1173352  -  ResidentSetSize of job (KB)
...
006 (14656684.000.000) 2021-09-18 20:54:37 Image size of job updated: 1166
	1166  -  MemoryUsage of job (MB)
	1194908  -  ResidentSetSize of job (KB)
...
006 (14656684.000.000) 2021-09-18 20:55:38 Image size of job updated: 1186
	1186  -  MemoryUsage of job (MB)
	1215456  -  ResidentSetSize of job (KB)
...
006 (14656684.000.000) 2021-09-18 20:56:38 Image size of job updated: 1204
	1204  -  MemoryUsage of job (MB)
	1233552  -  ResidentSetSize of job (KB)
...
006 (14656684.000.000) 2021-09-18 20:57:39 Image size of job updated: 1224
	1224  -  MemoryUsage of job (MB)
	1253444  -  ResidentSetSize of job (KB)
...
006 (14656684.000.000) 2021-09-18 20:58:39 Image size of job updated: 1243
	1243  -  MemoryUsage of job (MB)
	1272844  -  ResidentSetSize of job (KB)
...
006 (14656684.000.000) 2021-09-18 20:59:40 Image size of job updated: 1261
	1261  -  MemoryUsage of job (MB)
	1291624  -  ResidentSetSize of job (KB)
...
006 (14656684.000.000) 2021-09-18 21:00:40 Image size of job updated: 1277
	1277  -  MemoryUsage of job (MB)
	1308476  -  ResidentSetSize of job (KB)
...
006 (14656684.000.000) 2021-09-18 21:01:40 Image size of job updated: 1295
	1295  -  MemoryUsage of job (MB)
	1326964  -  ResidentSetSize of job (KB)
...
006 (14656684.000.000) 2021-09-18 21:02:40 Image size of job updated: 1313
	1313  -  MemoryUsage of job (MB)
	1345108  -  ResidentSetSize of job (KB)
...
006 (14656684.000.000) 2021-09-18 21:03:40 Image size of job updated: 1328
	1328  -  MemoryUsage of job (MB)
	1360776  -  ResidentSetSize of job (KB)
...
006 (14656684.000.000) 2021-09-18 21:04:40 Image size of job updated: 1346
	1346  -  MemoryUsage of job (MB)
	1378616  -  ResidentSetSize of job (KB)
...
006 (14656684.000.000) 2021-09-18 21:05:40 Image size of job updated: 1363
	1363  -  MemoryUsage of job (MB)
	1396200  -  ResidentSetSize of job (KB)
...
006 (14656684.000.000) 2021-09-18 21:06:40 Image size of job updated: 1378
	1378  -  MemoryUsage of job (MB)
	1411668  -  ResidentSetSize of job (KB)
...
006 (14656684.000.000) 2021-09-18 21:07:40 Image size of job updated: 1395
	1395  -  MemoryUsage of job (MB)
	1428924  -  ResidentSetSize of job (KB)
...
006 (14656684.000.000) 2021-09-18 21:08:40 Image size of job updated: 1410
	1410  -  MemoryUsage of job (MB)
	1444148  -  ResidentSetSize of job (KB)
...
006 (14656684.000.000) 2021-09-18 21:09:40 Image size of job updated: 1426
	1426  -  MemoryUsage of job (MB)
	1460760  -  ResidentSetSize of job (KB)
...
006 (14656684.000.000) 2021-09-18 21:10:41 Image size of job updated: 1442
	1442  -  MemoryUsage of job (MB)
	1476872  -  ResidentSetSize of job (KB)
...
006 (14656684.000.000) 2021-09-18 21:11:42 Image size of job updated: 1458
	1458  -  MemoryUsage of job (MB)
	1493228  -  ResidentSetSize of job (KB)
...
006 (14656684.000.000) 2021-09-18 21:12:43 Image size of job updated: 1472
	1472  -  MemoryUsage of job (MB)
	1507548  -  ResidentSetSize of job (KB)
...
006 (14656684.000.000) 2021-09-18 21:13:43 Image size of job updated: 1487
	1487  -  MemoryUsage of job (MB)
	1523676  -  ResidentSetSize of job (KB)
...
006 (14656684.000.000) 2021-09-18 21:14:44 Image size of job updated: 1503
	1503  -  MemoryUsage of job (MB)
	1539356  -  ResidentSetSize of job (KB)
...
006 (14656684.000.000) 2021-09-18 21:15:46 Image size of job updated: 1518
	1518  -  MemoryUsage of job (MB)
	1554992  -  ResidentSetSize of job (KB)
...
006 (14656684.000.000) 2021-09-18 21:16:47 Image size of job updated: 1531
	1531  -  MemoryUsage of job (MB)
	1568724  -  ResidentSetSize of job (KB)
...
006 (14656684.000.000) 2021-09-18 21:17:47 Image size of job updated: 1617
	1617  -  MemoryUsage of job (MB)
	1656116  -  ResidentSetSize of job (KB)
...
006 (14656684.000.000) 2021-09-18 21:18:47 Image size of job updated: 1625
	1625  -  MemoryUsage of job (MB)
	1664000  -  ResidentSetSize of job (KB)
...
006 (14656684.000.000) 2021-09-18 21:19:48 Image size of job updated: 1628
	1628  -  MemoryUsage of job (MB)
	1668016  -  ResidentSetSize of job (KB)
...
006 (14656684.000.000) 2021-09-18 21:20:48 Image size of job updated: 1631
	1631  -  MemoryUsage of job (MB)
	1670224  -  ResidentSetSize of job (KB)
...
006 (14656684.000.000) 2021-09-18 21:22:48 Image size of job updated: 1634
	1634  -  MemoryUsage of job (MB)
	1674052  -  ResidentSetSize of job (KB)
...
006 (14656684.000.000) 2021-09-18 21:23:48 Image size of job updated: 1639
	1639  -  MemoryUsage of job (MB)
	1679340  -  ResidentSetSize of job (KB)
...
006 (14656684.000.000) 2021-09-18 21:24:48 Image size of job updated: 1642
	1642  -  MemoryUsage of job (MB)
	1681432  -  ResidentSetSize of job (KB)
...
006 (14656684.000.000) 2021-09-18 21:25:48 Image size of job updated: 1642
	1642  -  MemoryUsage of job (MB)
	1682076  -  ResidentSetSize of job (KB)
...
006 (14656684.000.000) 2021-09-18 21:26:49 Image size of job updated: 1645
	1645  -  MemoryUsage of job (MB)
	1685196  -  ResidentSetSize of job (KB)
...
006 (14656684.000.000) 2021-09-18 21:27:51 Image size of job updated: 1648
	1648  -  MemoryUsage of job (MB)
	1687812  -  ResidentSetSize of job (KB)
...
006 (14656684.000.000) 2021-09-18 21:28:52 Image size of job updated: 1649
	1649  -  MemoryUsage of job (MB)
	1689460  -  ResidentSetSize of job (KB)
...
006 (14656684.000.000) 2021-09-18 21:29:53 Image size of job updated: 1651
	1651  -  MemoryUsage of job (MB)
	1691456  -  ResidentSetSize of job (KB)
...
006 (14656684.000.000) 2021-09-18 21:30:53 Image size of job updated: 1654
	1654  -  MemoryUsage of job (MB)
	1693972  -  ResidentSetSize of job (KB)
...
006 (14656684.000.000) 2021-09-18 21:31:53 Image size of job updated: 1656
	1656  -  MemoryUsage of job (MB)
	1696360  -  ResidentSetSize of job (KB)
...
006 (14656684.000.000) 2021-09-18 21:32:53 Image size of job updated: 1658
	1658  -  MemoryUsage of job (MB)
	1698440  -  ResidentSetSize of job (KB)
...
006 (14656684.000.000) 2021-09-18 21:33:53 Image size of job updated: 1660
	1660  -  MemoryUsage of job (MB)
	1700284  -  ResidentSetSize of job (KB)
...
006 (14656684.000.000) 2021-09-18 21:34:53 Image size of job updated: 1661
	1661  -  MemoryUsage of job (MB)
	1701428  -  ResidentSetSize of job (KB)
...
006 (14656684.000.000) 2021-09-18 21:35:54 Image size of job updated: 1663
	1663  -  MemoryUsage of job (MB)
	1702972  -  ResidentSetSize of job (KB)
...
006 (14656684.000.000) 2021-09-18 21:36:55 Image size of job updated: 1664
	1664  -  MemoryUsage of job (MB)
	1704228  -  ResidentSetSize of job (KB)
...
006 (14656684.000.000) 2021-09-18 21:37:56 Image size of job updated: 1665
	1665  -  MemoryUsage of job (MB)
	1705500  -  ResidentSetSize of job (KB)
...
006 (14656684.000.000) 2021-09-18 21:38:57 Image size of job updated: 1667
	1667  -  MemoryUsage of job (MB)
	1707504  -  ResidentSetSize of job (KB)
...
006 (14656684.000.000) 2021-09-18 21:39:57 Image size of job updated: 1669
	1669  -  MemoryUsage of job (MB)
	1709532  -  ResidentSetSize of job (KB)
...
006 (14656684.000.000) 2021-09-18 21:40:58 Image size of job updated: 1671
	1671  -  MemoryUsage of job (MB)
	1711160  -  ResidentSetSize of job (KB)
...
006 (14656684.000.000) 2021-09-18 21:41:59 Image size of job updated: 1672
	1672  -  MemoryUsage of job (MB)
	1712408  -  ResidentSetSize of job (KB)
...
006 (14656684.000.000) 2021-09-18 21:43:03 Image size of job updated: 1673
	1673  -  MemoryUsage of job (MB)
	1713268  -  ResidentSetSize of job (KB)
...
006 (14656684.000.000) 2021-09-18 21:44:04 Image size of job updated: 1673
	1673  -  MemoryUsage of job (MB)
	1713992  -  ResidentSetSize of job (KB)
...
006 (14656684.000.000) 2021-09-18 21:45:05 Image size of job updated: 1675
	1675  -  MemoryUsage of job (MB)
	1716060  -  ResidentSetSize of job (KB)
...
006 (14656684.000.000) 2021-09-18 21:46:05 Image size of job updated: 1677
	1677  -  MemoryUsage of job (MB)
	1717276  -  ResidentSetSize of job (KB)
...
006 (14656684.000.000) 2021-09-18 21:47:05 Image size of job updated: 1677
	1677  -  MemoryUsage of job (MB)
	1718132  -  ResidentSetSize of job (KB)
...
006 (14656684.000.000) 2021-09-18 21:48:05 Image size of job updated: 1678
	1678  -  MemoryUsage of job (MB)
	1719208  -  ResidentSetSize of job (KB)
...
006 (14656684.000.000) 2021-09-18 21:49:06 Image size of job updated: 1678
	1678  -  MemoryUsage of job (MB)
	1719252  -  ResidentSetSize of job (KB)
...
006 (14656684.000.000) 2021-09-18 21:50:06 Image size of job updated: 1679
	1679  -  MemoryUsage of job (MB)
	1720176  -  ResidentSetSize of job (KB)
...
006 (14656684.000.000) 2021-09-18 21:51:08 Image size of job updated: 1680
	1680  -  MemoryUsage of job (MB)
	1721276  -  ResidentSetSize of job (KB)
...
006 (14656684.000.000) 2021-09-18 21:52:12 Image size of job updated: 1682
	1682  -  MemoryUsage of job (MB)
	1722768  -  ResidentSetSize of job (KB)
...
006 (14656684.000.000) 2021-09-18 21:53:13 Image size of job updated: 1683
	1683  -  MemoryUsage of job (MB)
	1724112  -  ResidentSetSize of job (KB)
...
040 (14656684.000.000) 2021-09-18 21:54:51 Started transferring output files
...
040 (14656684.000.000) 2021-09-18 21:54:51 Finished transferring output files
...
005 (14656684.000.000) 2021-09-18 21:54:53 Job terminated.
	(1) Normal termination (return value 0)
		Usr 0 00:00:00, Sys 0 00:00:00  -  Run Remote Usage
		Usr 0 00:00:00, Sys 0 00:00:00  -  Run Local Usage
		Usr 0 03:47:49, Sys 0 01:15:20  -  Total Remote Usage
		Usr 0 00:00:00, Sys 0 00:00:00  -  Total Local Usage
	1223860  -  Run Bytes Sent By Job
	8471534  -  Run Bytes Received By Job
	1223860  -  Total Bytes Sent By Job
	8471534  -  Total Bytes Received By Job
	Partitionable Resources :    Usage  Request Allocated 
	   Cpus                 :        0        1         1 
	   Disk (KB)            :    15572    10000   1637439 
	   Memory (MB)          :     1683     2048      2048 

	Job terminated of its own accord at 2021-09-19T02:54:51Z.
...
000 (34671934.000.000) 2021-09-24 22:12:51 Job submitted from host: <131.225.188.57:9618?addrs=131.225.188.57-9618&alias=lpcschedd2.fnal.gov&noUDP&sock=schedd_2251_93c6>
...
040 (34671934.000.000) 2021-09-24 22:49:52 Started transferring input files
	Transferring to host: <131.225.206.237:9618?addrs=131.225.206.237-9618&alias=cmswn1856.fnal.gov&noUDP&sock=slot1_8_1237_540b_4501>
...
040 (34671934.000.000) 2021-09-24 22:49:52 Finished transferring input files
...
001 (34671934.000.000) 2021-09-24 22:49:53 Job executing on host: <131.225.206.237:9618?addrs=131.225.206.237-9618&alias=cmswn1856.fnal.gov&noUDP&sock=startd_1147_5337>
...
006 (34671934.000.000) 2021-09-24 22:50:02 Image size of job updated: 89
	89  -  MemoryUsage of job (MB)
	91272  -  ResidentSetSize of job (KB)
...
006 (34671934.000.000) 2021-09-24 22:51:03 Image size of job updated: 555
	555  -  MemoryUsage of job (MB)
	568680  -  ResidentSetSize of job (KB)
...
006 (34671934.000.000) 2021-09-24 22:55:06 Image size of job updated: 585
	585  -  MemoryUsage of job (MB)
	599252  -  ResidentSetSize of job (KB)
...
006 (34671934.000.000) 2021-09-24 22:56:06 Image size of job updated: 632
	632  -  MemoryUsage of job (MB)
	647836  -  ResidentSetSize of job (KB)
...
006 (34671934.000.000) 2021-09-24 22:57:06 Image size of job updated: 673
	673  -  MemoryUsage of job (MB)
	690024  -  ResidentSetSize of job (KB)
...
006 (34671934.000.000) 2021-09-24 22:58:07 Image size of job updated: 711
	711  -  MemoryUsage of job (MB)
	728724  -  ResidentSetSize of job (KB)
...
006 (34671934.000.000) 2021-09-24 22:59:08 Image size of job updated: 746
	746  -  MemoryUsage of job (MB)
	764820  -  ResidentSetSize of job (KB)
...
006 (34671934.000.000) 2021-09-24 23:00:08 Image size of job updated: 780
	780  -  MemoryUsage of job (MB)
	798796  -  ResidentSetSize of job (KB)
...
006 (34671934.000.000) 2021-09-24 23:01:08 Image size of job updated: 812
	812  -  MemoryUsage of job (MB)
	831808  -  ResidentSetSize of job (KB)
...
006 (34671934.000.000) 2021-09-24 23:02:09 Image size of job updated: 844
	844  -  MemoryUsage of job (MB)
	864640  -  ResidentSetSize of job (KB)
...
006 (34671934.000.000) 2021-09-24 23:03:10 Image size of job updated: 873
	873  -  MemoryUsage of job (MB)
	894232  -  ResidentSetSize of job (KB)
...
006 (34671934.000.000) 2021-09-24 23:04:11 Image size of job updated: 912
	912  -  MemoryUsage of job (MB)
	934780  -  ResidentSetSize of job (KB)
...
006 (34671934.000.000) 2021-09-24 23:05:11 Image size of job updated: 941
	941  -  MemoryUsage of job (MB)
	964168  -  ResidentSetSize of job (KB)
...
006 (34671934.000.000) 2021-09-24 23:06:12 Image size of job updated: 967
	967  -  MemoryUsage of job (MB)
	991128  -  ResidentSetSize of job (KB)
...
006 (34671934.000.000) 2021-09-24 23:07:13 Image size of job updated: 993
	993  -  MemoryUsage of job (MB)
	1017640  -  ResidentSetSize of job (KB)
...
006 (34671934.000.000) 2021-09-24 23:08:14 Image size of job updated: 1020
	1020  -  MemoryUsage of job (MB)
	1045056  -  ResidentSetSize of job (KB)
...
006 (34671934.000.000) 2021-09-24 23:09:14 Image size of job updated: 1048
	1048  -  MemoryUsage of job (MB)
	1073736  -  ResidentSetSize of job (KB)
...
006 (34671934.000.000) 2021-09-24 23:10:15 Image size of job updated: 1080
	1080  -  MemoryUsage of job (MB)
	1106748  -  ResidentSetSize of job (KB)
...
006 (34671934.000.000) 2021-09-24 23:11:16 Image size of job updated: 1103
	1103  -  MemoryUsage of job (MB)
	1130176  -  ResidentSetSize of job (KB)
...
006 (34671934.000.000) 2021-09-24 23:12:16 Image size of job updated: 1126
	1126  -  MemoryUsage of job (MB)
	1153048  -  ResidentSetSize of job (KB)
...
006 (34671934.000.000) 2021-09-24 23:13:16 Image size of job updated: 1147
	1147  -  MemoryUsage of job (MB)
	1175364  -  ResidentSetSize of job (KB)
...
006 (34671934.000.000) 2021-09-24 23:14:17 Image size of job updated: 1169
	1169  -  MemoryUsage of job (MB)
	1197856  -  ResidentSetSize of job (KB)
...
006 (34671934.000.000) 2021-09-24 23:15:18 Image size of job updated: 1190
	1190  -  MemoryUsage of job (MB)
	1218980  -  ResidentSetSize of job (KB)
...
006 (34671934.000.000) 2021-09-24 23:16:18 Image size of job updated: 1210
	1210  -  MemoryUsage of job (MB)
	1239868  -  ResidentSetSize of job (KB)
...
006 (34671934.000.000) 2021-09-24 23:17:18 Image size of job updated: 1228
	1228  -  MemoryUsage of job (MB)
	1258452  -  ResidentSetSize of job (KB)
...
006 (34671934.000.000) 2021-09-24 23:18:18 Image size of job updated: 1248
	1248  -  MemoryUsage of job (MB)
	1278408  -  ResidentSetSize of job (KB)
...
006 (34671934.000.000) 2021-09-24 23:19:18 Image size of job updated: 1267
	1267  -  MemoryUsage of job (MB)
	1298360  -  ResidentSetSize of job (KB)
...
006 (34671934.000.000) 2021-09-24 23:20:19 Image size of job updated: 1286
	1286  -  MemoryUsage of job (MB)
	1317824  -  ResidentSetSize of job (KB)
...
006 (34671934.000.000) 2021-09-24 23:21:20 Image size of job updated: 1305
	1305  -  MemoryUsage of job (MB)
	1336872  -  ResidentSetSize of job (KB)
...
006 (34671934.000.000) 2021-09-24 23:22:20 Image size of job updated: 1324
	1324  -  MemoryUsage of job (MB)
	1355816  -  ResidentSetSize of job (KB)
...
006 (34671934.000.000) 2021-09-24 23:23:20 Image size of job updated: 1342
	1342  -  MemoryUsage of job (MB)
	1374388  -  ResidentSetSize of job (KB)
...
006 (34671934.000.000) 2021-09-24 23:24:21 Image size of job updated: 1359
	1359  -  MemoryUsage of job (MB)
	1392536  -  ResidentSetSize of job (KB)
...
006 (34671934.000.000) 2021-09-24 23:25:21 Image size of job updated: 1377
	1377  -  MemoryUsage of job (MB)
	1410428  -  ResidentSetSize of job (KB)
...
006 (34671934.000.000) 2021-09-24 23:26:21 Image size of job updated: 1394
	1394  -  MemoryUsage of job (MB)
	1428088  -  ResidentSetSize of job (KB)
...
006 (34671934.000.000) 2021-09-24 23:27:22 Image size of job updated: 1411
	1411  -  MemoryUsage of job (MB)
	1445608  -  ResidentSetSize of job (KB)
...
006 (34671934.000.000) 2021-09-24 23:28:23 Image size of job updated: 1428
	1428  -  MemoryUsage of job (MB)
	1462880  -  ResidentSetSize of job (KB)
...
006 (34671934.000.000) 2021-09-24 23:29:24 Image size of job updated: 1444
	1444  -  MemoryUsage of job (MB)
	1479440  -  ResidentSetSize of job (KB)
...
006 (34671934.000.000) 2021-09-24 23:30:24 Image size of job updated: 1460
	1460  -  MemoryUsage of job (MB)
	1495612  -  ResidentSetSize of job (KB)
...
006 (34671934.000.000) 2021-09-24 23:31:25 Image size of job updated: 1476
	1476  -  MemoryUsage of job (MB)
	1512108  -  ResidentSetSize of job (KB)
...
006 (34671934.000.000) 2021-09-24 23:32:26 Image size of job updated: 1492
	1492  -  MemoryUsage of job (MB)
	1528228  -  ResidentSetSize of job (KB)
...
006 (34671934.000.000) 2021-09-24 23:33:26 Image size of job updated: 1508
	1508  -  MemoryUsage of job (MB)
	1544428  -  ResidentSetSize of job (KB)
...
006 (34671934.000.000) 2021-09-24 23:34:26 Image size of job updated: 1523
	1523  -  MemoryUsage of job (MB)
	1560376  -  ResidentSetSize of job (KB)
...
006 (34671934.000.000) 2021-09-24 23:35:27 Image size of job updated: 1543
	1543  -  MemoryUsage of job (MB)
	1580412  -  ResidentSetSize of job (KB)
...
006 (34671934.000.000) 2021-09-24 23:36:28 Image size of job updated: 1630
	1630  -  MemoryUsage of job (MB)
	1669952  -  ResidentSetSize of job (KB)
...
006 (34671934.000.000) 2021-09-24 23:37:28 Image size of job updated: 1635
	1635  -  MemoryUsage of job (MB)
	1674368  -  ResidentSetSize of job (KB)
...
006 (34671934.000.000) 2021-09-24 23:38:28 Image size of job updated: 1643
	1643  -  MemoryUsage of job (MB)
	1682628  -  ResidentSetSize of job (KB)
...
006 (34671934.000.000) 2021-09-24 23:39:29 Image size of job updated: 1650
	1650  -  MemoryUsage of job (MB)
	1690580  -  ResidentSetSize of job (KB)
...
006 (34671934.000.000) 2021-09-24 23:40:30 Image size of job updated: 1656
	1656  -  MemoryUsage of job (MB)
	1696572  -  ResidentSetSize of job (KB)
...
006 (34671934.000.000) 2021-09-24 23:41:31 Image size of job updated: 1660
	1660  -  MemoryUsage of job (MB)
	1700744  -  ResidentSetSize of job (KB)
...
006 (34671934.000.000) 2021-09-24 23:42:31 Image size of job updated: 1664
	1664  -  MemoryUsage of job (MB)
	1704004  -  ResidentSetSize of job (KB)
...
006 (34671934.000.000) 2021-09-24 23:43:32 Image size of job updated: 1668
	1668  -  MemoryUsage of job (MB)
	1708608  -  ResidentSetSize of job (KB)
...
006 (34671934.000.000) 2021-09-24 23:44:33 Image size of job updated: 1671
	1671  -  MemoryUsage of job (MB)
	1711928  -  ResidentSetSize of job (KB)
...
006 (34671934.000.000) 2021-09-24 23:45:33 Image size of job updated: 1672
	1672  -  MemoryUsage of job (MB)
	1713116  -  ResidentSetSize of job (KB)
...
006 (34671934.000.000) 2021-09-24 23:46:33 Image size of job updated: 1676
	1676  -  MemoryUsage of job (MB)
	1716936  -  ResidentSetSize of job (KB)
...
006 (34671934.000.000) 2021-09-24 23:47:34 Image size of job updated: 1678
	1678  -  MemoryUsage of job (MB)
	1718616  -  ResidentSetSize of job (KB)
...
006 (34671934.000.000) 2021-09-24 23:48:34 Image size of job updated: 1682
	1682  -  MemoryUsage of job (MB)
	1722516  -  ResidentSetSize of job (KB)
...
006 (34671934.000.000) 2021-09-24 23:48:59 Image size of job updated: 1682
	1682  -  MemoryUsage of job (MB)
	1723260  -  ResidentSetSize of job (KB)
...
040 (34671934.000.000) 2021-09-24 23:48:59 Started transferring output files
...
040 (34671934.000.000) 2021-09-24 23:48:59 Finished transferring output files
...
005 (34671934.000.000) 2021-09-24 23:49:01 Job terminated.
	(1) Normal termination (return value 0)
		Usr 0 00:00:00, Sys 0 00:00:00  -  Run Remote Usage
		Usr 0 00:00:00, Sys 0 00:00:00  -  Run Local Usage
		Usr 0 00:50:38, Sys 0 00:06:28  -  Total Remote Usage
		Usr 0 00:00:00, Sys 0 00:00:00  -  Total Local Usage
	1231294  -  Run Bytes Sent By Job
	8471570  -  Run Bytes Received By Job
	1231294  -  Total Bytes Sent By Job
	8471570  -  Total Bytes Received By Job
	Partitionable Resources :    Usage  Request Allocated 
	   Cpus                 :     0.00        1         1 
	   Disk (KB)            : 16113       10000    311134 
	   Memory (MB)          :  1682        2048      2048 

	Job terminated of its own accord at 2021-09-25T04:48:59Z.
...
