000 (14656652.000.000) 2021-09-18 19:10:54 Job submitted from host: <131.225.188.55:9618?addrs=131.225.188.55-9618&alias=lpcschedd1.fnal.gov&noUDP&sock=schedd_2070_6d22>
...
040 (14656652.000.000) 2021-09-18 20:23:59 Started transferring input files
	Transferring to host: <131.225.188.25:9618?addrs=131.225.188.25-9618&alias=cmswn2025.fnal.gov&noUDP&sock=slot1_3_2023_22eb_860>
...
040 (14656652.000.000) 2021-09-18 20:23:59 Finished transferring input files
...
001 (14656652.000.000) 2021-09-18 20:24:00 Job executing on host: <131.225.188.25:9618?addrs=131.225.188.25-9618&alias=cmswn2025.fnal.gov&noUDP&sock=startd_1908_4eca>
...
006 (14656652.000.000) 2021-09-18 20:24:09 Image size of job updated: 28
	28  -  MemoryUsage of job (MB)
	29000  -  ResidentSetSize of job (KB)
...
006 (14656652.000.000) 2021-09-18 20:25:10 Image size of job updated: 439
	439  -  MemoryUsage of job (MB)
	449728  -  ResidentSetSize of job (KB)
...
006 (14656652.000.000) 2021-09-18 20:26:12 Image size of job updated: 498
	498  -  MemoryUsage of job (MB)
	510908  -  ResidentSetSize of job (KB)
...
006 (14656652.000.000) 2021-09-18 20:29:13 Image size of job updated: 516
	516  -  MemoryUsage of job (MB)
	529096  -  ResidentSetSize of job (KB)
...
006 (14656652.000.000) 2021-09-18 20:30:14 Image size of job updated: 564
	564  -  MemoryUsage of job (MB)
	578060  -  ResidentSetSize of job (KB)
...
006 (14656652.000.000) 2021-09-18 20:31:15 Image size of job updated: 613
	613  -  MemoryUsage of job (MB)
	628560  -  ResidentSetSize of job (KB)
...
006 (14656652.000.000) 2021-09-18 20:32:16 Image size of job updated: 652
	652  -  MemoryUsage of job (MB)
	667788  -  ResidentSetSize of job (KB)
...
006 (14656652.000.000) 2021-09-18 20:33:16 Image size of job updated: 691
	691  -  MemoryUsage of job (MB)
	708448  -  ResidentSetSize of job (KB)
...
006 (14656652.000.000) 2021-09-18 20:34:17 Image size of job updated: 725
	725  -  MemoryUsage of job (MB)
	742560  -  ResidentSetSize of job (KB)
...
006 (14656652.000.000) 2021-09-18 20:35:18 Image size of job updated: 756
	756  -  MemoryUsage of job (MB)
	774960  -  ResidentSetSize of job (KB)
...
006 (14656652.000.000) 2021-09-18 20:36:18 Image size of job updated: 790
	790  -  MemoryUsage of job (MB)
	809376  -  ResidentSetSize of job (KB)
...
006 (14656652.000.000) 2021-09-18 20:37:19 Image size of job updated: 818
	818  -  MemoryUsage of job (MB)
	838340  -  ResidentSetSize of job (KB)
...
006 (14656652.000.000) 2021-09-18 20:38:19 Image size of job updated: 851
	851  -  MemoryUsage of job (MB)
	871624  -  ResidentSetSize of job (KB)
...
006 (14656652.000.000) 2021-09-18 20:39:20 Image size of job updated: 877
	877  -  MemoryUsage of job (MB)
	898648  -  ResidentSetSize of job (KB)
...
006 (14656652.000.000) 2021-09-18 20:40:20 Image size of job updated: 913
	913  -  MemoryUsage of job (MB)
	935772  -  ResidentSetSize of job (KB)
...
006 (14656652.000.000) 2021-09-18 20:41:20 Image size of job updated: 942
	942  -  MemoryUsage of job (MB)
	964876  -  ResidentSetSize of job (KB)
...
006 (14656652.000.000) 2021-09-18 20:42:21 Image size of job updated: 968
	968  -  MemoryUsage of job (MB)
	991792  -  ResidentSetSize of job (KB)
...
006 (14656652.000.000) 2021-09-18 20:43:22 Image size of job updated: 991
	991  -  MemoryUsage of job (MB)
	1014844  -  ResidentSetSize of job (KB)
...
006 (14656652.000.000) 2021-09-18 20:44:23 Image size of job updated: 1017
	1017  -  MemoryUsage of job (MB)
	1041768  -  ResidentSetSize of job (KB)
...
006 (14656652.000.000) 2021-09-18 20:45:24 Image size of job updated: 1043
	1043  -  MemoryUsage of job (MB)
	1068692  -  ResidentSetSize of job (KB)
...
006 (14656652.000.000) 2021-09-18 20:46:26 Image size of job updated: 1077
	1077  -  MemoryUsage of job (MB)
	1103180  -  ResidentSetSize of job (KB)
...
006 (14656652.000.000) 2021-09-18 20:47:27 Image size of job updated: 1097
	1097  -  MemoryUsage of job (MB)
	1123964  -  ResidentSetSize of job (KB)
...
006 (14656652.000.000) 2021-09-18 20:48:27 Image size of job updated: 1119
	1119  -  MemoryUsage of job (MB)
	1146764  -  ResidentSetSize of job (KB)
...
006 (14656652.000.000) 2021-09-18 20:49:28 Image size of job updated: 1140
	1140  -  MemoryUsage of job (MB)
	1167584  -  ResidentSetSize of job (KB)
...
006 (14656652.000.000) 2021-09-18 20:50:29 Image size of job updated: 1160
	1160  -  MemoryUsage of job (MB)
	1188176  -  ResidentSetSize of job (KB)
...
006 (14656652.000.000) 2021-09-18 20:51:30 Image size of job updated: 1181
	1181  -  MemoryUsage of job (MB)
	1209968  -  ResidentSetSize of job (KB)
...
006 (14656652.000.000) 2021-09-18 20:52:30 Image size of job updated: 1200
	1200  -  MemoryUsage of job (MB)
	1229052  -  ResidentSetSize of job (KB)
...
006 (14656652.000.000) 2021-09-18 20:53:30 Image size of job updated: 1218
	1218  -  MemoryUsage of job (MB)
	1247992  -  ResidentSetSize of job (KB)
...
006 (14656652.000.000) 2021-09-18 20:54:31 Image size of job updated: 1238
	1238  -  MemoryUsage of job (MB)
	1268568  -  ResidentSetSize of job (KB)
...
006 (14656652.000.000) 2021-09-18 20:55:31 Image size of job updated: 1256
	1256  -  MemoryUsage of job (MB)
	1286572  -  ResidentSetSize of job (KB)
...
006 (14656652.000.000) 2021-09-18 20:56:32 Image size of job updated: 1274
	1274  -  MemoryUsage of job (MB)
	1305388  -  ResidentSetSize of job (KB)
...
006 (14656652.000.000) 2021-09-18 20:57:33 Image size of job updated: 1291
	1291  -  MemoryUsage of job (MB)
	1322852  -  ResidentSetSize of job (KB)
...
006 (14656652.000.000) 2021-09-18 20:58:34 Image size of job updated: 1310
	1310  -  MemoryUsage of job (MB)
	1341652  -  ResidentSetSize of job (KB)
...
006 (14656652.000.000) 2021-09-18 20:59:35 Image size of job updated: 1328
	1328  -  MemoryUsage of job (MB)
	1360112  -  ResidentSetSize of job (KB)
...
006 (14656652.000.000) 2021-09-18 21:00:36 Image size of job updated: 1344
	1344  -  MemoryUsage of job (MB)
	1376716  -  ResidentSetSize of job (KB)
...
006 (14656652.000.000) 2021-09-18 21:01:38 Image size of job updated: 1362
	1362  -  MemoryUsage of job (MB)
	1394824  -  ResidentSetSize of job (KB)
...
006 (14656652.000.000) 2021-09-18 21:02:38 Image size of job updated: 1377
	1377  -  MemoryUsage of job (MB)
	1410936  -  ResidentSetSize of job (KB)
...
006 (14656652.000.000) 2021-09-18 21:03:40 Image size of job updated: 1394
	1394  -  MemoryUsage of job (MB)
	1428240  -  ResidentSetSize of job (KB)
...
006 (14656652.000.000) 2021-09-18 21:04:40 Image size of job updated: 1409
	1409  -  MemoryUsage of job (MB)
	1443476  -  ResidentSetSize of job (KB)
...
006 (14656652.000.000) 2021-09-18 21:05:41 Image size of job updated: 1425
	1425  -  MemoryUsage of job (MB)
	1459832  -  ResidentSetSize of job (KB)
...
006 (14656652.000.000) 2021-09-18 21:06:42 Image size of job updated: 1442
	1442  -  MemoryUsage of job (MB)
	1476612  -  ResidentSetSize of job (KB)
...
006 (14656652.000.000) 2021-09-18 21:07:42 Image size of job updated: 1456
	1456  -  MemoryUsage of job (MB)
	1491208  -  ResidentSetSize of job (KB)
...
006 (14656652.000.000) 2021-09-18 21:08:43 Image size of job updated: 1472
	1472  -  MemoryUsage of job (MB)
	1507588  -  ResidentSetSize of job (KB)
...
006 (14656652.000.000) 2021-09-18 21:09:45 Image size of job updated: 1487
	1487  -  MemoryUsage of job (MB)
	1523624  -  ResidentSetSize of job (KB)
...
006 (14656652.000.000) 2021-09-18 21:10:46 Image size of job updated: 1501
	1501  -  MemoryUsage of job (MB)
	1537776  -  ResidentSetSize of job (KB)
...
006 (14656652.000.000) 2021-09-18 21:11:46 Image size of job updated: 1517
	1517  -  MemoryUsage of job (MB)
	1553536  -  ResidentSetSize of job (KB)
...
006 (14656652.000.000) 2021-09-18 21:12:46 Image size of job updated: 1530
	1530  -  MemoryUsage of job (MB)
	1567156  -  ResidentSetSize of job (KB)
...
006 (14656652.000.000) 2021-09-18 21:13:46 Image size of job updated: 1554
	1554  -  MemoryUsage of job (MB)
	1591832  -  ResidentSetSize of job (KB)
...
006 (14656652.000.000) 2021-09-18 21:14:46 Image size of job updated: 1633
	1633  -  MemoryUsage of job (MB)
	1672384  -  ResidentSetSize of job (KB)
...
006 (14656652.000.000) 2021-09-18 21:15:47 Image size of job updated: 1638
	1638  -  MemoryUsage of job (MB)
	1677936  -  ResidentSetSize of job (KB)
...
006 (14656652.000.000) 2021-09-18 21:16:49 Image size of job updated: 1641
	1641  -  MemoryUsage of job (MB)
	1680784  -  ResidentSetSize of job (KB)
...
006 (14656652.000.000) 2021-09-18 21:17:49 Image size of job updated: 1644
	1644  -  MemoryUsage of job (MB)
	1684352  -  ResidentSetSize of job (KB)
...
006 (14656652.000.000) 2021-09-18 21:18:50 Image size of job updated: 1646
	1646  -  MemoryUsage of job (MB)
	1686276  -  ResidentSetSize of job (KB)
...
006 (14656652.000.000) 2021-09-18 21:19:51 Image size of job updated: 1648
	1648  -  MemoryUsage of job (MB)
	1687828  -  ResidentSetSize of job (KB)
...
006 (14656652.000.000) 2021-09-18 21:20:52 Image size of job updated: 1649
	1649  -  MemoryUsage of job (MB)
	1689456  -  ResidentSetSize of job (KB)
...
006 (14656652.000.000) 2021-09-18 21:21:54 Image size of job updated: 1651
	1651  -  MemoryUsage of job (MB)
	1690732  -  ResidentSetSize of job (KB)
...
006 (14656652.000.000) 2021-09-18 21:22:54 Image size of job updated: 1652
	1652  -  MemoryUsage of job (MB)
	1692272  -  ResidentSetSize of job (KB)
...
006 (14656652.000.000) 2021-09-18 21:23:55 Image size of job updated: 1653
	1653  -  MemoryUsage of job (MB)
	1693536  -  ResidentSetSize of job (KB)
...
006 (14656652.000.000) 2021-09-18 21:24:55 Image size of job updated: 1655
	1655  -  MemoryUsage of job (MB)
	1694832  -  ResidentSetSize of job (KB)
...
006 (14656652.000.000) 2021-09-18 21:25:56 Image size of job updated: 1656
	1656  -  MemoryUsage of job (MB)
	1695996  -  ResidentSetSize of job (KB)
...
006 (14656652.000.000) 2021-09-18 21:26:57 Image size of job updated: 1657
	1657  -  MemoryUsage of job (MB)
	1697212  -  ResidentSetSize of job (KB)
...
006 (14656652.000.000) 2021-09-18 21:27:58 Image size of job updated: 1658
	1658  -  MemoryUsage of job (MB)
	1698412  -  ResidentSetSize of job (KB)
...
006 (14656652.000.000) 2021-09-18 21:28:59 Image size of job updated: 1659
	1659  -  MemoryUsage of job (MB)
	1699420  -  ResidentSetSize of job (KB)
...
006 (14656652.000.000) 2021-09-18 21:30:00 Image size of job updated: 1659
	1659  -  MemoryUsage of job (MB)
	1699756  -  ResidentSetSize of job (KB)
...
006 (14656652.000.000) 2021-09-18 21:31:01 Image size of job updated: 1660
	1660  -  MemoryUsage of job (MB)
	1699852  -  ResidentSetSize of job (KB)
...
006 (14656652.000.000) 2021-09-18 21:32:02 Image size of job updated: 1661
	1661  -  MemoryUsage of job (MB)
	1700956  -  ResidentSetSize of job (KB)
...
006 (14656652.000.000) 2021-09-18 21:33:02 Image size of job updated: 1663
	1663  -  MemoryUsage of job (MB)
	1702912  -  ResidentSetSize of job (KB)
...
006 (14656652.000.000) 2021-09-18 21:34:03 Image size of job updated: 1664
	1664  -  MemoryUsage of job (MB)
	1704836  -  ResidentSetSize of job (KB)
...
006 (14656652.000.000) 2021-09-18 21:35:03 Image size of job updated: 1667
	1667  -  MemoryUsage of job (MB)
	1707292  -  ResidentSetSize of job (KB)
...
006 (14656652.000.000) 2021-09-18 21:36:03 Image size of job updated: 1667
	1667  -  MemoryUsage of job (MB)
	1707728  -  ResidentSetSize of job (KB)
...
006 (14656652.000.000) 2021-09-18 21:37:04 Image size of job updated: 1668
	1668  -  MemoryUsage of job (MB)
	1708432  -  ResidentSetSize of job (KB)
...
006 (14656652.000.000) 2021-09-18 21:38:04 Image size of job updated: 1670
	1670  -  MemoryUsage of job (MB)
	1710580  -  ResidentSetSize of job (KB)
...
006 (14656652.000.000) 2021-09-18 21:39:04 Image size of job updated: 1671
	1671  -  MemoryUsage of job (MB)
	1711804  -  ResidentSetSize of job (KB)
...
006 (14656652.000.000) 2021-09-18 21:41:04 Image size of job updated: 1673
	1673  -  MemoryUsage of job (MB)
	1713284  -  ResidentSetSize of job (KB)
...
006 (14656652.000.000) 2021-09-18 21:42:05 Image size of job updated: 1674
	1674  -  MemoryUsage of job (MB)
	1715136  -  ResidentSetSize of job (KB)
...
006 (14656652.000.000) 2021-09-18 21:43:05 Image size of job updated: 1676
	1676  -  MemoryUsage of job (MB)
	1716852  -  ResidentSetSize of job (KB)
...
006 (14656652.000.000) 2021-09-18 21:44:06 Image size of job updated: 1677
	1677  -  MemoryUsage of job (MB)
	1717752  -  ResidentSetSize of job (KB)
...
006 (14656652.000.000) 2021-09-18 21:45:07 Image size of job updated: 1678
	1678  -  MemoryUsage of job (MB)
	1719032  -  ResidentSetSize of job (KB)
...
006 (14656652.000.000) 2021-09-18 21:46:07 Image size of job updated: 1679
	1679  -  MemoryUsage of job (MB)
	1720008  -  ResidentSetSize of job (KB)
...
006 (14656652.000.000) 2021-09-18 21:47:07 Image size of job updated: 1680
	1680  -  MemoryUsage of job (MB)
	1720920  -  ResidentSetSize of job (KB)
...
006 (14656652.000.000) 2021-09-18 21:48:07 Image size of job updated: 1681
	1681  -  MemoryUsage of job (MB)
	1721564  -  ResidentSetSize of job (KB)
...
006 (14656652.000.000) 2021-09-18 21:49:07 Image size of job updated: 1681
	1681  -  MemoryUsage of job (MB)
	1721572  -  ResidentSetSize of job (KB)
...
006 (14656652.000.000) 2021-09-18 21:50:08 Image size of job updated: 1681
	1681  -  MemoryUsage of job (MB)
	1721576  -  ResidentSetSize of job (KB)
...
006 (14656652.000.000) 2021-09-18 21:51:08 Image size of job updated: 1681
	1681  -  MemoryUsage of job (MB)
	1721588  -  ResidentSetSize of job (KB)
...
006 (14656652.000.000) 2021-09-18 21:52:09 Image size of job updated: 1682
	1682  -  MemoryUsage of job (MB)
	1722804  -  ResidentSetSize of job (KB)
...
006 (14656652.000.000) 2021-09-18 21:53:09 Image size of job updated: 1682
	1682  -  MemoryUsage of job (MB)
	1723080  -  ResidentSetSize of job (KB)
...
006 (14656652.000.000) 2021-09-18 21:54:09 Image size of job updated: 1683
	1683  -  MemoryUsage of job (MB)
	1723564  -  ResidentSetSize of job (KB)
...
006 (14656652.000.000) 2021-09-18 21:55:09 Image size of job updated: 1683
	1683  -  MemoryUsage of job (MB)
	1724300  -  ResidentSetSize of job (KB)
...
040 (14656652.000.000) 2021-09-18 21:55:45 Started transferring output files
...
040 (14656652.000.000) 2021-09-18 21:55:45 Finished transferring output files
...
005 (14656652.000.000) 2021-09-18 21:55:46 Job terminated.
	(1) Normal termination (return value 0)
		Usr 0 00:00:00, Sys 0 00:00:00  -  Run Remote Usage
		Usr 0 00:00:00, Sys 0 00:00:00  -  Run Local Usage
		Usr 0 00:58:37, Sys 0 00:30:18  -  Total Remote Usage
		Usr 0 00:00:00, Sys 0 00:00:00  -  Total Local Usage
	1223787  -  Run Bytes Sent By Job
	8471534  -  Run Bytes Received By Job
	1223787  -  Total Bytes Sent By Job
	8471534  -  Total Bytes Received By Job
	Partitionable Resources :    Usage  Request Allocated 
	   Cpus                 :        0        1         1 
	   Disk (KB)            :    14971    10000   1637289 
	   Memory (MB)          :     1683     2048      2048 

	Job terminated of its own accord at 2021-09-19T02:55:45Z.
...
000 (14732709.000.000) 2021-09-24 22:12:44 Job submitted from host: <131.225.188.55:9618?addrs=131.225.188.55-9618&alias=lpcschedd1.fnal.gov&noUDP&sock=schedd_2070_6d22>
...
040 (14732709.000.000) 2021-09-24 23:51:15 Started transferring input files
	Transferring to host: <131.225.190.36:9618?addrs=131.225.190.36-9618&alias=cmswn2013.fnal.gov&noUDP&sock=slot1_7_1534_9777_3420>
...
040 (14732709.000.000) 2021-09-24 23:51:16 Finished transferring input files
...
001 (14732709.000.000) 2021-09-24 23:51:17 Job executing on host: <131.225.190.36:9618?addrs=131.225.190.36-9618&alias=cmswn2013.fnal.gov&noUDP&sock=startd_1422_f3c3>
...
006 (14732709.000.000) 2021-09-24 23:51:25 Image size of job updated: 8
	8  -  MemoryUsage of job (MB)
	8760  -  ResidentSetSize of job (KB)
...
006 (14732709.000.000) 2021-09-24 23:52:26 Image size of job updated: 527
	527  -  MemoryUsage of job (MB)
	540164  -  ResidentSetSize of job (KB)
...
006 (14732709.000.000) 2021-09-24 23:56:28 Image size of job updated: 537
	537  -  MemoryUsage of job (MB)
	550016  -  ResidentSetSize of job (KB)
...
006 (14732709.000.000) 2021-09-24 23:57:29 Image size of job updated: 580
	580  -  MemoryUsage of job (MB)
	594312  -  ResidentSetSize of job (KB)
...
006 (14732709.000.000) 2021-09-24 23:58:31 Image size of job updated: 628
	628  -  MemoryUsage of job (MB)
	643332  -  ResidentSetSize of job (KB)
...
006 (14732709.000.000) 2021-09-24 23:59:31 Image size of job updated: 664
	664  -  MemoryUsage of job (MB)
	680296  -  ResidentSetSize of job (KB)
...
006 (14732709.000.000) 2021-09-25 00:00:31 Image size of job updated: 698
	698  -  MemoryUsage of job (MB)
	714916  -  ResidentSetSize of job (KB)
...
006 (14732709.000.000) 2021-09-25 00:01:32 Image size of job updated: 733
	733  -  MemoryUsage of job (MB)
	751568  -  ResidentSetSize of job (KB)
...
006 (14732709.000.000) 2021-09-25 00:02:32 Image size of job updated: 763
	763  -  MemoryUsage of job (MB)
	782124  -  ResidentSetSize of job (KB)
...
006 (14732709.000.000) 2021-09-25 00:03:34 Image size of job updated: 795
	795  -  MemoryUsage of job (MB)
	814192  -  ResidentSetSize of job (KB)
...
006 (14732709.000.000) 2021-09-25 00:04:34 Image size of job updated: 823
	823  -  MemoryUsage of job (MB)
	843020  -  ResidentSetSize of job (KB)
...
006 (14732709.000.000) 2021-09-25 00:05:34 Image size of job updated: 851
	851  -  MemoryUsage of job (MB)
	872120  -  ResidentSetSize of job (KB)
...
006 (14732709.000.000) 2021-09-25 00:06:35 Image size of job updated: 880
	880  -  MemoryUsage of job (MB)
	901184  -  ResidentSetSize of job (KB)
...
006 (14732709.000.000) 2021-09-25 00:07:36 Image size of job updated: 916
	916  -  MemoryUsage of job (MB)
	938344  -  ResidentSetSize of job (KB)
...
006 (14732709.000.000) 2021-09-25 00:08:37 Image size of job updated: 944
	944  -  MemoryUsage of job (MB)
	967288  -  ResidentSetSize of job (KB)
...
006 (14732709.000.000) 2021-09-25 00:09:37 Image size of job updated: 968
	968  -  MemoryUsage of job (MB)
	991684  -  ResidentSetSize of job (KB)
...
006 (14732709.000.000) 2021-09-25 00:10:37 Image size of job updated: 991
	991  -  MemoryUsage of job (MB)
	1014920  -  ResidentSetSize of job (KB)
...
006 (14732709.000.000) 2021-09-25 00:11:37 Image size of job updated: 1016
	1016  -  MemoryUsage of job (MB)
	1040492  -  ResidentSetSize of job (KB)
...
006 (14732709.000.000) 2021-09-25 00:12:38 Image size of job updated: 1042
	1042  -  MemoryUsage of job (MB)
	1067064  -  ResidentSetSize of job (KB)
...
006 (14732709.000.000) 2021-09-25 00:13:38 Image size of job updated: 1072
	1072  -  MemoryUsage of job (MB)
	1098440  -  ResidentSetSize of job (KB)
...
006 (14732709.000.000) 2021-09-25 00:14:38 Image size of job updated: 1095
	1095  -  MemoryUsage of job (MB)
	1121520  -  ResidentSetSize of job (KB)
...
006 (14732709.000.000) 2021-09-25 00:15:38 Image size of job updated: 1115
	1115  -  MemoryUsage of job (MB)
	1141956  -  ResidentSetSize of job (KB)
...
006 (14732709.000.000) 2021-09-25 00:16:39 Image size of job updated: 1136
	1136  -  MemoryUsage of job (MB)
	1164208  -  ResidentSetSize of job (KB)
...
006 (14732709.000.000) 2021-09-25 00:17:39 Image size of job updated: 1156
	1156  -  MemoryUsage of job (MB)
	1184524  -  ResidentSetSize of job (KB)
...
006 (14732709.000.000) 2021-09-25 00:18:39 Image size of job updated: 1175
	1175  -  MemoryUsage of job (MB)
	1203584  -  ResidentSetSize of job (KB)
...
006 (14732709.000.000) 2021-09-25 00:19:40 Image size of job updated: 1195
	1195  -  MemoryUsage of job (MB)
	1224472  -  ResidentSetSize of job (KB)
...
006 (14732709.000.000) 2021-09-25 00:20:40 Image size of job updated: 1213
	1213  -  MemoryUsage of job (MB)
	1242764  -  ResidentSetSize of job (KB)
...
006 (14732709.000.000) 2021-09-25 00:21:41 Image size of job updated: 1233
	1233  -  MemoryUsage of job (MB)
	1262920  -  ResidentSetSize of job (KB)
...
006 (14732709.000.000) 2021-09-25 00:22:42 Image size of job updated: 1250
	1250  -  MemoryUsage of job (MB)
	1280692  -  ResidentSetSize of job (KB)
...
006 (14732709.000.000) 2021-09-25 00:23:43 Image size of job updated: 1269
	1269  -  MemoryUsage of job (MB)
	1299772  -  ResidentSetSize of job (KB)
...
006 (14732709.000.000) 2021-09-25 00:24:43 Image size of job updated: 1286
	1286  -  MemoryUsage of job (MB)
	1316972  -  ResidentSetSize of job (KB)
...
006 (14732709.000.000) 2021-09-25 00:25:44 Image size of job updated: 1302
	1302  -  MemoryUsage of job (MB)
	1334020  -  ResidentSetSize of job (KB)
...
006 (14732709.000.000) 2021-09-25 00:26:45 Image size of job updated: 1320
	1320  -  MemoryUsage of job (MB)
	1352676  -  ResidentSetSize of job (KB)
...
006 (14732709.000.000) 2021-09-25 00:27:45 Image size of job updated: 1337
	1337  -  MemoryUsage of job (MB)
	1369124  -  ResidentSetSize of job (KB)
...
006 (14732709.000.000) 2021-09-25 00:28:45 Image size of job updated: 1352
	1352  -  MemoryUsage of job (MB)
	1385444  -  ResidentSetSize of job (KB)
...
006 (14732709.000.000) 2021-09-25 00:29:46 Image size of job updated: 1370
	1370  -  MemoryUsage of job (MB)
	1403308  -  ResidentSetSize of job (KB)
...
006 (14732709.000.000) 2021-09-25 00:30:46 Image size of job updated: 1385
	1385  -  MemoryUsage of job (MB)
	1419008  -  ResidentSetSize of job (KB)
...
006 (14732709.000.000) 2021-09-25 00:31:47 Image size of job updated: 1402
	1402  -  MemoryUsage of job (MB)
	1436196  -  ResidentSetSize of job (KB)
...
006 (14732709.000.000) 2021-09-25 00:32:48 Image size of job updated: 1417
	1417  -  MemoryUsage of job (MB)
	1451296  -  ResidentSetSize of job (KB)
...
006 (14732709.000.000) 2021-09-25 00:33:50 Image size of job updated: 1433
	1433  -  MemoryUsage of job (MB)
	1468112  -  ResidentSetSize of job (KB)
...
006 (14732709.000.000) 2021-09-25 00:34:50 Image size of job updated: 1448
	1448  -  MemoryUsage of job (MB)
	1483008  -  ResidentSetSize of job (KB)
...
006 (14732709.000.000) 2021-09-25 00:35:50 Image size of job updated: 1462
	1462  -  MemoryUsage of job (MB)
	1497832  -  ResidentSetSize of job (KB)
...
006 (14732709.000.000) 2021-09-25 00:36:51 Image size of job updated: 1478
	1478  -  MemoryUsage of job (MB)
	1514004  -  ResidentSetSize of job (KB)
...
006 (14732709.000.000) 2021-09-25 00:37:51 Image size of job updated: 1492
	1492  -  MemoryUsage of job (MB)
	1528532  -  ResidentSetSize of job (KB)
...
006 (14732709.000.000) 2021-09-25 00:38:51 Image size of job updated: 1506
	1506  -  MemoryUsage of job (MB)
	1542872  -  ResidentSetSize of job (KB)
...
006 (14732709.000.000) 2021-09-25 00:39:51 Image size of job updated: 1522
	1522  -  MemoryUsage of job (MB)
	1558804  -  ResidentSetSize of job (KB)
...
006 (14732709.000.000) 2021-09-25 00:40:51 Image size of job updated: 1536
	1536  -  MemoryUsage of job (MB)
	1573124  -  ResidentSetSize of job (KB)
...
006 (14732709.000.000) 2021-09-25 00:41:52 Image size of job updated: 1621
	1621  -  MemoryUsage of job (MB)
	1660816  -  ResidentSetSize of job (KB)
...
006 (14732709.000.000) 2021-09-25 00:42:52 Image size of job updated: 1629
	1629  -  MemoryUsage of job (MB)
	1668420  -  ResidentSetSize of job (KB)
...
006 (14732709.000.000) 2021-09-25 00:43:53 Image size of job updated: 1635
	1635  -  MemoryUsage of job (MB)
	1675016  -  ResidentSetSize of job (KB)
...
006 (14732709.000.000) 2021-09-25 00:44:53 Image size of job updated: 1637
	1637  -  MemoryUsage of job (MB)
	1676824  -  ResidentSetSize of job (KB)
...
006 (14732709.000.000) 2021-09-25 00:45:54 Image size of job updated: 1638
	1638  -  MemoryUsage of job (MB)
	1677652  -  ResidentSetSize of job (KB)
...
006 (14732709.000.000) 2021-09-25 00:46:54 Image size of job updated: 1638
	1638  -  MemoryUsage of job (MB)
	1677768  -  ResidentSetSize of job (KB)
...
006 (14732709.000.000) 2021-09-25 00:47:55 Image size of job updated: 1638
	1638  -  MemoryUsage of job (MB)
	1678252  -  ResidentSetSize of job (KB)
...
006 (14732709.000.000) 2021-09-25 00:48:55 Image size of job updated: 1639
	1639  -  MemoryUsage of job (MB)
	1678568  -  ResidentSetSize of job (KB)
...
006 (14732709.000.000) 2021-09-25 00:49:56 Image size of job updated: 1639
	1639  -  MemoryUsage of job (MB)
	1679340  -  ResidentSetSize of job (KB)
...
006 (14732709.000.000) 2021-09-25 00:50:56 Image size of job updated: 1640
	1640  -  MemoryUsage of job (MB)
	1679744  -  ResidentSetSize of job (KB)
...
006 (14732709.000.000) 2021-09-25 00:51:57 Image size of job updated: 1641
	1641  -  MemoryUsage of job (MB)
	1680484  -  ResidentSetSize of job (KB)
...
006 (14732709.000.000) 2021-09-25 00:52:57 Image size of job updated: 1641
	1641  -  MemoryUsage of job (MB)
	1680896  -  ResidentSetSize of job (KB)
...
006 (14732709.000.000) 2021-09-25 00:53:58 Image size of job updated: 1641
	1641  -  MemoryUsage of job (MB)
	1681288  -  ResidentSetSize of job (KB)
...
006 (14732709.000.000) 2021-09-25 00:54:59 Image size of job updated: 1642
	1642  -  MemoryUsage of job (MB)
	1681656  -  ResidentSetSize of job (KB)
...
006 (14732709.000.000) 2021-09-25 00:55:59 Image size of job updated: 1642
	1642  -  MemoryUsage of job (MB)
	1682420  -  ResidentSetSize of job (KB)
...
006 (14732709.000.000) 2021-09-25 00:56:59 Image size of job updated: 1645
	1645  -  MemoryUsage of job (MB)
	1684880  -  ResidentSetSize of job (KB)
...
006 (14732709.000.000) 2021-09-25 00:58:00 Image size of job updated: 1647
	1647  -  MemoryUsage of job (MB)
	1687244  -  ResidentSetSize of job (KB)
...
006 (14732709.000.000) 2021-09-25 00:59:01 Image size of job updated: 1648
	1648  -  MemoryUsage of job (MB)
	1688356  -  ResidentSetSize of job (KB)
...
006 (14732709.000.000) 2021-09-25 01:00:01 Image size of job updated: 1650
	1650  -  MemoryUsage of job (MB)
	1689672  -  ResidentSetSize of job (KB)
...
006 (14732709.000.000) 2021-09-25 01:01:02 Image size of job updated: 1652
	1652  -  MemoryUsage of job (MB)
	1691784  -  ResidentSetSize of job (KB)
...
006 (14732709.000.000) 2021-09-25 01:02:02 Image size of job updated: 1653
	1653  -  MemoryUsage of job (MB)
	1692732  -  ResidentSetSize of job (KB)
...
006 (14732709.000.000) 2021-09-25 01:03:03 Image size of job updated: 1653
	1653  -  MemoryUsage of job (MB)
	1693396  -  ResidentSetSize of job (KB)
...
006 (14732709.000.000) 2021-09-25 01:04:04 Image size of job updated: 1654
	1654  -  MemoryUsage of job (MB)
	1694680  -  ResidentSetSize of job (KB)
...
006 (14732709.000.000) 2021-09-25 01:05:04 Image size of job updated: 1655
	1655  -  MemoryUsage of job (MB)
	1694820  -  ResidentSetSize of job (KB)
...
006 (14732709.000.000) 2021-09-25 01:06:05 Image size of job updated: 1655
	1655  -  MemoryUsage of job (MB)
	1694936  -  ResidentSetSize of job (KB)
...
006 (14732709.000.000) 2021-09-25 01:07:05 Image size of job updated: 1655
	1655  -  MemoryUsage of job (MB)
	1695092  -  ResidentSetSize of job (KB)
...
006 (14732709.000.000) 2021-09-25 01:08:05 Image size of job updated: 1655
	1655  -  MemoryUsage of job (MB)
	1695372  -  ResidentSetSize of job (KB)
...
006 (14732709.000.000) 2021-09-25 01:09:06 Image size of job updated: 1656
	1656  -  MemoryUsage of job (MB)
	1696624  -  ResidentSetSize of job (KB)
...
006 (14732709.000.000) 2021-09-25 01:10:07 Image size of job updated: 1658
	1658  -  MemoryUsage of job (MB)
	1697808  -  ResidentSetSize of job (KB)
...
006 (14732709.000.000) 2021-09-25 01:11:07 Image size of job updated: 1659
	1659  -  MemoryUsage of job (MB)
	1698988  -  ResidentSetSize of job (KB)
...
006 (14732709.000.000) 2021-09-25 01:12:07 Image size of job updated: 1659
	1659  -  MemoryUsage of job (MB)
	1699496  -  ResidentSetSize of job (KB)
...
006 (14732709.000.000) 2021-09-25 01:13:07 Image size of job updated: 1660
	1660  -  MemoryUsage of job (MB)
	1699896  -  ResidentSetSize of job (KB)
...
006 (14732709.000.000) 2021-09-25 01:14:08 Image size of job updated: 1660
	1660  -  MemoryUsage of job (MB)
	1700428  -  ResidentSetSize of job (KB)
...
006 (14732709.000.000) 2021-09-25 01:15:09 Image size of job updated: 1661
	1661  -  MemoryUsage of job (MB)
	1701092  -  ResidentSetSize of job (KB)
...
006 (14732709.000.000) 2021-09-25 01:16:09 Image size of job updated: 1661
	1661  -  MemoryUsage of job (MB)
	1701640  -  ResidentSetSize of job (KB)
...
006 (14732709.000.000) 2021-09-25 01:17:09 Image size of job updated: 1662
	1662  -  MemoryUsage of job (MB)
	1702076  -  ResidentSetSize of job (KB)
...
006 (14732709.000.000) 2021-09-25 01:18:10 Image size of job updated: 1662
	1662  -  MemoryUsage of job (MB)
	1702232  -  ResidentSetSize of job (KB)
...
006 (14732709.000.000) 2021-09-25 01:19:11 Image size of job updated: 1662
	1662  -  MemoryUsage of job (MB)
	1702404  -  ResidentSetSize of job (KB)
...
006 (14732709.000.000) 2021-09-25 01:20:12 Image size of job updated: 1662
	1662  -  MemoryUsage of job (MB)
	1702632  -  ResidentSetSize of job (KB)
...
006 (14732709.000.000) 2021-09-25 01:21:13 Image size of job updated: 1662
	1662  -  MemoryUsage of job (MB)
	1702688  -  ResidentSetSize of job (KB)
...
006 (14732709.000.000) 2021-09-25 01:22:14 Image size of job updated: 1662
	1662  -  MemoryUsage of job (MB)
	1702720  -  ResidentSetSize of job (KB)
...
006 (14732709.000.000) 2021-09-25 01:23:14 Image size of job updated: 1662
	1662  -  MemoryUsage of job (MB)
	1702848  -  ResidentSetSize of job (KB)
...
006 (14732709.000.000) 2021-09-25 01:24:15 Image size of job updated: 1663
	1663  -  MemoryUsage of job (MB)
	1702920  -  ResidentSetSize of job (KB)
...
006 (14732709.000.000) 2021-09-25 01:25:16 Image size of job updated: 1664
	1664  -  MemoryUsage of job (MB)
	1704124  -  ResidentSetSize of job (KB)
...
006 (14732709.000.000) 2021-09-25 01:26:17 Image size of job updated: 1665
	1665  -  MemoryUsage of job (MB)
	1705232  -  ResidentSetSize of job (KB)
...
006 (14732709.000.000) 2021-09-25 01:27:18 Image size of job updated: 1665
	1665  -  MemoryUsage of job (MB)
	1705312  -  ResidentSetSize of job (KB)
...
006 (14732709.000.000) 2021-09-25 01:28:20 Image size of job updated: 1667
	1667  -  MemoryUsage of job (MB)
	1707128  -  ResidentSetSize of job (KB)
...
006 (14732709.000.000) 2021-09-25 01:29:20 Image size of job updated: 1667
	1667  -  MemoryUsage of job (MB)
	1707500  -  ResidentSetSize of job (KB)
...
006 (14732709.000.000) 2021-09-25 01:30:20 Image size of job updated: 1667
	1667  -  MemoryUsage of job (MB)
	1707512  -  ResidentSetSize of job (KB)
...
006 (14732709.000.000) 2021-09-25 01:31:21 Image size of job updated: 1667
	1667  -  MemoryUsage of job (MB)
	1707520  -  ResidentSetSize of job (KB)
...
006 (14732709.000.000) 2021-09-25 01:32:22 Image size of job updated: 1667
	1667  -  MemoryUsage of job (MB)
	1707528  -  ResidentSetSize of job (KB)
...
006 (14732709.000.000) 2021-09-25 01:33:23 Image size of job updated: 1667
	1667  -  MemoryUsage of job (MB)
	1707532  -  ResidentSetSize of job (KB)
...
006 (14732709.000.000) 2021-09-25 01:34:24 Image size of job updated: 1667
	1667  -  MemoryUsage of job (MB)
	1707584  -  ResidentSetSize of job (KB)
...
006 (14732709.000.000) 2021-09-25 01:36:25 Image size of job updated: 1667
	1667  -  MemoryUsage of job (MB)
	1707592  -  ResidentSetSize of job (KB)
...
006 (14732709.000.000) 2021-09-25 01:38:25 Image size of job updated: 1669
	1669  -  MemoryUsage of job (MB)
	1710044  -  ResidentSetSize of job (KB)
...
006 (14732709.000.000) 2021-09-25 01:39:25 Image size of job updated: 1671
	1671  -  MemoryUsage of job (MB)
	1711212  -  ResidentSetSize of job (KB)
...
006 (14732709.000.000) 2021-09-25 01:40:25 Image size of job updated: 1672
	1672  -  MemoryUsage of job (MB)
	1712368  -  ResidentSetSize of job (KB)
...
006 (14732709.000.000) 2021-09-25 01:41:25 Image size of job updated: 1673
	1673  -  MemoryUsage of job (MB)
	1713424  -  ResidentSetSize of job (KB)
...
006 (14732709.000.000) 2021-09-25 01:42:26 Image size of job updated: 1673
	1673  -  MemoryUsage of job (MB)
	1713900  -  ResidentSetSize of job (KB)
...
006 (14732709.000.000) 2021-09-25 01:43:26 Image size of job updated: 1674
	1674  -  MemoryUsage of job (MB)
	1714588  -  ResidentSetSize of job (KB)
...
006 (14732709.000.000) 2021-09-25 01:44:27 Image size of job updated: 1675
	1675  -  MemoryUsage of job (MB)
	1715484  -  ResidentSetSize of job (KB)
...
006 (14732709.000.000) 2021-09-25 01:45:27 Image size of job updated: 1675
	1675  -  MemoryUsage of job (MB)
	1716012  -  ResidentSetSize of job (KB)
...
006 (14732709.000.000) 2021-09-25 01:46:28 Image size of job updated: 1676
	1676  -  MemoryUsage of job (MB)
	1716296  -  ResidentSetSize of job (KB)
...
006 (14732709.000.000) 2021-09-25 01:48:29 Image size of job updated: 1676
	1676  -  MemoryUsage of job (MB)
	1716300  -  ResidentSetSize of job (KB)
...
006 (14732709.000.000) 2021-09-25 01:49:30 Image size of job updated: 1676
	1676  -  MemoryUsage of job (MB)
	1716928  -  ResidentSetSize of job (KB)
...
006 (14732709.000.000) 2021-09-25 01:50:30 Image size of job updated: 1677
	1677  -  MemoryUsage of job (MB)
	1717724  -  ResidentSetSize of job (KB)
...
006 (14732709.000.000) 2021-09-25 01:51:30 Image size of job updated: 1678
	1678  -  MemoryUsage of job (MB)
	1718524  -  ResidentSetSize of job (KB)
...
006 (14732709.000.000) 2021-09-25 01:52:31 Image size of job updated: 1678
	1678  -  MemoryUsage of job (MB)
	1718888  -  ResidentSetSize of job (KB)
...
006 (14732709.000.000) 2021-09-25 01:53:32 Image size of job updated: 1679
	1679  -  MemoryUsage of job (MB)
	1719668  -  ResidentSetSize of job (KB)
...
006 (14732709.000.000) 2021-09-25 01:56:34 Image size of job updated: 1679
	1679  -  MemoryUsage of job (MB)
	1719688  -  ResidentSetSize of job (KB)
...
006 (14732709.000.000) 2021-09-25 01:57:35 Image size of job updated: 1679
	1679  -  MemoryUsage of job (MB)
	1719776  -  ResidentSetSize of job (KB)
...
006 (14732709.000.000) 2021-09-25 01:58:35 Image size of job updated: 1680
	1680  -  MemoryUsage of job (MB)
	1721100  -  ResidentSetSize of job (KB)
...
006 (14732709.000.000) 2021-09-25 01:59:35 Image size of job updated: 1681
	1681  -  MemoryUsage of job (MB)
	1722048  -  ResidentSetSize of job (KB)
...
006 (14732709.000.000) 2021-09-25 02:00:36 Image size of job updated: 1682
	1682  -  MemoryUsage of job (MB)
	1722676  -  ResidentSetSize of job (KB)
...
006 (14732709.000.000) 2021-09-25 02:01:37 Image size of job updated: 1682
	1682  -  MemoryUsage of job (MB)
	1723060  -  ResidentSetSize of job (KB)
...
006 (14732709.000.000) 2021-09-25 02:02:31 Image size of job updated: 1683
	1683  -  MemoryUsage of job (MB)
	1723416  -  ResidentSetSize of job (KB)
...
040 (14732709.000.000) 2021-09-25 02:02:31 Started transferring output files
...
040 (14732709.000.000) 2021-09-25 02:02:31 Finished transferring output files
...
005 (14732709.000.000) 2021-09-25 02:02:34 Job terminated.
	(1) Normal termination (return value 0)
		Usr 0 00:55:34, Sys 0 01:13:25  -  Run Remote Usage
		Usr 0 00:00:00, Sys 0 00:00:00  -  Run Local Usage
		Usr 0 00:55:34, Sys 0 01:13:25  -  Total Remote Usage
		Usr 0 00:00:00, Sys 0 00:00:00  -  Total Local Usage
	1231268  -  Run Bytes Sent By Job
	8471570  -  Run Bytes Received By Job
	1231268  -  Total Bytes Sent By Job
	8471570  -  Total Bytes Received By Job
	Partitionable Resources :    Usage  Request Allocated 
	   Cpus                 :     0.00        1         1 
	   Disk (KB)            : 15831       10000    791033 
	   Memory (MB)          :  1683        2048      2048 

	Job terminated of its own accord at 2021-09-25T07:02:31Z.
...
