000 (14656690.000.000) 2021-09-18 19:11:06 Job submitted from host: <131.225.188.55:9618?addrs=131.225.188.55-9618&alias=lpcschedd1.fnal.gov&noUDP&sock=schedd_2070_6d22>
...
040 (14656690.000.000) 2021-09-18 20:28:04 Started transferring input files
	Transferring to host: <131.225.188.21:9618?addrs=131.225.188.21-9618&alias=cmswn2023.fnal.gov&noUDP&sock=slot1_11_2067_236d_662>
...
040 (14656690.000.000) 2021-09-18 20:28:04 Finished transferring input files
...
001 (14656690.000.000) 2021-09-18 20:28:05 Job executing on host: <131.225.188.21:9618?addrs=131.225.188.21-9618&alias=cmswn2023.fnal.gov&noUDP&sock=startd_1918_2abc>
...
006 (14656690.000.000) 2021-09-18 20:28:15 Image size of job updated: 24
	24  -  MemoryUsage of job (MB)
	24980  -  ResidentSetSize of job (KB)
...
006 (14656690.000.000) 2021-09-18 20:29:16 Image size of job updated: 484
	484  -  MemoryUsage of job (MB)
	495848  -  ResidentSetSize of job (KB)
...
006 (14656690.000.000) 2021-09-18 20:30:18 Image size of job updated: 555
	555  -  MemoryUsage of job (MB)
	568852  -  ResidentSetSize of job (KB)
...
006 (14656690.000.000) 2021-09-18 20:34:23 Image size of job updated: 574
	574  -  MemoryUsage of job (MB)
	588752  -  ResidentSetSize of job (KB)
...
006 (14656690.000.000) 2021-09-18 20:35:24 Image size of job updated: 623
	623  -  MemoryUsage of job (MB)
	638404  -  ResidentSetSize of job (KB)
...
006 (14656690.000.000) 2021-09-18 20:36:26 Image size of job updated: 664
	664  -  MemoryUsage of job (MB)
	679948  -  ResidentSetSize of job (KB)
...
006 (14656690.000.000) 2021-09-18 20:37:26 Image size of job updated: 700
	700  -  MemoryUsage of job (MB)
	717720  -  ResidentSetSize of job (KB)
...
006 (14656690.000.000) 2021-09-18 20:38:27 Image size of job updated: 735
	735  -  MemoryUsage of job (MB)
	753348  -  ResidentSetSize of job (KB)
...
006 (14656690.000.000) 2021-09-18 20:39:27 Image size of job updated: 768
	768  -  MemoryUsage of job (MB)
	786868  -  ResidentSetSize of job (KB)
...
006 (14656690.000.000) 2021-09-18 20:40:27 Image size of job updated: 797
	797  -  MemoryUsage of job (MB)
	816860  -  ResidentSetSize of job (KB)
...
006 (14656690.000.000) 2021-09-18 20:41:27 Image size of job updated: 826
	826  -  MemoryUsage of job (MB)
	846600  -  ResidentSetSize of job (KB)
...
006 (14656690.000.000) 2021-09-18 20:42:27 Image size of job updated: 855
	855  -  MemoryUsage of job (MB)
	876192  -  ResidentSetSize of job (KB)
...
006 (14656690.000.000) 2021-09-18 20:43:27 Image size of job updated: 895
	895  -  MemoryUsage of job (MB)
	916924  -  ResidentSetSize of job (KB)
...
006 (14656690.000.000) 2021-09-18 20:44:28 Image size of job updated: 923
	923  -  MemoryUsage of job (MB)
	946024  -  ResidentSetSize of job (KB)
...
006 (14656690.000.000) 2021-09-18 20:45:29 Image size of job updated: 947
	947  -  MemoryUsage of job (MB)
	970020  -  ResidentSetSize of job (KB)
...
006 (14656690.000.000) 2021-09-18 20:46:29 Image size of job updated: 973
	973  -  MemoryUsage of job (MB)
	996752  -  ResidentSetSize of job (KB)
...
006 (14656690.000.000) 2021-09-18 20:47:30 Image size of job updated: 997
	997  -  MemoryUsage of job (MB)
	1021760  -  ResidentSetSize of job (KB)
...
006 (14656690.000.000) 2021-09-18 20:48:30 Image size of job updated: 1025
	1025  -  MemoryUsage of job (MB)
	1049732  -  ResidentSetSize of job (KB)
...
006 (14656690.000.000) 2021-09-18 20:49:30 Image size of job updated: 1048
	1048  -  MemoryUsage of job (MB)
	1073316  -  ResidentSetSize of job (KB)
...
006 (14656690.000.000) 2021-09-18 20:50:31 Image size of job updated: 1079
	1079  -  MemoryUsage of job (MB)
	1105096  -  ResidentSetSize of job (KB)
...
006 (14656690.000.000) 2021-09-18 20:51:32 Image size of job updated: 1101
	1101  -  MemoryUsage of job (MB)
	1127516  -  ResidentSetSize of job (KB)
...
006 (14656690.000.000) 2021-09-18 20:52:33 Image size of job updated: 1122
	1122  -  MemoryUsage of job (MB)
	1149740  -  ResidentSetSize of job (KB)
...
006 (14656690.000.000) 2021-09-18 20:53:35 Image size of job updated: 1144
	1144  -  MemoryUsage of job (MB)
	1171904  -  ResidentSetSize of job (KB)
...
006 (14656690.000.000) 2021-09-18 20:54:36 Image size of job updated: 1164
	1164  -  MemoryUsage of job (MB)
	1192180  -  ResidentSetSize of job (KB)
...
006 (14656690.000.000) 2021-09-18 20:55:37 Image size of job updated: 1184
	1184  -  MemoryUsage of job (MB)
	1212680  -  ResidentSetSize of job (KB)
...
006 (14656690.000.000) 2021-09-18 20:56:38 Image size of job updated: 1204
	1204  -  MemoryUsage of job (MB)
	1233372  -  ResidentSetSize of job (KB)
...
006 (14656690.000.000) 2021-09-18 20:57:40 Image size of job updated: 1224
	1224  -  MemoryUsage of job (MB)
	1253820  -  ResidentSetSize of job (KB)
...
006 (14656690.000.000) 2021-09-18 20:58:41 Image size of job updated: 1242
	1242  -  MemoryUsage of job (MB)
	1271836  -  ResidentSetSize of job (KB)
...
006 (14656690.000.000) 2021-09-18 20:59:41 Image size of job updated: 1259
	1259  -  MemoryUsage of job (MB)
	1289800  -  ResidentSetSize of job (KB)
...
006 (14656690.000.000) 2021-09-18 21:00:41 Image size of job updated: 1278
	1278  -  MemoryUsage of job (MB)
	1309024  -  ResidentSetSize of job (KB)
...
006 (14656690.000.000) 2021-09-18 21:01:41 Image size of job updated: 1294
	1294  -  MemoryUsage of job (MB)
	1326036  -  ResidentSetSize of job (KB)
...
006 (14656690.000.000) 2021-09-18 21:02:42 Image size of job updated: 1313
	1313  -  MemoryUsage of job (MB)
	1345012  -  ResidentSetSize of job (KB)
...
006 (14656690.000.000) 2021-09-18 21:03:43 Image size of job updated: 1329
	1329  -  MemoryUsage of job (MB)
	1361316  -  ResidentSetSize of job (KB)
...
006 (14656690.000.000) 2021-09-18 21:04:44 Image size of job updated: 1347
	1347  -  MemoryUsage of job (MB)
	1379988  -  ResidentSetSize of job (KB)
...
006 (14656690.000.000) 2021-09-18 21:05:45 Image size of job updated: 1363
	1363  -  MemoryUsage of job (MB)
	1395948  -  ResidentSetSize of job (KB)
...
006 (14656690.000.000) 2021-09-18 21:06:45 Image size of job updated: 1380
	1380  -  MemoryUsage of job (MB)
	1413604  -  ResidentSetSize of job (KB)
...
006 (14656690.000.000) 2021-09-18 21:07:45 Image size of job updated: 1395
	1395  -  MemoryUsage of job (MB)
	1429428  -  ResidentSetSize of job (KB)
...
006 (14656690.000.000) 2021-09-18 21:08:46 Image size of job updated: 1412
	1412  -  MemoryUsage of job (MB)
	1446704  -  ResidentSetSize of job (KB)
...
006 (14656690.000.000) 2021-09-18 21:09:46 Image size of job updated: 1427
	1427  -  MemoryUsage of job (MB)
	1461924  -  ResidentSetSize of job (KB)
...
006 (14656690.000.000) 2021-09-18 21:10:47 Image size of job updated: 1443
	1443  -  MemoryUsage of job (MB)
	1478184  -  ResidentSetSize of job (KB)
...
006 (14656690.000.000) 2021-09-18 21:11:48 Image size of job updated: 1459
	1459  -  MemoryUsage of job (MB)
	1494540  -  ResidentSetSize of job (KB)
...
006 (14656690.000.000) 2021-09-18 21:12:49 Image size of job updated: 1474
	1474  -  MemoryUsage of job (MB)
	1509380  -  ResidentSetSize of job (KB)
...
006 (14656690.000.000) 2021-09-18 21:13:49 Image size of job updated: 1490
	1490  -  MemoryUsage of job (MB)
	1525976  -  ResidentSetSize of job (KB)
...
006 (14656690.000.000) 2021-09-18 21:14:50 Image size of job updated: 1504
	1504  -  MemoryUsage of job (MB)
	1540608  -  ResidentSetSize of job (KB)
...
006 (14656690.000.000) 2021-09-18 21:15:51 Image size of job updated: 1520
	1520  -  MemoryUsage of job (MB)
	1556672  -  ResidentSetSize of job (KB)
...
006 (14656690.000.000) 2021-09-18 21:16:51 Image size of job updated: 1534
	1534  -  MemoryUsage of job (MB)
	1570936  -  ResidentSetSize of job (KB)
...
006 (14656690.000.000) 2021-09-18 21:17:51 Image size of job updated: 1618
	1618  -  MemoryUsage of job (MB)
	1657556  -  ResidentSetSize of job (KB)
...
006 (14656690.000.000) 2021-09-18 21:18:52 Image size of job updated: 1628
	1628  -  MemoryUsage of job (MB)
	1667888  -  ResidentSetSize of job (KB)
...
006 (14656690.000.000) 2021-09-18 21:19:52 Image size of job updated: 1632
	1632  -  MemoryUsage of job (MB)
	1671740  -  ResidentSetSize of job (KB)
...
006 (14656690.000.000) 2021-09-18 21:20:52 Image size of job updated: 1635
	1635  -  MemoryUsage of job (MB)
	1674584  -  ResidentSetSize of job (KB)
...
006 (14656690.000.000) 2021-09-18 21:21:53 Image size of job updated: 1637
	1637  -  MemoryUsage of job (MB)
	1676632  -  ResidentSetSize of job (KB)
...
006 (14656690.000.000) 2021-09-18 21:22:54 Image size of job updated: 1639
	1639  -  MemoryUsage of job (MB)
	1678664  -  ResidentSetSize of job (KB)
...
006 (14656690.000.000) 2021-09-18 21:23:56 Image size of job updated: 1640
	1640  -  MemoryUsage of job (MB)
	1679620  -  ResidentSetSize of job (KB)
...
006 (14656690.000.000) 2021-09-18 21:24:56 Image size of job updated: 1641
	1641  -  MemoryUsage of job (MB)
	1680692  -  ResidentSetSize of job (KB)
...
006 (14656690.000.000) 2021-09-18 21:25:57 Image size of job updated: 1641
	1641  -  MemoryUsage of job (MB)
	1681300  -  ResidentSetSize of job (KB)
...
006 (14656690.000.000) 2021-09-18 21:26:58 Image size of job updated: 1643
	1643  -  MemoryUsage of job (MB)
	1682604  -  ResidentSetSize of job (KB)
...
006 (14656690.000.000) 2021-09-18 21:27:59 Image size of job updated: 1643
	1643  -  MemoryUsage of job (MB)
	1683296  -  ResidentSetSize of job (KB)
...
006 (14656690.000.000) 2021-09-18 21:29:00 Image size of job updated: 1644
	1644  -  MemoryUsage of job (MB)
	1684040  -  ResidentSetSize of job (KB)
...
006 (14656690.000.000) 2021-09-18 21:30:00 Image size of job updated: 1645
	1645  -  MemoryUsage of job (MB)
	1684580  -  ResidentSetSize of job (KB)
...
006 (14656690.000.000) 2021-09-18 21:31:01 Image size of job updated: 1645
	1645  -  MemoryUsage of job (MB)
	1685444  -  ResidentSetSize of job (KB)
...
006 (14656690.000.000) 2021-09-18 21:32:01 Image size of job updated: 1646
	1646  -  MemoryUsage of job (MB)
	1685928  -  ResidentSetSize of job (KB)
...
006 (14656690.000.000) 2021-09-18 21:33:02 Image size of job updated: 1647
	1647  -  MemoryUsage of job (MB)
	1686596  -  ResidentSetSize of job (KB)
...
006 (14656690.000.000) 2021-09-18 21:34:03 Image size of job updated: 1647
	1647  -  MemoryUsage of job (MB)
	1687216  -  ResidentSetSize of job (KB)
...
006 (14656690.000.000) 2021-09-18 21:35:04 Image size of job updated: 1648
	1648  -  MemoryUsage of job (MB)
	1687640  -  ResidentSetSize of job (KB)
...
006 (14656690.000.000) 2021-09-18 21:36:04 Image size of job updated: 1648
	1648  -  MemoryUsage of job (MB)
	1688288  -  ResidentSetSize of job (KB)
...
006 (14656690.000.000) 2021-09-18 21:37:04 Image size of job updated: 1648
	1648  -  MemoryUsage of job (MB)
	1688572  -  ResidentSetSize of job (KB)
...
006 (14656690.000.000) 2021-09-18 21:38:04 Image size of job updated: 1649
	1649  -  MemoryUsage of job (MB)
	1688748  -  ResidentSetSize of job (KB)
...
006 (14656690.000.000) 2021-09-18 21:39:06 Image size of job updated: 1649
	1649  -  MemoryUsage of job (MB)
	1689052  -  ResidentSetSize of job (KB)
...
006 (14656690.000.000) 2021-09-18 21:40:08 Image size of job updated: 1649
	1649  -  MemoryUsage of job (MB)
	1689528  -  ResidentSetSize of job (KB)
...
006 (14656690.000.000) 2021-09-18 21:41:08 Image size of job updated: 1650
	1650  -  MemoryUsage of job (MB)
	1689952  -  ResidentSetSize of job (KB)
...
006 (14656690.000.000) 2021-09-18 21:42:08 Image size of job updated: 1650
	1650  -  MemoryUsage of job (MB)
	1690404  -  ResidentSetSize of job (KB)
...
006 (14656690.000.000) 2021-09-18 21:43:09 Image size of job updated: 1651
	1651  -  MemoryUsage of job (MB)
	1690872  -  ResidentSetSize of job (KB)
...
006 (14656690.000.000) 2021-09-18 21:44:11 Image size of job updated: 1651
	1651  -  MemoryUsage of job (MB)
	1691336  -  ResidentSetSize of job (KB)
...
006 (14656690.000.000) 2021-09-18 21:45:12 Image size of job updated: 1652
	1652  -  MemoryUsage of job (MB)
	1691732  -  ResidentSetSize of job (KB)
...
006 (14656690.000.000) 2021-09-18 21:46:13 Image size of job updated: 1652
	1652  -  MemoryUsage of job (MB)
	1691880  -  ResidentSetSize of job (KB)
...
006 (14656690.000.000) 2021-09-18 21:47:14 Image size of job updated: 1652
	1652  -  MemoryUsage of job (MB)
	1692136  -  ResidentSetSize of job (KB)
...
006 (14656690.000.000) 2021-09-18 21:48:16 Image size of job updated: 1652
	1652  -  MemoryUsage of job (MB)
	1692596  -  ResidentSetSize of job (KB)
...
006 (14656690.000.000) 2021-09-18 21:49:17 Image size of job updated: 1653
	1653  -  MemoryUsage of job (MB)
	1692828  -  ResidentSetSize of job (KB)
...
006 (14656690.000.000) 2021-09-18 21:50:18 Image size of job updated: 1653
	1653  -  MemoryUsage of job (MB)
	1692948  -  ResidentSetSize of job (KB)
...
006 (14656690.000.000) 2021-09-18 21:51:20 Image size of job updated: 1653
	1653  -  MemoryUsage of job (MB)
	1693360  -  ResidentSetSize of job (KB)
...
006 (14656690.000.000) 2021-09-18 21:52:20 Image size of job updated: 1654
	1654  -  MemoryUsage of job (MB)
	1693804  -  ResidentSetSize of job (KB)
...
006 (14656690.000.000) 2021-09-18 21:53:20 Image size of job updated: 1654
	1654  -  MemoryUsage of job (MB)
	1694172  -  ResidentSetSize of job (KB)
...
006 (14656690.000.000) 2021-09-18 21:54:20 Image size of job updated: 1654
	1654  -  MemoryUsage of job (MB)
	1694536  -  ResidentSetSize of job (KB)
...
006 (14656690.000.000) 2021-09-18 21:55:21 Image size of job updated: 1655
	1655  -  MemoryUsage of job (MB)
	1694916  -  ResidentSetSize of job (KB)
...
006 (14656690.000.000) 2021-09-18 21:56:22 Image size of job updated: 1655
	1655  -  MemoryUsage of job (MB)
	1695048  -  ResidentSetSize of job (KB)
...
006 (14656690.000.000) 2021-09-18 21:57:23 Image size of job updated: 1655
	1655  -  MemoryUsage of job (MB)
	1695452  -  ResidentSetSize of job (KB)
...
006 (14656690.000.000) 2021-09-18 21:58:24 Image size of job updated: 1656
	1656  -  MemoryUsage of job (MB)
	1696024  -  ResidentSetSize of job (KB)
...
006 (14656690.000.000) 2021-09-18 21:59:26 Image size of job updated: 1656
	1656  -  MemoryUsage of job (MB)
	1696360  -  ResidentSetSize of job (KB)
...
006 (14656690.000.000) 2021-09-18 22:00:28 Image size of job updated: 1656
	1656  -  MemoryUsage of job (MB)
	1696748  -  ResidentSetSize of job (KB)
...
006 (14656690.000.000) 2021-09-18 22:01:29 Image size of job updated: 1657
	1657  -  MemoryUsage of job (MB)
	1697168  -  ResidentSetSize of job (KB)
...
006 (14656690.000.000) 2021-09-18 22:02:31 Image size of job updated: 1657
	1657  -  MemoryUsage of job (MB)
	1697628  -  ResidentSetSize of job (KB)
...
006 (14656690.000.000) 2021-09-18 22:03:33 Image size of job updated: 1658
	1658  -  MemoryUsage of job (MB)
	1697956  -  ResidentSetSize of job (KB)
...
006 (14656690.000.000) 2021-09-18 22:04:33 Image size of job updated: 1658
	1658  -  MemoryUsage of job (MB)
	1698044  -  ResidentSetSize of job (KB)
...
006 (14656690.000.000) 2021-09-18 22:05:34 Image size of job updated: 1658
	1658  -  MemoryUsage of job (MB)
	1698492  -  ResidentSetSize of job (KB)
...
006 (14656690.000.000) 2021-09-18 22:06:34 Image size of job updated: 1659
	1659  -  MemoryUsage of job (MB)
	1698920  -  ResidentSetSize of job (KB)
...
006 (14656690.000.000) 2021-09-18 22:07:34 Image size of job updated: 1659
	1659  -  MemoryUsage of job (MB)
	1699328  -  ResidentSetSize of job (KB)
...
006 (14656690.000.000) 2021-09-18 22:08:35 Image size of job updated: 1659
	1659  -  MemoryUsage of job (MB)
	1699716  -  ResidentSetSize of job (KB)
...
006 (14656690.000.000) 2021-09-18 22:09:35 Image size of job updated: 1660
	1660  -  MemoryUsage of job (MB)
	1700144  -  ResidentSetSize of job (KB)
...
006 (14656690.000.000) 2021-09-18 22:10:35 Image size of job updated: 1660
	1660  -  MemoryUsage of job (MB)
	1700536  -  ResidentSetSize of job (KB)
...
006 (14656690.000.000) 2021-09-18 22:11:36 Image size of job updated: 1661
	1661  -  MemoryUsage of job (MB)
	1700976  -  ResidentSetSize of job (KB)
...
006 (14656690.000.000) 2021-09-18 22:12:37 Image size of job updated: 1661
	1661  -  MemoryUsage of job (MB)
	1701296  -  ResidentSetSize of job (KB)
...
006 (14656690.000.000) 2021-09-18 22:13:38 Image size of job updated: 1661
	1661  -  MemoryUsage of job (MB)
	1701616  -  ResidentSetSize of job (KB)
...
006 (14656690.000.000) 2021-09-18 22:14:39 Image size of job updated: 1662
	1662  -  MemoryUsage of job (MB)
	1702008  -  ResidentSetSize of job (KB)
...
006 (14656690.000.000) 2021-09-18 22:15:40 Image size of job updated: 1662
	1662  -  MemoryUsage of job (MB)
	1702388  -  ResidentSetSize of job (KB)
...
006 (14656690.000.000) 2021-09-18 22:16:40 Image size of job updated: 1662
	1662  -  MemoryUsage of job (MB)
	1702788  -  ResidentSetSize of job (KB)
...
006 (14656690.000.000) 2021-09-18 22:17:41 Image size of job updated: 1663
	1663  -  MemoryUsage of job (MB)
	1703176  -  ResidentSetSize of job (KB)
...
006 (14656690.000.000) 2021-09-18 22:18:42 Image size of job updated: 1663
	1663  -  MemoryUsage of job (MB)
	1703648  -  ResidentSetSize of job (KB)
...
006 (14656690.000.000) 2021-09-18 22:19:44 Image size of job updated: 1664
	1664  -  MemoryUsage of job (MB)
	1704108  -  ResidentSetSize of job (KB)
...
006 (14656690.000.000) 2021-09-18 22:20:44 Image size of job updated: 1664
	1664  -  MemoryUsage of job (MB)
	1704560  -  ResidentSetSize of job (KB)
...
006 (14656690.000.000) 2021-09-18 22:21:45 Image size of job updated: 1665
	1665  -  MemoryUsage of job (MB)
	1704996  -  ResidentSetSize of job (KB)
...
006 (14656690.000.000) 2021-09-18 22:22:46 Image size of job updated: 1665
	1665  -  MemoryUsage of job (MB)
	1705368  -  ResidentSetSize of job (KB)
...
006 (14656690.000.000) 2021-09-18 22:23:47 Image size of job updated: 1665
	1665  -  MemoryUsage of job (MB)
	1705736  -  ResidentSetSize of job (KB)
...
006 (14656690.000.000) 2021-09-18 22:24:47 Image size of job updated: 1666
	1666  -  MemoryUsage of job (MB)
	1706064  -  ResidentSetSize of job (KB)
...
006 (14656690.000.000) 2021-09-18 22:25:47 Image size of job updated: 1666
	1666  -  MemoryUsage of job (MB)
	1706616  -  ResidentSetSize of job (KB)
...
006 (14656690.000.000) 2021-09-18 22:26:48 Image size of job updated: 1666
	1666  -  MemoryUsage of job (MB)
	1706736  -  ResidentSetSize of job (KB)
...
006 (14656690.000.000) 2021-09-18 22:27:48 Image size of job updated: 1667
	1667  -  MemoryUsage of job (MB)
	1707092  -  ResidentSetSize of job (KB)
...
006 (14656690.000.000) 2021-09-18 22:28:48 Image size of job updated: 1667
	1667  -  MemoryUsage of job (MB)
	1707392  -  ResidentSetSize of job (KB)
...
006 (14656690.000.000) 2021-09-18 22:29:48 Image size of job updated: 1668
	1668  -  MemoryUsage of job (MB)
	1708172  -  ResidentSetSize of job (KB)
...
006 (14656690.000.000) 2021-09-18 22:30:48 Image size of job updated: 1668
	1668  -  MemoryUsage of job (MB)
	1708536  -  ResidentSetSize of job (KB)
...
006 (14656690.000.000) 2021-09-18 22:31:48 Image size of job updated: 1669
	1669  -  MemoryUsage of job (MB)
	1709092  -  ResidentSetSize of job (KB)
...
006 (14656690.000.000) 2021-09-18 22:32:50 Image size of job updated: 1669
	1669  -  MemoryUsage of job (MB)
	1709552  -  ResidentSetSize of job (KB)
...
006 (14656690.000.000) 2021-09-18 22:33:51 Image size of job updated: 1669
	1669  -  MemoryUsage of job (MB)
	1709760  -  ResidentSetSize of job (KB)
...
006 (14656690.000.000) 2021-09-18 22:34:52 Image size of job updated: 1670
	1670  -  MemoryUsage of job (MB)
	1710116  -  ResidentSetSize of job (KB)
...
006 (14656690.000.000) 2021-09-18 22:35:52 Image size of job updated: 1670
	1670  -  MemoryUsage of job (MB)
	1710256  -  ResidentSetSize of job (KB)
...
006 (14656690.000.000) 2021-09-18 22:36:54 Image size of job updated: 1670
	1670  -  MemoryUsage of job (MB)
	1710688  -  ResidentSetSize of job (KB)
...
006 (14656690.000.000) 2021-09-18 22:37:54 Image size of job updated: 1670
	1670  -  MemoryUsage of job (MB)
	1711084  -  ResidentSetSize of job (KB)
...
006 (14656690.000.000) 2021-09-18 22:38:55 Image size of job updated: 1671
	1671  -  MemoryUsage of job (MB)
	1711460  -  ResidentSetSize of job (KB)
...
006 (14656690.000.000) 2021-09-18 22:39:56 Image size of job updated: 1671
	1671  -  MemoryUsage of job (MB)
	1711752  -  ResidentSetSize of job (KB)
...
006 (14656690.000.000) 2021-09-18 22:40:57 Image size of job updated: 1672
	1672  -  MemoryUsage of job (MB)
	1712128  -  ResidentSetSize of job (KB)
...
006 (14656690.000.000) 2021-09-18 22:41:57 Image size of job updated: 1672
	1672  -  MemoryUsage of job (MB)
	1712592  -  ResidentSetSize of job (KB)
...
006 (14656690.000.000) 2021-09-18 22:42:57 Image size of job updated: 1672
	1672  -  MemoryUsage of job (MB)
	1712948  -  ResidentSetSize of job (KB)
...
006 (14656690.000.000) 2021-09-18 22:43:58 Image size of job updated: 1673
	1673  -  MemoryUsage of job (MB)
	1713408  -  ResidentSetSize of job (KB)
...
006 (14656690.000.000) 2021-09-18 22:44:59 Image size of job updated: 1673
	1673  -  MemoryUsage of job (MB)
	1713868  -  ResidentSetSize of job (KB)
...
006 (14656690.000.000) 2021-09-18 22:45:59 Image size of job updated: 1674
	1674  -  MemoryUsage of job (MB)
	1714196  -  ResidentSetSize of job (KB)
...
006 (14656690.000.000) 2021-09-18 22:47:00 Image size of job updated: 1674
	1674  -  MemoryUsage of job (MB)
	1714568  -  ResidentSetSize of job (KB)
...
006 (14656690.000.000) 2021-09-18 22:48:01 Image size of job updated: 1674
	1674  -  MemoryUsage of job (MB)
	1714940  -  ResidentSetSize of job (KB)
...
006 (14656690.000.000) 2021-09-18 22:49:02 Image size of job updated: 1675
	1675  -  MemoryUsage of job (MB)
	1715564  -  ResidentSetSize of job (KB)
...
006 (14656690.000.000) 2021-09-18 22:50:03 Image size of job updated: 1675
	1675  -  MemoryUsage of job (MB)
	1715696  -  ResidentSetSize of job (KB)
...
006 (14656690.000.000) 2021-09-18 22:51:04 Image size of job updated: 1676
	1676  -  MemoryUsage of job (MB)
	1716344  -  ResidentSetSize of job (KB)
...
006 (14656690.000.000) 2021-09-18 22:52:05 Image size of job updated: 1676
	1676  -  MemoryUsage of job (MB)
	1716732  -  ResidentSetSize of job (KB)
...
006 (14656690.000.000) 2021-09-18 22:53:05 Image size of job updated: 1676
	1676  -  MemoryUsage of job (MB)
	1717148  -  ResidentSetSize of job (KB)
...
006 (14656690.000.000) 2021-09-18 22:54:05 Image size of job updated: 1677
	1677  -  MemoryUsage of job (MB)
	1717528  -  ResidentSetSize of job (KB)
...
006 (14656690.000.000) 2021-09-18 22:55:06 Image size of job updated: 1677
	1677  -  MemoryUsage of job (MB)
	1718128  -  ResidentSetSize of job (KB)
...
006 (14656690.000.000) 2021-09-18 22:56:06 Image size of job updated: 1678
	1678  -  MemoryUsage of job (MB)
	1719292  -  ResidentSetSize of job (KB)
...
006 (14656690.000.000) 2021-09-18 22:57:06 Image size of job updated: 1680
	1680  -  MemoryUsage of job (MB)
	1720392  -  ResidentSetSize of job (KB)
...
006 (14656690.000.000) 2021-09-18 22:58:08 Image size of job updated: 1681
	1681  -  MemoryUsage of job (MB)
	1721856  -  ResidentSetSize of job (KB)
...
006 (14656690.000.000) 2021-09-18 22:59:09 Image size of job updated: 1682
	1682  -  MemoryUsage of job (MB)
	1722556  -  ResidentSetSize of job (KB)
...
006 (14656690.000.000) 2021-09-18 23:00:09 Image size of job updated: 1683
	1683  -  MemoryUsage of job (MB)
	1723492  -  ResidentSetSize of job (KB)
...
006 (14656690.000.000) 2021-09-18 23:01:10 Image size of job updated: 1683
	1683  -  MemoryUsage of job (MB)
	1724052  -  ResidentSetSize of job (KB)
...
006 (14656690.000.000) 2021-09-18 23:02:11 Image size of job updated: 1684
	1684  -  MemoryUsage of job (MB)
	1724472  -  ResidentSetSize of job (KB)
...
040 (14656690.000.000) 2021-09-18 23:02:29 Started transferring output files
...
040 (14656690.000.000) 2021-09-18 23:02:29 Finished transferring output files
...
005 (14656690.000.000) 2021-09-18 23:02:32 Job terminated.
	(1) Normal termination (return value 0)
		Usr 0 00:00:00, Sys 0 00:00:00  -  Run Remote Usage
		Usr 0 00:00:00, Sys 0 00:00:00  -  Run Local Usage
		Usr 0 01:47:33, Sys 0 01:56:39  -  Total Remote Usage
		Usr 0 00:00:00, Sys 0 00:00:00  -  Total Local Usage
	1223824  -  Run Bytes Sent By Job
	8471534  -  Run Bytes Received By Job
	1223824  -  Total Bytes Sent By Job
	8471534  -  Total Bytes Received By Job
	Partitionable Resources :    Usage  Request Allocated 
	   Cpus                 :     0.00        1         1 
	   Disk (KB)            : 15739       10000   1621853 
	   Memory (MB)          :  1684        2048      2048 

	Job terminated of its own accord at 2021-09-19T04:02:29Z.
...
000 (73445046.000.000) 2021-09-24 22:12:53 Job submitted from host: <131.225.188.235:9618?addrs=131.225.188.235-9618&alias=lpcschedd3.fnal.gov&noUDP&sock=schedd_2706_ab5d>
...
040 (73445046.000.000) 2021-09-25 00:35:28 Started transferring input files
	Transferring to host: <131.225.204.53:9618?addrs=131.225.204.53-9618&alias=cmswn1657.fnal.gov&noUDP&sock=slot1_7_1293_c90e_7733>
...
040 (73445046.000.000) 2021-09-25 00:35:29 Finished transferring input files
...
001 (73445046.000.000) 2021-09-25 00:35:30 Job executing on host: <131.225.204.53:9618?addrs=131.225.204.53-9618&alias=cmswn1657.fnal.gov&noUDP&sock=startd_1163_4cbb>
...
006 (73445046.000.000) 2021-09-25 00:35:38 Image size of job updated: 59
	59  -  MemoryUsage of job (MB)
	60472  -  ResidentSetSize of job (KB)
...
006 (73445046.000.000) 2021-09-25 00:36:39 Image size of job updated: 526
	526  -  MemoryUsage of job (MB)
	539620  -  ResidentSetSize of job (KB)
...
006 (73445046.000.000) 2021-09-25 00:40:42 Image size of job updated: 554
	554  -  MemoryUsage of job (MB)
	568012  -  ResidentSetSize of job (KB)
...
006 (73445046.000.000) 2021-09-25 00:41:42 Image size of job updated: 599
	599  -  MemoryUsage of job (MB)
	614064  -  ResidentSetSize of job (KB)
...
006 (73445046.000.000) 2021-09-25 00:42:42 Image size of job updated: 640
	640  -  MemoryUsage of job (MB)
	656224  -  ResidentSetSize of job (KB)
...
006 (73445046.000.000) 2021-09-25 00:43:43 Image size of job updated: 677
	677  -  MemoryUsage of job (MB)
	693632  -  ResidentSetSize of job (KB)
...
006 (73445046.000.000) 2021-09-25 00:44:44 Image size of job updated: 711
	711  -  MemoryUsage of job (MB)
	728276  -  ResidentSetSize of job (KB)
...
006 (73445046.000.000) 2021-09-25 00:45:45 Image size of job updated: 742
	742  -  MemoryUsage of job (MB)
	760628  -  ResidentSetSize of job (KB)
...
006 (73445046.000.000) 2021-09-25 00:46:45 Image size of job updated: 774
	774  -  MemoryUsage of job (MB)
	792724  -  ResidentSetSize of job (KB)
...
006 (73445046.000.000) 2021-09-25 00:47:45 Image size of job updated: 803
	803  -  MemoryUsage of job (MB)
	823276  -  ResidentSetSize of job (KB)
...
006 (73445046.000.000) 2021-09-25 00:48:46 Image size of job updated: 831
	831  -  MemoryUsage of job (MB)
	851548  -  ResidentSetSize of job (KB)
...
006 (73445046.000.000) 2021-09-25 00:49:46 Image size of job updated: 860
	860  -  MemoryUsage of job (MB)
	880832  -  ResidentSetSize of job (KB)
...
006 (73445046.000.000) 2021-09-25 00:50:46 Image size of job updated: 898
	898  -  MemoryUsage of job (MB)
	920380  -  ResidentSetSize of job (KB)
...
006 (73445046.000.000) 2021-09-25 00:51:46 Image size of job updated: 925
	925  -  MemoryUsage of job (MB)
	948212  -  ResidentSetSize of job (KB)
...
006 (73445046.000.000) 2021-09-25 00:52:47 Image size of job updated: 950
	950  -  MemoryUsage of job (MB)
	973508  -  ResidentSetSize of job (KB)
...
006 (73445046.000.000) 2021-09-25 00:53:47 Image size of job updated: 972
	972  -  MemoryUsage of job (MB)
	996332  -  ResidentSetSize of job (KB)
...
006 (73445046.000.000) 2021-09-25 00:54:47 Image size of job updated: 996
	996  -  MemoryUsage of job (MB)
	1020208  -  ResidentSetSize of job (KB)
...
006 (73445046.000.000) 2021-09-25 00:55:48 Image size of job updated: 1021
	1021  -  MemoryUsage of job (MB)
	1045668  -  ResidentSetSize of job (KB)
...
006 (73445046.000.000) 2021-09-25 00:56:49 Image size of job updated: 1047
	1047  -  MemoryUsage of job (MB)
	1073048  -  ResidentSetSize of job (KB)
...
006 (73445046.000.000) 2021-09-25 00:57:49 Image size of job updated: 1078
	1078  -  MemoryUsage of job (MB)
	1103996  -  ResidentSetSize of job (KB)
...
006 (73445046.000.000) 2021-09-25 00:58:50 Image size of job updated: 1099
	1099  -  MemoryUsage of job (MB)
	1125492  -  ResidentSetSize of job (KB)
...
006 (73445046.000.000) 2021-09-25 00:59:51 Image size of job updated: 1119
	1119  -  MemoryUsage of job (MB)
	1146508  -  ResidentSetSize of job (KB)
...
006 (73445046.000.000) 2021-09-25 01:00:51 Image size of job updated: 1140
	1140  -  MemoryUsage of job (MB)
	1167624  -  ResidentSetSize of job (KB)
...
006 (73445046.000.000) 2021-09-25 01:01:51 Image size of job updated: 1161
	1161  -  MemoryUsage of job (MB)
	1189104  -  ResidentSetSize of job (KB)
...
006 (73445046.000.000) 2021-09-25 01:02:52 Image size of job updated: 1180
	1180  -  MemoryUsage of job (MB)
	1209068  -  ResidentSetSize of job (KB)
...
006 (73445046.000.000) 2021-09-25 01:03:52 Image size of job updated: 1199
	1199  -  MemoryUsage of job (MB)
	1228464  -  ResidentSetSize of job (KB)
...
006 (73445046.000.000) 2021-09-25 01:04:52 Image size of job updated: 1218
	1218  -  MemoryUsage of job (MB)
	1247584  -  ResidentSetSize of job (KB)
...
006 (73445046.000.000) 2021-09-25 01:05:53 Image size of job updated: 1236
	1236  -  MemoryUsage of job (MB)
	1266400  -  ResidentSetSize of job (KB)
...
006 (73445046.000.000) 2021-09-25 01:06:53 Image size of job updated: 1254
	1254  -  MemoryUsage of job (MB)
	1284896  -  ResidentSetSize of job (KB)
...
006 (73445046.000.000) 2021-09-25 01:07:53 Image size of job updated: 1272
	1272  -  MemoryUsage of job (MB)
	1303144  -  ResidentSetSize of job (KB)
...
006 (73445046.000.000) 2021-09-25 01:08:54 Image size of job updated: 1289
	1289  -  MemoryUsage of job (MB)
	1320500  -  ResidentSetSize of job (KB)
...
006 (73445046.000.000) 2021-09-25 01:09:55 Image size of job updated: 1306
	1306  -  MemoryUsage of job (MB)
	1337928  -  ResidentSetSize of job (KB)
...
006 (73445046.000.000) 2021-09-25 01:10:55 Image size of job updated: 1323
	1323  -  MemoryUsage of job (MB)
	1355484  -  ResidentSetSize of job (KB)
...
006 (73445046.000.000) 2021-09-25 01:11:55 Image size of job updated: 1340
	1340  -  MemoryUsage of job (MB)
	1372400  -  ResidentSetSize of job (KB)
...
006 (73445046.000.000) 2021-09-25 01:12:56 Image size of job updated: 1355
	1355  -  MemoryUsage of job (MB)
	1388380  -  ResidentSetSize of job (KB)
...
006 (73445046.000.000) 2021-09-25 01:13:56 Image size of job updated: 1367
	1367  -  MemoryUsage of job (MB)
	1400580  -  ResidentSetSize of job (KB)
...
006 (73445046.000.000) 2021-09-25 01:14:57 Image size of job updated: 1382
	1382  -  MemoryUsage of job (MB)
	1415596  -  ResidentSetSize of job (KB)
...
006 (73445046.000.000) 2021-09-25 01:15:57 Image size of job updated: 1399
	1399  -  MemoryUsage of job (MB)
	1432888  -  ResidentSetSize of job (KB)
...
006 (73445046.000.000) 2021-09-25 01:16:58 Image size of job updated: 1416
	1416  -  MemoryUsage of job (MB)
	1450096  -  ResidentSetSize of job (KB)
...
006 (73445046.000.000) 2021-09-25 01:17:58 Image size of job updated: 1430
	1430  -  MemoryUsage of job (MB)
	1465200  -  ResidentSetSize of job (KB)
...
006 (73445046.000.000) 2021-09-25 01:18:58 Image size of job updated: 1446
	1446  -  MemoryUsage of job (MB)
	1481560  -  ResidentSetSize of job (KB)
...
006 (73445046.000.000) 2021-09-25 01:19:59 Image size of job updated: 1462
	1462  -  MemoryUsage of job (MB)
	1497612  -  ResidentSetSize of job (KB)
...
006 (73445046.000.000) 2021-09-25 01:21:00 Image size of job updated: 1478
	1478  -  MemoryUsage of job (MB)
	1513788  -  ResidentSetSize of job (KB)
...
006 (73445046.000.000) 2021-09-25 01:22:00 Image size of job updated: 1493
	1493  -  MemoryUsage of job (MB)
	1529656  -  ResidentSetSize of job (KB)
...
006 (73445046.000.000) 2021-09-25 01:23:01 Image size of job updated: 1509
	1509  -  MemoryUsage of job (MB)
	1545416  -  ResidentSetSize of job (KB)
...
006 (73445046.000.000) 2021-09-25 01:24:02 Image size of job updated: 1524
	1524  -  MemoryUsage of job (MB)
	1560856  -  ResidentSetSize of job (KB)
...
006 (73445046.000.000) 2021-09-25 01:25:02 Image size of job updated: 1543
	1543  -  MemoryUsage of job (MB)
	1580164  -  ResidentSetSize of job (KB)
...
006 (73445046.000.000) 2021-09-25 01:26:02 Image size of job updated: 1635
	1635  -  MemoryUsage of job (MB)
	1674588  -  ResidentSetSize of job (KB)
...
006 (73445046.000.000) 2021-09-25 01:27:03 Image size of job updated: 1643
	1643  -  MemoryUsage of job (MB)
	1682580  -  ResidentSetSize of job (KB)
...
006 (73445046.000.000) 2021-09-25 01:28:04 Image size of job updated: 1647
	1647  -  MemoryUsage of job (MB)
	1686808  -  ResidentSetSize of job (KB)
...
006 (73445046.000.000) 2021-09-25 01:29:04 Image size of job updated: 1650
	1650  -  MemoryUsage of job (MB)
	1689812  -  ResidentSetSize of job (KB)
...
006 (73445046.000.000) 2021-09-25 01:30:04 Image size of job updated: 1653
	1653  -  MemoryUsage of job (MB)
	1693320  -  ResidentSetSize of job (KB)
...
006 (73445046.000.000) 2021-09-25 01:31:05 Image size of job updated: 1658
	1658  -  MemoryUsage of job (MB)
	1697980  -  ResidentSetSize of job (KB)
...
006 (73445046.000.000) 2021-09-25 01:32:06 Image size of job updated: 1661
	1661  -  MemoryUsage of job (MB)
	1700992  -  ResidentSetSize of job (KB)
...
006 (73445046.000.000) 2021-09-25 01:33:06 Image size of job updated: 1664
	1664  -  MemoryUsage of job (MB)
	1704468  -  ResidentSetSize of job (KB)
...
006 (73445046.000.000) 2021-09-25 01:34:07 Image size of job updated: 1667
	1667  -  MemoryUsage of job (MB)
	1707136  -  ResidentSetSize of job (KB)
...
006 (73445046.000.000) 2021-09-25 01:35:08 Image size of job updated: 1668
	1668  -  MemoryUsage of job (MB)
	1709000  -  ResidentSetSize of job (KB)
...
006 (73445046.000.000) 2021-09-25 01:36:08 Image size of job updated: 1671
	1671  -  MemoryUsage of job (MB)
	1711404  -  ResidentSetSize of job (KB)
...
006 (73445046.000.000) 2021-09-25 01:37:08 Image size of job updated: 1673
	1673  -  MemoryUsage of job (MB)
	1713868  -  ResidentSetSize of job (KB)
...
006 (73445046.000.000) 2021-09-25 01:38:09 Image size of job updated: 1675
	1675  -  MemoryUsage of job (MB)
	1716132  -  ResidentSetSize of job (KB)
...
006 (73445046.000.000) 2021-09-25 01:39:09 Image size of job updated: 1678
	1678  -  MemoryUsage of job (MB)
	1718460  -  ResidentSetSize of job (KB)
...
006 (73445046.000.000) 2021-09-25 01:40:09 Image size of job updated: 1681
	1681  -  MemoryUsage of job (MB)
	1722188  -  ResidentSetSize of job (KB)
...
006 (73445046.000.000) 2021-09-25 01:41:10 Image size of job updated: 1684
	1684  -  MemoryUsage of job (MB)
	1724896  -  ResidentSetSize of job (KB)
...
040 (73445046.000.000) 2021-09-25 01:41:29 Started transferring output files
...
040 (73445046.000.000) 2021-09-25 01:41:29 Finished transferring output files
...
005 (73445046.000.000) 2021-09-25 01:41:31 Job terminated.
	(1) Normal termination (return value 0)
		Usr 0 00:00:00, Sys 0 00:00:00  -  Run Remote Usage
		Usr 0 00:00:00, Sys 0 00:00:00  -  Run Local Usage
		Usr 0 00:54:07, Sys 0 00:09:23  -  Total Remote Usage
		Usr 0 00:00:00, Sys 0 00:00:00  -  Total Local Usage
	1231317  -  Run Bytes Sent By Job
	8471570  -  Run Bytes Received By Job
	1231317  -  Total Bytes Sent By Job
	8471570  -  Total Bytes Received By Job
	Partitionable Resources :    Usage  Request Allocated 
	   Cpus                 :        0        1         1 
	   Disk (KB)            :    18201    10000    303978 
	   Memory (MB)          :     1684     2048      2048 

	Job terminated of its own accord at 2021-09-25T06:41:29Z.
...
