000 (14656565.000.000) 2021-09-18 19:10:27 Job submitted from host: <131.225.188.55:9618?addrs=131.225.188.55-9618&alias=lpcschedd1.fnal.gov&noUDP&sock=schedd_2070_6d22>
...
040 (14656565.000.000) 2021-09-18 20:11:20 Started transferring input files
	Transferring to host: <131.225.188.22:9618?addrs=131.225.188.22-9618&alias=cmswn2024.fnal.gov&noUDP&sock=slot1_53_1990_e28a_2040>
...
040 (14656565.000.000) 2021-09-18 20:11:21 Finished transferring input files
...
001 (14656565.000.000) 2021-09-18 20:11:22 Job executing on host: <131.225.188.22:9618?addrs=131.225.188.22-9618&alias=cmswn2024.fnal.gov&noUDP&sock=startd_1902_3138>
...
006 (14656565.000.000) 2021-09-18 20:12:31 Image size of job updated: 448
	448  -  MemoryUsage of job (MB)
	458856  -  ResidentSetSize of job (KB)
...
006 (14656565.000.000) 2021-09-18 20:13:32 Image size of job updated: 528
	528  -  MemoryUsage of job (MB)
	540748  -  ResidentSetSize of job (KB)
...
006 (14656565.000.000) 2021-09-18 20:16:35 Image size of job updated: 536
	536  -  MemoryUsage of job (MB)
	549376  -  ResidentSetSize of job (KB)
...
006 (14656565.000.000) 2021-09-18 20:17:37 Image size of job updated: 585
	585  -  MemoryUsage of job (MB)
	599196  -  ResidentSetSize of job (KB)
...
006 (14656565.000.000) 2021-09-18 20:18:37 Image size of job updated: 626
	626  -  MemoryUsage of job (MB)
	641828  -  ResidentSetSize of job (KB)
...
006 (14656565.000.000) 2021-09-18 20:19:37 Image size of job updated: 667
	667  -  MemoryUsage of job (MB)
	683828  -  ResidentSetSize of job (KB)
...
006 (14656565.000.000) 2021-09-18 20:20:38 Image size of job updated: 705
	705  -  MemoryUsage of job (MB)
	722172  -  ResidentSetSize of job (KB)
...
006 (14656565.000.000) 2021-09-18 20:21:38 Image size of job updated: 740
	740  -  MemoryUsage of job (MB)
	758284  -  ResidentSetSize of job (KB)
...
006 (14656565.000.000) 2021-09-18 20:22:39 Image size of job updated: 773
	773  -  MemoryUsage of job (MB)
	792564  -  ResidentSetSize of job (KB)
...
006 (14656565.000.000) 2021-09-18 20:23:39 Image size of job updated: 802
	802  -  MemoryUsage of job (MB)
	822208  -  ResidentSetSize of job (KB)
...
006 (14656565.000.000) 2021-09-18 20:24:39 Image size of job updated: 833
	833  -  MemoryUsage of job (MB)
	853128  -  ResidentSetSize of job (KB)
...
006 (14656565.000.000) 2021-09-18 20:25:39 Image size of job updated: 864
	864  -  MemoryUsage of job (MB)
	885028  -  ResidentSetSize of job (KB)
...
006 (14656565.000.000) 2021-09-18 20:26:39 Image size of job updated: 904
	904  -  MemoryUsage of job (MB)
	925800  -  ResidentSetSize of job (KB)
...
006 (14656565.000.000) 2021-09-18 20:27:40 Image size of job updated: 932
	932  -  MemoryUsage of job (MB)
	955280  -  ResidentSetSize of job (KB)
...
006 (14656565.000.000) 2021-09-18 20:28:41 Image size of job updated: 959
	959  -  MemoryUsage of job (MB)
	982920  -  ResidentSetSize of job (KB)
...
006 (14656565.000.000) 2021-09-18 20:29:41 Image size of job updated: 982
	982  -  MemoryUsage of job (MB)
	1006528  -  ResidentSetSize of job (KB)
...
006 (14656565.000.000) 2021-09-18 20:30:42 Image size of job updated: 1008
	1008  -  MemoryUsage of job (MB)
	1032192  -  ResidentSetSize of job (KB)
...
006 (14656565.000.000) 2021-09-18 20:31:42 Image size of job updated: 1036
	1036  -  MemoryUsage of job (MB)
	1061700  -  ResidentSetSize of job (KB)
...
006 (14656565.000.000) 2021-09-18 20:32:42 Image size of job updated: 1070
	1070  -  MemoryUsage of job (MB)
	1095900  -  ResidentSetSize of job (KB)
...
006 (14656565.000.000) 2021-09-18 20:33:43 Image size of job updated: 1093
	1093  -  MemoryUsage of job (MB)
	1119640  -  ResidentSetSize of job (KB)
...
006 (14656565.000.000) 2021-09-18 20:34:44 Image size of job updated: 1115
	1115  -  MemoryUsage of job (MB)
	1142724  -  ResidentSetSize of job (KB)
...
006 (14656565.000.000) 2021-09-18 20:35:44 Image size of job updated: 1135
	1135  -  MemoryUsage of job (MB)
	1162836  -  ResidentSetSize of job (KB)
...
006 (14656565.000.000) 2021-09-18 20:36:44 Image size of job updated: 1157
	1157  -  MemoryUsage of job (MB)
	1185360  -  ResidentSetSize of job (KB)
...
006 (14656565.000.000) 2021-09-18 20:37:45 Image size of job updated: 1178
	1178  -  MemoryUsage of job (MB)
	1206732  -  ResidentSetSize of job (KB)
...
006 (14656565.000.000) 2021-09-18 20:38:45 Image size of job updated: 1199
	1199  -  MemoryUsage of job (MB)
	1227852  -  ResidentSetSize of job (KB)
...
006 (14656565.000.000) 2021-09-18 20:39:45 Image size of job updated: 1219
	1219  -  MemoryUsage of job (MB)
	1248272  -  ResidentSetSize of job (KB)
...
006 (14656565.000.000) 2021-09-18 20:40:45 Image size of job updated: 1236
	1236  -  MemoryUsage of job (MB)
	1266228  -  ResidentSetSize of job (KB)
...
006 (14656565.000.000) 2021-09-18 20:41:45 Image size of job updated: 1255
	1255  -  MemoryUsage of job (MB)
	1285912  -  ResidentSetSize of job (KB)
...
006 (14656565.000.000) 2021-09-18 20:42:46 Image size of job updated: 1274
	1274  -  MemoryUsage of job (MB)
	1305216  -  ResidentSetSize of job (KB)
...
006 (14656565.000.000) 2021-09-18 20:43:46 Image size of job updated: 1293
	1293  -  MemoryUsage of job (MB)
	1324436  -  ResidentSetSize of job (KB)
...
006 (14656565.000.000) 2021-09-18 20:44:47 Image size of job updated: 1311
	1311  -  MemoryUsage of job (MB)
	1343336  -  ResidentSetSize of job (KB)
...
006 (14656565.000.000) 2021-09-18 20:45:47 Image size of job updated: 1327
	1327  -  MemoryUsage of job (MB)
	1359720  -  ResidentSetSize of job (KB)
...
006 (14656565.000.000) 2021-09-18 20:46:47 Image size of job updated: 1345
	1345  -  MemoryUsage of job (MB)
	1378000  -  ResidentSetSize of job (KB)
...
006 (14656565.000.000) 2021-09-18 20:47:48 Image size of job updated: 1363
	1363  -  MemoryUsage of job (MB)
	1396004  -  ResidentSetSize of job (KB)
...
006 (14656565.000.000) 2021-09-18 20:48:49 Image size of job updated: 1380
	1380  -  MemoryUsage of job (MB)
	1413672  -  ResidentSetSize of job (KB)
...
006 (14656565.000.000) 2021-09-18 20:49:49 Image size of job updated: 1397
	1397  -  MemoryUsage of job (MB)
	1431160  -  ResidentSetSize of job (KB)
...
006 (14656565.000.000) 2021-09-18 20:50:49 Image size of job updated: 1412
	1412  -  MemoryUsage of job (MB)
	1446472  -  ResidentSetSize of job (KB)
...
006 (14656565.000.000) 2021-09-18 20:51:50 Image size of job updated: 1429
	1429  -  MemoryUsage of job (MB)
	1463472  -  ResidentSetSize of job (KB)
...
006 (14656565.000.000) 2021-09-18 20:52:50 Image size of job updated: 1445
	1445  -  MemoryUsage of job (MB)
	1480520  -  ResidentSetSize of job (KB)
...
006 (14656565.000.000) 2021-09-18 20:53:50 Image size of job updated: 1460
	1460  -  MemoryUsage of job (MB)
	1495308  -  ResidentSetSize of job (KB)
...
006 (14656565.000.000) 2021-09-18 20:54:50 Image size of job updated: 1476
	1476  -  MemoryUsage of job (MB)
	1511624  -  ResidentSetSize of job (KB)
...
006 (14656565.000.000) 2021-09-18 20:55:50 Image size of job updated: 1492
	1492  -  MemoryUsage of job (MB)
	1528048  -  ResidentSetSize of job (KB)
...
006 (14656565.000.000) 2021-09-18 20:56:52 Image size of job updated: 1508
	1508  -  MemoryUsage of job (MB)
	1544248  -  ResidentSetSize of job (KB)
...
006 (14656565.000.000) 2021-09-18 20:57:52 Image size of job updated: 1521
	1521  -  MemoryUsage of job (MB)
	1558380  -  ResidentSetSize of job (KB)
...
006 (14656565.000.000) 2021-09-18 20:58:53 Image size of job updated: 1541
	1541  -  MemoryUsage of job (MB)
	1578172  -  ResidentSetSize of job (KB)
...
006 (14656565.000.000) 2021-09-18 20:59:54 Image size of job updated: 1621
	1621  -  MemoryUsage of job (MB)
	1660828  -  ResidentSetSize of job (KB)
...
006 (14656565.000.000) 2021-09-18 21:00:55 Image size of job updated: 1632
	1632  -  MemoryUsage of job (MB)
	1671624  -  ResidentSetSize of job (KB)
...
006 (14656565.000.000) 2021-09-18 21:01:56 Image size of job updated: 1636
	1636  -  MemoryUsage of job (MB)
	1675324  -  ResidentSetSize of job (KB)
...
006 (14656565.000.000) 2021-09-18 21:02:58 Image size of job updated: 1639
	1639  -  MemoryUsage of job (MB)
	1678428  -  ResidentSetSize of job (KB)
...
006 (14656565.000.000) 2021-09-18 21:03:58 Image size of job updated: 1641
	1641  -  MemoryUsage of job (MB)
	1680656  -  ResidentSetSize of job (KB)
...
006 (14656565.000.000) 2021-09-18 21:04:59 Image size of job updated: 1643
	1643  -  MemoryUsage of job (MB)
	1682736  -  ResidentSetSize of job (KB)
...
006 (14656565.000.000) 2021-09-18 21:06:00 Image size of job updated: 1644
	1644  -  MemoryUsage of job (MB)
	1683988  -  ResidentSetSize of job (KB)
...
006 (14656565.000.000) 2021-09-18 21:07:01 Image size of job updated: 1645
	1645  -  MemoryUsage of job (MB)
	1685040  -  ResidentSetSize of job (KB)
...
006 (14656565.000.000) 2021-09-18 21:08:02 Image size of job updated: 1646
	1646  -  MemoryUsage of job (MB)
	1685736  -  ResidentSetSize of job (KB)
...
006 (14656565.000.000) 2021-09-18 21:09:03 Image size of job updated: 1646
	1646  -  MemoryUsage of job (MB)
	1686368  -  ResidentSetSize of job (KB)
...
006 (14656565.000.000) 2021-09-18 21:10:04 Image size of job updated: 1647
	1647  -  MemoryUsage of job (MB)
	1686652  -  ResidentSetSize of job (KB)
...
006 (14656565.000.000) 2021-09-18 21:11:04 Image size of job updated: 1648
	1648  -  MemoryUsage of job (MB)
	1687916  -  ResidentSetSize of job (KB)
...
006 (14656565.000.000) 2021-09-18 21:12:04 Image size of job updated: 1649
	1649  -  MemoryUsage of job (MB)
	1689264  -  ResidentSetSize of job (KB)
...
006 (14656565.000.000) 2021-09-18 21:13:05 Image size of job updated: 1650
	1650  -  MemoryUsage of job (MB)
	1690444  -  ResidentSetSize of job (KB)
...
006 (14656565.000.000) 2021-09-18 21:14:06 Image size of job updated: 1651
	1651  -  MemoryUsage of job (MB)
	1691036  -  ResidentSetSize of job (KB)
...
006 (14656565.000.000) 2021-09-18 21:15:06 Image size of job updated: 1652
	1652  -  MemoryUsage of job (MB)
	1692232  -  ResidentSetSize of job (KB)
...
006 (14656565.000.000) 2021-09-18 21:16:06 Image size of job updated: 1653
	1653  -  MemoryUsage of job (MB)
	1693292  -  ResidentSetSize of job (KB)
...
006 (14656565.000.000) 2021-09-18 21:17:06 Image size of job updated: 1654
	1654  -  MemoryUsage of job (MB)
	1694300  -  ResidentSetSize of job (KB)
...
006 (14656565.000.000) 2021-09-18 21:18:07 Image size of job updated: 1655
	1655  -  MemoryUsage of job (MB)
	1695076  -  ResidentSetSize of job (KB)
...
006 (14656565.000.000) 2021-09-18 21:19:08 Image size of job updated: 1656
	1656  -  MemoryUsage of job (MB)
	1696128  -  ResidentSetSize of job (KB)
...
006 (14656565.000.000) 2021-09-18 21:20:08 Image size of job updated: 1657
	1657  -  MemoryUsage of job (MB)
	1697132  -  ResidentSetSize of job (KB)
...
006 (14656565.000.000) 2021-09-18 21:21:09 Image size of job updated: 1658
	1658  -  MemoryUsage of job (MB)
	1697844  -  ResidentSetSize of job (KB)
...
006 (14656565.000.000) 2021-09-18 21:22:09 Image size of job updated: 1659
	1659  -  MemoryUsage of job (MB)
	1698968  -  ResidentSetSize of job (KB)
...
006 (14656565.000.000) 2021-09-18 21:23:11 Image size of job updated: 1659
	1659  -  MemoryUsage of job (MB)
	1699704  -  ResidentSetSize of job (KB)
...
006 (14656565.000.000) 2021-09-18 21:24:12 Image size of job updated: 1661
	1661  -  MemoryUsage of job (MB)
	1700904  -  ResidentSetSize of job (KB)
...
006 (14656565.000.000) 2021-09-18 21:25:14 Image size of job updated: 1662
	1662  -  MemoryUsage of job (MB)
	1702216  -  ResidentSetSize of job (KB)
...
006 (14656565.000.000) 2021-09-18 21:26:15 Image size of job updated: 1663
	1663  -  MemoryUsage of job (MB)
	1703696  -  ResidentSetSize of job (KB)
...
006 (14656565.000.000) 2021-09-18 21:27:15 Image size of job updated: 1664
	1664  -  MemoryUsage of job (MB)
	1704856  -  ResidentSetSize of job (KB)
...
006 (14656565.000.000) 2021-09-18 21:28:16 Image size of job updated: 1666
	1666  -  MemoryUsage of job (MB)
	1706084  -  ResidentSetSize of job (KB)
...
006 (14656565.000.000) 2021-09-18 21:29:16 Image size of job updated: 1667
	1667  -  MemoryUsage of job (MB)
	1707424  -  ResidentSetSize of job (KB)
...
006 (14656565.000.000) 2021-09-18 21:30:18 Image size of job updated: 1668
	1668  -  MemoryUsage of job (MB)
	1708604  -  ResidentSetSize of job (KB)
...
006 (14656565.000.000) 2021-09-18 21:31:18 Image size of job updated: 1669
	1669  -  MemoryUsage of job (MB)
	1710044  -  ResidentSetSize of job (KB)
...
006 (14656565.000.000) 2021-09-18 21:32:19 Image size of job updated: 1672
	1672  -  MemoryUsage of job (MB)
	1712376  -  ResidentSetSize of job (KB)
...
006 (14656565.000.000) 2021-09-18 21:33:19 Image size of job updated: 1674
	1674  -  MemoryUsage of job (MB)
	1714236  -  ResidentSetSize of job (KB)
...
006 (14656565.000.000) 2021-09-18 21:34:20 Image size of job updated: 1675
	1675  -  MemoryUsage of job (MB)
	1715776  -  ResidentSetSize of job (KB)
...
006 (14656565.000.000) 2021-09-18 21:35:20 Image size of job updated: 1678
	1678  -  MemoryUsage of job (MB)
	1718380  -  ResidentSetSize of job (KB)
...
006 (14656565.000.000) 2021-09-18 21:36:20 Image size of job updated: 1679
	1679  -  MemoryUsage of job (MB)
	1719540  -  ResidentSetSize of job (KB)
...
006 (14656565.000.000) 2021-09-18 21:37:21 Image size of job updated: 1681
	1681  -  MemoryUsage of job (MB)
	1721460  -  ResidentSetSize of job (KB)
...
006 (14656565.000.000) 2021-09-18 21:38:23 Image size of job updated: 1682
	1682  -  MemoryUsage of job (MB)
	1722744  -  ResidentSetSize of job (KB)
...
006 (14656565.000.000) 2021-09-18 21:39:22 Image size of job updated: 1683
	1683  -  MemoryUsage of job (MB)
	1723524  -  ResidentSetSize of job (KB)
...
040 (14656565.000.000) 2021-09-18 21:41:58 Started transferring output files
...
040 (14656565.000.000) 2021-09-18 21:41:59 Finished transferring output files
...
005 (14656565.000.000) 2021-09-18 21:42:01 Job terminated.
	(1) Normal termination (return value 0)
		Usr 0 00:00:00, Sys 0 00:00:00  -  Run Remote Usage
		Usr 0 00:00:00, Sys 0 00:00:00  -  Run Local Usage
		Usr 0 02:47:24, Sys 0 01:24:03  -  Total Remote Usage
		Usr 0 00:00:00, Sys 0 00:00:00  -  Total Local Usage
	1223850  -  Run Bytes Sent By Job
	8471534  -  Run Bytes Received By Job
	1223850  -  Total Bytes Sent By Job
	8471534  -  Total Bytes Received By Job
	Partitionable Resources :    Usage  Request Allocated 
	   Cpus                 :        0        1         1 
	   Disk (KB)            :    15925    10000   1637439 
	   Memory (MB)          :     1683     2048      2048 

	Job terminated of its own accord at 2021-09-19T02:41:58Z.
...
000 (73445010.000.000) 2021-09-24 22:12:21 Job submitted from host: <131.225.188.235:9618?addrs=131.225.188.235-9618&alias=lpcschedd3.fnal.gov&noUDP&sock=schedd_2706_ab5d>
...
040 (73445010.000.000) 2021-09-25 00:09:02 Started transferring input files
	Transferring to host: <131.225.188.21:9618?addrs=131.225.188.21-9618&alias=cmswn2023.fnal.gov&noUDP&sock=slot1_2_2067_236d_4722>
...
040 (73445010.000.000) 2021-09-25 00:09:02 Finished transferring input files
...
001 (73445010.000.000) 2021-09-25 00:09:03 Job executing on host: <131.225.188.21:9618?addrs=131.225.188.21-9618&alias=cmswn2023.fnal.gov&noUDP&sock=startd_1918_2abc>
...
006 (73445010.000.000) 2021-09-25 00:09:12 Image size of job updated: 24
	24  -  MemoryUsage of job (MB)
	25264  -  ResidentSetSize of job (KB)
...
006 (73445010.000.000) 2021-09-25 00:10:12 Image size of job updated: 528
	528  -  MemoryUsage of job (MB)
	541312  -  ResidentSetSize of job (KB)
...
006 (73445010.000.000) 2021-09-25 00:15:16 Image size of job updated: 539
	539  -  MemoryUsage of job (MB)
	552820  -  ResidentSetSize of job (KB)
...
006 (73445010.000.000) 2021-09-25 00:16:17 Image size of job updated: 580
	580  -  MemoryUsage of job (MB)
	593968  -  ResidentSetSize of job (KB)
...
006 (73445010.000.000) 2021-09-25 00:17:17 Image size of job updated: 621
	621  -  MemoryUsage of job (MB)
	636516  -  ResidentSetSize of job (KB)
...
006 (73445010.000.000) 2021-09-25 00:18:18 Image size of job updated: 656
	656  -  MemoryUsage of job (MB)
	672040  -  ResidentSetSize of job (KB)
...
006 (73445010.000.000) 2021-09-25 00:19:18 Image size of job updated: 689
	689  -  MemoryUsage of job (MB)
	706328  -  ResidentSetSize of job (KB)
...
006 (73445010.000.000) 2021-09-25 00:20:18 Image size of job updated: 720
	720  -  MemoryUsage of job (MB)
	737940  -  ResidentSetSize of job (KB)
...
006 (73445010.000.000) 2021-09-25 00:21:19 Image size of job updated: 749
	749  -  MemoryUsage of job (MB)
	767796  -  ResidentSetSize of job (KB)
...
006 (73445010.000.000) 2021-09-25 00:22:19 Image size of job updated: 777
	777  -  MemoryUsage of job (MB)
	796580  -  ResidentSetSize of job (KB)
...
006 (73445010.000.000) 2021-09-25 00:23:19 Image size of job updated: 807
	807  -  MemoryUsage of job (MB)
	826512  -  ResidentSetSize of job (KB)
...
006 (73445010.000.000) 2021-09-25 00:24:20 Image size of job updated: 838
	838  -  MemoryUsage of job (MB)
	858344  -  ResidentSetSize of job (KB)
...
006 (73445010.000.000) 2021-09-25 00:25:21 Image size of job updated: 863
	863  -  MemoryUsage of job (MB)
	884100  -  ResidentSetSize of job (KB)
...
006 (73445010.000.000) 2021-09-25 00:26:21 Image size of job updated: 900
	900  -  MemoryUsage of job (MB)
	921672  -  ResidentSetSize of job (KB)
...
006 (73445010.000.000) 2021-09-25 00:27:21 Image size of job updated: 925
	925  -  MemoryUsage of job (MB)
	947872  -  ResidentSetSize of job (KB)
...
006 (73445010.000.000) 2021-09-25 00:28:22 Image size of job updated: 949
	949  -  MemoryUsage of job (MB)
	971880  -  ResidentSetSize of job (KB)
...
006 (73445010.000.000) 2021-09-25 00:29:23 Image size of job updated: 972
	972  -  MemoryUsage of job (MB)
	995636  -  ResidentSetSize of job (KB)
...
006 (73445010.000.000) 2021-09-25 00:30:23 Image size of job updated: 994
	994  -  MemoryUsage of job (MB)
	1018872  -  ResidentSetSize of job (KB)
...
006 (73445010.000.000) 2021-09-25 00:31:24 Image size of job updated: 1019
	1019  -  MemoryUsage of job (MB)
	1044236  -  ResidentSetSize of job (KB)
...
006 (73445010.000.000) 2021-09-25 00:32:25 Image size of job updated: 1043
	1043  -  MemoryUsage of job (MB)
	1068852  -  ResidentSetSize of job (KB)
...
006 (73445010.000.000) 2021-09-25 00:33:25 Image size of job updated: 1074
	1074  -  MemoryUsage of job (MB)
	1100336  -  ResidentSetSize of job (KB)
...
006 (73445010.000.000) 2021-09-25 00:34:25 Image size of job updated: 1094
	1094  -  MemoryUsage of job (MB)
	1120872  -  ResidentSetSize of job (KB)
...
006 (73445010.000.000) 2021-09-25 00:35:26 Image size of job updated: 1114
	1114  -  MemoryUsage of job (MB)
	1141448  -  ResidentSetSize of job (KB)
...
006 (73445010.000.000) 2021-09-25 00:36:27 Image size of job updated: 1134
	1134  -  MemoryUsage of job (MB)
	1161840  -  ResidentSetSize of job (KB)
...
006 (73445010.000.000) 2021-09-25 00:37:27 Image size of job updated: 1155
	1155  -  MemoryUsage of job (MB)
	1183104  -  ResidentSetSize of job (KB)
...
006 (73445010.000.000) 2021-09-25 00:38:27 Image size of job updated: 1175
	1175  -  MemoryUsage of job (MB)
	1203220  -  ResidentSetSize of job (KB)
...
006 (73445010.000.000) 2021-09-25 00:39:28 Image size of job updated: 1193
	1193  -  MemoryUsage of job (MB)
	1222576  -  ResidentSetSize of job (KB)
...
006 (73445010.000.000) 2021-09-25 00:40:28 Image size of job updated: 1212
	1212  -  MemoryUsage of job (MB)
	1241984  -  ResidentSetSize of job (KB)
...
006 (73445010.000.000) 2021-09-25 00:41:29 Image size of job updated: 1231
	1231  -  MemoryUsage of job (MB)
	1260968  -  ResidentSetSize of job (KB)
...
006 (73445010.000.000) 2021-09-25 00:42:29 Image size of job updated: 1249
	1249  -  MemoryUsage of job (MB)
	1279780  -  ResidentSetSize of job (KB)
...
006 (73445010.000.000) 2021-09-25 00:43:29 Image size of job updated: 1267
	1267  -  MemoryUsage of job (MB)
	1297820  -  ResidentSetSize of job (KB)
...
006 (73445010.000.000) 2021-09-25 00:44:29 Image size of job updated: 1284
	1284  -  MemoryUsage of job (MB)
	1315708  -  ResidentSetSize of job (KB)
...
006 (73445010.000.000) 2021-09-25 00:45:29 Image size of job updated: 1301
	1301  -  MemoryUsage of job (MB)
	1333112  -  ResidentSetSize of job (KB)
...
006 (73445010.000.000) 2021-09-25 00:46:29 Image size of job updated: 1318
	1318  -  MemoryUsage of job (MB)
	1350032  -  ResidentSetSize of job (KB)
...
006 (73445010.000.000) 2021-09-25 00:47:29 Image size of job updated: 1334
	1334  -  MemoryUsage of job (MB)
	1366632  -  ResidentSetSize of job (KB)
...
006 (73445010.000.000) 2021-09-25 00:48:29 Image size of job updated: 1351
	1351  -  MemoryUsage of job (MB)
	1383480  -  ResidentSetSize of job (KB)
...
006 (73445010.000.000) 2021-09-25 00:49:30 Image size of job updated: 1367
	1367  -  MemoryUsage of job (MB)
	1400092  -  ResidentSetSize of job (KB)
...
006 (73445010.000.000) 2021-09-25 00:50:30 Image size of job updated: 1383
	1383  -  MemoryUsage of job (MB)
	1416436  -  ResidentSetSize of job (KB)
...
006 (73445010.000.000) 2021-09-25 00:51:32 Image size of job updated: 1399
	1399  -  MemoryUsage of job (MB)
	1432604  -  ResidentSetSize of job (KB)
...
006 (73445010.000.000) 2021-09-25 00:52:32 Image size of job updated: 1414
	1414  -  MemoryUsage of job (MB)
	1448068  -  ResidentSetSize of job (KB)
...
006 (73445010.000.000) 2021-09-25 00:53:32 Image size of job updated: 1428
	1428  -  MemoryUsage of job (MB)
	1463192  -  ResidentSetSize of job (KB)
...
006 (73445010.000.000) 2021-09-25 00:54:33 Image size of job updated: 1443
	1443  -  MemoryUsage of job (MB)
	1478488  -  ResidentSetSize of job (KB)
...
006 (73445010.000.000) 2021-09-25 00:55:34 Image size of job updated: 1458
	1458  -  MemoryUsage of job (MB)
	1493436  -  ResidentSetSize of job (KB)
...
006 (73445010.000.000) 2021-09-25 00:56:34 Image size of job updated: 1472
	1472  -  MemoryUsage of job (MB)
	1508048  -  ResidentSetSize of job (KB)
...
006 (73445010.000.000) 2021-09-25 00:57:34 Image size of job updated: 1487
	1487  -  MemoryUsage of job (MB)
	1523200  -  ResidentSetSize of job (KB)
...
006 (73445010.000.000) 2021-09-25 00:58:34 Image size of job updated: 1502
	1502  -  MemoryUsage of job (MB)
	1538296  -  ResidentSetSize of job (KB)
...
006 (73445010.000.000) 2021-09-25 00:59:35 Image size of job updated: 1516
	1516  -  MemoryUsage of job (MB)
	1553244  -  ResidentSetSize of job (KB)
...
006 (73445010.000.000) 2021-09-25 01:00:36 Image size of job updated: 1531
	1531  -  MemoryUsage of job (MB)
	1567808  -  ResidentSetSize of job (KB)
...
006 (73445010.000.000) 2021-09-25 01:01:36 Image size of job updated: 1553
	1553  -  MemoryUsage of job (MB)
	1591284  -  ResidentSetSize of job (KB)
...
006 (73445010.000.000) 2021-09-25 01:02:37 Image size of job updated: 1621
	1621  -  MemoryUsage of job (MB)
	1660824  -  ResidentSetSize of job (KB)
...
006 (73445010.000.000) 2021-09-25 01:03:38 Image size of job updated: 1629
	1629  -  MemoryUsage of job (MB)
	1668396  -  ResidentSetSize of job (KB)
...
006 (73445010.000.000) 2021-09-25 01:04:38 Image size of job updated: 1631
	1631  -  MemoryUsage of job (MB)
	1670868  -  ResidentSetSize of job (KB)
...
006 (73445010.000.000) 2021-09-25 01:05:38 Image size of job updated: 1635
	1635  -  MemoryUsage of job (MB)
	1674444  -  ResidentSetSize of job (KB)
...
006 (73445010.000.000) 2021-09-25 01:06:39 Image size of job updated: 1636
	1636  -  MemoryUsage of job (MB)
	1675948  -  ResidentSetSize of job (KB)
...
006 (73445010.000.000) 2021-09-25 01:07:39 Image size of job updated: 1638
	1638  -  MemoryUsage of job (MB)
	1678252  -  ResidentSetSize of job (KB)
...
006 (73445010.000.000) 2021-09-25 01:08:39 Image size of job updated: 1639
	1639  -  MemoryUsage of job (MB)
	1679028  -  ResidentSetSize of job (KB)
...
006 (73445010.000.000) 2021-09-25 01:09:39 Image size of job updated: 1640
	1640  -  MemoryUsage of job (MB)
	1679872  -  ResidentSetSize of job (KB)
...
006 (73445010.000.000) 2021-09-25 01:10:40 Image size of job updated: 1641
	1641  -  MemoryUsage of job (MB)
	1680892  -  ResidentSetSize of job (KB)
...
006 (73445010.000.000) 2021-09-25 01:11:41 Image size of job updated: 1642
	1642  -  MemoryUsage of job (MB)
	1681504  -  ResidentSetSize of job (KB)
...
006 (73445010.000.000) 2021-09-25 01:12:41 Image size of job updated: 1642
	1642  -  MemoryUsage of job (MB)
	1682300  -  ResidentSetSize of job (KB)
...
006 (73445010.000.000) 2021-09-25 01:13:42 Image size of job updated: 1643
	1643  -  MemoryUsage of job (MB)
	1682488  -  ResidentSetSize of job (KB)
...
006 (73445010.000.000) 2021-09-25 01:14:43 Image size of job updated: 1644
	1644  -  MemoryUsage of job (MB)
	1683972  -  ResidentSetSize of job (KB)
...
006 (73445010.000.000) 2021-09-25 01:15:44 Image size of job updated: 1644
	1644  -  MemoryUsage of job (MB)
	1684316  -  ResidentSetSize of job (KB)
...
006 (73445010.000.000) 2021-09-25 01:16:44 Image size of job updated: 1646
	1646  -  MemoryUsage of job (MB)
	1685776  -  ResidentSetSize of job (KB)
...
006 (73445010.000.000) 2021-09-25 01:17:45 Image size of job updated: 1646
	1646  -  MemoryUsage of job (MB)
	1686316  -  ResidentSetSize of job (KB)
...
006 (73445010.000.000) 2021-09-25 01:18:46 Image size of job updated: 1646
	1646  -  MemoryUsage of job (MB)
	1686380  -  ResidentSetSize of job (KB)
...
006 (73445010.000.000) 2021-09-25 01:19:47 Image size of job updated: 1646
	1646  -  MemoryUsage of job (MB)
	1686452  -  ResidentSetSize of job (KB)
...
006 (73445010.000.000) 2021-09-25 01:20:48 Image size of job updated: 1648
	1648  -  MemoryUsage of job (MB)
	1687572  -  ResidentSetSize of job (KB)
...
006 (73445010.000.000) 2021-09-25 01:21:49 Image size of job updated: 1648
	1648  -  MemoryUsage of job (MB)
	1688308  -  ResidentSetSize of job (KB)
...
006 (73445010.000.000) 2021-09-25 01:22:49 Image size of job updated: 1649
	1649  -  MemoryUsage of job (MB)
	1688952  -  ResidentSetSize of job (KB)
...
006 (73445010.000.000) 2021-09-25 01:23:49 Image size of job updated: 1650
	1650  -  MemoryUsage of job (MB)
	1689772  -  ResidentSetSize of job (KB)
...
006 (73445010.000.000) 2021-09-25 01:24:49 Image size of job updated: 1650
	1650  -  MemoryUsage of job (MB)
	1690220  -  ResidentSetSize of job (KB)
...
006 (73445010.000.000) 2021-09-25 01:25:50 Image size of job updated: 1651
	1651  -  MemoryUsage of job (MB)
	1691032  -  ResidentSetSize of job (KB)
...
006 (73445010.000.000) 2021-09-25 01:26:51 Image size of job updated: 1652
	1652  -  MemoryUsage of job (MB)
	1691832  -  ResidentSetSize of job (KB)
...
006 (73445010.000.000) 2021-09-25 01:27:52 Image size of job updated: 1652
	1652  -  MemoryUsage of job (MB)
	1692300  -  ResidentSetSize of job (KB)
...
006 (73445010.000.000) 2021-09-25 01:28:53 Image size of job updated: 1653
	1653  -  MemoryUsage of job (MB)
	1692852  -  ResidentSetSize of job (KB)
...
006 (73445010.000.000) 2021-09-25 01:29:53 Image size of job updated: 1653
	1653  -  MemoryUsage of job (MB)
	1693316  -  ResidentSetSize of job (KB)
...
006 (73445010.000.000) 2021-09-25 01:30:54 Image size of job updated: 1654
	1654  -  MemoryUsage of job (MB)
	1693916  -  ResidentSetSize of job (KB)
...
006 (73445010.000.000) 2021-09-25 01:31:55 Image size of job updated: 1654
	1654  -  MemoryUsage of job (MB)
	1694432  -  ResidentSetSize of job (KB)
...
006 (73445010.000.000) 2021-09-25 01:32:55 Image size of job updated: 1655
	1655  -  MemoryUsage of job (MB)
	1695356  -  ResidentSetSize of job (KB)
...
006 (73445010.000.000) 2021-09-25 01:33:56 Image size of job updated: 1656
	1656  -  MemoryUsage of job (MB)
	1695828  -  ResidentSetSize of job (KB)
...
006 (73445010.000.000) 2021-09-25 01:34:56 Image size of job updated: 1656
	1656  -  MemoryUsage of job (MB)
	1696208  -  ResidentSetSize of job (KB)
...
006 (73445010.000.000) 2021-09-25 01:35:57 Image size of job updated: 1656
	1656  -  MemoryUsage of job (MB)
	1696648  -  ResidentSetSize of job (KB)
...
006 (73445010.000.000) 2021-09-25 01:36:58 Image size of job updated: 1657
	1657  -  MemoryUsage of job (MB)
	1697084  -  ResidentSetSize of job (KB)
...
006 (73445010.000.000) 2021-09-25 01:37:59 Image size of job updated: 1657
	1657  -  MemoryUsage of job (MB)
	1697504  -  ResidentSetSize of job (KB)
...
006 (73445010.000.000) 2021-09-25 01:38:59 Image size of job updated: 1658
	1658  -  MemoryUsage of job (MB)
	1697900  -  ResidentSetSize of job (KB)
...
006 (73445010.000.000) 2021-09-25 01:40:00 Image size of job updated: 1658
	1658  -  MemoryUsage of job (MB)
	1698360  -  ResidentSetSize of job (KB)
...
006 (73445010.000.000) 2021-09-25 01:41:01 Image size of job updated: 1658
	1658  -  MemoryUsage of job (MB)
	1698672  -  ResidentSetSize of job (KB)
...
006 (73445010.000.000) 2021-09-25 01:42:01 Image size of job updated: 1659
	1659  -  MemoryUsage of job (MB)
	1699096  -  ResidentSetSize of job (KB)
...
006 (73445010.000.000) 2021-09-25 01:43:02 Image size of job updated: 1659
	1659  -  MemoryUsage of job (MB)
	1699440  -  ResidentSetSize of job (KB)
...
006 (73445010.000.000) 2021-09-25 01:44:03 Image size of job updated: 1659
	1659  -  MemoryUsage of job (MB)
	1699684  -  ResidentSetSize of job (KB)
...
006 (73445010.000.000) 2021-09-25 01:45:03 Image size of job updated: 1660
	1660  -  MemoryUsage of job (MB)
	1700032  -  ResidentSetSize of job (KB)
...
006 (73445010.000.000) 2021-09-25 01:46:03 Image size of job updated: 1660
	1660  -  MemoryUsage of job (MB)
	1700212  -  ResidentSetSize of job (KB)
...
006 (73445010.000.000) 2021-09-25 01:47:04 Image size of job updated: 1660
	1660  -  MemoryUsage of job (MB)
	1700296  -  ResidentSetSize of job (KB)
...
006 (73445010.000.000) 2021-09-25 01:48:04 Image size of job updated: 1660
	1660  -  MemoryUsage of job (MB)
	1700408  -  ResidentSetSize of job (KB)
...
006 (73445010.000.000) 2021-09-25 01:49:05 Image size of job updated: 1661
	1661  -  MemoryUsage of job (MB)
	1701336  -  ResidentSetSize of job (KB)
...
006 (73445010.000.000) 2021-09-25 01:50:05 Image size of job updated: 1662
	1662  -  MemoryUsage of job (MB)
	1702020  -  ResidentSetSize of job (KB)
...
006 (73445010.000.000) 2021-09-25 01:51:07 Image size of job updated: 1662
	1662  -  MemoryUsage of job (MB)
	1702472  -  ResidentSetSize of job (KB)
...
006 (73445010.000.000) 2021-09-25 01:52:07 Image size of job updated: 1662
	1662  -  MemoryUsage of job (MB)
	1702852  -  ResidentSetSize of job (KB)
...
006 (73445010.000.000) 2021-09-25 01:53:07 Image size of job updated: 1663
	1663  -  MemoryUsage of job (MB)
	1703312  -  ResidentSetSize of job (KB)
...
006 (73445010.000.000) 2021-09-25 01:54:08 Image size of job updated: 1663
	1663  -  MemoryUsage of job (MB)
	1703468  -  ResidentSetSize of job (KB)
...
006 (73445010.000.000) 2021-09-25 01:55:09 Image size of job updated: 1663
	1663  -  MemoryUsage of job (MB)
	1703796  -  ResidentSetSize of job (KB)
...
006 (73445010.000.000) 2021-09-25 01:56:10 Image size of job updated: 1664
	1664  -  MemoryUsage of job (MB)
	1704236  -  ResidentSetSize of job (KB)
...
006 (73445010.000.000) 2021-09-25 01:57:11 Image size of job updated: 1664
	1664  -  MemoryUsage of job (MB)
	1704740  -  ResidentSetSize of job (KB)
...
006 (73445010.000.000) 2021-09-25 01:58:11 Image size of job updated: 1665
	1665  -  MemoryUsage of job (MB)
	1705064  -  ResidentSetSize of job (KB)
...
006 (73445010.000.000) 2021-09-25 01:59:11 Image size of job updated: 1665
	1665  -  MemoryUsage of job (MB)
	1705392  -  ResidentSetSize of job (KB)
...
006 (73445010.000.000) 2021-09-25 02:00:11 Image size of job updated: 1665
	1665  -  MemoryUsage of job (MB)
	1705756  -  ResidentSetSize of job (KB)
...
006 (73445010.000.000) 2021-09-25 02:01:12 Image size of job updated: 1666
	1666  -  MemoryUsage of job (MB)
	1706172  -  ResidentSetSize of job (KB)
...
006 (73445010.000.000) 2021-09-25 02:02:13 Image size of job updated: 1666
	1666  -  MemoryUsage of job (MB)
	1706612  -  ResidentSetSize of job (KB)
...
006 (73445010.000.000) 2021-09-25 02:03:14 Image size of job updated: 1667
	1667  -  MemoryUsage of job (MB)
	1707008  -  ResidentSetSize of job (KB)
...
006 (73445010.000.000) 2021-09-25 02:04:14 Image size of job updated: 1667
	1667  -  MemoryUsage of job (MB)
	1707360  -  ResidentSetSize of job (KB)
...
006 (73445010.000.000) 2021-09-25 02:05:15 Image size of job updated: 1667
	1667  -  MemoryUsage of job (MB)
	1707696  -  ResidentSetSize of job (KB)
...
006 (73445010.000.000) 2021-09-25 02:06:16 Image size of job updated: 1667
	1667  -  MemoryUsage of job (MB)
	1707856  -  ResidentSetSize of job (KB)
...
006 (73445010.000.000) 2021-09-25 02:07:16 Image size of job updated: 1668
	1668  -  MemoryUsage of job (MB)
	1708196  -  ResidentSetSize of job (KB)
...
006 (73445010.000.000) 2021-09-25 02:08:17 Image size of job updated: 1668
	1668  -  MemoryUsage of job (MB)
	1708712  -  ResidentSetSize of job (KB)
...
006 (73445010.000.000) 2021-09-25 02:09:17 Image size of job updated: 1669
	1669  -  MemoryUsage of job (MB)
	1709092  -  ResidentSetSize of job (KB)
...
006 (73445010.000.000) 2021-09-25 02:10:17 Image size of job updated: 1669
	1669  -  MemoryUsage of job (MB)
	1709776  -  ResidentSetSize of job (KB)
...
006 (73445010.000.000) 2021-09-25 02:11:17 Image size of job updated: 1669
	1669  -  MemoryUsage of job (MB)
	1710004  -  ResidentSetSize of job (KB)
...
006 (73445010.000.000) 2021-09-25 02:12:18 Image size of job updated: 1670
	1670  -  MemoryUsage of job (MB)
	1710732  -  ResidentSetSize of job (KB)
...
006 (73445010.000.000) 2021-09-25 02:13:19 Image size of job updated: 1670
	1670  -  MemoryUsage of job (MB)
	1710996  -  ResidentSetSize of job (KB)
...
006 (73445010.000.000) 2021-09-25 02:14:19 Image size of job updated: 1670
	1670  -  MemoryUsage of job (MB)
	1711080  -  ResidentSetSize of job (KB)
...
006 (73445010.000.000) 2021-09-25 02:15:21 Image size of job updated: 1671
	1671  -  MemoryUsage of job (MB)
	1711388  -  ResidentSetSize of job (KB)
...
006 (73445010.000.000) 2021-09-25 02:16:21 Image size of job updated: 1671
	1671  -  MemoryUsage of job (MB)
	1712036  -  ResidentSetSize of job (KB)
...
006 (73445010.000.000) 2021-09-25 02:17:22 Image size of job updated: 1672
	1672  -  MemoryUsage of job (MB)
	1712952  -  ResidentSetSize of job (KB)
...
006 (73445010.000.000) 2021-09-25 02:18:23 Image size of job updated: 1673
	1673  -  MemoryUsage of job (MB)
	1714032  -  ResidentSetSize of job (KB)
...
006 (73445010.000.000) 2021-09-25 02:19:24 Image size of job updated: 1674
	1674  -  MemoryUsage of job (MB)
	1714512  -  ResidentSetSize of job (KB)
...
006 (73445010.000.000) 2021-09-25 02:20:24 Image size of job updated: 1675
	1675  -  MemoryUsage of job (MB)
	1715212  -  ResidentSetSize of job (KB)
...
006 (73445010.000.000) 2021-09-25 02:21:24 Image size of job updated: 1675
	1675  -  MemoryUsage of job (MB)
	1715760  -  ResidentSetSize of job (KB)
...
006 (73445010.000.000) 2021-09-25 02:22:24 Image size of job updated: 1675
	1675  -  MemoryUsage of job (MB)
	1716184  -  ResidentSetSize of job (KB)
...
006 (73445010.000.000) 2021-09-25 02:23:25 Image size of job updated: 1676
	1676  -  MemoryUsage of job (MB)
	1717016  -  ResidentSetSize of job (KB)
...
006 (73445010.000.000) 2021-09-25 02:24:25 Image size of job updated: 1677
	1677  -  MemoryUsage of job (MB)
	1717368  -  ResidentSetSize of job (KB)
...
006 (73445010.000.000) 2021-09-25 02:25:26 Image size of job updated: 1677
	1677  -  MemoryUsage of job (MB)
	1717844  -  ResidentSetSize of job (KB)
...
006 (73445010.000.000) 2021-09-25 02:26:27 Image size of job updated: 1678
	1678  -  MemoryUsage of job (MB)
	1718288  -  ResidentSetSize of job (KB)
...
006 (73445010.000.000) 2021-09-25 02:27:27 Image size of job updated: 1678
	1678  -  MemoryUsage of job (MB)
	1718700  -  ResidentSetSize of job (KB)
...
006 (73445010.000.000) 2021-09-25 02:28:27 Image size of job updated: 1678
	1678  -  MemoryUsage of job (MB)
	1718928  -  ResidentSetSize of job (KB)
...
006 (73445010.000.000) 2021-09-25 02:29:28 Image size of job updated: 1679
	1679  -  MemoryUsage of job (MB)
	1719312  -  ResidentSetSize of job (KB)
...
006 (73445010.000.000) 2021-09-25 02:30:30 Image size of job updated: 1679
	1679  -  MemoryUsage of job (MB)
	1719744  -  ResidentSetSize of job (KB)
...
006 (73445010.000.000) 2021-09-25 02:31:30 Image size of job updated: 1679
	1679  -  MemoryUsage of job (MB)
	1720280  -  ResidentSetSize of job (KB)
...
006 (73445010.000.000) 2021-09-25 02:32:32 Image size of job updated: 1680
	1680  -  MemoryUsage of job (MB)
	1720612  -  ResidentSetSize of job (KB)
...
006 (73445010.000.000) 2021-09-25 02:33:32 Image size of job updated: 1680
	1680  -  MemoryUsage of job (MB)
	1721000  -  ResidentSetSize of job (KB)
...
006 (73445010.000.000) 2021-09-25 02:34:33 Image size of job updated: 1680
	1680  -  MemoryUsage of job (MB)
	1721252  -  ResidentSetSize of job (KB)
...
006 (73445010.000.000) 2021-09-25 02:35:34 Image size of job updated: 1681
	1681  -  MemoryUsage of job (MB)
	1721628  -  ResidentSetSize of job (KB)
...
006 (73445010.000.000) 2021-09-25 02:36:34 Image size of job updated: 1681
	1681  -  MemoryUsage of job (MB)
	1722112  -  ResidentSetSize of job (KB)
...
006 (73445010.000.000) 2021-09-25 02:37:34 Image size of job updated: 1681
	1681  -  MemoryUsage of job (MB)
	1722216  -  ResidentSetSize of job (KB)
...
006 (73445010.000.000) 2021-09-25 02:38:35 Image size of job updated: 1682
	1682  -  MemoryUsage of job (MB)
	1722592  -  ResidentSetSize of job (KB)
...
006 (73445010.000.000) 2021-09-25 02:39:36 Image size of job updated: 1682
	1682  -  MemoryUsage of job (MB)
	1723024  -  ResidentSetSize of job (KB)
...
006 (73445010.000.000) 2021-09-25 02:40:37 Image size of job updated: 1682
	1682  -  MemoryUsage of job (MB)
	1723384  -  ResidentSetSize of job (KB)
...
006 (73445010.000.000) 2021-09-25 02:41:37 Image size of job updated: 1683
	1683  -  MemoryUsage of job (MB)
	1723820  -  ResidentSetSize of job (KB)
...
006 (73445010.000.000) 2021-09-25 02:42:37 Image size of job updated: 1683
	1683  -  MemoryUsage of job (MB)
	1724052  -  ResidentSetSize of job (KB)
...
006 (73445010.000.000) 2021-09-25 02:43:38 Image size of job updated: 1683
	1683  -  MemoryUsage of job (MB)
	1724400  -  ResidentSetSize of job (KB)
...
006 (73445010.000.000) 2021-09-25 02:44:39 Image size of job updated: 1684
	1684  -  MemoryUsage of job (MB)
	1724852  -  ResidentSetSize of job (KB)
...
040 (73445010.000.000) 2021-09-25 02:45:07 Started transferring output files
...
040 (73445010.000.000) 2021-09-25 02:45:07 Finished transferring output files
...
005 (73445010.000.000) 2021-09-25 02:45:08 Job terminated.
	(1) Normal termination (return value 0)
		Usr 0 00:00:00, Sys 0 00:00:00  -  Run Remote Usage
		Usr 0 00:00:00, Sys 0 00:00:00  -  Run Local Usage
		Usr 0 00:59:03, Sys 0 01:34:03  -  Total Remote Usage
		Usr 0 00:00:00, Sys 0 00:00:00  -  Total Local Usage
	1223886  -  Run Bytes Sent By Job
	8471570  -  Run Bytes Received By Job
	1223886  -  Total Bytes Sent By Job
	8471570  -  Total Bytes Received By Job
	Partitionable Resources :    Usage  Request Allocated 
	   Cpus                 :        0        1         1 
	   Disk (KB)            :    15522    10000   1621853 
	   Memory (MB)          :     1684     2048      2048 

	Job terminated of its own accord at 2021-09-25T07:45:07Z.
...
