000 (14656368.000.000) 2021-09-18 19:09:24 Job submitted from host: <131.225.188.55:9618?addrs=131.225.188.55-9618&alias=lpcschedd1.fnal.gov&noUDP&sock=schedd_2070_6d22>
...
040 (14656368.000.000) 2021-09-18 19:25:43 Started transferring input files
	Transferring to host: <131.225.188.68:9618?addrs=131.225.188.68-9618&alias=cmswn2037.fnal.gov&noUDP&sock=slot1_25_2006_288b_671>
...
040 (14656368.000.000) 2021-09-18 19:25:43 Finished transferring input files
...
001 (14656368.000.000) 2021-09-18 19:25:44 Job executing on host: <131.225.188.68:9618?addrs=131.225.188.68-9618&alias=cmswn2037.fnal.gov&noUDP&sock=startd_1909_fe62>
...
006 (14656368.000.000) 2021-09-18 19:25:55 Image size of job updated: 14
	14  -  MemoryUsage of job (MB)
	15172  -  ResidentSetSize of job (KB)
...
006 (14656368.000.000) 2021-09-18 19:26:55 Image size of job updated: 105
	105  -  MemoryUsage of job (MB)
	108312  -  ResidentSetSize of job (KB)
...
006 (14656368.000.000) 2021-09-18 19:27:56 Image size of job updated: 314
	314  -  MemoryUsage of job (MB)
	322544  -  ResidentSetSize of job (KB)
...
006 (14656368.000.000) 2021-09-18 19:28:56 Image size of job updated: 556
	556  -  MemoryUsage of job (MB)
	569812  -  ResidentSetSize of job (KB)
...
006 (14656368.000.000) 2021-09-18 19:33:59 Image size of job updated: 599
	599  -  MemoryUsage of job (MB)
	613416  -  ResidentSetSize of job (KB)
...
006 (14656368.000.000) 2021-09-18 19:34:59 Image size of job updated: 639
	639  -  MemoryUsage of job (MB)
	654592  -  ResidentSetSize of job (KB)
...
006 (14656368.000.000) 2021-09-18 19:35:59 Image size of job updated: 678
	678  -  MemoryUsage of job (MB)
	695168  -  ResidentSetSize of job (KB)
...
006 (14656368.000.000) 2021-09-18 19:36:59 Image size of job updated: 715
	715  -  MemoryUsage of job (MB)
	732708  -  ResidentSetSize of job (KB)
...
006 (14656368.000.000) 2021-09-18 19:38:00 Image size of job updated: 750
	750  -  MemoryUsage of job (MB)
	768116  -  ResidentSetSize of job (KB)
...
006 (14656368.000.000) 2021-09-18 19:39:02 Image size of job updated: 782
	782  -  MemoryUsage of job (MB)
	801344  -  ResidentSetSize of job (KB)
...
006 (14656368.000.000) 2021-09-18 19:40:04 Image size of job updated: 814
	814  -  MemoryUsage of job (MB)
	833828  -  ResidentSetSize of job (KB)
...
006 (14656368.000.000) 2021-09-18 19:41:04 Image size of job updated: 842
	842  -  MemoryUsage of job (MB)
	863144  -  ResidentSetSize of job (KB)
...
006 (14656368.000.000) 2021-09-18 19:42:04 Image size of job updated: 871
	871  -  MemoryUsage of job (MB)
	892432  -  ResidentSetSize of job (KB)
...
006 (14656368.000.000) 2021-09-18 19:43:05 Image size of job updated: 910
	910  -  MemoryUsage of job (MB)
	932772  -  ResidentSetSize of job (KB)
...
006 (14656368.000.000) 2021-09-18 19:44:06 Image size of job updated: 939
	939  -  MemoryUsage of job (MB)
	962104  -  ResidentSetSize of job (KB)
...
006 (14656368.000.000) 2021-09-18 19:45:06 Image size of job updated: 963
	963  -  MemoryUsage of job (MB)
	986644  -  ResidentSetSize of job (KB)
...
006 (14656368.000.000) 2021-09-18 19:46:06 Image size of job updated: 989
	989  -  MemoryUsage of job (MB)
	1012908  -  ResidentSetSize of job (KB)
...
006 (14656368.000.000) 2021-09-18 19:47:06 Image size of job updated: 1012
	1012  -  MemoryUsage of job (MB)
	1037260  -  ResidentSetSize of job (KB)
...
006 (14656368.000.000) 2021-09-18 19:48:06 Image size of job updated: 1041
	1041  -  MemoryUsage of job (MB)
	1066632  -  ResidentSetSize of job (KB)
...
006 (14656368.000.000) 2021-09-18 19:49:07 Image size of job updated: 1075
	1075  -  MemoryUsage of job (MB)
	1101016  -  ResidentSetSize of job (KB)
...
006 (14656368.000.000) 2021-09-18 19:50:08 Image size of job updated: 1095
	1095  -  MemoryUsage of job (MB)
	1121980  -  ResidentSetSize of job (KB)
...
006 (14656368.000.000) 2021-09-18 19:51:09 Image size of job updated: 1118
	1118  -  MemoryUsage of job (MB)
	1145264  -  ResidentSetSize of job (KB)
...
006 (14656368.000.000) 2021-09-18 19:52:10 Image size of job updated: 1140
	1140  -  MemoryUsage of job (MB)
	1167996  -  ResidentSetSize of job (KB)
...
006 (14656368.000.000) 2021-09-18 19:53:11 Image size of job updated: 1160
	1160  -  MemoryUsage of job (MB)
	1188580  -  ResidentSetSize of job (KB)
...
006 (14656368.000.000) 2021-09-18 19:54:12 Image size of job updated: 1182
	1182  -  MemoryUsage of job (MB)
	1210516  -  ResidentSetSize of job (KB)
...
006 (14656368.000.000) 2021-09-18 19:55:12 Image size of job updated: 1200
	1200  -  MemoryUsage of job (MB)
	1229296  -  ResidentSetSize of job (KB)
...
006 (14656368.000.000) 2021-09-18 19:56:13 Image size of job updated: 1221
	1221  -  MemoryUsage of job (MB)
	1250408  -  ResidentSetSize of job (KB)
...
006 (14656368.000.000) 2021-09-18 19:57:15 Image size of job updated: 1241
	1241  -  MemoryUsage of job (MB)
	1270944  -  ResidentSetSize of job (KB)
...
006 (14656368.000.000) 2021-09-18 19:58:15 Image size of job updated: 1258
	1258  -  MemoryUsage of job (MB)
	1289024  -  ResidentSetSize of job (KB)
...
006 (14656368.000.000) 2021-09-18 19:59:15 Image size of job updated: 1278
	1278  -  MemoryUsage of job (MB)
	1308916  -  ResidentSetSize of job (KB)
...
006 (14656368.000.000) 2021-09-18 20:00:16 Image size of job updated: 1295
	1295  -  MemoryUsage of job (MB)
	1326152  -  ResidentSetSize of job (KB)
...
006 (14656368.000.000) 2021-09-18 20:01:17 Image size of job updated: 1313
	1313  -  MemoryUsage of job (MB)
	1345332  -  ResidentSetSize of job (KB)
...
006 (14656368.000.000) 2021-09-18 20:02:17 Image size of job updated: 1332
	1332  -  MemoryUsage of job (MB)
	1363972  -  ResidentSetSize of job (KB)
...
006 (14656368.000.000) 2021-09-18 20:03:18 Image size of job updated: 1348
	1348  -  MemoryUsage of job (MB)
	1380484  -  ResidentSetSize of job (KB)
...
006 (14656368.000.000) 2021-09-18 20:04:19 Image size of job updated: 1366
	1366  -  MemoryUsage of job (MB)
	1399040  -  ResidentSetSize of job (KB)
...
006 (14656368.000.000) 2021-09-18 20:05:19 Image size of job updated: 1381
	1381  -  MemoryUsage of job (MB)
	1415076  -  ResidentSetSize of job (KB)
...
006 (14656368.000.000) 2021-09-18 20:06:21 Image size of job updated: 1401
	1401  -  MemoryUsage of job (MB)
	1434960  -  ResidentSetSize of job (KB)
...
006 (14656368.000.000) 2021-09-18 20:07:21 Image size of job updated: 1416
	1416  -  MemoryUsage of job (MB)
	1450376  -  ResidentSetSize of job (KB)
...
006 (14656368.000.000) 2021-09-18 20:08:22 Image size of job updated: 1431
	1431  -  MemoryUsage of job (MB)
	1465948  -  ResidentSetSize of job (KB)
...
006 (14656368.000.000) 2021-09-18 20:09:23 Image size of job updated: 1448
	1448  -  MemoryUsage of job (MB)
	1483348  -  ResidentSetSize of job (KB)
...
006 (14656368.000.000) 2021-09-18 20:10:23 Image size of job updated: 1463
	1463  -  MemoryUsage of job (MB)
	1498548  -  ResidentSetSize of job (KB)
...
006 (14656368.000.000) 2021-09-18 20:11:23 Image size of job updated: 1479
	1479  -  MemoryUsage of job (MB)
	1515320  -  ResidentSetSize of job (KB)
...
006 (14656368.000.000) 2021-09-18 20:12:24 Image size of job updated: 1494
	1494  -  MemoryUsage of job (MB)
	1530176  -  ResidentSetSize of job (KB)
...
006 (14656368.000.000) 2021-09-18 20:13:24 Image size of job updated: 1510
	1510  -  MemoryUsage of job (MB)
	1546560  -  ResidentSetSize of job (KB)
...
006 (14656368.000.000) 2021-09-18 20:14:24 Image size of job updated: 1524
	1524  -  MemoryUsage of job (MB)
	1561124  -  ResidentSetSize of job (KB)
...
006 (14656368.000.000) 2021-09-18 20:15:26 Image size of job updated: 1544
	1544  -  MemoryUsage of job (MB)
	1581528  -  ResidentSetSize of job (KB)
...
006 (14656368.000.000) 2021-09-18 20:16:27 Image size of job updated: 1625
	1625  -  MemoryUsage of job (MB)
	1664440  -  ResidentSetSize of job (KB)
...
006 (14656368.000.000) 2021-09-18 20:17:28 Image size of job updated: 1635
	1635  -  MemoryUsage of job (MB)
	1674388  -  ResidentSetSize of job (KB)
...
006 (14656368.000.000) 2021-09-18 20:18:29 Image size of job updated: 1642
	1642  -  MemoryUsage of job (MB)
	1681908  -  ResidentSetSize of job (KB)
...
006 (14656368.000.000) 2021-09-18 20:19:30 Image size of job updated: 1647
	1647  -  MemoryUsage of job (MB)
	1687236  -  ResidentSetSize of job (KB)
...
006 (14656368.000.000) 2021-09-18 20:20:30 Image size of job updated: 1650
	1650  -  MemoryUsage of job (MB)
	1689944  -  ResidentSetSize of job (KB)
...
006 (14656368.000.000) 2021-09-18 20:21:32 Image size of job updated: 1652
	1652  -  MemoryUsage of job (MB)
	1692244  -  ResidentSetSize of job (KB)
...
006 (14656368.000.000) 2021-09-18 20:22:32 Image size of job updated: 1653
	1653  -  MemoryUsage of job (MB)
	1693672  -  ResidentSetSize of job (KB)
...
006 (14656368.000.000) 2021-09-18 20:23:32 Image size of job updated: 1655
	1655  -  MemoryUsage of job (MB)
	1695436  -  ResidentSetSize of job (KB)
...
006 (14656368.000.000) 2021-09-18 20:24:33 Image size of job updated: 1657
	1657  -  MemoryUsage of job (MB)
	1697116  -  ResidentSetSize of job (KB)
...
006 (14656368.000.000) 2021-09-18 20:25:34 Image size of job updated: 1658
	1658  -  MemoryUsage of job (MB)
	1698412  -  ResidentSetSize of job (KB)
...
006 (14656368.000.000) 2021-09-18 20:26:34 Image size of job updated: 1659
	1659  -  MemoryUsage of job (MB)
	1699644  -  ResidentSetSize of job (KB)
...
006 (14656368.000.000) 2021-09-18 20:27:35 Image size of job updated: 1661
	1661  -  MemoryUsage of job (MB)
	1701320  -  ResidentSetSize of job (KB)
...
006 (14656368.000.000) 2021-09-18 20:28:35 Image size of job updated: 1662
	1662  -  MemoryUsage of job (MB)
	1702488  -  ResidentSetSize of job (KB)
...
006 (14656368.000.000) 2021-09-18 20:29:36 Image size of job updated: 1664
	1664  -  MemoryUsage of job (MB)
	1704092  -  ResidentSetSize of job (KB)
...
006 (14656368.000.000) 2021-09-18 20:30:36 Image size of job updated: 1665
	1665  -  MemoryUsage of job (MB)
	1705300  -  ResidentSetSize of job (KB)
...
006 (14656368.000.000) 2021-09-18 20:31:37 Image size of job updated: 1666
	1666  -  MemoryUsage of job (MB)
	1706680  -  ResidentSetSize of job (KB)
...
006 (14656368.000.000) 2021-09-18 20:32:37 Image size of job updated: 1668
	1668  -  MemoryUsage of job (MB)
	1708232  -  ResidentSetSize of job (KB)
...
006 (14656368.000.000) 2021-09-18 20:33:37 Image size of job updated: 1669
	1669  -  MemoryUsage of job (MB)
	1709496  -  ResidentSetSize of job (KB)
...
006 (14656368.000.000) 2021-09-18 20:34:38 Image size of job updated: 1670
	1670  -  MemoryUsage of job (MB)
	1710956  -  ResidentSetSize of job (KB)
...
006 (14656368.000.000) 2021-09-18 20:35:38 Image size of job updated: 1672
	1672  -  MemoryUsage of job (MB)
	1712136  -  ResidentSetSize of job (KB)
...
006 (14656368.000.000) 2021-09-18 20:36:39 Image size of job updated: 1673
	1673  -  MemoryUsage of job (MB)
	1713720  -  ResidentSetSize of job (KB)
...
006 (14656368.000.000) 2021-09-18 20:37:40 Image size of job updated: 1674
	1674  -  MemoryUsage of job (MB)
	1714972  -  ResidentSetSize of job (KB)
...
006 (14656368.000.000) 2021-09-18 20:38:41 Image size of job updated: 1676
	1676  -  MemoryUsage of job (MB)
	1716524  -  ResidentSetSize of job (KB)
...
006 (14656368.000.000) 2021-09-18 20:39:41 Image size of job updated: 1677
	1677  -  MemoryUsage of job (MB)
	1717956  -  ResidentSetSize of job (KB)
...
006 (14656368.000.000) 2021-09-18 20:40:42 Image size of job updated: 1679
	1679  -  MemoryUsage of job (MB)
	1719376  -  ResidentSetSize of job (KB)
...
006 (14656368.000.000) 2021-09-18 20:41:44 Image size of job updated: 1680
	1680  -  MemoryUsage of job (MB)
	1720792  -  ResidentSetSize of job (KB)
...
006 (14656368.000.000) 2021-09-18 20:42:44 Image size of job updated: 1681
	1681  -  MemoryUsage of job (MB)
	1722252  -  ResidentSetSize of job (KB)
...
006 (14656368.000.000) 2021-09-18 20:43:45 Image size of job updated: 1683
	1683  -  MemoryUsage of job (MB)
	1723900  -  ResidentSetSize of job (KB)
...
006 (14656368.000.000) 2021-09-18 20:44:46 Image size of job updated: 1683
	1683  -  MemoryUsage of job (MB)
	1724276  -  ResidentSetSize of job (KB)
...
040 (14656368.000.000) 2021-09-18 20:44:59 Started transferring output files
...
040 (14656368.000.000) 2021-09-18 20:44:59 Finished transferring output files
...
005 (14656368.000.000) 2021-09-18 20:45:01 Job terminated.
	(1) Normal termination (return value 0)
		Usr 0 00:00:00, Sys 0 00:00:00  -  Run Remote Usage
		Usr 0 00:00:00, Sys 0 00:00:00  -  Run Local Usage
		Usr 0 00:57:32, Sys 0 00:17:35  -  Total Remote Usage
		Usr 0 00:00:00, Sys 0 00:00:00  -  Total Local Usage
	1223810  -  Run Bytes Sent By Job
	8471534  -  Run Bytes Received By Job
	1223810  -  Total Bytes Sent By Job
	8471534  -  Total Bytes Received By Job
	Partitionable Resources :    Usage  Request Allocated 
	   Cpus                 :     0.00        1         1 
	   Disk (KB)            : 15376       10000   1628308 
	   Memory (MB)          :  1683        2048      2048 

	Job terminated of its own accord at 2021-09-19T01:44:59Z.
...
000 (73444948.000.000) 2021-09-24 22:11:29 Job submitted from host: <131.225.188.235:9618?addrs=131.225.188.235-9618&alias=lpcschedd3.fnal.gov&noUDP&sock=schedd_2706_ab5d>
...
040 (73444948.000.000) 2021-09-24 22:33:25 Started transferring input files
	Transferring to host: <131.225.205.221:9618?addrs=131.225.205.221-9618&alias=cmswn1985.fnal.gov&noUDP&sock=slot1_6_1583_1dd9_3844>
...
040 (73444948.000.000) 2021-09-24 22:33:26 Finished transferring input files
...
001 (73444948.000.000) 2021-09-24 22:33:27 Job executing on host: <131.225.205.221:9618?addrs=131.225.205.221-9618&alias=cmswn1985.fnal.gov&noUDP&sock=startd_1436_8e16>
...
006 (73444948.000.000) 2021-09-24 22:33:35 Image size of job updated: 43
	43  -  MemoryUsage of job (MB)
	44968  -  ResidentSetSize of job (KB)
...
006 (73444948.000.000) 2021-09-24 22:34:36 Image size of job updated: 536
	536  -  MemoryUsage of job (MB)
	549120  -  ResidentSetSize of job (KB)
...
006 (73444948.000.000) 2021-09-24 22:38:39 Image size of job updated: 536
	536  -  MemoryUsage of job (MB)
	549664  -  ResidentSetSize of job (KB)
...
006 (73444948.000.000) 2021-09-24 22:39:40 Image size of job updated: 585
	585  -  MemoryUsage of job (MB)
	600000  -  ResidentSetSize of job (KB)
...
006 (73444948.000.000) 2021-09-24 22:40:41 Image size of job updated: 628
	628  -  MemoryUsage of job (MB)
	643840  -  ResidentSetSize of job (KB)
...
006 (73444948.000.000) 2021-09-24 22:41:42 Image size of job updated: 669
	669  -  MemoryUsage of job (MB)
	686048  -  ResidentSetSize of job (KB)
...
006 (73444948.000.000) 2021-09-24 22:42:43 Image size of job updated: 704
	704  -  MemoryUsage of job (MB)
	721124  -  ResidentSetSize of job (KB)
...
006 (73444948.000.000) 2021-09-24 22:43:43 Image size of job updated: 736
	736  -  MemoryUsage of job (MB)
	754028  -  ResidentSetSize of job (KB)
...
006 (73444948.000.000) 2021-09-24 22:44:44 Image size of job updated: 770
	770  -  MemoryUsage of job (MB)
	788720  -  ResidentSetSize of job (KB)
...
006 (73444948.000.000) 2021-09-24 22:45:45 Image size of job updated: 799
	799  -  MemoryUsage of job (MB)
	819160  -  ResidentSetSize of job (KB)
...
006 (73444948.000.000) 2021-09-24 22:46:46 Image size of job updated: 827
	827  -  MemoryUsage of job (MB)
	847472  -  ResidentSetSize of job (KB)
...
006 (73444948.000.000) 2021-09-24 22:47:46 Image size of job updated: 859
	859  -  MemoryUsage of job (MB)
	879888  -  ResidentSetSize of job (KB)
...
006 (73444948.000.000) 2021-09-24 22:48:46 Image size of job updated: 897
	897  -  MemoryUsage of job (MB)
	918608  -  ResidentSetSize of job (KB)
...
006 (73444948.000.000) 2021-09-24 22:49:46 Image size of job updated: 923
	923  -  MemoryUsage of job (MB)
	945928  -  ResidentSetSize of job (KB)
...
006 (73444948.000.000) 2021-09-24 22:50:47 Image size of job updated: 947
	947  -  MemoryUsage of job (MB)
	970540  -  ResidentSetSize of job (KB)
...
006 (73444948.000.000) 2021-09-24 22:51:47 Image size of job updated: 974
	974  -  MemoryUsage of job (MB)
	997984  -  ResidentSetSize of job (KB)
...
006 (73444948.000.000) 2021-09-24 22:52:47 Image size of job updated: 997
	997  -  MemoryUsage of job (MB)
	1021484  -  ResidentSetSize of job (KB)
...
006 (73444948.000.000) 2021-09-24 22:53:47 Image size of job updated: 1021
	1021  -  MemoryUsage of job (MB)
	1046424  -  ResidentSetSize of job (KB)
...
006 (73444948.000.000) 2021-09-24 22:54:47 Image size of job updated: 1047
	1047  -  MemoryUsage of job (MB)
	1073148  -  ResidentSetSize of job (KB)
...
006 (73444948.000.000) 2021-09-24 22:55:48 Image size of job updated: 1080
	1080  -  MemoryUsage of job (MB)
	1106016  -  ResidentSetSize of job (KB)
...
006 (73444948.000.000) 2021-09-24 22:56:48 Image size of job updated: 1100
	1100  -  MemoryUsage of job (MB)
	1127332  -  ResidentSetSize of job (KB)
...
006 (73444948.000.000) 2021-09-24 22:57:49 Image size of job updated: 1121
	1121  -  MemoryUsage of job (MB)
	1148152  -  ResidentSetSize of job (KB)
...
006 (73444948.000.000) 2021-09-24 22:58:50 Image size of job updated: 1143
	1143  -  MemoryUsage of job (MB)
	1170976  -  ResidentSetSize of job (KB)
...
006 (73444948.000.000) 2021-09-24 22:59:50 Image size of job updated: 1163
	1163  -  MemoryUsage of job (MB)
	1191660  -  ResidentSetSize of job (KB)
...
006 (73444948.000.000) 2021-09-24 23:00:51 Image size of job updated: 1182
	1182  -  MemoryUsage of job (MB)
	1210872  -  ResidentSetSize of job (KB)
...
006 (73444948.000.000) 2021-09-24 23:01:52 Image size of job updated: 1203
	1203  -  MemoryUsage of job (MB)
	1232288  -  ResidentSetSize of job (KB)
...
006 (73444948.000.000) 2021-09-24 23:02:53 Image size of job updated: 1222
	1222  -  MemoryUsage of job (MB)
	1251388  -  ResidentSetSize of job (KB)
...
006 (73444948.000.000) 2021-09-24 23:03:54 Image size of job updated: 1239
	1239  -  MemoryUsage of job (MB)
	1269732  -  ResidentSetSize of job (KB)
...
006 (73444948.000.000) 2021-09-24 23:04:54 Image size of job updated: 1257
	1257  -  MemoryUsage of job (MB)
	1287916  -  ResidentSetSize of job (KB)
...
006 (73444948.000.000) 2021-09-24 23:05:54 Image size of job updated: 1277
	1277  -  MemoryUsage of job (MB)
	1307876  -  ResidentSetSize of job (KB)
...
006 (73444948.000.000) 2021-09-24 23:06:55 Image size of job updated: 1294
	1294  -  MemoryUsage of job (MB)
	1325392  -  ResidentSetSize of job (KB)
...
006 (73444948.000.000) 2021-09-24 23:07:55 Image size of job updated: 1311
	1311  -  MemoryUsage of job (MB)
	1342776  -  ResidentSetSize of job (KB)
...
006 (73444948.000.000) 2021-09-24 23:08:56 Image size of job updated: 1329
	1329  -  MemoryUsage of job (MB)
	1361832  -  ResidentSetSize of job (KB)
...
006 (73444948.000.000) 2021-09-24 23:09:56 Image size of job updated: 1346
	1346  -  MemoryUsage of job (MB)
	1378736  -  ResidentSetSize of job (KB)
...
006 (73444948.000.000) 2021-09-24 23:10:57 Image size of job updated: 1362
	1362  -  MemoryUsage of job (MB)
	1395372  -  ResidentSetSize of job (KB)
...
006 (73444948.000.000) 2021-09-24 23:11:58 Image size of job updated: 1380
	1380  -  MemoryUsage of job (MB)
	1413676  -  ResidentSetSize of job (KB)
...
006 (73444948.000.000) 2021-09-24 23:12:59 Image size of job updated: 1396
	1396  -  MemoryUsage of job (MB)
	1429860  -  ResidentSetSize of job (KB)
...
006 (73444948.000.000) 2021-09-24 23:14:00 Image size of job updated: 1412
	1412  -  MemoryUsage of job (MB)
	1445888  -  ResidentSetSize of job (KB)
...
006 (73444948.000.000) 2021-09-24 23:15:00 Image size of job updated: 1427
	1427  -  MemoryUsage of job (MB)
	1461784  -  ResidentSetSize of job (KB)
...
006 (73444948.000.000) 2021-09-24 23:16:00 Image size of job updated: 1444
	1444  -  MemoryUsage of job (MB)
	1479088  -  ResidentSetSize of job (KB)
...
006 (73444948.000.000) 2021-09-24 23:17:00 Image size of job updated: 1459
	1459  -  MemoryUsage of job (MB)
	1494592  -  ResidentSetSize of job (KB)
...
006 (73444948.000.000) 2021-09-24 23:18:01 Image size of job updated: 1474
	1474  -  MemoryUsage of job (MB)
	1509492  -  ResidentSetSize of job (KB)
...
006 (73444948.000.000) 2021-09-24 23:19:02 Image size of job updated: 1490
	1490  -  MemoryUsage of job (MB)
	1526180  -  ResidentSetSize of job (KB)
...
006 (73444948.000.000) 2021-09-24 23:20:03 Image size of job updated: 1504
	1504  -  MemoryUsage of job (MB)
	1541068  -  ResidentSetSize of job (KB)
...
006 (73444948.000.000) 2021-09-24 23:21:03 Image size of job updated: 1519
	1519  -  MemoryUsage of job (MB)
	1555708  -  ResidentSetSize of job (KB)
...
006 (73444948.000.000) 2021-09-24 23:22:04 Image size of job updated: 1534
	1534  -  MemoryUsage of job (MB)
	1571836  -  ResidentSetSize of job (KB)
...
006 (73444948.000.000) 2021-09-24 23:23:05 Image size of job updated: 1619
	1619  -  MemoryUsage of job (MB)
	1658224  -  ResidentSetSize of job (KB)
...
006 (73444948.000.000) 2021-09-24 23:24:06 Image size of job updated: 1631
	1631  -  MemoryUsage of job (MB)
	1670316  -  ResidentSetSize of job (KB)
...
006 (73444948.000.000) 2021-09-24 23:25:07 Image size of job updated: 1641
	1641  -  MemoryUsage of job (MB)
	1681172  -  ResidentSetSize of job (KB)
...
006 (73444948.000.000) 2021-09-24 23:26:08 Image size of job updated: 1647
	1647  -  MemoryUsage of job (MB)
	1687216  -  ResidentSetSize of job (KB)
...
006 (73444948.000.000) 2021-09-24 23:27:08 Image size of job updated: 1648
	1648  -  MemoryUsage of job (MB)
	1688476  -  ResidentSetSize of job (KB)
...
006 (73444948.000.000) 2021-09-24 23:28:08 Image size of job updated: 1652
	1652  -  MemoryUsage of job (MB)
	1691852  -  ResidentSetSize of job (KB)
...
006 (73444948.000.000) 2021-09-24 23:29:08 Image size of job updated: 1654
	1654  -  MemoryUsage of job (MB)
	1694396  -  ResidentSetSize of job (KB)
...
006 (73444948.000.000) 2021-09-24 23:30:08 Image size of job updated: 1655
	1655  -  MemoryUsage of job (MB)
	1695288  -  ResidentSetSize of job (KB)
...
006 (73444948.000.000) 2021-09-24 23:31:09 Image size of job updated: 1656
	1656  -  MemoryUsage of job (MB)
	1695976  -  ResidentSetSize of job (KB)
...
006 (73444948.000.000) 2021-09-24 23:32:10 Image size of job updated: 1658
	1658  -  MemoryUsage of job (MB)
	1698320  -  ResidentSetSize of job (KB)
...
006 (73444948.000.000) 2021-09-24 23:33:11 Image size of job updated: 1661
	1661  -  MemoryUsage of job (MB)
	1700868  -  ResidentSetSize of job (KB)
...
006 (73444948.000.000) 2021-09-24 23:34:12 Image size of job updated: 1662
	1662  -  MemoryUsage of job (MB)
	1702708  -  ResidentSetSize of job (KB)
...
006 (73444948.000.000) 2021-09-24 23:35:13 Image size of job updated: 1664
	1664  -  MemoryUsage of job (MB)
	1704508  -  ResidentSetSize of job (KB)
...
006 (73444948.000.000) 2021-09-24 23:36:13 Image size of job updated: 1665
	1665  -  MemoryUsage of job (MB)
	1705840  -  ResidentSetSize of job (KB)
...
006 (73444948.000.000) 2021-09-24 23:37:13 Image size of job updated: 1667
	1667  -  MemoryUsage of job (MB)
	1707240  -  ResidentSetSize of job (KB)
...
006 (73444948.000.000) 2021-09-24 23:38:14 Image size of job updated: 1668
	1668  -  MemoryUsage of job (MB)
	1708320  -  ResidentSetSize of job (KB)
...
006 (73444948.000.000) 2021-09-24 23:39:14 Image size of job updated: 1669
	1669  -  MemoryUsage of job (MB)
	1709560  -  ResidentSetSize of job (KB)
...
006 (73444948.000.000) 2021-09-24 23:40:15 Image size of job updated: 1671
	1671  -  MemoryUsage of job (MB)
	1711120  -  ResidentSetSize of job (KB)
...
006 (73444948.000.000) 2021-09-24 23:41:15 Image size of job updated: 1672
	1672  -  MemoryUsage of job (MB)
	1712268  -  ResidentSetSize of job (KB)
...
006 (73444948.000.000) 2021-09-24 23:42:15 Image size of job updated: 1673
	1673  -  MemoryUsage of job (MB)
	1713616  -  ResidentSetSize of job (KB)
...
006 (73444948.000.000) 2021-09-24 23:43:16 Image size of job updated: 1674
	1674  -  MemoryUsage of job (MB)
	1715040  -  ResidentSetSize of job (KB)
...
006 (73444948.000.000) 2021-09-24 23:44:16 Image size of job updated: 1676
	1676  -  MemoryUsage of job (MB)
	1716256  -  ResidentSetSize of job (KB)
...
006 (73444948.000.000) 2021-09-24 23:45:17 Image size of job updated: 1677
	1677  -  MemoryUsage of job (MB)
	1717472  -  ResidentSetSize of job (KB)
...
006 (73444948.000.000) 2021-09-24 23:46:17 Image size of job updated: 1678
	1678  -  MemoryUsage of job (MB)
	1718644  -  ResidentSetSize of job (KB)
...
006 (73444948.000.000) 2021-09-24 23:47:17 Image size of job updated: 1679
	1679  -  MemoryUsage of job (MB)
	1720072  -  ResidentSetSize of job (KB)
...
006 (73444948.000.000) 2021-09-24 23:48:17 Image size of job updated: 1681
	1681  -  MemoryUsage of job (MB)
	1721516  -  ResidentSetSize of job (KB)
...
006 (73444948.000.000) 2021-09-24 23:49:18 Image size of job updated: 1682
	1682  -  MemoryUsage of job (MB)
	1723132  -  ResidentSetSize of job (KB)
...
006 (73444948.000.000) 2021-09-24 23:50:18 Image size of job updated: 1684
	1684  -  MemoryUsage of job (MB)
	1724660  -  ResidentSetSize of job (KB)
...
040 (73444948.000.000) 2021-09-24 23:50:40 Started transferring output files
...
040 (73444948.000.000) 2021-09-24 23:50:40 Finished transferring output files
...
005 (73444948.000.000) 2021-09-24 23:50:41 Job terminated.
	(1) Normal termination (return value 0)
		Usr 0 00:56:33, Sys 0 00:18:58  -  Run Remote Usage
		Usr 0 00:00:00, Sys 0 00:00:00  -  Run Local Usage
		Usr 0 00:56:33, Sys 0 00:18:58  -  Total Remote Usage
		Usr 0 00:00:00, Sys 0 00:00:00  -  Total Local Usage
	1297689  -  Run Bytes Sent By Job
	8471570  -  Run Bytes Received By Job
	1297689  -  Total Bytes Sent By Job
	8471570  -  Total Bytes Received By Job
	Partitionable Resources :    Usage  Request Allocated 
	   Cpus                 :     0.00        1         1 
	   Disk (KB)            : 17670       10000   1690371 
	   Memory (MB)          :  1684        2048      2048 

	Job terminated of its own accord at 2021-09-25T04:50:39Z.
...
