000 (14656575.000.000) 2021-09-18 19:10:30 Job submitted from host: <131.225.188.55:9618?addrs=131.225.188.55-9618&alias=lpcschedd1.fnal.gov&noUDP&sock=schedd_2070_6d22>
...
040 (14656575.000.000) 2021-09-18 20:13:40 Started transferring input files
	Transferring to host: <131.225.204.53:9618?addrs=131.225.204.53-9618&alias=cmswn1657.fnal.gov&noUDP&sock=slot1_6_1293_c90e_6199>
...
040 (14656575.000.000) 2021-09-18 20:13:40 Finished transferring input files
...
001 (14656575.000.000) 2021-09-18 20:13:41 Job executing on host: <131.225.204.53:9618?addrs=131.225.204.53-9618&alias=cmswn1657.fnal.gov&noUDP&sock=startd_1163_4cbb>
...
006 (14656575.000.000) 2021-09-18 20:13:50 Image size of job updated: 80
	80  -  MemoryUsage of job (MB)
	82144  -  ResidentSetSize of job (KB)
...
006 (14656575.000.000) 2021-09-18 20:14:51 Image size of job updated: 528
	528  -  MemoryUsage of job (MB)
	541420  -  ResidentSetSize of job (KB)
...
006 (14656575.000.000) 2021-09-18 20:18:53 Image size of job updated: 571
	571  -  MemoryUsage of job (MB)
	585076  -  ResidentSetSize of job (KB)
...
006 (14656575.000.000) 2021-09-18 20:19:53 Image size of job updated: 621
	621  -  MemoryUsage of job (MB)
	636676  -  ResidentSetSize of job (KB)
...
006 (14656575.000.000) 2021-09-18 20:20:53 Image size of job updated: 664
	664  -  MemoryUsage of job (MB)
	680128  -  ResidentSetSize of job (KB)
...
006 (14656575.000.000) 2021-09-18 20:21:54 Image size of job updated: 702
	702  -  MemoryUsage of job (MB)
	719768  -  ResidentSetSize of job (KB)
...
006 (14656575.000.000) 2021-09-18 20:22:55 Image size of job updated: 738
	738  -  MemoryUsage of job (MB)
	756496  -  ResidentSetSize of job (KB)
...
006 (14656575.000.000) 2021-09-18 20:23:55 Image size of job updated: 772
	772  -  MemoryUsage of job (MB)
	791208  -  ResidentSetSize of job (KB)
...
006 (14656575.000.000) 2021-09-18 20:24:56 Image size of job updated: 805
	805  -  MemoryUsage of job (MB)
	825004  -  ResidentSetSize of job (KB)
...
006 (14656575.000.000) 2021-09-18 20:25:57 Image size of job updated: 838
	838  -  MemoryUsage of job (MB)
	858940  -  ResidentSetSize of job (KB)
...
006 (14656575.000.000) 2021-09-18 20:26:57 Image size of job updated: 867
	867  -  MemoryUsage of job (MB)
	888536  -  ResidentSetSize of job (KB)
...
006 (14656575.000.000) 2021-09-18 20:27:57 Image size of job updated: 907
	907  -  MemoryUsage of job (MB)
	929220  -  ResidentSetSize of job (KB)
...
006 (14656575.000.000) 2021-09-18 20:28:58 Image size of job updated: 936
	936  -  MemoryUsage of job (MB)
	959016  -  ResidentSetSize of job (KB)
...
006 (14656575.000.000) 2021-09-18 20:29:58 Image size of job updated: 963
	963  -  MemoryUsage of job (MB)
	986776  -  ResidentSetSize of job (KB)
...
006 (14656575.000.000) 2021-09-18 20:30:58 Image size of job updated: 989
	989  -  MemoryUsage of job (MB)
	1013196  -  ResidentSetSize of job (KB)
...
006 (14656575.000.000) 2021-09-18 20:31:59 Image size of job updated: 1014
	1014  -  MemoryUsage of job (MB)
	1039280  -  ResidentSetSize of job (KB)
...
006 (14656575.000.000) 2021-09-18 20:32:59 Image size of job updated: 1041
	1041  -  MemoryUsage of job (MB)
	1066296  -  ResidentSetSize of job (KB)
...
006 (14656575.000.000) 2021-09-18 20:33:59 Image size of job updated: 1074
	1074  -  MemoryUsage of job (MB)
	1100540  -  ResidentSetSize of job (KB)
...
006 (14656575.000.000) 2021-09-18 20:35:00 Image size of job updated: 1097
	1097  -  MemoryUsage of job (MB)
	1124284  -  ResidentSetSize of job (KB)
...
006 (14656575.000.000) 2021-09-18 20:36:00 Image size of job updated: 1120
	1120  -  MemoryUsage of job (MB)
	1147448  -  ResidentSetSize of job (KB)
...
006 (14656575.000.000) 2021-09-18 20:37:01 Image size of job updated: 1142
	1142  -  MemoryUsage of job (MB)
	1170236  -  ResidentSetSize of job (KB)
...
006 (14656575.000.000) 2021-09-18 20:38:02 Image size of job updated: 1165
	1165  -  MemoryUsage of job (MB)
	1193316  -  ResidentSetSize of job (KB)
...
006 (14656575.000.000) 2021-09-18 20:39:02 Image size of job updated: 1186
	1186  -  MemoryUsage of job (MB)
	1215104  -  ResidentSetSize of job (KB)
...
006 (14656575.000.000) 2021-09-18 20:40:03 Image size of job updated: 1207
	1207  -  MemoryUsage of job (MB)
	1236388  -  ResidentSetSize of job (KB)
...
006 (14656575.000.000) 2021-09-18 20:41:04 Image size of job updated: 1227
	1227  -  MemoryUsage of job (MB)
	1257208  -  ResidentSetSize of job (KB)
...
006 (14656575.000.000) 2021-09-18 20:42:04 Image size of job updated: 1247
	1247  -  MemoryUsage of job (MB)
	1277696  -  ResidentSetSize of job (KB)
...
006 (14656575.000.000) 2021-09-18 20:43:05 Image size of job updated: 1267
	1267  -  MemoryUsage of job (MB)
	1297912  -  ResidentSetSize of job (KB)
...
006 (14656575.000.000) 2021-09-18 20:44:06 Image size of job updated: 1286
	1286  -  MemoryUsage of job (MB)
	1317668  -  ResidentSetSize of job (KB)
...
006 (14656575.000.000) 2021-09-18 20:45:06 Image size of job updated: 1305
	1305  -  MemoryUsage of job (MB)
	1337076  -  ResidentSetSize of job (KB)
...
006 (14656575.000.000) 2021-09-18 20:46:07 Image size of job updated: 1324
	1324  -  MemoryUsage of job (MB)
	1356172  -  ResidentSetSize of job (KB)
...
006 (14656575.000.000) 2021-09-18 20:47:08 Image size of job updated: 1342
	1342  -  MemoryUsage of job (MB)
	1375000  -  ResidentSetSize of job (KB)
...
006 (14656575.000.000) 2021-09-18 20:48:08 Image size of job updated: 1360
	1360  -  MemoryUsage of job (MB)
	1393584  -  ResidentSetSize of job (KB)
...
006 (14656575.000.000) 2021-09-18 20:49:09 Image size of job updated: 1378
	1378  -  MemoryUsage of job (MB)
	1411316  -  ResidentSetSize of job (KB)
...
006 (14656575.000.000) 2021-09-18 20:50:10 Image size of job updated: 1395
	1395  -  MemoryUsage of job (MB)
	1428800  -  ResidentSetSize of job (KB)
...
006 (14656575.000.000) 2021-09-18 20:51:10 Image size of job updated: 1412
	1412  -  MemoryUsage of job (MB)
	1446116  -  ResidentSetSize of job (KB)
...
006 (14656575.000.000) 2021-09-18 20:52:11 Image size of job updated: 1429
	1429  -  MemoryUsage of job (MB)
	1463416  -  ResidentSetSize of job (KB)
...
006 (14656575.000.000) 2021-09-18 20:53:12 Image size of job updated: 1445
	1445  -  MemoryUsage of job (MB)
	1480560  -  ResidentSetSize of job (KB)
...
006 (14656575.000.000) 2021-09-18 20:54:12 Image size of job updated: 1462
	1462  -  MemoryUsage of job (MB)
	1497204  -  ResidentSetSize of job (KB)
...
006 (14656575.000.000) 2021-09-18 20:55:13 Image size of job updated: 1478
	1478  -  MemoryUsage of job (MB)
	1513908  -  ResidentSetSize of job (KB)
...
006 (14656575.000.000) 2021-09-18 20:56:14 Image size of job updated: 1494
	1494  -  MemoryUsage of job (MB)
	1530296  -  ResidentSetSize of job (KB)
...
006 (14656575.000.000) 2021-09-18 20:57:15 Image size of job updated: 1510
	1510  -  MemoryUsage of job (MB)
	1546560  -  ResidentSetSize of job (KB)
...
006 (14656575.000.000) 2021-09-18 20:58:15 Image size of job updated: 1526
	1526  -  MemoryUsage of job (MB)
	1562632  -  ResidentSetSize of job (KB)
...
006 (14656575.000.000) 2021-09-18 20:59:16 Image size of job updated: 1545
	1545  -  MemoryUsage of job (MB)
	1582468  -  ResidentSetSize of job (KB)
...
006 (14656575.000.000) 2021-09-18 21:00:17 Image size of job updated: 1636
	1636  -  MemoryUsage of job (MB)
	1675880  -  ResidentSetSize of job (KB)
...
006 (14656575.000.000) 2021-09-18 21:01:17 Image size of job updated: 1646
	1646  -  MemoryUsage of job (MB)
	1686508  -  ResidentSetSize of job (KB)
...
006 (14656575.000.000) 2021-09-18 21:02:18 Image size of job updated: 1651
	1651  -  MemoryUsage of job (MB)
	1691464  -  ResidentSetSize of job (KB)
...
006 (14656575.000.000) 2021-09-18 21:03:19 Image size of job updated: 1655
	1655  -  MemoryUsage of job (MB)
	1695612  -  ResidentSetSize of job (KB)
...
006 (14656575.000.000) 2021-09-18 21:04:20 Image size of job updated: 1659
	1659  -  MemoryUsage of job (MB)
	1699312  -  ResidentSetSize of job (KB)
...
006 (14656575.000.000) 2021-09-18 21:05:21 Image size of job updated: 1662
	1662  -  MemoryUsage of job (MB)
	1702832  -  ResidentSetSize of job (KB)
...
006 (14656575.000.000) 2021-09-18 21:06:22 Image size of job updated: 1667
	1667  -  MemoryUsage of job (MB)
	1707048  -  ResidentSetSize of job (KB)
...
006 (14656575.000.000) 2021-09-18 21:07:23 Image size of job updated: 1670
	1670  -  MemoryUsage of job (MB)
	1710224  -  ResidentSetSize of job (KB)
...
006 (14656575.000.000) 2021-09-18 21:08:23 Image size of job updated: 1670
	1670  -  MemoryUsage of job (MB)
	1710388  -  ResidentSetSize of job (KB)
...
006 (14656575.000.000) 2021-09-18 21:09:23 Image size of job updated: 1674
	1674  -  MemoryUsage of job (MB)
	1714688  -  ResidentSetSize of job (KB)
...
006 (14656575.000.000) 2021-09-18 21:10:23 Image size of job updated: 1677
	1677  -  MemoryUsage of job (MB)
	1718040  -  ResidentSetSize of job (KB)
...
006 (14656575.000.000) 2021-09-18 21:11:23 Image size of job updated: 1681
	1681  -  MemoryUsage of job (MB)
	1721596  -  ResidentSetSize of job (KB)
...
040 (14656575.000.000) 2021-09-18 21:11:43 Started transferring output files
...
040 (14656575.000.000) 2021-09-18 21:11:43 Finished transferring output files
...
005 (14656575.000.000) 2021-09-18 21:11:45 Job terminated.
	(1) Normal termination (return value 0)
		Usr 0 00:00:00, Sys 0 00:00:00  -  Run Remote Usage
		Usr 0 00:00:00, Sys 0 00:00:00  -  Run Local Usage
		Usr 0 00:50:56, Sys 0 00:05:06  -  Total Remote Usage
		Usr 0 00:00:00, Sys 0 00:00:00  -  Total Local Usage
	1231267  -  Run Bytes Sent By Job
	8471534  -  Run Bytes Received By Job
	1231267  -  Total Bytes Sent By Job
	8471534  -  Total Bytes Received By Job
	Partitionable Resources :    Usage  Request Allocated 
	   Cpus                 :     0.00        1         1 
	   Disk (KB)            : 17619       10000    303978 
	   Memory (MB)          :  1681        2048      2048 

	Job terminated of its own accord at 2021-09-19T02:11:42Z.
...
000 (73445020.000.000) 2021-09-24 22:12:24 Job submitted from host: <131.225.188.235:9618?addrs=131.225.188.235-9618&alias=lpcschedd3.fnal.gov&noUDP&sock=schedd_2706_ab5d>
...
040 (73445020.000.000) 2021-09-25 00:35:19 Started transferring input files
	Transferring to host: <131.225.204.74:9618?addrs=131.225.204.74-9618&alias=cmswn1678.fnal.gov&noUDP&sock=slot1_8_1257_6b8c_7005>
...
040 (73445020.000.000) 2021-09-25 00:35:19 Finished transferring input files
...
001 (73445020.000.000) 2021-09-25 00:35:20 Job executing on host: <131.225.204.74:9618?addrs=131.225.204.74-9618&alias=cmswn1678.fnal.gov&noUDP&sock=startd_1145_f407>
...
006 (73445020.000.000) 2021-09-25 00:35:29 Image size of job updated: 5
	5  -  MemoryUsage of job (MB)
	5836  -  ResidentSetSize of job (KB)
...
006 (73445020.000.000) 2021-09-25 00:36:29 Image size of job updated: 500
	500  -  MemoryUsage of job (MB)
	512560  -  ResidentSetSize of job (KB)
...
006 (73445020.000.000) 2021-09-25 00:39:31 Image size of job updated: 525
	525  -  MemoryUsage of job (MB)
	538268  -  ResidentSetSize of job (KB)
...
006 (73445020.000.000) 2021-09-25 00:40:32 Image size of job updated: 578
	578  -  MemoryUsage of job (MB)
	592356  -  ResidentSetSize of job (KB)
...
006 (73445020.000.000) 2021-09-25 00:41:32 Image size of job updated: 627
	627  -  MemoryUsage of job (MB)
	642400  -  ResidentSetSize of job (KB)
...
006 (73445020.000.000) 2021-09-25 00:42:33 Image size of job updated: 668
	668  -  MemoryUsage of job (MB)
	684100  -  ResidentSetSize of job (KB)
...
006 (73445020.000.000) 2021-09-25 00:43:33 Image size of job updated: 704
	704  -  MemoryUsage of job (MB)
	721644  -  ResidentSetSize of job (KB)
...
006 (73445020.000.000) 2021-09-25 00:44:33 Image size of job updated: 739
	739  -  MemoryUsage of job (MB)
	756820  -  ResidentSetSize of job (KB)
...
006 (73445020.000.000) 2021-09-25 00:45:34 Image size of job updated: 771
	771  -  MemoryUsage of job (MB)
	790372  -  ResidentSetSize of job (KB)
...
006 (73445020.000.000) 2021-09-25 00:46:34 Image size of job updated: 801
	801  -  MemoryUsage of job (MB)
	820432  -  ResidentSetSize of job (KB)
...
006 (73445020.000.000) 2021-09-25 00:47:34 Image size of job updated: 831
	831  -  MemoryUsage of job (MB)
	851740  -  ResidentSetSize of job (KB)
...
006 (73445020.000.000) 2021-09-25 00:48:35 Image size of job updated: 863
	863  -  MemoryUsage of job (MB)
	883968  -  ResidentSetSize of job (KB)
...
006 (73445020.000.000) 2021-09-25 00:49:35 Image size of job updated: 902
	902  -  MemoryUsage of job (MB)
	924640  -  ResidentSetSize of job (KB)
...
006 (73445020.000.000) 2021-09-25 00:50:35 Image size of job updated: 931
	931  -  MemoryUsage of job (MB)
	954204  -  ResidentSetSize of job (KB)
...
006 (73445020.000.000) 2021-09-25 00:51:36 Image size of job updated: 958
	958  -  MemoryUsage of job (MB)
	981536  -  ResidentSetSize of job (KB)
...
006 (73445020.000.000) 2021-09-25 00:52:36 Image size of job updated: 983
	983  -  MemoryUsage of job (MB)
	1007544  -  ResidentSetSize of job (KB)
...
006 (73445020.000.000) 2021-09-25 00:53:36 Image size of job updated: 1008
	1008  -  MemoryUsage of job (MB)
	1033152  -  ResidentSetSize of job (KB)
...
006 (73445020.000.000) 2021-09-25 00:54:37 Image size of job updated: 1036
	1036  -  MemoryUsage of job (MB)
	1061728  -  ResidentSetSize of job (KB)
...
006 (73445020.000.000) 2021-09-25 00:55:37 Image size of job updated: 1069
	1069  -  MemoryUsage of job (MB)
	1095548  -  ResidentSetSize of job (KB)
...
006 (73445020.000.000) 2021-09-25 00:56:37 Image size of job updated: 1092
	1092  -  MemoryUsage of job (MB)
	1118216  -  ResidentSetSize of job (KB)
...
006 (73445020.000.000) 2021-09-25 00:57:38 Image size of job updated: 1113
	1113  -  MemoryUsage of job (MB)
	1140480  -  ResidentSetSize of job (KB)
...
006 (73445020.000.000) 2021-09-25 00:58:38 Image size of job updated: 1135
	1135  -  MemoryUsage of job (MB)
	1162432  -  ResidentSetSize of job (KB)
...
006 (73445020.000.000) 2021-09-25 00:59:38 Image size of job updated: 1156
	1156  -  MemoryUsage of job (MB)
	1184272  -  ResidentSetSize of job (KB)
...
006 (73445020.000.000) 2021-09-25 01:00:39 Image size of job updated: 1176
	1176  -  MemoryUsage of job (MB)
	1204864  -  ResidentSetSize of job (KB)
...
006 (73445020.000.000) 2021-09-25 01:01:39 Image size of job updated: 1196
	1196  -  MemoryUsage of job (MB)
	1224936  -  ResidentSetSize of job (KB)
...
006 (73445020.000.000) 2021-09-25 01:02:39 Image size of job updated: 1215
	1215  -  MemoryUsage of job (MB)
	1244480  -  ResidentSetSize of job (KB)
...
006 (73445020.000.000) 2021-09-25 01:03:40 Image size of job updated: 1234
	1234  -  MemoryUsage of job (MB)
	1263656  -  ResidentSetSize of job (KB)
...
006 (73445020.000.000) 2021-09-25 01:04:40 Image size of job updated: 1250
	1250  -  MemoryUsage of job (MB)
	1280488  -  ResidentSetSize of job (KB)
...
006 (73445020.000.000) 2021-09-25 01:05:40 Image size of job updated: 1268
	1268  -  MemoryUsage of job (MB)
	1298932  -  ResidentSetSize of job (KB)
...
006 (73445020.000.000) 2021-09-25 01:06:41 Image size of job updated: 1286
	1286  -  MemoryUsage of job (MB)
	1317200  -  ResidentSetSize of job (KB)
...
006 (73445020.000.000) 2021-09-25 01:07:42 Image size of job updated: 1303
	1303  -  MemoryUsage of job (MB)
	1334952  -  ResidentSetSize of job (KB)
...
006 (73445020.000.000) 2021-09-25 01:08:42 Image size of job updated: 1320
	1320  -  MemoryUsage of job (MB)
	1352368  -  ResidentSetSize of job (KB)
...
006 (73445020.000.000) 2021-09-25 01:09:42 Image size of job updated: 1337
	1337  -  MemoryUsage of job (MB)
	1369508  -  ResidentSetSize of job (KB)
...
006 (73445020.000.000) 2021-09-25 01:10:43 Image size of job updated: 1353
	1353  -  MemoryUsage of job (MB)
	1386404  -  ResidentSetSize of job (KB)
...
006 (73445020.000.000) 2021-09-25 01:11:43 Image size of job updated: 1370
	1370  -  MemoryUsage of job (MB)
	1402908  -  ResidentSetSize of job (KB)
...
006 (73445020.000.000) 2021-09-25 01:12:44 Image size of job updated: 1385
	1385  -  MemoryUsage of job (MB)
	1419224  -  ResidentSetSize of job (KB)
...
006 (73445020.000.000) 2021-09-25 01:13:45 Image size of job updated: 1401
	1401  -  MemoryUsage of job (MB)
	1435228  -  ResidentSetSize of job (KB)
...
006 (73445020.000.000) 2021-09-25 01:14:45 Image size of job updated: 1417
	1417  -  MemoryUsage of job (MB)
	1451068  -  ResidentSetSize of job (KB)
...
006 (73445020.000.000) 2021-09-25 01:15:45 Image size of job updated: 1432
	1432  -  MemoryUsage of job (MB)
	1466584  -  ResidentSetSize of job (KB)
...
006 (73445020.000.000) 2021-09-25 01:16:46 Image size of job updated: 1447
	1447  -  MemoryUsage of job (MB)
	1482360  -  ResidentSetSize of job (KB)
...
006 (73445020.000.000) 2021-09-25 01:17:46 Image size of job updated: 1462
	1462  -  MemoryUsage of job (MB)
	1497336  -  ResidentSetSize of job (KB)
...
006 (73445020.000.000) 2021-09-25 01:18:46 Image size of job updated: 1476
	1476  -  MemoryUsage of job (MB)
	1512332  -  ResidentSetSize of job (KB)
...
006 (73445020.000.000) 2021-09-25 01:19:47 Image size of job updated: 1491
	1491  -  MemoryUsage of job (MB)
	1527652  -  ResidentSetSize of job (KB)
...
006 (73445020.000.000) 2021-09-25 01:20:48 Image size of job updated: 1506
	1506  -  MemoryUsage of job (MB)
	1543008  -  ResidentSetSize of job (KB)
...
006 (73445020.000.000) 2021-09-25 01:21:48 Image size of job updated: 1521
	1521  -  MemoryUsage of job (MB)
	1558080  -  ResidentSetSize of job (KB)
...
006 (73445020.000.000) 2021-09-25 01:22:49 Image size of job updated: 1534
	1534  -  MemoryUsage of job (MB)
	1571772  -  ResidentSetSize of job (KB)
...
006 (73445020.000.000) 2021-09-25 01:23:50 Image size of job updated: 1624
	1624  -  MemoryUsage of job (MB)
	1663488  -  ResidentSetSize of job (KB)
...
006 (73445020.000.000) 2021-09-25 01:24:50 Image size of job updated: 1641
	1641  -  MemoryUsage of job (MB)
	1681380  -  ResidentSetSize of job (KB)
...
006 (73445020.000.000) 2021-09-25 01:25:51 Image size of job updated: 1647
	1647  -  MemoryUsage of job (MB)
	1687172  -  ResidentSetSize of job (KB)
...
006 (73445020.000.000) 2021-09-25 01:26:52 Image size of job updated: 1648
	1648  -  MemoryUsage of job (MB)
	1687800  -  ResidentSetSize of job (KB)
...
006 (73445020.000.000) 2021-09-25 01:27:52 Image size of job updated: 1652
	1652  -  MemoryUsage of job (MB)
	1692432  -  ResidentSetSize of job (KB)
...
006 (73445020.000.000) 2021-09-25 01:28:53 Image size of job updated: 1656
	1656  -  MemoryUsage of job (MB)
	1696684  -  ResidentSetSize of job (KB)
...
006 (73445020.000.000) 2021-09-25 01:29:54 Image size of job updated: 1660
	1660  -  MemoryUsage of job (MB)
	1700196  -  ResidentSetSize of job (KB)
...
006 (73445020.000.000) 2021-09-25 01:30:54 Image size of job updated: 1664
	1664  -  MemoryUsage of job (MB)
	1704812  -  ResidentSetSize of job (KB)
...
006 (73445020.000.000) 2021-09-25 01:31:55 Image size of job updated: 1665
	1665  -  MemoryUsage of job (MB)
	1705864  -  ResidentSetSize of job (KB)
...
006 (73445020.000.000) 2021-09-25 01:32:56 Image size of job updated: 1669
	1669  -  MemoryUsage of job (MB)
	1709452  -  ResidentSetSize of job (KB)
...
006 (73445020.000.000) 2021-09-25 01:33:56 Image size of job updated: 1669
	1669  -  MemoryUsage of job (MB)
	1709860  -  ResidentSetSize of job (KB)
...
006 (73445020.000.000) 2021-09-25 01:34:56 Image size of job updated: 1670
	1670  -  MemoryUsage of job (MB)
	1710144  -  ResidentSetSize of job (KB)
...
006 (73445020.000.000) 2021-09-25 01:35:57 Image size of job updated: 1678
	1678  -  MemoryUsage of job (MB)
	1718760  -  ResidentSetSize of job (KB)
...
006 (73445020.000.000) 2021-09-25 01:36:57 Image size of job updated: 1681
	1681  -  MemoryUsage of job (MB)
	1722148  -  ResidentSetSize of job (KB)
...
006 (73445020.000.000) 2021-09-25 01:37:57 Image size of job updated: 1683
	1683  -  MemoryUsage of job (MB)
	1724132  -  ResidentSetSize of job (KB)
...
040 (73445020.000.000) 2021-09-25 01:37:57 Started transferring output files
...
040 (73445020.000.000) 2021-09-25 01:37:58 Finished transferring output files
...
005 (73445020.000.000) 2021-09-25 01:38:00 Job terminated.
	(1) Normal termination (return value 0)
		Usr 0 00:53:13, Sys 0 00:07:20  -  Run Remote Usage
		Usr 0 00:00:00, Sys 0 00:00:00  -  Run Local Usage
		Usr 0 00:53:13, Sys 0 00:07:20  -  Total Remote Usage
		Usr 0 00:00:00, Sys 0 00:00:00  -  Total Local Usage
	1231303  -  Run Bytes Sent By Job
	8471570  -  Run Bytes Received By Job
	1231303  -  Total Bytes Sent By Job
	8471570  -  Total Bytes Received By Job
	Partitionable Resources :    Usage  Request Allocated 
	   Cpus                 :     0.00        1         1 
	   Disk (KB)            : 15673       10000    307367 
	   Memory (MB)          :  1683        2048      2048 

	Job terminated of its own accord at 2021-09-25T06:37:57Z.
...
