000 (14656644.000.000) 2021-09-18 19:10:52 Job submitted from host: <131.225.188.55:9618?addrs=131.225.188.55-9618&alias=lpcschedd1.fnal.gov&noUDP&sock=schedd_2070_6d22>
...
040 (14656644.000.000) 2021-09-18 20:23:34 Started transferring input files
	Transferring to host: <131.225.205.156:9618?addrs=131.225.205.156-9618&alias=cmswn1930.fnal.gov&noUDP&sock=slot1_13_1536_0038_2318>
...
040 (14656644.000.000) 2021-09-18 20:23:34 Finished transferring input files
...
001 (14656644.000.000) 2021-09-18 20:23:35 Job executing on host: <131.225.205.156:9618?addrs=131.225.205.156-9618&alias=cmswn1930.fnal.gov&noUDP&sock=startd_1441_fc0f>
...
006 (14656644.000.000) 2021-09-18 20:23:44 Image size of job updated: 27
	27  -  MemoryUsage of job (MB)
	28048  -  ResidentSetSize of job (KB)
...
006 (14656644.000.000) 2021-09-18 20:24:44 Image size of job updated: 536
	536  -  MemoryUsage of job (MB)
	549884  -  ResidentSetSize of job (KB)
...
006 (14656644.000.000) 2021-09-18 20:28:47 Image size of job updated: 542
	542  -  MemoryUsage of job (MB)
	555408  -  ResidentSetSize of job (KB)
...
006 (14656644.000.000) 2021-09-18 20:29:48 Image size of job updated: 590
	590  -  MemoryUsage of job (MB)
	604764  -  ResidentSetSize of job (KB)
...
006 (14656644.000.000) 2021-09-18 20:30:48 Image size of job updated: 635
	635  -  MemoryUsage of job (MB)
	650680  -  ResidentSetSize of job (KB)
...
006 (14656644.000.000) 2021-09-18 20:31:49 Image size of job updated: 674
	674  -  MemoryUsage of job (MB)
	690516  -  ResidentSetSize of job (KB)
...
006 (14656644.000.000) 2021-09-18 20:32:49 Image size of job updated: 710
	710  -  MemoryUsage of job (MB)
	727380  -  ResidentSetSize of job (KB)
...
006 (14656644.000.000) 2021-09-18 20:33:49 Image size of job updated: 744
	744  -  MemoryUsage of job (MB)
	762028  -  ResidentSetSize of job (KB)
...
006 (14656644.000.000) 2021-09-18 20:34:51 Image size of job updated: 779
	779  -  MemoryUsage of job (MB)
	798384  -  ResidentSetSize of job (KB)
...
006 (14656644.000.000) 2021-09-18 20:35:51 Image size of job updated: 810
	810  -  MemoryUsage of job (MB)
	830300  -  ResidentSetSize of job (KB)
...
006 (14656644.000.000) 2021-09-18 20:36:52 Image size of job updated: 842
	842  -  MemoryUsage of job (MB)
	862628  -  ResidentSetSize of job (KB)
...
006 (14656644.000.000) 2021-09-18 20:37:53 Image size of job updated: 869
	869  -  MemoryUsage of job (MB)
	890844  -  ResidentSetSize of job (KB)
...
006 (14656644.000.000) 2021-09-18 20:38:54 Image size of job updated: 908
	908  -  MemoryUsage of job (MB)
	930456  -  ResidentSetSize of job (KB)
...
006 (14656644.000.000) 2021-09-18 20:39:55 Image size of job updated: 936
	936  -  MemoryUsage of job (MB)
	958792  -  ResidentSetSize of job (KB)
...
006 (14656644.000.000) 2021-09-18 20:40:55 Image size of job updated: 962
	962  -  MemoryUsage of job (MB)
	985248  -  ResidentSetSize of job (KB)
...
006 (14656644.000.000) 2021-09-18 20:41:55 Image size of job updated: 986
	986  -  MemoryUsage of job (MB)
	1010288  -  ResidentSetSize of job (KB)
...
006 (14656644.000.000) 2021-09-18 20:42:56 Image size of job updated: 1013
	1013  -  MemoryUsage of job (MB)
	1037532  -  ResidentSetSize of job (KB)
...
006 (14656644.000.000) 2021-09-18 20:43:56 Image size of job updated: 1040
	1040  -  MemoryUsage of job (MB)
	1065592  -  ResidentSetSize of job (KB)
...
006 (14656644.000.000) 2021-09-18 20:44:57 Image size of job updated: 1072
	1072  -  MemoryUsage of job (MB)
	1098404  -  ResidentSetSize of job (KB)
...
006 (14656644.000.000) 2021-09-18 20:45:57 Image size of job updated: 1094
	1094  -  MemoryUsage of job (MB)
	1120740  -  ResidentSetSize of job (KB)
...
006 (14656644.000.000) 2021-09-18 20:46:58 Image size of job updated: 1115
	1115  -  MemoryUsage of job (MB)
	1142448  -  ResidentSetSize of job (KB)
...
006 (14656644.000.000) 2021-09-18 20:47:58 Image size of job updated: 1136
	1136  -  MemoryUsage of job (MB)
	1163996  -  ResidentSetSize of job (KB)
...
006 (14656644.000.000) 2021-09-18 20:48:59 Image size of job updated: 1160
	1160  -  MemoryUsage of job (MB)
	1187952  -  ResidentSetSize of job (KB)
...
006 (14656644.000.000) 2021-09-18 20:50:00 Image size of job updated: 1180
	1180  -  MemoryUsage of job (MB)
	1208348  -  ResidentSetSize of job (KB)
...
006 (14656644.000.000) 2021-09-18 20:51:00 Image size of job updated: 1199
	1199  -  MemoryUsage of job (MB)
	1228384  -  ResidentSetSize of job (KB)
...
006 (14656644.000.000) 2021-09-18 20:52:01 Image size of job updated: 1218
	1218  -  MemoryUsage of job (MB)
	1247820  -  ResidentSetSize of job (KB)
...
006 (14656644.000.000) 2021-09-18 20:53:01 Image size of job updated: 1236
	1236  -  MemoryUsage of job (MB)
	1266488  -  ResidentSetSize of job (KB)
...
006 (14656644.000.000) 2021-09-18 20:54:02 Image size of job updated: 1255
	1255  -  MemoryUsage of job (MB)
	1285272  -  ResidentSetSize of job (KB)
...
006 (14656644.000.000) 2021-09-18 20:55:03 Image size of job updated: 1275
	1275  -  MemoryUsage of job (MB)
	1305864  -  ResidentSetSize of job (KB)
...
006 (14656644.000.000) 2021-09-18 20:56:03 Image size of job updated: 1293
	1293  -  MemoryUsage of job (MB)
	1324280  -  ResidentSetSize of job (KB)
...
006 (14656644.000.000) 2021-09-18 20:57:03 Image size of job updated: 1310
	1310  -  MemoryUsage of job (MB)
	1342356  -  ResidentSetSize of job (KB)
...
006 (14656644.000.000) 2021-09-18 20:58:04 Image size of job updated: 1327
	1327  -  MemoryUsage of job (MB)
	1359736  -  ResidentSetSize of job (KB)
...
006 (14656644.000.000) 2021-09-18 20:59:05 Image size of job updated: 1345
	1345  -  MemoryUsage of job (MB)
	1377392  -  ResidentSetSize of job (KB)
...
006 (14656644.000.000) 2021-09-18 21:00:05 Image size of job updated: 1361
	1361  -  MemoryUsage of job (MB)
	1394680  -  ResidentSetSize of job (KB)
...
006 (14656644.000.000) 2021-09-18 21:01:07 Image size of job updated: 1380
	1380  -  MemoryUsage of job (MB)
	1413548  -  ResidentSetSize of job (KB)
...
006 (14656644.000.000) 2021-09-18 21:02:07 Image size of job updated: 1396
	1396  -  MemoryUsage of job (MB)
	1430268  -  ResidentSetSize of job (KB)
...
006 (14656644.000.000) 2021-09-18 21:03:07 Image size of job updated: 1412
	1412  -  MemoryUsage of job (MB)
	1446808  -  ResidentSetSize of job (KB)
...
006 (14656644.000.000) 2021-09-18 21:04:08 Image size of job updated: 1428
	1428  -  MemoryUsage of job (MB)
	1463152  -  ResidentSetSize of job (KB)
...
006 (14656644.000.000) 2021-09-18 21:05:08 Image size of job updated: 1444
	1444  -  MemoryUsage of job (MB)
	1479196  -  ResidentSetSize of job (KB)
...
006 (14656644.000.000) 2021-09-18 21:06:08 Image size of job updated: 1460
	1460  -  MemoryUsage of job (MB)
	1495168  -  ResidentSetSize of job (KB)
...
006 (14656644.000.000) 2021-09-18 21:07:11 Image size of job updated: 1477
	1477  -  MemoryUsage of job (MB)
	1512800  -  ResidentSetSize of job (KB)
...
006 (14656644.000.000) 2021-09-18 21:08:12 Image size of job updated: 1492
	1492  -  MemoryUsage of job (MB)
	1528284  -  ResidentSetSize of job (KB)
...
006 (14656644.000.000) 2021-09-18 21:09:13 Image size of job updated: 1507
	1507  -  MemoryUsage of job (MB)
	1543720  -  ResidentSetSize of job (KB)
...
006 (14656644.000.000) 2021-09-18 21:10:14 Image size of job updated: 1522
	1522  -  MemoryUsage of job (MB)
	1558744  -  ResidentSetSize of job (KB)
...
006 (14656644.000.000) 2021-09-18 21:11:15 Image size of job updated: 1542
	1542  -  MemoryUsage of job (MB)
	1579324  -  ResidentSetSize of job (KB)
...
006 (14656644.000.000) 2021-09-18 21:12:16 Image size of job updated: 1626
	1626  -  MemoryUsage of job (MB)
	1666028  -  ResidentSetSize of job (KB)
...
006 (14656644.000.000) 2021-09-18 21:13:17 Image size of job updated: 1637
	1637  -  MemoryUsage of job (MB)
	1676740  -  ResidentSetSize of job (KB)
...
006 (14656644.000.000) 2021-09-18 21:14:18 Image size of job updated: 1638
	1638  -  MemoryUsage of job (MB)
	1677652  -  ResidentSetSize of job (KB)
...
006 (14656644.000.000) 2021-09-18 21:15:19 Image size of job updated: 1641
	1641  -  MemoryUsage of job (MB)
	1680536  -  ResidentSetSize of job (KB)
...
006 (14656644.000.000) 2021-09-18 21:16:19 Image size of job updated: 1643
	1643  -  MemoryUsage of job (MB)
	1683296  -  ResidentSetSize of job (KB)
...
006 (14656644.000.000) 2021-09-18 21:17:20 Image size of job updated: 1644
	1644  -  MemoryUsage of job (MB)
	1683948  -  ResidentSetSize of job (KB)
...
006 (14656644.000.000) 2021-09-18 21:18:21 Image size of job updated: 1645
	1645  -  MemoryUsage of job (MB)
	1684484  -  ResidentSetSize of job (KB)
...
006 (14656644.000.000) 2021-09-18 21:19:22 Image size of job updated: 1649
	1649  -  MemoryUsage of job (MB)
	1688592  -  ResidentSetSize of job (KB)
...
006 (14656644.000.000) 2021-09-18 21:20:23 Image size of job updated: 1651
	1651  -  MemoryUsage of job (MB)
	1691556  -  ResidentSetSize of job (KB)
...
006 (14656644.000.000) 2021-09-18 21:21:23 Image size of job updated: 1652
	1652  -  MemoryUsage of job (MB)
	1692248  -  ResidentSetSize of job (KB)
...
006 (14656644.000.000) 2021-09-18 21:22:23 Image size of job updated: 1654
	1654  -  MemoryUsage of job (MB)
	1694080  -  ResidentSetSize of job (KB)
...
006 (14656644.000.000) 2021-09-18 21:23:24 Image size of job updated: 1657
	1657  -  MemoryUsage of job (MB)
	1696972  -  ResidentSetSize of job (KB)
...
006 (14656644.000.000) 2021-09-18 21:24:25 Image size of job updated: 1659
	1659  -  MemoryUsage of job (MB)
	1698992  -  ResidentSetSize of job (KB)
...
006 (14656644.000.000) 2021-09-18 21:25:25 Image size of job updated: 1660
	1660  -  MemoryUsage of job (MB)
	1699944  -  ResidentSetSize of job (KB)
...
006 (14656644.000.000) 2021-09-18 21:26:26 Image size of job updated: 1660
	1660  -  MemoryUsage of job (MB)
	1700680  -  ResidentSetSize of job (KB)
...
006 (14656644.000.000) 2021-09-18 21:27:27 Image size of job updated: 1662
	1662  -  MemoryUsage of job (MB)
	1702760  -  ResidentSetSize of job (KB)
...
006 (14656644.000.000) 2021-09-18 21:28:27 Image size of job updated: 1664
	1664  -  MemoryUsage of job (MB)
	1704072  -  ResidentSetSize of job (KB)
...
006 (14656644.000.000) 2021-09-18 21:29:28 Image size of job updated: 1665
	1665  -  MemoryUsage of job (MB)
	1705420  -  ResidentSetSize of job (KB)
...
006 (14656644.000.000) 2021-09-18 21:30:28 Image size of job updated: 1666
	1666  -  MemoryUsage of job (MB)
	1706816  -  ResidentSetSize of job (KB)
...
006 (14656644.000.000) 2021-09-18 21:31:28 Image size of job updated: 1667
	1667  -  MemoryUsage of job (MB)
	1707580  -  ResidentSetSize of job (KB)
...
006 (14656644.000.000) 2021-09-18 21:32:29 Image size of job updated: 1667
	1667  -  MemoryUsage of job (MB)
	1708004  -  ResidentSetSize of job (KB)
...
006 (14656644.000.000) 2021-09-18 21:33:30 Image size of job updated: 1670
	1670  -  MemoryUsage of job (MB)
	1710120  -  ResidentSetSize of job (KB)
...
006 (14656644.000.000) 2021-09-18 21:34:31 Image size of job updated: 1671
	1671  -  MemoryUsage of job (MB)
	1711704  -  ResidentSetSize of job (KB)
...
006 (14656644.000.000) 2021-09-18 21:35:31 Image size of job updated: 1673
	1673  -  MemoryUsage of job (MB)
	1713232  -  ResidentSetSize of job (KB)
...
006 (14656644.000.000) 2021-09-18 21:36:31 Image size of job updated: 1674
	1674  -  MemoryUsage of job (MB)
	1714548  -  ResidentSetSize of job (KB)
...
006 (14656644.000.000) 2021-09-18 21:37:31 Image size of job updated: 1675
	1675  -  MemoryUsage of job (MB)
	1715792  -  ResidentSetSize of job (KB)
...
006 (14656644.000.000) 2021-09-18 21:38:31 Image size of job updated: 1676
	1676  -  MemoryUsage of job (MB)
	1717028  -  ResidentSetSize of job (KB)
...
006 (14656644.000.000) 2021-09-18 21:39:32 Image size of job updated: 1677
	1677  -  MemoryUsage of job (MB)
	1718048  -  ResidentSetSize of job (KB)
...
006 (14656644.000.000) 2021-09-18 21:40:32 Image size of job updated: 1679
	1679  -  MemoryUsage of job (MB)
	1719344  -  ResidentSetSize of job (KB)
...
006 (14656644.000.000) 2021-09-18 21:41:32 Image size of job updated: 1680
	1680  -  MemoryUsage of job (MB)
	1720868  -  ResidentSetSize of job (KB)
...
006 (14656644.000.000) 2021-09-18 21:42:33 Image size of job updated: 1682
	1682  -  MemoryUsage of job (MB)
	1722396  -  ResidentSetSize of job (KB)
...
006 (14656644.000.000) 2021-09-18 21:43:34 Image size of job updated: 1683
	1683  -  MemoryUsage of job (MB)
	1724304  -  ResidentSetSize of job (KB)
...
006 (14656644.000.000) 2021-09-18 21:44:35 Image size of job updated: 1684
	1684  -  MemoryUsage of job (MB)
	1725068  -  ResidentSetSize of job (KB)
...
040 (14656644.000.000) 2021-09-18 21:44:53 Started transferring output files
...
040 (14656644.000.000) 2021-09-18 21:44:53 Finished transferring output files
...
005 (14656644.000.000) 2021-09-18 21:44:54 Job terminated.
	(1) Normal termination (return value 0)
		Usr 0 00:54:49, Sys 0 00:24:05  -  Run Remote Usage
		Usr 0 00:00:00, Sys 0 00:00:00  -  Run Local Usage
		Usr 0 01:49:21, Sys 0 00:47:52  -  Total Remote Usage
		Usr 0 00:00:00, Sys 0 00:00:00  -  Total Local Usage
	1297684  -  Run Bytes Sent By Job
	8471534  -  Run Bytes Received By Job
	1297684  -  Total Bytes Sent By Job
	8471534  -  Total Bytes Received By Job
	Partitionable Resources :    Usage  Request Allocated 
	   Cpus                 :     0.01        1         1 
	   Disk (KB)            : 16213       10000   1648921 
	   Memory (MB)          :  1684        2048      2048 

	Job terminated of its own accord at 2021-09-19T02:44:53Z.
...
000 (14732701.000.000) 2021-09-24 22:12:42 Job submitted from host: <131.225.188.55:9618?addrs=131.225.188.55-9618&alias=lpcschedd1.fnal.gov&noUDP&sock=schedd_2070_6d22>
...
040 (14732701.000.000) 2021-09-24 23:50:50 Started transferring input files
	Transferring to host: <131.225.206.107:9618?addrs=131.225.206.107-9618&alias=cmswn1771.fnal.gov&noUDP&sock=slot1_4_1241_258c_5238>
...
040 (14732701.000.000) 2021-09-24 23:50:50 Finished transferring input files
...
001 (14732701.000.000) 2021-09-24 23:50:51 Job executing on host: <131.225.206.107:9618?addrs=131.225.206.107-9618&alias=cmswn1771.fnal.gov&noUDP&sock=startd_1158_dec2>
...
006 (14732701.000.000) 2021-09-24 23:51:00 Image size of job updated: 44
	44  -  MemoryUsage of job (MB)
	45404  -  ResidentSetSize of job (KB)
...
006 (14732701.000.000) 2021-09-24 23:52:01 Image size of job updated: 537
	537  -  MemoryUsage of job (MB)
	549916  -  ResidentSetSize of job (KB)
...
006 (14732701.000.000) 2021-09-24 23:55:02 Image size of job updated: 537
	537  -  MemoryUsage of job (MB)
	550572  -  ResidentSetSize of job (KB)
...
006 (14732701.000.000) 2021-09-24 23:56:03 Image size of job updated: 587
	587  -  MemoryUsage of job (MB)
	601416  -  ResidentSetSize of job (KB)
...
006 (14732701.000.000) 2021-09-24 23:57:03 Image size of job updated: 633
	633  -  MemoryUsage of job (MB)
	648276  -  ResidentSetSize of job (KB)
...
006 (14732701.000.000) 2021-09-24 23:58:03 Image size of job updated: 673
	673  -  MemoryUsage of job (MB)
	689320  -  ResidentSetSize of job (KB)
...
006 (14732701.000.000) 2021-09-24 23:59:04 Image size of job updated: 710
	710  -  MemoryUsage of job (MB)
	727048  -  ResidentSetSize of job (KB)
...
006 (14732701.000.000) 2021-09-25 00:00:05 Image size of job updated: 744
	744  -  MemoryUsage of job (MB)
	762696  -  ResidentSetSize of job (KB)
...
006 (14732701.000.000) 2021-09-25 00:01:06 Image size of job updated: 777
	777  -  MemoryUsage of job (MB)
	796224  -  ResidentSetSize of job (KB)
...
006 (14732701.000.000) 2021-09-25 00:02:06 Image size of job updated: 809
	809  -  MemoryUsage of job (MB)
	828752  -  ResidentSetSize of job (KB)
...
006 (14732701.000.000) 2021-09-25 00:03:07 Image size of job updated: 841
	841  -  MemoryUsage of job (MB)
	861216  -  ResidentSetSize of job (KB)
...
006 (14732701.000.000) 2021-09-25 00:04:08 Image size of job updated: 869
	869  -  MemoryUsage of job (MB)
	890384  -  ResidentSetSize of job (KB)
...
006 (14732701.000.000) 2021-09-25 00:05:09 Image size of job updated: 908
	908  -  MemoryUsage of job (MB)
	930488  -  ResidentSetSize of job (KB)
...
006 (14732701.000.000) 2021-09-25 00:06:09 Image size of job updated: 936
	936  -  MemoryUsage of job (MB)
	958964  -  ResidentSetSize of job (KB)
...
006 (14732701.000.000) 2021-09-25 00:07:10 Image size of job updated: 962
	962  -  MemoryUsage of job (MB)
	985788  -  ResidentSetSize of job (KB)
...
006 (14732701.000.000) 2021-09-25 00:08:10 Image size of job updated: 984
	984  -  MemoryUsage of job (MB)
	1008516  -  ResidentSetSize of job (KB)
...
006 (14732701.000.000) 2021-09-25 00:09:10 Image size of job updated: 1009
	1009  -  MemoryUsage of job (MB)
	1033804  -  ResidentSetSize of job (KB)
...
006 (14732701.000.000) 2021-09-25 00:10:11 Image size of job updated: 1037
	1037  -  MemoryUsage of job (MB)
	1062616  -  ResidentSetSize of job (KB)
...
006 (14732701.000.000) 2021-09-25 00:11:12 Image size of job updated: 1070
	1070  -  MemoryUsage of job (MB)
	1096244  -  ResidentSetSize of job (KB)
...
006 (14732701.000.000) 2021-09-25 00:12:12 Image size of job updated: 1093
	1093  -  MemoryUsage of job (MB)
	1119388  -  ResidentSetSize of job (KB)
...
006 (14732701.000.000) 2021-09-25 00:13:12 Image size of job updated: 1115
	1115  -  MemoryUsage of job (MB)
	1141764  -  ResidentSetSize of job (KB)
...
006 (14732701.000.000) 2021-09-25 00:14:13 Image size of job updated: 1136
	1136  -  MemoryUsage of job (MB)
	1163932  -  ResidentSetSize of job (KB)
...
006 (14732701.000.000) 2021-09-25 00:15:14 Image size of job updated: 1158
	1158  -  MemoryUsage of job (MB)
	1186156  -  ResidentSetSize of job (KB)
...
006 (14732701.000.000) 2021-09-25 00:16:14 Image size of job updated: 1178
	1178  -  MemoryUsage of job (MB)
	1207224  -  ResidentSetSize of job (KB)
...
006 (14732701.000.000) 2021-09-25 00:17:14 Image size of job updated: 1198
	1198  -  MemoryUsage of job (MB)
	1227716  -  ResidentSetSize of job (KB)
...
006 (14732701.000.000) 2021-09-25 00:18:15 Image size of job updated: 1218
	1218  -  MemoryUsage of job (MB)
	1247648  -  ResidentSetSize of job (KB)
...
006 (14732701.000.000) 2021-09-25 00:19:16 Image size of job updated: 1237
	1237  -  MemoryUsage of job (MB)
	1267268  -  ResidentSetSize of job (KB)
...
006 (14732701.000.000) 2021-09-25 00:20:16 Image size of job updated: 1255
	1255  -  MemoryUsage of job (MB)
	1285840  -  ResidentSetSize of job (KB)
...
006 (14732701.000.000) 2021-09-25 00:21:17 Image size of job updated: 1274
	1274  -  MemoryUsage of job (MB)
	1304976  -  ResidentSetSize of job (KB)
...
006 (14732701.000.000) 2021-09-25 00:22:18 Image size of job updated: 1292
	1292  -  MemoryUsage of job (MB)
	1323808  -  ResidentSetSize of job (KB)
...
006 (14732701.000.000) 2021-09-25 00:23:18 Image size of job updated: 1310
	1310  -  MemoryUsage of job (MB)
	1342328  -  ResidentSetSize of job (KB)
...
006 (14732701.000.000) 2021-09-25 00:24:18 Image size of job updated: 1329
	1329  -  MemoryUsage of job (MB)
	1360912  -  ResidentSetSize of job (KB)
...
006 (14732701.000.000) 2021-09-25 00:25:19 Image size of job updated: 1346
	1346  -  MemoryUsage of job (MB)
	1378828  -  ResidentSetSize of job (KB)
...
006 (14732701.000.000) 2021-09-25 00:26:20 Image size of job updated: 1363
	1363  -  MemoryUsage of job (MB)
	1396652  -  ResidentSetSize of job (KB)
...
006 (14732701.000.000) 2021-09-25 00:27:20 Image size of job updated: 1381
	1381  -  MemoryUsage of job (MB)
	1414292  -  ResidentSetSize of job (KB)
...
006 (14732701.000.000) 2021-09-25 00:28:21 Image size of job updated: 1398
	1398  -  MemoryUsage of job (MB)
	1431564  -  ResidentSetSize of job (KB)
...
006 (14732701.000.000) 2021-09-25 00:29:21 Image size of job updated: 1414
	1414  -  MemoryUsage of job (MB)
	1448680  -  ResidentSetSize of job (KB)
...
006 (14732701.000.000) 2021-09-25 00:30:22 Image size of job updated: 1431
	1431  -  MemoryUsage of job (MB)
	1465436  -  ResidentSetSize of job (KB)
...
006 (14732701.000.000) 2021-09-25 00:31:22 Image size of job updated: 1445
	1445  -  MemoryUsage of job (MB)
	1480240  -  ResidentSetSize of job (KB)
...
006 (14732701.000.000) 2021-09-25 00:32:22 Image size of job updated: 1461
	1461  -  MemoryUsage of job (MB)
	1496580  -  ResidentSetSize of job (KB)
...
006 (14732701.000.000) 2021-09-25 00:33:23 Image size of job updated: 1477
	1477  -  MemoryUsage of job (MB)
	1512736  -  ResidentSetSize of job (KB)
...
006 (14732701.000.000) 2021-09-25 00:34:24 Image size of job updated: 1492
	1492  -  MemoryUsage of job (MB)
	1528784  -  ResidentSetSize of job (KB)
...
006 (14732701.000.000) 2021-09-25 00:35:24 Image size of job updated: 1508
	1508  -  MemoryUsage of job (MB)
	1544484  -  ResidentSetSize of job (KB)
...
006 (14732701.000.000) 2021-09-25 00:36:24 Image size of job updated: 1523
	1523  -  MemoryUsage of job (MB)
	1559948  -  ResidentSetSize of job (KB)
...
006 (14732701.000.000) 2021-09-25 00:37:24 Image size of job updated: 1542
	1542  -  MemoryUsage of job (MB)
	1579432  -  ResidentSetSize of job (KB)
...
006 (14732701.000.000) 2021-09-25 00:38:25 Image size of job updated: 1637
	1637  -  MemoryUsage of job (MB)
	1676860  -  ResidentSetSize of job (KB)
...
006 (14732701.000.000) 2021-09-25 00:39:26 Image size of job updated: 1642
	1642  -  MemoryUsage of job (MB)
	1682184  -  ResidentSetSize of job (KB)
...
006 (14732701.000.000) 2021-09-25 00:40:27 Image size of job updated: 1647
	1647  -  MemoryUsage of job (MB)
	1687548  -  ResidentSetSize of job (KB)
...
006 (14732701.000.000) 2021-09-25 00:41:27 Image size of job updated: 1654
	1654  -  MemoryUsage of job (MB)
	1694068  -  ResidentSetSize of job (KB)
...
006 (14732701.000.000) 2021-09-25 00:42:27 Image size of job updated: 1659
	1659  -  MemoryUsage of job (MB)
	1699048  -  ResidentSetSize of job (KB)
...
006 (14732701.000.000) 2021-09-25 00:43:28 Image size of job updated: 1661
	1661  -  MemoryUsage of job (MB)
	1701124  -  ResidentSetSize of job (KB)
...
006 (14732701.000.000) 2021-09-25 00:44:29 Image size of job updated: 1664
	1664  -  MemoryUsage of job (MB)
	1704352  -  ResidentSetSize of job (KB)
...
006 (14732701.000.000) 2021-09-25 00:45:29 Image size of job updated: 1667
	1667  -  MemoryUsage of job (MB)
	1707504  -  ResidentSetSize of job (KB)
...
006 (14732701.000.000) 2021-09-25 00:46:29 Image size of job updated: 1670
	1670  -  MemoryUsage of job (MB)
	1710256  -  ResidentSetSize of job (KB)
...
006 (14732701.000.000) 2021-09-25 00:47:30 Image size of job updated: 1673
	1673  -  MemoryUsage of job (MB)
	1714028  -  ResidentSetSize of job (KB)
...
006 (14732701.000.000) 2021-09-25 00:48:30 Image size of job updated: 1676
	1676  -  MemoryUsage of job (MB)
	1717128  -  ResidentSetSize of job (KB)
...
006 (14732701.000.000) 2021-09-25 00:49:30 Image size of job updated: 1676
	1676  -  MemoryUsage of job (MB)
	1717212  -  ResidentSetSize of job (KB)
...
006 (14732701.000.000) 2021-09-25 00:50:31 Image size of job updated: 1680
	1680  -  MemoryUsage of job (MB)
	1720956  -  ResidentSetSize of job (KB)
...
006 (14732701.000.000) 2021-09-25 00:51:31 Image size of job updated: 1683
	1683  -  MemoryUsage of job (MB)
	1723844  -  ResidentSetSize of job (KB)
...
006 (14732701.000.000) 2021-09-25 00:51:47 Image size of job updated: 1683
	1683  -  MemoryUsage of job (MB)
	1724164  -  ResidentSetSize of job (KB)
...
040 (14732701.000.000) 2021-09-25 00:51:47 Started transferring output files
...
040 (14732701.000.000) 2021-09-25 00:51:47 Finished transferring output files
...
005 (14732701.000.000) 2021-09-25 00:51:50 Job terminated.
	(1) Normal termination (return value 0)
		Usr 0 00:51:35, Sys 0 00:07:20  -  Run Remote Usage
		Usr 0 00:00:00, Sys 0 00:00:00  -  Run Local Usage
		Usr 0 00:51:35, Sys 0 00:07:20  -  Total Remote Usage
		Usr 0 00:00:00, Sys 0 00:00:00  -  Total Local Usage
	1231287  -  Run Bytes Sent By Job
	8471570  -  Run Bytes Received By Job
	1231287  -  Total Bytes Sent By Job
	8471570  -  Total Bytes Received By Job
	Partitionable Resources :    Usage  Request Allocated 
	   Cpus                 :     0.00        1         1 
	   Disk (KB)            : 16615       10000    323635 
	   Memory (MB)          :  1683        2048      2048 

	Job terminated of its own accord at 2021-09-25T05:51:47Z.
...
