000 (14656592.000.000) 2021-09-18 19:10:35 Job submitted from host: <131.225.188.55:9618?addrs=131.225.188.55-9618&alias=lpcschedd1.fnal.gov&noUDP&sock=schedd_2070_6d22>
...
040 (14656592.000.000) 2021-09-18 20:16:15 Started transferring input files
	Transferring to host: <131.225.206.4:9618?addrs=131.225.206.4-9618&alias=cmswn1732.fnal.gov&noUDP&sock=slot1_7_1218_f0eb_4725>
...
040 (14656592.000.000) 2021-09-18 20:16:16 Finished transferring input files
...
001 (14656592.000.000) 2021-09-18 20:16:17 Job executing on host: <131.225.206.4:9618?addrs=131.225.206.4-9618&alias=cmswn1732.fnal.gov&noUDP&sock=startd_1139_d676>
...
006 (14656592.000.000) 2021-09-18 20:16:25 Image size of job updated: 71
	71  -  MemoryUsage of job (MB)
	73212  -  ResidentSetSize of job (KB)
...
006 (14656592.000.000) 2021-09-18 20:17:25 Image size of job updated: 527
	527  -  MemoryUsage of job (MB)
	540580  -  ResidentSetSize of job (KB)
...
006 (14656592.000.000) 2021-09-18 20:21:26 Image size of job updated: 567
	567  -  MemoryUsage of job (MB)
	581360  -  ResidentSetSize of job (KB)
...
006 (14656592.000.000) 2021-09-18 20:22:27 Image size of job updated: 617
	617  -  MemoryUsage of job (MB)
	632600  -  ResidentSetSize of job (KB)
...
006 (14656592.000.000) 2021-09-18 20:23:27 Image size of job updated: 658
	658  -  MemoryUsage of job (MB)
	674472  -  ResidentSetSize of job (KB)
...
006 (14656592.000.000) 2021-09-18 20:24:27 Image size of job updated: 697
	697  -  MemoryUsage of job (MB)
	713976  -  ResidentSetSize of job (KB)
...
006 (14656592.000.000) 2021-09-18 20:25:28 Image size of job updated: 733
	733  -  MemoryUsage of job (MB)
	750624  -  ResidentSetSize of job (KB)
...
006 (14656592.000.000) 2021-09-18 20:26:28 Image size of job updated: 766
	766  -  MemoryUsage of job (MB)
	785308  -  ResidentSetSize of job (KB)
...
006 (14656592.000.000) 2021-09-18 20:27:28 Image size of job updated: 799
	799  -  MemoryUsage of job (MB)
	818908  -  ResidentSetSize of job (KB)
...
006 (14656592.000.000) 2021-09-18 20:28:29 Image size of job updated: 830
	830  -  MemoryUsage of job (MB)
	850144  -  ResidentSetSize of job (KB)
...
006 (14656592.000.000) 2021-09-18 20:29:29 Image size of job updated: 861
	861  -  MemoryUsage of job (MB)
	882012  -  ResidentSetSize of job (KB)
...
006 (14656592.000.000) 2021-09-18 20:30:30 Image size of job updated: 901
	901  -  MemoryUsage of job (MB)
	922896  -  ResidentSetSize of job (KB)
...
006 (14656592.000.000) 2021-09-18 20:31:31 Image size of job updated: 930
	930  -  MemoryUsage of job (MB)
	952448  -  ResidentSetSize of job (KB)
...
006 (14656592.000.000) 2021-09-18 20:32:32 Image size of job updated: 957
	957  -  MemoryUsage of job (MB)
	980080  -  ResidentSetSize of job (KB)
...
006 (14656592.000.000) 2021-09-18 20:33:32 Image size of job updated: 982
	982  -  MemoryUsage of job (MB)
	1006376  -  ResidentSetSize of job (KB)
...
006 (14656592.000.000) 2021-09-18 20:34:33 Image size of job updated: 1008
	1008  -  MemoryUsage of job (MB)
	1032288  -  ResidentSetSize of job (KB)
...
006 (14656592.000.000) 2021-09-18 20:35:33 Image size of job updated: 1033
	1033  -  MemoryUsage of job (MB)
	1058168  -  ResidentSetSize of job (KB)
...
006 (14656592.000.000) 2021-09-18 20:36:33 Image size of job updated: 1069
	1069  -  MemoryUsage of job (MB)
	1094812  -  ResidentSetSize of job (KB)
...
006 (14656592.000.000) 2021-09-18 20:37:34 Image size of job updated: 1090
	1090  -  MemoryUsage of job (MB)
	1116936  -  ResidentSetSize of job (KB)
...
006 (14656592.000.000) 2021-09-18 20:38:34 Image size of job updated: 1113
	1113  -  MemoryUsage of job (MB)
	1139916  -  ResidentSetSize of job (KB)
...
006 (14656592.000.000) 2021-09-18 20:39:34 Image size of job updated: 1135
	1135  -  MemoryUsage of job (MB)
	1162540  -  ResidentSetSize of job (KB)
...
006 (14656592.000.000) 2021-09-18 20:40:35 Image size of job updated: 1157
	1157  -  MemoryUsage of job (MB)
	1185288  -  ResidentSetSize of job (KB)
...
006 (14656592.000.000) 2021-09-18 20:41:36 Image size of job updated: 1178
	1178  -  MemoryUsage of job (MB)
	1206724  -  ResidentSetSize of job (KB)
...
006 (14656592.000.000) 2021-09-18 20:42:36 Image size of job updated: 1198
	1198  -  MemoryUsage of job (MB)
	1227764  -  ResidentSetSize of job (KB)
...
006 (14656592.000.000) 2021-09-18 20:43:37 Image size of job updated: 1219
	1219  -  MemoryUsage of job (MB)
	1248296  -  ResidentSetSize of job (KB)
...
006 (14656592.000.000) 2021-09-18 20:44:38 Image size of job updated: 1238
	1238  -  MemoryUsage of job (MB)
	1268284  -  ResidentSetSize of job (KB)
...
006 (14656592.000.000) 2021-09-18 20:45:38 Image size of job updated: 1257
	1257  -  MemoryUsage of job (MB)
	1287860  -  ResidentSetSize of job (KB)
...
006 (14656592.000.000) 2021-09-18 20:46:39 Image size of job updated: 1276
	1276  -  MemoryUsage of job (MB)
	1307152  -  ResidentSetSize of job (KB)
...
006 (14656592.000.000) 2021-09-18 20:47:40 Image size of job updated: 1294
	1294  -  MemoryUsage of job (MB)
	1325764  -  ResidentSetSize of job (KB)
...
006 (14656592.000.000) 2021-09-18 20:48:40 Image size of job updated: 1312
	1312  -  MemoryUsage of job (MB)
	1344020  -  ResidentSetSize of job (KB)
...
006 (14656592.000.000) 2021-09-18 20:49:40 Image size of job updated: 1330
	1330  -  MemoryUsage of job (MB)
	1362232  -  ResidentSetSize of job (KB)
...
006 (14656592.000.000) 2021-09-18 20:50:41 Image size of job updated: 1348
	1348  -  MemoryUsage of job (MB)
	1380548  -  ResidentSetSize of job (KB)
...
006 (14656592.000.000) 2021-09-18 20:51:42 Image size of job updated: 1365
	1365  -  MemoryUsage of job (MB)
	1398608  -  ResidentSetSize of job (KB)
...
006 (14656592.000.000) 2021-09-18 20:52:42 Image size of job updated: 1383
	1383  -  MemoryUsage of job (MB)
	1416516  -  ResidentSetSize of job (KB)
...
006 (14656592.000.000) 2021-09-18 20:53:43 Image size of job updated: 1400
	1400  -  MemoryUsage of job (MB)
	1434004  -  ResidentSetSize of job (KB)
...
006 (14656592.000.000) 2021-09-18 20:54:44 Image size of job updated: 1417
	1417  -  MemoryUsage of job (MB)
	1451204  -  ResidentSetSize of job (KB)
...
006 (14656592.000.000) 2021-09-18 20:55:44 Image size of job updated: 1433
	1433  -  MemoryUsage of job (MB)
	1467992  -  ResidentSetSize of job (KB)
...
006 (14656592.000.000) 2021-09-18 20:56:44 Image size of job updated: 1449
	1449  -  MemoryUsage of job (MB)
	1484584  -  ResidentSetSize of job (KB)
...
006 (14656592.000.000) 2021-09-18 20:57:45 Image size of job updated: 1465
	1465  -  MemoryUsage of job (MB)
	1500772  -  ResidentSetSize of job (KB)
...
006 (14656592.000.000) 2021-09-18 20:58:45 Image size of job updated: 1481
	1481  -  MemoryUsage of job (MB)
	1516728  -  ResidentSetSize of job (KB)
...
006 (14656592.000.000) 2021-09-18 20:59:45 Image size of job updated: 1496
	1496  -  MemoryUsage of job (MB)
	1532408  -  ResidentSetSize of job (KB)
...
006 (14656592.000.000) 2021-09-18 21:00:46 Image size of job updated: 1511
	1511  -  MemoryUsage of job (MB)
	1547804  -  ResidentSetSize of job (KB)
...
006 (14656592.000.000) 2021-09-18 21:01:46 Image size of job updated: 1526
	1526  -  MemoryUsage of job (MB)
	1562980  -  ResidentSetSize of job (KB)
...
006 (14656592.000.000) 2021-09-18 21:02:46 Image size of job updated: 1545
	1545  -  MemoryUsage of job (MB)
	1582096  -  ResidentSetSize of job (KB)
...
006 (14656592.000.000) 2021-09-18 21:03:47 Image size of job updated: 1638
	1638  -  MemoryUsage of job (MB)
	1677324  -  ResidentSetSize of job (KB)
...
006 (14656592.000.000) 2021-09-18 21:04:48 Image size of job updated: 1646
	1646  -  MemoryUsage of job (MB)
	1685852  -  ResidentSetSize of job (KB)
...
006 (14656592.000.000) 2021-09-18 21:05:49 Image size of job updated: 1650
	1650  -  MemoryUsage of job (MB)
	1689776  -  ResidentSetSize of job (KB)
...
006 (14656592.000.000) 2021-09-18 21:06:50 Image size of job updated: 1655
	1655  -  MemoryUsage of job (MB)
	1694760  -  ResidentSetSize of job (KB)
...
006 (14656592.000.000) 2021-09-18 21:07:51 Image size of job updated: 1659
	1659  -  MemoryUsage of job (MB)
	1698912  -  ResidentSetSize of job (KB)
...
006 (14656592.000.000) 2021-09-18 21:08:52 Image size of job updated: 1663
	1663  -  MemoryUsage of job (MB)
	1703168  -  ResidentSetSize of job (KB)
...
006 (14656592.000.000) 2021-09-18 21:09:53 Image size of job updated: 1666
	1666  -  MemoryUsage of job (MB)
	1706460  -  ResidentSetSize of job (KB)
...
006 (14656592.000.000) 2021-09-18 21:10:54 Image size of job updated: 1671
	1671  -  MemoryUsage of job (MB)
	1711304  -  ResidentSetSize of job (KB)
...
006 (14656592.000.000) 2021-09-18 21:11:56 Image size of job updated: 1674
	1674  -  MemoryUsage of job (MB)
	1714532  -  ResidentSetSize of job (KB)
...
006 (14656592.000.000) 2021-09-18 21:12:56 Image size of job updated: 1678
	1678  -  MemoryUsage of job (MB)
	1718372  -  ResidentSetSize of job (KB)
...
006 (14656592.000.000) 2021-09-18 21:13:56 Image size of job updated: 1681
	1681  -  MemoryUsage of job (MB)
	1721800  -  ResidentSetSize of job (KB)
...
006 (14656592.000.000) 2021-09-18 21:14:27 Image size of job updated: 1682
	1682  -  MemoryUsage of job (MB)
	1722564  -  ResidentSetSize of job (KB)
...
040 (14656592.000.000) 2021-09-18 21:14:27 Started transferring output files
...
040 (14656592.000.000) 2021-09-18 21:14:27 Finished transferring output files
...
005 (14656592.000.000) 2021-09-18 21:14:28 Job terminated.
	(1) Normal termination (return value 0)
		Usr 0 00:51:42, Sys 0 00:04:55  -  Run Remote Usage
		Usr 0 00:00:00, Sys 0 00:00:00  -  Run Local Usage
		Usr 0 00:51:42, Sys 0 00:04:55  -  Total Remote Usage
		Usr 0 00:00:00, Sys 0 00:00:00  -  Total Local Usage
	1297600  -  Run Bytes Sent By Job
	8471534  -  Run Bytes Received By Job
	1297600  -  Total Bytes Sent By Job
	8471534  -  Total Bytes Received By Job
	Partitionable Resources :    Usage  Request Allocated 
	   Cpus                 :     0.00        1         1 
	   Disk (KB)            : 16208       10000    300546 
	   Memory (MB)          :  1682        2048      2048 

	Job terminated of its own accord at 2021-09-19T02:14:27Z.
...
000 (14732691.000.000) 2021-09-24 22:12:28 Job submitted from host: <131.225.188.55:9618?addrs=131.225.188.55-9618&alias=lpcschedd1.fnal.gov&noUDP&sock=schedd_2070_6d22>
...
040 (14732691.000.000) 2021-09-24 23:50:26 Started transferring input files
	Transferring to host: <131.225.191.225:9618?addrs=131.225.191.225-9618&alias=cmswn2001.fnal.gov&noUDP&sock=slot1_9_1618_c6fb_4319>
...
040 (14732691.000.000) 2021-09-24 23:50:27 Finished transferring input files
...
001 (14732691.000.000) 2021-09-24 23:50:28 Job executing on host: <131.225.191.225:9618?addrs=131.225.191.225-9618&alias=cmswn2001.fnal.gov&noUDP&sock=startd_1536_258f>
...
006 (14732691.000.000) 2021-09-24 23:50:36 Image size of job updated: 42
	42  -  MemoryUsage of job (MB)
	43096  -  ResidentSetSize of job (KB)
...
006 (14732691.000.000) 2021-09-24 23:51:36 Image size of job updated: 501
	501  -  MemoryUsage of job (MB)
	513508  -  ResidentSetSize of job (KB)
...
006 (14732691.000.000) 2021-09-24 23:55:37 Image size of job updated: 538
	538  -  MemoryUsage of job (MB)
	551504  -  ResidentSetSize of job (KB)
...
006 (14732691.000.000) 2021-09-24 23:56:37 Image size of job updated: 583
	583  -  MemoryUsage of job (MB)
	597952  -  ResidentSetSize of job (KB)
...
006 (14732691.000.000) 2021-09-24 23:57:37 Image size of job updated: 627
	627  -  MemoryUsage of job (MB)
	642848  -  ResidentSetSize of job (KB)
...
006 (14732691.000.000) 2021-09-24 23:58:37 Image size of job updated: 665
	665  -  MemoryUsage of job (MB)
	681684  -  ResidentSetSize of job (KB)
...
006 (14732691.000.000) 2021-09-24 23:59:38 Image size of job updated: 704
	704  -  MemoryUsage of job (MB)
	721352  -  ResidentSetSize of job (KB)
...
006 (14732691.000.000) 2021-09-25 00:00:38 Image size of job updated: 737
	737  -  MemoryUsage of job (MB)
	754728  -  ResidentSetSize of job (KB)
...
006 (14732691.000.000) 2021-09-25 00:01:39 Image size of job updated: 767
	767  -  MemoryUsage of job (MB)
	786144  -  ResidentSetSize of job (KB)
...
006 (14732691.000.000) 2021-09-25 00:02:41 Image size of job updated: 801
	801  -  MemoryUsage of job (MB)
	820296  -  ResidentSetSize of job (KB)
...
006 (14732691.000.000) 2021-09-25 00:03:41 Image size of job updated: 829
	829  -  MemoryUsage of job (MB)
	849140  -  ResidentSetSize of job (KB)
...
006 (14732691.000.000) 2021-09-25 00:04:41 Image size of job updated: 858
	858  -  MemoryUsage of job (MB)
	878804  -  ResidentSetSize of job (KB)
...
006 (14732691.000.000) 2021-09-25 00:05:42 Image size of job updated: 896
	896  -  MemoryUsage of job (MB)
	917920  -  ResidentSetSize of job (KB)
...
006 (14732691.000.000) 2021-09-25 00:06:43 Image size of job updated: 925
	925  -  MemoryUsage of job (MB)
	947908  -  ResidentSetSize of job (KB)
...
006 (14732691.000.000) 2021-09-25 00:07:43 Image size of job updated: 950
	950  -  MemoryUsage of job (MB)
	973408  -  ResidentSetSize of job (KB)
...
006 (14732691.000.000) 2021-09-25 00:08:43 Image size of job updated: 975
	975  -  MemoryUsage of job (MB)
	998524  -  ResidentSetSize of job (KB)
...
006 (14732691.000.000) 2021-09-25 00:09:44 Image size of job updated: 999
	999  -  MemoryUsage of job (MB)
	1023260  -  ResidentSetSize of job (KB)
...
006 (14732691.000.000) 2021-09-25 00:10:45 Image size of job updated: 1028
	1028  -  MemoryUsage of job (MB)
	1053104  -  ResidentSetSize of job (KB)
...
006 (14732691.000.000) 2021-09-25 00:11:46 Image size of job updated: 1058
	1058  -  MemoryUsage of job (MB)
	1083488  -  ResidentSetSize of job (KB)
...
006 (14732691.000.000) 2021-09-25 00:12:47 Image size of job updated: 1082
	1082  -  MemoryUsage of job (MB)
	1108196  -  ResidentSetSize of job (KB)
...
006 (14732691.000.000) 2021-09-25 00:13:48 Image size of job updated: 1105
	1105  -  MemoryUsage of job (MB)
	1132128  -  ResidentSetSize of job (KB)
...
006 (14732691.000.000) 2021-09-25 00:14:48 Image size of job updated: 1126
	1126  -  MemoryUsage of job (MB)
	1153388  -  ResidentSetSize of job (KB)
...
006 (14732691.000.000) 2021-09-25 00:15:48 Image size of job updated: 1146
	1146  -  MemoryUsage of job (MB)
	1173984  -  ResidentSetSize of job (KB)
...
006 (14732691.000.000) 2021-09-25 00:16:49 Image size of job updated: 1166
	1166  -  MemoryUsage of job (MB)
	1194952  -  ResidentSetSize of job (KB)
...
006 (14732691.000.000) 2021-09-25 00:17:49 Image size of job updated: 1188
	1188  -  MemoryUsage of job (MB)
	1216996  -  ResidentSetSize of job (KB)
...
006 (14732691.000.000) 2021-09-25 00:18:50 Image size of job updated: 1207
	1207  -  MemoryUsage of job (MB)
	1236392  -  ResidentSetSize of job (KB)
...
006 (14732691.000.000) 2021-09-25 00:19:51 Image size of job updated: 1225
	1225  -  MemoryUsage of job (MB)
	1255388  -  ResidentSetSize of job (KB)
...
006 (14732691.000.000) 2021-09-25 00:20:52 Image size of job updated: 1246
	1246  -  MemoryUsage of job (MB)
	1276072  -  ResidentSetSize of job (KB)
...
006 (14732691.000.000) 2021-09-25 00:21:52 Image size of job updated: 1263
	1263  -  MemoryUsage of job (MB)
	1294240  -  ResidentSetSize of job (KB)
...
006 (14732691.000.000) 2021-09-25 00:22:53 Image size of job updated: 1281
	1281  -  MemoryUsage of job (MB)
	1312400  -  ResidentSetSize of job (KB)
...
006 (14732691.000.000) 2021-09-25 00:23:55 Image size of job updated: 1300
	1300  -  MemoryUsage of job (MB)
	1332196  -  ResidentSetSize of job (KB)
...
006 (14732691.000.000) 2021-09-25 00:24:56 Image size of job updated: 1318
	1318  -  MemoryUsage of job (MB)
	1349692  -  ResidentSetSize of job (KB)
...
006 (14732691.000.000) 2021-09-25 00:25:57 Image size of job updated: 1334
	1334  -  MemoryUsage of job (MB)
	1366868  -  ResidentSetSize of job (KB)
...
006 (14732691.000.000) 2021-09-25 00:26:59 Image size of job updated: 1353
	1353  -  MemoryUsage of job (MB)
	1385824  -  ResidentSetSize of job (KB)
...
006 (14732691.000.000) 2021-09-25 00:27:59 Image size of job updated: 1369
	1369  -  MemoryUsage of job (MB)
	1402560  -  ResidentSetSize of job (KB)
...
006 (14732691.000.000) 2021-09-25 00:28:59 Image size of job updated: 1385
	1385  -  MemoryUsage of job (MB)
	1419136  -  ResidentSetSize of job (KB)
...
006 (14732691.000.000) 2021-09-25 00:30:00 Image size of job updated: 1401
	1401  -  MemoryUsage of job (MB)
	1435428  -  ResidentSetSize of job (KB)
...
006 (14732691.000.000) 2021-09-25 00:31:01 Image size of job updated: 1419
	1419  -  MemoryUsage of job (MB)
	1453308  -  ResidentSetSize of job (KB)
...
006 (14732691.000.000) 2021-09-25 00:32:02 Image size of job updated: 1434
	1434  -  MemoryUsage of job (MB)
	1469172  -  ResidentSetSize of job (KB)
...
006 (14732691.000.000) 2021-09-25 00:33:02 Image size of job updated: 1449
	1449  -  MemoryUsage of job (MB)
	1484668  -  ResidentSetSize of job (KB)
...
006 (14732691.000.000) 2021-09-25 00:34:03 Image size of job updated: 1466
	1466  -  MemoryUsage of job (MB)
	1501860  -  ResidentSetSize of job (KB)
...
006 (14732691.000.000) 2021-09-25 00:35:03 Image size of job updated: 1481
	1481  -  MemoryUsage of job (MB)
	1517164  -  ResidentSetSize of job (KB)
...
006 (14732691.000.000) 2021-09-25 00:36:04 Image size of job updated: 1496
	1496  -  MemoryUsage of job (MB)
	1532264  -  ResidentSetSize of job (KB)
...
006 (14732691.000.000) 2021-09-25 00:37:05 Image size of job updated: 1512
	1512  -  MemoryUsage of job (MB)
	1548836  -  ResidentSetSize of job (KB)
...
006 (14732691.000.000) 2021-09-25 00:38:06 Image size of job updated: 1526
	1526  -  MemoryUsage of job (MB)
	1563644  -  ResidentSetSize of job (KB)
...
006 (14732691.000.000) 2021-09-25 00:39:07 Image size of job updated: 1545
	1545  -  MemoryUsage of job (MB)
	1582328  -  ResidentSetSize of job (KB)
...
006 (14732691.000.000) 2021-09-25 00:40:08 Image size of job updated: 1627
	1627  -  MemoryUsage of job (MB)
	1666124  -  ResidentSetSize of job (KB)
...
006 (14732691.000.000) 2021-09-25 00:41:09 Image size of job updated: 1634
	1634  -  MemoryUsage of job (MB)
	1674112  -  ResidentSetSize of job (KB)
...
006 (14732691.000.000) 2021-09-25 00:42:10 Image size of job updated: 1638
	1638  -  MemoryUsage of job (MB)
	1677500  -  ResidentSetSize of job (KB)
...
006 (14732691.000.000) 2021-09-25 00:43:11 Image size of job updated: 1641
	1641  -  MemoryUsage of job (MB)
	1680512  -  ResidentSetSize of job (KB)
...
006 (14732691.000.000) 2021-09-25 00:44:12 Image size of job updated: 1643
	1643  -  MemoryUsage of job (MB)
	1682532  -  ResidentSetSize of job (KB)
...
006 (14732691.000.000) 2021-09-25 00:45:13 Image size of job updated: 1644
	1644  -  MemoryUsage of job (MB)
	1683704  -  ResidentSetSize of job (KB)
...
006 (14732691.000.000) 2021-09-25 00:46:14 Image size of job updated: 1645
	1645  -  MemoryUsage of job (MB)
	1685040  -  ResidentSetSize of job (KB)
...
006 (14732691.000.000) 2021-09-25 00:47:15 Image size of job updated: 1646
	1646  -  MemoryUsage of job (MB)
	1686284  -  ResidentSetSize of job (KB)
...
006 (14732691.000.000) 2021-09-25 00:48:16 Image size of job updated: 1647
	1647  -  MemoryUsage of job (MB)
	1687540  -  ResidentSetSize of job (KB)
...
006 (14732691.000.000) 2021-09-25 00:49:18 Image size of job updated: 1649
	1649  -  MemoryUsage of job (MB)
	1688964  -  ResidentSetSize of job (KB)
...
006 (14732691.000.000) 2021-09-25 00:50:18 Image size of job updated: 1649
	1649  -  MemoryUsage of job (MB)
	1689224  -  ResidentSetSize of job (KB)
...
006 (14732691.000.000) 2021-09-25 00:51:19 Image size of job updated: 1649
	1649  -  MemoryUsage of job (MB)
	1689328  -  ResidentSetSize of job (KB)
...
006 (14732691.000.000) 2021-09-25 00:52:21 Image size of job updated: 1650
	1650  -  MemoryUsage of job (MB)
	1689920  -  ResidentSetSize of job (KB)
...
006 (14732691.000.000) 2021-09-25 00:53:21 Image size of job updated: 1651
	1651  -  MemoryUsage of job (MB)
	1691568  -  ResidentSetSize of job (KB)
...
006 (14732691.000.000) 2021-09-25 00:54:21 Image size of job updated: 1652
	1652  -  MemoryUsage of job (MB)
	1692428  -  ResidentSetSize of job (KB)
...
006 (14732691.000.000) 2021-09-25 00:55:21 Image size of job updated: 1653
	1653  -  MemoryUsage of job (MB)
	1693472  -  ResidentSetSize of job (KB)
...
006 (14732691.000.000) 2021-09-25 00:56:21 Image size of job updated: 1654
	1654  -  MemoryUsage of job (MB)
	1694288  -  ResidentSetSize of job (KB)
...
006 (14732691.000.000) 2021-09-25 00:57:21 Image size of job updated: 1655
	1655  -  MemoryUsage of job (MB)
	1695284  -  ResidentSetSize of job (KB)
...
006 (14732691.000.000) 2021-09-25 00:58:21 Image size of job updated: 1655
	1655  -  MemoryUsage of job (MB)
	1695580  -  ResidentSetSize of job (KB)
...
006 (14732691.000.000) 2021-09-25 00:59:22 Image size of job updated: 1655
	1655  -  MemoryUsage of job (MB)
	1695636  -  ResidentSetSize of job (KB)
...
006 (14732691.000.000) 2021-09-25 01:00:23 Image size of job updated: 1656
	1656  -  MemoryUsage of job (MB)
	1695952  -  ResidentSetSize of job (KB)
...
006 (14732691.000.000) 2021-09-25 01:01:24 Image size of job updated: 1656
	1656  -  MemoryUsage of job (MB)
	1696384  -  ResidentSetSize of job (KB)
...
006 (14732691.000.000) 2021-09-25 01:02:24 Image size of job updated: 1656
	1656  -  MemoryUsage of job (MB)
	1696632  -  ResidentSetSize of job (KB)
...
006 (14732691.000.000) 2021-09-25 01:03:25 Image size of job updated: 1658
	1658  -  MemoryUsage of job (MB)
	1698740  -  ResidentSetSize of job (KB)
...
006 (14732691.000.000) 2021-09-25 01:04:26 Image size of job updated: 1660
	1660  -  MemoryUsage of job (MB)
	1700236  -  ResidentSetSize of job (KB)
...
006 (14732691.000.000) 2021-09-25 01:05:27 Image size of job updated: 1661
	1661  -  MemoryUsage of job (MB)
	1701536  -  ResidentSetSize of job (KB)
...
006 (14732691.000.000) 2021-09-25 01:06:28 Image size of job updated: 1662
	1662  -  MemoryUsage of job (MB)
	1702576  -  ResidentSetSize of job (KB)
...
006 (14732691.000.000) 2021-09-25 01:07:29 Image size of job updated: 1662
	1662  -  MemoryUsage of job (MB)
	1702660  -  ResidentSetSize of job (KB)
...
006 (14732691.000.000) 2021-09-25 01:08:30 Image size of job updated: 1663
	1663  -  MemoryUsage of job (MB)
	1703924  -  ResidentSetSize of job (KB)
...
006 (14732691.000.000) 2021-09-25 01:09:31 Image size of job updated: 1664
	1664  -  MemoryUsage of job (MB)
	1704768  -  ResidentSetSize of job (KB)
...
006 (14732691.000.000) 2021-09-25 01:10:32 Image size of job updated: 1666
	1666  -  MemoryUsage of job (MB)
	1706504  -  ResidentSetSize of job (KB)
...
006 (14732691.000.000) 2021-09-25 01:11:33 Image size of job updated: 1668
	1668  -  MemoryUsage of job (MB)
	1708484  -  ResidentSetSize of job (KB)
...
006 (14732691.000.000) 2021-09-25 01:12:35 Image size of job updated: 1669
	1669  -  MemoryUsage of job (MB)
	1709356  -  ResidentSetSize of job (KB)
...
006 (14732691.000.000) 2021-09-25 01:13:35 Image size of job updated: 1670
	1670  -  MemoryUsage of job (MB)
	1710400  -  ResidentSetSize of job (KB)
...
006 (14732691.000.000) 2021-09-25 01:14:35 Image size of job updated: 1671
	1671  -  MemoryUsage of job (MB)
	1711388  -  ResidentSetSize of job (KB)
...
006 (14732691.000.000) 2021-09-25 01:15:35 Image size of job updated: 1672
	1672  -  MemoryUsage of job (MB)
	1712580  -  ResidentSetSize of job (KB)
...
006 (14732691.000.000) 2021-09-25 01:16:35 Image size of job updated: 1673
	1673  -  MemoryUsage of job (MB)
	1713440  -  ResidentSetSize of job (KB)
...
006 (14732691.000.000) 2021-09-25 01:17:35 Image size of job updated: 1673
	1673  -  MemoryUsage of job (MB)
	1714016  -  ResidentSetSize of job (KB)
...
006 (14732691.000.000) 2021-09-25 01:18:36 Image size of job updated: 1674
	1674  -  MemoryUsage of job (MB)
	1714892  -  ResidentSetSize of job (KB)
...
006 (14732691.000.000) 2021-09-25 01:19:36 Image size of job updated: 1676
	1676  -  MemoryUsage of job (MB)
	1716684  -  ResidentSetSize of job (KB)
...
006 (14732691.000.000) 2021-09-25 01:20:37 Image size of job updated: 1677
	1677  -  MemoryUsage of job (MB)
	1717540  -  ResidentSetSize of job (KB)
...
006 (14732691.000.000) 2021-09-25 01:21:38 Image size of job updated: 1677
	1677  -  MemoryUsage of job (MB)
	1717780  -  ResidentSetSize of job (KB)
...
006 (14732691.000.000) 2021-09-25 01:22:38 Image size of job updated: 1679
	1679  -  MemoryUsage of job (MB)
	1719764  -  ResidentSetSize of job (KB)
...
006 (14732691.000.000) 2021-09-25 01:23:39 Image size of job updated: 1681
	1681  -  MemoryUsage of job (MB)
	1721456  -  ResidentSetSize of job (KB)
...
040 (14732691.000.000) 2021-09-25 01:24:02 Started transferring output files
...
040 (14732691.000.000) 2021-09-25 01:24:02 Finished transferring output files
...
005 (14732691.000.000) 2021-09-25 01:24:04 Job terminated.
	(1) Normal termination (return value 0)
		Usr 0 00:54:37, Sys 0 00:36:55  -  Run Remote Usage
		Usr 0 00:00:00, Sys 0 00:00:00  -  Run Local Usage
		Usr 0 00:54:37, Sys 0 00:36:55  -  Total Remote Usage
		Usr 0 00:00:00, Sys 0 00:00:00  -  Total Local Usage
	1231209  -  Run Bytes Sent By Job
	8471570  -  Run Bytes Received By Job
	1231209  -  Total Bytes Sent By Job
	8471570  -  Total Bytes Received By Job
	Partitionable Resources :    Usage  Request Allocated 
	   Cpus                 :     0.00        1         1 
	   Disk (KB)            : 17294       10000    761080 
	   Memory (MB)          :  1681        2048      2048 

	Job terminated of its own accord at 2021-09-25T06:24:02Z.
...
