000 (34685837.000.000) 2021-09-27 13:01:08 Job submitted from host: <131.225.188.57:9618?addrs=131.225.188.57-9618&alias=lpcschedd2.fnal.gov&noUDP&sock=schedd_2251_93c6>
...
040 (34685837.000.000) 2021-09-27 13:01:57 Started transferring input files
	Transferring to host: <131.225.204.55:9618?addrs=131.225.204.55-9618&alias=cmswn1659.fnal.gov&noUDP&sock=slot1_8_1245_f70c_7554>
...
040 (34685837.000.000) 2021-09-27 13:01:57 Finished transferring input files
...
001 (34685837.000.000) 2021-09-27 13:01:58 Job executing on host: <131.225.204.55:9618?addrs=131.225.204.55-9618&alias=cmswn1659.fnal.gov&noUDP&sock=startd_1148_02d0>
...
006 (34685837.000.000) 2021-09-27 13:02:06 Image size of job updated: 14
	14  -  MemoryUsage of job (MB)
	15328  -  ResidentSetSize of job (KB)
...
006 (34685837.000.000) 2021-09-27 13:03:06 Image size of job updated: 405
	405  -  MemoryUsage of job (MB)
	415536  -  ResidentSetSize of job (KB)
...
006 (34685837.000.000) 2021-09-27 13:04:06 Image size of job updated: 418
	418  -  MemoryUsage of job (MB)
	429032  -  ResidentSetSize of job (KB)
...
006 (34685837.000.000) 2021-09-27 13:04:35 Image size of job updated: 424
	424  -  MemoryUsage of job (MB)
	434740  -  ResidentSetSize of job (KB)
...
040 (34685837.000.000) 2021-09-27 13:04:35 Started transferring output files
...
040 (34685837.000.000) 2021-09-27 13:04:35 Finished transferring output files
...
005 (34685837.000.000) 2021-09-27 13:04:36 Job terminated.
	(1) Normal termination (return value 0)
		Usr 0 00:00:00, Sys 0 00:00:00  -  Run Remote Usage
		Usr 0 00:00:00, Sys 0 00:00:00  -  Run Local Usage
		Usr 0 00:01:14, Sys 0 00:00:19  -  Total Remote Usage
		Usr 0 00:00:00, Sys 0 00:00:00  -  Total Local Usage
	4391  -  Run Bytes Sent By Job
	2922372  -  Run Bytes Received By Job
	4391  -  Total Bytes Sent By Job
	2922372  -  Total Bytes Received By Job
	Partitionable Resources :     Usage  Request Allocated 
	   Cpus                 :      0.03        1         1 
	   Disk (KB)            : 188007        3000    320782 
	   Memory (MB)          :    424        3072      3072 

	Job terminated of its own accord at 2021-09-27T18:04:35Z.
...
