000 (34685902.000.000) 2021-09-27 13:01:57 Job submitted from host: <131.225.188.57:9618?addrs=131.225.188.57-9618&alias=lpcschedd2.fnal.gov&noUDP&sock=schedd_2251_93c6>
...
040 (34685902.000.000) 2021-09-27 13:09:53 Started transferring input files
	Transferring to host: <131.225.190.34:9618?addrs=131.225.190.34-9618&alias=cmswn2012.fnal.gov&noUDP&sock=slot1_1_1545_5798_1810>
...
040 (34685902.000.000) 2021-09-27 13:09:53 Finished transferring input files
...
001 (34685902.000.000) 2021-09-27 13:09:54 Job executing on host: <131.225.190.34:9618?addrs=131.225.190.34-9618&alias=cmswn2012.fnal.gov&noUDP&sock=startd_1437_3daf>
...
006 (34685902.000.000) 2021-09-27 13:10:03 Image size of job updated: 7
	7  -  MemoryUsage of job (MB)
	8144  -  ResidentSetSize of job (KB)
...
006 (34685902.000.000) 2021-09-27 13:11:04 Image size of job updated: 367
	367  -  MemoryUsage of job (MB)
	376664  -  ResidentSetSize of job (KB)
...
006 (34685902.000.000) 2021-09-27 13:12:04 Image size of job updated: 370
	370  -  MemoryUsage of job (MB)
	379468  -  ResidentSetSize of job (KB)
...
006 (34685902.000.000) 2021-09-27 13:13:05 Image size of job updated: 379
	379  -  MemoryUsage of job (MB)
	388276  -  ResidentSetSize of job (KB)
...
006 (34685902.000.000) 2021-09-27 13:14:06 Image size of job updated: 387
	387  -  MemoryUsage of job (MB)
	396300  -  ResidentSetSize of job (KB)
...
040 (34685902.000.000) 2021-09-27 13:14:23 Started transferring output files
...
040 (34685902.000.000) 2021-09-27 13:14:23 Finished transferring output files
...
005 (34685902.000.000) 2021-09-27 13:14:24 Job terminated.
	(1) Normal termination (return value 0)
		Usr 0 00:00:00, Sys 0 00:00:00  -  Run Remote Usage
		Usr 0 00:00:00, Sys 0 00:00:00  -  Run Local Usage
		Usr 0 00:02:29, Sys 0 00:00:40  -  Total Remote Usage
		Usr 0 00:00:00, Sys 0 00:00:00  -  Total Local Usage
	4685  -  Run Bytes Sent By Job
	2922372  -  Run Bytes Received By Job
	4685  -  Total Bytes Sent By Job
	2922372  -  Total Bytes Received By Job
	Partitionable Resources :    Usage  Request Allocated 
	   Cpus                 :        0        1         1 
	   Disk (KB)            :   395937     3000    773940 
	   Memory (MB)          :      387     3072      3072 

	Job terminated of its own accord at 2021-09-27T18:14:23Z.
...
