000 (34685856.000.000) 2021-09-27 13:01:23 Job submitted from host: <131.225.188.57:9618?addrs=131.225.188.57-9618&alias=lpcschedd2.fnal.gov&noUDP&sock=schedd_2251_93c6>
...
040 (34685856.000.000) 2021-09-27 13:03:34 Started transferring input files
	Transferring to host: <131.225.190.34:9618?addrs=131.225.190.34-9618&alias=cmswn2012.fnal.gov&noUDP&sock=slot1_1_1545_5798_1805>
...
040 (34685856.000.000) 2021-09-27 13:03:34 Finished transferring input files
...
001 (34685856.000.000) 2021-09-27 13:03:35 Job executing on host: <131.225.190.34:9618?addrs=131.225.190.34-9618&alias=cmswn2012.fnal.gov&noUDP&sock=startd_1437_3daf>
...
006 (34685856.000.000) 2021-09-27 13:03:46 Image size of job updated: 14
	14  -  MemoryUsage of job (MB)
	15276  -  ResidentSetSize of job (KB)
...
006 (34685856.000.000) 2021-09-27 13:04:34 Image size of job updated: 278
	278  -  MemoryUsage of job (MB)
	284708  -  ResidentSetSize of job (KB)
...
040 (34685856.000.000) 2021-09-27 13:04:34 Started transferring output files
...
040 (34685856.000.000) 2021-09-27 13:04:34 Finished transferring output files
...
005 (34685856.000.000) 2021-09-27 13:04:36 Job terminated.
	(1) Normal termination (return value 0)
		Usr 0 00:00:00, Sys 0 00:00:00  -  Run Remote Usage
		Usr 0 00:00:00, Sys 0 00:00:00  -  Run Local Usage
		Usr 0 00:00:00, Sys 0 00:00:00  -  Total Remote Usage
		Usr 0 00:00:00, Sys 0 00:00:00  -  Total Local Usage
	10178  -  Run Bytes Sent By Job
	2922372  -  Run Bytes Received By Job
	10178  -  Total Bytes Sent By Job
	2922372  -  Total Bytes Received By Job
	Partitionable Resources :    Usage  Request Allocated 
	   Cpus                 :     0.09        1         1 
	   Disk (KB)            :  3369        3000    773940 
	   Memory (MB)          :   278        3072      3072 

	Job terminated of its own accord at 2021-09-27T18:04:34Z.
...
