000 (73445275.000.000) 2021-09-24 22:15:56 Job submitted from host: <131.225.188.235:9618?addrs=131.225.188.235-9618&alias=lpcschedd3.fnal.gov&noUDP&sock=schedd_2706_ab5d>
...
040 (73445275.000.000) 2021-09-25 00:37:48 Started transferring input files
	Transferring to host: <131.225.206.239:9618?addrs=131.225.206.239-9618&alias=cmswn1858.fnal.gov&noUDP&sock=slot1_5_1221_0e0b_4431>
...
040 (73445275.000.000) 2021-09-25 00:37:48 Finished transferring input files
...
001 (73445275.000.000) 2021-09-25 00:37:49 Job executing on host: <131.225.206.239:9618?addrs=131.225.206.239-9618&alias=cmswn1858.fnal.gov&noUDP&sock=startd_1146_a39f>
...
006 (73445275.000.000) 2021-09-25 00:37:58 Image size of job updated: 43
	43  -  MemoryUsage of job (MB)
	44624  -  ResidentSetSize of job (KB)
...
006 (73445275.000.000) 2021-09-25 00:38:59 Image size of job updated: 503
	503  -  MemoryUsage of job (MB)
	515872  -  ResidentSetSize of job (KB)
...
006 (73445275.000.000) 2021-09-25 00:42:00 Image size of job updated: 518
	518  -  MemoryUsage of job (MB)
	530600  -  ResidentSetSize of job (KB)
...
006 (73445275.000.000) 2021-09-25 00:43:00 Image size of job updated: 570
	570  -  MemoryUsage of job (MB)
	584048  -  ResidentSetSize of job (KB)
...
006 (73445275.000.000) 2021-09-25 00:44:01 Image size of job updated: 618
	618  -  MemoryUsage of job (MB)
	633556  -  ResidentSetSize of job (KB)
...
006 (73445275.000.000) 2021-09-25 00:45:01 Image size of job updated: 658
	658  -  MemoryUsage of job (MB)
	674040  -  ResidentSetSize of job (KB)
...
006 (73445275.000.000) 2021-09-25 00:46:01 Image size of job updated: 695
	695  -  MemoryUsage of job (MB)
	711760  -  ResidentSetSize of job (KB)
...
006 (73445275.000.000) 2021-09-25 00:47:02 Image size of job updated: 726
	726  -  MemoryUsage of job (MB)
	744276  -  ResidentSetSize of job (KB)
...
006 (73445275.000.000) 2021-09-25 00:48:03 Image size of job updated: 760
	760  -  MemoryUsage of job (MB)
	778356  -  ResidentSetSize of job (KB)
...
006 (73445275.000.000) 2021-09-25 00:49:04 Image size of job updated: 790
	790  -  MemoryUsage of job (MB)
	809904  -  ResidentSetSize of job (KB)
...
006 (73445275.000.000) 2021-09-25 00:50:04 Image size of job updated: 820
	820  -  MemoryUsage of job (MB)
	840124  -  ResidentSetSize of job (KB)
...
006 (73445275.000.000) 2021-09-25 00:51:04 Image size of job updated: 850
	850  -  MemoryUsage of job (MB)
	870500  -  ResidentSetSize of job (KB)
...
006 (73445275.000.000) 2021-09-25 00:52:04 Image size of job updated: 877
	877  -  MemoryUsage of job (MB)
	898480  -  ResidentSetSize of job (KB)
...
006 (73445275.000.000) 2021-09-25 00:53:04 Image size of job updated: 914
	914  -  MemoryUsage of job (MB)
	936564  -  ResidentSetSize of job (KB)
...
006 (73445275.000.000) 2021-09-25 00:54:04 Image size of job updated: 941
	941  -  MemoryUsage of job (MB)
	964588  -  ResidentSetSize of job (KB)
...
006 (73445275.000.000) 2021-09-25 00:55:04 Image size of job updated: 965
	965  -  MemoryUsage of job (MB)
	988292  -  ResidentSetSize of job (KB)
...
006 (73445275.000.000) 2021-09-25 00:56:04 Image size of job updated: 989
	989  -  MemoryUsage of job (MB)
	1012840  -  ResidentSetSize of job (KB)
...
006 (73445275.000.000) 2021-09-25 00:57:04 Image size of job updated: 1013
	1013  -  MemoryUsage of job (MB)
	1037560  -  ResidentSetSize of job (KB)
...
006 (73445275.000.000) 2021-09-25 00:58:04 Image size of job updated: 1040
	1040  -  MemoryUsage of job (MB)
	1065792  -  ResidentSetSize of job (KB)
...
006 (73445275.000.000) 2021-09-25 00:59:04 Image size of job updated: 1072
	1072  -  MemoryUsage of job (MB)
	1098288  -  ResidentSetSize of job (KB)
...
006 (73445275.000.000) 2021-09-25 01:00:04 Image size of job updated: 1092
	1092  -  MemoryUsage of job (MB)
	1118320  -  ResidentSetSize of job (KB)
...
006 (73445275.000.000) 2021-09-25 01:01:04 Image size of job updated: 1113
	1113  -  MemoryUsage of job (MB)
	1140176  -  ResidentSetSize of job (KB)
...
006 (73445275.000.000) 2021-09-25 01:02:04 Image size of job updated: 1134
	1134  -  MemoryUsage of job (MB)
	1161256  -  ResidentSetSize of job (KB)
...
006 (73445275.000.000) 2021-09-25 01:03:04 Image size of job updated: 1155
	1155  -  MemoryUsage of job (MB)
	1182936  -  ResidentSetSize of job (KB)
...
006 (73445275.000.000) 2021-09-25 01:04:04 Image size of job updated: 1175
	1175  -  MemoryUsage of job (MB)
	1203264  -  ResidentSetSize of job (KB)
...
006 (73445275.000.000) 2021-09-25 01:05:04 Image size of job updated: 1194
	1194  -  MemoryUsage of job (MB)
	1223148  -  ResidentSetSize of job (KB)
...
006 (73445275.000.000) 2021-09-25 01:06:04 Image size of job updated: 1211
	1211  -  MemoryUsage of job (MB)
	1240852  -  ResidentSetSize of job (KB)
...
006 (73445275.000.000) 2021-09-25 01:07:04 Image size of job updated: 1230
	1230  -  MemoryUsage of job (MB)
	1259828  -  ResidentSetSize of job (KB)
...
006 (73445275.000.000) 2021-09-25 01:08:04 Image size of job updated: 1248
	1248  -  MemoryUsage of job (MB)
	1278404  -  ResidentSetSize of job (KB)
...
006 (73445275.000.000) 2021-09-25 01:09:04 Image size of job updated: 1267
	1267  -  MemoryUsage of job (MB)
	1297416  -  ResidentSetSize of job (KB)
...
006 (73445275.000.000) 2021-09-25 01:10:04 Image size of job updated: 1285
	1285  -  MemoryUsage of job (MB)
	1315960  -  ResidentSetSize of job (KB)
...
006 (73445275.000.000) 2021-09-25 01:11:04 Image size of job updated: 1302
	1302  -  MemoryUsage of job (MB)
	1334112  -  ResidentSetSize of job (KB)
...
006 (73445275.000.000) 2021-09-25 01:12:04 Image size of job updated: 1318
	1318  -  MemoryUsage of job (MB)
	1350072  -  ResidentSetSize of job (KB)
...
006 (73445275.000.000) 2021-09-25 01:13:04 Image size of job updated: 1335
	1335  -  MemoryUsage of job (MB)
	1367428  -  ResidentSetSize of job (KB)
...
006 (73445275.000.000) 2021-09-25 01:14:04 Image size of job updated: 1352
	1352  -  MemoryUsage of job (MB)
	1384720  -  ResidentSetSize of job (KB)
...
006 (73445275.000.000) 2021-09-25 01:15:04 Image size of job updated: 1369
	1369  -  MemoryUsage of job (MB)
	1402072  -  ResidentSetSize of job (KB)
...
006 (73445275.000.000) 2021-09-25 01:16:04 Image size of job updated: 1386
	1386  -  MemoryUsage of job (MB)
	1419452  -  ResidentSetSize of job (KB)
...
006 (73445275.000.000) 2021-09-25 01:17:04 Image size of job updated: 1402
	1402  -  MemoryUsage of job (MB)
	1436416  -  ResidentSetSize of job (KB)
...
006 (73445275.000.000) 2021-09-25 01:18:05 Image size of job updated: 1419
	1419  -  MemoryUsage of job (MB)
	1453296  -  ResidentSetSize of job (KB)
...
006 (73445275.000.000) 2021-09-25 01:19:06 Image size of job updated: 1435
	1435  -  MemoryUsage of job (MB)
	1469932  -  ResidentSetSize of job (KB)
...
006 (73445275.000.000) 2021-09-25 01:20:07 Image size of job updated: 1451
	1451  -  MemoryUsage of job (MB)
	1486536  -  ResidentSetSize of job (KB)
...
006 (73445275.000.000) 2021-09-25 01:21:08 Image size of job updated: 1467
	1467  -  MemoryUsage of job (MB)
	1502832  -  ResidentSetSize of job (KB)
...
006 (73445275.000.000) 2021-09-25 01:22:09 Image size of job updated: 1483
	1483  -  MemoryUsage of job (MB)
	1518852  -  ResidentSetSize of job (KB)
...
006 (73445275.000.000) 2021-09-25 01:23:10 Image size of job updated: 1498
	1498  -  MemoryUsage of job (MB)
	1534676  -  ResidentSetSize of job (KB)
...
006 (73445275.000.000) 2021-09-25 01:24:11 Image size of job updated: 1514
	1514  -  MemoryUsage of job (MB)
	1550360  -  ResidentSetSize of job (KB)
...
006 (73445275.000.000) 2021-09-25 01:25:12 Image size of job updated: 1529
	1529  -  MemoryUsage of job (MB)
	1565888  -  ResidentSetSize of job (KB)
...
006 (73445275.000.000) 2021-09-25 01:26:13 Image size of job updated: 1548
	1548  -  MemoryUsage of job (MB)
	1585212  -  ResidentSetSize of job (KB)
...
006 (73445275.000.000) 2021-09-25 01:27:13 Image size of job updated: 1625
	1625  -  MemoryUsage of job (MB)
	1664088  -  ResidentSetSize of job (KB)
...
006 (73445275.000.000) 2021-09-25 01:28:14 Image size of job updated: 1626
	1626  -  MemoryUsage of job (MB)
	1665620  -  ResidentSetSize of job (KB)
...
006 (73445275.000.000) 2021-09-25 01:29:15 Image size of job updated: 1643
	1643  -  MemoryUsage of job (MB)
	1683200  -  ResidentSetSize of job (KB)
...
006 (73445275.000.000) 2021-09-25 01:30:15 Image size of job updated: 1652
	1652  -  MemoryUsage of job (MB)
	1691916  -  ResidentSetSize of job (KB)
...
006 (73445275.000.000) 2021-09-25 01:31:16 Image size of job updated: 1652
	1652  -  MemoryUsage of job (MB)
	1692580  -  ResidentSetSize of job (KB)
...
006 (73445275.000.000) 2021-09-25 01:32:17 Image size of job updated: 1657
	1657  -  MemoryUsage of job (MB)
	1697288  -  ResidentSetSize of job (KB)
...
006 (73445275.000.000) 2021-09-25 01:33:18 Image size of job updated: 1657
	1657  -  MemoryUsage of job (MB)
	1697680  -  ResidentSetSize of job (KB)
...
006 (73445275.000.000) 2021-09-25 01:34:18 Image size of job updated: 1662
	1662  -  MemoryUsage of job (MB)
	1702208  -  ResidentSetSize of job (KB)
...
006 (73445275.000.000) 2021-09-25 01:35:18 Image size of job updated: 1662
	1662  -  MemoryUsage of job (MB)
	1702748  -  ResidentSetSize of job (KB)
...
006 (73445275.000.000) 2021-09-25 01:36:18 Image size of job updated: 1667
	1667  -  MemoryUsage of job (MB)
	1707092  -  ResidentSetSize of job (KB)
...
006 (73445275.000.000) 2021-09-25 01:37:19 Image size of job updated: 1667
	1667  -  MemoryUsage of job (MB)
	1707624  -  ResidentSetSize of job (KB)
...
006 (73445275.000.000) 2021-09-25 01:38:20 Image size of job updated: 1671
	1671  -  MemoryUsage of job (MB)
	1711720  -  ResidentSetSize of job (KB)
...
006 (73445275.000.000) 2021-09-25 01:39:21 Image size of job updated: 1671
	1671  -  MemoryUsage of job (MB)
	1711984  -  ResidentSetSize of job (KB)
...
006 (73445275.000.000) 2021-09-25 01:40:21 Image size of job updated: 1673
	1673  -  MemoryUsage of job (MB)
	1714128  -  ResidentSetSize of job (KB)
...
006 (73445275.000.000) 2021-09-25 01:41:21 Image size of job updated: 1676
	1676  -  MemoryUsage of job (MB)
	1716952  -  ResidentSetSize of job (KB)
...
006 (73445275.000.000) 2021-09-25 01:42:21 Image size of job updated: 1676
	1676  -  MemoryUsage of job (MB)
	1717236  -  ResidentSetSize of job (KB)
...
006 (73445275.000.000) 2021-09-25 01:43:22 Image size of job updated: 1677
	1677  -  MemoryUsage of job (MB)
	1718220  -  ResidentSetSize of job (KB)
...
006 (73445275.000.000) 2021-09-25 01:44:22 Image size of job updated: 1678
	1678  -  MemoryUsage of job (MB)
	1718396  -  ResidentSetSize of job (KB)
...
006 (73445275.000.000) 2021-09-25 01:45:23 Image size of job updated: 1679
	1679  -  MemoryUsage of job (MB)
	1719552  -  ResidentSetSize of job (KB)
...
006 (73445275.000.000) 2021-09-25 01:46:24 Image size of job updated: 1681
	1681  -  MemoryUsage of job (MB)
	1721768  -  ResidentSetSize of job (KB)
...
006 (73445275.000.000) 2021-09-25 01:47:25 Image size of job updated: 1681
	1681  -  MemoryUsage of job (MB)
	1721988  -  ResidentSetSize of job (KB)
...
006 (73445275.000.000) 2021-09-25 01:48:26 Image size of job updated: 1682
	1682  -  MemoryUsage of job (MB)
	1722576  -  ResidentSetSize of job (KB)
...
006 (73445275.000.000) 2021-09-25 01:49:27 Image size of job updated: 1682
	1682  -  MemoryUsage of job (MB)
	1722644  -  ResidentSetSize of job (KB)
...
006 (73445275.000.000) 2021-09-25 01:50:27 Image size of job updated: 1682
	1682  -  MemoryUsage of job (MB)
	1723020  -  ResidentSetSize of job (KB)
...
006 (73445275.000.000) 2021-09-25 01:51:27 Image size of job updated: 1682
	1682  -  MemoryUsage of job (MB)
	1723128  -  ResidentSetSize of job (KB)
...
006 (73445275.000.000) 2021-09-25 01:52:28 Image size of job updated: 1682
	1682  -  MemoryUsage of job (MB)
	1723372  -  ResidentSetSize of job (KB)
...
006 (73445275.000.000) 2021-09-25 01:53:29 Image size of job updated: 1683
	1683  -  MemoryUsage of job (MB)
	1723640  -  ResidentSetSize of job (KB)
...
006 (73445275.000.000) 2021-09-25 01:54:30 Image size of job updated: 1683
	1683  -  MemoryUsage of job (MB)
	1723776  -  ResidentSetSize of job (KB)
...
006 (73445275.000.000) 2021-09-25 01:55:31 Image size of job updated: 1685
	1685  -  MemoryUsage of job (MB)
	1726372  -  ResidentSetSize of job (KB)
...
006 (73445275.000.000) 2021-09-25 01:56:32 Image size of job updated: 1686
	1686  -  MemoryUsage of job (MB)
	1726704  -  ResidentSetSize of job (KB)
...
006 (73445275.000.000) 2021-09-25 01:57:32 Image size of job updated: 1689
	1689  -  MemoryUsage of job (MB)
	1729600  -  ResidentSetSize of job (KB)
...
006 (73445275.000.000) 2021-09-25 01:58:32 Image size of job updated: 1689
	1689  -  MemoryUsage of job (MB)
	1729652  -  ResidentSetSize of job (KB)
...
006 (73445275.000.000) 2021-09-25 01:59:32 Image size of job updated: 1691
	1691  -  MemoryUsage of job (MB)
	1732192  -  ResidentSetSize of job (KB)
...
006 (73445275.000.000) 2021-09-25 02:00:32 Image size of job updated: 1691
	1691  -  MemoryUsage of job (MB)
	1732268  -  ResidentSetSize of job (KB)
...
006 (73445275.000.000) 2021-09-25 02:01:32 Image size of job updated: 1692
	1692  -  MemoryUsage of job (MB)
	1733096  -  ResidentSetSize of job (KB)
...
006 (73445275.000.000) 2021-09-25 02:02:32 Image size of job updated: 1692
	1692  -  MemoryUsage of job (MB)
	1733168  -  ResidentSetSize of job (KB)
...
006 (73445275.000.000) 2021-09-25 02:03:32 Image size of job updated: 1694
	1694  -  MemoryUsage of job (MB)
	1734732  -  ResidentSetSize of job (KB)
...
006 (73445275.000.000) 2021-09-25 02:04:33 Image size of job updated: 1694
	1694  -  MemoryUsage of job (MB)
	1734980  -  ResidentSetSize of job (KB)
...
006 (73445275.000.000) 2021-09-25 02:05:34 Image size of job updated: 1695
	1695  -  MemoryUsage of job (MB)
	1735880  -  ResidentSetSize of job (KB)
...
006 (73445275.000.000) 2021-09-25 02:06:35 Image size of job updated: 1696
	1696  -  MemoryUsage of job (MB)
	1736992  -  ResidentSetSize of job (KB)
...
006 (73445275.000.000) 2021-09-25 02:07:36 Image size of job updated: 1696
	1696  -  MemoryUsage of job (MB)
	1737168  -  ResidentSetSize of job (KB)
...
006 (73445275.000.000) 2021-09-25 02:08:37 Image size of job updated: 1697
	1697  -  MemoryUsage of job (MB)
	1738204  -  ResidentSetSize of job (KB)
...
006 (73445275.000.000) 2021-09-25 02:09:38 Image size of job updated: 1697
	1697  -  MemoryUsage of job (MB)
	1738288  -  ResidentSetSize of job (KB)
...
006 (73445275.000.000) 2021-09-25 02:10:38 Image size of job updated: 1698
	1698  -  MemoryUsage of job (MB)
	1739248  -  ResidentSetSize of job (KB)
...
006 (73445275.000.000) 2021-09-25 02:11:38 Image size of job updated: 1698
	1698  -  MemoryUsage of job (MB)
	1739348  -  ResidentSetSize of job (KB)
...
006 (73445275.000.000) 2021-09-25 02:12:38 Image size of job updated: 1699
	1699  -  MemoryUsage of job (MB)
	1740188  -  ResidentSetSize of job (KB)
...
006 (73445275.000.000) 2021-09-25 02:13:38 Image size of job updated: 1699
	1699  -  MemoryUsage of job (MB)
	1740220  -  ResidentSetSize of job (KB)
...
006 (73445275.000.000) 2021-09-25 02:14:38 Image size of job updated: 1700
	1700  -  MemoryUsage of job (MB)
	1740804  -  ResidentSetSize of job (KB)
...
006 (73445275.000.000) 2021-09-25 02:15:38 Image size of job updated: 1700
	1700  -  MemoryUsage of job (MB)
	1740848  -  ResidentSetSize of job (KB)
...
006 (73445275.000.000) 2021-09-25 02:16:38 Image size of job updated: 1700
	1700  -  MemoryUsage of job (MB)
	1741304  -  ResidentSetSize of job (KB)
...
006 (73445275.000.000) 2021-09-25 02:17:38 Image size of job updated: 1700
	1700  -  MemoryUsage of job (MB)
	1741524  -  ResidentSetSize of job (KB)
...
006 (73445275.000.000) 2021-09-25 02:18:39 Image size of job updated: 1700
	1700  -  MemoryUsage of job (MB)
	1741580  -  ResidentSetSize of job (KB)
...
006 (73445275.000.000) 2021-09-25 02:19:39 Image size of job updated: 1701
	1701  -  MemoryUsage of job (MB)
	1742100  -  ResidentSetSize of job (KB)
...
006 (73445275.000.000) 2021-09-25 02:20:39 Image size of job updated: 1701
	1701  -  MemoryUsage of job (MB)
	1742144  -  ResidentSetSize of job (KB)
...
006 (73445275.000.000) 2021-09-25 02:21:39 Image size of job updated: 1701
	1701  -  MemoryUsage of job (MB)
	1742500  -  ResidentSetSize of job (KB)
...
006 (73445275.000.000) 2021-09-25 02:22:39 Image size of job updated: 1701
	1701  -  MemoryUsage of job (MB)
	1742528  -  ResidentSetSize of job (KB)
...
006 (73445275.000.000) 2021-09-25 02:23:39 Image size of job updated: 1702
	1702  -  MemoryUsage of job (MB)
	1743216  -  ResidentSetSize of job (KB)
...
006 (73445275.000.000) 2021-09-25 02:24:40 Image size of job updated: 1702
	1702  -  MemoryUsage of job (MB)
	1743288  -  ResidentSetSize of job (KB)
...
006 (73445275.000.000) 2021-09-25 02:25:41 Image size of job updated: 1703
	1703  -  MemoryUsage of job (MB)
	1743940  -  ResidentSetSize of job (KB)
...
006 (73445275.000.000) 2021-09-25 02:26:42 Image size of job updated: 1703
	1703  -  MemoryUsage of job (MB)
	1744016  -  ResidentSetSize of job (KB)
...
006 (73445275.000.000) 2021-09-25 02:27:43 Image size of job updated: 1703
	1703  -  MemoryUsage of job (MB)
	1744760  -  ResidentSetSize of job (KB)
...
006 (73445275.000.000) 2021-09-25 02:28:44 Image size of job updated: 1704
	1704  -  MemoryUsage of job (MB)
	1744964  -  ResidentSetSize of job (KB)
...
006 (73445275.000.000) 2021-09-25 02:29:44 Image size of job updated: 1704
	1704  -  MemoryUsage of job (MB)
	1745420  -  ResidentSetSize of job (KB)
...
006 (73445275.000.000) 2021-09-25 02:30:44 Image size of job updated: 1705
	1705  -  MemoryUsage of job (MB)
	1746912  -  ResidentSetSize of job (KB)
...
006 (73445275.000.000) 2021-09-25 02:31:44 Image size of job updated: 1706
	1706  -  MemoryUsage of job (MB)
	1747384  -  ResidentSetSize of job (KB)
...
006 (73445275.000.000) 2021-09-25 02:32:44 Image size of job updated: 1707
	1707  -  MemoryUsage of job (MB)
	1748860  -  ResidentSetSize of job (KB)
...
006 (73445275.000.000) 2021-09-25 02:33:44 Image size of job updated: 1708
	1708  -  MemoryUsage of job (MB)
	1749024  -  ResidentSetSize of job (KB)
...
006 (73445275.000.000) 2021-09-25 02:34:45 Image size of job updated: 1709
	1709  -  MemoryUsage of job (MB)
	1750144  -  ResidentSetSize of job (KB)
...
006 (73445275.000.000) 2021-09-25 02:35:46 Image size of job updated: 1709
	1709  -  MemoryUsage of job (MB)
	1750252  -  ResidentSetSize of job (KB)
...
006 (73445275.000.000) 2021-09-25 02:36:47 Image size of job updated: 1710
	1710  -  MemoryUsage of job (MB)
	1751716  -  ResidentSetSize of job (KB)
...
006 (73445275.000.000) 2021-09-25 02:37:48 Image size of job updated: 1710
	1710  -  MemoryUsage of job (MB)
	1751764  -  ResidentSetSize of job (KB)
...
006 (73445275.000.000) 2021-09-25 02:38:49 Image size of job updated: 1711
	1711  -  MemoryUsage of job (MB)
	1752712  -  ResidentSetSize of job (KB)
...
006 (73445275.000.000) 2021-09-25 02:39:50 Image size of job updated: 1711
	1711  -  MemoryUsage of job (MB)
	1752732  -  ResidentSetSize of job (KB)
...
006 (73445275.000.000) 2021-09-25 02:40:51 Image size of job updated: 1712
	1712  -  MemoryUsage of job (MB)
	1753836  -  ResidentSetSize of job (KB)
...
006 (73445275.000.000) 2021-09-25 02:41:52 Image size of job updated: 1713
	1713  -  MemoryUsage of job (MB)
	1754316  -  ResidentSetSize of job (KB)
...
006 (73445275.000.000) 2021-09-25 02:42:53 Image size of job updated: 1713
	1713  -  MemoryUsage of job (MB)
	1754420  -  ResidentSetSize of job (KB)
...
006 (73445275.000.000) 2021-09-25 02:43:54 Image size of job updated: 1713
	1713  -  MemoryUsage of job (MB)
	1754952  -  ResidentSetSize of job (KB)
...
006 (73445275.000.000) 2021-09-25 02:44:55 Image size of job updated: 1713
	1713  -  MemoryUsage of job (MB)
	1755032  -  ResidentSetSize of job (KB)
...
006 (73445275.000.000) 2021-09-25 02:45:56 Image size of job updated: 1713
	1713  -  MemoryUsage of job (MB)
	1755120  -  ResidentSetSize of job (KB)
...
006 (73445275.000.000) 2021-09-25 02:48:58 Image size of job updated: 1714
	1714  -  MemoryUsage of job (MB)
	1755476  -  ResidentSetSize of job (KB)
...
006 (73445275.000.000) 2021-09-25 02:49:58 Image size of job updated: 1715
	1715  -  MemoryUsage of job (MB)
	1756364  -  ResidentSetSize of job (KB)
...
006 (73445275.000.000) 2021-09-25 02:50:58 Image size of job updated: 1715
	1715  -  MemoryUsage of job (MB)
	1756408  -  ResidentSetSize of job (KB)
...
006 (73445275.000.000) 2021-09-25 02:51:58 Image size of job updated: 1715
	1715  -  MemoryUsage of job (MB)
	1756984  -  ResidentSetSize of job (KB)
...
006 (73445275.000.000) 2021-09-25 02:52:58 Image size of job updated: 1715
	1715  -  MemoryUsage of job (MB)
	1757176  -  ResidentSetSize of job (KB)
...
006 (73445275.000.000) 2021-09-25 03:00:03 Image size of job updated: 1716
	1716  -  MemoryUsage of job (MB)
	1757464  -  ResidentSetSize of job (KB)
...
006 (73445275.000.000) 2021-09-25 03:01:03 Image size of job updated: 1716
	1716  -  MemoryUsage of job (MB)
	1757880  -  ResidentSetSize of job (KB)
...
006 (73445275.000.000) 2021-09-25 03:02:03 Image size of job updated: 1716
	1716  -  MemoryUsage of job (MB)
	1757948  -  ResidentSetSize of job (KB)
...
006 (73445275.000.000) 2021-09-25 03:03:03 Image size of job updated: 1717
	1717  -  MemoryUsage of job (MB)
	1758564  -  ResidentSetSize of job (KB)
...
006 (73445275.000.000) 2021-09-25 03:04:04 Image size of job updated: 1717
	1717  -  MemoryUsage of job (MB)
	1758664  -  ResidentSetSize of job (KB)
...
006 (73445275.000.000) 2021-09-25 03:06:05 Image size of job updated: 1717
	1717  -  MemoryUsage of job (MB)
	1758740  -  ResidentSetSize of job (KB)
...
006 (73445275.000.000) 2021-09-25 03:07:05 Image size of job updated: 1717
	1717  -  MemoryUsage of job (MB)
	1758948  -  ResidentSetSize of job (KB)
...
006 (73445275.000.000) 2021-09-25 03:08:05 Image size of job updated: 1717
	1717  -  MemoryUsage of job (MB)
	1759004  -  ResidentSetSize of job (KB)
...
006 (73445275.000.000) 2021-09-25 03:10:05 Image size of job updated: 1718
	1718  -  MemoryUsage of job (MB)
	1759464  -  ResidentSetSize of job (KB)
...
006 (73445275.000.000) 2021-09-25 03:11:06 Image size of job updated: 1718
	1718  -  MemoryUsage of job (MB)
	1760132  -  ResidentSetSize of job (KB)
...
006 (73445275.000.000) 2021-09-25 03:12:06 Image size of job updated: 1719
	1719  -  MemoryUsage of job (MB)
	1760516  -  ResidentSetSize of job (KB)
...
006 (73445275.000.000) 2021-09-25 03:13:07 Image size of job updated: 1720
	1720  -  MemoryUsage of job (MB)
	1761444  -  ResidentSetSize of job (KB)
...
006 (73445275.000.000) 2021-09-25 03:14:08 Image size of job updated: 1720
	1720  -  MemoryUsage of job (MB)
	1762180  -  ResidentSetSize of job (KB)
...
006 (73445275.000.000) 2021-09-25 03:16:09 Image size of job updated: 1721
	1721  -  MemoryUsage of job (MB)
	1762812  -  ResidentSetSize of job (KB)
...
006 (73445275.000.000) 2021-09-25 03:17:09 Image size of job updated: 1721
	1721  -  MemoryUsage of job (MB)
	1763292  -  ResidentSetSize of job (KB)
...
006 (73445275.000.000) 2021-09-25 03:18:09 Image size of job updated: 1722
	1722  -  MemoryUsage of job (MB)
	1763352  -  ResidentSetSize of job (KB)
...
006 (73445275.000.000) 2021-09-25 03:19:09 Image size of job updated: 1722
	1722  -  MemoryUsage of job (MB)
	1763924  -  ResidentSetSize of job (KB)
...
006 (73445275.000.000) 2021-09-25 03:53:28 Image size of job updated: 1722
	1722  -  MemoryUsage of job (MB)
	1764040  -  ResidentSetSize of job (KB)
...
006 (73445275.000.000) 2021-09-25 03:54:29 Image size of job updated: 1722
	1722  -  MemoryUsage of job (MB)
	1764048  -  ResidentSetSize of job (KB)
...
006 (73445275.000.000) 2021-09-25 03:55:30 Image size of job updated: 1722
	1722  -  MemoryUsage of job (MB)
	1764144  -  ResidentSetSize of job (KB)
...
006 (73445275.000.000) 2021-09-25 03:56:31 Image size of job updated: 1723
	1723  -  MemoryUsage of job (MB)
	1764384  -  ResidentSetSize of job (KB)
...
006 (73445275.000.000) 2021-09-25 03:57:32 Image size of job updated: 1723
	1723  -  MemoryUsage of job (MB)
	1764404  -  ResidentSetSize of job (KB)
...
006 (73445275.000.000) 2021-09-25 03:58:33 Image size of job updated: 1723
	1723  -  MemoryUsage of job (MB)
	1764564  -  ResidentSetSize of job (KB)
...
006 (73445275.000.000) 2021-09-25 03:59:34 Image size of job updated: 1723
	1723  -  MemoryUsage of job (MB)
	1764724  -  ResidentSetSize of job (KB)
...
006 (73445275.000.000) 2021-09-25 04:00:35 Image size of job updated: 1723
	1723  -  MemoryUsage of job (MB)
	1765024  -  ResidentSetSize of job (KB)
...
006 (73445275.000.000) 2021-09-25 04:01:35 Image size of job updated: 1723
	1723  -  MemoryUsage of job (MB)
	1765028  -  ResidentSetSize of job (KB)
...
006 (73445275.000.000) 2021-09-25 04:02:35 Image size of job updated: 1723
	1723  -  MemoryUsage of job (MB)
	1765040  -  ResidentSetSize of job (KB)
...
040 (73445275.000.000) 2021-09-25 04:02:52 Started transferring output files
...
040 (73445275.000.000) 2021-09-25 04:02:52 Finished transferring output files
...
005 (73445275.000.000) 2021-09-25 04:02:54 Job terminated.
	(1) Normal termination (return value 0)
		Usr 0 00:00:00, Sys 0 00:00:00  -  Run Remote Usage
		Usr 0 00:00:00, Sys 0 00:00:00  -  Run Local Usage
		Usr 0 01:35:45, Sys 0 01:42:09  -  Total Remote Usage
		Usr 0 00:00:00, Sys 0 00:00:00  -  Total Local Usage
	1219068  -  Run Bytes Sent By Job
	8471570  -  Run Bytes Received By Job
	1219068  -  Total Bytes Sent By Job
	8471570  -  Total Bytes Received By Job
	Partitionable Resources :     Usage  Request Allocated 
	   Cpus                 :      0.00        1         1 
	   Disk (KB)            : 100357       10000    326665 
	   Memory (MB)          :   1723        2048      2048 

	Job terminated of its own accord at 2021-09-25T09:02:52Z.
...
