000 (14732943.000.000) 2021-09-24 22:15:52 Job submitted from host: <131.225.188.55:9618?addrs=131.225.188.55-9618&alias=lpcschedd1.fnal.gov&noUDP&sock=schedd_2070_6d22>
...
040 (14732943.000.000) 2021-09-25 00:09:02 Started transferring input files
	Transferring to host: <131.225.190.31:9618?addrs=131.225.190.31-9618&alias=cmswn2011.fnal.gov&noUDP&sock=slot1_27_1610_23fb_4430>
...
040 (14732943.000.000) 2021-09-25 00:09:02 Finished transferring input files
...
001 (14732943.000.000) 2021-09-25 00:09:03 Job executing on host: <131.225.190.31:9618?addrs=131.225.190.31-9618&alias=cmswn2011.fnal.gov&noUDP&sock=startd_1413_c769>
...
006 (14732943.000.000) 2021-09-25 00:09:12 Image size of job updated: 43
	43  -  MemoryUsage of job (MB)
	44892  -  ResidentSetSize of job (KB)
...
006 (14732943.000.000) 2021-09-25 00:10:12 Image size of job updated: 527
	527  -  MemoryUsage of job (MB)
	539676  -  ResidentSetSize of job (KB)
...
006 (14732943.000.000) 2021-09-25 00:14:17 Image size of job updated: 542
	542  -  MemoryUsage of job (MB)
	555304  -  ResidentSetSize of job (KB)
...
006 (14732943.000.000) 2021-09-25 00:15:17 Image size of job updated: 583
	583  -  MemoryUsage of job (MB)
	597004  -  ResidentSetSize of job (KB)
...
006 (14732943.000.000) 2021-09-25 00:16:19 Image size of job updated: 625
	625  -  MemoryUsage of job (MB)
	640908  -  ResidentSetSize of job (KB)
...
006 (14732943.000.000) 2021-09-25 00:17:19 Image size of job updated: 657
	657  -  MemoryUsage of job (MB)
	673732  -  ResidentSetSize of job (KB)
...
006 (14732943.000.000) 2021-09-25 00:18:20 Image size of job updated: 688
	688  -  MemoryUsage of job (MB)
	705128  -  ResidentSetSize of job (KB)
...
006 (14732943.000.000) 2021-09-25 00:19:20 Image size of job updated: 716
	716  -  MemoryUsage of job (MB)
	733612  -  ResidentSetSize of job (KB)
...
006 (14732943.000.000) 2021-09-25 00:20:20 Image size of job updated: 742
	742  -  MemoryUsage of job (MB)
	760520  -  ResidentSetSize of job (KB)
...
006 (14732943.000.000) 2021-09-25 00:21:22 Image size of job updated: 770
	770  -  MemoryUsage of job (MB)
	788916  -  ResidentSetSize of job (KB)
...
006 (14732943.000.000) 2021-09-25 00:22:22 Image size of job updated: 793
	793  -  MemoryUsage of job (MB)
	812980  -  ResidentSetSize of job (KB)
...
006 (14732943.000.000) 2021-09-25 00:23:23 Image size of job updated: 817
	817  -  MemoryUsage of job (MB)
	836856  -  ResidentSetSize of job (KB)
...
006 (14732943.000.000) 2021-09-25 00:24:24 Image size of job updated: 840
	840  -  MemoryUsage of job (MB)
	860968  -  ResidentSetSize of job (KB)
...
006 (14732943.000.000) 2021-09-25 00:25:25 Image size of job updated: 864
	864  -  MemoryUsage of job (MB)
	884952  -  ResidentSetSize of job (KB)
...
006 (14732943.000.000) 2021-09-25 00:26:25 Image size of job updated: 897
	897  -  MemoryUsage of job (MB)
	918560  -  ResidentSetSize of job (KB)
...
006 (14732943.000.000) 2021-09-25 00:27:25 Image size of job updated: 916
	916  -  MemoryUsage of job (MB)
	938872  -  ResidentSetSize of job (KB)
...
006 (14732943.000.000) 2021-09-25 00:28:26 Image size of job updated: 937
	937  -  MemoryUsage of job (MB)
	960404  -  ResidentSetSize of job (KB)
...
006 (14732943.000.000) 2021-09-25 00:29:26 Image size of job updated: 957
	957  -  MemoryUsage of job (MB)
	980284  -  ResidentSetSize of job (KB)
...
006 (14732943.000.000) 2021-09-25 00:30:28 Image size of job updated: 975
	975  -  MemoryUsage of job (MB)
	998936  -  ResidentSetSize of job (KB)
...
006 (14732943.000.000) 2021-09-25 00:31:29 Image size of job updated: 995
	995  -  MemoryUsage of job (MB)
	1019360  -  ResidentSetSize of job (KB)
...
006 (14732943.000.000) 2021-09-25 00:32:29 Image size of job updated: 1013
	1013  -  MemoryUsage of job (MB)
	1037780  -  ResidentSetSize of job (KB)
...
006 (14732943.000.000) 2021-09-25 00:33:30 Image size of job updated: 1033
	1033  -  MemoryUsage of job (MB)
	1058636  -  ResidentSetSize of job (KB)
...
006 (14732943.000.000) 2021-09-25 00:34:31 Image size of job updated: 1058
	1058  -  MemoryUsage of job (MB)
	1083940  -  ResidentSetSize of job (KB)
...
006 (14732943.000.000) 2021-09-25 00:35:32 Image size of job updated: 1078
	1078  -  MemoryUsage of job (MB)
	1104692  -  ResidentSetSize of job (KB)
...
006 (14732943.000.000) 2021-09-25 00:36:32 Image size of job updated: 1094
	1094  -  MemoryUsage of job (MB)
	1120844  -  ResidentSetSize of job (KB)
...
006 (14732943.000.000) 2021-09-25 00:37:32 Image size of job updated: 1110
	1110  -  MemoryUsage of job (MB)
	1137196  -  ResidentSetSize of job (KB)
...
006 (14732943.000.000) 2021-09-25 00:38:32 Image size of job updated: 1126
	1126  -  MemoryUsage of job (MB)
	1153396  -  ResidentSetSize of job (KB)
...
006 (14732943.000.000) 2021-09-25 00:39:32 Image size of job updated: 1141
	1141  -  MemoryUsage of job (MB)
	1169236  -  ResidentSetSize of job (KB)
...
006 (14732943.000.000) 2021-09-25 00:40:32 Image size of job updated: 1157
	1157  -  MemoryUsage of job (MB)
	1185640  -  ResidentSetSize of job (KB)
...
006 (14732943.000.000) 2021-09-25 00:41:33 Image size of job updated: 1174
	1174  -  MemoryUsage of job (MB)
	1202712  -  ResidentSetSize of job (KB)
...
006 (14732943.000.000) 2021-09-25 00:42:33 Image size of job updated: 1189
	1189  -  MemoryUsage of job (MB)
	1217768  -  ResidentSetSize of job (KB)
...
006 (14732943.000.000) 2021-09-25 00:43:33 Image size of job updated: 1203
	1203  -  MemoryUsage of job (MB)
	1232644  -  ResidentSetSize of job (KB)
...
006 (14732943.000.000) 2021-09-25 00:44:34 Image size of job updated: 1217
	1217  -  MemoryUsage of job (MB)
	1247216  -  ResidentSetSize of job (KB)
...
006 (14732943.000.000) 2021-09-25 00:45:35 Image size of job updated: 1232
	1232  -  MemoryUsage of job (MB)
	1261628  -  ResidentSetSize of job (KB)
...
006 (14732943.000.000) 2021-09-25 00:46:35 Image size of job updated: 1247
	1247  -  MemoryUsage of job (MB)
	1277220  -  ResidentSetSize of job (KB)
...
006 (14732943.000.000) 2021-09-25 00:47:36 Image size of job updated: 1260
	1260  -  MemoryUsage of job (MB)
	1291056  -  ResidentSetSize of job (KB)
...
006 (14732943.000.000) 2021-09-25 00:48:37 Image size of job updated: 1273
	1273  -  MemoryUsage of job (MB)
	1304516  -  ResidentSetSize of job (KB)
...
006 (14732943.000.000) 2021-09-25 00:49:38 Image size of job updated: 1288
	1288  -  MemoryUsage of job (MB)
	1319428  -  ResidentSetSize of job (KB)
...
006 (14732943.000.000) 2021-09-25 00:50:39 Image size of job updated: 1301
	1301  -  MemoryUsage of job (MB)
	1333004  -  ResidentSetSize of job (KB)
...
006 (14732943.000.000) 2021-09-25 00:51:39 Image size of job updated: 1314
	1314  -  MemoryUsage of job (MB)
	1346320  -  ResidentSetSize of job (KB)
...
006 (14732943.000.000) 2021-09-25 00:52:39 Image size of job updated: 1327
	1327  -  MemoryUsage of job (MB)
	1359360  -  ResidentSetSize of job (KB)
...
006 (14732943.000.000) 2021-09-25 00:53:40 Image size of job updated: 1340
	1340  -  MemoryUsage of job (MB)
	1372652  -  ResidentSetSize of job (KB)
...
006 (14732943.000.000) 2021-09-25 00:54:41 Image size of job updated: 1354
	1354  -  MemoryUsage of job (MB)
	1387232  -  ResidentSetSize of job (KB)
...
006 (14732943.000.000) 2021-09-25 00:55:42 Image size of job updated: 1367
	1367  -  MemoryUsage of job (MB)
	1400160  -  ResidentSetSize of job (KB)
...
006 (14732943.000.000) 2021-09-25 00:56:43 Image size of job updated: 1379
	1379  -  MemoryUsage of job (MB)
	1412884  -  ResidentSetSize of job (KB)
...
006 (14732943.000.000) 2021-09-25 00:57:43 Image size of job updated: 1392
	1392  -  MemoryUsage of job (MB)
	1425440  -  ResidentSetSize of job (KB)
...
006 (14732943.000.000) 2021-09-25 00:58:44 Image size of job updated: 1405
	1405  -  MemoryUsage of job (MB)
	1439096  -  ResidentSetSize of job (KB)
...
006 (14732943.000.000) 2021-09-25 00:59:44 Image size of job updated: 1417
	1417  -  MemoryUsage of job (MB)
	1451224  -  ResidentSetSize of job (KB)
...
006 (14732943.000.000) 2021-09-25 01:00:44 Image size of job updated: 1429
	1429  -  MemoryUsage of job (MB)
	1463612  -  ResidentSetSize of job (KB)
...
006 (14732943.000.000) 2021-09-25 01:01:45 Image size of job updated: 1441
	1441  -  MemoryUsage of job (MB)
	1476112  -  ResidentSetSize of job (KB)
...
006 (14732943.000.000) 2021-09-25 01:02:46 Image size of job updated: 1454
	1454  -  MemoryUsage of job (MB)
	1489644  -  ResidentSetSize of job (KB)
...
006 (14732943.000.000) 2021-09-25 01:03:47 Image size of job updated: 1466
	1466  -  MemoryUsage of job (MB)
	1501724  -  ResidentSetSize of job (KB)
...
006 (14732943.000.000) 2021-09-25 01:04:48 Image size of job updated: 1478
	1478  -  MemoryUsage of job (MB)
	1513604  -  ResidentSetSize of job (KB)
...
006 (14732943.000.000) 2021-09-25 01:05:48 Image size of job updated: 1491
	1491  -  MemoryUsage of job (MB)
	1526956  -  ResidentSetSize of job (KB)
...
006 (14732943.000.000) 2021-09-25 01:06:49 Image size of job updated: 1502
	1502  -  MemoryUsage of job (MB)
	1538920  -  ResidentSetSize of job (KB)
...
006 (14732943.000.000) 2021-09-25 01:07:50 Image size of job updated: 1514
	1514  -  MemoryUsage of job (MB)
	1550720  -  ResidentSetSize of job (KB)
...
006 (14732943.000.000) 2021-09-25 01:08:51 Image size of job updated: 1525
	1525  -  MemoryUsage of job (MB)
	1562364  -  ResidentSetSize of job (KB)
...
006 (14732943.000.000) 2021-09-25 01:09:52 Image size of job updated: 1542
	1542  -  MemoryUsage of job (MB)
	1579344  -  ResidentSetSize of job (KB)
...
006 (14732943.000.000) 2021-09-25 01:10:53 Image size of job updated: 1623
	1623  -  MemoryUsage of job (MB)
	1662800  -  ResidentSetSize of job (KB)
...
006 (14732943.000.000) 2021-09-25 01:11:54 Image size of job updated: 1623
	1623  -  MemoryUsage of job (MB)
	1662948  -  ResidentSetSize of job (KB)
...
006 (14732943.000.000) 2021-09-25 01:12:54 Image size of job updated: 1624
	1624  -  MemoryUsage of job (MB)
	1663232  -  ResidentSetSize of job (KB)
...
006 (14732943.000.000) 2021-09-25 01:13:55 Image size of job updated: 1624
	1624  -  MemoryUsage of job (MB)
	1663360  -  ResidentSetSize of job (KB)
...
006 (14732943.000.000) 2021-09-25 01:14:56 Image size of job updated: 1624
	1624  -  MemoryUsage of job (MB)
	1663532  -  ResidentSetSize of job (KB)
...
006 (14732943.000.000) 2021-09-25 01:15:56 Image size of job updated: 1624
	1624  -  MemoryUsage of job (MB)
	1663680  -  ResidentSetSize of job (KB)
...
006 (14732943.000.000) 2021-09-25 01:16:56 Image size of job updated: 1624
	1624  -  MemoryUsage of job (MB)
	1663812  -  ResidentSetSize of job (KB)
...
006 (14732943.000.000) 2021-09-25 01:17:58 Image size of job updated: 1624
	1624  -  MemoryUsage of job (MB)
	1663912  -  ResidentSetSize of job (KB)
...
006 (14732943.000.000) 2021-09-25 01:18:58 Image size of job updated: 1625
	1625  -  MemoryUsage of job (MB)
	1664008  -  ResidentSetSize of job (KB)
...
006 (14732943.000.000) 2021-09-25 01:19:58 Image size of job updated: 1625
	1625  -  MemoryUsage of job (MB)
	1664168  -  ResidentSetSize of job (KB)
...
006 (14732943.000.000) 2021-09-25 01:20:58 Image size of job updated: 1625
	1625  -  MemoryUsage of job (MB)
	1664312  -  ResidentSetSize of job (KB)
...
006 (14732943.000.000) 2021-09-25 01:21:59 Image size of job updated: 1625
	1625  -  MemoryUsage of job (MB)
	1664432  -  ResidentSetSize of job (KB)
...
006 (14732943.000.000) 2021-09-25 01:23:00 Image size of job updated: 1625
	1625  -  MemoryUsage of job (MB)
	1664540  -  ResidentSetSize of job (KB)
...
006 (14732943.000.000) 2021-09-25 01:24:00 Image size of job updated: 1625
	1625  -  MemoryUsage of job (MB)
	1664784  -  ResidentSetSize of job (KB)
...
006 (14732943.000.000) 2021-09-25 01:25:01 Image size of job updated: 1638
	1638  -  MemoryUsage of job (MB)
	1678032  -  ResidentSetSize of job (KB)
...
006 (14732943.000.000) 2021-09-25 01:26:01 Image size of job updated: 1638
	1638  -  MemoryUsage of job (MB)
	1678176  -  ResidentSetSize of job (KB)
...
006 (14732943.000.000) 2021-09-25 01:27:02 Image size of job updated: 1639
	1639  -  MemoryUsage of job (MB)
	1678500  -  ResidentSetSize of job (KB)
...
006 (14732943.000.000) 2021-09-25 01:28:02 Image size of job updated: 1639
	1639  -  MemoryUsage of job (MB)
	1678616  -  ResidentSetSize of job (KB)
...
006 (14732943.000.000) 2021-09-25 01:29:03 Image size of job updated: 1639
	1639  -  MemoryUsage of job (MB)
	1678800  -  ResidentSetSize of job (KB)
...
006 (14732943.000.000) 2021-09-25 01:30:04 Image size of job updated: 1639
	1639  -  MemoryUsage of job (MB)
	1678936  -  ResidentSetSize of job (KB)
...
006 (14732943.000.000) 2021-09-25 01:31:05 Image size of job updated: 1639
	1639  -  MemoryUsage of job (MB)
	1679088  -  ResidentSetSize of job (KB)
...
006 (14732943.000.000) 2021-09-25 01:32:06 Image size of job updated: 1639
	1639  -  MemoryUsage of job (MB)
	1679232  -  ResidentSetSize of job (KB)
...
006 (14732943.000.000) 2021-09-25 01:33:07 Image size of job updated: 1639
	1639  -  MemoryUsage of job (MB)
	1679336  -  ResidentSetSize of job (KB)
...
006 (14732943.000.000) 2021-09-25 01:34:08 Image size of job updated: 1640
	1640  -  MemoryUsage of job (MB)
	1679488  -  ResidentSetSize of job (KB)
...
006 (14732943.000.000) 2021-09-25 01:35:09 Image size of job updated: 1640
	1640  -  MemoryUsage of job (MB)
	1679632  -  ResidentSetSize of job (KB)
...
006 (14732943.000.000) 2021-09-25 01:36:09 Image size of job updated: 1640
	1640  -  MemoryUsage of job (MB)
	1679776  -  ResidentSetSize of job (KB)
...
006 (14732943.000.000) 2021-09-25 01:37:10 Image size of job updated: 1640
	1640  -  MemoryUsage of job (MB)
	1679888  -  ResidentSetSize of job (KB)
...
006 (14732943.000.000) 2021-09-25 01:38:10 Image size of job updated: 1646
	1646  -  MemoryUsage of job (MB)
	1685964  -  ResidentSetSize of job (KB)
...
006 (14732943.000.000) 2021-09-25 01:39:10 Image size of job updated: 1646
	1646  -  MemoryUsage of job (MB)
	1686096  -  ResidentSetSize of job (KB)
...
006 (14732943.000.000) 2021-09-25 01:40:11 Image size of job updated: 1646
	1646  -  MemoryUsage of job (MB)
	1686348  -  ResidentSetSize of job (KB)
...
006 (14732943.000.000) 2021-09-25 01:41:11 Image size of job updated: 1646
	1646  -  MemoryUsage of job (MB)
	1686472  -  ResidentSetSize of job (KB)
...
006 (14732943.000.000) 2021-09-25 01:42:12 Image size of job updated: 1647
	1647  -  MemoryUsage of job (MB)
	1686596  -  ResidentSetSize of job (KB)
...
006 (14732943.000.000) 2021-09-25 01:43:12 Image size of job updated: 1647
	1647  -  MemoryUsage of job (MB)
	1686756  -  ResidentSetSize of job (KB)
...
006 (14732943.000.000) 2021-09-25 01:44:13 Image size of job updated: 1647
	1647  -  MemoryUsage of job (MB)
	1686872  -  ResidentSetSize of job (KB)
...
006 (14732943.000.000) 2021-09-25 01:45:14 Image size of job updated: 1647
	1647  -  MemoryUsage of job (MB)
	1686968  -  ResidentSetSize of job (KB)
...
006 (14732943.000.000) 2021-09-25 01:46:15 Image size of job updated: 1647
	1647  -  MemoryUsage of job (MB)
	1687120  -  ResidentSetSize of job (KB)
...
006 (14732943.000.000) 2021-09-25 01:47:16 Image size of job updated: 1647
	1647  -  MemoryUsage of job (MB)
	1687192  -  ResidentSetSize of job (KB)
...
006 (14732943.000.000) 2021-09-25 01:48:17 Image size of job updated: 1647
	1647  -  MemoryUsage of job (MB)
	1687280  -  ResidentSetSize of job (KB)
...
006 (14732943.000.000) 2021-09-25 01:49:17 Image size of job updated: 1647
	1647  -  MemoryUsage of job (MB)
	1687360  -  ResidentSetSize of job (KB)
...
006 (14732943.000.000) 2021-09-25 01:50:18 Image size of job updated: 1648
	1648  -  MemoryUsage of job (MB)
	1687588  -  ResidentSetSize of job (KB)
...
006 (14732943.000.000) 2021-09-25 01:51:19 Image size of job updated: 1654
	1654  -  MemoryUsage of job (MB)
	1694700  -  ResidentSetSize of job (KB)
...
006 (14732943.000.000) 2021-09-25 01:52:19 Image size of job updated: 1655
	1655  -  MemoryUsage of job (MB)
	1695028  -  ResidentSetSize of job (KB)
...
006 (14732943.000.000) 2021-09-25 01:53:20 Image size of job updated: 1655
	1655  -  MemoryUsage of job (MB)
	1695144  -  ResidentSetSize of job (KB)
...
006 (14732943.000.000) 2021-09-25 01:54:21 Image size of job updated: 1655
	1655  -  MemoryUsage of job (MB)
	1695276  -  ResidentSetSize of job (KB)
...
006 (14732943.000.000) 2021-09-25 01:55:21 Image size of job updated: 1655
	1655  -  MemoryUsage of job (MB)
	1695400  -  ResidentSetSize of job (KB)
...
006 (14732943.000.000) 2021-09-25 01:56:22 Image size of job updated: 1655
	1655  -  MemoryUsage of job (MB)
	1695508  -  ResidentSetSize of job (KB)
...
006 (14732943.000.000) 2021-09-25 01:57:23 Image size of job updated: 1655
	1655  -  MemoryUsage of job (MB)
	1695620  -  ResidentSetSize of job (KB)
...
006 (14732943.000.000) 2021-09-25 01:58:23 Image size of job updated: 1655
	1655  -  MemoryUsage of job (MB)
	1695736  -  ResidentSetSize of job (KB)
...
006 (14732943.000.000) 2021-09-25 01:59:25 Image size of job updated: 1656
	1656  -  MemoryUsage of job (MB)
	1695900  -  ResidentSetSize of job (KB)
...
006 (14732943.000.000) 2021-09-25 02:00:26 Image size of job updated: 1656
	1656  -  MemoryUsage of job (MB)
	1696020  -  ResidentSetSize of job (KB)
...
006 (14732943.000.000) 2021-09-25 02:01:26 Image size of job updated: 1656
	1656  -  MemoryUsage of job (MB)
	1696128  -  ResidentSetSize of job (KB)
...
006 (14732943.000.000) 2021-09-25 02:02:26 Image size of job updated: 1656
	1656  -  MemoryUsage of job (MB)
	1696236  -  ResidentSetSize of job (KB)
...
006 (14732943.000.000) 2021-09-25 02:03:27 Image size of job updated: 1659
	1659  -  MemoryUsage of job (MB)
	1699112  -  ResidentSetSize of job (KB)
...
006 (14732943.000.000) 2021-09-25 02:04:29 Image size of job updated: 1659
	1659  -  MemoryUsage of job (MB)
	1699164  -  ResidentSetSize of job (KB)
...
006 (14732943.000.000) 2021-09-25 02:05:29 Image size of job updated: 1659
	1659  -  MemoryUsage of job (MB)
	1699256  -  ResidentSetSize of job (KB)
...
006 (14732943.000.000) 2021-09-25 02:06:30 Image size of job updated: 1659
	1659  -  MemoryUsage of job (MB)
	1699324  -  ResidentSetSize of job (KB)
...
006 (14732943.000.000) 2021-09-25 02:07:31 Image size of job updated: 1659
	1659  -  MemoryUsage of job (MB)
	1699368  -  ResidentSetSize of job (KB)
...
006 (14732943.000.000) 2021-09-25 02:08:31 Image size of job updated: 1659
	1659  -  MemoryUsage of job (MB)
	1699436  -  ResidentSetSize of job (KB)
...
006 (14732943.000.000) 2021-09-25 02:09:32 Image size of job updated: 1659
	1659  -  MemoryUsage of job (MB)
	1699484  -  ResidentSetSize of job (KB)
...
006 (14732943.000.000) 2021-09-25 02:10:32 Image size of job updated: 1659
	1659  -  MemoryUsage of job (MB)
	1699528  -  ResidentSetSize of job (KB)
...
006 (14732943.000.000) 2021-09-25 02:11:32 Image size of job updated: 1659
	1659  -  MemoryUsage of job (MB)
	1699596  -  ResidentSetSize of job (KB)
...
006 (14732943.000.000) 2021-09-25 02:12:33 Image size of job updated: 1659
	1659  -  MemoryUsage of job (MB)
	1699660  -  ResidentSetSize of job (KB)
...
006 (14732943.000.000) 2021-09-25 02:13:34 Image size of job updated: 1659
	1659  -  MemoryUsage of job (MB)
	1699732  -  ResidentSetSize of job (KB)
...
006 (14732943.000.000) 2021-09-25 02:14:34 Image size of job updated: 1659
	1659  -  MemoryUsage of job (MB)
	1699792  -  ResidentSetSize of job (KB)
...
006 (14732943.000.000) 2021-09-25 02:15:34 Image size of job updated: 1663
	1663  -  MemoryUsage of job (MB)
	1703876  -  ResidentSetSize of job (KB)
...
006 (14732943.000.000) 2021-09-25 02:16:35 Image size of job updated: 1665
	1665  -  MemoryUsage of job (MB)
	1705920  -  ResidentSetSize of job (KB)
...
006 (14732943.000.000) 2021-09-25 02:17:35 Image size of job updated: 1666
	1666  -  MemoryUsage of job (MB)
	1706200  -  ResidentSetSize of job (KB)
...
006 (14732943.000.000) 2021-09-25 02:18:35 Image size of job updated: 1666
	1666  -  MemoryUsage of job (MB)
	1706344  -  ResidentSetSize of job (KB)
...
006 (14732943.000.000) 2021-09-25 02:19:35 Image size of job updated: 1666
	1666  -  MemoryUsage of job (MB)
	1706428  -  ResidentSetSize of job (KB)
...
006 (14732943.000.000) 2021-09-25 02:20:36 Image size of job updated: 1666
	1666  -  MemoryUsage of job (MB)
	1706476  -  ResidentSetSize of job (KB)
...
006 (14732943.000.000) 2021-09-25 02:21:37 Image size of job updated: 1666
	1666  -  MemoryUsage of job (MB)
	1706564  -  ResidentSetSize of job (KB)
...
006 (14732943.000.000) 2021-09-25 02:22:38 Image size of job updated: 1666
	1666  -  MemoryUsage of job (MB)
	1706620  -  ResidentSetSize of job (KB)
...
006 (14732943.000.000) 2021-09-25 02:23:38 Image size of job updated: 1666
	1666  -  MemoryUsage of job (MB)
	1706692  -  ResidentSetSize of job (KB)
...
006 (14732943.000.000) 2021-09-25 02:24:39 Image size of job updated: 1666
	1666  -  MemoryUsage of job (MB)
	1706764  -  ResidentSetSize of job (KB)
...
006 (14732943.000.000) 2021-09-25 02:25:40 Image size of job updated: 1666
	1666  -  MemoryUsage of job (MB)
	1706868  -  ResidentSetSize of job (KB)
...
006 (14732943.000.000) 2021-09-25 02:26:42 Image size of job updated: 1667
	1667  -  MemoryUsage of job (MB)
	1707376  -  ResidentSetSize of job (KB)
...
006 (14732943.000.000) 2021-09-25 02:27:42 Image size of job updated: 1671
	1671  -  MemoryUsage of job (MB)
	1711664  -  ResidentSetSize of job (KB)
...
006 (14732943.000.000) 2021-09-25 02:28:42 Image size of job updated: 1671
	1671  -  MemoryUsage of job (MB)
	1711704  -  ResidentSetSize of job (KB)
...
006 (14732943.000.000) 2021-09-25 02:29:43 Image size of job updated: 1671
	1671  -  MemoryUsage of job (MB)
	1711804  -  ResidentSetSize of job (KB)
...
006 (14732943.000.000) 2021-09-25 02:30:43 Image size of job updated: 1671
	1671  -  MemoryUsage of job (MB)
	1711904  -  ResidentSetSize of job (KB)
...
006 (14732943.000.000) 2021-09-25 02:31:44 Image size of job updated: 1671
	1671  -  MemoryUsage of job (MB)
	1711976  -  ResidentSetSize of job (KB)
...
006 (14732943.000.000) 2021-09-25 02:32:45 Image size of job updated: 1671
	1671  -  MemoryUsage of job (MB)
	1712096  -  ResidentSetSize of job (KB)
...
006 (14732943.000.000) 2021-09-25 02:33:45 Image size of job updated: 1672
	1672  -  MemoryUsage of job (MB)
	1712152  -  ResidentSetSize of job (KB)
...
006 (14732943.000.000) 2021-09-25 02:34:45 Image size of job updated: 1672
	1672  -  MemoryUsage of job (MB)
	1712232  -  ResidentSetSize of job (KB)
...
006 (14732943.000.000) 2021-09-25 02:35:45 Image size of job updated: 1672
	1672  -  MemoryUsage of job (MB)
	1712292  -  ResidentSetSize of job (KB)
...
006 (14732943.000.000) 2021-09-25 02:36:46 Image size of job updated: 1672
	1672  -  MemoryUsage of job (MB)
	1712388  -  ResidentSetSize of job (KB)
...
006 (14732943.000.000) 2021-09-25 02:37:46 Image size of job updated: 1676
	1676  -  MemoryUsage of job (MB)
	1716360  -  ResidentSetSize of job (KB)
...
006 (14732943.000.000) 2021-09-25 02:38:47 Image size of job updated: 1676
	1676  -  MemoryUsage of job (MB)
	1716472  -  ResidentSetSize of job (KB)
...
006 (14732943.000.000) 2021-09-25 02:39:48 Image size of job updated: 1676
	1676  -  MemoryUsage of job (MB)
	1716528  -  ResidentSetSize of job (KB)
...
006 (14732943.000.000) 2021-09-25 02:40:49 Image size of job updated: 1676
	1676  -  MemoryUsage of job (MB)
	1716568  -  ResidentSetSize of job (KB)
...
006 (14732943.000.000) 2021-09-25 02:41:50 Image size of job updated: 1676
	1676  -  MemoryUsage of job (MB)
	1716616  -  ResidentSetSize of job (KB)
...
006 (14732943.000.000) 2021-09-25 02:42:50 Image size of job updated: 1676
	1676  -  MemoryUsage of job (MB)
	1716636  -  ResidentSetSize of job (KB)
...
006 (14732943.000.000) 2021-09-25 02:43:51 Image size of job updated: 1676
	1676  -  MemoryUsage of job (MB)
	1716680  -  ResidentSetSize of job (KB)
...
006 (14732943.000.000) 2021-09-25 02:44:52 Image size of job updated: 1676
	1676  -  MemoryUsage of job (MB)
	1716728  -  ResidentSetSize of job (KB)
...
006 (14732943.000.000) 2021-09-25 02:45:53 Image size of job updated: 1676
	1676  -  MemoryUsage of job (MB)
	1716756  -  ResidentSetSize of job (KB)
...
006 (14732943.000.000) 2021-09-25 02:46:54 Image size of job updated: 1676
	1676  -  MemoryUsage of job (MB)
	1716792  -  ResidentSetSize of job (KB)
...
006 (14732943.000.000) 2021-09-25 02:47:55 Image size of job updated: 1680
	1680  -  MemoryUsage of job (MB)
	1720912  -  ResidentSetSize of job (KB)
...
006 (14732943.000.000) 2021-09-25 02:48:56 Image size of job updated: 1680
	1680  -  MemoryUsage of job (MB)
	1721072  -  ResidentSetSize of job (KB)
...
006 (14732943.000.000) 2021-09-25 02:49:56 Image size of job updated: 1680
	1680  -  MemoryUsage of job (MB)
	1721124  -  ResidentSetSize of job (KB)
...
006 (14732943.000.000) 2021-09-25 02:50:57 Image size of job updated: 1680
	1680  -  MemoryUsage of job (MB)
	1721184  -  ResidentSetSize of job (KB)
...
006 (14732943.000.000) 2021-09-25 02:51:57 Image size of job updated: 1680
	1680  -  MemoryUsage of job (MB)
	1721248  -  ResidentSetSize of job (KB)
...
006 (14732943.000.000) 2021-09-25 02:52:58 Image size of job updated: 1680
	1680  -  MemoryUsage of job (MB)
	1721300  -  ResidentSetSize of job (KB)
...
006 (14732943.000.000) 2021-09-25 02:53:58 Image size of job updated: 1681
	1681  -  MemoryUsage of job (MB)
	1721364  -  ResidentSetSize of job (KB)
...
006 (14732943.000.000) 2021-09-25 02:54:59 Image size of job updated: 1681
	1681  -  MemoryUsage of job (MB)
	1721436  -  ResidentSetSize of job (KB)
...
006 (14732943.000.000) 2021-09-25 02:56:00 Image size of job updated: 1681
	1681  -  MemoryUsage of job (MB)
	1721536  -  ResidentSetSize of job (KB)
...
006 (14732943.000.000) 2021-09-25 02:57:00 Image size of job updated: 1681
	1681  -  MemoryUsage of job (MB)
	1721596  -  ResidentSetSize of job (KB)
...
006 (14732943.000.000) 2021-09-25 02:58:00 Image size of job updated: 1681
	1681  -  MemoryUsage of job (MB)
	1721984  -  ResidentSetSize of job (KB)
...
006 (14732943.000.000) 2021-09-25 02:59:01 Image size of job updated: 1684
	1684  -  MemoryUsage of job (MB)
	1724912  -  ResidentSetSize of job (KB)
...
006 (14732943.000.000) 2021-09-25 03:00:02 Image size of job updated: 1684
	1684  -  MemoryUsage of job (MB)
	1725148  -  ResidentSetSize of job (KB)
...
006 (14732943.000.000) 2021-09-25 03:01:02 Image size of job updated: 1684
	1684  -  MemoryUsage of job (MB)
	1725236  -  ResidentSetSize of job (KB)
...
006 (14732943.000.000) 2021-09-25 03:02:02 Image size of job updated: 1684
	1684  -  MemoryUsage of job (MB)
	1725260  -  ResidentSetSize of job (KB)
...
006 (14732943.000.000) 2021-09-25 03:03:02 Image size of job updated: 1684
	1684  -  MemoryUsage of job (MB)
	1725288  -  ResidentSetSize of job (KB)
...
006 (14732943.000.000) 2021-09-25 03:04:03 Image size of job updated: 1684
	1684  -  MemoryUsage of job (MB)
	1725332  -  ResidentSetSize of job (KB)
...
006 (14732943.000.000) 2021-09-25 03:05:03 Image size of job updated: 1684
	1684  -  MemoryUsage of job (MB)
	1725368  -  ResidentSetSize of job (KB)
...
006 (14732943.000.000) 2021-09-25 03:06:04 Image size of job updated: 1684
	1684  -  MemoryUsage of job (MB)
	1725424  -  ResidentSetSize of job (KB)
...
006 (14732943.000.000) 2021-09-25 03:07:05 Image size of job updated: 1685
	1685  -  MemoryUsage of job (MB)
	1725456  -  ResidentSetSize of job (KB)
...
006 (14732943.000.000) 2021-09-25 03:08:05 Image size of job updated: 1685
	1685  -  MemoryUsage of job (MB)
	1725564  -  ResidentSetSize of job (KB)
...
006 (14732943.000.000) 2021-09-25 03:09:06 Image size of job updated: 1687
	1687  -  MemoryUsage of job (MB)
	1727932  -  ResidentSetSize of job (KB)
...
006 (14732943.000.000) 2021-09-25 03:10:06 Image size of job updated: 1687
	1687  -  MemoryUsage of job (MB)
	1727936  -  ResidentSetSize of job (KB)
...
006 (14732943.000.000) 2021-09-25 03:11:07 Image size of job updated: 1687
	1687  -  MemoryUsage of job (MB)
	1727976  -  ResidentSetSize of job (KB)
...
006 (14732943.000.000) 2021-09-25 03:12:08 Image size of job updated: 1687
	1687  -  MemoryUsage of job (MB)
	1728016  -  ResidentSetSize of job (KB)
...
006 (14732943.000.000) 2021-09-25 03:13:08 Image size of job updated: 1687
	1687  -  MemoryUsage of job (MB)
	1728052  -  ResidentSetSize of job (KB)
...
006 (14732943.000.000) 2021-09-25 03:14:08 Image size of job updated: 1687
	1687  -  MemoryUsage of job (MB)
	1728072  -  ResidentSetSize of job (KB)
...
006 (14732943.000.000) 2021-09-25 03:15:08 Image size of job updated: 1687
	1687  -  MemoryUsage of job (MB)
	1728128  -  ResidentSetSize of job (KB)
...
006 (14732943.000.000) 2021-09-25 03:16:08 Image size of job updated: 1687
	1687  -  MemoryUsage of job (MB)
	1728140  -  ResidentSetSize of job (KB)
...
006 (14732943.000.000) 2021-09-25 03:17:08 Image size of job updated: 1687
	1687  -  MemoryUsage of job (MB)
	1728172  -  ResidentSetSize of job (KB)
...
006 (14732943.000.000) 2021-09-25 03:18:10 Image size of job updated: 1687
	1687  -  MemoryUsage of job (MB)
	1728216  -  ResidentSetSize of job (KB)
...
006 (14732943.000.000) 2021-09-25 03:19:10 Image size of job updated: 1690
	1690  -  MemoryUsage of job (MB)
	1730740  -  ResidentSetSize of job (KB)
...
006 (14732943.000.000) 2021-09-25 03:20:10 Image size of job updated: 1690
	1690  -  MemoryUsage of job (MB)
	1730788  -  ResidentSetSize of job (KB)
...
006 (14732943.000.000) 2021-09-25 03:21:11 Image size of job updated: 1690
	1690  -  MemoryUsage of job (MB)
	1730884  -  ResidentSetSize of job (KB)
...
006 (14732943.000.000) 2021-09-25 03:22:12 Image size of job updated: 1690
	1690  -  MemoryUsage of job (MB)
	1730980  -  ResidentSetSize of job (KB)
...
006 (14732943.000.000) 2021-09-25 03:23:13 Image size of job updated: 1690
	1690  -  MemoryUsage of job (MB)
	1731032  -  ResidentSetSize of job (KB)
...
006 (14732943.000.000) 2021-09-25 03:24:13 Image size of job updated: 1690
	1690  -  MemoryUsage of job (MB)
	1731092  -  ResidentSetSize of job (KB)
...
006 (14732943.000.000) 2021-09-25 03:25:13 Image size of job updated: 1690
	1690  -  MemoryUsage of job (MB)
	1731172  -  ResidentSetSize of job (KB)
...
006 (14732943.000.000) 2021-09-25 03:26:14 Image size of job updated: 1690
	1690  -  MemoryUsage of job (MB)
	1731200  -  ResidentSetSize of job (KB)
...
006 (14732943.000.000) 2021-09-25 03:27:15 Image size of job updated: 1690
	1690  -  MemoryUsage of job (MB)
	1731264  -  ResidentSetSize of job (KB)
...
006 (14732943.000.000) 2021-09-25 03:28:15 Image size of job updated: 1690
	1690  -  MemoryUsage of job (MB)
	1731324  -  ResidentSetSize of job (KB)
...
006 (14732943.000.000) 2021-09-25 03:29:15 Image size of job updated: 1693
	1693  -  MemoryUsage of job (MB)
	1733844  -  ResidentSetSize of job (KB)
...
006 (14732943.000.000) 2021-09-25 03:30:15 Image size of job updated: 1693
	1693  -  MemoryUsage of job (MB)
	1734044  -  ResidentSetSize of job (KB)
...
006 (14732943.000.000) 2021-09-25 03:31:15 Image size of job updated: 1693
	1693  -  MemoryUsage of job (MB)
	1734084  -  ResidentSetSize of job (KB)
...
006 (14732943.000.000) 2021-09-25 03:32:15 Image size of job updated: 1693
	1693  -  MemoryUsage of job (MB)
	1734132  -  ResidentSetSize of job (KB)
...
006 (14732943.000.000) 2021-09-25 03:33:16 Image size of job updated: 1693
	1693  -  MemoryUsage of job (MB)
	1734204  -  ResidentSetSize of job (KB)
...
006 (14732943.000.000) 2021-09-25 03:34:17 Image size of job updated: 1693
	1693  -  MemoryUsage of job (MB)
	1734244  -  ResidentSetSize of job (KB)
...
006 (14732943.000.000) 2021-09-25 03:35:18 Image size of job updated: 1693
	1693  -  MemoryUsage of job (MB)
	1734284  -  ResidentSetSize of job (KB)
...
006 (14732943.000.000) 2021-09-25 03:36:18 Image size of job updated: 1693
	1693  -  MemoryUsage of job (MB)
	1734320  -  ResidentSetSize of job (KB)
...
006 (14732943.000.000) 2021-09-25 03:37:18 Image size of job updated: 1693
	1693  -  MemoryUsage of job (MB)
	1734380  -  ResidentSetSize of job (KB)
...
006 (14732943.000.000) 2021-09-25 03:38:19 Image size of job updated: 1693
	1693  -  MemoryUsage of job (MB)
	1734440  -  ResidentSetSize of job (KB)
...
006 (14732943.000.000) 2021-09-25 03:39:19 Image size of job updated: 1695
	1695  -  MemoryUsage of job (MB)
	1736372  -  ResidentSetSize of job (KB)
...
006 (14732943.000.000) 2021-09-25 03:40:20 Image size of job updated: 1695
	1695  -  MemoryUsage of job (MB)
	1736404  -  ResidentSetSize of job (KB)
...
006 (14732943.000.000) 2021-09-25 03:41:21 Image size of job updated: 1695
	1695  -  MemoryUsage of job (MB)
	1736440  -  ResidentSetSize of job (KB)
...
006 (14732943.000.000) 2021-09-25 03:42:22 Image size of job updated: 1695
	1695  -  MemoryUsage of job (MB)
	1736492  -  ResidentSetSize of job (KB)
...
006 (14732943.000.000) 2021-09-25 03:43:22 Image size of job updated: 1695
	1695  -  MemoryUsage of job (MB)
	1736512  -  ResidentSetSize of job (KB)
...
006 (14732943.000.000) 2021-09-25 03:44:23 Image size of job updated: 1695
	1695  -  MemoryUsage of job (MB)
	1736548  -  ResidentSetSize of job (KB)
...
006 (14732943.000.000) 2021-09-25 03:45:23 Image size of job updated: 1695
	1695  -  MemoryUsage of job (MB)
	1736584  -  ResidentSetSize of job (KB)
...
006 (14732943.000.000) 2021-09-25 03:46:24 Image size of job updated: 1695
	1695  -  MemoryUsage of job (MB)
	1736600  -  ResidentSetSize of job (KB)
...
006 (14732943.000.000) 2021-09-25 03:47:24 Image size of job updated: 1695
	1695  -  MemoryUsage of job (MB)
	1736628  -  ResidentSetSize of job (KB)
...
006 (14732943.000.000) 2021-09-25 03:48:25 Image size of job updated: 1695
	1695  -  MemoryUsage of job (MB)
	1736644  -  ResidentSetSize of job (KB)
...
006 (14732943.000.000) 2021-09-25 03:49:25 Image size of job updated: 1695
	1695  -  MemoryUsage of job (MB)
	1736676  -  ResidentSetSize of job (KB)
...
006 (14732943.000.000) 2021-09-25 03:50:26 Image size of job updated: 1695
	1695  -  MemoryUsage of job (MB)
	1736700  -  ResidentSetSize of job (KB)
...
006 (14732943.000.000) 2021-09-25 03:51:26 Image size of job updated: 1696
	1696  -  MemoryUsage of job (MB)
	1736732  -  ResidentSetSize of job (KB)
...
006 (14732943.000.000) 2021-09-25 03:52:26 Image size of job updated: 1697
	1697  -  MemoryUsage of job (MB)
	1738256  -  ResidentSetSize of job (KB)
...
006 (14732943.000.000) 2021-09-25 03:53:26 Image size of job updated: 1697
	1697  -  MemoryUsage of job (MB)
	1738424  -  ResidentSetSize of job (KB)
...
006 (14732943.000.000) 2021-09-25 03:54:27 Image size of job updated: 1697
	1697  -  MemoryUsage of job (MB)
	1738436  -  ResidentSetSize of job (KB)
...
006 (14732943.000.000) 2021-09-25 03:55:28 Image size of job updated: 1697
	1697  -  MemoryUsage of job (MB)
	1738488  -  ResidentSetSize of job (KB)
...
006 (14732943.000.000) 2021-09-25 03:56:30 Image size of job updated: 1697
	1697  -  MemoryUsage of job (MB)
	1738512  -  ResidentSetSize of job (KB)
...
006 (14732943.000.000) 2021-09-25 03:57:30 Image size of job updated: 1697
	1697  -  MemoryUsage of job (MB)
	1738532  -  ResidentSetSize of job (KB)
...
006 (14732943.000.000) 2021-09-25 03:58:31 Image size of job updated: 1697
	1697  -  MemoryUsage of job (MB)
	1738572  -  ResidentSetSize of job (KB)
...
006 (14732943.000.000) 2021-09-25 03:59:32 Image size of job updated: 1697
	1697  -  MemoryUsage of job (MB)
	1738596  -  ResidentSetSize of job (KB)
...
006 (14732943.000.000) 2021-09-25 04:00:32 Image size of job updated: 1697
	1697  -  MemoryUsage of job (MB)
	1738624  -  ResidentSetSize of job (KB)
...
006 (14732943.000.000) 2021-09-25 04:01:33 Image size of job updated: 1697
	1697  -  MemoryUsage of job (MB)
	1738660  -  ResidentSetSize of job (KB)
...
006 (14732943.000.000) 2021-09-25 04:02:33 Image size of job updated: 1697
	1697  -  MemoryUsage of job (MB)
	1738684  -  ResidentSetSize of job (KB)
...
006 (14732943.000.000) 2021-09-25 04:03:34 Image size of job updated: 1697
	1697  -  MemoryUsage of job (MB)
	1738720  -  ResidentSetSize of job (KB)
...
006 (14732943.000.000) 2021-09-25 04:04:35 Image size of job updated: 1699
	1699  -  MemoryUsage of job (MB)
	1740000  -  ResidentSetSize of job (KB)
...
006 (14732943.000.000) 2021-09-25 04:05:36 Image size of job updated: 1699
	1699  -  MemoryUsage of job (MB)
	1740008  -  ResidentSetSize of job (KB)
...
006 (14732943.000.000) 2021-09-25 04:07:38 Image size of job updated: 1699
	1699  -  MemoryUsage of job (MB)
	1740040  -  ResidentSetSize of job (KB)
...
006 (14732943.000.000) 2021-09-25 04:08:39 Image size of job updated: 1699
	1699  -  MemoryUsage of job (MB)
	1740060  -  ResidentSetSize of job (KB)
...
006 (14732943.000.000) 2021-09-25 04:09:40 Image size of job updated: 1699
	1699  -  MemoryUsage of job (MB)
	1740076  -  ResidentSetSize of job (KB)
...
006 (14732943.000.000) 2021-09-25 04:10:40 Image size of job updated: 1699
	1699  -  MemoryUsage of job (MB)
	1740104  -  ResidentSetSize of job (KB)
...
006 (14732943.000.000) 2021-09-25 04:11:40 Image size of job updated: 1699
	1699  -  MemoryUsage of job (MB)
	1740128  -  ResidentSetSize of job (KB)
...
006 (14732943.000.000) 2021-09-25 04:12:41 Image size of job updated: 1699
	1699  -  MemoryUsage of job (MB)
	1740148  -  ResidentSetSize of job (KB)
...
006 (14732943.000.000) 2021-09-25 04:13:41 Image size of job updated: 1699
	1699  -  MemoryUsage of job (MB)
	1740192  -  ResidentSetSize of job (KB)
...
006 (14732943.000.000) 2021-09-25 04:14:42 Image size of job updated: 1699
	1699  -  MemoryUsage of job (MB)
	1740220  -  ResidentSetSize of job (KB)
...
006 (14732943.000.000) 2021-09-25 04:15:42 Image size of job updated: 1699
	1699  -  MemoryUsage of job (MB)
	1740292  -  ResidentSetSize of job (KB)
...
006 (14732943.000.000) 2021-09-25 04:16:42 Image size of job updated: 1700
	1700  -  MemoryUsage of job (MB)
	1741400  -  ResidentSetSize of job (KB)
...
006 (14732943.000.000) 2021-09-25 04:17:43 Image size of job updated: 1700
	1700  -  MemoryUsage of job (MB)
	1741436  -  ResidentSetSize of job (KB)
...
006 (14732943.000.000) 2021-09-25 04:18:44 Image size of job updated: 1700
	1700  -  MemoryUsage of job (MB)
	1741440  -  ResidentSetSize of job (KB)
...
006 (14732943.000.000) 2021-09-25 04:19:45 Image size of job updated: 1700
	1700  -  MemoryUsage of job (MB)
	1741464  -  ResidentSetSize of job (KB)
...
006 (14732943.000.000) 2021-09-25 04:20:45 Image size of job updated: 1700
	1700  -  MemoryUsage of job (MB)
	1741472  -  ResidentSetSize of job (KB)
...
006 (14732943.000.000) 2021-09-25 04:21:45 Image size of job updated: 1700
	1700  -  MemoryUsage of job (MB)
	1741476  -  ResidentSetSize of job (KB)
...
006 (14732943.000.000) 2021-09-25 04:22:46 Image size of job updated: 1700
	1700  -  MemoryUsage of job (MB)
	1741496  -  ResidentSetSize of job (KB)
...
006 (14732943.000.000) 2021-09-25 04:24:48 Image size of job updated: 1700
	1700  -  MemoryUsage of job (MB)
	1741500  -  ResidentSetSize of job (KB)
...
006 (14732943.000.000) 2021-09-25 04:25:48 Image size of job updated: 1700
	1700  -  MemoryUsage of job (MB)
	1741512  -  ResidentSetSize of job (KB)
...
006 (14732943.000.000) 2021-09-25 04:26:49 Image size of job updated: 1700
	1700  -  MemoryUsage of job (MB)
	1741564  -  ResidentSetSize of job (KB)
...
006 (14732943.000.000) 2021-09-25 04:27:50 Image size of job updated: 1702
	1702  -  MemoryUsage of job (MB)
	1742924  -  ResidentSetSize of job (KB)
...
006 (14732943.000.000) 2021-09-25 04:28:51 Image size of job updated: 1702
	1702  -  MemoryUsage of job (MB)
	1742932  -  ResidentSetSize of job (KB)
...
006 (14732943.000.000) 2021-09-25 04:29:52 Image size of job updated: 1702
	1702  -  MemoryUsage of job (MB)
	1743104  -  ResidentSetSize of job (KB)
...
006 (14732943.000.000) 2021-09-25 04:30:52 Image size of job updated: 1702
	1702  -  MemoryUsage of job (MB)
	1743112  -  ResidentSetSize of job (KB)
...
006 (14732943.000.000) 2021-09-25 04:35:54 Image size of job updated: 1702
	1702  -  MemoryUsage of job (MB)
	1743116  -  ResidentSetSize of job (KB)
...
006 (14732943.000.000) 2021-09-25 04:37:54 Image size of job updated: 1702
	1702  -  MemoryUsage of job (MB)
	1743124  -  ResidentSetSize of job (KB)
...
006 (14732943.000.000) 2021-09-25 04:38:54 Image size of job updated: 1702
	1702  -  MemoryUsage of job (MB)
	1743128  -  ResidentSetSize of job (KB)
...
006 (14732943.000.000) 2021-09-25 04:39:56 Image size of job updated: 1703
	1703  -  MemoryUsage of job (MB)
	1744168  -  ResidentSetSize of job (KB)
...
006 (14732943.000.000) 2021-09-25 04:40:56 Image size of job updated: 1703
	1703  -  MemoryUsage of job (MB)
	1744184  -  ResidentSetSize of job (KB)
...
006 (14732943.000.000) 2021-09-25 04:41:56 Image size of job updated: 1703
	1703  -  MemoryUsage of job (MB)
	1744188  -  ResidentSetSize of job (KB)
...
006 (14732943.000.000) 2021-09-25 04:42:57 Image size of job updated: 1703
	1703  -  MemoryUsage of job (MB)
	1744192  -  ResidentSetSize of job (KB)
...
006 (14732943.000.000) 2021-09-25 04:43:59 Image size of job updated: 1703
	1703  -  MemoryUsage of job (MB)
	1744208  -  ResidentSetSize of job (KB)
...
006 (14732943.000.000) 2021-09-25 04:44:59 Image size of job updated: 1703
	1703  -  MemoryUsage of job (MB)
	1744236  -  ResidentSetSize of job (KB)
...
006 (14732943.000.000) 2021-09-25 04:46:00 Image size of job updated: 1703
	1703  -  MemoryUsage of job (MB)
	1744244  -  ResidentSetSize of job (KB)
...
006 (14732943.000.000) 2021-09-25 04:47:01 Image size of job updated: 1703
	1703  -  MemoryUsage of job (MB)
	1744252  -  ResidentSetSize of job (KB)
...
006 (14732943.000.000) 2021-09-25 04:48:02 Image size of job updated: 1703
	1703  -  MemoryUsage of job (MB)
	1744280  -  ResidentSetSize of job (KB)
...
006 (14732943.000.000) 2021-09-25 04:49:02 Image size of job updated: 1703
	1703  -  MemoryUsage of job (MB)
	1744288  -  ResidentSetSize of job (KB)
...
006 (14732943.000.000) 2021-09-25 04:50:02 Image size of job updated: 1703
	1703  -  MemoryUsage of job (MB)
	1744300  -  ResidentSetSize of job (KB)
...
006 (14732943.000.000) 2021-09-25 04:51:03 Image size of job updated: 1703
	1703  -  MemoryUsage of job (MB)
	1744308  -  ResidentSetSize of job (KB)
...
006 (14732943.000.000) 2021-09-25 04:52:04 Image size of job updated: 1704
	1704  -  MemoryUsage of job (MB)
	1745016  -  ResidentSetSize of job (KB)
...
006 (14732943.000.000) 2021-09-25 04:53:05 Image size of job updated: 1704
	1704  -  MemoryUsage of job (MB)
	1745192  -  ResidentSetSize of job (KB)
...
006 (14732943.000.000) 2021-09-25 04:54:05 Image size of job updated: 1704
	1704  -  MemoryUsage of job (MB)
	1745204  -  ResidentSetSize of job (KB)
...
006 (14732943.000.000) 2021-09-25 04:55:05 Image size of job updated: 1704
	1704  -  MemoryUsage of job (MB)
	1745208  -  ResidentSetSize of job (KB)
...
006 (14732943.000.000) 2021-09-25 04:56:05 Image size of job updated: 1704
	1704  -  MemoryUsage of job (MB)
	1745220  -  ResidentSetSize of job (KB)
...
006 (14732943.000.000) 2021-09-25 04:57:05 Image size of job updated: 1704
	1704  -  MemoryUsage of job (MB)
	1745224  -  ResidentSetSize of job (KB)
...
006 (14732943.000.000) 2021-09-25 04:58:05 Image size of job updated: 1704
	1704  -  MemoryUsage of job (MB)
	1745236  -  ResidentSetSize of job (KB)
...
006 (14732943.000.000) 2021-09-25 04:59:05 Image size of job updated: 1704
	1704  -  MemoryUsage of job (MB)
	1745240  -  ResidentSetSize of job (KB)
...
006 (14732943.000.000) 2021-09-25 05:00:06 Image size of job updated: 1704
	1704  -  MemoryUsage of job (MB)
	1745244  -  ResidentSetSize of job (KB)
...
006 (14732943.000.000) 2021-09-25 05:01:06 Image size of job updated: 1704
	1704  -  MemoryUsage of job (MB)
	1745252  -  ResidentSetSize of job (KB)
...
006 (14732943.000.000) 2021-09-25 05:02:06 Image size of job updated: 1704
	1704  -  MemoryUsage of job (MB)
	1745312  -  ResidentSetSize of job (KB)
...
006 (14732943.000.000) 2021-09-25 05:03:07 Image size of job updated: 1705
	1705  -  MemoryUsage of job (MB)
	1746400  -  ResidentSetSize of job (KB)
...
006 (14732943.000.000) 2021-09-25 05:04:07 Image size of job updated: 1705
	1705  -  MemoryUsage of job (MB)
	1746404  -  ResidentSetSize of job (KB)
...
006 (14732943.000.000) 2021-09-25 05:05:08 Image size of job updated: 1705
	1705  -  MemoryUsage of job (MB)
	1746408  -  ResidentSetSize of job (KB)
...
006 (14732943.000.000) 2021-09-25 05:06:09 Image size of job updated: 1705
	1705  -  MemoryUsage of job (MB)
	1746416  -  ResidentSetSize of job (KB)
...
006 (14732943.000.000) 2021-09-25 05:07:11 Image size of job updated: 1705
	1705  -  MemoryUsage of job (MB)
	1746424  -  ResidentSetSize of job (KB)
...
006 (14732943.000.000) 2021-09-25 05:08:11 Image size of job updated: 1705
	1705  -  MemoryUsage of job (MB)
	1746428  -  ResidentSetSize of job (KB)
...
006 (14732943.000.000) 2021-09-25 05:09:11 Image size of job updated: 1705
	1705  -  MemoryUsage of job (MB)
	1746440  -  ResidentSetSize of job (KB)
...
006 (14732943.000.000) 2021-09-25 05:10:11 Image size of job updated: 1705
	1705  -  MemoryUsage of job (MB)
	1746444  -  ResidentSetSize of job (KB)
...
006 (14732943.000.000) 2021-09-25 05:11:11 Image size of job updated: 1705
	1705  -  MemoryUsage of job (MB)
	1746456  -  ResidentSetSize of job (KB)
...
006 (14732943.000.000) 2021-09-25 05:13:13 Image size of job updated: 1705
	1705  -  MemoryUsage of job (MB)
	1746484  -  ResidentSetSize of job (KB)
...
006 (14732943.000.000) 2021-09-25 05:14:13 Image size of job updated: 1705
	1705  -  MemoryUsage of job (MB)
	1746520  -  ResidentSetSize of job (KB)
...
006 (14732943.000.000) 2021-09-25 05:15:14 Image size of job updated: 1706
	1706  -  MemoryUsage of job (MB)
	1747216  -  ResidentSetSize of job (KB)
...
006 (14732943.000.000) 2021-09-25 05:16:15 Image size of job updated: 1706
	1706  -  MemoryUsage of job (MB)
	1747236  -  ResidentSetSize of job (KB)
...
006 (14732943.000.000) 2021-09-25 05:17:16 Image size of job updated: 1706
	1706  -  MemoryUsage of job (MB)
	1747248  -  ResidentSetSize of job (KB)
...
006 (14732943.000.000) 2021-09-25 05:18:17 Image size of job updated: 1706
	1706  -  MemoryUsage of job (MB)
	1747268  -  ResidentSetSize of job (KB)
...
006 (14732943.000.000) 2021-09-25 05:19:19 Image size of job updated: 1706
	1706  -  MemoryUsage of job (MB)
	1747280  -  ResidentSetSize of job (KB)
...
006 (14732943.000.000) 2021-09-25 05:20:19 Image size of job updated: 1706
	1706  -  MemoryUsage of job (MB)
	1747284  -  ResidentSetSize of job (KB)
...
006 (14732943.000.000) 2021-09-25 05:21:19 Image size of job updated: 1706
	1706  -  MemoryUsage of job (MB)
	1747296  -  ResidentSetSize of job (KB)
...
006 (14732943.000.000) 2021-09-25 05:22:19 Image size of job updated: 1706
	1706  -  MemoryUsage of job (MB)
	1747308  -  ResidentSetSize of job (KB)
...
006 (14732943.000.000) 2021-09-25 05:23:20 Image size of job updated: 1706
	1706  -  MemoryUsage of job (MB)
	1747312  -  ResidentSetSize of job (KB)
...
006 (14732943.000.000) 2021-09-25 05:24:21 Image size of job updated: 1706
	1706  -  MemoryUsage of job (MB)
	1747320  -  ResidentSetSize of job (KB)
...
006 (14732943.000.000) 2021-09-25 05:25:22 Image size of job updated: 1706
	1706  -  MemoryUsage of job (MB)
	1747336  -  ResidentSetSize of job (KB)
...
006 (14732943.000.000) 2021-09-25 05:26:23 Image size of job updated: 1707
	1707  -  MemoryUsage of job (MB)
	1748148  -  ResidentSetSize of job (KB)
...
006 (14732943.000.000) 2021-09-25 05:27:25 Image size of job updated: 1707
	1707  -  MemoryUsage of job (MB)
	1748320  -  ResidentSetSize of job (KB)
...
006 (14732943.000.000) 2021-09-25 05:29:25 Image size of job updated: 1707
	1707  -  MemoryUsage of job (MB)
	1748356  -  ResidentSetSize of job (KB)
...
006 (14732943.000.000) 2021-09-25 05:30:26 Image size of job updated: 1707
	1707  -  MemoryUsage of job (MB)
	1748360  -  ResidentSetSize of job (KB)
...
006 (14732943.000.000) 2021-09-25 05:33:27 Image size of job updated: 1707
	1707  -  MemoryUsage of job (MB)
	1748364  -  ResidentSetSize of job (KB)
...
006 (14732943.000.000) 2021-09-25 05:36:29 Image size of job updated: 1707
	1707  -  MemoryUsage of job (MB)
	1748380  -  ResidentSetSize of job (KB)
...
006 (14732943.000.000) 2021-09-25 05:37:30 Image size of job updated: 1708
	1708  -  MemoryUsage of job (MB)
	1749000  -  ResidentSetSize of job (KB)
...
006 (14732943.000.000) 2021-09-25 05:38:31 Image size of job updated: 1708
	1708  -  MemoryUsage of job (MB)
	1749004  -  ResidentSetSize of job (KB)
...
006 (14732943.000.000) 2021-09-25 05:43:36 Image size of job updated: 1708
	1708  -  MemoryUsage of job (MB)
	1749008  -  ResidentSetSize of job (KB)
...
006 (14732943.000.000) 2021-09-25 05:44:36 Image size of job updated: 1708
	1708  -  MemoryUsage of job (MB)
	1749016  -  ResidentSetSize of job (KB)
...
006 (14732943.000.000) 2021-09-25 05:45:36 Image size of job updated: 1708
	1708  -  MemoryUsage of job (MB)
	1749020  -  ResidentSetSize of job (KB)
...
006 (14732943.000.000) 2021-09-25 05:46:36 Image size of job updated: 1708
	1708  -  MemoryUsage of job (MB)
	1749024  -  ResidentSetSize of job (KB)
...
006 (14732943.000.000) 2021-09-25 05:47:36 Image size of job updated: 1708
	1708  -  MemoryUsage of job (MB)
	1749032  -  ResidentSetSize of job (KB)
...
006 (14732943.000.000) 2021-09-25 05:48:38 Image size of job updated: 1708
	1708  -  MemoryUsage of job (MB)
	1749680  -  ResidentSetSize of job (KB)
...
006 (14732943.000.000) 2021-09-25 05:49:38 Image size of job updated: 1708
	1708  -  MemoryUsage of job (MB)
	1749692  -  ResidentSetSize of job (KB)
...
006 (14732943.000.000) 2021-09-25 05:50:39 Image size of job updated: 1708
	1708  -  MemoryUsage of job (MB)
	1749868  -  ResidentSetSize of job (KB)
...
006 (14732943.000.000) 2021-09-25 05:51:40 Image size of job updated: 1708
	1708  -  MemoryUsage of job (MB)
	1749872  -  ResidentSetSize of job (KB)
...
006 (14732943.000.000) 2021-09-25 05:52:41 Image size of job updated: 1708
	1708  -  MemoryUsage of job (MB)
	1749880  -  ResidentSetSize of job (KB)
...
006 (14732943.000.000) 2021-09-25 05:53:41 Image size of job updated: 1708
	1708  -  MemoryUsage of job (MB)
	1749888  -  ResidentSetSize of job (KB)
...
006 (14732943.000.000) 2021-09-25 05:54:42 Image size of job updated: 1708
	1708  -  MemoryUsage of job (MB)
	1749892  -  ResidentSetSize of job (KB)
...
006 (14732943.000.000) 2021-09-25 05:55:42 Image size of job updated: 1708
	1708  -  MemoryUsage of job (MB)
	1749920  -  ResidentSetSize of job (KB)
...
006 (14732943.000.000) 2021-09-25 05:57:44 Image size of job updated: 1708
	1708  -  MemoryUsage of job (MB)
	1749932  -  ResidentSetSize of job (KB)
...
006 (14732943.000.000) 2021-09-25 05:58:45 Image size of job updated: 1708
	1708  -  MemoryUsage of job (MB)
	1749980  -  ResidentSetSize of job (KB)
...
006 (14732943.000.000) 2021-09-25 05:59:46 Image size of job updated: 1708
	1708  -  MemoryUsage of job (MB)
	1749992  -  ResidentSetSize of job (KB)
...
006 (14732943.000.000) 2021-09-25 06:00:46 Image size of job updated: 1709
	1709  -  MemoryUsage of job (MB)
	1750644  -  ResidentSetSize of job (KB)
...
006 (14732943.000.000) 2021-09-25 06:01:47 Image size of job updated: 1709
	1709  -  MemoryUsage of job (MB)
	1750656  -  ResidentSetSize of job (KB)
...
006 (14732943.000.000) 2021-09-25 06:02:47 Image size of job updated: 1709
	1709  -  MemoryUsage of job (MB)
	1750664  -  ResidentSetSize of job (KB)
...
006 (14732943.000.000) 2021-09-25 06:03:47 Image size of job updated: 1709
	1709  -  MemoryUsage of job (MB)
	1750668  -  ResidentSetSize of job (KB)
...
006 (14732943.000.000) 2021-09-25 06:05:48 Image size of job updated: 1709
	1709  -  MemoryUsage of job (MB)
	1750672  -  ResidentSetSize of job (KB)
...
006 (14732943.000.000) 2021-09-25 06:07:49 Image size of job updated: 1709
	1709  -  MemoryUsage of job (MB)
	1750680  -  ResidentSetSize of job (KB)
...
006 (14732943.000.000) 2021-09-25 06:08:49 Image size of job updated: 1709
	1709  -  MemoryUsage of job (MB)
	1750684  -  ResidentSetSize of job (KB)
...
006 (14732943.000.000) 2021-09-25 06:09:49 Image size of job updated: 1709
	1709  -  MemoryUsage of job (MB)
	1750688  -  ResidentSetSize of job (KB)
...
006 (14732943.000.000) 2021-09-25 06:10:49 Image size of job updated: 1709
	1709  -  MemoryUsage of job (MB)
	1750724  -  ResidentSetSize of job (KB)
...
006 (14732943.000.000) 2021-09-25 06:11:49 Image size of job updated: 1709
	1709  -  MemoryUsage of job (MB)
	1751032  -  ResidentSetSize of job (KB)
...
006 (14732943.000.000) 2021-09-25 06:12:49 Image size of job updated: 1710
	1710  -  MemoryUsage of job (MB)
	1751048  -  ResidentSetSize of job (KB)
...
006 (14732943.000.000) 2021-09-25 06:14:50 Image size of job updated: 1710
	1710  -  MemoryUsage of job (MB)
	1751052  -  ResidentSetSize of job (KB)
...
006 (14732943.000.000) 2021-09-25 06:21:53 Image size of job updated: 1710
	1710  -  MemoryUsage of job (MB)
	1751056  -  ResidentSetSize of job (KB)
...
006 (14732943.000.000) 2021-09-25 06:22:55 Image size of job updated: 1710
	1710  -  MemoryUsage of job (MB)
	1751572  -  ResidentSetSize of job (KB)
...
006 (14732943.000.000) 2021-09-25 06:23:55 Image size of job updated: 1710
	1710  -  MemoryUsage of job (MB)
	1751576  -  ResidentSetSize of job (KB)
...
006 (14732943.000.000) 2021-09-25 06:24:56 Image size of job updated: 1710
	1710  -  MemoryUsage of job (MB)
	1751740  -  ResidentSetSize of job (KB)
...
006 (14732943.000.000) 2021-09-25 06:25:57 Image size of job updated: 1710
	1710  -  MemoryUsage of job (MB)
	1751768  -  ResidentSetSize of job (KB)
...
006 (14732943.000.000) 2021-09-25 06:26:58 Image size of job updated: 1710
	1710  -  MemoryUsage of job (MB)
	1751784  -  ResidentSetSize of job (KB)
...
006 (14732943.000.000) 2021-09-25 06:27:58 Image size of job updated: 1710
	1710  -  MemoryUsage of job (MB)
	1751796  -  ResidentSetSize of job (KB)
...
006 (14732943.000.000) 2021-09-25 06:28:58 Image size of job updated: 1710
	1710  -  MemoryUsage of job (MB)
	1751800  -  ResidentSetSize of job (KB)
...
006 (14732943.000.000) 2021-09-25 06:29:58 Image size of job updated: 1710
	1710  -  MemoryUsage of job (MB)
	1751804  -  ResidentSetSize of job (KB)
...
006 (14732943.000.000) 2021-09-25 06:30:59 Image size of job updated: 1710
	1710  -  MemoryUsage of job (MB)
	1751808  -  ResidentSetSize of job (KB)
...
006 (14732943.000.000) 2021-09-25 06:32:00 Image size of job updated: 1710
	1710  -  MemoryUsage of job (MB)
	1751812  -  ResidentSetSize of job (KB)
...
006 (14732943.000.000) 2021-09-25 06:34:00 Image size of job updated: 1711
	1711  -  MemoryUsage of job (MB)
	1752296  -  ResidentSetSize of job (KB)
...
006 (14732943.000.000) 2021-09-25 06:35:01 Image size of job updated: 1711
	1711  -  MemoryUsage of job (MB)
	1752300  -  ResidentSetSize of job (KB)
...
006 (14732943.000.000) 2021-09-25 06:44:08 Image size of job updated: 1711
	1711  -  MemoryUsage of job (MB)
	1752660  -  ResidentSetSize of job (KB)
...
006 (14732943.000.000) 2021-09-25 06:45:09 Image size of job updated: 1711
	1711  -  MemoryUsage of job (MB)
	1752836  -  ResidentSetSize of job (KB)
...
006 (14732943.000.000) 2021-09-25 06:46:09 Image size of job updated: 1711
	1711  -  MemoryUsage of job (MB)
	1752840  -  ResidentSetSize of job (KB)
...
006 (14732943.000.000) 2021-09-25 06:48:11 Image size of job updated: 1711
	1711  -  MemoryUsage of job (MB)
	1752844  -  ResidentSetSize of job (KB)
...
006 (14732943.000.000) 2021-09-25 06:49:12 Image size of job updated: 1711
	1711  -  MemoryUsage of job (MB)
	1752848  -  ResidentSetSize of job (KB)
...
006 (14732943.000.000) 2021-09-25 06:51:13 Image size of job updated: 1711
	1711  -  MemoryUsage of job (MB)
	1752852  -  ResidentSetSize of job (KB)
...
006 (14732943.000.000) 2021-09-25 06:53:14 Image size of job updated: 1711
	1711  -  MemoryUsage of job (MB)
	1752892  -  ResidentSetSize of job (KB)
...
006 (14732943.000.000) 2021-09-25 06:54:14 Image size of job updated: 1712
	1712  -  MemoryUsage of job (MB)
	1753436  -  ResidentSetSize of job (KB)
...
006 (14732943.000.000) 2021-09-25 06:55:14 Image size of job updated: 1712
	1712  -  MemoryUsage of job (MB)
	1753440  -  ResidentSetSize of job (KB)
...
006 (14732943.000.000) 2021-09-25 06:56:15 Image size of job updated: 1712
	1712  -  MemoryUsage of job (MB)
	1753464  -  ResidentSetSize of job (KB)
...
006 (14732943.000.000) 2021-09-25 07:04:17 Image size of job updated: 1712
	1712  -  MemoryUsage of job (MB)
	1753828  -  ResidentSetSize of job (KB)
...
006 (14732943.000.000) 2021-09-25 07:05:18 Image size of job updated: 1712
	1712  -  MemoryUsage of job (MB)
	1753856  -  ResidentSetSize of job (KB)
...
006 (14732943.000.000) 2021-09-25 07:06:20 Image size of job updated: 1712
	1712  -  MemoryUsage of job (MB)
	1753860  -  ResidentSetSize of job (KB)
...
006 (14732943.000.000) 2021-09-25 07:07:21 Image size of job updated: 1712
	1712  -  MemoryUsage of job (MB)
	1753868  -  ResidentSetSize of job (KB)
...
006 (14732943.000.000) 2021-09-25 07:15:26 Image size of job updated: 1712
	1712  -  MemoryUsage of job (MB)
	1754076  -  ResidentSetSize of job (KB)
...
006 (14732943.000.000) 2021-09-25 07:16:27 Image size of job updated: 1713
	1713  -  MemoryUsage of job (MB)
	1754240  -  ResidentSetSize of job (KB)
...
006 (14732943.000.000) 2021-09-25 07:17:28 Image size of job updated: 1713
	1713  -  MemoryUsage of job (MB)
	1754248  -  ResidentSetSize of job (KB)
...
006 (14732943.000.000) 2021-09-25 07:23:28 Image size of job updated: 1713
	1713  -  MemoryUsage of job (MB)
	1754252  -  ResidentSetSize of job (KB)
...
006 (14732943.000.000) 2021-09-25 07:25:29 Image size of job updated: 1713
	1713  -  MemoryUsage of job (MB)
	1754700  -  ResidentSetSize of job (KB)
...
006 (14732943.000.000) 2021-09-25 07:26:29 Image size of job updated: 1713
	1713  -  MemoryUsage of job (MB)
	1754704  -  ResidentSetSize of job (KB)
...
006 (14732943.000.000) 2021-09-25 07:35:34 Image size of job updated: 1713
	1713  -  MemoryUsage of job (MB)
	1755060  -  ResidentSetSize of job (KB)
...
006 (14732943.000.000) 2021-09-25 07:36:35 Image size of job updated: 1714
	1714  -  MemoryUsage of job (MB)
	1755228  -  ResidentSetSize of job (KB)
...
006 (14732943.000.000) 2021-09-25 07:37:37 Image size of job updated: 1714
	1714  -  MemoryUsage of job (MB)
	1755240  -  ResidentSetSize of job (KB)
...
006 (14732943.000.000) 2021-09-25 07:38:37 Image size of job updated: 1714
	1714  -  MemoryUsage of job (MB)
	1755244  -  ResidentSetSize of job (KB)
...
006 (14732943.000.000) 2021-09-25 07:39:38 Image size of job updated: 1714
	1714  -  MemoryUsage of job (MB)
	1755248  -  ResidentSetSize of job (KB)
...
006 (14732943.000.000) 2021-09-25 07:41:40 Image size of job updated: 1714
	1714  -  MemoryUsage of job (MB)
	1755260  -  ResidentSetSize of job (KB)
...
006 (14732943.000.000) 2021-09-25 07:43:41 Image size of job updated: 1714
	1714  -  MemoryUsage of job (MB)
	1755268  -  ResidentSetSize of job (KB)
...
006 (14732943.000.000) 2021-09-25 07:44:42 Image size of job updated: 1714
	1714  -  MemoryUsage of job (MB)
	1755280  -  ResidentSetSize of job (KB)
...
006 (14732943.000.000) 2021-09-25 07:45:42 Image size of job updated: 1714
	1714  -  MemoryUsage of job (MB)
	1755800  -  ResidentSetSize of job (KB)
...
006 (14732943.000.000) 2021-09-25 07:56:50 Image size of job updated: 1714
	1714  -  MemoryUsage of job (MB)
	1755908  -  ResidentSetSize of job (KB)
...
006 (14732943.000.000) 2021-09-25 07:57:50 Image size of job updated: 1714
	1714  -  MemoryUsage of job (MB)
	1755912  -  ResidentSetSize of job (KB)
...
006 (14732943.000.000) 2021-09-25 07:59:51 Image size of job updated: 1714
	1714  -  MemoryUsage of job (MB)
	1755916  -  ResidentSetSize of job (KB)
...
006 (14732943.000.000) 2021-09-25 08:06:54 Image size of job updated: 1715
	1715  -  MemoryUsage of job (MB)
	1756252  -  ResidentSetSize of job (KB)
...
006 (14732943.000.000) 2021-09-25 08:07:55 Image size of job updated: 1715
	1715  -  MemoryUsage of job (MB)
	1756412  -  ResidentSetSize of job (KB)
...
006 (14732943.000.000) 2021-09-25 08:08:56 Image size of job updated: 1715
	1715  -  MemoryUsage of job (MB)
	1756416  -  ResidentSetSize of job (KB)
...
006 (14732943.000.000) 2021-09-25 08:10:57 Image size of job updated: 1715
	1715  -  MemoryUsage of job (MB)
	1756436  -  ResidentSetSize of job (KB)
...
006 (14732943.000.000) 2021-09-25 08:12:58 Image size of job updated: 1715
	1715  -  MemoryUsage of job (MB)
	1756440  -  ResidentSetSize of job (KB)
...
006 (14732943.000.000) 2021-09-25 08:13:58 Image size of job updated: 1715
	1715  -  MemoryUsage of job (MB)
	1756444  -  ResidentSetSize of job (KB)
...
006 (14732943.000.000) 2021-09-25 08:16:59 Image size of job updated: 1715
	1715  -  MemoryUsage of job (MB)
	1756848  -  ResidentSetSize of job (KB)
...
006 (14732943.000.000) 2021-09-25 08:27:07 Image size of job updated: 1715
	1715  -  MemoryUsage of job (MB)
	1757084  -  ResidentSetSize of job (KB)
...
006 (14732943.000.000) 2021-09-25 08:28:07 Image size of job updated: 1716
	1716  -  MemoryUsage of job (MB)
	1757256  -  ResidentSetSize of job (KB)
...
006 (14732943.000.000) 2021-09-25 08:32:10 Image size of job updated: 1716
	1716  -  MemoryUsage of job (MB)
	1757260  -  ResidentSetSize of job (KB)
...
006 (14732943.000.000) 2021-09-25 08:34:12 Image size of job updated: 1716
	1716  -  MemoryUsage of job (MB)
	1757272  -  ResidentSetSize of job (KB)
...
006 (14732943.000.000) 2021-09-25 08:36:14 Image size of job updated: 1716
	1716  -  MemoryUsage of job (MB)
	1757276  -  ResidentSetSize of job (KB)
...
006 (14732943.000.000) 2021-09-25 08:38:16 Image size of job updated: 1716
	1716  -  MemoryUsage of job (MB)
	1757728  -  ResidentSetSize of job (KB)
...
006 (14732943.000.000) 2021-09-25 08:50:20 Image size of job updated: 1716
	1716  -  MemoryUsage of job (MB)
	1757816  -  ResidentSetSize of job (KB)
...
006 (14732943.000.000) 2021-09-25 09:02:26 Image size of job updated: 1716
	1716  -  MemoryUsage of job (MB)
	1758188  -  ResidentSetSize of job (KB)
...
006 (14732943.000.000) 2021-09-25 09:03:26 Image size of job updated: 1716
	1716  -  MemoryUsage of job (MB)
	1758192  -  ResidentSetSize of job (KB)
...
006 (14732943.000.000) 2021-09-25 09:04:26 Image size of job updated: 1717
	1717  -  MemoryUsage of job (MB)
	1758344  -  ResidentSetSize of job (KB)
...
006 (14732943.000.000) 2021-09-25 09:05:27 Image size of job updated: 1717
	1717  -  MemoryUsage of job (MB)
	1758388  -  ResidentSetSize of job (KB)
...
006 (14732943.000.000) 2021-09-25 09:06:27 Image size of job updated: 1717
	1717  -  MemoryUsage of job (MB)
	1758392  -  ResidentSetSize of job (KB)
...
006 (14732943.000.000) 2021-09-25 09:08:28 Image size of job updated: 1717
	1717  -  MemoryUsage of job (MB)
	1758400  -  ResidentSetSize of job (KB)
...
006 (14732943.000.000) 2021-09-25 09:10:30 Image size of job updated: 1717
	1717  -  MemoryUsage of job (MB)
	1758404  -  ResidentSetSize of job (KB)
...
006 (14732943.000.000) 2021-09-25 09:14:32 Image size of job updated: 1717
	1717  -  MemoryUsage of job (MB)
	1758448  -  ResidentSetSize of job (KB)
...
006 (14732943.000.000) 2021-09-25 09:15:34 Image size of job updated: 1717
	1717  -  MemoryUsage of job (MB)
	1758748  -  ResidentSetSize of job (KB)
...
006 (14732943.000.000) 2021-09-25 09:27:38 Image size of job updated: 1717
	1717  -  MemoryUsage of job (MB)
	1759040  -  ResidentSetSize of job (KB)
...
006 (14732943.000.000) 2021-09-25 09:28:38 Image size of job updated: 1717
	1717  -  MemoryUsage of job (MB)
	1759048  -  ResidentSetSize of job (KB)
...
006 (14732943.000.000) 2021-09-25 09:29:38 Image size of job updated: 1717
	1717  -  MemoryUsage of job (MB)
	1759208  -  ResidentSetSize of job (KB)
...
006 (14732943.000.000) 2021-09-25 09:30:39 Image size of job updated: 1717
	1717  -  MemoryUsage of job (MB)
	1759212  -  ResidentSetSize of job (KB)
...
006 (14732943.000.000) 2021-09-25 09:31:39 Image size of job updated: 1717
	1717  -  MemoryUsage of job (MB)
	1759216  -  ResidentSetSize of job (KB)
...
006 (14732943.000.000) 2021-09-25 09:32:39 Image size of job updated: 1718
	1718  -  MemoryUsage of job (MB)
	1759232  -  ResidentSetSize of job (KB)
...
006 (14732943.000.000) 2021-09-25 09:37:42 Image size of job updated: 1718
	1718  -  MemoryUsage of job (MB)
	1759248  -  ResidentSetSize of job (KB)
...
006 (14732943.000.000) 2021-09-25 09:38:42 Image size of job updated: 1718
	1718  -  MemoryUsage of job (MB)
	1759276  -  ResidentSetSize of job (KB)
...
006 (14732943.000.000) 2021-09-25 09:39:42 Image size of job updated: 1718
	1718  -  MemoryUsage of job (MB)
	1760204  -  ResidentSetSize of job (KB)
...
006 (14732943.000.000) 2021-09-25 09:40:43 Image size of job updated: 1718
	1718  -  MemoryUsage of job (MB)
	1760248  -  ResidentSetSize of job (KB)
...
006 (14732943.000.000) 2021-09-25 09:41:44 Image size of job updated: 1719
	1719  -  MemoryUsage of job (MB)
	1760260  -  ResidentSetSize of job (KB)
...
006 (14732943.000.000) 2021-09-25 09:42:45 Image size of job updated: 1719
	1719  -  MemoryUsage of job (MB)
	1760272  -  ResidentSetSize of job (KB)
...
006 (14732943.000.000) 2021-09-25 09:43:45 Image size of job updated: 1719
	1719  -  MemoryUsage of job (MB)
	1760300  -  ResidentSetSize of job (KB)
...
006 (14732943.000.000) 2021-09-25 09:44:45 Image size of job updated: 1719
	1719  -  MemoryUsage of job (MB)
	1760316  -  ResidentSetSize of job (KB)
...
006 (14732943.000.000) 2021-09-25 09:45:45 Image size of job updated: 1719
	1719  -  MemoryUsage of job (MB)
	1760332  -  ResidentSetSize of job (KB)
...
006 (14732943.000.000) 2021-09-25 09:46:45 Image size of job updated: 1719
	1719  -  MemoryUsage of job (MB)
	1760352  -  ResidentSetSize of job (KB)
...
006 (14732943.000.000) 2021-09-25 09:47:45 Image size of job updated: 1719
	1719  -  MemoryUsage of job (MB)
	1760372  -  ResidentSetSize of job (KB)
...
006 (14732943.000.000) 2021-09-25 09:48:45 Image size of job updated: 1719
	1719  -  MemoryUsage of job (MB)
	1760396  -  ResidentSetSize of job (KB)
...
006 (14732943.000.000) 2021-09-25 09:49:46 Image size of job updated: 1719
	1719  -  MemoryUsage of job (MB)
	1760716  -  ResidentSetSize of job (KB)
...
006 (14732943.000.000) 2021-09-25 09:50:47 Image size of job updated: 1719
	1719  -  MemoryUsage of job (MB)
	1760728  -  ResidentSetSize of job (KB)
...
006 (14732943.000.000) 2021-09-25 09:51:47 Image size of job updated: 1719
	1719  -  MemoryUsage of job (MB)
	1760732  -  ResidentSetSize of job (KB)
...
006 (14732943.000.000) 2021-09-25 09:52:47 Image size of job updated: 1719
	1719  -  MemoryUsage of job (MB)
	1760752  -  ResidentSetSize of job (KB)
...
006 (14732943.000.000) 2021-09-25 09:53:48 Image size of job updated: 1719
	1719  -  MemoryUsage of job (MB)
	1760756  -  ResidentSetSize of job (KB)
...
006 (14732943.000.000) 2021-09-25 09:54:48 Image size of job updated: 1719
	1719  -  MemoryUsage of job (MB)
	1760768  -  ResidentSetSize of job (KB)
...
006 (14732943.000.000) 2021-09-25 09:56:49 Image size of job updated: 1719
	1719  -  MemoryUsage of job (MB)
	1760776  -  ResidentSetSize of job (KB)
...
006 (14732943.000.000) 2021-09-25 09:57:50 Image size of job updated: 1719
	1719  -  MemoryUsage of job (MB)
	1760780  -  ResidentSetSize of job (KB)
...
006 (14732943.000.000) 2021-09-25 09:58:51 Image size of job updated: 1719
	1719  -  MemoryUsage of job (MB)
	1760800  -  ResidentSetSize of job (KB)
...
006 (14732943.000.000) 2021-09-25 09:59:52 Image size of job updated: 1719
	1719  -  MemoryUsage of job (MB)
	1760996  -  ResidentSetSize of job (KB)
...
006 (14732943.000.000) 2021-09-25 10:00:53 Image size of job updated: 1719
	1719  -  MemoryUsage of job (MB)
	1761004  -  ResidentSetSize of job (KB)
...
006 (14732943.000.000) 2021-09-25 10:04:54 Image size of job updated: 1719
	1719  -  MemoryUsage of job (MB)
	1761008  -  ResidentSetSize of job (KB)
...
006 (14732943.000.000) 2021-09-25 10:05:55 Image size of job updated: 1719
	1719  -  MemoryUsage of job (MB)
	1761012  -  ResidentSetSize of job (KB)
...
006 (14732943.000.000) 2021-09-25 10:06:55 Image size of job updated: 1719
	1719  -  MemoryUsage of job (MB)
	1761020  -  ResidentSetSize of job (KB)
...
006 (14732943.000.000) 2021-09-25 10:07:56 Image size of job updated: 1719
	1719  -  MemoryUsage of job (MB)
	1761024  -  ResidentSetSize of job (KB)
...
006 (14732943.000.000) 2021-09-25 10:08:56 Image size of job updated: 1719
	1719  -  MemoryUsage of job (MB)
	1761032  -  ResidentSetSize of job (KB)
...
006 (14732943.000.000) 2021-09-25 10:09:56 Image size of job updated: 1719
	1719  -  MemoryUsage of job (MB)
	1761144  -  ResidentSetSize of job (KB)
...
006 (14732943.000.000) 2021-09-25 10:10:56 Image size of job updated: 1719
	1719  -  MemoryUsage of job (MB)
	1761148  -  ResidentSetSize of job (KB)
...
006 (14732943.000.000) 2021-09-25 10:11:57 Image size of job updated: 1719
	1719  -  MemoryUsage of job (MB)
	1761152  -  ResidentSetSize of job (KB)
...
006 (14732943.000.000) 2021-09-25 10:12:58 Image size of job updated: 1719
	1719  -  MemoryUsage of job (MB)
	1761156  -  ResidentSetSize of job (KB)
...
006 (14732943.000.000) 2021-09-25 10:13:58 Image size of job updated: 1719
	1719  -  MemoryUsage of job (MB)
	1761160  -  ResidentSetSize of job (KB)
...
006 (14732943.000.000) 2021-09-25 10:14:59 Image size of job updated: 1719
	1719  -  MemoryUsage of job (MB)
	1761164  -  ResidentSetSize of job (KB)
...
006 (14732943.000.000) 2021-09-25 10:15:59 Image size of job updated: 1719
	1719  -  MemoryUsage of job (MB)
	1761168  -  ResidentSetSize of job (KB)
...
006 (14732943.000.000) 2021-09-25 10:17:00 Image size of job updated: 1719
	1719  -  MemoryUsage of job (MB)
	1761180  -  ResidentSetSize of job (KB)
...
006 (14732943.000.000) 2021-09-25 10:18:01 Image size of job updated: 1719
	1719  -  MemoryUsage of job (MB)
	1761184  -  ResidentSetSize of job (KB)
...
006 (14732943.000.000) 2021-09-25 10:19:01 Image size of job updated: 1719
	1719  -  MemoryUsage of job (MB)
	1761188  -  ResidentSetSize of job (KB)
...
006 (14732943.000.000) 2021-09-25 10:20:02 Image size of job updated: 1720
	1720  -  MemoryUsage of job (MB)
	1761300  -  ResidentSetSize of job (KB)
...
006 (14732943.000.000) 2021-09-25 10:21:02 Image size of job updated: 1720
	1720  -  MemoryUsage of job (MB)
	1761312  -  ResidentSetSize of job (KB)
...
006 (14732943.000.000) 2021-09-25 10:22:03 Image size of job updated: 1720
	1720  -  MemoryUsage of job (MB)
	1761316  -  ResidentSetSize of job (KB)
...
006 (14732943.000.000) 2021-09-25 10:23:03 Image size of job updated: 1720
	1720  -  MemoryUsage of job (MB)
	1761320  -  ResidentSetSize of job (KB)
...
006 (14732943.000.000) 2021-09-25 10:26:05 Image size of job updated: 1720
	1720  -  MemoryUsage of job (MB)
	1761328  -  ResidentSetSize of job (KB)
...
006 (14732943.000.000) 2021-09-25 10:29:08 Image size of job updated: 1720
	1720  -  MemoryUsage of job (MB)
	1761336  -  ResidentSetSize of job (KB)
...
006 (14732943.000.000) 2021-09-25 10:30:09 Image size of job updated: 1720
	1720  -  MemoryUsage of job (MB)
	1761444  -  ResidentSetSize of job (KB)
...
006 (14732943.000.000) 2021-09-25 10:33:09 Image size of job updated: 1720
	1720  -  MemoryUsage of job (MB)
	1761448  -  ResidentSetSize of job (KB)
...
006 (14732943.000.000) 2021-09-25 10:34:10 Image size of job updated: 1720
	1720  -  MemoryUsage of job (MB)
	1761460  -  ResidentSetSize of job (KB)
...
006 (14732943.000.000) 2021-09-25 10:35:11 Image size of job updated: 1720
	1720  -  MemoryUsage of job (MB)
	1761464  -  ResidentSetSize of job (KB)
...
006 (14732943.000.000) 2021-09-25 10:36:11 Image size of job updated: 1720
	1720  -  MemoryUsage of job (MB)
	1761468  -  ResidentSetSize of job (KB)
...
006 (14732943.000.000) 2021-09-25 10:38:11 Image size of job updated: 1720
	1720  -  MemoryUsage of job (MB)
	1761472  -  ResidentSetSize of job (KB)
...
006 (14732943.000.000) 2021-09-25 10:39:13 Image size of job updated: 1720
	1720  -  MemoryUsage of job (MB)
	1761476  -  ResidentSetSize of job (KB)
...
006 (14732943.000.000) 2021-09-25 10:40:13 Image size of job updated: 1720
	1720  -  MemoryUsage of job (MB)
	1761888  -  ResidentSetSize of job (KB)
...
006 (14732943.000.000) 2021-09-25 10:41:13 Image size of job updated: 1720
	1720  -  MemoryUsage of job (MB)
	1762044  -  ResidentSetSize of job (KB)
...
006 (14732943.000.000) 2021-09-25 10:42:13 Image size of job updated: 1720
	1720  -  MemoryUsage of job (MB)
	1762060  -  ResidentSetSize of job (KB)
...
006 (14732943.000.000) 2021-09-25 10:43:15 Image size of job updated: 1720
	1720  -  MemoryUsage of job (MB)
	1762068  -  ResidentSetSize of job (KB)
...
006 (14732943.000.000) 2021-09-25 10:44:15 Image size of job updated: 1720
	1720  -  MemoryUsage of job (MB)
	1762076  -  ResidentSetSize of job (KB)
...
006 (14732943.000.000) 2021-09-25 10:45:15 Image size of job updated: 1720
	1720  -  MemoryUsage of job (MB)
	1762084  -  ResidentSetSize of job (KB)
...
006 (14732943.000.000) 2021-09-25 10:46:16 Image size of job updated: 1720
	1720  -  MemoryUsage of job (MB)
	1762088  -  ResidentSetSize of job (KB)
...
006 (14732943.000.000) 2021-09-25 10:47:17 Image size of job updated: 1720
	1720  -  MemoryUsage of job (MB)
	1762104  -  ResidentSetSize of job (KB)
...
006 (14732943.000.000) 2021-09-25 10:48:17 Image size of job updated: 1720
	1720  -  MemoryUsage of job (MB)
	1762152  -  ResidentSetSize of job (KB)
...
006 (14732943.000.000) 2021-09-25 10:49:17 Image size of job updated: 1720
	1720  -  MemoryUsage of job (MB)
	1762176  -  ResidentSetSize of job (KB)
...
006 (14732943.000.000) 2021-09-25 10:50:18 Image size of job updated: 1721
	1721  -  MemoryUsage of job (MB)
	1762556  -  ResidentSetSize of job (KB)
...
006 (14732943.000.000) 2021-09-25 10:51:19 Image size of job updated: 1721
	1721  -  MemoryUsage of job (MB)
	1762580  -  ResidentSetSize of job (KB)
...
006 (14732943.000.000) 2021-09-25 10:52:19 Image size of job updated: 1721
	1721  -  MemoryUsage of job (MB)
	1762596  -  ResidentSetSize of job (KB)
...
006 (14732943.000.000) 2021-09-25 10:53:20 Image size of job updated: 1721
	1721  -  MemoryUsage of job (MB)
	1762624  -  ResidentSetSize of job (KB)
...
006 (14732943.000.000) 2021-09-25 10:54:22 Image size of job updated: 1721
	1721  -  MemoryUsage of job (MB)
	1762640  -  ResidentSetSize of job (KB)
...
006 (14732943.000.000) 2021-09-25 10:55:22 Image size of job updated: 1721
	1721  -  MemoryUsage of job (MB)
	1762656  -  ResidentSetSize of job (KB)
...
006 (14732943.000.000) 2021-09-25 10:56:22 Image size of job updated: 1721
	1721  -  MemoryUsage of job (MB)
	1762672  -  ResidentSetSize of job (KB)
...
006 (14732943.000.000) 2021-09-25 10:57:22 Image size of job updated: 1721
	1721  -  MemoryUsage of job (MB)
	1762688  -  ResidentSetSize of job (KB)
...
006 (14732943.000.000) 2021-09-25 10:58:23 Image size of job updated: 1721
	1721  -  MemoryUsage of job (MB)
	1763128  -  ResidentSetSize of job (KB)
...
006 (14732943.000.000) 2021-09-25 10:59:24 Image size of job updated: 1721
	1721  -  MemoryUsage of job (MB)
	1763272  -  ResidentSetSize of job (KB)
...
006 (14732943.000.000) 2021-09-25 11:00:25 Image size of job updated: 1722
	1722  -  MemoryUsage of job (MB)
	1763336  -  ResidentSetSize of job (KB)
...
006 (14732943.000.000) 2021-09-25 11:01:25 Image size of job updated: 1722
	1722  -  MemoryUsage of job (MB)
	1763340  -  ResidentSetSize of job (KB)
...
006 (14732943.000.000) 2021-09-25 11:06:27 Image size of job updated: 1722
	1722  -  MemoryUsage of job (MB)
	1763396  -  ResidentSetSize of job (KB)
...
006 (14732943.000.000) 2021-09-25 11:07:28 Image size of job updated: 1722
	1722  -  MemoryUsage of job (MB)
	1763696  -  ResidentSetSize of job (KB)
...
006 (14732943.000.000) 2021-09-25 11:09:30 Image size of job updated: 1722
	1722  -  MemoryUsage of job (MB)
	1763712  -  ResidentSetSize of job (KB)
...
006 (14732943.000.000) 2021-09-25 11:10:31 Image size of job updated: 1722
	1722  -  MemoryUsage of job (MB)
	1763716  -  ResidentSetSize of job (KB)
...
006 (14732943.000.000) 2021-09-25 11:11:31 Image size of job updated: 1722
	1722  -  MemoryUsage of job (MB)
	1763732  -  ResidentSetSize of job (KB)
...
006 (14732943.000.000) 2021-09-25 11:12:32 Image size of job updated: 1722
	1722  -  MemoryUsage of job (MB)
	1763740  -  ResidentSetSize of job (KB)
...
006 (14732943.000.000) 2021-09-25 11:13:33 Image size of job updated: 1722
	1722  -  MemoryUsage of job (MB)
	1763760  -  ResidentSetSize of job (KB)
...
006 (14732943.000.000) 2021-09-25 11:14:35 Image size of job updated: 1722
	1722  -  MemoryUsage of job (MB)
	1763772  -  ResidentSetSize of job (KB)
...
006 (14732943.000.000) 2021-09-25 11:15:35 Image size of job updated: 1722
	1722  -  MemoryUsage of job (MB)
	1763788  -  ResidentSetSize of job (KB)
...
006 (14732943.000.000) 2021-09-25 11:16:36 Image size of job updated: 1722
	1722  -  MemoryUsage of job (MB)
	1764064  -  ResidentSetSize of job (KB)
...
006 (14732943.000.000) 2021-09-25 11:17:37 Image size of job updated: 1722
	1722  -  MemoryUsage of job (MB)
	1764120  -  ResidentSetSize of job (KB)
...
006 (14732943.000.000) 2021-09-25 11:24:42 Image size of job updated: 1722
	1722  -  MemoryUsage of job (MB)
	1764172  -  ResidentSetSize of job (KB)
...
006 (14732943.000.000) 2021-09-25 11:25:43 Image size of job updated: 1723
	1723  -  MemoryUsage of job (MB)
	1764660  -  ResidentSetSize of job (KB)
...
006 (14732943.000.000) 2021-09-25 11:33:48 Image size of job updated: 1723
	1723  -  MemoryUsage of job (MB)
	1764712  -  ResidentSetSize of job (KB)
...
006 (14732943.000.000) 2021-09-25 11:34:49 Image size of job updated: 1723
	1723  -  MemoryUsage of job (MB)
	1764976  -  ResidentSetSize of job (KB)
...
006 (14732943.000.000) 2021-09-25 11:35:50 Image size of job updated: 1723
	1723  -  MemoryUsage of job (MB)
	1764980  -  ResidentSetSize of job (KB)
...
006 (14732943.000.000) 2021-09-25 11:36:50 Image size of job updated: 1723
	1723  -  MemoryUsage of job (MB)
	1764988  -  ResidentSetSize of job (KB)
...
006 (14732943.000.000) 2021-09-25 11:37:52 Image size of job updated: 1723
	1723  -  MemoryUsage of job (MB)
	1764996  -  ResidentSetSize of job (KB)
...
006 (14732943.000.000) 2021-09-25 11:40:53 Image size of job updated: 1723
	1723  -  MemoryUsage of job (MB)
	1765000  -  ResidentSetSize of job (KB)
...
006 (14732943.000.000) 2021-09-25 11:42:54 Image size of job updated: 1723
	1723  -  MemoryUsage of job (MB)
	1765008  -  ResidentSetSize of job (KB)
...
006 (14732943.000.000) 2021-09-25 11:43:54 Image size of job updated: 1724
	1724  -  MemoryUsage of job (MB)
	1765428  -  ResidentSetSize of job (KB)
...
006 (14732943.000.000) 2021-09-25 11:49:56 Image size of job updated: 1724
	1724  -  MemoryUsage of job (MB)
	1765432  -  ResidentSetSize of job (KB)
...
006 (14732943.000.000) 2021-09-25 11:51:59 Image size of job updated: 1724
	1724  -  MemoryUsage of job (MB)
	1765764  -  ResidentSetSize of job (KB)
...
006 (14732943.000.000) 2021-09-25 11:52:59 Image size of job updated: 1724
	1724  -  MemoryUsage of job (MB)
	1765872  -  ResidentSetSize of job (KB)
...
006 (14732943.000.000) 2021-09-25 11:53:59 Image size of job updated: 1724
	1724  -  MemoryUsage of job (MB)
	1765880  -  ResidentSetSize of job (KB)
...
006 (14732943.000.000) 2021-09-25 11:54:59 Image size of job updated: 1724
	1724  -  MemoryUsage of job (MB)
	1765884  -  ResidentSetSize of job (KB)
...
006 (14732943.000.000) 2021-09-25 11:56:00 Image size of job updated: 1724
	1724  -  MemoryUsage of job (MB)
	1765904  -  ResidentSetSize of job (KB)
...
006 (14732943.000.000) 2021-09-25 11:57:01 Image size of job updated: 1724
	1724  -  MemoryUsage of job (MB)
	1765916  -  ResidentSetSize of job (KB)
...
006 (14732943.000.000) 2021-09-25 11:58:02 Image size of job updated: 1724
	1724  -  MemoryUsage of job (MB)
	1765936  -  ResidentSetSize of job (KB)
...
006 (14732943.000.000) 2021-09-25 11:59:03 Image size of job updated: 1724
	1724  -  MemoryUsage of job (MB)
	1765948  -  ResidentSetSize of job (KB)
...
006 (14732943.000.000) 2021-09-25 12:00:05 Image size of job updated: 1724
	1724  -  MemoryUsage of job (MB)
	1765964  -  ResidentSetSize of job (KB)
...
006 (14732943.000.000) 2021-09-25 12:01:05 Image size of job updated: 1724
	1724  -  MemoryUsage of job (MB)
	1766192  -  ResidentSetSize of job (KB)
...
006 (14732943.000.000) 2021-09-25 12:02:05 Image size of job updated: 1725
	1725  -  MemoryUsage of job (MB)
	1766560  -  ResidentSetSize of job (KB)
...
006 (14732943.000.000) 2021-09-25 12:05:08 Image size of job updated: 1725
	1725  -  MemoryUsage of job (MB)
	1766568  -  ResidentSetSize of job (KB)
...
006 (14732943.000.000) 2021-09-25 12:07:09 Image size of job updated: 1725
	1725  -  MemoryUsage of job (MB)
	1766588  -  ResidentSetSize of job (KB)
...
006 (14732943.000.000) 2021-09-25 12:10:11 Image size of job updated: 1725
	1725  -  MemoryUsage of job (MB)
	1766968  -  ResidentSetSize of job (KB)
...
006 (14732943.000.000) 2021-09-25 12:11:12 Image size of job updated: 1725
	1725  -  MemoryUsage of job (MB)
	1766996  -  ResidentSetSize of job (KB)
...
006 (14732943.000.000) 2021-09-25 12:12:13 Image size of job updated: 1725
	1725  -  MemoryUsage of job (MB)
	1767128  -  ResidentSetSize of job (KB)
...
006 (14732943.000.000) 2021-09-25 12:13:14 Image size of job updated: 1725
	1725  -  MemoryUsage of job (MB)
	1767132  -  ResidentSetSize of job (KB)
...
006 (14732943.000.000) 2021-09-25 12:17:17 Image size of job updated: 1725
	1725  -  MemoryUsage of job (MB)
	1767144  -  ResidentSetSize of job (KB)
...
006 (14732943.000.000) 2021-09-25 12:19:18 Image size of job updated: 1726
	1726  -  MemoryUsage of job (MB)
	1767732  -  ResidentSetSize of job (KB)
...
006 (14732943.000.000) 2021-09-25 12:20:18 Image size of job updated: 1726
	1726  -  MemoryUsage of job (MB)
	1767736  -  ResidentSetSize of job (KB)
...
006 (14732943.000.000) 2021-09-25 12:21:18 Image size of job updated: 1726
	1726  -  MemoryUsage of job (MB)
	1767740  -  ResidentSetSize of job (KB)
...
006 (14732943.000.000) 2021-09-25 12:25:20 Image size of job updated: 1726
	1726  -  MemoryUsage of job (MB)
	1767748  -  ResidentSetSize of job (KB)
...
006 (14732943.000.000) 2021-09-25 12:26:21 Image size of job updated: 1726
	1726  -  MemoryUsage of job (MB)
	1768152  -  ResidentSetSize of job (KB)
...
006 (14732943.000.000) 2021-09-25 12:33:23 Image size of job updated: 1727
	1727  -  MemoryUsage of job (MB)
	1768668  -  ResidentSetSize of job (KB)
...
006 (14732943.000.000) 2021-09-25 12:34:24 Image size of job updated: 1727
	1727  -  MemoryUsage of job (MB)
	1768672  -  ResidentSetSize of job (KB)
...
006 (14732943.000.000) 2021-09-25 12:35:25 Image size of job updated: 1727
	1727  -  MemoryUsage of job (MB)
	1768676  -  ResidentSetSize of job (KB)
...
006 (14732943.000.000) 2021-09-25 12:37:28 Image size of job updated: 1727
	1727  -  MemoryUsage of job (MB)
	1768692  -  ResidentSetSize of job (KB)
...
006 (14732943.000.000) 2021-09-25 12:39:28 Image size of job updated: 1727
	1727  -  MemoryUsage of job (MB)
	1769064  -  ResidentSetSize of job (KB)
...
006 (14732943.000.000) 2021-09-25 12:46:34 Image size of job updated: 1727
	1727  -  MemoryUsage of job (MB)
	1769280  -  ResidentSetSize of job (KB)
...
006 (14732943.000.000) 2021-09-25 12:52:41 Image size of job updated: 1727
	1727  -  MemoryUsage of job (MB)
	1769292  -  ResidentSetSize of job (KB)
...
006 (14732943.000.000) 2021-09-25 12:53:41 Image size of job updated: 1728
	1728  -  MemoryUsage of job (MB)
	1769688  -  ResidentSetSize of job (KB)
...
006 (14732943.000.000) 2021-09-25 12:54:41 Image size of job updated: 1728
	1728  -  MemoryUsage of job (MB)
	1769700  -  ResidentSetSize of job (KB)
...
006 (14732943.000.000) 2021-09-25 12:56:42 Image size of job updated: 1728
	1728  -  MemoryUsage of job (MB)
	1769704  -  ResidentSetSize of job (KB)
...
006 (14732943.000.000) 2021-09-25 12:58:44 Image size of job updated: 1728
	1728  -  MemoryUsage of job (MB)
	1769712  -  ResidentSetSize of job (KB)
...
006 (14732943.000.000) 2021-09-25 12:59:44 Image size of job updated: 1728
	1728  -  MemoryUsage of job (MB)
	1770140  -  ResidentSetSize of job (KB)
...
006 (14732943.000.000) 2021-09-25 13:06:48 Image size of job updated: 1728
	1728  -  MemoryUsage of job (MB)
	1770432  -  ResidentSetSize of job (KB)
...
006 (14732943.000.000) 2021-09-25 13:07:49 Image size of job updated: 1729
	1729  -  MemoryUsage of job (MB)
	1770596  -  ResidentSetSize of job (KB)
...
006 (14732943.000.000) 2021-09-25 13:09:50 Image size of job updated: 1729
	1729  -  MemoryUsage of job (MB)
	1770600  -  ResidentSetSize of job (KB)
...
006 (14732943.000.000) 2021-09-25 13:10:50 Image size of job updated: 1729
	1729  -  MemoryUsage of job (MB)
	1770604  -  ResidentSetSize of job (KB)
...
006 (14732943.000.000) 2021-09-25 13:12:52 Image size of job updated: 1729
	1729  -  MemoryUsage of job (MB)
	1771020  -  ResidentSetSize of job (KB)
...
006 (14732943.000.000) 2021-09-25 13:18:54 Image size of job updated: 1729
	1729  -  MemoryUsage of job (MB)
	1771096  -  ResidentSetSize of job (KB)
...
006 (14732943.000.000) 2021-09-25 13:19:54 Image size of job updated: 1729
	1729  -  MemoryUsage of job (MB)
	1771100  -  ResidentSetSize of job (KB)
...
006 (14732943.000.000) 2021-09-25 13:20:54 Image size of job updated: 1729
	1729  -  MemoryUsage of job (MB)
	1771108  -  ResidentSetSize of job (KB)
...
006 (14732943.000.000) 2021-09-25 13:21:55 Image size of job updated: 1729
	1729  -  MemoryUsage of job (MB)
	1771112  -  ResidentSetSize of job (KB)
...
006 (14732943.000.000) 2021-09-25 13:23:58 Image size of job updated: 1729
	1729  -  MemoryUsage of job (MB)
	1771120  -  ResidentSetSize of job (KB)
...
006 (14732943.000.000) 2021-09-25 13:24:58 Image size of job updated: 1730
	1730  -  MemoryUsage of job (MB)
	1771724  -  ResidentSetSize of job (KB)
...
006 (14732943.000.000) 2021-09-25 13:25:58 Image size of job updated: 1730
	1730  -  MemoryUsage of job (MB)
	1771736  -  ResidentSetSize of job (KB)
...
006 (14732943.000.000) 2021-09-25 13:28:59 Image size of job updated: 1730
	1730  -  MemoryUsage of job (MB)
	1771744  -  ResidentSetSize of job (KB)
...
006 (14732943.000.000) 2021-09-25 13:29:59 Image size of job updated: 1730
	1730  -  MemoryUsage of job (MB)
	1772184  -  ResidentSetSize of job (KB)
...
006 (14732943.000.000) 2021-09-25 13:32:01 Image size of job updated: 1730
	1730  -  MemoryUsage of job (MB)
	1772188  -  ResidentSetSize of job (KB)
...
006 (14732943.000.000) 2021-09-25 13:34:01 Image size of job updated: 1730
	1730  -  MemoryUsage of job (MB)
	1772192  -  ResidentSetSize of job (KB)
...
006 (14732943.000.000) 2021-09-25 13:35:01 Image size of job updated: 1730
	1730  -  MemoryUsage of job (MB)
	1772196  -  ResidentSetSize of job (KB)
...
006 (14732943.000.000) 2021-09-25 13:36:02 Image size of job updated: 1730
	1730  -  MemoryUsage of job (MB)
	1772360  -  ResidentSetSize of job (KB)
...
006 (14732943.000.000) 2021-09-25 13:37:03 Image size of job updated: 1730
	1730  -  MemoryUsage of job (MB)
	1772504  -  ResidentSetSize of job (KB)
...
006 (14732943.000.000) 2021-09-25 13:38:04 Image size of job updated: 1730
	1730  -  MemoryUsage of job (MB)
	1772508  -  ResidentSetSize of job (KB)
...
006 (14732943.000.000) 2021-09-25 13:40:06 Image size of job updated: 1730
	1730  -  MemoryUsage of job (MB)
	1772512  -  ResidentSetSize of job (KB)
...
006 (14732943.000.000) 2021-09-25 13:41:07 Image size of job updated: 1731
	1731  -  MemoryUsage of job (MB)
	1772568  -  ResidentSetSize of job (KB)
...
006 (14732943.000.000) 2021-09-25 13:42:08 Image size of job updated: 1731
	1731  -  MemoryUsage of job (MB)
	1773032  -  ResidentSetSize of job (KB)
...
006 (14732943.000.000) 2021-09-25 13:43:08 Image size of job updated: 1731
	1731  -  MemoryUsage of job (MB)
	1773044  -  ResidentSetSize of job (KB)
...
006 (14732943.000.000) 2021-09-25 13:44:09 Image size of job updated: 1731
	1731  -  MemoryUsage of job (MB)
	1773056  -  ResidentSetSize of job (KB)
...
006 (14732943.000.000) 2021-09-25 13:45:10 Image size of job updated: 1731
	1731  -  MemoryUsage of job (MB)
	1773072  -  ResidentSetSize of job (KB)
...
006 (14732943.000.000) 2021-09-25 13:46:10 Image size of job updated: 1731
	1731  -  MemoryUsage of job (MB)
	1773080  -  ResidentSetSize of job (KB)
...
006 (14732943.000.000) 2021-09-25 13:47:11 Image size of job updated: 1731
	1731  -  MemoryUsage of job (MB)
	1773212  -  ResidentSetSize of job (KB)
...
006 (14732943.000.000) 2021-09-25 13:48:11 Image size of job updated: 1731
	1731  -  MemoryUsage of job (MB)
	1773276  -  ResidentSetSize of job (KB)
...
006 (14732943.000.000) 2021-09-25 13:52:15 Image size of job updated: 1731
	1731  -  MemoryUsage of job (MB)
	1773468  -  ResidentSetSize of job (KB)
...
006 (14732943.000.000) 2021-09-25 13:53:15 Image size of job updated: 1732
	1732  -  MemoryUsage of job (MB)
	1773692  -  ResidentSetSize of job (KB)
...
006 (14732943.000.000) 2021-09-25 13:54:16 Image size of job updated: 1732
	1732  -  MemoryUsage of job (MB)
	1773708  -  ResidentSetSize of job (KB)
...
006 (14732943.000.000) 2021-09-25 13:55:18 Image size of job updated: 1732
	1732  -  MemoryUsage of job (MB)
	1773720  -  ResidentSetSize of job (KB)
...
006 (14732943.000.000) 2021-09-25 13:56:18 Image size of job updated: 1732
	1732  -  MemoryUsage of job (MB)
	1773728  -  ResidentSetSize of job (KB)
...
006 (14732943.000.000) 2021-09-25 13:57:19 Image size of job updated: 1732
	1732  -  MemoryUsage of job (MB)
	1773732  -  ResidentSetSize of job (KB)
...
006 (14732943.000.000) 2021-09-25 13:58:21 Image size of job updated: 1732
	1732  -  MemoryUsage of job (MB)
	1774068  -  ResidentSetSize of job (KB)
...
006 (14732943.000.000) 2021-09-25 13:59:21 Image size of job updated: 1732
	1732  -  MemoryUsage of job (MB)
	1774072  -  ResidentSetSize of job (KB)
...
006 (14732943.000.000) 2021-09-25 14:00:21 Image size of job updated: 1732
	1732  -  MemoryUsage of job (MB)
	1774076  -  ResidentSetSize of job (KB)
...
006 (14732943.000.000) 2021-09-25 14:03:22 Image size of job updated: 1732
	1732  -  MemoryUsage of job (MB)
	1774412  -  ResidentSetSize of job (KB)
...
006 (14732943.000.000) 2021-09-25 14:04:23 Image size of job updated: 1732
	1732  -  MemoryUsage of job (MB)
	1774416  -  ResidentSetSize of job (KB)
...
006 (14732943.000.000) 2021-09-25 14:05:24 Image size of job updated: 1732
	1732  -  MemoryUsage of job (MB)
	1774420  -  ResidentSetSize of job (KB)
...
006 (14732943.000.000) 2021-09-25 14:07:26 Image size of job updated: 1732
	1732  -  MemoryUsage of job (MB)
	1774432  -  ResidentSetSize of job (KB)
...
006 (14732943.000.000) 2021-09-25 14:08:26 Image size of job updated: 1732
	1732  -  MemoryUsage of job (MB)
	1774436  -  ResidentSetSize of job (KB)
...
006 (14732943.000.000) 2021-09-25 14:09:26 Image size of job updated: 1733
	1733  -  MemoryUsage of job (MB)
	1774980  -  ResidentSetSize of job (KB)
...
006 (14732943.000.000) 2021-09-25 14:10:27 Image size of job updated: 1733
	1733  -  MemoryUsage of job (MB)
	1774988  -  ResidentSetSize of job (KB)
...
006 (14732943.000.000) 2021-09-25 14:11:28 Image size of job updated: 1733
	1733  -  MemoryUsage of job (MB)
	1775004  -  ResidentSetSize of job (KB)
...
006 (14732943.000.000) 2021-09-25 14:12:28 Image size of job updated: 1733
	1733  -  MemoryUsage of job (MB)
	1775012  -  ResidentSetSize of job (KB)
...
006 (14732943.000.000) 2021-09-25 14:13:28 Image size of job updated: 1733
	1733  -  MemoryUsage of job (MB)
	1775056  -  ResidentSetSize of job (KB)
...
006 (14732943.000.000) 2021-09-25 14:14:29 Image size of job updated: 1733
	1733  -  MemoryUsage of job (MB)
	1775452  -  ResidentSetSize of job (KB)
...
006 (14732943.000.000) 2021-09-25 14:17:30 Image size of job updated: 1733
	1733  -  MemoryUsage of job (MB)
	1775456  -  ResidentSetSize of job (KB)
...
006 (14732943.000.000) 2021-09-25 14:19:31 Image size of job updated: 1733
	1733  -  MemoryUsage of job (MB)
	1775464  -  ResidentSetSize of job (KB)
...
006 (14732943.000.000) 2021-09-25 14:20:31 Image size of job updated: 1734
	1734  -  MemoryUsage of job (MB)
	1775888  -  ResidentSetSize of job (KB)
...
006 (14732943.000.000) 2021-09-25 14:21:32 Image size of job updated: 1734
	1734  -  MemoryUsage of job (MB)
	1775896  -  ResidentSetSize of job (KB)
...
006 (14732943.000.000) 2021-09-25 14:24:33 Image size of job updated: 1734
	1734  -  MemoryUsage of job (MB)
	1775948  -  ResidentSetSize of job (KB)
...
006 (14732943.000.000) 2021-09-25 14:25:34 Image size of job updated: 1734
	1734  -  MemoryUsage of job (MB)
	1776304  -  ResidentSetSize of job (KB)
...
006 (14732943.000.000) 2021-09-25 14:30:38 Image size of job updated: 1734
	1734  -  MemoryUsage of job (MB)
	1776604  -  ResidentSetSize of job (KB)
...
006 (14732943.000.000) 2021-09-25 14:31:38 Image size of job updated: 1735
	1735  -  MemoryUsage of job (MB)
	1776768  -  ResidentSetSize of job (KB)
...
006 (14732943.000.000) 2021-09-25 14:32:38 Image size of job updated: 1735
	1735  -  MemoryUsage of job (MB)
	1776776  -  ResidentSetSize of job (KB)
...
006 (14732943.000.000) 2021-09-25 14:33:39 Image size of job updated: 1735
	1735  -  MemoryUsage of job (MB)
	1776780  -  ResidentSetSize of job (KB)
...
006 (14732943.000.000) 2021-09-25 14:35:40 Image size of job updated: 1735
	1735  -  MemoryUsage of job (MB)
	1776832  -  ResidentSetSize of job (KB)
...
006 (14732943.000.000) 2021-09-25 14:36:40 Image size of job updated: 1735
	1735  -  MemoryUsage of job (MB)
	1777176  -  ResidentSetSize of job (KB)
...
006 (14732943.000.000) 2021-09-25 14:37:41 Image size of job updated: 1735
	1735  -  MemoryUsage of job (MB)
	1777188  -  ResidentSetSize of job (KB)
...
006 (14732943.000.000) 2021-09-25 14:38:41 Image size of job updated: 1735
	1735  -  MemoryUsage of job (MB)
	1777208  -  ResidentSetSize of job (KB)
...
006 (14732943.000.000) 2021-09-25 14:39:41 Image size of job updated: 1735
	1735  -  MemoryUsage of job (MB)
	1777216  -  ResidentSetSize of job (KB)
...
006 (14732943.000.000) 2021-09-25 14:40:42 Image size of job updated: 1735
	1735  -  MemoryUsage of job (MB)
	1777224  -  ResidentSetSize of job (KB)
...
006 (14732943.000.000) 2021-09-25 14:41:43 Image size of job updated: 1735
	1735  -  MemoryUsage of job (MB)
	1777320  -  ResidentSetSize of job (KB)
...
006 (14732943.000.000) 2021-09-25 14:46:48 Image size of job updated: 1735
	1735  -  MemoryUsage of job (MB)
	1777328  -  ResidentSetSize of job (KB)
...
006 (14732943.000.000) 2021-09-25 14:47:48 Image size of job updated: 1735
	1735  -  MemoryUsage of job (MB)
	1777348  -  ResidentSetSize of job (KB)
...
006 (14732943.000.000) 2021-09-25 14:49:51 Image size of job updated: 1735
	1735  -  MemoryUsage of job (MB)
	1777352  -  ResidentSetSize of job (KB)
...
006 (14732943.000.000) 2021-09-25 14:51:51 Image size of job updated: 1735
	1735  -  MemoryUsage of job (MB)
	1777360  -  ResidentSetSize of job (KB)
...
006 (14732943.000.000) 2021-09-25 14:52:51 Image size of job updated: 1735
	1735  -  MemoryUsage of job (MB)
	1777384  -  ResidentSetSize of job (KB)
...
006 (14732943.000.000) 2021-09-25 14:53:53 Image size of job updated: 1735
	1735  -  MemoryUsage of job (MB)
	1777388  -  ResidentSetSize of job (KB)
...
006 (14732943.000.000) 2021-09-25 14:54:53 Image size of job updated: 1735
	1735  -  MemoryUsage of job (MB)
	1777396  -  ResidentSetSize of job (KB)
...
006 (14732943.000.000) 2021-09-25 14:55:54 Image size of job updated: 1735
	1735  -  MemoryUsage of job (MB)
	1777400  -  ResidentSetSize of job (KB)
...
006 (14732943.000.000) 2021-09-25 14:58:56 Image size of job updated: 1735
	1735  -  MemoryUsage of job (MB)
	1777408  -  ResidentSetSize of job (KB)
...
006 (14732943.000.000) 2021-09-25 14:59:56 Image size of job updated: 1735
	1735  -  MemoryUsage of job (MB)
	1777416  -  ResidentSetSize of job (KB)
...
006 (14732943.000.000) 2021-09-25 15:00:58 Image size of job updated: 1735
	1735  -  MemoryUsage of job (MB)
	1777424  -  ResidentSetSize of job (KB)
...
006 (14732943.000.000) 2021-09-25 15:01:58 Image size of job updated: 1735
	1735  -  MemoryUsage of job (MB)
	1777492  -  ResidentSetSize of job (KB)
...
006 (14732943.000.000) 2021-09-25 15:02:58 Image size of job updated: 1735
	1735  -  MemoryUsage of job (MB)
	1777552  -  ResidentSetSize of job (KB)
...
006 (14732943.000.000) 2021-09-25 15:03:58 Image size of job updated: 1735
	1735  -  MemoryUsage of job (MB)
	1777580  -  ResidentSetSize of job (KB)
...
006 (14732943.000.000) 2021-09-25 15:04:59 Image size of job updated: 1736
	1736  -  MemoryUsage of job (MB)
	1777908  -  ResidentSetSize of job (KB)
...
006 (14732943.000.000) 2021-09-25 15:07:01 Image size of job updated: 1736
	1736  -  MemoryUsage of job (MB)
	1778036  -  ResidentSetSize of job (KB)
...
006 (14732943.000.000) 2021-09-25 15:08:01 Image size of job updated: 1736
	1736  -  MemoryUsage of job (MB)
	1778056  -  ResidentSetSize of job (KB)
...
006 (14732943.000.000) 2021-09-25 15:10:01 Image size of job updated: 1736
	1736  -  MemoryUsage of job (MB)
	1778080  -  ResidentSetSize of job (KB)
...
006 (14732943.000.000) 2021-09-25 15:12:02 Image size of job updated: 1737
	1737  -  MemoryUsage of job (MB)
	1778728  -  ResidentSetSize of job (KB)
...
006 (14732943.000.000) 2021-09-25 15:13:02 Image size of job updated: 1737
	1737  -  MemoryUsage of job (MB)
	1779036  -  ResidentSetSize of job (KB)
...
006 (14732943.000.000) 2021-09-25 15:14:02 Image size of job updated: 1737
	1737  -  MemoryUsage of job (MB)
	1779144  -  ResidentSetSize of job (KB)
...
006 (14732943.000.000) 2021-09-25 15:15:02 Image size of job updated: 1737
	1737  -  MemoryUsage of job (MB)
	1779672  -  ResidentSetSize of job (KB)
...
006 (14732943.000.000) 2021-09-25 15:17:04 Image size of job updated: 1738
	1738  -  MemoryUsage of job (MB)
	1779764  -  ResidentSetSize of job (KB)
...
006 (14732943.000.000) 2021-09-25 15:18:05 Image size of job updated: 1738
	1738  -  MemoryUsage of job (MB)
	1780204  -  ResidentSetSize of job (KB)
...
006 (14732943.000.000) 2021-09-25 15:19:05 Image size of job updated: 1738
	1738  -  MemoryUsage of job (MB)
	1780208  -  ResidentSetSize of job (KB)
...
006 (14732943.000.000) 2021-09-25 15:20:05 Image size of job updated: 1738
	1738  -  MemoryUsage of job (MB)
	1780548  -  ResidentSetSize of job (KB)
...
006 (14732943.000.000) 2021-09-25 15:23:06 Image size of job updated: 1739
	1739  -  MemoryUsage of job (MB)
	1780952  -  ResidentSetSize of job (KB)
...
006 (14732943.000.000) 2021-09-25 15:24:06 Image size of job updated: 1739
	1739  -  MemoryUsage of job (MB)
	1780956  -  ResidentSetSize of job (KB)
...
006 (14732943.000.000) 2021-09-25 15:25:07 Image size of job updated: 1739
	1739  -  MemoryUsage of job (MB)
	1781148  -  ResidentSetSize of job (KB)
...
040 (14732943.000.000) 2021-09-25 15:25:19 Started transferring output files
...
040 (14732943.000.000) 2021-09-25 15:25:20 Finished transferring output files
...
005 (14732943.000.000) 2021-09-25 15:25:21 Job terminated.
	(1) Normal termination (return value 0)
		Usr 0 00:00:00, Sys 0 00:00:00  -  Run Remote Usage
		Usr 0 00:00:00, Sys 0 00:00:00  -  Run Local Usage
		Usr 0 01:56:26, Sys 0 13:10:15  -  Total Remote Usage
		Usr 0 00:00:00, Sys 0 00:00:00  -  Total Local Usage
	1220012  -  Run Bytes Sent By Job
	8471570  -  Run Bytes Received By Job
	1220012  -  Total Bytes Sent By Job
	8471570  -  Total Bytes Received By Job
	Partitionable Resources :     Usage  Request Allocated 
	   Cpus                 :      0.00        1         1 
	   Disk (KB)            : 108328       10000    773340 
	   Memory (MB)          :   1739        2048      2048 

	Job terminated of its own accord at 2021-09-25T20:25:19Z.
...
