000 (34567805.000.000) 2021-09-17 07:09:19 Job submitted from host: <131.225.188.57:9618?addrs=131.225.188.57-9618&alias=lpcschedd2.fnal.gov&noUDP&sock=schedd_2251_93c6>
...
040 (34567805.000.000) 2021-09-17 13:23:49 Started transferring input files
	Transferring to host: <131.225.191.174:9618?addrs=131.225.191.174-9618&alias=cmswn1916.fnal.gov&noUDP&sock=slot1_3_1232_ce2b_1893>
...
040 (34567805.000.000) 2021-09-17 13:23:49 Finished transferring input files
...
001 (34567805.000.000) 2021-09-17 13:23:50 Job executing on host: <131.225.191.174:9618?addrs=131.225.191.174-9618&alias=cmswn1916.fnal.gov&noUDP&sock=startd_1156_7f92>
...
006 (34567805.000.000) 2021-09-17 13:23:59 Image size of job updated: 42
	42  -  MemoryUsage of job (MB)
	43084  -  ResidentSetSize of job (KB)
...
006 (34567805.000.000) 2021-09-17 13:25:00 Image size of job updated: 528
	528  -  MemoryUsage of job (MB)
	541432  -  ResidentSetSize of job (KB)
...
006 (34567805.000.000) 2021-09-17 13:29:02 Image size of job updated: 544
	544  -  MemoryUsage of job (MB)
	557068  -  ResidentSetSize of job (KB)
...
006 (34567805.000.000) 2021-09-17 13:30:03 Image size of job updated: 589
	589  -  MemoryUsage of job (MB)
	603972  -  ResidentSetSize of job (KB)
...
006 (34567805.000.000) 2021-09-17 13:31:03 Image size of job updated: 633
	633  -  MemoryUsage of job (MB)
	648476  -  ResidentSetSize of job (KB)
...
006 (34567805.000.000) 2021-09-17 13:32:03 Image size of job updated: 671
	671  -  MemoryUsage of job (MB)
	687392  -  ResidentSetSize of job (KB)
...
006 (34567805.000.000) 2021-09-17 13:33:03 Image size of job updated: 706
	706  -  MemoryUsage of job (MB)
	723260  -  ResidentSetSize of job (KB)
...
006 (34567805.000.000) 2021-09-17 13:34:04 Image size of job updated: 738
	738  -  MemoryUsage of job (MB)
	756084  -  ResidentSetSize of job (KB)
...
006 (34567805.000.000) 2021-09-17 13:35:05 Image size of job updated: 768
	768  -  MemoryUsage of job (MB)
	787248  -  ResidentSetSize of job (KB)
...
006 (34567805.000.000) 2021-09-17 13:36:05 Image size of job updated: 795
	795  -  MemoryUsage of job (MB)
	814268  -  ResidentSetSize of job (KB)
...
006 (34567805.000.000) 2021-09-17 13:37:06 Image size of job updated: 823
	823  -  MemoryUsage of job (MB)
	842976  -  ResidentSetSize of job (KB)
...
006 (34567805.000.000) 2021-09-17 13:38:06 Image size of job updated: 851
	851  -  MemoryUsage of job (MB)
	871572  -  ResidentSetSize of job (KB)
...
006 (34567805.000.000) 2021-09-17 13:39:07 Image size of job updated: 876
	876  -  MemoryUsage of job (MB)
	897752  -  ResidentSetSize of job (KB)
...
006 (34567805.000.000) 2021-09-17 13:40:08 Image size of job updated: 913
	913  -  MemoryUsage of job (MB)
	935524  -  ResidentSetSize of job (KB)
...
006 (34567805.000.000) 2021-09-17 13:41:08 Image size of job updated: 939
	939  -  MemoryUsage of job (MB)
	961932  -  ResidentSetSize of job (KB)
...
006 (34567805.000.000) 2021-09-17 13:42:08 Image size of job updated: 963
	963  -  MemoryUsage of job (MB)
	986876  -  ResidentSetSize of job (KB)
...
006 (34567805.000.000) 2021-09-17 13:43:08 Image size of job updated: 986
	986  -  MemoryUsage of job (MB)
	1009980  -  ResidentSetSize of job (KB)
...
006 (34567805.000.000) 2021-09-17 13:44:09 Image size of job updated: 1009
	1009  -  MemoryUsage of job (MB)
	1033808  -  ResidentSetSize of job (KB)
...
006 (34567805.000.000) 2021-09-17 13:45:09 Image size of job updated: 1036
	1036  -  MemoryUsage of job (MB)
	1061356  -  ResidentSetSize of job (KB)
...
006 (34567805.000.000) 2021-09-17 13:46:09 Image size of job updated: 1068
	1068  -  MemoryUsage of job (MB)
	1094644  -  ResidentSetSize of job (KB)
...
006 (34567805.000.000) 2021-09-17 13:47:10 Image size of job updated: 1087
	1087  -  MemoryUsage of job (MB)
	1114084  -  ResidentSetSize of job (KB)
...
006 (34567805.000.000) 2021-09-17 13:48:10 Image size of job updated: 1108
	1108  -  MemoryUsage of job (MB)
	1134884  -  ResidentSetSize of job (KB)
...
006 (34567805.000.000) 2021-09-17 13:49:10 Image size of job updated: 1128
	1128  -  MemoryUsage of job (MB)
	1155460  -  ResidentSetSize of job (KB)
...
006 (34567805.000.000) 2021-09-17 13:50:11 Image size of job updated: 1147
	1147  -  MemoryUsage of job (MB)
	1175284  -  ResidentSetSize of job (KB)
...
006 (34567805.000.000) 2021-09-17 13:51:11 Image size of job updated: 1165
	1165  -  MemoryUsage of job (MB)
	1193600  -  ResidentSetSize of job (KB)
...
006 (34567805.000.000) 2021-09-17 13:52:11 Image size of job updated: 1184
	1184  -  MemoryUsage of job (MB)
	1212800  -  ResidentSetSize of job (KB)
...
006 (34567805.000.000) 2021-09-17 13:53:12 Image size of job updated: 1202
	1202  -  MemoryUsage of job (MB)
	1231704  -  ResidentSetSize of job (KB)
...
006 (34567805.000.000) 2021-09-17 13:54:12 Image size of job updated: 1220
	1220  -  MemoryUsage of job (MB)
	1250052  -  ResidentSetSize of job (KB)
...
006 (34567805.000.000) 2021-09-17 13:55:13 Image size of job updated: 1238
	1238  -  MemoryUsage of job (MB)
	1267888  -  ResidentSetSize of job (KB)
...
006 (34567805.000.000) 2021-09-17 13:56:14 Image size of job updated: 1255
	1255  -  MemoryUsage of job (MB)
	1285476  -  ResidentSetSize of job (KB)
...
006 (34567805.000.000) 2021-09-17 13:57:14 Image size of job updated: 1272
	1272  -  MemoryUsage of job (MB)
	1302992  -  ResidentSetSize of job (KB)
...
006 (34567805.000.000) 2021-09-17 13:58:15 Image size of job updated: 1288
	1288  -  MemoryUsage of job (MB)
	1319864  -  ResidentSetSize of job (KB)
...
006 (34567805.000.000) 2021-09-17 13:59:16 Image size of job updated: 1305
	1305  -  MemoryUsage of job (MB)
	1336792  -  ResidentSetSize of job (KB)
...
006 (34567805.000.000) 2021-09-17 14:00:17 Image size of job updated: 1321
	1321  -  MemoryUsage of job (MB)
	1353032  -  ResidentSetSize of job (KB)
...
006 (34567805.000.000) 2021-09-17 14:01:18 Image size of job updated: 1337
	1337  -  MemoryUsage of job (MB)
	1369312  -  ResidentSetSize of job (KB)
...
006 (34567805.000.000) 2021-09-17 14:02:18 Image size of job updated: 1353
	1353  -  MemoryUsage of job (MB)
	1385532  -  ResidentSetSize of job (KB)
...
006 (34567805.000.000) 2021-09-17 14:03:18 Image size of job updated: 1368
	1368  -  MemoryUsage of job (MB)
	1401364  -  ResidentSetSize of job (KB)
...
006 (34567805.000.000) 2021-09-17 14:04:19 Image size of job updated: 1384
	1384  -  MemoryUsage of job (MB)
	1417304  -  ResidentSetSize of job (KB)
...
006 (34567805.000.000) 2021-09-17 14:05:19 Image size of job updated: 1399
	1399  -  MemoryUsage of job (MB)
	1433288  -  ResidentSetSize of job (KB)
...
006 (34567805.000.000) 2021-09-17 14:06:19 Image size of job updated: 1415
	1415  -  MemoryUsage of job (MB)
	1448996  -  ResidentSetSize of job (KB)
...
006 (34567805.000.000) 2021-09-17 14:07:20 Image size of job updated: 1430
	1430  -  MemoryUsage of job (MB)
	1464652  -  ResidentSetSize of job (KB)
...
006 (34567805.000.000) 2021-09-17 14:08:20 Image size of job updated: 1445
	1445  -  MemoryUsage of job (MB)
	1480040  -  ResidentSetSize of job (KB)
...
006 (34567805.000.000) 2021-09-17 14:09:21 Image size of job updated: 1460
	1460  -  MemoryUsage of job (MB)
	1495328  -  ResidentSetSize of job (KB)
...
006 (34567805.000.000) 2021-09-17 14:10:22 Image size of job updated: 1474
	1474  -  MemoryUsage of job (MB)
	1510276  -  ResidentSetSize of job (KB)
...
006 (34567805.000.000) 2021-09-17 14:11:22 Image size of job updated: 1489
	1489  -  MemoryUsage of job (MB)
	1525152  -  ResidentSetSize of job (KB)
...
006 (34567805.000.000) 2021-09-17 14:12:23 Image size of job updated: 1503
	1503  -  MemoryUsage of job (MB)
	1539904  -  ResidentSetSize of job (KB)
...
006 (34567805.000.000) 2021-09-17 14:13:24 Image size of job updated: 1517
	1517  -  MemoryUsage of job (MB)
	1554412  -  ResidentSetSize of job (KB)
...
006 (34567805.000.000) 2021-09-17 14:14:24 Image size of job updated: 1532
	1532  -  MemoryUsage of job (MB)
	1568844  -  ResidentSetSize of job (KB)
...
006 (34567805.000.000) 2021-09-17 14:15:25 Image size of job updated: 1615
	1615  -  MemoryUsage of job (MB)
	1654544  -  ResidentSetSize of job (KB)
...
006 (34567805.000.000) 2021-09-17 14:16:26 Image size of job updated: 1656
	1656  -  MemoryUsage of job (MB)
	1696608  -  ResidentSetSize of job (KB)
...
006 (34567805.000.000) 2021-09-17 14:17:26 Image size of job updated: 1670
	1670  -  MemoryUsage of job (MB)
	1710476  -  ResidentSetSize of job (KB)
...
006 (34567805.000.000) 2021-09-17 14:18:27 Image size of job updated: 1673
	1673  -  MemoryUsage of job (MB)
	1713548  -  ResidentSetSize of job (KB)
...
006 (34567805.000.000) 2021-09-17 14:19:27 Image size of job updated: 1676
	1676  -  MemoryUsage of job (MB)
	1716708  -  ResidentSetSize of job (KB)
...
006 (34567805.000.000) 2021-09-17 14:20:27 Image size of job updated: 1678
	1678  -  MemoryUsage of job (MB)
	1718452  -  ResidentSetSize of job (KB)
...
006 (34567805.000.000) 2021-09-17 14:21:28 Image size of job updated: 1681
	1681  -  MemoryUsage of job (MB)
	1721820  -  ResidentSetSize of job (KB)
...
006 (34567805.000.000) 2021-09-17 14:22:28 Image size of job updated: 1682
	1682  -  MemoryUsage of job (MB)
	1722616  -  ResidentSetSize of job (KB)
...
006 (34567805.000.000) 2021-09-17 14:23:28 Image size of job updated: 1684
	1684  -  MemoryUsage of job (MB)
	1724580  -  ResidentSetSize of job (KB)
...
006 (34567805.000.000) 2021-09-17 14:24:29 Image size of job updated: 1685
	1685  -  MemoryUsage of job (MB)
	1726008  -  ResidentSetSize of job (KB)
...
006 (34567805.000.000) 2021-09-17 14:25:30 Image size of job updated: 1686
	1686  -  MemoryUsage of job (MB)
	1726968  -  ResidentSetSize of job (KB)
...
006 (34567805.000.000) 2021-09-17 14:26:30 Image size of job updated: 1690
	1690  -  MemoryUsage of job (MB)
	1730788  -  ResidentSetSize of job (KB)
...
006 (34567805.000.000) 2021-09-17 14:27:31 Image size of job updated: 1696
	1696  -  MemoryUsage of job (MB)
	1737208  -  ResidentSetSize of job (KB)
...
006 (34567805.000.000) 2021-09-17 14:28:31 Image size of job updated: 1698
	1698  -  MemoryUsage of job (MB)
	1738772  -  ResidentSetSize of job (KB)
...
006 (34567805.000.000) 2021-09-17 14:29:31 Image size of job updated: 1701
	1701  -  MemoryUsage of job (MB)
	1741968  -  ResidentSetSize of job (KB)
...
006 (34567805.000.000) 2021-09-17 14:30:32 Image size of job updated: 1702
	1702  -  MemoryUsage of job (MB)
	1743316  -  ResidentSetSize of job (KB)
...
006 (34567805.000.000) 2021-09-17 14:31:32 Image size of job updated: 1702
	1702  -  MemoryUsage of job (MB)
	1743740  -  ResidentSetSize of job (KB)
...
006 (34567805.000.000) 2021-09-17 14:32:33 Image size of job updated: 1703
	1703  -  MemoryUsage of job (MB)
	1744060  -  ResidentSetSize of job (KB)
...
006 (34567805.000.000) 2021-09-17 14:33:34 Image size of job updated: 1704
	1704  -  MemoryUsage of job (MB)
	1745064  -  ResidentSetSize of job (KB)
...
006 (34567805.000.000) 2021-09-17 14:34:34 Image size of job updated: 1704
	1704  -  MemoryUsage of job (MB)
	1745224  -  ResidentSetSize of job (KB)
...
006 (34567805.000.000) 2021-09-17 14:35:34 Image size of job updated: 1704
	1704  -  MemoryUsage of job (MB)
	1745816  -  ResidentSetSize of job (KB)
...
006 (34567805.000.000) 2021-09-17 14:36:34 Image size of job updated: 1705
	1705  -  MemoryUsage of job (MB)
	1746456  -  ResidentSetSize of job (KB)
...
006 (34567805.000.000) 2021-09-17 14:37:34 Image size of job updated: 1705
	1705  -  MemoryUsage of job (MB)
	1746812  -  ResidentSetSize of job (KB)
...
006 (34567805.000.000) 2021-09-17 14:38:35 Image size of job updated: 1706
	1706  -  MemoryUsage of job (MB)
	1747312  -  ResidentSetSize of job (KB)
...
006 (34567805.000.000) 2021-09-17 14:39:36 Image size of job updated: 1706
	1706  -  MemoryUsage of job (MB)
	1747600  -  ResidentSetSize of job (KB)
...
006 (34567805.000.000) 2021-09-17 14:40:36 Image size of job updated: 1707
	1707  -  MemoryUsage of job (MB)
	1748536  -  ResidentSetSize of job (KB)
...
006 (34567805.000.000) 2021-09-17 14:41:37 Image size of job updated: 1709
	1709  -  MemoryUsage of job (MB)
	1750204  -  ResidentSetSize of job (KB)
...
006 (34567805.000.000) 2021-09-17 14:42:38 Image size of job updated: 1709
	1709  -  MemoryUsage of job (MB)
	1750816  -  ResidentSetSize of job (KB)
...
006 (34567805.000.000) 2021-09-17 14:43:38 Image size of job updated: 1709
	1709  -  MemoryUsage of job (MB)
	1750872  -  ResidentSetSize of job (KB)
...
006 (34567805.000.000) 2021-09-17 14:44:39 Image size of job updated: 1710
	1710  -  MemoryUsage of job (MB)
	1751376  -  ResidentSetSize of job (KB)
...
006 (34567805.000.000) 2021-09-17 14:45:40 Image size of job updated: 1710
	1710  -  MemoryUsage of job (MB)
	1751628  -  ResidentSetSize of job (KB)
...
006 (34567805.000.000) 2021-09-17 14:46:40 Image size of job updated: 1711
	1711  -  MemoryUsage of job (MB)
	1752104  -  ResidentSetSize of job (KB)
...
006 (34567805.000.000) 2021-09-17 14:47:41 Image size of job updated: 1711
	1711  -  MemoryUsage of job (MB)
	1752584  -  ResidentSetSize of job (KB)
...
006 (34567805.000.000) 2021-09-17 14:48:42 Image size of job updated: 1711
	1711  -  MemoryUsage of job (MB)
	1752936  -  ResidentSetSize of job (KB)
...
006 (34567805.000.000) 2021-09-17 14:49:42 Image size of job updated: 1712
	1712  -  MemoryUsage of job (MB)
	1753248  -  ResidentSetSize of job (KB)
...
006 (34567805.000.000) 2021-09-17 14:50:43 Image size of job updated: 1712
	1712  -  MemoryUsage of job (MB)
	1753572  -  ResidentSetSize of job (KB)
...
006 (34567805.000.000) 2021-09-17 14:51:44 Image size of job updated: 1712
	1712  -  MemoryUsage of job (MB)
	1753832  -  ResidentSetSize of job (KB)
...
006 (34567805.000.000) 2021-09-17 14:52:44 Image size of job updated: 1712
	1712  -  MemoryUsage of job (MB)
	1754076  -  ResidentSetSize of job (KB)
...
006 (34567805.000.000) 2021-09-17 14:53:45 Image size of job updated: 1713
	1713  -  MemoryUsage of job (MB)
	1754440  -  ResidentSetSize of job (KB)
...
006 (34567805.000.000) 2021-09-17 14:54:45 Image size of job updated: 1714
	1714  -  MemoryUsage of job (MB)
	1756112  -  ResidentSetSize of job (KB)
...
006 (34567805.000.000) 2021-09-17 14:55:45 Image size of job updated: 1715
	1715  -  MemoryUsage of job (MB)
	1756160  -  ResidentSetSize of job (KB)
...
006 (34567805.000.000) 2021-09-17 14:56:46 Image size of job updated: 1715
	1715  -  MemoryUsage of job (MB)
	1756308  -  ResidentSetSize of job (KB)
...
006 (34567805.000.000) 2021-09-17 14:57:46 Image size of job updated: 1715
	1715  -  MemoryUsage of job (MB)
	1756328  -  ResidentSetSize of job (KB)
...
006 (34567805.000.000) 2021-09-17 14:58:46 Image size of job updated: 1715
	1715  -  MemoryUsage of job (MB)
	1756332  -  ResidentSetSize of job (KB)
...
006 (34567805.000.000) 2021-09-17 14:59:47 Image size of job updated: 1715
	1715  -  MemoryUsage of job (MB)
	1756432  -  ResidentSetSize of job (KB)
...
006 (34567805.000.000) 2021-09-17 15:00:47 Image size of job updated: 1715
	1715  -  MemoryUsage of job (MB)
	1756520  -  ResidentSetSize of job (KB)
...
006 (34567805.000.000) 2021-09-17 15:01:47 Image size of job updated: 1715
	1715  -  MemoryUsage of job (MB)
	1757104  -  ResidentSetSize of job (KB)
...
006 (34567805.000.000) 2021-09-17 15:02:48 Image size of job updated: 1715
	1715  -  MemoryUsage of job (MB)
	1757148  -  ResidentSetSize of job (KB)
...
006 (34567805.000.000) 2021-09-17 15:03:49 Image size of job updated: 1716
	1716  -  MemoryUsage of job (MB)
	1757208  -  ResidentSetSize of job (KB)
...
006 (34567805.000.000) 2021-09-17 15:04:49 Image size of job updated: 1716
	1716  -  MemoryUsage of job (MB)
	1757912  -  ResidentSetSize of job (KB)
...
006 (34567805.000.000) 2021-09-17 15:05:50 Image size of job updated: 1717
	1717  -  MemoryUsage of job (MB)
	1758552  -  ResidentSetSize of job (KB)
...
006 (34567805.000.000) 2021-09-17 15:06:50 Image size of job updated: 1719
	1719  -  MemoryUsage of job (MB)
	1760492  -  ResidentSetSize of job (KB)
...
006 (34567805.000.000) 2021-09-17 15:07:50 Image size of job updated: 1720
	1720  -  MemoryUsage of job (MB)
	1761372  -  ResidentSetSize of job (KB)
...
006 (34567805.000.000) 2021-09-17 15:08:51 Image size of job updated: 1720
	1720  -  MemoryUsage of job (MB)
	1761460  -  ResidentSetSize of job (KB)
...
006 (34567805.000.000) 2021-09-17 15:09:51 Image size of job updated: 1720
	1720  -  MemoryUsage of job (MB)
	1761512  -  ResidentSetSize of job (KB)
...
006 (34567805.000.000) 2021-09-17 15:10:51 Image size of job updated: 1720
	1720  -  MemoryUsage of job (MB)
	1761888  -  ResidentSetSize of job (KB)
...
006 (34567805.000.000) 2021-09-17 15:11:51 Image size of job updated: 1720
	1720  -  MemoryUsage of job (MB)
	1762176  -  ResidentSetSize of job (KB)
...
006 (34567805.000.000) 2021-09-17 15:12:51 Image size of job updated: 1721
	1721  -  MemoryUsage of job (MB)
	1762408  -  ResidentSetSize of job (KB)
...
006 (34567805.000.000) 2021-09-17 15:13:52 Image size of job updated: 1722
	1722  -  MemoryUsage of job (MB)
	1763824  -  ResidentSetSize of job (KB)
...
006 (34567805.000.000) 2021-09-17 15:14:52 Image size of job updated: 1723
	1723  -  MemoryUsage of job (MB)
	1765232  -  ResidentSetSize of job (KB)
...
006 (34567805.000.000) 2021-09-17 15:15:52 Image size of job updated: 1724
	1724  -  MemoryUsage of job (MB)
	1766368  -  ResidentSetSize of job (KB)
...
006 (34567805.000.000) 2021-09-17 15:16:53 Image size of job updated: 1725
	1725  -  MemoryUsage of job (MB)
	1766596  -  ResidentSetSize of job (KB)
...
006 (34567805.000.000) 2021-09-17 15:17:53 Image size of job updated: 1725
	1725  -  MemoryUsage of job (MB)
	1766844  -  ResidentSetSize of job (KB)
...
006 (34567805.000.000) 2021-09-17 15:18:53 Image size of job updated: 1725
	1725  -  MemoryUsage of job (MB)
	1767220  -  ResidentSetSize of job (KB)
...
040 (34567805.000.000) 2021-09-17 15:22:02 Started transferring output files
...
040 (34567805.000.000) 2021-09-17 15:22:02 Finished transferring output files
...
005 (34567805.000.000) 2021-09-17 15:22:05 Job terminated.
	(1) Normal termination (return value 0)
		Usr 0 01:14:04, Sys 0 00:36:13  -  Run Remote Usage
		Usr 0 00:00:00, Sys 0 00:00:00  -  Run Local Usage
		Usr 0 01:14:04, Sys 0 00:36:13  -  Total Remote Usage
		Usr 0 00:00:00, Sys 0 00:00:00  -  Total Local Usage
	1234533  -  Run Bytes Sent By Job
	8471534  -  Run Bytes Received By Job
	1234533  -  Total Bytes Sent By Job
	8471534  -  Total Bytes Received By Job
	Partitionable Resources :    Usage  Request Allocated 
	   Cpus                 :     0.00        1         1 
	   Disk (KB)            : 14425       10000    308152 
	   Memory (MB)          :  1725        2048      2048 

	Job terminated of its own accord at 2021-09-17T20:22:02Z.
...
000 (34671767.000.000) 2021-09-24 22:10:42 Job submitted from host: <131.225.188.57:9618?addrs=131.225.188.57-9618&alias=lpcschedd2.fnal.gov&noUDP&sock=schedd_2251_93c6>
...
040 (34671767.000.000) 2021-09-24 22:35:27 Started transferring input files
	Transferring to host: <131.225.191.69:9618?addrs=131.225.191.69-9618&alias=cmswn1989.fnal.gov&noUDP&sock=slot1_11_1537_b498_3812>
...
040 (34671767.000.000) 2021-09-24 22:35:27 Finished transferring input files
...
001 (34671767.000.000) 2021-09-24 22:35:28 Job executing on host: <131.225.191.69:9618?addrs=131.225.191.69-9618&alias=cmswn1989.fnal.gov&noUDP&sock=startd_1443_5b40>
...
006 (34671767.000.000) 2021-09-24 22:35:37 Image size of job updated: 33
	33  -  MemoryUsage of job (MB)
	34572  -  ResidentSetSize of job (KB)
...
006 (34671767.000.000) 2021-09-24 22:36:37 Image size of job updated: 527
	527  -  MemoryUsage of job (MB)
	540168  -  ResidentSetSize of job (KB)
...
006 (34671767.000.000) 2021-09-24 22:41:40 Image size of job updated: 539
	539  -  MemoryUsage of job (MB)
	552268  -  ResidentSetSize of job (KB)
...
006 (34671767.000.000) 2021-09-24 22:42:41 Image size of job updated: 574
	574  -  MemoryUsage of job (MB)
	588140  -  ResidentSetSize of job (KB)
...
006 (34671767.000.000) 2021-09-24 22:43:41 Image size of job updated: 617
	617  -  MemoryUsage of job (MB)
	632216  -  ResidentSetSize of job (KB)
...
006 (34671767.000.000) 2021-09-24 22:44:42 Image size of job updated: 653
	653  -  MemoryUsage of job (MB)
	669196  -  ResidentSetSize of job (KB)
...
006 (34671767.000.000) 2021-09-24 22:45:42 Image size of job updated: 688
	688  -  MemoryUsage of job (MB)
	704672  -  ResidentSetSize of job (KB)
...
006 (34671767.000.000) 2021-09-24 22:46:42 Image size of job updated: 720
	720  -  MemoryUsage of job (MB)
	737512  -  ResidentSetSize of job (KB)
...
006 (34671767.000.000) 2021-09-24 22:47:42 Image size of job updated: 750
	750  -  MemoryUsage of job (MB)
	768460  -  ResidentSetSize of job (KB)
...
006 (34671767.000.000) 2021-09-24 22:48:44 Image size of job updated: 781
	781  -  MemoryUsage of job (MB)
	799976  -  ResidentSetSize of job (KB)
...
006 (34671767.000.000) 2021-09-24 22:49:44 Image size of job updated: 808
	808  -  MemoryUsage of job (MB)
	828184  -  ResidentSetSize of job (KB)
...
006 (34671767.000.000) 2021-09-24 22:50:44 Image size of job updated: 838
	838  -  MemoryUsage of job (MB)
	858536  -  ResidentSetSize of job (KB)
...
006 (34671767.000.000) 2021-09-24 22:51:44 Image size of job updated: 863
	863  -  MemoryUsage of job (MB)
	884364  -  ResidentSetSize of job (KB)
...
006 (34671767.000.000) 2021-09-24 22:52:44 Image size of job updated: 901
	901  -  MemoryUsage of job (MB)
	922696  -  ResidentSetSize of job (KB)
...
006 (34671767.000.000) 2021-09-24 22:53:44 Image size of job updated: 927
	927  -  MemoryUsage of job (MB)
	949540  -  ResidentSetSize of job (KB)
...
006 (34671767.000.000) 2021-09-24 22:54:45 Image size of job updated: 954
	954  -  MemoryUsage of job (MB)
	977280  -  ResidentSetSize of job (KB)
...
006 (34671767.000.000) 2021-09-24 22:55:45 Image size of job updated: 977
	977  -  MemoryUsage of job (MB)
	1000996  -  ResidentSetSize of job (KB)
...
006 (34671767.000.000) 2021-09-24 22:56:46 Image size of job updated: 1000
	1000  -  MemoryUsage of job (MB)
	1024436  -  ResidentSetSize of job (KB)
...
006 (34671767.000.000) 2021-09-24 22:57:47 Image size of job updated: 1025
	1025  -  MemoryUsage of job (MB)
	1049808  -  ResidentSetSize of job (KB)
...
006 (34671767.000.000) 2021-09-24 22:58:47 Image size of job updated: 1050
	1050  -  MemoryUsage of job (MB)
	1075488  -  ResidentSetSize of job (KB)
...
006 (34671767.000.000) 2021-09-24 22:59:48 Image size of job updated: 1080
	1080  -  MemoryUsage of job (MB)
	1106312  -  ResidentSetSize of job (KB)
...
006 (34671767.000.000) 2021-09-24 23:00:48 Image size of job updated: 1100
	1100  -  MemoryUsage of job (MB)
	1126536  -  ResidentSetSize of job (KB)
...
006 (34671767.000.000) 2021-09-24 23:01:49 Image size of job updated: 1119
	1119  -  MemoryUsage of job (MB)
	1146280  -  ResidentSetSize of job (KB)
...
006 (34671767.000.000) 2021-09-24 23:02:49 Image size of job updated: 1138
	1138  -  MemoryUsage of job (MB)
	1165700  -  ResidentSetSize of job (KB)
...
006 (34671767.000.000) 2021-09-24 23:03:49 Image size of job updated: 1157
	1157  -  MemoryUsage of job (MB)
	1184984  -  ResidentSetSize of job (KB)
...
006 (34671767.000.000) 2021-09-24 23:04:49 Image size of job updated: 1175
	1175  -  MemoryUsage of job (MB)
	1203296  -  ResidentSetSize of job (KB)
...
006 (34671767.000.000) 2021-09-24 23:05:49 Image size of job updated: 1195
	1195  -  MemoryUsage of job (MB)
	1223792  -  ResidentSetSize of job (KB)
...
006 (34671767.000.000) 2021-09-24 23:06:50 Image size of job updated: 1212
	1212  -  MemoryUsage of job (MB)
	1241856  -  ResidentSetSize of job (KB)
...
006 (34671767.000.000) 2021-09-24 23:07:51 Image size of job updated: 1230
	1230  -  MemoryUsage of job (MB)
	1259900  -  ResidentSetSize of job (KB)
...
006 (34671767.000.000) 2021-09-24 23:08:51 Image size of job updated: 1249
	1249  -  MemoryUsage of job (MB)
	1279508  -  ResidentSetSize of job (KB)
...
006 (34671767.000.000) 2021-09-24 23:09:52 Image size of job updated: 1266
	1266  -  MemoryUsage of job (MB)
	1296872  -  ResidentSetSize of job (KB)
...
006 (34671767.000.000) 2021-09-24 23:10:53 Image size of job updated: 1282
	1282  -  MemoryUsage of job (MB)
	1313684  -  ResidentSetSize of job (KB)
...
006 (34671767.000.000) 2021-09-24 23:11:53 Image size of job updated: 1299
	1299  -  MemoryUsage of job (MB)
	1330188  -  ResidentSetSize of job (KB)
...
006 (34671767.000.000) 2021-09-24 23:12:53 Image size of job updated: 1316
	1316  -  MemoryUsage of job (MB)
	1348464  -  ResidentSetSize of job (KB)
...
006 (34671767.000.000) 2021-09-24 23:13:53 Image size of job updated: 1332
	1332  -  MemoryUsage of job (MB)
	1364852  -  ResidentSetSize of job (KB)
...
006 (34671767.000.000) 2021-09-24 23:14:54 Image size of job updated: 1348
	1348  -  MemoryUsage of job (MB)
	1381356  -  ResidentSetSize of job (KB)
...
006 (34671767.000.000) 2021-09-24 23:15:54 Image size of job updated: 1365
	1365  -  MemoryUsage of job (MB)
	1397776  -  ResidentSetSize of job (KB)
...
006 (34671767.000.000) 2021-09-24 23:16:54 Image size of job updated: 1382
	1382  -  MemoryUsage of job (MB)
	1416084  -  ResidentSetSize of job (KB)
...
006 (34671767.000.000) 2021-09-24 23:17:54 Image size of job updated: 1398
	1398  -  MemoryUsage of job (MB)
	1432144  -  ResidentSetSize of job (KB)
...
006 (34671767.000.000) 2021-09-24 23:18:55 Image size of job updated: 1413
	1413  -  MemoryUsage of job (MB)
	1447684  -  ResidentSetSize of job (KB)
...
006 (34671767.000.000) 2021-09-24 23:19:55 Image size of job updated: 1428
	1428  -  MemoryUsage of job (MB)
	1463000  -  ResidentSetSize of job (KB)
...
006 (34671767.000.000) 2021-09-24 23:20:55 Image size of job updated: 1443
	1443  -  MemoryUsage of job (MB)
	1478024  -  ResidentSetSize of job (KB)
...
006 (34671767.000.000) 2021-09-24 23:21:55 Image size of job updated: 1459
	1459  -  MemoryUsage of job (MB)
	1494584  -  ResidentSetSize of job (KB)
...
006 (34671767.000.000) 2021-09-24 23:22:56 Image size of job updated: 1473
	1473  -  MemoryUsage of job (MB)
	1509264  -  ResidentSetSize of job (KB)
...
006 (34671767.000.000) 2021-09-24 23:23:56 Image size of job updated: 1487
	1487  -  MemoryUsage of job (MB)
	1523708  -  ResidentSetSize of job (KB)
...
006 (34671767.000.000) 2021-09-24 23:24:56 Image size of job updated: 1501
	1501  -  MemoryUsage of job (MB)
	1537932  -  ResidentSetSize of job (KB)
...
006 (34671767.000.000) 2021-09-24 23:25:56 Image size of job updated: 1515
	1515  -  MemoryUsage of job (MB)
	1551828  -  ResidentSetSize of job (KB)
...
006 (34671767.000.000) 2021-09-24 23:26:56 Image size of job updated: 1530
	1530  -  MemoryUsage of job (MB)
	1567404  -  ResidentSetSize of job (KB)
...
006 (34671767.000.000) 2021-09-24 23:27:57 Image size of job updated: 1553
	1553  -  MemoryUsage of job (MB)
	1590616  -  ResidentSetSize of job (KB)
...
006 (34671767.000.000) 2021-09-24 23:28:57 Image size of job updated: 1640
	1640  -  MemoryUsage of job (MB)
	1679744  -  ResidentSetSize of job (KB)
...
006 (34671767.000.000) 2021-09-24 23:29:58 Image size of job updated: 1666
	1666  -  MemoryUsage of job (MB)
	1706780  -  ResidentSetSize of job (KB)
...
006 (34671767.000.000) 2021-09-24 23:30:58 Image size of job updated: 1668
	1668  -  MemoryUsage of job (MB)
	1709032  -  ResidentSetSize of job (KB)
...
006 (34671767.000.000) 2021-09-24 23:31:58 Image size of job updated: 1671
	1671  -  MemoryUsage of job (MB)
	1712056  -  ResidentSetSize of job (KB)
...
006 (34671767.000.000) 2021-09-24 23:32:59 Image size of job updated: 1672
	1672  -  MemoryUsage of job (MB)
	1712836  -  ResidentSetSize of job (KB)
...
006 (34671767.000.000) 2021-09-24 23:34:00 Image size of job updated: 1674
	1674  -  MemoryUsage of job (MB)
	1714564  -  ResidentSetSize of job (KB)
...
006 (34671767.000.000) 2021-09-24 23:35:01 Image size of job updated: 1674
	1674  -  MemoryUsage of job (MB)
	1715192  -  ResidentSetSize of job (KB)
...
006 (34671767.000.000) 2021-09-24 23:36:01 Image size of job updated: 1676
	1676  -  MemoryUsage of job (MB)
	1716756  -  ResidentSetSize of job (KB)
...
006 (34671767.000.000) 2021-09-24 23:37:01 Image size of job updated: 1678
	1678  -  MemoryUsage of job (MB)
	1718460  -  ResidentSetSize of job (KB)
...
006 (34671767.000.000) 2021-09-24 23:38:01 Image size of job updated: 1678
	1678  -  MemoryUsage of job (MB)
	1719048  -  ResidentSetSize of job (KB)
...
006 (34671767.000.000) 2021-09-24 23:39:02 Image size of job updated: 1680
	1680  -  MemoryUsage of job (MB)
	1720460  -  ResidentSetSize of job (KB)
...
006 (34671767.000.000) 2021-09-24 23:40:02 Image size of job updated: 1681
	1681  -  MemoryUsage of job (MB)
	1721468  -  ResidentSetSize of job (KB)
...
006 (34671767.000.000) 2021-09-24 23:41:02 Image size of job updated: 1681
	1681  -  MemoryUsage of job (MB)
	1721692  -  ResidentSetSize of job (KB)
...
006 (34671767.000.000) 2021-09-24 23:42:03 Image size of job updated: 1682
	1682  -  MemoryUsage of job (MB)
	1722528  -  ResidentSetSize of job (KB)
...
006 (34671767.000.000) 2021-09-24 23:43:03 Image size of job updated: 1684
	1684  -  MemoryUsage of job (MB)
	1724500  -  ResidentSetSize of job (KB)
...
006 (34671767.000.000) 2021-09-24 23:44:04 Image size of job updated: 1684
	1684  -  MemoryUsage of job (MB)
	1724936  -  ResidentSetSize of job (KB)
...
006 (34671767.000.000) 2021-09-24 23:45:04 Image size of job updated: 1685
	1685  -  MemoryUsage of job (MB)
	1725892  -  ResidentSetSize of job (KB)
...
006 (34671767.000.000) 2021-09-24 23:46:04 Image size of job updated: 1685
	1685  -  MemoryUsage of job (MB)
	1726228  -  ResidentSetSize of job (KB)
...
006 (34671767.000.000) 2021-09-24 23:47:04 Image size of job updated: 1686
	1686  -  MemoryUsage of job (MB)
	1726528  -  ResidentSetSize of job (KB)
...
006 (34671767.000.000) 2021-09-24 23:48:04 Image size of job updated: 1686
	1686  -  MemoryUsage of job (MB)
	1727156  -  ResidentSetSize of job (KB)
...
006 (34671767.000.000) 2021-09-24 23:49:04 Image size of job updated: 1687
	1687  -  MemoryUsage of job (MB)
	1727536  -  ResidentSetSize of job (KB)
...
006 (34671767.000.000) 2021-09-24 23:50:06 Image size of job updated: 1688
	1688  -  MemoryUsage of job (MB)
	1728668  -  ResidentSetSize of job (KB)
...
006 (34671767.000.000) 2021-09-24 23:51:06 Image size of job updated: 1688
	1688  -  MemoryUsage of job (MB)
	1728792  -  ResidentSetSize of job (KB)
...
006 (34671767.000.000) 2021-09-24 23:52:07 Image size of job updated: 1688
	1688  -  MemoryUsage of job (MB)
	1729368  -  ResidentSetSize of job (KB)
...
006 (34671767.000.000) 2021-09-24 23:53:07 Image size of job updated: 1689
	1689  -  MemoryUsage of job (MB)
	1729888  -  ResidentSetSize of job (KB)
...
006 (34671767.000.000) 2021-09-24 23:54:07 Image size of job updated: 1689
	1689  -  MemoryUsage of job (MB)
	1730460  -  ResidentSetSize of job (KB)
...
006 (34671767.000.000) 2021-09-24 23:55:07 Image size of job updated: 1691
	1691  -  MemoryUsage of job (MB)
	1732092  -  ResidentSetSize of job (KB)
...
006 (34671767.000.000) 2021-09-24 23:56:07 Image size of job updated: 1691
	1691  -  MemoryUsage of job (MB)
	1732248  -  ResidentSetSize of job (KB)
...
006 (34671767.000.000) 2021-09-24 23:57:08 Image size of job updated: 1691
	1691  -  MemoryUsage of job (MB)
	1732392  -  ResidentSetSize of job (KB)
...
006 (34671767.000.000) 2021-09-24 23:58:09 Image size of job updated: 1693
	1693  -  MemoryUsage of job (MB)
	1733728  -  ResidentSetSize of job (KB)
...
006 (34671767.000.000) 2021-09-25 01:11:55 Image size of job updated: 1694
	1694  -  MemoryUsage of job (MB)
	1734988  -  ResidentSetSize of job (KB)
...
006 (34671767.000.000) 2021-09-25 01:13:56 Image size of job updated: 1696
	1696  -  MemoryUsage of job (MB)
	1736812  -  ResidentSetSize of job (KB)
...
006 (34671767.000.000) 2021-09-25 01:17:57 Image size of job updated: 1697
	1697  -  MemoryUsage of job (MB)
	1737848  -  ResidentSetSize of job (KB)
...
006 (34671767.000.000) 2021-09-25 01:19:57 Image size of job updated: 1698
	1698  -  MemoryUsage of job (MB)
	1739132  -  ResidentSetSize of job (KB)
...
006 (34671767.000.000) 2021-09-25 01:22:59 Image size of job updated: 1698
	1698  -  MemoryUsage of job (MB)
	1739736  -  ResidentSetSize of job (KB)
...
006 (34671767.000.000) 2021-09-25 01:26:00 Image size of job updated: 1700
	1700  -  MemoryUsage of job (MB)
	1741360  -  ResidentSetSize of job (KB)
...
006 (34671767.000.000) 2021-09-25 01:29:02 Image size of job updated: 1700
	1700  -  MemoryUsage of job (MB)
	1741812  -  ResidentSetSize of job (KB)
...
006 (34671767.000.000) 2021-09-25 01:32:03 Image size of job updated: 1701
	1701  -  MemoryUsage of job (MB)
	1742164  -  ResidentSetSize of job (KB)
...
006 (34671767.000.000) 2021-09-25 01:35:05 Image size of job updated: 1702
	1702  -  MemoryUsage of job (MB)
	1742896  -  ResidentSetSize of job (KB)
...
006 (34671767.000.000) 2021-09-25 01:38:05 Image size of job updated: 1702
	1702  -  MemoryUsage of job (MB)
	1743784  -  ResidentSetSize of job (KB)
...
006 (34671767.000.000) 2021-09-25 01:41:05 Image size of job updated: 1703
	1703  -  MemoryUsage of job (MB)
	1743912  -  ResidentSetSize of job (KB)
...
006 (34671767.000.000) 2021-09-25 01:44:08 Image size of job updated: 1703
	1703  -  MemoryUsage of job (MB)
	1744092  -  ResidentSetSize of job (KB)
...
006 (34671767.000.000) 2021-09-25 01:47:11 Image size of job updated: 1703
	1703  -  MemoryUsage of job (MB)
	1744440  -  ResidentSetSize of job (KB)
...
006 (34671767.000.000) 2021-09-25 01:50:11 Image size of job updated: 1704
	1704  -  MemoryUsage of job (MB)
	1745024  -  ResidentSetSize of job (KB)
...
006 (34671767.000.000) 2021-09-25 01:54:13 Image size of job updated: 1704
	1704  -  MemoryUsage of job (MB)
	1745160  -  ResidentSetSize of job (KB)
...
006 (34671767.000.000) 2021-09-25 01:57:15 Image size of job updated: 1705
	1705  -  MemoryUsage of job (MB)
	1746044  -  ResidentSetSize of job (KB)
...
006 (34671767.000.000) 2021-09-25 02:01:15 Image size of job updated: 1705
	1705  -  MemoryUsage of job (MB)
	1746320  -  ResidentSetSize of job (KB)
...
006 (34671767.000.000) 2021-09-25 02:04:19 Image size of job updated: 1707
	1707  -  MemoryUsage of job (MB)
	1748668  -  ResidentSetSize of job (KB)
...
006 (34671767.000.000) 2021-09-25 02:08:20 Image size of job updated: 1707
	1707  -  MemoryUsage of job (MB)
	1748688  -  ResidentSetSize of job (KB)
...
006 (34671767.000.000) 2021-09-25 02:11:21 Image size of job updated: 1708
	1708  -  MemoryUsage of job (MB)
	1749420  -  ResidentSetSize of job (KB)
...
006 (34671767.000.000) 2021-09-25 02:15:21 Image size of job updated: 1708
	1708  -  MemoryUsage of job (MB)
	1749592  -  ResidentSetSize of job (KB)
...
006 (34671767.000.000) 2021-09-25 02:18:23 Image size of job updated: 1709
	1709  -  MemoryUsage of job (MB)
	1750880  -  ResidentSetSize of job (KB)
...
006 (34671767.000.000) 2021-09-25 02:22:27 Image size of job updated: 1709
	1709  -  MemoryUsage of job (MB)
	1750920  -  ResidentSetSize of job (KB)
...
006 (34671767.000.000) 2021-09-25 02:25:27 Image size of job updated: 1710
	1710  -  MemoryUsage of job (MB)
	1751064  -  ResidentSetSize of job (KB)
...
006 (34671767.000.000) 2021-09-25 02:29:28 Image size of job updated: 1710
	1710  -  MemoryUsage of job (MB)
	1751192  -  ResidentSetSize of job (KB)
...
006 (34671767.000.000) 2021-09-25 02:32:28 Image size of job updated: 1710
	1710  -  MemoryUsage of job (MB)
	1751836  -  ResidentSetSize of job (KB)
...
006 (34671767.000.000) 2021-09-25 02:36:30 Image size of job updated: 1710
	1710  -  MemoryUsage of job (MB)
	1751900  -  ResidentSetSize of job (KB)
...
006 (34671767.000.000) 2021-09-25 02:39:32 Image size of job updated: 1710
	1710  -  MemoryUsage of job (MB)
	1751952  -  ResidentSetSize of job (KB)
...
006 (34671767.000.000) 2021-09-25 02:42:33 Image size of job updated: 1710
	1710  -  MemoryUsage of job (MB)
	1751980  -  ResidentSetSize of job (KB)
...
006 (34671767.000.000) 2021-09-25 02:46:35 Image size of job updated: 1711
	1711  -  MemoryUsage of job (MB)
	1752200  -  ResidentSetSize of job (KB)
...
006 (34671767.000.000) 2021-09-25 02:50:37 Image size of job updated: 1711
	1711  -  MemoryUsage of job (MB)
	1752204  -  ResidentSetSize of job (KB)
...
006 (34671767.000.000) 2021-09-25 02:53:38 Image size of job updated: 1711
	1711  -  MemoryUsage of job (MB)
	1752212  -  ResidentSetSize of job (KB)
...
006 (34671767.000.000) 2021-09-25 02:56:40 Image size of job updated: 1711
	1711  -  MemoryUsage of job (MB)
	1752216  -  ResidentSetSize of job (KB)
...
006 (34671767.000.000) 2021-09-25 02:59:43 Image size of job updated: 1711
	1711  -  MemoryUsage of job (MB)
	1752348  -  ResidentSetSize of job (KB)
...
006 (34671767.000.000) 2021-09-25 03:03:44 Image size of job updated: 1711
	1711  -  MemoryUsage of job (MB)
	1752416  -  ResidentSetSize of job (KB)
...
006 (34671767.000.000) 2021-09-25 03:06:47 Image size of job updated: 1711
	1711  -  MemoryUsage of job (MB)
	1752692  -  ResidentSetSize of job (KB)
...
006 (34671767.000.000) 2021-09-25 03:10:50 Image size of job updated: 1711
	1711  -  MemoryUsage of job (MB)
	1752784  -  ResidentSetSize of job (KB)
...
006 (34671767.000.000) 2021-09-25 03:13:52 Image size of job updated: 1712
	1712  -  MemoryUsage of job (MB)
	1753360  -  ResidentSetSize of job (KB)
...
006 (34671767.000.000) 2021-09-25 03:16:54 Image size of job updated: 1712
	1712  -  MemoryUsage of job (MB)
	1753412  -  ResidentSetSize of job (KB)
...
006 (34671767.000.000) 2021-09-25 03:19:55 Image size of job updated: 1712
	1712  -  MemoryUsage of job (MB)
	1753440  -  ResidentSetSize of job (KB)
...
006 (34671767.000.000) 2021-09-25 03:23:59 Image size of job updated: 1712
	1712  -  MemoryUsage of job (MB)
	1753448  -  ResidentSetSize of job (KB)
...
006 (34671767.000.000) 2021-09-25 03:27:02 Image size of job updated: 1712
	1712  -  MemoryUsage of job (MB)
	1753464  -  ResidentSetSize of job (KB)
...
006 (34671767.000.000) 2021-09-25 03:33:06 Image size of job updated: 1712
	1712  -  MemoryUsage of job (MB)
	1753768  -  ResidentSetSize of job (KB)
...
006 (34671767.000.000) 2021-09-25 03:36:08 Image size of job updated: 1713
	1713  -  MemoryUsage of job (MB)
	1754384  -  ResidentSetSize of job (KB)
...
006 (34671767.000.000) 2021-09-25 03:39:11 Image size of job updated: 1713
	1713  -  MemoryUsage of job (MB)
	1754532  -  ResidentSetSize of job (KB)
...
006 (34671767.000.000) 2021-09-25 03:42:14 Image size of job updated: 1713
	1713  -  MemoryUsage of job (MB)
	1755060  -  ResidentSetSize of job (KB)
...
006 (34671767.000.000) 2021-09-25 03:45:14 Image size of job updated: 1713
	1713  -  MemoryUsage of job (MB)
	1755072  -  ResidentSetSize of job (KB)
...
006 (34671767.000.000) 2021-09-25 03:47:16 Image size of job updated: 1714
	1714  -  MemoryUsage of job (MB)
	1755280  -  ResidentSetSize of job (KB)
...
006 (34671767.000.000) 2021-09-25 03:48:17 Image size of job updated: 1714
	1714  -  MemoryUsage of job (MB)
	1755284  -  ResidentSetSize of job (KB)
...
006 (34671767.000.000) 2021-09-25 03:51:19 Image size of job updated: 1714
	1714  -  MemoryUsage of job (MB)
	1755736  -  ResidentSetSize of job (KB)
...
006 (34671767.000.000) 2021-09-25 03:54:21 Image size of job updated: 1715
	1715  -  MemoryUsage of job (MB)
	1756188  -  ResidentSetSize of job (KB)
...
006 (34671767.000.000) 2021-09-25 03:57:23 Image size of job updated: 1715
	1715  -  MemoryUsage of job (MB)
	1756340  -  ResidentSetSize of job (KB)
...
006 (34671767.000.000) 2021-09-25 04:00:25 Image size of job updated: 1715
	1715  -  MemoryUsage of job (MB)
	1756448  -  ResidentSetSize of job (KB)
...
006 (34671767.000.000) 2021-09-25 04:04:28 Image size of job updated: 1715
	1715  -  MemoryUsage of job (MB)
	1756512  -  ResidentSetSize of job (KB)
...
006 (34671767.000.000) 2021-09-25 04:08:31 Image size of job updated: 1715
	1715  -  MemoryUsage of job (MB)
	1756624  -  ResidentSetSize of job (KB)
...
006 (34671767.000.000) 2021-09-25 04:11:33 Image size of job updated: 1715
	1715  -  MemoryUsage of job (MB)
	1756628  -  ResidentSetSize of job (KB)
...
006 (34671767.000.000) 2021-09-25 04:16:33 Image size of job updated: 1715
	1715  -  MemoryUsage of job (MB)
	1756724  -  ResidentSetSize of job (KB)
...
006 (34671767.000.000) 2021-09-25 04:20:36 Image size of job updated: 1715
	1715  -  MemoryUsage of job (MB)
	1756796  -  ResidentSetSize of job (KB)
...
006 (34671767.000.000) 2021-09-25 04:24:38 Image size of job updated: 1715
	1715  -  MemoryUsage of job (MB)
	1756800  -  ResidentSetSize of job (KB)
...
006 (34671767.000.000) 2021-09-25 04:27:39 Image size of job updated: 1715
	1715  -  MemoryUsage of job (MB)
	1756836  -  ResidentSetSize of job (KB)
...
006 (34671767.000.000) 2021-09-25 04:32:41 Image size of job updated: 1715
	1715  -  MemoryUsage of job (MB)
	1756844  -  ResidentSetSize of job (KB)
...
006 (34671767.000.000) 2021-09-25 04:35:42 Image size of job updated: 1715
	1715  -  MemoryUsage of job (MB)
	1757152  -  ResidentSetSize of job (KB)
...
006 (34671767.000.000) 2021-09-25 04:39:43 Image size of job updated: 1716
	1716  -  MemoryUsage of job (MB)
	1757208  -  ResidentSetSize of job (KB)
...
006 (34671767.000.000) 2021-09-25 04:43:45 Image size of job updated: 1716
	1716  -  MemoryUsage of job (MB)
	1757464  -  ResidentSetSize of job (KB)
...
006 (34671767.000.000) 2021-09-25 04:47:49 Image size of job updated: 1716
	1716  -  MemoryUsage of job (MB)
	1757520  -  ResidentSetSize of job (KB)
...
006 (34671767.000.000) 2021-09-25 04:51:52 Image size of job updated: 1716
	1716  -  MemoryUsage of job (MB)
	1757580  -  ResidentSetSize of job (KB)
...
006 (34671767.000.000) 2021-09-25 04:55:56 Image size of job updated: 1716
	1716  -  MemoryUsage of job (MB)
	1757620  -  ResidentSetSize of job (KB)
...
006 (34671767.000.000) 2021-09-25 04:58:58 Image size of job updated: 1716
	1716  -  MemoryUsage of job (MB)
	1757756  -  ResidentSetSize of job (KB)
...
006 (34671767.000.000) 2021-09-25 05:02:59 Image size of job updated: 1716
	1716  -  MemoryUsage of job (MB)
	1757800  -  ResidentSetSize of job (KB)
...
006 (34671767.000.000) 2021-09-25 05:06:02 Image size of job updated: 1717
	1717  -  MemoryUsage of job (MB)
	1758380  -  ResidentSetSize of job (KB)
...
006 (34671767.000.000) 2021-09-25 05:11:06 Image size of job updated: 1717
	1717  -  MemoryUsage of job (MB)
	1758388  -  ResidentSetSize of job (KB)
...
006 (34671767.000.000) 2021-09-25 05:14:08 Image size of job updated: 1717
	1717  -  MemoryUsage of job (MB)
	1758404  -  ResidentSetSize of job (KB)
...
006 (34671767.000.000) 2021-09-25 05:18:10 Image size of job updated: 1717
	1717  -  MemoryUsage of job (MB)
	1758408  -  ResidentSetSize of job (KB)
...
006 (34671767.000.000) 2021-09-25 05:23:12 Image size of job updated: 1717
	1717  -  MemoryUsage of job (MB)
	1758460  -  ResidentSetSize of job (KB)
...
006 (34671767.000.000) 2021-09-25 05:26:14 Image size of job updated: 1717
	1717  -  MemoryUsage of job (MB)
	1758660  -  ResidentSetSize of job (KB)
...
006 (34671767.000.000) 2021-09-25 05:27:14 Image size of job updated: 1717
	1717  -  MemoryUsage of job (MB)
	1758716  -  ResidentSetSize of job (KB)
...
006 (34671767.000.000) 2021-09-25 05:28:14 Image size of job updated: 1717
	1717  -  MemoryUsage of job (MB)
	1758760  -  ResidentSetSize of job (KB)
...
006 (34671767.000.000) 2021-09-25 05:31:18 Image size of job updated: 1717
	1717  -  MemoryUsage of job (MB)
	1758764  -  ResidentSetSize of job (KB)
...
006 (34671767.000.000) 2021-09-25 05:32:19 Image size of job updated: 1717
	1717  -  MemoryUsage of job (MB)
	1758832  -  ResidentSetSize of job (KB)
...
006 (34671767.000.000) 2021-09-25 05:37:21 Image size of job updated: 1717
	1717  -  MemoryUsage of job (MB)
	1759164  -  ResidentSetSize of job (KB)
...
006 (34671767.000.000) 2021-09-25 05:41:23 Image size of job updated: 1718
	1718  -  MemoryUsage of job (MB)
	1759364  -  ResidentSetSize of job (KB)
...
006 (34671767.000.000) 2021-09-25 05:46:26 Image size of job updated: 1718
	1718  -  MemoryUsage of job (MB)
	1759960  -  ResidentSetSize of job (KB)
...
006 (34671767.000.000) 2021-09-25 05:49:27 Image size of job updated: 1718
	1718  -  MemoryUsage of job (MB)
	1760220  -  ResidentSetSize of job (KB)
...
006 (34671767.000.000) 2021-09-25 05:50:27 Image size of job updated: 1719
	1719  -  MemoryUsage of job (MB)
	1760476  -  ResidentSetSize of job (KB)
...
006 (34671767.000.000) 2021-09-25 05:53:29 Image size of job updated: 1719
	1719  -  MemoryUsage of job (MB)
	1760500  -  ResidentSetSize of job (KB)
...
006 (34671767.000.000) 2021-09-25 05:54:30 Image size of job updated: 1719
	1719  -  MemoryUsage of job (MB)
	1760880  -  ResidentSetSize of job (KB)
...
006 (34671767.000.000) 2021-09-25 05:57:33 Image size of job updated: 1719
	1719  -  MemoryUsage of job (MB)
	1761244  -  ResidentSetSize of job (KB)
...
006 (34671767.000.000) 2021-09-25 05:58:33 Image size of job updated: 1719
	1719  -  MemoryUsage of job (MB)
	1761248  -  ResidentSetSize of job (KB)
...
006 (34671767.000.000) 2021-09-25 06:02:35 Image size of job updated: 1720
	1720  -  MemoryUsage of job (MB)
	1761292  -  ResidentSetSize of job (KB)
...
006 (34671767.000.000) 2021-09-25 06:05:38 Image size of job updated: 1721
	1721  -  MemoryUsage of job (MB)
	1762352  -  ResidentSetSize of job (KB)
...
006 (34671767.000.000) 2021-09-25 06:59:14 Image size of job updated: 1722
	1722  -  MemoryUsage of job (MB)
	1763808  -  ResidentSetSize of job (KB)
...
006 (34671767.000.000) 2021-09-25 07:02:16 Image size of job updated: 1722
	1722  -  MemoryUsage of job (MB)
	1764044  -  ResidentSetSize of job (KB)
...
006 (34671767.000.000) 2021-09-25 07:05:18 Image size of job updated: 1722
	1722  -  MemoryUsage of job (MB)
	1764288  -  ResidentSetSize of job (KB)
...
006 (34671767.000.000) 2021-09-25 07:07:20 Image size of job updated: 1723
	1723  -  MemoryUsage of job (MB)
	1764496  -  ResidentSetSize of job (KB)
...
006 (34671767.000.000) 2021-09-25 07:10:22 Image size of job updated: 1724
	1724  -  MemoryUsage of job (MB)
	1765704  -  ResidentSetSize of job (KB)
...
006 (34671767.000.000) 2021-09-25 07:12:23 Image size of job updated: 1724
	1724  -  MemoryUsage of job (MB)
	1766344  -  ResidentSetSize of job (KB)
...
006 (34671767.000.000) 2021-09-25 07:15:24 Image size of job updated: 1724
	1724  -  MemoryUsage of job (MB)
	1766388  -  ResidentSetSize of job (KB)
...
006 (34671767.000.000) 2021-09-25 07:17:49 Image size of job updated: 1725
	1725  -  MemoryUsage of job (MB)
	1766584  -  ResidentSetSize of job (KB)
...
040 (34671767.000.000) 2021-09-25 07:17:49 Started transferring output files
...
040 (34671767.000.000) 2021-09-25 07:17:49 Finished transferring output files
...
005 (34671767.000.000) 2021-09-25 07:17:51 Job terminated.
	(1) Normal termination (return value 0)
		Usr 0 01:24:38, Sys 0 07:06:35  -  Run Remote Usage
		Usr 0 00:00:00, Sys 0 00:00:00  -  Run Local Usage
		Usr 0 01:24:38, Sys 0 07:06:35  -  Total Remote Usage
		Usr 0 00:00:00, Sys 0 00:00:00  -  Total Local Usage
	1234357  -  Run Bytes Sent By Job
	8471570  -  Run Bytes Received By Job
	1234357  -  Total Bytes Sent By Job
	8471570  -  Total Bytes Received By Job
	Partitionable Resources :    Usage  Request Allocated 
	   Cpus                 :     0.00        1         1 
	   Disk (KB)            : 14561       10000    774903 
	   Memory (MB)          :  1725        2048      2048 

	Job terminated of its own accord at 2021-09-25T12:17:49Z.
...
