000 (34567775.000.000) 2021-09-17 07:09:13 Job submitted from host: <131.225.188.57:9618?addrs=131.225.188.57-9618&alias=lpcschedd2.fnal.gov&noUDP&sock=schedd_2251_93c6>
...
040 (34567775.000.000) 2021-09-17 07:43:37 Started transferring input files
	Transferring to host: <131.225.205.187:9618?addrs=131.225.205.187-9618&alias=cmswn1961.fnal.gov&noUDP&sock=slot1_6_1556_17b8_1801>
...
040 (34567775.000.000) 2021-09-17 07:43:37 Finished transferring input files
...
001 (34567775.000.000) 2021-09-17 07:43:38 Job executing on host: <131.225.205.187:9618?addrs=131.225.205.187-9618&alias=cmswn1961.fnal.gov&noUDP&sock=startd_1435_de7e>
...
006 (34567775.000.000) 2021-09-17 07:43:47 Image size of job updated: 14
	14  -  MemoryUsage of job (MB)
	15328  -  ResidentSetSize of job (KB)
...
006 (34567775.000.000) 2021-09-17 07:44:47 Image size of job updated: 415
	415  -  MemoryUsage of job (MB)
	425688  -  ResidentSetSize of job (KB)
...
006 (34567775.000.000) 2021-09-17 07:45:47 Image size of job updated: 536
	536  -  MemoryUsage of job (MB)
	549640  -  ResidentSetSize of job (KB)
...
006 (34567775.000.000) 2021-09-17 07:50:50 Image size of job updated: 553
	553  -  MemoryUsage of job (MB)
	567128  -  ResidentSetSize of job (KB)
...
006 (34567775.000.000) 2021-09-17 07:51:50 Image size of job updated: 588
	588  -  MemoryUsage of job (MB)
	603036  -  ResidentSetSize of job (KB)
...
006 (34567775.000.000) 2021-09-17 07:52:51 Image size of job updated: 618
	618  -  MemoryUsage of job (MB)
	633456  -  ResidentSetSize of job (KB)
...
006 (34567775.000.000) 2021-09-17 07:53:52 Image size of job updated: 647
	647  -  MemoryUsage of job (MB)
	662836  -  ResidentSetSize of job (KB)
...
006 (34567775.000.000) 2021-09-17 07:54:53 Image size of job updated: 674
	674  -  MemoryUsage of job (MB)
	690276  -  ResidentSetSize of job (KB)
...
006 (34567775.000.000) 2021-09-17 07:55:53 Image size of job updated: 699
	699  -  MemoryUsage of job (MB)
	716076  -  ResidentSetSize of job (KB)
...
006 (34567775.000.000) 2021-09-17 07:56:53 Image size of job updated: 720
	720  -  MemoryUsage of job (MB)
	738160  -  ResidentSetSize of job (KB)
...
006 (34567775.000.000) 2021-09-17 07:57:54 Image size of job updated: 743
	743  -  MemoryUsage of job (MB)
	761524  -  ResidentSetSize of job (KB)
...
006 (34567775.000.000) 2021-09-17 07:58:55 Image size of job updated: 765
	765  -  MemoryUsage of job (MB)
	783984  -  ResidentSetSize of job (KB)
...
006 (34567775.000.000) 2021-09-17 07:59:55 Image size of job updated: 786
	786  -  MemoryUsage of job (MB)
	805740  -  ResidentSetSize of job (KB)
...
006 (34567775.000.000) 2021-09-17 08:00:55 Image size of job updated: 806
	806  -  MemoryUsage of job (MB)
	825496  -  ResidentSetSize of job (KB)
...
006 (34567775.000.000) 2021-09-17 08:01:56 Image size of job updated: 825
	825  -  MemoryUsage of job (MB)
	845704  -  ResidentSetSize of job (KB)
...
006 (34567775.000.000) 2021-09-17 08:02:57 Image size of job updated: 850
	850  -  MemoryUsage of job (MB)
	870412  -  ResidentSetSize of job (KB)
...
006 (34567775.000.000) 2021-09-17 08:03:58 Image size of job updated: 875
	875  -  MemoryUsage of job (MB)
	896492  -  ResidentSetSize of job (KB)
...
006 (34567775.000.000) 2021-09-17 08:04:58 Image size of job updated: 909
	909  -  MemoryUsage of job (MB)
	930836  -  ResidentSetSize of job (KB)
...
006 (34567775.000.000) 2021-09-17 08:05:58 Image size of job updated: 934
	934  -  MemoryUsage of job (MB)
	956732  -  ResidentSetSize of job (KB)
...
006 (34567775.000.000) 2021-09-17 08:06:59 Image size of job updated: 957
	957  -  MemoryUsage of job (MB)
	980652  -  ResidentSetSize of job (KB)
...
006 (34567775.000.000) 2021-09-17 08:07:59 Image size of job updated: 977
	977  -  MemoryUsage of job (MB)
	1001020  -  ResidentSetSize of job (KB)
...
006 (34567775.000.000) 2021-09-17 08:08:59 Image size of job updated: 999
	999  -  MemoryUsage of job (MB)
	1023456  -  ResidentSetSize of job (KB)
...
006 (34567775.000.000) 2021-09-17 08:09:59 Image size of job updated: 1022
	1022  -  MemoryUsage of job (MB)
	1047016  -  ResidentSetSize of job (KB)
...
006 (34567775.000.000) 2021-09-17 08:11:00 Image size of job updated: 1044
	1044  -  MemoryUsage of job (MB)
	1069412  -  ResidentSetSize of job (KB)
...
006 (34567775.000.000) 2021-09-17 08:12:02 Image size of job updated: 1074
	1074  -  MemoryUsage of job (MB)
	1100196  -  ResidentSetSize of job (KB)
...
006 (34567775.000.000) 2021-09-17 08:13:02 Image size of job updated: 1093
	1093  -  MemoryUsage of job (MB)
	1120224  -  ResidentSetSize of job (KB)
...
006 (34567775.000.000) 2021-09-17 08:14:02 Image size of job updated: 1113
	1113  -  MemoryUsage of job (MB)
	1139964  -  ResidentSetSize of job (KB)
...
006 (34567775.000.000) 2021-09-17 08:15:03 Image size of job updated: 1132
	1132  -  MemoryUsage of job (MB)
	1159428  -  ResidentSetSize of job (KB)
...
006 (34567775.000.000) 2021-09-17 08:16:04 Image size of job updated: 1148
	1148  -  MemoryUsage of job (MB)
	1176252  -  ResidentSetSize of job (KB)
...
006 (34567775.000.000) 2021-09-17 08:17:05 Image size of job updated: 1167
	1167  -  MemoryUsage of job (MB)
	1195396  -  ResidentSetSize of job (KB)
...
006 (34567775.000.000) 2021-09-17 08:18:05 Image size of job updated: 1185
	1185  -  MemoryUsage of job (MB)
	1213500  -  ResidentSetSize of job (KB)
...
006 (34567775.000.000) 2021-09-17 08:19:05 Image size of job updated: 1200
	1200  -  MemoryUsage of job (MB)
	1229580  -  ResidentSetSize of job (KB)
...
006 (34567775.000.000) 2021-09-17 08:20:06 Image size of job updated: 1218
	1218  -  MemoryUsage of job (MB)
	1247612  -  ResidentSetSize of job (KB)
...
006 (34567775.000.000) 2021-09-17 08:21:07 Image size of job updated: 1237
	1237  -  MemoryUsage of job (MB)
	1267128  -  ResidentSetSize of job (KB)
...
006 (34567775.000.000) 2021-09-17 08:22:08 Image size of job updated: 1255
	1255  -  MemoryUsage of job (MB)
	1285940  -  ResidentSetSize of job (KB)
...
006 (34567775.000.000) 2021-09-17 08:23:09 Image size of job updated: 1272
	1272  -  MemoryUsage of job (MB)
	1302652  -  ResidentSetSize of job (KB)
...
006 (34567775.000.000) 2021-09-17 08:24:09 Image size of job updated: 1289
	1289  -  MemoryUsage of job (MB)
	1320932  -  ResidentSetSize of job (KB)
...
006 (34567775.000.000) 2021-09-17 08:25:09 Image size of job updated: 1305
	1305  -  MemoryUsage of job (MB)
	1337232  -  ResidentSetSize of job (KB)
...
006 (34567775.000.000) 2021-09-17 08:26:09 Image size of job updated: 1323
	1323  -  MemoryUsage of job (MB)
	1355156  -  ResidentSetSize of job (KB)
...
006 (34567775.000.000) 2021-09-17 08:27:09 Image size of job updated: 1338
	1338  -  MemoryUsage of job (MB)
	1370996  -  ResidentSetSize of job (KB)
...
006 (34567775.000.000) 2021-09-17 08:28:09 Image size of job updated: 1355
	1355  -  MemoryUsage of job (MB)
	1388392  -  ResidentSetSize of job (KB)
...
006 (34567775.000.000) 2021-09-17 08:29:09 Image size of job updated: 1370
	1370  -  MemoryUsage of job (MB)
	1403776  -  ResidentSetSize of job (KB)
...
006 (34567775.000.000) 2021-09-17 08:30:09 Image size of job updated: 1387
	1387  -  MemoryUsage of job (MB)
	1420688  -  ResidentSetSize of job (KB)
...
006 (34567775.000.000) 2021-09-17 08:31:10 Image size of job updated: 1401
	1401  -  MemoryUsage of job (MB)
	1435628  -  ResidentSetSize of job (KB)
...
006 (34567775.000.000) 2021-09-17 08:32:10 Image size of job updated: 1418
	1418  -  MemoryUsage of job (MB)
	1452416  -  ResidentSetSize of job (KB)
...
006 (34567775.000.000) 2021-09-17 08:33:11 Image size of job updated: 1434
	1434  -  MemoryUsage of job (MB)
	1469032  -  ResidentSetSize of job (KB)
...
006 (34567775.000.000) 2021-09-17 08:34:12 Image size of job updated: 1449
	1449  -  MemoryUsage of job (MB)
	1483868  -  ResidentSetSize of job (KB)
...
006 (34567775.000.000) 2021-09-17 08:35:12 Image size of job updated: 1464
	1464  -  MemoryUsage of job (MB)
	1500060  -  ResidentSetSize of job (KB)
...
006 (34567775.000.000) 2021-09-17 08:36:12 Image size of job updated: 1478
	1478  -  MemoryUsage of job (MB)
	1514492  -  ResidentSetSize of job (KB)
...
006 (34567775.000.000) 2021-09-17 08:37:12 Image size of job updated: 1494
	1494  -  MemoryUsage of job (MB)
	1530284  -  ResidentSetSize of job (KB)
...
006 (34567775.000.000) 2021-09-17 08:38:12 Image size of job updated: 1508
	1508  -  MemoryUsage of job (MB)
	1544384  -  ResidentSetSize of job (KB)
...
006 (34567775.000.000) 2021-09-17 08:39:12 Image size of job updated: 1523
	1523  -  MemoryUsage of job (MB)
	1559820  -  ResidentSetSize of job (KB)
...
006 (34567775.000.000) 2021-09-17 08:40:13 Image size of job updated: 1540
	1540  -  MemoryUsage of job (MB)
	1577712  -  ResidentSetSize of job (KB)
...
006 (34567775.000.000) 2021-09-17 08:41:14 Image size of job updated: 1622
	1622  -  MemoryUsage of job (MB)
	1661228  -  ResidentSetSize of job (KB)
...
006 (34567775.000.000) 2021-09-17 08:42:15 Image size of job updated: 1651
	1651  -  MemoryUsage of job (MB)
	1690916  -  ResidentSetSize of job (KB)
...
006 (34567775.000.000) 2021-09-17 08:43:15 Image size of job updated: 1661
	1661  -  MemoryUsage of job (MB)
	1701712  -  ResidentSetSize of job (KB)
...
006 (34567775.000.000) 2021-09-17 08:44:17 Image size of job updated: 1666
	1666  -  MemoryUsage of job (MB)
	1706592  -  ResidentSetSize of job (KB)
...
006 (34567775.000.000) 2021-09-17 08:45:17 Image size of job updated: 1668
	1668  -  MemoryUsage of job (MB)
	1708936  -  ResidentSetSize of job (KB)
...
006 (34567775.000.000) 2021-09-17 08:46:17 Image size of job updated: 1671
	1671  -  MemoryUsage of job (MB)
	1711276  -  ResidentSetSize of job (KB)
...
006 (34567775.000.000) 2021-09-17 08:47:18 Image size of job updated: 1674
	1674  -  MemoryUsage of job (MB)
	1714272  -  ResidentSetSize of job (KB)
...
006 (34567775.000.000) 2021-09-17 08:48:18 Image size of job updated: 1680
	1680  -  MemoryUsage of job (MB)
	1721064  -  ResidentSetSize of job (KB)
...
006 (34567775.000.000) 2021-09-17 08:49:19 Image size of job updated: 1684
	1684  -  MemoryUsage of job (MB)
	1725172  -  ResidentSetSize of job (KB)
...
006 (34567775.000.000) 2021-09-17 08:50:20 Image size of job updated: 1685
	1685  -  MemoryUsage of job (MB)
	1726276  -  ResidentSetSize of job (KB)
...
006 (34567775.000.000) 2021-09-17 08:51:22 Image size of job updated: 1687
	1687  -  MemoryUsage of job (MB)
	1727968  -  ResidentSetSize of job (KB)
...
006 (34567775.000.000) 2021-09-17 08:52:22 Image size of job updated: 1688
	1688  -  MemoryUsage of job (MB)
	1728668  -  ResidentSetSize of job (KB)
...
006 (34567775.000.000) 2021-09-17 08:53:22 Image size of job updated: 1689
	1689  -  MemoryUsage of job (MB)
	1729868  -  ResidentSetSize of job (KB)
...
006 (34567775.000.000) 2021-09-17 08:54:23 Image size of job updated: 1691
	1691  -  MemoryUsage of job (MB)
	1731648  -  ResidentSetSize of job (KB)
...
006 (34567775.000.000) 2021-09-17 08:55:24 Image size of job updated: 1692
	1692  -  MemoryUsage of job (MB)
	1732628  -  ResidentSetSize of job (KB)
...
006 (34567775.000.000) 2021-09-17 08:56:25 Image size of job updated: 1692
	1692  -  MemoryUsage of job (MB)
	1733412  -  ResidentSetSize of job (KB)
...
006 (34567775.000.000) 2021-09-17 08:57:25 Image size of job updated: 1693
	1693  -  MemoryUsage of job (MB)
	1734372  -  ResidentSetSize of job (KB)
...
006 (34567775.000.000) 2021-09-17 08:58:26 Image size of job updated: 1695
	1695  -  MemoryUsage of job (MB)
	1736276  -  ResidentSetSize of job (KB)
...
006 (34567775.000.000) 2021-09-17 08:59:26 Image size of job updated: 1695
	1695  -  MemoryUsage of job (MB)
	1736448  -  ResidentSetSize of job (KB)
...
006 (34567775.000.000) 2021-09-17 09:00:26 Image size of job updated: 1697
	1697  -  MemoryUsage of job (MB)
	1738092  -  ResidentSetSize of job (KB)
...
006 (34567775.000.000) 2021-09-17 09:01:27 Image size of job updated: 1697
	1697  -  MemoryUsage of job (MB)
	1738320  -  ResidentSetSize of job (KB)
...
006 (34567775.000.000) 2021-09-17 09:02:28 Image size of job updated: 1698
	1698  -  MemoryUsage of job (MB)
	1739148  -  ResidentSetSize of job (KB)
...
006 (34567775.000.000) 2021-09-17 09:03:28 Image size of job updated: 1699
	1699  -  MemoryUsage of job (MB)
	1740628  -  ResidentSetSize of job (KB)
...
006 (34567775.000.000) 2021-09-17 09:04:29 Image size of job updated: 1699
	1699  -  MemoryUsage of job (MB)
	1740672  -  ResidentSetSize of job (KB)
...
006 (34567775.000.000) 2021-09-17 09:05:29 Image size of job updated: 1700
	1700  -  MemoryUsage of job (MB)
	1741020  -  ResidentSetSize of job (KB)
...
006 (34567775.000.000) 2021-09-17 09:06:29 Image size of job updated: 1700
	1700  -  MemoryUsage of job (MB)
	1741732  -  ResidentSetSize of job (KB)
...
006 (34567775.000.000) 2021-09-17 09:07:30 Image size of job updated: 1701
	1701  -  MemoryUsage of job (MB)
	1742248  -  ResidentSetSize of job (KB)
...
006 (34567775.000.000) 2021-09-17 09:08:30 Image size of job updated: 1702
	1702  -  MemoryUsage of job (MB)
	1743372  -  ResidentSetSize of job (KB)
...
006 (34567775.000.000) 2021-09-17 09:18:37 Image size of job updated: 1703
	1703  -  MemoryUsage of job (MB)
	1744528  -  ResidentSetSize of job (KB)
...
006 (34567775.000.000) 2021-09-17 09:19:37 Image size of job updated: 1704
	1704  -  MemoryUsage of job (MB)
	1745012  -  ResidentSetSize of job (KB)
...
006 (34567775.000.000) 2021-09-17 09:20:39 Image size of job updated: 1705
	1705  -  MemoryUsage of job (MB)
	1746184  -  ResidentSetSize of job (KB)
...
006 (34567775.000.000) 2021-09-17 09:21:39 Image size of job updated: 1706
	1706  -  MemoryUsage of job (MB)
	1747752  -  ResidentSetSize of job (KB)
...
006 (34567775.000.000) 2021-09-17 09:22:41 Image size of job updated: 1706
	1706  -  MemoryUsage of job (MB)
	1747912  -  ResidentSetSize of job (KB)
...
006 (34567775.000.000) 2021-09-17 09:23:41 Image size of job updated: 1708
	1708  -  MemoryUsage of job (MB)
	1749032  -  ResidentSetSize of job (KB)
...
006 (34567775.000.000) 2021-09-17 09:24:41 Image size of job updated: 1708
	1708  -  MemoryUsage of job (MB)
	1749560  -  ResidentSetSize of job (KB)
...
006 (34567775.000.000) 2021-09-17 09:25:43 Image size of job updated: 1709
	1709  -  MemoryUsage of job (MB)
	1750116  -  ResidentSetSize of job (KB)
...
006 (34567775.000.000) 2021-09-17 09:26:43 Image size of job updated: 1709
	1709  -  MemoryUsage of job (MB)
	1750404  -  ResidentSetSize of job (KB)
...
006 (34567775.000.000) 2021-09-17 09:27:43 Image size of job updated: 1710
	1710  -  MemoryUsage of job (MB)
	1751052  -  ResidentSetSize of job (KB)
...
006 (34567775.000.000) 2021-09-17 09:28:44 Image size of job updated: 1711
	1711  -  MemoryUsage of job (MB)
	1752628  -  ResidentSetSize of job (KB)
...
006 (34567775.000.000) 2021-09-17 09:29:44 Image size of job updated: 1711
	1711  -  MemoryUsage of job (MB)
	1752784  -  ResidentSetSize of job (KB)
...
006 (34567775.000.000) 2021-09-17 09:30:45 Image size of job updated: 1711
	1711  -  MemoryUsage of job (MB)
	1752916  -  ResidentSetSize of job (KB)
...
006 (34567775.000.000) 2021-09-17 09:31:46 Image size of job updated: 1712
	1712  -  MemoryUsage of job (MB)
	1753480  -  ResidentSetSize of job (KB)
...
006 (34567775.000.000) 2021-09-17 09:32:48 Image size of job updated: 1713
	1713  -  MemoryUsage of job (MB)
	1754336  -  ResidentSetSize of job (KB)
...
006 (34567775.000.000) 2021-09-17 09:33:48 Image size of job updated: 1713
	1713  -  MemoryUsage of job (MB)
	1754596  -  ResidentSetSize of job (KB)
...
006 (34567775.000.000) 2021-09-17 09:34:48 Image size of job updated: 1713
	1713  -  MemoryUsage of job (MB)
	1754988  -  ResidentSetSize of job (KB)
...
006 (34567775.000.000) 2021-09-17 09:35:49 Image size of job updated: 1714
	1714  -  MemoryUsage of job (MB)
	1755440  -  ResidentSetSize of job (KB)
...
006 (34567775.000.000) 2021-09-17 09:36:50 Image size of job updated: 1715
	1715  -  MemoryUsage of job (MB)
	1756480  -  ResidentSetSize of job (KB)
...
006 (34567775.000.000) 2021-09-17 09:37:50 Image size of job updated: 1715
	1715  -  MemoryUsage of job (MB)
	1757088  -  ResidentSetSize of job (KB)
...
006 (34567775.000.000) 2021-09-17 09:38:51 Image size of job updated: 1716
	1716  -  MemoryUsage of job (MB)
	1757516  -  ResidentSetSize of job (KB)
...
006 (34567775.000.000) 2021-09-17 09:39:51 Image size of job updated: 1716
	1716  -  MemoryUsage of job (MB)
	1757720  -  ResidentSetSize of job (KB)
...
006 (34567775.000.000) 2021-09-17 09:40:52 Image size of job updated: 1716
	1716  -  MemoryUsage of job (MB)
	1757812  -  ResidentSetSize of job (KB)
...
006 (34567775.000.000) 2021-09-17 09:41:52 Image size of job updated: 1716
	1716  -  MemoryUsage of job (MB)
	1758132  -  ResidentSetSize of job (KB)
...
006 (34567775.000.000) 2021-09-17 09:42:52 Image size of job updated: 1717
	1717  -  MemoryUsage of job (MB)
	1758352  -  ResidentSetSize of job (KB)
...
006 (34567775.000.000) 2021-09-17 09:43:53 Image size of job updated: 1718
	1718  -  MemoryUsage of job (MB)
	1759248  -  ResidentSetSize of job (KB)
...
006 (34567775.000.000) 2021-09-17 09:44:53 Image size of job updated: 1719
	1719  -  MemoryUsage of job (MB)
	1761020  -  ResidentSetSize of job (KB)
...
006 (34567775.000.000) 2021-09-17 09:45:55 Image size of job updated: 1720
	1720  -  MemoryUsage of job (MB)
	1761488  -  ResidentSetSize of job (KB)
...
006 (34567775.000.000) 2021-09-17 09:46:55 Image size of job updated: 1720
	1720  -  MemoryUsage of job (MB)
	1761580  -  ResidentSetSize of job (KB)
...
006 (34567775.000.000) 2021-09-17 09:47:55 Image size of job updated: 1720
	1720  -  MemoryUsage of job (MB)
	1761772  -  ResidentSetSize of job (KB)
...
006 (34567775.000.000) 2021-09-17 09:48:56 Image size of job updated: 1721
	1721  -  MemoryUsage of job (MB)
	1762684  -  ResidentSetSize of job (KB)
...
006 (34567775.000.000) 2021-09-17 09:49:56 Image size of job updated: 1721
	1721  -  MemoryUsage of job (MB)
	1762784  -  ResidentSetSize of job (KB)
...
006 (34567775.000.000) 2021-09-17 09:50:57 Image size of job updated: 1721
	1721  -  MemoryUsage of job (MB)
	1763120  -  ResidentSetSize of job (KB)
...
006 (34567775.000.000) 2021-09-17 09:51:58 Image size of job updated: 1721
	1721  -  MemoryUsage of job (MB)
	1763200  -  ResidentSetSize of job (KB)
...
006 (34567775.000.000) 2021-09-17 09:52:58 Image size of job updated: 1722
	1722  -  MemoryUsage of job (MB)
	1763848  -  ResidentSetSize of job (KB)
...
006 (34567775.000.000) 2021-09-17 09:53:59 Image size of job updated: 1722
	1722  -  MemoryUsage of job (MB)
	1764136  -  ResidentSetSize of job (KB)
...
006 (34567775.000.000) 2021-09-17 09:54:59 Image size of job updated: 1723
	1723  -  MemoryUsage of job (MB)
	1764524  -  ResidentSetSize of job (KB)
...
006 (34567775.000.000) 2021-09-17 09:56:00 Image size of job updated: 1724
	1724  -  MemoryUsage of job (MB)
	1765376  -  ResidentSetSize of job (KB)
...
006 (34567775.000.000) 2021-09-17 09:57:00 Image size of job updated: 1724
	1724  -  MemoryUsage of job (MB)
	1765424  -  ResidentSetSize of job (KB)
...
006 (34567775.000.000) 2021-09-17 09:58:00 Image size of job updated: 1724
	1724  -  MemoryUsage of job (MB)
	1765688  -  ResidentSetSize of job (KB)
...
006 (34567775.000.000) 2021-09-17 09:59:01 Image size of job updated: 1724
	1724  -  MemoryUsage of job (MB)
	1766324  -  ResidentSetSize of job (KB)
...
006 (34567775.000.000) 2021-09-17 10:00:02 Image size of job updated: 1725
	1725  -  MemoryUsage of job (MB)
	1766784  -  ResidentSetSize of job (KB)
...
006 (34567775.000.000) 2021-09-17 10:02:04 Image size of job updated: 1726
	1726  -  MemoryUsage of job (MB)
	1767940  -  ResidentSetSize of job (KB)
...
006 (34567775.000.000) 2021-09-17 10:03:05 Image size of job updated: 1726
	1726  -  MemoryUsage of job (MB)
	1768292  -  ResidentSetSize of job (KB)
...
006 (34567775.000.000) 2021-09-17 10:04:06 Image size of job updated: 1727
	1727  -  MemoryUsage of job (MB)
	1768764  -  ResidentSetSize of job (KB)
...
006 (34567775.000.000) 2021-09-17 10:05:06 Image size of job updated: 1728
	1728  -  MemoryUsage of job (MB)
	1769952  -  ResidentSetSize of job (KB)
...
006 (34567775.000.000) 2021-09-17 10:06:07 Image size of job updated: 1728
	1728  -  MemoryUsage of job (MB)
	1770000  -  ResidentSetSize of job (KB)
...
006 (34567775.000.000) 2021-09-17 10:07:07 Image size of job updated: 1729
	1729  -  MemoryUsage of job (MB)
	1770500  -  ResidentSetSize of job (KB)
...
006 (34567775.000.000) 2021-09-17 10:08:07 Image size of job updated: 1729
	1729  -  MemoryUsage of job (MB)
	1770576  -  ResidentSetSize of job (KB)
...
040 (34567775.000.000) 2021-09-17 10:09:23 Started transferring output files
...
040 (34567775.000.000) 2021-09-17 10:09:23 Finished transferring output files
...
005 (34567775.000.000) 2021-09-17 10:09:25 Job terminated.
	(1) Normal termination (return value 0)
		Usr 0 00:00:00, Sys 0 00:00:00  -  Run Remote Usage
		Usr 0 00:00:00, Sys 0 00:00:00  -  Run Local Usage
		Usr 0 01:30:20, Sys 0 00:46:29  -  Total Remote Usage
		Usr 0 00:00:00, Sys 0 00:00:00  -  Total Local Usage
	1234092  -  Run Bytes Sent By Job
	8471534  -  Run Bytes Received By Job
	1234092  -  Total Bytes Sent By Job
	8471534  -  Total Bytes Received By Job
	Partitionable Resources :    Usage  Request Allocated 
	   Cpus                 :     0.00        1         1 
	   Disk (KB)            : 14034       10000   1634230 
	   Memory (MB)          :  1729        2048      2048 

	Job terminated of its own accord at 2021-09-17T15:09:23Z.
...
000 (14732526.000.000) 2021-09-24 22:10:34 Job submitted from host: <131.225.188.55:9618?addrs=131.225.188.55-9618&alias=lpcschedd1.fnal.gov&noUDP&sock=schedd_2070_6d22>
...
040 (14732526.000.000) 2021-09-24 22:23:02 Started transferring input files
	Transferring to host: <131.225.188.86:9618?addrs=131.225.188.86-9618&alias=cmswn2042.fnal.gov&noUDP&sock=slot1_2_1969_16a9_5183>
...
040 (14732526.000.000) 2021-09-24 22:23:02 Finished transferring input files
...
001 (14732526.000.000) 2021-09-24 22:23:03 Job executing on host: <131.225.188.86:9618?addrs=131.225.188.86-9618&alias=cmswn2042.fnal.gov&noUDP&sock=startd_1880_1a23>
...
006 (14732526.000.000) 2021-09-24 22:24:12 Image size of job updated: 416
	416  -  MemoryUsage of job (MB)
	426268  -  ResidentSetSize of job (KB)
...
006 (14732526.000.000) 2021-09-24 22:25:13 Image size of job updated: 536
	536  -  MemoryUsage of job (MB)
	549872  -  ResidentSetSize of job (KB)
...
006 (14732526.000.000) 2021-09-24 22:29:18 Image size of job updated: 574
	574  -  MemoryUsage of job (MB)
	588028  -  ResidentSetSize of job (KB)
...
006 (14732526.000.000) 2021-09-24 22:30:18 Image size of job updated: 621
	621  -  MemoryUsage of job (MB)
	636912  -  ResidentSetSize of job (KB)
...
006 (14732526.000.000) 2021-09-24 22:31:19 Image size of job updated: 661
	661  -  MemoryUsage of job (MB)
	677640  -  ResidentSetSize of job (KB)
...
006 (14732526.000.000) 2021-09-24 22:32:20 Image size of job updated: 698
	698  -  MemoryUsage of job (MB)
	714808  -  ResidentSetSize of job (KB)
...
006 (14732526.000.000) 2021-09-24 22:33:21 Image size of job updated: 732
	732  -  MemoryUsage of job (MB)
	750264  -  ResidentSetSize of job (KB)
...
006 (14732526.000.000) 2021-09-24 22:34:21 Image size of job updated: 765
	765  -  MemoryUsage of job (MB)
	783628  -  ResidentSetSize of job (KB)
...
006 (14732526.000.000) 2021-09-24 22:35:22 Image size of job updated: 797
	797  -  MemoryUsage of job (MB)
	816756  -  ResidentSetSize of job (KB)
...
006 (14732526.000.000) 2021-09-24 22:36:22 Image size of job updated: 826
	826  -  MemoryUsage of job (MB)
	846528  -  ResidentSetSize of job (KB)
...
006 (14732526.000.000) 2021-09-24 22:37:22 Image size of job updated: 857
	857  -  MemoryUsage of job (MB)
	877892  -  ResidentSetSize of job (KB)
...
006 (14732526.000.000) 2021-09-24 22:38:23 Image size of job updated: 896
	896  -  MemoryUsage of job (MB)
	918300  -  ResidentSetSize of job (KB)
...
006 (14732526.000.000) 2021-09-24 22:39:23 Image size of job updated: 924
	924  -  MemoryUsage of job (MB)
	946960  -  ResidentSetSize of job (KB)
...
006 (14732526.000.000) 2021-09-24 22:40:24 Image size of job updated: 950
	950  -  MemoryUsage of job (MB)
	973480  -  ResidentSetSize of job (KB)
...
006 (14732526.000.000) 2021-09-24 22:41:24 Image size of job updated: 976
	976  -  MemoryUsage of job (MB)
	999692  -  ResidentSetSize of job (KB)
...
006 (14732526.000.000) 2021-09-24 22:42:25 Image size of job updated: 1001
	1001  -  MemoryUsage of job (MB)
	1025196  -  ResidentSetSize of job (KB)
...
006 (14732526.000.000) 2021-09-24 22:43:26 Image size of job updated: 1028
	1028  -  MemoryUsage of job (MB)
	1053300  -  ResidentSetSize of job (KB)
...
006 (14732526.000.000) 2021-09-24 22:44:27 Image size of job updated: 1059
	1059  -  MemoryUsage of job (MB)
	1084848  -  ResidentSetSize of job (KB)
...
006 (14732526.000.000) 2021-09-24 22:45:28 Image size of job updated: 1083
	1083  -  MemoryUsage of job (MB)
	1109848  -  ResidentSetSize of job (KB)
...
006 (14732526.000.000) 2021-09-24 22:46:28 Image size of job updated: 1105
	1105  -  MemoryUsage of job (MB)
	1132284  -  ResidentSetSize of job (KB)
...
006 (14732526.000.000) 2021-09-24 22:47:28 Image size of job updated: 1127
	1127  -  MemoryUsage of job (MB)
	1154300  -  ResidentSetSize of job (KB)
...
006 (14732526.000.000) 2021-09-24 22:48:28 Image size of job updated: 1148
	1148  -  MemoryUsage of job (MB)
	1175640  -  ResidentSetSize of job (KB)
...
006 (14732526.000.000) 2021-09-24 22:49:29 Image size of job updated: 1169
	1169  -  MemoryUsage of job (MB)
	1197608  -  ResidentSetSize of job (KB)
...
006 (14732526.000.000) 2021-09-24 22:50:29 Image size of job updated: 1189
	1189  -  MemoryUsage of job (MB)
	1218344  -  ResidentSetSize of job (KB)
...
006 (14732526.000.000) 2021-09-24 22:51:30 Image size of job updated: 1209
	1209  -  MemoryUsage of job (MB)
	1238724  -  ResidentSetSize of job (KB)
...
006 (14732526.000.000) 2021-09-24 22:52:31 Image size of job updated: 1229
	1229  -  MemoryUsage of job (MB)
	1258500  -  ResidentSetSize of job (KB)
...
006 (14732526.000.000) 2021-09-24 22:53:31 Image size of job updated: 1247
	1247  -  MemoryUsage of job (MB)
	1277896  -  ResidentSetSize of job (KB)
...
006 (14732526.000.000) 2021-09-24 22:54:31 Image size of job updated: 1266
	1266  -  MemoryUsage of job (MB)
	1297008  -  ResidentSetSize of job (KB)
...
006 (14732526.000.000) 2021-09-24 22:55:33 Image size of job updated: 1287
	1287  -  MemoryUsage of job (MB)
	1317896  -  ResidentSetSize of job (KB)
...
006 (14732526.000.000) 2021-09-24 22:56:34 Image size of job updated: 1305
	1305  -  MemoryUsage of job (MB)
	1336336  -  ResidentSetSize of job (KB)
...
006 (14732526.000.000) 2021-09-24 22:57:34 Image size of job updated: 1322
	1322  -  MemoryUsage of job (MB)
	1354516  -  ResidentSetSize of job (KB)
...
006 (14732526.000.000) 2021-09-24 22:58:34 Image size of job updated: 1340
	1340  -  MemoryUsage of job (MB)
	1372508  -  ResidentSetSize of job (KB)
...
006 (14732526.000.000) 2021-09-24 22:59:35 Image size of job updated: 1358
	1358  -  MemoryUsage of job (MB)
	1391328  -  ResidentSetSize of job (KB)
...
006 (14732526.000.000) 2021-09-24 23:00:35 Image size of job updated: 1375
	1375  -  MemoryUsage of job (MB)
	1408836  -  ResidentSetSize of job (KB)
...
006 (14732526.000.000) 2021-09-24 23:01:36 Image size of job updated: 1392
	1392  -  MemoryUsage of job (MB)
	1426032  -  ResidentSetSize of job (KB)
...
006 (14732526.000.000) 2021-09-24 23:02:36 Image size of job updated: 1409
	1409  -  MemoryUsage of job (MB)
	1443016  -  ResidentSetSize of job (KB)
...
006 (14732526.000.000) 2021-09-24 23:03:37 Image size of job updated: 1425
	1425  -  MemoryUsage of job (MB)
	1459444  -  ResidentSetSize of job (KB)
...
006 (14732526.000.000) 2021-09-24 23:04:37 Image size of job updated: 1441
	1441  -  MemoryUsage of job (MB)
	1476020  -  ResidentSetSize of job (KB)
...
006 (14732526.000.000) 2021-09-24 23:05:37 Image size of job updated: 1457
	1457  -  MemoryUsage of job (MB)
	1492332  -  ResidentSetSize of job (KB)
...
006 (14732526.000.000) 2021-09-24 23:06:37 Image size of job updated: 1473
	1473  -  MemoryUsage of job (MB)
	1508424  -  ResidentSetSize of job (KB)
...
006 (14732526.000.000) 2021-09-24 23:07:37 Image size of job updated: 1488
	1488  -  MemoryUsage of job (MB)
	1524420  -  ResidentSetSize of job (KB)
...
006 (14732526.000.000) 2021-09-24 23:08:38 Image size of job updated: 1504
	1504  -  MemoryUsage of job (MB)
	1540236  -  ResidentSetSize of job (KB)
...
006 (14732526.000.000) 2021-09-24 23:09:38 Image size of job updated: 1519
	1519  -  MemoryUsage of job (MB)
	1555552  -  ResidentSetSize of job (KB)
...
006 (14732526.000.000) 2021-09-24 23:10:38 Image size of job updated: 1534
	1534  -  MemoryUsage of job (MB)
	1570856  -  ResidentSetSize of job (KB)
...
006 (14732526.000.000) 2021-09-24 23:11:38 Image size of job updated: 1623
	1623  -  MemoryUsage of job (MB)
	1661972  -  ResidentSetSize of job (KB)
...
006 (14732526.000.000) 2021-09-24 23:12:39 Image size of job updated: 1634
	1634  -  MemoryUsage of job (MB)
	1673292  -  ResidentSetSize of job (KB)
...
006 (14732526.000.000) 2021-09-24 23:13:40 Image size of job updated: 1651
	1651  -  MemoryUsage of job (MB)
	1691432  -  ResidentSetSize of job (KB)
...
006 (14732526.000.000) 2021-09-24 23:14:41 Image size of job updated: 1658
	1658  -  MemoryUsage of job (MB)
	1698172  -  ResidentSetSize of job (KB)
...
006 (14732526.000.000) 2021-09-24 23:15:41 Image size of job updated: 1659
	1659  -  MemoryUsage of job (MB)
	1699828  -  ResidentSetSize of job (KB)
...
006 (14732526.000.000) 2021-09-24 23:16:41 Image size of job updated: 1662
	1662  -  MemoryUsage of job (MB)
	1702744  -  ResidentSetSize of job (KB)
...
006 (14732526.000.000) 2021-09-24 23:17:42 Image size of job updated: 1664
	1664  -  MemoryUsage of job (MB)
	1704136  -  ResidentSetSize of job (KB)
...
006 (14732526.000.000) 2021-09-24 23:18:43 Image size of job updated: 1666
	1666  -  MemoryUsage of job (MB)
	1706748  -  ResidentSetSize of job (KB)
...
006 (14732526.000.000) 2021-09-24 23:19:43 Image size of job updated: 1670
	1670  -  MemoryUsage of job (MB)
	1711032  -  ResidentSetSize of job (KB)
...
006 (14732526.000.000) 2021-09-24 23:20:44 Image size of job updated: 1672
	1672  -  MemoryUsage of job (MB)
	1712824  -  ResidentSetSize of job (KB)
...
006 (14732526.000.000) 2021-09-24 23:21:46 Image size of job updated: 1674
	1674  -  MemoryUsage of job (MB)
	1714796  -  ResidentSetSize of job (KB)
...
006 (14732526.000.000) 2021-09-24 23:22:46 Image size of job updated: 1676
	1676  -  MemoryUsage of job (MB)
	1716256  -  ResidentSetSize of job (KB)
...
006 (14732526.000.000) 2021-09-24 23:23:47 Image size of job updated: 1679
	1679  -  MemoryUsage of job (MB)
	1720048  -  ResidentSetSize of job (KB)
...
006 (14732526.000.000) 2021-09-24 23:24:48 Image size of job updated: 1680
	1680  -  MemoryUsage of job (MB)
	1721000  -  ResidentSetSize of job (KB)
...
006 (14732526.000.000) 2021-09-24 23:25:49 Image size of job updated: 1682
	1682  -  MemoryUsage of job (MB)
	1722868  -  ResidentSetSize of job (KB)
...
006 (14732526.000.000) 2021-09-24 23:26:50 Image size of job updated: 1683
	1683  -  MemoryUsage of job (MB)
	1723468  -  ResidentSetSize of job (KB)
...
006 (14732526.000.000) 2021-09-24 23:27:52 Image size of job updated: 1683
	1683  -  MemoryUsage of job (MB)
	1724128  -  ResidentSetSize of job (KB)
...
006 (14732526.000.000) 2021-09-24 23:28:53 Image size of job updated: 1686
	1686  -  MemoryUsage of job (MB)
	1726876  -  ResidentSetSize of job (KB)
...
006 (14732526.000.000) 2021-09-24 23:29:53 Image size of job updated: 1687
	1687  -  MemoryUsage of job (MB)
	1727496  -  ResidentSetSize of job (KB)
...
006 (14732526.000.000) 2021-09-24 23:30:54 Image size of job updated: 1687
	1687  -  MemoryUsage of job (MB)
	1728244  -  ResidentSetSize of job (KB)
...
006 (14732526.000.000) 2021-09-24 23:31:54 Image size of job updated: 1687
	1687  -  MemoryUsage of job (MB)
	1728484  -  ResidentSetSize of job (KB)
...
006 (14732526.000.000) 2021-09-24 23:32:55 Image size of job updated: 1688
	1688  -  MemoryUsage of job (MB)
	1729316  -  ResidentSetSize of job (KB)
...
006 (14732526.000.000) 2021-09-24 23:33:56 Image size of job updated: 1689
	1689  -  MemoryUsage of job (MB)
	1729628  -  ResidentSetSize of job (KB)
...
006 (14732526.000.000) 2021-09-24 23:34:57 Image size of job updated: 1690
	1690  -  MemoryUsage of job (MB)
	1730768  -  ResidentSetSize of job (KB)
...
006 (14732526.000.000) 2021-09-24 23:35:58 Image size of job updated: 1690
	1690  -  MemoryUsage of job (MB)
	1731524  -  ResidentSetSize of job (KB)
...
006 (14732526.000.000) 2021-09-24 23:36:59 Image size of job updated: 1691
	1691  -  MemoryUsage of job (MB)
	1732468  -  ResidentSetSize of job (KB)
...
006 (14732526.000.000) 2021-09-24 23:38:00 Image size of job updated: 1692
	1692  -  MemoryUsage of job (MB)
	1733328  -  ResidentSetSize of job (KB)
...
006 (14732526.000.000) 2021-09-24 23:39:01 Image size of job updated: 1692
	1692  -  MemoryUsage of job (MB)
	1733592  -  ResidentSetSize of job (KB)
...
006 (14732526.000.000) 2021-09-24 23:40:01 Image size of job updated: 1694
	1694  -  MemoryUsage of job (MB)
	1734776  -  ResidentSetSize of job (KB)
...
006 (14732526.000.000) 2021-09-24 23:41:01 Image size of job updated: 1694
	1694  -  MemoryUsage of job (MB)
	1735020  -  ResidentSetSize of job (KB)
...
006 (14732526.000.000) 2021-09-24 23:42:02 Image size of job updated: 1694
	1694  -  MemoryUsage of job (MB)
	1735300  -  ResidentSetSize of job (KB)
...
006 (14732526.000.000) 2021-09-24 23:43:02 Image size of job updated: 1694
	1694  -  MemoryUsage of job (MB)
	1735340  -  ResidentSetSize of job (KB)
...
006 (14732526.000.000) 2021-09-24 23:44:03 Image size of job updated: 1695
	1695  -  MemoryUsage of job (MB)
	1735996  -  ResidentSetSize of job (KB)
...
006 (14732526.000.000) 2021-09-24 23:45:04 Image size of job updated: 1695
	1695  -  MemoryUsage of job (MB)
	1736268  -  ResidentSetSize of job (KB)
...
006 (14732526.000.000) 2021-09-24 23:46:04 Image size of job updated: 1695
	1695  -  MemoryUsage of job (MB)
	1736532  -  ResidentSetSize of job (KB)
...
006 (14732526.000.000) 2021-09-24 23:47:05 Image size of job updated: 1695
	1695  -  MemoryUsage of job (MB)
	1736628  -  ResidentSetSize of job (KB)
...
006 (14732526.000.000) 2021-09-24 23:48:05 Image size of job updated: 1696
	1696  -  MemoryUsage of job (MB)
	1737096  -  ResidentSetSize of job (KB)
...
006 (14732526.000.000) 2021-09-24 23:49:06 Image size of job updated: 1696
	1696  -  MemoryUsage of job (MB)
	1737268  -  ResidentSetSize of job (KB)
...
006 (14732526.000.000) 2021-09-24 23:50:06 Image size of job updated: 1696
	1696  -  MemoryUsage of job (MB)
	1737336  -  ResidentSetSize of job (KB)
...
006 (14732526.000.000) 2021-09-24 23:51:07 Image size of job updated: 1696
	1696  -  MemoryUsage of job (MB)
	1737628  -  ResidentSetSize of job (KB)
...
006 (14732526.000.000) 2021-09-24 23:52:07 Image size of job updated: 1697
	1697  -  MemoryUsage of job (MB)
	1737844  -  ResidentSetSize of job (KB)
...
006 (14732526.000.000) 2021-09-24 23:53:08 Image size of job updated: 1697
	1697  -  MemoryUsage of job (MB)
	1737964  -  ResidentSetSize of job (KB)
...
006 (14732526.000.000) 2021-09-24 23:54:09 Image size of job updated: 1698
	1698  -  MemoryUsage of job (MB)
	1738932  -  ResidentSetSize of job (KB)
...
006 (14732526.000.000) 2021-09-24 23:55:10 Image size of job updated: 1698
	1698  -  MemoryUsage of job (MB)
	1739344  -  ResidentSetSize of job (KB)
...
006 (14732526.000.000) 2021-09-24 23:56:11 Image size of job updated: 1699
	1699  -  MemoryUsage of job (MB)
	1739836  -  ResidentSetSize of job (KB)
...
006 (14732526.000.000) 2021-09-24 23:57:12 Image size of job updated: 1699
	1699  -  MemoryUsage of job (MB)
	1740008  -  ResidentSetSize of job (KB)
...
006 (14732526.000.000) 2021-09-24 23:58:13 Image size of job updated: 1699
	1699  -  MemoryUsage of job (MB)
	1740108  -  ResidentSetSize of job (KB)
...
006 (14732526.000.000) 2021-09-24 23:59:14 Image size of job updated: 1699
	1699  -  MemoryUsage of job (MB)
	1740336  -  ResidentSetSize of job (KB)
...
006 (14732526.000.000) 2021-09-25 00:00:14 Image size of job updated: 1699
	1699  -  MemoryUsage of job (MB)
	1740520  -  ResidentSetSize of job (KB)
...
006 (14732526.000.000) 2021-09-25 00:01:15 Image size of job updated: 1699
	1699  -  MemoryUsage of job (MB)
	1740560  -  ResidentSetSize of job (KB)
...
006 (14732526.000.000) 2021-09-25 00:02:15 Image size of job updated: 1700
	1700  -  MemoryUsage of job (MB)
	1741144  -  ResidentSetSize of job (KB)
...
006 (14732526.000.000) 2021-09-25 00:03:16 Image size of job updated: 1700
	1700  -  MemoryUsage of job (MB)
	1741176  -  ResidentSetSize of job (KB)
...
006 (14732526.000.000) 2021-09-25 00:04:18 Image size of job updated: 1701
	1701  -  MemoryUsage of job (MB)
	1741832  -  ResidentSetSize of job (KB)
...
006 (14732526.000.000) 2021-09-25 00:05:19 Image size of job updated: 1701
	1701  -  MemoryUsage of job (MB)
	1741872  -  ResidentSetSize of job (KB)
...
006 (14732526.000.000) 2021-09-25 00:06:20 Image size of job updated: 1701
	1701  -  MemoryUsage of job (MB)
	1742020  -  ResidentSetSize of job (KB)
...
006 (14732526.000.000) 2021-09-25 00:07:21 Image size of job updated: 1701
	1701  -  MemoryUsage of job (MB)
	1742108  -  ResidentSetSize of job (KB)
...
006 (14732526.000.000) 2021-09-25 00:08:22 Image size of job updated: 1702
	1702  -  MemoryUsage of job (MB)
	1743244  -  ResidentSetSize of job (KB)
...
006 (14732526.000.000) 2021-09-25 00:10:24 Image size of job updated: 1702
	1702  -  MemoryUsage of job (MB)
	1743832  -  ResidentSetSize of job (KB)
...
006 (14732526.000.000) 2021-09-25 00:11:24 Image size of job updated: 1702
	1702  -  MemoryUsage of job (MB)
	1743836  -  ResidentSetSize of job (KB)
...
006 (14732526.000.000) 2021-09-25 00:12:24 Image size of job updated: 1703
	1703  -  MemoryUsage of job (MB)
	1743920  -  ResidentSetSize of job (KB)
...
006 (14732526.000.000) 2021-09-25 00:13:24 Image size of job updated: 1703
	1703  -  MemoryUsage of job (MB)
	1743932  -  ResidentSetSize of job (KB)
...
006 (14732526.000.000) 2021-09-25 00:14:24 Image size of job updated: 1703
	1703  -  MemoryUsage of job (MB)
	1744176  -  ResidentSetSize of job (KB)
...
006 (14732526.000.000) 2021-09-25 00:15:24 Image size of job updated: 1703
	1703  -  MemoryUsage of job (MB)
	1744448  -  ResidentSetSize of job (KB)
...
006 (14732526.000.000) 2021-09-25 00:16:25 Image size of job updated: 1704
	1704  -  MemoryUsage of job (MB)
	1745020  -  ResidentSetSize of job (KB)
...
006 (14732526.000.000) 2021-09-25 00:17:25 Image size of job updated: 1704
	1704  -  MemoryUsage of job (MB)
	1745088  -  ResidentSetSize of job (KB)
...
006 (14732526.000.000) 2021-09-25 00:18:25 Image size of job updated: 1704
	1704  -  MemoryUsage of job (MB)
	1745528  -  ResidentSetSize of job (KB)
...
006 (14732526.000.000) 2021-09-25 00:19:26 Image size of job updated: 1705
	1705  -  MemoryUsage of job (MB)
	1746764  -  ResidentSetSize of job (KB)
...
006 (14732526.000.000) 2021-09-25 00:20:27 Image size of job updated: 1706
	1706  -  MemoryUsage of job (MB)
	1746944  -  ResidentSetSize of job (KB)
...
006 (14732526.000.000) 2021-09-25 00:21:27 Image size of job updated: 1706
	1706  -  MemoryUsage of job (MB)
	1747360  -  ResidentSetSize of job (KB)
...
006 (14732526.000.000) 2021-09-25 00:22:30 Image size of job updated: 1706
	1706  -  MemoryUsage of job (MB)
	1747396  -  ResidentSetSize of job (KB)
...
006 (14732526.000.000) 2021-09-25 00:23:30 Image size of job updated: 1706
	1706  -  MemoryUsage of job (MB)
	1747632  -  ResidentSetSize of job (KB)
...
006 (14732526.000.000) 2021-09-25 00:24:30 Image size of job updated: 1706
	1706  -  MemoryUsage of job (MB)
	1747664  -  ResidentSetSize of job (KB)
...
006 (14732526.000.000) 2021-09-25 00:25:30 Image size of job updated: 1707
	1707  -  MemoryUsage of job (MB)
	1748196  -  ResidentSetSize of job (KB)
...
006 (14732526.000.000) 2021-09-25 00:27:31 Image size of job updated: 1707
	1707  -  MemoryUsage of job (MB)
	1748240  -  ResidentSetSize of job (KB)
...
006 (14732526.000.000) 2021-09-25 00:28:31 Image size of job updated: 1707
	1707  -  MemoryUsage of job (MB)
	1748264  -  ResidentSetSize of job (KB)
...
006 (14732526.000.000) 2021-09-25 00:29:32 Image size of job updated: 1707
	1707  -  MemoryUsage of job (MB)
	1748324  -  ResidentSetSize of job (KB)
...
006 (14732526.000.000) 2021-09-25 00:30:31 Image size of job updated: 1707
	1707  -  MemoryUsage of job (MB)
	1748464  -  ResidentSetSize of job (KB)
...
006 (14732526.000.000) 2021-09-25 00:31:32 Image size of job updated: 1707
	1707  -  MemoryUsage of job (MB)
	1748508  -  ResidentSetSize of job (KB)
...
006 (14732526.000.000) 2021-09-25 00:32:33 Image size of job updated: 1707
	1707  -  MemoryUsage of job (MB)
	1748804  -  ResidentSetSize of job (KB)
...
006 (14732526.000.000) 2021-09-25 00:34:34 Image size of job updated: 1707
	1707  -  MemoryUsage of job (MB)
	1748860  -  ResidentSetSize of job (KB)
...
006 (14732526.000.000) 2021-09-25 00:35:36 Image size of job updated: 1707
	1707  -  MemoryUsage of job (MB)
	1748896  -  ResidentSetSize of job (KB)
...
006 (14732526.000.000) 2021-09-25 00:36:36 Image size of job updated: 1707
	1707  -  MemoryUsage of job (MB)
	1748904  -  ResidentSetSize of job (KB)
...
006 (14732526.000.000) 2021-09-25 00:37:36 Image size of job updated: 1708
	1708  -  MemoryUsage of job (MB)
	1749528  -  ResidentSetSize of job (KB)
...
006 (14732526.000.000) 2021-09-25 00:39:37 Image size of job updated: 1708
	1708  -  MemoryUsage of job (MB)
	1749532  -  ResidentSetSize of job (KB)
...
006 (14732526.000.000) 2021-09-25 00:40:37 Image size of job updated: 1708
	1708  -  MemoryUsage of job (MB)
	1749800  -  ResidentSetSize of job (KB)
...
006 (14732526.000.000) 2021-09-25 00:42:37 Image size of job updated: 1708
	1708  -  MemoryUsage of job (MB)
	1749816  -  ResidentSetSize of job (KB)
...
006 (14732526.000.000) 2021-09-25 00:44:39 Image size of job updated: 1709
	1709  -  MemoryUsage of job (MB)
	1750060  -  ResidentSetSize of job (KB)
...
006 (14732526.000.000) 2021-09-25 00:46:40 Image size of job updated: 1710
	1710  -  MemoryUsage of job (MB)
	1751148  -  ResidentSetSize of job (KB)
...
006 (14732526.000.000) 2021-09-25 00:48:41 Image size of job updated: 1710
	1710  -  MemoryUsage of job (MB)
	1751180  -  ResidentSetSize of job (KB)
...
006 (14732526.000.000) 2021-09-25 00:50:41 Image size of job updated: 1710
	1710  -  MemoryUsage of job (MB)
	1751280  -  ResidentSetSize of job (KB)
...
006 (14732526.000.000) 2021-09-25 00:52:43 Image size of job updated: 1710
	1710  -  MemoryUsage of job (MB)
	1751300  -  ResidentSetSize of job (KB)
...
006 (14732526.000.000) 2021-09-25 00:54:45 Image size of job updated: 1710
	1710  -  MemoryUsage of job (MB)
	1751364  -  ResidentSetSize of job (KB)
...
006 (14732526.000.000) 2021-09-25 00:56:46 Image size of job updated: 1710
	1710  -  MemoryUsage of job (MB)
	1751380  -  ResidentSetSize of job (KB)
...
006 (14732526.000.000) 2021-09-25 00:57:47 Image size of job updated: 1710
	1710  -  MemoryUsage of job (MB)
	1751472  -  ResidentSetSize of job (KB)
...
006 (14732526.000.000) 2021-09-25 01:00:47 Image size of job updated: 1710
	1710  -  MemoryUsage of job (MB)
	1751540  -  ResidentSetSize of job (KB)
...
006 (14732526.000.000) 2021-09-25 01:01:48 Image size of job updated: 1710
	1710  -  MemoryUsage of job (MB)
	1751644  -  ResidentSetSize of job (KB)
...
006 (14732526.000.000) 2021-09-25 01:05:52 Image size of job updated: 1711
	1711  -  MemoryUsage of job (MB)
	1752380  -  ResidentSetSize of job (KB)
...
006 (14732526.000.000) 2021-09-25 01:09:54 Image size of job updated: 1711
	1711  -  MemoryUsage of job (MB)
	1752572  -  ResidentSetSize of job (KB)
...
006 (14732526.000.000) 2021-09-25 01:11:54 Image size of job updated: 1711
	1711  -  MemoryUsage of job (MB)
	1752584  -  ResidentSetSize of job (KB)
...
006 (14732526.000.000) 2021-09-25 01:14:56 Image size of job updated: 1711
	1711  -  MemoryUsage of job (MB)
	1752800  -  ResidentSetSize of job (KB)
...
006 (14732526.000.000) 2021-09-25 01:16:56 Image size of job updated: 1713
	1713  -  MemoryUsage of job (MB)
	1754592  -  ResidentSetSize of job (KB)
...
006 (14732526.000.000) 2021-09-25 01:18:58 Image size of job updated: 1713
	1713  -  MemoryUsage of job (MB)
	1754724  -  ResidentSetSize of job (KB)
...
006 (14732526.000.000) 2021-09-25 01:21:00 Image size of job updated: 1713
	1713  -  MemoryUsage of job (MB)
	1754740  -  ResidentSetSize of job (KB)
...
006 (14732526.000.000) 2021-09-25 01:22:00 Image size of job updated: 1713
	1713  -  MemoryUsage of job (MB)
	1754916  -  ResidentSetSize of job (KB)
...
006 (14732526.000.000) 2021-09-25 01:23:01 Image size of job updated: 1713
	1713  -  MemoryUsage of job (MB)
	1754932  -  ResidentSetSize of job (KB)
...
006 (14732526.000.000) 2021-09-25 01:24:02 Image size of job updated: 1713
	1713  -  MemoryUsage of job (MB)
	1755056  -  ResidentSetSize of job (KB)
...
006 (14732526.000.000) 2021-09-25 01:26:02 Image size of job updated: 1714
	1714  -  MemoryUsage of job (MB)
	1755472  -  ResidentSetSize of job (KB)
...
006 (14732526.000.000) 2021-09-25 01:28:04 Image size of job updated: 1714
	1714  -  MemoryUsage of job (MB)
	1755508  -  ResidentSetSize of job (KB)
...
006 (14732526.000.000) 2021-09-25 01:30:07 Image size of job updated: 1714
	1714  -  MemoryUsage of job (MB)
	1755912  -  ResidentSetSize of job (KB)
...
006 (14732526.000.000) 2021-09-25 01:33:08 Image size of job updated: 1714
	1714  -  MemoryUsage of job (MB)
	1755936  -  ResidentSetSize of job (KB)
...
006 (14732526.000.000) 2021-09-25 01:35:09 Image size of job updated: 1714
	1714  -  MemoryUsage of job (MB)
	1756148  -  ResidentSetSize of job (KB)
...
006 (14732526.000.000) 2021-09-25 01:38:11 Image size of job updated: 1715
	1715  -  MemoryUsage of job (MB)
	1756168  -  ResidentSetSize of job (KB)
...
006 (14732526.000.000) 2021-09-25 01:40:11 Image size of job updated: 1715
	1715  -  MemoryUsage of job (MB)
	1756664  -  ResidentSetSize of job (KB)
...
006 (14732526.000.000) 2021-09-25 01:43:14 Image size of job updated: 1715
	1715  -  MemoryUsage of job (MB)
	1756752  -  ResidentSetSize of job (KB)
...
006 (14732526.000.000) 2021-09-25 01:45:15 Image size of job updated: 1716
	1716  -  MemoryUsage of job (MB)
	1757212  -  ResidentSetSize of job (KB)
...
006 (14732526.000.000) 2021-09-25 01:48:17 Image size of job updated: 1716
	1716  -  MemoryUsage of job (MB)
	1757252  -  ResidentSetSize of job (KB)
...
006 (14732526.000.000) 2021-09-25 01:51:20 Image size of job updated: 1716
	1716  -  MemoryUsage of job (MB)
	1757384  -  ResidentSetSize of job (KB)
...
006 (14732526.000.000) 2021-09-25 01:53:20 Image size of job updated: 1716
	1716  -  MemoryUsage of job (MB)
	1757708  -  ResidentSetSize of job (KB)
...
006 (14732526.000.000) 2021-09-25 01:54:21 Image size of job updated: 1716
	1716  -  MemoryUsage of job (MB)
	1757992  -  ResidentSetSize of job (KB)
...
006 (14732526.000.000) 2021-09-25 01:56:23 Image size of job updated: 1716
	1716  -  MemoryUsage of job (MB)
	1757996  -  ResidentSetSize of job (KB)
...
006 (14732526.000.000) 2021-09-25 01:57:23 Image size of job updated: 1716
	1716  -  MemoryUsage of job (MB)
	1758068  -  ResidentSetSize of job (KB)
...
006 (14732526.000.000) 2021-09-25 01:59:24 Image size of job updated: 1717
	1717  -  MemoryUsage of job (MB)
	1758352  -  ResidentSetSize of job (KB)
...
006 (14732526.000.000) 2021-09-25 02:00:24 Image size of job updated: 1717
	1717  -  MemoryUsage of job (MB)
	1758368  -  ResidentSetSize of job (KB)
...
006 (14732526.000.000) 2021-09-25 02:03:26 Image size of job updated: 1717
	1717  -  MemoryUsage of job (MB)
	1758384  -  ResidentSetSize of job (KB)
...
006 (14732526.000.000) 2021-09-25 02:06:28 Image size of job updated: 1717
	1717  -  MemoryUsage of job (MB)
	1758940  -  ResidentSetSize of job (KB)
...
006 (14732526.000.000) 2021-09-25 02:08:29 Image size of job updated: 1717
	1717  -  MemoryUsage of job (MB)
	1759044  -  ResidentSetSize of job (KB)
...
006 (14732526.000.000) 2021-09-25 02:10:30 Image size of job updated: 1718
	1718  -  MemoryUsage of job (MB)
	1759916  -  ResidentSetSize of job (KB)
...
006 (14732526.000.000) 2021-09-25 02:13:31 Image size of job updated: 1718
	1718  -  MemoryUsage of job (MB)
	1759972  -  ResidentSetSize of job (KB)
...
006 (14732526.000.000) 2021-09-25 02:16:33 Image size of job updated: 1718
	1718  -  MemoryUsage of job (MB)
	1760000  -  ResidentSetSize of job (KB)
...
006 (14732526.000.000) 2021-09-25 02:18:34 Image size of job updated: 1718
	1718  -  MemoryUsage of job (MB)
	1760108  -  ResidentSetSize of job (KB)
...
006 (14732526.000.000) 2021-09-25 02:20:35 Image size of job updated: 1719
	1719  -  MemoryUsage of job (MB)
	1760760  -  ResidentSetSize of job (KB)
...
006 (14732526.000.000) 2021-09-25 02:23:38 Image size of job updated: 1719
	1719  -  MemoryUsage of job (MB)
	1760764  -  ResidentSetSize of job (KB)
...
006 (14732526.000.000) 2021-09-25 02:26:39 Image size of job updated: 1719
	1719  -  MemoryUsage of job (MB)
	1761144  -  ResidentSetSize of job (KB)
...
006 (14732526.000.000) 2021-09-25 02:29:41 Image size of job updated: 1719
	1719  -  MemoryUsage of job (MB)
	1761180  -  ResidentSetSize of job (KB)
...
006 (14732526.000.000) 2021-09-25 02:31:41 Image size of job updated: 1720
	1720  -  MemoryUsage of job (MB)
	1761688  -  ResidentSetSize of job (KB)
...
006 (14732526.000.000) 2021-09-25 02:34:41 Image size of job updated: 1720
	1720  -  MemoryUsage of job (MB)
	1761772  -  ResidentSetSize of job (KB)
...
006 (14732526.000.000) 2021-09-25 02:37:42 Image size of job updated: 1721
	1721  -  MemoryUsage of job (MB)
	1762924  -  ResidentSetSize of job (KB)
...
006 (14732526.000.000) 2021-09-25 02:40:43 Image size of job updated: 1721
	1721  -  MemoryUsage of job (MB)
	1762952  -  ResidentSetSize of job (KB)
...
006 (14732526.000.000) 2021-09-25 02:42:44 Image size of job updated: 1721
	1721  -  MemoryUsage of job (MB)
	1763036  -  ResidentSetSize of job (KB)
...
006 (14732526.000.000) 2021-09-25 02:44:46 Image size of job updated: 1721
	1721  -  MemoryUsage of job (MB)
	1763040  -  ResidentSetSize of job (KB)
...
006 (14732526.000.000) 2021-09-25 02:46:48 Image size of job updated: 1722
	1722  -  MemoryUsage of job (MB)
	1763808  -  ResidentSetSize of job (KB)
...
006 (14732526.000.000) 2021-09-25 03:55:29 Image size of job updated: 1724
	1724  -  MemoryUsage of job (MB)
	1765924  -  ResidentSetSize of job (KB)
...
006 (14732526.000.000) 2021-09-25 03:58:31 Image size of job updated: 1724
	1724  -  MemoryUsage of job (MB)
	1766052  -  ResidentSetSize of job (KB)
...
006 (14732526.000.000) 2021-09-25 04:01:32 Image size of job updated: 1725
	1725  -  MemoryUsage of job (MB)
	1766660  -  ResidentSetSize of job (KB)
...
006 (14732526.000.000) 2021-09-25 04:03:32 Image size of job updated: 1725
	1725  -  MemoryUsage of job (MB)
	1766668  -  ResidentSetSize of job (KB)
...
006 (14732526.000.000) 2021-09-25 04:06:36 Image size of job updated: 1726
	1726  -  MemoryUsage of job (MB)
	1768052  -  ResidentSetSize of job (KB)
...
006 (14732526.000.000) 2021-09-25 04:09:38 Image size of job updated: 1726
	1726  -  MemoryUsage of job (MB)
	1768064  -  ResidentSetSize of job (KB)
...
006 (14732526.000.000) 2021-09-25 04:12:40 Image size of job updated: 1726
	1726  -  MemoryUsage of job (MB)
	1768132  -  ResidentSetSize of job (KB)
...
040 (14732526.000.000) 2021-09-25 04:15:08 Started transferring output files
...
040 (14732526.000.000) 2021-09-25 04:15:08 Finished transferring output files
...
005 (14732526.000.000) 2021-09-25 04:15:11 Job terminated.
	(1) Normal termination (return value 0)
		Usr 0 00:00:00, Sys 0 00:00:00  -  Run Remote Usage
		Usr 0 00:00:00, Sys 0 00:00:00  -  Run Local Usage
		Usr 0 01:32:49, Sys 0 04:08:35  -  Total Remote Usage
		Usr 0 00:00:00, Sys 0 00:00:00  -  Total Local Usage
	1226698  -  Run Bytes Sent By Job
	8471570  -  Run Bytes Received By Job
	1226698  -  Total Bytes Sent By Job
	8471570  -  Total Bytes Received By Job
	Partitionable Resources :    Usage  Request Allocated 
	   Cpus                 :     0.00        1         1 
	   Disk (KB)            : 11626       10000   1649725 
	   Memory (MB)          :  1726        2048      2048 

	Job terminated of its own accord at 2021-09-25T09:15:08Z.
...
