000 (34670255.000.000) 2021-09-24 12:14:51 Job submitted from host: <131.225.188.57:9618?addrs=131.225.188.57-9618&alias=lpcschedd2.fnal.gov&noUDP&sock=schedd_2251_93c6>
...
040 (34670255.000.000) 2021-09-24 12:54:19 Started transferring input files
	Transferring to host: <131.225.204.81:9618?addrs=131.225.204.81-9618&alias=cmswn1685.fnal.gov&noUDP&sock=slot1_8_1245_f70c_7054>
...
040 (34670255.000.000) 2021-09-24 12:54:19 Finished transferring input files
...
001 (34670255.000.000) 2021-09-24 12:54:20 Job executing on host: <131.225.204.81:9618?addrs=131.225.204.81-9618&alias=cmswn1685.fnal.gov&noUDP&sock=startd_1136_c7ad>
...
006 (34670255.000.000) 2021-09-24 12:54:28 Image size of job updated: 99
	99  -  MemoryUsage of job (MB)
	101680  -  ResidentSetSize of job (KB)
...
006 (34670255.000.000) 2021-09-24 12:55:29 Image size of job updated: 490
	490  -  MemoryUsage of job (MB)
	502200  -  ResidentSetSize of job (KB)
...
006 (34670255.000.000) 2021-09-24 12:56:30 Image size of job updated: 490
	490  -  MemoryUsage of job (MB)
	502380  -  ResidentSetSize of job (KB)
...
006 (34670255.000.000) 2021-09-24 12:57:30 Image size of job updated: 490
	490  -  MemoryUsage of job (MB)
	502600  -  ResidentSetSize of job (KB)
...
006 (34670255.000.000) 2021-09-24 12:58:30 Image size of job updated: 500
	500  -  MemoryUsage of job (MB)
	512236  -  ResidentSetSize of job (KB)
...
006 (34670255.000.000) 2021-09-24 12:59:30 Image size of job updated: 503
	503  -  MemoryUsage of job (MB)
	515400  -  ResidentSetSize of job (KB)
...
006 (34670255.000.000) 2021-09-24 13:00:31 Image size of job updated: 509
	509  -  MemoryUsage of job (MB)
	521396  -  ResidentSetSize of job (KB)
...
006 (34670255.000.000) 2021-09-24 13:01:32 Image size of job updated: 514
	514  -  MemoryUsage of job (MB)
	527048  -  ResidentSetSize of job (KB)
...
040 (34670255.000.000) 2021-09-24 13:01:35 Started transferring output files
...
040 (34670255.000.000) 2021-09-24 13:01:35 Finished transferring output files
...
005 (34670255.000.000) 2021-09-24 13:01:36 Job terminated.
	(1) Normal termination (return value 0)
		Usr 0 00:03:22, Sys 0 00:00:51  -  Run Remote Usage
		Usr 0 00:00:00, Sys 0 00:00:00  -  Run Local Usage
		Usr 0 00:03:22, Sys 0 00:00:51  -  Total Remote Usage
		Usr 0 00:00:00, Sys 0 00:00:00  -  Total Local Usage
	5903  -  Run Bytes Sent By Job
	2923648  -  Run Bytes Received By Job
	5903  -  Total Bytes Sent By Job
	2923648  -  Total Bytes Received By Job
	Partitionable Resources :    Usage  Request Allocated 
	   Cpus                 :        0        1         1 
	   Disk (KB)            :   594242     3000    316396 
	   Memory (MB)          :      514     3072      3072 

	Job terminated of its own accord at 2021-09-24T18:01:35Z.
...
000 (34670333.000.000) 2021-09-24 14:24:00 Job submitted from host: <131.225.188.57:9618?addrs=131.225.188.57-9618&alias=lpcschedd2.fnal.gov&noUDP&sock=schedd_2251_93c6>
...
040 (34670333.000.000) 2021-09-24 14:35:40 Started transferring input files
	Transferring to host: <131.225.205.192:9618?addrs=131.225.205.192-9618&alias=cmswn1966.fnal.gov&noUDP&sock=slot1_15_1557_cc18_4476>
...
040 (34670333.000.000) 2021-09-24 14:35:40 Finished transferring input files
...
001 (34670333.000.000) 2021-09-24 14:35:41 Job executing on host: <131.225.205.192:9618?addrs=131.225.205.192-9618&alias=cmswn1966.fnal.gov&noUDP&sock=startd_1436_8e16>
...
006 (34670333.000.000) 2021-09-24 14:35:50 Image size of job updated: 27
	27  -  MemoryUsage of job (MB)
	28100  -  ResidentSetSize of job (KB)
...
006 (34670333.000.000) 2021-09-24 14:36:50 Image size of job updated: 487
	487  -  MemoryUsage of job (MB)
	499664  -  ResidentSetSize of job (KB)
...
006 (34670333.000.000) 2021-09-24 14:37:50 Image size of job updated: 488
	488  -  MemoryUsage of job (MB)
	499952  -  ResidentSetSize of job (KB)
...
006 (34670333.000.000) 2021-09-24 14:38:50 Image size of job updated: 488
	488  -  MemoryUsage of job (MB)
	500128  -  ResidentSetSize of job (KB)
...
006 (34670333.000.000) 2021-09-24 14:39:50 Image size of job updated: 489
	489  -  MemoryUsage of job (MB)
	501392  -  ResidentSetSize of job (KB)
...
006 (34670333.000.000) 2021-09-24 14:40:50 Image size of job updated: 498
	498  -  MemoryUsage of job (MB)
	510024  -  ResidentSetSize of job (KB)
...
006 (34670333.000.000) 2021-09-24 14:41:50 Image size of job updated: 501
	501  -  MemoryUsage of job (MB)
	513656  -  ResidentSetSize of job (KB)
...
006 (34670333.000.000) 2021-09-24 14:42:51 Image size of job updated: 506
	506  -  MemoryUsage of job (MB)
	518536  -  ResidentSetSize of job (KB)
...
006 (34670333.000.000) 2021-09-24 14:43:52 Image size of job updated: 511
	511  -  MemoryUsage of job (MB)
	523992  -  ResidentSetSize of job (KB)
...
006 (34670333.000.000) 2021-09-24 14:44:22 Image size of job updated: 512
	512  -  MemoryUsage of job (MB)
	525188  -  ResidentSetSize of job (KB)
...
040 (34670333.000.000) 2021-09-24 14:44:22 Started transferring output files
...
040 (34670333.000.000) 2021-09-24 14:44:22 Finished transferring output files
...
005 (34670333.000.000) 2021-09-24 14:44:24 Job terminated.
	(1) Normal termination (return value 0)
		Usr 0 00:04:52, Sys 0 00:01:18  -  Run Remote Usage
		Usr 0 00:00:00, Sys 0 00:00:00  -  Run Local Usage
		Usr 0 00:04:52, Sys 0 00:01:18  -  Total Remote Usage
		Usr 0 00:00:00, Sys 0 00:00:00  -  Total Local Usage
	5938  -  Run Bytes Sent By Job
	2923650  -  Run Bytes Received By Job
	5938  -  Total Bytes Sent By Job
	2923650  -  Total Bytes Received By Job
	Partitionable Resources :    Usage  Request Allocated 
	   Cpus                 :        0        1         1 
	   Disk (KB)            :   576624     3000   1644265 
	   Memory (MB)          :      512     3072      3072 

	Job terminated of its own accord at 2021-09-24T19:44:22Z.
...
