000 (14729476.000.000) 2021-09-24 12:14:22 Job submitted from host: <131.225.188.55:9618?addrs=131.225.188.55-9618&alias=lpcschedd1.fnal.gov&noUDP&sock=schedd_2070_6d22>
...
040 (14729476.000.000) 2021-09-24 12:21:30 Started transferring input files
	Transferring to host: <131.225.190.44:9618?addrs=131.225.190.44-9618&alias=cmswn2016.fnal.gov&noUDP&sock=slot1_23_1523_d757_3137>
...
040 (14729476.000.000) 2021-09-24 12:21:30 Finished transferring input files
...
001 (14729476.000.000) 2021-09-24 12:21:31 Job executing on host: <131.225.190.44:9618?addrs=131.225.190.44-9618&alias=cmswn2016.fnal.gov&noUDP&sock=startd_1422_f3c3>
...
006 (14729476.000.000) 2021-09-24 12:21:40 Image size of job updated: 30
	30  -  MemoryUsage of job (MB)
	31140  -  ResidentSetSize of job (KB)
...
006 (14729476.000.000) 2021-09-24 12:22:40 Image size of job updated: 297
	297  -  MemoryUsage of job (MB)
	305024  -  ResidentSetSize of job (KB)
...
006 (14729476.000.000) 2021-09-24 12:23:40 Image size of job updated: 360
	360  -  MemoryUsage of job (MB)
	369016  -  ResidentSetSize of job (KB)
...
006 (14729476.000.000) 2021-09-24 12:24:40 Image size of job updated: 368
	368  -  MemoryUsage of job (MB)
	377168  -  ResidentSetSize of job (KB)
...
006 (14729476.000.000) 2021-09-24 12:25:31 Image size of job updated: 368
	368  -  MemoryUsage of job (MB)
	377436  -  ResidentSetSize of job (KB)
...
040 (14729476.000.000) 2021-09-24 12:25:31 Started transferring output files
...
040 (14729476.000.000) 2021-09-24 12:25:31 Finished transferring output files
...
005 (14729476.000.000) 2021-09-24 12:25:32 Job terminated.
	(1) Normal termination (return value 0)
		Usr 0 00:00:00, Sys 0 00:00:00  -  Run Remote Usage
		Usr 0 00:00:00, Sys 0 00:00:00  -  Run Local Usage
		Usr 0 00:00:58, Sys 0 00:00:46  -  Total Remote Usage
		Usr 0 00:00:00, Sys 0 00:00:00  -  Total Local Usage
	2056  -  Run Bytes Sent By Job
	2923648  -  Run Bytes Received By Job
	2056  -  Total Bytes Sent By Job
	2923648  -  Total Bytes Received By Job
	Partitionable Resources :    Usage  Request Allocated 
	   Cpus                 :     0.00        1         1 
	   Disk (KB)            : 78393        3000    773041 
	   Memory (MB)          :   368        3072      3072 

	Job terminated of its own accord at 2021-09-24T17:25:31Z.
...
000 (14730253.000.000) 2021-09-24 14:23:32 Job submitted from host: <131.225.188.55:9618?addrs=131.225.188.55-9618&alias=lpcschedd1.fnal.gov&noUDP&sock=schedd_2070_6d22>
...
040 (14730253.000.000) 2021-09-24 14:50:13 Started transferring input files
	Transferring to host: <131.225.206.226:9618?addrs=131.225.206.226-9618&alias=cmswn1845.fnal.gov&noUDP&sock=slot1_6_1218_f0eb_5289>
...
040 (14730253.000.000) 2021-09-24 14:50:13 Finished transferring input files
...
001 (14730253.000.000) 2021-09-24 14:50:14 Job executing on host: <131.225.206.226:9618?addrs=131.225.206.226-9618&alias=cmswn1845.fnal.gov&noUDP&sock=startd_1138_26dd>
...
006 (14730253.000.000) 2021-09-24 14:50:22 Image size of job updated: 14
	14  -  MemoryUsage of job (MB)
	15324  -  ResidentSetSize of job (KB)
...
006 (14730253.000.000) 2021-09-24 14:51:23 Image size of job updated: 207
	207  -  MemoryUsage of job (MB)
	212892  -  ResidentSetSize of job (KB)
...
006 (14730253.000.000) 2021-09-24 14:52:24 Image size of job updated: 360
	360  -  MemoryUsage of job (MB)
	369572  -  ResidentSetSize of job (KB)
...
006 (14730253.000.000) 2021-09-24 14:53:24 Image size of job updated: 368
	368  -  MemoryUsage of job (MB)
	377400  -  ResidentSetSize of job (KB)
...
006 (14730253.000.000) 2021-09-24 14:54:22 Image size of job updated: 368
	368  -  MemoryUsage of job (MB)
	377740  -  ResidentSetSize of job (KB)
...
040 (14730253.000.000) 2021-09-24 14:54:22 Started transferring output files
...
040 (14730253.000.000) 2021-09-24 14:54:22 Finished transferring output files
...
005 (14730253.000.000) 2021-09-24 14:54:23 Job terminated.
	(1) Normal termination (return value 0)
		Usr 0 00:00:59, Sys 0 00:00:39  -  Run Remote Usage
		Usr 0 00:00:00, Sys 0 00:00:00  -  Run Local Usage
		Usr 0 00:00:59, Sys 0 00:00:39  -  Total Remote Usage
		Usr 0 00:00:00, Sys 0 00:00:00  -  Total Local Usage
	2148  -  Run Bytes Sent By Job
	2923650  -  Run Bytes Received By Job
	2148  -  Total Bytes Sent By Job
	2923650  -  Total Bytes Received By Job
	Partitionable Resources :    Usage  Request Allocated 
	   Cpus                 :        0        1         1 
	   Disk (KB)            :    75033     3000    318741 
	   Memory (MB)          :      368     3072      3072 

	Job terminated of its own accord at 2021-09-24T19:54:22Z.
...
