000 (34670179.000.000) 2021-09-24 12:14:06 Job submitted from host: <131.225.188.57:9618?addrs=131.225.188.57-9618&alias=lpcschedd2.fnal.gov&noUDP&sock=schedd_2251_93c6>
...
040 (34670179.000.000) 2021-09-24 12:43:51 Started transferring input files
	Transferring to host: <131.225.190.31:9618?addrs=131.225.190.31-9618&alias=cmswn2011.fnal.gov&noUDP&sock=slot1_22_1610_23fb_4163>
...
040 (34670179.000.000) 2021-09-24 12:43:51 Finished transferring input files
...
001 (34670179.000.000) 2021-09-24 12:43:52 Job executing on host: <131.225.190.31:9618?addrs=131.225.190.31-9618&alias=cmswn2011.fnal.gov&noUDP&sock=startd_1413_c769>
...
006 (34670179.000.000) 2021-09-24 12:44:01 Image size of job updated: 9
	9  -  MemoryUsage of job (MB)
	10100  -  ResidentSetSize of job (KB)
...
006 (34670179.000.000) 2021-09-24 12:44:36 Image size of job updated: 288
	288  -  MemoryUsage of job (MB)
	295468  -  ResidentSetSize of job (KB)
...
040 (34670179.000.000) 2021-09-24 12:44:36 Started transferring output files
...
040 (34670179.000.000) 2021-09-24 12:44:36 Finished transferring output files
...
005 (34670179.000.000) 2021-09-24 12:44:37 Job terminated.
	(1) Normal termination (return value 0)
		Usr 0 00:00:14, Sys 0 00:00:04  -  Run Remote Usage
		Usr 0 00:00:00, Sys 0 00:00:00  -  Run Local Usage
		Usr 0 00:00:14, Sys 0 00:00:04  -  Total Remote Usage
		Usr 0 00:00:00, Sys 0 00:00:00  -  Total Local Usage
	10185  -  Run Bytes Sent By Job
	2923648  -  Run Bytes Received By Job
	10185  -  Total Bytes Sent By Job
	2923648  -  Total Bytes Received By Job
	Partitionable Resources :    Usage  Request Allocated 
	   Cpus                 :        0        1         1 
	   Disk (KB)            :     3370     3000    773340 
	   Memory (MB)          :      288     3072      3072 

	Job terminated of its own accord at 2021-09-24T17:44:36Z.
...
000 (14730234.000.000) 2021-09-24 14:23:18 Job submitted from host: <131.225.188.55:9618?addrs=131.225.188.55-9618&alias=lpcschedd1.fnal.gov&noUDP&sock=schedd_2070_6d22>
...
040 (14730234.000.000) 2021-09-24 14:49:45 Started transferring input files
	Transferring to host: <131.225.190.27:9618?addrs=131.225.190.27-9618&alias=cmswn2009.fnal.gov&noUDP&sock=slot1_14_1541_8618_3573>
...
040 (14730234.000.000) 2021-09-24 14:49:45 Finished transferring input files
...
001 (14730234.000.000) 2021-09-24 14:49:46 Job executing on host: <131.225.190.27:9618?addrs=131.225.190.27-9618&alias=cmswn2009.fnal.gov&noUDP&sock=startd_1433_7f4e>
...
006 (14730234.000.000) 2021-09-24 14:49:56 Image size of job updated: 8
	8  -  MemoryUsage of job (MB)
	8252  -  ResidentSetSize of job (KB)
...
006 (14730234.000.000) 2021-09-24 14:50:20 Image size of job updated: 193
	193  -  MemoryUsage of job (MB)
	198136  -  ResidentSetSize of job (KB)
...
040 (14730234.000.000) 2021-09-24 14:50:20 Started transferring output files
...
040 (14730234.000.000) 2021-09-24 14:50:20 Finished transferring output files
...
005 (14730234.000.000) 2021-09-24 14:50:21 Job terminated.
	(1) Normal termination (return value 0)
		Usr 0 00:00:11, Sys 0 00:00:03  -  Run Remote Usage
		Usr 0 00:00:00, Sys 0 00:00:00  -  Run Local Usage
		Usr 0 00:00:11, Sys 0 00:00:03  -  Total Remote Usage
		Usr 0 00:00:00, Sys 0 00:00:00  -  Total Local Usage
	10195  -  Run Bytes Sent By Job
	2923650  -  Run Bytes Received By Job
	10195  -  Total Bytes Sent By Job
	2923650  -  Total Bytes Received By Job
	Partitionable Resources :    Usage  Request Allocated 
	   Cpus                 :        0        1         1 
	   Disk (KB)            :     3369     3000    785880 
	   Memory (MB)          :      193     3072      3072 

	Job terminated of its own accord at 2021-09-24T19:50:20Z.
...
