WARNING: In non-interactive mode release checks e.g. deprecated releases, production architectures are disabled.

 *** Break *** segmentation violation



===========================================================
There was a crash.
This is the entire stack trace of all threads:
===========================================================

Thread 6 (Thread 0x7f6f3ee9a700 (LWP 149)):
#0  0x00007f6f4f5ffd19 in syscall () from /lib64/libc.so.6
#1  0x00007f6f4190479e in XrdSys::LinuxSemaphore::Wait (this=0x9646640) at /build/cmsbld/auto-builds/CMSSW_10_2_0_pre6-slc7_amd64_gcc700/build/CMSSW_10_2_0_pre6-build/BUILD/slc7_amd64_gcc700/external/xrootd/4.8.3-gnimlf/xrootd-4.8.3/src/./XrdSys/XrdSysLinuxSemaphore.hh:161
#2  XrdCl::SyncQueue<XrdCl::JobManager::JobHelper>::Get (this=0x965ecd8) at /build/cmsbld/auto-builds/CMSSW_10_2_0_pre6-slc7_amd64_gcc700/build/CMSSW_10_2_0_pre6-build/BUILD/slc7_amd64_gcc700/external/xrootd/4.8.3-gnimlf/xrootd-4.8.3/src/./XrdCl/XrdClSyncQueue.hh:67
#3  XrdCl::JobManager::RunJobs (this=0x965ecc0) at /build/cmsbld/auto-builds/CMSSW_10_2_0_pre6-slc7_amd64_gcc700/build/CMSSW_10_2_0_pre6-build/BUILD/slc7_amd64_gcc700/external/xrootd/4.8.3-gnimlf/xrootd-4.8.3/src/XrdCl/XrdClJobManager.cc:146
#4  0x00007f6f41904989 in RunRunnerThread (arg=<optimized out>) at /build/cmsbld/auto-builds/CMSSW_10_2_0_pre6-slc7_amd64_gcc700/build/CMSSW_10_2_0_pre6-build/BUILD/slc7_amd64_gcc700/external/xrootd/4.8.3-gnimlf/xrootd-4.8.3/src/XrdCl/XrdClJobManager.cc:33
#5  0x00007f6f4f8dcea5 in start_thread () from /lib64/libpthread.so.0
#6  0x00007f6f4f6059fd in clone () from /lib64/libc.so.6

Thread 5 (Thread 0x7f6f3f69b700 (LWP 148)):
#0  0x00007f6f4f5ffd19 in syscall () from /lib64/libc.so.6
#1  0x00007f6f4190479e in XrdSys::LinuxSemaphore::Wait (this=0x9646640) at /build/cmsbld/auto-builds/CMSSW_10_2_0_pre6-slc7_amd64_gcc700/build/CMSSW_10_2_0_pre6-build/BUILD/slc7_amd64_gcc700/external/xrootd/4.8.3-gnimlf/xrootd-4.8.3/src/./XrdSys/XrdSysLinuxSemaphore.hh:161
#2  XrdCl::SyncQueue<XrdCl::JobManager::JobHelper>::Get (this=0x965ecd8) at /build/cmsbld/auto-builds/CMSSW_10_2_0_pre6-slc7_amd64_gcc700/build/CMSSW_10_2_0_pre6-build/BUILD/slc7_amd64_gcc700/external/xrootd/4.8.3-gnimlf/xrootd-4.8.3/src/./XrdCl/XrdClSyncQueue.hh:67
#3  XrdCl::JobManager::RunJobs (this=0x965ecc0) at /build/cmsbld/auto-builds/CMSSW_10_2_0_pre6-slc7_amd64_gcc700/build/CMSSW_10_2_0_pre6-build/BUILD/slc7_amd64_gcc700/external/xrootd/4.8.3-gnimlf/xrootd-4.8.3/src/XrdCl/XrdClJobManager.cc:146
#4  0x00007f6f41904989 in RunRunnerThread (arg=<optimized out>) at /build/cmsbld/auto-builds/CMSSW_10_2_0_pre6-slc7_amd64_gcc700/build/CMSSW_10_2_0_pre6-build/BUILD/slc7_amd64_gcc700/external/xrootd/4.8.3-gnimlf/xrootd-4.8.3/src/XrdCl/XrdClJobManager.cc:33
#5  0x00007f6f4f8dcea5 in start_thread () from /lib64/libpthread.so.0
#6  0x00007f6f4f6059fd in clone () from /lib64/libc.so.6

Thread 4 (Thread 0x7f6f3fe9c700 (LWP 147)):
#0  0x00007f6f4f5ffd19 in syscall () from /lib64/libc.so.6
#1  0x00007f6f4190479e in XrdSys::LinuxSemaphore::Wait (this=0x9646640) at /build/cmsbld/auto-builds/CMSSW_10_2_0_pre6-slc7_amd64_gcc700/build/CMSSW_10_2_0_pre6-build/BUILD/slc7_amd64_gcc700/external/xrootd/4.8.3-gnimlf/xrootd-4.8.3/src/./XrdSys/XrdSysLinuxSemaphore.hh:161
#2  XrdCl::SyncQueue<XrdCl::JobManager::JobHelper>::Get (this=0x965ecd8) at /build/cmsbld/auto-builds/CMSSW_10_2_0_pre6-slc7_amd64_gcc700/build/CMSSW_10_2_0_pre6-build/BUILD/slc7_amd64_gcc700/external/xrootd/4.8.3-gnimlf/xrootd-4.8.3/src/./XrdCl/XrdClSyncQueue.hh:67
#3  XrdCl::JobManager::RunJobs (this=0x965ecc0) at /build/cmsbld/auto-builds/CMSSW_10_2_0_pre6-slc7_amd64_gcc700/build/CMSSW_10_2_0_pre6-build/BUILD/slc7_amd64_gcc700/external/xrootd/4.8.3-gnimlf/xrootd-4.8.3/src/XrdCl/XrdClJobManager.cc:146
#4  0x00007f6f41904989 in RunRunnerThread (arg=<optimized out>) at /build/cmsbld/auto-builds/CMSSW_10_2_0_pre6-slc7_amd64_gcc700/build/CMSSW_10_2_0_pre6-build/BUILD/slc7_amd64_gcc700/external/xrootd/4.8.3-gnimlf/xrootd-4.8.3/src/XrdCl/XrdClJobManager.cc:33
#5  0x00007f6f4f8dcea5 in start_thread () from /lib64/libpthread.so.0
#6  0x00007f6f4f6059fd in clone () from /lib64/libc.so.6

Thread 3 (Thread 0x7f6f4069d700 (LWP 146)):
#0  0x00007f6f4f8e3e9d in nanosleep () from /lib64/libpthread.so.0
#1  0x00007f6f41a13ded in XrdSysTimer::Wait (mills=<optimized out>) at /build/cmsbld/auto-builds/CMSSW_10_2_0_pre6-slc7_amd64_gcc700/build/CMSSW_10_2_0_pre6-build/BUILD/slc7_amd64_gcc700/external/xrootd/4.8.3-gnimlf/xrootd-4.8.3/src/XrdSys/XrdSysTimer.cc:239
#2  0x00007f6f418a8118 in XrdCl::TaskManager::RunTasks (this=0x963ff90) at /build/cmsbld/auto-builds/CMSSW_10_2_0_pre6-slc7_amd64_gcc700/build/CMSSW_10_2_0_pre6-build/BUILD/slc7_amd64_gcc700/external/xrootd/4.8.3-gnimlf/xrootd-4.8.3/src/XrdCl/XrdClTaskManager.cc:244
#3  0x00007f6f418a8269 in RunRunnerThread (arg=<optimized out>) at /build/cmsbld/auto-builds/CMSSW_10_2_0_pre6-slc7_amd64_gcc700/build/CMSSW_10_2_0_pre6-build/BUILD/slc7_amd64_gcc700/external/xrootd/4.8.3-gnimlf/xrootd-4.8.3/src/XrdCl/XrdClTaskManager.cc:37
#4  0x00007f6f4f8dcea5 in start_thread () from /lib64/libpthread.so.0
#5  0x00007f6f4f6059fd in clone () from /lib64/libc.so.6

Thread 2 (Thread 0x7f6f40e9e700 (LWP 145)):
#0  0x00007f6f4f605fd3 in epoll_wait () from /lib64/libc.so.6
#1  0x00007f6f41a18c17 in XrdSys::IOEvents::PollE::Begin (this=0x9654f50, syncsem=<optimized out>, retcode=<optimized out>, eTxt=<optimized out>) at /build/cmsbld/auto-builds/CMSSW_10_2_0_pre6-slc7_amd64_gcc700/build/CMSSW_10_2_0_pre6-build/BUILD/slc7_amd64_gcc700/external/xrootd/4.8.3-gnimlf/xrootd-4.8.3/src/./XrdSys/XrdSysIOEventsPollE.icc:213
#2  0x00007f6f41a154f5 in XrdSys::IOEvents::BootStrap::Start (parg=0x7ffe233dba20) at /build/cmsbld/auto-builds/CMSSW_10_2_0_pre6-slc7_amd64_gcc700/build/CMSSW_10_2_0_pre6-build/BUILD/slc7_amd64_gcc700/external/xrootd/4.8.3-gnimlf/xrootd-4.8.3/src/XrdSys/XrdSysIOEvents.cc:131
#3  0x00007f6f41a135e8 in XrdSysThread_Xeq (myargs=0x9657260) at /build/cmsbld/auto-builds/CMSSW_10_2_0_pre6-slc7_amd64_gcc700/build/CMSSW_10_2_0_pre6-build/BUILD/slc7_amd64_gcc700/external/xrootd/4.8.3-gnimlf/xrootd-4.8.3/src/XrdSys/XrdSysPthread.cc:86
#4  0x00007f6f4f8dcea5 in start_thread () from /lib64/libpthread.so.0
#5  0x00007f6f4f6059fd in clone () from /lib64/libc.so.6

Thread 1 (Thread 0x7f6f4f28b980 (LWP 121)):
#0  0x00007f6f4f5cc549 in waitpid () from /lib64/libc.so.6
#1  0x00007f6f4f549f62 in do_system () from /lib64/libc.so.6
#2  0x00007f6f4f54a311 in system () from /lib64/libc.so.6
#3  0x00007f6f5010ba8b in TUnixSystem::StackTrace() () from /cvmfs/cms.cern.ch/slc7_amd64_gcc700/lcg/root/6.12.07-gnimlf5/lib/libCore.so
#4  0x00007f6f5010e0cc in TUnixSystem::DispatchSignals(ESignals) () from /cvmfs/cms.cern.ch/slc7_amd64_gcc700/lcg/root/6.12.07-gnimlf5/lib/libCore.so
#5  <signal handler called>
#6  0x00007f6f43df6846 in TTree::GetCurrentFile() const () from /cvmfs/cms.cern.ch/slc7_amd64_gcc700/lcg/root/6.12.07-gnimlf5/lib/libTree.so
#7  0x00007f6f41ac337b in ?? ()
#8  0x000000000bc63f20 in ?? ()
#9  0x000000000bbf4570 in ?? ()
#10 0x000000000bb44b90 in ?? ()
#11 0x000000000b42b2d0 in ?? ()
#12 0x0000000009661fc0 in ?? ()
#13 0x00007ffe233ddb10 in ?? ()
#14 0x000000000b53b4b0 in ?? ()
#15 0x000000000b30ce30 in ?? ()
#16 0x00000000098356d0 in ?? ()
#17 0x00007ffe233ddb10 in ?? ()
#18 0x00007ffe233dda30 in ?? ()
#19 0x00007f6f41ac36cc in ?? ()
#20 0x0000000007b7bf70 in ?? ()
#21 0x00007ffe233ddb10 in ?? ()
#22 0x00007ffe233df8f0 in ?? ()
#23 0x00007f6f41b08b31 in ?? ()
#24 0x00000000080137a0 in ?? ()
#25 0x00000000080137a0 in ?? ()
#26 0x00007ffe233dda98 in ?? ()
#27 0x0000000000000006 in ?? ()
#28 0x0000000000000000 in ?? ()
===========================================================


The lines below might hint at the cause of the crash.
You may get help by asking at the ROOT forum http://root.cern.ch/forum.
Only if you are really convinced it is a bug in ROOT then please submit a
report at http://root.cern.ch/bugs. Please post the ENTIRE stack trace
from above as an attachment in addition to anything else
that might help us fixing this issue.
===========================================================
#6  0x00007f6f43df6846 in TTree::GetCurrentFile() const () from /cvmfs/cms.cern.ch/slc7_amd64_gcc700/lcg/root/6.12.07-gnimlf5/lib/libTree.so
#7  0x00007f6f41ac337b in ?? ()
#8  0x000000000bc63f20 in ?? ()
#9  0x000000000bbf4570 in ?? ()
#10 0x000000000bb44b90 in ?? ()
#11 0x000000000b42b2d0 in ?? ()
#12 0x0000000009661fc0 in ?? ()
#13 0x00007ffe233ddb10 in ?? ()
#14 0x000000000b53b4b0 in ?? ()
#15 0x000000000b30ce30 in ?? ()
#16 0x00000000098356d0 in ?? ()
#17 0x00007ffe233ddb10 in ?? ()
#18 0x00007ffe233dda30 in ?? ()
#19 0x00007f6f41ac36cc in ?? ()
#20 0x0000000007b7bf70 in ?? ()
#21 0x00007ffe233ddb10 in ?? ()
#22 0x00007ffe233df8f0 in ?? ()
#23 0x00007f6f41b08b31 in ?? ()
#24 0x00000000080137a0 in ?? ()
#25 0x00000000080137a0 in ?? ()
#26 0x00007ffe233dda98 in ?? ()
#27 0x0000000000000006 in ?? ()
#28 0x0000000000000000 in ?? ()
===========================================================


[5.917MB/5.917MB][100%][==================================================][5.917MB/s]  [5.917MB/5.917MB][100%][==================================================][5.917MB/s]  
