WARNING: In non-interactive mode release checks e.g. deprecated releases, production architectures are disabled.

 *** Break *** segmentation violation



===========================================================
There was a crash.
This is the entire stack trace of all threads:
===========================================================

Thread 6 (Thread 0x7fa008b71700 (LWP 147)):
#0  0x00007fa0192d5d19 in syscall () from /lib64/libc.so.6
#1  0x00007fa00b5db79e in XrdSys::LinuxSemaphore::Wait (this=0xa040a00) at /build/cmsbld/auto-builds/CMSSW_10_2_0_pre6-slc7_amd64_gcc700/build/CMSSW_10_2_0_pre6-build/BUILD/slc7_amd64_gcc700/external/xrootd/4.8.3-gnimlf/xrootd-4.8.3/src/./XrdSys/XrdSysLinuxSemaphore.hh:161
#2  XrdCl::SyncQueue<XrdCl::JobManager::JobHelper>::Get (this=0xa3fb108) at /build/cmsbld/auto-builds/CMSSW_10_2_0_pre6-slc7_amd64_gcc700/build/CMSSW_10_2_0_pre6-build/BUILD/slc7_amd64_gcc700/external/xrootd/4.8.3-gnimlf/xrootd-4.8.3/src/./XrdCl/XrdClSyncQueue.hh:67
#3  XrdCl::JobManager::RunJobs (this=0xa3fb0f0) at /build/cmsbld/auto-builds/CMSSW_10_2_0_pre6-slc7_amd64_gcc700/build/CMSSW_10_2_0_pre6-build/BUILD/slc7_amd64_gcc700/external/xrootd/4.8.3-gnimlf/xrootd-4.8.3/src/XrdCl/XrdClJobManager.cc:146
#4  0x00007fa00b5db989 in RunRunnerThread (arg=<optimized out>) at /build/cmsbld/auto-builds/CMSSW_10_2_0_pre6-slc7_amd64_gcc700/build/CMSSW_10_2_0_pre6-build/BUILD/slc7_amd64_gcc700/external/xrootd/4.8.3-gnimlf/xrootd-4.8.3/src/XrdCl/XrdClJobManager.cc:33
#5  0x00007fa0195b2ea5 in start_thread () from /lib64/libpthread.so.0
#6  0x00007fa0192db9fd in clone () from /lib64/libc.so.6

Thread 5 (Thread 0x7fa009372700 (LWP 146)):
#0  0x00007fa0192d5d19 in syscall () from /lib64/libc.so.6
#1  0x00007fa00b5db79e in XrdSys::LinuxSemaphore::Wait (this=0xa040a00) at /build/cmsbld/auto-builds/CMSSW_10_2_0_pre6-slc7_amd64_gcc700/build/CMSSW_10_2_0_pre6-build/BUILD/slc7_amd64_gcc700/external/xrootd/4.8.3-gnimlf/xrootd-4.8.3/src/./XrdSys/XrdSysLinuxSemaphore.hh:161
#2  XrdCl::SyncQueue<XrdCl::JobManager::JobHelper>::Get (this=0xa3fb108) at /build/cmsbld/auto-builds/CMSSW_10_2_0_pre6-slc7_amd64_gcc700/build/CMSSW_10_2_0_pre6-build/BUILD/slc7_amd64_gcc700/external/xrootd/4.8.3-gnimlf/xrootd-4.8.3/src/./XrdCl/XrdClSyncQueue.hh:67
#3  XrdCl::JobManager::RunJobs (this=0xa3fb0f0) at /build/cmsbld/auto-builds/CMSSW_10_2_0_pre6-slc7_amd64_gcc700/build/CMSSW_10_2_0_pre6-build/BUILD/slc7_amd64_gcc700/external/xrootd/4.8.3-gnimlf/xrootd-4.8.3/src/XrdCl/XrdClJobManager.cc:146
#4  0x00007fa00b5db989 in RunRunnerThread (arg=<optimized out>) at /build/cmsbld/auto-builds/CMSSW_10_2_0_pre6-slc7_amd64_gcc700/build/CMSSW_10_2_0_pre6-build/BUILD/slc7_amd64_gcc700/external/xrootd/4.8.3-gnimlf/xrootd-4.8.3/src/XrdCl/XrdClJobManager.cc:33
#5  0x00007fa0195b2ea5 in start_thread () from /lib64/libpthread.so.0
#6  0x00007fa0192db9fd in clone () from /lib64/libc.so.6

Thread 4 (Thread 0x7fa009b73700 (LWP 145)):
#0  0x00007fa0192d5d19 in syscall () from /lib64/libc.so.6
#1  0x00007fa00b5db79e in XrdSys::LinuxSemaphore::Wait (this=0xa040a00) at /build/cmsbld/auto-builds/CMSSW_10_2_0_pre6-slc7_amd64_gcc700/build/CMSSW_10_2_0_pre6-build/BUILD/slc7_amd64_gcc700/external/xrootd/4.8.3-gnimlf/xrootd-4.8.3/src/./XrdSys/XrdSysLinuxSemaphore.hh:161
#2  XrdCl::SyncQueue<XrdCl::JobManager::JobHelper>::Get (this=0xa3fb108) at /build/cmsbld/auto-builds/CMSSW_10_2_0_pre6-slc7_amd64_gcc700/build/CMSSW_10_2_0_pre6-build/BUILD/slc7_amd64_gcc700/external/xrootd/4.8.3-gnimlf/xrootd-4.8.3/src/./XrdCl/XrdClSyncQueue.hh:67
#3  XrdCl::JobManager::RunJobs (this=0xa3fb0f0) at /build/cmsbld/auto-builds/CMSSW_10_2_0_pre6-slc7_amd64_gcc700/build/CMSSW_10_2_0_pre6-build/BUILD/slc7_amd64_gcc700/external/xrootd/4.8.3-gnimlf/xrootd-4.8.3/src/XrdCl/XrdClJobManager.cc:146
#4  0x00007fa00b5db989 in RunRunnerThread (arg=<optimized out>) at /build/cmsbld/auto-builds/CMSSW_10_2_0_pre6-slc7_amd64_gcc700/build/CMSSW_10_2_0_pre6-build/BUILD/slc7_amd64_gcc700/external/xrootd/4.8.3-gnimlf/xrootd-4.8.3/src/XrdCl/XrdClJobManager.cc:33
#5  0x00007fa0195b2ea5 in start_thread () from /lib64/libpthread.so.0
#6  0x00007fa0192db9fd in clone () from /lib64/libc.so.6

Thread 3 (Thread 0x7fa00a374700 (LWP 144)):
#0  0x00007fa0195b9e9d in nanosleep () from /lib64/libpthread.so.0
#1  0x00007fa00b6eaded in XrdSysTimer::Wait (mills=<optimized out>) at /build/cmsbld/auto-builds/CMSSW_10_2_0_pre6-slc7_amd64_gcc700/build/CMSSW_10_2_0_pre6-build/BUILD/slc7_amd64_gcc700/external/xrootd/4.8.3-gnimlf/xrootd-4.8.3/src/XrdSys/XrdSysTimer.cc:239
#2  0x00007fa00b57f118 in XrdCl::TaskManager::RunTasks (this=0xa3dc3c0) at /build/cmsbld/auto-builds/CMSSW_10_2_0_pre6-slc7_amd64_gcc700/build/CMSSW_10_2_0_pre6-build/BUILD/slc7_amd64_gcc700/external/xrootd/4.8.3-gnimlf/xrootd-4.8.3/src/XrdCl/XrdClTaskManager.cc:244
#3  0x00007fa00b57f269 in RunRunnerThread (arg=<optimized out>) at /build/cmsbld/auto-builds/CMSSW_10_2_0_pre6-slc7_amd64_gcc700/build/CMSSW_10_2_0_pre6-build/BUILD/slc7_amd64_gcc700/external/xrootd/4.8.3-gnimlf/xrootd-4.8.3/src/XrdCl/XrdClTaskManager.cc:37
#4  0x00007fa0195b2ea5 in start_thread () from /lib64/libpthread.so.0
#5  0x00007fa0192db9fd in clone () from /lib64/libc.so.6

Thread 2 (Thread 0x7fa00ab75700 (LWP 143)):
#0  0x00007fa0192dbfd3 in epoll_wait () from /lib64/libc.so.6
#1  0x00007fa00b6efc17 in XrdSys::IOEvents::PollE::Begin (this=0xa3f1380, syncsem=<optimized out>, retcode=<optimized out>, eTxt=<optimized out>) at /build/cmsbld/auto-builds/CMSSW_10_2_0_pre6-slc7_amd64_gcc700/build/CMSSW_10_2_0_pre6-build/BUILD/slc7_amd64_gcc700/external/xrootd/4.8.3-gnimlf/xrootd-4.8.3/src/./XrdSys/XrdSysIOEventsPollE.icc:213
#2  0x00007fa00b6ec4f5 in XrdSys::IOEvents::BootStrap::Start (parg=0x7fff77fbae60) at /build/cmsbld/auto-builds/CMSSW_10_2_0_pre6-slc7_amd64_gcc700/build/CMSSW_10_2_0_pre6-build/BUILD/slc7_amd64_gcc700/external/xrootd/4.8.3-gnimlf/xrootd-4.8.3/src/XrdSys/XrdSysIOEvents.cc:131
#3  0x00007fa00b6ea5e8 in XrdSysThread_Xeq (myargs=0xa3f9440) at /build/cmsbld/auto-builds/CMSSW_10_2_0_pre6-slc7_amd64_gcc700/build/CMSSW_10_2_0_pre6-build/BUILD/slc7_amd64_gcc700/external/xrootd/4.8.3-gnimlf/xrootd-4.8.3/src/XrdSys/XrdSysPthread.cc:86
#4  0x00007fa0195b2ea5 in start_thread () from /lib64/libpthread.so.0
#5  0x00007fa0192db9fd in clone () from /lib64/libc.so.6

Thread 1 (Thread 0x7fa019f47980 (LWP 119)):
#0  0x00007fa0192a2549 in waitpid () from /lib64/libc.so.6
#1  0x00007fa01921ff62 in do_system () from /lib64/libc.so.6
#2  0x00007fa019220311 in system () from /lib64/libc.so.6
#3  0x00007fa019de1a8b in TUnixSystem::StackTrace() () from /cvmfs/cms.cern.ch/slc7_amd64_gcc700/lcg/root/6.12.07-gnimlf5/lib/libCore.so
#4  0x00007fa019de40cc in TUnixSystem::DispatchSignals(ESignals) () from /cvmfs/cms.cern.ch/slc7_amd64_gcc700/lcg/root/6.12.07-gnimlf5/lib/libCore.so
#5  <signal handler called>
#6  0x00007fa00daf0846 in TTree::GetCurrentFile() const () from /cvmfs/cms.cern.ch/slc7_amd64_gcc700/lcg/root/6.12.07-gnimlf5/lib/libTree.so
#7  0x00007fa00b79a37b in ?? ()
#8  0x000000000b6f4900 in ?? ()
#9  0x000000000a591b20 in ?? ()
#10 0x000000000dbd68c0 in ?? ()
#11 0x000000000dbd62d0 in ?? ()
#12 0x000000000a3ec340 in ?? ()
#13 0x00007fff77fbcf50 in ?? ()
#14 0x000000000db75410 in ?? ()
#15 0x000000000dbefb80 in ?? ()
#16 0x000000000a582d10 in ?? ()
#17 0x00007fff77fbcf50 in ?? ()
#18 0x00007fff77fbce70 in ?? ()
#19 0x00007fa00b79a6cc in ?? ()
#20 0x000000000811d7e0 in ?? ()
#21 0x00007fff77fbcf50 in ?? ()
#22 0x00007fff77fbed30 in ?? ()
#23 0x00007fa00b7dfb31 in ?? ()
#24 0x00000000096b25a0 in ?? ()
#25 0x00000000096b25a0 in ?? ()
#26 0x00007fff77fbced8 in ?? ()
#27 0x0000000000000006 in ?? ()
#28 0x0000000000000000 in ?? ()
===========================================================


The lines below might hint at the cause of the crash.
You may get help by asking at the ROOT forum http://root.cern.ch/forum.
Only if you are really convinced it is a bug in ROOT then please submit a
report at http://root.cern.ch/bugs. Please post the ENTIRE stack trace
from above as an attachment in addition to anything else
that might help us fixing this issue.
===========================================================
#6  0x00007fa00daf0846 in TTree::GetCurrentFile() const () from /cvmfs/cms.cern.ch/slc7_amd64_gcc700/lcg/root/6.12.07-gnimlf5/lib/libTree.so
#7  0x00007fa00b79a37b in ?? ()
#8  0x000000000b6f4900 in ?? ()
#9  0x000000000a591b20 in ?? ()
#10 0x000000000dbd68c0 in ?? ()
#11 0x000000000dbd62d0 in ?? ()
#12 0x000000000a3ec340 in ?? ()
#13 0x00007fff77fbcf50 in ?? ()
#14 0x000000000db75410 in ?? ()
#15 0x000000000dbefb80 in ?? ()
#16 0x000000000a582d10 in ?? ()
#17 0x00007fff77fbcf50 in ?? ()
#18 0x00007fff77fbce70 in ?? ()
#19 0x00007fa00b79a6cc in ?? ()
#20 0x000000000811d7e0 in ?? ()
#21 0x00007fff77fbcf50 in ?? ()
#22 0x00007fff77fbed30 in ?? ()
#23 0x00007fa00b7dfb31 in ?? ()
#24 0x00000000096b25a0 in ?? ()
#25 0x00000000096b25a0 in ?? ()
#26 0x00007fff77fbced8 in ?? ()
#27 0x0000000000000006 in ?? ()
#28 0x0000000000000000 in ?? ()
===========================================================


[16MB/190.1MB][  8%][====>                                             ][16MB/s]  [80MB/190.1MB][ 42%][=====================>                            ][80MB/s]  [128MB/190.1MB][ 67%][=================================>                ][64MB/s]  [190.1MB/190.1MB][100%][==================================================][63.38MB/s]  [190.1MB/190.1MB][100%][==================================================][47.53MB/s]  
