000 (34670246.000.000) 2021-09-24 12:14:38 Job submitted from host: <131.225.188.57:9618?addrs=131.225.188.57-9618&alias=lpcschedd2.fnal.gov&noUDP&sock=schedd_2251_93c6>
...
040 (34670246.000.000) 2021-09-24 12:50:52 Started transferring input files
	Transferring to host: <131.225.188.17:9618?addrs=131.225.188.17-9618&alias=cmswn2020.fnal.gov&noUDP&sock=slot1_5_2033_2eac_4820>
...
040 (34670246.000.000) 2021-09-24 12:50:52 Finished transferring input files
...
001 (34670246.000.000) 2021-09-24 12:50:53 Job executing on host: <131.225.188.17:9618?addrs=131.225.188.17-9618&alias=cmswn2020.fnal.gov&noUDP&sock=startd_1931_1578>
...
006 (34670246.000.000) 2021-09-24 12:52:03 Image size of job updated: 619
	619  -  MemoryUsage of job (MB)
	634272  -  ResidentSetSize of job (KB)
...
006 (34670246.000.000) 2021-09-24 12:53:03 Image size of job updated: 620
	620  -  MemoryUsage of job (MB)
	635164  -  ResidentSetSize of job (KB)
...
006 (34670246.000.000) 2021-09-24 12:54:04 Image size of job updated: 620
	620  -  MemoryUsage of job (MB)
	635324  -  ResidentSetSize of job (KB)
...
006 (34670246.000.000) 2021-09-24 12:55:04 Image size of job updated: 621
	621  -  MemoryUsage of job (MB)
	635956  -  ResidentSetSize of job (KB)
...
006 (34670246.000.000) 2021-09-24 12:56:04 Image size of job updated: 621
	621  -  MemoryUsage of job (MB)
	636192  -  ResidentSetSize of job (KB)
...
006 (34670246.000.000) 2021-09-24 12:57:04 Image size of job updated: 621
	621  -  MemoryUsage of job (MB)
	636212  -  ResidentSetSize of job (KB)
...
006 (34670246.000.000) 2021-09-24 12:58:05 Image size of job updated: 621
	621  -  MemoryUsage of job (MB)
	636232  -  ResidentSetSize of job (KB)
...
006 (34670246.000.000) 2021-09-24 12:59:05 Image size of job updated: 621
	621  -  MemoryUsage of job (MB)
	636244  -  ResidentSetSize of job (KB)
...
006 (34670246.000.000) 2021-09-24 13:00:05 Image size of job updated: 621
	621  -  MemoryUsage of job (MB)
	636312  -  ResidentSetSize of job (KB)
...
006 (34670246.000.000) 2021-09-24 13:01:05 Image size of job updated: 621
	621  -  MemoryUsage of job (MB)
	636560  -  ResidentSetSize of job (KB)
...
006 (34670246.000.000) 2021-09-24 13:02:05 Image size of job updated: 626
	626  -  MemoryUsage of job (MB)
	641552  -  ResidentSetSize of job (KB)
...
006 (34670246.000.000) 2021-09-24 13:03:06 Image size of job updated: 631
	631  -  MemoryUsage of job (MB)
	646204  -  ResidentSetSize of job (KB)
...
006 (34670246.000.000) 2021-09-24 13:04:06 Image size of job updated: 638
	638  -  MemoryUsage of job (MB)
	654204  -  ResidentSetSize of job (KB)
...
006 (34670246.000.000) 2021-09-24 13:05:06 Image size of job updated: 646
	646  -  MemoryUsage of job (MB)
	662116  -  ResidentSetSize of job (KB)
...
006 (34670246.000.000) 2021-09-24 13:06:06 Image size of job updated: 654
	654  -  MemoryUsage of job (MB)
	670080  -  ResidentSetSize of job (KB)
...
006 (34670246.000.000) 2021-09-24 13:07:06 Image size of job updated: 661
	661  -  MemoryUsage of job (MB)
	677348  -  ResidentSetSize of job (KB)
...
006 (34670246.000.000) 2021-09-24 13:08:06 Image size of job updated: 667
	667  -  MemoryUsage of job (MB)
	683848  -  ResidentSetSize of job (KB)
...
006 (34670246.000.000) 2021-09-24 13:09:06 Image size of job updated: 674
	674  -  MemoryUsage of job (MB)
	690856  -  ResidentSetSize of job (KB)
...
006 (34670246.000.000) 2021-09-24 13:10:07 Image size of job updated: 681
	681  -  MemoryUsage of job (MB)
	697548  -  ResidentSetSize of job (KB)
...
006 (34670246.000.000) 2021-09-24 13:11:07 Image size of job updated: 687
	687  -  MemoryUsage of job (MB)
	704216  -  ResidentSetSize of job (KB)
...
006 (34670246.000.000) 2021-09-24 13:12:08 Image size of job updated: 694
	694  -  MemoryUsage of job (MB)
	710792  -  ResidentSetSize of job (KB)
...
006 (34670246.000.000) 2021-09-24 13:13:08 Image size of job updated: 701
	701  -  MemoryUsage of job (MB)
	717908  -  ResidentSetSize of job (KB)
...
006 (34670246.000.000) 2021-09-24 13:14:09 Image size of job updated: 708
	708  -  MemoryUsage of job (MB)
	725716  -  ResidentSetSize of job (KB)
...
006 (34670246.000.000) 2021-09-24 13:15:09 Image size of job updated: 716
	716  -  MemoryUsage of job (MB)
	733304  -  ResidentSetSize of job (KB)
...
006 (34670246.000.000) 2021-09-24 13:16:12 Image size of job updated: 721
	721  -  MemoryUsage of job (MB)
	739044  -  ResidentSetSize of job (KB)
...
006 (34670246.000.000) 2021-09-24 13:17:13 Image size of job updated: 731
	731  -  MemoryUsage of job (MB)
	748852  -  ResidentSetSize of job (KB)
...
006 (34670246.000.000) 2021-09-24 13:17:43 Image size of job updated: 732
	732  -  MemoryUsage of job (MB)
	749648  -  ResidentSetSize of job (KB)
...
040 (34670246.000.000) 2021-09-24 13:17:44 Started transferring output files
...
040 (34670246.000.000) 2021-09-24 13:17:44 Finished transferring output files
...
005 (34670246.000.000) 2021-09-24 13:17:45 Job terminated.
	(1) Normal termination (return value 0)
		Usr 0 00:00:00, Sys 0 00:00:00  -  Run Remote Usage
		Usr 0 00:00:00, Sys 0 00:00:00  -  Run Local Usage
		Usr 0 00:22:46, Sys 0 00:13:25  -  Total Remote Usage
		Usr 0 00:00:00, Sys 0 00:00:00  -  Total Local Usage
	23447  -  Run Bytes Sent By Job
	2923648  -  Run Bytes Received By Job
	23447  -  Total Bytes Sent By Job
	2923648  -  Total Bytes Received By Job
	Partitionable Resources :    Usage  Request Allocated 
	   Cpus                 :        0        1         1 
	   Disk (KB)            :  1431895     3000   1632164 
	   Memory (MB)          :      732     3072      3072 

	Job terminated of its own accord at 2021-09-24T18:17:43Z.
...
000 (14730276.000.000) 2021-09-24 14:23:47 Job submitted from host: <131.225.188.55:9618?addrs=131.225.188.55-9618&alias=lpcschedd1.fnal.gov&noUDP&sock=schedd_2070_6d22>
...
040 (14730276.000.000) 2021-09-24 14:50:40 Started transferring input files
	Transferring to host: <131.225.190.58:9618?addrs=131.225.190.58-9618&alias=cmswn2017.fnal.gov&noUDP&sock=slot1_17_1513_cb97_1024>
...
040 (14730276.000.000) 2021-09-24 14:50:40 Finished transferring input files
...
001 (14730276.000.000) 2021-09-24 14:50:41 Job executing on host: <131.225.190.58:9618?addrs=131.225.190.58-9618&alias=cmswn2017.fnal.gov&noUDP&sock=startd_1437_3daf>
...
006 (14730276.000.000) 2021-09-24 14:50:50 Image size of job updated: 33
	33  -  MemoryUsage of job (MB)
	34012  -  ResidentSetSize of job (KB)
...
006 (14730276.000.000) 2021-09-24 14:51:50 Image size of job updated: 618
	618  -  MemoryUsage of job (MB)
	633556  -  ResidentSetSize of job (KB)
...
006 (14730276.000.000) 2021-09-24 14:52:50 Image size of job updated: 619
	619  -  MemoryUsage of job (MB)
	634188  -  ResidentSetSize of job (KB)
...
006 (14730276.000.000) 2021-09-24 14:53:51 Image size of job updated: 619
	619  -  MemoryUsage of job (MB)
	634304  -  ResidentSetSize of job (KB)
...
006 (14730276.000.000) 2021-09-24 14:54:51 Image size of job updated: 620
	620  -  MemoryUsage of job (MB)
	634912  -  ResidentSetSize of job (KB)
...
006 (14730276.000.000) 2021-09-24 14:55:53 Image size of job updated: 620
	620  -  MemoryUsage of job (MB)
	634936  -  ResidentSetSize of job (KB)
...
006 (14730276.000.000) 2021-09-24 14:56:53 Image size of job updated: 620
	620  -  MemoryUsage of job (MB)
	634988  -  ResidentSetSize of job (KB)
...
006 (14730276.000.000) 2021-09-24 14:57:54 Image size of job updated: 620
	620  -  MemoryUsage of job (MB)
	635044  -  ResidentSetSize of job (KB)
...
006 (14730276.000.000) 2021-09-24 14:58:55 Image size of job updated: 620
	620  -  MemoryUsage of job (MB)
	635124  -  ResidentSetSize of job (KB)
...
006 (14730276.000.000) 2021-09-24 14:59:55 Image size of job updated: 620
	620  -  MemoryUsage of job (MB)
	635208  -  ResidentSetSize of job (KB)
...
006 (14730276.000.000) 2021-09-24 15:00:56 Image size of job updated: 620
	620  -  MemoryUsage of job (MB)
	635360  -  ResidentSetSize of job (KB)
...
006 (14730276.000.000) 2021-09-24 15:01:57 Image size of job updated: 625
	625  -  MemoryUsage of job (MB)
	640972  -  ResidentSetSize of job (KB)
...
006 (14730276.000.000) 2021-09-24 15:02:58 Image size of job updated: 633
	633  -  MemoryUsage of job (MB)
	648388  -  ResidentSetSize of job (KB)
...
006 (14730276.000.000) 2021-09-24 15:04:00 Image size of job updated: 643
	643  -  MemoryUsage of job (MB)
	659152  -  ResidentSetSize of job (KB)
...
006 (14730276.000.000) 2021-09-24 15:05:00 Image size of job updated: 653
	653  -  MemoryUsage of job (MB)
	668916  -  ResidentSetSize of job (KB)
...
006 (14730276.000.000) 2021-09-24 15:06:00 Image size of job updated: 662
	662  -  MemoryUsage of job (MB)
	678044  -  ResidentSetSize of job (KB)
...
006 (14730276.000.000) 2021-09-24 15:07:00 Image size of job updated: 670
	670  -  MemoryUsage of job (MB)
	686352  -  ResidentSetSize of job (KB)
...
006 (14730276.000.000) 2021-09-24 15:08:00 Image size of job updated: 678
	678  -  MemoryUsage of job (MB)
	694908  -  ResidentSetSize of job (KB)
...
006 (14730276.000.000) 2021-09-24 15:09:00 Image size of job updated: 687
	687  -  MemoryUsage of job (MB)
	703540  -  ResidentSetSize of job (KB)
...
006 (14730276.000.000) 2021-09-24 15:10:00 Image size of job updated: 695
	695  -  MemoryUsage of job (MB)
	712328  -  ResidentSetSize of job (KB)
...
006 (14730276.000.000) 2021-09-24 15:11:01 Image size of job updated: 704
	704  -  MemoryUsage of job (MB)
	721308  -  ResidentSetSize of job (KB)
...
006 (14730276.000.000) 2021-09-24 15:12:01 Image size of job updated: 713
	713  -  MemoryUsage of job (MB)
	730528  -  ResidentSetSize of job (KB)
...
006 (14730276.000.000) 2021-09-24 15:13:01 Image size of job updated: 721
	721  -  MemoryUsage of job (MB)
	739316  -  ResidentSetSize of job (KB)
...
006 (14730276.000.000) 2021-09-24 15:14:02 Image size of job updated: 731
	731  -  MemoryUsage of job (MB)
	748892  -  ResidentSetSize of job (KB)
...
040 (14730276.000.000) 2021-09-24 15:14:36 Started transferring output files
...
040 (14730276.000.000) 2021-09-24 15:14:36 Finished transferring output files
...
005 (14730276.000.000) 2021-09-24 15:14:37 Job terminated.
	(1) Normal termination (return value 0)
		Usr 0 00:00:00, Sys 0 00:00:00  -  Run Remote Usage
		Usr 0 00:00:00, Sys 0 00:00:00  -  Run Local Usage
		Usr 0 00:13:48, Sys 0 00:03:52  -  Total Remote Usage
		Usr 0 00:00:00, Sys 0 00:00:00  -  Total Local Usage
	32852  -  Run Bytes Sent By Job
	2923650  -  Run Bytes Received By Job
	32852  -  Total Bytes Sent By Job
	2923650  -  Total Bytes Received By Job
	Partitionable Resources :      Usage  Request Allocated 
	   Cpus                 :       0.00        1         1 
	   Disk (KB)            : 1536664        3000    725002 
	   Memory (MB)          :     731        3072      3072 

	Job terminated of its own accord at 2021-09-24T20:14:36Z.
...
