000 (73459935.000.000) 2021-09-27 14:12:06 Job submitted from host: <131.225.188.235:9618?addrs=131.225.188.235-9618&alias=lpcschedd3.fnal.gov&noUDP&sock=schedd_2706_ab5d>
...
040 (73459935.000.000) 2021-09-27 14:50:01 Started transferring input files
	Transferring to host: <131.225.188.91:9618?addrs=131.225.188.91-9618&alias=cmswn2044.fnal.gov&noUDP&sock=slot1_27_2007_dceb_4891>
...
040 (73459935.000.000) 2021-09-27 14:50:01 Finished transferring input files
...
001 (73459935.000.000) 2021-09-27 14:50:02 Job executing on host: <131.225.188.91:9618?addrs=131.225.188.91-9618&alias=cmswn2044.fnal.gov&noUDP&sock=startd_1903_e0d1>
...
006 (73459935.000.000) 2021-09-27 14:50:11 Image size of job updated: 8
	8  -  MemoryUsage of job (MB)
	8940  -  ResidentSetSize of job (KB)
...
006 (73459935.000.000) 2021-09-27 14:51:12 Image size of job updated: 398
	398  -  MemoryUsage of job (MB)
	408272  -  ResidentSetSize of job (KB)
...
006 (73459935.000.000) 2021-09-27 14:52:13 Image size of job updated: 398
	398  -  MemoryUsage of job (MB)
	408480  -  ResidentSetSize of job (KB)
...
006 (73459935.000.000) 2021-09-27 14:53:14 Image size of job updated: 409
	409  -  MemoryUsage of job (MB)
	418840  -  ResidentSetSize of job (KB)
...
006 (73459935.000.000) 2021-09-27 14:54:16 Image size of job updated: 410
	410  -  MemoryUsage of job (MB)
	419964  -  ResidentSetSize of job (KB)
...
006 (73459935.000.000) 2021-09-27 14:55:16 Image size of job updated: 414
	414  -  MemoryUsage of job (MB)
	424712  -  ResidentSetSize of job (KB)
...
006 (73459935.000.000) 2021-09-27 14:56:17 Image size of job updated: 419
	419  -  MemoryUsage of job (MB)
	429680  -  ResidentSetSize of job (KB)
...
006 (73459935.000.000) 2021-09-27 14:57:18 Image size of job updated: 423
	423  -  MemoryUsage of job (MB)
	433696  -  ResidentSetSize of job (KB)
...
040 (73459935.000.000) 2021-09-27 14:57:22 Started transferring output files
...
040 (73459935.000.000) 2021-09-27 14:57:22 Finished transferring output files
...
005 (73459935.000.000) 2021-09-27 14:57:24 Job terminated.
	(1) Normal termination (return value 0)
		Usr 0 00:03:45, Sys 0 00:01:53  -  Run Remote Usage
		Usr 0 00:00:00, Sys 0 00:00:00  -  Run Local Usage
		Usr 0 00:03:45, Sys 0 00:01:53  -  Total Remote Usage
		Usr 0 00:00:00, Sys 0 00:00:00  -  Total Local Usage
	5823  -  Run Bytes Sent By Job
	2922372  -  Run Bytes Received By Job
	5823  -  Total Bytes Sent By Job
	2922372  -  Total Bytes Received By Job
	Partitionable Resources :     Usage  Request Allocated 
	   Cpus                 :      0.00        1         1 
	   Disk (KB)            : 539000        3000   1636051 
	   Memory (MB)          :    423        3072      3072 

	Job terminated of its own accord at 2021-09-27T19:57:22Z.
...
