000 (34695590.000.000) 2021-09-27 14:11:47 Job submitted from host: <131.225.188.57:9618?addrs=131.225.188.57-9618&alias=lpcschedd2.fnal.gov&noUDP&sock=schedd_2251_93c6>
...
040 (34695590.000.000) 2021-09-27 14:31:24 Started transferring input files
	Transferring to host: <131.225.188.64:9618?addrs=131.225.188.64-9618&alias=cmswn2036.fnal.gov&noUDP&sock=slot1_7_1995_686a_4642>
...
040 (34695590.000.000) 2021-09-27 14:31:24 Finished transferring input files
...
001 (34695590.000.000) 2021-09-27 14:31:25 Job executing on host: <131.225.188.64:9618?addrs=131.225.188.64-9618&alias=cmswn2036.fnal.gov&noUDP&sock=startd_1909_fe62>
...
006 (34695590.000.000) 2021-09-27 14:31:34 Image size of job updated: 5
	5  -  MemoryUsage of job (MB)
	5432  -  ResidentSetSize of job (KB)
...
006 (34695590.000.000) 2021-09-27 14:32:34 Image size of job updated: 218
	218  -  MemoryUsage of job (MB)
	223828  -  ResidentSetSize of job (KB)
...
006 (34695590.000.000) 2021-09-27 14:33:34 Image size of job updated: 363
	363  -  MemoryUsage of job (MB)
	372448  -  ResidentSetSize of job (KB)
...
006 (34695590.000.000) 2021-09-27 14:34:34 Image size of job updated: 364
	364  -  MemoryUsage of job (MB)
	372768  -  ResidentSetSize of job (KB)
...
006 (34695590.000.000) 2021-09-27 14:35:35 Image size of job updated: 371
	371  -  MemoryUsage of job (MB)
	380012  -  ResidentSetSize of job (KB)
...
006 (34695590.000.000) 2021-09-27 14:36:36 Image size of job updated: 371
	371  -  MemoryUsage of job (MB)
	380428  -  ResidentSetSize of job (KB)
...
006 (34695590.000.000) 2021-09-27 14:37:37 Image size of job updated: 371
	371  -  MemoryUsage of job (MB)
	380548  -  ResidentSetSize of job (KB)
...
006 (34695590.000.000) 2021-09-27 14:38:02 Image size of job updated: 389
	389  -  MemoryUsage of job (MB)
	399004  -  ResidentSetSize of job (KB)
...
040 (34695590.000.000) 2021-09-27 14:38:02 Started transferring output files
...
040 (34695590.000.000) 2021-09-27 14:38:02 Finished transferring output files
...
005 (34695590.000.000) 2021-09-27 14:38:06 Job terminated.
	(1) Normal termination (return value 0)
		Usr 0 00:00:00, Sys 0 00:00:00  -  Run Remote Usage
		Usr 0 00:00:00, Sys 0 00:00:00  -  Run Local Usage
		Usr 0 00:01:44, Sys 0 00:01:58  -  Total Remote Usage
		Usr 0 00:00:00, Sys 0 00:00:00  -  Total Local Usage
	11296  -  Run Bytes Sent By Job
	2922372  -  Run Bytes Received By Job
	11296  -  Total Bytes Sent By Job
	2922372  -  Total Bytes Received By Job
	Partitionable Resources :     Usage  Request Allocated 
	   Cpus                 :      0.02        1         1 
	   Disk (KB)            : 119306        3000   1627822 
	   Memory (MB)          :    389        3072      3072 

	Job terminated of its own accord at 2021-09-27T19:38:02Z.
...
