000 (73340969.000.000) 2021-09-16 05:49:14 Job submitted from host: <131.225.188.235:9618?addrs=131.225.188.235-9618&alias=lpcschedd3.fnal.gov&noUDP&sock=schedd_2706_ab5d>
...
040 (73340969.000.000) 2021-09-17 00:13:09 Started transferring input files
	Transferring to host: <131.225.204.119:9618?addrs=131.225.204.119-9618&alias=cmswn1723.fnal.gov&noUDP&sock=slot1_6_1220_59ab_4766>
...
040 (73340969.000.000) 2021-09-17 00:13:10 Finished transferring input files
...
001 (73340969.000.000) 2021-09-17 00:13:11 Job executing on host: <131.225.204.119:9618?addrs=131.225.204.119-9618&alias=cmswn1723.fnal.gov&noUDP&sock=startd_1137_7745>
...
006 (73340969.000.000) 2021-09-17 00:13:19 Image size of job updated: 41
	41  -  MemoryUsage of job (MB)
	42056  -  ResidentSetSize of job (KB)
...
006 (73340969.000.000) 2021-09-17 00:14:19 Image size of job updated: 527
	527  -  MemoryUsage of job (MB)
	540084  -  ResidentSetSize of job (KB)
...
006 (73340969.000.000) 2021-09-17 00:19:23 Image size of job updated: 572
	572  -  MemoryUsage of job (MB)
	585760  -  ResidentSetSize of job (KB)
...
006 (73340969.000.000) 2021-09-17 00:20:24 Image size of job updated: 617
	617  -  MemoryUsage of job (MB)
	631856  -  ResidentSetSize of job (KB)
...
006 (73340969.000.000) 2021-09-17 00:21:25 Image size of job updated: 653
	653  -  MemoryUsage of job (MB)
	669512  -  ResidentSetSize of job (KB)
...
006 (73340969.000.000) 2021-09-17 00:22:25 Image size of job updated: 688
	688  -  MemoryUsage of job (MB)
	704608  -  ResidentSetSize of job (KB)
...
006 (73340969.000.000) 2021-09-17 00:23:26 Image size of job updated: 719
	719  -  MemoryUsage of job (MB)
	737188  -  ResidentSetSize of job (KB)
...
006 (73340969.000.000) 2021-09-17 00:24:27 Image size of job updated: 750
	750  -  MemoryUsage of job (MB)
	768728  -  ResidentSetSize of job (KB)
...
006 (73340969.000.000) 2021-09-17 00:25:27 Image size of job updated: 780
	780  -  MemoryUsage of job (MB)
	798860  -  ResidentSetSize of job (KB)
...
006 (73340969.000.000) 2021-09-17 00:26:27 Image size of job updated: 805
	805  -  MemoryUsage of job (MB)
	825140  -  ResidentSetSize of job (KB)
...
006 (73340969.000.000) 2021-09-17 00:27:27 Image size of job updated: 832
	832  -  MemoryUsage of job (MB)
	852116  -  ResidentSetSize of job (KB)
...
006 (73340969.000.000) 2021-09-17 00:28:27 Image size of job updated: 859
	859  -  MemoryUsage of job (MB)
	880200  -  ResidentSetSize of job (KB)
...
006 (73340969.000.000) 2021-09-17 00:29:27 Image size of job updated: 896
	896  -  MemoryUsage of job (MB)
	918252  -  ResidentSetSize of job (KB)
...
006 (73340969.000.000) 2021-09-17 00:30:28 Image size of job updated: 921
	921  -  MemoryUsage of job (MB)
	943812  -  ResidentSetSize of job (KB)
...
006 (73340969.000.000) 2021-09-17 00:31:29 Image size of job updated: 945
	945  -  MemoryUsage of job (MB)
	968652  -  ResidentSetSize of job (KB)
...
006 (73340969.000.000) 2021-09-17 00:32:30 Image size of job updated: 969
	969  -  MemoryUsage of job (MB)
	992412  -  ResidentSetSize of job (KB)
...
006 (73340969.000.000) 2021-09-17 00:33:30 Image size of job updated: 991
	991  -  MemoryUsage of job (MB)
	1015344  -  ResidentSetSize of job (KB)
...
006 (73340969.000.000) 2021-09-17 00:34:30 Image size of job updated: 1014
	1014  -  MemoryUsage of job (MB)
	1038440  -  ResidentSetSize of job (KB)
...
006 (73340969.000.000) 2021-09-17 00:35:31 Image size of job updated: 1039
	1039  -  MemoryUsage of job (MB)
	1064768  -  ResidentSetSize of job (KB)
...
006 (73340969.000.000) 2021-09-17 00:36:32 Image size of job updated: 1070
	1070  -  MemoryUsage of job (MB)
	1095704  -  ResidentSetSize of job (KB)
...
006 (73340969.000.000) 2021-09-17 00:37:33 Image size of job updated: 1089
	1089  -  MemoryUsage of job (MB)
	1116148  -  ResidentSetSize of job (KB)
...
006 (73340969.000.000) 2021-09-17 00:38:33 Image size of job updated: 1110
	1110  -  MemoryUsage of job (MB)
	1136740  -  ResidentSetSize of job (KB)
...
006 (73340969.000.000) 2021-09-17 00:39:34 Image size of job updated: 1129
	1129  -  MemoryUsage of job (MB)
	1157080  -  ResidentSetSize of job (KB)
...
006 (73340969.000.000) 2021-09-17 00:40:34 Image size of job updated: 1146
	1146  -  MemoryUsage of job (MB)
	1174380  -  ResidentSetSize of job (KB)
...
006 (73340969.000.000) 2021-09-17 00:41:35 Image size of job updated: 1166
	1166  -  MemoryUsage of job (MB)
	1194312  -  ResidentSetSize of job (KB)
...
006 (73340969.000.000) 2021-09-17 00:42:36 Image size of job updated: 1184
	1184  -  MemoryUsage of job (MB)
	1212748  -  ResidentSetSize of job (KB)
...
006 (73340969.000.000) 2021-09-17 00:43:36 Image size of job updated: 1202
	1202  -  MemoryUsage of job (MB)
	1231544  -  ResidentSetSize of job (KB)
...
006 (73340969.000.000) 2021-09-17 00:44:36 Image size of job updated: 1220
	1220  -  MemoryUsage of job (MB)
	1249788  -  ResidentSetSize of job (KB)
...
006 (73340969.000.000) 2021-09-17 00:45:37 Image size of job updated: 1237
	1237  -  MemoryUsage of job (MB)
	1267416  -  ResidentSetSize of job (KB)
...
006 (73340969.000.000) 2021-09-17 00:46:37 Image size of job updated: 1254
	1254  -  MemoryUsage of job (MB)
	1284712  -  ResidentSetSize of job (KB)
...
006 (73340969.000.000) 2021-09-17 00:47:37 Image size of job updated: 1271
	1271  -  MemoryUsage of job (MB)
	1302120  -  ResidentSetSize of job (KB)
...
006 (73340969.000.000) 2021-09-17 00:48:38 Image size of job updated: 1288
	1288  -  MemoryUsage of job (MB)
	1319200  -  ResidentSetSize of job (KB)
...
006 (73340969.000.000) 2021-09-17 00:49:39 Image size of job updated: 1304
	1304  -  MemoryUsage of job (MB)
	1335884  -  ResidentSetSize of job (KB)
...
006 (73340969.000.000) 2021-09-17 00:50:39 Image size of job updated: 1320
	1320  -  MemoryUsage of job (MB)
	1352076  -  ResidentSetSize of job (KB)
...
006 (73340969.000.000) 2021-09-17 00:51:39 Image size of job updated: 1336
	1336  -  MemoryUsage of job (MB)
	1368116  -  ResidentSetSize of job (KB)
...
006 (73340969.000.000) 2021-09-17 00:52:40 Image size of job updated: 1352
	1352  -  MemoryUsage of job (MB)
	1384492  -  ResidentSetSize of job (KB)
...
006 (73340969.000.000) 2021-09-17 00:53:41 Image size of job updated: 1367
	1367  -  MemoryUsage of job (MB)
	1400436  -  ResidentSetSize of job (KB)
...
006 (73340969.000.000) 2021-09-17 00:54:41 Image size of job updated: 1381
	1381  -  MemoryUsage of job (MB)
	1414432  -  ResidentSetSize of job (KB)
...
006 (73340969.000.000) 2021-09-17 00:55:41 Image size of job updated: 1396
	1396  -  MemoryUsage of job (MB)
	1429584  -  ResidentSetSize of job (KB)
...
006 (73340969.000.000) 2021-09-17 00:56:41 Image size of job updated: 1410
	1410  -  MemoryUsage of job (MB)
	1444756  -  ResidentSetSize of job (KB)
...
006 (73340969.000.000) 2021-09-17 00:57:41 Image size of job updated: 1425
	1425  -  MemoryUsage of job (MB)
	1460168  -  ResidentSetSize of job (KB)
...
006 (73340969.000.000) 2021-09-17 00:58:41 Image size of job updated: 1440
	1440  -  MemoryUsage of job (MB)
	1475128  -  ResidentSetSize of job (KB)
...
006 (73340969.000.000) 2021-09-17 00:59:42 Image size of job updated: 1454
	1454  -  MemoryUsage of job (MB)
	1489748  -  ResidentSetSize of job (KB)
...
006 (73340969.000.000) 2021-09-17 01:00:43 Image size of job updated: 1468
	1468  -  MemoryUsage of job (MB)
	1504180  -  ResidentSetSize of job (KB)
...
006 (73340969.000.000) 2021-09-17 01:01:44 Image size of job updated: 1483
	1483  -  MemoryUsage of job (MB)
	1518604  -  ResidentSetSize of job (KB)
...
006 (73340969.000.000) 2021-09-17 01:02:45 Image size of job updated: 1497
	1497  -  MemoryUsage of job (MB)
	1533092  -  ResidentSetSize of job (KB)
...
006 (73340969.000.000) 2021-09-17 01:03:45 Image size of job updated: 1510
	1510  -  MemoryUsage of job (MB)
	1547168  -  ResidentSetSize of job (KB)
...
006 (73340969.000.000) 2021-09-17 01:04:45 Image size of job updated: 1524
	1524  -  MemoryUsage of job (MB)
	1561072  -  ResidentSetSize of job (KB)
...
006 (73340969.000.000) 2021-09-17 01:05:45 Image size of job updated: 1540
	1540  -  MemoryUsage of job (MB)
	1577616  -  ResidentSetSize of job (KB)
...
006 (73340969.000.000) 2021-09-17 01:06:45 Image size of job updated: 1635
	1635  -  MemoryUsage of job (MB)
	1674868  -  ResidentSetSize of job (KB)
...
006 (73340969.000.000) 2021-09-17 01:07:46 Image size of job updated: 1657
	1657  -  MemoryUsage of job (MB)
	1697156  -  ResidentSetSize of job (KB)
...
006 (73340969.000.000) 2021-09-17 01:08:47 Image size of job updated: 1671
	1671  -  MemoryUsage of job (MB)
	1711120  -  ResidentSetSize of job (KB)
...
006 (73340969.000.000) 2021-09-17 01:09:48 Image size of job updated: 1687
	1687  -  MemoryUsage of job (MB)
	1727548  -  ResidentSetSize of job (KB)
...
006 (73340969.000.000) 2021-09-17 01:10:49 Image size of job updated: 1701
	1701  -  MemoryUsage of job (MB)
	1741896  -  ResidentSetSize of job (KB)
...
006 (73340969.000.000) 2021-09-17 01:11:50 Image size of job updated: 1709
	1709  -  MemoryUsage of job (MB)
	1750376  -  ResidentSetSize of job (KB)
...
006 (73340969.000.000) 2021-09-17 01:12:50 Image size of job updated: 1713
	1713  -  MemoryUsage of job (MB)
	1754204  -  ResidentSetSize of job (KB)
...
006 (73340969.000.000) 2021-09-17 01:13:51 Image size of job updated: 1723
	1723  -  MemoryUsage of job (MB)
	1765008  -  ResidentSetSize of job (KB)
...
006 (73340969.000.000) 2021-09-17 01:14:52 Image size of job updated: 1729
	1729  -  MemoryUsage of job (MB)
	1771016  -  ResidentSetSize of job (KB)
...
006 (73340969.000.000) 2021-09-17 01:15:53 Image size of job updated: 1734
	1734  -  MemoryUsage of job (MB)
	1776584  -  ResidentSetSize of job (KB)
...
006 (73340969.000.000) 2021-09-17 01:16:54 Image size of job updated: 1738
	1738  -  MemoryUsage of job (MB)
	1779772  -  ResidentSetSize of job (KB)
...
006 (73340969.000.000) 2021-09-17 01:17:54 Image size of job updated: 1739
	1739  -  MemoryUsage of job (MB)
	1781732  -  ResidentSetSize of job (KB)
...
006 (73340969.000.000) 2021-09-17 01:18:54 Image size of job updated: 1741
	1741  -  MemoryUsage of job (MB)
	1783616  -  ResidentSetSize of job (KB)
...
006 (73340969.000.000) 2021-09-17 01:19:54 Image size of job updated: 1743
	1743  -  MemoryUsage of job (MB)
	1785604  -  ResidentSetSize of job (KB)
...
006 (73340969.000.000) 2021-09-17 01:20:54 Image size of job updated: 1746
	1746  -  MemoryUsage of job (MB)
	1788760  -  ResidentSetSize of job (KB)
...
006 (73340969.000.000) 2021-09-17 01:21:55 Image size of job updated: 1748
	1748  -  MemoryUsage of job (MB)
	1790884  -  ResidentSetSize of job (KB)
...
006 (73340969.000.000) 2021-09-17 01:22:55 Image size of job updated: 1750
	1750  -  MemoryUsage of job (MB)
	1792972  -  ResidentSetSize of job (KB)
...
006 (73340969.000.000) 2021-09-17 01:23:55 Image size of job updated: 1752
	1752  -  MemoryUsage of job (MB)
	1794928  -  ResidentSetSize of job (KB)
...
006 (73340969.000.000) 2021-09-17 01:24:56 Image size of job updated: 1755
	1755  -  MemoryUsage of job (MB)
	1797648  -  ResidentSetSize of job (KB)
...
006 (73340969.000.000) 2021-09-17 01:25:56 Image size of job updated: 1757
	1757  -  MemoryUsage of job (MB)
	1799864  -  ResidentSetSize of job (KB)
...
006 (73340969.000.000) 2021-09-17 01:26:57 Image size of job updated: 1759
	1759  -  MemoryUsage of job (MB)
	1802128  -  ResidentSetSize of job (KB)
...
006 (73340969.000.000) 2021-09-17 01:27:58 Image size of job updated: 1761
	1761  -  MemoryUsage of job (MB)
	1803352  -  ResidentSetSize of job (KB)
...
006 (73340969.000.000) 2021-09-17 01:28:59 Image size of job updated: 1762
	1762  -  MemoryUsage of job (MB)
	1804860  -  ResidentSetSize of job (KB)
...
006 (73340969.000.000) 2021-09-17 01:30:00 Image size of job updated: 1764
	1764  -  MemoryUsage of job (MB)
	1806400  -  ResidentSetSize of job (KB)
...
006 (73340969.000.000) 2021-09-17 01:31:01 Image size of job updated: 1766
	1766  -  MemoryUsage of job (MB)
	1808608  -  ResidentSetSize of job (KB)
...
006 (73340969.000.000) 2021-09-17 01:32:02 Image size of job updated: 1767
	1767  -  MemoryUsage of job (MB)
	1810132  -  ResidentSetSize of job (KB)
...
006 (73340969.000.000) 2021-09-17 01:32:44 Image size of job updated: 1768
	1768  -  MemoryUsage of job (MB)
	1810744  -  ResidentSetSize of job (KB)
...
040 (73340969.000.000) 2021-09-17 01:32:44 Started transferring output files
...
040 (73340969.000.000) 2021-09-17 01:32:44 Finished transferring output files
...
005 (73340969.000.000) 2021-09-17 01:32:46 Job terminated.
	(1) Normal termination (return value 0)
		Usr 0 00:00:00, Sys 0 00:00:00  -  Run Remote Usage
		Usr 0 00:00:00, Sys 0 00:00:00  -  Run Local Usage
		Usr 0 01:01:53, Sys 0 00:12:08  -  Total Remote Usage
		Usr 0 00:00:00, Sys 0 00:00:00  -  Total Local Usage
	1300586  -  Run Bytes Sent By Job
	8471534  -  Run Bytes Received By Job
	1300586  -  Total Bytes Sent By Job
	8471534  -  Total Bytes Received By Job
	Partitionable Resources :    Usage  Request Allocated 
	   Cpus                 :     0.00        1         1 
	   Disk (KB)            : 26524       10000    313537 
	   Memory (MB)          :  1768        2048      2048 

	Job terminated of its own accord at 2021-09-17T06:32:44Z.
...
000 (14733652.000.000) 2021-09-24 22:34:51 Job submitted from host: <131.225.188.55:9618?addrs=131.225.188.55-9618&alias=lpcschedd1.fnal.gov&noUDP&sock=schedd_2070_6d22>
...
040 (14733652.000.000) 2021-09-25 07:52:19 Started transferring input files
	Transferring to host: <131.225.206.206:9618?addrs=131.225.206.206-9618&alias=cmswn1829.fnal.gov&noUDP&sock=slot1_4_1234_36eb_4804>
...
040 (14733652.000.000) 2021-09-25 07:52:19 Finished transferring input files
...
001 (14733652.000.000) 2021-09-25 07:52:20 Job executing on host: <131.225.206.206:9618?addrs=131.225.206.206-9618&alias=cmswn1829.fnal.gov&noUDP&sock=startd_1139_d676>
...
006 (14733652.000.000) 2021-09-25 07:52:29 Image size of job updated: 58
	58  -  MemoryUsage of job (MB)
	60000  -  ResidentSetSize of job (KB)
...
006 (14733652.000.000) 2021-09-25 07:53:29 Image size of job updated: 518
	518  -  MemoryUsage of job (MB)
	531384  -  ResidentSetSize of job (KB)
...
006 (14733652.000.000) 2021-09-25 07:56:30 Image size of job updated: 522
	522  -  MemoryUsage of job (MB)
	534724  -  ResidentSetSize of job (KB)
...
006 (14733652.000.000) 2021-09-25 07:57:30 Image size of job updated: 576
	576  -  MemoryUsage of job (MB)
	590748  -  ResidentSetSize of job (KB)
...
006 (14733652.000.000) 2021-09-25 07:58:31 Image size of job updated: 624
	624  -  MemoryUsage of job (MB)
	639796  -  ResidentSetSize of job (KB)
...
006 (14733652.000.000) 2021-09-25 07:59:32 Image size of job updated: 666
	666  -  MemoryUsage of job (MB)
	682060  -  ResidentSetSize of job (KB)
...
006 (14733652.000.000) 2021-09-25 08:00:32 Image size of job updated: 704
	704  -  MemoryUsage of job (MB)
	721096  -  ResidentSetSize of job (KB)
...
006 (14733652.000.000) 2021-09-25 08:01:32 Image size of job updated: 736
	736  -  MemoryUsage of job (MB)
	754496  -  ResidentSetSize of job (KB)
...
006 (14733652.000.000) 2021-09-25 08:02:33 Image size of job updated: 770
	770  -  MemoryUsage of job (MB)
	788920  -  ResidentSetSize of job (KB)
...
006 (14733652.000.000) 2021-09-25 08:03:34 Image size of job updated: 803
	803  -  MemoryUsage of job (MB)
	822364  -  ResidentSetSize of job (KB)
...
006 (14733652.000.000) 2021-09-25 08:04:34 Image size of job updated: 833
	833  -  MemoryUsage of job (MB)
	853436  -  ResidentSetSize of job (KB)
...
006 (14733652.000.000) 2021-09-25 08:05:35 Image size of job updated: 864
	864  -  MemoryUsage of job (MB)
	884824  -  ResidentSetSize of job (KB)
...
006 (14733652.000.000) 2021-09-25 08:06:36 Image size of job updated: 903
	903  -  MemoryUsage of job (MB)
	925604  -  ResidentSetSize of job (KB)
...
006 (14733652.000.000) 2021-09-25 08:07:36 Image size of job updated: 933
	933  -  MemoryUsage of job (MB)
	955572  -  ResidentSetSize of job (KB)
...
006 (14733652.000.000) 2021-09-25 08:08:36 Image size of job updated: 960
	960  -  MemoryUsage of job (MB)
	983364  -  ResidentSetSize of job (KB)
...
006 (14733652.000.000) 2021-09-25 08:09:37 Image size of job updated: 984
	984  -  MemoryUsage of job (MB)
	1008500  -  ResidentSetSize of job (KB)
...
006 (14733652.000.000) 2021-09-25 08:10:38 Image size of job updated: 1010
	1010  -  MemoryUsage of job (MB)
	1034256  -  ResidentSetSize of job (KB)
...
006 (14733652.000.000) 2021-09-25 08:11:38 Image size of job updated: 1039
	1039  -  MemoryUsage of job (MB)
	1063980  -  ResidentSetSize of job (KB)
...
006 (14733652.000.000) 2021-09-25 08:12:39 Image size of job updated: 1072
	1072  -  MemoryUsage of job (MB)
	1097940  -  ResidentSetSize of job (KB)
...
006 (14733652.000.000) 2021-09-25 08:13:40 Image size of job updated: 1095
	1095  -  MemoryUsage of job (MB)
	1121772  -  ResidentSetSize of job (KB)
...
006 (14733652.000.000) 2021-09-25 08:14:41 Image size of job updated: 1117
	1117  -  MemoryUsage of job (MB)
	1144744  -  ResidentSetSize of job (KB)
...
006 (14733652.000.000) 2021-09-25 08:15:41 Image size of job updated: 1140
	1140  -  MemoryUsage of job (MB)
	1167552  -  ResidentSetSize of job (KB)
...
006 (14733652.000.000) 2021-09-25 08:16:42 Image size of job updated: 1162
	1162  -  MemoryUsage of job (MB)
	1190464  -  ResidentSetSize of job (KB)
...
006 (14733652.000.000) 2021-09-25 08:17:43 Image size of job updated: 1183
	1183  -  MemoryUsage of job (MB)
	1212064  -  ResidentSetSize of job (KB)
...
006 (14733652.000.000) 2021-09-25 08:18:43 Image size of job updated: 1204
	1204  -  MemoryUsage of job (MB)
	1233236  -  ResidentSetSize of job (KB)
...
006 (14733652.000.000) 2021-09-25 08:19:43 Image size of job updated: 1224
	1224  -  MemoryUsage of job (MB)
	1254036  -  ResidentSetSize of job (KB)
...
006 (14733652.000.000) 2021-09-25 08:20:44 Image size of job updated: 1244
	1244  -  MemoryUsage of job (MB)
	1274300  -  ResidentSetSize of job (KB)
...
006 (14733652.000.000) 2021-09-25 08:21:44 Image size of job updated: 1263
	1263  -  MemoryUsage of job (MB)
	1294044  -  ResidentSetSize of job (KB)
...
006 (14733652.000.000) 2021-09-25 08:22:44 Image size of job updated: 1282
	1282  -  MemoryUsage of job (MB)
	1313436  -  ResidentSetSize of job (KB)
...
006 (14733652.000.000) 2021-09-25 08:23:45 Image size of job updated: 1301
	1301  -  MemoryUsage of job (MB)
	1332340  -  ResidentSetSize of job (KB)
...
006 (14733652.000.000) 2021-09-25 08:24:46 Image size of job updated: 1319
	1319  -  MemoryUsage of job (MB)
	1351140  -  ResidentSetSize of job (KB)
...
006 (14733652.000.000) 2021-09-25 08:25:46 Image size of job updated: 1337
	1337  -  MemoryUsage of job (MB)
	1369844  -  ResidentSetSize of job (KB)
...
006 (14733652.000.000) 2021-09-25 08:26:47 Image size of job updated: 1355
	1355  -  MemoryUsage of job (MB)
	1388468  -  ResidentSetSize of job (KB)
...
006 (14733652.000.000) 2021-09-25 08:27:48 Image size of job updated: 1373
	1373  -  MemoryUsage of job (MB)
	1406340  -  ResidentSetSize of job (KB)
...
006 (14733652.000.000) 2021-09-25 08:28:48 Image size of job updated: 1390
	1390  -  MemoryUsage of job (MB)
	1423976  -  ResidentSetSize of job (KB)
...
006 (14733652.000.000) 2021-09-25 08:29:49 Image size of job updated: 1407
	1407  -  MemoryUsage of job (MB)
	1441484  -  ResidentSetSize of job (KB)
...
006 (14733652.000.000) 2021-09-25 08:30:50 Image size of job updated: 1424
	1424  -  MemoryUsage of job (MB)
	1458688  -  ResidentSetSize of job (KB)
...
006 (14733652.000.000) 2021-09-25 08:31:50 Image size of job updated: 1441
	1441  -  MemoryUsage of job (MB)
	1475752  -  ResidentSetSize of job (KB)
...
006 (14733652.000.000) 2021-09-25 08:32:51 Image size of job updated: 1457
	1457  -  MemoryUsage of job (MB)
	1492668  -  ResidentSetSize of job (KB)
...
006 (14733652.000.000) 2021-09-25 08:33:52 Image size of job updated: 1473
	1473  -  MemoryUsage of job (MB)
	1509336  -  ResidentSetSize of job (KB)
...
006 (14733652.000.000) 2021-09-25 08:34:52 Image size of job updated: 1489
	1489  -  MemoryUsage of job (MB)
	1525728  -  ResidentSetSize of job (KB)
...
006 (14733652.000.000) 2021-09-25 08:35:52 Image size of job updated: 1505
	1505  -  MemoryUsage of job (MB)
	1541944  -  ResidentSetSize of job (KB)
...
006 (14733652.000.000) 2021-09-25 08:36:53 Image size of job updated: 1521
	1521  -  MemoryUsage of job (MB)
	1558000  -  ResidentSetSize of job (KB)
...
006 (14733652.000.000) 2021-09-25 08:37:54 Image size of job updated: 1540
	1540  -  MemoryUsage of job (MB)
	1577912  -  ResidentSetSize of job (KB)
...
006 (14733652.000.000) 2021-09-25 08:38:54 Image size of job updated: 1639
	1639  -  MemoryUsage of job (MB)
	1678484  -  ResidentSetSize of job (KB)
...
006 (14733652.000.000) 2021-09-25 08:39:55 Image size of job updated: 1664
	1664  -  MemoryUsage of job (MB)
	1704576  -  ResidentSetSize of job (KB)
...
006 (14733652.000.000) 2021-09-25 08:40:56 Image size of job updated: 1676
	1676  -  MemoryUsage of job (MB)
	1716972  -  ResidentSetSize of job (KB)
...
006 (14733652.000.000) 2021-09-25 08:41:56 Image size of job updated: 1688
	1688  -  MemoryUsage of job (MB)
	1729340  -  ResidentSetSize of job (KB)
...
006 (14733652.000.000) 2021-09-25 08:42:56 Image size of job updated: 1697
	1697  -  MemoryUsage of job (MB)
	1738040  -  ResidentSetSize of job (KB)
...
006 (14733652.000.000) 2021-09-25 08:43:57 Image size of job updated: 1702
	1702  -  MemoryUsage of job (MB)
	1743792  -  ResidentSetSize of job (KB)
...
006 (14733652.000.000) 2021-09-25 08:44:57 Image size of job updated: 1709
	1709  -  MemoryUsage of job (MB)
	1751004  -  ResidentSetSize of job (KB)
...
006 (14733652.000.000) 2021-09-25 08:45:57 Image size of job updated: 1714
	1714  -  MemoryUsage of job (MB)
	1755456  -  ResidentSetSize of job (KB)
...
006 (14733652.000.000) 2021-09-25 08:46:58 Image size of job updated: 1717
	1717  -  MemoryUsage of job (MB)
	1758312  -  ResidentSetSize of job (KB)
...
006 (14733652.000.000) 2021-09-25 08:47:59 Image size of job updated: 1720
	1720  -  MemoryUsage of job (MB)
	1761752  -  ResidentSetSize of job (KB)
...
006 (14733652.000.000) 2021-09-25 08:48:59 Image size of job updated: 1723
	1723  -  MemoryUsage of job (MB)
	1765072  -  ResidentSetSize of job (KB)
...
006 (14733652.000.000) 2021-09-25 08:50:00 Image size of job updated: 1726
	1726  -  MemoryUsage of job (MB)
	1767532  -  ResidentSetSize of job (KB)
...
006 (14733652.000.000) 2021-09-25 08:51:01 Image size of job updated: 1728
	1728  -  MemoryUsage of job (MB)
	1769484  -  ResidentSetSize of job (KB)
...
006 (14733652.000.000) 2021-09-25 08:52:01 Image size of job updated: 1730
	1730  -  MemoryUsage of job (MB)
	1771700  -  ResidentSetSize of job (KB)
...
006 (14733652.000.000) 2021-09-25 08:53:01 Image size of job updated: 1732
	1732  -  MemoryUsage of job (MB)
	1773592  -  ResidentSetSize of job (KB)
...
006 (14733652.000.000) 2021-09-25 08:54:02 Image size of job updated: 1733
	1733  -  MemoryUsage of job (MB)
	1775588  -  ResidentSetSize of job (KB)
...
006 (14733652.000.000) 2021-09-25 08:55:03 Image size of job updated: 1739
	1739  -  MemoryUsage of job (MB)
	1780820  -  ResidentSetSize of job (KB)
...
006 (14733652.000.000) 2021-09-25 08:56:03 Image size of job updated: 1743
	1743  -  MemoryUsage of job (MB)
	1785172  -  ResidentSetSize of job (KB)
...
006 (14733652.000.000) 2021-09-25 08:57:04 Image size of job updated: 1747
	1747  -  MemoryUsage of job (MB)
	1789348  -  ResidentSetSize of job (KB)
...
006 (14733652.000.000) 2021-09-25 08:58:05 Image size of job updated: 1749
	1749  -  MemoryUsage of job (MB)
	1791708  -  ResidentSetSize of job (KB)
...
006 (14733652.000.000) 2021-09-25 08:59:05 Image size of job updated: 1752
	1752  -  MemoryUsage of job (MB)
	1794336  -  ResidentSetSize of job (KB)
...
006 (14733652.000.000) 2021-09-25 09:00:06 Image size of job updated: 1753
	1753  -  MemoryUsage of job (MB)
	1795964  -  ResidentSetSize of job (KB)
...
006 (14733652.000.000) 2021-09-25 09:01:06 Image size of job updated: 1755
	1755  -  MemoryUsage of job (MB)
	1798080  -  ResidentSetSize of job (KB)
...
006 (14733652.000.000) 2021-09-25 09:02:06 Image size of job updated: 1757
	1757  -  MemoryUsage of job (MB)
	1800156  -  ResidentSetSize of job (KB)
...
006 (14733652.000.000) 2021-09-25 09:03:07 Image size of job updated: 1759
	1759  -  MemoryUsage of job (MB)
	1801904  -  ResidentSetSize of job (KB)
...
006 (14733652.000.000) 2021-09-25 09:04:07 Image size of job updated: 1761
	1761  -  MemoryUsage of job (MB)
	1803776  -  ResidentSetSize of job (KB)
...
006 (14733652.000.000) 2021-09-25 09:04:46 Image size of job updated: 1762
	1762  -  MemoryUsage of job (MB)
	1804412  -  ResidentSetSize of job (KB)
...
040 (14733652.000.000) 2021-09-25 09:04:46 Started transferring output files
...
040 (14733652.000.000) 2021-09-25 09:04:46 Finished transferring output files
...
005 (14733652.000.000) 2021-09-25 09:04:49 Job terminated.
	(1) Normal termination (return value 0)
		Usr 0 00:00:00, Sys 0 00:00:00  -  Run Remote Usage
		Usr 0 00:00:00, Sys 0 00:00:00  -  Run Local Usage
		Usr 0 00:54:18, Sys 0 00:12:09  -  Total Remote Usage
		Usr 0 00:00:00, Sys 0 00:00:00  -  Total Local Usage
	1234189  -  Run Bytes Sent By Job
	8471570  -  Run Bytes Received By Job
	1234189  -  Total Bytes Sent By Job
	8471570  -  Total Bytes Received By Job
	Partitionable Resources :    Usage  Request Allocated 
	   Cpus                 :     0.00        1         1 
	   Disk (KB)            : 25709       10000    318575 
	   Memory (MB)          :  1762        2048      2048 

	Job terminated of its own accord at 2021-09-25T14:04:46Z.
...
