000 (73340816.000.000) 2021-09-16 05:47:20 Job submitted from host: <131.225.188.235:9618?addrs=131.225.188.235-9618&alias=lpcschedd3.fnal.gov&noUDP&sock=schedd_2706_ab5d>
...
040 (73340816.000.000) 2021-09-16 13:28:54 Started transferring input files
	Transferring to host: <131.225.205.196:9618?addrs=131.225.205.196-9618&alias=cmswn1970.fnal.gov&noUDP&sock=slot1_14_1525_4017_1334>
...
040 (73340816.000.000) 2021-09-16 13:28:55 Finished transferring input files
...
001 (73340816.000.000) 2021-09-16 13:28:56 Job executing on host: <131.225.205.196:9618?addrs=131.225.205.196-9618&alias=cmswn1970.fnal.gov&noUDP&sock=startd_1424_52f3>
...
006 (73340816.000.000) 2021-09-16 13:29:04 Image size of job updated: 29
	29  -  MemoryUsage of job (MB)
	30564  -  ResidentSetSize of job (KB)
...
006 (73340816.000.000) 2021-09-16 13:30:05 Image size of job updated: 557
	557  -  MemoryUsage of job (MB)
	570516  -  ResidentSetSize of job (KB)
...
006 (73340816.000.000) 2021-09-16 13:35:07 Image size of job updated: 579
	579  -  MemoryUsage of job (MB)
	593240  -  ResidentSetSize of job (KB)
...
006 (73340816.000.000) 2021-09-16 13:36:08 Image size of job updated: 626
	626  -  MemoryUsage of job (MB)
	641368  -  ResidentSetSize of job (KB)
...
006 (73340816.000.000) 2021-09-16 13:37:08 Image size of job updated: 662
	662  -  MemoryUsage of job (MB)
	678484  -  ResidentSetSize of job (KB)
...
006 (73340816.000.000) 2021-09-16 13:38:09 Image size of job updated: 699
	699  -  MemoryUsage of job (MB)
	716456  -  ResidentSetSize of job (KB)
...
006 (73340816.000.000) 2021-09-16 13:39:09 Image size of job updated: 734
	734  -  MemoryUsage of job (MB)
	752080  -  ResidentSetSize of job (KB)
...
006 (73340816.000.000) 2021-09-16 13:40:10 Image size of job updated: 763
	763  -  MemoryUsage of job (MB)
	782316  -  ResidentSetSize of job (KB)
...
006 (73340816.000.000) 2021-09-16 13:41:10 Image size of job updated: 795
	795  -  MemoryUsage of job (MB)
	814380  -  ResidentSetSize of job (KB)
...
006 (73340816.000.000) 2021-09-16 13:42:11 Image size of job updated: 825
	825  -  MemoryUsage of job (MB)
	845456  -  ResidentSetSize of job (KB)
...
006 (73340816.000.000) 2021-09-16 13:43:11 Image size of job updated: 853
	853  -  MemoryUsage of job (MB)
	873724  -  ResidentSetSize of job (KB)
...
006 (73340816.000.000) 2021-09-16 13:44:12 Image size of job updated: 880
	880  -  MemoryUsage of job (MB)
	902076  -  ResidentSetSize of job (KB)
...
006 (73340816.000.000) 2021-09-16 13:45:13 Image size of job updated: 919
	919  -  MemoryUsage of job (MB)
	941232  -  ResidentSetSize of job (KB)
...
006 (73340816.000.000) 2021-09-16 13:46:13 Image size of job updated: 944
	944  -  MemoryUsage of job (MB)
	966748  -  ResidentSetSize of job (KB)
...
006 (73340816.000.000) 2021-09-16 13:47:13 Image size of job updated: 969
	969  -  MemoryUsage of job (MB)
	993068  -  ResidentSetSize of job (KB)
...
006 (73340816.000.000) 2021-09-16 13:48:13 Image size of job updated: 994
	994  -  MemoryUsage of job (MB)
	1018056  -  ResidentSetSize of job (KB)
...
006 (73340816.000.000) 2021-09-16 13:49:14 Image size of job updated: 1016
	1016  -  MemoryUsage of job (MB)
	1040516  -  ResidentSetSize of job (KB)
...
006 (73340816.000.000) 2021-09-16 13:50:14 Image size of job updated: 1043
	1043  -  MemoryUsage of job (MB)
	1068828  -  ResidentSetSize of job (KB)
...
006 (73340816.000.000) 2021-09-16 13:51:15 Image size of job updated: 1076
	1076  -  MemoryUsage of job (MB)
	1102004  -  ResidentSetSize of job (KB)
...
006 (73340816.000.000) 2021-09-16 13:52:15 Image size of job updated: 1096
	1096  -  MemoryUsage of job (MB)
	1122396  -  ResidentSetSize of job (KB)
...
006 (73340816.000.000) 2021-09-16 13:53:16 Image size of job updated: 1117
	1117  -  MemoryUsage of job (MB)
	1144444  -  ResidentSetSize of job (KB)
...
006 (73340816.000.000) 2021-09-16 13:54:17 Image size of job updated: 1139
	1139  -  MemoryUsage of job (MB)
	1166424  -  ResidentSetSize of job (KB)
...
006 (73340816.000.000) 2021-09-16 13:55:17 Image size of job updated: 1158
	1158  -  MemoryUsage of job (MB)
	1186480  -  ResidentSetSize of job (KB)
...
006 (73340816.000.000) 2021-09-16 13:56:17 Image size of job updated: 1179
	1179  -  MemoryUsage of job (MB)
	1207588  -  ResidentSetSize of job (KB)
...
006 (73340816.000.000) 2021-09-16 13:57:18 Image size of job updated: 1199
	1199  -  MemoryUsage of job (MB)
	1228140  -  ResidentSetSize of job (KB)
...
006 (73340816.000.000) 2021-09-16 13:58:19 Image size of job updated: 1216
	1216  -  MemoryUsage of job (MB)
	1246144  -  ResidentSetSize of job (KB)
...
006 (73340816.000.000) 2021-09-16 13:59:19 Image size of job updated: 1236
	1236  -  MemoryUsage of job (MB)
	1265780  -  ResidentSetSize of job (KB)
...
006 (73340816.000.000) 2021-09-16 14:00:20 Image size of job updated: 1254
	1254  -  MemoryUsage of job (MB)
	1285052  -  ResidentSetSize of job (KB)
...
006 (73340816.000.000) 2021-09-16 14:01:20 Image size of job updated: 1271
	1271  -  MemoryUsage of job (MB)
	1301992  -  ResidentSetSize of job (KB)
...
006 (73340816.000.000) 2021-09-16 14:02:21 Image size of job updated: 1289
	1289  -  MemoryUsage of job (MB)
	1320660  -  ResidentSetSize of job (KB)
...
006 (73340816.000.000) 2021-09-16 14:03:21 Image size of job updated: 1307
	1307  -  MemoryUsage of job (MB)
	1339084  -  ResidentSetSize of job (KB)
...
006 (73340816.000.000) 2021-09-16 14:04:22 Image size of job updated: 1323
	1323  -  MemoryUsage of job (MB)
	1355028  -  ResidentSetSize of job (KB)
...
006 (73340816.000.000) 2021-09-16 14:05:22 Image size of job updated: 1340
	1340  -  MemoryUsage of job (MB)
	1373112  -  ResidentSetSize of job (KB)
...
006 (73340816.000.000) 2021-09-16 14:06:22 Image size of job updated: 1358
	1358  -  MemoryUsage of job (MB)
	1390928  -  ResidentSetSize of job (KB)
...
006 (73340816.000.000) 2021-09-16 14:07:23 Image size of job updated: 1373
	1373  -  MemoryUsage of job (MB)
	1406636  -  ResidentSetSize of job (KB)
...
006 (73340816.000.000) 2021-09-16 14:08:24 Image size of job updated: 1390
	1390  -  MemoryUsage of job (MB)
	1423860  -  ResidentSetSize of job (KB)
...
006 (73340816.000.000) 2021-09-16 14:09:25 Image size of job updated: 1407
	1407  -  MemoryUsage of job (MB)
	1440900  -  ResidentSetSize of job (KB)
...
006 (73340816.000.000) 2021-09-16 14:10:25 Image size of job updated: 1421
	1421  -  MemoryUsage of job (MB)
	1456052  -  ResidentSetSize of job (KB)
...
006 (73340816.000.000) 2021-09-16 14:11:26 Image size of job updated: 1438
	1438  -  MemoryUsage of job (MB)
	1472748  -  ResidentSetSize of job (KB)
...
006 (73340816.000.000) 2021-09-16 14:12:26 Image size of job updated: 1454
	1454  -  MemoryUsage of job (MB)
	1489224  -  ResidentSetSize of job (KB)
...
006 (73340816.000.000) 2021-09-16 14:13:28 Image size of job updated: 1470
	1470  -  MemoryUsage of job (MB)
	1505556  -  ResidentSetSize of job (KB)
...
006 (73340816.000.000) 2021-09-16 14:14:28 Image size of job updated: 1484
	1484  -  MemoryUsage of job (MB)
	1520012  -  ResidentSetSize of job (KB)
...
006 (73340816.000.000) 2021-09-16 14:15:28 Image size of job updated: 1499
	1499  -  MemoryUsage of job (MB)
	1535920  -  ResidentSetSize of job (KB)
...
006 (73340816.000.000) 2021-09-16 14:16:29 Image size of job updated: 1515
	1515  -  MemoryUsage of job (MB)
	1551532  -  ResidentSetSize of job (KB)
...
006 (73340816.000.000) 2021-09-16 14:17:29 Image size of job updated: 1528
	1528  -  MemoryUsage of job (MB)
	1565376  -  ResidentSetSize of job (KB)
...
006 (73340816.000.000) 2021-09-16 14:18:30 Image size of job updated: 1547
	1547  -  MemoryUsage of job (MB)
	1584664  -  ResidentSetSize of job (KB)
...
006 (73340816.000.000) 2021-09-16 14:19:31 Image size of job updated: 1646
	1646  -  MemoryUsage of job (MB)
	1685824  -  ResidentSetSize of job (KB)
...
006 (73340816.000.000) 2021-09-16 14:20:31 Image size of job updated: 1656
	1656  -  MemoryUsage of job (MB)
	1696604  -  ResidentSetSize of job (KB)
...
006 (73340816.000.000) 2021-09-16 14:21:31 Image size of job updated: 1660
	1660  -  MemoryUsage of job (MB)
	1700576  -  ResidentSetSize of job (KB)
...
006 (73340816.000.000) 2021-09-16 14:22:33 Image size of job updated: 1663
	1663  -  MemoryUsage of job (MB)
	1703648  -  ResidentSetSize of job (KB)
...
006 (73340816.000.000) 2021-09-16 14:23:33 Image size of job updated: 1670
	1670  -  MemoryUsage of job (MB)
	1710612  -  ResidentSetSize of job (KB)
...
006 (73340816.000.000) 2021-09-16 14:24:33 Image size of job updated: 1674
	1674  -  MemoryUsage of job (MB)
	1714532  -  ResidentSetSize of job (KB)
...
006 (73340816.000.000) 2021-09-16 14:25:33 Image size of job updated: 1676
	1676  -  MemoryUsage of job (MB)
	1716452  -  ResidentSetSize of job (KB)
...
006 (73340816.000.000) 2021-09-16 14:26:34 Image size of job updated: 1679
	1679  -  MemoryUsage of job (MB)
	1720276  -  ResidentSetSize of job (KB)
...
006 (73340816.000.000) 2021-09-16 14:27:34 Image size of job updated: 1681
	1681  -  MemoryUsage of job (MB)
	1721776  -  ResidentSetSize of job (KB)
...
006 (73340816.000.000) 2021-09-16 14:28:34 Image size of job updated: 1685
	1685  -  MemoryUsage of job (MB)
	1725568  -  ResidentSetSize of job (KB)
...
006 (73340816.000.000) 2021-09-16 14:29:35 Image size of job updated: 1687
	1687  -  MemoryUsage of job (MB)
	1727864  -  ResidentSetSize of job (KB)
...
006 (73340816.000.000) 2021-09-16 14:30:36 Image size of job updated: 1689
	1689  -  MemoryUsage of job (MB)
	1729604  -  ResidentSetSize of job (KB)
...
006 (73340816.000.000) 2021-09-16 14:31:36 Image size of job updated: 1691
	1691  -  MemoryUsage of job (MB)
	1732008  -  ResidentSetSize of job (KB)
...
006 (73340816.000.000) 2021-09-16 14:32:37 Image size of job updated: 1693
	1693  -  MemoryUsage of job (MB)
	1734556  -  ResidentSetSize of job (KB)
...
006 (73340816.000.000) 2021-09-16 14:33:38 Image size of job updated: 1694
	1694  -  MemoryUsage of job (MB)
	1735164  -  ResidentSetSize of job (KB)
...
006 (73340816.000.000) 2021-09-16 14:34:38 Image size of job updated: 1695
	1695  -  MemoryUsage of job (MB)
	1736420  -  ResidentSetSize of job (KB)
...
006 (73340816.000.000) 2021-09-16 14:35:38 Image size of job updated: 1697
	1697  -  MemoryUsage of job (MB)
	1738248  -  ResidentSetSize of job (KB)
...
006 (73340816.000.000) 2021-09-16 14:36:39 Image size of job updated: 1698
	1698  -  MemoryUsage of job (MB)
	1738844  -  ResidentSetSize of job (KB)
...
006 (73340816.000.000) 2021-09-16 14:37:40 Image size of job updated: 1698
	1698  -  MemoryUsage of job (MB)
	1739536  -  ResidentSetSize of job (KB)
...
006 (73340816.000.000) 2021-09-16 14:38:40 Image size of job updated: 1699
	1699  -  MemoryUsage of job (MB)
	1740524  -  ResidentSetSize of job (KB)
...
006 (73340816.000.000) 2021-09-16 14:39:40 Image size of job updated: 1700
	1700  -  MemoryUsage of job (MB)
	1741808  -  ResidentSetSize of job (KB)
...
006 (73340816.000.000) 2021-09-16 14:40:41 Image size of job updated: 1701
	1701  -  MemoryUsage of job (MB)
	1742552  -  ResidentSetSize of job (KB)
...
006 (73340816.000.000) 2021-09-16 14:41:41 Image size of job updated: 1702
	1702  -  MemoryUsage of job (MB)
	1743248  -  ResidentSetSize of job (KB)
...
006 (73340816.000.000) 2021-09-16 14:42:41 Image size of job updated: 1702
	1702  -  MemoryUsage of job (MB)
	1743832  -  ResidentSetSize of job (KB)
...
006 (73340816.000.000) 2021-09-16 14:43:42 Image size of job updated: 1705
	1705  -  MemoryUsage of job (MB)
	1746148  -  ResidentSetSize of job (KB)
...
006 (73340816.000.000) 2021-09-16 14:44:42 Image size of job updated: 1706
	1706  -  MemoryUsage of job (MB)
	1747104  -  ResidentSetSize of job (KB)
...
006 (73340816.000.000) 2021-09-16 14:45:42 Image size of job updated: 1707
	1707  -  MemoryUsage of job (MB)
	1748028  -  ResidentSetSize of job (KB)
...
006 (73340816.000.000) 2021-09-16 14:46:43 Image size of job updated: 1707
	1707  -  MemoryUsage of job (MB)
	1748828  -  ResidentSetSize of job (KB)
...
006 (73340816.000.000) 2021-09-16 14:47:44 Image size of job updated: 1709
	1709  -  MemoryUsage of job (MB)
	1750524  -  ResidentSetSize of job (KB)
...
006 (73340816.000.000) 2021-09-16 14:48:44 Image size of job updated: 1709
	1709  -  MemoryUsage of job (MB)
	1750908  -  ResidentSetSize of job (KB)
...
006 (73340816.000.000) 2021-09-16 14:49:44 Image size of job updated: 1710
	1710  -  MemoryUsage of job (MB)
	1751660  -  ResidentSetSize of job (KB)
...
006 (73340816.000.000) 2021-09-16 14:50:46 Image size of job updated: 1712
	1712  -  MemoryUsage of job (MB)
	1753792  -  ResidentSetSize of job (KB)
...
006 (73340816.000.000) 2021-09-16 14:51:46 Image size of job updated: 1713
	1713  -  MemoryUsage of job (MB)
	1754600  -  ResidentSetSize of job (KB)
...
006 (73340816.000.000) 2021-09-16 14:52:46 Image size of job updated: 1714
	1714  -  MemoryUsage of job (MB)
	1755600  -  ResidentSetSize of job (KB)
...
006 (73340816.000.000) 2021-09-16 14:53:47 Image size of job updated: 1715
	1715  -  MemoryUsage of job (MB)
	1756616  -  ResidentSetSize of job (KB)
...
006 (73340816.000.000) 2021-09-16 14:54:48 Image size of job updated: 1717
	1717  -  MemoryUsage of job (MB)
	1759052  -  ResidentSetSize of job (KB)
...
006 (73340816.000.000) 2021-09-16 14:55:48 Image size of job updated: 1720
	1720  -  MemoryUsage of job (MB)
	1762280  -  ResidentSetSize of job (KB)
...
006 (73340816.000.000) 2021-09-16 14:56:48 Image size of job updated: 1721
	1721  -  MemoryUsage of job (MB)
	1762752  -  ResidentSetSize of job (KB)
...
006 (73340816.000.000) 2021-09-16 14:57:50 Image size of job updated: 1722
	1722  -  MemoryUsage of job (MB)
	1763380  -  ResidentSetSize of job (KB)
...
006 (73340816.000.000) 2021-09-16 14:58:50 Image size of job updated: 1722
	1722  -  MemoryUsage of job (MB)
	1763844  -  ResidentSetSize of job (KB)
...
006 (73340816.000.000) 2021-09-16 14:59:50 Image size of job updated: 1723
	1723  -  MemoryUsage of job (MB)
	1764452  -  ResidentSetSize of job (KB)
...
006 (73340816.000.000) 2021-09-16 15:00:50 Image size of job updated: 1724
	1724  -  MemoryUsage of job (MB)
	1765648  -  ResidentSetSize of job (KB)
...
006 (73340816.000.000) 2021-09-16 15:01:51 Image size of job updated: 1725
	1725  -  MemoryUsage of job (MB)
	1766452  -  ResidentSetSize of job (KB)
...
006 (73340816.000.000) 2021-09-16 15:02:52 Image size of job updated: 1725
	1725  -  MemoryUsage of job (MB)
	1766936  -  ResidentSetSize of job (KB)
...
006 (73340816.000.000) 2021-09-16 15:03:52 Image size of job updated: 1726
	1726  -  MemoryUsage of job (MB)
	1767696  -  ResidentSetSize of job (KB)
...
006 (73340816.000.000) 2021-09-16 15:04:53 Image size of job updated: 1727
	1727  -  MemoryUsage of job (MB)
	1769020  -  ResidentSetSize of job (KB)
...
006 (73340816.000.000) 2021-09-16 15:05:54 Image size of job updated: 1728
	1728  -  MemoryUsage of job (MB)
	1769588  -  ResidentSetSize of job (KB)
...
006 (73340816.000.000) 2021-09-16 15:06:54 Image size of job updated: 1729
	1729  -  MemoryUsage of job (MB)
	1770932  -  ResidentSetSize of job (KB)
...
006 (73340816.000.000) 2021-09-16 15:07:54 Image size of job updated: 1730
	1730  -  MemoryUsage of job (MB)
	1771944  -  ResidentSetSize of job (KB)
...
006 (73340816.000.000) 2021-09-16 15:08:56 Image size of job updated: 1730
	1730  -  MemoryUsage of job (MB)
	1772256  -  ResidentSetSize of job (KB)
...
006 (73340816.000.000) 2021-09-16 15:09:56 Image size of job updated: 1731
	1731  -  MemoryUsage of job (MB)
	1773424  -  ResidentSetSize of job (KB)
...
006 (73340816.000.000) 2021-09-16 15:10:56 Image size of job updated: 1732
	1732  -  MemoryUsage of job (MB)
	1774284  -  ResidentSetSize of job (KB)
...
006 (73340816.000.000) 2021-09-16 15:11:57 Image size of job updated: 1733
	1733  -  MemoryUsage of job (MB)
	1775092  -  ResidentSetSize of job (KB)
...
006 (73340816.000.000) 2021-09-16 15:12:59 Image size of job updated: 1734
	1734  -  MemoryUsage of job (MB)
	1776028  -  ResidentSetSize of job (KB)
...
006 (73340816.000.000) 2021-09-16 15:13:59 Image size of job updated: 1734
	1734  -  MemoryUsage of job (MB)
	1776508  -  ResidentSetSize of job (KB)
...
006 (73340816.000.000) 2021-09-16 15:14:59 Image size of job updated: 1735
	1735  -  MemoryUsage of job (MB)
	1777528  -  ResidentSetSize of job (KB)
...
006 (73340816.000.000) 2021-09-16 15:15:59 Image size of job updated: 1736
	1736  -  MemoryUsage of job (MB)
	1777920  -  ResidentSetSize of job (KB)
...
006 (73340816.000.000) 2021-09-16 15:17:00 Image size of job updated: 1737
	1737  -  MemoryUsage of job (MB)
	1779076  -  ResidentSetSize of job (KB)
...
006 (73340816.000.000) 2021-09-16 15:18:01 Image size of job updated: 1738
	1738  -  MemoryUsage of job (MB)
	1779920  -  ResidentSetSize of job (KB)
...
006 (73340816.000.000) 2021-09-16 15:19:01 Image size of job updated: 1739
	1739  -  MemoryUsage of job (MB)
	1780868  -  ResidentSetSize of job (KB)
...
006 (73340816.000.000) 2021-09-16 15:20:02 Image size of job updated: 1739
	1739  -  MemoryUsage of job (MB)
	1781664  -  ResidentSetSize of job (KB)
...
006 (73340816.000.000) 2021-09-16 15:21:03 Image size of job updated: 1740
	1740  -  MemoryUsage of job (MB)
	1782632  -  ResidentSetSize of job (KB)
...
006 (73340816.000.000) 2021-09-16 15:22:03 Image size of job updated: 1741
	1741  -  MemoryUsage of job (MB)
	1783580  -  ResidentSetSize of job (KB)
...
006 (73340816.000.000) 2021-09-16 15:23:04 Image size of job updated: 1742
	1742  -  MemoryUsage of job (MB)
	1784512  -  ResidentSetSize of job (KB)
...
006 (73340816.000.000) 2021-09-16 15:24:04 Image size of job updated: 1743
	1743  -  MemoryUsage of job (MB)
	1785012  -  ResidentSetSize of job (KB)
...
006 (73340816.000.000) 2021-09-16 15:25:04 Image size of job updated: 1744
	1744  -  MemoryUsage of job (MB)
	1786084  -  ResidentSetSize of job (KB)
...
006 (73340816.000.000) 2021-09-16 15:26:05 Image size of job updated: 1744
	1744  -  MemoryUsage of job (MB)
	1786436  -  ResidentSetSize of job (KB)
...
006 (73340816.000.000) 2021-09-16 15:27:05 Image size of job updated: 1745
	1745  -  MemoryUsage of job (MB)
	1787548  -  ResidentSetSize of job (KB)
...
006 (73340816.000.000) 2021-09-16 15:28:05 Image size of job updated: 1746
	1746  -  MemoryUsage of job (MB)
	1788164  -  ResidentSetSize of job (KB)
...
006 (73340816.000.000) 2021-09-16 15:29:05 Image size of job updated: 1747
	1747  -  MemoryUsage of job (MB)
	1789040  -  ResidentSetSize of job (KB)
...
006 (73340816.000.000) 2021-09-16 15:30:06 Image size of job updated: 1747
	1747  -  MemoryUsage of job (MB)
	1789544  -  ResidentSetSize of job (KB)
...
006 (73340816.000.000) 2021-09-16 15:31:07 Image size of job updated: 1748
	1748  -  MemoryUsage of job (MB)
	1790356  -  ResidentSetSize of job (KB)
...
006 (73340816.000.000) 2021-09-16 15:32:07 Image size of job updated: 1749
	1749  -  MemoryUsage of job (MB)
	1790988  -  ResidentSetSize of job (KB)
...
006 (73340816.000.000) 2021-09-16 15:33:07 Image size of job updated: 1749
	1749  -  MemoryUsage of job (MB)
	1791688  -  ResidentSetSize of job (KB)
...
006 (73340816.000.000) 2021-09-16 15:34:08 Image size of job updated: 1750
	1750  -  MemoryUsage of job (MB)
	1792020  -  ResidentSetSize of job (KB)
...
040 (73340816.000.000) 2021-09-16 15:34:11 Started transferring output files
...
040 (73340816.000.000) 2021-09-16 15:34:11 Finished transferring output files
...
005 (73340816.000.000) 2021-09-16 15:34:13 Job terminated.
	(1) Normal termination (return value 0)
		Usr 0 00:00:00, Sys 0 00:00:00  -  Run Remote Usage
		Usr 0 00:00:00, Sys 0 00:00:00  -  Run Local Usage
		Usr 0 01:01:40, Sys 0 00:57:42  -  Total Remote Usage
		Usr 0 00:00:00, Sys 0 00:00:00  -  Total Local Usage
	1233650  -  Run Bytes Sent By Job
	8471534  -  Run Bytes Received By Job
	1233650  -  Total Bytes Sent By Job
	8471534  -  Total Bytes Received By Job
	Partitionable Resources :    Usage  Request Allocated 
	   Cpus                 :        0        1         1 
	   Disk (KB)            :    27342    10000   1688375 
	   Memory (MB)          :     1750     2048      2048 

	Job terminated of its own accord at 2021-09-16T20:34:11Z.
...
000 (34672547.000.000) 2021-09-24 22:32:46 Job submitted from host: <131.225.188.57:9618?addrs=131.225.188.57-9618&alias=lpcschedd2.fnal.gov&noUDP&sock=schedd_2251_93c6>
...
040 (34672547.000.000) 2021-09-24 23:24:36 Started transferring input files
	Transferring to host: <131.225.206.211:9618?addrs=131.225.206.211-9618&alias=cmswn1832.fnal.gov&noUDP&sock=slot1_3_1238_086b_4207>
...
040 (34672547.000.000) 2021-09-24 23:24:36 Finished transferring input files
...
001 (34672547.000.000) 2021-09-24 23:24:37 Job executing on host: <131.225.206.211:9618?addrs=131.225.206.211-9618&alias=cmswn1832.fnal.gov&noUDP&sock=startd_1147_5337>
...
006 (34672547.000.000) 2021-09-24 23:24:47 Image size of job updated: 51
	51  -  MemoryUsage of job (MB)
	52972  -  ResidentSetSize of job (KB)
...
006 (34672547.000.000) 2021-09-24 23:25:47 Image size of job updated: 535
	535  -  MemoryUsage of job (MB)
	548708  -  ResidentSetSize of job (KB)
...
006 (34672547.000.000) 2021-09-24 23:28:48 Image size of job updated: 542
	542  -  MemoryUsage of job (MB)
	555596  -  ResidentSetSize of job (KB)
...
006 (34672547.000.000) 2021-09-24 23:29:48 Image size of job updated: 594
	594  -  MemoryUsage of job (MB)
	608916  -  ResidentSetSize of job (KB)
...
006 (34672547.000.000) 2021-09-24 23:30:49 Image size of job updated: 641
	641  -  MemoryUsage of job (MB)
	656460  -  ResidentSetSize of job (KB)
...
006 (34672547.000.000) 2021-09-24 23:31:49 Image size of job updated: 681
	681  -  MemoryUsage of job (MB)
	697840  -  ResidentSetSize of job (KB)
...
006 (34672547.000.000) 2021-09-24 23:32:50 Image size of job updated: 718
	718  -  MemoryUsage of job (MB)
	735688  -  ResidentSetSize of job (KB)
...
006 (34672547.000.000) 2021-09-24 23:33:51 Image size of job updated: 753
	753  -  MemoryUsage of job (MB)
	771584  -  ResidentSetSize of job (KB)
...
006 (34672547.000.000) 2021-09-24 23:34:51 Image size of job updated: 786
	786  -  MemoryUsage of job (MB)
	805536  -  ResidentSetSize of job (KB)
...
006 (34672547.000.000) 2021-09-24 23:35:52 Image size of job updated: 818
	818  -  MemoryUsage of job (MB)
	838408  -  ResidentSetSize of job (KB)
...
006 (34672547.000.000) 2021-09-24 23:36:53 Image size of job updated: 850
	850  -  MemoryUsage of job (MB)
	870980  -  ResidentSetSize of job (KB)
...
006 (34672547.000.000) 2021-09-24 23:37:53 Image size of job updated: 879
	879  -  MemoryUsage of job (MB)
	900412  -  ResidentSetSize of job (KB)
...
006 (34672547.000.000) 2021-09-24 23:38:54 Image size of job updated: 918
	918  -  MemoryUsage of job (MB)
	940576  -  ResidentSetSize of job (KB)
...
006 (34672547.000.000) 2021-09-24 23:39:54 Image size of job updated: 947
	947  -  MemoryUsage of job (MB)
	969900  -  ResidentSetSize of job (KB)
...
006 (34672547.000.000) 2021-09-24 23:40:54 Image size of job updated: 974
	974  -  MemoryUsage of job (MB)
	997528  -  ResidentSetSize of job (KB)
...
006 (34672547.000.000) 2021-09-24 23:41:55 Image size of job updated: 1000
	1000  -  MemoryUsage of job (MB)
	1024060  -  ResidentSetSize of job (KB)
...
006 (34672547.000.000) 2021-09-24 23:42:55 Image size of job updated: 1028
	1028  -  MemoryUsage of job (MB)
	1053256  -  ResidentSetSize of job (KB)
...
006 (34672547.000.000) 2021-09-24 23:43:56 Image size of job updated: 1060
	1060  -  MemoryUsage of job (MB)
	1085740  -  ResidentSetSize of job (KB)
...
006 (34672547.000.000) 2021-09-24 23:44:57 Image size of job updated: 1086
	1086  -  MemoryUsage of job (MB)
	1112232  -  ResidentSetSize of job (KB)
...
006 (34672547.000.000) 2021-09-24 23:45:57 Image size of job updated: 1108
	1108  -  MemoryUsage of job (MB)
	1135600  -  ResidentSetSize of job (KB)
...
006 (34672547.000.000) 2021-09-24 23:46:58 Image size of job updated: 1131
	1131  -  MemoryUsage of job (MB)
	1158632  -  ResidentSetSize of job (KB)
...
006 (34672547.000.000) 2021-09-24 23:47:58 Image size of job updated: 1152
	1152  -  MemoryUsage of job (MB)
	1179860  -  ResidentSetSize of job (KB)
...
006 (34672547.000.000) 2021-09-24 23:48:58 Image size of job updated: 1172
	1172  -  MemoryUsage of job (MB)
	1200908  -  ResidentSetSize of job (KB)
...
006 (34672547.000.000) 2021-09-24 23:49:59 Image size of job updated: 1193
	1193  -  MemoryUsage of job (MB)
	1222188  -  ResidentSetSize of job (KB)
...
006 (34672547.000.000) 2021-09-24 23:50:59 Image size of job updated: 1213
	1213  -  MemoryUsage of job (MB)
	1243008  -  ResidentSetSize of job (KB)
...
006 (34672547.000.000) 2021-09-24 23:51:59 Image size of job updated: 1233
	1233  -  MemoryUsage of job (MB)
	1263304  -  ResidentSetSize of job (KB)
...
006 (34672547.000.000) 2021-09-24 23:53:00 Image size of job updated: 1253
	1253  -  MemoryUsage of job (MB)
	1283348  -  ResidentSetSize of job (KB)
...
006 (34672547.000.000) 2021-09-24 23:54:00 Image size of job updated: 1272
	1272  -  MemoryUsage of job (MB)
	1303192  -  ResidentSetSize of job (KB)
...
006 (34672547.000.000) 2021-09-24 23:55:01 Image size of job updated: 1291
	1291  -  MemoryUsage of job (MB)
	1322624  -  ResidentSetSize of job (KB)
...
006 (34672547.000.000) 2021-09-24 23:56:02 Image size of job updated: 1310
	1310  -  MemoryUsage of job (MB)
	1341688  -  ResidentSetSize of job (KB)
...
006 (34672547.000.000) 2021-09-24 23:57:02 Image size of job updated: 1328
	1328  -  MemoryUsage of job (MB)
	1360568  -  ResidentSetSize of job (KB)
...
006 (34672547.000.000) 2021-09-24 23:58:03 Image size of job updated: 1346
	1346  -  MemoryUsage of job (MB)
	1379136  -  ResidentSetSize of job (KB)
...
006 (34672547.000.000) 2021-09-24 23:59:03 Image size of job updated: 1364
	1364  -  MemoryUsage of job (MB)
	1397412  -  ResidentSetSize of job (KB)
...
006 (34672547.000.000) 2021-09-25 00:00:03 Image size of job updated: 1382
	1382  -  MemoryUsage of job (MB)
	1415492  -  ResidentSetSize of job (KB)
...
006 (34672547.000.000) 2021-09-25 00:01:04 Image size of job updated: 1399
	1399  -  MemoryUsage of job (MB)
	1433212  -  ResidentSetSize of job (KB)
...
006 (34672547.000.000) 2021-09-25 00:02:04 Image size of job updated: 1416
	1416  -  MemoryUsage of job (MB)
	1450656  -  ResidentSetSize of job (KB)
...
006 (34672547.000.000) 2021-09-25 00:03:04 Image size of job updated: 1433
	1433  -  MemoryUsage of job (MB)
	1467876  -  ResidentSetSize of job (KB)
...
006 (34672547.000.000) 2021-09-25 00:04:05 Image size of job updated: 1450
	1450  -  MemoryUsage of job (MB)
	1485004  -  ResidentSetSize of job (KB)
...
006 (34672547.000.000) 2021-09-25 00:05:05 Image size of job updated: 1466
	1466  -  MemoryUsage of job (MB)
	1501656  -  ResidentSetSize of job (KB)
...
006 (34672547.000.000) 2021-09-25 00:06:05 Image size of job updated: 1482
	1482  -  MemoryUsage of job (MB)
	1518192  -  ResidentSetSize of job (KB)
...
006 (34672547.000.000) 2021-09-25 00:07:06 Image size of job updated: 1498
	1498  -  MemoryUsage of job (MB)
	1534436  -  ResidentSetSize of job (KB)
...
006 (34672547.000.000) 2021-09-25 00:08:06 Image size of job updated: 1513
	1513  -  MemoryUsage of job (MB)
	1550080  -  ResidentSetSize of job (KB)
...
006 (34672547.000.000) 2021-09-25 00:09:07 Image size of job updated: 1527
	1527  -  MemoryUsage of job (MB)
	1564276  -  ResidentSetSize of job (KB)
...
006 (34672547.000.000) 2021-09-25 00:10:08 Image size of job updated: 1547
	1547  -  MemoryUsage of job (MB)
	1584132  -  ResidentSetSize of job (KB)
...
006 (34672547.000.000) 2021-09-25 00:11:08 Image size of job updated: 1655
	1655  -  MemoryUsage of job (MB)
	1694740  -  ResidentSetSize of job (KB)
...
006 (34672547.000.000) 2021-09-25 00:12:09 Image size of job updated: 1668
	1668  -  MemoryUsage of job (MB)
	1709020  -  ResidentSetSize of job (KB)
...
006 (34672547.000.000) 2021-09-25 00:13:09 Image size of job updated: 1679
	1679  -  MemoryUsage of job (MB)
	1719356  -  ResidentSetSize of job (KB)
...
006 (34672547.000.000) 2021-09-25 00:14:10 Image size of job updated: 1687
	1687  -  MemoryUsage of job (MB)
	1728240  -  ResidentSetSize of job (KB)
...
006 (34672547.000.000) 2021-09-25 00:15:11 Image size of job updated: 1695
	1695  -  MemoryUsage of job (MB)
	1735772  -  ResidentSetSize of job (KB)
...
006 (34672547.000.000) 2021-09-25 00:16:12 Image size of job updated: 1700
	1700  -  MemoryUsage of job (MB)
	1741540  -  ResidentSetSize of job (KB)
...
006 (34672547.000.000) 2021-09-25 00:17:12 Image size of job updated: 1705
	1705  -  MemoryUsage of job (MB)
	1746252  -  ResidentSetSize of job (KB)
...
006 (34672547.000.000) 2021-09-25 00:18:13 Image size of job updated: 1709
	1709  -  MemoryUsage of job (MB)
	1750644  -  ResidentSetSize of job (KB)
...
006 (34672547.000.000) 2021-09-25 00:19:13 Image size of job updated: 1712
	1712  -  MemoryUsage of job (MB)
	1753400  -  ResidentSetSize of job (KB)
...
006 (34672547.000.000) 2021-09-25 00:20:13 Image size of job updated: 1715
	1715  -  MemoryUsage of job (MB)
	1756812  -  ResidentSetSize of job (KB)
...
006 (34672547.000.000) 2021-09-25 00:21:14 Image size of job updated: 1719
	1719  -  MemoryUsage of job (MB)
	1760552  -  ResidentSetSize of job (KB)
...
006 (34672547.000.000) 2021-09-25 00:22:14 Image size of job updated: 1722
	1722  -  MemoryUsage of job (MB)
	1764296  -  ResidentSetSize of job (KB)
...
006 (34672547.000.000) 2021-09-25 00:23:15 Image size of job updated: 1724
	1724  -  MemoryUsage of job (MB)
	1765784  -  ResidentSetSize of job (KB)
...
006 (34672547.000.000) 2021-09-25 00:24:16 Image size of job updated: 1726
	1726  -  MemoryUsage of job (MB)
	1768132  -  ResidentSetSize of job (KB)
...
006 (34672547.000.000) 2021-09-25 00:25:16 Image size of job updated: 1728
	1728  -  MemoryUsage of job (MB)
	1770320  -  ResidentSetSize of job (KB)
...
006 (34672547.000.000) 2021-09-25 00:26:17 Image size of job updated: 1731
	1731  -  MemoryUsage of job (MB)
	1773336  -  ResidentSetSize of job (KB)
...
006 (34672547.000.000) 2021-09-25 00:27:18 Image size of job updated: 1734
	1734  -  MemoryUsage of job (MB)
	1776232  -  ResidentSetSize of job (KB)
...
006 (34672547.000.000) 2021-09-25 00:28:18 Image size of job updated: 1736
	1736  -  MemoryUsage of job (MB)
	1778520  -  ResidentSetSize of job (KB)
...
006 (34672547.000.000) 2021-09-25 00:29:19 Image size of job updated: 1739
	1739  -  MemoryUsage of job (MB)
	1780756  -  ResidentSetSize of job (KB)
...
006 (34672547.000.000) 2021-09-25 00:30:19 Image size of job updated: 1740
	1740  -  MemoryUsage of job (MB)
	1782640  -  ResidentSetSize of job (KB)
...
006 (34672547.000.000) 2021-09-25 00:31:19 Image size of job updated: 1742
	1742  -  MemoryUsage of job (MB)
	1784484  -  ResidentSetSize of job (KB)
...
006 (34672547.000.000) 2021-09-25 00:32:20 Image size of job updated: 1744
	1744  -  MemoryUsage of job (MB)
	1786180  -  ResidentSetSize of job (KB)
...
006 (34672547.000.000) 2021-09-25 00:33:20 Image size of job updated: 1746
	1746  -  MemoryUsage of job (MB)
	1788376  -  ResidentSetSize of job (KB)
...
006 (34672547.000.000) 2021-09-25 00:34:21 Image size of job updated: 1748
	1748  -  MemoryUsage of job (MB)
	1790000  -  ResidentSetSize of job (KB)
...
006 (34672547.000.000) 2021-09-25 00:35:21 Image size of job updated: 1749
	1749  -  MemoryUsage of job (MB)
	1791404  -  ResidentSetSize of job (KB)
...
040 (34672547.000.000) 2021-09-25 00:35:27 Started transferring output files
...
040 (34672547.000.000) 2021-09-25 00:35:27 Finished transferring output files
...
005 (34672547.000.000) 2021-09-25 00:35:28 Job terminated.
	(1) Normal termination (return value 0)
		Usr 0 00:53:33, Sys 0 00:10:19  -  Run Remote Usage
		Usr 0 00:00:00, Sys 0 00:00:00  -  Run Local Usage
		Usr 0 00:53:33, Sys 0 00:10:19  -  Total Remote Usage
		Usr 0 00:00:00, Sys 0 00:00:00  -  Total Local Usage
	1233668  -  Run Bytes Sent By Job
	8471570  -  Run Bytes Received By Job
	1233668  -  Total Bytes Sent By Job
	8471570  -  Total Bytes Received By Job
	Partitionable Resources :    Usage  Request Allocated 
	   Cpus                 :     0.00        1         1 
	   Disk (KB)            : 25981       10000    335569 
	   Memory (MB)          :  1749        2048      2048 

	Job terminated of its own accord at 2021-09-25T05:35:27Z.
...
