000 (73340957.000.000) 2021-09-16 05:48:59 Job submitted from host: <131.225.188.235:9618?addrs=131.225.188.235-9618&alias=lpcschedd3.fnal.gov&noUDP&sock=schedd_2706_ab5d>
...
040 (73340957.000.000) 2021-09-17 00:08:57 Started transferring input files
	Transferring to host: <131.225.191.131:9618?addrs=131.225.191.131-9618&alias=cmswn1895.fnal.gov&noUDP&sock=slot1_4_1221_0e0b_1962>
...
040 (73340957.000.000) 2021-09-17 00:08:58 Finished transferring input files
...
001 (73340957.000.000) 2021-09-17 00:08:59 Job executing on host: <131.225.191.131:9618?addrs=131.225.191.131-9618&alias=cmswn1895.fnal.gov&noUDP&sock=startd_1143_94d6>
...
006 (73340957.000.000) 2021-09-17 00:09:07 Image size of job updated: 14
	14  -  MemoryUsage of job (MB)
	15092  -  ResidentSetSize of job (KB)
...
006 (73340957.000.000) 2021-09-17 00:10:07 Image size of job updated: 537
	537  -  MemoryUsage of job (MB)
	549928  -  ResidentSetSize of job (KB)
...
006 (73340957.000.000) 2021-09-17 00:14:08 Image size of job updated: 578
	578  -  MemoryUsage of job (MB)
	592828  -  ResidentSetSize of job (KB)
...
006 (73340957.000.000) 2021-09-17 00:15:09 Image size of job updated: 626
	626  -  MemoryUsage of job (MB)
	641796  -  ResidentSetSize of job (KB)
...
006 (73340957.000.000) 2021-09-17 00:16:10 Image size of job updated: 666
	666  -  MemoryUsage of job (MB)
	682276  -  ResidentSetSize of job (KB)
...
006 (73340957.000.000) 2021-09-17 00:17:11 Image size of job updated: 703
	703  -  MemoryUsage of job (MB)
	720328  -  ResidentSetSize of job (KB)
...
006 (73340957.000.000) 2021-09-17 00:18:11 Image size of job updated: 733
	733  -  MemoryUsage of job (MB)
	751492  -  ResidentSetSize of job (KB)
...
006 (73340957.000.000) 2021-09-17 00:19:11 Image size of job updated: 765
	765  -  MemoryUsage of job (MB)
	783392  -  ResidentSetSize of job (KB)
...
006 (73340957.000.000) 2021-09-17 00:20:11 Image size of job updated: 795
	795  -  MemoryUsage of job (MB)
	814616  -  ResidentSetSize of job (KB)
...
006 (73340957.000.000) 2021-09-17 00:21:11 Image size of job updated: 826
	826  -  MemoryUsage of job (MB)
	845916  -  ResidentSetSize of job (KB)
...
006 (73340957.000.000) 2021-09-17 00:22:11 Image size of job updated: 857
	857  -  MemoryUsage of job (MB)
	877976  -  ResidentSetSize of job (KB)
...
006 (73340957.000.000) 2021-09-17 00:23:11 Image size of job updated: 897
	897  -  MemoryUsage of job (MB)
	919108  -  ResidentSetSize of job (KB)
...
006 (73340957.000.000) 2021-09-17 00:24:11 Image size of job updated: 923
	923  -  MemoryUsage of job (MB)
	946008  -  ResidentSetSize of job (KB)
...
006 (73340957.000.000) 2021-09-17 00:25:11 Image size of job updated: 950
	950  -  MemoryUsage of job (MB)
	972976  -  ResidentSetSize of job (KB)
...
006 (73340957.000.000) 2021-09-17 00:26:11 Image size of job updated: 976
	976  -  MemoryUsage of job (MB)
	999472  -  ResidentSetSize of job (KB)
...
006 (73340957.000.000) 2021-09-17 00:27:11 Image size of job updated: 1001
	1001  -  MemoryUsage of job (MB)
	1025368  -  ResidentSetSize of job (KB)
...
006 (73340957.000.000) 2021-09-17 00:28:11 Image size of job updated: 1028
	1028  -  MemoryUsage of job (MB)
	1053688  -  ResidentSetSize of job (KB)
...
006 (73340957.000.000) 2021-09-17 00:29:11 Image size of job updated: 1060
	1060  -  MemoryUsage of job (MB)
	1086228  -  ResidentSetSize of job (KB)
...
006 (73340957.000.000) 2021-09-17 00:30:11 Image size of job updated: 1086
	1086  -  MemoryUsage of job (MB)
	1112268  -  ResidentSetSize of job (KB)
...
006 (73340957.000.000) 2021-09-17 00:31:11 Image size of job updated: 1106
	1106  -  MemoryUsage of job (MB)
	1132916  -  ResidentSetSize of job (KB)
...
006 (73340957.000.000) 2021-09-17 00:32:11 Image size of job updated: 1128
	1128  -  MemoryUsage of job (MB)
	1155612  -  ResidentSetSize of job (KB)
...
006 (73340957.000.000) 2021-09-17 00:33:12 Image size of job updated: 1149
	1149  -  MemoryUsage of job (MB)
	1177320  -  ResidentSetSize of job (KB)
...
006 (73340957.000.000) 2021-09-17 00:34:12 Image size of job updated: 1171
	1171  -  MemoryUsage of job (MB)
	1199376  -  ResidentSetSize of job (KB)
...
006 (73340957.000.000) 2021-09-17 00:35:13 Image size of job updated: 1191
	1191  -  MemoryUsage of job (MB)
	1220124  -  ResidentSetSize of job (KB)
...
006 (73340957.000.000) 2021-09-17 00:36:14 Image size of job updated: 1211
	1211  -  MemoryUsage of job (MB)
	1240496  -  ResidentSetSize of job (KB)
...
006 (73340957.000.000) 2021-09-17 00:37:15 Image size of job updated: 1230
	1230  -  MemoryUsage of job (MB)
	1260328  -  ResidentSetSize of job (KB)
...
006 (73340957.000.000) 2021-09-17 00:38:16 Image size of job updated: 1249
	1249  -  MemoryUsage of job (MB)
	1279876  -  ResidentSetSize of job (KB)
...
006 (73340957.000.000) 2021-09-17 00:39:17 Image size of job updated: 1268
	1268  -  MemoryUsage of job (MB)
	1299372  -  ResidentSetSize of job (KB)
...
006 (73340957.000.000) 2021-09-17 00:40:17 Image size of job updated: 1287
	1287  -  MemoryUsage of job (MB)
	1318164  -  ResidentSetSize of job (KB)
...
006 (73340957.000.000) 2021-09-17 00:41:17 Image size of job updated: 1305
	1305  -  MemoryUsage of job (MB)
	1336852  -  ResidentSetSize of job (KB)
...
006 (73340957.000.000) 2021-09-17 00:42:18 Image size of job updated: 1323
	1323  -  MemoryUsage of job (MB)
	1355656  -  ResidentSetSize of job (KB)
...
006 (73340957.000.000) 2021-09-17 00:43:19 Image size of job updated: 1342
	1342  -  MemoryUsage of job (MB)
	1374292  -  ResidentSetSize of job (KB)
...
006 (73340957.000.000) 2021-09-17 00:44:20 Image size of job updated: 1359
	1359  -  MemoryUsage of job (MB)
	1392540  -  ResidentSetSize of job (KB)
...
006 (73340957.000.000) 2021-09-17 00:45:20 Image size of job updated: 1377
	1377  -  MemoryUsage of job (MB)
	1410476  -  ResidentSetSize of job (KB)
...
006 (73340957.000.000) 2021-09-17 00:46:20 Image size of job updated: 1394
	1394  -  MemoryUsage of job (MB)
	1428276  -  ResidentSetSize of job (KB)
...
006 (73340957.000.000) 2021-09-17 00:47:21 Image size of job updated: 1411
	1411  -  MemoryUsage of job (MB)
	1445732  -  ResidentSetSize of job (KB)
...
006 (73340957.000.000) 2021-09-17 00:48:21 Image size of job updated: 1427
	1427  -  MemoryUsage of job (MB)
	1461384  -  ResidentSetSize of job (KB)
...
006 (73340957.000.000) 2021-09-17 00:49:21 Image size of job updated: 1443
	1443  -  MemoryUsage of job (MB)
	1478328  -  ResidentSetSize of job (KB)
...
006 (73340957.000.000) 2021-09-17 00:50:22 Image size of job updated: 1459
	1459  -  MemoryUsage of job (MB)
	1494944  -  ResidentSetSize of job (KB)
...
006 (73340957.000.000) 2021-09-17 00:51:23 Image size of job updated: 1476
	1476  -  MemoryUsage of job (MB)
	1511720  -  ResidentSetSize of job (KB)
...
006 (73340957.000.000) 2021-09-17 00:52:24 Image size of job updated: 1492
	1492  -  MemoryUsage of job (MB)
	1528076  -  ResidentSetSize of job (KB)
...
006 (73340957.000.000) 2021-09-17 00:53:25 Image size of job updated: 1508
	1508  -  MemoryUsage of job (MB)
	1544284  -  ResidentSetSize of job (KB)
...
006 (73340957.000.000) 2021-09-17 00:54:26 Image size of job updated: 1523
	1523  -  MemoryUsage of job (MB)
	1560212  -  ResidentSetSize of job (KB)
...
006 (73340957.000.000) 2021-09-17 00:55:27 Image size of job updated: 1543
	1543  -  MemoryUsage of job (MB)
	1580244  -  ResidentSetSize of job (KB)
...
006 (73340957.000.000) 2021-09-17 00:56:27 Image size of job updated: 1656
	1656  -  MemoryUsage of job (MB)
	1695988  -  ResidentSetSize of job (KB)
...
006 (73340957.000.000) 2021-09-17 00:57:27 Image size of job updated: 1671
	1671  -  MemoryUsage of job (MB)
	1711184  -  ResidentSetSize of job (KB)
...
006 (73340957.000.000) 2021-09-17 00:58:27 Image size of job updated: 1674
	1674  -  MemoryUsage of job (MB)
	1714764  -  ResidentSetSize of job (KB)
...
006 (73340957.000.000) 2021-09-17 00:59:27 Image size of job updated: 1676
	1676  -  MemoryUsage of job (MB)
	1716908  -  ResidentSetSize of job (KB)
...
006 (73340957.000.000) 2021-09-17 01:00:28 Image size of job updated: 1682
	1682  -  MemoryUsage of job (MB)
	1722408  -  ResidentSetSize of job (KB)
...
006 (73340957.000.000) 2021-09-17 01:01:28 Image size of job updated: 1693
	1693  -  MemoryUsage of job (MB)
	1734128  -  ResidentSetSize of job (KB)
...
006 (73340957.000.000) 2021-09-17 01:02:29 Image size of job updated: 1699
	1699  -  MemoryUsage of job (MB)
	1740520  -  ResidentSetSize of job (KB)
...
006 (73340957.000.000) 2021-09-17 01:03:29 Image size of job updated: 1705
	1705  -  MemoryUsage of job (MB)
	1746368  -  ResidentSetSize of job (KB)
...
006 (73340957.000.000) 2021-09-17 01:04:30 Image size of job updated: 1709
	1709  -  MemoryUsage of job (MB)
	1750980  -  ResidentSetSize of job (KB)
...
006 (73340957.000.000) 2021-09-17 01:05:31 Image size of job updated: 1712
	1712  -  MemoryUsage of job (MB)
	1753112  -  ResidentSetSize of job (KB)
...
006 (73340957.000.000) 2021-09-17 01:06:31 Image size of job updated: 1715
	1715  -  MemoryUsage of job (MB)
	1756528  -  ResidentSetSize of job (KB)
...
006 (73340957.000.000) 2021-09-17 01:07:31 Image size of job updated: 1718
	1718  -  MemoryUsage of job (MB)
	1759624  -  ResidentSetSize of job (KB)
...
006 (73340957.000.000) 2021-09-17 01:08:32 Image size of job updated: 1720
	1720  -  MemoryUsage of job (MB)
	1762048  -  ResidentSetSize of job (KB)
...
006 (73340957.000.000) 2021-09-17 01:09:33 Image size of job updated: 1723
	1723  -  MemoryUsage of job (MB)
	1764448  -  ResidentSetSize of job (KB)
...
006 (73340957.000.000) 2021-09-17 01:10:34 Image size of job updated: 1725
	1725  -  MemoryUsage of job (MB)
	1767044  -  ResidentSetSize of job (KB)
...
006 (73340957.000.000) 2021-09-17 01:11:35 Image size of job updated: 1728
	1728  -  MemoryUsage of job (MB)
	1769528  -  ResidentSetSize of job (KB)
...
006 (73340957.000.000) 2021-09-17 01:12:35 Image size of job updated: 1730
	1730  -  MemoryUsage of job (MB)
	1771608  -  ResidentSetSize of job (KB)
...
006 (73340957.000.000) 2021-09-17 01:13:35 Image size of job updated: 1732
	1732  -  MemoryUsage of job (MB)
	1773736  -  ResidentSetSize of job (KB)
...
006 (73340957.000.000) 2021-09-17 01:14:35 Image size of job updated: 1745
	1745  -  MemoryUsage of job (MB)
	1787900  -  ResidentSetSize of job (KB)
...
006 (73340957.000.000) 2021-09-17 01:15:36 Image size of job updated: 1747
	1747  -  MemoryUsage of job (MB)
	1789852  -  ResidentSetSize of job (KB)
...
006 (73340957.000.000) 2021-09-17 01:16:37 Image size of job updated: 1748
	1748  -  MemoryUsage of job (MB)
	1790892  -  ResidentSetSize of job (KB)
...
006 (73340957.000.000) 2021-09-17 01:17:38 Image size of job updated: 1752
	1752  -  MemoryUsage of job (MB)
	1794968  -  ResidentSetSize of job (KB)
...
006 (73340957.000.000) 2021-09-17 01:18:38 Image size of job updated: 1755
	1755  -  MemoryUsage of job (MB)
	1797588  -  ResidentSetSize of job (KB)
...
040 (73340957.000.000) 2021-09-17 01:18:40 Started transferring output files
...
040 (73340957.000.000) 2021-09-17 01:18:40 Finished transferring output files
...
005 (73340957.000.000) 2021-09-17 01:18:40 Job terminated.
	(1) Normal termination (return value 0)
		Usr 0 00:55:01, Sys 0 00:09:28  -  Run Remote Usage
		Usr 0 00:00:00, Sys 0 00:00:00  -  Run Local Usage
		Usr 0 00:55:01, Sys 0 00:09:28  -  Total Remote Usage
		Usr 0 00:00:00, Sys 0 00:00:00  -  Total Local Usage
	1233956  -  Run Bytes Sent By Job
	8471534  -  Run Bytes Received By Job
	1233956  -  Total Bytes Sent By Job
	8471534  -  Total Bytes Received By Job
	Partitionable Resources :    Usage  Request Allocated 
	   Cpus                 :     0.00        1         1 
	   Disk (KB)            : 26126       10000    318893 
	   Memory (MB)          :  1755        2048      2048 

	Job terminated of its own accord at 2021-09-17T06:18:40Z.
...
000 (34672673.000.000) 2021-09-24 22:34:35 Job submitted from host: <131.225.188.57:9618?addrs=131.225.188.57-9618&alias=lpcschedd2.fnal.gov&noUDP&sock=schedd_2251_93c6>
...
040 (34672673.000.000) 2021-09-24 23:35:50 Started transferring input files
	Transferring to host: <131.225.206.183:9618?addrs=131.225.206.183-9618&alias=cmswn1808.fnal.gov&noUDP&sock=slot1_6_1257_6b8c_4883>
...
040 (34672673.000.000) 2021-09-24 23:35:51 Finished transferring input files
...
001 (34672673.000.000) 2021-09-24 23:35:52 Job executing on host: <131.225.206.183:9618?addrs=131.225.206.183-9618&alias=cmswn1808.fnal.gov&noUDP&sock=startd_1174_d846>
...
006 (34672673.000.000) 2021-09-24 23:36:00 Image size of job updated: 43
	43  -  MemoryUsage of job (MB)
	44340  -  ResidentSetSize of job (KB)
...
006 (34672673.000.000) 2021-09-24 23:37:00 Image size of job updated: 533
	533  -  MemoryUsage of job (MB)
	546288  -  ResidentSetSize of job (KB)
...
006 (34672673.000.000) 2021-09-24 23:40:01 Image size of job updated: 541
	541  -  MemoryUsage of job (MB)
	554536  -  ResidentSetSize of job (KB)
...
006 (34672673.000.000) 2021-09-24 23:41:02 Image size of job updated: 593
	593  -  MemoryUsage of job (MB)
	607476  -  ResidentSetSize of job (KB)
...
006 (34672673.000.000) 2021-09-24 23:42:02 Image size of job updated: 640
	640  -  MemoryUsage of job (MB)
	655888  -  ResidentSetSize of job (KB)
...
006 (34672673.000.000) 2021-09-24 23:43:02 Image size of job updated: 681
	681  -  MemoryUsage of job (MB)
	698160  -  ResidentSetSize of job (KB)
...
006 (34672673.000.000) 2021-09-24 23:44:03 Image size of job updated: 719
	719  -  MemoryUsage of job (MB)
	736832  -  ResidentSetSize of job (KB)
...
006 (34672673.000.000) 2021-09-24 23:45:03 Image size of job updated: 754
	754  -  MemoryUsage of job (MB)
	772992  -  ResidentSetSize of job (KB)
...
006 (34672673.000.000) 2021-09-24 23:46:03 Image size of job updated: 788
	788  -  MemoryUsage of job (MB)
	807300  -  ResidentSetSize of job (KB)
...
006 (34672673.000.000) 2021-09-24 23:47:04 Image size of job updated: 820
	820  -  MemoryUsage of job (MB)
	840532  -  ResidentSetSize of job (KB)
...
006 (34672673.000.000) 2021-09-24 23:48:05 Image size of job updated: 853
	853  -  MemoryUsage of job (MB)
	873540  -  ResidentSetSize of job (KB)
...
006 (34672673.000.000) 2021-09-24 23:49:05 Image size of job updated: 882
	882  -  MemoryUsage of job (MB)
	903316  -  ResidentSetSize of job (KB)
...
006 (34672673.000.000) 2021-09-24 23:50:06 Image size of job updated: 923
	923  -  MemoryUsage of job (MB)
	945976  -  ResidentSetSize of job (KB)
...
006 (34672673.000.000) 2021-09-24 23:51:07 Image size of job updated: 950
	950  -  MemoryUsage of job (MB)
	973316  -  ResidentSetSize of job (KB)
...
006 (34672673.000.000) 2021-09-24 23:52:07 Image size of job updated: 975
	975  -  MemoryUsage of job (MB)
	998716  -  ResidentSetSize of job (KB)
...
006 (34672673.000.000) 2021-09-24 23:53:07 Image size of job updated: 1001
	1001  -  MemoryUsage of job (MB)
	1025456  -  ResidentSetSize of job (KB)
...
006 (34672673.000.000) 2021-09-24 23:54:08 Image size of job updated: 1029
	1029  -  MemoryUsage of job (MB)
	1054660  -  ResidentSetSize of job (KB)
...
006 (34672673.000.000) 2021-09-24 23:55:08 Image size of job updated: 1062
	1062  -  MemoryUsage of job (MB)
	1087828  -  ResidentSetSize of job (KB)
...
006 (34672673.000.000) 2021-09-24 23:56:08 Image size of job updated: 1088
	1088  -  MemoryUsage of job (MB)
	1114648  -  ResidentSetSize of job (KB)
...
006 (34672673.000.000) 2021-09-24 23:57:09 Image size of job updated: 1111
	1111  -  MemoryUsage of job (MB)
	1138264  -  ResidentSetSize of job (KB)
...
006 (34672673.000.000) 2021-09-24 23:58:10 Image size of job updated: 1134
	1134  -  MemoryUsage of job (MB)
	1161552  -  ResidentSetSize of job (KB)
...
006 (34672673.000.000) 2021-09-24 23:59:10 Image size of job updated: 1156
	1156  -  MemoryUsage of job (MB)
	1184628  -  ResidentSetSize of job (KB)
...
006 (34672673.000.000) 2021-09-25 00:00:11 Image size of job updated: 1178
	1178  -  MemoryUsage of job (MB)
	1206708  -  ResidentSetSize of job (KB)
...
006 (34672673.000.000) 2021-09-25 00:01:12 Image size of job updated: 1198
	1198  -  MemoryUsage of job (MB)
	1227752  -  ResidentSetSize of job (KB)
...
006 (34672673.000.000) 2021-09-25 00:02:12 Image size of job updated: 1219
	1219  -  MemoryUsage of job (MB)
	1248596  -  ResidentSetSize of job (KB)
...
006 (34672673.000.000) 2021-09-25 00:03:13 Image size of job updated: 1239
	1239  -  MemoryUsage of job (MB)
	1268852  -  ResidentSetSize of job (KB)
...
006 (34672673.000.000) 2021-09-25 00:04:14 Image size of job updated: 1257
	1257  -  MemoryUsage of job (MB)
	1287708  -  ResidentSetSize of job (KB)
...
006 (34672673.000.000) 2021-09-25 00:05:14 Image size of job updated: 1276
	1276  -  MemoryUsage of job (MB)
	1307056  -  ResidentSetSize of job (KB)
...
006 (34672673.000.000) 2021-09-25 00:06:15 Image size of job updated: 1295
	1295  -  MemoryUsage of job (MB)
	1326308  -  ResidentSetSize of job (KB)
...
006 (34672673.000.000) 2021-09-25 00:07:16 Image size of job updated: 1313
	1313  -  MemoryUsage of job (MB)
	1345184  -  ResidentSetSize of job (KB)
...
006 (34672673.000.000) 2021-09-25 00:08:17 Image size of job updated: 1331
	1331  -  MemoryUsage of job (MB)
	1363904  -  ResidentSetSize of job (KB)
...
006 (34672673.000.000) 2021-09-25 00:09:17 Image size of job updated: 1350
	1350  -  MemoryUsage of job (MB)
	1382940  -  ResidentSetSize of job (KB)
...
006 (34672673.000.000) 2021-09-25 00:10:18 Image size of job updated: 1367
	1367  -  MemoryUsage of job (MB)
	1400608  -  ResidentSetSize of job (KB)
...
006 (34672673.000.000) 2021-09-25 00:11:19 Image size of job updated: 1384
	1384  -  MemoryUsage of job (MB)
	1418208  -  ResidentSetSize of job (KB)
...
006 (34672673.000.000) 2021-09-25 00:12:19 Image size of job updated: 1402
	1402  -  MemoryUsage of job (MB)
	1435708  -  ResidentSetSize of job (KB)
...
006 (34672673.000.000) 2021-09-25 00:13:20 Image size of job updated: 1419
	1419  -  MemoryUsage of job (MB)
	1453224  -  ResidentSetSize of job (KB)
...
006 (34672673.000.000) 2021-09-25 00:14:21 Image size of job updated: 1435
	1435  -  MemoryUsage of job (MB)
	1470436  -  ResidentSetSize of job (KB)
...
006 (34672673.000.000) 2021-09-25 00:15:21 Image size of job updated: 1452
	1452  -  MemoryUsage of job (MB)
	1487472  -  ResidentSetSize of job (KB)
...
006 (34672673.000.000) 2021-09-25 00:16:22 Image size of job updated: 1469
	1469  -  MemoryUsage of job (MB)
	1504316  -  ResidentSetSize of job (KB)
...
006 (34672673.000.000) 2021-09-25 00:17:22 Image size of job updated: 1485
	1485  -  MemoryUsage of job (MB)
	1520800  -  ResidentSetSize of job (KB)
...
006 (34672673.000.000) 2021-09-25 00:18:22 Image size of job updated: 1501
	1501  -  MemoryUsage of job (MB)
	1537160  -  ResidentSetSize of job (KB)
...
006 (34672673.000.000) 2021-09-25 00:19:23 Image size of job updated: 1516
	1516  -  MemoryUsage of job (MB)
	1553284  -  ResidentSetSize of job (KB)
...
006 (34672673.000.000) 2021-09-25 00:20:23 Image size of job updated: 1532
	1532  -  MemoryUsage of job (MB)
	1569176  -  ResidentSetSize of job (KB)
...
006 (34672673.000.000) 2021-09-25 00:21:24 Image size of job updated: 1625
	1625  -  MemoryUsage of job (MB)
	1664848  -  ResidentSetSize of job (KB)
...
006 (34672673.000.000) 2021-09-25 00:22:24 Image size of job updated: 1662
	1662  -  MemoryUsage of job (MB)
	1702096  -  ResidentSetSize of job (KB)
...
006 (34672673.000.000) 2021-09-25 00:23:24 Image size of job updated: 1670
	1670  -  MemoryUsage of job (MB)
	1711072  -  ResidentSetSize of job (KB)
...
006 (34672673.000.000) 2021-09-25 00:24:25 Image size of job updated: 1673
	1673  -  MemoryUsage of job (MB)
	1713724  -  ResidentSetSize of job (KB)
...
006 (34672673.000.000) 2021-09-25 00:25:25 Image size of job updated: 1675
	1675  -  MemoryUsage of job (MB)
	1715640  -  ResidentSetSize of job (KB)
...
006 (34672673.000.000) 2021-09-25 00:26:26 Image size of job updated: 1677
	1677  -  MemoryUsage of job (MB)
	1717264  -  ResidentSetSize of job (KB)
...
006 (34672673.000.000) 2021-09-25 00:27:27 Image size of job updated: 1685
	1685  -  MemoryUsage of job (MB)
	1725620  -  ResidentSetSize of job (KB)
...
006 (34672673.000.000) 2021-09-25 00:28:27 Image size of job updated: 1694
	1694  -  MemoryUsage of job (MB)
	1734860  -  ResidentSetSize of job (KB)
...
006 (34672673.000.000) 2021-09-25 00:29:28 Image size of job updated: 1698
	1698  -  MemoryUsage of job (MB)
	1739140  -  ResidentSetSize of job (KB)
...
006 (34672673.000.000) 2021-09-25 00:30:28 Image size of job updated: 1701
	1701  -  MemoryUsage of job (MB)
	1742692  -  ResidentSetSize of job (KB)
...
006 (34672673.000.000) 2021-09-25 00:31:28 Image size of job updated: 1705
	1705  -  MemoryUsage of job (MB)
	1746724  -  ResidentSetSize of job (KB)
...
006 (34672673.000.000) 2021-09-25 00:32:29 Image size of job updated: 1709
	1709  -  MemoryUsage of job (MB)
	1750128  -  ResidentSetSize of job (KB)
...
006 (34672673.000.000) 2021-09-25 00:33:30 Image size of job updated: 1711
	1711  -  MemoryUsage of job (MB)
	1752880  -  ResidentSetSize of job (KB)
...
006 (34672673.000.000) 2021-09-25 00:34:30 Image size of job updated: 1713
	1713  -  MemoryUsage of job (MB)
	1754556  -  ResidentSetSize of job (KB)
...
006 (34672673.000.000) 2021-09-25 00:35:31 Image size of job updated: 1715
	1715  -  MemoryUsage of job (MB)
	1757080  -  ResidentSetSize of job (KB)
...
006 (34672673.000.000) 2021-09-25 00:36:32 Image size of job updated: 1718
	1718  -  MemoryUsage of job (MB)
	1759812  -  ResidentSetSize of job (KB)
...
006 (34672673.000.000) 2021-09-25 00:37:32 Image size of job updated: 1721
	1721  -  MemoryUsage of job (MB)
	1762428  -  ResidentSetSize of job (KB)
...
006 (34672673.000.000) 2021-09-25 00:38:33 Image size of job updated: 1722
	1722  -  MemoryUsage of job (MB)
	1764188  -  ResidentSetSize of job (KB)
...
006 (34672673.000.000) 2021-09-25 00:39:34 Image size of job updated: 1724
	1724  -  MemoryUsage of job (MB)
	1766228  -  ResidentSetSize of job (KB)
...
006 (34672673.000.000) 2021-09-25 00:40:35 Image size of job updated: 1726
	1726  -  MemoryUsage of job (MB)
	1768412  -  ResidentSetSize of job (KB)
...
006 (34672673.000.000) 2021-09-25 00:41:35 Image size of job updated: 1728
	1728  -  MemoryUsage of job (MB)
	1770316  -  ResidentSetSize of job (KB)
...
006 (34672673.000.000) 2021-09-25 00:42:36 Image size of job updated: 1731
	1731  -  MemoryUsage of job (MB)
	1772664  -  ResidentSetSize of job (KB)
...
006 (34672673.000.000) 2021-09-25 00:43:36 Image size of job updated: 1733
	1733  -  MemoryUsage of job (MB)
	1774900  -  ResidentSetSize of job (KB)
...
006 (34672673.000.000) 2021-09-25 00:44:36 Image size of job updated: 1735
	1735  -  MemoryUsage of job (MB)
	1776784  -  ResidentSetSize of job (KB)
...
006 (34672673.000.000) 2021-09-25 00:45:37 Image size of job updated: 1738
	1738  -  MemoryUsage of job (MB)
	1779852  -  ResidentSetSize of job (KB)
...
006 (34672673.000.000) 2021-09-25 00:46:37 Image size of job updated: 1747
	1747  -  MemoryUsage of job (MB)
	1789048  -  ResidentSetSize of job (KB)
...
006 (34672673.000.000) 2021-09-25 00:47:37 Image size of job updated: 1748
	1748  -  MemoryUsage of job (MB)
	1790412  -  ResidentSetSize of job (KB)
...
006 (34672673.000.000) 2021-09-25 00:48:38 Image size of job updated: 1749
	1749  -  MemoryUsage of job (MB)
	1791512  -  ResidentSetSize of job (KB)
...
006 (34672673.000.000) 2021-09-25 00:49:38 Image size of job updated: 1750
	1750  -  MemoryUsage of job (MB)
	1792316  -  ResidentSetSize of job (KB)
...
006 (34672673.000.000) 2021-09-25 00:50:39 Image size of job updated: 1753
	1753  -  MemoryUsage of job (MB)
	1796040  -  ResidentSetSize of job (KB)
...
006 (34672673.000.000) 2021-09-25 00:51:35 Image size of job updated: 1754
	1754  -  MemoryUsage of job (MB)
	1796924  -  ResidentSetSize of job (KB)
...
040 (34672673.000.000) 2021-09-25 00:51:35 Started transferring output files
...
040 (34672673.000.000) 2021-09-25 00:51:35 Finished transferring output files
...
005 (34672673.000.000) 2021-09-25 00:51:37 Job terminated.
	(1) Normal termination (return value 0)
		Usr 0 00:53:07, Sys 0 00:16:35  -  Run Remote Usage
		Usr 0 00:00:00, Sys 0 00:00:00  -  Run Local Usage
		Usr 0 00:53:07, Sys 0 00:16:35  -  Total Remote Usage
		Usr 0 00:00:00, Sys 0 00:00:00  -  Total Local Usage
	1233951  -  Run Bytes Sent By Job
	8471570  -  Run Bytes Received By Job
	1233951  -  Total Bytes Sent By Job
	8471570  -  Total Bytes Received By Job
	Partitionable Resources :    Usage  Request Allocated 
	   Cpus                 :     0.00        1         1 
	   Disk (KB)            : 25561       10000    309857 
	   Memory (MB)          :  1754        2048      2048 

	Job terminated of its own accord at 2021-09-25T05:51:35Z.
...
