000 (14630114.000.000) 2021-09-16 05:48:35 Job submitted from host: <131.225.188.55:9618?addrs=131.225.188.55-9618&alias=lpcschedd1.fnal.gov&noUDP&sock=schedd_2070_6d22>
...
040 (14630114.000.000) 2021-09-16 13:07:01 Started transferring input files
	Transferring to host: <131.225.188.22:9618?addrs=131.225.188.22-9618&alias=cmswn2024.fnal.gov&noUDP&sock=slot1_52_1990_e28a_394>
...
040 (14630114.000.000) 2021-09-16 13:07:01 Finished transferring input files
...
001 (14630114.000.000) 2021-09-16 13:07:02 Job executing on host: <131.225.188.22:9618?addrs=131.225.188.22-9618&alias=cmswn2024.fnal.gov&noUDP&sock=startd_1902_3138>
...
006 (14630114.000.000) 2021-09-16 13:08:11 Image size of job updated: 354
	354  -  MemoryUsage of job (MB)
	362748  -  ResidentSetSize of job (KB)
...
006 (14630114.000.000) 2021-09-16 13:09:11 Image size of job updated: 537
	537  -  MemoryUsage of job (MB)
	550112  -  ResidentSetSize of job (KB)
...
006 (14630114.000.000) 2021-09-16 13:13:14 Image size of job updated: 543
	543  -  MemoryUsage of job (MB)
	556612  -  ResidentSetSize of job (KB)
...
006 (14630114.000.000) 2021-09-16 13:14:15 Image size of job updated: 592
	592  -  MemoryUsage of job (MB)
	607120  -  ResidentSetSize of job (KB)
...
006 (14630114.000.000) 2021-09-16 13:15:16 Image size of job updated: 634
	634  -  MemoryUsage of job (MB)
	649584  -  ResidentSetSize of job (KB)
...
006 (14630114.000.000) 2021-09-16 13:16:16 Image size of job updated: 671
	671  -  MemoryUsage of job (MB)
	687512  -  ResidentSetSize of job (KB)
...
006 (14630114.000.000) 2021-09-16 13:17:16 Image size of job updated: 702
	702  -  MemoryUsage of job (MB)
	719808  -  ResidentSetSize of job (KB)
...
006 (14630114.000.000) 2021-09-16 13:18:16 Image size of job updated: 736
	736  -  MemoryUsage of job (MB)
	754048  -  ResidentSetSize of job (KB)
...
006 (14630114.000.000) 2021-09-16 13:19:17 Image size of job updated: 768
	768  -  MemoryUsage of job (MB)
	787340  -  ResidentSetSize of job (KB)
...
006 (14630114.000.000) 2021-09-16 13:20:19 Image size of job updated: 800
	800  -  MemoryUsage of job (MB)
	819224  -  ResidentSetSize of job (KB)
...
006 (14630114.000.000) 2021-09-16 13:21:20 Image size of job updated: 825
	825  -  MemoryUsage of job (MB)
	845088  -  ResidentSetSize of job (KB)
...
006 (14630114.000.000) 2021-09-16 13:22:20 Image size of job updated: 855
	855  -  MemoryUsage of job (MB)
	875584  -  ResidentSetSize of job (KB)
...
006 (14630114.000.000) 2021-09-16 13:23:21 Image size of job updated: 882
	882  -  MemoryUsage of job (MB)
	903456  -  ResidentSetSize of job (KB)
...
006 (14630114.000.000) 2021-09-16 13:24:21 Image size of job updated: 917
	917  -  MemoryUsage of job (MB)
	939040  -  ResidentSetSize of job (KB)
...
006 (14630114.000.000) 2021-09-16 13:25:21 Image size of job updated: 943
	943  -  MemoryUsage of job (MB)
	966268  -  ResidentSetSize of job (KB)
...
006 (14630114.000.000) 2021-09-16 13:26:22 Image size of job updated: 968
	968  -  MemoryUsage of job (MB)
	991772  -  ResidentSetSize of job (KB)
...
006 (14630114.000.000) 2021-09-16 13:27:23 Image size of job updated: 990
	990  -  MemoryUsage of job (MB)
	1014268  -  ResidentSetSize of job (KB)
...
006 (14630114.000.000) 2021-09-16 13:28:24 Image size of job updated: 1014
	1014  -  MemoryUsage of job (MB)
	1038600  -  ResidentSetSize of job (KB)
...
006 (14630114.000.000) 2021-09-16 13:29:25 Image size of job updated: 1042
	1042  -  MemoryUsage of job (MB)
	1067036  -  ResidentSetSize of job (KB)
...
006 (14630114.000.000) 2021-09-16 13:30:26 Image size of job updated: 1071
	1071  -  MemoryUsage of job (MB)
	1097180  -  ResidentSetSize of job (KB)
...
006 (14630114.000.000) 2021-09-16 13:31:26 Image size of job updated: 1093
	1093  -  MemoryUsage of job (MB)
	1119784  -  ResidentSetSize of job (KB)
...
006 (14630114.000.000) 2021-09-16 13:32:27 Image size of job updated: 1112
	1112  -  MemoryUsage of job (MB)
	1139684  -  ResidentSetSize of job (KB)
...
006 (14630114.000.000) 2021-09-16 13:33:27 Image size of job updated: 1134
	1134  -  MemoryUsage of job (MB)
	1161700  -  ResidentSetSize of job (KB)
...
006 (14630114.000.000) 2021-09-16 13:34:28 Image size of job updated: 1153
	1153  -  MemoryUsage of job (MB)
	1181536  -  ResidentSetSize of job (KB)
...
006 (14630114.000.000) 2021-09-16 13:35:29 Image size of job updated: 1174
	1174  -  MemoryUsage of job (MB)
	1202184  -  ResidentSetSize of job (KB)
...
006 (14630114.000.000) 2021-09-16 13:36:30 Image size of job updated: 1194
	1194  -  MemoryUsage of job (MB)
	1222700  -  ResidentSetSize of job (KB)
...
006 (14630114.000.000) 2021-09-16 13:37:31 Image size of job updated: 1211
	1211  -  MemoryUsage of job (MB)
	1240668  -  ResidentSetSize of job (KB)
...
006 (14630114.000.000) 2021-09-16 13:38:32 Image size of job updated: 1230
	1230  -  MemoryUsage of job (MB)
	1260152  -  ResidentSetSize of job (KB)
...
006 (14630114.000.000) 2021-09-16 13:39:32 Image size of job updated: 1248
	1248  -  MemoryUsage of job (MB)
	1278204  -  ResidentSetSize of job (KB)
...
006 (14630114.000.000) 2021-09-16 13:40:33 Image size of job updated: 1265
	1265  -  MemoryUsage of job (MB)
	1295716  -  ResidentSetSize of job (KB)
...
006 (14630114.000.000) 2021-09-16 13:41:35 Image size of job updated: 1284
	1284  -  MemoryUsage of job (MB)
	1315172  -  ResidentSetSize of job (KB)
...
006 (14630114.000.000) 2021-09-16 13:42:35 Image size of job updated: 1300
	1300  -  MemoryUsage of job (MB)
	1331656  -  ResidentSetSize of job (KB)
...
006 (14630114.000.000) 2021-09-16 13:43:35 Image size of job updated: 1316
	1316  -  MemoryUsage of job (MB)
	1348296  -  ResidentSetSize of job (KB)
...
006 (14630114.000.000) 2021-09-16 13:44:36 Image size of job updated: 1334
	1334  -  MemoryUsage of job (MB)
	1366612  -  ResidentSetSize of job (KB)
...
006 (14630114.000.000) 2021-09-16 13:45:37 Image size of job updated: 1350
	1350  -  MemoryUsage of job (MB)
	1383224  -  ResidentSetSize of job (KB)
...
006 (14630114.000.000) 2021-09-16 13:46:37 Image size of job updated: 1366
	1366  -  MemoryUsage of job (MB)
	1398836  -  ResidentSetSize of job (KB)
...
006 (14630114.000.000) 2021-09-16 13:47:37 Image size of job updated: 1383
	1383  -  MemoryUsage of job (MB)
	1416388  -  ResidentSetSize of job (KB)
...
006 (14630114.000.000) 2021-09-16 13:48:38 Image size of job updated: 1398
	1398  -  MemoryUsage of job (MB)
	1432124  -  ResidentSetSize of job (KB)
...
006 (14630114.000.000) 2021-09-16 13:49:40 Image size of job updated: 1414
	1414  -  MemoryUsage of job (MB)
	1448652  -  ResidentSetSize of job (KB)
...
006 (14630114.000.000) 2021-09-16 13:50:40 Image size of job updated: 1429
	1429  -  MemoryUsage of job (MB)
	1463544  -  ResidentSetSize of job (KB)
...
006 (14630114.000.000) 2021-09-16 13:51:41 Image size of job updated: 1445
	1445  -  MemoryUsage of job (MB)
	1480016  -  ResidentSetSize of job (KB)
...
006 (14630114.000.000) 2021-09-16 13:52:41 Image size of job updated: 1459
	1459  -  MemoryUsage of job (MB)
	1494352  -  ResidentSetSize of job (KB)
...
006 (14630114.000.000) 2021-09-16 13:53:42 Image size of job updated: 1475
	1475  -  MemoryUsage of job (MB)
	1510432  -  ResidentSetSize of job (KB)
...
006 (14630114.000.000) 2021-09-16 13:54:44 Image size of job updated: 1490
	1490  -  MemoryUsage of job (MB)
	1525788  -  ResidentSetSize of job (KB)
...
006 (14630114.000.000) 2021-09-16 13:55:45 Image size of job updated: 1503
	1503  -  MemoryUsage of job (MB)
	1539720  -  ResidentSetSize of job (KB)
...
006 (14630114.000.000) 2021-09-16 13:56:46 Image size of job updated: 1518
	1518  -  MemoryUsage of job (MB)
	1555248  -  ResidentSetSize of job (KB)
...
006 (14630114.000.000) 2021-09-16 13:57:46 Image size of job updated: 1532
	1532  -  MemoryUsage of job (MB)
	1568932  -  ResidentSetSize of job (KB)
...
006 (14630114.000.000) 2021-09-16 13:58:47 Image size of job updated: 1625
	1625  -  MemoryUsage of job (MB)
	1664920  -  ResidentSetSize of job (KB)
...
006 (14630114.000.000) 2021-09-16 13:59:48 Image size of job updated: 1626
	1626  -  MemoryUsage of job (MB)
	1665048  -  ResidentSetSize of job (KB)
...
006 (14630114.000.000) 2021-09-16 14:00:49 Image size of job updated: 1641
	1641  -  MemoryUsage of job (MB)
	1681376  -  ResidentSetSize of job (KB)
...
006 (14630114.000.000) 2021-09-16 14:01:49 Image size of job updated: 1648
	1648  -  MemoryUsage of job (MB)
	1688292  -  ResidentSetSize of job (KB)
...
006 (14630114.000.000) 2021-09-16 14:02:49 Image size of job updated: 1648
	1648  -  MemoryUsage of job (MB)
	1688508  -  ResidentSetSize of job (KB)
...
006 (14630114.000.000) 2021-09-16 14:03:51 Image size of job updated: 1653
	1653  -  MemoryUsage of job (MB)
	1693364  -  ResidentSetSize of job (KB)
...
006 (14630114.000.000) 2021-09-16 14:04:51 Image size of job updated: 1658
	1658  -  MemoryUsage of job (MB)
	1697876  -  ResidentSetSize of job (KB)
...
006 (14630114.000.000) 2021-09-16 14:05:53 Image size of job updated: 1662
	1662  -  MemoryUsage of job (MB)
	1702484  -  ResidentSetSize of job (KB)
...
006 (14630114.000.000) 2021-09-16 14:06:53 Image size of job updated: 1662
	1662  -  MemoryUsage of job (MB)
	1702568  -  ResidentSetSize of job (KB)
...
006 (14630114.000.000) 2021-09-16 14:07:54 Image size of job updated: 1666
	1666  -  MemoryUsage of job (MB)
	1706472  -  ResidentSetSize of job (KB)
...
006 (14630114.000.000) 2021-09-16 14:08:54 Image size of job updated: 1666
	1666  -  MemoryUsage of job (MB)
	1706552  -  ResidentSetSize of job (KB)
...
006 (14630114.000.000) 2021-09-16 14:09:55 Image size of job updated: 1668
	1668  -  MemoryUsage of job (MB)
	1708652  -  ResidentSetSize of job (KB)
...
006 (14630114.000.000) 2021-09-16 14:10:56 Image size of job updated: 1668
	1668  -  MemoryUsage of job (MB)
	1708696  -  ResidentSetSize of job (KB)
...
006 (14630114.000.000) 2021-09-16 14:11:56 Image size of job updated: 1670
	1670  -  MemoryUsage of job (MB)
	1710400  -  ResidentSetSize of job (KB)
...
006 (14630114.000.000) 2021-09-16 14:12:56 Image size of job updated: 1670
	1670  -  MemoryUsage of job (MB)
	1710408  -  ResidentSetSize of job (KB)
...
006 (14630114.000.000) 2021-09-16 14:13:56 Image size of job updated: 1670
	1670  -  MemoryUsage of job (MB)
	1710420  -  ResidentSetSize of job (KB)
...
006 (14630114.000.000) 2021-09-16 14:14:57 Image size of job updated: 1671
	1671  -  MemoryUsage of job (MB)
	1711928  -  ResidentSetSize of job (KB)
...
006 (14630114.000.000) 2021-09-16 14:15:57 Image size of job updated: 1671
	1671  -  MemoryUsage of job (MB)
	1711944  -  ResidentSetSize of job (KB)
...
006 (14630114.000.000) 2021-09-16 14:16:57 Image size of job updated: 1671
	1671  -  MemoryUsage of job (MB)
	1711952  -  ResidentSetSize of job (KB)
...
006 (14630114.000.000) 2021-09-16 14:17:57 Image size of job updated: 1673
	1673  -  MemoryUsage of job (MB)
	1713292  -  ResidentSetSize of job (KB)
...
006 (14630114.000.000) 2021-09-16 14:20:00 Image size of job updated: 1673
	1673  -  MemoryUsage of job (MB)
	1713300  -  ResidentSetSize of job (KB)
...
006 (14630114.000.000) 2021-09-16 14:21:00 Image size of job updated: 1677
	1677  -  MemoryUsage of job (MB)
	1717300  -  ResidentSetSize of job (KB)
...
006 (14630114.000.000) 2021-09-16 14:22:01 Image size of job updated: 1677
	1677  -  MemoryUsage of job (MB)
	1717340  -  ResidentSetSize of job (KB)
...
006 (14630114.000.000) 2021-09-16 14:23:02 Image size of job updated: 1677
	1677  -  MemoryUsage of job (MB)
	1718116  -  ResidentSetSize of job (KB)
...
006 (14630114.000.000) 2021-09-16 14:24:03 Image size of job updated: 1679
	1679  -  MemoryUsage of job (MB)
	1719808  -  ResidentSetSize of job (KB)
...
006 (14630114.000.000) 2021-09-16 14:25:04 Image size of job updated: 1679
	1679  -  MemoryUsage of job (MB)
	1719820  -  ResidentSetSize of job (KB)
...
006 (14630114.000.000) 2021-09-16 14:26:07 Image size of job updated: 1681
	1681  -  MemoryUsage of job (MB)
	1721912  -  ResidentSetSize of job (KB)
...
006 (14630114.000.000) 2021-09-16 14:27:07 Image size of job updated: 1681
	1681  -  MemoryUsage of job (MB)
	1721940  -  ResidentSetSize of job (KB)
...
006 (14630114.000.000) 2021-09-16 14:28:08 Image size of job updated: 1681
	1681  -  MemoryUsage of job (MB)
	1721964  -  ResidentSetSize of job (KB)
...
006 (14630114.000.000) 2021-09-16 14:29:08 Image size of job updated: 1682
	1682  -  MemoryUsage of job (MB)
	1723228  -  ResidentSetSize of job (KB)
...
006 (14630114.000.000) 2021-09-16 14:30:09 Image size of job updated: 1682
	1682  -  MemoryUsage of job (MB)
	1723236  -  ResidentSetSize of job (KB)
...
006 (14630114.000.000) 2021-09-16 14:31:10 Image size of job updated: 1682
	1682  -  MemoryUsage of job (MB)
	1723248  -  ResidentSetSize of job (KB)
...
006 (14630114.000.000) 2021-09-16 14:32:11 Image size of job updated: 1684
	1684  -  MemoryUsage of job (MB)
	1724896  -  ResidentSetSize of job (KB)
...
006 (14630114.000.000) 2021-09-16 14:33:12 Image size of job updated: 1684
	1684  -  MemoryUsage of job (MB)
	1724936  -  ResidentSetSize of job (KB)
...
006 (14630114.000.000) 2021-09-16 14:34:14 Image size of job updated: 1686
	1686  -  MemoryUsage of job (MB)
	1726508  -  ResidentSetSize of job (KB)
...
006 (14630114.000.000) 2021-09-16 14:35:14 Image size of job updated: 1686
	1686  -  MemoryUsage of job (MB)
	1726516  -  ResidentSetSize of job (KB)
...
006 (14630114.000.000) 2021-09-16 14:36:14 Image size of job updated: 1686
	1686  -  MemoryUsage of job (MB)
	1726524  -  ResidentSetSize of job (KB)
...
006 (14630114.000.000) 2021-09-16 14:37:15 Image size of job updated: 1687
	1687  -  MemoryUsage of job (MB)
	1728028  -  ResidentSetSize of job (KB)
...
006 (14630114.000.000) 2021-09-16 14:38:15 Image size of job updated: 1687
	1687  -  MemoryUsage of job (MB)
	1728048  -  ResidentSetSize of job (KB)
...
006 (14630114.000.000) 2021-09-16 14:39:16 Image size of job updated: 1688
	1688  -  MemoryUsage of job (MB)
	1728764  -  ResidentSetSize of job (KB)
...
006 (14630114.000.000) 2021-09-16 14:40:16 Image size of job updated: 1688
	1688  -  MemoryUsage of job (MB)
	1728784  -  ResidentSetSize of job (KB)
...
006 (14630114.000.000) 2021-09-16 14:41:17 Image size of job updated: 1688
	1688  -  MemoryUsage of job (MB)
	1728796  -  ResidentSetSize of job (KB)
...
006 (14630114.000.000) 2021-09-16 14:42:17 Image size of job updated: 1688
	1688  -  MemoryUsage of job (MB)
	1729160  -  ResidentSetSize of job (KB)
...
006 (14630114.000.000) 2021-09-16 14:44:18 Image size of job updated: 1689
	1689  -  MemoryUsage of job (MB)
	1730468  -  ResidentSetSize of job (KB)
...
006 (14630114.000.000) 2021-09-16 14:45:18 Image size of job updated: 1690
	1690  -  MemoryUsage of job (MB)
	1730812  -  ResidentSetSize of job (KB)
...
006 (14630114.000.000) 2021-09-16 14:46:18 Image size of job updated: 1690
	1690  -  MemoryUsage of job (MB)
	1730840  -  ResidentSetSize of job (KB)
...
006 (14630114.000.000) 2021-09-16 14:47:19 Image size of job updated: 1691
	1691  -  MemoryUsage of job (MB)
	1731936  -  ResidentSetSize of job (KB)
...
006 (14630114.000.000) 2021-09-16 14:48:19 Image size of job updated: 1691
	1691  -  MemoryUsage of job (MB)
	1732184  -  ResidentSetSize of job (KB)
...
006 (14630114.000.000) 2021-09-16 14:49:20 Image size of job updated: 1691
	1691  -  MemoryUsage of job (MB)
	1732192  -  ResidentSetSize of job (KB)
...
006 (14630114.000.000) 2021-09-16 14:50:22 Image size of job updated: 1692
	1692  -  MemoryUsage of job (MB)
	1733200  -  ResidentSetSize of job (KB)
...
006 (14630114.000.000) 2021-09-16 14:51:23 Image size of job updated: 1692
	1692  -  MemoryUsage of job (MB)
	1733284  -  ResidentSetSize of job (KB)
...
006 (14630114.000.000) 2021-09-16 14:52:23 Image size of job updated: 1692
	1692  -  MemoryUsage of job (MB)
	1733328  -  ResidentSetSize of job (KB)
...
006 (14630114.000.000) 2021-09-16 14:53:24 Image size of job updated: 1693
	1693  -  MemoryUsage of job (MB)
	1734292  -  ResidentSetSize of job (KB)
...
006 (14630114.000.000) 2021-09-16 14:54:24 Image size of job updated: 1693
	1693  -  MemoryUsage of job (MB)
	1734300  -  ResidentSetSize of job (KB)
...
006 (14630114.000.000) 2021-09-16 14:55:25 Image size of job updated: 1693
	1693  -  MemoryUsage of job (MB)
	1734304  -  ResidentSetSize of job (KB)
...
006 (14630114.000.000) 2021-09-16 14:56:26 Image size of job updated: 1694
	1694  -  MemoryUsage of job (MB)
	1735540  -  ResidentSetSize of job (KB)
...
006 (14630114.000.000) 2021-09-16 14:57:27 Image size of job updated: 1694
	1694  -  MemoryUsage of job (MB)
	1735628  -  ResidentSetSize of job (KB)
...
006 (14630114.000.000) 2021-09-16 14:58:27 Image size of job updated: 1694
	1694  -  MemoryUsage of job (MB)
	1735644  -  ResidentSetSize of job (KB)
...
006 (14630114.000.000) 2021-09-16 14:59:27 Image size of job updated: 1695
	1695  -  MemoryUsage of job (MB)
	1736116  -  ResidentSetSize of job (KB)
...
006 (14630114.000.000) 2021-09-16 15:00:28 Image size of job updated: 1695
	1695  -  MemoryUsage of job (MB)
	1736408  -  ResidentSetSize of job (KB)
...
006 (14630114.000.000) 2021-09-16 15:01:28 Image size of job updated: 1695
	1695  -  MemoryUsage of job (MB)
	1736424  -  ResidentSetSize of job (KB)
...
006 (14630114.000.000) 2021-09-16 15:02:28 Image size of job updated: 1697
	1697  -  MemoryUsage of job (MB)
	1737904  -  ResidentSetSize of job (KB)
...
006 (14630114.000.000) 2021-09-16 15:03:29 Image size of job updated: 1697
	1697  -  MemoryUsage of job (MB)
	1737924  -  ResidentSetSize of job (KB)
...
006 (14630114.000.000) 2021-09-16 15:04:30 Image size of job updated: 1697
	1697  -  MemoryUsage of job (MB)
	1737944  -  ResidentSetSize of job (KB)
...
006 (14630114.000.000) 2021-09-16 15:05:30 Image size of job updated: 1698
	1698  -  MemoryUsage of job (MB)
	1739164  -  ResidentSetSize of job (KB)
...
006 (14630114.000.000) 2021-09-16 15:06:31 Image size of job updated: 1698
	1698  -  MemoryUsage of job (MB)
	1739172  -  ResidentSetSize of job (KB)
...
006 (14630114.000.000) 2021-09-16 15:07:32 Image size of job updated: 1698
	1698  -  MemoryUsage of job (MB)
	1739184  -  ResidentSetSize of job (KB)
...
006 (14630114.000.000) 2021-09-16 15:08:33 Image size of job updated: 1699
	1699  -  MemoryUsage of job (MB)
	1739916  -  ResidentSetSize of job (KB)
...
006 (14630114.000.000) 2021-09-16 15:09:34 Image size of job updated: 1699
	1699  -  MemoryUsage of job (MB)
	1739928  -  ResidentSetSize of job (KB)
...
006 (14630114.000.000) 2021-09-16 15:11:36 Image size of job updated: 1699
	1699  -  MemoryUsage of job (MB)
	1740772  -  ResidentSetSize of job (KB)
...
006 (14630114.000.000) 2021-09-16 15:12:37 Image size of job updated: 1699
	1699  -  MemoryUsage of job (MB)
	1740776  -  ResidentSetSize of job (KB)
...
006 (14630114.000.000) 2021-09-16 15:13:37 Image size of job updated: 1699
	1699  -  MemoryUsage of job (MB)
	1740780  -  ResidentSetSize of job (KB)
...
006 (14630114.000.000) 2021-09-16 15:14:37 Image size of job updated: 1700
	1700  -  MemoryUsage of job (MB)
	1741388  -  ResidentSetSize of job (KB)
...
006 (14630114.000.000) 2021-09-16 15:17:38 Image size of job updated: 1701
	1701  -  MemoryUsage of job (MB)
	1742548  -  ResidentSetSize of job (KB)
...
006 (14630114.000.000) 2021-09-16 15:19:40 Image size of job updated: 1701
	1701  -  MemoryUsage of job (MB)
	1742552  -  ResidentSetSize of job (KB)
...
006 (14630114.000.000) 2021-09-16 15:20:41 Image size of job updated: 1702
	1702  -  MemoryUsage of job (MB)
	1743264  -  ResidentSetSize of job (KB)
...
006 (14630114.000.000) 2021-09-16 15:21:41 Image size of job updated: 1702
	1702  -  MemoryUsage of job (MB)
	1743268  -  ResidentSetSize of job (KB)
...
006 (14630114.000.000) 2021-09-16 15:22:42 Image size of job updated: 1702
	1702  -  MemoryUsage of job (MB)
	1743272  -  ResidentSetSize of job (KB)
...
006 (14630114.000.000) 2021-09-16 15:23:42 Image size of job updated: 1702
	1702  -  MemoryUsage of job (MB)
	1743832  -  ResidentSetSize of job (KB)
...
006 (14630114.000.000) 2021-09-16 15:26:43 Image size of job updated: 1703
	1703  -  MemoryUsage of job (MB)
	1744360  -  ResidentSetSize of job (KB)
...
006 (14630114.000.000) 2021-09-16 15:27:43 Image size of job updated: 1703
	1703  -  MemoryUsage of job (MB)
	1744364  -  ResidentSetSize of job (KB)
...
006 (14630114.000.000) 2021-09-16 15:28:43 Image size of job updated: 1703
	1703  -  MemoryUsage of job (MB)
	1744636  -  ResidentSetSize of job (KB)
...
006 (14630114.000.000) 2021-09-16 15:29:45 Image size of job updated: 1704
	1704  -  MemoryUsage of job (MB)
	1745304  -  ResidentSetSize of job (KB)
...
006 (14630114.000.000) 2021-09-16 15:30:45 Image size of job updated: 1704
	1704  -  MemoryUsage of job (MB)
	1745312  -  ResidentSetSize of job (KB)
...
006 (14630114.000.000) 2021-09-16 15:31:46 Image size of job updated: 1705
	1705  -  MemoryUsage of job (MB)
	1746212  -  ResidentSetSize of job (KB)
...
006 (14630114.000.000) 2021-09-16 15:32:47 Image size of job updated: 1705
	1705  -  MemoryUsage of job (MB)
	1746216  -  ResidentSetSize of job (KB)
...
006 (14630114.000.000) 2021-09-16 15:34:49 Image size of job updated: 1705
	1705  -  MemoryUsage of job (MB)
	1746936  -  ResidentSetSize of job (KB)
...
006 (14630114.000.000) 2021-09-16 15:35:49 Image size of job updated: 1705
	1705  -  MemoryUsage of job (MB)
	1746940  -  ResidentSetSize of job (KB)
...
006 (14630114.000.000) 2021-09-16 15:36:50 Image size of job updated: 1706
	1706  -  MemoryUsage of job (MB)
	1746948  -  ResidentSetSize of job (KB)
...
006 (14630114.000.000) 2021-09-16 15:37:52 Image size of job updated: 1706
	1706  -  MemoryUsage of job (MB)
	1747088  -  ResidentSetSize of job (KB)
...
006 (14630114.000.000) 2021-09-16 15:38:53 Image size of job updated: 1706
	1706  -  MemoryUsage of job (MB)
	1747092  -  ResidentSetSize of job (KB)
...
006 (14630114.000.000) 2021-09-16 15:40:55 Image size of job updated: 1706
	1706  -  MemoryUsage of job (MB)
	1747348  -  ResidentSetSize of job (KB)
...
006 (14630114.000.000) 2021-09-16 15:41:55 Image size of job updated: 1706
	1706  -  MemoryUsage of job (MB)
	1747360  -  ResidentSetSize of job (KB)
...
006 (14630114.000.000) 2021-09-16 15:42:55 Image size of job updated: 1706
	1706  -  MemoryUsage of job (MB)
	1747368  -  ResidentSetSize of job (KB)
...
006 (14630114.000.000) 2021-09-16 15:43:55 Image size of job updated: 1709
	1709  -  MemoryUsage of job (MB)
	1750932  -  ResidentSetSize of job (KB)
...
006 (14630114.000.000) 2021-09-16 15:44:56 Image size of job updated: 1709
	1709  -  MemoryUsage of job (MB)
	1750980  -  ResidentSetSize of job (KB)
...
006 (14630114.000.000) 2021-09-16 15:45:57 Image size of job updated: 1716
	1716  -  MemoryUsage of job (MB)
	1757692  -  ResidentSetSize of job (KB)
...
006 (14630114.000.000) 2021-09-16 15:46:58 Image size of job updated: 1716
	1716  -  MemoryUsage of job (MB)
	1757916  -  ResidentSetSize of job (KB)
...
006 (14630114.000.000) 2021-09-16 15:47:58 Image size of job updated: 1716
	1716  -  MemoryUsage of job (MB)
	1757928  -  ResidentSetSize of job (KB)
...
006 (14630114.000.000) 2021-09-16 15:48:59 Image size of job updated: 1719
	1719  -  MemoryUsage of job (MB)
	1760900  -  ResidentSetSize of job (KB)
...
006 (14630114.000.000) 2021-09-16 15:50:00 Image size of job updated: 1719
	1719  -  MemoryUsage of job (MB)
	1760948  -  ResidentSetSize of job (KB)
...
006 (14630114.000.000) 2021-09-16 15:51:01 Image size of job updated: 1719
	1719  -  MemoryUsage of job (MB)
	1761148  -  ResidentSetSize of job (KB)
...
006 (14630114.000.000) 2021-09-16 15:52:02 Image size of job updated: 1721
	1721  -  MemoryUsage of job (MB)
	1762460  -  ResidentSetSize of job (KB)
...
006 (14630114.000.000) 2021-09-16 15:53:03 Image size of job updated: 1721
	1721  -  MemoryUsage of job (MB)
	1762472  -  ResidentSetSize of job (KB)
...
006 (14630114.000.000) 2021-09-16 15:54:03 Image size of job updated: 1722
	1722  -  MemoryUsage of job (MB)
	1763508  -  ResidentSetSize of job (KB)
...
006 (14630114.000.000) 2021-09-16 15:55:03 Image size of job updated: 1722
	1722  -  MemoryUsage of job (MB)
	1763532  -  ResidentSetSize of job (KB)
...
006 (14630114.000.000) 2021-09-16 15:57:04 Image size of job updated: 1724
	1724  -  MemoryUsage of job (MB)
	1766332  -  ResidentSetSize of job (KB)
...
006 (14630114.000.000) 2021-09-16 15:58:05 Image size of job updated: 1724
	1724  -  MemoryUsage of job (MB)
	1766356  -  ResidentSetSize of job (KB)
...
006 (14630114.000.000) 2021-09-16 15:59:06 Image size of job updated: 1725
	1725  -  MemoryUsage of job (MB)
	1766408  -  ResidentSetSize of job (KB)
...
006 (14630114.000.000) 2021-09-16 16:00:08 Image size of job updated: 1727
	1727  -  MemoryUsage of job (MB)
	1768556  -  ResidentSetSize of job (KB)
...
006 (14630114.000.000) 2021-09-16 16:01:08 Image size of job updated: 1727
	1727  -  MemoryUsage of job (MB)
	1768584  -  ResidentSetSize of job (KB)
...
006 (14630114.000.000) 2021-09-16 16:02:08 Image size of job updated: 1727
	1727  -  MemoryUsage of job (MB)
	1768612  -  ResidentSetSize of job (KB)
...
006 (14630114.000.000) 2021-09-16 16:03:10 Image size of job updated: 1728
	1728  -  MemoryUsage of job (MB)
	1770292  -  ResidentSetSize of job (KB)
...
006 (14630114.000.000) 2021-09-16 16:04:11 Image size of job updated: 1728
	1728  -  MemoryUsage of job (MB)
	1770308  -  ResidentSetSize of job (KB)
...
006 (14630114.000.000) 2021-09-16 16:05:12 Image size of job updated: 1729
	1729  -  MemoryUsage of job (MB)
	1771068  -  ResidentSetSize of job (KB)
...
006 (14630114.000.000) 2021-09-16 16:08:14 Image size of job updated: 1730
	1730  -  MemoryUsage of job (MB)
	1771832  -  ResidentSetSize of job (KB)
...
006 (14630114.000.000) 2021-09-16 16:09:15 Image size of job updated: 1730
	1730  -  MemoryUsage of job (MB)
	1771844  -  ResidentSetSize of job (KB)
...
006 (14630114.000.000) 2021-09-16 16:10:16 Image size of job updated: 1730
	1730  -  MemoryUsage of job (MB)
	1771852  -  ResidentSetSize of job (KB)
...
006 (14630114.000.000) 2021-09-16 16:11:16 Image size of job updated: 1730
	1730  -  MemoryUsage of job (MB)
	1772528  -  ResidentSetSize of job (KB)
...
006 (14630114.000.000) 2021-09-16 16:12:16 Image size of job updated: 1730
	1730  -  MemoryUsage of job (MB)
	1772532  -  ResidentSetSize of job (KB)
...
006 (14630114.000.000) 2021-09-16 16:14:18 Image size of job updated: 1731
	1731  -  MemoryUsage of job (MB)
	1772944  -  ResidentSetSize of job (KB)
...
006 (14630114.000.000) 2021-09-16 16:17:20 Image size of job updated: 1731
	1731  -  MemoryUsage of job (MB)
	1773328  -  ResidentSetSize of job (KB)
...
006 (14630114.000.000) 2021-09-16 16:19:21 Image size of job updated: 1732
	1732  -  MemoryUsage of job (MB)
	1773620  -  ResidentSetSize of job (KB)
...
006 (14630114.000.000) 2021-09-16 16:20:22 Image size of job updated: 1732
	1732  -  MemoryUsage of job (MB)
	1773624  -  ResidentSetSize of job (KB)
...
006 (14630114.000.000) 2021-09-16 16:22:22 Image size of job updated: 1732
	1732  -  MemoryUsage of job (MB)
	1773900  -  ResidentSetSize of job (KB)
...
006 (14630114.000.000) 2021-09-16 16:25:23 Image size of job updated: 1732
	1732  -  MemoryUsage of job (MB)
	1774104  -  ResidentSetSize of job (KB)
...
006 (14630114.000.000) 2021-09-16 16:26:24 Image size of job updated: 1732
	1732  -  MemoryUsage of job (MB)
	1774116  -  ResidentSetSize of job (KB)
...
006 (14630114.000.000) 2021-09-16 16:28:25 Image size of job updated: 1734
	1734  -  MemoryUsage of job (MB)
	1775856  -  ResidentSetSize of job (KB)
...
006 (14630114.000.000) 2021-09-16 16:29:25 Image size of job updated: 1734
	1734  -  MemoryUsage of job (MB)
	1775888  -  ResidentSetSize of job (KB)
...
006 (14630114.000.000) 2021-09-16 16:30:25 Image size of job updated: 1734
	1734  -  MemoryUsage of job (MB)
	1776360  -  ResidentSetSize of job (KB)
...
006 (14630114.000.000) 2021-09-16 16:31:26 Image size of job updated: 1734
	1734  -  MemoryUsage of job (MB)
	1776368  -  ResidentSetSize of job (KB)
...
006 (14630114.000.000) 2021-09-16 16:32:26 Image size of job updated: 1734
	1734  -  MemoryUsage of job (MB)
	1776372  -  ResidentSetSize of job (KB)
...
006 (14630114.000.000) 2021-09-16 16:33:26 Image size of job updated: 1735
	1735  -  MemoryUsage of job (MB)
	1777548  -  ResidentSetSize of job (KB)
...
006 (14630114.000.000) 2021-09-16 16:34:26 Image size of job updated: 1735
	1735  -  MemoryUsage of job (MB)
	1777620  -  ResidentSetSize of job (KB)
...
006 (14630114.000.000) 2021-09-16 16:36:27 Image size of job updated: 1736
	1736  -  MemoryUsage of job (MB)
	1778140  -  ResidentSetSize of job (KB)
...
006 (14630114.000.000) 2021-09-16 16:38:28 Image size of job updated: 1736
	1736  -  MemoryUsage of job (MB)
	1778296  -  ResidentSetSize of job (KB)
...
006 (14630114.000.000) 2021-09-16 16:41:29 Image size of job updated: 1736
	1736  -  MemoryUsage of job (MB)
	1778524  -  ResidentSetSize of job (KB)
...
006 (14630114.000.000) 2021-09-16 16:43:30 Image size of job updated: 1737
	1737  -  MemoryUsage of job (MB)
	1778688  -  ResidentSetSize of job (KB)
...
006 (14630114.000.000) 2021-09-16 16:44:31 Image size of job updated: 1737
	1737  -  MemoryUsage of job (MB)
	1778788  -  ResidentSetSize of job (KB)
...
006 (14630114.000.000) 2021-09-16 16:46:32 Image size of job updated: 1737
	1737  -  MemoryUsage of job (MB)
	1779100  -  ResidentSetSize of job (KB)
...
006 (14630114.000.000) 2021-09-16 16:47:32 Image size of job updated: 1737
	1737  -  MemoryUsage of job (MB)
	1779108  -  ResidentSetSize of job (KB)
...
006 (14630114.000.000) 2021-09-16 16:48:33 Image size of job updated: 1737
	1737  -  MemoryUsage of job (MB)
	1779472  -  ResidentSetSize of job (KB)
...
006 (14630114.000.000) 2021-09-16 16:51:35 Image size of job updated: 1738
	1738  -  MemoryUsage of job (MB)
	1780600  -  ResidentSetSize of job (KB)
...
006 (14630114.000.000) 2021-09-16 16:53:36 Image size of job updated: 1739
	1739  -  MemoryUsage of job (MB)
	1781324  -  ResidentSetSize of job (KB)
...
006 (14630114.000.000) 2021-09-16 16:54:37 Image size of job updated: 1739
	1739  -  MemoryUsage of job (MB)
	1781668  -  ResidentSetSize of job (KB)
...
006 (14630114.000.000) 2021-09-16 16:55:37 Image size of job updated: 1739
	1739  -  MemoryUsage of job (MB)
	1781672  -  ResidentSetSize of job (KB)
...
006 (14630114.000.000) 2021-09-16 16:56:37 Image size of job updated: 1740
	1740  -  MemoryUsage of job (MB)
	1782756  -  ResidentSetSize of job (KB)
...
006 (14630114.000.000) 2021-09-16 16:59:39 Image size of job updated: 1741
	1741  -  MemoryUsage of job (MB)
	1783152  -  ResidentSetSize of job (KB)
...
006 (14630114.000.000) 2021-09-16 17:00:39 Image size of job updated: 1741
	1741  -  MemoryUsage of job (MB)
	1783156  -  ResidentSetSize of job (KB)
...
006 (14630114.000.000) 2021-09-16 17:01:40 Image size of job updated: 1742
	1742  -  MemoryUsage of job (MB)
	1783808  -  ResidentSetSize of job (KB)
...
006 (14630114.000.000) 2021-09-16 17:03:41 Image size of job updated: 1742
	1742  -  MemoryUsage of job (MB)
	1783812  -  ResidentSetSize of job (KB)
...
006 (14630114.000.000) 2021-09-16 17:04:41 Image size of job updated: 1742
	1742  -  MemoryUsage of job (MB)
	1784416  -  ResidentSetSize of job (KB)
...
006 (14630114.000.000) 2021-09-16 17:05:42 Image size of job updated: 1742
	1742  -  MemoryUsage of job (MB)
	1784468  -  ResidentSetSize of job (KB)
...
006 (14630114.000.000) 2021-09-16 17:07:43 Image size of job updated: 1743
	1743  -  MemoryUsage of job (MB)
	1785032  -  ResidentSetSize of job (KB)
...
006 (14630114.000.000) 2021-09-16 17:08:43 Image size of job updated: 1743
	1743  -  MemoryUsage of job (MB)
	1785036  -  ResidentSetSize of job (KB)
...
006 (14630114.000.000) 2021-09-16 17:10:45 Image size of job updated: 1744
	1744  -  MemoryUsage of job (MB)
	1785952  -  ResidentSetSize of job (KB)
...
006 (14630114.000.000) 2021-09-16 17:12:47 Image size of job updated: 1744
	1744  -  MemoryUsage of job (MB)
	1785956  -  ResidentSetSize of job (KB)
...
006 (14630114.000.000) 2021-09-16 17:13:48 Image size of job updated: 1744
	1744  -  MemoryUsage of job (MB)
	1786376  -  ResidentSetSize of job (KB)
...
006 (14630114.000.000) 2021-09-16 17:15:49 Image size of job updated: 1745
	1745  -  MemoryUsage of job (MB)
	1786896  -  ResidentSetSize of job (KB)
...
006 (14630114.000.000) 2021-09-16 17:18:52 Image size of job updated: 1745
	1745  -  MemoryUsage of job (MB)
	1787328  -  ResidentSetSize of job (KB)
...
006 (14630114.000.000) 2021-09-16 17:21:54 Image size of job updated: 1746
	1746  -  MemoryUsage of job (MB)
	1788008  -  ResidentSetSize of job (KB)
...
006 (14630114.000.000) 2021-09-16 17:22:54 Image size of job updated: 1746
	1746  -  MemoryUsage of job (MB)
	1788024  -  ResidentSetSize of job (KB)
...
006 (14630114.000.000) 2021-09-16 17:23:55 Image size of job updated: 1746
	1746  -  MemoryUsage of job (MB)
	1788528  -  ResidentSetSize of job (KB)
...
006 (14630114.000.000) 2021-09-16 17:24:56 Image size of job updated: 1746
	1746  -  MemoryUsage of job (MB)
	1788636  -  ResidentSetSize of job (KB)
...
006 (14630114.000.000) 2021-09-16 17:26:57 Image size of job updated: 1747
	1747  -  MemoryUsage of job (MB)
	1788988  -  ResidentSetSize of job (KB)
...
006 (14630114.000.000) 2021-09-16 17:27:58 Image size of job updated: 1747
	1747  -  MemoryUsage of job (MB)
	1788996  -  ResidentSetSize of job (KB)
...
006 (14630114.000.000) 2021-09-16 17:29:59 Image size of job updated: 1747
	1747  -  MemoryUsage of job (MB)
	1789476  -  ResidentSetSize of job (KB)
...
006 (14630114.000.000) 2021-09-16 17:30:59 Image size of job updated: 1747
	1747  -  MemoryUsage of job (MB)
	1789480  -  ResidentSetSize of job (KB)
...
006 (14630114.000.000) 2021-09-16 17:32:00 Image size of job updated: 1747
	1747  -  MemoryUsage of job (MB)
	1789916  -  ResidentSetSize of job (KB)
...
006 (14630114.000.000) 2021-09-16 17:33:01 Image size of job updated: 1747
	1747  -  MemoryUsage of job (MB)
	1789920  -  ResidentSetSize of job (KB)
...
006 (14630114.000.000) 2021-09-16 17:35:02 Image size of job updated: 1748
	1748  -  MemoryUsage of job (MB)
	1790512  -  ResidentSetSize of job (KB)
...
006 (14630114.000.000) 2021-09-16 17:36:04 Image size of job updated: 1748
	1748  -  MemoryUsage of job (MB)
	1790516  -  ResidentSetSize of job (KB)
...
006 (14630114.000.000) 2021-09-16 17:37:04 Image size of job updated: 1748
	1748  -  MemoryUsage of job (MB)
	1790520  -  ResidentSetSize of job (KB)
...
006 (14630114.000.000) 2021-09-16 17:38:04 Image size of job updated: 1749
	1749  -  MemoryUsage of job (MB)
	1791192  -  ResidentSetSize of job (KB)
...
006 (14630114.000.000) 2021-09-16 17:40:07 Image size of job updated: 1749
	1749  -  MemoryUsage of job (MB)
	1791200  -  ResidentSetSize of job (KB)
...
006 (14630114.000.000) 2021-09-16 17:41:07 Image size of job updated: 1749
	1749  -  MemoryUsage of job (MB)
	1791436  -  ResidentSetSize of job (KB)
...
006 (14630114.000.000) 2021-09-16 17:42:08 Image size of job updated: 1749
	1749  -  MemoryUsage of job (MB)
	1791440  -  ResidentSetSize of job (KB)
...
006 (14630114.000.000) 2021-09-16 17:43:08 Image size of job updated: 1749
	1749  -  MemoryUsage of job (MB)
	1791456  -  ResidentSetSize of job (KB)
...
006 (14630114.000.000) 2021-09-16 17:44:10 Image size of job updated: 1750
	1750  -  MemoryUsage of job (MB)
	1792040  -  ResidentSetSize of job (KB)
...
006 (14630114.000.000) 2021-09-16 17:47:12 Image size of job updated: 1750
	1750  -  MemoryUsage of job (MB)
	1792620  -  ResidentSetSize of job (KB)
...
006 (14630114.000.000) 2021-09-16 17:49:13 Image size of job updated: 1750
	1750  -  MemoryUsage of job (MB)
	1792624  -  ResidentSetSize of job (KB)
...
006 (14630114.000.000) 2021-09-16 17:50:13 Image size of job updated: 1750
	1750  -  MemoryUsage of job (MB)
	1792828  -  ResidentSetSize of job (KB)
...
006 (14630114.000.000) 2021-09-16 17:52:14 Image size of job updated: 1750
	1750  -  MemoryUsage of job (MB)
	1792836  -  ResidentSetSize of job (KB)
...
006 (14630114.000.000) 2021-09-16 17:53:14 Image size of job updated: 1750
	1750  -  MemoryUsage of job (MB)
	1792964  -  ResidentSetSize of job (KB)
...
006 (14630114.000.000) 2021-09-16 17:55:16 Image size of job updated: 1751
	1751  -  MemoryUsage of job (MB)
	1793084  -  ResidentSetSize of job (KB)
...
006 (14630114.000.000) 2021-09-16 17:56:17 Image size of job updated: 1751
	1751  -  MemoryUsage of job (MB)
	1793132  -  ResidentSetSize of job (KB)
...
006 (14630114.000.000) 2021-09-16 17:58:18 Image size of job updated: 1751
	1751  -  MemoryUsage of job (MB)
	1793352  -  ResidentSetSize of job (KB)
...
006 (14630114.000.000) 2021-09-16 17:59:20 Image size of job updated: 1751
	1751  -  MemoryUsage of job (MB)
	1793356  -  ResidentSetSize of job (KB)
...
006 (14630114.000.000) 2021-09-16 18:01:20 Image size of job updated: 1752
	1752  -  MemoryUsage of job (MB)
	1794268  -  ResidentSetSize of job (KB)
...
006 (14630114.000.000) 2021-09-16 18:02:21 Image size of job updated: 1752
	1752  -  MemoryUsage of job (MB)
	1794288  -  ResidentSetSize of job (KB)
...
006 (14630114.000.000) 2021-09-16 18:03:21 Image size of job updated: 1752
	1752  -  MemoryUsage of job (MB)
	1794308  -  ResidentSetSize of job (KB)
...
006 (14630114.000.000) 2021-09-16 18:04:21 Image size of job updated: 1753
	1753  -  MemoryUsage of job (MB)
	1795320  -  ResidentSetSize of job (KB)
...
006 (14630114.000.000) 2021-09-16 18:05:22 Image size of job updated: 1753
	1753  -  MemoryUsage of job (MB)
	1795328  -  ResidentSetSize of job (KB)
...
006 (14630114.000.000) 2021-09-16 18:06:23 Image size of job updated: 1753
	1753  -  MemoryUsage of job (MB)
	1795332  -  ResidentSetSize of job (KB)
...
006 (14630114.000.000) 2021-09-16 18:07:23 Image size of job updated: 1754
	1754  -  MemoryUsage of job (MB)
	1796116  -  ResidentSetSize of job (KB)
...
006 (14630114.000.000) 2021-09-16 18:08:23 Image size of job updated: 1754
	1754  -  MemoryUsage of job (MB)
	1796120  -  ResidentSetSize of job (KB)
...
006 (14630114.000.000) 2021-09-16 18:10:25 Image size of job updated: 1754
	1754  -  MemoryUsage of job (MB)
	1796464  -  ResidentSetSize of job (KB)
...
006 (14630114.000.000) 2021-09-16 18:11:25 Image size of job updated: 1754
	1754  -  MemoryUsage of job (MB)
	1796472  -  ResidentSetSize of job (KB)
...
006 (14630114.000.000) 2021-09-16 18:12:26 Image size of job updated: 1754
	1754  -  MemoryUsage of job (MB)
	1796476  -  ResidentSetSize of job (KB)
...
006 (14630114.000.000) 2021-09-16 18:13:28 Image size of job updated: 1754
	1754  -  MemoryUsage of job (MB)
	1797096  -  ResidentSetSize of job (KB)
...
006 (14630114.000.000) 2021-09-16 18:14:29 Image size of job updated: 1754
	1754  -  MemoryUsage of job (MB)
	1797100  -  ResidentSetSize of job (KB)
...
006 (14630114.000.000) 2021-09-16 18:15:29 Image size of job updated: 1754
	1754  -  MemoryUsage of job (MB)
	1797108  -  ResidentSetSize of job (KB)
...
006 (14630114.000.000) 2021-09-16 18:16:30 Image size of job updated: 1755
	1755  -  MemoryUsage of job (MB)
	1798016  -  ResidentSetSize of job (KB)
...
006 (14630114.000.000) 2021-09-16 18:17:31 Image size of job updated: 1755
	1755  -  MemoryUsage of job (MB)
	1798020  -  ResidentSetSize of job (KB)
...
006 (14630114.000.000) 2021-09-16 18:18:31 Image size of job updated: 1757
	1757  -  MemoryUsage of job (MB)
	1799824  -  ResidentSetSize of job (KB)
...
006 (14630114.000.000) 2021-09-16 18:20:34 Image size of job updated: 1758
	1758  -  MemoryUsage of job (MB)
	1800592  -  ResidentSetSize of job (KB)
...
006 (14630114.000.000) 2021-09-16 18:21:35 Image size of job updated: 1758
	1758  -  MemoryUsage of job (MB)
	1800964  -  ResidentSetSize of job (KB)
...
006 (14630114.000.000) 2021-09-16 18:22:37 Image size of job updated: 1758
	1758  -  MemoryUsage of job (MB)
	1800968  -  ResidentSetSize of job (KB)
...
006 (14630114.000.000) 2021-09-16 18:23:37 Image size of job updated: 1759
	1759  -  MemoryUsage of job (MB)
	1801728  -  ResidentSetSize of job (KB)
...
006 (14630114.000.000) 2021-09-16 18:24:37 Image size of job updated: 1759
	1759  -  MemoryUsage of job (MB)
	1801736  -  ResidentSetSize of job (KB)
...
006 (14630114.000.000) 2021-09-16 18:25:37 Image size of job updated: 1760
	1760  -  MemoryUsage of job (MB)
	1802756  -  ResidentSetSize of job (KB)
...
006 (14630114.000.000) 2021-09-16 18:26:38 Image size of job updated: 1760
	1760  -  MemoryUsage of job (MB)
	1802840  -  ResidentSetSize of job (KB)
...
006 (14630114.000.000) 2021-09-16 18:27:39 Image size of job updated: 1760
	1760  -  MemoryUsage of job (MB)
	1802844  -  ResidentSetSize of job (KB)
...
006 (14630114.000.000) 2021-09-16 18:28:40 Image size of job updated: 1760
	1760  -  MemoryUsage of job (MB)
	1802848  -  ResidentSetSize of job (KB)
...
040 (14630114.000.000) 2021-09-16 18:28:54 Started transferring output files
...
040 (14630114.000.000) 2021-09-16 18:28:54 Finished transferring output files
...
005 (14630114.000.000) 2021-09-16 18:28:55 Job terminated.
	(1) Normal termination (return value 0)
		Usr 0 00:00:00, Sys 0 00:00:00  -  Run Remote Usage
		Usr 0 00:00:00, Sys 0 00:00:00  -  Run Local Usage
		Usr 0 01:08:40, Sys 0 04:02:33  -  Total Remote Usage
		Usr 0 00:00:00, Sys 0 00:00:00  -  Total Local Usage
	1226288  -  Run Bytes Sent By Job
	8471534  -  Run Bytes Received By Job
	1226288  -  Total Bytes Sent By Job
	8471534  -  Total Bytes Received By Job
	Partitionable Resources :    Usage  Request Allocated 
	   Cpus                 :     0.00        1         1 
	   Disk (KB)            : 25413       10000   1637439 
	   Memory (MB)          :  1760        2048      2048 

	Job terminated of its own accord at 2021-09-16T23:28:54Z.
...
000 (34672642.000.000) 2021-09-24 22:34:09 Job submitted from host: <131.225.188.57:9618?addrs=131.225.188.57-9618&alias=lpcschedd2.fnal.gov&noUDP&sock=schedd_2251_93c6>
...
040 (34672642.000.000) 2021-09-24 23:32:05 Started transferring input files
	Transferring to host: <131.225.188.50:9618?addrs=131.225.188.50-9618&alias=cmswn2033.fnal.gov&noUDP&sock=slot1_20_2049_74ac_5149>
...
040 (34672642.000.000) 2021-09-24 23:32:05 Finished transferring input files
...
001 (34672642.000.000) 2021-09-24 23:32:06 Job executing on host: <131.225.188.50:9618?addrs=131.225.188.50-9618&alias=cmswn2033.fnal.gov&noUDP&sock=startd_1898_72d7>
...
006 (34672642.000.000) 2021-09-24 23:32:16 Image size of job updated: 27
	27  -  MemoryUsage of job (MB)
	27956  -  ResidentSetSize of job (KB)
...
006 (34672642.000.000) 2021-09-24 23:33:16 Image size of job updated: 452
	452  -  MemoryUsage of job (MB)
	463184  -  ResidentSetSize of job (KB)
...
006 (34672642.000.000) 2021-09-24 23:34:17 Image size of job updated: 529
	529  -  MemoryUsage of job (MB)
	541716  -  ResidentSetSize of job (KB)
...
006 (34672642.000.000) 2021-09-24 23:38:19 Image size of job updated: 562
	562  -  MemoryUsage of job (MB)
	576132  -  ResidentSetSize of job (KB)
...
006 (34672642.000.000) 2021-09-24 23:39:19 Image size of job updated: 606
	606  -  MemoryUsage of job (MB)
	621408  -  ResidentSetSize of job (KB)
...
006 (34672642.000.000) 2021-09-24 23:40:19 Image size of job updated: 645
	645  -  MemoryUsage of job (MB)
	661068  -  ResidentSetSize of job (KB)
...
006 (34672642.000.000) 2021-09-24 23:41:19 Image size of job updated: 681
	681  -  MemoryUsage of job (MB)
	697988  -  ResidentSetSize of job (KB)
...
006 (34672642.000.000) 2021-09-24 23:42:20 Image size of job updated: 714
	714  -  MemoryUsage of job (MB)
	731968  -  ResidentSetSize of job (KB)
...
006 (34672642.000.000) 2021-09-24 23:43:20 Image size of job updated: 746
	746  -  MemoryUsage of job (MB)
	763932  -  ResidentSetSize of job (KB)
...
006 (34672642.000.000) 2021-09-24 23:44:20 Image size of job updated: 778
	778  -  MemoryUsage of job (MB)
	797652  -  ResidentSetSize of job (KB)
...
006 (34672642.000.000) 2021-09-24 23:45:21 Image size of job updated: 808
	808  -  MemoryUsage of job (MB)
	827796  -  ResidentSetSize of job (KB)
...
006 (34672642.000.000) 2021-09-24 23:46:21 Image size of job updated: 838
	838  -  MemoryUsage of job (MB)
	858824  -  ResidentSetSize of job (KB)
...
006 (34672642.000.000) 2021-09-24 23:47:21 Image size of job updated: 864
	864  -  MemoryUsage of job (MB)
	885260  -  ResidentSetSize of job (KB)
...
006 (34672642.000.000) 2021-09-24 23:48:22 Image size of job updated: 902
	902  -  MemoryUsage of job (MB)
	923752  -  ResidentSetSize of job (KB)
...
006 (34672642.000.000) 2021-09-24 23:49:22 Image size of job updated: 928
	928  -  MemoryUsage of job (MB)
	951036  -  ResidentSetSize of job (KB)
...
006 (34672642.000.000) 2021-09-24 23:50:23 Image size of job updated: 956
	956  -  MemoryUsage of job (MB)
	979080  -  ResidentSetSize of job (KB)
...
006 (34672642.000.000) 2021-09-24 23:51:23 Image size of job updated: 979
	979  -  MemoryUsage of job (MB)
	1003144  -  ResidentSetSize of job (KB)
...
006 (34672642.000.000) 2021-09-24 23:52:23 Image size of job updated: 1002
	1002  -  MemoryUsage of job (MB)
	1026940  -  ResidentSetSize of job (KB)
...
006 (34672642.000.000) 2021-09-24 23:53:23 Image size of job updated: 1028
	1028  -  MemoryUsage of job (MB)
	1053456  -  ResidentSetSize of job (KB)
...
006 (34672642.000.000) 2021-09-24 23:54:24 Image size of job updated: 1058
	1058  -  MemoryUsage of job (MB)
	1083764  -  ResidentSetSize of job (KB)
...
006 (34672642.000.000) 2021-09-24 23:55:24 Image size of job updated: 1081
	1081  -  MemoryUsage of job (MB)
	1107420  -  ResidentSetSize of job (KB)
...
006 (34672642.000.000) 2021-09-24 23:56:25 Image size of job updated: 1104
	1104  -  MemoryUsage of job (MB)
	1130924  -  ResidentSetSize of job (KB)
...
006 (34672642.000.000) 2021-09-24 23:57:25 Image size of job updated: 1124
	1124  -  MemoryUsage of job (MB)
	1151232  -  ResidentSetSize of job (KB)
...
006 (34672642.000.000) 2021-09-24 23:58:25 Image size of job updated: 1144
	1144  -  MemoryUsage of job (MB)
	1171684  -  ResidentSetSize of job (KB)
...
006 (34672642.000.000) 2021-09-24 23:59:26 Image size of job updated: 1164
	1164  -  MemoryUsage of job (MB)
	1192288  -  ResidentSetSize of job (KB)
...
006 (34672642.000.000) 2021-09-25 00:00:26 Image size of job updated: 1183
	1183  -  MemoryUsage of job (MB)
	1211824  -  ResidentSetSize of job (KB)
...
006 (34672642.000.000) 2021-09-25 00:01:27 Image size of job updated: 1204
	1204  -  MemoryUsage of job (MB)
	1233108  -  ResidentSetSize of job (KB)
...
006 (34672642.000.000) 2021-09-25 00:02:28 Image size of job updated: 1222
	1222  -  MemoryUsage of job (MB)
	1251912  -  ResidentSetSize of job (KB)
...
006 (34672642.000.000) 2021-09-25 00:03:28 Image size of job updated: 1240
	1240  -  MemoryUsage of job (MB)
	1270344  -  ResidentSetSize of job (KB)
...
006 (34672642.000.000) 2021-09-25 00:04:28 Image size of job updated: 1258
	1258  -  MemoryUsage of job (MB)
	1288456  -  ResidentSetSize of job (KB)
...
006 (34672642.000.000) 2021-09-25 00:05:29 Image size of job updated: 1275
	1275  -  MemoryUsage of job (MB)
	1305800  -  ResidentSetSize of job (KB)
...
006 (34672642.000.000) 2021-09-25 00:06:30 Image size of job updated: 1294
	1294  -  MemoryUsage of job (MB)
	1325484  -  ResidentSetSize of job (KB)
...
006 (34672642.000.000) 2021-09-25 00:07:31 Image size of job updated: 1311
	1311  -  MemoryUsage of job (MB)
	1342900  -  ResidentSetSize of job (KB)
...
006 (34672642.000.000) 2021-09-25 00:08:32 Image size of job updated: 1327
	1327  -  MemoryUsage of job (MB)
	1359792  -  ResidentSetSize of job (KB)
...
006 (34672642.000.000) 2021-09-25 00:09:32 Image size of job updated: 1344
	1344  -  MemoryUsage of job (MB)
	1377184  -  ResidentSetSize of job (KB)
...
006 (34672642.000.000) 2021-09-25 00:10:34 Image size of job updated: 1362
	1362  -  MemoryUsage of job (MB)
	1395200  -  ResidentSetSize of job (KB)
...
006 (34672642.000.000) 2021-09-25 00:11:34 Image size of job updated: 1378
	1378  -  MemoryUsage of job (MB)
	1411428  -  ResidentSetSize of job (KB)
...
006 (34672642.000.000) 2021-09-25 00:12:35 Image size of job updated: 1394
	1394  -  MemoryUsage of job (MB)
	1427524  -  ResidentSetSize of job (KB)
...
006 (34672642.000.000) 2021-09-25 00:13:35 Image size of job updated: 1409
	1409  -  MemoryUsage of job (MB)
	1443460  -  ResidentSetSize of job (KB)
...
006 (34672642.000.000) 2021-09-25 00:14:35 Image size of job updated: 1424
	1424  -  MemoryUsage of job (MB)
	1459060  -  ResidentSetSize of job (KB)
...
006 (34672642.000.000) 2021-09-25 00:15:36 Image size of job updated: 1439
	1439  -  MemoryUsage of job (MB)
	1474516  -  ResidentSetSize of job (KB)
...
006 (34672642.000.000) 2021-09-25 00:16:36 Image size of job updated: 1456
	1456  -  MemoryUsage of job (MB)
	1491120  -  ResidentSetSize of job (KB)
...
006 (34672642.000.000) 2021-09-25 00:17:36 Image size of job updated: 1471
	1471  -  MemoryUsage of job (MB)
	1506368  -  ResidentSetSize of job (KB)
...
006 (34672642.000.000) 2021-09-25 00:18:37 Image size of job updated: 1485
	1485  -  MemoryUsage of job (MB)
	1521392  -  ResidentSetSize of job (KB)
...
006 (34672642.000.000) 2021-09-25 00:19:37 Image size of job updated: 1500
	1500  -  MemoryUsage of job (MB)
	1536412  -  ResidentSetSize of job (KB)
...
006 (34672642.000.000) 2021-09-25 00:20:38 Image size of job updated: 1514
	1514  -  MemoryUsage of job (MB)
	1551180  -  ResidentSetSize of job (KB)
...
006 (34672642.000.000) 2021-09-25 00:21:39 Image size of job updated: 1530
	1530  -  MemoryUsage of job (MB)
	1567432  -  ResidentSetSize of job (KB)
...
006 (34672642.000.000) 2021-09-25 00:22:40 Image size of job updated: 1553
	1553  -  MemoryUsage of job (MB)
	1591276  -  ResidentSetSize of job (KB)
...
006 (34672642.000.000) 2021-09-25 00:23:41 Image size of job updated: 1625
	1625  -  MemoryUsage of job (MB)
	1665020  -  ResidentSetSize of job (KB)
...
006 (34672642.000.000) 2021-09-25 00:24:41 Image size of job updated: 1626
	1626  -  MemoryUsage of job (MB)
	1665068  -  ResidentSetSize of job (KB)
...
006 (34672642.000.000) 2021-09-25 00:25:43 Image size of job updated: 1641
	1641  -  MemoryUsage of job (MB)
	1681396  -  ResidentSetSize of job (KB)
...
006 (34672642.000.000) 2021-09-25 00:26:43 Image size of job updated: 1642
	1642  -  MemoryUsage of job (MB)
	1681460  -  ResidentSetSize of job (KB)
...
006 (34672642.000.000) 2021-09-25 00:27:44 Image size of job updated: 1648
	1648  -  MemoryUsage of job (MB)
	1688392  -  ResidentSetSize of job (KB)
...
006 (34672642.000.000) 2021-09-25 00:28:44 Image size of job updated: 1648
	1648  -  MemoryUsage of job (MB)
	1688456  -  ResidentSetSize of job (KB)
...
006 (34672642.000.000) 2021-09-25 00:29:44 Image size of job updated: 1653
	1653  -  MemoryUsage of job (MB)
	1692984  -  ResidentSetSize of job (KB)
...
006 (34672642.000.000) 2021-09-25 00:30:45 Image size of job updated: 1653
	1653  -  MemoryUsage of job (MB)
	1693000  -  ResidentSetSize of job (KB)
...
006 (34672642.000.000) 2021-09-25 00:31:46 Image size of job updated: 1656
	1656  -  MemoryUsage of job (MB)
	1696736  -  ResidentSetSize of job (KB)
...
006 (34672642.000.000) 2021-09-25 00:32:47 Image size of job updated: 1656
	1656  -  MemoryUsage of job (MB)
	1696764  -  ResidentSetSize of job (KB)
...
006 (34672642.000.000) 2021-09-25 00:33:47 Image size of job updated: 1663
	1663  -  MemoryUsage of job (MB)
	1703468  -  ResidentSetSize of job (KB)
...
006 (34672642.000.000) 2021-09-25 00:34:47 Image size of job updated: 1663
	1663  -  MemoryUsage of job (MB)
	1703516  -  ResidentSetSize of job (KB)
...
006 (34672642.000.000) 2021-09-25 00:35:48 Image size of job updated: 1667
	1667  -  MemoryUsage of job (MB)
	1707324  -  ResidentSetSize of job (KB)
...
006 (34672642.000.000) 2021-09-25 00:36:48 Image size of job updated: 1667
	1667  -  MemoryUsage of job (MB)
	1707396  -  ResidentSetSize of job (KB)
...
006 (34672642.000.000) 2021-09-25 00:37:48 Image size of job updated: 1669
	1669  -  MemoryUsage of job (MB)
	1710036  -  ResidentSetSize of job (KB)
...
006 (34672642.000.000) 2021-09-25 00:38:48 Image size of job updated: 1669
	1669  -  MemoryUsage of job (MB)
	1710076  -  ResidentSetSize of job (KB)
...
006 (34672642.000.000) 2021-09-25 00:39:49 Image size of job updated: 1670
	1670  -  MemoryUsage of job (MB)
	1710160  -  ResidentSetSize of job (KB)
...
006 (34672642.000.000) 2021-09-25 00:40:50 Image size of job updated: 1672
	1672  -  MemoryUsage of job (MB)
	1712872  -  ResidentSetSize of job (KB)
...
006 (34672642.000.000) 2021-09-25 00:41:51 Image size of job updated: 1672
	1672  -  MemoryUsage of job (MB)
	1712904  -  ResidentSetSize of job (KB)
...
006 (34672642.000.000) 2021-09-25 00:42:51 Image size of job updated: 1674
	1674  -  MemoryUsage of job (MB)
	1714952  -  ResidentSetSize of job (KB)
...
006 (34672642.000.000) 2021-09-25 00:43:52 Image size of job updated: 1674
	1674  -  MemoryUsage of job (MB)
	1714964  -  ResidentSetSize of job (KB)
...
006 (34672642.000.000) 2021-09-25 00:44:53 Image size of job updated: 1676
	1676  -  MemoryUsage of job (MB)
	1716716  -  ResidentSetSize of job (KB)
...
006 (34672642.000.000) 2021-09-25 00:45:53 Image size of job updated: 1676
	1676  -  MemoryUsage of job (MB)
	1716736  -  ResidentSetSize of job (KB)
...
006 (34672642.000.000) 2021-09-25 00:46:53 Image size of job updated: 1680
	1680  -  MemoryUsage of job (MB)
	1720344  -  ResidentSetSize of job (KB)
...
006 (34672642.000.000) 2021-09-25 00:47:54 Image size of job updated: 1680
	1680  -  MemoryUsage of job (MB)
	1721052  -  ResidentSetSize of job (KB)
...
006 (34672642.000.000) 2021-09-25 00:48:54 Image size of job updated: 1681
	1681  -  MemoryUsage of job (MB)
	1722160  -  ResidentSetSize of job (KB)
...
006 (34672642.000.000) 2021-09-25 00:49:54 Image size of job updated: 1681
	1681  -  MemoryUsage of job (MB)
	1722364  -  ResidentSetSize of job (KB)
...
006 (34672642.000.000) 2021-09-25 00:50:54 Image size of job updated: 1683
	1683  -  MemoryUsage of job (MB)
	1723992  -  ResidentSetSize of job (KB)
...
006 (34672642.000.000) 2021-09-25 00:51:54 Image size of job updated: 1684
	1684  -  MemoryUsage of job (MB)
	1725212  -  ResidentSetSize of job (KB)
...
006 (34672642.000.000) 2021-09-25 00:52:55 Image size of job updated: 1685
	1685  -  MemoryUsage of job (MB)
	1726232  -  ResidentSetSize of job (KB)
...
006 (34672642.000.000) 2021-09-25 00:53:55 Image size of job updated: 1687
	1687  -  MemoryUsage of job (MB)
	1727784  -  ResidentSetSize of job (KB)
...
006 (34672642.000.000) 2021-09-25 00:54:56 Image size of job updated: 1687
	1687  -  MemoryUsage of job (MB)
	1727812  -  ResidentSetSize of job (KB)
...
006 (34672642.000.000) 2021-09-25 00:55:58 Image size of job updated: 1688
	1688  -  MemoryUsage of job (MB)
	1729156  -  ResidentSetSize of job (KB)
...
006 (34672642.000.000) 2021-09-25 00:56:58 Image size of job updated: 1689
	1689  -  MemoryUsage of job (MB)
	1730208  -  ResidentSetSize of job (KB)
...
006 (34672642.000.000) 2021-09-25 00:57:58 Image size of job updated: 1689
	1689  -  MemoryUsage of job (MB)
	1730232  -  ResidentSetSize of job (KB)
...
006 (34672642.000.000) 2021-09-25 00:58:58 Image size of job updated: 1690
	1690  -  MemoryUsage of job (MB)
	1730992  -  ResidentSetSize of job (KB)
...
006 (34672642.000.000) 2021-09-25 00:59:58 Image size of job updated: 1690
	1690  -  MemoryUsage of job (MB)
	1731184  -  ResidentSetSize of job (KB)
...
006 (34672642.000.000) 2021-09-25 01:00:59 Image size of job updated: 1690
	1690  -  MemoryUsage of job (MB)
	1731552  -  ResidentSetSize of job (KB)
...
006 (34672642.000.000) 2021-09-25 01:01:59 Image size of job updated: 1692
	1692  -  MemoryUsage of job (MB)
	1733348  -  ResidentSetSize of job (KB)
...
006 (34672642.000.000) 2021-09-25 01:02:59 Image size of job updated: 1693
	1693  -  MemoryUsage of job (MB)
	1733784  -  ResidentSetSize of job (KB)
...
006 (34672642.000.000) 2021-09-25 01:03:59 Image size of job updated: 1694
	1694  -  MemoryUsage of job (MB)
	1735168  -  ResidentSetSize of job (KB)
...
006 (34672642.000.000) 2021-09-25 01:04:59 Image size of job updated: 1696
	1696  -  MemoryUsage of job (MB)
	1736836  -  ResidentSetSize of job (KB)
...
006 (34672642.000.000) 2021-09-25 01:05:59 Image size of job updated: 1696
	1696  -  MemoryUsage of job (MB)
	1736872  -  ResidentSetSize of job (KB)
...
006 (34672642.000.000) 2021-09-25 01:06:59 Image size of job updated: 1696
	1696  -  MemoryUsage of job (MB)
	1737720  -  ResidentSetSize of job (KB)
...
006 (34672642.000.000) 2021-09-25 01:08:00 Image size of job updated: 1698
	1698  -  MemoryUsage of job (MB)
	1739084  -  ResidentSetSize of job (KB)
...
006 (34672642.000.000) 2021-09-25 01:09:01 Image size of job updated: 1698
	1698  -  MemoryUsage of job (MB)
	1739088  -  ResidentSetSize of job (KB)
...
006 (34672642.000.000) 2021-09-25 01:10:02 Image size of job updated: 1699
	1699  -  MemoryUsage of job (MB)
	1740464  -  ResidentSetSize of job (KB)
...
006 (34672642.000.000) 2021-09-25 01:11:03 Image size of job updated: 1700
	1700  -  MemoryUsage of job (MB)
	1741404  -  ResidentSetSize of job (KB)
...
006 (34672642.000.000) 2021-09-25 01:12:03 Image size of job updated: 1701
	1701  -  MemoryUsage of job (MB)
	1742588  -  ResidentSetSize of job (KB)
...
006 (34672642.000.000) 2021-09-25 01:13:03 Image size of job updated: 1701
	1701  -  MemoryUsage of job (MB)
	1742608  -  ResidentSetSize of job (KB)
...
006 (34672642.000.000) 2021-09-25 01:14:04 Image size of job updated: 1702
	1702  -  MemoryUsage of job (MB)
	1743260  -  ResidentSetSize of job (KB)
...
006 (34672642.000.000) 2021-09-25 01:15:05 Image size of job updated: 1703
	1703  -  MemoryUsage of job (MB)
	1744068  -  ResidentSetSize of job (KB)
...
006 (34672642.000.000) 2021-09-25 01:16:06 Image size of job updated: 1703
	1703  -  MemoryUsage of job (MB)
	1744656  -  ResidentSetSize of job (KB)
...
006 (34672642.000.000) 2021-09-25 01:18:08 Image size of job updated: 1704
	1704  -  MemoryUsage of job (MB)
	1745568  -  ResidentSetSize of job (KB)
...
006 (34672642.000.000) 2021-09-25 01:19:08 Image size of job updated: 1705
	1705  -  MemoryUsage of job (MB)
	1746228  -  ResidentSetSize of job (KB)
...
006 (34672642.000.000) 2021-09-25 01:20:08 Image size of job updated: 1705
	1705  -  MemoryUsage of job (MB)
	1746596  -  ResidentSetSize of job (KB)
...
006 (34672642.000.000) 2021-09-25 01:21:08 Image size of job updated: 1706
	1706  -  MemoryUsage of job (MB)
	1747328  -  ResidentSetSize of job (KB)
...
006 (34672642.000.000) 2021-09-25 01:23:09 Image size of job updated: 1707
	1707  -  MemoryUsage of job (MB)
	1748024  -  ResidentSetSize of job (KB)
...
006 (34672642.000.000) 2021-09-25 01:24:10 Image size of job updated: 1707
	1707  -  MemoryUsage of job (MB)
	1748660  -  ResidentSetSize of job (KB)
...
006 (34672642.000.000) 2021-09-25 01:25:10 Image size of job updated: 1708
	1708  -  MemoryUsage of job (MB)
	1749140  -  ResidentSetSize of job (KB)
...
006 (34672642.000.000) 2021-09-25 01:26:10 Image size of job updated: 1708
	1708  -  MemoryUsage of job (MB)
	1749280  -  ResidentSetSize of job (KB)
...
006 (34672642.000.000) 2021-09-25 01:27:10 Image size of job updated: 1708
	1708  -  MemoryUsage of job (MB)
	1749312  -  ResidentSetSize of job (KB)
...
006 (34672642.000.000) 2021-09-25 01:28:10 Image size of job updated: 1708
	1708  -  MemoryUsage of job (MB)
	1749444  -  ResidentSetSize of job (KB)
...
006 (34672642.000.000) 2021-09-25 01:29:10 Image size of job updated: 1711
	1711  -  MemoryUsage of job (MB)
	1752444  -  ResidentSetSize of job (KB)
...
006 (34672642.000.000) 2021-09-25 01:30:12 Image size of job updated: 1717
	1717  -  MemoryUsage of job (MB)
	1758436  -  ResidentSetSize of job (KB)
...
006 (34672642.000.000) 2021-09-25 01:31:12 Image size of job updated: 1717
	1717  -  MemoryUsage of job (MB)
	1758800  -  ResidentSetSize of job (KB)
...
006 (34672642.000.000) 2021-09-25 01:32:13 Image size of job updated: 1720
	1720  -  MemoryUsage of job (MB)
	1761408  -  ResidentSetSize of job (KB)
...
006 (34672642.000.000) 2021-09-25 01:33:15 Image size of job updated: 1724
	1724  -  MemoryUsage of job (MB)
	1765884  -  ResidentSetSize of job (KB)
...
006 (34672642.000.000) 2021-09-25 01:34:15 Image size of job updated: 1725
	1725  -  MemoryUsage of job (MB)
	1767200  -  ResidentSetSize of job (KB)
...
006 (34672642.000.000) 2021-09-25 01:35:16 Image size of job updated: 1728
	1728  -  MemoryUsage of job (MB)
	1769740  -  ResidentSetSize of job (KB)
...
006 (34672642.000.000) 2021-09-25 01:36:17 Image size of job updated: 1728
	1728  -  MemoryUsage of job (MB)
	1769820  -  ResidentSetSize of job (KB)
...
006 (34672642.000.000) 2021-09-25 01:37:17 Image size of job updated: 1730
	1730  -  MemoryUsage of job (MB)
	1771944  -  ResidentSetSize of job (KB)
...
006 (34672642.000.000) 2021-09-25 01:38:18 Image size of job updated: 1732
	1732  -  MemoryUsage of job (MB)
	1773752  -  ResidentSetSize of job (KB)
...
006 (34672642.000.000) 2021-09-25 01:39:18 Image size of job updated: 1732
	1732  -  MemoryUsage of job (MB)
	1773884  -  ResidentSetSize of job (KB)
...
006 (34672642.000.000) 2021-09-25 01:40:18 Image size of job updated: 1732
	1732  -  MemoryUsage of job (MB)
	1774516  -  ResidentSetSize of job (KB)
...
006 (34672642.000.000) 2021-09-25 01:41:19 Image size of job updated: 1733
	1733  -  MemoryUsage of job (MB)
	1775104  -  ResidentSetSize of job (KB)
...
006 (34672642.000.000) 2021-09-25 01:42:20 Image size of job updated: 1734
	1734  -  MemoryUsage of job (MB)
	1775848  -  ResidentSetSize of job (KB)
...
006 (34672642.000.000) 2021-09-25 01:43:21 Image size of job updated: 1734
	1734  -  MemoryUsage of job (MB)
	1776076  -  ResidentSetSize of job (KB)
...
006 (34672642.000.000) 2021-09-25 01:44:21 Image size of job updated: 1734
	1734  -  MemoryUsage of job (MB)
	1776360  -  ResidentSetSize of job (KB)
...
006 (34672642.000.000) 2021-09-25 01:45:21 Image size of job updated: 1735
	1735  -  MemoryUsage of job (MB)
	1776700  -  ResidentSetSize of job (KB)
...
006 (34672642.000.000) 2021-09-25 01:46:21 Image size of job updated: 1735
	1735  -  MemoryUsage of job (MB)
	1776920  -  ResidentSetSize of job (KB)
...
006 (34672642.000.000) 2021-09-25 01:47:21 Image size of job updated: 1735
	1735  -  MemoryUsage of job (MB)
	1776928  -  ResidentSetSize of job (KB)
...
006 (34672642.000.000) 2021-09-25 01:48:22 Image size of job updated: 1735
	1735  -  MemoryUsage of job (MB)
	1777264  -  ResidentSetSize of job (KB)
...
006 (34672642.000.000) 2021-09-25 01:49:23 Image size of job updated: 1735
	1735  -  MemoryUsage of job (MB)
	1777600  -  ResidentSetSize of job (KB)
...
006 (34672642.000.000) 2021-09-25 01:50:24 Image size of job updated: 1735
	1735  -  MemoryUsage of job (MB)
	1777604  -  ResidentSetSize of job (KB)
...
006 (34672642.000.000) 2021-09-25 01:51:26 Image size of job updated: 1737
	1737  -  MemoryUsage of job (MB)
	1779484  -  ResidentSetSize of job (KB)
...
006 (34672642.000.000) 2021-09-25 01:52:26 Image size of job updated: 1738
	1738  -  MemoryUsage of job (MB)
	1780024  -  ResidentSetSize of job (KB)
...
006 (34672642.000.000) 2021-09-25 01:53:26 Image size of job updated: 1738
	1738  -  MemoryUsage of job (MB)
	1780032  -  ResidentSetSize of job (KB)
...
006 (34672642.000.000) 2021-09-25 01:54:26 Image size of job updated: 1739
	1739  -  MemoryUsage of job (MB)
	1781216  -  ResidentSetSize of job (KB)
...
006 (34672642.000.000) 2021-09-25 01:55:26 Image size of job updated: 1740
	1740  -  MemoryUsage of job (MB)
	1781824  -  ResidentSetSize of job (KB)
...
006 (34672642.000.000) 2021-09-25 01:56:26 Image size of job updated: 1740
	1740  -  MemoryUsage of job (MB)
	1781832  -  ResidentSetSize of job (KB)
...
006 (34672642.000.000) 2021-09-25 01:57:27 Image size of job updated: 1740
	1740  -  MemoryUsage of job (MB)
	1781972  -  ResidentSetSize of job (KB)
...
006 (34672642.000.000) 2021-09-25 01:58:27 Image size of job updated: 1740
	1740  -  MemoryUsage of job (MB)
	1782268  -  ResidentSetSize of job (KB)
...
006 (34672642.000.000) 2021-09-25 01:59:28 Image size of job updated: 1740
	1740  -  MemoryUsage of job (MB)
	1782512  -  ResidentSetSize of job (KB)
...
006 (34672642.000.000) 2021-09-25 02:01:30 Image size of job updated: 1740
	1740  -  MemoryUsage of job (MB)
	1782708  -  ResidentSetSize of job (KB)
...
006 (34672642.000.000) 2021-09-25 02:02:30 Image size of job updated: 1741
	1741  -  MemoryUsage of job (MB)
	1783000  -  ResidentSetSize of job (KB)
...
006 (34672642.000.000) 2021-09-25 02:03:30 Image size of job updated: 1741
	1741  -  MemoryUsage of job (MB)
	1783092  -  ResidentSetSize of job (KB)
...
006 (34672642.000.000) 2021-09-25 02:04:30 Image size of job updated: 1742
	1742  -  MemoryUsage of job (MB)
	1783960  -  ResidentSetSize of job (KB)
...
006 (34672642.000.000) 2021-09-25 02:05:30 Image size of job updated: 1743
	1743  -  MemoryUsage of job (MB)
	1784968  -  ResidentSetSize of job (KB)
...
006 (34672642.000.000) 2021-09-25 02:06:30 Image size of job updated: 1743
	1743  -  MemoryUsage of job (MB)
	1784972  -  ResidentSetSize of job (KB)
...
006 (34672642.000.000) 2021-09-25 02:07:32 Image size of job updated: 1743
	1743  -  MemoryUsage of job (MB)
	1785772  -  ResidentSetSize of job (KB)
...
006 (34672642.000.000) 2021-09-25 02:08:32 Image size of job updated: 1744
	1744  -  MemoryUsage of job (MB)
	1786120  -  ResidentSetSize of job (KB)
...
006 (34672642.000.000) 2021-09-25 02:09:33 Image size of job updated: 1744
	1744  -  MemoryUsage of job (MB)
	1786128  -  ResidentSetSize of job (KB)
...
006 (34672642.000.000) 2021-09-25 02:10:33 Image size of job updated: 1745
	1745  -  MemoryUsage of job (MB)
	1786932  -  ResidentSetSize of job (KB)
...
006 (34672642.000.000) 2021-09-25 02:11:34 Image size of job updated: 1745
	1745  -  MemoryUsage of job (MB)
	1787668  -  ResidentSetSize of job (KB)
...
006 (34672642.000.000) 2021-09-25 02:12:35 Image size of job updated: 1745
	1745  -  MemoryUsage of job (MB)
	1787680  -  ResidentSetSize of job (KB)
...
006 (34672642.000.000) 2021-09-25 02:13:36 Image size of job updated: 1746
	1746  -  MemoryUsage of job (MB)
	1788388  -  ResidentSetSize of job (KB)
...
006 (34672642.000.000) 2021-09-25 02:14:36 Image size of job updated: 1747
	1747  -  MemoryUsage of job (MB)
	1789140  -  ResidentSetSize of job (KB)
...
006 (34672642.000.000) 2021-09-25 02:15:37 Image size of job updated: 1747
	1747  -  MemoryUsage of job (MB)
	1789152  -  ResidentSetSize of job (KB)
...
006 (34672642.000.000) 2021-09-25 02:16:38 Image size of job updated: 1747
	1747  -  MemoryUsage of job (MB)
	1789484  -  ResidentSetSize of job (KB)
...
006 (34672642.000.000) 2021-09-25 02:17:38 Image size of job updated: 1747
	1747  -  MemoryUsage of job (MB)
	1789900  -  ResidentSetSize of job (KB)
...
006 (34672642.000.000) 2021-09-25 02:19:39 Image size of job updated: 1748
	1748  -  MemoryUsage of job (MB)
	1790336  -  ResidentSetSize of job (KB)
...
006 (34672642.000.000) 2021-09-25 02:21:41 Image size of job updated: 1748
	1748  -  MemoryUsage of job (MB)
	1790884  -  ResidentSetSize of job (KB)
...
006 (34672642.000.000) 2021-09-25 02:22:42 Image size of job updated: 1749
	1749  -  MemoryUsage of job (MB)
	1791392  -  ResidentSetSize of job (KB)
...
006 (34672642.000.000) 2021-09-25 02:24:44 Image size of job updated: 1749
	1749  -  MemoryUsage of job (MB)
	1791712  -  ResidentSetSize of job (KB)
...
006 (34672642.000.000) 2021-09-25 02:25:44 Image size of job updated: 1750
	1750  -  MemoryUsage of job (MB)
	1792216  -  ResidentSetSize of job (KB)
...
006 (34672642.000.000) 2021-09-25 02:27:45 Image size of job updated: 1750
	1750  -  MemoryUsage of job (MB)
	1792676  -  ResidentSetSize of job (KB)
...
006 (34672642.000.000) 2021-09-25 02:28:46 Image size of job updated: 1751
	1751  -  MemoryUsage of job (MB)
	1793244  -  ResidentSetSize of job (KB)
...
006 (34672642.000.000) 2021-09-25 02:29:46 Image size of job updated: 1751
	1751  -  MemoryUsage of job (MB)
	1793260  -  ResidentSetSize of job (KB)
...
006 (34672642.000.000) 2021-09-25 02:30:47 Image size of job updated: 1751
	1751  -  MemoryUsage of job (MB)
	1793920  -  ResidentSetSize of job (KB)
...
006 (34672642.000.000) 2021-09-25 02:32:47 Image size of job updated: 1752
	1752  -  MemoryUsage of job (MB)
	1794300  -  ResidentSetSize of job (KB)
...
006 (34672642.000.000) 2021-09-25 02:33:47 Image size of job updated: 1752
	1752  -  MemoryUsage of job (MB)
	1794764  -  ResidentSetSize of job (KB)
...
006 (34672642.000.000) 2021-09-25 02:35:48 Image size of job updated: 1753
	1753  -  MemoryUsage of job (MB)
	1795460  -  ResidentSetSize of job (KB)
...
006 (34672642.000.000) 2021-09-25 02:36:48 Image size of job updated: 1753
	1753  -  MemoryUsage of job (MB)
	1795712  -  ResidentSetSize of job (KB)
...
006 (34672642.000.000) 2021-09-25 02:37:48 Image size of job updated: 1753
	1753  -  MemoryUsage of job (MB)
	1795720  -  ResidentSetSize of job (KB)
...
006 (34672642.000.000) 2021-09-25 02:38:48 Image size of job updated: 1753
	1753  -  MemoryUsage of job (MB)
	1795800  -  ResidentSetSize of job (KB)
...
006 (34672642.000.000) 2021-09-25 02:39:50 Image size of job updated: 1753
	1753  -  MemoryUsage of job (MB)
	1795828  -  ResidentSetSize of job (KB)
...
006 (34672642.000.000) 2021-09-25 02:41:50 Image size of job updated: 1753
	1753  -  MemoryUsage of job (MB)
	1795868  -  ResidentSetSize of job (KB)
...
006 (34672642.000.000) 2021-09-25 02:43:51 Image size of job updated: 1754
	1754  -  MemoryUsage of job (MB)
	1796524  -  ResidentSetSize of job (KB)
...
006 (34672642.000.000) 2021-09-25 02:44:51 Image size of job updated: 1755
	1755  -  MemoryUsage of job (MB)
	1797144  -  ResidentSetSize of job (KB)
...
006 (34672642.000.000) 2021-09-25 02:45:52 Image size of job updated: 1755
	1755  -  MemoryUsage of job (MB)
	1797152  -  ResidentSetSize of job (KB)
...
006 (34672642.000.000) 2021-09-25 02:46:52 Image size of job updated: 1755
	1755  -  MemoryUsage of job (MB)
	1797772  -  ResidentSetSize of job (KB)
...
006 (34672642.000.000) 2021-09-25 02:48:53 Image size of job updated: 1755
	1755  -  MemoryUsage of job (MB)
	1797996  -  ResidentSetSize of job (KB)
...
006 (34672642.000.000) 2021-09-25 02:49:53 Image size of job updated: 1756
	1756  -  MemoryUsage of job (MB)
	1798428  -  ResidentSetSize of job (KB)
...
006 (34672642.000.000) 2021-09-25 02:50:53 Image size of job updated: 1756
	1756  -  MemoryUsage of job (MB)
	1798432  -  ResidentSetSize of job (KB)
...
006 (34672642.000.000) 2021-09-25 02:51:53 Image size of job updated: 1757
	1757  -  MemoryUsage of job (MB)
	1799492  -  ResidentSetSize of job (KB)
...
006 (34672642.000.000) 2021-09-25 02:52:54 Image size of job updated: 1758
	1758  -  MemoryUsage of job (MB)
	1800832  -  ResidentSetSize of job (KB)
...
006 (34672642.000.000) 2021-09-25 02:53:55 Image size of job updated: 1759
	1759  -  MemoryUsage of job (MB)
	1801572  -  ResidentSetSize of job (KB)
...
006 (34672642.000.000) 2021-09-25 02:54:57 Image size of job updated: 1760
	1760  -  MemoryUsage of job (MB)
	1802712  -  ResidentSetSize of job (KB)
...
006 (34672642.000.000) 2021-09-25 02:55:58 Image size of job updated: 1760
	1760  -  MemoryUsage of job (MB)
	1802716  -  ResidentSetSize of job (KB)
...
006 (34672642.000.000) 2021-09-25 02:56:59 Image size of job updated: 1761
	1761  -  MemoryUsage of job (MB)
	1803460  -  ResidentSetSize of job (KB)
...
006 (34672642.000.000) 2021-09-25 02:58:00 Image size of job updated: 1761
	1761  -  MemoryUsage of job (MB)
	1803832  -  ResidentSetSize of job (KB)
...
006 (34672642.000.000) 2021-09-25 02:59:01 Image size of job updated: 1761
	1761  -  MemoryUsage of job (MB)
	1803848  -  ResidentSetSize of job (KB)
...
040 (34672642.000.000) 2021-09-25 02:59:37 Started transferring output files
...
040 (34672642.000.000) 2021-09-25 02:59:37 Finished transferring output files
...
005 (34672642.000.000) 2021-09-25 02:59:39 Job terminated.
	(1) Normal termination (return value 0)
		Usr 0 01:04:41, Sys 0 02:14:10  -  Run Remote Usage
		Usr 0 00:00:00, Sys 0 00:00:00  -  Run Local Usage
		Usr 0 01:04:41, Sys 0 02:14:10  -  Total Remote Usage
		Usr 0 00:00:00, Sys 0 00:00:00  -  Total Local Usage
	1226306  -  Run Bytes Sent By Job
	8471570  -  Run Bytes Received By Job
	1226306  -  Total Bytes Sent By Job
	8471570  -  Total Bytes Received By Job
	Partitionable Resources :    Usage  Request Allocated 
	   Cpus                 :        0        1         1 
	   Disk (KB)            :    24701    10000   1636721 
	   Memory (MB)          :     1761     2048      2048 

	Job terminated of its own accord at 2021-09-25T07:59:37Z.
...
