000 (14630024.000.000) 2021-09-16 05:47:24 Job submitted from host: <131.225.188.55:9618?addrs=131.225.188.55-9618&alias=lpcschedd1.fnal.gov&noUDP&sock=schedd_2070_6d22>
...
040 (14630024.000.000) 2021-09-16 06:13:11 Started transferring input files
	Transferring to host: <131.225.188.17:9618?addrs=131.225.188.17-9618&alias=cmswn2020.fnal.gov&noUDP&sock=slot1_22_34455_6a12_8078>
...
040 (14630024.000.000) 2021-09-16 06:13:12 Finished transferring input files
...
001 (14630024.000.000) 2021-09-16 06:13:13 Job executing on host: <131.225.188.17:9618?addrs=131.225.188.17-9618&alias=cmswn2020.fnal.gov&noUDP&sock=startd_1942_a102>
...
006 (14630024.000.000) 2021-09-16 06:13:21 Image size of job updated: 7
	7  -  MemoryUsage of job (MB)
	7844  -  ResidentSetSize of job (KB)
...
006 (14630024.000.000) 2021-09-16 06:14:22 Image size of job updated: 459
	459  -  MemoryUsage of job (MB)
	470172  -  ResidentSetSize of job (KB)
...
006 (14630024.000.000) 2021-09-16 06:15:22 Image size of job updated: 536
	536  -  MemoryUsage of job (MB)
	549000  -  ResidentSetSize of job (KB)
...
006 (14630024.000.000) 2021-09-16 06:19:24 Image size of job updated: 582
	582  -  MemoryUsage of job (MB)
	596504  -  ResidentSetSize of job (KB)
...
006 (14630024.000.000) 2021-09-16 06:20:24 Image size of job updated: 626
	626  -  MemoryUsage of job (MB)
	641984  -  ResidentSetSize of job (KB)
...
006 (14630024.000.000) 2021-09-16 06:21:24 Image size of job updated: 665
	665  -  MemoryUsage of job (MB)
	681132  -  ResidentSetSize of job (KB)
...
006 (14630024.000.000) 2021-09-16 06:22:25 Image size of job updated: 700
	700  -  MemoryUsage of job (MB)
	717200  -  ResidentSetSize of job (KB)
...
006 (14630024.000.000) 2021-09-16 06:23:26 Image size of job updated: 737
	737  -  MemoryUsage of job (MB)
	754996  -  ResidentSetSize of job (KB)
...
006 (14630024.000.000) 2021-09-16 06:24:27 Image size of job updated: 768
	768  -  MemoryUsage of job (MB)
	787052  -  ResidentSetSize of job (KB)
...
006 (14630024.000.000) 2021-09-16 06:25:28 Image size of job updated: 799
	799  -  MemoryUsage of job (MB)
	818364  -  ResidentSetSize of job (KB)
...
006 (14630024.000.000) 2021-09-16 06:26:28 Image size of job updated: 830
	830  -  MemoryUsage of job (MB)
	850272  -  ResidentSetSize of job (KB)
...
006 (14630024.000.000) 2021-09-16 06:27:28 Image size of job updated: 859
	859  -  MemoryUsage of job (MB)
	880344  -  ResidentSetSize of job (KB)
...
006 (14630024.000.000) 2021-09-16 06:28:28 Image size of job updated: 898
	898  -  MemoryUsage of job (MB)
	919696  -  ResidentSetSize of job (KB)
...
006 (14630024.000.000) 2021-09-16 06:29:30 Image size of job updated: 927
	927  -  MemoryUsage of job (MB)
	950104  -  ResidentSetSize of job (KB)
...
006 (14630024.000.000) 2021-09-16 06:30:30 Image size of job updated: 953
	953  -  MemoryUsage of job (MB)
	976628  -  ResidentSetSize of job (KB)
...
006 (14630024.000.000) 2021-09-16 06:31:31 Image size of job updated: 977
	977  -  MemoryUsage of job (MB)
	1000804  -  ResidentSetSize of job (KB)
...
006 (14630024.000.000) 2021-09-16 06:32:31 Image size of job updated: 1001
	1001  -  MemoryUsage of job (MB)
	1025228  -  ResidentSetSize of job (KB)
...
006 (14630024.000.000) 2021-09-16 06:33:31 Image size of job updated: 1030
	1030  -  MemoryUsage of job (MB)
	1054880  -  ResidentSetSize of job (KB)
...
006 (14630024.000.000) 2021-09-16 06:34:31 Image size of job updated: 1060
	1060  -  MemoryUsage of job (MB)
	1086040  -  ResidentSetSize of job (KB)
...
006 (14630024.000.000) 2021-09-16 06:35:31 Image size of job updated: 1084
	1084  -  MemoryUsage of job (MB)
	1110772  -  ResidentSetSize of job (KB)
...
006 (14630024.000.000) 2021-09-16 06:36:32 Image size of job updated: 1106
	1106  -  MemoryUsage of job (MB)
	1132548  -  ResidentSetSize of job (KB)
...
006 (14630024.000.000) 2021-09-16 06:37:32 Image size of job updated: 1129
	1129  -  MemoryUsage of job (MB)
	1156312  -  ResidentSetSize of job (KB)
...
006 (14630024.000.000) 2021-09-16 06:38:33 Image size of job updated: 1149
	1149  -  MemoryUsage of job (MB)
	1177020  -  ResidentSetSize of job (KB)
...
006 (14630024.000.000) 2021-09-16 06:39:33 Image size of job updated: 1169
	1169  -  MemoryUsage of job (MB)
	1198028  -  ResidentSetSize of job (KB)
...
006 (14630024.000.000) 2021-09-16 06:40:33 Image size of job updated: 1189
	1189  -  MemoryUsage of job (MB)
	1217708  -  ResidentSetSize of job (KB)
...
006 (14630024.000.000) 2021-09-16 06:41:35 Image size of job updated: 1210
	1210  -  MemoryUsage of job (MB)
	1239332  -  ResidentSetSize of job (KB)
...
006 (14630024.000.000) 2021-09-16 06:42:35 Image size of job updated: 1228
	1228  -  MemoryUsage of job (MB)
	1258420  -  ResidentSetSize of job (KB)
...
006 (14630024.000.000) 2021-09-16 06:43:35 Image size of job updated: 1247
	1247  -  MemoryUsage of job (MB)
	1277140  -  ResidentSetSize of job (KB)
...
006 (14630024.000.000) 2021-09-16 06:44:35 Image size of job updated: 1265
	1265  -  MemoryUsage of job (MB)
	1295576  -  ResidentSetSize of job (KB)
...
006 (14630024.000.000) 2021-09-16 06:45:36 Image size of job updated: 1282
	1282  -  MemoryUsage of job (MB)
	1313772  -  ResidentSetSize of job (KB)
...
006 (14630024.000.000) 2021-09-16 06:46:37 Image size of job updated: 1302
	1302  -  MemoryUsage of job (MB)
	1333620  -  ResidentSetSize of job (KB)
...
006 (14630024.000.000) 2021-09-16 06:47:37 Image size of job updated: 1319
	1319  -  MemoryUsage of job (MB)
	1351232  -  ResidentSetSize of job (KB)
...
006 (14630024.000.000) 2021-09-16 06:48:38 Image size of job updated: 1336
	1336  -  MemoryUsage of job (MB)
	1368532  -  ResidentSetSize of job (KB)
...
006 (14630024.000.000) 2021-09-16 06:49:39 Image size of job updated: 1353
	1353  -  MemoryUsage of job (MB)
	1385720  -  ResidentSetSize of job (KB)
...
006 (14630024.000.000) 2021-09-16 06:50:40 Image size of job updated: 1369
	1369  -  MemoryUsage of job (MB)
	1402552  -  ResidentSetSize of job (KB)
...
006 (14630024.000.000) 2021-09-16 06:51:40 Image size of job updated: 1386
	1386  -  MemoryUsage of job (MB)
	1419324  -  ResidentSetSize of job (KB)
...
006 (14630024.000.000) 2021-09-16 06:52:41 Image size of job updated: 1402
	1402  -  MemoryUsage of job (MB)
	1435836  -  ResidentSetSize of job (KB)
...
006 (14630024.000.000) 2021-09-16 06:53:43 Image size of job updated: 1420
	1420  -  MemoryUsage of job (MB)
	1454880  -  ResidentSetSize of job (KB)
...
006 (14630024.000.000) 2021-09-16 06:54:43 Image size of job updated: 1435
	1435  -  MemoryUsage of job (MB)
	1469908  -  ResidentSetSize of job (KB)
...
006 (14630024.000.000) 2021-09-16 06:55:43 Image size of job updated: 1450
	1450  -  MemoryUsage of job (MB)
	1485756  -  ResidentSetSize of job (KB)
...
006 (14630024.000.000) 2021-09-16 06:56:43 Image size of job updated: 1466
	1466  -  MemoryUsage of job (MB)
	1501392  -  ResidentSetSize of job (KB)
...
006 (14630024.000.000) 2021-09-16 06:57:43 Image size of job updated: 1481
	1481  -  MemoryUsage of job (MB)
	1516884  -  ResidentSetSize of job (KB)
...
006 (14630024.000.000) 2021-09-16 06:58:44 Image size of job updated: 1496
	1496  -  MemoryUsage of job (MB)
	1532168  -  ResidentSetSize of job (KB)
...
006 (14630024.000.000) 2021-09-16 06:59:45 Image size of job updated: 1511
	1511  -  MemoryUsage of job (MB)
	1547292  -  ResidentSetSize of job (KB)
...
006 (14630024.000.000) 2021-09-16 07:00:46 Image size of job updated: 1525
	1525  -  MemoryUsage of job (MB)
	1562308  -  ResidentSetSize of job (KB)
...
006 (14630024.000.000) 2021-09-16 07:01:46 Image size of job updated: 1544
	1544  -  MemoryUsage of job (MB)
	1581252  -  ResidentSetSize of job (KB)
...
006 (14630024.000.000) 2021-09-16 07:02:48 Image size of job updated: 1626
	1626  -  MemoryUsage of job (MB)
	1665120  -  ResidentSetSize of job (KB)
...
006 (14630024.000.000) 2021-09-16 07:03:49 Image size of job updated: 1648
	1648  -  MemoryUsage of job (MB)
	1688404  -  ResidentSetSize of job (KB)
...
006 (14630024.000.000) 2021-09-16 07:04:49 Image size of job updated: 1657
	1657  -  MemoryUsage of job (MB)
	1697276  -  ResidentSetSize of job (KB)
...
006 (14630024.000.000) 2021-09-16 07:05:50 Image size of job updated: 1662
	1662  -  MemoryUsage of job (MB)
	1702608  -  ResidentSetSize of job (KB)
...
006 (14630024.000.000) 2021-09-16 07:06:50 Image size of job updated: 1666
	1666  -  MemoryUsage of job (MB)
	1706700  -  ResidentSetSize of job (KB)
...
006 (14630024.000.000) 2021-09-16 07:07:51 Image size of job updated: 1672
	1672  -  MemoryUsage of job (MB)
	1712592  -  ResidentSetSize of job (KB)
...
006 (14630024.000.000) 2021-09-16 07:08:53 Image size of job updated: 1675
	1675  -  MemoryUsage of job (MB)
	1715464  -  ResidentSetSize of job (KB)
...
006 (14630024.000.000) 2021-09-16 07:09:53 Image size of job updated: 1677
	1677  -  MemoryUsage of job (MB)
	1717288  -  ResidentSetSize of job (KB)
...
006 (14630024.000.000) 2021-09-16 07:10:54 Image size of job updated: 1678
	1678  -  MemoryUsage of job (MB)
	1719080  -  ResidentSetSize of job (KB)
...
006 (14630024.000.000) 2021-09-16 07:11:55 Image size of job updated: 1680
	1680  -  MemoryUsage of job (MB)
	1720704  -  ResidentSetSize of job (KB)
...
006 (14630024.000.000) 2021-09-16 07:12:55 Image size of job updated: 1682
	1682  -  MemoryUsage of job (MB)
	1723176  -  ResidentSetSize of job (KB)
...
006 (14630024.000.000) 2021-09-16 07:13:56 Image size of job updated: 1684
	1684  -  MemoryUsage of job (MB)
	1724952  -  ResidentSetSize of job (KB)
...
006 (14630024.000.000) 2021-09-16 07:14:57 Image size of job updated: 1686
	1686  -  MemoryUsage of job (MB)
	1726864  -  ResidentSetSize of job (KB)
...
006 (14630024.000.000) 2021-09-16 07:15:58 Image size of job updated: 1687
	1687  -  MemoryUsage of job (MB)
	1727924  -  ResidentSetSize of job (KB)
...
006 (14630024.000.000) 2021-09-16 07:16:59 Image size of job updated: 1688
	1688  -  MemoryUsage of job (MB)
	1729216  -  ResidentSetSize of job (KB)
...
006 (14630024.000.000) 2021-09-16 07:18:00 Image size of job updated: 1690
	1690  -  MemoryUsage of job (MB)
	1730712  -  ResidentSetSize of job (KB)
...
006 (14630024.000.000) 2021-09-16 07:19:00 Image size of job updated: 1691
	1691  -  MemoryUsage of job (MB)
	1732304  -  ResidentSetSize of job (KB)
...
006 (14630024.000.000) 2021-09-16 07:20:02 Image size of job updated: 1692
	1692  -  MemoryUsage of job (MB)
	1733488  -  ResidentSetSize of job (KB)
...
006 (14630024.000.000) 2021-09-16 07:21:02 Image size of job updated: 1694
	1694  -  MemoryUsage of job (MB)
	1734740  -  ResidentSetSize of job (KB)
...
006 (14630024.000.000) 2021-09-16 07:22:02 Image size of job updated: 1695
	1695  -  MemoryUsage of job (MB)
	1735812  -  ResidentSetSize of job (KB)
...
006 (14630024.000.000) 2021-09-16 07:23:02 Image size of job updated: 1696
	1696  -  MemoryUsage of job (MB)
	1736732  -  ResidentSetSize of job (KB)
...
006 (14630024.000.000) 2021-09-16 07:24:03 Image size of job updated: 1697
	1697  -  MemoryUsage of job (MB)
	1737728  -  ResidentSetSize of job (KB)
...
006 (14630024.000.000) 2021-09-16 07:25:04 Image size of job updated: 1697
	1697  -  MemoryUsage of job (MB)
	1738528  -  ResidentSetSize of job (KB)
...
006 (14630024.000.000) 2021-09-16 07:26:05 Image size of job updated: 1698
	1698  -  MemoryUsage of job (MB)
	1739460  -  ResidentSetSize of job (KB)
...
006 (14630024.000.000) 2021-09-16 07:27:05 Image size of job updated: 1699
	1699  -  MemoryUsage of job (MB)
	1740308  -  ResidentSetSize of job (KB)
...
006 (14630024.000.000) 2021-09-16 07:28:05 Image size of job updated: 1700
	1700  -  MemoryUsage of job (MB)
	1740816  -  ResidentSetSize of job (KB)
...
006 (14630024.000.000) 2021-09-16 07:29:05 Image size of job updated: 1700
	1700  -  MemoryUsage of job (MB)
	1741760  -  ResidentSetSize of job (KB)
...
006 (14630024.000.000) 2021-09-16 07:30:05 Image size of job updated: 1700
	1700  -  MemoryUsage of job (MB)
	1741764  -  ResidentSetSize of job (KB)
...
006 (14630024.000.000) 2021-09-16 07:31:05 Image size of job updated: 1703
	1703  -  MemoryUsage of job (MB)
	1744820  -  ResidentSetSize of job (KB)
...
006 (14630024.000.000) 2021-09-16 07:32:07 Image size of job updated: 1704
	1704  -  MemoryUsage of job (MB)
	1745852  -  ResidentSetSize of job (KB)
...
006 (14630024.000.000) 2021-09-16 07:33:07 Image size of job updated: 1705
	1705  -  MemoryUsage of job (MB)
	1746216  -  ResidentSetSize of job (KB)
...
006 (14630024.000.000) 2021-09-16 07:34:07 Image size of job updated: 1705
	1705  -  MemoryUsage of job (MB)
	1746432  -  ResidentSetSize of job (KB)
...
006 (14630024.000.000) 2021-09-16 07:35:07 Image size of job updated: 1706
	1706  -  MemoryUsage of job (MB)
	1747120  -  ResidentSetSize of job (KB)
...
006 (14630024.000.000) 2021-09-16 07:36:08 Image size of job updated: 1706
	1706  -  MemoryUsage of job (MB)
	1747688  -  ResidentSetSize of job (KB)
...
006 (14630024.000.000) 2021-09-16 07:37:09 Image size of job updated: 1706
	1706  -  MemoryUsage of job (MB)
	1747804  -  ResidentSetSize of job (KB)
...
006 (14630024.000.000) 2021-09-16 07:38:10 Image size of job updated: 1707
	1707  -  MemoryUsage of job (MB)
	1748964  -  ResidentSetSize of job (KB)
...
006 (14630024.000.000) 2021-09-16 07:39:11 Image size of job updated: 1709
	1709  -  MemoryUsage of job (MB)
	1750668  -  ResidentSetSize of job (KB)
...
006 (14630024.000.000) 2021-09-16 07:40:12 Image size of job updated: 1710
	1710  -  MemoryUsage of job (MB)
	1751852  -  ResidentSetSize of job (KB)
...
006 (14630024.000.000) 2021-09-16 07:42:13 Image size of job updated: 1711
	1711  -  MemoryUsage of job (MB)
	1752784  -  ResidentSetSize of job (KB)
...
006 (14630024.000.000) 2021-09-16 07:43:14 Image size of job updated: 1711
	1711  -  MemoryUsage of job (MB)
	1752788  -  ResidentSetSize of job (KB)
...
006 (14630024.000.000) 2021-09-16 07:44:15 Image size of job updated: 1712
	1712  -  MemoryUsage of job (MB)
	1753620  -  ResidentSetSize of job (KB)
...
006 (14630024.000.000) 2021-09-16 07:45:15 Image size of job updated: 1712
	1712  -  MemoryUsage of job (MB)
	1753900  -  ResidentSetSize of job (KB)
...
006 (14630024.000.000) 2021-09-16 07:46:15 Image size of job updated: 1713
	1713  -  MemoryUsage of job (MB)
	1754244  -  ResidentSetSize of job (KB)
...
006 (14630024.000.000) 2021-09-16 07:47:16 Image size of job updated: 1713
	1713  -  MemoryUsage of job (MB)
	1754464  -  ResidentSetSize of job (KB)
...
006 (14630024.000.000) 2021-09-16 07:48:17 Image size of job updated: 1713
	1713  -  MemoryUsage of job (MB)
	1754732  -  ResidentSetSize of job (KB)
...
006 (14630024.000.000) 2021-09-16 07:49:17 Image size of job updated: 1713
	1713  -  MemoryUsage of job (MB)
	1755020  -  ResidentSetSize of job (KB)
...
006 (14630024.000.000) 2021-09-16 07:50:18 Image size of job updated: 1713
	1713  -  MemoryUsage of job (MB)
	1755024  -  ResidentSetSize of job (KB)
...
006 (14630024.000.000) 2021-09-16 07:51:18 Image size of job updated: 1714
	1714  -  MemoryUsage of job (MB)
	1755348  -  ResidentSetSize of job (KB)
...
006 (14630024.000.000) 2021-09-16 07:52:18 Image size of job updated: 1714
	1714  -  MemoryUsage of job (MB)
	1755352  -  ResidentSetSize of job (KB)
...
006 (14630024.000.000) 2021-09-16 07:53:18 Image size of job updated: 1714
	1714  -  MemoryUsage of job (MB)
	1755724  -  ResidentSetSize of job (KB)
...
006 (14630024.000.000) 2021-09-16 07:54:18 Image size of job updated: 1714
	1714  -  MemoryUsage of job (MB)
	1755740  -  ResidentSetSize of job (KB)
...
006 (14630024.000.000) 2021-09-16 07:55:19 Image size of job updated: 1715
	1715  -  MemoryUsage of job (MB)
	1757128  -  ResidentSetSize of job (KB)
...
006 (14630024.000.000) 2021-09-16 07:56:19 Image size of job updated: 1715
	1715  -  MemoryUsage of job (MB)
	1757136  -  ResidentSetSize of job (KB)
...
006 (14630024.000.000) 2021-09-16 07:57:19 Image size of job updated: 1717
	1717  -  MemoryUsage of job (MB)
	1758240  -  ResidentSetSize of job (KB)
...
006 (14630024.000.000) 2021-09-16 07:58:19 Image size of job updated: 1717
	1717  -  MemoryUsage of job (MB)
	1758248  -  ResidentSetSize of job (KB)
...
006 (14630024.000.000) 2021-09-16 07:59:20 Image size of job updated: 1717
	1717  -  MemoryUsage of job (MB)
	1759068  -  ResidentSetSize of job (KB)
...
006 (14630024.000.000) 2021-09-16 08:00:21 Image size of job updated: 1717
	1717  -  MemoryUsage of job (MB)
	1759072  -  ResidentSetSize of job (KB)
...
006 (14630024.000.000) 2021-09-16 08:01:21 Image size of job updated: 1718
	1718  -  MemoryUsage of job (MB)
	1760112  -  ResidentSetSize of job (KB)
...
006 (14630024.000.000) 2021-09-16 08:02:22 Image size of job updated: 1718
	1718  -  MemoryUsage of job (MB)
	1760116  -  ResidentSetSize of job (KB)
...
006 (14630024.000.000) 2021-09-16 08:03:23 Image size of job updated: 1719
	1719  -  MemoryUsage of job (MB)
	1760956  -  ResidentSetSize of job (KB)
...
006 (14630024.000.000) 2021-09-16 08:04:24 Image size of job updated: 1719
	1719  -  MemoryUsage of job (MB)
	1760960  -  ResidentSetSize of job (KB)
...
006 (14630024.000.000) 2021-09-16 08:05:24 Image size of job updated: 1720
	1720  -  MemoryUsage of job (MB)
	1761520  -  ResidentSetSize of job (KB)
...
006 (14630024.000.000) 2021-09-16 08:06:24 Image size of job updated: 1720
	1720  -  MemoryUsage of job (MB)
	1761524  -  ResidentSetSize of job (KB)
...
006 (14630024.000.000) 2021-09-16 08:07:24 Image size of job updated: 1720
	1720  -  MemoryUsage of job (MB)
	1761896  -  ResidentSetSize of job (KB)
...
006 (14630024.000.000) 2021-09-16 08:08:25 Image size of job updated: 1720
	1720  -  MemoryUsage of job (MB)
	1761904  -  ResidentSetSize of job (KB)
...
006 (14630024.000.000) 2021-09-16 08:09:26 Image size of job updated: 1720
	1720  -  MemoryUsage of job (MB)
	1762260  -  ResidentSetSize of job (KB)
...
006 (14630024.000.000) 2021-09-16 08:10:26 Image size of job updated: 1721
	1721  -  MemoryUsage of job (MB)
	1762388  -  ResidentSetSize of job (KB)
...
006 (14630024.000.000) 2021-09-16 08:11:27 Image size of job updated: 1721
	1721  -  MemoryUsage of job (MB)
	1762484  -  ResidentSetSize of job (KB)
...
006 (14630024.000.000) 2021-09-16 08:12:28 Image size of job updated: 1721
	1721  -  MemoryUsage of job (MB)
	1762904  -  ResidentSetSize of job (KB)
...
006 (14630024.000.000) 2021-09-16 08:13:29 Image size of job updated: 1721
	1721  -  MemoryUsage of job (MB)
	1762908  -  ResidentSetSize of job (KB)
...
006 (14630024.000.000) 2021-09-16 08:14:30 Image size of job updated: 1722
	1722  -  MemoryUsage of job (MB)
	1763956  -  ResidentSetSize of job (KB)
...
006 (14630024.000.000) 2021-09-16 08:15:31 Image size of job updated: 1722
	1722  -  MemoryUsage of job (MB)
	1763964  -  ResidentSetSize of job (KB)
...
006 (14630024.000.000) 2021-09-16 08:16:32 Image size of job updated: 1723
	1723  -  MemoryUsage of job (MB)
	1765160  -  ResidentSetSize of job (KB)
...
006 (14630024.000.000) 2021-09-16 08:17:33 Image size of job updated: 1723
	1723  -  MemoryUsage of job (MB)
	1765168  -  ResidentSetSize of job (KB)
...
006 (14630024.000.000) 2021-09-16 08:18:33 Image size of job updated: 1724
	1724  -  MemoryUsage of job (MB)
	1766268  -  ResidentSetSize of job (KB)
...
006 (14630024.000.000) 2021-09-16 08:19:33 Image size of job updated: 1724
	1724  -  MemoryUsage of job (MB)
	1766272  -  ResidentSetSize of job (KB)
...
006 (14630024.000.000) 2021-09-16 08:20:34 Image size of job updated: 1725
	1725  -  MemoryUsage of job (MB)
	1766736  -  ResidentSetSize of job (KB)
...
006 (14630024.000.000) 2021-09-16 08:21:34 Image size of job updated: 1726
	1726  -  MemoryUsage of job (MB)
	1767524  -  ResidentSetSize of job (KB)
...
006 (14630024.000.000) 2021-09-16 08:22:35 Image size of job updated: 1726
	1726  -  MemoryUsage of job (MB)
	1768004  -  ResidentSetSize of job (KB)
...
006 (14630024.000.000) 2021-09-16 08:23:35 Image size of job updated: 1726
	1726  -  MemoryUsage of job (MB)
	1768288  -  ResidentSetSize of job (KB)
...
006 (14630024.000.000) 2021-09-16 08:24:35 Image size of job updated: 1727
	1727  -  MemoryUsage of job (MB)
	1768708  -  ResidentSetSize of job (KB)
...
006 (14630024.000.000) 2021-09-16 08:25:36 Image size of job updated: 1728
	1728  -  MemoryUsage of job (MB)
	1769540  -  ResidentSetSize of job (KB)
...
006 (14630024.000.000) 2021-09-16 08:26:36 Image size of job updated: 1728
	1728  -  MemoryUsage of job (MB)
	1769984  -  ResidentSetSize of job (KB)
...
006 (14630024.000.000) 2021-09-16 08:27:36 Image size of job updated: 1728
	1728  -  MemoryUsage of job (MB)
	1770484  -  ResidentSetSize of job (KB)
...
006 (14630024.000.000) 2021-09-16 08:29:38 Image size of job updated: 1729
	1729  -  MemoryUsage of job (MB)
	1771244  -  ResidentSetSize of job (KB)
...
006 (14630024.000.000) 2021-09-16 08:30:38 Image size of job updated: 1730
	1730  -  MemoryUsage of job (MB)
	1772216  -  ResidentSetSize of job (KB)
...
006 (14630024.000.000) 2021-09-16 08:31:39 Image size of job updated: 1731
	1731  -  MemoryUsage of job (MB)
	1772680  -  ResidentSetSize of job (KB)
...
006 (14630024.000.000) 2021-09-16 08:32:39 Image size of job updated: 1732
	1732  -  MemoryUsage of job (MB)
	1773600  -  ResidentSetSize of job (KB)
...
006 (14630024.000.000) 2021-09-16 08:33:39 Image size of job updated: 1732
	1732  -  MemoryUsage of job (MB)
	1773884  -  ResidentSetSize of job (KB)
...
006 (14630024.000.000) 2021-09-16 08:34:40 Image size of job updated: 1733
	1733  -  MemoryUsage of job (MB)
	1775180  -  ResidentSetSize of job (KB)
...
006 (14630024.000.000) 2021-09-16 08:35:41 Image size of job updated: 1734
	1734  -  MemoryUsage of job (MB)
	1775840  -  ResidentSetSize of job (KB)
...
006 (14630024.000.000) 2021-09-16 08:36:42 Image size of job updated: 1735
	1735  -  MemoryUsage of job (MB)
	1776704  -  ResidentSetSize of job (KB)
...
006 (14630024.000.000) 2021-09-16 08:37:42 Image size of job updated: 1735
	1735  -  MemoryUsage of job (MB)
	1777484  -  ResidentSetSize of job (KB)
...
006 (14630024.000.000) 2021-09-16 08:38:42 Image size of job updated: 1736
	1736  -  MemoryUsage of job (MB)
	1778284  -  ResidentSetSize of job (KB)
...
006 (14630024.000.000) 2021-09-16 08:39:43 Image size of job updated: 1736
	1736  -  MemoryUsage of job (MB)
	1778584  -  ResidentSetSize of job (KB)
...
006 (14630024.000.000) 2021-09-16 08:40:43 Image size of job updated: 1737
	1737  -  MemoryUsage of job (MB)
	1778764  -  ResidentSetSize of job (KB)
...
006 (14630024.000.000) 2021-09-16 08:41:43 Image size of job updated: 1738
	1738  -  MemoryUsage of job (MB)
	1779856  -  ResidentSetSize of job (KB)
...
006 (14630024.000.000) 2021-09-16 08:42:44 Image size of job updated: 1738
	1738  -  MemoryUsage of job (MB)
	1780152  -  ResidentSetSize of job (KB)
...
006 (14630024.000.000) 2021-09-16 08:43:45 Image size of job updated: 1738
	1738  -  MemoryUsage of job (MB)
	1780380  -  ResidentSetSize of job (KB)
...
006 (14630024.000.000) 2021-09-16 08:44:46 Image size of job updated: 1740
	1740  -  MemoryUsage of job (MB)
	1781816  -  ResidentSetSize of job (KB)
...
006 (14630024.000.000) 2021-09-16 08:45:46 Image size of job updated: 1740
	1740  -  MemoryUsage of job (MB)
	1782416  -  ResidentSetSize of job (KB)
...
006 (14630024.000.000) 2021-09-16 08:46:46 Image size of job updated: 1741
	1741  -  MemoryUsage of job (MB)
	1782884  -  ResidentSetSize of job (KB)
...
006 (14630024.000.000) 2021-09-16 08:47:47 Image size of job updated: 1742
	1742  -  MemoryUsage of job (MB)
	1783892  -  ResidentSetSize of job (KB)
...
006 (14630024.000.000) 2021-09-16 08:48:47 Image size of job updated: 1742
	1742  -  MemoryUsage of job (MB)
	1784472  -  ResidentSetSize of job (KB)
...
006 (14630024.000.000) 2021-09-16 08:49:47 Image size of job updated: 1743
	1743  -  MemoryUsage of job (MB)
	1785020  -  ResidentSetSize of job (KB)
...
006 (14630024.000.000) 2021-09-16 08:50:48 Image size of job updated: 1743
	1743  -  MemoryUsage of job (MB)
	1785596  -  ResidentSetSize of job (KB)
...
006 (14630024.000.000) 2021-09-16 08:51:50 Image size of job updated: 1744
	1744  -  MemoryUsage of job (MB)
	1786076  -  ResidentSetSize of job (KB)
...
006 (14630024.000.000) 2021-09-16 08:52:50 Image size of job updated: 1744
	1744  -  MemoryUsage of job (MB)
	1786720  -  ResidentSetSize of job (KB)
...
006 (14630024.000.000) 2021-09-16 08:53:51 Image size of job updated: 1746
	1746  -  MemoryUsage of job (MB)
	1787912  -  ResidentSetSize of job (KB)
...
006 (14630024.000.000) 2021-09-16 08:54:52 Image size of job updated: 1746
	1746  -  MemoryUsage of job (MB)
	1788540  -  ResidentSetSize of job (KB)
...
040 (14630024.000.000) 2021-09-16 08:55:38 Started transferring output files
...
040 (14630024.000.000) 2021-09-16 08:55:38 Finished transferring output files
...
005 (14630024.000.000) 2021-09-16 08:55:40 Job terminated.
	(1) Normal termination (return value 0)
		Usr 0 01:04:58, Sys 0 01:30:47  -  Run Remote Usage
		Usr 0 00:00:00, Sys 0 00:00:00  -  Run Local Usage
		Usr 0 01:04:58, Sys 0 01:30:47  -  Total Remote Usage
		Usr 0 00:00:00, Sys 0 00:00:00  -  Total Local Usage
	1226079  -  Run Bytes Sent By Job
	8471562  -  Run Bytes Received By Job
	1226079  -  Total Bytes Sent By Job
	8471562  -  Total Bytes Received By Job
	Partitionable Resources :    Usage  Request Allocated 
	   Cpus                 :     0.00        1         1 
	   Disk (KB)            : 26547       10000   1628102 
	   Memory (MB)          :  1746        2048      2048 

	Job terminated of its own accord at 2021-09-16T13:55:38Z.
...
000 (14733505.000.000) 2021-09-24 22:32:51 Job submitted from host: <131.225.188.55:9618?addrs=131.225.188.55-9618&alias=lpcschedd1.fnal.gov&noUDP&sock=schedd_2070_6d22>
...
040 (14733505.000.000) 2021-09-25 02:51:43 Started transferring input files
	Transferring to host: <131.225.204.116:9618?addrs=131.225.204.116-9618&alias=cmswn1720.fnal.gov&noUDP&sock=slot1_7_1208_e52a_6888>
...
040 (14733505.000.000) 2021-09-25 02:51:43 Finished transferring input files
...
001 (14733505.000.000) 2021-09-25 02:51:44 Job executing on host: <131.225.204.116:9618?addrs=131.225.204.116-9618&alias=cmswn1720.fnal.gov&noUDP&sock=startd_1127_9b53>
...
006 (14733505.000.000) 2021-09-25 02:51:53 Image size of job updated: 60
	60  -  MemoryUsage of job (MB)
	62220  -  ResidentSetSize of job (KB)
...
006 (14733505.000.000) 2021-09-25 02:52:54 Image size of job updated: 527
	527  -  MemoryUsage of job (MB)
	540364  -  ResidentSetSize of job (KB)
...
006 (14733505.000.000) 2021-09-25 02:56:57 Image size of job updated: 577
	577  -  MemoryUsage of job (MB)
	591248  -  ResidentSetSize of job (KB)
...
006 (14733505.000.000) 2021-09-25 02:57:57 Image size of job updated: 625
	625  -  MemoryUsage of job (MB)
	640140  -  ResidentSetSize of job (KB)
...
006 (14733505.000.000) 2021-09-25 02:58:57 Image size of job updated: 665
	665  -  MemoryUsage of job (MB)
	681740  -  ResidentSetSize of job (KB)
...
006 (14733505.000.000) 2021-09-25 02:59:57 Image size of job updated: 700
	700  -  MemoryUsage of job (MB)
	717148  -  ResidentSetSize of job (KB)
...
006 (14733505.000.000) 2021-09-25 03:00:57 Image size of job updated: 735
	735  -  MemoryUsage of job (MB)
	752964  -  ResidentSetSize of job (KB)
...
006 (14733505.000.000) 2021-09-25 03:01:57 Image size of job updated: 768
	768  -  MemoryUsage of job (MB)
	786980  -  ResidentSetSize of job (KB)
...
006 (14733505.000.000) 2021-09-25 03:02:57 Image size of job updated: 800
	800  -  MemoryUsage of job (MB)
	819976  -  ResidentSetSize of job (KB)
...
006 (14733505.000.000) 2021-09-25 03:03:58 Image size of job updated: 830
	830  -  MemoryUsage of job (MB)
	850624  -  ResidentSetSize of job (KB)
...
006 (14733505.000.000) 2021-09-25 03:04:58 Image size of job updated: 861
	861  -  MemoryUsage of job (MB)
	882152  -  ResidentSetSize of job (KB)
...
006 (14733505.000.000) 2021-09-25 03:05:59 Image size of job updated: 901
	901  -  MemoryUsage of job (MB)
	922652  -  ResidentSetSize of job (KB)
...
006 (14733505.000.000) 2021-09-25 03:07:00 Image size of job updated: 929
	929  -  MemoryUsage of job (MB)
	951688  -  ResidentSetSize of job (KB)
...
006 (14733505.000.000) 2021-09-25 03:08:01 Image size of job updated: 956
	956  -  MemoryUsage of job (MB)
	978984  -  ResidentSetSize of job (KB)
...
006 (14733505.000.000) 2021-09-25 03:09:01 Image size of job updated: 981
	981  -  MemoryUsage of job (MB)
	1005000  -  ResidentSetSize of job (KB)
...
006 (14733505.000.000) 2021-09-25 03:10:01 Image size of job updated: 1004
	1004  -  MemoryUsage of job (MB)
	1028308  -  ResidentSetSize of job (KB)
...
006 (14733505.000.000) 2021-09-25 03:11:01 Image size of job updated: 1031
	1031  -  MemoryUsage of job (MB)
	1056508  -  ResidentSetSize of job (KB)
...
006 (14733505.000.000) 2021-09-25 03:12:01 Image size of job updated: 1063
	1063  -  MemoryUsage of job (MB)
	1088808  -  ResidentSetSize of job (KB)
...
006 (14733505.000.000) 2021-09-25 03:13:01 Image size of job updated: 1088
	1088  -  MemoryUsage of job (MB)
	1114744  -  ResidentSetSize of job (KB)
...
006 (14733505.000.000) 2021-09-25 03:14:02 Image size of job updated: 1111
	1111  -  MemoryUsage of job (MB)
	1137852  -  ResidentSetSize of job (KB)
...
006 (14733505.000.000) 2021-09-25 03:15:03 Image size of job updated: 1133
	1133  -  MemoryUsage of job (MB)
	1160232  -  ResidentSetSize of job (KB)
...
006 (14733505.000.000) 2021-09-25 03:16:04 Image size of job updated: 1154
	1154  -  MemoryUsage of job (MB)
	1182600  -  ResidentSetSize of job (KB)
...
006 (14733505.000.000) 2021-09-25 03:17:05 Image size of job updated: 1175
	1175  -  MemoryUsage of job (MB)
	1203868  -  ResidentSetSize of job (KB)
...
006 (14733505.000.000) 2021-09-25 03:18:06 Image size of job updated: 1195
	1195  -  MemoryUsage of job (MB)
	1224608  -  ResidentSetSize of job (KB)
...
006 (14733505.000.000) 2021-09-25 03:19:07 Image size of job updated: 1215
	1215  -  MemoryUsage of job (MB)
	1244904  -  ResidentSetSize of job (KB)
...
006 (14733505.000.000) 2021-09-25 03:20:08 Image size of job updated: 1235
	1235  -  MemoryUsage of job (MB)
	1264900  -  ResidentSetSize of job (KB)
...
006 (14733505.000.000) 2021-09-25 03:21:09 Image size of job updated: 1254
	1254  -  MemoryUsage of job (MB)
	1284836  -  ResidentSetSize of job (KB)
...
006 (14733505.000.000) 2021-09-25 03:22:10 Image size of job updated: 1273
	1273  -  MemoryUsage of job (MB)
	1304548  -  ResidentSetSize of job (KB)
...
006 (14733505.000.000) 2021-09-25 03:23:10 Image size of job updated: 1290
	1290  -  MemoryUsage of job (MB)
	1321552  -  ResidentSetSize of job (KB)
...
006 (14733505.000.000) 2021-09-25 03:24:10 Image size of job updated: 1308
	1308  -  MemoryUsage of job (MB)
	1340284  -  ResidentSetSize of job (KB)
...
006 (14733505.000.000) 2021-09-25 03:25:11 Image size of job updated: 1326
	1326  -  MemoryUsage of job (MB)
	1358528  -  ResidentSetSize of job (KB)
...
006 (14733505.000.000) 2021-09-25 03:26:12 Image size of job updated: 1344
	1344  -  MemoryUsage of job (MB)
	1376332  -  ResidentSetSize of job (KB)
...
006 (14733505.000.000) 2021-09-25 03:27:13 Image size of job updated: 1361
	1361  -  MemoryUsage of job (MB)
	1393692  -  ResidentSetSize of job (KB)
...
006 (14733505.000.000) 2021-09-25 03:28:14 Image size of job updated: 1377
	1377  -  MemoryUsage of job (MB)
	1410940  -  ResidentSetSize of job (KB)
...
006 (14733505.000.000) 2021-09-25 03:29:15 Image size of job updated: 1394
	1394  -  MemoryUsage of job (MB)
	1427800  -  ResidentSetSize of job (KB)
...
006 (14733505.000.000) 2021-09-25 03:30:16 Image size of job updated: 1410
	1410  -  MemoryUsage of job (MB)
	1444520  -  ResidentSetSize of job (KB)
...
006 (14733505.000.000) 2021-09-25 03:31:17 Image size of job updated: 1426
	1426  -  MemoryUsage of job (MB)
	1461072  -  ResidentSetSize of job (KB)
...
006 (14733505.000.000) 2021-09-25 03:32:18 Image size of job updated: 1442
	1442  -  MemoryUsage of job (MB)
	1477276  -  ResidentSetSize of job (KB)
...
006 (14733505.000.000) 2021-09-25 03:33:19 Image size of job updated: 1458
	1458  -  MemoryUsage of job (MB)
	1493352  -  ResidentSetSize of job (KB)
...
006 (14733505.000.000) 2021-09-25 03:34:20 Image size of job updated: 1473
	1473  -  MemoryUsage of job (MB)
	1509128  -  ResidentSetSize of job (KB)
...
006 (14733505.000.000) 2021-09-25 03:35:21 Image size of job updated: 1488
	1488  -  MemoryUsage of job (MB)
	1524700  -  ResidentSetSize of job (KB)
...
006 (14733505.000.000) 2021-09-25 03:36:22 Image size of job updated: 1504
	1504  -  MemoryUsage of job (MB)
	1540100  -  ResidentSetSize of job (KB)
...
006 (14733505.000.000) 2021-09-25 03:37:23 Image size of job updated: 1518
	1518  -  MemoryUsage of job (MB)
	1555164  -  ResidentSetSize of job (KB)
...
006 (14733505.000.000) 2021-09-25 03:38:24 Image size of job updated: 1533
	1533  -  MemoryUsage of job (MB)
	1570052  -  ResidentSetSize of job (KB)
...
006 (14733505.000.000) 2021-09-25 03:39:25 Image size of job updated: 1625
	1625  -  MemoryUsage of job (MB)
	1664708  -  ResidentSetSize of job (KB)
...
006 (14733505.000.000) 2021-09-25 03:40:26 Image size of job updated: 1663
	1663  -  MemoryUsage of job (MB)
	1703172  -  ResidentSetSize of job (KB)
...
006 (14733505.000.000) 2021-09-25 03:41:27 Image size of job updated: 1670
	1670  -  MemoryUsage of job (MB)
	1710880  -  ResidentSetSize of job (KB)
...
006 (14733505.000.000) 2021-09-25 03:42:28 Image size of job updated: 1677
	1677  -  MemoryUsage of job (MB)
	1717496  -  ResidentSetSize of job (KB)
...
006 (14733505.000.000) 2021-09-25 03:43:29 Image size of job updated: 1682
	1682  -  MemoryUsage of job (MB)
	1722692  -  ResidentSetSize of job (KB)
...
006 (14733505.000.000) 2021-09-25 03:44:30 Image size of job updated: 1686
	1686  -  MemoryUsage of job (MB)
	1727076  -  ResidentSetSize of job (KB)
...
006 (14733505.000.000) 2021-09-25 03:45:30 Image size of job updated: 1689
	1689  -  MemoryUsage of job (MB)
	1730124  -  ResidentSetSize of job (KB)
...
006 (14733505.000.000) 2021-09-25 03:46:30 Image size of job updated: 1692
	1692  -  MemoryUsage of job (MB)
	1733388  -  ResidentSetSize of job (KB)
...
006 (14733505.000.000) 2021-09-25 03:47:30 Image size of job updated: 1695
	1695  -  MemoryUsage of job (MB)
	1736132  -  ResidentSetSize of job (KB)
...
006 (14733505.000.000) 2021-09-25 03:48:31 Image size of job updated: 1699
	1699  -  MemoryUsage of job (MB)
	1740300  -  ResidentSetSize of job (KB)
...
006 (14733505.000.000) 2021-09-25 03:49:32 Image size of job updated: 1702
	1702  -  MemoryUsage of job (MB)
	1743540  -  ResidentSetSize of job (KB)
...
006 (14733505.000.000) 2021-09-25 03:50:33 Image size of job updated: 1708
	1708  -  MemoryUsage of job (MB)
	1749444  -  ResidentSetSize of job (KB)
...
006 (14733505.000.000) 2021-09-25 03:51:33 Image size of job updated: 1710
	1710  -  MemoryUsage of job (MB)
	1751664  -  ResidentSetSize of job (KB)
...
006 (14733505.000.000) 2021-09-25 03:52:33 Image size of job updated: 1714
	1714  -  MemoryUsage of job (MB)
	1755392  -  ResidentSetSize of job (KB)
...
006 (14733505.000.000) 2021-09-25 03:53:33 Image size of job updated: 1717
	1717  -  MemoryUsage of job (MB)
	1758472  -  ResidentSetSize of job (KB)
...
006 (14733505.000.000) 2021-09-25 03:54:33 Image size of job updated: 1718
	1718  -  MemoryUsage of job (MB)
	1759756  -  ResidentSetSize of job (KB)
...
006 (14733505.000.000) 2021-09-25 03:55:33 Image size of job updated: 1722
	1722  -  MemoryUsage of job (MB)
	1763900  -  ResidentSetSize of job (KB)
...
006 (14733505.000.000) 2021-09-25 03:56:33 Image size of job updated: 1726
	1726  -  MemoryUsage of job (MB)
	1767468  -  ResidentSetSize of job (KB)
...
006 (14733505.000.000) 2021-09-25 03:57:34 Image size of job updated: 1728
	1728  -  MemoryUsage of job (MB)
	1769628  -  ResidentSetSize of job (KB)
...
006 (14733505.000.000) 2021-09-25 03:58:35 Image size of job updated: 1730
	1730  -  MemoryUsage of job (MB)
	1771560  -  ResidentSetSize of job (KB)
...
006 (14733505.000.000) 2021-09-25 03:59:36 Image size of job updated: 1731
	1731  -  MemoryUsage of job (MB)
	1772956  -  ResidentSetSize of job (KB)
...
006 (14733505.000.000) 2021-09-25 04:00:37 Image size of job updated: 1733
	1733  -  MemoryUsage of job (MB)
	1774960  -  ResidentSetSize of job (KB)
...
006 (14733505.000.000) 2021-09-25 04:01:38 Image size of job updated: 1734
	1734  -  MemoryUsage of job (MB)
	1776388  -  ResidentSetSize of job (KB)
...
006 (14733505.000.000) 2021-09-25 04:02:39 Image size of job updated: 1736
	1736  -  MemoryUsage of job (MB)
	1778256  -  ResidentSetSize of job (KB)
...
006 (14733505.000.000) 2021-09-25 04:03:39 Image size of job updated: 1737
	1737  -  MemoryUsage of job (MB)
	1779664  -  ResidentSetSize of job (KB)
...
006 (14733505.000.000) 2021-09-25 04:04:39 Image size of job updated: 1740
	1740  -  MemoryUsage of job (MB)
	1782108  -  ResidentSetSize of job (KB)
...
006 (14733505.000.000) 2021-09-25 04:05:39 Image size of job updated: 1742
	1742  -  MemoryUsage of job (MB)
	1784412  -  ResidentSetSize of job (KB)
...
006 (14733505.000.000) 2021-09-25 04:06:40 Image size of job updated: 1743
	1743  -  MemoryUsage of job (MB)
	1785664  -  ResidentSetSize of job (KB)
...
006 (14733505.000.000) 2021-09-25 04:07:41 Image size of job updated: 1745
	1745  -  MemoryUsage of job (MB)
	1787460  -  ResidentSetSize of job (KB)
...
006 (14733505.000.000) 2021-09-25 04:08:16 Image size of job updated: 1746
	1746  -  MemoryUsage of job (MB)
	1787948  -  ResidentSetSize of job (KB)
...
040 (14733505.000.000) 2021-09-25 04:08:16 Started transferring output files
...
040 (14733505.000.000) 2021-09-25 04:08:17 Finished transferring output files
...
005 (14733505.000.000) 2021-09-25 04:08:17 Job terminated.
	(1) Normal termination (return value 0)
		Usr 0 00:00:00, Sys 0 00:00:00  -  Run Remote Usage
		Usr 0 00:00:00, Sys 0 00:00:00  -  Run Local Usage
		Usr 0 00:55:45, Sys 0 00:15:43  -  Total Remote Usage
		Usr 0 00:00:00, Sys 0 00:00:00  -  Total Local Usage
	1233408  -  Run Bytes Sent By Job
	8471570  -  Run Bytes Received By Job
	1233408  -  Total Bytes Sent By Job
	8471570  -  Total Bytes Received By Job
	Partitionable Resources :    Usage  Request Allocated 
	   Cpus                 :     0.00        1         1 
	   Disk (KB)            : 26781       10000    310818 
	   Memory (MB)          :  1746        2048      2048 

	Job terminated of its own accord at 2021-09-25T09:08:16Z.
...
