000 (14630056.000.000) 2021-09-16 05:47:43 Job submitted from host: <131.225.188.55:9618?addrs=131.225.188.55-9618&alias=lpcschedd1.fnal.gov&noUDP&sock=schedd_2070_6d22>
...
040 (14630056.000.000) 2021-09-16 13:05:02 Started transferring input files
	Transferring to host: <131.225.205.181:9618?addrs=131.225.205.181-9618&alias=cmswn1955.fnal.gov&noUDP&sock=slot1_6_1533_e317_1194>
...
040 (14630056.000.000) 2021-09-16 13:05:02 Finished transferring input files
...
001 (14630056.000.000) 2021-09-16 13:05:03 Job executing on host: <131.225.205.181:9618?addrs=131.225.205.181-9618&alias=cmswn1955.fnal.gov&noUDP&sock=startd_1434_2ee6>
...
006 (14630056.000.000) 2021-09-16 13:05:12 Image size of job updated: 14
	14  -  MemoryUsage of job (MB)
	15112  -  ResidentSetSize of job (KB)
...
006 (14630056.000.000) 2021-09-16 13:06:12 Image size of job updated: 494
	494  -  MemoryUsage of job (MB)
	506592  -  ResidentSetSize of job (KB)
...
006 (14630056.000.000) 2021-09-16 13:07:13 Image size of job updated: 555
	555  -  MemoryUsage of job (MB)
	569192  -  ResidentSetSize of job (KB)
...
006 (14630056.000.000) 2021-09-16 13:11:14 Image size of job updated: 588
	588  -  MemoryUsage of job (MB)
	602932  -  ResidentSetSize of job (KB)
...
006 (14630056.000.000) 2021-09-16 13:12:14 Image size of job updated: 632
	632  -  MemoryUsage of job (MB)
	647684  -  ResidentSetSize of job (KB)
...
006 (14630056.000.000) 2021-09-16 13:13:15 Image size of job updated: 674
	674  -  MemoryUsage of job (MB)
	690928  -  ResidentSetSize of job (KB)
...
006 (14630056.000.000) 2021-09-16 13:14:16 Image size of job updated: 710
	710  -  MemoryUsage of job (MB)
	727192  -  ResidentSetSize of job (KB)
...
006 (14630056.000.000) 2021-09-16 13:15:16 Image size of job updated: 743
	743  -  MemoryUsage of job (MB)
	761256  -  ResidentSetSize of job (KB)
...
006 (14630056.000.000) 2021-09-16 13:16:17 Image size of job updated: 774
	774  -  MemoryUsage of job (MB)
	793396  -  ResidentSetSize of job (KB)
...
006 (14630056.000.000) 2021-09-16 13:17:17 Image size of job updated: 808
	808  -  MemoryUsage of job (MB)
	828076  -  ResidentSetSize of job (KB)
...
006 (14630056.000.000) 2021-09-16 13:18:18 Image size of job updated: 839
	839  -  MemoryUsage of job (MB)
	859256  -  ResidentSetSize of job (KB)
...
006 (14630056.000.000) 2021-09-16 13:19:18 Image size of job updated: 866
	866  -  MemoryUsage of job (MB)
	887448  -  ResidentSetSize of job (KB)
...
006 (14630056.000.000) 2021-09-16 13:20:19 Image size of job updated: 905
	905  -  MemoryUsage of job (MB)
	926852  -  ResidentSetSize of job (KB)
...
006 (14630056.000.000) 2021-09-16 13:21:20 Image size of job updated: 932
	932  -  MemoryUsage of job (MB)
	955268  -  ResidentSetSize of job (KB)
...
006 (14630056.000.000) 2021-09-16 13:22:21 Image size of job updated: 961
	961  -  MemoryUsage of job (MB)
	984468  -  ResidentSetSize of job (KB)
...
006 (14630056.000.000) 2021-09-16 13:23:21 Image size of job updated: 985
	985  -  MemoryUsage of job (MB)
	1009356  -  ResidentSetSize of job (KB)
...
006 (14630056.000.000) 2021-09-16 13:24:22 Image size of job updated: 1009
	1009  -  MemoryUsage of job (MB)
	1034032  -  ResidentSetSize of job (KB)
...
006 (14630056.000.000) 2021-09-16 13:25:22 Image size of job updated: 1037
	1037  -  MemoryUsage of job (MB)
	1062272  -  ResidentSetSize of job (KB)
...
006 (14630056.000.000) 2021-09-16 13:26:23 Image size of job updated: 1069
	1069  -  MemoryUsage of job (MB)
	1095604  -  ResidentSetSize of job (KB)
...
006 (14630056.000.000) 2021-09-16 13:27:24 Image size of job updated: 1091
	1091  -  MemoryUsage of job (MB)
	1117764  -  ResidentSetSize of job (KB)
...
006 (14630056.000.000) 2021-09-16 13:28:25 Image size of job updated: 1115
	1115  -  MemoryUsage of job (MB)
	1141968  -  ResidentSetSize of job (KB)
...
006 (14630056.000.000) 2021-09-16 13:29:25 Image size of job updated: 1136
	1136  -  MemoryUsage of job (MB)
	1163684  -  ResidentSetSize of job (KB)
...
006 (14630056.000.000) 2021-09-16 13:30:26 Image size of job updated: 1157
	1157  -  MemoryUsage of job (MB)
	1185320  -  ResidentSetSize of job (KB)
...
006 (14630056.000.000) 2021-09-16 13:31:26 Image size of job updated: 1177
	1177  -  MemoryUsage of job (MB)
	1205908  -  ResidentSetSize of job (KB)
...
006 (14630056.000.000) 2021-09-16 13:32:27 Image size of job updated: 1197
	1197  -  MemoryUsage of job (MB)
	1226052  -  ResidentSetSize of job (KB)
...
006 (14630056.000.000) 2021-09-16 13:33:28 Image size of job updated: 1216
	1216  -  MemoryUsage of job (MB)
	1245840  -  ResidentSetSize of job (KB)
...
006 (14630056.000.000) 2021-09-16 13:34:29 Image size of job updated: 1237
	1237  -  MemoryUsage of job (MB)
	1267160  -  ResidentSetSize of job (KB)
...
006 (14630056.000.000) 2021-09-16 13:35:29 Image size of job updated: 1255
	1255  -  MemoryUsage of job (MB)
	1285996  -  ResidentSetSize of job (KB)
...
006 (14630056.000.000) 2021-09-16 13:36:30 Image size of job updated: 1274
	1274  -  MemoryUsage of job (MB)
	1304736  -  ResidentSetSize of job (KB)
...
006 (14630056.000.000) 2021-09-16 13:37:31 Image size of job updated: 1291
	1291  -  MemoryUsage of job (MB)
	1322840  -  ResidentSetSize of job (KB)
...
006 (14630056.000.000) 2021-09-16 13:38:32 Image size of job updated: 1311
	1311  -  MemoryUsage of job (MB)
	1342720  -  ResidentSetSize of job (KB)
...
006 (14630056.000.000) 2021-09-16 13:39:32 Image size of job updated: 1328
	1328  -  MemoryUsage of job (MB)
	1360408  -  ResidentSetSize of job (KB)
...
006 (14630056.000.000) 2021-09-16 13:40:32 Image size of job updated: 1345
	1345  -  MemoryUsage of job (MB)
	1377760  -  ResidentSetSize of job (KB)
...
006 (14630056.000.000) 2021-09-16 13:41:33 Image size of job updated: 1362
	1362  -  MemoryUsage of job (MB)
	1394788  -  ResidentSetSize of job (KB)
...
006 (14630056.000.000) 2021-09-16 13:42:33 Image size of job updated: 1378
	1378  -  MemoryUsage of job (MB)
	1411372  -  ResidentSetSize of job (KB)
...
006 (14630056.000.000) 2021-09-16 13:43:33 Image size of job updated: 1394
	1394  -  MemoryUsage of job (MB)
	1427476  -  ResidentSetSize of job (KB)
...
006 (14630056.000.000) 2021-09-16 13:44:34 Image size of job updated: 1411
	1411  -  MemoryUsage of job (MB)
	1445536  -  ResidentSetSize of job (KB)
...
006 (14630056.000.000) 2021-09-16 13:45:35 Image size of job updated: 1427
	1427  -  MemoryUsage of job (MB)
	1461588  -  ResidentSetSize of job (KB)
...
006 (14630056.000.000) 2021-09-16 13:46:35 Image size of job updated: 1442
	1442  -  MemoryUsage of job (MB)
	1477408  -  ResidentSetSize of job (KB)
...
006 (14630056.000.000) 2021-09-16 13:47:35 Image size of job updated: 1458
	1458  -  MemoryUsage of job (MB)
	1493324  -  ResidentSetSize of job (KB)
...
006 (14630056.000.000) 2021-09-16 13:48:36 Image size of job updated: 1473
	1473  -  MemoryUsage of job (MB)
	1508956  -  ResidentSetSize of job (KB)
...
006 (14630056.000.000) 2021-09-16 13:49:37 Image size of job updated: 1490
	1490  -  MemoryUsage of job (MB)
	1526080  -  ResidentSetSize of job (KB)
...
006 (14630056.000.000) 2021-09-16 13:50:38 Image size of job updated: 1505
	1505  -  MemoryUsage of job (MB)
	1541172  -  ResidentSetSize of job (KB)
...
006 (14630056.000.000) 2021-09-16 13:51:39 Image size of job updated: 1519
	1519  -  MemoryUsage of job (MB)
	1556184  -  ResidentSetSize of job (KB)
...
006 (14630056.000.000) 2021-09-16 13:52:39 Image size of job updated: 1534
	1534  -  MemoryUsage of job (MB)
	1571132  -  ResidentSetSize of job (KB)
...
006 (14630056.000.000) 2021-09-16 13:53:41 Image size of job updated: 1626
	1626  -  MemoryUsage of job (MB)
	1665092  -  ResidentSetSize of job (KB)
...
006 (14630056.000.000) 2021-09-16 13:54:41 Image size of job updated: 1670
	1670  -  MemoryUsage of job (MB)
	1710692  -  ResidentSetSize of job (KB)
...
006 (14630056.000.000) 2021-09-16 13:55:42 Image size of job updated: 1687
	1687  -  MemoryUsage of job (MB)
	1728272  -  ResidentSetSize of job (KB)
...
006 (14630056.000.000) 2021-09-16 13:56:43 Image size of job updated: 1699
	1699  -  MemoryUsage of job (MB)
	1740136  -  ResidentSetSize of job (KB)
...
006 (14630056.000.000) 2021-09-16 13:57:43 Image size of job updated: 1706
	1706  -  MemoryUsage of job (MB)
	1747748  -  ResidentSetSize of job (KB)
...
006 (14630056.000.000) 2021-09-16 13:58:43 Image size of job updated: 1710
	1710  -  MemoryUsage of job (MB)
	1751160  -  ResidentSetSize of job (KB)
...
006 (14630056.000.000) 2021-09-16 13:59:43 Image size of job updated: 1714
	1714  -  MemoryUsage of job (MB)
	1756088  -  ResidentSetSize of job (KB)
...
006 (14630056.000.000) 2021-09-16 14:00:44 Image size of job updated: 1718
	1718  -  MemoryUsage of job (MB)
	1759740  -  ResidentSetSize of job (KB)
...
006 (14630056.000.000) 2021-09-16 14:01:45 Image size of job updated: 1720
	1720  -  MemoryUsage of job (MB)
	1762128  -  ResidentSetSize of job (KB)
...
006 (14630056.000.000) 2021-09-16 14:02:47 Image size of job updated: 1723
	1723  -  MemoryUsage of job (MB)
	1764580  -  ResidentSetSize of job (KB)
...
006 (14630056.000.000) 2021-09-16 14:03:47 Image size of job updated: 1724
	1724  -  MemoryUsage of job (MB)
	1766076  -  ResidentSetSize of job (KB)
...
006 (14630056.000.000) 2021-09-16 14:04:48 Image size of job updated: 1725
	1725  -  MemoryUsage of job (MB)
	1766560  -  ResidentSetSize of job (KB)
...
006 (14630056.000.000) 2021-09-16 14:05:48 Image size of job updated: 1726
	1726  -  MemoryUsage of job (MB)
	1767576  -  ResidentSetSize of job (KB)
...
006 (14630056.000.000) 2021-09-16 14:06:48 Image size of job updated: 1727
	1727  -  MemoryUsage of job (MB)
	1768628  -  ResidentSetSize of job (KB)
...
006 (14630056.000.000) 2021-09-16 14:07:49 Image size of job updated: 1727
	1727  -  MemoryUsage of job (MB)
	1769264  -  ResidentSetSize of job (KB)
...
006 (14630056.000.000) 2021-09-16 14:08:49 Image size of job updated: 1728
	1728  -  MemoryUsage of job (MB)
	1770156  -  ResidentSetSize of job (KB)
...
006 (14630056.000.000) 2021-09-16 14:09:49 Image size of job updated: 1728
	1728  -  MemoryUsage of job (MB)
	1770392  -  ResidentSetSize of job (KB)
...
006 (14630056.000.000) 2021-09-16 14:10:49 Image size of job updated: 1729
	1729  -  MemoryUsage of job (MB)
	1770608  -  ResidentSetSize of job (KB)
...
006 (14630056.000.000) 2021-09-16 14:11:50 Image size of job updated: 1729
	1729  -  MemoryUsage of job (MB)
	1771428  -  ResidentSetSize of job (KB)
...
006 (14630056.000.000) 2021-09-16 14:12:51 Image size of job updated: 1730
	1730  -  MemoryUsage of job (MB)
	1772296  -  ResidentSetSize of job (KB)
...
006 (14630056.000.000) 2021-09-16 14:13:51 Image size of job updated: 1731
	1731  -  MemoryUsage of job (MB)
	1772772  -  ResidentSetSize of job (KB)
...
006 (14630056.000.000) 2021-09-16 14:14:51 Image size of job updated: 1731
	1731  -  MemoryUsage of job (MB)
	1773412  -  ResidentSetSize of job (KB)
...
006 (14630056.000.000) 2021-09-16 14:15:51 Image size of job updated: 1732
	1732  -  MemoryUsage of job (MB)
	1773656  -  ResidentSetSize of job (KB)
...
006 (14630056.000.000) 2021-09-16 14:16:51 Image size of job updated: 1732
	1732  -  MemoryUsage of job (MB)
	1773888  -  ResidentSetSize of job (KB)
...
006 (14630056.000.000) 2021-09-16 14:17:53 Image size of job updated: 1732
	1732  -  MemoryUsage of job (MB)
	1774080  -  ResidentSetSize of job (KB)
...
006 (14630056.000.000) 2021-09-16 14:18:53 Image size of job updated: 1733
	1733  -  MemoryUsage of job (MB)
	1774836  -  ResidentSetSize of job (KB)
...
006 (14630056.000.000) 2021-09-16 14:19:53 Image size of job updated: 1733
	1733  -  MemoryUsage of job (MB)
	1774972  -  ResidentSetSize of job (KB)
...
006 (14630056.000.000) 2021-09-16 14:20:54 Image size of job updated: 1733
	1733  -  MemoryUsage of job (MB)
	1775612  -  ResidentSetSize of job (KB)
...
006 (14630056.000.000) 2021-09-16 14:21:54 Image size of job updated: 1734
	1734  -  MemoryUsage of job (MB)
	1776092  -  ResidentSetSize of job (KB)
...
006 (14630056.000.000) 2021-09-16 14:22:54 Image size of job updated: 1735
	1735  -  MemoryUsage of job (MB)
	1777196  -  ResidentSetSize of job (KB)
...
006 (14630056.000.000) 2021-09-16 14:23:55 Image size of job updated: 1736
	1736  -  MemoryUsage of job (MB)
	1777896  -  ResidentSetSize of job (KB)
...
006 (14630056.000.000) 2021-09-16 14:24:55 Image size of job updated: 1736
	1736  -  MemoryUsage of job (MB)
	1778036  -  ResidentSetSize of job (KB)
...
006 (14630056.000.000) 2021-09-16 14:25:56 Image size of job updated: 1736
	1736  -  MemoryUsage of job (MB)
	1778152  -  ResidentSetSize of job (KB)
...
006 (14630056.000.000) 2021-09-16 14:26:58 Image size of job updated: 1737
	1737  -  MemoryUsage of job (MB)
	1778880  -  ResidentSetSize of job (KB)
...
006 (14630056.000.000) 2021-09-16 14:27:58 Image size of job updated: 1737
	1737  -  MemoryUsage of job (MB)
	1779180  -  ResidentSetSize of job (KB)
...
006 (14630056.000.000) 2021-09-16 14:28:59 Image size of job updated: 1738
	1738  -  MemoryUsage of job (MB)
	1779772  -  ResidentSetSize of job (KB)
...
006 (14630056.000.000) 2021-09-16 14:30:00 Image size of job updated: 1738
	1738  -  MemoryUsage of job (MB)
	1780584  -  ResidentSetSize of job (KB)
...
006 (14630056.000.000) 2021-09-16 14:31:00 Image size of job updated: 1738
	1738  -  MemoryUsage of job (MB)
	1780596  -  ResidentSetSize of job (KB)
...
006 (14630056.000.000) 2021-09-16 14:32:00 Image size of job updated: 1739
	1739  -  MemoryUsage of job (MB)
	1780952  -  ResidentSetSize of job (KB)
...
006 (14630056.000.000) 2021-09-16 14:33:00 Image size of job updated: 1739
	1739  -  MemoryUsage of job (MB)
	1781116  -  ResidentSetSize of job (KB)
...
006 (14630056.000.000) 2021-09-16 14:34:01 Image size of job updated: 1739
	1739  -  MemoryUsage of job (MB)
	1781504  -  ResidentSetSize of job (KB)
...
006 (14630056.000.000) 2021-09-16 14:35:02 Image size of job updated: 1739
	1739  -  MemoryUsage of job (MB)
	1781728  -  ResidentSetSize of job (KB)
...
006 (14630056.000.000) 2021-09-16 14:36:02 Image size of job updated: 1740
	1740  -  MemoryUsage of job (MB)
	1781764  -  ResidentSetSize of job (KB)
...
006 (14630056.000.000) 2021-09-16 14:37:03 Image size of job updated: 1740
	1740  -  MemoryUsage of job (MB)
	1782016  -  ResidentSetSize of job (KB)
...
006 (14630056.000.000) 2021-09-16 14:38:04 Image size of job updated: 1740
	1740  -  MemoryUsage of job (MB)
	1782032  -  ResidentSetSize of job (KB)
...
006 (14630056.000.000) 2021-09-16 14:39:05 Image size of job updated: 1740
	1740  -  MemoryUsage of job (MB)
	1782748  -  ResidentSetSize of job (KB)
...
006 (14630056.000.000) 2021-09-16 14:40:05 Image size of job updated: 1741
	1741  -  MemoryUsage of job (MB)
	1782868  -  ResidentSetSize of job (KB)
...
006 (14630056.000.000) 2021-09-16 14:41:05 Image size of job updated: 1741
	1741  -  MemoryUsage of job (MB)
	1782872  -  ResidentSetSize of job (KB)
...
006 (14630056.000.000) 2021-09-16 14:42:06 Image size of job updated: 1741
	1741  -  MemoryUsage of job (MB)
	1783368  -  ResidentSetSize of job (KB)
...
006 (14630056.000.000) 2021-09-16 14:43:06 Image size of job updated: 1741
	1741  -  MemoryUsage of job (MB)
	1783596  -  ResidentSetSize of job (KB)
...
006 (14630056.000.000) 2021-09-16 14:44:06 Image size of job updated: 1741
	1741  -  MemoryUsage of job (MB)
	1783652  -  ResidentSetSize of job (KB)
...
006 (14630056.000.000) 2021-09-16 14:45:06 Image size of job updated: 1742
	1742  -  MemoryUsage of job (MB)
	1784188  -  ResidentSetSize of job (KB)
...
006 (14630056.000.000) 2021-09-16 14:46:06 Image size of job updated: 1742
	1742  -  MemoryUsage of job (MB)
	1784392  -  ResidentSetSize of job (KB)
...
006 (14630056.000.000) 2021-09-16 14:47:07 Image size of job updated: 1742
	1742  -  MemoryUsage of job (MB)
	1784816  -  ResidentSetSize of job (KB)
...
006 (14630056.000.000) 2021-09-16 14:48:07 Image size of job updated: 1743
	1743  -  MemoryUsage of job (MB)
	1785060  -  ResidentSetSize of job (KB)
...
006 (14630056.000.000) 2021-09-16 14:49:08 Image size of job updated: 1743
	1743  -  MemoryUsage of job (MB)
	1785108  -  ResidentSetSize of job (KB)
...
006 (14630056.000.000) 2021-09-16 14:50:08 Image size of job updated: 1743
	1743  -  MemoryUsage of job (MB)
	1785140  -  ResidentSetSize of job (KB)
...
006 (14630056.000.000) 2021-09-16 14:51:09 Image size of job updated: 1743
	1743  -  MemoryUsage of job (MB)
	1785732  -  ResidentSetSize of job (KB)
...
006 (14630056.000.000) 2021-09-16 14:52:10 Image size of job updated: 1744
	1744  -  MemoryUsage of job (MB)
	1785944  -  ResidentSetSize of job (KB)
...
006 (14630056.000.000) 2021-09-16 14:53:11 Image size of job updated: 1744
	1744  -  MemoryUsage of job (MB)
	1786064  -  ResidentSetSize of job (KB)
...
006 (14630056.000.000) 2021-09-16 14:54:12 Image size of job updated: 1745
	1745  -  MemoryUsage of job (MB)
	1787488  -  ResidentSetSize of job (KB)
...
006 (14630056.000.000) 2021-09-16 14:55:13 Image size of job updated: 1745
	1745  -  MemoryUsage of job (MB)
	1787532  -  ResidentSetSize of job (KB)
...
006 (14630056.000.000) 2021-09-16 14:56:14 Image size of job updated: 1746
	1746  -  MemoryUsage of job (MB)
	1788148  -  ResidentSetSize of job (KB)
...
006 (14630056.000.000) 2021-09-16 14:57:14 Image size of job updated: 1746
	1746  -  MemoryUsage of job (MB)
	1788212  -  ResidentSetSize of job (KB)
...
006 (14630056.000.000) 2021-09-16 14:58:14 Image size of job updated: 1746
	1746  -  MemoryUsage of job (MB)
	1788228  -  ResidentSetSize of job (KB)
...
006 (14630056.000.000) 2021-09-16 14:59:15 Image size of job updated: 1747
	1747  -  MemoryUsage of job (MB)
	1789060  -  ResidentSetSize of job (KB)
...
006 (14630056.000.000) 2021-09-16 15:00:15 Image size of job updated: 1747
	1747  -  MemoryUsage of job (MB)
	1789068  -  ResidentSetSize of job (KB)
...
006 (14630056.000.000) 2021-09-16 15:01:15 Image size of job updated: 1747
	1747  -  MemoryUsage of job (MB)
	1789144  -  ResidentSetSize of job (KB)
...
006 (14630056.000.000) 2021-09-16 15:02:16 Image size of job updated: 1747
	1747  -  MemoryUsage of job (MB)
	1789520  -  ResidentSetSize of job (KB)
...
006 (14630056.000.000) 2021-09-16 15:03:17 Image size of job updated: 1747
	1747  -  MemoryUsage of job (MB)
	1789576  -  ResidentSetSize of job (KB)
...
006 (14630056.000.000) 2021-09-16 15:04:17 Image size of job updated: 1748
	1748  -  MemoryUsage of job (MB)
	1790312  -  ResidentSetSize of job (KB)
...
006 (14630056.000.000) 2021-09-16 15:05:17 Image size of job updated: 1748
	1748  -  MemoryUsage of job (MB)
	1790344  -  ResidentSetSize of job (KB)
...
006 (14630056.000.000) 2021-09-16 15:06:17 Image size of job updated: 1748
	1748  -  MemoryUsage of job (MB)
	1790352  -  ResidentSetSize of job (KB)
...
006 (14630056.000.000) 2021-09-16 15:07:17 Image size of job updated: 1748
	1748  -  MemoryUsage of job (MB)
	1790964  -  ResidentSetSize of job (KB)
...
006 (14630056.000.000) 2021-09-16 15:08:17 Image size of job updated: 1749
	1749  -  MemoryUsage of job (MB)
	1791164  -  ResidentSetSize of job (KB)
...
006 (14630056.000.000) 2021-09-16 15:09:18 Image size of job updated: 1749
	1749  -  MemoryUsage of job (MB)
	1791184  -  ResidentSetSize of job (KB)
...
006 (14630056.000.000) 2021-09-16 15:10:18 Image size of job updated: 1749
	1749  -  MemoryUsage of job (MB)
	1791452  -  ResidentSetSize of job (KB)
...
006 (14630056.000.000) 2021-09-16 15:11:19 Image size of job updated: 1750
	1750  -  MemoryUsage of job (MB)
	1792168  -  ResidentSetSize of job (KB)
...
006 (14630056.000.000) 2021-09-16 15:12:20 Image size of job updated: 1750
	1750  -  MemoryUsage of job (MB)
	1792212  -  ResidentSetSize of job (KB)
...
006 (14630056.000.000) 2021-09-16 15:13:20 Image size of job updated: 1750
	1750  -  MemoryUsage of job (MB)
	1792228  -  ResidentSetSize of job (KB)
...
006 (14630056.000.000) 2021-09-16 15:14:21 Image size of job updated: 1750
	1750  -  MemoryUsage of job (MB)
	1792840  -  ResidentSetSize of job (KB)
...
006 (14630056.000.000) 2021-09-16 15:15:22 Image size of job updated: 1751
	1751  -  MemoryUsage of job (MB)
	1793068  -  ResidentSetSize of job (KB)
...
006 (14630056.000.000) 2021-09-16 15:16:23 Image size of job updated: 1751
	1751  -  MemoryUsage of job (MB)
	1793748  -  ResidentSetSize of job (KB)
...
006 (14630056.000.000) 2021-09-16 15:17:24 Image size of job updated: 1751
	1751  -  MemoryUsage of job (MB)
	1793780  -  ResidentSetSize of job (KB)
...
006 (14630056.000.000) 2021-09-16 15:18:25 Image size of job updated: 1752
	1752  -  MemoryUsage of job (MB)
	1794368  -  ResidentSetSize of job (KB)
...
006 (14630056.000.000) 2021-09-16 15:19:25 Image size of job updated: 1752
	1752  -  MemoryUsage of job (MB)
	1794544  -  ResidentSetSize of job (KB)
...
006 (14630056.000.000) 2021-09-16 15:20:26 Image size of job updated: 1752
	1752  -  MemoryUsage of job (MB)
	1794548  -  ResidentSetSize of job (KB)
...
006 (14630056.000.000) 2021-09-16 15:21:26 Image size of job updated: 1752
	1752  -  MemoryUsage of job (MB)
	1794552  -  ResidentSetSize of job (KB)
...
006 (14630056.000.000) 2021-09-16 15:22:26 Image size of job updated: 1752
	1752  -  MemoryUsage of job (MB)
	1795040  -  ResidentSetSize of job (KB)
...
006 (14630056.000.000) 2021-09-16 15:23:26 Image size of job updated: 1753
	1753  -  MemoryUsage of job (MB)
	1795432  -  ResidentSetSize of job (KB)
...
006 (14630056.000.000) 2021-09-16 15:24:27 Image size of job updated: 1753
	1753  -  MemoryUsage of job (MB)
	1795440  -  ResidentSetSize of job (KB)
...
006 (14630056.000.000) 2021-09-16 15:25:27 Image size of job updated: 1754
	1754  -  MemoryUsage of job (MB)
	1796444  -  ResidentSetSize of job (KB)
...
006 (14630056.000.000) 2021-09-16 15:26:28 Image size of job updated: 1754
	1754  -  MemoryUsage of job (MB)
	1796628  -  ResidentSetSize of job (KB)
...
006 (14630056.000.000) 2021-09-16 15:27:29 Image size of job updated: 1755
	1755  -  MemoryUsage of job (MB)
	1797244  -  ResidentSetSize of job (KB)
...
006 (14630056.000.000) 2021-09-16 15:28:29 Image size of job updated: 1755
	1755  -  MemoryUsage of job (MB)
	1797424  -  ResidentSetSize of job (KB)
...
006 (14630056.000.000) 2021-09-16 15:29:29 Image size of job updated: 1755
	1755  -  MemoryUsage of job (MB)
	1797476  -  ResidentSetSize of job (KB)
...
006 (14630056.000.000) 2021-09-16 15:30:30 Image size of job updated: 1755
	1755  -  MemoryUsage of job (MB)
	1798088  -  ResidentSetSize of job (KB)
...
006 (14630056.000.000) 2021-09-16 15:31:31 Image size of job updated: 1755
	1755  -  MemoryUsage of job (MB)
	1798120  -  ResidentSetSize of job (KB)
...
006 (14630056.000.000) 2021-09-16 15:32:32 Image size of job updated: 1756
	1756  -  MemoryUsage of job (MB)
	1798344  -  ResidentSetSize of job (KB)
...
006 (14630056.000.000) 2021-09-16 15:34:33 Image size of job updated: 1756
	1756  -  MemoryUsage of job (MB)
	1798732  -  ResidentSetSize of job (KB)
...
006 (14630056.000.000) 2021-09-16 15:35:34 Image size of job updated: 1756
	1756  -  MemoryUsage of job (MB)
	1798756  -  ResidentSetSize of job (KB)
...
006 (14630056.000.000) 2021-09-16 15:36:34 Image size of job updated: 1757
	1757  -  MemoryUsage of job (MB)
	1799276  -  ResidentSetSize of job (KB)
...
006 (14630056.000.000) 2021-09-16 15:37:35 Image size of job updated: 1757
	1757  -  MemoryUsage of job (MB)
	1799392  -  ResidentSetSize of job (KB)
...
006 (14630056.000.000) 2021-09-16 15:38:35 Image size of job updated: 1757
	1757  -  MemoryUsage of job (MB)
	1799396  -  ResidentSetSize of job (KB)
...
006 (14630056.000.000) 2021-09-16 15:39:36 Image size of job updated: 1757
	1757  -  MemoryUsage of job (MB)
	1799404  -  ResidentSetSize of job (KB)
...
006 (14630056.000.000) 2021-09-16 15:40:37 Image size of job updated: 1757
	1757  -  MemoryUsage of job (MB)
	1799792  -  ResidentSetSize of job (KB)
...
006 (14630056.000.000) 2021-09-16 15:41:37 Image size of job updated: 1757
	1757  -  MemoryUsage of job (MB)
	1799872  -  ResidentSetSize of job (KB)
...
006 (14630056.000.000) 2021-09-16 15:42:37 Image size of job updated: 1757
	1757  -  MemoryUsage of job (MB)
	1800160  -  ResidentSetSize of job (KB)
...
006 (14630056.000.000) 2021-09-16 15:43:38 Image size of job updated: 1758
	1758  -  MemoryUsage of job (MB)
	1800200  -  ResidentSetSize of job (KB)
...
006 (14630056.000.000) 2021-09-16 15:44:39 Image size of job updated: 1758
	1758  -  MemoryUsage of job (MB)
	1800976  -  ResidentSetSize of job (KB)
...
006 (14630056.000.000) 2021-09-16 15:45:39 Image size of job updated: 1759
	1759  -  MemoryUsage of job (MB)
	1801748  -  ResidentSetSize of job (KB)
...
006 (14630056.000.000) 2021-09-16 15:46:39 Image size of job updated: 1759
	1759  -  MemoryUsage of job (MB)
	1801788  -  ResidentSetSize of job (KB)
...
006 (14630056.000.000) 2021-09-16 15:47:39 Image size of job updated: 1759
	1759  -  MemoryUsage of job (MB)
	1801824  -  ResidentSetSize of job (KB)
...
006 (14630056.000.000) 2021-09-16 15:48:39 Image size of job updated: 1759
	1759  -  MemoryUsage of job (MB)
	1802176  -  ResidentSetSize of job (KB)
...
006 (14630056.000.000) 2021-09-16 15:49:40 Image size of job updated: 1760
	1760  -  MemoryUsage of job (MB)
	1802432  -  ResidentSetSize of job (KB)
...
006 (14630056.000.000) 2021-09-16 15:50:41 Image size of job updated: 1760
	1760  -  MemoryUsage of job (MB)
	1802672  -  ResidentSetSize of job (KB)
...
006 (14630056.000.000) 2021-09-16 15:51:41 Image size of job updated: 1760
	1760  -  MemoryUsage of job (MB)
	1803200  -  ResidentSetSize of job (KB)
...
006 (14630056.000.000) 2021-09-16 15:52:41 Image size of job updated: 1761
	1761  -  MemoryUsage of job (MB)
	1803984  -  ResidentSetSize of job (KB)
...
006 (14630056.000.000) 2021-09-16 15:53:42 Image size of job updated: 1761
	1761  -  MemoryUsage of job (MB)
	1804260  -  ResidentSetSize of job (KB)
...
006 (14630056.000.000) 2021-09-16 15:54:43 Image size of job updated: 1762
	1762  -  MemoryUsage of job (MB)
	1804712  -  ResidentSetSize of job (KB)
...
006 (14630056.000.000) 2021-09-16 15:55:44 Image size of job updated: 1762
	1762  -  MemoryUsage of job (MB)
	1804964  -  ResidentSetSize of job (KB)
...
006 (14630056.000.000) 2021-09-16 15:56:44 Image size of job updated: 1762
	1762  -  MemoryUsage of job (MB)
	1805232  -  ResidentSetSize of job (KB)
...
006 (14630056.000.000) 2021-09-16 15:57:45 Image size of job updated: 1763
	1763  -  MemoryUsage of job (MB)
	1806280  -  ResidentSetSize of job (KB)
...
006 (14630056.000.000) 2021-09-16 15:58:45 Image size of job updated: 1764
	1764  -  MemoryUsage of job (MB)
	1806740  -  ResidentSetSize of job (KB)
...
006 (14630056.000.000) 2021-09-16 15:59:46 Image size of job updated: 1764
	1764  -  MemoryUsage of job (MB)
	1806788  -  ResidentSetSize of job (KB)
...
006 (14630056.000.000) 2021-09-16 16:01:47 Image size of job updated: 1765
	1765  -  MemoryUsage of job (MB)
	1807412  -  ResidentSetSize of job (KB)
...
006 (14630056.000.000) 2021-09-16 16:02:47 Image size of job updated: 1765
	1765  -  MemoryUsage of job (MB)
	1807612  -  ResidentSetSize of job (KB)
...
006 (14630056.000.000) 2021-09-16 16:03:48 Image size of job updated: 1765
	1765  -  MemoryUsage of job (MB)
	1807640  -  ResidentSetSize of job (KB)
...
006 (14630056.000.000) 2021-09-16 16:04:49 Image size of job updated: 1765
	1765  -  MemoryUsage of job (MB)
	1808236  -  ResidentSetSize of job (KB)
...
006 (14630056.000.000) 2021-09-16 16:05:49 Image size of job updated: 1766
	1766  -  MemoryUsage of job (MB)
	1808832  -  ResidentSetSize of job (KB)
...
006 (14630056.000.000) 2021-09-16 16:06:50 Image size of job updated: 1766
	1766  -  MemoryUsage of job (MB)
	1808844  -  ResidentSetSize of job (KB)
...
006 (14630056.000.000) 2021-09-16 16:07:51 Image size of job updated: 1767
	1767  -  MemoryUsage of job (MB)
	1809424  -  ResidentSetSize of job (KB)
...
006 (14630056.000.000) 2021-09-16 16:08:51 Image size of job updated: 1767
	1767  -  MemoryUsage of job (MB)
	1809676  -  ResidentSetSize of job (KB)
...
006 (14630056.000.000) 2021-09-16 16:09:52 Image size of job updated: 1767
	1767  -  MemoryUsage of job (MB)
	1809804  -  ResidentSetSize of job (KB)
...
006 (14630056.000.000) 2021-09-16 16:10:52 Image size of job updated: 1767
	1767  -  MemoryUsage of job (MB)
	1809832  -  ResidentSetSize of job (KB)
...
006 (14630056.000.000) 2021-09-16 16:11:53 Image size of job updated: 1768
	1768  -  MemoryUsage of job (MB)
	1810596  -  ResidentSetSize of job (KB)
...
006 (14630056.000.000) 2021-09-16 16:13:54 Image size of job updated: 1768
	1768  -  MemoryUsage of job (MB)
	1811128  -  ResidentSetSize of job (KB)
...
006 (14630056.000.000) 2021-09-16 16:14:54 Image size of job updated: 1768
	1768  -  MemoryUsage of job (MB)
	1811220  -  ResidentSetSize of job (KB)
...
006 (14630056.000.000) 2021-09-16 16:15:54 Image size of job updated: 1768
	1768  -  MemoryUsage of job (MB)
	1811228  -  ResidentSetSize of job (KB)
...
040 (14630056.000.000) 2021-09-16 16:15:55 Started transferring output files
...
040 (14630056.000.000) 2021-09-16 16:15:55 Finished transferring output files
...
005 (14630056.000.000) 2021-09-16 16:15:56 Job terminated.
	(1) Normal termination (return value 0)
		Usr 0 00:00:00, Sys 0 00:00:00  -  Run Remote Usage
		Usr 0 00:00:00, Sys 0 00:00:00  -  Run Local Usage
		Usr 0 01:31:19, Sys 0 01:22:13  -  Total Remote Usage
		Usr 0 00:00:00, Sys 0 00:00:00  -  Total Local Usage
	1277586  -  Run Bytes Sent By Job
	8471534  -  Run Bytes Received By Job
	1277586  -  Total Bytes Sent By Job
	8471534  -  Total Bytes Received By Job
	Partitionable Resources :    Usage  Request Allocated 
	   Cpus                 :     0.00        1         1 
	   Disk (KB)            : 70921       10000   1640959 
	   Memory (MB)          :  1768        2048      2048 

	Job terminated of its own accord at 2021-09-16T21:15:54Z.
...
000 (14733526.000.000) 2021-09-24 22:33:12 Job submitted from host: <131.225.188.55:9618?addrs=131.225.188.55-9618&alias=lpcschedd1.fnal.gov&noUDP&sock=schedd_2070_6d22>
...
040 (14733526.000.000) 2021-09-25 02:52:10 Started transferring input files
	Transferring to host: <131.225.184.14:9618?addrs=131.225.184.14-9618&alias=cmswn1921.fnal.gov&noUDP&sock=slot1_1_1362_66f0_4100>
...
040 (14733526.000.000) 2021-09-25 02:52:11 Finished transferring input files
...
001 (14733526.000.000) 2021-09-25 02:52:12 Job executing on host: <131.225.184.14:9618?addrs=131.225.184.14-9618&alias=cmswn1921.fnal.gov&noUDP&sock=startd_1278_2e20>
...
006 (14733526.000.000) 2021-09-25 02:52:20 Image size of job updated: 26
	26  -  MemoryUsage of job (MB)
	27340  -  ResidentSetSize of job (KB)
...
006 (14733526.000.000) 2021-09-25 02:53:21 Image size of job updated: 498
	498  -  MemoryUsage of job (MB)
	510016  -  ResidentSetSize of job (KB)
...
006 (14733526.000.000) 2021-09-25 02:56:23 Image size of job updated: 520
	520  -  MemoryUsage of job (MB)
	532764  -  ResidentSetSize of job (KB)
...
006 (14733526.000.000) 2021-09-25 02:57:23 Image size of job updated: 572
	572  -  MemoryUsage of job (MB)
	585760  -  ResidentSetSize of job (KB)
...
006 (14733526.000.000) 2021-09-25 02:58:23 Image size of job updated: 621
	621  -  MemoryUsage of job (MB)
	636068  -  ResidentSetSize of job (KB)
...
006 (14733526.000.000) 2021-09-25 02:59:23 Image size of job updated: 657
	657  -  MemoryUsage of job (MB)
	673320  -  ResidentSetSize of job (KB)
...
006 (14733526.000.000) 2021-09-25 03:00:23 Image size of job updated: 696
	696  -  MemoryUsage of job (MB)
	712740  -  ResidentSetSize of job (KB)
...
006 (14733526.000.000) 2021-09-25 03:01:23 Image size of job updated: 730
	730  -  MemoryUsage of job (MB)
	748232  -  ResidentSetSize of job (KB)
...
006 (14733526.000.000) 2021-09-25 03:02:23 Image size of job updated: 763
	763  -  MemoryUsage of job (MB)
	782024  -  ResidentSetSize of job (KB)
...
006 (14733526.000.000) 2021-09-25 03:03:23 Image size of job updated: 795
	795  -  MemoryUsage of job (MB)
	814112  -  ResidentSetSize of job (KB)
...
006 (14733526.000.000) 2021-09-25 03:04:24 Image size of job updated: 825
	825  -  MemoryUsage of job (MB)
	845816  -  ResidentSetSize of job (KB)
...
006 (14733526.000.000) 2021-09-25 03:05:25 Image size of job updated: 856
	856  -  MemoryUsage of job (MB)
	877300  -  ResidentSetSize of job (KB)
...
006 (14733526.000.000) 2021-09-25 03:06:26 Image size of job updated: 896
	896  -  MemoryUsage of job (MB)
	917820  -  ResidentSetSize of job (KB)
...
006 (14733526.000.000) 2021-09-25 03:07:27 Image size of job updated: 924
	924  -  MemoryUsage of job (MB)
	946324  -  ResidentSetSize of job (KB)
...
006 (14733526.000.000) 2021-09-25 03:08:27 Image size of job updated: 950
	950  -  MemoryUsage of job (MB)
	972948  -  ResidentSetSize of job (KB)
...
006 (14733526.000.000) 2021-09-25 03:09:27 Image size of job updated: 973
	973  -  MemoryUsage of job (MB)
	996736  -  ResidentSetSize of job (KB)
...
006 (14733526.000.000) 2021-09-25 03:10:27 Image size of job updated: 997
	997  -  MemoryUsage of job (MB)
	1021784  -  ResidentSetSize of job (KB)
...
006 (14733526.000.000) 2021-09-25 03:11:27 Image size of job updated: 1025
	1025  -  MemoryUsage of job (MB)
	1049896  -  ResidentSetSize of job (KB)
...
006 (14733526.000.000) 2021-09-25 03:12:28 Image size of job updated: 1052
	1052  -  MemoryUsage of job (MB)
	1077684  -  ResidentSetSize of job (KB)
...
006 (14733526.000.000) 2021-09-25 03:13:29 Image size of job updated: 1082
	1082  -  MemoryUsage of job (MB)
	1108380  -  ResidentSetSize of job (KB)
...
006 (14733526.000.000) 2021-09-25 03:14:30 Image size of job updated: 1104
	1104  -  MemoryUsage of job (MB)
	1130884  -  ResidentSetSize of job (KB)
...
006 (14733526.000.000) 2021-09-25 03:15:30 Image size of job updated: 1126
	1126  -  MemoryUsage of job (MB)
	1153216  -  ResidentSetSize of job (KB)
...
006 (14733526.000.000) 2021-09-25 03:16:30 Image size of job updated: 1146
	1146  -  MemoryUsage of job (MB)
	1174176  -  ResidentSetSize of job (KB)
...
006 (14733526.000.000) 2021-09-25 03:17:30 Image size of job updated: 1167
	1167  -  MemoryUsage of job (MB)
	1195808  -  ResidentSetSize of job (KB)
...
006 (14733526.000.000) 2021-09-25 03:18:30 Image size of job updated: 1188
	1188  -  MemoryUsage of job (MB)
	1216564  -  ResidentSetSize of job (KB)
...
006 (14733526.000.000) 2021-09-25 03:19:31 Image size of job updated: 1207
	1207  -  MemoryUsage of job (MB)
	1236900  -  ResidentSetSize of job (KB)
...
006 (14733526.000.000) 2021-09-25 03:20:32 Image size of job updated: 1225
	1225  -  MemoryUsage of job (MB)
	1255180  -  ResidentSetSize of job (KB)
...
006 (14733526.000.000) 2021-09-25 03:21:33 Image size of job updated: 1244
	1244  -  MemoryUsage of job (MB)
	1274652  -  ResidentSetSize of job (KB)
...
006 (14733526.000.000) 2021-09-25 03:22:34 Image size of job updated: 1263
	1263  -  MemoryUsage of job (MB)
	1294104  -  ResidentSetSize of job (KB)
...
006 (14733526.000.000) 2021-09-25 03:23:34 Image size of job updated: 1282
	1282  -  MemoryUsage of job (MB)
	1313276  -  ResidentSetSize of job (KB)
...
006 (14733526.000.000) 2021-09-25 03:24:34 Image size of job updated: 1300
	1300  -  MemoryUsage of job (MB)
	1332080  -  ResidentSetSize of job (KB)
...
006 (14733526.000.000) 2021-09-25 03:25:34 Image size of job updated: 1318
	1318  -  MemoryUsage of job (MB)
	1350440  -  ResidentSetSize of job (KB)
...
006 (14733526.000.000) 2021-09-25 03:26:34 Image size of job updated: 1336
	1336  -  MemoryUsage of job (MB)
	1368572  -  ResidentSetSize of job (KB)
...
006 (14733526.000.000) 2021-09-25 03:27:35 Image size of job updated: 1353
	1353  -  MemoryUsage of job (MB)
	1386328  -  ResidentSetSize of job (KB)
...
006 (14733526.000.000) 2021-09-25 03:28:36 Image size of job updated: 1371
	1371  -  MemoryUsage of job (MB)
	1404212  -  ResidentSetSize of job (KB)
...
006 (14733526.000.000) 2021-09-25 03:29:37 Image size of job updated: 1388
	1388  -  MemoryUsage of job (MB)
	1421616  -  ResidentSetSize of job (KB)
...
006 (14733526.000.000) 2021-09-25 03:30:38 Image size of job updated: 1404
	1404  -  MemoryUsage of job (MB)
	1438636  -  ResidentSetSize of job (KB)
...
006 (14733526.000.000) 2021-09-25 03:31:39 Image size of job updated: 1421
	1421  -  MemoryUsage of job (MB)
	1455524  -  ResidentSetSize of job (KB)
...
006 (14733526.000.000) 2021-09-25 03:32:40 Image size of job updated: 1437
	1437  -  MemoryUsage of job (MB)
	1471952  -  ResidentSetSize of job (KB)
...
006 (14733526.000.000) 2021-09-25 03:33:41 Image size of job updated: 1453
	1453  -  MemoryUsage of job (MB)
	1488240  -  ResidentSetSize of job (KB)
...
006 (14733526.000.000) 2021-09-25 03:34:41 Image size of job updated: 1468
	1468  -  MemoryUsage of job (MB)
	1504236  -  ResidentSetSize of job (KB)
...
006 (14733526.000.000) 2021-09-25 03:35:41 Image size of job updated: 1482
	1482  -  MemoryUsage of job (MB)
	1518496  -  ResidentSetSize of job (KB)
...
006 (14733526.000.000) 2021-09-25 03:36:41 Image size of job updated: 1498
	1498  -  MemoryUsage of job (MB)
	1533968  -  ResidentSetSize of job (KB)
...
006 (14733526.000.000) 2021-09-25 03:37:42 Image size of job updated: 1513
	1513  -  MemoryUsage of job (MB)
	1549328  -  ResidentSetSize of job (KB)
...
006 (14733526.000.000) 2021-09-25 03:38:43 Image size of job updated: 1527
	1527  -  MemoryUsage of job (MB)
	1564464  -  ResidentSetSize of job (KB)
...
006 (14733526.000.000) 2021-09-25 03:39:44 Image size of job updated: 1546
	1546  -  MemoryUsage of job (MB)
	1583748  -  ResidentSetSize of job (KB)
...
006 (14733526.000.000) 2021-09-25 03:40:44 Image size of job updated: 1657
	1657  -  MemoryUsage of job (MB)
	1696820  -  ResidentSetSize of job (KB)
...
006 (14733526.000.000) 2021-09-25 03:41:44 Image size of job updated: 1688
	1688  -  MemoryUsage of job (MB)
	1728648  -  ResidentSetSize of job (KB)
...
006 (14733526.000.000) 2021-09-25 03:42:44 Image size of job updated: 1704
	1704  -  MemoryUsage of job (MB)
	1745484  -  ResidentSetSize of job (KB)
...
006 (14733526.000.000) 2021-09-25 03:43:44 Image size of job updated: 1709
	1709  -  MemoryUsage of job (MB)
	1750548  -  ResidentSetSize of job (KB)
...
006 (14733526.000.000) 2021-09-25 03:44:45 Image size of job updated: 1713
	1713  -  MemoryUsage of job (MB)
	1754212  -  ResidentSetSize of job (KB)
...
006 (14733526.000.000) 2021-09-25 03:45:45 Image size of job updated: 1715
	1715  -  MemoryUsage of job (MB)
	1756656  -  ResidentSetSize of job (KB)
...
006 (14733526.000.000) 2021-09-25 03:46:46 Image size of job updated: 1717
	1717  -  MemoryUsage of job (MB)
	1758952  -  ResidentSetSize of job (KB)
...
006 (14733526.000.000) 2021-09-25 03:47:47 Image size of job updated: 1720
	1720  -  MemoryUsage of job (MB)
	1762088  -  ResidentSetSize of job (KB)
...
006 (14733526.000.000) 2021-09-25 03:48:48 Image size of job updated: 1722
	1722  -  MemoryUsage of job (MB)
	1763580  -  ResidentSetSize of job (KB)
...
006 (14733526.000.000) 2021-09-25 03:49:49 Image size of job updated: 1723
	1723  -  MemoryUsage of job (MB)
	1764992  -  ResidentSetSize of job (KB)
...
006 (14733526.000.000) 2021-09-25 03:50:50 Image size of job updated: 1725
	1725  -  MemoryUsage of job (MB)
	1766648  -  ResidentSetSize of job (KB)
...
006 (14733526.000.000) 2021-09-25 03:51:51 Image size of job updated: 1726
	1726  -  MemoryUsage of job (MB)
	1768052  -  ResidentSetSize of job (KB)
...
006 (14733526.000.000) 2021-09-25 03:52:52 Image size of job updated: 1726
	1726  -  MemoryUsage of job (MB)
	1768420  -  ResidentSetSize of job (KB)
...
006 (14733526.000.000) 2021-09-25 03:53:52 Image size of job updated: 1728
	1728  -  MemoryUsage of job (MB)
	1769648  -  ResidentSetSize of job (KB)
...
006 (14733526.000.000) 2021-09-25 03:54:52 Image size of job updated: 1729
	1729  -  MemoryUsage of job (MB)
	1770992  -  ResidentSetSize of job (KB)
...
006 (14733526.000.000) 2021-09-25 03:55:52 Image size of job updated: 1729
	1729  -  MemoryUsage of job (MB)
	1771516  -  ResidentSetSize of job (KB)
...
006 (14733526.000.000) 2021-09-25 03:56:52 Image size of job updated: 1730
	1730  -  MemoryUsage of job (MB)
	1772284  -  ResidentSetSize of job (KB)
...
006 (14733526.000.000) 2021-09-25 03:57:53 Image size of job updated: 1731
	1731  -  MemoryUsage of job (MB)
	1772740  -  ResidentSetSize of job (KB)
...
006 (14733526.000.000) 2021-09-25 03:58:54 Image size of job updated: 1732
	1732  -  MemoryUsage of job (MB)
	1773656  -  ResidentSetSize of job (KB)
...
006 (14733526.000.000) 2021-09-25 03:59:55 Image size of job updated: 1733
	1733  -  MemoryUsage of job (MB)
	1774980  -  ResidentSetSize of job (KB)
...
006 (14733526.000.000) 2021-09-25 04:00:56 Image size of job updated: 1735
	1735  -  MemoryUsage of job (MB)
	1776644  -  ResidentSetSize of job (KB)
...
006 (14733526.000.000) 2021-09-25 04:01:56 Image size of job updated: 1736
	1736  -  MemoryUsage of job (MB)
	1778012  -  ResidentSetSize of job (KB)
...
006 (14733526.000.000) 2021-09-25 04:02:56 Image size of job updated: 1737
	1737  -  MemoryUsage of job (MB)
	1779680  -  ResidentSetSize of job (KB)
...
006 (14733526.000.000) 2021-09-25 04:03:56 Image size of job updated: 1738
	1738  -  MemoryUsage of job (MB)
	1780476  -  ResidentSetSize of job (KB)
...
006 (14733526.000.000) 2021-09-25 04:04:56 Image size of job updated: 1740
	1740  -  MemoryUsage of job (MB)
	1781820  -  ResidentSetSize of job (KB)
...
006 (14733526.000.000) 2021-09-25 04:05:57 Image size of job updated: 1740
	1740  -  MemoryUsage of job (MB)
	1782356  -  ResidentSetSize of job (KB)
...
006 (14733526.000.000) 2021-09-25 04:06:58 Image size of job updated: 1741
	1741  -  MemoryUsage of job (MB)
	1782864  -  ResidentSetSize of job (KB)
...
006 (14733526.000.000) 2021-09-25 04:07:59 Image size of job updated: 1741
	1741  -  MemoryUsage of job (MB)
	1783532  -  ResidentSetSize of job (KB)
...
006 (14733526.000.000) 2021-09-25 04:08:59 Image size of job updated: 1741
	1741  -  MemoryUsage of job (MB)
	1783744  -  ResidentSetSize of job (KB)
...
006 (14733526.000.000) 2021-09-25 04:09:59 Image size of job updated: 1742
	1742  -  MemoryUsage of job (MB)
	1784212  -  ResidentSetSize of job (KB)
...
006 (14733526.000.000) 2021-09-25 04:10:59 Image size of job updated: 1742
	1742  -  MemoryUsage of job (MB)
	1784580  -  ResidentSetSize of job (KB)
...
006 (14733526.000.000) 2021-09-25 04:12:00 Image size of job updated: 1742
	1742  -  MemoryUsage of job (MB)
	1784812  -  ResidentSetSize of job (KB)
...
006 (14733526.000.000) 2021-09-25 04:13:01 Image size of job updated: 1743
	1743  -  MemoryUsage of job (MB)
	1785572  -  ResidentSetSize of job (KB)
...
006 (14733526.000.000) 2021-09-25 04:14:02 Image size of job updated: 1744
	1744  -  MemoryUsage of job (MB)
	1785900  -  ResidentSetSize of job (KB)
...
006 (14733526.000.000) 2021-09-25 04:15:02 Image size of job updated: 1744
	1744  -  MemoryUsage of job (MB)
	1786440  -  ResidentSetSize of job (KB)
...
006 (14733526.000.000) 2021-09-25 04:16:02 Image size of job updated: 1745
	1745  -  MemoryUsage of job (MB)
	1786916  -  ResidentSetSize of job (KB)
...
006 (14733526.000.000) 2021-09-25 04:17:02 Image size of job updated: 1745
	1745  -  MemoryUsage of job (MB)
	1787552  -  ResidentSetSize of job (KB)
...
006 (14733526.000.000) 2021-09-25 04:18:03 Image size of job updated: 1746
	1746  -  MemoryUsage of job (MB)
	1787928  -  ResidentSetSize of job (KB)
...
006 (14733526.000.000) 2021-09-25 04:19:04 Image size of job updated: 1746
	1746  -  MemoryUsage of job (MB)
	1788012  -  ResidentSetSize of job (KB)
...
006 (14733526.000.000) 2021-09-25 04:20:05 Image size of job updated: 1746
	1746  -  MemoryUsage of job (MB)
	1788536  -  ResidentSetSize of job (KB)
...
006 (14733526.000.000) 2021-09-25 04:21:05 Image size of job updated: 1746
	1746  -  MemoryUsage of job (MB)
	1788596  -  ResidentSetSize of job (KB)
...
006 (14733526.000.000) 2021-09-25 04:22:05 Image size of job updated: 1748
	1748  -  MemoryUsage of job (MB)
	1790032  -  ResidentSetSize of job (KB)
...
006 (14733526.000.000) 2021-09-25 04:23:05 Image size of job updated: 1748
	1748  -  MemoryUsage of job (MB)
	1790768  -  ResidentSetSize of job (KB)
...
006 (14733526.000.000) 2021-09-25 04:24:05 Image size of job updated: 1749
	1749  -  MemoryUsage of job (MB)
	1791416  -  ResidentSetSize of job (KB)
...
006 (14733526.000.000) 2021-09-25 04:25:06 Image size of job updated: 1749
	1749  -  MemoryUsage of job (MB)
	1791604  -  ResidentSetSize of job (KB)
...
006 (14733526.000.000) 2021-09-25 04:26:07 Image size of job updated: 1750
	1750  -  MemoryUsage of job (MB)
	1792084  -  ResidentSetSize of job (KB)
...
006 (14733526.000.000) 2021-09-25 04:27:08 Image size of job updated: 1750
	1750  -  MemoryUsage of job (MB)
	1792728  -  ResidentSetSize of job (KB)
...
006 (14733526.000.000) 2021-09-25 04:28:09 Image size of job updated: 1750
	1750  -  MemoryUsage of job (MB)
	1792844  -  ResidentSetSize of job (KB)
...
006 (14733526.000.000) 2021-09-25 04:29:09 Image size of job updated: 1751
	1751  -  MemoryUsage of job (MB)
	1793508  -  ResidentSetSize of job (KB)
...
006 (14733526.000.000) 2021-09-25 04:30:10 Image size of job updated: 1751
	1751  -  MemoryUsage of job (MB)
	1793648  -  ResidentSetSize of job (KB)
...
006 (14733526.000.000) 2021-09-25 04:31:11 Image size of job updated: 1751
	1751  -  MemoryUsage of job (MB)
	1793968  -  ResidentSetSize of job (KB)
...
006 (14733526.000.000) 2021-09-25 04:32:13 Image size of job updated: 1752
	1752  -  MemoryUsage of job (MB)
	1794512  -  ResidentSetSize of job (KB)
...
006 (14733526.000.000) 2021-09-25 04:33:13 Image size of job updated: 1753
	1753  -  MemoryUsage of job (MB)
	1795316  -  ResidentSetSize of job (KB)
...
006 (14733526.000.000) 2021-09-25 04:34:14 Image size of job updated: 1753
	1753  -  MemoryUsage of job (MB)
	1795612  -  ResidentSetSize of job (KB)
...
006 (14733526.000.000) 2021-09-25 04:35:15 Image size of job updated: 1754
	1754  -  MemoryUsage of job (MB)
	1796344  -  ResidentSetSize of job (KB)
...
006 (14733526.000.000) 2021-09-25 04:36:15 Image size of job updated: 1754
	1754  -  MemoryUsage of job (MB)
	1797084  -  ResidentSetSize of job (KB)
...
006 (14733526.000.000) 2021-09-25 04:37:16 Image size of job updated: 1755
	1755  -  MemoryUsage of job (MB)
	1797216  -  ResidentSetSize of job (KB)
...
006 (14733526.000.000) 2021-09-25 04:38:16 Image size of job updated: 1755
	1755  -  MemoryUsage of job (MB)
	1797784  -  ResidentSetSize of job (KB)
...
006 (14733526.000.000) 2021-09-25 04:39:16 Image size of job updated: 1755
	1755  -  MemoryUsage of job (MB)
	1798124  -  ResidentSetSize of job (KB)
...
006 (14733526.000.000) 2021-09-25 04:40:16 Image size of job updated: 1756
	1756  -  MemoryUsage of job (MB)
	1799160  -  ResidentSetSize of job (KB)
...
006 (14733526.000.000) 2021-09-25 04:41:16 Image size of job updated: 1757
	1757  -  MemoryUsage of job (MB)
	1799836  -  ResidentSetSize of job (KB)
...
006 (14733526.000.000) 2021-09-25 04:42:16 Image size of job updated: 1757
	1757  -  MemoryUsage of job (MB)
	1800056  -  ResidentSetSize of job (KB)
...
006 (14733526.000.000) 2021-09-25 04:43:16 Image size of job updated: 1758
	1758  -  MemoryUsage of job (MB)
	1800504  -  ResidentSetSize of job (KB)
...
006 (14733526.000.000) 2021-09-25 04:44:16 Image size of job updated: 1758
	1758  -  MemoryUsage of job (MB)
	1800708  -  ResidentSetSize of job (KB)
...
006 (14733526.000.000) 2021-09-25 04:45:16 Image size of job updated: 1758
	1758  -  MemoryUsage of job (MB)
	1800948  -  ResidentSetSize of job (KB)
...
006 (14733526.000.000) 2021-09-25 04:46:16 Image size of job updated: 1759
	1759  -  MemoryUsage of job (MB)
	1801496  -  ResidentSetSize of job (KB)
...
006 (14733526.000.000) 2021-09-25 04:47:16 Image size of job updated: 1759
	1759  -  MemoryUsage of job (MB)
	1801764  -  ResidentSetSize of job (KB)
...
006 (14733526.000.000) 2021-09-25 04:48:16 Image size of job updated: 1759
	1759  -  MemoryUsage of job (MB)
	1802028  -  ResidentSetSize of job (KB)
...
006 (14733526.000.000) 2021-09-25 04:49:16 Image size of job updated: 1760
	1760  -  MemoryUsage of job (MB)
	1802444  -  ResidentSetSize of job (KB)
...
006 (14733526.000.000) 2021-09-25 04:50:16 Image size of job updated: 1760
	1760  -  MemoryUsage of job (MB)
	1803228  -  ResidentSetSize of job (KB)
...
006 (14733526.000.000) 2021-09-25 04:51:16 Image size of job updated: 1761
	1761  -  MemoryUsage of job (MB)
	1804080  -  ResidentSetSize of job (KB)
...
006 (14733526.000.000) 2021-09-25 04:52:17 Image size of job updated: 1761
	1761  -  MemoryUsage of job (MB)
	1804084  -  ResidentSetSize of job (KB)
...
006 (14733526.000.000) 2021-09-25 04:53:18 Image size of job updated: 1762
	1762  -  MemoryUsage of job (MB)
	1804464  -  ResidentSetSize of job (KB)
...
006 (14733526.000.000) 2021-09-25 04:54:19 Image size of job updated: 1762
	1762  -  MemoryUsage of job (MB)
	1804832  -  ResidentSetSize of job (KB)
...
006 (14733526.000.000) 2021-09-25 04:55:19 Image size of job updated: 1762
	1762  -  MemoryUsage of job (MB)
	1805248  -  ResidentSetSize of job (KB)
...
006 (14733526.000.000) 2021-09-25 04:56:19 Image size of job updated: 1763
	1763  -  MemoryUsage of job (MB)
	1805756  -  ResidentSetSize of job (KB)
...
006 (14733526.000.000) 2021-09-25 04:57:19 Image size of job updated: 1763
	1763  -  MemoryUsage of job (MB)
	1805788  -  ResidentSetSize of job (KB)
...
006 (14733526.000.000) 2021-09-25 04:58:19 Image size of job updated: 1764
	1764  -  MemoryUsage of job (MB)
	1806516  -  ResidentSetSize of job (KB)
...
006 (14733526.000.000) 2021-09-25 04:59:20 Image size of job updated: 1765
	1765  -  MemoryUsage of job (MB)
	1807652  -  ResidentSetSize of job (KB)
...
006 (14733526.000.000) 2021-09-25 05:00:21 Image size of job updated: 1765
	1765  -  MemoryUsage of job (MB)
	1807732  -  ResidentSetSize of job (KB)
...
006 (14733526.000.000) 2021-09-25 05:01:22 Image size of job updated: 1766
	1766  -  MemoryUsage of job (MB)
	1808440  -  ResidentSetSize of job (KB)
...
006 (14733526.000.000) 2021-09-25 05:02:23 Image size of job updated: 1766
	1766  -  MemoryUsage of job (MB)
	1808456  -  ResidentSetSize of job (KB)
...
006 (14733526.000.000) 2021-09-25 05:03:24 Image size of job updated: 1766
	1766  -  MemoryUsage of job (MB)
	1809092  -  ResidentSetSize of job (KB)
...
006 (14733526.000.000) 2021-09-25 05:04:25 Image size of job updated: 1766
	1766  -  MemoryUsage of job (MB)
	1809240  -  ResidentSetSize of job (KB)
...
006 (14733526.000.000) 2021-09-25 05:05:26 Image size of job updated: 1767
	1767  -  MemoryUsage of job (MB)
	1809812  -  ResidentSetSize of job (KB)
...
006 (14733526.000.000) 2021-09-25 05:06:27 Image size of job updated: 1768
	1768  -  MemoryUsage of job (MB)
	1810464  -  ResidentSetSize of job (KB)
...
006 (14733526.000.000) 2021-09-25 05:07:28 Image size of job updated: 1768
	1768  -  MemoryUsage of job (MB)
	1810960  -  ResidentSetSize of job (KB)
...
006 (14733526.000.000) 2021-09-25 05:08:29 Image size of job updated: 1768
	1768  -  MemoryUsage of job (MB)
	1811296  -  ResidentSetSize of job (KB)
...
006 (14733526.000.000) 2021-09-25 05:09:30 Image size of job updated: 1768
	1768  -  MemoryUsage of job (MB)
	1811428  -  ResidentSetSize of job (KB)
...
006 (14733526.000.000) 2021-09-25 05:10:31 Image size of job updated: 1769
	1769  -  MemoryUsage of job (MB)
	1812236  -  ResidentSetSize of job (KB)
...
006 (14733526.000.000) 2021-09-25 05:11:32 Image size of job updated: 1769
	1769  -  MemoryUsage of job (MB)
	1812272  -  ResidentSetSize of job (KB)
...
006 (14733526.000.000) 2021-09-25 05:12:33 Image size of job updated: 1770
	1770  -  MemoryUsage of job (MB)
	1812768  -  ResidentSetSize of job (KB)
...
006 (14733526.000.000) 2021-09-25 05:13:32 Image size of job updated: 1770
	1770  -  MemoryUsage of job (MB)
	1812936  -  ResidentSetSize of job (KB)
...
040 (14733526.000.000) 2021-09-25 05:13:32 Started transferring output files
...
040 (14733526.000.000) 2021-09-25 05:13:32 Finished transferring output files
...
005 (14733526.000.000) 2021-09-25 05:13:35 Job terminated.
	(1) Normal termination (return value 0)
		Usr 0 01:19:38, Sys 0 00:45:49  -  Run Remote Usage
		Usr 0 00:00:00, Sys 0 00:00:00  -  Run Local Usage
		Usr 0 01:19:38, Sys 0 00:45:49  -  Total Remote Usage
		Usr 0 00:00:00, Sys 0 00:00:00  -  Total Local Usage
	1277523  -  Run Bytes Sent By Job
	8471570  -  Run Bytes Received By Job
	1277523  -  Total Bytes Sent By Job
	8471570  -  Total Bytes Received By Job
	Partitionable Resources :    Usage  Request Allocated 
	   Cpus                 :     0.00        1         1 
	   Disk (KB)            : 67111       10000    305153 
	   Memory (MB)          :  1770        2048      2048 

	Job terminated of its own accord at 2021-09-25T10:13:32Z.
...
