000 (14630081.000.000) 2021-09-16 05:48:00 Job submitted from host: <131.225.188.55:9618?addrs=131.225.188.55-9618&alias=lpcschedd1.fnal.gov&noUDP&sock=schedd_2070_6d22>
...
040 (14630081.000.000) 2021-09-16 13:05:51 Started transferring input files
	Transferring to host: <131.225.206.107:9618?addrs=131.225.206.107-9618&alias=cmswn1771.fnal.gov&noUDP&sock=slot1_2_1241_258c_3125>
...
040 (14630081.000.000) 2021-09-16 13:05:51 Finished transferring input files
...
001 (14630081.000.000) 2021-09-16 13:05:52 Job executing on host: <131.225.206.107:9618?addrs=131.225.206.107-9618&alias=cmswn1771.fnal.gov&noUDP&sock=startd_1158_dec2>
...
006 (14630081.000.000) 2021-09-16 13:06:01 Image size of job updated: 14
	14  -  MemoryUsage of job (MB)
	15092  -  ResidentSetSize of job (KB)
...
006 (14630081.000.000) 2021-09-16 13:07:02 Image size of job updated: 534
	534  -  MemoryUsage of job (MB)
	546824  -  ResidentSetSize of job (KB)
...
006 (14630081.000.000) 2021-09-16 13:10:04 Image size of job updated: 540
	540  -  MemoryUsage of job (MB)
	553524  -  ResidentSetSize of job (KB)
...
006 (14630081.000.000) 2021-09-16 13:11:04 Image size of job updated: 593
	593  -  MemoryUsage of job (MB)
	608196  -  ResidentSetSize of job (KB)
...
006 (14630081.000.000) 2021-09-16 13:12:04 Image size of job updated: 640
	640  -  MemoryUsage of job (MB)
	656304  -  ResidentSetSize of job (KB)
...
006 (14630081.000.000) 2021-09-16 13:13:05 Image size of job updated: 681
	681  -  MemoryUsage of job (MB)
	698224  -  ResidentSetSize of job (KB)
...
006 (14630081.000.000) 2021-09-16 13:14:05 Image size of job updated: 719
	719  -  MemoryUsage of job (MB)
	736752  -  ResidentSetSize of job (KB)
...
006 (14630081.000.000) 2021-09-16 13:15:05 Image size of job updated: 754
	754  -  MemoryUsage of job (MB)
	772676  -  ResidentSetSize of job (KB)
...
006 (14630081.000.000) 2021-09-16 13:16:06 Image size of job updated: 788
	788  -  MemoryUsage of job (MB)
	807016  -  ResidentSetSize of job (KB)
...
006 (14630081.000.000) 2021-09-16 13:17:07 Image size of job updated: 820
	820  -  MemoryUsage of job (MB)
	839996  -  ResidentSetSize of job (KB)
...
006 (14630081.000.000) 2021-09-16 13:18:08 Image size of job updated: 852
	852  -  MemoryUsage of job (MB)
	872788  -  ResidentSetSize of job (KB)
...
006 (14630081.000.000) 2021-09-16 13:19:08 Image size of job updated: 881
	881  -  MemoryUsage of job (MB)
	902488  -  ResidentSetSize of job (KB)
...
006 (14630081.000.000) 2021-09-16 13:20:09 Image size of job updated: 921
	921  -  MemoryUsage of job (MB)
	943688  -  ResidentSetSize of job (KB)
...
006 (14630081.000.000) 2021-09-16 13:21:10 Image size of job updated: 949
	949  -  MemoryUsage of job (MB)
	972212  -  ResidentSetSize of job (KB)
...
006 (14630081.000.000) 2021-09-16 13:22:10 Image size of job updated: 976
	976  -  MemoryUsage of job (MB)
	999552  -  ResidentSetSize of job (KB)
...
006 (14630081.000.000) 2021-09-16 13:23:11 Image size of job updated: 1001
	1001  -  MemoryUsage of job (MB)
	1026040  -  ResidentSetSize of job (KB)
...
006 (14630081.000.000) 2021-09-16 13:24:12 Image size of job updated: 1030
	1030  -  MemoryUsage of job (MB)
	1054848  -  ResidentSetSize of job (KB)
...
006 (14630081.000.000) 2021-09-16 13:25:12 Image size of job updated: 1060
	1060  -  MemoryUsage of job (MB)
	1085776  -  ResidentSetSize of job (KB)
...
006 (14630081.000.000) 2021-09-16 13:26:13 Image size of job updated: 1086
	1086  -  MemoryUsage of job (MB)
	1112176  -  ResidentSetSize of job (KB)
...
006 (14630081.000.000) 2021-09-16 13:27:14 Image size of job updated: 1108
	1108  -  MemoryUsage of job (MB)
	1135564  -  ResidentSetSize of job (KB)
...
006 (14630081.000.000) 2021-09-16 13:28:14 Image size of job updated: 1131
	1131  -  MemoryUsage of job (MB)
	1158296  -  ResidentSetSize of job (KB)
...
006 (14630081.000.000) 2021-09-16 13:29:15 Image size of job updated: 1153
	1153  -  MemoryUsage of job (MB)
	1181584  -  ResidentSetSize of job (KB)
...
006 (14630081.000.000) 2021-09-16 13:30:15 Image size of job updated: 1175
	1175  -  MemoryUsage of job (MB)
	1203440  -  ResidentSetSize of job (KB)
...
006 (14630081.000.000) 2021-09-16 13:31:15 Image size of job updated: 1196
	1196  -  MemoryUsage of job (MB)
	1224760  -  ResidentSetSize of job (KB)
...
006 (14630081.000.000) 2021-09-16 13:32:16 Image size of job updated: 1216
	1216  -  MemoryUsage of job (MB)
	1245688  -  ResidentSetSize of job (KB)
...
006 (14630081.000.000) 2021-09-16 13:33:16 Image size of job updated: 1236
	1236  -  MemoryUsage of job (MB)
	1266216  -  ResidentSetSize of job (KB)
...
006 (14630081.000.000) 2021-09-16 13:34:17 Image size of job updated: 1256
	1256  -  MemoryUsage of job (MB)
	1286280  -  ResidentSetSize of job (KB)
...
006 (14630081.000.000) 2021-09-16 13:35:18 Image size of job updated: 1275
	1275  -  MemoryUsage of job (MB)
	1306116  -  ResidentSetSize of job (KB)
...
006 (14630081.000.000) 2021-09-16 13:36:19 Image size of job updated: 1294
	1294  -  MemoryUsage of job (MB)
	1325808  -  ResidentSetSize of job (KB)
...
006 (14630081.000.000) 2021-09-16 13:37:19 Image size of job updated: 1313
	1313  -  MemoryUsage of job (MB)
	1344780  -  ResidentSetSize of job (KB)
...
006 (14630081.000.000) 2021-09-16 13:38:19 Image size of job updated: 1331
	1331  -  MemoryUsage of job (MB)
	1363616  -  ResidentSetSize of job (KB)
...
006 (14630081.000.000) 2021-09-16 13:39:20 Image size of job updated: 1350
	1350  -  MemoryUsage of job (MB)
	1382804  -  ResidentSetSize of job (KB)
...
006 (14630081.000.000) 2021-09-16 13:40:20 Image size of job updated: 1367
	1367  -  MemoryUsage of job (MB)
	1400320  -  ResidentSetSize of job (KB)
...
006 (14630081.000.000) 2021-09-16 13:41:20 Image size of job updated: 1385
	1385  -  MemoryUsage of job (MB)
	1418288  -  ResidentSetSize of job (KB)
...
006 (14630081.000.000) 2021-09-16 13:42:21 Image size of job updated: 1402
	1402  -  MemoryUsage of job (MB)
	1435924  -  ResidentSetSize of job (KB)
...
006 (14630081.000.000) 2021-09-16 13:43:21 Image size of job updated: 1419
	1419  -  MemoryUsage of job (MB)
	1453480  -  ResidentSetSize of job (KB)
...
006 (14630081.000.000) 2021-09-16 13:44:22 Image size of job updated: 1436
	1436  -  MemoryUsage of job (MB)
	1470588  -  ResidentSetSize of job (KB)
...
006 (14630081.000.000) 2021-09-16 13:45:23 Image size of job updated: 1452
	1452  -  MemoryUsage of job (MB)
	1487440  -  ResidentSetSize of job (KB)
...
006 (14630081.000.000) 2021-09-16 13:46:23 Image size of job updated: 1468
	1468  -  MemoryUsage of job (MB)
	1504136  -  ResidentSetSize of job (KB)
...
006 (14630081.000.000) 2021-09-16 13:47:24 Image size of job updated: 1484
	1484  -  MemoryUsage of job (MB)
	1520392  -  ResidentSetSize of job (KB)
...
006 (14630081.000.000) 2021-09-16 13:48:25 Image size of job updated: 1500
	1500  -  MemoryUsage of job (MB)
	1536616  -  ResidentSetSize of job (KB)
...
006 (14630081.000.000) 2021-09-16 13:49:25 Image size of job updated: 1516
	1516  -  MemoryUsage of job (MB)
	1552660  -  ResidentSetSize of job (KB)
...
006 (14630081.000.000) 2021-09-16 13:50:26 Image size of job updated: 1531
	1531  -  MemoryUsage of job (MB)
	1568528  -  ResidentSetSize of job (KB)
...
006 (14630081.000.000) 2021-09-16 13:51:27 Image size of job updated: 1625
	1625  -  MemoryUsage of job (MB)
	1664748  -  ResidentSetSize of job (KB)
...
006 (14630081.000.000) 2021-09-16 13:52:27 Image size of job updated: 1663
	1663  -  MemoryUsage of job (MB)
	1703204  -  ResidentSetSize of job (KB)
...
006 (14630081.000.000) 2021-09-16 13:53:28 Image size of job updated: 1686
	1686  -  MemoryUsage of job (MB)
	1727172  -  ResidentSetSize of job (KB)
...
006 (14630081.000.000) 2021-09-16 13:54:28 Image size of job updated: 1699
	1699  -  MemoryUsage of job (MB)
	1740432  -  ResidentSetSize of job (KB)
...
006 (14630081.000.000) 2021-09-16 13:55:28 Image size of job updated: 1709
	1709  -  MemoryUsage of job (MB)
	1750896  -  ResidentSetSize of job (KB)
...
006 (14630081.000.000) 2021-09-16 13:56:29 Image size of job updated: 1717
	1717  -  MemoryUsage of job (MB)
	1758780  -  ResidentSetSize of job (KB)
...
006 (14630081.000.000) 2021-09-16 13:57:30 Image size of job updated: 1722
	1722  -  MemoryUsage of job (MB)
	1763496  -  ResidentSetSize of job (KB)
...
006 (14630081.000.000) 2021-09-16 13:58:30 Image size of job updated: 1729
	1729  -  MemoryUsage of job (MB)
	1770676  -  ResidentSetSize of job (KB)
...
006 (14630081.000.000) 2021-09-16 13:59:30 Image size of job updated: 1732
	1732  -  MemoryUsage of job (MB)
	1774424  -  ResidentSetSize of job (KB)
...
006 (14630081.000.000) 2021-09-16 14:00:31 Image size of job updated: 1736
	1736  -  MemoryUsage of job (MB)
	1778196  -  ResidentSetSize of job (KB)
...
006 (14630081.000.000) 2021-09-16 14:01:32 Image size of job updated: 1739
	1739  -  MemoryUsage of job (MB)
	1781560  -  ResidentSetSize of job (KB)
...
006 (14630081.000.000) 2021-09-16 14:02:32 Image size of job updated: 1742
	1742  -  MemoryUsage of job (MB)
	1783972  -  ResidentSetSize of job (KB)
...
006 (14630081.000.000) 2021-09-16 14:03:33 Image size of job updated: 1745
	1745  -  MemoryUsage of job (MB)
	1787012  -  ResidentSetSize of job (KB)
...
006 (14630081.000.000) 2021-09-16 14:04:34 Image size of job updated: 1746
	1746  -  MemoryUsage of job (MB)
	1788632  -  ResidentSetSize of job (KB)
...
006 (14630081.000.000) 2021-09-16 14:05:34 Image size of job updated: 1749
	1749  -  MemoryUsage of job (MB)
	1791580  -  ResidentSetSize of job (KB)
...
006 (14630081.000.000) 2021-09-16 14:06:35 Image size of job updated: 1751
	1751  -  MemoryUsage of job (MB)
	1793884  -  ResidentSetSize of job (KB)
...
006 (14630081.000.000) 2021-09-16 14:07:35 Image size of job updated: 1753
	1753  -  MemoryUsage of job (MB)
	1795832  -  ResidentSetSize of job (KB)
...
006 (14630081.000.000) 2021-09-16 14:08:35 Image size of job updated: 1756
	1756  -  MemoryUsage of job (MB)
	1798564  -  ResidentSetSize of job (KB)
...
006 (14630081.000.000) 2021-09-16 14:09:36 Image size of job updated: 1758
	1758  -  MemoryUsage of job (MB)
	1800688  -  ResidentSetSize of job (KB)
...
006 (14630081.000.000) 2021-09-16 14:10:36 Image size of job updated: 1760
	1760  -  MemoryUsage of job (MB)
	1802332  -  ResidentSetSize of job (KB)
...
006 (14630081.000.000) 2021-09-16 14:11:36 Image size of job updated: 1761
	1761  -  MemoryUsage of job (MB)
	1804084  -  ResidentSetSize of job (KB)
...
006 (14630081.000.000) 2021-09-16 14:12:37 Image size of job updated: 1763
	1763  -  MemoryUsage of job (MB)
	1806228  -  ResidentSetSize of job (KB)
...
006 (14630081.000.000) 2021-09-16 14:13:37 Image size of job updated: 1766
	1766  -  MemoryUsage of job (MB)
	1808564  -  ResidentSetSize of job (KB)
...
006 (14630081.000.000) 2021-09-16 14:14:34 Image size of job updated: 1766
	1766  -  MemoryUsage of job (MB)
	1809400  -  ResidentSetSize of job (KB)
...
040 (14630081.000.000) 2021-09-16 14:14:34 Started transferring output files
...
040 (14630081.000.000) 2021-09-16 14:14:34 Finished transferring output files
...
005 (14630081.000.000) 2021-09-16 14:14:36 Job terminated.
	(1) Normal termination (return value 0)
		Usr 0 00:53:49, Sys 0 00:09:35  -  Run Remote Usage
		Usr 0 00:00:00, Sys 0 00:00:00  -  Run Local Usage
		Usr 0 00:53:49, Sys 0 00:09:35  -  Total Remote Usage
		Usr 0 00:00:00, Sys 0 00:00:00  -  Total Local Usage
	1234022  -  Run Bytes Sent By Job
	8471534  -  Run Bytes Received By Job
	1234022  -  Total Bytes Sent By Job
	8471534  -  Total Bytes Received By Job
	Partitionable Resources :    Usage  Request Allocated 
	   Cpus                 :     0.00        1         1 
	   Disk (KB)            : 26201       10000    323635 
	   Memory (MB)          :  1766        2048      2048 

	Job terminated of its own accord at 2021-09-16T19:14:34Z.
...
000 (14733551.000.000) 2021-09-24 22:33:31 Job submitted from host: <131.225.188.55:9618?addrs=131.225.188.55-9618&alias=lpcschedd1.fnal.gov&noUDP&sock=schedd_2070_6d22>
...
040 (14733551.000.000) 2021-09-25 02:53:48 Started transferring input files
	Transferring to host: <131.225.188.84:9618?addrs=131.225.188.84-9618&alias=cmswn2041.fnal.gov&noUDP&sock=slot1_40_2056_634d_4848>
...
040 (14733551.000.000) 2021-09-25 02:53:49 Finished transferring input files
...
001 (14733551.000.000) 2021-09-25 02:53:50 Job executing on host: <131.225.188.84:9618?addrs=131.225.188.84-9618&alias=cmswn2041.fnal.gov&noUDP&sock=startd_1910_adfa>
...
006 (14733551.000.000) 2021-09-25 02:53:58 Image size of job updated: 25
	25  -  MemoryUsage of job (MB)
	25980  -  ResidentSetSize of job (KB)
...
006 (14733551.000.000) 2021-09-25 02:54:58 Image size of job updated: 502
	502  -  MemoryUsage of job (MB)
	514732  -  ResidentSetSize of job (KB)
...
006 (14733551.000.000) 2021-09-25 02:59:01 Image size of job updated: 514
	514  -  MemoryUsage of job (MB)
	527124  -  ResidentSetSize of job (KB)
...
006 (14733551.000.000) 2021-09-25 03:00:02 Image size of job updated: 563
	563  -  MemoryUsage of job (MB)
	576984  -  ResidentSetSize of job (KB)
...
006 (14733551.000.000) 2021-09-25 03:01:02 Image size of job updated: 604
	604  -  MemoryUsage of job (MB)
	619108  -  ResidentSetSize of job (KB)
...
006 (14733551.000.000) 2021-09-25 03:02:03 Image size of job updated: 643
	643  -  MemoryUsage of job (MB)
	659016  -  ResidentSetSize of job (KB)
...
006 (14733551.000.000) 2021-09-25 03:03:04 Image size of job updated: 679
	679  -  MemoryUsage of job (MB)
	696072  -  ResidentSetSize of job (KB)
...
006 (14733551.000.000) 2021-09-25 03:04:04 Image size of job updated: 713
	713  -  MemoryUsage of job (MB)
	730592  -  ResidentSetSize of job (KB)
...
006 (14733551.000.000) 2021-09-25 03:05:05 Image size of job updated: 745
	745  -  MemoryUsage of job (MB)
	763336  -  ResidentSetSize of job (KB)
...
006 (14733551.000.000) 2021-09-25 03:06:07 Image size of job updated: 779
	779  -  MemoryUsage of job (MB)
	797952  -  ResidentSetSize of job (KB)
...
006 (14733551.000.000) 2021-09-25 03:07:08 Image size of job updated: 809
	809  -  MemoryUsage of job (MB)
	828624  -  ResidentSetSize of job (KB)
...
006 (14733551.000.000) 2021-09-25 03:08:09 Image size of job updated: 839
	839  -  MemoryUsage of job (MB)
	859556  -  ResidentSetSize of job (KB)
...
006 (14733551.000.000) 2021-09-25 03:09:10 Image size of job updated: 866
	866  -  MemoryUsage of job (MB)
	887400  -  ResidentSetSize of job (KB)
...
006 (14733551.000.000) 2021-09-25 03:10:10 Image size of job updated: 905
	905  -  MemoryUsage of job (MB)
	926828  -  ResidentSetSize of job (KB)
...
006 (14733551.000.000) 2021-09-25 03:11:11 Image size of job updated: 932
	932  -  MemoryUsage of job (MB)
	954852  -  ResidentSetSize of job (KB)
...
006 (14733551.000.000) 2021-09-25 03:12:11 Image size of job updated: 957
	957  -  MemoryUsage of job (MB)
	980928  -  ResidentSetSize of job (KB)
...
006 (14733551.000.000) 2021-09-25 03:13:11 Image size of job updated: 982
	982  -  MemoryUsage of job (MB)
	1005608  -  ResidentSetSize of job (KB)
...
006 (14733551.000.000) 2021-09-25 03:14:12 Image size of job updated: 1006
	1006  -  MemoryUsage of job (MB)
	1030748  -  ResidentSetSize of job (KB)
...
006 (14733551.000.000) 2021-09-25 03:15:12 Image size of job updated: 1032
	1032  -  MemoryUsage of job (MB)
	1057384  -  ResidentSetSize of job (KB)
...
006 (14733551.000.000) 2021-09-25 03:16:12 Image size of job updated: 1063
	1063  -  MemoryUsage of job (MB)
	1088676  -  ResidentSetSize of job (KB)
...
006 (14733551.000.000) 2021-09-25 03:17:12 Image size of job updated: 1087
	1087  -  MemoryUsage of job (MB)
	1113132  -  ResidentSetSize of job (KB)
...
006 (14733551.000.000) 2021-09-25 03:18:13 Image size of job updated: 1108
	1108  -  MemoryUsage of job (MB)
	1134960  -  ResidentSetSize of job (KB)
...
006 (14733551.000.000) 2021-09-25 03:19:13 Image size of job updated: 1129
	1129  -  MemoryUsage of job (MB)
	1156128  -  ResidentSetSize of job (KB)
...
006 (14733551.000.000) 2021-09-25 03:20:13 Image size of job updated: 1152
	1152  -  MemoryUsage of job (MB)
	1180212  -  ResidentSetSize of job (KB)
...
006 (14733551.000.000) 2021-09-25 03:21:14 Image size of job updated: 1171
	1171  -  MemoryUsage of job (MB)
	1200016  -  ResidentSetSize of job (KB)
...
006 (14733551.000.000) 2021-09-25 03:22:14 Image size of job updated: 1191
	1191  -  MemoryUsage of job (MB)
	1220112  -  ResidentSetSize of job (KB)
...
006 (14733551.000.000) 2021-09-25 03:23:15 Image size of job updated: 1210
	1210  -  MemoryUsage of job (MB)
	1239840  -  ResidentSetSize of job (KB)
...
006 (14733551.000.000) 2021-09-25 03:24:16 Image size of job updated: 1229
	1229  -  MemoryUsage of job (MB)
	1259272  -  ResidentSetSize of job (KB)
...
006 (14733551.000.000) 2021-09-25 03:25:16 Image size of job updated: 1248
	1248  -  MemoryUsage of job (MB)
	1278180  -  ResidentSetSize of job (KB)
...
006 (14733551.000.000) 2021-09-25 03:26:16 Image size of job updated: 1265
	1265  -  MemoryUsage of job (MB)
	1296268  -  ResidentSetSize of job (KB)
...
006 (14733551.000.000) 2021-09-25 03:27:17 Image size of job updated: 1283
	1283  -  MemoryUsage of job (MB)
	1314536  -  ResidentSetSize of job (KB)
...
006 (14733551.000.000) 2021-09-25 03:28:18 Image size of job updated: 1301
	1301  -  MemoryUsage of job (MB)
	1332340  -  ResidentSetSize of job (KB)
...
006 (14733551.000.000) 2021-09-25 03:29:18 Image size of job updated: 1318
	1318  -  MemoryUsage of job (MB)
	1349696  -  ResidentSetSize of job (KB)
...
006 (14733551.000.000) 2021-09-25 03:30:20 Image size of job updated: 1336
	1336  -  MemoryUsage of job (MB)
	1368468  -  ResidentSetSize of job (KB)
...
006 (14733551.000.000) 2021-09-25 03:31:20 Image size of job updated: 1352
	1352  -  MemoryUsage of job (MB)
	1385232  -  ResidentSetSize of job (KB)
...
006 (14733551.000.000) 2021-09-25 03:32:20 Image size of job updated: 1368
	1368  -  MemoryUsage of job (MB)
	1401704  -  ResidentSetSize of job (KB)
...
006 (14733551.000.000) 2021-09-25 03:33:20 Image size of job updated: 1384
	1384  -  MemoryUsage of job (MB)
	1417736  -  ResidentSetSize of job (KB)
...
006 (14733551.000.000) 2021-09-25 03:34:21 Image size of job updated: 1400
	1400  -  MemoryUsage of job (MB)
	1433668  -  ResidentSetSize of job (KB)
...
006 (14733551.000.000) 2021-09-25 03:35:22 Image size of job updated: 1415
	1415  -  MemoryUsage of job (MB)
	1449128  -  ResidentSetSize of job (KB)
...
006 (14733551.000.000) 2021-09-25 03:36:22 Image size of job updated: 1430
	1430  -  MemoryUsage of job (MB)
	1464776  -  ResidentSetSize of job (KB)
...
006 (14733551.000.000) 2021-09-25 03:37:23 Image size of job updated: 1445
	1445  -  MemoryUsage of job (MB)
	1480004  -  ResidentSetSize of job (KB)
...
006 (14733551.000.000) 2021-09-25 03:38:24 Image size of job updated: 1460
	1460  -  MemoryUsage of job (MB)
	1495212  -  ResidentSetSize of job (KB)
...
006 (14733551.000.000) 2021-09-25 03:39:24 Image size of job updated: 1474
	1474  -  MemoryUsage of job (MB)
	1510352  -  ResidentSetSize of job (KB)
...
006 (14733551.000.000) 2021-09-25 03:40:25 Image size of job updated: 1491
	1491  -  MemoryUsage of job (MB)
	1527304  -  ResidentSetSize of job (KB)
...
006 (14733551.000.000) 2021-09-25 03:41:26 Image size of job updated: 1506
	1506  -  MemoryUsage of job (MB)
	1542368  -  ResidentSetSize of job (KB)
...
006 (14733551.000.000) 2021-09-25 03:42:27 Image size of job updated: 1520
	1520  -  MemoryUsage of job (MB)
	1557188  -  ResidentSetSize of job (KB)
...
006 (14733551.000.000) 2021-09-25 03:43:27 Image size of job updated: 1534
	1534  -  MemoryUsage of job (MB)
	1571708  -  ResidentSetSize of job (KB)
...
006 (14733551.000.000) 2021-09-25 03:44:28 Image size of job updated: 1622
	1622  -  MemoryUsage of job (MB)
	1661636  -  ResidentSetSize of job (KB)
...
006 (14733551.000.000) 2021-09-25 03:45:30 Image size of job updated: 1625
	1625  -  MemoryUsage of job (MB)
	1664908  -  ResidentSetSize of job (KB)
...
006 (14733551.000.000) 2021-09-25 03:46:30 Image size of job updated: 1639
	1639  -  MemoryUsage of job (MB)
	1678596  -  ResidentSetSize of job (KB)
...
006 (14733551.000.000) 2021-09-25 03:47:30 Image size of job updated: 1639
	1639  -  MemoryUsage of job (MB)
	1678748  -  ResidentSetSize of job (KB)
...
006 (14733551.000.000) 2021-09-25 03:48:30 Image size of job updated: 1648
	1648  -  MemoryUsage of job (MB)
	1688420  -  ResidentSetSize of job (KB)
...
006 (14733551.000.000) 2021-09-25 03:49:30 Image size of job updated: 1648
	1648  -  MemoryUsage of job (MB)
	1688536  -  ResidentSetSize of job (KB)
...
006 (14733551.000.000) 2021-09-25 03:50:31 Image size of job updated: 1656
	1656  -  MemoryUsage of job (MB)
	1696716  -  ResidentSetSize of job (KB)
...
006 (14733551.000.000) 2021-09-25 03:51:32 Image size of job updated: 1662
	1662  -  MemoryUsage of job (MB)
	1702044  -  ResidentSetSize of job (KB)
...
006 (14733551.000.000) 2021-09-25 03:52:33 Image size of job updated: 1664
	1664  -  MemoryUsage of job (MB)
	1704016  -  ResidentSetSize of job (KB)
...
006 (14733551.000.000) 2021-09-25 03:53:33 Image size of job updated: 1670
	1670  -  MemoryUsage of job (MB)
	1711024  -  ResidentSetSize of job (KB)
...
006 (14733551.000.000) 2021-09-25 03:54:33 Image size of job updated: 1671
	1671  -  MemoryUsage of job (MB)
	1711112  -  ResidentSetSize of job (KB)
...
006 (14733551.000.000) 2021-09-25 03:55:34 Image size of job updated: 1676
	1676  -  MemoryUsage of job (MB)
	1716656  -  ResidentSetSize of job (KB)
...
006 (14733551.000.000) 2021-09-25 03:56:35 Image size of job updated: 1676
	1676  -  MemoryUsage of job (MB)
	1716712  -  ResidentSetSize of job (KB)
...
006 (14733551.000.000) 2021-09-25 03:57:35 Image size of job updated: 1680
	1680  -  MemoryUsage of job (MB)
	1721256  -  ResidentSetSize of job (KB)
...
006 (14733551.000.000) 2021-09-25 03:58:36 Image size of job updated: 1683
	1683  -  MemoryUsage of job (MB)
	1723992  -  ResidentSetSize of job (KB)
...
006 (14733551.000.000) 2021-09-25 03:59:38 Image size of job updated: 1683
	1683  -  MemoryUsage of job (MB)
	1724060  -  ResidentSetSize of job (KB)
...
006 (14733551.000.000) 2021-09-25 04:00:39 Image size of job updated: 1686
	1686  -  MemoryUsage of job (MB)
	1726556  -  ResidentSetSize of job (KB)
...
006 (14733551.000.000) 2021-09-25 04:01:39 Image size of job updated: 1687
	1687  -  MemoryUsage of job (MB)
	1728484  -  ResidentSetSize of job (KB)
...
006 (14733551.000.000) 2021-09-25 04:02:39 Image size of job updated: 1688
	1688  -  MemoryUsage of job (MB)
	1729084  -  ResidentSetSize of job (KB)
...
006 (14733551.000.000) 2021-09-25 04:03:40 Image size of job updated: 1691
	1691  -  MemoryUsage of job (MB)
	1732576  -  ResidentSetSize of job (KB)
...
006 (14733551.000.000) 2021-09-25 04:04:41 Image size of job updated: 1691
	1691  -  MemoryUsage of job (MB)
	1732600  -  ResidentSetSize of job (KB)
...
006 (14733551.000.000) 2021-09-25 04:05:41 Image size of job updated: 1695
	1695  -  MemoryUsage of job (MB)
	1735892  -  ResidentSetSize of job (KB)
...
006 (14733551.000.000) 2021-09-25 04:06:41 Image size of job updated: 1696
	1696  -  MemoryUsage of job (MB)
	1737300  -  ResidentSetSize of job (KB)
...
006 (14733551.000.000) 2021-09-25 04:07:41 Image size of job updated: 1697
	1697  -  MemoryUsage of job (MB)
	1737796  -  ResidentSetSize of job (KB)
...
006 (14733551.000.000) 2021-09-25 04:08:42 Image size of job updated: 1698
	1698  -  MemoryUsage of job (MB)
	1738968  -  ResidentSetSize of job (KB)
...
006 (14733551.000.000) 2021-09-25 04:09:43 Image size of job updated: 1698
	1698  -  MemoryUsage of job (MB)
	1738976  -  ResidentSetSize of job (KB)
...
006 (14733551.000.000) 2021-09-25 04:10:44 Image size of job updated: 1699
	1699  -  MemoryUsage of job (MB)
	1740612  -  ResidentSetSize of job (KB)
...
006 (14733551.000.000) 2021-09-25 04:11:45 Image size of job updated: 1701
	1701  -  MemoryUsage of job (MB)
	1742568  -  ResidentSetSize of job (KB)
...
006 (14733551.000.000) 2021-09-25 04:12:45 Image size of job updated: 1701
	1701  -  MemoryUsage of job (MB)
	1742588  -  ResidentSetSize of job (KB)
...
006 (14733551.000.000) 2021-09-25 04:13:46 Image size of job updated: 1703
	1703  -  MemoryUsage of job (MB)
	1744824  -  ResidentSetSize of job (KB)
...
006 (14733551.000.000) 2021-09-25 04:14:47 Image size of job updated: 1705
	1705  -  MemoryUsage of job (MB)
	1746336  -  ResidentSetSize of job (KB)
...
006 (14733551.000.000) 2021-09-25 04:15:48 Image size of job updated: 1705
	1705  -  MemoryUsage of job (MB)
	1746344  -  ResidentSetSize of job (KB)
...
006 (14733551.000.000) 2021-09-25 04:16:48 Image size of job updated: 1706
	1706  -  MemoryUsage of job (MB)
	1747964  -  ResidentSetSize of job (KB)
...
006 (14733551.000.000) 2021-09-25 04:17:48 Image size of job updated: 1708
	1708  -  MemoryUsage of job (MB)
	1749868  -  ResidentSetSize of job (KB)
...
006 (14733551.000.000) 2021-09-25 04:18:48 Image size of job updated: 1708
	1708  -  MemoryUsage of job (MB)
	1749908  -  ResidentSetSize of job (KB)
...
006 (14733551.000.000) 2021-09-25 04:19:48 Image size of job updated: 1710
	1710  -  MemoryUsage of job (MB)
	1751272  -  ResidentSetSize of job (KB)
...
006 (14733551.000.000) 2021-09-25 04:20:48 Image size of job updated: 1711
	1711  -  MemoryUsage of job (MB)
	1752172  -  ResidentSetSize of job (KB)
...
006 (14733551.000.000) 2021-09-25 04:21:49 Image size of job updated: 1711
	1711  -  MemoryUsage of job (MB)
	1752196  -  ResidentSetSize of job (KB)
...
006 (14733551.000.000) 2021-09-25 04:22:50 Image size of job updated: 1711
	1711  -  MemoryUsage of job (MB)
	1752768  -  ResidentSetSize of job (KB)
...
006 (14733551.000.000) 2021-09-25 04:23:51 Image size of job updated: 1712
	1712  -  MemoryUsage of job (MB)
	1753428  -  ResidentSetSize of job (KB)
...
006 (14733551.000.000) 2021-09-25 04:24:52 Image size of job updated: 1712
	1712  -  MemoryUsage of job (MB)
	1753472  -  ResidentSetSize of job (KB)
...
006 (14733551.000.000) 2021-09-25 04:25:53 Image size of job updated: 1712
	1712  -  MemoryUsage of job (MB)
	1753952  -  ResidentSetSize of job (KB)
...
006 (14733551.000.000) 2021-09-25 04:26:54 Image size of job updated: 1714
	1714  -  MemoryUsage of job (MB)
	1755480  -  ResidentSetSize of job (KB)
...
006 (14733551.000.000) 2021-09-25 04:27:54 Image size of job updated: 1714
	1714  -  MemoryUsage of job (MB)
	1755504  -  ResidentSetSize of job (KB)
...
006 (14733551.000.000) 2021-09-25 04:28:54 Image size of job updated: 1715
	1715  -  MemoryUsage of job (MB)
	1756380  -  ResidentSetSize of job (KB)
...
006 (14733551.000.000) 2021-09-25 04:29:54 Image size of job updated: 1715
	1715  -  MemoryUsage of job (MB)
	1756436  -  ResidentSetSize of job (KB)
...
006 (14733551.000.000) 2021-09-25 04:30:55 Image size of job updated: 1716
	1716  -  MemoryUsage of job (MB)
	1757280  -  ResidentSetSize of job (KB)
...
006 (14733551.000.000) 2021-09-25 04:31:56 Image size of job updated: 1717
	1717  -  MemoryUsage of job (MB)
	1758668  -  ResidentSetSize of job (KB)
...
006 (14733551.000.000) 2021-09-25 04:32:56 Image size of job updated: 1717
	1717  -  MemoryUsage of job (MB)
	1758672  -  ResidentSetSize of job (KB)
...
006 (14733551.000.000) 2021-09-25 04:33:57 Image size of job updated: 1718
	1718  -  MemoryUsage of job (MB)
	1759756  -  ResidentSetSize of job (KB)
...
006 (14733551.000.000) 2021-09-25 04:34:57 Image size of job updated: 1719
	1719  -  MemoryUsage of job (MB)
	1761120  -  ResidentSetSize of job (KB)
...
006 (14733551.000.000) 2021-09-25 04:35:57 Image size of job updated: 1719
	1719  -  MemoryUsage of job (MB)
	1761132  -  ResidentSetSize of job (KB)
...
006 (14733551.000.000) 2021-09-25 04:36:58 Image size of job updated: 1720
	1720  -  MemoryUsage of job (MB)
	1762188  -  ResidentSetSize of job (KB)
...
006 (14733551.000.000) 2021-09-25 04:37:58 Image size of job updated: 1721
	1721  -  MemoryUsage of job (MB)
	1762352  -  ResidentSetSize of job (KB)
...
006 (14733551.000.000) 2021-09-25 04:39:00 Image size of job updated: 1721
	1721  -  MemoryUsage of job (MB)
	1763156  -  ResidentSetSize of job (KB)
...
006 (14733551.000.000) 2021-09-25 04:40:00 Image size of job updated: 1722
	1722  -  MemoryUsage of job (MB)
	1764248  -  ResidentSetSize of job (KB)
...
006 (14733551.000.000) 2021-09-25 04:42:00 Image size of job updated: 1724
	1724  -  MemoryUsage of job (MB)
	1765584  -  ResidentSetSize of job (KB)
...
006 (14733551.000.000) 2021-09-25 04:43:00 Image size of job updated: 1725
	1725  -  MemoryUsage of job (MB)
	1766956  -  ResidentSetSize of job (KB)
...
006 (14733551.000.000) 2021-09-25 04:44:01 Image size of job updated: 1725
	1725  -  MemoryUsage of job (MB)
	1766960  -  ResidentSetSize of job (KB)
...
006 (14733551.000.000) 2021-09-25 04:45:02 Image size of job updated: 1726
	1726  -  MemoryUsage of job (MB)
	1768040  -  ResidentSetSize of job (KB)
...
006 (14733551.000.000) 2021-09-25 04:46:03 Image size of job updated: 1727
	1727  -  MemoryUsage of job (MB)
	1768772  -  ResidentSetSize of job (KB)
...
006 (14733551.000.000) 2021-09-25 04:48:04 Image size of job updated: 1728
	1728  -  MemoryUsage of job (MB)
	1769584  -  ResidentSetSize of job (KB)
...
006 (14733551.000.000) 2021-09-25 04:49:04 Image size of job updated: 1728
	1728  -  MemoryUsage of job (MB)
	1769920  -  ResidentSetSize of job (KB)
...
006 (14733551.000.000) 2021-09-25 04:50:05 Image size of job updated: 1728
	1728  -  MemoryUsage of job (MB)
	1770288  -  ResidentSetSize of job (KB)
...
006 (14733551.000.000) 2021-09-25 04:51:06 Image size of job updated: 1729
	1729  -  MemoryUsage of job (MB)
	1770872  -  ResidentSetSize of job (KB)
...
006 (14733551.000.000) 2021-09-25 04:52:07 Image size of job updated: 1730
	1730  -  MemoryUsage of job (MB)
	1771832  -  ResidentSetSize of job (KB)
...
006 (14733551.000.000) 2021-09-25 04:54:09 Image size of job updated: 1730
	1730  -  MemoryUsage of job (MB)
	1772120  -  ResidentSetSize of job (KB)
...
006 (14733551.000.000) 2021-09-25 04:55:09 Image size of job updated: 1731
	1731  -  MemoryUsage of job (MB)
	1772644  -  ResidentSetSize of job (KB)
...
006 (14733551.000.000) 2021-09-25 04:57:11 Image size of job updated: 1732
	1732  -  MemoryUsage of job (MB)
	1773652  -  ResidentSetSize of job (KB)
...
006 (14733551.000.000) 2021-09-25 04:58:12 Image size of job updated: 1732
	1732  -  MemoryUsage of job (MB)
	1774172  -  ResidentSetSize of job (KB)
...
006 (14733551.000.000) 2021-09-25 04:59:12 Image size of job updated: 1732
	1732  -  MemoryUsage of job (MB)
	1774176  -  ResidentSetSize of job (KB)
...
006 (14733551.000.000) 2021-09-25 05:00:13 Image size of job updated: 1733
	1733  -  MemoryUsage of job (MB)
	1775032  -  ResidentSetSize of job (KB)
...
006 (14733551.000.000) 2021-09-25 05:01:13 Image size of job updated: 1733
	1733  -  MemoryUsage of job (MB)
	1775040  -  ResidentSetSize of job (KB)
...
006 (14733551.000.000) 2021-09-25 05:02:13 Image size of job updated: 1733
	1733  -  MemoryUsage of job (MB)
	1775288  -  ResidentSetSize of job (KB)
...
006 (14733551.000.000) 2021-09-25 05:03:13 Image size of job updated: 1734
	1734  -  MemoryUsage of job (MB)
	1775656  -  ResidentSetSize of job (KB)
...
006 (14733551.000.000) 2021-09-25 05:04:13 Image size of job updated: 1734
	1734  -  MemoryUsage of job (MB)
	1775660  -  ResidentSetSize of job (KB)
...
006 (14733551.000.000) 2021-09-25 05:05:13 Image size of job updated: 1734
	1734  -  MemoryUsage of job (MB)
	1776608  -  ResidentSetSize of job (KB)
...
006 (14733551.000.000) 2021-09-25 05:06:13 Image size of job updated: 1734
	1734  -  MemoryUsage of job (MB)
	1776616  -  ResidentSetSize of job (KB)
...
006 (14733551.000.000) 2021-09-25 05:07:13 Image size of job updated: 1735
	1735  -  MemoryUsage of job (MB)
	1777508  -  ResidentSetSize of job (KB)
...
006 (14733551.000.000) 2021-09-25 05:08:13 Image size of job updated: 1736
	1736  -  MemoryUsage of job (MB)
	1778096  -  ResidentSetSize of job (KB)
...
006 (14733551.000.000) 2021-09-25 05:09:14 Image size of job updated: 1736
	1736  -  MemoryUsage of job (MB)
	1778100  -  ResidentSetSize of job (KB)
...
006 (14733551.000.000) 2021-09-25 05:10:15 Image size of job updated: 1736
	1736  -  MemoryUsage of job (MB)
	1778508  -  ResidentSetSize of job (KB)
...
006 (14733551.000.000) 2021-09-25 05:11:16 Image size of job updated: 1737
	1737  -  MemoryUsage of job (MB)
	1779024  -  ResidentSetSize of job (KB)
...
006 (14733551.000.000) 2021-09-25 05:12:17 Image size of job updated: 1737
	1737  -  MemoryUsage of job (MB)
	1779248  -  ResidentSetSize of job (KB)
...
006 (14733551.000.000) 2021-09-25 05:13:18 Image size of job updated: 1738
	1738  -  MemoryUsage of job (MB)
	1779924  -  ResidentSetSize of job (KB)
...
006 (14733551.000.000) 2021-09-25 05:14:18 Image size of job updated: 1738
	1738  -  MemoryUsage of job (MB)
	1779952  -  ResidentSetSize of job (KB)
...
006 (14733551.000.000) 2021-09-25 05:15:19 Image size of job updated: 1738
	1738  -  MemoryUsage of job (MB)
	1780276  -  ResidentSetSize of job (KB)
...
006 (14733551.000.000) 2021-09-25 05:16:19 Image size of job updated: 1738
	1738  -  MemoryUsage of job (MB)
	1780556  -  ResidentSetSize of job (KB)
...
006 (14733551.000.000) 2021-09-25 05:17:19 Image size of job updated: 1738
	1738  -  MemoryUsage of job (MB)
	1780560  -  ResidentSetSize of job (KB)
...
006 (14733551.000.000) 2021-09-25 05:18:20 Image size of job updated: 1739
	1739  -  MemoryUsage of job (MB)
	1780836  -  ResidentSetSize of job (KB)
...
006 (14733551.000.000) 2021-09-25 05:19:20 Image size of job updated: 1739
	1739  -  MemoryUsage of job (MB)
	1780956  -  ResidentSetSize of job (KB)
...
006 (14733551.000.000) 2021-09-25 05:21:22 Image size of job updated: 1740
	1740  -  MemoryUsage of job (MB)
	1782204  -  ResidentSetSize of job (KB)
...
006 (14733551.000.000) 2021-09-25 05:22:22 Image size of job updated: 1741
	1741  -  MemoryUsage of job (MB)
	1783220  -  ResidentSetSize of job (KB)
...
006 (14733551.000.000) 2021-09-25 05:24:23 Image size of job updated: 1742
	1742  -  MemoryUsage of job (MB)
	1783992  -  ResidentSetSize of job (KB)
...
006 (14733551.000.000) 2021-09-25 05:25:24 Image size of job updated: 1742
	1742  -  MemoryUsage of job (MB)
	1784328  -  ResidentSetSize of job (KB)
...
006 (14733551.000.000) 2021-09-25 05:26:25 Image size of job updated: 1742
	1742  -  MemoryUsage of job (MB)
	1784332  -  ResidentSetSize of job (KB)
...
006 (14733551.000.000) 2021-09-25 05:27:25 Image size of job updated: 1743
	1743  -  MemoryUsage of job (MB)
	1785012  -  ResidentSetSize of job (KB)
...
006 (14733551.000.000) 2021-09-25 05:28:26 Image size of job updated: 1743
	1743  -  MemoryUsage of job (MB)
	1785588  -  ResidentSetSize of job (KB)
...
006 (14733551.000.000) 2021-09-25 05:30:26 Image size of job updated: 1744
	1744  -  MemoryUsage of job (MB)
	1785864  -  ResidentSetSize of job (KB)
...
006 (14733551.000.000) 2021-09-25 05:31:26 Image size of job updated: 1744
	1744  -  MemoryUsage of job (MB)
	1786744  -  ResidentSetSize of job (KB)
...
006 (14733551.000.000) 2021-09-25 05:32:27 Image size of job updated: 1744
	1744  -  MemoryUsage of job (MB)
	1786748  -  ResidentSetSize of job (KB)
...
006 (14733551.000.000) 2021-09-25 05:33:28 Image size of job updated: 1745
	1745  -  MemoryUsage of job (MB)
	1787012  -  ResidentSetSize of job (KB)
...
006 (14733551.000.000) 2021-09-25 05:35:28 Image size of job updated: 1745
	1745  -  MemoryUsage of job (MB)
	1787676  -  ResidentSetSize of job (KB)
...
006 (14733551.000.000) 2021-09-25 05:36:28 Image size of job updated: 1746
	1746  -  MemoryUsage of job (MB)
	1788008  -  ResidentSetSize of job (KB)
...
006 (14733551.000.000) 2021-09-25 05:37:28 Image size of job updated: 1746
	1746  -  MemoryUsage of job (MB)
	1788332  -  ResidentSetSize of job (KB)
...
006 (14733551.000.000) 2021-09-25 05:38:30 Image size of job updated: 1747
	1747  -  MemoryUsage of job (MB)
	1789200  -  ResidentSetSize of job (KB)
...
006 (14733551.000.000) 2021-09-25 05:39:30 Image size of job updated: 1747
	1747  -  MemoryUsage of job (MB)
	1789204  -  ResidentSetSize of job (KB)
...
006 (14733551.000.000) 2021-09-25 05:40:31 Image size of job updated: 1748
	1748  -  MemoryUsage of job (MB)
	1790112  -  ResidentSetSize of job (KB)
...
006 (14733551.000.000) 2021-09-25 05:41:32 Image size of job updated: 1748
	1748  -  MemoryUsage of job (MB)
	1790292  -  ResidentSetSize of job (KB)
...
006 (14733551.000.000) 2021-09-25 05:43:33 Image size of job updated: 1748
	1748  -  MemoryUsage of job (MB)
	1790824  -  ResidentSetSize of job (KB)
...
006 (14733551.000.000) 2021-09-25 05:44:34 Image size of job updated: 1749
	1749  -  MemoryUsage of job (MB)
	1791244  -  ResidentSetSize of job (KB)
...
006 (14733551.000.000) 2021-09-25 05:45:34 Image size of job updated: 1749
	1749  -  MemoryUsage of job (MB)
	1791420  -  ResidentSetSize of job (KB)
...
006 (14733551.000.000) 2021-09-25 05:46:34 Image size of job updated: 1750
	1750  -  MemoryUsage of job (MB)
	1792132  -  ResidentSetSize of job (KB)
...
006 (14733551.000.000) 2021-09-25 05:47:35 Image size of job updated: 1750
	1750  -  MemoryUsage of job (MB)
	1792136  -  ResidentSetSize of job (KB)
...
006 (14733551.000.000) 2021-09-25 05:48:35 Image size of job updated: 1751
	1751  -  MemoryUsage of job (MB)
	1793220  -  ResidentSetSize of job (KB)
...
006 (14733551.000.000) 2021-09-25 05:49:36 Image size of job updated: 1751
	1751  -  MemoryUsage of job (MB)
	1793500  -  ResidentSetSize of job (KB)
...
006 (14733551.000.000) 2021-09-25 05:50:37 Image size of job updated: 1751
	1751  -  MemoryUsage of job (MB)
	1793512  -  ResidentSetSize of job (KB)
...
006 (14733551.000.000) 2021-09-25 05:51:38 Image size of job updated: 1752
	1752  -  MemoryUsage of job (MB)
	1794204  -  ResidentSetSize of job (KB)
...
006 (14733551.000.000) 2021-09-25 05:53:39 Image size of job updated: 1752
	1752  -  MemoryUsage of job (MB)
	1794776  -  ResidentSetSize of job (KB)
...
006 (14733551.000.000) 2021-09-25 05:54:40 Image size of job updated: 1753
	1753  -  MemoryUsage of job (MB)
	1795112  -  ResidentSetSize of job (KB)
...
006 (14733551.000.000) 2021-09-25 05:55:41 Image size of job updated: 1753
	1753  -  MemoryUsage of job (MB)
	1795116  -  ResidentSetSize of job (KB)
...
006 (14733551.000.000) 2021-09-25 05:56:41 Image size of job updated: 1753
	1753  -  MemoryUsage of job (MB)
	1795916  -  ResidentSetSize of job (KB)
...
006 (14733551.000.000) 2021-09-25 05:57:41 Image size of job updated: 1753
	1753  -  MemoryUsage of job (MB)
	1795924  -  ResidentSetSize of job (KB)
...
006 (14733551.000.000) 2021-09-25 05:58:42 Image size of job updated: 1754
	1754  -  MemoryUsage of job (MB)
	1796200  -  ResidentSetSize of job (KB)
...
006 (14733551.000.000) 2021-09-25 05:59:43 Image size of job updated: 1754
	1754  -  MemoryUsage of job (MB)
	1796560  -  ResidentSetSize of job (KB)
...
006 (14733551.000.000) 2021-09-25 06:01:45 Image size of job updated: 1755
	1755  -  MemoryUsage of job (MB)
	1797156  -  ResidentSetSize of job (KB)
...
006 (14733551.000.000) 2021-09-25 06:03:45 Image size of job updated: 1755
	1755  -  MemoryUsage of job (MB)
	1797844  -  ResidentSetSize of job (KB)
...
006 (14733551.000.000) 2021-09-25 06:04:46 Image size of job updated: 1756
	1756  -  MemoryUsage of job (MB)
	1798400  -  ResidentSetSize of job (KB)
...
006 (14733551.000.000) 2021-09-25 06:06:47 Image size of job updated: 1756
	1756  -  MemoryUsage of job (MB)
	1798648  -  ResidentSetSize of job (KB)
...
006 (14733551.000.000) 2021-09-25 06:07:47 Image size of job updated: 1757
	1757  -  MemoryUsage of job (MB)
	1799176  -  ResidentSetSize of job (KB)
...
006 (14733551.000.000) 2021-09-25 06:09:49 Image size of job updated: 1757
	1757  -  MemoryUsage of job (MB)
	1799552  -  ResidentSetSize of job (KB)
...
006 (14733551.000.000) 2021-09-25 06:11:49 Image size of job updated: 1757
	1757  -  MemoryUsage of job (MB)
	1799808  -  ResidentSetSize of job (KB)
...
006 (14733551.000.000) 2021-09-25 06:12:50 Image size of job updated: 1758
	1758  -  MemoryUsage of job (MB)
	1800716  -  ResidentSetSize of job (KB)
...
006 (14733551.000.000) 2021-09-25 06:14:52 Image size of job updated: 1759
	1759  -  MemoryUsage of job (MB)
	1801520  -  ResidentSetSize of job (KB)
...
006 (14733551.000.000) 2021-09-25 06:15:53 Image size of job updated: 1759
	1759  -  MemoryUsage of job (MB)
	1801548  -  ResidentSetSize of job (KB)
...
006 (14733551.000.000) 2021-09-25 06:16:54 Image size of job updated: 1760
	1760  -  MemoryUsage of job (MB)
	1802492  -  ResidentSetSize of job (KB)
...
006 (14733551.000.000) 2021-09-25 06:17:55 Image size of job updated: 1760
	1760  -  MemoryUsage of job (MB)
	1802936  -  ResidentSetSize of job (KB)
...
006 (14733551.000.000) 2021-09-25 06:18:55 Image size of job updated: 1760
	1760  -  MemoryUsage of job (MB)
	1802956  -  ResidentSetSize of job (KB)
...
006 (14733551.000.000) 2021-09-25 06:19:56 Image size of job updated: 1761
	1761  -  MemoryUsage of job (MB)
	1803956  -  ResidentSetSize of job (KB)
...
006 (14733551.000.000) 2021-09-25 06:20:57 Image size of job updated: 1761
	1761  -  MemoryUsage of job (MB)
	1803964  -  ResidentSetSize of job (KB)
...
006 (14733551.000.000) 2021-09-25 06:21:58 Image size of job updated: 1762
	1762  -  MemoryUsage of job (MB)
	1804928  -  ResidentSetSize of job (KB)
...
006 (14733551.000.000) 2021-09-25 06:22:59 Image size of job updated: 1762
	1762  -  MemoryUsage of job (MB)
	1805272  -  ResidentSetSize of job (KB)
...
006 (14733551.000.000) 2021-09-25 06:25:00 Image size of job updated: 1763
	1763  -  MemoryUsage of job (MB)
	1805644  -  ResidentSetSize of job (KB)
...
006 (14733551.000.000) 2021-09-25 06:26:35 Image size of job updated: 1763
	1763  -  MemoryUsage of job (MB)
	1805988  -  ResidentSetSize of job (KB)
...
040 (14733551.000.000) 2021-09-25 06:26:35 Started transferring output files
...
040 (14733551.000.000) 2021-09-25 06:26:35 Finished transferring output files
...
005 (14733551.000.000) 2021-09-25 06:26:36 Job terminated.
	(1) Normal termination (return value 0)
		Usr 0 00:00:00, Sys 0 00:00:00  -  Run Remote Usage
		Usr 0 00:00:00, Sys 0 00:00:00  -  Run Local Usage
		Usr 0 01:01:15, Sys 0 02:24:39  -  Total Remote Usage
		Usr 0 00:00:00, Sys 0 00:00:00  -  Total Local Usage
	1226712  -  Run Bytes Sent By Job
	8471570  -  Run Bytes Received By Job
	1226712  -  Total Bytes Sent By Job
	8471570  -  Total Bytes Received By Job
	Partitionable Resources :    Usage  Request Allocated 
	   Cpus                 :     0.00        1         1 
	   Disk (KB)            : 24505       10000   1645705 
	   Memory (MB)          :  1763        2048      2048 

	Job terminated of its own accord at 2021-09-25T11:26:35Z.
...
