000 (34545343.000.000) 2021-09-16 05:48:33 Job submitted from host: <131.225.188.57:9618?addrs=131.225.188.57-9618&alias=lpcschedd2.fnal.gov&noUDP&sock=schedd_2251_93c6>
...
040 (34545343.000.000) 2021-09-16 21:48:36 Started transferring input files
	Transferring to host: <131.225.206.159:9618?addrs=131.225.206.159-9618&alias=cmswn1786.fnal.gov&noUDP&sock=slot1_2_1220_59ab_3336>
...
040 (34545343.000.000) 2021-09-16 21:48:36 Finished transferring input files
...
001 (34545343.000.000) 2021-09-16 21:48:37 Job executing on host: <131.225.206.159:9618?addrs=131.225.206.159-9618&alias=cmswn1786.fnal.gov&noUDP&sock=startd_1139_d676>
...
006 (34545343.000.000) 2021-09-16 21:48:46 Image size of job updated: 14
	14  -  MemoryUsage of job (MB)
	15096  -  ResidentSetSize of job (KB)
...
006 (34545343.000.000) 2021-09-16 21:49:46 Image size of job updated: 459
	459  -  MemoryUsage of job (MB)
	470064  -  ResidentSetSize of job (KB)
...
006 (34545343.000.000) 2021-09-16 21:50:46 Image size of job updated: 527
	527  -  MemoryUsage of job (MB)
	540536  -  ResidentSetSize of job (KB)
...
006 (34545343.000.000) 2021-09-16 21:53:47 Image size of job updated: 561
	561  -  MemoryUsage of job (MB)
	574496  -  ResidentSetSize of job (KB)
...
006 (34545343.000.000) 2021-09-16 21:54:48 Image size of job updated: 610
	610  -  MemoryUsage of job (MB)
	625300  -  ResidentSetSize of job (KB)
...
006 (34545343.000.000) 2021-09-16 21:55:49 Image size of job updated: 650
	650  -  MemoryUsage of job (MB)
	665736  -  ResidentSetSize of job (KB)
...
006 (34545343.000.000) 2021-09-16 21:56:49 Image size of job updated: 689
	689  -  MemoryUsage of job (MB)
	706312  -  ResidentSetSize of job (KB)
...
006 (34545343.000.000) 2021-09-16 21:57:50 Image size of job updated: 726
	726  -  MemoryUsage of job (MB)
	743484  -  ResidentSetSize of job (KB)
...
006 (34545343.000.000) 2021-09-16 21:58:51 Image size of job updated: 760
	760  -  MemoryUsage of job (MB)
	778580  -  ResidentSetSize of job (KB)
...
006 (34545343.000.000) 2021-09-16 21:59:51 Image size of job updated: 792
	792  -  MemoryUsage of job (MB)
	811136  -  ResidentSetSize of job (KB)
...
006 (34545343.000.000) 2021-09-16 22:00:51 Image size of job updated: 823
	823  -  MemoryUsage of job (MB)
	842832  -  ResidentSetSize of job (KB)
...
006 (34545343.000.000) 2021-09-16 22:01:52 Image size of job updated: 854
	854  -  MemoryUsage of job (MB)
	874728  -  ResidentSetSize of job (KB)
...
006 (34545343.000.000) 2021-09-16 22:02:53 Image size of job updated: 882
	882  -  MemoryUsage of job (MB)
	903536  -  ResidentSetSize of job (KB)
...
006 (34545343.000.000) 2021-09-16 22:03:53 Image size of job updated: 921
	921  -  MemoryUsage of job (MB)
	943912  -  ResidentSetSize of job (KB)
...
006 (34545343.000.000) 2021-09-16 22:04:53 Image size of job updated: 948
	948  -  MemoryUsage of job (MB)
	971736  -  ResidentSetSize of job (KB)
...
006 (34545343.000.000) 2021-09-16 22:05:54 Image size of job updated: 975
	975  -  MemoryUsage of job (MB)
	998440  -  ResidentSetSize of job (KB)
...
006 (34545343.000.000) 2021-09-16 22:06:55 Image size of job updated: 1000
	1000  -  MemoryUsage of job (MB)
	1024324  -  ResidentSetSize of job (KB)
...
006 (34545343.000.000) 2021-09-16 22:07:56 Image size of job updated: 1028
	1028  -  MemoryUsage of job (MB)
	1053168  -  ResidentSetSize of job (KB)
...
006 (34545343.000.000) 2021-09-16 22:08:56 Image size of job updated: 1052
	1052  -  MemoryUsage of job (MB)
	1077984  -  ResidentSetSize of job (KB)
...
006 (34545343.000.000) 2021-09-16 22:09:57 Image size of job updated: 1083
	1083  -  MemoryUsage of job (MB)
	1109072  -  ResidentSetSize of job (KB)
...
006 (34545343.000.000) 2021-09-16 22:10:57 Image size of job updated: 1105
	1105  -  MemoryUsage of job (MB)
	1131876  -  ResidentSetSize of job (KB)
...
006 (34545343.000.000) 2021-09-16 22:11:57 Image size of job updated: 1127
	1127  -  MemoryUsage of job (MB)
	1154484  -  ResidentSetSize of job (KB)
...
006 (34545343.000.000) 2021-09-16 22:12:58 Image size of job updated: 1148
	1148  -  MemoryUsage of job (MB)
	1176336  -  ResidentSetSize of job (KB)
...
006 (34545343.000.000) 2021-09-16 22:13:59 Image size of job updated: 1170
	1170  -  MemoryUsage of job (MB)
	1198532  -  ResidentSetSize of job (KB)
...
006 (34545343.000.000) 2021-09-16 22:14:59 Image size of job updated: 1190
	1190  -  MemoryUsage of job (MB)
	1219436  -  ResidentSetSize of job (KB)
...
006 (34545343.000.000) 2021-09-16 22:15:59 Image size of job updated: 1210
	1210  -  MemoryUsage of job (MB)
	1239940  -  ResidentSetSize of job (KB)
...
006 (34545343.000.000) 2021-09-16 22:17:00 Image size of job updated: 1230
	1230  -  MemoryUsage of job (MB)
	1260032  -  ResidentSetSize of job (KB)
...
006 (34545343.000.000) 2021-09-16 22:18:00 Image size of job updated: 1249
	1249  -  MemoryUsage of job (MB)
	1279688  -  ResidentSetSize of job (KB)
...
006 (34545343.000.000) 2021-09-16 22:19:00 Image size of job updated: 1268
	1268  -  MemoryUsage of job (MB)
	1299144  -  ResidentSetSize of job (KB)
...
006 (34545343.000.000) 2021-09-16 22:20:01 Image size of job updated: 1287
	1287  -  MemoryUsage of job (MB)
	1318236  -  ResidentSetSize of job (KB)
...
006 (34545343.000.000) 2021-09-16 22:21:02 Image size of job updated: 1305
	1305  -  MemoryUsage of job (MB)
	1336952  -  ResidentSetSize of job (KB)
...
006 (34545343.000.000) 2021-09-16 22:22:02 Image size of job updated: 1323
	1323  -  MemoryUsage of job (MB)
	1355200  -  ResidentSetSize of job (KB)
...
006 (34545343.000.000) 2021-09-16 22:23:02 Image size of job updated: 1340
	1340  -  MemoryUsage of job (MB)
	1372756  -  ResidentSetSize of job (KB)
...
006 (34545343.000.000) 2021-09-16 22:24:03 Image size of job updated: 1357
	1357  -  MemoryUsage of job (MB)
	1390560  -  ResidentSetSize of job (KB)
...
006 (34545343.000.000) 2021-09-16 22:25:04 Image size of job updated: 1375
	1375  -  MemoryUsage of job (MB)
	1408264  -  ResidentSetSize of job (KB)
...
006 (34545343.000.000) 2021-09-16 22:26:04 Image size of job updated: 1390
	1390  -  MemoryUsage of job (MB)
	1424336  -  ResidentSetSize of job (KB)
...
006 (34545343.000.000) 2021-09-16 22:27:04 Image size of job updated: 1407
	1407  -  MemoryUsage of job (MB)
	1441528  -  ResidentSetSize of job (KB)
...
006 (34545343.000.000) 2021-09-16 22:28:05 Image size of job updated: 1424
	1424  -  MemoryUsage of job (MB)
	1458836  -  ResidentSetSize of job (KB)
...
006 (34545343.000.000) 2021-09-16 22:29:05 Image size of job updated: 1441
	1441  -  MemoryUsage of job (MB)
	1475768  -  ResidentSetSize of job (KB)
...
006 (34545343.000.000) 2021-09-16 22:30:05 Image size of job updated: 1457
	1457  -  MemoryUsage of job (MB)
	1492320  -  ResidentSetSize of job (KB)
...
006 (34545343.000.000) 2021-09-16 22:31:06 Image size of job updated: 1473
	1473  -  MemoryUsage of job (MB)
	1508516  -  ResidentSetSize of job (KB)
...
006 (34545343.000.000) 2021-09-16 22:32:07 Image size of job updated: 1488
	1488  -  MemoryUsage of job (MB)
	1524628  -  ResidentSetSize of job (KB)
...
006 (34545343.000.000) 2021-09-16 22:33:07 Image size of job updated: 1504
	1504  -  MemoryUsage of job (MB)
	1540808  -  ResidentSetSize of job (KB)
...
006 (34545343.000.000) 2021-09-16 22:34:07 Image size of job updated: 1520
	1520  -  MemoryUsage of job (MB)
	1556536  -  ResidentSetSize of job (KB)
...
006 (34545343.000.000) 2021-09-16 22:35:08 Image size of job updated: 1535
	1535  -  MemoryUsage of job (MB)
	1572020  -  ResidentSetSize of job (KB)
...
006 (34545343.000.000) 2021-09-16 22:36:09 Image size of job updated: 1648
	1648  -  MemoryUsage of job (MB)
	1688020  -  ResidentSetSize of job (KB)
...
006 (34545343.000.000) 2021-09-16 22:37:09 Image size of job updated: 1667
	1667  -  MemoryUsage of job (MB)
	1707728  -  ResidentSetSize of job (KB)
...
006 (34545343.000.000) 2021-09-16 22:38:10 Image size of job updated: 1678
	1678  -  MemoryUsage of job (MB)
	1718940  -  ResidentSetSize of job (KB)
...
006 (34545343.000.000) 2021-09-16 22:39:11 Image size of job updated: 1686
	1686  -  MemoryUsage of job (MB)
	1727032  -  ResidentSetSize of job (KB)
...
006 (34545343.000.000) 2021-09-16 22:40:12 Image size of job updated: 1691
	1691  -  MemoryUsage of job (MB)
	1732032  -  ResidentSetSize of job (KB)
...
006 (34545343.000.000) 2021-09-16 22:41:12 Image size of job updated: 1695
	1695  -  MemoryUsage of job (MB)
	1736492  -  ResidentSetSize of job (KB)
...
006 (34545343.000.000) 2021-09-16 22:42:13 Image size of job updated: 1700
	1700  -  MemoryUsage of job (MB)
	1741048  -  ResidentSetSize of job (KB)
...
006 (34545343.000.000) 2021-09-16 22:43:13 Image size of job updated: 1703
	1703  -  MemoryUsage of job (MB)
	1744160  -  ResidentSetSize of job (KB)
...
006 (34545343.000.000) 2021-09-16 22:44:13 Image size of job updated: 1709
	1709  -  MemoryUsage of job (MB)
	1750044  -  ResidentSetSize of job (KB)
...
006 (34545343.000.000) 2021-09-16 22:45:14 Image size of job updated: 1721
	1721  -  MemoryUsage of job (MB)
	1763288  -  ResidentSetSize of job (KB)
...
006 (34545343.000.000) 2021-09-16 22:46:14 Image size of job updated: 1728
	1728  -  MemoryUsage of job (MB)
	1770268  -  ResidentSetSize of job (KB)
...
006 (34545343.000.000) 2021-09-16 22:47:14 Image size of job updated: 1731
	1731  -  MemoryUsage of job (MB)
	1772608  -  ResidentSetSize of job (KB)
...
006 (34545343.000.000) 2021-09-16 22:48:15 Image size of job updated: 1733
	1733  -  MemoryUsage of job (MB)
	1775256  -  ResidentSetSize of job (KB)
...
006 (34545343.000.000) 2021-09-16 22:49:15 Image size of job updated: 1737
	1737  -  MemoryUsage of job (MB)
	1779168  -  ResidentSetSize of job (KB)
...
006 (34545343.000.000) 2021-09-16 22:50:15 Image size of job updated: 1739
	1739  -  MemoryUsage of job (MB)
	1781184  -  ResidentSetSize of job (KB)
...
006 (34545343.000.000) 2021-09-16 22:51:16 Image size of job updated: 1741
	1741  -  MemoryUsage of job (MB)
	1783744  -  ResidentSetSize of job (KB)
...
006 (34545343.000.000) 2021-09-16 22:52:16 Image size of job updated: 1744
	1744  -  MemoryUsage of job (MB)
	1785916  -  ResidentSetSize of job (KB)
...
006 (34545343.000.000) 2021-09-16 22:53:16 Image size of job updated: 1746
	1746  -  MemoryUsage of job (MB)
	1788192  -  ResidentSetSize of job (KB)
...
006 (34545343.000.000) 2021-09-16 22:54:17 Image size of job updated: 1747
	1747  -  MemoryUsage of job (MB)
	1789640  -  ResidentSetSize of job (KB)
...
006 (34545343.000.000) 2021-09-16 22:55:17 Image size of job updated: 1749
	1749  -  MemoryUsage of job (MB)
	1790996  -  ResidentSetSize of job (KB)
...
006 (34545343.000.000) 2021-09-16 22:56:17 Image size of job updated: 1751
	1751  -  MemoryUsage of job (MB)
	1793500  -  ResidentSetSize of job (KB)
...
006 (34545343.000.000) 2021-09-16 22:57:18 Image size of job updated: 1753
	1753  -  MemoryUsage of job (MB)
	1795676  -  ResidentSetSize of job (KB)
...
006 (34545343.000.000) 2021-09-16 22:58:18 Image size of job updated: 1754
	1754  -  MemoryUsage of job (MB)
	1796908  -  ResidentSetSize of job (KB)
...
006 (34545343.000.000) 2021-09-16 22:59:18 Image size of job updated: 1756
	1756  -  MemoryUsage of job (MB)
	1798868  -  ResidentSetSize of job (KB)
...
006 (34545343.000.000) 2021-09-16 23:00:19 Image size of job updated: 1757
	1757  -  MemoryUsage of job (MB)
	1799208  -  ResidentSetSize of job (KB)
...
040 (34545343.000.000) 2021-09-16 23:00:46 Started transferring output files
...
040 (34545343.000.000) 2021-09-16 23:00:46 Finished transferring output files
...
005 (34545343.000.000) 2021-09-16 23:00:47 Job terminated.
	(1) Normal termination (return value 0)
		Usr 0 00:55:20, Sys 0 00:11:46  -  Run Remote Usage
		Usr 0 00:00:00, Sys 0 00:00:00  -  Run Local Usage
		Usr 0 00:55:20, Sys 0 00:11:46  -  Total Remote Usage
		Usr 0 00:00:00, Sys 0 00:00:00  -  Total Local Usage
	1233907  -  Run Bytes Sent By Job
	8471534  -  Run Bytes Received By Job
	1233907  -  Total Bytes Sent By Job
	8471534  -  Total Bytes Received By Job
	Partitionable Resources :    Usage  Request Allocated 
	   Cpus                 :     0.00        1         1 
	   Disk (KB)            : 26942       10000    317964 
	   Memory (MB)          :  1757        2048      2048 

	Job terminated of its own accord at 2021-09-17T04:00:46Z.
...
000 (34672632.000.000) 2021-09-24 22:34:07 Job submitted from host: <131.225.188.57:9618?addrs=131.225.188.57-9618&alias=lpcschedd2.fnal.gov&noUDP&sock=schedd_2251_93c6>
...
040 (34672632.000.000) 2021-09-24 23:30:50 Started transferring input files
	Transferring to host: <131.225.204.94:9618?addrs=131.225.204.94-9618&alias=cmswn1698.fnal.gov&noUDP&sock=slot1_8_1315_494f_6419>
...
040 (34672632.000.000) 2021-09-24 23:30:50 Finished transferring input files
...
001 (34672632.000.000) 2021-09-24 23:30:51 Job executing on host: <131.225.204.94:9618?addrs=131.225.204.94-9618&alias=cmswn1698.fnal.gov&noUDP&sock=startd_1151_1198>
...
006 (34672632.000.000) 2021-09-24 23:31:00 Image size of job updated: 77
	77  -  MemoryUsage of job (MB)
	79580  -  ResidentSetSize of job (KB)
...
006 (34672632.000.000) 2021-09-24 23:32:01 Image size of job updated: 503
	503  -  MemoryUsage of job (MB)
	515780  -  ResidentSetSize of job (KB)
...
006 (34672632.000.000) 2021-09-24 23:35:01 Image size of job updated: 520
	520  -  MemoryUsage of job (MB)
	533476  -  ResidentSetSize of job (KB)
...
006 (34672632.000.000) 2021-09-24 23:36:01 Image size of job updated: 567
	567  -  MemoryUsage of job (MB)
	580744  -  ResidentSetSize of job (KB)
...
006 (34672632.000.000) 2021-09-24 23:37:02 Image size of job updated: 608
	608  -  MemoryUsage of job (MB)
	623532  -  ResidentSetSize of job (KB)
...
006 (34672632.000.000) 2021-09-24 23:38:03 Image size of job updated: 645
	645  -  MemoryUsage of job (MB)
	660744  -  ResidentSetSize of job (KB)
...
006 (34672632.000.000) 2021-09-24 23:39:04 Image size of job updated: 678
	678  -  MemoryUsage of job (MB)
	694496  -  ResidentSetSize of job (KB)
...
006 (34672632.000.000) 2021-09-24 23:40:04 Image size of job updated: 712
	712  -  MemoryUsage of job (MB)
	729560  -  ResidentSetSize of job (KB)
...
006 (34672632.000.000) 2021-09-24 23:41:05 Image size of job updated: 747
	747  -  MemoryUsage of job (MB)
	765252  -  ResidentSetSize of job (KB)
...
006 (34672632.000.000) 2021-09-24 23:42:05 Image size of job updated: 777
	777  -  MemoryUsage of job (MB)
	795820  -  ResidentSetSize of job (KB)
...
006 (34672632.000.000) 2021-09-24 23:43:05 Image size of job updated: 809
	809  -  MemoryUsage of job (MB)
	829408  -  ResidentSetSize of job (KB)
...
006 (34672632.000.000) 2021-09-24 23:44:05 Image size of job updated: 842
	842  -  MemoryUsage of job (MB)
	862664  -  ResidentSetSize of job (KB)
...
006 (34672632.000.000) 2021-09-24 23:45:05 Image size of job updated: 870
	870  -  MemoryUsage of job (MB)
	891564  -  ResidentSetSize of job (KB)
...
006 (34672632.000.000) 2021-09-24 23:46:05 Image size of job updated: 909
	909  -  MemoryUsage of job (MB)
	931252  -  ResidentSetSize of job (KB)
...
006 (34672632.000.000) 2021-09-24 23:47:05 Image size of job updated: 937
	937  -  MemoryUsage of job (MB)
	960396  -  ResidentSetSize of job (KB)
...
006 (34672632.000.000) 2021-09-24 23:48:06 Image size of job updated: 964
	964  -  MemoryUsage of job (MB)
	987624  -  ResidentSetSize of job (KB)
...
006 (34672632.000.000) 2021-09-24 23:49:06 Image size of job updated: 989
	989  -  MemoryUsage of job (MB)
	1013464  -  ResidentSetSize of job (KB)
...
006 (34672632.000.000) 2021-09-24 23:50:06 Image size of job updated: 1014
	1014  -  MemoryUsage of job (MB)
	1039040  -  ResidentSetSize of job (KB)
...
006 (34672632.000.000) 2021-09-24 23:51:07 Image size of job updated: 1043
	1043  -  MemoryUsage of job (MB)
	1068132  -  ResidentSetSize of job (KB)
...
006 (34672632.000.000) 2021-09-24 23:52:08 Image size of job updated: 1076
	1076  -  MemoryUsage of job (MB)
	1102228  -  ResidentSetSize of job (KB)
...
006 (34672632.000.000) 2021-09-24 23:53:09 Image size of job updated: 1099
	1099  -  MemoryUsage of job (MB)
	1125936  -  ResidentSetSize of job (KB)
...
006 (34672632.000.000) 2021-09-24 23:54:11 Image size of job updated: 1121
	1121  -  MemoryUsage of job (MB)
	1148828  -  ResidentSetSize of job (KB)
...
006 (34672632.000.000) 2021-09-24 23:55:11 Image size of job updated: 1143
	1143  -  MemoryUsage of job (MB)
	1170816  -  ResidentSetSize of job (KB)
...
006 (34672632.000.000) 2021-09-24 23:56:12 Image size of job updated: 1164
	1164  -  MemoryUsage of job (MB)
	1192788  -  ResidentSetSize of job (KB)
...
006 (34672632.000.000) 2021-09-24 23:57:12 Image size of job updated: 1182
	1182  -  MemoryUsage of job (MB)
	1211268  -  ResidentSetSize of job (KB)
...
006 (34672632.000.000) 2021-09-24 23:58:12 Image size of job updated: 1202
	1202  -  MemoryUsage of job (MB)
	1231392  -  ResidentSetSize of job (KB)
...
006 (34672632.000.000) 2021-09-24 23:59:13 Image size of job updated: 1221
	1221  -  MemoryUsage of job (MB)
	1250992  -  ResidentSetSize of job (KB)
...
006 (34672632.000.000) 2021-09-25 00:00:13 Image size of job updated: 1240
	1240  -  MemoryUsage of job (MB)
	1270028  -  ResidentSetSize of job (KB)
...
006 (34672632.000.000) 2021-09-25 00:01:14 Image size of job updated: 1258
	1258  -  MemoryUsage of job (MB)
	1288804  -  ResidentSetSize of job (KB)
...
006 (34672632.000.000) 2021-09-25 00:02:15 Image size of job updated: 1276
	1276  -  MemoryUsage of job (MB)
	1307536  -  ResidentSetSize of job (KB)
...
006 (34672632.000.000) 2021-09-25 00:03:16 Image size of job updated: 1294
	1294  -  MemoryUsage of job (MB)
	1325796  -  ResidentSetSize of job (KB)
...
006 (34672632.000.000) 2021-09-25 00:04:16 Image size of job updated: 1312
	1312  -  MemoryUsage of job (MB)
	1343616  -  ResidentSetSize of job (KB)
...
006 (34672632.000.000) 2021-09-25 00:05:16 Image size of job updated: 1329
	1329  -  MemoryUsage of job (MB)
	1361544  -  ResidentSetSize of job (KB)
...
006 (34672632.000.000) 2021-09-25 00:06:17 Image size of job updated: 1347
	1347  -  MemoryUsage of job (MB)
	1379764  -  ResidentSetSize of job (KB)
...
006 (34672632.000.000) 2021-09-25 00:07:18 Image size of job updated: 1364
	1364  -  MemoryUsage of job (MB)
	1397556  -  ResidentSetSize of job (KB)
...
006 (34672632.000.000) 2021-09-25 00:08:18 Image size of job updated: 1382
	1382  -  MemoryUsage of job (MB)
	1415224  -  ResidentSetSize of job (KB)
...
006 (34672632.000.000) 2021-09-25 00:09:19 Image size of job updated: 1399
	1399  -  MemoryUsage of job (MB)
	1432600  -  ResidentSetSize of job (KB)
...
006 (34672632.000.000) 2021-09-25 00:10:20 Image size of job updated: 1415
	1415  -  MemoryUsage of job (MB)
	1449732  -  ResidentSetSize of job (KB)
...
006 (34672632.000.000) 2021-09-25 00:11:20 Image size of job updated: 1432
	1432  -  MemoryUsage of job (MB)
	1466716  -  ResidentSetSize of job (KB)
...
006 (34672632.000.000) 2021-09-25 00:12:20 Image size of job updated: 1448
	1448  -  MemoryUsage of job (MB)
	1483760  -  ResidentSetSize of job (KB)
...
006 (34672632.000.000) 2021-09-25 00:13:20 Image size of job updated: 1465
	1465  -  MemoryUsage of job (MB)
	1500508  -  ResidentSetSize of job (KB)
...
006 (34672632.000.000) 2021-09-25 00:14:20 Image size of job updated: 1479
	1479  -  MemoryUsage of job (MB)
	1515296  -  ResidentSetSize of job (KB)
...
006 (34672632.000.000) 2021-09-25 00:15:20 Image size of job updated: 1495
	1495  -  MemoryUsage of job (MB)
	1531384  -  ResidentSetSize of job (KB)
...
006 (34672632.000.000) 2021-09-25 00:16:21 Image size of job updated: 1510
	1510  -  MemoryUsage of job (MB)
	1547188  -  ResidentSetSize of job (KB)
...
006 (34672632.000.000) 2021-09-25 00:17:22 Image size of job updated: 1525
	1525  -  MemoryUsage of job (MB)
	1562616  -  ResidentSetSize of job (KB)
...
006 (34672632.000.000) 2021-09-25 00:18:22 Image size of job updated: 1544
	1544  -  MemoryUsage of job (MB)
	1582056  -  ResidentSetSize of job (KB)
...
006 (34672632.000.000) 2021-09-25 00:19:23 Image size of job updated: 1654
	1654  -  MemoryUsage of job (MB)
	1694464  -  ResidentSetSize of job (KB)
...
006 (34672632.000.000) 2021-09-25 00:20:24 Image size of job updated: 1667
	1667  -  MemoryUsage of job (MB)
	1707120  -  ResidentSetSize of job (KB)
...
006 (34672632.000.000) 2021-09-25 00:21:25 Image size of job updated: 1674
	1674  -  MemoryUsage of job (MB)
	1714628  -  ResidentSetSize of job (KB)
...
006 (34672632.000.000) 2021-09-25 00:22:25 Image size of job updated: 1683
	1683  -  MemoryUsage of job (MB)
	1724104  -  ResidentSetSize of job (KB)
...
006 (34672632.000.000) 2021-09-25 00:23:26 Image size of job updated: 1689
	1689  -  MemoryUsage of job (MB)
	1730264  -  ResidentSetSize of job (KB)
...
006 (34672632.000.000) 2021-09-25 00:24:27 Image size of job updated: 1693
	1693  -  MemoryUsage of job (MB)
	1733740  -  ResidentSetSize of job (KB)
...
006 (34672632.000.000) 2021-09-25 00:25:27 Image size of job updated: 1697
	1697  -  MemoryUsage of job (MB)
	1738016  -  ResidentSetSize of job (KB)
...
006 (34672632.000.000) 2021-09-25 00:26:27 Image size of job updated: 1700
	1700  -  MemoryUsage of job (MB)
	1741120  -  ResidentSetSize of job (KB)
...
006 (34672632.000.000) 2021-09-25 00:27:28 Image size of job updated: 1703
	1703  -  MemoryUsage of job (MB)
	1744036  -  ResidentSetSize of job (KB)
...
006 (34672632.000.000) 2021-09-25 00:28:28 Image size of job updated: 1705
	1705  -  MemoryUsage of job (MB)
	1746492  -  ResidentSetSize of job (KB)
...
006 (34672632.000.000) 2021-09-25 00:29:29 Image size of job updated: 1717
	1717  -  MemoryUsage of job (MB)
	1758716  -  ResidentSetSize of job (KB)
...
006 (34672632.000.000) 2021-09-25 00:30:29 Image size of job updated: 1721
	1721  -  MemoryUsage of job (MB)
	1763216  -  ResidentSetSize of job (KB)
...
006 (34672632.000.000) 2021-09-25 00:31:29 Image size of job updated: 1727
	1727  -  MemoryUsage of job (MB)
	1769112  -  ResidentSetSize of job (KB)
...
006 (34672632.000.000) 2021-09-25 00:32:29 Image size of job updated: 1730
	1730  -  MemoryUsage of job (MB)
	1771824  -  ResidentSetSize of job (KB)
...
006 (34672632.000.000) 2021-09-25 00:33:30 Image size of job updated: 1732
	1732  -  MemoryUsage of job (MB)
	1773780  -  ResidentSetSize of job (KB)
...
006 (34672632.000.000) 2021-09-25 00:34:31 Image size of job updated: 1734
	1734  -  MemoryUsage of job (MB)
	1776164  -  ResidentSetSize of job (KB)
...
006 (34672632.000.000) 2021-09-25 00:35:31 Image size of job updated: 1736
	1736  -  MemoryUsage of job (MB)
	1778344  -  ResidentSetSize of job (KB)
...
006 (34672632.000.000) 2021-09-25 00:36:31 Image size of job updated: 1738
	1738  -  MemoryUsage of job (MB)
	1780056  -  ResidentSetSize of job (KB)
...
006 (34672632.000.000) 2021-09-25 00:37:32 Image size of job updated: 1740
	1740  -  MemoryUsage of job (MB)
	1782480  -  ResidentSetSize of job (KB)
...
006 (34672632.000.000) 2021-09-25 00:38:32 Image size of job updated: 1742
	1742  -  MemoryUsage of job (MB)
	1784748  -  ResidentSetSize of job (KB)
...
006 (34672632.000.000) 2021-09-25 00:39:33 Image size of job updated: 1744
	1744  -  MemoryUsage of job (MB)
	1786756  -  ResidentSetSize of job (KB)
...
006 (34672632.000.000) 2021-09-25 00:40:34 Image size of job updated: 1746
	1746  -  MemoryUsage of job (MB)
	1788680  -  ResidentSetSize of job (KB)
...
006 (34672632.000.000) 2021-09-25 00:41:34 Image size of job updated: 1748
	1748  -  MemoryUsage of job (MB)
	1790380  -  ResidentSetSize of job (KB)
...
006 (34672632.000.000) 2021-09-25 00:42:34 Image size of job updated: 1749
	1749  -  MemoryUsage of job (MB)
	1791152  -  ResidentSetSize of job (KB)
...
006 (34672632.000.000) 2021-09-25 00:43:34 Image size of job updated: 1751
	1751  -  MemoryUsage of job (MB)
	1793992  -  ResidentSetSize of job (KB)
...
006 (34672632.000.000) 2021-09-25 00:44:34 Image size of job updated: 1753
	1753  -  MemoryUsage of job (MB)
	1795592  -  ResidentSetSize of job (KB)
...
006 (34672632.000.000) 2021-09-25 00:45:35 Image size of job updated: 1755
	1755  -  MemoryUsage of job (MB)
	1797132  -  ResidentSetSize of job (KB)
...
006 (34672632.000.000) 2021-09-25 00:46:35 Image size of job updated: 1756
	1756  -  MemoryUsage of job (MB)
	1798636  -  ResidentSetSize of job (KB)
...
006 (34672632.000.000) 2021-09-25 00:47:35 Image size of job updated: 1757
	1757  -  MemoryUsage of job (MB)
	1799756  -  ResidentSetSize of job (KB)
...
006 (34672632.000.000) 2021-09-25 00:48:36 Image size of job updated: 1757
	1757  -  MemoryUsage of job (MB)
	1799948  -  ResidentSetSize of job (KB)
...
040 (34672632.000.000) 2021-09-25 00:48:42 Started transferring output files
...
040 (34672632.000.000) 2021-09-25 00:48:42 Finished transferring output files
...
005 (34672632.000.000) 2021-09-25 00:48:45 Job terminated.
	(1) Normal termination (return value 0)
		Usr 0 00:55:47, Sys 0 00:16:29  -  Run Remote Usage
		Usr 0 00:00:00, Sys 0 00:00:00  -  Run Local Usage
		Usr 0 00:55:47, Sys 0 00:16:29  -  Total Remote Usage
		Usr 0 00:00:00, Sys 0 00:00:00  -  Total Local Usage
	1233948  -  Run Bytes Sent By Job
	8471570  -  Run Bytes Received By Job
	1233948  -  Total Bytes Sent By Job
	8471570  -  Total Bytes Received By Job
	Partitionable Resources :    Usage  Request Allocated 
	   Cpus                 :        0        1         1 
	   Disk (KB)            :    25757    10000    314425 
	   Memory (MB)          :     1757     2048      2048 

	Job terminated of its own accord at 2021-09-25T05:48:42Z.
...
