000 (14630124.000.000) 2021-09-16 05:48:38 Job submitted from host: <131.225.188.55:9618?addrs=131.225.188.55-9618&alias=lpcschedd1.fnal.gov&noUDP&sock=schedd_2070_6d22>
...
040 (14630124.000.000) 2021-09-16 13:09:17 Started transferring input files
	Transferring to host: <131.225.206.20:9618?addrs=131.225.206.20-9618&alias=cmswn1744.fnal.gov&noUDP&sock=slot1_8_1216_882b_4168>
...
040 (14630124.000.000) 2021-09-16 13:09:18 Finished transferring input files
...
001 (14630124.000.000) 2021-09-16 13:09:19 Job executing on host: <131.225.206.20:9618?addrs=131.225.206.20-9618&alias=cmswn1744.fnal.gov&noUDP&sock=startd_1139_d676>
...
006 (14630124.000.000) 2021-09-16 13:09:27 Image size of job updated: 14
	14  -  MemoryUsage of job (MB)
	15096  -  ResidentSetSize of job (KB)
...
006 (14630124.000.000) 2021-09-16 13:10:28 Image size of job updated: 559
	559  -  MemoryUsage of job (MB)
	573376  -  ResidentSetSize of job (KB)
...
006 (14630124.000.000) 2021-09-16 13:14:31 Image size of job updated: 582
	582  -  MemoryUsage of job (MB)
	596704  -  ResidentSetSize of job (KB)
...
006 (14630124.000.000) 2021-09-16 13:15:31 Image size of job updated: 630
	630  -  MemoryUsage of job (MB)
	645840  -  ResidentSetSize of job (KB)
...
006 (14630124.000.000) 2021-09-16 13:16:32 Image size of job updated: 671
	671  -  MemoryUsage of job (MB)
	688064  -  ResidentSetSize of job (KB)
...
006 (14630124.000.000) 2021-09-16 13:17:32 Image size of job updated: 710
	710  -  MemoryUsage of job (MB)
	727064  -  ResidentSetSize of job (KB)
...
006 (14630124.000.000) 2021-09-16 13:18:32 Image size of job updated: 745
	745  -  MemoryUsage of job (MB)
	762884  -  ResidentSetSize of job (KB)
...
006 (14630124.000.000) 2021-09-16 13:19:33 Image size of job updated: 778
	778  -  MemoryUsage of job (MB)
	797080  -  ResidentSetSize of job (KB)
...
006 (14630124.000.000) 2021-09-16 13:20:33 Image size of job updated: 810
	810  -  MemoryUsage of job (MB)
	830252  -  ResidentSetSize of job (KB)
...
006 (14630124.000.000) 2021-09-16 13:21:34 Image size of job updated: 843
	843  -  MemoryUsage of job (MB)
	863276  -  ResidentSetSize of job (KB)
...
006 (14630124.000.000) 2021-09-16 13:22:35 Image size of job updated: 872
	872  -  MemoryUsage of job (MB)
	893120  -  ResidentSetSize of job (KB)
...
006 (14630124.000.000) 2021-09-16 13:23:35 Image size of job updated: 911
	911  -  MemoryUsage of job (MB)
	933780  -  ResidentSetSize of job (KB)
...
006 (14630124.000.000) 2021-09-16 13:24:35 Image size of job updated: 940
	940  -  MemoryUsage of job (MB)
	962964  -  ResidentSetSize of job (KB)
...
006 (14630124.000.000) 2021-09-16 13:25:36 Image size of job updated: 966
	966  -  MemoryUsage of job (MB)
	989224  -  ResidentSetSize of job (KB)
...
006 (14630124.000.000) 2021-09-16 13:26:37 Image size of job updated: 990
	990  -  MemoryUsage of job (MB)
	1014568  -  ResidentSetSize of job (KB)
...
006 (14630124.000.000) 2021-09-16 13:27:37 Image size of job updated: 1015
	1015  -  MemoryUsage of job (MB)
	1039432  -  ResidentSetSize of job (KB)
...
006 (14630124.000.000) 2021-09-16 13:28:38 Image size of job updated: 1042
	1042  -  MemoryUsage of job (MB)
	1067584  -  ResidentSetSize of job (KB)
...
006 (14630124.000.000) 2021-09-16 13:29:39 Image size of job updated: 1075
	1075  -  MemoryUsage of job (MB)
	1101056  -  ResidentSetSize of job (KB)
...
006 (14630124.000.000) 2021-09-16 13:30:40 Image size of job updated: 1098
	1098  -  MemoryUsage of job (MB)
	1124536  -  ResidentSetSize of job (KB)
...
006 (14630124.000.000) 2021-09-16 13:31:40 Image size of job updated: 1120
	1120  -  MemoryUsage of job (MB)
	1147784  -  ResidentSetSize of job (KB)
...
006 (14630124.000.000) 2021-09-16 13:32:41 Image size of job updated: 1143
	1143  -  MemoryUsage of job (MB)
	1170568  -  ResidentSetSize of job (KB)
...
006 (14630124.000.000) 2021-09-16 13:33:42 Image size of job updated: 1165
	1165  -  MemoryUsage of job (MB)
	1193636  -  ResidentSetSize of job (KB)
...
006 (14630124.000.000) 2021-09-16 13:34:42 Image size of job updated: 1186
	1186  -  MemoryUsage of job (MB)
	1214816  -  ResidentSetSize of job (KB)
...
006 (14630124.000.000) 2021-09-16 13:35:43 Image size of job updated: 1206
	1206  -  MemoryUsage of job (MB)
	1235660  -  ResidentSetSize of job (KB)
...
006 (14630124.000.000) 2021-09-16 13:36:44 Image size of job updated: 1226
	1226  -  MemoryUsage of job (MB)
	1256372  -  ResidentSetSize of job (KB)
...
006 (14630124.000.000) 2021-09-16 13:37:44 Image size of job updated: 1246
	1246  -  MemoryUsage of job (MB)
	1276536  -  ResidentSetSize of job (KB)
...
006 (14630124.000.000) 2021-09-16 13:38:45 Image size of job updated: 1266
	1266  -  MemoryUsage of job (MB)
	1296424  -  ResidentSetSize of job (KB)
...
006 (14630124.000.000) 2021-09-16 13:39:46 Image size of job updated: 1285
	1285  -  MemoryUsage of job (MB)
	1316116  -  ResidentSetSize of job (KB)
...
006 (14630124.000.000) 2021-09-16 13:40:46 Image size of job updated: 1303
	1303  -  MemoryUsage of job (MB)
	1335232  -  ResidentSetSize of job (KB)
...
006 (14630124.000.000) 2021-09-16 13:41:47 Image size of job updated: 1322
	1322  -  MemoryUsage of job (MB)
	1354096  -  ResidentSetSize of job (KB)
...
006 (14630124.000.000) 2021-09-16 13:42:47 Image size of job updated: 1340
	1340  -  MemoryUsage of job (MB)
	1372456  -  ResidentSetSize of job (KB)
...
006 (14630124.000.000) 2021-09-16 13:43:47 Image size of job updated: 1358
	1358  -  MemoryUsage of job (MB)
	1390748  -  ResidentSetSize of job (KB)
...
006 (14630124.000.000) 2021-09-16 13:44:48 Image size of job updated: 1375
	1375  -  MemoryUsage of job (MB)
	1408580  -  ResidentSetSize of job (KB)
...
006 (14630124.000.000) 2021-09-16 13:45:48 Image size of job updated: 1392
	1392  -  MemoryUsage of job (MB)
	1425632  -  ResidentSetSize of job (KB)
...
006 (14630124.000.000) 2021-09-16 13:46:48 Image size of job updated: 1407
	1407  -  MemoryUsage of job (MB)
	1440928  -  ResidentSetSize of job (KB)
...
006 (14630124.000.000) 2021-09-16 13:47:48 Image size of job updated: 1423
	1423  -  MemoryUsage of job (MB)
	1458172  -  ResidentSetSize of job (KB)
...
006 (14630124.000.000) 2021-09-16 13:48:49 Image size of job updated: 1440
	1440  -  MemoryUsage of job (MB)
	1475256  -  ResidentSetSize of job (KB)
...
006 (14630124.000.000) 2021-09-16 13:49:49 Image size of job updated: 1457
	1457  -  MemoryUsage of job (MB)
	1492212  -  ResidentSetSize of job (KB)
...
006 (14630124.000.000) 2021-09-16 13:50:49 Image size of job updated: 1473
	1473  -  MemoryUsage of job (MB)
	1508868  -  ResidentSetSize of job (KB)
...
006 (14630124.000.000) 2021-09-16 13:51:50 Image size of job updated: 1489
	1489  -  MemoryUsage of job (MB)
	1525288  -  ResidentSetSize of job (KB)
...
006 (14630124.000.000) 2021-09-16 13:52:51 Image size of job updated: 1505
	1505  -  MemoryUsage of job (MB)
	1541328  -  ResidentSetSize of job (KB)
...
006 (14630124.000.000) 2021-09-16 13:53:51 Image size of job updated: 1520
	1520  -  MemoryUsage of job (MB)
	1557168  -  ResidentSetSize of job (KB)
...
006 (14630124.000.000) 2021-09-16 13:54:52 Image size of job updated: 1536
	1536  -  MemoryUsage of job (MB)
	1573096  -  ResidentSetSize of job (KB)
...
006 (14630124.000.000) 2021-09-16 13:55:52 Image size of job updated: 1639
	1639  -  MemoryUsage of job (MB)
	1678648  -  ResidentSetSize of job (KB)
...
006 (14630124.000.000) 2021-09-16 13:56:53 Image size of job updated: 1657
	1657  -  MemoryUsage of job (MB)
	1697616  -  ResidentSetSize of job (KB)
...
006 (14630124.000.000) 2021-09-16 13:57:53 Image size of job updated: 1678
	1678  -  MemoryUsage of job (MB)
	1718964  -  ResidentSetSize of job (KB)
...
006 (14630124.000.000) 2021-09-16 13:58:53 Image size of job updated: 1696
	1696  -  MemoryUsage of job (MB)
	1737432  -  ResidentSetSize of job (KB)
...
006 (14630124.000.000) 2021-09-16 13:59:54 Image size of job updated: 1702
	1702  -  MemoryUsage of job (MB)
	1743720  -  ResidentSetSize of job (KB)
...
006 (14630124.000.000) 2021-09-16 14:00:54 Image size of job updated: 1705
	1705  -  MemoryUsage of job (MB)
	1746464  -  ResidentSetSize of job (KB)
...
006 (14630124.000.000) 2021-09-16 14:01:54 Image size of job updated: 1710
	1710  -  MemoryUsage of job (MB)
	1751208  -  ResidentSetSize of job (KB)
...
006 (14630124.000.000) 2021-09-16 14:02:55 Image size of job updated: 1716
	1716  -  MemoryUsage of job (MB)
	1758056  -  ResidentSetSize of job (KB)
...
006 (14630124.000.000) 2021-09-16 14:03:56 Image size of job updated: 1723
	1723  -  MemoryUsage of job (MB)
	1764488  -  ResidentSetSize of job (KB)
...
006 (14630124.000.000) 2021-09-16 14:04:56 Image size of job updated: 1725
	1725  -  MemoryUsage of job (MB)
	1766740  -  ResidentSetSize of job (KB)
...
006 (14630124.000.000) 2021-09-16 14:05:57 Image size of job updated: 1727
	1727  -  MemoryUsage of job (MB)
	1769320  -  ResidentSetSize of job (KB)
...
006 (14630124.000.000) 2021-09-16 14:06:57 Image size of job updated: 1730
	1730  -  MemoryUsage of job (MB)
	1772292  -  ResidentSetSize of job (KB)
...
006 (14630124.000.000) 2021-09-16 14:07:58 Image size of job updated: 1732
	1732  -  MemoryUsage of job (MB)
	1774376  -  ResidentSetSize of job (KB)
...
006 (14630124.000.000) 2021-09-16 14:08:58 Image size of job updated: 1735
	1735  -  MemoryUsage of job (MB)
	1777172  -  ResidentSetSize of job (KB)
...
006 (14630124.000.000) 2021-09-16 14:09:58 Image size of job updated: 1737
	1737  -  MemoryUsage of job (MB)
	1779684  -  ResidentSetSize of job (KB)
...
006 (14630124.000.000) 2021-09-16 14:10:59 Image size of job updated: 1738
	1738  -  MemoryUsage of job (MB)
	1780588  -  ResidentSetSize of job (KB)
...
006 (14630124.000.000) 2021-09-16 14:11:59 Image size of job updated: 1741
	1741  -  MemoryUsage of job (MB)
	1783524  -  ResidentSetSize of job (KB)
...
006 (14630124.000.000) 2021-09-16 14:13:00 Image size of job updated: 1742
	1742  -  MemoryUsage of job (MB)
	1784472  -  ResidentSetSize of job (KB)
...
006 (14630124.000.000) 2021-09-16 14:14:01 Image size of job updated: 1744
	1744  -  MemoryUsage of job (MB)
	1786212  -  ResidentSetSize of job (KB)
...
006 (14630124.000.000) 2021-09-16 14:15:01 Image size of job updated: 1745
	1745  -  MemoryUsage of job (MB)
	1787888  -  ResidentSetSize of job (KB)
...
006 (14630124.000.000) 2021-09-16 14:16:02 Image size of job updated: 1747
	1747  -  MemoryUsage of job (MB)
	1789804  -  ResidentSetSize of job (KB)
...
006 (14630124.000.000) 2021-09-16 14:17:03 Image size of job updated: 1749
	1749  -  MemoryUsage of job (MB)
	1791164  -  ResidentSetSize of job (KB)
...
006 (14630124.000.000) 2021-09-16 14:18:03 Image size of job updated: 1750
	1750  -  MemoryUsage of job (MB)
	1793016  -  ResidentSetSize of job (KB)
...
006 (14630124.000.000) 2021-09-16 14:19:04 Image size of job updated: 1752
	1752  -  MemoryUsage of job (MB)
	1794188  -  ResidentSetSize of job (KB)
...
006 (14630124.000.000) 2021-09-16 14:20:04 Image size of job updated: 1753
	1753  -  MemoryUsage of job (MB)
	1796044  -  ResidentSetSize of job (KB)
...
006 (14630124.000.000) 2021-09-16 14:21:04 Image size of job updated: 1755
	1755  -  MemoryUsage of job (MB)
	1797236  -  ResidentSetSize of job (KB)
...
006 (14630124.000.000) 2021-09-16 14:22:05 Image size of job updated: 1755
	1755  -  MemoryUsage of job (MB)
	1797528  -  ResidentSetSize of job (KB)
...
006 (14630124.000.000) 2021-09-16 14:23:05 Image size of job updated: 1756
	1756  -  MemoryUsage of job (MB)
	1798376  -  ResidentSetSize of job (KB)
...
006 (14630124.000.000) 2021-09-16 14:24:06 Image size of job updated: 1759
	1759  -  MemoryUsage of job (MB)
	1801736  -  ResidentSetSize of job (KB)
...
006 (14630124.000.000) 2021-09-16 14:24:58 Image size of job updated: 1760
	1760  -  MemoryUsage of job (MB)
	1802700  -  ResidentSetSize of job (KB)
...
040 (14630124.000.000) 2021-09-16 14:24:58 Started transferring output files
...
040 (14630124.000.000) 2021-09-16 14:24:58 Finished transferring output files
...
005 (14630124.000.000) 2021-09-16 14:25:01 Job terminated.
	(1) Normal termination (return value 0)
		Usr 0 00:53:46, Sys 0 00:15:02  -  Run Remote Usage
		Usr 0 00:00:00, Sys 0 00:00:00  -  Run Local Usage
		Usr 0 00:53:46, Sys 0 00:15:02  -  Total Remote Usage
		Usr 0 00:00:00, Sys 0 00:00:00  -  Total Local Usage
	1233890  -  Run Bytes Sent By Job
	8471534  -  Run Bytes Received By Job
	1233890  -  Total Bytes Sent By Job
	8471534  -  Total Bytes Received By Job
	Partitionable Resources :    Usage  Request Allocated 
	   Cpus                 :     0.00        1         1 
	   Disk (KB)            : 25905       10000    330474 
	   Memory (MB)          :  1760        2048      2048 

	Job terminated of its own accord at 2021-09-16T19:24:58Z.
...
000 (14733607.000.000) 2021-09-24 22:34:12 Job submitted from host: <131.225.188.55:9618?addrs=131.225.188.55-9618&alias=lpcschedd1.fnal.gov&noUDP&sock=schedd_2070_6d22>
...
040 (14733607.000.000) 2021-09-25 03:45:29 Started transferring input files
	Transferring to host: <131.225.206.233:9618?addrs=131.225.206.233-9618&alias=cmswn1852.fnal.gov&noUDP&sock=slot1_6_1238_086b_4717>
...
040 (14733607.000.000) 2021-09-25 03:45:30 Finished transferring input files
...
001 (14733607.000.000) 2021-09-25 03:45:31 Job executing on host: <131.225.206.233:9618?addrs=131.225.206.233-9618&alias=cmswn1852.fnal.gov&noUDP&sock=startd_1158_dec2>
...
006 (14733607.000.000) 2021-09-25 03:45:39 Image size of job updated: 49
	49  -  MemoryUsage of job (MB)
	50516  -  ResidentSetSize of job (KB)
...
006 (14733607.000.000) 2021-09-25 03:46:39 Image size of job updated: 501
	501  -  MemoryUsage of job (MB)
	513500  -  ResidentSetSize of job (KB)
...
006 (14733607.000.000) 2021-09-25 03:49:40 Image size of job updated: 526
	526  -  MemoryUsage of job (MB)
	539608  -  ResidentSetSize of job (KB)
...
006 (14733607.000.000) 2021-09-25 03:50:41 Image size of job updated: 582
	582  -  MemoryUsage of job (MB)
	596432  -  ResidentSetSize of job (KB)
...
006 (14733607.000.000) 2021-09-25 03:51:41 Image size of job updated: 631
	631  -  MemoryUsage of job (MB)
	646296  -  ResidentSetSize of job (KB)
...
006 (14733607.000.000) 2021-09-25 03:52:42 Image size of job updated: 672
	672  -  MemoryUsage of job (MB)
	688788  -  ResidentSetSize of job (KB)
...
006 (14733607.000.000) 2021-09-25 03:53:43 Image size of job updated: 711
	711  -  MemoryUsage of job (MB)
	728748  -  ResidentSetSize of job (KB)
...
006 (14733607.000.000) 2021-09-25 03:54:44 Image size of job updated: 747
	747  -  MemoryUsage of job (MB)
	765720  -  ResidentSetSize of job (KB)
...
006 (14733607.000.000) 2021-09-25 03:55:44 Image size of job updated: 782
	782  -  MemoryUsage of job (MB)
	800804  -  ResidentSetSize of job (KB)
...
006 (14733607.000.000) 2021-09-25 03:56:44 Image size of job updated: 815
	815  -  MemoryUsage of job (MB)
	834792  -  ResidentSetSize of job (KB)
...
006 (14733607.000.000) 2021-09-25 03:57:45 Image size of job updated: 848
	848  -  MemoryUsage of job (MB)
	868420  -  ResidentSetSize of job (KB)
...
006 (14733607.000.000) 2021-09-25 03:58:46 Image size of job updated: 877
	877  -  MemoryUsage of job (MB)
	898948  -  ResidentSetSize of job (KB)
...
006 (14733607.000.000) 2021-09-25 03:59:46 Image size of job updated: 915
	915  -  MemoryUsage of job (MB)
	937064  -  ResidentSetSize of job (KB)
...
006 (14733607.000.000) 2021-09-25 04:00:46 Image size of job updated: 944
	944  -  MemoryUsage of job (MB)
	967288  -  ResidentSetSize of job (KB)
...
006 (14733607.000.000) 2021-09-25 04:01:47 Image size of job updated: 972
	972  -  MemoryUsage of job (MB)
	995464  -  ResidentSetSize of job (KB)
...
006 (14733607.000.000) 2021-09-25 04:02:48 Image size of job updated: 998
	998  -  MemoryUsage of job (MB)
	1022020  -  ResidentSetSize of job (KB)
...
006 (14733607.000.000) 2021-09-25 04:03:49 Image size of job updated: 1028
	1028  -  MemoryUsage of job (MB)
	1053004  -  ResidentSetSize of job (KB)
...
006 (14733607.000.000) 2021-09-25 04:04:49 Image size of job updated: 1060
	1060  -  MemoryUsage of job (MB)
	1085676  -  ResidentSetSize of job (KB)
...
006 (14733607.000.000) 2021-09-25 04:05:49 Image size of job updated: 1086
	1086  -  MemoryUsage of job (MB)
	1112816  -  ResidentSetSize of job (KB)
...
006 (14733607.000.000) 2021-09-25 04:06:50 Image size of job updated: 1109
	1109  -  MemoryUsage of job (MB)
	1136620  -  ResidentSetSize of job (KB)
...
006 (14733607.000.000) 2021-09-25 04:07:51 Image size of job updated: 1132
	1132  -  MemoryUsage of job (MB)
	1160180  -  ResidentSetSize of job (KB)
...
006 (14733607.000.000) 2021-09-25 04:08:51 Image size of job updated: 1155
	1155  -  MemoryUsage of job (MB)
	1183624  -  ResidentSetSize of job (KB)
...
006 (14733607.000.000) 2021-09-25 04:09:51 Image size of job updated: 1177
	1177  -  MemoryUsage of job (MB)
	1205868  -  ResidentSetSize of job (KB)
...
006 (14733607.000.000) 2021-09-25 04:10:52 Image size of job updated: 1198
	1198  -  MemoryUsage of job (MB)
	1227628  -  ResidentSetSize of job (KB)
...
006 (14733607.000.000) 2021-09-25 04:11:53 Image size of job updated: 1219
	1219  -  MemoryUsage of job (MB)
	1248896  -  ResidentSetSize of job (KB)
...
006 (14733607.000.000) 2021-09-25 04:12:53 Image size of job updated: 1239
	1239  -  MemoryUsage of job (MB)
	1269692  -  ResidentSetSize of job (KB)
...
006 (14733607.000.000) 2021-09-25 04:13:53 Image size of job updated: 1259
	1259  -  MemoryUsage of job (MB)
	1290124  -  ResidentSetSize of job (KB)
...
006 (14733607.000.000) 2021-09-25 04:14:53 Image size of job updated: 1279
	1279  -  MemoryUsage of job (MB)
	1310480  -  ResidentSetSize of job (KB)
...
006 (14733607.000.000) 2021-09-25 04:15:54 Image size of job updated: 1299
	1299  -  MemoryUsage of job (MB)
	1330204  -  ResidentSetSize of job (KB)
...
006 (14733607.000.000) 2021-09-25 04:16:55 Image size of job updated: 1318
	1318  -  MemoryUsage of job (MB)
	1349728  -  ResidentSetSize of job (KB)
...
006 (14733607.000.000) 2021-09-25 04:17:55 Image size of job updated: 1336
	1336  -  MemoryUsage of job (MB)
	1368936  -  ResidentSetSize of job (KB)
...
006 (14733607.000.000) 2021-09-25 04:18:55 Image size of job updated: 1355
	1355  -  MemoryUsage of job (MB)
	1387780  -  ResidentSetSize of job (KB)
...
006 (14733607.000.000) 2021-09-25 04:19:56 Image size of job updated: 1373
	1373  -  MemoryUsage of job (MB)
	1406260  -  ResidentSetSize of job (KB)
...
006 (14733607.000.000) 2021-09-25 04:20:57 Image size of job updated: 1391
	1391  -  MemoryUsage of job (MB)
	1424588  -  ResidentSetSize of job (KB)
...
006 (14733607.000.000) 2021-09-25 04:21:58 Image size of job updated: 1408
	1408  -  MemoryUsage of job (MB)
	1442604  -  ResidentSetSize of job (KB)
...
006 (14733607.000.000) 2021-09-25 04:22:58 Image size of job updated: 1424
	1424  -  MemoryUsage of job (MB)
	1458668  -  ResidentSetSize of job (KB)
...
006 (14733607.000.000) 2021-09-25 04:23:58 Image size of job updated: 1441
	1441  -  MemoryUsage of job (MB)
	1476180  -  ResidentSetSize of job (KB)
...
006 (14733607.000.000) 2021-09-25 04:24:59 Image size of job updated: 1458
	1458  -  MemoryUsage of job (MB)
	1493460  -  ResidentSetSize of job (KB)
...
006 (14733607.000.000) 2021-09-25 04:26:00 Image size of job updated: 1475
	1475  -  MemoryUsage of job (MB)
	1510468  -  ResidentSetSize of job (KB)
...
006 (14733607.000.000) 2021-09-25 04:27:00 Image size of job updated: 1491
	1491  -  MemoryUsage of job (MB)
	1527264  -  ResidentSetSize of job (KB)
...
006 (14733607.000.000) 2021-09-25 04:28:00 Image size of job updated: 1507
	1507  -  MemoryUsage of job (MB)
	1543840  -  ResidentSetSize of job (KB)
...
006 (14733607.000.000) 2021-09-25 04:29:00 Image size of job updated: 1523
	1523  -  MemoryUsage of job (MB)
	1560384  -  ResidentSetSize of job (KB)
...
006 (14733607.000.000) 2021-09-25 04:30:01 Image size of job updated: 1543
	1543  -  MemoryUsage of job (MB)
	1580608  -  ResidentSetSize of job (KB)
...
006 (14733607.000.000) 2021-09-25 04:31:02 Image size of job updated: 1647
	1647  -  MemoryUsage of job (MB)
	1686980  -  ResidentSetSize of job (KB)
...
006 (14733607.000.000) 2021-09-25 04:32:02 Image size of job updated: 1670
	1670  -  MemoryUsage of job (MB)
	1710944  -  ResidentSetSize of job (KB)
...
006 (14733607.000.000) 2021-09-25 04:33:02 Image size of job updated: 1686
	1686  -  MemoryUsage of job (MB)
	1727072  -  ResidentSetSize of job (KB)
...
006 (14733607.000.000) 2021-09-25 04:34:03 Image size of job updated: 1701
	1701  -  MemoryUsage of job (MB)
	1741856  -  ResidentSetSize of job (KB)
...
006 (14733607.000.000) 2021-09-25 04:35:04 Image size of job updated: 1703
	1703  -  MemoryUsage of job (MB)
	1744708  -  ResidentSetSize of job (KB)
...
006 (14733607.000.000) 2021-09-25 04:36:04 Image size of job updated: 1712
	1712  -  MemoryUsage of job (MB)
	1754088  -  ResidentSetSize of job (KB)
...
006 (14733607.000.000) 2021-09-25 04:37:04 Image size of job updated: 1720
	1720  -  MemoryUsage of job (MB)
	1762000  -  ResidentSetSize of job (KB)
...
006 (14733607.000.000) 2021-09-25 04:38:05 Image size of job updated: 1723
	1723  -  MemoryUsage of job (MB)
	1764584  -  ResidentSetSize of job (KB)
...
006 (14733607.000.000) 2021-09-25 04:39:05 Image size of job updated: 1727
	1727  -  MemoryUsage of job (MB)
	1769080  -  ResidentSetSize of job (KB)
...
006 (14733607.000.000) 2021-09-25 04:40:05 Image size of job updated: 1731
	1731  -  MemoryUsage of job (MB)
	1773096  -  ResidentSetSize of job (KB)
...
006 (14733607.000.000) 2021-09-25 04:41:06 Image size of job updated: 1734
	1734  -  MemoryUsage of job (MB)
	1776564  -  ResidentSetSize of job (KB)
...
006 (14733607.000.000) 2021-09-25 04:42:07 Image size of job updated: 1737
	1737  -  MemoryUsage of job (MB)
	1779436  -  ResidentSetSize of job (KB)
...
006 (14733607.000.000) 2021-09-25 04:43:08 Image size of job updated: 1740
	1740  -  MemoryUsage of job (MB)
	1781868  -  ResidentSetSize of job (KB)
...
006 (14733607.000.000) 2021-09-25 04:44:08 Image size of job updated: 1742
	1742  -  MemoryUsage of job (MB)
	1784512  -  ResidentSetSize of job (KB)
...
006 (14733607.000.000) 2021-09-25 04:45:08 Image size of job updated: 1745
	1745  -  MemoryUsage of job (MB)
	1787272  -  ResidentSetSize of job (KB)
...
006 (14733607.000.000) 2021-09-25 04:46:09 Image size of job updated: 1748
	1748  -  MemoryUsage of job (MB)
	1789988  -  ResidentSetSize of job (KB)
...
006 (14733607.000.000) 2021-09-25 04:47:10 Image size of job updated: 1750
	1750  -  MemoryUsage of job (MB)
	1792516  -  ResidentSetSize of job (KB)
...
006 (14733607.000.000) 2021-09-25 04:48:10 Image size of job updated: 1752
	1752  -  MemoryUsage of job (MB)
	1794132  -  ResidentSetSize of job (KB)
...
006 (14733607.000.000) 2021-09-25 04:49:10 Image size of job updated: 1754
	1754  -  MemoryUsage of job (MB)
	1796668  -  ResidentSetSize of job (KB)
...
006 (14733607.000.000) 2021-09-25 04:50:11 Image size of job updated: 1755
	1755  -  MemoryUsage of job (MB)
	1797732  -  ResidentSetSize of job (KB)
...
006 (14733607.000.000) 2021-09-25 04:51:12 Image size of job updated: 1756
	1756  -  MemoryUsage of job (MB)
	1798184  -  ResidentSetSize of job (KB)
...
006 (14733607.000.000) 2021-09-25 04:52:13 Image size of job updated: 1759
	1759  -  MemoryUsage of job (MB)
	1801624  -  ResidentSetSize of job (KB)
...
006 (14733607.000.000) 2021-09-25 04:52:41 Image size of job updated: 1759
	1759  -  MemoryUsage of job (MB)
	1801992  -  ResidentSetSize of job (KB)
...
040 (14733607.000.000) 2021-09-25 04:52:41 Started transferring output files
...
040 (14733607.000.000) 2021-09-25 04:52:41 Finished transferring output files
...
005 (14733607.000.000) 2021-09-25 04:52:44 Job terminated.
	(1) Normal termination (return value 0)
		Usr 0 00:00:00, Sys 0 00:00:00  -  Run Remote Usage
		Usr 0 00:00:00, Sys 0 00:00:00  -  Run Local Usage
		Usr 0 00:52:41, Sys 0 00:09:10  -  Total Remote Usage
		Usr 0 00:00:00, Sys 0 00:00:00  -  Total Local Usage
	1233914  -  Run Bytes Sent By Job
	8471570  -  Run Bytes Received By Job
	1233914  -  Total Bytes Sent By Job
	8471570  -  Total Bytes Received By Job
	Partitionable Resources :    Usage  Request Allocated 
	   Cpus                 :     0.00        1         1 
	   Disk (KB)            : 25454       10000    331654 
	   Memory (MB)          :  1759        2048      2048 

	Job terminated of its own accord at 2021-09-25T09:52:41Z.
...
