000 (34545357.000.000) 2021-09-16 05:48:46 Job submitted from host: <131.225.188.57:9618?addrs=131.225.188.57-9618&alias=lpcschedd2.fnal.gov&noUDP&sock=schedd_2251_93c6>
...
040 (34545357.000.000) 2021-09-16 21:50:06 Started transferring input files
	Transferring to host: <131.225.206.183:9618?addrs=131.225.206.183-9618&alias=cmswn1808.fnal.gov&noUDP&sock=slot1_1_1257_6b8c_2987>
...
040 (34545357.000.000) 2021-09-16 21:50:06 Finished transferring input files
...
001 (34545357.000.000) 2021-09-16 21:50:07 Job executing on host: <131.225.206.183:9618?addrs=131.225.206.183-9618&alias=cmswn1808.fnal.gov&noUDP&sock=startd_1174_d846>
...
006 (34545357.000.000) 2021-09-16 21:50:15 Image size of job updated: 36
	36  -  MemoryUsage of job (MB)
	37624  -  ResidentSetSize of job (KB)
...
006 (34545357.000.000) 2021-09-16 21:51:16 Image size of job updated: 569
	569  -  MemoryUsage of job (MB)
	582944  -  ResidentSetSize of job (KB)
...
006 (34545357.000.000) 2021-09-16 21:55:18 Image size of job updated: 572
	572  -  MemoryUsage of job (MB)
	586104  -  ResidentSetSize of job (KB)
...
006 (34545357.000.000) 2021-09-16 21:56:18 Image size of job updated: 622
	622  -  MemoryUsage of job (MB)
	637460  -  ResidentSetSize of job (KB)
...
006 (34545357.000.000) 2021-09-16 21:57:18 Image size of job updated: 661
	661  -  MemoryUsage of job (MB)
	676952  -  ResidentSetSize of job (KB)
...
006 (34545357.000.000) 2021-09-16 21:58:18 Image size of job updated: 699
	699  -  MemoryUsage of job (MB)
	715888  -  ResidentSetSize of job (KB)
...
006 (34545357.000.000) 2021-09-16 21:59:18 Image size of job updated: 735
	735  -  MemoryUsage of job (MB)
	752952  -  ResidentSetSize of job (KB)
...
006 (34545357.000.000) 2021-09-16 22:00:19 Image size of job updated: 769
	769  -  MemoryUsage of job (MB)
	787656  -  ResidentSetSize of job (KB)
...
006 (34545357.000.000) 2021-09-16 22:01:20 Image size of job updated: 802
	802  -  MemoryUsage of job (MB)
	821480  -  ResidentSetSize of job (KB)
...
006 (34545357.000.000) 2021-09-16 22:02:21 Image size of job updated: 832
	832  -  MemoryUsage of job (MB)
	852920  -  ResidentSetSize of job (KB)
...
006 (34545357.000.000) 2021-09-16 22:03:22 Image size of job updated: 864
	864  -  MemoryUsage of job (MB)
	885012  -  ResidentSetSize of job (KB)
...
006 (34545357.000.000) 2021-09-16 22:04:23 Image size of job updated: 904
	904  -  MemoryUsage of job (MB)
	925860  -  ResidentSetSize of job (KB)
...
006 (34545357.000.000) 2021-09-16 22:05:24 Image size of job updated: 933
	933  -  MemoryUsage of job (MB)
	955584  -  ResidentSetSize of job (KB)
...
006 (34545357.000.000) 2021-09-16 22:06:25 Image size of job updated: 960
	960  -  MemoryUsage of job (MB)
	983460  -  ResidentSetSize of job (KB)
...
006 (34545357.000.000) 2021-09-16 22:07:26 Image size of job updated: 986
	986  -  MemoryUsage of job (MB)
	1009848  -  ResidentSetSize of job (KB)
...
006 (34545357.000.000) 2021-09-16 22:08:27 Image size of job updated: 1011
	1011  -  MemoryUsage of job (MB)
	1035944  -  ResidentSetSize of job (KB)
...
006 (34545357.000.000) 2021-09-16 22:09:28 Image size of job updated: 1040
	1040  -  MemoryUsage of job (MB)
	1065456  -  ResidentSetSize of job (KB)
...
006 (34545357.000.000) 2021-09-16 22:10:28 Image size of job updated: 1073
	1073  -  MemoryUsage of job (MB)
	1099516  -  ResidentSetSize of job (KB)
...
006 (34545357.000.000) 2021-09-16 22:11:28 Image size of job updated: 1096
	1096  -  MemoryUsage of job (MB)
	1123228  -  ResidentSetSize of job (KB)
...
006 (34545357.000.000) 2021-09-16 22:12:28 Image size of job updated: 1119
	1119  -  MemoryUsage of job (MB)
	1146300  -  ResidentSetSize of job (KB)
...
006 (34545357.000.000) 2021-09-16 22:13:28 Image size of job updated: 1141
	1141  -  MemoryUsage of job (MB)
	1169004  -  ResidentSetSize of job (KB)
...
006 (34545357.000.000) 2021-09-16 22:14:28 Image size of job updated: 1161
	1161  -  MemoryUsage of job (MB)
	1189536  -  ResidentSetSize of job (KB)
...
006 (34545357.000.000) 2021-09-16 22:15:28 Image size of job updated: 1182
	1182  -  MemoryUsage of job (MB)
	1211044  -  ResidentSetSize of job (KB)
...
006 (34545357.000.000) 2021-09-16 22:16:28 Image size of job updated: 1203
	1203  -  MemoryUsage of job (MB)
	1232096  -  ResidentSetSize of job (KB)
...
006 (34545357.000.000) 2021-09-16 22:17:29 Image size of job updated: 1223
	1223  -  MemoryUsage of job (MB)
	1252668  -  ResidentSetSize of job (KB)
...
006 (34545357.000.000) 2021-09-16 22:18:30 Image size of job updated: 1242
	1242  -  MemoryUsage of job (MB)
	1272796  -  ResidentSetSize of job (KB)
...
006 (34545357.000.000) 2021-09-16 22:19:31 Image size of job updated: 1262
	1262  -  MemoryUsage of job (MB)
	1292820  -  ResidentSetSize of job (KB)
...
006 (34545357.000.000) 2021-09-16 22:20:31 Image size of job updated: 1281
	1281  -  MemoryUsage of job (MB)
	1312416  -  ResidentSetSize of job (KB)
...
006 (34545357.000.000) 2021-09-16 22:21:31 Image size of job updated: 1300
	1300  -  MemoryUsage of job (MB)
	1331680  -  ResidentSetSize of job (KB)
...
006 (34545357.000.000) 2021-09-16 22:22:31 Image size of job updated: 1319
	1319  -  MemoryUsage of job (MB)
	1350660  -  ResidentSetSize of job (KB)
...
006 (34545357.000.000) 2021-09-16 22:23:31 Image size of job updated: 1337
	1337  -  MemoryUsage of job (MB)
	1369280  -  ResidentSetSize of job (KB)
...
006 (34545357.000.000) 2021-09-16 22:24:31 Image size of job updated: 1353
	1353  -  MemoryUsage of job (MB)
	1385936  -  ResidentSetSize of job (KB)
...
006 (34545357.000.000) 2021-09-16 22:25:31 Image size of job updated: 1371
	1371  -  MemoryUsage of job (MB)
	1404024  -  ResidentSetSize of job (KB)
...
006 (34545357.000.000) 2021-09-16 22:26:32 Image size of job updated: 1388
	1388  -  MemoryUsage of job (MB)
	1422104  -  ResidentSetSize of job (KB)
...
006 (34545357.000.000) 2021-09-16 22:27:33 Image size of job updated: 1406
	1406  -  MemoryUsage of job (MB)
	1439764  -  ResidentSetSize of job (KB)
...
006 (34545357.000.000) 2021-09-16 22:28:34 Image size of job updated: 1423
	1423  -  MemoryUsage of job (MB)
	1457304  -  ResidentSetSize of job (KB)
...
006 (34545357.000.000) 2021-09-16 22:29:35 Image size of job updated: 1439
	1439  -  MemoryUsage of job (MB)
	1474524  -  ResidentSetSize of job (KB)
...
006 (34545357.000.000) 2021-09-16 22:30:36 Image size of job updated: 1456
	1456  -  MemoryUsage of job (MB)
	1491616  -  ResidentSetSize of job (KB)
...
006 (34545357.000.000) 2021-09-16 22:31:37 Image size of job updated: 1473
	1473  -  MemoryUsage of job (MB)
	1508408  -  ResidentSetSize of job (KB)
...
006 (34545357.000.000) 2021-09-16 22:32:38 Image size of job updated: 1489
	1489  -  MemoryUsage of job (MB)
	1524896  -  ResidentSetSize of job (KB)
...
006 (34545357.000.000) 2021-09-16 22:33:39 Image size of job updated: 1505
	1505  -  MemoryUsage of job (MB)
	1541276  -  ResidentSetSize of job (KB)
...
006 (34545357.000.000) 2021-09-16 22:34:39 Image size of job updated: 1520
	1520  -  MemoryUsage of job (MB)
	1557372  -  ResidentSetSize of job (KB)
...
006 (34545357.000.000) 2021-09-16 22:35:39 Image size of job updated: 1540
	1540  -  MemoryUsage of job (MB)
	1577472  -  ResidentSetSize of job (KB)
...
006 (34545357.000.000) 2021-09-16 22:36:39 Image size of job updated: 1652
	1652  -  MemoryUsage of job (MB)
	1692144  -  ResidentSetSize of job (KB)
...
006 (34545357.000.000) 2021-09-16 22:37:39 Image size of job updated: 1670
	1670  -  MemoryUsage of job (MB)
	1710148  -  ResidentSetSize of job (KB)
...
006 (34545357.000.000) 2021-09-16 22:38:39 Image size of job updated: 1690
	1690  -  MemoryUsage of job (MB)
	1730892  -  ResidentSetSize of job (KB)
...
006 (34545357.000.000) 2021-09-16 22:39:40 Image size of job updated: 1699
	1699  -  MemoryUsage of job (MB)
	1740632  -  ResidentSetSize of job (KB)
...
006 (34545357.000.000) 2021-09-16 22:40:41 Image size of job updated: 1705
	1705  -  MemoryUsage of job (MB)
	1746496  -  ResidentSetSize of job (KB)
...
006 (34545357.000.000) 2021-09-16 22:41:42 Image size of job updated: 1711
	1711  -  MemoryUsage of job (MB)
	1752204  -  ResidentSetSize of job (KB)
...
006 (34545357.000.000) 2021-09-16 22:42:43 Image size of job updated: 1714
	1714  -  MemoryUsage of job (MB)
	1755200  -  ResidentSetSize of job (KB)
...
006 (34545357.000.000) 2021-09-16 22:43:43 Image size of job updated: 1717
	1717  -  MemoryUsage of job (MB)
	1758972  -  ResidentSetSize of job (KB)
...
006 (34545357.000.000) 2021-09-16 22:44:43 Image size of job updated: 1720
	1720  -  MemoryUsage of job (MB)
	1761544  -  ResidentSetSize of job (KB)
...
006 (34545357.000.000) 2021-09-16 22:45:43 Image size of job updated: 1722
	1722  -  MemoryUsage of job (MB)
	1763728  -  ResidentSetSize of job (KB)
...
006 (34545357.000.000) 2021-09-16 22:46:43 Image size of job updated: 1724
	1724  -  MemoryUsage of job (MB)
	1766396  -  ResidentSetSize of job (KB)
...
006 (34545357.000.000) 2021-09-16 22:47:44 Image size of job updated: 1726
	1726  -  MemoryUsage of job (MB)
	1768020  -  ResidentSetSize of job (KB)
...
006 (34545357.000.000) 2021-09-16 22:48:45 Image size of job updated: 1728
	1728  -  MemoryUsage of job (MB)
	1770360  -  ResidentSetSize of job (KB)
...
006 (34545357.000.000) 2021-09-16 22:49:46 Image size of job updated: 1731
	1731  -  MemoryUsage of job (MB)
	1772932  -  ResidentSetSize of job (KB)
...
006 (34545357.000.000) 2021-09-16 22:50:46 Image size of job updated: 1733
	1733  -  MemoryUsage of job (MB)
	1775204  -  ResidentSetSize of job (KB)
...
006 (34545357.000.000) 2021-09-16 22:51:46 Image size of job updated: 1735
	1735  -  MemoryUsage of job (MB)
	1776856  -  ResidentSetSize of job (KB)
...
006 (34545357.000.000) 2021-09-16 22:52:46 Image size of job updated: 1737
	1737  -  MemoryUsage of job (MB)
	1779332  -  ResidentSetSize of job (KB)
...
006 (34545357.000.000) 2021-09-16 22:53:47 Image size of job updated: 1739
	1739  -  MemoryUsage of job (MB)
	1780952  -  ResidentSetSize of job (KB)
...
006 (34545357.000.000) 2021-09-16 22:54:48 Image size of job updated: 1741
	1741  -  MemoryUsage of job (MB)
	1782896  -  ResidentSetSize of job (KB)
...
006 (34545357.000.000) 2021-09-16 22:55:49 Image size of job updated: 1742
	1742  -  MemoryUsage of job (MB)
	1784536  -  ResidentSetSize of job (KB)
...
006 (34545357.000.000) 2021-09-16 22:56:50 Image size of job updated: 1743
	1743  -  MemoryUsage of job (MB)
	1785832  -  ResidentSetSize of job (KB)
...
006 (34545357.000.000) 2021-09-16 22:57:51 Image size of job updated: 1746
	1746  -  MemoryUsage of job (MB)
	1788084  -  ResidentSetSize of job (KB)
...
006 (34545357.000.000) 2021-09-16 22:58:51 Image size of job updated: 1748
	1748  -  MemoryUsage of job (MB)
	1790156  -  ResidentSetSize of job (KB)
...
006 (34545357.000.000) 2021-09-16 22:59:51 Image size of job updated: 1749
	1749  -  MemoryUsage of job (MB)
	1791924  -  ResidentSetSize of job (KB)
...
006 (34545357.000.000) 2021-09-16 23:00:51 Image size of job updated: 1752
	1752  -  MemoryUsage of job (MB)
	1794152  -  ResidentSetSize of job (KB)
...
006 (34545357.000.000) 2021-09-16 23:01:51 Image size of job updated: 1753
	1753  -  MemoryUsage of job (MB)
	1795332  -  ResidentSetSize of job (KB)
...
006 (34545357.000.000) 2021-09-16 23:02:51 Image size of job updated: 1754
	1754  -  MemoryUsage of job (MB)
	1796900  -  ResidentSetSize of job (KB)
...
006 (34545357.000.000) 2021-09-16 23:03:52 Image size of job updated: 1756
	1756  -  MemoryUsage of job (MB)
	1798240  -  ResidentSetSize of job (KB)
...
006 (34545357.000.000) 2021-09-16 23:04:50 Image size of job updated: 1757
	1757  -  MemoryUsage of job (MB)
	1799200  -  ResidentSetSize of job (KB)
...
040 (34545357.000.000) 2021-09-16 23:04:50 Started transferring output files
...
040 (34545357.000.000) 2021-09-16 23:04:50 Finished transferring output files
...
005 (34545357.000.000) 2021-09-16 23:04:52 Job terminated.
	(1) Normal termination (return value 0)
		Usr 0 00:54:11, Sys 0 00:15:56  -  Run Remote Usage
		Usr 0 00:00:00, Sys 0 00:00:00  -  Run Local Usage
		Usr 0 00:54:11, Sys 0 00:15:56  -  Total Remote Usage
		Usr 0 00:00:00, Sys 0 00:00:00  -  Total Local Usage
	1300591  -  Run Bytes Sent By Job
	8471534  -  Run Bytes Received By Job
	1300591  -  Total Bytes Sent By Job
	8471534  -  Total Bytes Received By Job
	Partitionable Resources :    Usage  Request Allocated 
	   Cpus                 :     0.00        1         1 
	   Disk (KB)            : 26671       10000    309857 
	   Memory (MB)          :  1757        2048      2048 

	Job terminated of its own accord at 2021-09-17T04:04:50Z.
...
000 (73445791.000.000) 2021-09-24 22:34:22 Job submitted from host: <131.225.188.235:9618?addrs=131.225.188.235-9618&alias=lpcschedd3.fnal.gov&noUDP&sock=schedd_2706_ab5d>
...
040 (73445791.000.000) 2021-09-25 08:31:15 Started transferring input files
	Transferring to host: <131.225.204.117:9618?addrs=131.225.204.117-9618&alias=cmswn1721.fnal.gov&noUDP&sock=slot1_4_1211_024a_6398>
...
040 (73445791.000.000) 2021-09-25 08:31:16 Finished transferring input files
...
001 (73445791.000.000) 2021-09-25 08:31:17 Job executing on host: <131.225.204.117:9618?addrs=131.225.204.117-9618&alias=cmswn1721.fnal.gov&noUDP&sock=startd_1140_860e>
...
006 (73445791.000.000) 2021-09-25 08:31:25 Image size of job updated: 61
	61  -  MemoryUsage of job (MB)
	63392  -  ResidentSetSize of job (KB)
...
006 (73445791.000.000) 2021-09-25 08:32:25 Image size of job updated: 526
	526  -  MemoryUsage of job (MB)
	539304  -  ResidentSetSize of job (KB)
...
006 (73445791.000.000) 2021-09-25 08:35:26 Image size of job updated: 527
	527  -  MemoryUsage of job (MB)
	540516  -  ResidentSetSize of job (KB)
...
006 (73445791.000.000) 2021-09-25 08:36:26 Image size of job updated: 583
	583  -  MemoryUsage of job (MB)
	597132  -  ResidentSetSize of job (KB)
...
006 (73445791.000.000) 2021-09-25 08:37:27 Image size of job updated: 631
	631  -  MemoryUsage of job (MB)
	646960  -  ResidentSetSize of job (KB)
...
006 (73445791.000.000) 2021-09-25 08:38:27 Image size of job updated: 670
	670  -  MemoryUsage of job (MB)
	686100  -  ResidentSetSize of job (KB)
...
006 (73445791.000.000) 2021-09-25 08:39:27 Image size of job updated: 708
	708  -  MemoryUsage of job (MB)
	725932  -  ResidentSetSize of job (KB)
...
006 (73445791.000.000) 2021-09-25 08:40:28 Image size of job updated: 745
	745  -  MemoryUsage of job (MB)
	763132  -  ResidentSetSize of job (KB)
...
006 (73445791.000.000) 2021-09-25 08:41:28 Image size of job updated: 779
	779  -  MemoryUsage of job (MB)
	797756  -  ResidentSetSize of job (KB)
...
006 (73445791.000.000) 2021-09-25 08:42:28 Image size of job updated: 812
	812  -  MemoryUsage of job (MB)
	831732  -  ResidentSetSize of job (KB)
...
006 (73445791.000.000) 2021-09-25 08:43:28 Image size of job updated: 845
	845  -  MemoryUsage of job (MB)
	865292  -  ResidentSetSize of job (KB)
...
006 (73445791.000.000) 2021-09-25 08:44:29 Image size of job updated: 874
	874  -  MemoryUsage of job (MB)
	895556  -  ResidentSetSize of job (KB)
...
006 (73445791.000.000) 2021-09-25 08:45:29 Image size of job updated: 914
	914  -  MemoryUsage of job (MB)
	936528  -  ResidentSetSize of job (KB)
...
006 (73445791.000.000) 2021-09-25 08:46:29 Image size of job updated: 943
	943  -  MemoryUsage of job (MB)
	966496  -  ResidentSetSize of job (KB)
...
006 (73445791.000.000) 2021-09-25 08:47:30 Image size of job updated: 970
	970  -  MemoryUsage of job (MB)
	994292  -  ResidentSetSize of job (KB)
...
006 (73445791.000.000) 2021-09-25 08:48:31 Image size of job updated: 996
	996  -  MemoryUsage of job (MB)
	1020652  -  ResidentSetSize of job (KB)
...
006 (73445791.000.000) 2021-09-25 08:49:31 Image size of job updated: 1025
	1025  -  MemoryUsage of job (MB)
	1049880  -  ResidentSetSize of job (KB)
...
006 (73445791.000.000) 2021-09-25 08:50:32 Image size of job updated: 1058
	1058  -  MemoryUsage of job (MB)
	1084008  -  ResidentSetSize of job (KB)
...
006 (73445791.000.000) 2021-09-25 08:51:33 Image size of job updated: 1084
	1084  -  MemoryUsage of job (MB)
	1110928  -  ResidentSetSize of job (KB)
...
006 (73445791.000.000) 2021-09-25 08:52:33 Image size of job updated: 1108
	1108  -  MemoryUsage of job (MB)
	1134684  -  ResidentSetSize of job (KB)
...
006 (73445791.000.000) 2021-09-25 08:53:33 Image size of job updated: 1131
	1131  -  MemoryUsage of job (MB)
	1158508  -  ResidentSetSize of job (KB)
...
006 (73445791.000.000) 2021-09-25 08:54:34 Image size of job updated: 1153
	1153  -  MemoryUsage of job (MB)
	1181684  -  ResidentSetSize of job (KB)
...
006 (73445791.000.000) 2021-09-25 08:55:34 Image size of job updated: 1173
	1173  -  MemoryUsage of job (MB)
	1201420  -  ResidentSetSize of job (KB)
...
006 (73445791.000.000) 2021-09-25 08:56:34 Image size of job updated: 1193
	1193  -  MemoryUsage of job (MB)
	1222508  -  ResidentSetSize of job (KB)
...
006 (73445791.000.000) 2021-09-25 08:57:35 Image size of job updated: 1213
	1213  -  MemoryUsage of job (MB)
	1242636  -  ResidentSetSize of job (KB)
...
006 (73445791.000.000) 2021-09-25 08:58:35 Image size of job updated: 1233
	1233  -  MemoryUsage of job (MB)
	1263320  -  ResidentSetSize of job (KB)
...
006 (73445791.000.000) 2021-09-25 08:59:36 Image size of job updated: 1253
	1253  -  MemoryUsage of job (MB)
	1283660  -  ResidentSetSize of job (KB)
...
006 (73445791.000.000) 2021-09-25 09:00:37 Image size of job updated: 1273
	1273  -  MemoryUsage of job (MB)
	1303792  -  ResidentSetSize of job (KB)
...
006 (73445791.000.000) 2021-09-25 09:01:37 Image size of job updated: 1292
	1292  -  MemoryUsage of job (MB)
	1323492  -  ResidentSetSize of job (KB)
...
006 (73445791.000.000) 2021-09-25 09:02:37 Image size of job updated: 1311
	1311  -  MemoryUsage of job (MB)
	1342900  -  ResidentSetSize of job (KB)
...
006 (73445791.000.000) 2021-09-25 09:03:38 Image size of job updated: 1330
	1330  -  MemoryUsage of job (MB)
	1361984  -  ResidentSetSize of job (KB)
...
006 (73445791.000.000) 2021-09-25 09:04:38 Image size of job updated: 1348
	1348  -  MemoryUsage of job (MB)
	1380648  -  ResidentSetSize of job (KB)
...
006 (73445791.000.000) 2021-09-25 09:05:38 Image size of job updated: 1366
	1366  -  MemoryUsage of job (MB)
	1399060  -  ResidentSetSize of job (KB)
...
006 (73445791.000.000) 2021-09-25 09:06:39 Image size of job updated: 1384
	1384  -  MemoryUsage of job (MB)
	1417232  -  ResidentSetSize of job (KB)
...
006 (73445791.000.000) 2021-09-25 09:07:39 Image size of job updated: 1401
	1401  -  MemoryUsage of job (MB)
	1435104  -  ResidentSetSize of job (KB)
...
006 (73445791.000.000) 2021-09-25 09:08:39 Image size of job updated: 1418
	1418  -  MemoryUsage of job (MB)
	1452816  -  ResidentSetSize of job (KB)
...
006 (73445791.000.000) 2021-09-25 09:09:40 Image size of job updated: 1435
	1435  -  MemoryUsage of job (MB)
	1470204  -  ResidentSetSize of job (KB)
...
006 (73445791.000.000) 2021-09-25 09:10:40 Image size of job updated: 1452
	1452  -  MemoryUsage of job (MB)
	1487416  -  ResidentSetSize of job (KB)
...
006 (73445791.000.000) 2021-09-25 09:11:40 Image size of job updated: 1469
	1469  -  MemoryUsage of job (MB)
	1504352  -  ResidentSetSize of job (KB)
...
006 (73445791.000.000) 2021-09-25 09:12:41 Image size of job updated: 1485
	1485  -  MemoryUsage of job (MB)
	1521060  -  ResidentSetSize of job (KB)
...
006 (73445791.000.000) 2021-09-25 09:13:42 Image size of job updated: 1501
	1501  -  MemoryUsage of job (MB)
	1537620  -  ResidentSetSize of job (KB)
...
006 (73445791.000.000) 2021-09-25 09:14:42 Image size of job updated: 1517
	1517  -  MemoryUsage of job (MB)
	1553908  -  ResidentSetSize of job (KB)
...
006 (73445791.000.000) 2021-09-25 09:15:43 Image size of job updated: 1533
	1533  -  MemoryUsage of job (MB)
	1569940  -  ResidentSetSize of job (KB)
...
006 (73445791.000.000) 2021-09-25 09:16:44 Image size of job updated: 1626
	1626  -  MemoryUsage of job (MB)
	1665168  -  ResidentSetSize of job (KB)
...
006 (73445791.000.000) 2021-09-25 09:17:44 Image size of job updated: 1670
	1670  -  MemoryUsage of job (MB)
	1711064  -  ResidentSetSize of job (KB)
...
006 (73445791.000.000) 2021-09-25 09:18:45 Image size of job updated: 1689
	1689  -  MemoryUsage of job (MB)
	1730124  -  ResidentSetSize of job (KB)
...
006 (73445791.000.000) 2021-09-25 09:19:46 Image size of job updated: 1700
	1700  -  MemoryUsage of job (MB)
	1741108  -  ResidentSetSize of job (KB)
...
006 (73445791.000.000) 2021-09-25 09:20:46 Image size of job updated: 1707
	1707  -  MemoryUsage of job (MB)
	1748316  -  ResidentSetSize of job (KB)
...
006 (73445791.000.000) 2021-09-25 09:21:47 Image size of job updated: 1711
	1711  -  MemoryUsage of job (MB)
	1752388  -  ResidentSetSize of job (KB)
...
006 (73445791.000.000) 2021-09-25 09:22:48 Image size of job updated: 1715
	1715  -  MemoryUsage of job (MB)
	1757052  -  ResidentSetSize of job (KB)
...
006 (73445791.000.000) 2021-09-25 09:23:48 Image size of job updated: 1719
	1719  -  MemoryUsage of job (MB)
	1761020  -  ResidentSetSize of job (KB)
...
006 (73445791.000.000) 2021-09-25 09:24:49 Image size of job updated: 1723
	1723  -  MemoryUsage of job (MB)
	1764360  -  ResidentSetSize of job (KB)
...
006 (73445791.000.000) 2021-09-25 09:25:50 Image size of job updated: 1726
	1726  -  MemoryUsage of job (MB)
	1767904  -  ResidentSetSize of job (KB)
...
006 (73445791.000.000) 2021-09-25 09:26:50 Image size of job updated: 1728
	1728  -  MemoryUsage of job (MB)
	1770032  -  ResidentSetSize of job (KB)
...
006 (73445791.000.000) 2021-09-25 09:27:51 Image size of job updated: 1731
	1731  -  MemoryUsage of job (MB)
	1773244  -  ResidentSetSize of job (KB)
...
006 (73445791.000.000) 2021-09-25 09:28:52 Image size of job updated: 1733
	1733  -  MemoryUsage of job (MB)
	1775424  -  ResidentSetSize of job (KB)
...
006 (73445791.000.000) 2021-09-25 09:29:53 Image size of job updated: 1736
	1736  -  MemoryUsage of job (MB)
	1778052  -  ResidentSetSize of job (KB)
...
006 (73445791.000.000) 2021-09-25 09:30:53 Image size of job updated: 1737
	1737  -  MemoryUsage of job (MB)
	1779696  -  ResidentSetSize of job (KB)
...
006 (73445791.000.000) 2021-09-25 09:31:54 Image size of job updated: 1740
	1740  -  MemoryUsage of job (MB)
	1781944  -  ResidentSetSize of job (KB)
...
006 (73445791.000.000) 2021-09-25 09:32:54 Image size of job updated: 1741
	1741  -  MemoryUsage of job (MB)
	1783596  -  ResidentSetSize of job (KB)
...
006 (73445791.000.000) 2021-09-25 09:33:55 Image size of job updated: 1744
	1744  -  MemoryUsage of job (MB)
	1786268  -  ResidentSetSize of job (KB)
...
006 (73445791.000.000) 2021-09-25 09:34:56 Image size of job updated: 1746
	1746  -  MemoryUsage of job (MB)
	1788112  -  ResidentSetSize of job (KB)
...
006 (73445791.000.000) 2021-09-25 09:35:56 Image size of job updated: 1748
	1748  -  MemoryUsage of job (MB)
	1790632  -  ResidentSetSize of job (KB)
...
006 (73445791.000.000) 2021-09-25 09:36:57 Image size of job updated: 1750
	1750  -  MemoryUsage of job (MB)
	1792220  -  ResidentSetSize of job (KB)
...
006 (73445791.000.000) 2021-09-25 09:37:58 Image size of job updated: 1752
	1752  -  MemoryUsage of job (MB)
	1794684  -  ResidentSetSize of job (KB)
...
006 (73445791.000.000) 2021-09-25 09:38:58 Image size of job updated: 1754
	1754  -  MemoryUsage of job (MB)
	1796320  -  ResidentSetSize of job (KB)
...
006 (73445791.000.000) 2021-09-25 09:39:23 Image size of job updated: 1754
	1754  -  MemoryUsage of job (MB)
	1796516  -  ResidentSetSize of job (KB)
...
040 (73445791.000.000) 2021-09-25 09:39:23 Started transferring output files
...
040 (73445791.000.000) 2021-09-25 09:39:23 Finished transferring output files
...
005 (73445791.000.000) 2021-09-25 09:39:26 Job terminated.
	(1) Normal termination (return value 0)
		Usr 0 00:53:24, Sys 0 00:09:26  -  Run Remote Usage
		Usr 0 00:00:00, Sys 0 00:00:00  -  Run Local Usage
		Usr 0 00:53:24, Sys 0 00:09:26  -  Total Remote Usage
		Usr 0 00:00:00, Sys 0 00:00:00  -  Total Local Usage
	1234194  -  Run Bytes Sent By Job
	8471570  -  Run Bytes Received By Job
	1234194  -  Total Bytes Sent By Job
	8471570  -  Total Bytes Received By Job
	Partitionable Resources :    Usage  Request Allocated 
	   Cpus                 :     0.00        1         1 
	   Disk (KB)            : 26109       10000    339253 
	   Memory (MB)          :  1754        2048      2048 

	Job terminated of its own accord at 2021-09-25T14:39:23Z.
...
