000 (73340817.000.000) 2021-09-16 05:47:20 Job submitted from host: <131.225.188.235:9618?addrs=131.225.188.235-9618&alias=lpcschedd3.fnal.gov&noUDP&sock=schedd_2706_ab5d>
...
040 (73340817.000.000) 2021-09-16 13:29:17 Started transferring input files
	Transferring to host: <131.225.205.176:9618?addrs=131.225.205.176-9618&alias=cmswn1950.fnal.gov&noUDP&sock=slot1_11_1521_6e97_1116>
...
040 (73340817.000.000) 2021-09-16 13:29:17 Finished transferring input files
...
001 (73340817.000.000) 2021-09-16 13:29:18 Job executing on host: <131.225.205.176:9618?addrs=131.225.205.176-9618&alias=cmswn1950.fnal.gov&noUDP&sock=startd_1428_1154>
...
006 (73340817.000.000) 2021-09-16 13:29:27 Image size of job updated: 7
	7  -  MemoryUsage of job (MB)
	7988  -  ResidentSetSize of job (KB)
...
006 (73340817.000.000) 2021-09-16 13:30:27 Image size of job updated: 501
	501  -  MemoryUsage of job (MB)
	513468  -  ResidentSetSize of job (KB)
...
006 (73340817.000.000) 2021-09-16 13:34:30 Image size of job updated: 526
	526  -  MemoryUsage of job (MB)
	538828  -  ResidentSetSize of job (KB)
...
006 (73340817.000.000) 2021-09-16 13:35:30 Image size of job updated: 572
	572  -  MemoryUsage of job (MB)
	585796  -  ResidentSetSize of job (KB)
...
006 (73340817.000.000) 2021-09-16 13:36:31 Image size of job updated: 620
	620  -  MemoryUsage of job (MB)
	634988  -  ResidentSetSize of job (KB)
...
006 (73340817.000.000) 2021-09-16 13:37:32 Image size of job updated: 656
	656  -  MemoryUsage of job (MB)
	671828  -  ResidentSetSize of job (KB)
...
006 (73340817.000.000) 2021-09-16 13:38:33 Image size of job updated: 693
	693  -  MemoryUsage of job (MB)
	710524  -  ResidentSetSize of job (KB)
...
006 (73340817.000.000) 2021-09-16 13:39:33 Image size of job updated: 725
	725  -  MemoryUsage of job (MB)
	742436  -  ResidentSetSize of job (KB)
...
006 (73340817.000.000) 2021-09-16 13:40:33 Image size of job updated: 757
	757  -  MemoryUsage of job (MB)
	775268  -  ResidentSetSize of job (KB)
...
006 (73340817.000.000) 2021-09-16 13:41:33 Image size of job updated: 784
	784  -  MemoryUsage of job (MB)
	802936  -  ResidentSetSize of job (KB)
...
006 (73340817.000.000) 2021-09-16 13:42:33 Image size of job updated: 813
	813  -  MemoryUsage of job (MB)
	832764  -  ResidentSetSize of job (KB)
...
006 (73340817.000.000) 2021-09-16 13:43:34 Image size of job updated: 839
	839  -  MemoryUsage of job (MB)
	859636  -  ResidentSetSize of job (KB)
...
006 (73340817.000.000) 2021-09-16 13:44:34 Image size of job updated: 865
	865  -  MemoryUsage of job (MB)
	885952  -  ResidentSetSize of job (KB)
...
006 (73340817.000.000) 2021-09-16 13:45:35 Image size of job updated: 899
	899  -  MemoryUsage of job (MB)
	920864  -  ResidentSetSize of job (KB)
...
006 (73340817.000.000) 2021-09-16 13:46:36 Image size of job updated: 924
	924  -  MemoryUsage of job (MB)
	946644  -  ResidentSetSize of job (KB)
...
006 (73340817.000.000) 2021-09-16 13:47:36 Image size of job updated: 945
	945  -  MemoryUsage of job (MB)
	967932  -  ResidentSetSize of job (KB)
...
006 (73340817.000.000) 2021-09-16 13:48:37 Image size of job updated: 968
	968  -  MemoryUsage of job (MB)
	991288  -  ResidentSetSize of job (KB)
...
006 (73340817.000.000) 2021-09-16 13:49:38 Image size of job updated: 989
	989  -  MemoryUsage of job (MB)
	1013356  -  ResidentSetSize of job (KB)
...
006 (73340817.000.000) 2021-09-16 13:50:38 Image size of job updated: 1008
	1008  -  MemoryUsage of job (MB)
	1033072  -  ResidentSetSize of job (KB)
...
006 (73340817.000.000) 2021-09-16 13:51:38 Image size of job updated: 1032
	1032  -  MemoryUsage of job (MB)
	1057508  -  ResidentSetSize of job (KB)
...
006 (73340817.000.000) 2021-09-16 13:52:39 Image size of job updated: 1058
	1058  -  MemoryUsage of job (MB)
	1084224  -  ResidentSetSize of job (KB)
...
006 (73340817.000.000) 2021-09-16 13:53:40 Image size of job updated: 1080
	1080  -  MemoryUsage of job (MB)
	1106788  -  ResidentSetSize of job (KB)
...
006 (73340817.000.000) 2021-09-16 13:54:40 Image size of job updated: 1099
	1099  -  MemoryUsage of job (MB)
	1126184  -  ResidentSetSize of job (KB)
...
006 (73340817.000.000) 2021-09-16 13:55:41 Image size of job updated: 1120
	1120  -  MemoryUsage of job (MB)
	1147032  -  ResidentSetSize of job (KB)
...
006 (73340817.000.000) 2021-09-16 13:56:41 Image size of job updated: 1138
	1138  -  MemoryUsage of job (MB)
	1165596  -  ResidentSetSize of job (KB)
...
006 (73340817.000.000) 2021-09-16 13:57:41 Image size of job updated: 1159
	1159  -  MemoryUsage of job (MB)
	1187404  -  ResidentSetSize of job (KB)
...
006 (73340817.000.000) 2021-09-16 13:58:42 Image size of job updated: 1177
	1177  -  MemoryUsage of job (MB)
	1205828  -  ResidentSetSize of job (KB)
...
006 (73340817.000.000) 2021-09-16 13:59:43 Image size of job updated: 1197
	1197  -  MemoryUsage of job (MB)
	1225788  -  ResidentSetSize of job (KB)
...
006 (73340817.000.000) 2021-09-16 14:00:43 Image size of job updated: 1214
	1214  -  MemoryUsage of job (MB)
	1243316  -  ResidentSetSize of job (KB)
...
006 (73340817.000.000) 2021-09-16 14:01:43 Image size of job updated: 1232
	1232  -  MemoryUsage of job (MB)
	1262328  -  ResidentSetSize of job (KB)
...
006 (73340817.000.000) 2021-09-16 14:02:45 Image size of job updated: 1250
	1250  -  MemoryUsage of job (MB)
	1280804  -  ResidentSetSize of job (KB)
...
006 (73340817.000.000) 2021-09-16 14:03:45 Image size of job updated: 1266
	1266  -  MemoryUsage of job (MB)
	1297152  -  ResidentSetSize of job (KB)
...
006 (73340817.000.000) 2021-09-16 14:04:45 Image size of job updated: 1284
	1284  -  MemoryUsage of job (MB)
	1315084  -  ResidentSetSize of job (KB)
...
006 (73340817.000.000) 2021-09-16 14:05:46 Image size of job updated: 1299
	1299  -  MemoryUsage of job (MB)
	1330860  -  ResidentSetSize of job (KB)
...
006 (73340817.000.000) 2021-09-16 14:06:46 Image size of job updated: 1316
	1316  -  MemoryUsage of job (MB)
	1348112  -  ResidentSetSize of job (KB)
...
006 (73340817.000.000) 2021-09-16 14:07:47 Image size of job updated: 1331
	1331  -  MemoryUsage of job (MB)
	1363248  -  ResidentSetSize of job (KB)
...
006 (73340817.000.000) 2021-09-16 14:08:48 Image size of job updated: 1347
	1347  -  MemoryUsage of job (MB)
	1379876  -  ResidentSetSize of job (KB)
...
006 (73340817.000.000) 2021-09-16 14:09:48 Image size of job updated: 1361
	1361  -  MemoryUsage of job (MB)
	1394452  -  ResidentSetSize of job (KB)
...
006 (73340817.000.000) 2021-09-16 14:10:48 Image size of job updated: 1377
	1377  -  MemoryUsage of job (MB)
	1410472  -  ResidentSetSize of job (KB)
...
006 (73340817.000.000) 2021-09-16 14:11:49 Image size of job updated: 1391
	1391  -  MemoryUsage of job (MB)
	1424588  -  ResidentSetSize of job (KB)
...
006 (73340817.000.000) 2021-09-16 14:12:50 Image size of job updated: 1406
	1406  -  MemoryUsage of job (MB)
	1440076  -  ResidentSetSize of job (KB)
...
006 (73340817.000.000) 2021-09-16 14:13:50 Image size of job updated: 1420
	1420  -  MemoryUsage of job (MB)
	1454812  -  ResidentSetSize of job (KB)
...
006 (73340817.000.000) 2021-09-16 14:14:51 Image size of job updated: 1434
	1434  -  MemoryUsage of job (MB)
	1468868  -  ResidentSetSize of job (KB)
...
006 (73340817.000.000) 2021-09-16 14:15:51 Image size of job updated: 1447
	1447  -  MemoryUsage of job (MB)
	1482368  -  ResidentSetSize of job (KB)
...
006 (73340817.000.000) 2021-09-16 14:16:51 Image size of job updated: 1461
	1461  -  MemoryUsage of job (MB)
	1496884  -  ResidentSetSize of job (KB)
...
006 (73340817.000.000) 2021-09-16 14:17:53 Image size of job updated: 1475
	1475  -  MemoryUsage of job (MB)
	1511328  -  ResidentSetSize of job (KB)
...
006 (73340817.000.000) 2021-09-16 14:18:53 Image size of job updated: 1488
	1488  -  MemoryUsage of job (MB)
	1524144  -  ResidentSetSize of job (KB)
...
006 (73340817.000.000) 2021-09-16 14:19:54 Image size of job updated: 1502
	1502  -  MemoryUsage of job (MB)
	1538196  -  ResidentSetSize of job (KB)
...
006 (73340817.000.000) 2021-09-16 14:20:54 Image size of job updated: 1514
	1514  -  MemoryUsage of job (MB)
	1550696  -  ResidentSetSize of job (KB)
...
006 (73340817.000.000) 2021-09-16 14:21:55 Image size of job updated: 1527
	1527  -  MemoryUsage of job (MB)
	1564388  -  ResidentSetSize of job (KB)
...
006 (73340817.000.000) 2021-09-16 14:22:55 Image size of job updated: 1543
	1543  -  MemoryUsage of job (MB)
	1580616  -  ResidentSetSize of job (KB)
...
006 (73340817.000.000) 2021-09-16 14:23:55 Image size of job updated: 1625
	1625  -  MemoryUsage of job (MB)
	1664968  -  ResidentSetSize of job (KB)
...
006 (73340817.000.000) 2021-09-16 14:24:56 Image size of job updated: 1648
	1648  -  MemoryUsage of job (MB)
	1688196  -  ResidentSetSize of job (KB)
...
006 (73340817.000.000) 2021-09-16 14:25:56 Image size of job updated: 1657
	1657  -  MemoryUsage of job (MB)
	1697004  -  ResidentSetSize of job (KB)
...
006 (73340817.000.000) 2021-09-16 14:26:57 Image size of job updated: 1661
	1661  -  MemoryUsage of job (MB)
	1701496  -  ResidentSetSize of job (KB)
...
006 (73340817.000.000) 2021-09-16 14:27:58 Image size of job updated: 1668
	1668  -  MemoryUsage of job (MB)
	1708856  -  ResidentSetSize of job (KB)
...
006 (73340817.000.000) 2021-09-16 14:28:58 Image size of job updated: 1671
	1671  -  MemoryUsage of job (MB)
	1711924  -  ResidentSetSize of job (KB)
...
006 (73340817.000.000) 2021-09-16 14:29:59 Image size of job updated: 1673
	1673  -  MemoryUsage of job (MB)
	1713944  -  ResidentSetSize of job (KB)
...
006 (73340817.000.000) 2021-09-16 14:30:59 Image size of job updated: 1675
	1675  -  MemoryUsage of job (MB)
	1715600  -  ResidentSetSize of job (KB)
...
006 (73340817.000.000) 2021-09-16 14:31:59 Image size of job updated: 1679
	1679  -  MemoryUsage of job (MB)
	1719916  -  ResidentSetSize of job (KB)
...
006 (73340817.000.000) 2021-09-16 14:33:00 Image size of job updated: 1682
	1682  -  MemoryUsage of job (MB)
	1723320  -  ResidentSetSize of job (KB)
...
006 (73340817.000.000) 2021-09-16 14:34:01 Image size of job updated: 1684
	1684  -  MemoryUsage of job (MB)
	1725076  -  ResidentSetSize of job (KB)
...
006 (73340817.000.000) 2021-09-16 14:35:01 Image size of job updated: 1686
	1686  -  MemoryUsage of job (MB)
	1727044  -  ResidentSetSize of job (KB)
...
006 (73340817.000.000) 2021-09-16 14:36:02 Image size of job updated: 1688
	1688  -  MemoryUsage of job (MB)
	1728620  -  ResidentSetSize of job (KB)
...
006 (73340817.000.000) 2021-09-16 14:37:02 Image size of job updated: 1692
	1692  -  MemoryUsage of job (MB)
	1733292  -  ResidentSetSize of job (KB)
...
006 (73340817.000.000) 2021-09-16 14:38:03 Image size of job updated: 1693
	1693  -  MemoryUsage of job (MB)
	1734352  -  ResidentSetSize of job (KB)
...
006 (73340817.000.000) 2021-09-16 14:39:04 Image size of job updated: 1694
	1694  -  MemoryUsage of job (MB)
	1735008  -  ResidentSetSize of job (KB)
...
006 (73340817.000.000) 2021-09-16 14:40:04 Image size of job updated: 1697
	1697  -  MemoryUsage of job (MB)
	1738076  -  ResidentSetSize of job (KB)
...
006 (73340817.000.000) 2021-09-16 14:41:05 Image size of job updated: 1698
	1698  -  MemoryUsage of job (MB)
	1739472  -  ResidentSetSize of job (KB)
...
006 (73340817.000.000) 2021-09-16 14:42:05 Image size of job updated: 1700
	1700  -  MemoryUsage of job (MB)
	1740948  -  ResidentSetSize of job (KB)
...
006 (73340817.000.000) 2021-09-16 14:43:05 Image size of job updated: 1701
	1701  -  MemoryUsage of job (MB)
	1742284  -  ResidentSetSize of job (KB)
...
006 (73340817.000.000) 2021-09-16 14:44:06 Image size of job updated: 1702
	1702  -  MemoryUsage of job (MB)
	1742940  -  ResidentSetSize of job (KB)
...
006 (73340817.000.000) 2021-09-16 14:45:06 Image size of job updated: 1702
	1702  -  MemoryUsage of job (MB)
	1743608  -  ResidentSetSize of job (KB)
...
006 (73340817.000.000) 2021-09-16 14:46:06 Image size of job updated: 1703
	1703  -  MemoryUsage of job (MB)
	1744748  -  ResidentSetSize of job (KB)
...
006 (73340817.000.000) 2021-09-16 14:47:06 Image size of job updated: 1704
	1704  -  MemoryUsage of job (MB)
	1745388  -  ResidentSetSize of job (KB)
...
006 (73340817.000.000) 2021-09-16 14:48:07 Image size of job updated: 1705
	1705  -  MemoryUsage of job (MB)
	1746208  -  ResidentSetSize of job (KB)
...
006 (73340817.000.000) 2021-09-16 14:49:07 Image size of job updated: 1706
	1706  -  MemoryUsage of job (MB)
	1747848  -  ResidentSetSize of job (KB)
...
006 (73340817.000.000) 2021-09-16 14:50:08 Image size of job updated: 1707
	1707  -  MemoryUsage of job (MB)
	1748736  -  ResidentSetSize of job (KB)
...
006 (73340817.000.000) 2021-09-16 14:51:09 Image size of job updated: 1708
	1708  -  MemoryUsage of job (MB)
	1749460  -  ResidentSetSize of job (KB)
...
006 (73340817.000.000) 2021-09-16 14:52:10 Image size of job updated: 1709
	1709  -  MemoryUsage of job (MB)
	1750016  -  ResidentSetSize of job (KB)
...
006 (73340817.000.000) 2021-09-16 14:53:11 Image size of job updated: 1709
	1709  -  MemoryUsage of job (MB)
	1750692  -  ResidentSetSize of job (KB)
...
006 (73340817.000.000) 2021-09-16 14:54:11 Image size of job updated: 1710
	1710  -  MemoryUsage of job (MB)
	1751712  -  ResidentSetSize of job (KB)
...
006 (73340817.000.000) 2021-09-16 14:55:11 Image size of job updated: 1711
	1711  -  MemoryUsage of job (MB)
	1752600  -  ResidentSetSize of job (KB)
...
006 (73340817.000.000) 2021-09-16 14:56:12 Image size of job updated: 1712
	1712  -  MemoryUsage of job (MB)
	1753220  -  ResidentSetSize of job (KB)
...
006 (73340817.000.000) 2021-09-16 14:57:12 Image size of job updated: 1712
	1712  -  MemoryUsage of job (MB)
	1753864  -  ResidentSetSize of job (KB)
...
006 (73340817.000.000) 2021-09-16 14:58:14 Image size of job updated: 1713
	1713  -  MemoryUsage of job (MB)
	1754800  -  ResidentSetSize of job (KB)
...
006 (73340817.000.000) 2021-09-16 14:59:14 Image size of job updated: 1714
	1714  -  MemoryUsage of job (MB)
	1755688  -  ResidentSetSize of job (KB)
...
006 (73340817.000.000) 2021-09-16 15:00:14 Image size of job updated: 1714
	1714  -  MemoryUsage of job (MB)
	1756064  -  ResidentSetSize of job (KB)
...
006 (73340817.000.000) 2021-09-16 15:01:15 Image size of job updated: 1715
	1715  -  MemoryUsage of job (MB)
	1756428  -  ResidentSetSize of job (KB)
...
006 (73340817.000.000) 2021-09-16 15:02:15 Image size of job updated: 1715
	1715  -  MemoryUsage of job (MB)
	1757180  -  ResidentSetSize of job (KB)
...
006 (73340817.000.000) 2021-09-16 15:03:16 Image size of job updated: 1716
	1716  -  MemoryUsage of job (MB)
	1757672  -  ResidentSetSize of job (KB)
...
006 (73340817.000.000) 2021-09-16 15:04:17 Image size of job updated: 1717
	1717  -  MemoryUsage of job (MB)
	1758704  -  ResidentSetSize of job (KB)
...
006 (73340817.000.000) 2021-09-16 15:05:18 Image size of job updated: 1718
	1718  -  MemoryUsage of job (MB)
	1759408  -  ResidentSetSize of job (KB)
...
006 (73340817.000.000) 2021-09-16 15:06:19 Image size of job updated: 1719
	1719  -  MemoryUsage of job (MB)
	1760396  -  ResidentSetSize of job (KB)
...
006 (73340817.000.000) 2021-09-16 15:07:19 Image size of job updated: 1719
	1719  -  MemoryUsage of job (MB)
	1761072  -  ResidentSetSize of job (KB)
...
006 (73340817.000.000) 2021-09-16 15:08:20 Image size of job updated: 1720
	1720  -  MemoryUsage of job (MB)
	1761948  -  ResidentSetSize of job (KB)
...
006 (73340817.000.000) 2021-09-16 15:09:20 Image size of job updated: 1720
	1720  -  MemoryUsage of job (MB)
	1762296  -  ResidentSetSize of job (KB)
...
006 (73340817.000.000) 2021-09-16 15:10:20 Image size of job updated: 1721
	1721  -  MemoryUsage of job (MB)
	1762780  -  ResidentSetSize of job (KB)
...
006 (73340817.000.000) 2021-09-16 15:11:21 Image size of job updated: 1722
	1722  -  MemoryUsage of job (MB)
	1763456  -  ResidentSetSize of job (KB)
...
006 (73340817.000.000) 2021-09-16 15:12:21 Image size of job updated: 1723
	1723  -  MemoryUsage of job (MB)
	1764684  -  ResidentSetSize of job (KB)
...
006 (73340817.000.000) 2021-09-16 15:13:21 Image size of job updated: 1724
	1724  -  MemoryUsage of job (MB)
	1765784  -  ResidentSetSize of job (KB)
...
006 (73340817.000.000) 2021-09-16 15:14:22 Image size of job updated: 1725
	1725  -  MemoryUsage of job (MB)
	1767032  -  ResidentSetSize of job (KB)
...
006 (73340817.000.000) 2021-09-16 15:15:22 Image size of job updated: 1726
	1726  -  MemoryUsage of job (MB)
	1767964  -  ResidentSetSize of job (KB)
...
006 (73340817.000.000) 2021-09-16 15:16:23 Image size of job updated: 1727
	1727  -  MemoryUsage of job (MB)
	1768600  -  ResidentSetSize of job (KB)
...
006 (73340817.000.000) 2021-09-16 15:17:24 Image size of job updated: 1727
	1727  -  MemoryUsage of job (MB)
	1769304  -  ResidentSetSize of job (KB)
...
006 (73340817.000.000) 2021-09-16 15:18:25 Image size of job updated: 1728
	1728  -  MemoryUsage of job (MB)
	1770420  -  ResidentSetSize of job (KB)
...
006 (73340817.000.000) 2021-09-16 15:19:26 Image size of job updated: 1729
	1729  -  MemoryUsage of job (MB)
	1771232  -  ResidentSetSize of job (KB)
...
006 (73340817.000.000) 2021-09-16 15:20:26 Image size of job updated: 1729
	1729  -  MemoryUsage of job (MB)
	1771468  -  ResidentSetSize of job (KB)
...
006 (73340817.000.000) 2021-09-16 15:21:27 Image size of job updated: 1730
	1730  -  MemoryUsage of job (MB)
	1771916  -  ResidentSetSize of job (KB)
...
006 (73340817.000.000) 2021-09-16 15:22:28 Image size of job updated: 1730
	1730  -  MemoryUsage of job (MB)
	1772244  -  ResidentSetSize of job (KB)
...
006 (73340817.000.000) 2021-09-16 15:23:28 Image size of job updated: 1731
	1731  -  MemoryUsage of job (MB)
	1772840  -  ResidentSetSize of job (KB)
...
006 (73340817.000.000) 2021-09-16 15:24:29 Image size of job updated: 1733
	1733  -  MemoryUsage of job (MB)
	1775268  -  ResidentSetSize of job (KB)
...
006 (73340817.000.000) 2021-09-16 15:25:29 Image size of job updated: 1734
	1734  -  MemoryUsage of job (MB)
	1776124  -  ResidentSetSize of job (KB)
...
006 (73340817.000.000) 2021-09-16 15:26:29 Image size of job updated: 1734
	1734  -  MemoryUsage of job (MB)
	1776420  -  ResidentSetSize of job (KB)
...
006 (73340817.000.000) 2021-09-16 15:27:30 Image size of job updated: 1735
	1735  -  MemoryUsage of job (MB)
	1776940  -  ResidentSetSize of job (KB)
...
006 (73340817.000.000) 2021-09-16 15:28:30 Image size of job updated: 1736
	1736  -  MemoryUsage of job (MB)
	1778140  -  ResidentSetSize of job (KB)
...
006 (73340817.000.000) 2021-09-16 15:29:31 Image size of job updated: 1737
	1737  -  MemoryUsage of job (MB)
	1778796  -  ResidentSetSize of job (KB)
...
006 (73340817.000.000) 2021-09-16 15:30:32 Image size of job updated: 1737
	1737  -  MemoryUsage of job (MB)
	1779368  -  ResidentSetSize of job (KB)
...
006 (73340817.000.000) 2021-09-16 15:31:32 Image size of job updated: 1738
	1738  -  MemoryUsage of job (MB)
	1779840  -  ResidentSetSize of job (KB)
...
006 (73340817.000.000) 2021-09-16 15:32:33 Image size of job updated: 1738
	1738  -  MemoryUsage of job (MB)
	1780448  -  ResidentSetSize of job (KB)
...
006 (73340817.000.000) 2021-09-16 15:33:33 Image size of job updated: 1739
	1739  -  MemoryUsage of job (MB)
	1781364  -  ResidentSetSize of job (KB)
...
006 (73340817.000.000) 2021-09-16 15:34:33 Image size of job updated: 1740
	1740  -  MemoryUsage of job (MB)
	1781860  -  ResidentSetSize of job (KB)
...
006 (73340817.000.000) 2021-09-16 15:35:34 Image size of job updated: 1740
	1740  -  MemoryUsage of job (MB)
	1782312  -  ResidentSetSize of job (KB)
...
006 (73340817.000.000) 2021-09-16 15:36:34 Image size of job updated: 1741
	1741  -  MemoryUsage of job (MB)
	1783348  -  ResidentSetSize of job (KB)
...
006 (73340817.000.000) 2021-09-16 15:37:36 Image size of job updated: 1741
	1741  -  MemoryUsage of job (MB)
	1783580  -  ResidentSetSize of job (KB)
...
006 (73340817.000.000) 2021-09-16 15:38:36 Image size of job updated: 1742
	1742  -  MemoryUsage of job (MB)
	1784408  -  ResidentSetSize of job (KB)
...
006 (73340817.000.000) 2021-09-16 15:39:36 Image size of job updated: 1743
	1743  -  MemoryUsage of job (MB)
	1784876  -  ResidentSetSize of job (KB)
...
006 (73340817.000.000) 2021-09-16 15:40:37 Image size of job updated: 1743
	1743  -  MemoryUsage of job (MB)
	1785392  -  ResidentSetSize of job (KB)
...
006 (73340817.000.000) 2021-09-16 15:41:38 Image size of job updated: 1744
	1744  -  MemoryUsage of job (MB)
	1785960  -  ResidentSetSize of job (KB)
...
006 (73340817.000.000) 2021-09-16 15:42:30 Image size of job updated: 1744
	1744  -  MemoryUsage of job (MB)
	1786144  -  ResidentSetSize of job (KB)
...
040 (73340817.000.000) 2021-09-16 15:42:30 Started transferring output files
...
040 (73340817.000.000) 2021-09-16 15:42:30 Finished transferring output files
...
005 (73340817.000.000) 2021-09-16 15:42:31 Job terminated.
	(1) Normal termination (return value 0)
		Usr 0 01:05:47, Sys 0 01:00:51  -  Run Remote Usage
		Usr 0 00:00:00, Sys 0 00:00:00  -  Run Local Usage
		Usr 0 01:05:47, Sys 0 01:00:51  -  Total Remote Usage
		Usr 0 00:00:00, Sys 0 00:00:00  -  Total Local Usage
	1233194  -  Run Bytes Sent By Job
	8471534  -  Run Bytes Received By Job
	1233194  -  Total Bytes Sent By Job
	8471534  -  Total Bytes Received By Job
	Partitionable Resources :    Usage  Request Allocated 
	   Cpus                 :     0.00        1         1 
	   Disk (KB)            : 27025       10000   1640163 
	   Memory (MB)          :  1744        2048      2048 

	Job terminated of its own accord at 2021-09-16T20:42:30Z.
...
000 (34672548.000.000) 2021-09-24 22:32:46 Job submitted from host: <131.225.188.57:9618?addrs=131.225.188.57-9618&alias=lpcschedd2.fnal.gov&noUDP&sock=schedd_2251_93c6>
...
040 (34672548.000.000) 2021-09-24 23:24:36 Started transferring input files
	Transferring to host: <131.225.191.76:9618?addrs=131.225.191.76-9618&alias=cmswn1992.fnal.gov&noUDP&sock=slot1_3_1527_a8d7_3217>
...
040 (34672548.000.000) 2021-09-24 23:24:37 Finished transferring input files
...
001 (34672548.000.000) 2021-09-24 23:24:38 Job executing on host: <131.225.191.76:9618?addrs=131.225.191.76-9618&alias=cmswn1992.fnal.gov&noUDP&sock=startd_1424_52f3>
...
006 (34672548.000.000) 2021-09-24 23:24:46 Image size of job updated: 37
	37  -  MemoryUsage of job (MB)
	37964  -  ResidentSetSize of job (KB)
...
006 (34672548.000.000) 2021-09-24 23:25:47 Image size of job updated: 555
	555  -  MemoryUsage of job (MB)
	569104  -  ResidentSetSize of job (KB)
...
006 (34672548.000.000) 2021-09-24 23:30:49 Image size of job updated: 565
	565  -  MemoryUsage of job (MB)
	579040  -  ResidentSetSize of job (KB)
...
006 (34672548.000.000) 2021-09-24 23:31:50 Image size of job updated: 609
	609  -  MemoryUsage of job (MB)
	623796  -  ResidentSetSize of job (KB)
...
006 (34672548.000.000) 2021-09-24 23:32:50 Image size of job updated: 647
	647  -  MemoryUsage of job (MB)
	663516  -  ResidentSetSize of job (KB)
...
006 (34672548.000.000) 2021-09-24 23:33:50 Image size of job updated: 682
	682  -  MemoryUsage of job (MB)
	699332  -  ResidentSetSize of job (KB)
...
006 (34672548.000.000) 2021-09-24 23:34:50 Image size of job updated: 715
	715  -  MemoryUsage of job (MB)
	733032  -  ResidentSetSize of job (KB)
...
006 (34672548.000.000) 2021-09-24 23:35:50 Image size of job updated: 746
	746  -  MemoryUsage of job (MB)
	764884  -  ResidentSetSize of job (KB)
...
006 (34672548.000.000) 2021-09-24 23:36:51 Image size of job updated: 776
	776  -  MemoryUsage of job (MB)
	795644  -  ResidentSetSize of job (KB)
...
006 (34672548.000.000) 2021-09-24 23:37:52 Image size of job updated: 809
	809  -  MemoryUsage of job (MB)
	828784  -  ResidentSetSize of job (KB)
...
006 (34672548.000.000) 2021-09-24 23:38:53 Image size of job updated: 838
	838  -  MemoryUsage of job (MB)
	859080  -  ResidentSetSize of job (KB)
...
006 (34672548.000.000) 2021-09-24 23:39:53 Image size of job updated: 865
	865  -  MemoryUsage of job (MB)
	885916  -  ResidentSetSize of job (KB)
...
006 (34672548.000.000) 2021-09-24 23:40:54 Image size of job updated: 902
	902  -  MemoryUsage of job (MB)
	923824  -  ResidentSetSize of job (KB)
...
006 (34672548.000.000) 2021-09-24 23:41:55 Image size of job updated: 928
	928  -  MemoryUsage of job (MB)
	950964  -  ResidentSetSize of job (KB)
...
006 (34672548.000.000) 2021-09-24 23:42:55 Image size of job updated: 953
	953  -  MemoryUsage of job (MB)
	976660  -  ResidentSetSize of job (KB)
...
006 (34672548.000.000) 2021-09-24 23:43:57 Image size of job updated: 979
	979  -  MemoryUsage of job (MB)
	1003404  -  ResidentSetSize of job (KB)
...
006 (34672548.000.000) 2021-09-24 23:44:57 Image size of job updated: 1003
	1003  -  MemoryUsage of job (MB)
	1027684  -  ResidentSetSize of job (KB)
...
006 (34672548.000.000) 2021-09-24 23:45:58 Image size of job updated: 1029
	1029  -  MemoryUsage of job (MB)
	1054608  -  ResidentSetSize of job (KB)
...
006 (34672548.000.000) 2021-09-24 23:46:58 Image size of job updated: 1060
	1060  -  MemoryUsage of job (MB)
	1085708  -  ResidentSetSize of job (KB)
...
006 (34672548.000.000) 2021-09-24 23:47:59 Image size of job updated: 1084
	1084  -  MemoryUsage of job (MB)
	1110136  -  ResidentSetSize of job (KB)
...
006 (34672548.000.000) 2021-09-24 23:48:59 Image size of job updated: 1104
	1104  -  MemoryUsage of job (MB)
	1131400  -  ResidentSetSize of job (KB)
...
006 (34672548.000.000) 2021-09-24 23:49:59 Image size of job updated: 1125
	1125  -  MemoryUsage of job (MB)
	1152456  -  ResidentSetSize of job (KB)
...
006 (34672548.000.000) 2021-09-24 23:51:01 Image size of job updated: 1147
	1147  -  MemoryUsage of job (MB)
	1174916  -  ResidentSetSize of job (KB)
...
006 (34672548.000.000) 2021-09-24 23:52:01 Image size of job updated: 1167
	1167  -  MemoryUsage of job (MB)
	1195596  -  ResidentSetSize of job (KB)
...
006 (34672548.000.000) 2021-09-24 23:53:01 Image size of job updated: 1186
	1186  -  MemoryUsage of job (MB)
	1215196  -  ResidentSetSize of job (KB)
...
006 (34672548.000.000) 2021-09-24 23:54:02 Image size of job updated: 1205
	1205  -  MemoryUsage of job (MB)
	1234464  -  ResidentSetSize of job (KB)
...
006 (34672548.000.000) 2021-09-24 23:55:03 Image size of job updated: 1223
	1223  -  MemoryUsage of job (MB)
	1253320  -  ResidentSetSize of job (KB)
...
006 (34672548.000.000) 2021-09-24 23:56:03 Image size of job updated: 1241
	1241  -  MemoryUsage of job (MB)
	1271588  -  ResidentSetSize of job (KB)
...
006 (34672548.000.000) 2021-09-24 23:57:04 Image size of job updated: 1261
	1261  -  MemoryUsage of job (MB)
	1291588  -  ResidentSetSize of job (KB)
...
006 (34672548.000.000) 2021-09-24 23:58:05 Image size of job updated: 1278
	1278  -  MemoryUsage of job (MB)
	1309412  -  ResidentSetSize of job (KB)
...
006 (34672548.000.000) 2021-09-24 23:59:06 Image size of job updated: 1295
	1295  -  MemoryUsage of job (MB)
	1326696  -  ResidentSetSize of job (KB)
...
006 (34672548.000.000) 2021-09-25 00:00:06 Image size of job updated: 1312
	1312  -  MemoryUsage of job (MB)
	1343968  -  ResidentSetSize of job (KB)
...
006 (34672548.000.000) 2021-09-25 00:01:07 Image size of job updated: 1330
	1330  -  MemoryUsage of job (MB)
	1362784  -  ResidentSetSize of job (KB)
...
006 (34672548.000.000) 2021-09-25 00:02:07 Image size of job updated: 1347
	1347  -  MemoryUsage of job (MB)
	1379488  -  ResidentSetSize of job (KB)
...
006 (34672548.000.000) 2021-09-25 00:03:07 Image size of job updated: 1363
	1363  -  MemoryUsage of job (MB)
	1395972  -  ResidentSetSize of job (KB)
...
006 (34672548.000.000) 2021-09-25 00:04:07 Image size of job updated: 1379
	1379  -  MemoryUsage of job (MB)
	1412268  -  ResidentSetSize of job (KB)
...
006 (34672548.000.000) 2021-09-25 00:05:07 Image size of job updated: 1394
	1394  -  MemoryUsage of job (MB)
	1428424  -  ResidentSetSize of job (KB)
...
006 (34672548.000.000) 2021-09-25 00:06:09 Image size of job updated: 1412
	1412  -  MemoryUsage of job (MB)
	1446204  -  ResidentSetSize of job (KB)
...
006 (34672548.000.000) 2021-09-25 00:07:09 Image size of job updated: 1427
	1427  -  MemoryUsage of job (MB)
	1462044  -  ResidentSetSize of job (KB)
...
006 (34672548.000.000) 2021-09-25 00:08:09 Image size of job updated: 1442
	1442  -  MemoryUsage of job (MB)
	1477480  -  ResidentSetSize of job (KB)
...
006 (34672548.000.000) 2021-09-25 00:09:09 Image size of job updated: 1457
	1457  -  MemoryUsage of job (MB)
	1492804  -  ResidentSetSize of job (KB)
...
006 (34672548.000.000) 2021-09-25 00:10:09 Image size of job updated: 1472
	1472  -  MemoryUsage of job (MB)
	1507676  -  ResidentSetSize of job (KB)
...
006 (34672548.000.000) 2021-09-25 00:11:11 Image size of job updated: 1488
	1488  -  MemoryUsage of job (MB)
	1524388  -  ResidentSetSize of job (KB)
...
006 (34672548.000.000) 2021-09-25 00:12:13 Image size of job updated: 1503
	1503  -  MemoryUsage of job (MB)
	1539244  -  ResidentSetSize of job (KB)
...
006 (34672548.000.000) 2021-09-25 00:13:13 Image size of job updated: 1517
	1517  -  MemoryUsage of job (MB)
	1553796  -  ResidentSetSize of job (KB)
...
006 (34672548.000.000) 2021-09-25 00:14:13 Image size of job updated: 1531
	1531  -  MemoryUsage of job (MB)
	1568400  -  ResidentSetSize of job (KB)
...
006 (34672548.000.000) 2021-09-25 00:15:14 Image size of job updated: 1625
	1625  -  MemoryUsage of job (MB)
	1664760  -  ResidentSetSize of job (KB)
...
006 (34672548.000.000) 2021-09-25 00:16:15 Image size of job updated: 1648
	1648  -  MemoryUsage of job (MB)
	1688504  -  ResidentSetSize of job (KB)
...
006 (34672548.000.000) 2021-09-25 00:17:15 Image size of job updated: 1657
	1657  -  MemoryUsage of job (MB)
	1697148  -  ResidentSetSize of job (KB)
...
006 (34672548.000.000) 2021-09-25 00:18:15 Image size of job updated: 1664
	1664  -  MemoryUsage of job (MB)
	1704268  -  ResidentSetSize of job (KB)
...
006 (34672548.000.000) 2021-09-25 00:19:16 Image size of job updated: 1666
	1666  -  MemoryUsage of job (MB)
	1706684  -  ResidentSetSize of job (KB)
...
006 (34672548.000.000) 2021-09-25 00:20:16 Image size of job updated: 1673
	1673  -  MemoryUsage of job (MB)
	1713440  -  ResidentSetSize of job (KB)
...
006 (34672548.000.000) 2021-09-25 00:21:17 Image size of job updated: 1676
	1676  -  MemoryUsage of job (MB)
	1716336  -  ResidentSetSize of job (KB)
...
006 (34672548.000.000) 2021-09-25 00:22:17 Image size of job updated: 1677
	1677  -  MemoryUsage of job (MB)
	1718216  -  ResidentSetSize of job (KB)
...
006 (34672548.000.000) 2021-09-25 00:23:18 Image size of job updated: 1681
	1681  -  MemoryUsage of job (MB)
	1721612  -  ResidentSetSize of job (KB)
...
006 (34672548.000.000) 2021-09-25 00:24:19 Image size of job updated: 1683
	1683  -  MemoryUsage of job (MB)
	1724304  -  ResidentSetSize of job (KB)
...
006 (34672548.000.000) 2021-09-25 00:25:20 Image size of job updated: 1687
	1687  -  MemoryUsage of job (MB)
	1728076  -  ResidentSetSize of job (KB)
...
006 (34672548.000.000) 2021-09-25 00:26:20 Image size of job updated: 1688
	1688  -  MemoryUsage of job (MB)
	1729240  -  ResidentSetSize of job (KB)
...
006 (34672548.000.000) 2021-09-25 00:27:20 Image size of job updated: 1690
	1690  -  MemoryUsage of job (MB)
	1731100  -  ResidentSetSize of job (KB)
...
006 (34672548.000.000) 2021-09-25 00:28:20 Image size of job updated: 1693
	1693  -  MemoryUsage of job (MB)
	1734620  -  ResidentSetSize of job (KB)
...
006 (34672548.000.000) 2021-09-25 00:29:21 Image size of job updated: 1696
	1696  -  MemoryUsage of job (MB)
	1737080  -  ResidentSetSize of job (KB)
...
006 (34672548.000.000) 2021-09-25 00:30:22 Image size of job updated: 1700
	1700  -  MemoryUsage of job (MB)
	1740804  -  ResidentSetSize of job (KB)
...
006 (34672548.000.000) 2021-09-25 00:31:23 Image size of job updated: 1700
	1700  -  MemoryUsage of job (MB)
	1741780  -  ResidentSetSize of job (KB)
...
006 (34672548.000.000) 2021-09-25 00:32:23 Image size of job updated: 1702
	1702  -  MemoryUsage of job (MB)
	1743488  -  ResidentSetSize of job (KB)
...
006 (34672548.000.000) 2021-09-25 00:33:24 Image size of job updated: 1703
	1703  -  MemoryUsage of job (MB)
	1744860  -  ResidentSetSize of job (KB)
...
006 (34672548.000.000) 2021-09-25 00:34:25 Image size of job updated: 1705
	1705  -  MemoryUsage of job (MB)
	1745952  -  ResidentSetSize of job (KB)
...
006 (34672548.000.000) 2021-09-25 00:35:26 Image size of job updated: 1706
	1706  -  MemoryUsage of job (MB)
	1747088  -  ResidentSetSize of job (KB)
...
006 (34672548.000.000) 2021-09-25 00:36:26 Image size of job updated: 1707
	1707  -  MemoryUsage of job (MB)
	1748372  -  ResidentSetSize of job (KB)
...
006 (34672548.000.000) 2021-09-25 00:37:27 Image size of job updated: 1708
	1708  -  MemoryUsage of job (MB)
	1749496  -  ResidentSetSize of job (KB)
...
006 (34672548.000.000) 2021-09-25 00:38:29 Image size of job updated: 1709
	1709  -  MemoryUsage of job (MB)
	1750060  -  ResidentSetSize of job (KB)
...
006 (34672548.000.000) 2021-09-25 00:39:30 Image size of job updated: 1710
	1710  -  MemoryUsage of job (MB)
	1751476  -  ResidentSetSize of job (KB)
...
006 (34672548.000.000) 2021-09-25 00:40:30 Image size of job updated: 1710
	1710  -  MemoryUsage of job (MB)
	1751716  -  ResidentSetSize of job (KB)
...
006 (34672548.000.000) 2021-09-25 00:41:30 Image size of job updated: 1711
	1711  -  MemoryUsage of job (MB)
	1752872  -  ResidentSetSize of job (KB)
...
006 (34672548.000.000) 2021-09-25 00:42:31 Image size of job updated: 1712
	1712  -  MemoryUsage of job (MB)
	1753496  -  ResidentSetSize of job (KB)
...
006 (34672548.000.000) 2021-09-25 00:43:31 Image size of job updated: 1713
	1713  -  MemoryUsage of job (MB)
	1754452  -  ResidentSetSize of job (KB)
...
006 (34672548.000.000) 2021-09-25 00:44:32 Image size of job updated: 1714
	1714  -  MemoryUsage of job (MB)
	1755456  -  ResidentSetSize of job (KB)
...
006 (34672548.000.000) 2021-09-25 00:45:33 Image size of job updated: 1714
	1714  -  MemoryUsage of job (MB)
	1755876  -  ResidentSetSize of job (KB)
...
006 (34672548.000.000) 2021-09-25 00:46:33 Image size of job updated: 1715
	1715  -  MemoryUsage of job (MB)
	1756396  -  ResidentSetSize of job (KB)
...
006 (34672548.000.000) 2021-09-25 00:47:34 Image size of job updated: 1715
	1715  -  MemoryUsage of job (MB)
	1756640  -  ResidentSetSize of job (KB)
...
006 (34672548.000.000) 2021-09-25 00:48:35 Image size of job updated: 1716
	1716  -  MemoryUsage of job (MB)
	1757616  -  ResidentSetSize of job (KB)
...
006 (34672548.000.000) 2021-09-25 00:49:36 Image size of job updated: 1717
	1717  -  MemoryUsage of job (MB)
	1758224  -  ResidentSetSize of job (KB)
...
006 (34672548.000.000) 2021-09-25 00:50:37 Image size of job updated: 1717
	1717  -  MemoryUsage of job (MB)
	1758884  -  ResidentSetSize of job (KB)
...
006 (34672548.000.000) 2021-09-25 00:51:38 Image size of job updated: 1719
	1719  -  MemoryUsage of job (MB)
	1760464  -  ResidentSetSize of job (KB)
...
006 (34672548.000.000) 2021-09-25 00:52:38 Image size of job updated: 1720
	1720  -  MemoryUsage of job (MB)
	1761556  -  ResidentSetSize of job (KB)
...
006 (34672548.000.000) 2021-09-25 00:53:40 Image size of job updated: 1720
	1720  -  MemoryUsage of job (MB)
	1761992  -  ResidentSetSize of job (KB)
...
006 (34672548.000.000) 2021-09-25 00:54:41 Image size of job updated: 1720
	1720  -  MemoryUsage of job (MB)
	1762296  -  ResidentSetSize of job (KB)
...
006 (34672548.000.000) 2021-09-25 00:55:41 Image size of job updated: 1721
	1721  -  MemoryUsage of job (MB)
	1762492  -  ResidentSetSize of job (KB)
...
006 (34672548.000.000) 2021-09-25 00:56:42 Image size of job updated: 1721
	1721  -  MemoryUsage of job (MB)
	1762732  -  ResidentSetSize of job (KB)
...
006 (34672548.000.000) 2021-09-25 00:57:42 Image size of job updated: 1722
	1722  -  MemoryUsage of job (MB)
	1764332  -  ResidentSetSize of job (KB)
...
006 (34672548.000.000) 2021-09-25 00:58:43 Image size of job updated: 1724
	1724  -  MemoryUsage of job (MB)
	1766088  -  ResidentSetSize of job (KB)
...
006 (34672548.000.000) 2021-09-25 00:59:43 Image size of job updated: 1726
	1726  -  MemoryUsage of job (MB)
	1767512  -  ResidentSetSize of job (KB)
...
006 (34672548.000.000) 2021-09-25 01:00:44 Image size of job updated: 1727
	1727  -  MemoryUsage of job (MB)
	1768532  -  ResidentSetSize of job (KB)
...
006 (34672548.000.000) 2021-09-25 01:01:45 Image size of job updated: 1728
	1728  -  MemoryUsage of job (MB)
	1769828  -  ResidentSetSize of job (KB)
...
006 (34672548.000.000) 2021-09-25 01:02:47 Image size of job updated: 1729
	1729  -  MemoryUsage of job (MB)
	1771332  -  ResidentSetSize of job (KB)
...
006 (34672548.000.000) 2021-09-25 01:03:47 Image size of job updated: 1730
	1730  -  MemoryUsage of job (MB)
	1771948  -  ResidentSetSize of job (KB)
...
006 (34672548.000.000) 2021-09-25 01:04:48 Image size of job updated: 1731
	1731  -  MemoryUsage of job (MB)
	1772572  -  ResidentSetSize of job (KB)
...
006 (34672548.000.000) 2021-09-25 01:05:49 Image size of job updated: 1731
	1731  -  MemoryUsage of job (MB)
	1773188  -  ResidentSetSize of job (KB)
...
006 (34672548.000.000) 2021-09-25 01:06:50 Image size of job updated: 1731
	1731  -  MemoryUsage of job (MB)
	1773296  -  ResidentSetSize of job (KB)
...
006 (34672548.000.000) 2021-09-25 01:07:50 Image size of job updated: 1731
	1731  -  MemoryUsage of job (MB)
	1773328  -  ResidentSetSize of job (KB)
...
006 (34672548.000.000) 2021-09-25 01:08:51 Image size of job updated: 1732
	1732  -  MemoryUsage of job (MB)
	1773956  -  ResidentSetSize of job (KB)
...
006 (34672548.000.000) 2021-09-25 01:09:51 Image size of job updated: 1732
	1732  -  MemoryUsage of job (MB)
	1774204  -  ResidentSetSize of job (KB)
...
006 (34672548.000.000) 2021-09-25 01:10:52 Image size of job updated: 1734
	1734  -  MemoryUsage of job (MB)
	1775652  -  ResidentSetSize of job (KB)
...
006 (34672548.000.000) 2021-09-25 01:11:53 Image size of job updated: 1735
	1735  -  MemoryUsage of job (MB)
	1776984  -  ResidentSetSize of job (KB)
...
006 (34672548.000.000) 2021-09-25 01:12:54 Image size of job updated: 1736
	1736  -  MemoryUsage of job (MB)
	1777764  -  ResidentSetSize of job (KB)
...
006 (34672548.000.000) 2021-09-25 01:13:55 Image size of job updated: 1736
	1736  -  MemoryUsage of job (MB)
	1778264  -  ResidentSetSize of job (KB)
...
006 (34672548.000.000) 2021-09-25 01:14:56 Image size of job updated: 1737
	1737  -  MemoryUsage of job (MB)
	1779088  -  ResidentSetSize of job (KB)
...
006 (34672548.000.000) 2021-09-25 01:15:57 Image size of job updated: 1738
	1738  -  MemoryUsage of job (MB)
	1779972  -  ResidentSetSize of job (KB)
...
006 (34672548.000.000) 2021-09-25 01:16:57 Image size of job updated: 1738
	1738  -  MemoryUsage of job (MB)
	1780720  -  ResidentSetSize of job (KB)
...
006 (34672548.000.000) 2021-09-25 01:17:58 Image size of job updated: 1739
	1739  -  MemoryUsage of job (MB)
	1781020  -  ResidentSetSize of job (KB)
...
006 (34672548.000.000) 2021-09-25 01:18:59 Image size of job updated: 1739
	1739  -  MemoryUsage of job (MB)
	1781608  -  ResidentSetSize of job (KB)
...
006 (34672548.000.000) 2021-09-25 01:20:01 Image size of job updated: 1740
	1740  -  MemoryUsage of job (MB)
	1782200  -  ResidentSetSize of job (KB)
...
006 (34672548.000.000) 2021-09-25 01:21:02 Image size of job updated: 1741
	1741  -  MemoryUsage of job (MB)
	1783184  -  ResidentSetSize of job (KB)
...
006 (34672548.000.000) 2021-09-25 01:22:04 Image size of job updated: 1741
	1741  -  MemoryUsage of job (MB)
	1783672  -  ResidentSetSize of job (KB)
...
006 (34672548.000.000) 2021-09-25 01:23:05 Image size of job updated: 1742
	1742  -  MemoryUsage of job (MB)
	1784276  -  ResidentSetSize of job (KB)
...
006 (34672548.000.000) 2021-09-25 01:24:05 Image size of job updated: 1742
	1742  -  MemoryUsage of job (MB)
	1784720  -  ResidentSetSize of job (KB)
...
006 (34672548.000.000) 2021-09-25 01:25:06 Image size of job updated: 1743
	1743  -  MemoryUsage of job (MB)
	1785188  -  ResidentSetSize of job (KB)
...
006 (34672548.000.000) 2021-09-25 01:26:07 Image size of job updated: 1743
	1743  -  MemoryUsage of job (MB)
	1785836  -  ResidentSetSize of job (KB)
...
006 (34672548.000.000) 2021-09-25 01:27:08 Image size of job updated: 1744
	1744  -  MemoryUsage of job (MB)
	1785952  -  ResidentSetSize of job (KB)
...
006 (34672548.000.000) 2021-09-25 01:28:08 Image size of job updated: 1744
	1744  -  MemoryUsage of job (MB)
	1786436  -  ResidentSetSize of job (KB)
...
006 (34672548.000.000) 2021-09-25 01:29:08 Image size of job updated: 1744
	1744  -  MemoryUsage of job (MB)
	1786808  -  ResidentSetSize of job (KB)
...
006 (34672548.000.000) 2021-09-25 01:30:09 Image size of job updated: 1745
	1745  -  MemoryUsage of job (MB)
	1787244  -  ResidentSetSize of job (KB)
...
006 (34672548.000.000) 2021-09-25 01:31:09 Image size of job updated: 1746
	1746  -  MemoryUsage of job (MB)
	1788148  -  ResidentSetSize of job (KB)
...
006 (34672548.000.000) 2021-09-25 01:32:09 Image size of job updated: 1746
	1746  -  MemoryUsage of job (MB)
	1788428  -  ResidentSetSize of job (KB)
...
006 (34672548.000.000) 2021-09-25 01:33:09 Image size of job updated: 1746
	1746  -  MemoryUsage of job (MB)
	1788924  -  ResidentSetSize of job (KB)
...
006 (34672548.000.000) 2021-09-25 01:34:10 Image size of job updated: 1747
	1747  -  MemoryUsage of job (MB)
	1788936  -  ResidentSetSize of job (KB)
...
006 (34672548.000.000) 2021-09-25 01:34:42 Image size of job updated: 1747
	1747  -  MemoryUsage of job (MB)
	1789080  -  ResidentSetSize of job (KB)
...
040 (34672548.000.000) 2021-09-25 01:34:42 Started transferring output files
...
040 (34672548.000.000) 2021-09-25 01:34:43 Finished transferring output files
...
005 (34672548.000.000) 2021-09-25 01:34:44 Job terminated.
	(1) Normal termination (return value 0)
		Usr 0 00:00:00, Sys 0 00:00:00  -  Run Remote Usage
		Usr 0 00:00:00, Sys 0 00:00:00  -  Run Local Usage
		Usr 0 01:00:41, Sys 0 01:01:00  -  Total Remote Usage
		Usr 0 00:00:00, Sys 0 00:00:00  -  Total Local Usage
	1233221  -  Run Bytes Sent By Job
	8471570  -  Run Bytes Received By Job
	1233221  -  Total Bytes Sent By Job
	8471570  -  Total Bytes Received By Job
	Partitionable Resources :    Usage  Request Allocated 
	   Cpus                 :     0.00        1         1 
	   Disk (KB)            : 26318       10000    782957 
	   Memory (MB)          :  1747        2048      2048 

	Job terminated of its own accord at 2021-09-25T06:34:42Z.
...
