000 (73340823.000.000) 2021-09-16 05:47:21 Job submitted from host: <131.225.188.235:9618?addrs=131.225.188.235-9618&alias=lpcschedd3.fnal.gov&noUDP&sock=schedd_2706_ab5d>
...
040 (73340823.000.000) 2021-09-16 13:29:16 Started transferring input files
	Transferring to host: <131.225.205.192:9618?addrs=131.225.205.192-9618&alias=cmswn1966.fnal.gov&noUDP&sock=slot1_2_1557_cc18_1050>
...
040 (73340823.000.000) 2021-09-16 13:29:17 Finished transferring input files
...
001 (73340823.000.000) 2021-09-16 13:29:18 Job executing on host: <131.225.205.192:9618?addrs=131.225.205.192-9618&alias=cmswn1966.fnal.gov&noUDP&sock=startd_1436_8e16>
...
006 (73340823.000.000) 2021-09-16 13:29:27 Image size of job updated: 35
	35  -  MemoryUsage of job (MB)
	36572  -  ResidentSetSize of job (KB)
...
006 (73340823.000.000) 2021-09-16 13:30:28 Image size of job updated: 501
	501  -  MemoryUsage of job (MB)
	513752  -  ResidentSetSize of job (KB)
...
006 (73340823.000.000) 2021-09-16 13:34:29 Image size of job updated: 539
	539  -  MemoryUsage of job (MB)
	552156  -  ResidentSetSize of job (KB)
...
006 (73340823.000.000) 2021-09-16 13:35:30 Image size of job updated: 589
	589  -  MemoryUsage of job (MB)
	603332  -  ResidentSetSize of job (KB)
...
006 (73340823.000.000) 2021-09-16 13:36:30 Image size of job updated: 635
	635  -  MemoryUsage of job (MB)
	650724  -  ResidentSetSize of job (KB)
...
006 (73340823.000.000) 2021-09-16 13:37:30 Image size of job updated: 671
	671  -  MemoryUsage of job (MB)
	687888  -  ResidentSetSize of job (KB)
...
006 (73340823.000.000) 2021-09-16 13:38:30 Image size of job updated: 708
	708  -  MemoryUsage of job (MB)
	725844  -  ResidentSetSize of job (KB)
...
006 (73340823.000.000) 2021-09-16 13:39:31 Image size of job updated: 743
	743  -  MemoryUsage of job (MB)
	760924  -  ResidentSetSize of job (KB)
...
006 (73340823.000.000) 2021-09-16 13:40:33 Image size of job updated: 775
	775  -  MemoryUsage of job (MB)
	794432  -  ResidentSetSize of job (KB)
...
006 (73340823.000.000) 2021-09-16 13:41:33 Image size of job updated: 804
	804  -  MemoryUsage of job (MB)
	823788  -  ResidentSetSize of job (KB)
...
006 (73340823.000.000) 2021-09-16 13:42:34 Image size of job updated: 837
	837  -  MemoryUsage of job (MB)
	858068  -  ResidentSetSize of job (KB)
...
006 (73340823.000.000) 2021-09-16 13:43:34 Image size of job updated: 863
	863  -  MemoryUsage of job (MB)
	884672  -  ResidentSetSize of job (KB)
...
006 (73340823.000.000) 2021-09-16 13:44:36 Image size of job updated: 902
	902  -  MemoryUsage of job (MB)
	924588  -  ResidentSetSize of job (KB)
...
006 (73340823.000.000) 2021-09-16 13:45:36 Image size of job updated: 928
	928  -  MemoryUsage of job (MB)
	950848  -  ResidentSetSize of job (KB)
...
006 (73340823.000.000) 2021-09-16 13:46:36 Image size of job updated: 954
	954  -  MemoryUsage of job (MB)
	977916  -  ResidentSetSize of job (KB)
...
006 (73340823.000.000) 2021-09-16 13:47:36 Image size of job updated: 977
	977  -  MemoryUsage of job (MB)
	1001228  -  ResidentSetSize of job (KB)
...
006 (73340823.000.000) 2021-09-16 13:48:36 Image size of job updated: 1002
	1002  -  MemoryUsage of job (MB)
	1026824  -  ResidentSetSize of job (KB)
...
006 (73340823.000.000) 2021-09-16 13:49:37 Image size of job updated: 1031
	1031  -  MemoryUsage of job (MB)
	1055808  -  ResidentSetSize of job (KB)
...
006 (73340823.000.000) 2021-09-16 13:50:37 Image size of job updated: 1060
	1060  -  MemoryUsage of job (MB)
	1085644  -  ResidentSetSize of job (KB)
...
006 (73340823.000.000) 2021-09-16 13:51:38 Image size of job updated: 1085
	1085  -  MemoryUsage of job (MB)
	1111532  -  ResidentSetSize of job (KB)
...
006 (73340823.000.000) 2021-09-16 13:52:38 Image size of job updated: 1107
	1107  -  MemoryUsage of job (MB)
	1134408  -  ResidentSetSize of job (KB)
...
006 (73340823.000.000) 2021-09-16 13:53:39 Image size of job updated: 1129
	1129  -  MemoryUsage of job (MB)
	1156484  -  ResidentSetSize of job (KB)
...
006 (73340823.000.000) 2021-09-16 13:54:39 Image size of job updated: 1148
	1148  -  MemoryUsage of job (MB)
	1176016  -  ResidentSetSize of job (KB)
...
006 (73340823.000.000) 2021-09-16 13:55:40 Image size of job updated: 1170
	1170  -  MemoryUsage of job (MB)
	1198088  -  ResidentSetSize of job (KB)
...
006 (73340823.000.000) 2021-09-16 13:56:41 Image size of job updated: 1190
	1190  -  MemoryUsage of job (MB)
	1218888  -  ResidentSetSize of job (KB)
...
006 (73340823.000.000) 2021-09-16 13:57:41 Image size of job updated: 1208
	1208  -  MemoryUsage of job (MB)
	1237324  -  ResidentSetSize of job (KB)
...
006 (73340823.000.000) 2021-09-16 13:58:42 Image size of job updated: 1227
	1227  -  MemoryUsage of job (MB)
	1257436  -  ResidentSetSize of job (KB)
...
006 (73340823.000.000) 2021-09-16 13:59:42 Image size of job updated: 1246
	1246  -  MemoryUsage of job (MB)
	1276788  -  ResidentSetSize of job (KB)
...
006 (73340823.000.000) 2021-09-16 14:00:42 Image size of job updated: 1263
	1263  -  MemoryUsage of job (MB)
	1294296  -  ResidentSetSize of job (KB)
...
006 (73340823.000.000) 2021-09-16 14:01:43 Image size of job updated: 1282
	1282  -  MemoryUsage of job (MB)
	1313276  -  ResidentSetSize of job (KB)
...
006 (73340823.000.000) 2021-09-16 14:02:43 Image size of job updated: 1300
	1300  -  MemoryUsage of job (MB)
	1331956  -  ResidentSetSize of job (KB)
...
006 (73340823.000.000) 2021-09-16 14:03:44 Image size of job updated: 1318
	1318  -  MemoryUsage of job (MB)
	1350136  -  ResidentSetSize of job (KB)
...
006 (73340823.000.000) 2021-09-16 14:04:45 Image size of job updated: 1334
	1334  -  MemoryUsage of job (MB)
	1366536  -  ResidentSetSize of job (KB)
...
006 (73340823.000.000) 2021-09-16 14:05:46 Image size of job updated: 1353
	1353  -  MemoryUsage of job (MB)
	1385620  -  ResidentSetSize of job (KB)
...
006 (73340823.000.000) 2021-09-16 14:06:46 Image size of job updated: 1370
	1370  -  MemoryUsage of job (MB)
	1403256  -  ResidentSetSize of job (KB)
...
006 (73340823.000.000) 2021-09-16 14:07:46 Image size of job updated: 1385
	1385  -  MemoryUsage of job (MB)
	1418988  -  ResidentSetSize of job (KB)
...
006 (73340823.000.000) 2021-09-16 14:08:46 Image size of job updated: 1402
	1402  -  MemoryUsage of job (MB)
	1436200  -  ResidentSetSize of job (KB)
...
006 (73340823.000.000) 2021-09-16 14:09:47 Image size of job updated: 1419
	1419  -  MemoryUsage of job (MB)
	1453240  -  ResidentSetSize of job (KB)
...
006 (73340823.000.000) 2021-09-16 14:10:48 Image size of job updated: 1433
	1433  -  MemoryUsage of job (MB)
	1468356  -  ResidentSetSize of job (KB)
...
006 (73340823.000.000) 2021-09-16 14:11:49 Image size of job updated: 1450
	1450  -  MemoryUsage of job (MB)
	1484908  -  ResidentSetSize of job (KB)
...
006 (73340823.000.000) 2021-09-16 14:12:49 Image size of job updated: 1466
	1466  -  MemoryUsage of job (MB)
	1501200  -  ResidentSetSize of job (KB)
...
006 (73340823.000.000) 2021-09-16 14:13:49 Image size of job updated: 1480
	1480  -  MemoryUsage of job (MB)
	1515788  -  ResidentSetSize of job (KB)
...
006 (73340823.000.000) 2021-09-16 14:14:49 Image size of job updated: 1495
	1495  -  MemoryUsage of job (MB)
	1531724  -  ResidentSetSize of job (KB)
...
006 (73340823.000.000) 2021-09-16 14:15:50 Image size of job updated: 1511
	1511  -  MemoryUsage of job (MB)
	1547520  -  ResidentSetSize of job (KB)
...
006 (73340823.000.000) 2021-09-16 14:16:50 Image size of job updated: 1524
	1524  -  MemoryUsage of job (MB)
	1561452  -  ResidentSetSize of job (KB)
...
006 (73340823.000.000) 2021-09-16 14:17:51 Image size of job updated: 1543
	1543  -  MemoryUsage of job (MB)
	1580892  -  ResidentSetSize of job (KB)
...
006 (73340823.000.000) 2021-09-16 14:18:51 Image size of job updated: 1646
	1646  -  MemoryUsage of job (MB)
	1686436  -  ResidentSetSize of job (KB)
...
006 (73340823.000.000) 2021-09-16 14:19:52 Image size of job updated: 1660
	1660  -  MemoryUsage of job (MB)
	1700284  -  ResidentSetSize of job (KB)
...
006 (73340823.000.000) 2021-09-16 14:20:52 Image size of job updated: 1671
	1671  -  MemoryUsage of job (MB)
	1711280  -  ResidentSetSize of job (KB)
...
006 (73340823.000.000) 2021-09-16 14:21:53 Image size of job updated: 1678
	1678  -  MemoryUsage of job (MB)
	1718516  -  ResidentSetSize of job (KB)
...
006 (73340823.000.000) 2021-09-16 14:22:53 Image size of job updated: 1684
	1684  -  MemoryUsage of job (MB)
	1724448  -  ResidentSetSize of job (KB)
...
006 (73340823.000.000) 2021-09-16 14:23:54 Image size of job updated: 1687
	1687  -  MemoryUsage of job (MB)
	1728216  -  ResidentSetSize of job (KB)
...
006 (73340823.000.000) 2021-09-16 14:24:54 Image size of job updated: 1691
	1691  -  MemoryUsage of job (MB)
	1731892  -  ResidentSetSize of job (KB)
...
006 (73340823.000.000) 2021-09-16 14:25:55 Image size of job updated: 1693
	1693  -  MemoryUsage of job (MB)
	1734208  -  ResidentSetSize of job (KB)
...
006 (73340823.000.000) 2021-09-16 14:26:55 Image size of job updated: 1695
	1695  -  MemoryUsage of job (MB)
	1735964  -  ResidentSetSize of job (KB)
...
006 (73340823.000.000) 2021-09-16 14:27:56 Image size of job updated: 1697
	1697  -  MemoryUsage of job (MB)
	1738040  -  ResidentSetSize of job (KB)
...
006 (73340823.000.000) 2021-09-16 14:28:56 Image size of job updated: 1701
	1701  -  MemoryUsage of job (MB)
	1742568  -  ResidentSetSize of job (KB)
...
006 (73340823.000.000) 2021-09-16 14:29:57 Image size of job updated: 1705
	1705  -  MemoryUsage of job (MB)
	1746672  -  ResidentSetSize of job (KB)
...
006 (73340823.000.000) 2021-09-16 14:30:58 Image size of job updated: 1709
	1709  -  MemoryUsage of job (MB)
	1750532  -  ResidentSetSize of job (KB)
...
006 (73340823.000.000) 2021-09-16 14:31:58 Image size of job updated: 1711
	1711  -  MemoryUsage of job (MB)
	1753052  -  ResidentSetSize of job (KB)
...
006 (73340823.000.000) 2021-09-16 14:32:59 Image size of job updated: 1714
	1714  -  MemoryUsage of job (MB)
	1755384  -  ResidentSetSize of job (KB)
...
006 (73340823.000.000) 2021-09-16 14:33:59 Image size of job updated: 1716
	1716  -  MemoryUsage of job (MB)
	1757976  -  ResidentSetSize of job (KB)
...
006 (73340823.000.000) 2021-09-16 14:34:59 Image size of job updated: 1719
	1719  -  MemoryUsage of job (MB)
	1760364  -  ResidentSetSize of job (KB)
...
006 (73340823.000.000) 2021-09-16 14:36:00 Image size of job updated: 1720
	1720  -  MemoryUsage of job (MB)
	1761784  -  ResidentSetSize of job (KB)
...
006 (73340823.000.000) 2021-09-16 14:37:00 Image size of job updated: 1722
	1722  -  MemoryUsage of job (MB)
	1763516  -  ResidentSetSize of job (KB)
...
006 (73340823.000.000) 2021-09-16 14:38:01 Image size of job updated: 1723
	1723  -  MemoryUsage of job (MB)
	1765160  -  ResidentSetSize of job (KB)
...
006 (73340823.000.000) 2021-09-16 14:39:01 Image size of job updated: 1724
	1724  -  MemoryUsage of job (MB)
	1765748  -  ResidentSetSize of job (KB)
...
006 (73340823.000.000) 2021-09-16 14:40:02 Image size of job updated: 1727
	1727  -  MemoryUsage of job (MB)
	1769268  -  ResidentSetSize of job (KB)
...
006 (73340823.000.000) 2021-09-16 14:41:02 Image size of job updated: 1729
	1729  -  MemoryUsage of job (MB)
	1771500  -  ResidentSetSize of job (KB)
...
006 (73340823.000.000) 2021-09-16 14:42:03 Image size of job updated: 1732
	1732  -  MemoryUsage of job (MB)
	1773728  -  ResidentSetSize of job (KB)
...
006 (73340823.000.000) 2021-09-16 14:43:03 Image size of job updated: 1734
	1734  -  MemoryUsage of job (MB)
	1775828  -  ResidentSetSize of job (KB)
...
006 (73340823.000.000) 2021-09-16 14:44:04 Image size of job updated: 1736
	1736  -  MemoryUsage of job (MB)
	1778588  -  ResidentSetSize of job (KB)
...
006 (73340823.000.000) 2021-09-16 14:45:04 Image size of job updated: 1738
	1738  -  MemoryUsage of job (MB)
	1780676  -  ResidentSetSize of job (KB)
...
006 (73340823.000.000) 2021-09-16 14:46:05 Image size of job updated: 1740
	1740  -  MemoryUsage of job (MB)
	1782376  -  ResidentSetSize of job (KB)
...
006 (73340823.000.000) 2021-09-16 14:47:05 Image size of job updated: 1742
	1742  -  MemoryUsage of job (MB)
	1783876  -  ResidentSetSize of job (KB)
...
006 (73340823.000.000) 2021-09-16 14:48:06 Image size of job updated: 1743
	1743  -  MemoryUsage of job (MB)
	1785684  -  ResidentSetSize of job (KB)
...
006 (73340823.000.000) 2021-09-16 14:49:06 Image size of job updated: 1745
	1745  -  MemoryUsage of job (MB)
	1786884  -  ResidentSetSize of job (KB)
...
006 (73340823.000.000) 2021-09-16 14:50:07 Image size of job updated: 1746
	1746  -  MemoryUsage of job (MB)
	1788312  -  ResidentSetSize of job (KB)
...
006 (73340823.000.000) 2021-09-16 14:51:07 Image size of job updated: 1747
	1747  -  MemoryUsage of job (MB)
	1789688  -  ResidentSetSize of job (KB)
...
006 (73340823.000.000) 2021-09-16 14:52:08 Image size of job updated: 1749
	1749  -  MemoryUsage of job (MB)
	1791060  -  ResidentSetSize of job (KB)
...
006 (73340823.000.000) 2021-09-16 14:53:08 Image size of job updated: 1750
	1750  -  MemoryUsage of job (MB)
	1792856  -  ResidentSetSize of job (KB)
...
006 (73340823.000.000) 2021-09-16 14:54:09 Image size of job updated: 1751
	1751  -  MemoryUsage of job (MB)
	1793880  -  ResidentSetSize of job (KB)
...
040 (73340823.000.000) 2021-09-16 14:54:17 Started transferring output files
...
040 (73340823.000.000) 2021-09-16 14:54:18 Finished transferring output files
...
005 (73340823.000.000) 2021-09-16 14:54:19 Job terminated.
	(1) Normal termination (return value 0)
		Usr 0 01:00:50, Sys 0 00:18:33  -  Run Remote Usage
		Usr 0 00:00:00, Sys 0 00:00:00  -  Run Local Usage
		Usr 0 01:00:50, Sys 0 00:18:33  -  Total Remote Usage
		Usr 0 00:00:00, Sys 0 00:00:00  -  Total Local Usage
	1233386  -  Run Bytes Sent By Job
	8471534  -  Run Bytes Received By Job
	1233386  -  Total Bytes Sent By Job
	8471534  -  Total Bytes Received By Job
	Partitionable Resources :    Usage  Request Allocated 
	   Cpus                 :     0.00        1         1 
	   Disk (KB)            : 26411       10000   1644265 
	   Memory (MB)          :  1751        2048      2048 

	Job terminated of its own accord at 2021-09-16T19:54:17Z.
...
000 (34672554.000.000) 2021-09-24 22:32:48 Job submitted from host: <131.225.188.57:9618?addrs=131.225.188.57-9618&alias=lpcschedd2.fnal.gov&noUDP&sock=schedd_2251_93c6>
...
040 (34672554.000.000) 2021-09-24 23:25:01 Started transferring input files
	Transferring to host: <131.225.204.113:9618?addrs=131.225.204.113-9618&alias=cmswn1717.fnal.gov&noUDP&sock=slot1_3_1225_df8b_6417>
...
040 (34672554.000.000) 2021-09-24 23:25:01 Finished transferring input files
...
001 (34672554.000.000) 2021-09-24 23:25:02 Job executing on host: <131.225.204.113:9618?addrs=131.225.204.113-9618&alias=cmswn1717.fnal.gov&noUDP&sock=startd_1144_446f>
...
006 (34672554.000.000) 2021-09-24 23:25:11 Image size of job updated: 58
	58  -  MemoryUsage of job (MB)
	59484  -  ResidentSetSize of job (KB)
...
006 (34672554.000.000) 2021-09-24 23:26:11 Image size of job updated: 526
	526  -  MemoryUsage of job (MB)
	539564  -  ResidentSetSize of job (KB)
...
006 (34672554.000.000) 2021-09-24 23:30:13 Image size of job updated: 562
	562  -  MemoryUsage of job (MB)
	575604  -  ResidentSetSize of job (KB)
...
006 (34672554.000.000) 2021-09-24 23:31:13 Image size of job updated: 610
	610  -  MemoryUsage of job (MB)
	625548  -  ResidentSetSize of job (KB)
...
006 (34672554.000.000) 2021-09-24 23:32:15 Image size of job updated: 654
	654  -  MemoryUsage of job (MB)
	670016  -  ResidentSetSize of job (KB)
...
006 (34672554.000.000) 2021-09-24 23:33:16 Image size of job updated: 688
	688  -  MemoryUsage of job (MB)
	705516  -  ResidentSetSize of job (KB)
...
006 (34672554.000.000) 2021-09-24 23:34:16 Image size of job updated: 724
	724  -  MemoryUsage of job (MB)
	741576  -  ResidentSetSize of job (KB)
...
006 (34672554.000.000) 2021-09-24 23:35:17 Image size of job updated: 757
	757  -  MemoryUsage of job (MB)
	775844  -  ResidentSetSize of job (KB)
...
006 (34672554.000.000) 2021-09-24 23:36:18 Image size of job updated: 789
	789  -  MemoryUsage of job (MB)
	808296  -  ResidentSetSize of job (KB)
...
006 (34672554.000.000) 2021-09-24 23:37:18 Image size of job updated: 820
	820  -  MemoryUsage of job (MB)
	840028  -  ResidentSetSize of job (KB)
...
006 (34672554.000.000) 2021-09-24 23:38:19 Image size of job updated: 850
	850  -  MemoryUsage of job (MB)
	871260  -  ResidentSetSize of job (KB)
...
006 (34672554.000.000) 2021-09-24 23:39:19 Image size of job updated: 878
	878  -  MemoryUsage of job (MB)
	899708  -  ResidentSetSize of job (KB)
...
006 (34672554.000.000) 2021-09-24 23:40:19 Image size of job updated: 917
	917  -  MemoryUsage of job (MB)
	939376  -  ResidentSetSize of job (KB)
...
006 (34672554.000.000) 2021-09-24 23:41:20 Image size of job updated: 945
	945  -  MemoryUsage of job (MB)
	967940  -  ResidentSetSize of job (KB)
...
006 (34672554.000.000) 2021-09-24 23:42:20 Image size of job updated: 971
	971  -  MemoryUsage of job (MB)
	994604  -  ResidentSetSize of job (KB)
...
006 (34672554.000.000) 2021-09-24 23:43:21 Image size of job updated: 996
	996  -  MemoryUsage of job (MB)
	1020036  -  ResidentSetSize of job (KB)
...
006 (34672554.000.000) 2021-09-24 23:44:22 Image size of job updated: 1022
	1022  -  MemoryUsage of job (MB)
	1046680  -  ResidentSetSize of job (KB)
...
006 (34672554.000.000) 2021-09-24 23:45:22 Image size of job updated: 1050
	1050  -  MemoryUsage of job (MB)
	1075796  -  ResidentSetSize of job (KB)
...
006 (34672554.000.000) 2021-09-24 23:46:23 Image size of job updated: 1081
	1081  -  MemoryUsage of job (MB)
	1107148  -  ResidentSetSize of job (KB)
...
006 (34672554.000.000) 2021-09-24 23:47:23 Image size of job updated: 1103
	1103  -  MemoryUsage of job (MB)
	1129984  -  ResidentSetSize of job (KB)
...
006 (34672554.000.000) 2021-09-24 23:48:23 Image size of job updated: 1125
	1125  -  MemoryUsage of job (MB)
	1152504  -  ResidentSetSize of job (KB)
...
006 (34672554.000.000) 2021-09-24 23:49:24 Image size of job updated: 1146
	1146  -  MemoryUsage of job (MB)
	1174164  -  ResidentSetSize of job (KB)
...
006 (34672554.000.000) 2021-09-24 23:50:24 Image size of job updated: 1168
	1168  -  MemoryUsage of job (MB)
	1196240  -  ResidentSetSize of job (KB)
...
006 (34672554.000.000) 2021-09-24 23:51:25 Image size of job updated: 1188
	1188  -  MemoryUsage of job (MB)
	1217116  -  ResidentSetSize of job (KB)
...
006 (34672554.000.000) 2021-09-24 23:52:26 Image size of job updated: 1208
	1208  -  MemoryUsage of job (MB)
	1237512  -  ResidentSetSize of job (KB)
...
006 (34672554.000.000) 2021-09-24 23:53:26 Image size of job updated: 1228
	1228  -  MemoryUsage of job (MB)
	1257616  -  ResidentSetSize of job (KB)
...
006 (34672554.000.000) 2021-09-24 23:54:27 Image size of job updated: 1247
	1247  -  MemoryUsage of job (MB)
	1277240  -  ResidentSetSize of job (KB)
...
006 (34672554.000.000) 2021-09-24 23:55:27 Image size of job updated: 1266
	1266  -  MemoryUsage of job (MB)
	1296576  -  ResidentSetSize of job (KB)
...
006 (34672554.000.000) 2021-09-24 23:56:27 Image size of job updated: 1284
	1284  -  MemoryUsage of job (MB)
	1315684  -  ResidentSetSize of job (KB)
...
006 (34672554.000.000) 2021-09-24 23:57:28 Image size of job updated: 1303
	1303  -  MemoryUsage of job (MB)
	1334440  -  ResidentSetSize of job (KB)
...
006 (34672554.000.000) 2021-09-24 23:58:28 Image size of job updated: 1321
	1321  -  MemoryUsage of job (MB)
	1352884  -  ResidentSetSize of job (KB)
...
006 (34672554.000.000) 2021-09-24 23:59:28 Image size of job updated: 1338
	1338  -  MemoryUsage of job (MB)
	1371092  -  ResidentSetSize of job (KB)
...
006 (34672554.000.000) 2021-09-25 00:00:29 Image size of job updated: 1356
	1356  -  MemoryUsage of job (MB)
	1389028  -  ResidentSetSize of job (KB)
...
006 (34672554.000.000) 2021-09-25 00:01:29 Image size of job updated: 1373
	1373  -  MemoryUsage of job (MB)
	1406752  -  ResidentSetSize of job (KB)
...
006 (34672554.000.000) 2021-09-25 00:02:29 Image size of job updated: 1390
	1390  -  MemoryUsage of job (MB)
	1424200  -  ResidentSetSize of job (KB)
...
006 (34672554.000.000) 2021-09-25 00:03:30 Image size of job updated: 1407
	1407  -  MemoryUsage of job (MB)
	1441436  -  ResidentSetSize of job (KB)
...
006 (34672554.000.000) 2021-09-25 00:04:30 Image size of job updated: 1424
	1424  -  MemoryUsage of job (MB)
	1458384  -  ResidentSetSize of job (KB)
...
006 (34672554.000.000) 2021-09-25 00:05:31 Image size of job updated: 1440
	1440  -  MemoryUsage of job (MB)
	1475040  -  ResidentSetSize of job (KB)
...
006 (34672554.000.000) 2021-09-25 00:06:32 Image size of job updated: 1456
	1456  -  MemoryUsage of job (MB)
	1491472  -  ResidentSetSize of job (KB)
...
006 (34672554.000.000) 2021-09-25 00:07:32 Image size of job updated: 1472
	1472  -  MemoryUsage of job (MB)
	1507764  -  ResidentSetSize of job (KB)
...
006 (34672554.000.000) 2021-09-25 00:08:33 Image size of job updated: 1488
	1488  -  MemoryUsage of job (MB)
	1523812  -  ResidentSetSize of job (KB)
...
006 (34672554.000.000) 2021-09-25 00:09:34 Image size of job updated: 1503
	1503  -  MemoryUsage of job (MB)
	1539676  -  ResidentSetSize of job (KB)
...
006 (34672554.000.000) 2021-09-25 00:10:34 Image size of job updated: 1518
	1518  -  MemoryUsage of job (MB)
	1555380  -  ResidentSetSize of job (KB)
...
006 (34672554.000.000) 2021-09-25 00:11:35 Image size of job updated: 1534
	1534  -  MemoryUsage of job (MB)
	1570960  -  ResidentSetSize of job (KB)
...
006 (34672554.000.000) 2021-09-25 00:12:35 Image size of job updated: 1625
	1625  -  MemoryUsage of job (MB)
	1664972  -  ResidentSetSize of job (KB)
...
006 (34672554.000.000) 2021-09-25 00:13:35 Image size of job updated: 1652
	1652  -  MemoryUsage of job (MB)
	1691900  -  ResidentSetSize of job (KB)
...
006 (34672554.000.000) 2021-09-25 00:14:36 Image size of job updated: 1659
	1659  -  MemoryUsage of job (MB)
	1699676  -  ResidentSetSize of job (KB)
...
006 (34672554.000.000) 2021-09-25 00:15:36 Image size of job updated: 1665
	1665  -  MemoryUsage of job (MB)
	1705628  -  ResidentSetSize of job (KB)
...
006 (34672554.000.000) 2021-09-25 00:16:37 Image size of job updated: 1674
	1674  -  MemoryUsage of job (MB)
	1714748  -  ResidentSetSize of job (KB)
...
006 (34672554.000.000) 2021-09-25 00:17:37 Image size of job updated: 1678
	1678  -  MemoryUsage of job (MB)
	1718372  -  ResidentSetSize of job (KB)
...
006 (34672554.000.000) 2021-09-25 00:18:37 Image size of job updated: 1682
	1682  -  MemoryUsage of job (MB)
	1722508  -  ResidentSetSize of job (KB)
...
006 (34672554.000.000) 2021-09-25 00:19:38 Image size of job updated: 1684
	1684  -  MemoryUsage of job (MB)
	1725164  -  ResidentSetSize of job (KB)
...
006 (34672554.000.000) 2021-09-25 00:20:38 Image size of job updated: 1687
	1687  -  MemoryUsage of job (MB)
	1728248  -  ResidentSetSize of job (KB)
...
006 (34672554.000.000) 2021-09-25 00:21:39 Image size of job updated: 1690
	1690  -  MemoryUsage of job (MB)
	1731088  -  ResidentSetSize of job (KB)
...
006 (34672554.000.000) 2021-09-25 00:22:39 Image size of job updated: 1692
	1692  -  MemoryUsage of job (MB)
	1733128  -  ResidentSetSize of job (KB)
...
006 (34672554.000.000) 2021-09-25 00:23:40 Image size of job updated: 1694
	1694  -  MemoryUsage of job (MB)
	1735420  -  ResidentSetSize of job (KB)
...
006 (34672554.000.000) 2021-09-25 00:24:41 Image size of job updated: 1696
	1696  -  MemoryUsage of job (MB)
	1737700  -  ResidentSetSize of job (KB)
...
006 (34672554.000.000) 2021-09-25 00:25:41 Image size of job updated: 1699
	1699  -  MemoryUsage of job (MB)
	1739980  -  ResidentSetSize of job (KB)
...
006 (34672554.000.000) 2021-09-25 00:26:42 Image size of job updated: 1701
	1701  -  MemoryUsage of job (MB)
	1742512  -  ResidentSetSize of job (KB)
...
006 (34672554.000.000) 2021-09-25 00:27:42 Image size of job updated: 1703
	1703  -  MemoryUsage of job (MB)
	1743936  -  ResidentSetSize of job (KB)
...
006 (34672554.000.000) 2021-09-25 00:28:43 Image size of job updated: 1705
	1705  -  MemoryUsage of job (MB)
	1746464  -  ResidentSetSize of job (KB)
...
006 (34672554.000.000) 2021-09-25 00:29:44 Image size of job updated: 1706
	1706  -  MemoryUsage of job (MB)
	1747672  -  ResidentSetSize of job (KB)
...
006 (34672554.000.000) 2021-09-25 00:30:44 Image size of job updated: 1708
	1708  -  MemoryUsage of job (MB)
	1749068  -  ResidentSetSize of job (KB)
...
006 (34672554.000.000) 2021-09-25 00:31:45 Image size of job updated: 1709
	1709  -  MemoryUsage of job (MB)
	1750740  -  ResidentSetSize of job (KB)
...
006 (34672554.000.000) 2021-09-25 00:32:45 Image size of job updated: 1710
	1710  -  MemoryUsage of job (MB)
	1751884  -  ResidentSetSize of job (KB)
...
006 (34672554.000.000) 2021-09-25 00:33:45 Image size of job updated: 1711
	1711  -  MemoryUsage of job (MB)
	1752528  -  ResidentSetSize of job (KB)
...
006 (34672554.000.000) 2021-09-25 00:34:46 Image size of job updated: 1712
	1712  -  MemoryUsage of job (MB)
	1753728  -  ResidentSetSize of job (KB)
...
006 (34672554.000.000) 2021-09-25 00:35:46 Image size of job updated: 1713
	1713  -  MemoryUsage of job (MB)
	1754852  -  ResidentSetSize of job (KB)
...
006 (34672554.000.000) 2021-09-25 00:36:47 Image size of job updated: 1714
	1714  -  MemoryUsage of job (MB)
	1755596  -  ResidentSetSize of job (KB)
...
006 (34672554.000.000) 2021-09-25 00:37:47 Image size of job updated: 1715
	1715  -  MemoryUsage of job (MB)
	1756732  -  ResidentSetSize of job (KB)
...
006 (34672554.000.000) 2021-09-25 00:38:47 Image size of job updated: 1716
	1716  -  MemoryUsage of job (MB)
	1757672  -  ResidentSetSize of job (KB)
...
006 (34672554.000.000) 2021-09-25 00:39:48 Image size of job updated: 1717
	1717  -  MemoryUsage of job (MB)
	1758488  -  ResidentSetSize of job (KB)
...
006 (34672554.000.000) 2021-09-25 00:40:48 Image size of job updated: 1718
	1718  -  MemoryUsage of job (MB)
	1759504  -  ResidentSetSize of job (KB)
...
006 (34672554.000.000) 2021-09-25 00:41:49 Image size of job updated: 1718
	1718  -  MemoryUsage of job (MB)
	1759992  -  ResidentSetSize of job (KB)
...
006 (34672554.000.000) 2021-09-25 00:42:49 Image size of job updated: 1719
	1719  -  MemoryUsage of job (MB)
	1761188  -  ResidentSetSize of job (KB)
...
006 (34672554.000.000) 2021-09-25 00:43:50 Image size of job updated: 1721
	1721  -  MemoryUsage of job (MB)
	1763160  -  ResidentSetSize of job (KB)
...
006 (34672554.000.000) 2021-09-25 00:44:51 Image size of job updated: 1723
	1723  -  MemoryUsage of job (MB)
	1764880  -  ResidentSetSize of job (KB)
...
006 (34672554.000.000) 2021-09-25 00:45:51 Image size of job updated: 1724
	1724  -  MemoryUsage of job (MB)
	1765628  -  ResidentSetSize of job (KB)
...
006 (34672554.000.000) 2021-09-25 00:46:52 Image size of job updated: 1725
	1725  -  MemoryUsage of job (MB)
	1767296  -  ResidentSetSize of job (KB)
...
006 (34672554.000.000) 2021-09-25 00:47:52 Image size of job updated: 1726
	1726  -  MemoryUsage of job (MB)
	1767808  -  ResidentSetSize of job (KB)
...
006 (34672554.000.000) 2021-09-25 00:48:52 Image size of job updated: 1727
	1727  -  MemoryUsage of job (MB)
	1769208  -  ResidentSetSize of job (KB)
...
006 (34672554.000.000) 2021-09-25 00:49:53 Image size of job updated: 1729
	1729  -  MemoryUsage of job (MB)
	1770956  -  ResidentSetSize of job (KB)
...
006 (34672554.000.000) 2021-09-25 00:50:53 Image size of job updated: 1730
	1730  -  MemoryUsage of job (MB)
	1771884  -  ResidentSetSize of job (KB)
...
006 (34672554.000.000) 2021-09-25 00:51:54 Image size of job updated: 1730
	1730  -  MemoryUsage of job (MB)
	1772288  -  ResidentSetSize of job (KB)
...
006 (34672554.000.000) 2021-09-25 00:52:54 Image size of job updated: 1731
	1731  -  MemoryUsage of job (MB)
	1773560  -  ResidentSetSize of job (KB)
...
006 (34672554.000.000) 2021-09-25 00:53:54 Image size of job updated: 1732
	1732  -  MemoryUsage of job (MB)
	1774524  -  ResidentSetSize of job (KB)
...
006 (34672554.000.000) 2021-09-25 00:54:55 Image size of job updated: 1733
	1733  -  MemoryUsage of job (MB)
	1775488  -  ResidentSetSize of job (KB)
...
006 (34672554.000.000) 2021-09-25 00:55:55 Image size of job updated: 1734
	1734  -  MemoryUsage of job (MB)
	1775988  -  ResidentSetSize of job (KB)
...
006 (34672554.000.000) 2021-09-25 00:56:55 Image size of job updated: 1735
	1735  -  MemoryUsage of job (MB)
	1776736  -  ResidentSetSize of job (KB)
...
006 (34672554.000.000) 2021-09-25 00:57:56 Image size of job updated: 1736
	1736  -  MemoryUsage of job (MB)
	1778188  -  ResidentSetSize of job (KB)
...
006 (34672554.000.000) 2021-09-25 00:58:56 Image size of job updated: 1737
	1737  -  MemoryUsage of job (MB)
	1779248  -  ResidentSetSize of job (KB)
...
006 (34672554.000.000) 2021-09-25 00:59:57 Image size of job updated: 1738
	1738  -  MemoryUsage of job (MB)
	1779768  -  ResidentSetSize of job (KB)
...
006 (34672554.000.000) 2021-09-25 01:00:57 Image size of job updated: 1740
	1740  -  MemoryUsage of job (MB)
	1782188  -  ResidentSetSize of job (KB)
...
006 (34672554.000.000) 2021-09-25 01:01:57 Image size of job updated: 1741
	1741  -  MemoryUsage of job (MB)
	1783736  -  ResidentSetSize of job (KB)
...
006 (34672554.000.000) 2021-09-25 01:02:58 Image size of job updated: 1742
	1742  -  MemoryUsage of job (MB)
	1784292  -  ResidentSetSize of job (KB)
...
006 (34672554.000.000) 2021-09-25 01:03:58 Image size of job updated: 1743
	1743  -  MemoryUsage of job (MB)
	1785144  -  ResidentSetSize of job (KB)
...
006 (34672554.000.000) 2021-09-25 01:04:59 Image size of job updated: 1744
	1744  -  MemoryUsage of job (MB)
	1786088  -  ResidentSetSize of job (KB)
...
006 (34672554.000.000) 2021-09-25 01:05:59 Image size of job updated: 1744
	1744  -  MemoryUsage of job (MB)
	1786712  -  ResidentSetSize of job (KB)
...
006 (34672554.000.000) 2021-09-25 01:06:59 Image size of job updated: 1746
	1746  -  MemoryUsage of job (MB)
	1788140  -  ResidentSetSize of job (KB)
...
006 (34672554.000.000) 2021-09-25 01:08:00 Image size of job updated: 1747
	1747  -  MemoryUsage of job (MB)
	1789180  -  ResidentSetSize of job (KB)
...
006 (34672554.000.000) 2021-09-25 01:09:01 Image size of job updated: 1748
	1748  -  MemoryUsage of job (MB)
	1790104  -  ResidentSetSize of job (KB)
...
040 (34672554.000.000) 2021-09-25 01:09:15 Started transferring output files
...
040 (34672554.000.000) 2021-09-25 01:09:15 Finished transferring output files
...
005 (34672554.000.000) 2021-09-25 01:09:18 Job terminated.
	(1) Normal termination (return value 0)
		Usr 0 00:00:00, Sys 0 00:00:00  -  Run Remote Usage
		Usr 0 00:00:00, Sys 0 00:00:00  -  Run Local Usage
		Usr 0 00:54:58, Sys 0 00:42:57  -  Total Remote Usage
		Usr 0 00:00:00, Sys 0 00:00:00  -  Total Local Usage
	1233405  -  Run Bytes Sent By Job
	8471570  -  Run Bytes Received By Job
	1233405  -  Total Bytes Sent By Job
	8471570  -  Total Bytes Received By Job
	Partitionable Resources :    Usage  Request Allocated 
	   Cpus                 :     0.00        1         1 
	   Disk (KB)            : 27780       10000    316446 
	   Memory (MB)          :  1748        2048      2048 

	Job terminated of its own accord at 2021-09-25T06:09:15Z.
...
