000 (34544965.000.000) 2021-09-16 05:44:41 Job submitted from host: <131.225.188.57:9618?addrs=131.225.188.57-9618&alias=lpcschedd2.fnal.gov&noUDP&sock=schedd_2251_93c6>
...
040 (34544965.000.000) 2021-09-16 06:26:13 Started transferring input files
	Transferring to host: <131.225.188.25:9618?addrs=131.225.188.25-9618&alias=cmswn2025.fnal.gov&noUDP&sock=slot1_44_51811_4954_8223>
...
040 (34544965.000.000) 2021-09-16 06:26:13 Finished transferring input files
...
001 (34544965.000.000) 2021-09-16 06:26:14 Job executing on host: <131.225.188.25:9618?addrs=131.225.188.25-9618&alias=cmswn2025.fnal.gov&noUDP&sock=startd_1901_81a0>
...
006 (34544965.000.000) 2021-09-16 06:26:23 Image size of job updated: 8
	8  -  MemoryUsage of job (MB)
	8768  -  ResidentSetSize of job (KB)
...
006 (34544965.000.000) 2021-09-16 06:27:23 Image size of job updated: 530
	530  -  MemoryUsage of job (MB)
	543688  -  ResidentSetSize of job (KB)
...
006 (34544965.000.000) 2021-09-16 06:31:26 Image size of job updated: 553
	553  -  MemoryUsage of job (MB)
	566564  -  ResidentSetSize of job (KB)
...
006 (34544965.000.000) 2021-09-16 06:32:26 Image size of job updated: 602
	602  -  MemoryUsage of job (MB)
	616600  -  ResidentSetSize of job (KB)
...
006 (34544965.000.000) 2021-09-16 06:33:26 Image size of job updated: 646
	646  -  MemoryUsage of job (MB)
	661896  -  ResidentSetSize of job (KB)
...
006 (34544965.000.000) 2021-09-16 06:34:27 Image size of job updated: 685
	685  -  MemoryUsage of job (MB)
	702144  -  ResidentSetSize of job (KB)
...
006 (34544965.000.000) 2021-09-16 06:35:28 Image size of job updated: 725
	725  -  MemoryUsage of job (MB)
	743044  -  ResidentSetSize of job (KB)
...
006 (34544965.000.000) 2021-09-16 06:36:28 Image size of job updated: 759
	759  -  MemoryUsage of job (MB)
	777584  -  ResidentSetSize of job (KB)
...
006 (34544965.000.000) 2021-09-16 06:37:29 Image size of job updated: 791
	791  -  MemoryUsage of job (MB)
	810272  -  ResidentSetSize of job (KB)
...
006 (34544965.000.000) 2021-09-16 06:38:29 Image size of job updated: 822
	822  -  MemoryUsage of job (MB)
	842236  -  ResidentSetSize of job (KB)
...
006 (34544965.000.000) 2021-09-16 06:39:30 Image size of job updated: 853
	853  -  MemoryUsage of job (MB)
	874348  -  ResidentSetSize of job (KB)
...
006 (34544965.000.000) 2021-09-16 06:40:31 Image size of job updated: 897
	897  -  MemoryUsage of job (MB)
	918828  -  ResidentSetSize of job (KB)
...
006 (34544965.000.000) 2021-09-16 06:41:32 Image size of job updated: 925
	925  -  MemoryUsage of job (MB)
	948204  -  ResidentSetSize of job (KB)
...
006 (34544965.000.000) 2021-09-16 06:42:32 Image size of job updated: 952
	952  -  MemoryUsage of job (MB)
	975256  -  ResidentSetSize of job (KB)
...
006 (34544965.000.000) 2021-09-16 06:43:33 Image size of job updated: 978
	978  -  MemoryUsage of job (MB)
	1002032  -  ResidentSetSize of job (KB)
...
006 (34544965.000.000) 2021-09-16 06:44:34 Image size of job updated: 1003
	1003  -  MemoryUsage of job (MB)
	1027924  -  ResidentSetSize of job (KB)
...
006 (34544965.000.000) 2021-09-16 06:45:35 Image size of job updated: 1036
	1036  -  MemoryUsage of job (MB)
	1061100  -  ResidentSetSize of job (KB)
...
006 (34544965.000.000) 2021-09-16 06:46:35 Image size of job updated: 1069
	1069  -  MemoryUsage of job (MB)
	1095168  -  ResidentSetSize of job (KB)
...
006 (34544965.000.000) 2021-09-16 06:47:36 Image size of job updated: 1091
	1091  -  MemoryUsage of job (MB)
	1117364  -  ResidentSetSize of job (KB)
...
006 (34544965.000.000) 2021-09-16 06:48:36 Image size of job updated: 1113
	1113  -  MemoryUsage of job (MB)
	1140140  -  ResidentSetSize of job (KB)
...
006 (34544965.000.000) 2021-09-16 06:49:37 Image size of job updated: 1135
	1135  -  MemoryUsage of job (MB)
	1162492  -  ResidentSetSize of job (KB)
...
006 (34544965.000.000) 2021-09-16 06:50:37 Image size of job updated: 1157
	1157  -  MemoryUsage of job (MB)
	1185056  -  ResidentSetSize of job (KB)
...
006 (34544965.000.000) 2021-09-16 06:51:38 Image size of job updated: 1180
	1180  -  MemoryUsage of job (MB)
	1208868  -  ResidentSetSize of job (KB)
...
006 (34544965.000.000) 2021-09-16 06:52:38 Image size of job updated: 1200
	1200  -  MemoryUsage of job (MB)
	1229704  -  ResidentSetSize of job (KB)
...
006 (34544965.000.000) 2021-09-16 06:53:39 Image size of job updated: 1220
	1220  -  MemoryUsage of job (MB)
	1249896  -  ResidentSetSize of job (KB)
...
006 (34544965.000.000) 2021-09-16 06:54:39 Image size of job updated: 1240
	1240  -  MemoryUsage of job (MB)
	1269900  -  ResidentSetSize of job (KB)
...
006 (34544965.000.000) 2021-09-16 06:55:41 Image size of job updated: 1259
	1259  -  MemoryUsage of job (MB)
	1289508  -  ResidentSetSize of job (KB)
...
006 (34544965.000.000) 2021-09-16 06:56:42 Image size of job updated: 1280
	1280  -  MemoryUsage of job (MB)
	1310740  -  ResidentSetSize of job (KB)
...
006 (34544965.000.000) 2021-09-16 06:57:42 Image size of job updated: 1298
	1298  -  MemoryUsage of job (MB)
	1329616  -  ResidentSetSize of job (KB)
...
006 (34544965.000.000) 2021-09-16 06:58:42 Image size of job updated: 1316
	1316  -  MemoryUsage of job (MB)
	1348076  -  ResidentSetSize of job (KB)
...
006 (34544965.000.000) 2021-09-16 06:59:42 Image size of job updated: 1334
	1334  -  MemoryUsage of job (MB)
	1366260  -  ResidentSetSize of job (KB)
...
006 (34544965.000.000) 2021-09-16 07:00:42 Image size of job updated: 1351
	1351  -  MemoryUsage of job (MB)
	1384348  -  ResidentSetSize of job (KB)
...
006 (34544965.000.000) 2021-09-16 07:01:43 Image size of job updated: 1369
	1369  -  MemoryUsage of job (MB)
	1402140  -  ResidentSetSize of job (KB)
...
006 (34544965.000.000) 2021-09-16 07:02:43 Image size of job updated: 1386
	1386  -  MemoryUsage of job (MB)
	1419572  -  ResidentSetSize of job (KB)
...
006 (34544965.000.000) 2021-09-16 07:03:44 Image size of job updated: 1405
	1405  -  MemoryUsage of job (MB)
	1438760  -  ResidentSetSize of job (KB)
...
006 (34544965.000.000) 2021-09-16 07:04:45 Image size of job updated: 1421
	1421  -  MemoryUsage of job (MB)
	1455724  -  ResidentSetSize of job (KB)
...
006 (34544965.000.000) 2021-09-16 07:05:45 Image size of job updated: 1438
	1438  -  MemoryUsage of job (MB)
	1472576  -  ResidentSetSize of job (KB)
...
006 (34544965.000.000) 2021-09-16 07:06:46 Image size of job updated: 1454
	1454  -  MemoryUsage of job (MB)
	1488988  -  ResidentSetSize of job (KB)
...
006 (34544965.000.000) 2021-09-16 07:07:48 Image size of job updated: 1471
	1471  -  MemoryUsage of job (MB)
	1506952  -  ResidentSetSize of job (KB)
...
006 (34544965.000.000) 2021-09-16 07:08:48 Image size of job updated: 1487
	1487  -  MemoryUsage of job (MB)
	1523140  -  ResidentSetSize of job (KB)
...
006 (34544965.000.000) 2021-09-16 07:09:49 Image size of job updated: 1503
	1503  -  MemoryUsage of job (MB)
	1539128  -  ResidentSetSize of job (KB)
...
006 (34544965.000.000) 2021-09-16 07:10:49 Image size of job updated: 1518
	1518  -  MemoryUsage of job (MB)
	1554976  -  ResidentSetSize of job (KB)
...
006 (34544965.000.000) 2021-09-16 07:11:50 Image size of job updated: 1533
	1533  -  MemoryUsage of job (MB)
	1570476  -  ResidentSetSize of job (KB)
...
006 (34544965.000.000) 2021-09-16 07:12:50 Image size of job updated: 1625
	1625  -  MemoryUsage of job (MB)
	1664816  -  ResidentSetSize of job (KB)
...
006 (34544965.000.000) 2021-09-16 07:13:51 Image size of job updated: 1672
	1672  -  MemoryUsage of job (MB)
	1712556  -  ResidentSetSize of job (KB)
...
006 (34544965.000.000) 2021-09-16 07:14:52 Image size of job updated: 1679
	1679  -  MemoryUsage of job (MB)
	1719988  -  ResidentSetSize of job (KB)
...
006 (34544965.000.000) 2021-09-16 07:15:53 Image size of job updated: 1684
	1684  -  MemoryUsage of job (MB)
	1725292  -  ResidentSetSize of job (KB)
...
006 (34544965.000.000) 2021-09-16 07:16:53 Image size of job updated: 1692
	1692  -  MemoryUsage of job (MB)
	1733348  -  ResidentSetSize of job (KB)
...
006 (34544965.000.000) 2021-09-16 07:17:53 Image size of job updated: 1699
	1699  -  MemoryUsage of job (MB)
	1740072  -  ResidentSetSize of job (KB)
...
006 (34544965.000.000) 2021-09-16 07:18:54 Image size of job updated: 1701
	1701  -  MemoryUsage of job (MB)
	1741916  -  ResidentSetSize of job (KB)
...
006 (34544965.000.000) 2021-09-16 07:19:55 Image size of job updated: 1703
	1703  -  MemoryUsage of job (MB)
	1743928  -  ResidentSetSize of job (KB)
...
006 (34544965.000.000) 2021-09-16 07:20:56 Image size of job updated: 1706
	1706  -  MemoryUsage of job (MB)
	1746968  -  ResidentSetSize of job (KB)
...
006 (34544965.000.000) 2021-09-16 07:21:58 Image size of job updated: 1708
	1708  -  MemoryUsage of job (MB)
	1749052  -  ResidentSetSize of job (KB)
...
006 (34544965.000.000) 2021-09-16 07:22:58 Image size of job updated: 1710
	1710  -  MemoryUsage of job (MB)
	1751544  -  ResidentSetSize of job (KB)
...
006 (34544965.000.000) 2021-09-16 07:23:59 Image size of job updated: 1711
	1711  -  MemoryUsage of job (MB)
	1752960  -  ResidentSetSize of job (KB)
...
006 (34544965.000.000) 2021-09-16 07:25:00 Image size of job updated: 1713
	1713  -  MemoryUsage of job (MB)
	1754296  -  ResidentSetSize of job (KB)
...
006 (34544965.000.000) 2021-09-16 07:26:01 Image size of job updated: 1714
	1714  -  MemoryUsage of job (MB)
	1755752  -  ResidentSetSize of job (KB)
...
006 (34544965.000.000) 2021-09-16 07:27:01 Image size of job updated: 1716
	1716  -  MemoryUsage of job (MB)
	1757968  -  ResidentSetSize of job (KB)
...
006 (34544965.000.000) 2021-09-16 07:28:01 Image size of job updated: 1718
	1718  -  MemoryUsage of job (MB)
	1759552  -  ResidentSetSize of job (KB)
...
006 (34544965.000.000) 2021-09-16 07:29:01 Image size of job updated: 1719
	1719  -  MemoryUsage of job (MB)
	1760708  -  ResidentSetSize of job (KB)
...
006 (34544965.000.000) 2021-09-16 07:30:01 Image size of job updated: 1720
	1720  -  MemoryUsage of job (MB)
	1761852  -  ResidentSetSize of job (KB)
...
006 (34544965.000.000) 2021-09-16 07:31:02 Image size of job updated: 1721
	1721  -  MemoryUsage of job (MB)
	1762576  -  ResidentSetSize of job (KB)
...
006 (34544965.000.000) 2021-09-16 07:32:02 Image size of job updated: 1722
	1722  -  MemoryUsage of job (MB)
	1763704  -  ResidentSetSize of job (KB)
...
006 (34544965.000.000) 2021-09-16 07:33:02 Image size of job updated: 1723
	1723  -  MemoryUsage of job (MB)
	1764604  -  ResidentSetSize of job (KB)
...
006 (34544965.000.000) 2021-09-16 07:34:03 Image size of job updated: 1724
	1724  -  MemoryUsage of job (MB)
	1765436  -  ResidentSetSize of job (KB)
...
006 (34544965.000.000) 2021-09-16 07:35:04 Image size of job updated: 1725
	1725  -  MemoryUsage of job (MB)
	1766800  -  ResidentSetSize of job (KB)
...
006 (34544965.000.000) 2021-09-16 07:36:04 Image size of job updated: 1726
	1726  -  MemoryUsage of job (MB)
	1767652  -  ResidentSetSize of job (KB)
...
006 (34544965.000.000) 2021-09-16 07:37:05 Image size of job updated: 1727
	1727  -  MemoryUsage of job (MB)
	1768740  -  ResidentSetSize of job (KB)
...
006 (34544965.000.000) 2021-09-16 07:38:07 Image size of job updated: 1729
	1729  -  MemoryUsage of job (MB)
	1770764  -  ResidentSetSize of job (KB)
...
006 (34544965.000.000) 2021-09-16 07:39:07 Image size of job updated: 1730
	1730  -  MemoryUsage of job (MB)
	1771980  -  ResidentSetSize of job (KB)
...
006 (34544965.000.000) 2021-09-16 07:40:08 Image size of job updated: 1731
	1731  -  MemoryUsage of job (MB)
	1773104  -  ResidentSetSize of job (KB)
...
006 (34544965.000.000) 2021-09-16 07:41:09 Image size of job updated: 1733
	1733  -  MemoryUsage of job (MB)
	1774616  -  ResidentSetSize of job (KB)
...
006 (34544965.000.000) 2021-09-16 07:42:10 Image size of job updated: 1734
	1734  -  MemoryUsage of job (MB)
	1775696  -  ResidentSetSize of job (KB)
...
006 (34544965.000.000) 2021-09-16 07:43:11 Image size of job updated: 1735
	1735  -  MemoryUsage of job (MB)
	1776980  -  ResidentSetSize of job (KB)
...
006 (34544965.000.000) 2021-09-16 07:44:11 Image size of job updated: 1736
	1736  -  MemoryUsage of job (MB)
	1778548  -  ResidentSetSize of job (KB)
...
006 (34544965.000.000) 2021-09-16 07:45:11 Image size of job updated: 1738
	1738  -  MemoryUsage of job (MB)
	1779796  -  ResidentSetSize of job (KB)
...
006 (34544965.000.000) 2021-09-16 07:46:11 Image size of job updated: 1739
	1739  -  MemoryUsage of job (MB)
	1780900  -  ResidentSetSize of job (KB)
...
006 (34544965.000.000) 2021-09-16 07:47:11 Image size of job updated: 1740
	1740  -  MemoryUsage of job (MB)
	1781804  -  ResidentSetSize of job (KB)
...
006 (34544965.000.000) 2021-09-16 07:48:12 Image size of job updated: 1740
	1740  -  MemoryUsage of job (MB)
	1782728  -  ResidentSetSize of job (KB)
...
006 (34544965.000.000) 2021-09-16 07:49:14 Image size of job updated: 1741
	1741  -  MemoryUsage of job (MB)
	1783500  -  ResidentSetSize of job (KB)
...
006 (34544965.000.000) 2021-09-16 07:50:15 Image size of job updated: 1742
	1742  -  MemoryUsage of job (MB)
	1784020  -  ResidentSetSize of job (KB)
...
006 (34544965.000.000) 2021-09-16 07:51:16 Image size of job updated: 1743
	1743  -  MemoryUsage of job (MB)
	1785156  -  ResidentSetSize of job (KB)
...
006 (34544965.000.000) 2021-09-16 07:52:16 Image size of job updated: 1743
	1743  -  MemoryUsage of job (MB)
	1785824  -  ResidentSetSize of job (KB)
...
006 (34544965.000.000) 2021-09-16 07:53:16 Image size of job updated: 1744
	1744  -  MemoryUsage of job (MB)
	1786816  -  ResidentSetSize of job (KB)
...
006 (34544965.000.000) 2021-09-16 07:54:17 Image size of job updated: 1746
	1746  -  MemoryUsage of job (MB)
	1788000  -  ResidentSetSize of job (KB)
...
006 (34544965.000.000) 2021-09-16 07:55:17 Image size of job updated: 1746
	1746  -  MemoryUsage of job (MB)
	1788656  -  ResidentSetSize of job (KB)
...
006 (34544965.000.000) 2021-09-16 07:56:18 Image size of job updated: 1747
	1747  -  MemoryUsage of job (MB)
	1789144  -  ResidentSetSize of job (KB)
...
006 (34544965.000.000) 2021-09-16 07:57:19 Image size of job updated: 1748
	1748  -  MemoryUsage of job (MB)
	1790012  -  ResidentSetSize of job (KB)
...
006 (34544965.000.000) 2021-09-16 07:58:19 Image size of job updated: 1748
	1748  -  MemoryUsage of job (MB)
	1790832  -  ResidentSetSize of job (KB)
...
006 (34544965.000.000) 2021-09-16 07:59:20 Image size of job updated: 1749
	1749  -  MemoryUsage of job (MB)
	1791704  -  ResidentSetSize of job (KB)
...
006 (34544965.000.000) 2021-09-16 08:00:21 Image size of job updated: 1750
	1750  -  MemoryUsage of job (MB)
	1792300  -  ResidentSetSize of job (KB)
...
006 (34544965.000.000) 2021-09-16 08:01:23 Image size of job updated: 1750
	1750  -  MemoryUsage of job (MB)
	1792980  -  ResidentSetSize of job (KB)
...
006 (34544965.000.000) 2021-09-16 08:02:24 Image size of job updated: 1751
	1751  -  MemoryUsage of job (MB)
	1793740  -  ResidentSetSize of job (KB)
...
006 (34544965.000.000) 2021-09-16 08:03:24 Image size of job updated: 1752
	1752  -  MemoryUsage of job (MB)
	1794524  -  ResidentSetSize of job (KB)
...
006 (34544965.000.000) 2021-09-16 08:04:25 Image size of job updated: 1753
	1753  -  MemoryUsage of job (MB)
	1795088  -  ResidentSetSize of job (KB)
...
040 (34544965.000.000) 2021-09-16 08:04:44 Started transferring output files
...
040 (34544965.000.000) 2021-09-16 08:04:44 Finished transferring output files
...
005 (34544965.000.000) 2021-09-16 08:04:46 Job terminated.
	(1) Normal termination (return value 0)
		Usr 0 00:00:00, Sys 0 00:00:00  -  Run Remote Usage
		Usr 0 00:00:00, Sys 0 00:00:00  -  Run Local Usage
		Usr 0 00:52:50, Sys 0 00:39:19  -  Total Remote Usage
		Usr 0 00:00:00, Sys 0 00:00:00  -  Total Local Usage
	1220279  -  Run Bytes Sent By Job
	8471562  -  Run Bytes Received By Job
	1220279  -  Total Bytes Sent By Job
	8471562  -  Total Bytes Received By Job
	Partitionable Resources :    Usage  Request Allocated 
	   Cpus                 :     0.01        1         1 
	   Disk (KB)            : 19575       10000   1636319 
	   Memory (MB)          :  1753        2048      2048 

	Job terminated of its own accord at 2021-09-16T13:04:43Z.
...
000 (34672350.000.000) 2021-09-24 22:29:53 Job submitted from host: <131.225.188.57:9618?addrs=131.225.188.57-9618&alias=lpcschedd2.fnal.gov&noUDP&sock=schedd_2251_93c6>
...
040 (34672350.000.000) 2021-09-24 23:11:40 Started transferring input files
	Transferring to host: <131.225.206.154:9618?addrs=131.225.206.154-9618&alias=cmswn1781.fnal.gov&noUDP&sock=slot1_1_1220_59ab_5690>
...
040 (34672350.000.000) 2021-09-24 23:11:40 Finished transferring input files
...
001 (34672350.000.000) 2021-09-24 23:11:41 Job executing on host: <131.225.206.154:9618?addrs=131.225.206.154-9618&alias=cmswn1781.fnal.gov&noUDP&sock=startd_1139_d676>
...
006 (34672350.000.000) 2021-09-24 23:11:50 Image size of job updated: 63
	63  -  MemoryUsage of job (MB)
	64912  -  ResidentSetSize of job (KB)
...
006 (34672350.000.000) 2021-09-24 23:12:51 Image size of job updated: 527
	527  -  MemoryUsage of job (MB)
	540256  -  ResidentSetSize of job (KB)
...
006 (34672350.000.000) 2021-09-24 23:16:55 Image size of job updated: 582
	582  -  MemoryUsage of job (MB)
	596264  -  ResidentSetSize of job (KB)
...
006 (34672350.000.000) 2021-09-24 23:17:55 Image size of job updated: 631
	631  -  MemoryUsage of job (MB)
	646296  -  ResidentSetSize of job (KB)
...
006 (34672350.000.000) 2021-09-24 23:18:55 Image size of job updated: 673
	673  -  MemoryUsage of job (MB)
	689336  -  ResidentSetSize of job (KB)
...
006 (34672350.000.000) 2021-09-24 23:19:56 Image size of job updated: 711
	711  -  MemoryUsage of job (MB)
	728680  -  ResidentSetSize of job (KB)
...
006 (34672350.000.000) 2021-09-24 23:20:56 Image size of job updated: 747
	747  -  MemoryUsage of job (MB)
	765480  -  ResidentSetSize of job (KB)
...
006 (34672350.000.000) 2021-09-24 23:21:57 Image size of job updated: 781
	781  -  MemoryUsage of job (MB)
	800036  -  ResidentSetSize of job (KB)
...
006 (34672350.000.000) 2021-09-24 23:22:58 Image size of job updated: 813
	813  -  MemoryUsage of job (MB)
	833180  -  ResidentSetSize of job (KB)
...
006 (34672350.000.000) 2021-09-24 23:23:59 Image size of job updated: 845
	845  -  MemoryUsage of job (MB)
	866132  -  ResidentSetSize of job (KB)
...
006 (34672350.000.000) 2021-09-24 23:25:00 Image size of job updated: 874
	874  -  MemoryUsage of job (MB)
	895696  -  ResidentSetSize of job (KB)
...
006 (34672350.000.000) 2021-09-24 23:26:01 Image size of job updated: 914
	914  -  MemoryUsage of job (MB)
	936768  -  ResidentSetSize of job (KB)
...
006 (34672350.000.000) 2021-09-24 23:27:02 Image size of job updated: 943
	943  -  MemoryUsage of job (MB)
	966160  -  ResidentSetSize of job (KB)
...
006 (34672350.000.000) 2021-09-24 23:28:02 Image size of job updated: 970
	970  -  MemoryUsage of job (MB)
	993728  -  ResidentSetSize of job (KB)
...
006 (34672350.000.000) 2021-09-24 23:29:03 Image size of job updated: 995
	995  -  MemoryUsage of job (MB)
	1019884  -  ResidentSetSize of job (KB)
...
006 (34672350.000.000) 2021-09-24 23:30:04 Image size of job updated: 1022
	1022  -  MemoryUsage of job (MB)
	1047432  -  ResidentSetSize of job (KB)
...
006 (34672350.000.000) 2021-09-24 23:31:04 Image size of job updated: 1052
	1052  -  MemoryUsage of job (MB)
	1077564  -  ResidentSetSize of job (KB)
...
006 (34672350.000.000) 2021-09-24 23:32:05 Image size of job updated: 1083
	1083  -  MemoryUsage of job (MB)
	1109068  -  ResidentSetSize of job (KB)
...
006 (34672350.000.000) 2021-09-24 23:33:05 Image size of job updated: 1105
	1105  -  MemoryUsage of job (MB)
	1132540  -  ResidentSetSize of job (KB)
...
006 (34672350.000.000) 2021-09-24 23:34:05 Image size of job updated: 1128
	1128  -  MemoryUsage of job (MB)
	1155660  -  ResidentSetSize of job (KB)
...
006 (34672350.000.000) 2021-09-24 23:35:06 Image size of job updated: 1150
	1150  -  MemoryUsage of job (MB)
	1178036  -  ResidentSetSize of job (KB)
...
006 (34672350.000.000) 2021-09-24 23:36:06 Image size of job updated: 1172
	1172  -  MemoryUsage of job (MB)
	1200780  -  ResidentSetSize of job (KB)
...
006 (34672350.000.000) 2021-09-24 23:37:06 Image size of job updated: 1193
	1193  -  MemoryUsage of job (MB)
	1222228  -  ResidentSetSize of job (KB)
...
006 (34672350.000.000) 2021-09-24 23:38:07 Image size of job updated: 1213
	1213  -  MemoryUsage of job (MB)
	1242796  -  ResidentSetSize of job (KB)
...
006 (34672350.000.000) 2021-09-24 23:39:07 Image size of job updated: 1231
	1231  -  MemoryUsage of job (MB)
	1261392  -  ResidentSetSize of job (KB)
...
006 (34672350.000.000) 2021-09-24 23:40:07 Image size of job updated: 1250
	1250  -  MemoryUsage of job (MB)
	1280040  -  ResidentSetSize of job (KB)
...
006 (34672350.000.000) 2021-09-24 23:41:08 Image size of job updated: 1268
	1268  -  MemoryUsage of job (MB)
	1298916  -  ResidentSetSize of job (KB)
...
006 (34672350.000.000) 2021-09-24 23:42:08 Image size of job updated: 1287
	1287  -  MemoryUsage of job (MB)
	1318336  -  ResidentSetSize of job (KB)
...
006 (34672350.000.000) 2021-09-24 23:43:08 Image size of job updated: 1306
	1306  -  MemoryUsage of job (MB)
	1337524  -  ResidentSetSize of job (KB)
...
006 (34672350.000.000) 2021-09-24 23:44:09 Image size of job updated: 1324
	1324  -  MemoryUsage of job (MB)
	1356600  -  ResidentSetSize of job (KB)
...
006 (34672350.000.000) 2021-09-24 23:45:09 Image size of job updated: 1343
	1343  -  MemoryUsage of job (MB)
	1375428  -  ResidentSetSize of job (KB)
...
006 (34672350.000.000) 2021-09-24 23:46:09 Image size of job updated: 1361
	1361  -  MemoryUsage of job (MB)
	1393780  -  ResidentSetSize of job (KB)
...
006 (34672350.000.000) 2021-09-24 23:47:10 Image size of job updated: 1378
	1378  -  MemoryUsage of job (MB)
	1411980  -  ResidentSetSize of job (KB)
...
006 (34672350.000.000) 2021-09-24 23:48:10 Image size of job updated: 1396
	1396  -  MemoryUsage of job (MB)
	1429832  -  ResidentSetSize of job (KB)
...
006 (34672350.000.000) 2021-09-24 23:49:10 Image size of job updated: 1413
	1413  -  MemoryUsage of job (MB)
	1447480  -  ResidentSetSize of job (KB)
...
006 (34672350.000.000) 2021-09-24 23:50:11 Image size of job updated: 1430
	1430  -  MemoryUsage of job (MB)
	1464940  -  ResidentSetSize of job (KB)
...
006 (34672350.000.000) 2021-09-24 23:51:11 Image size of job updated: 1447
	1447  -  MemoryUsage of job (MB)
	1482112  -  ResidentSetSize of job (KB)
...
006 (34672350.000.000) 2021-09-24 23:52:11 Image size of job updated: 1463
	1463  -  MemoryUsage of job (MB)
	1498992  -  ResidentSetSize of job (KB)
...
006 (34672350.000.000) 2021-09-24 23:53:12 Image size of job updated: 1479
	1479  -  MemoryUsage of job (MB)
	1515436  -  ResidentSetSize of job (KB)
...
006 (34672350.000.000) 2021-09-24 23:54:12 Image size of job updated: 1496
	1496  -  MemoryUsage of job (MB)
	1531952  -  ResidentSetSize of job (KB)
...
006 (34672350.000.000) 2021-09-24 23:55:13 Image size of job updated: 1511
	1511  -  MemoryUsage of job (MB)
	1548268  -  ResidentSetSize of job (KB)
...
006 (34672350.000.000) 2021-09-24 23:56:14 Image size of job updated: 1527
	1527  -  MemoryUsage of job (MB)
	1564188  -  ResidentSetSize of job (KB)
...
006 (34672350.000.000) 2021-09-24 23:57:14 Image size of job updated: 1547
	1547  -  MemoryUsage of job (MB)
	1584248  -  ResidentSetSize of job (KB)
...
006 (34672350.000.000) 2021-09-24 23:58:14 Image size of job updated: 1683
	1683  -  MemoryUsage of job (MB)
	1724324  -  ResidentSetSize of job (KB)
...
006 (34672350.000.000) 2021-09-24 23:59:15 Image size of job updated: 1701
	1701  -  MemoryUsage of job (MB)
	1742548  -  ResidentSetSize of job (KB)
...
006 (34672350.000.000) 2021-09-25 00:00:15 Image size of job updated: 1712
	1712  -  MemoryUsage of job (MB)
	1754056  -  ResidentSetSize of job (KB)
...
006 (34672350.000.000) 2021-09-25 00:01:15 Image size of job updated: 1720
	1720  -  MemoryUsage of job (MB)
	1761932  -  ResidentSetSize of job (KB)
...
006 (34672350.000.000) 2021-09-25 00:02:16 Image size of job updated: 1725
	1725  -  MemoryUsage of job (MB)
	1767224  -  ResidentSetSize of job (KB)
...
006 (34672350.000.000) 2021-09-25 00:03:16 Image size of job updated: 1729
	1729  -  MemoryUsage of job (MB)
	1771084  -  ResidentSetSize of job (KB)
...
006 (34672350.000.000) 2021-09-25 00:04:16 Image size of job updated: 1733
	1733  -  MemoryUsage of job (MB)
	1775600  -  ResidentSetSize of job (KB)
...
006 (34672350.000.000) 2021-09-25 00:05:17 Image size of job updated: 1737
	1737  -  MemoryUsage of job (MB)
	1779456  -  ResidentSetSize of job (KB)
...
006 (34672350.000.000) 2021-09-25 00:06:17 Image size of job updated: 1741
	1741  -  MemoryUsage of job (MB)
	1782948  -  ResidentSetSize of job (KB)
...
006 (34672350.000.000) 2021-09-25 00:07:17 Image size of job updated: 1744
	1744  -  MemoryUsage of job (MB)
	1786376  -  ResidentSetSize of job (KB)
...
006 (34672350.000.000) 2021-09-25 00:08:18 Image size of job updated: 1747
	1747  -  MemoryUsage of job (MB)
	1789580  -  ResidentSetSize of job (KB)
...
006 (34672350.000.000) 2021-09-25 00:09:19 Image size of job updated: 1752
	1752  -  MemoryUsage of job (MB)
	1794080  -  ResidentSetSize of job (KB)
...
006 (34672350.000.000) 2021-09-25 00:10:19 Image size of job updated: 1753
	1753  -  MemoryUsage of job (MB)
	1796076  -  ResidentSetSize of job (KB)
...
040 (34672350.000.000) 2021-09-25 00:10:21 Started transferring output files
...
040 (34672350.000.000) 2021-09-25 00:10:21 Finished transferring output files
...
005 (34672350.000.000) 2021-09-25 00:10:24 Job terminated.
	(1) Normal termination (return value 0)
		Usr 0 00:00:00, Sys 0 00:00:00  -  Run Remote Usage
		Usr 0 00:00:00, Sys 0 00:00:00  -  Run Local Usage
		Usr 0 00:50:12, Sys 0 00:02:59  -  Total Remote Usage
		Usr 0 00:00:00, Sys 0 00:00:00  -  Total Local Usage
	1227584  -  Run Bytes Sent By Job
	8471570  -  Run Bytes Received By Job
	1227584  -  Total Bytes Sent By Job
	8471570  -  Total Bytes Received By Job
	Partitionable Resources :    Usage  Request Allocated 
	   Cpus                 :     0.00        1         1 
	   Disk (KB)            : 19789       10000    332396 
	   Memory (MB)          :  1753        2048      2048 

	Job terminated of its own accord at 2021-09-25T05:10:21Z.
...
