000 (73340551.000.000) 2021-09-16 05:44:50 Job submitted from host: <131.225.188.235:9618?addrs=131.225.188.235-9618&alias=lpcschedd3.fnal.gov&noUDP&sock=schedd_2706_ab5d>
...
040 (73340551.000.000) 2021-09-16 06:38:47 Started transferring input files
	Transferring to host: <131.225.188.17:9618?addrs=131.225.188.17-9618&alias=cmswn2020.fnal.gov&noUDP&sock=slot1_35_34455_6a12_8085>
...
040 (73340551.000.000) 2021-09-16 06:38:47 Finished transferring input files
...
001 (73340551.000.000) 2021-09-16 06:38:48 Job executing on host: <131.225.188.17:9618?addrs=131.225.188.17-9618&alias=cmswn2020.fnal.gov&noUDP&sock=startd_1942_a102>
...
006 (73340551.000.000) 2021-09-16 06:38:57 Image size of job updated: 5
	5  -  MemoryUsage of job (MB)
	5524  -  ResidentSetSize of job (KB)
...
006 (73340551.000.000) 2021-09-16 06:39:57 Image size of job updated: 442
	442  -  MemoryUsage of job (MB)
	452736  -  ResidentSetSize of job (KB)
...
006 (73340551.000.000) 2021-09-16 06:40:58 Image size of job updated: 499
	499  -  MemoryUsage of job (MB)
	511096  -  ResidentSetSize of job (KB)
...
006 (73340551.000.000) 2021-09-16 06:44:02 Image size of job updated: 514
	514  -  MemoryUsage of job (MB)
	527304  -  ResidentSetSize of job (KB)
...
006 (73340551.000.000) 2021-09-16 06:45:04 Image size of job updated: 569
	569  -  MemoryUsage of job (MB)
	583564  -  ResidentSetSize of job (KB)
...
006 (73340551.000.000) 2021-09-16 06:46:04 Image size of job updated: 617
	617  -  MemoryUsage of job (MB)
	631960  -  ResidentSetSize of job (KB)
...
006 (73340551.000.000) 2021-09-16 06:47:04 Image size of job updated: 656
	656  -  MemoryUsage of job (MB)
	672248  -  ResidentSetSize of job (KB)
...
006 (73340551.000.000) 2021-09-16 06:48:05 Image size of job updated: 693
	693  -  MemoryUsage of job (MB)
	710196  -  ResidentSetSize of job (KB)
...
006 (73340551.000.000) 2021-09-16 06:49:07 Image size of job updated: 731
	731  -  MemoryUsage of job (MB)
	748576  -  ResidentSetSize of job (KB)
...
006 (73340551.000.000) 2021-09-16 06:50:08 Image size of job updated: 763
	763  -  MemoryUsage of job (MB)
	781440  -  ResidentSetSize of job (KB)
...
006 (73340551.000.000) 2021-09-16 06:51:08 Image size of job updated: 793
	793  -  MemoryUsage of job (MB)
	812884  -  ResidentSetSize of job (KB)
...
006 (73340551.000.000) 2021-09-16 06:52:09 Image size of job updated: 824
	824  -  MemoryUsage of job (MB)
	844012  -  ResidentSetSize of job (KB)
...
006 (73340551.000.000) 2021-09-16 06:53:10 Image size of job updated: 854
	854  -  MemoryUsage of job (MB)
	875260  -  ResidentSetSize of job (KB)
...
006 (73340551.000.000) 2021-09-16 06:54:10 Image size of job updated: 882
	882  -  MemoryUsage of job (MB)
	903364  -  ResidentSetSize of job (KB)
...
006 (73340551.000.000) 2021-09-16 06:55:10 Image size of job updated: 921
	921  -  MemoryUsage of job (MB)
	943320  -  ResidentSetSize of job (KB)
...
006 (73340551.000.000) 2021-09-16 06:56:11 Image size of job updated: 947
	947  -  MemoryUsage of job (MB)
	970604  -  ResidentSetSize of job (KB)
...
006 (73340551.000.000) 2021-09-16 06:57:12 Image size of job updated: 973
	973  -  MemoryUsage of job (MB)
	996824  -  ResidentSetSize of job (KB)
...
006 (73340551.000.000) 2021-09-16 06:58:13 Image size of job updated: 997
	997  -  MemoryUsage of job (MB)
	1021792  -  ResidentSetSize of job (KB)
...
006 (73340551.000.000) 2021-09-16 06:59:13 Image size of job updated: 1025
	1025  -  MemoryUsage of job (MB)
	1049780  -  ResidentSetSize of job (KB)
...
006 (73340551.000.000) 2021-09-16 07:00:14 Image size of job updated: 1059
	1059  -  MemoryUsage of job (MB)
	1084768  -  ResidentSetSize of job (KB)
...
006 (73340551.000.000) 2021-09-16 07:01:15 Image size of job updated: 1084
	1084  -  MemoryUsage of job (MB)
	1110092  -  ResidentSetSize of job (KB)
...
006 (73340551.000.000) 2021-09-16 07:02:15 Image size of job updated: 1106
	1106  -  MemoryUsage of job (MB)
	1132648  -  ResidentSetSize of job (KB)
...
006 (73340551.000.000) 2021-09-16 07:03:15 Image size of job updated: 1127
	1127  -  MemoryUsage of job (MB)
	1154380  -  ResidentSetSize of job (KB)
...
006 (73340551.000.000) 2021-09-16 07:04:16 Image size of job updated: 1148
	1148  -  MemoryUsage of job (MB)
	1175816  -  ResidentSetSize of job (KB)
...
006 (73340551.000.000) 2021-09-16 07:05:17 Image size of job updated: 1169
	1169  -  MemoryUsage of job (MB)
	1197572  -  ResidentSetSize of job (KB)
...
006 (73340551.000.000) 2021-09-16 07:06:18 Image size of job updated: 1189
	1189  -  MemoryUsage of job (MB)
	1218136  -  ResidentSetSize of job (KB)
...
006 (73340551.000.000) 2021-09-16 07:07:20 Image size of job updated: 1211
	1211  -  MemoryUsage of job (MB)
	1240492  -  ResidentSetSize of job (KB)
...
006 (73340551.000.000) 2021-09-16 07:08:20 Image size of job updated: 1230
	1230  -  MemoryUsage of job (MB)
	1260292  -  ResidentSetSize of job (KB)
...
006 (73340551.000.000) 2021-09-16 07:09:21 Image size of job updated: 1249
	1249  -  MemoryUsage of job (MB)
	1279664  -  ResidentSetSize of job (KB)
...
006 (73340551.000.000) 2021-09-16 07:10:22 Image size of job updated: 1267
	1267  -  MemoryUsage of job (MB)
	1298364  -  ResidentSetSize of job (KB)
...
006 (73340551.000.000) 2021-09-16 07:11:22 Image size of job updated: 1286
	1286  -  MemoryUsage of job (MB)
	1317132  -  ResidentSetSize of job (KB)
...
006 (73340551.000.000) 2021-09-16 07:12:22 Image size of job updated: 1304
	1304  -  MemoryUsage of job (MB)
	1335636  -  ResidentSetSize of job (KB)
...
006 (73340551.000.000) 2021-09-16 07:13:23 Image size of job updated: 1321
	1321  -  MemoryUsage of job (MB)
	1353564  -  ResidentSetSize of job (KB)
...
006 (73340551.000.000) 2021-09-16 07:14:23 Image size of job updated: 1339
	1339  -  MemoryUsage of job (MB)
	1371560  -  ResidentSetSize of job (KB)
...
006 (73340551.000.000) 2021-09-16 07:15:24 Image size of job updated: 1358
	1358  -  MemoryUsage of job (MB)
	1391192  -  ResidentSetSize of job (KB)
...
006 (73340551.000.000) 2021-09-16 07:16:25 Image size of job updated: 1375
	1375  -  MemoryUsage of job (MB)
	1408512  -  ResidentSetSize of job (KB)
...
006 (73340551.000.000) 2021-09-16 07:17:26 Image size of job updated: 1392
	1392  -  MemoryUsage of job (MB)
	1425716  -  ResidentSetSize of job (KB)
...
006 (73340551.000.000) 2021-09-16 07:18:26 Image size of job updated: 1408
	1408  -  MemoryUsage of job (MB)
	1442624  -  ResidentSetSize of job (KB)
...
006 (73340551.000.000) 2021-09-16 07:19:27 Image size of job updated: 1425
	1425  -  MemoryUsage of job (MB)
	1459232  -  ResidentSetSize of job (KB)
...
006 (73340551.000.000) 2021-09-16 07:20:28 Image size of job updated: 1441
	1441  -  MemoryUsage of job (MB)
	1475772  -  ResidentSetSize of job (KB)
...
006 (73340551.000.000) 2021-09-16 07:21:29 Image size of job updated: 1458
	1458  -  MemoryUsage of job (MB)
	1493772  -  ResidentSetSize of job (KB)
...
006 (73340551.000.000) 2021-09-16 07:22:30 Image size of job updated: 1474
	1474  -  MemoryUsage of job (MB)
	1509880  -  ResidentSetSize of job (KB)
...
006 (73340551.000.000) 2021-09-16 07:23:31 Image size of job updated: 1490
	1490  -  MemoryUsage of job (MB)
	1525804  -  ResidentSetSize of job (KB)
...
006 (73340551.000.000) 2021-09-16 07:24:32 Image size of job updated: 1505
	1505  -  MemoryUsage of job (MB)
	1541540  -  ResidentSetSize of job (KB)
...
006 (73340551.000.000) 2021-09-16 07:25:32 Image size of job updated: 1520
	1520  -  MemoryUsage of job (MB)
	1557096  -  ResidentSetSize of job (KB)
...
006 (73340551.000.000) 2021-09-16 07:26:32 Image size of job updated: 1535
	1535  -  MemoryUsage of job (MB)
	1572508  -  ResidentSetSize of job (KB)
...
006 (73340551.000.000) 2021-09-16 07:27:32 Image size of job updated: 1625
	1625  -  MemoryUsage of job (MB)
	1664816  -  ResidentSetSize of job (KB)
...
006 (73340551.000.000) 2021-09-16 07:28:32 Image size of job updated: 1666
	1666  -  MemoryUsage of job (MB)
	1706160  -  ResidentSetSize of job (KB)
...
006 (73340551.000.000) 2021-09-16 07:29:32 Image size of job updated: 1672
	1672  -  MemoryUsage of job (MB)
	1712760  -  ResidentSetSize of job (KB)
...
006 (73340551.000.000) 2021-09-16 07:30:32 Image size of job updated: 1675
	1675  -  MemoryUsage of job (MB)
	1715236  -  ResidentSetSize of job (KB)
...
006 (73340551.000.000) 2021-09-16 07:31:33 Image size of job updated: 1684
	1684  -  MemoryUsage of job (MB)
	1724612  -  ResidentSetSize of job (KB)
...
006 (73340551.000.000) 2021-09-16 07:32:35 Image size of job updated: 1687
	1687  -  MemoryUsage of job (MB)
	1727556  -  ResidentSetSize of job (KB)
...
006 (73340551.000.000) 2021-09-16 07:33:35 Image size of job updated: 1690
	1690  -  MemoryUsage of job (MB)
	1731268  -  ResidentSetSize of job (KB)
...
006 (73340551.000.000) 2021-09-16 07:34:36 Image size of job updated: 1694
	1694  -  MemoryUsage of job (MB)
	1734764  -  ResidentSetSize of job (KB)
...
006 (73340551.000.000) 2021-09-16 07:35:37 Image size of job updated: 1699
	1699  -  MemoryUsage of job (MB)
	1739880  -  ResidentSetSize of job (KB)
...
006 (73340551.000.000) 2021-09-16 07:36:38 Image size of job updated: 1702
	1702  -  MemoryUsage of job (MB)
	1743312  -  ResidentSetSize of job (KB)
...
006 (73340551.000.000) 2021-09-16 07:37:38 Image size of job updated: 1706
	1706  -  MemoryUsage of job (MB)
	1747680  -  ResidentSetSize of job (KB)
...
006 (73340551.000.000) 2021-09-16 07:38:39 Image size of job updated: 1710
	1710  -  MemoryUsage of job (MB)
	1751752  -  ResidentSetSize of job (KB)
...
006 (73340551.000.000) 2021-09-16 07:39:41 Image size of job updated: 1712
	1712  -  MemoryUsage of job (MB)
	1753644  -  ResidentSetSize of job (KB)
...
006 (73340551.000.000) 2021-09-16 07:40:41 Image size of job updated: 1713
	1713  -  MemoryUsage of job (MB)
	1754800  -  ResidentSetSize of job (KB)
...
006 (73340551.000.000) 2021-09-16 07:41:41 Image size of job updated: 1715
	1715  -  MemoryUsage of job (MB)
	1756252  -  ResidentSetSize of job (KB)
...
006 (73340551.000.000) 2021-09-16 07:42:42 Image size of job updated: 1716
	1716  -  MemoryUsage of job (MB)
	1757420  -  ResidentSetSize of job (KB)
...
006 (73340551.000.000) 2021-09-16 07:43:43 Image size of job updated: 1717
	1717  -  MemoryUsage of job (MB)
	1758584  -  ResidentSetSize of job (KB)
...
006 (73340551.000.000) 2021-09-16 07:44:43 Image size of job updated: 1719
	1719  -  MemoryUsage of job (MB)
	1760332  -  ResidentSetSize of job (KB)
...
006 (73340551.000.000) 2021-09-16 07:45:44 Image size of job updated: 1720
	1720  -  MemoryUsage of job (MB)
	1761468  -  ResidentSetSize of job (KB)
...
006 (73340551.000.000) 2021-09-16 07:46:45 Image size of job updated: 1721
	1721  -  MemoryUsage of job (MB)
	1762340  -  ResidentSetSize of job (KB)
...
006 (73340551.000.000) 2021-09-16 07:47:45 Image size of job updated: 1723
	1723  -  MemoryUsage of job (MB)
	1764528  -  ResidentSetSize of job (KB)
...
006 (73340551.000.000) 2021-09-16 07:48:46 Image size of job updated: 1724
	1724  -  MemoryUsage of job (MB)
	1766148  -  ResidentSetSize of job (KB)
...
006 (73340551.000.000) 2021-09-16 07:49:47 Image size of job updated: 1726
	1726  -  MemoryUsage of job (MB)
	1767440  -  ResidentSetSize of job (KB)
...
006 (73340551.000.000) 2021-09-16 07:50:47 Image size of job updated: 1727
	1727  -  MemoryUsage of job (MB)
	1768504  -  ResidentSetSize of job (KB)
...
006 (73340551.000.000) 2021-09-16 07:51:47 Image size of job updated: 1727
	1727  -  MemoryUsage of job (MB)
	1769116  -  ResidentSetSize of job (KB)
...
006 (73340551.000.000) 2021-09-16 07:52:48 Image size of job updated: 1728
	1728  -  MemoryUsage of job (MB)
	1770360  -  ResidentSetSize of job (KB)
...
006 (73340551.000.000) 2021-09-16 07:53:48 Image size of job updated: 1729
	1729  -  MemoryUsage of job (MB)
	1771300  -  ResidentSetSize of job (KB)
...
006 (73340551.000.000) 2021-09-16 07:54:48 Image size of job updated: 1730
	1730  -  MemoryUsage of job (MB)
	1772064  -  ResidentSetSize of job (KB)
...
006 (73340551.000.000) 2021-09-16 07:55:48 Image size of job updated: 1731
	1731  -  MemoryUsage of job (MB)
	1773016  -  ResidentSetSize of job (KB)
...
006 (73340551.000.000) 2021-09-16 07:56:48 Image size of job updated: 1732
	1732  -  MemoryUsage of job (MB)
	1774044  -  ResidentSetSize of job (KB)
...
006 (73340551.000.000) 2021-09-16 07:57:50 Image size of job updated: 1733
	1733  -  MemoryUsage of job (MB)
	1775068  -  ResidentSetSize of job (KB)
...
006 (73340551.000.000) 2021-09-16 07:58:50 Image size of job updated: 1734
	1734  -  MemoryUsage of job (MB)
	1776548  -  ResidentSetSize of job (KB)
...
006 (73340551.000.000) 2021-09-16 07:59:50 Image size of job updated: 1736
	1736  -  MemoryUsage of job (MB)
	1778300  -  ResidentSetSize of job (KB)
...
006 (73340551.000.000) 2021-09-16 08:00:51 Image size of job updated: 1737
	1737  -  MemoryUsage of job (MB)
	1779548  -  ResidentSetSize of job (KB)
...
006 (73340551.000.000) 2021-09-16 08:01:53 Image size of job updated: 1738
	1738  -  MemoryUsage of job (MB)
	1780600  -  ResidentSetSize of job (KB)
...
006 (73340551.000.000) 2021-09-16 08:02:53 Image size of job updated: 1739
	1739  -  MemoryUsage of job (MB)
	1781504  -  ResidentSetSize of job (KB)
...
006 (73340551.000.000) 2021-09-16 08:03:53 Image size of job updated: 1741
	1741  -  MemoryUsage of job (MB)
	1783056  -  ResidentSetSize of job (KB)
...
006 (73340551.000.000) 2021-09-16 08:04:54 Image size of job updated: 1742
	1742  -  MemoryUsage of job (MB)
	1784088  -  ResidentSetSize of job (KB)
...
006 (73340551.000.000) 2021-09-16 08:05:56 Image size of job updated: 1743
	1743  -  MemoryUsage of job (MB)
	1785080  -  ResidentSetSize of job (KB)
...
006 (73340551.000.000) 2021-09-16 08:06:56 Image size of job updated: 1744
	1744  -  MemoryUsage of job (MB)
	1785932  -  ResidentSetSize of job (KB)
...
006 (73340551.000.000) 2021-09-16 08:07:56 Image size of job updated: 1745
	1745  -  MemoryUsage of job (MB)
	1787112  -  ResidentSetSize of job (KB)
...
006 (73340551.000.000) 2021-09-16 08:08:56 Image size of job updated: 1746
	1746  -  MemoryUsage of job (MB)
	1788112  -  ResidentSetSize of job (KB)
...
006 (73340551.000.000) 2021-09-16 08:09:57 Image size of job updated: 1746
	1746  -  MemoryUsage of job (MB)
	1788720  -  ResidentSetSize of job (KB)
...
006 (73340551.000.000) 2021-09-16 08:10:58 Image size of job updated: 1747
	1747  -  MemoryUsage of job (MB)
	1789624  -  ResidentSetSize of job (KB)
...
006 (73340551.000.000) 2021-09-16 08:11:58 Image size of job updated: 1749
	1749  -  MemoryUsage of job (MB)
	1791040  -  ResidentSetSize of job (KB)
...
006 (73340551.000.000) 2021-09-16 08:12:58 Image size of job updated: 1750
	1750  -  MemoryUsage of job (MB)
	1792140  -  ResidentSetSize of job (KB)
...
006 (73340551.000.000) 2021-09-16 08:13:59 Image size of job updated: 1751
	1751  -  MemoryUsage of job (MB)
	1793140  -  ResidentSetSize of job (KB)
...
006 (73340551.000.000) 2021-09-16 08:15:01 Image size of job updated: 1751
	1751  -  MemoryUsage of job (MB)
	1793960  -  ResidentSetSize of job (KB)
...
006 (73340551.000.000) 2021-09-16 08:16:01 Image size of job updated: 1752
	1752  -  MemoryUsage of job (MB)
	1794408  -  ResidentSetSize of job (KB)
...
006 (73340551.000.000) 2021-09-16 08:17:02 Image size of job updated: 1753
	1753  -  MemoryUsage of job (MB)
	1795496  -  ResidentSetSize of job (KB)
...
006 (73340551.000.000) 2021-09-16 08:18:02 Image size of job updated: 1754
	1754  -  MemoryUsage of job (MB)
	1796284  -  ResidentSetSize of job (KB)
...
006 (73340551.000.000) 2021-09-16 08:19:03 Image size of job updated: 1754
	1754  -  MemoryUsage of job (MB)
	1797000  -  ResidentSetSize of job (KB)
...
006 (73340551.000.000) 2021-09-16 08:20:04 Image size of job updated: 1755
	1755  -  MemoryUsage of job (MB)
	1797804  -  ResidentSetSize of job (KB)
...
040 (73340551.000.000) 2021-09-16 08:20:36 Started transferring output files
...
040 (73340551.000.000) 2021-09-16 08:20:36 Finished transferring output files
...
005 (73340551.000.000) 2021-09-16 08:20:37 Job terminated.
	(1) Normal termination (return value 0)
		Usr 0 00:55:08, Sys 0 00:39:41  -  Run Remote Usage
		Usr 0 00:00:00, Sys 0 00:00:00  -  Run Local Usage
		Usr 0 00:55:08, Sys 0 00:39:41  -  Total Remote Usage
		Usr 0 00:00:00, Sys 0 00:00:00  -  Total Local Usage
	1220239  -  Run Bytes Sent By Job
	8471562  -  Run Bytes Received By Job
	1220239  -  Total Bytes Sent By Job
	8471562  -  Total Bytes Received By Job
	Partitionable Resources :    Usage  Request Allocated 
	   Cpus                 :     0.00        1         1 
	   Disk (KB)            : 19211       10000   1628102 
	   Memory (MB)          :  1755        2048      2048 

	Job terminated of its own accord at 2021-09-16T13:20:36Z.
...
000 (14733285.000.000) 2021-09-24 22:30:02 Job submitted from host: <131.225.188.55:9618?addrs=131.225.188.55-9618&alias=lpcschedd1.fnal.gov&noUDP&sock=schedd_2070_6d22>
...
040 (14733285.000.000) 2021-09-25 02:45:36 Started transferring input files
	Transferring to host: <131.225.206.173:9618?addrs=131.225.206.173-9618&alias=cmswn1798.fnal.gov&noUDP&sock=slot1_5_1222_c26b_5417>
...
040 (14733285.000.000) 2021-09-25 02:45:36 Finished transferring input files
...
001 (14733285.000.000) 2021-09-25 02:45:37 Job executing on host: <131.225.206.173:9618?addrs=131.225.206.173-9618&alias=cmswn1798.fnal.gov&noUDP&sock=startd_1137_7745>
...
006 (14733285.000.000) 2021-09-25 02:45:46 Image size of job updated: 58
	58  -  MemoryUsage of job (MB)
	60096  -  ResidentSetSize of job (KB)
...
006 (14733285.000.000) 2021-09-25 02:46:47 Image size of job updated: 536
	536  -  MemoryUsage of job (MB)
	549724  -  ResidentSetSize of job (KB)
...
006 (14733285.000.000) 2021-09-25 02:49:48 Image size of job updated: 540
	540  -  MemoryUsage of job (MB)
	553692  -  ResidentSetSize of job (KB)
...
006 (14733285.000.000) 2021-09-25 02:50:48 Image size of job updated: 593
	593  -  MemoryUsage of job (MB)
	607884  -  ResidentSetSize of job (KB)
...
006 (14733285.000.000) 2021-09-25 02:51:49 Image size of job updated: 640
	640  -  MemoryUsage of job (MB)
	656256  -  ResidentSetSize of job (KB)
...
006 (14733285.000.000) 2021-09-25 02:52:49 Image size of job updated: 682
	682  -  MemoryUsage of job (MB)
	698512  -  ResidentSetSize of job (KB)
...
006 (14733285.000.000) 2021-09-25 02:53:50 Image size of job updated: 719
	719  -  MemoryUsage of job (MB)
	737012  -  ResidentSetSize of job (KB)
...
006 (14733285.000.000) 2021-09-25 02:54:51 Image size of job updated: 754
	754  -  MemoryUsage of job (MB)
	773032  -  ResidentSetSize of job (KB)
...
006 (14733285.000.000) 2021-09-25 02:55:52 Image size of job updated: 788
	788  -  MemoryUsage of job (MB)
	807752  -  ResidentSetSize of job (KB)
...
006 (14733285.000.000) 2021-09-25 02:56:52 Image size of job updated: 821
	821  -  MemoryUsage of job (MB)
	841244  -  ResidentSetSize of job (KB)
...
006 (14733285.000.000) 2021-09-25 02:57:53 Image size of job updated: 853
	853  -  MemoryUsage of job (MB)
	874452  -  ResidentSetSize of job (KB)
...
006 (14733285.000.000) 2021-09-25 02:58:53 Image size of job updated: 895
	895  -  MemoryUsage of job (MB)
	916832  -  ResidentSetSize of job (KB)
...
006 (14733285.000.000) 2021-09-25 02:59:53 Image size of job updated: 924
	924  -  MemoryUsage of job (MB)
	946824  -  ResidentSetSize of job (KB)
...
006 (14733285.000.000) 2021-09-25 03:00:54 Image size of job updated: 952
	952  -  MemoryUsage of job (MB)
	975504  -  ResidentSetSize of job (KB)
...
006 (14733285.000.000) 2021-09-25 03:01:55 Image size of job updated: 979
	979  -  MemoryUsage of job (MB)
	1003056  -  ResidentSetSize of job (KB)
...
006 (14733285.000.000) 2021-09-25 03:02:55 Image size of job updated: 1006
	1006  -  MemoryUsage of job (MB)
	1030568  -  ResidentSetSize of job (KB)
...
006 (14733285.000.000) 2021-09-25 03:03:56 Image size of job updated: 1036
	1036  -  MemoryUsage of job (MB)
	1060988  -  ResidentSetSize of job (KB)
...
006 (14733285.000.000) 2021-09-25 03:04:56 Image size of job updated: 1068
	1068  -  MemoryUsage of job (MB)
	1094452  -  ResidentSetSize of job (KB)
...
006 (14733285.000.000) 2021-09-25 03:05:56 Image size of job updated: 1090
	1090  -  MemoryUsage of job (MB)
	1116572  -  ResidentSetSize of job (KB)
...
006 (14733285.000.000) 2021-09-25 03:06:57 Image size of job updated: 1113
	1113  -  MemoryUsage of job (MB)
	1140244  -  ResidentSetSize of job (KB)
...
006 (14733285.000.000) 2021-09-25 03:07:57 Image size of job updated: 1136
	1136  -  MemoryUsage of job (MB)
	1163544  -  ResidentSetSize of job (KB)
...
006 (14733285.000.000) 2021-09-25 03:08:58 Image size of job updated: 1158
	1158  -  MemoryUsage of job (MB)
	1186736  -  ResidentSetSize of job (KB)
...
006 (14733285.000.000) 2021-09-25 03:09:59 Image size of job updated: 1180
	1180  -  MemoryUsage of job (MB)
	1208484  -  ResidentSetSize of job (KB)
...
006 (14733285.000.000) 2021-09-25 03:10:59 Image size of job updated: 1201
	1201  -  MemoryUsage of job (MB)
	1229884  -  ResidentSetSize of job (KB)
...
006 (14733285.000.000) 2021-09-25 03:12:00 Image size of job updated: 1221
	1221  -  MemoryUsage of job (MB)
	1250572  -  ResidentSetSize of job (KB)
...
006 (14733285.000.000) 2021-09-25 03:13:01 Image size of job updated: 1241
	1241  -  MemoryUsage of job (MB)
	1270784  -  ResidentSetSize of job (KB)
...
006 (14733285.000.000) 2021-09-25 03:14:01 Image size of job updated: 1260
	1260  -  MemoryUsage of job (MB)
	1290436  -  ResidentSetSize of job (KB)
...
006 (14733285.000.000) 2021-09-25 03:15:02 Image size of job updated: 1279
	1279  -  MemoryUsage of job (MB)
	1309824  -  ResidentSetSize of job (KB)
...
006 (14733285.000.000) 2021-09-25 03:16:02 Image size of job updated: 1297
	1297  -  MemoryUsage of job (MB)
	1328796  -  ResidentSetSize of job (KB)
...
006 (14733285.000.000) 2021-09-25 03:17:02 Image size of job updated: 1315
	1315  -  MemoryUsage of job (MB)
	1347420  -  ResidentSetSize of job (KB)
...
006 (14733285.000.000) 2021-09-25 03:18:03 Image size of job updated: 1333
	1333  -  MemoryUsage of job (MB)
	1365692  -  ResidentSetSize of job (KB)
...
006 (14733285.000.000) 2021-09-25 03:19:03 Image size of job updated: 1351
	1351  -  MemoryUsage of job (MB)
	1383608  -  ResidentSetSize of job (KB)
...
006 (14733285.000.000) 2021-09-25 03:20:04 Image size of job updated: 1368
	1368  -  MemoryUsage of job (MB)
	1401008  -  ResidentSetSize of job (KB)
...
006 (14733285.000.000) 2021-09-25 03:21:05 Image size of job updated: 1385
	1385  -  MemoryUsage of job (MB)
	1418636  -  ResidentSetSize of job (KB)
...
006 (14733285.000.000) 2021-09-25 03:22:05 Image size of job updated: 1401
	1401  -  MemoryUsage of job (MB)
	1435528  -  ResidentSetSize of job (KB)
...
006 (14733285.000.000) 2021-09-25 03:23:06 Image size of job updated: 1418
	1418  -  MemoryUsage of job (MB)
	1452260  -  ResidentSetSize of job (KB)
...
006 (14733285.000.000) 2021-09-25 03:24:06 Image size of job updated: 1434
	1434  -  MemoryUsage of job (MB)
	1468592  -  ResidentSetSize of job (KB)
...
006 (14733285.000.000) 2021-09-25 03:25:06 Image size of job updated: 1450
	1450  -  MemoryUsage of job (MB)
	1485448  -  ResidentSetSize of job (KB)
...
006 (14733285.000.000) 2021-09-25 03:26:07 Image size of job updated: 1467
	1467  -  MemoryUsage of job (MB)
	1502432  -  ResidentSetSize of job (KB)
...
006 (14733285.000.000) 2021-09-25 03:27:07 Image size of job updated: 1483
	1483  -  MemoryUsage of job (MB)
	1519220  -  ResidentSetSize of job (KB)
...
006 (14733285.000.000) 2021-09-25 03:28:08 Image size of job updated: 1499
	1499  -  MemoryUsage of job (MB)
	1535828  -  ResidentSetSize of job (KB)
...
006 (14733285.000.000) 2021-09-25 03:29:08 Image size of job updated: 1515
	1515  -  MemoryUsage of job (MB)
	1552152  -  ResidentSetSize of job (KB)
...
006 (14733285.000.000) 2021-09-25 03:30:08 Image size of job updated: 1531
	1531  -  MemoryUsage of job (MB)
	1568160  -  ResidentSetSize of job (KB)
...
006 (14733285.000.000) 2021-09-25 03:31:09 Image size of job updated: 1621
	1621  -  MemoryUsage of job (MB)
	1660132  -  ResidentSetSize of job (KB)
...
006 (14733285.000.000) 2021-09-25 03:32:09 Image size of job updated: 1671
	1671  -  MemoryUsage of job (MB)
	1711896  -  ResidentSetSize of job (KB)
...
006 (14733285.000.000) 2021-09-25 03:33:09 Image size of job updated: 1690
	1690  -  MemoryUsage of job (MB)
	1731484  -  ResidentSetSize of job (KB)
...
006 (14733285.000.000) 2021-09-25 03:34:10 Image size of job updated: 1704
	1704  -  MemoryUsage of job (MB)
	1745816  -  ResidentSetSize of job (KB)
...
006 (14733285.000.000) 2021-09-25 03:35:10 Image size of job updated: 1714
	1714  -  MemoryUsage of job (MB)
	1755520  -  ResidentSetSize of job (KB)
...
006 (14733285.000.000) 2021-09-25 03:36:11 Image size of job updated: 1722
	1722  -  MemoryUsage of job (MB)
	1763928  -  ResidentSetSize of job (KB)
...
006 (14733285.000.000) 2021-09-25 03:37:12 Image size of job updated: 1728
	1728  -  MemoryUsage of job (MB)
	1769508  -  ResidentSetSize of job (KB)
...
006 (14733285.000.000) 2021-09-25 03:38:12 Image size of job updated: 1732
	1732  -  MemoryUsage of job (MB)
	1773776  -  ResidentSetSize of job (KB)
...
006 (14733285.000.000) 2021-09-25 03:39:13 Image size of job updated: 1737
	1737  -  MemoryUsage of job (MB)
	1778800  -  ResidentSetSize of job (KB)
...
006 (14733285.000.000) 2021-09-25 03:40:14 Image size of job updated: 1741
	1741  -  MemoryUsage of job (MB)
	1783580  -  ResidentSetSize of job (KB)
...
006 (14733285.000.000) 2021-09-25 03:41:14 Image size of job updated: 1746
	1746  -  MemoryUsage of job (MB)
	1788072  -  ResidentSetSize of job (KB)
...
006 (14733285.000.000) 2021-09-25 03:42:15 Image size of job updated: 1750
	1750  -  MemoryUsage of job (MB)
	1792408  -  ResidentSetSize of job (KB)
...
006 (14733285.000.000) 2021-09-25 03:43:15 Image size of job updated: 1752
	1752  -  MemoryUsage of job (MB)
	1794812  -  ResidentSetSize of job (KB)
...
006 (14733285.000.000) 2021-09-25 03:44:15 Image size of job updated: 1755
	1755  -  MemoryUsage of job (MB)
	1798012  -  ResidentSetSize of job (KB)
...
040 (14733285.000.000) 2021-09-25 03:44:17 Started transferring output files
...
040 (14733285.000.000) 2021-09-25 03:44:17 Finished transferring output files
...
005 (14733285.000.000) 2021-09-25 03:44:19 Job terminated.
	(1) Normal termination (return value 0)
		Usr 0 00:00:00, Sys 0 00:00:00  -  Run Remote Usage
		Usr 0 00:00:00, Sys 0 00:00:00  -  Run Local Usage
		Usr 0 00:49:59, Sys 0 00:03:44  -  Total Remote Usage
		Usr 0 00:00:00, Sys 0 00:00:00  -  Total Local Usage
	1227564  -  Run Bytes Sent By Job
	8471570  -  Run Bytes Received By Job
	1227564  -  Total Bytes Sent By Job
	8471570  -  Total Bytes Received By Job
	Partitionable Resources :    Usage  Request Allocated 
	   Cpus                 :     0.00        1         1 
	   Disk (KB)            : 18901       10000    315968 
	   Memory (MB)          :  1755        2048      2048 

	Job terminated of its own accord at 2021-09-25T08:44:17Z.
...
