000 (34544972.000.000) 2021-09-16 05:44:43 Job submitted from host: <131.225.188.57:9618?addrs=131.225.188.57-9618&alias=lpcschedd2.fnal.gov&noUDP&sock=schedd_2251_93c6>
...
040 (34544972.000.000) 2021-09-16 06:32:16 Started transferring input files
	Transferring to host: <131.225.204.101:9618?addrs=131.225.204.101-9618&alias=cmswn1705.fnal.gov&noUDP&sock=slot1_2_1226_93eb_4257>
...
040 (34544972.000.000) 2021-09-16 06:32:16 Finished transferring input files
...
001 (34544972.000.000) 2021-09-16 06:32:17 Job executing on host: <131.225.204.101:9618?addrs=131.225.204.101-9618&alias=cmswn1705.fnal.gov&noUDP&sock=startd_1141_35a6>
...
006 (34544972.000.000) 2021-09-16 06:32:26 Image size of job updated: 36
	36  -  MemoryUsage of job (MB)
	37816  -  ResidentSetSize of job (KB)
...
006 (34544972.000.000) 2021-09-16 06:33:26 Image size of job updated: 526
	526  -  MemoryUsage of job (MB)
	539616  -  ResidentSetSize of job (KB)
...
006 (34544972.000.000) 2021-09-16 06:36:28 Image size of job updated: 537
	537  -  MemoryUsage of job (MB)
	550620  -  ResidentSetSize of job (KB)
...
006 (34544972.000.000) 2021-09-16 06:37:29 Image size of job updated: 590
	590  -  MemoryUsage of job (MB)
	604388  -  ResidentSetSize of job (KB)
...
006 (34544972.000.000) 2021-09-16 06:38:30 Image size of job updated: 638
	638  -  MemoryUsage of job (MB)
	653644  -  ResidentSetSize of job (KB)
...
006 (34544972.000.000) 2021-09-16 06:39:31 Image size of job updated: 679
	679  -  MemoryUsage of job (MB)
	696144  -  ResidentSetSize of job (KB)
...
006 (34544972.000.000) 2021-09-16 06:40:32 Image size of job updated: 717
	717  -  MemoryUsage of job (MB)
	735112  -  ResidentSetSize of job (KB)
...
006 (34544972.000.000) 2021-09-16 06:41:33 Image size of job updated: 753
	753  -  MemoryUsage of job (MB)
	771488  -  ResidentSetSize of job (KB)
...
006 (34544972.000.000) 2021-09-16 06:42:34 Image size of job updated: 786
	786  -  MemoryUsage of job (MB)
	805776  -  ResidentSetSize of job (KB)
...
006 (34544972.000.000) 2021-09-16 06:43:35 Image size of job updated: 820
	820  -  MemoryUsage of job (MB)
	839684  -  ResidentSetSize of job (KB)
...
006 (34544972.000.000) 2021-09-16 06:44:36 Image size of job updated: 852
	852  -  MemoryUsage of job (MB)
	872896  -  ResidentSetSize of job (KB)
...
006 (34544972.000.000) 2021-09-16 06:45:37 Image size of job updated: 881
	881  -  MemoryUsage of job (MB)
	902904  -  ResidentSetSize of job (KB)
...
006 (34544972.000.000) 2021-09-16 06:46:38 Image size of job updated: 923
	923  -  MemoryUsage of job (MB)
	945988  -  ResidentSetSize of job (KB)
...
006 (34544972.000.000) 2021-09-16 06:47:39 Image size of job updated: 951
	951  -  MemoryUsage of job (MB)
	973828  -  ResidentSetSize of job (KB)
...
006 (34544972.000.000) 2021-09-16 06:48:40 Image size of job updated: 978
	978  -  MemoryUsage of job (MB)
	1001480  -  ResidentSetSize of job (KB)
...
006 (34544972.000.000) 2021-09-16 06:49:41 Image size of job updated: 1004
	1004  -  MemoryUsage of job (MB)
	1028388  -  ResidentSetSize of job (KB)
...
006 (34544972.000.000) 2021-09-16 06:50:42 Image size of job updated: 1032
	1032  -  MemoryUsage of job (MB)
	1057500  -  ResidentSetSize of job (KB)
...
006 (34544972.000.000) 2021-09-16 06:51:42 Image size of job updated: 1069
	1069  -  MemoryUsage of job (MB)
	1094788  -  ResidentSetSize of job (KB)
...
006 (34544972.000.000) 2021-09-16 06:52:42 Image size of job updated: 1088
	1088  -  MemoryUsage of job (MB)
	1114984  -  ResidentSetSize of job (KB)
...
006 (34544972.000.000) 2021-09-16 06:53:42 Image size of job updated: 1112
	1112  -  MemoryUsage of job (MB)
	1138720  -  ResidentSetSize of job (KB)
...
006 (34544972.000.000) 2021-09-16 06:54:42 Image size of job updated: 1134
	1134  -  MemoryUsage of job (MB)
	1162040  -  ResidentSetSize of job (KB)
...
006 (34544972.000.000) 2021-09-16 06:55:42 Image size of job updated: 1157
	1157  -  MemoryUsage of job (MB)
	1185716  -  ResidentSetSize of job (KB)
...
006 (34544972.000.000) 2021-09-16 06:56:42 Image size of job updated: 1179
	1179  -  MemoryUsage of job (MB)
	1207708  -  ResidentSetSize of job (KB)
...
006 (34544972.000.000) 2021-09-16 06:57:42 Image size of job updated: 1198
	1198  -  MemoryUsage of job (MB)
	1227120  -  ResidentSetSize of job (KB)
...
006 (34544972.000.000) 2021-09-16 06:58:42 Image size of job updated: 1219
	1219  -  MemoryUsage of job (MB)
	1248256  -  ResidentSetSize of job (KB)
...
006 (34544972.000.000) 2021-09-16 06:59:42 Image size of job updated: 1239
	1239  -  MemoryUsage of job (MB)
	1268980  -  ResidentSetSize of job (KB)
...
006 (34544972.000.000) 2021-09-16 07:00:43 Image size of job updated: 1259
	1259  -  MemoryUsage of job (MB)
	1289252  -  ResidentSetSize of job (KB)
...
006 (34544972.000.000) 2021-09-16 07:01:43 Image size of job updated: 1278
	1278  -  MemoryUsage of job (MB)
	1309252  -  ResidentSetSize of job (KB)
...
006 (34544972.000.000) 2021-09-16 07:02:44 Image size of job updated: 1297
	1297  -  MemoryUsage of job (MB)
	1328920  -  ResidentSetSize of job (KB)
...
006 (34544972.000.000) 2021-09-16 07:03:45 Image size of job updated: 1316
	1316  -  MemoryUsage of job (MB)
	1348320  -  ResidentSetSize of job (KB)
...
006 (34544972.000.000) 2021-09-16 07:04:46 Image size of job updated: 1335
	1335  -  MemoryUsage of job (MB)
	1367396  -  ResidentSetSize of job (KB)
...
006 (34544972.000.000) 2021-09-16 07:05:47 Image size of job updated: 1353
	1353  -  MemoryUsage of job (MB)
	1386196  -  ResidentSetSize of job (KB)
...
006 (34544972.000.000) 2021-09-16 07:06:48 Image size of job updated: 1371
	1371  -  MemoryUsage of job (MB)
	1404628  -  ResidentSetSize of job (KB)
...
006 (34544972.000.000) 2021-09-16 07:07:49 Image size of job updated: 1389
	1389  -  MemoryUsage of job (MB)
	1422824  -  ResidentSetSize of job (KB)
...
006 (34544972.000.000) 2021-09-16 07:08:49 Image size of job updated: 1407
	1407  -  MemoryUsage of job (MB)
	1440804  -  ResidentSetSize of job (KB)
...
006 (34544972.000.000) 2021-09-16 07:09:50 Image size of job updated: 1424
	1424  -  MemoryUsage of job (MB)
	1458548  -  ResidentSetSize of job (KB)
...
006 (34544972.000.000) 2021-09-16 07:10:51 Image size of job updated: 1441
	1441  -  MemoryUsage of job (MB)
	1475988  -  ResidentSetSize of job (KB)
...
006 (34544972.000.000) 2021-09-16 07:11:52 Image size of job updated: 1458
	1458  -  MemoryUsage of job (MB)
	1493248  -  ResidentSetSize of job (KB)
...
006 (34544972.000.000) 2021-09-16 07:12:53 Image size of job updated: 1474
	1474  -  MemoryUsage of job (MB)
	1510164  -  ResidentSetSize of job (KB)
...
006 (34544972.000.000) 2021-09-16 07:13:54 Image size of job updated: 1491
	1491  -  MemoryUsage of job (MB)
	1527196  -  ResidentSetSize of job (KB)
...
006 (34544972.000.000) 2021-09-16 07:14:54 Image size of job updated: 1507
	1507  -  MemoryUsage of job (MB)
	1543776  -  ResidentSetSize of job (KB)
...
006 (34544972.000.000) 2021-09-16 07:15:54 Image size of job updated: 1521
	1521  -  MemoryUsage of job (MB)
	1558416  -  ResidentSetSize of job (KB)
...
006 (34544972.000.000) 2021-09-16 07:16:54 Image size of job updated: 1541
	1541  -  MemoryUsage of job (MB)
	1578744  -  ResidentSetSize of job (KB)
...
006 (34544972.000.000) 2021-09-16 07:17:54 Image size of job updated: 1664
	1664  -  MemoryUsage of job (MB)
	1704864  -  ResidentSetSize of job (KB)
...
006 (34544972.000.000) 2021-09-16 07:18:54 Image size of job updated: 1689
	1689  -  MemoryUsage of job (MB)
	1730268  -  ResidentSetSize of job (KB)
...
006 (34544972.000.000) 2021-09-16 07:19:54 Image size of job updated: 1704
	1704  -  MemoryUsage of job (MB)
	1745108  -  ResidentSetSize of job (KB)
...
006 (34544972.000.000) 2021-09-16 07:20:55 Image size of job updated: 1712
	1712  -  MemoryUsage of job (MB)
	1753512  -  ResidentSetSize of job (KB)
...
006 (34544972.000.000) 2021-09-16 07:21:56 Image size of job updated: 1717
	1717  -  MemoryUsage of job (MB)
	1759156  -  ResidentSetSize of job (KB)
...
006 (34544972.000.000) 2021-09-16 07:22:56 Image size of job updated: 1720
	1720  -  MemoryUsage of job (MB)
	1761892  -  ResidentSetSize of job (KB)
...
006 (34544972.000.000) 2021-09-16 07:23:56 Image size of job updated: 1725
	1725  -  MemoryUsage of job (MB)
	1767128  -  ResidentSetSize of job (KB)
...
006 (34544972.000.000) 2021-09-16 07:24:56 Image size of job updated: 1730
	1730  -  MemoryUsage of job (MB)
	1772164  -  ResidentSetSize of job (KB)
...
006 (34544972.000.000) 2021-09-16 07:25:57 Image size of job updated: 1734
	1734  -  MemoryUsage of job (MB)
	1775980  -  ResidentSetSize of job (KB)
...
006 (34544972.000.000) 2021-09-16 07:26:58 Image size of job updated: 1737
	1737  -  MemoryUsage of job (MB)
	1779648  -  ResidentSetSize of job (KB)
...
006 (34544972.000.000) 2021-09-16 07:27:59 Image size of job updated: 1741
	1741  -  MemoryUsage of job (MB)
	1783172  -  ResidentSetSize of job (KB)
...
006 (34544972.000.000) 2021-09-16 07:29:00 Image size of job updated: 1744
	1744  -  MemoryUsage of job (MB)
	1786440  -  ResidentSetSize of job (KB)
...
006 (34544972.000.000) 2021-09-16 07:30:00 Image size of job updated: 1748
	1748  -  MemoryUsage of job (MB)
	1790368  -  ResidentSetSize of job (KB)
...
006 (34544972.000.000) 2021-09-16 07:31:00 Image size of job updated: 1751
	1751  -  MemoryUsage of job (MB)
	1793300  -  ResidentSetSize of job (KB)
...
006 (34544972.000.000) 2021-09-16 07:32:01 Image size of job updated: 1755
	1755  -  MemoryUsage of job (MB)
	1797348  -  ResidentSetSize of job (KB)
...
006 (34544972.000.000) 2021-09-16 07:32:22 Image size of job updated: 1755
	1755  -  MemoryUsage of job (MB)
	1797632  -  ResidentSetSize of job (KB)
...
040 (34544972.000.000) 2021-09-16 07:32:22 Started transferring output files
...
040 (34544972.000.000) 2021-09-16 07:32:22 Finished transferring output files
...
005 (34544972.000.000) 2021-09-16 07:32:23 Job terminated.
	(1) Normal termination (return value 0)
		Usr 0 00:00:00, Sys 0 00:00:00  -  Run Remote Usage
		Usr 0 00:00:00, Sys 0 00:00:00  -  Run Local Usage
		Usr 0 00:49:38, Sys 0 00:05:03  -  Total Remote Usage
		Usr 0 00:00:00, Sys 0 00:00:00  -  Total Local Usage
	1227580  -  Run Bytes Sent By Job
	8471562  -  Run Bytes Received By Job
	1227580  -  Total Bytes Sent By Job
	8471562  -  Total Bytes Received By Job
	Partitionable Resources :    Usage  Request Allocated 
	   Cpus                 :        0        1         1 
	   Disk (KB)            :    21016    10000    316757 
	   Memory (MB)          :     1755     2048      2048 

	Job terminated of its own accord at 2021-09-16T12:32:22Z.
...
000 (34672357.000.000) 2021-09-24 22:29:55 Job submitted from host: <131.225.188.57:9618?addrs=131.225.188.57-9618&alias=lpcschedd2.fnal.gov&noUDP&sock=schedd_2251_93c6>
...
040 (34672357.000.000) 2021-09-24 23:12:03 Started transferring input files
	Transferring to host: <131.225.204.99:9618?addrs=131.225.204.99-9618&alias=cmswn1703.fnal.gov&noUDP&sock=slot1_4_1250_7cec_7355>
...
040 (34672357.000.000) 2021-09-24 23:12:03 Finished transferring input files
...
001 (34672357.000.000) 2021-09-24 23:12:04 Job executing on host: <131.225.204.99:9618?addrs=131.225.204.99-9618&alias=cmswn1703.fnal.gov&noUDP&sock=startd_1142_e53e>
...
006 (34672357.000.000) 2021-09-24 23:12:12 Image size of job updated: 42
	42  -  MemoryUsage of job (MB)
	43100  -  ResidentSetSize of job (KB)
...
006 (34672357.000.000) 2021-09-24 23:13:13 Image size of job updated: 498
	498  -  MemoryUsage of job (MB)
	510848  -  ResidentSetSize of job (KB)
...
006 (34672357.000.000) 2021-09-24 23:16:14 Image size of job updated: 507
	507  -  MemoryUsage of job (MB)
	519816  -  ResidentSetSize of job (KB)
...
006 (34672357.000.000) 2021-09-24 23:17:15 Image size of job updated: 561
	561  -  MemoryUsage of job (MB)
	574660  -  ResidentSetSize of job (KB)
...
006 (34672357.000.000) 2021-09-24 23:18:16 Image size of job updated: 609
	609  -  MemoryUsage of job (MB)
	623964  -  ResidentSetSize of job (KB)
...
006 (34672357.000.000) 2021-09-24 23:19:16 Image size of job updated: 650
	650  -  MemoryUsage of job (MB)
	666500  -  ResidentSetSize of job (KB)
...
006 (34672357.000.000) 2021-09-24 23:20:17 Image size of job updated: 689
	689  -  MemoryUsage of job (MB)
	705888  -  ResidentSetSize of job (KB)
...
006 (34672357.000.000) 2021-09-24 23:21:17 Image size of job updated: 724
	724  -  MemoryUsage of job (MB)
	742292  -  ResidentSetSize of job (KB)
...
006 (34672357.000.000) 2021-09-24 23:22:18 Image size of job updated: 758
	758  -  MemoryUsage of job (MB)
	776824  -  ResidentSetSize of job (KB)
...
006 (34672357.000.000) 2021-09-24 23:23:19 Image size of job updated: 790
	790  -  MemoryUsage of job (MB)
	809424  -  ResidentSetSize of job (KB)
...
006 (34672357.000.000) 2021-09-24 23:24:19 Image size of job updated: 820
	820  -  MemoryUsage of job (MB)
	839880  -  ResidentSetSize of job (KB)
...
006 (34672357.000.000) 2021-09-24 23:25:19 Image size of job updated: 850
	850  -  MemoryUsage of job (MB)
	871400  -  ResidentSetSize of job (KB)
...
006 (34672357.000.000) 2021-09-24 23:26:20 Image size of job updated: 878
	878  -  MemoryUsage of job (MB)
	899540  -  ResidentSetSize of job (KB)
...
006 (34672357.000.000) 2021-09-24 23:27:21 Image size of job updated: 916
	916  -  MemoryUsage of job (MB)
	938996  -  ResidentSetSize of job (KB)
...
006 (34672357.000.000) 2021-09-24 23:28:21 Image size of job updated: 944
	944  -  MemoryUsage of job (MB)
	967052  -  ResidentSetSize of job (KB)
...
006 (34672357.000.000) 2021-09-24 23:29:22 Image size of job updated: 970
	970  -  MemoryUsage of job (MB)
	993620  -  ResidentSetSize of job (KB)
...
006 (34672357.000.000) 2021-09-24 23:30:22 Image size of job updated: 994
	994  -  MemoryUsage of job (MB)
	1018792  -  ResidentSetSize of job (KB)
...
006 (34672357.000.000) 2021-09-24 23:31:22 Image size of job updated: 1020
	1020  -  MemoryUsage of job (MB)
	1045376  -  ResidentSetSize of job (KB)
...
006 (34672357.000.000) 2021-09-24 23:32:23 Image size of job updated: 1048
	1048  -  MemoryUsage of job (MB)
	1073420  -  ResidentSetSize of job (KB)
...
006 (34672357.000.000) 2021-09-24 23:33:23 Image size of job updated: 1079
	1079  -  MemoryUsage of job (MB)
	1105492  -  ResidentSetSize of job (KB)
...
006 (34672357.000.000) 2021-09-24 23:34:24 Image size of job updated: 1101
	1101  -  MemoryUsage of job (MB)
	1127960  -  ResidentSetSize of job (KB)
...
006 (34672357.000.000) 2021-09-24 23:35:25 Image size of job updated: 1123
	1123  -  MemoryUsage of job (MB)
	1150312  -  ResidentSetSize of job (KB)
...
006 (34672357.000.000) 2021-09-24 23:36:25 Image size of job updated: 1144
	1144  -  MemoryUsage of job (MB)
	1172244  -  ResidentSetSize of job (KB)
...
006 (34672357.000.000) 2021-09-24 23:37:26 Image size of job updated: 1166
	1166  -  MemoryUsage of job (MB)
	1193988  -  ResidentSetSize of job (KB)
...
006 (34672357.000.000) 2021-09-24 23:38:27 Image size of job updated: 1185
	1185  -  MemoryUsage of job (MB)
	1214444  -  ResidentSetSize of job (KB)
...
006 (34672357.000.000) 2021-09-24 23:39:27 Image size of job updated: 1205
	1205  -  MemoryUsage of job (MB)
	1234620  -  ResidentSetSize of job (KB)
...
006 (34672357.000.000) 2021-09-24 23:40:28 Image size of job updated: 1225
	1225  -  MemoryUsage of job (MB)
	1254668  -  ResidentSetSize of job (KB)
...
006 (34672357.000.000) 2021-09-24 23:41:29 Image size of job updated: 1244
	1244  -  MemoryUsage of job (MB)
	1274188  -  ResidentSetSize of job (KB)
...
006 (34672357.000.000) 2021-09-24 23:42:29 Image size of job updated: 1263
	1263  -  MemoryUsage of job (MB)
	1293608  -  ResidentSetSize of job (KB)
...
006 (34672357.000.000) 2021-09-24 23:43:30 Image size of job updated: 1280
	1280  -  MemoryUsage of job (MB)
	1311676  -  ResidentSetSize of job (KB)
...
006 (34672357.000.000) 2021-09-24 23:44:30 Image size of job updated: 1296
	1296  -  MemoryUsage of job (MB)
	1327356  -  ResidentSetSize of job (KB)
...
006 (34672357.000.000) 2021-09-24 23:45:30 Image size of job updated: 1313
	1313  -  MemoryUsage of job (MB)
	1344848  -  ResidentSetSize of job (KB)
...
006 (34672357.000.000) 2021-09-24 23:46:31 Image size of job updated: 1331
	1331  -  MemoryUsage of job (MB)
	1363204  -  ResidentSetSize of job (KB)
...
006 (34672357.000.000) 2021-09-24 23:47:31 Image size of job updated: 1347
	1347  -  MemoryUsage of job (MB)
	1379656  -  ResidentSetSize of job (KB)
...
006 (34672357.000.000) 2021-09-24 23:48:31 Image size of job updated: 1364
	1364  -  MemoryUsage of job (MB)
	1397464  -  ResidentSetSize of job (KB)
...
006 (34672357.000.000) 2021-09-24 23:49:32 Image size of job updated: 1382
	1382  -  MemoryUsage of job (MB)
	1415276  -  ResidentSetSize of job (KB)
...
006 (34672357.000.000) 2021-09-24 23:50:33 Image size of job updated: 1399
	1399  -  MemoryUsage of job (MB)
	1432640  -  ResidentSetSize of job (KB)
...
006 (34672357.000.000) 2021-09-24 23:51:33 Image size of job updated: 1415
	1415  -  MemoryUsage of job (MB)
	1449668  -  ResidentSetSize of job (KB)
...
006 (34672357.000.000) 2021-09-24 23:52:34 Image size of job updated: 1432
	1432  -  MemoryUsage of job (MB)
	1466556  -  ResidentSetSize of job (KB)
...
006 (34672357.000.000) 2021-09-24 23:53:34 Image size of job updated: 1448
	1448  -  MemoryUsage of job (MB)
	1483268  -  ResidentSetSize of job (KB)
...
006 (34672357.000.000) 2021-09-24 23:54:35 Image size of job updated: 1464
	1464  -  MemoryUsage of job (MB)
	1499656  -  ResidentSetSize of job (KB)
...
006 (34672357.000.000) 2021-09-24 23:55:35 Image size of job updated: 1480
	1480  -  MemoryUsage of job (MB)
	1515988  -  ResidentSetSize of job (KB)
...
006 (34672357.000.000) 2021-09-24 23:56:35 Image size of job updated: 1496
	1496  -  MemoryUsage of job (MB)
	1532064  -  ResidentSetSize of job (KB)
...
006 (34672357.000.000) 2021-09-24 23:57:36 Image size of job updated: 1511
	1511  -  MemoryUsage of job (MB)
	1547992  -  ResidentSetSize of job (KB)
...
006 (34672357.000.000) 2021-09-24 23:58:36 Image size of job updated: 1527
	1527  -  MemoryUsage of job (MB)
	1563664  -  ResidentSetSize of job (KB)
...
006 (34672357.000.000) 2021-09-24 23:59:36 Image size of job updated: 1546
	1546  -  MemoryUsage of job (MB)
	1583204  -  ResidentSetSize of job (KB)
...
006 (34672357.000.000) 2021-09-25 00:00:37 Image size of job updated: 1672
	1672  -  MemoryUsage of job (MB)
	1713052  -  ResidentSetSize of job (KB)
...
006 (34672357.000.000) 2021-09-25 00:01:38 Image size of job updated: 1692
	1692  -  MemoryUsage of job (MB)
	1732872  -  ResidentSetSize of job (KB)
...
006 (34672357.000.000) 2021-09-25 00:02:39 Image size of job updated: 1704
	1704  -  MemoryUsage of job (MB)
	1745380  -  ResidentSetSize of job (KB)
...
006 (34672357.000.000) 2021-09-25 00:03:39 Image size of job updated: 1712
	1712  -  MemoryUsage of job (MB)
	1753868  -  ResidentSetSize of job (KB)
...
006 (34672357.000.000) 2021-09-25 00:04:40 Image size of job updated: 1718
	1718  -  MemoryUsage of job (MB)
	1759492  -  ResidentSetSize of job (KB)
...
006 (34672357.000.000) 2021-09-25 00:05:41 Image size of job updated: 1722
	1722  -  MemoryUsage of job (MB)
	1764128  -  ResidentSetSize of job (KB)
...
006 (34672357.000.000) 2021-09-25 00:06:41 Image size of job updated: 1727
	1727  -  MemoryUsage of job (MB)
	1769208  -  ResidentSetSize of job (KB)
...
006 (34672357.000.000) 2021-09-25 00:07:42 Image size of job updated: 1731
	1731  -  MemoryUsage of job (MB)
	1773552  -  ResidentSetSize of job (KB)
...
006 (34672357.000.000) 2021-09-25 00:08:43 Image size of job updated: 1735
	1735  -  MemoryUsage of job (MB)
	1777112  -  ResidentSetSize of job (KB)
...
006 (34672357.000.000) 2021-09-25 00:09:43 Image size of job updated: 1739
	1739  -  MemoryUsage of job (MB)
	1781196  -  ResidentSetSize of job (KB)
...
006 (34672357.000.000) 2021-09-25 00:10:44 Image size of job updated: 1745
	1745  -  MemoryUsage of job (MB)
	1787880  -  ResidentSetSize of job (KB)
...
006 (34672357.000.000) 2021-09-25 00:11:45 Image size of job updated: 1749
	1749  -  MemoryUsage of job (MB)
	1791596  -  ResidentSetSize of job (KB)
...
006 (34672357.000.000) 2021-09-25 00:12:45 Image size of job updated: 1752
	1752  -  MemoryUsage of job (MB)
	1794784  -  ResidentSetSize of job (KB)
...
006 (34672357.000.000) 2021-09-25 00:13:46 Image size of job updated: 1755
	1755  -  MemoryUsage of job (MB)
	1797728  -  ResidentSetSize of job (KB)
...
006 (34672357.000.000) 2021-09-25 00:14:38 Image size of job updated: 1757
	1757  -  MemoryUsage of job (MB)
	1799432  -  ResidentSetSize of job (KB)
...
040 (34672357.000.000) 2021-09-25 00:14:38 Started transferring output files
...
040 (34672357.000.000) 2021-09-25 00:14:38 Finished transferring output files
...
005 (34672357.000.000) 2021-09-25 00:14:41 Job terminated.
	(1) Normal termination (return value 0)
		Usr 0 00:00:00, Sys 0 00:00:00  -  Run Remote Usage
		Usr 0 00:00:00, Sys 0 00:00:00  -  Run Local Usage
		Usr 0 00:51:49, Sys 0 00:04:16  -  Total Remote Usage
		Usr 0 00:00:00, Sys 0 00:00:00  -  Total Local Usage
	1227578  -  Run Bytes Sent By Job
	8471570  -  Run Bytes Received By Job
	1227578  -  Total Bytes Sent By Job
	8471570  -  Total Bytes Received By Job
	Partitionable Resources :    Usage  Request Allocated 
	   Cpus                 :     0.00        1         1 
	   Disk (KB)            : 20642       10000    307823 
	   Memory (MB)          :  1757        2048      2048 

	Job terminated of its own accord at 2021-09-25T05:14:38Z.
...
