000 (73340602.000.000) 2021-09-16 05:45:12 Job submitted from host: <131.225.188.235:9618?addrs=131.225.188.235-9618&alias=lpcschedd3.fnal.gov&noUDP&sock=schedd_2706_ab5d>
...
040 (73340602.000.000) 2021-09-16 07:06:12 Started transferring input files
	Transferring to host: <131.225.188.14:9618?addrs=131.225.188.14-9618&alias=cmswn2019.fnal.gov&noUDP&sock=slot1_36_35994_c771_8496>
...
040 (73340602.000.000) 2021-09-16 07:06:12 Finished transferring input files
...
001 (73340602.000.000) 2021-09-16 07:06:13 Job executing on host: <131.225.188.14:9618?addrs=131.225.188.14-9618&alias=cmswn2019.fnal.gov&noUDP&sock=startd_1897_c33f>
...
006 (73340602.000.000) 2021-09-16 07:06:22 Image size of job updated: 14
	14  -  MemoryUsage of job (MB)
	15160  -  ResidentSetSize of job (KB)
...
006 (73340602.000.000) 2021-09-16 07:07:23 Image size of job updated: 438
	438  -  MemoryUsage of job (MB)
	449044  -  ResidentSetSize of job (KB)
...
006 (73340602.000.000) 2021-09-16 07:08:24 Image size of job updated: 500
	500  -  MemoryUsage of job (MB)
	512716  -  ResidentSetSize of job (KB)
...
006 (73340602.000.000) 2021-09-16 07:11:26 Image size of job updated: 523
	523  -  MemoryUsage of job (MB)
	536296  -  ResidentSetSize of job (KB)
...
006 (73340602.000.000) 2021-09-16 07:12:27 Image size of job updated: 570
	570  -  MemoryUsage of job (MB)
	584388  -  ResidentSetSize of job (KB)
...
006 (73340602.000.000) 2021-09-16 07:13:27 Image size of job updated: 616
	616  -  MemoryUsage of job (MB)
	631560  -  ResidentSetSize of job (KB)
...
006 (73340602.000.000) 2021-09-16 07:14:28 Image size of job updated: 657
	657  -  MemoryUsage of job (MB)
	672984  -  ResidentSetSize of job (KB)
...
006 (73340602.000.000) 2021-09-16 07:15:29 Image size of job updated: 692
	692  -  MemoryUsage of job (MB)
	709076  -  ResidentSetSize of job (KB)
...
006 (73340602.000.000) 2021-09-16 07:16:29 Image size of job updated: 725
	725  -  MemoryUsage of job (MB)
	742416  -  ResidentSetSize of job (KB)
...
006 (73340602.000.000) 2021-09-16 07:17:30 Image size of job updated: 759
	759  -  MemoryUsage of job (MB)
	777440  -  ResidentSetSize of job (KB)
...
006 (73340602.000.000) 2021-09-16 07:18:31 Image size of job updated: 788
	788  -  MemoryUsage of job (MB)
	807284  -  ResidentSetSize of job (KB)
...
006 (73340602.000.000) 2021-09-16 07:19:31 Image size of job updated: 817
	817  -  MemoryUsage of job (MB)
	837116  -  ResidentSetSize of job (KB)
...
006 (73340602.000.000) 2021-09-16 07:20:32 Image size of job updated: 849
	849  -  MemoryUsage of job (MB)
	870032  -  ResidentSetSize of job (KB)
...
006 (73340602.000.000) 2021-09-16 07:21:32 Image size of job updated: 875
	875  -  MemoryUsage of job (MB)
	896720  -  ResidentSetSize of job (KB)
...
006 (73340602.000.000) 2021-09-16 07:22:32 Image size of job updated: 912
	912  -  MemoryUsage of job (MB)
	934616  -  ResidentSetSize of job (KB)
...
006 (73340602.000.000) 2021-09-16 07:23:32 Image size of job updated: 938
	938  -  MemoryUsage of job (MB)
	961348  -  ResidentSetSize of job (KB)
...
006 (73340602.000.000) 2021-09-16 07:24:32 Image size of job updated: 963
	963  -  MemoryUsage of job (MB)
	986248  -  ResidentSetSize of job (KB)
...
006 (73340602.000.000) 2021-09-16 07:25:32 Image size of job updated: 986
	986  -  MemoryUsage of job (MB)
	1010172  -  ResidentSetSize of job (KB)
...
006 (73340602.000.000) 2021-09-16 07:26:33 Image size of job updated: 1009
	1009  -  MemoryUsage of job (MB)
	1034068  -  ResidentSetSize of job (KB)
...
006 (73340602.000.000) 2021-09-16 07:27:33 Image size of job updated: 1037
	1037  -  MemoryUsage of job (MB)
	1061916  -  ResidentSetSize of job (KB)
...
006 (73340602.000.000) 2021-09-16 07:28:33 Image size of job updated: 1069
	1069  -  MemoryUsage of job (MB)
	1095304  -  ResidentSetSize of job (KB)
...
006 (73340602.000.000) 2021-09-16 07:29:33 Image size of job updated: 1090
	1090  -  MemoryUsage of job (MB)
	1116348  -  ResidentSetSize of job (KB)
...
006 (73340602.000.000) 2021-09-16 07:30:34 Image size of job updated: 1111
	1111  -  MemoryUsage of job (MB)
	1138032  -  ResidentSetSize of job (KB)
...
006 (73340602.000.000) 2021-09-16 07:31:35 Image size of job updated: 1131
	1131  -  MemoryUsage of job (MB)
	1159156  -  ResidentSetSize of job (KB)
...
006 (73340602.000.000) 2021-09-16 07:32:35 Image size of job updated: 1152
	1152  -  MemoryUsage of job (MB)
	1180668  -  ResidentSetSize of job (KB)
...
006 (73340602.000.000) 2021-09-16 07:33:35 Image size of job updated: 1172
	1172  -  MemoryUsage of job (MB)
	1201020  -  ResidentSetSize of job (KB)
...
006 (73340602.000.000) 2021-09-16 07:34:35 Image size of job updated: 1192
	1192  -  MemoryUsage of job (MB)
	1221044  -  ResidentSetSize of job (KB)
...
006 (73340602.000.000) 2021-09-16 07:35:35 Image size of job updated: 1211
	1211  -  MemoryUsage of job (MB)
	1240656  -  ResidentSetSize of job (KB)
...
006 (73340602.000.000) 2021-09-16 07:36:36 Image size of job updated: 1230
	1230  -  MemoryUsage of job (MB)
	1259828  -  ResidentSetSize of job (KB)
...
006 (73340602.000.000) 2021-09-16 07:37:37 Image size of job updated: 1248
	1248  -  MemoryUsage of job (MB)
	1278632  -  ResidentSetSize of job (KB)
...
006 (73340602.000.000) 2021-09-16 07:38:38 Image size of job updated: 1266
	1266  -  MemoryUsage of job (MB)
	1296940  -  ResidentSetSize of job (KB)
...
006 (73340602.000.000) 2021-09-16 07:39:39 Image size of job updated: 1284
	1284  -  MemoryUsage of job (MB)
	1315328  -  ResidentSetSize of job (KB)
...
006 (73340602.000.000) 2021-09-16 07:40:39 Image size of job updated: 1302
	1302  -  MemoryUsage of job (MB)
	1333364  -  ResidentSetSize of job (KB)
...
006 (73340602.000.000) 2021-09-16 07:41:40 Image size of job updated: 1319
	1319  -  MemoryUsage of job (MB)
	1351200  -  ResidentSetSize of job (KB)
...
006 (73340602.000.000) 2021-09-16 07:42:41 Image size of job updated: 1336
	1336  -  MemoryUsage of job (MB)
	1368616  -  ResidentSetSize of job (KB)
...
006 (73340602.000.000) 2021-09-16 07:43:42 Image size of job updated: 1353
	1353  -  MemoryUsage of job (MB)
	1385924  -  ResidentSetSize of job (KB)
...
006 (73340602.000.000) 2021-09-16 07:44:43 Image size of job updated: 1370
	1370  -  MemoryUsage of job (MB)
	1402976  -  ResidentSetSize of job (KB)
...
006 (73340602.000.000) 2021-09-16 07:45:44 Image size of job updated: 1386
	1386  -  MemoryUsage of job (MB)
	1419684  -  ResidentSetSize of job (KB)
...
006 (73340602.000.000) 2021-09-16 07:46:46 Image size of job updated: 1402
	1402  -  MemoryUsage of job (MB)
	1436268  -  ResidentSetSize of job (KB)
...
006 (73340602.000.000) 2021-09-16 07:47:47 Image size of job updated: 1418
	1418  -  MemoryUsage of job (MB)
	1452716  -  ResidentSetSize of job (KB)
...
006 (73340602.000.000) 2021-09-16 07:48:47 Image size of job updated: 1433
	1433  -  MemoryUsage of job (MB)
	1467488  -  ResidentSetSize of job (KB)
...
006 (73340602.000.000) 2021-09-16 07:49:48 Image size of job updated: 1448
	1448  -  MemoryUsage of job (MB)
	1483732  -  ResidentSetSize of job (KB)
...
006 (73340602.000.000) 2021-09-16 07:50:49 Image size of job updated: 1464
	1464  -  MemoryUsage of job (MB)
	1499932  -  ResidentSetSize of job (KB)
...
006 (73340602.000.000) 2021-09-16 07:51:49 Image size of job updated: 1480
	1480  -  MemoryUsage of job (MB)
	1515988  -  ResidentSetSize of job (KB)
...
006 (73340602.000.000) 2021-09-16 07:52:49 Image size of job updated: 1494
	1494  -  MemoryUsage of job (MB)
	1530096  -  ResidentSetSize of job (KB)
...
006 (73340602.000.000) 2021-09-16 07:53:49 Image size of job updated: 1509
	1509  -  MemoryUsage of job (MB)
	1545776  -  ResidentSetSize of job (KB)
...
006 (73340602.000.000) 2021-09-16 07:54:49 Image size of job updated: 1524
	1524  -  MemoryUsage of job (MB)
	1561360  -  ResidentSetSize of job (KB)
...
006 (73340602.000.000) 2021-09-16 07:55:50 Image size of job updated: 1542
	1542  -  MemoryUsage of job (MB)
	1579128  -  ResidentSetSize of job (KB)
...
006 (73340602.000.000) 2021-09-16 07:56:50 Image size of job updated: 1656
	1656  -  MemoryUsage of job (MB)
	1696176  -  ResidentSetSize of job (KB)
...
006 (73340602.000.000) 2021-09-16 07:57:50 Image size of job updated: 1675
	1675  -  MemoryUsage of job (MB)
	1715432  -  ResidentSetSize of job (KB)
...
006 (73340602.000.000) 2021-09-16 07:58:51 Image size of job updated: 1683
	1683  -  MemoryUsage of job (MB)
	1724356  -  ResidentSetSize of job (KB)
...
006 (73340602.000.000) 2021-09-16 07:59:51 Image size of job updated: 1688
	1688  -  MemoryUsage of job (MB)
	1729200  -  ResidentSetSize of job (KB)
...
006 (73340602.000.000) 2021-09-16 08:00:52 Image size of job updated: 1695
	1695  -  MemoryUsage of job (MB)
	1736264  -  ResidentSetSize of job (KB)
...
006 (73340602.000.000) 2021-09-16 08:01:52 Image size of job updated: 1701
	1701  -  MemoryUsage of job (MB)
	1741980  -  ResidentSetSize of job (KB)
...
006 (73340602.000.000) 2021-09-16 08:02:53 Image size of job updated: 1703
	1703  -  MemoryUsage of job (MB)
	1744220  -  ResidentSetSize of job (KB)
...
006 (73340602.000.000) 2021-09-16 08:03:55 Image size of job updated: 1705
	1705  -  MemoryUsage of job (MB)
	1746536  -  ResidentSetSize of job (KB)
...
006 (73340602.000.000) 2021-09-16 08:04:55 Image size of job updated: 1707
	1707  -  MemoryUsage of job (MB)
	1748092  -  ResidentSetSize of job (KB)
...
006 (73340602.000.000) 2021-09-16 08:05:55 Image size of job updated: 1709
	1709  -  MemoryUsage of job (MB)
	1750108  -  ResidentSetSize of job (KB)
...
006 (73340602.000.000) 2021-09-16 08:06:55 Image size of job updated: 1710
	1710  -  MemoryUsage of job (MB)
	1751960  -  ResidentSetSize of job (KB)
...
006 (73340602.000.000) 2021-09-16 08:07:56 Image size of job updated: 1712
	1712  -  MemoryUsage of job (MB)
	1753600  -  ResidentSetSize of job (KB)
...
006 (73340602.000.000) 2021-09-16 08:08:57 Image size of job updated: 1715
	1715  -  MemoryUsage of job (MB)
	1756788  -  ResidentSetSize of job (KB)
...
006 (73340602.000.000) 2021-09-16 08:09:58 Image size of job updated: 1717
	1717  -  MemoryUsage of job (MB)
	1758828  -  ResidentSetSize of job (KB)
...
006 (73340602.000.000) 2021-09-16 08:10:59 Image size of job updated: 1719
	1719  -  MemoryUsage of job (MB)
	1760472  -  ResidentSetSize of job (KB)
...
006 (73340602.000.000) 2021-09-16 08:11:59 Image size of job updated: 1721
	1721  -  MemoryUsage of job (MB)
	1762780  -  ResidentSetSize of job (KB)
...
006 (73340602.000.000) 2021-09-16 08:13:00 Image size of job updated: 1725
	1725  -  MemoryUsage of job (MB)
	1766960  -  ResidentSetSize of job (KB)
...
006 (73340602.000.000) 2021-09-16 08:14:00 Image size of job updated: 1726
	1726  -  MemoryUsage of job (MB)
	1768192  -  ResidentSetSize of job (KB)
...
006 (73340602.000.000) 2021-09-16 08:15:00 Image size of job updated: 1728
	1728  -  MemoryUsage of job (MB)
	1770404  -  ResidentSetSize of job (KB)
...
006 (73340602.000.000) 2021-09-16 08:16:01 Image size of job updated: 1730
	1730  -  MemoryUsage of job (MB)
	1771796  -  ResidentSetSize of job (KB)
...
006 (73340602.000.000) 2021-09-16 08:17:01 Image size of job updated: 1732
	1732  -  MemoryUsage of job (MB)
	1773636  -  ResidentSetSize of job (KB)
...
006 (73340602.000.000) 2021-09-16 08:18:02 Image size of job updated: 1733
	1733  -  MemoryUsage of job (MB)
	1774704  -  ResidentSetSize of job (KB)
...
006 (73340602.000.000) 2021-09-16 08:19:03 Image size of job updated: 1734
	1734  -  MemoryUsage of job (MB)
	1776032  -  ResidentSetSize of job (KB)
...
006 (73340602.000.000) 2021-09-16 08:20:05 Image size of job updated: 1736
	1736  -  MemoryUsage of job (MB)
	1777672  -  ResidentSetSize of job (KB)
...
006 (73340602.000.000) 2021-09-16 08:21:06 Image size of job updated: 1737
	1737  -  MemoryUsage of job (MB)
	1779212  -  ResidentSetSize of job (KB)
...
006 (73340602.000.000) 2021-09-16 08:22:06 Image size of job updated: 1738
	1738  -  MemoryUsage of job (MB)
	1780716  -  ResidentSetSize of job (KB)
...
006 (73340602.000.000) 2021-09-16 08:23:06 Image size of job updated: 1740
	1740  -  MemoryUsage of job (MB)
	1782020  -  ResidentSetSize of job (KB)
...
006 (73340602.000.000) 2021-09-16 08:24:06 Image size of job updated: 1741
	1741  -  MemoryUsage of job (MB)
	1783360  -  ResidentSetSize of job (KB)
...
006 (73340602.000.000) 2021-09-16 08:25:06 Image size of job updated: 1743
	1743  -  MemoryUsage of job (MB)
	1785152  -  ResidentSetSize of job (KB)
...
006 (73340602.000.000) 2021-09-16 08:26:06 Image size of job updated: 1744
	1744  -  MemoryUsage of job (MB)
	1786308  -  ResidentSetSize of job (KB)
...
006 (73340602.000.000) 2021-09-16 08:27:08 Image size of job updated: 1746
	1746  -  MemoryUsage of job (MB)
	1788224  -  ResidentSetSize of job (KB)
...
006 (73340602.000.000) 2021-09-16 08:28:09 Image size of job updated: 1747
	1747  -  MemoryUsage of job (MB)
	1789264  -  ResidentSetSize of job (KB)
...
006 (73340602.000.000) 2021-09-16 08:29:11 Image size of job updated: 1748
	1748  -  MemoryUsage of job (MB)
	1790604  -  ResidentSetSize of job (KB)
...
006 (73340602.000.000) 2021-09-16 08:30:11 Image size of job updated: 1749
	1749  -  MemoryUsage of job (MB)
	1791772  -  ResidentSetSize of job (KB)
...
006 (73340602.000.000) 2021-09-16 08:31:11 Image size of job updated: 1750
	1750  -  MemoryUsage of job (MB)
	1792868  -  ResidentSetSize of job (KB)
...
006 (73340602.000.000) 2021-09-16 08:32:12 Image size of job updated: 1751
	1751  -  MemoryUsage of job (MB)
	1793988  -  ResidentSetSize of job (KB)
...
006 (73340602.000.000) 2021-09-16 08:33:13 Image size of job updated: 1753
	1753  -  MemoryUsage of job (MB)
	1795484  -  ResidentSetSize of job (KB)
...
006 (73340602.000.000) 2021-09-16 08:34:14 Image size of job updated: 1754
	1754  -  MemoryUsage of job (MB)
	1796788  -  ResidentSetSize of job (KB)
...
006 (73340602.000.000) 2021-09-16 08:35:15 Image size of job updated: 1755
	1755  -  MemoryUsage of job (MB)
	1797536  -  ResidentSetSize of job (KB)
...
040 (73340602.000.000) 2021-09-16 08:35:16 Started transferring output files
...
040 (73340602.000.000) 2021-09-16 08:35:17 Finished transferring output files
...
005 (73340602.000.000) 2021-09-16 08:35:18 Job terminated.
	(1) Normal termination (return value 0)
		Usr 0 00:56:19, Sys 0 00:26:38  -  Run Remote Usage
		Usr 0 00:00:00, Sys 0 00:00:00  -  Run Local Usage
		Usr 0 00:56:19, Sys 0 00:26:38  -  Total Remote Usage
		Usr 0 00:00:00, Sys 0 00:00:00  -  Total Local Usage
	1220707  -  Run Bytes Sent By Job
	8471562  -  Run Bytes Received By Job
	1220707  -  Total Bytes Sent By Job
	8471562  -  Total Bytes Received By Job
	Partitionable Resources :    Usage  Request Allocated 
	   Cpus                 :     0.00        1         1 
	   Disk (KB)            : 18938       10000   1625735 
	   Memory (MB)          :  1755        2048      2048 

	Job terminated of its own accord at 2021-09-16T13:35:16Z.
...
000 (34672390.000.000) 2021-09-24 22:30:26 Job submitted from host: <131.225.188.57:9618?addrs=131.225.188.57-9618&alias=lpcschedd2.fnal.gov&noUDP&sock=schedd_2251_93c6>
...
040 (34672390.000.000) 2021-09-24 23:13:18 Started transferring input files
	Transferring to host: <131.225.205.170:9618?addrs=131.225.205.170-9618&alias=cmswn1944.fnal.gov&noUDP&sock=slot1_11_1539_1d58_5758>
...
040 (34672390.000.000) 2021-09-24 23:13:18 Finished transferring input files
...
001 (34672390.000.000) 2021-09-24 23:13:19 Job executing on host: <131.225.205.170:9618?addrs=131.225.205.170-9618&alias=cmswn1944.fnal.gov&noUDP&sock=startd_1440_4c77>
...
006 (34672390.000.000) 2021-09-24 23:13:28 Image size of job updated: 7
	7  -  MemoryUsage of job (MB)
	8020  -  ResidentSetSize of job (KB)
...
006 (34672390.000.000) 2021-09-24 23:14:29 Image size of job updated: 501
	501  -  MemoryUsage of job (MB)
	513780  -  ResidentSetSize of job (KB)
...
006 (34672390.000.000) 2021-09-24 23:18:30 Image size of job updated: 522
	522  -  MemoryUsage of job (MB)
	534592  -  ResidentSetSize of job (KB)
...
006 (34672390.000.000) 2021-09-24 23:19:31 Image size of job updated: 567
	567  -  MemoryUsage of job (MB)
	580968  -  ResidentSetSize of job (KB)
...
006 (34672390.000.000) 2021-09-24 23:20:31 Image size of job updated: 603
	603  -  MemoryUsage of job (MB)
	618488  -  ResidentSetSize of job (KB)
...
006 (34672390.000.000) 2021-09-24 23:21:31 Image size of job updated: 636
	636  -  MemoryUsage of job (MB)
	652168  -  ResidentSetSize of job (KB)
...
006 (34672390.000.000) 2021-09-24 23:22:32 Image size of job updated: 669
	669  -  MemoryUsage of job (MB)
	685260  -  ResidentSetSize of job (KB)
...
006 (34672390.000.000) 2021-09-24 23:23:33 Image size of job updated: 696
	696  -  MemoryUsage of job (MB)
	712808  -  ResidentSetSize of job (KB)
...
006 (34672390.000.000) 2021-09-24 23:24:33 Image size of job updated: 724
	724  -  MemoryUsage of job (MB)
	741688  -  ResidentSetSize of job (KB)
...
006 (34672390.000.000) 2021-09-24 23:25:34 Image size of job updated: 748
	748  -  MemoryUsage of job (MB)
	766372  -  ResidentSetSize of job (KB)
...
006 (34672390.000.000) 2021-09-24 23:26:34 Image size of job updated: 773
	773  -  MemoryUsage of job (MB)
	792476  -  ResidentSetSize of job (KB)
...
006 (34672390.000.000) 2021-09-24 23:27:35 Image size of job updated: 795
	795  -  MemoryUsage of job (MB)
	814832  -  ResidentSetSize of job (KB)
...
006 (34672390.000.000) 2021-09-24 23:28:35 Image size of job updated: 817
	817  -  MemoryUsage of job (MB)
	837104  -  ResidentSetSize of job (KB)
...
006 (34672390.000.000) 2021-09-24 23:29:35 Image size of job updated: 842
	842  -  MemoryUsage of job (MB)
	862212  -  ResidentSetSize of job (KB)
...
006 (34672390.000.000) 2021-09-24 23:30:35 Image size of job updated: 861
	861  -  MemoryUsage of job (MB)
	882224  -  ResidentSetSize of job (KB)
...
006 (34672390.000.000) 2021-09-24 23:31:36 Image size of job updated: 894
	894  -  MemoryUsage of job (MB)
	916324  -  ResidentSetSize of job (KB)
...
006 (34672390.000.000) 2021-09-24 23:32:36 Image size of job updated: 912
	912  -  MemoryUsage of job (MB)
	934784  -  ResidentSetSize of job (KB)
...
006 (34672390.000.000) 2021-09-24 23:33:36 Image size of job updated: 932
	932  -  MemoryUsage of job (MB)
	954880  -  ResidentSetSize of job (KB)
...
006 (34672390.000.000) 2021-09-24 23:34:37 Image size of job updated: 952
	952  -  MemoryUsage of job (MB)
	975072  -  ResidentSetSize of job (KB)
...
006 (34672390.000.000) 2021-09-24 23:35:38 Image size of job updated: 969
	969  -  MemoryUsage of job (MB)
	993232  -  ResidentSetSize of job (KB)
...
006 (34672390.000.000) 2021-09-24 23:36:38 Image size of job updated: 988
	988  -  MemoryUsage of job (MB)
	1012312  -  ResidentSetSize of job (KB)
...
006 (34672390.000.000) 2021-09-24 23:37:38 Image size of job updated: 1006
	1006  -  MemoryUsage of job (MB)
	1030668  -  ResidentSetSize of job (KB)
...
006 (34672390.000.000) 2021-09-24 23:38:38 Image size of job updated: 1028
	1028  -  MemoryUsage of job (MB)
	1053008  -  ResidentSetSize of job (KB)
...
006 (34672390.000.000) 2021-09-24 23:39:38 Image size of job updated: 1050
	1050  -  MemoryUsage of job (MB)
	1075596  -  ResidentSetSize of job (KB)
...
006 (34672390.000.000) 2021-09-24 23:40:38 Image size of job updated: 1074
	1074  -  MemoryUsage of job (MB)
	1100760  -  ResidentSetSize of job (KB)
...
006 (34672390.000.000) 2021-09-24 23:41:39 Image size of job updated: 1093
	1093  -  MemoryUsage of job (MB)
	1119720  -  ResidentSetSize of job (KB)
...
006 (34672390.000.000) 2021-09-24 23:42:39 Image size of job updated: 1109
	1109  -  MemoryUsage of job (MB)
	1136404  -  ResidentSetSize of job (KB)
...
006 (34672390.000.000) 2021-09-24 23:43:39 Image size of job updated: 1125
	1125  -  MemoryUsage of job (MB)
	1152992  -  ResidentSetSize of job (KB)
...
006 (34672390.000.000) 2021-09-24 23:44:40 Image size of job updated: 1143
	1143  -  MemoryUsage of job (MB)
	1171128  -  ResidentSetSize of job (KB)
...
006 (34672390.000.000) 2021-09-24 23:45:40 Image size of job updated: 1160
	1160  -  MemoryUsage of job (MB)
	1187896  -  ResidentSetSize of job (KB)
...
006 (34672390.000.000) 2021-09-24 23:46:41 Image size of job updated: 1177
	1177  -  MemoryUsage of job (MB)
	1205340  -  ResidentSetSize of job (KB)
...
006 (34672390.000.000) 2021-09-24 23:47:41 Image size of job updated: 1192
	1192  -  MemoryUsage of job (MB)
	1220820  -  ResidentSetSize of job (KB)
...
006 (34672390.000.000) 2021-09-24 23:48:43 Image size of job updated: 1208
	1208  -  MemoryUsage of job (MB)
	1237704  -  ResidentSetSize of job (KB)
...
006 (34672390.000.000) 2021-09-24 23:49:43 Image size of job updated: 1223
	1223  -  MemoryUsage of job (MB)
	1252760  -  ResidentSetSize of job (KB)
...
006 (34672390.000.000) 2021-09-24 23:50:45 Image size of job updated: 1239
	1239  -  MemoryUsage of job (MB)
	1269052  -  ResidentSetSize of job (KB)
...
006 (34672390.000.000) 2021-09-24 23:51:46 Image size of job updated: 1253
	1253  -  MemoryUsage of job (MB)
	1283668  -  ResidentSetSize of job (KB)
...
006 (34672390.000.000) 2021-09-24 23:52:46 Image size of job updated: 1269
	1269  -  MemoryUsage of job (MB)
	1299524  -  ResidentSetSize of job (KB)
...
006 (34672390.000.000) 2021-09-24 23:53:46 Image size of job updated: 1282
	1282  -  MemoryUsage of job (MB)
	1313776  -  ResidentSetSize of job (KB)
...
006 (34672390.000.000) 2021-09-24 23:54:46 Image size of job updated: 1296
	1296  -  MemoryUsage of job (MB)
	1327764  -  ResidentSetSize of job (KB)
...
006 (34672390.000.000) 2021-09-24 23:55:46 Image size of job updated: 1311
	1311  -  MemoryUsage of job (MB)
	1343080  -  ResidentSetSize of job (KB)
...
006 (34672390.000.000) 2021-09-24 23:56:47 Image size of job updated: 1324
	1324  -  MemoryUsage of job (MB)
	1356656  -  ResidentSetSize of job (KB)
...
006 (34672390.000.000) 2021-09-24 23:57:48 Image size of job updated: 1339
	1339  -  MemoryUsage of job (MB)
	1371536  -  ResidentSetSize of job (KB)
...
006 (34672390.000.000) 2021-09-24 23:58:49 Image size of job updated: 1352
	1352  -  MemoryUsage of job (MB)
	1384772  -  ResidentSetSize of job (KB)
...
006 (34672390.000.000) 2021-09-24 23:59:50 Image size of job updated: 1366
	1366  -  MemoryUsage of job (MB)
	1399188  -  ResidentSetSize of job (KB)
...
006 (34672390.000.000) 2021-09-25 00:00:51 Image size of job updated: 1378
	1378  -  MemoryUsage of job (MB)
	1411964  -  ResidentSetSize of job (KB)
...
006 (34672390.000.000) 2021-09-25 00:01:52 Image size of job updated: 1392
	1392  -  MemoryUsage of job (MB)
	1425900  -  ResidentSetSize of job (KB)
...
006 (34672390.000.000) 2021-09-25 00:02:53 Image size of job updated: 1407
	1407  -  MemoryUsage of job (MB)
	1440932  -  ResidentSetSize of job (KB)
...
006 (34672390.000.000) 2021-09-25 00:03:53 Image size of job updated: 1422
	1422  -  MemoryUsage of job (MB)
	1456544  -  ResidentSetSize of job (KB)
...
006 (34672390.000.000) 2021-09-25 00:04:53 Image size of job updated: 1438
	1438  -  MemoryUsage of job (MB)
	1473516  -  ResidentSetSize of job (KB)
...
006 (34672390.000.000) 2021-09-25 00:05:54 Image size of job updated: 1453
	1453  -  MemoryUsage of job (MB)
	1488596  -  ResidentSetSize of job (KB)
...
006 (34672390.000.000) 2021-09-25 00:06:54 Image size of job updated: 1468
	1468  -  MemoryUsage of job (MB)
	1503528  -  ResidentSetSize of job (KB)
...
006 (34672390.000.000) 2021-09-25 00:07:54 Image size of job updated: 1484
	1484  -  MemoryUsage of job (MB)
	1519932  -  ResidentSetSize of job (KB)
...
006 (34672390.000.000) 2021-09-25 00:08:55 Image size of job updated: 1498
	1498  -  MemoryUsage of job (MB)
	1534424  -  ResidentSetSize of job (KB)
...
006 (34672390.000.000) 2021-09-25 00:09:56 Image size of job updated: 1514
	1514  -  MemoryUsage of job (MB)
	1550388  -  ResidentSetSize of job (KB)
...
006 (34672390.000.000) 2021-09-25 00:10:57 Image size of job updated: 1527
	1527  -  MemoryUsage of job (MB)
	1564652  -  ResidentSetSize of job (KB)
...
006 (34672390.000.000) 2021-09-25 00:11:58 Image size of job updated: 1547
	1547  -  MemoryUsage of job (MB)
	1584408  -  ResidentSetSize of job (KB)
...
006 (34672390.000.000) 2021-09-25 00:12:58 Image size of job updated: 1678
	1678  -  MemoryUsage of job (MB)
	1718788  -  ResidentSetSize of job (KB)
...
006 (34672390.000.000) 2021-09-25 00:13:59 Image size of job updated: 1694
	1694  -  MemoryUsage of job (MB)
	1735352  -  ResidentSetSize of job (KB)
...
006 (34672390.000.000) 2021-09-25 00:15:00 Image size of job updated: 1704
	1704  -  MemoryUsage of job (MB)
	1745680  -  ResidentSetSize of job (KB)
...
006 (34672390.000.000) 2021-09-25 00:16:01 Image size of job updated: 1714
	1714  -  MemoryUsage of job (MB)
	1755220  -  ResidentSetSize of job (KB)
...
006 (34672390.000.000) 2021-09-25 00:17:02 Image size of job updated: 1719
	1719  -  MemoryUsage of job (MB)
	1760852  -  ResidentSetSize of job (KB)
...
006 (34672390.000.000) 2021-09-25 00:18:02 Image size of job updated: 1723
	1723  -  MemoryUsage of job (MB)
	1765324  -  ResidentSetSize of job (KB)
...
006 (34672390.000.000) 2021-09-25 00:19:02 Image size of job updated: 1728
	1728  -  MemoryUsage of job (MB)
	1769932  -  ResidentSetSize of job (KB)
...
006 (34672390.000.000) 2021-09-25 00:20:02 Image size of job updated: 1733
	1733  -  MemoryUsage of job (MB)
	1775416  -  ResidentSetSize of job (KB)
...
006 (34672390.000.000) 2021-09-25 00:21:03 Image size of job updated: 1736
	1736  -  MemoryUsage of job (MB)
	1777956  -  ResidentSetSize of job (KB)
...
006 (34672390.000.000) 2021-09-25 00:22:04 Image size of job updated: 1740
	1740  -  MemoryUsage of job (MB)
	1782236  -  ResidentSetSize of job (KB)
...
006 (34672390.000.000) 2021-09-25 00:23:04 Image size of job updated: 1742
	1742  -  MemoryUsage of job (MB)
	1784396  -  ResidentSetSize of job (KB)
...
006 (34672390.000.000) 2021-09-25 00:24:05 Image size of job updated: 1745
	1745  -  MemoryUsage of job (MB)
	1787272  -  ResidentSetSize of job (KB)
...
006 (34672390.000.000) 2021-09-25 00:25:05 Image size of job updated: 1747
	1747  -  MemoryUsage of job (MB)
	1789468  -  ResidentSetSize of job (KB)
...
006 (34672390.000.000) 2021-09-25 00:26:06 Image size of job updated: 1749
	1749  -  MemoryUsage of job (MB)
	1791924  -  ResidentSetSize of job (KB)
...
006 (34672390.000.000) 2021-09-25 00:27:06 Image size of job updated: 1752
	1752  -  MemoryUsage of job (MB)
	1794524  -  ResidentSetSize of job (KB)
...
006 (34672390.000.000) 2021-09-25 00:28:07 Image size of job updated: 1754
	1754  -  MemoryUsage of job (MB)
	1796860  -  ResidentSetSize of job (KB)
...
006 (34672390.000.000) 2021-09-25 00:29:07 Image size of job updated: 1756
	1756  -  MemoryUsage of job (MB)
	1798980  -  ResidentSetSize of job (KB)
...
006 (34672390.000.000) 2021-09-25 00:30:08 Image size of job updated: 1758
	1758  -  MemoryUsage of job (MB)
	1801164  -  ResidentSetSize of job (KB)
...
006 (34672390.000.000) 2021-09-25 00:31:09 Image size of job updated: 1759
	1759  -  MemoryUsage of job (MB)
	1802092  -  ResidentSetSize of job (KB)
...
040 (34672390.000.000) 2021-09-25 00:31:15 Started transferring output files
...
040 (34672390.000.000) 2021-09-25 00:31:15 Finished transferring output files
...
005 (34672390.000.000) 2021-09-25 00:31:17 Job terminated.
	(1) Normal termination (return value 0)
		Usr 0 00:00:00, Sys 0 00:00:00  -  Run Remote Usage
		Usr 0 00:00:00, Sys 0 00:00:00  -  Run Local Usage
		Usr 0 01:05:24, Sys 0 00:06:53  -  Total Remote Usage
		Usr 0 00:00:00, Sys 0 00:00:00  -  Total Local Usage
	1228041  -  Run Bytes Sent By Job
	8471570  -  Run Bytes Received By Job
	1228041  -  Total Bytes Sent By Job
	8471570  -  Total Bytes Received By Job
	Partitionable Resources :    Usage  Request Allocated 
	   Cpus                 :     0.00        1         1 
	   Disk (KB)            : 18575       10000   1641712 
	   Memory (MB)          :  1759        2048      2048 

	Job terminated of its own accord at 2021-09-25T05:31:15Z.
...
