000 (73340548.000.000) 2021-09-16 05:44:49 Job submitted from host: <131.225.188.235:9618?addrs=131.225.188.235-9618&alias=lpcschedd3.fnal.gov&noUDP&sock=schedd_2706_ab5d>
...
040 (73340548.000.000) 2021-09-16 06:38:45 Started transferring input files
	Transferring to host: <131.225.188.17:9618?addrs=131.225.188.17-9618&alias=cmswn2020.fnal.gov&noUDP&sock=slot1_17_34455_6a12_8082>
...
040 (73340548.000.000) 2021-09-16 06:38:45 Finished transferring input files
...
001 (73340548.000.000) 2021-09-16 06:38:46 Job executing on host: <131.225.188.17:9618?addrs=131.225.188.17-9618&alias=cmswn2020.fnal.gov&noUDP&sock=startd_1942_a102>
...
006 (73340548.000.000) 2021-09-16 06:38:55 Image size of job updated: 26
	26  -  MemoryUsage of job (MB)
	27436  -  ResidentSetSize of job (KB)
...
006 (73340548.000.000) 2021-09-16 06:39:56 Image size of job updated: 439
	439  -  MemoryUsage of job (MB)
	449768  -  ResidentSetSize of job (KB)
...
006 (73340548.000.000) 2021-09-16 06:40:56 Image size of job updated: 558
	558  -  MemoryUsage of job (MB)
	571988  -  ResidentSetSize of job (KB)
...
006 (73340548.000.000) 2021-09-16 06:44:57 Image size of job updated: 568
	568  -  MemoryUsage of job (MB)
	582552  -  ResidentSetSize of job (KB)
...
006 (73340548.000.000) 2021-09-16 06:45:57 Image size of job updated: 614
	614  -  MemoryUsage of job (MB)
	628824  -  ResidentSetSize of job (KB)
...
006 (73340548.000.000) 2021-09-16 06:46:57 Image size of job updated: 653
	653  -  MemoryUsage of job (MB)
	669620  -  ResidentSetSize of job (KB)
...
006 (73340548.000.000) 2021-09-16 06:47:58 Image size of job updated: 694
	694  -  MemoryUsage of job (MB)
	711056  -  ResidentSetSize of job (KB)
...
006 (73340548.000.000) 2021-09-16 06:48:58 Image size of job updated: 727
	727  -  MemoryUsage of job (MB)
	745052  -  ResidentSetSize of job (KB)
...
006 (73340548.000.000) 2021-09-16 06:49:59 Image size of job updated: 759
	759  -  MemoryUsage of job (MB)
	777660  -  ResidentSetSize of job (KB)
...
006 (73340548.000.000) 2021-09-16 06:50:59 Image size of job updated: 790
	790  -  MemoryUsage of job (MB)
	809260  -  ResidentSetSize of job (KB)
...
006 (73340548.000.000) 2021-09-16 06:52:00 Image size of job updated: 819
	819  -  MemoryUsage of job (MB)
	839608  -  ResidentSetSize of job (KB)
...
006 (73340548.000.000) 2021-09-16 06:53:01 Image size of job updated: 850
	850  -  MemoryUsage of job (MB)
	870436  -  ResidentSetSize of job (KB)
...
006 (73340548.000.000) 2021-09-16 06:54:01 Image size of job updated: 877
	877  -  MemoryUsage of job (MB)
	898476  -  ResidentSetSize of job (KB)
...
006 (73340548.000.000) 2021-09-16 06:55:02 Image size of job updated: 914
	914  -  MemoryUsage of job (MB)
	936844  -  ResidentSetSize of job (KB)
...
006 (73340548.000.000) 2021-09-16 06:56:03 Image size of job updated: 941
	941  -  MemoryUsage of job (MB)
	964604  -  ResidentSetSize of job (KB)
...
006 (73340548.000.000) 2021-09-16 06:57:05 Image size of job updated: 969
	969  -  MemoryUsage of job (MB)
	993144  -  ResidentSetSize of job (KB)
...
006 (73340548.000.000) 2021-09-16 06:58:05 Image size of job updated: 993
	993  -  MemoryUsage of job (MB)
	1017664  -  ResidentSetSize of job (KB)
...
006 (73340548.000.000) 2021-09-16 06:59:05 Image size of job updated: 1019
	1019  -  MemoryUsage of job (MB)
	1044156  -  ResidentSetSize of job (KB)
...
006 (73340548.000.000) 2021-09-16 07:00:06 Image size of job updated: 1044
	1044  -  MemoryUsage of job (MB)
	1069812  -  ResidentSetSize of job (KB)
...
006 (73340548.000.000) 2021-09-16 07:01:07 Image size of job updated: 1076
	1076  -  MemoryUsage of job (MB)
	1102428  -  ResidentSetSize of job (KB)
...
006 (73340548.000.000) 2021-09-16 07:02:07 Image size of job updated: 1098
	1098  -  MemoryUsage of job (MB)
	1124536  -  ResidentSetSize of job (KB)
...
006 (73340548.000.000) 2021-09-16 07:03:07 Image size of job updated: 1119
	1119  -  MemoryUsage of job (MB)
	1145956  -  ResidentSetSize of job (KB)
...
006 (73340548.000.000) 2021-09-16 07:04:08 Image size of job updated: 1139
	1139  -  MemoryUsage of job (MB)
	1167328  -  ResidentSetSize of job (KB)
...
006 (73340548.000.000) 2021-09-16 07:05:10 Image size of job updated: 1163
	1163  -  MemoryUsage of job (MB)
	1191128  -  ResidentSetSize of job (KB)
...
006 (73340548.000.000) 2021-09-16 07:06:10 Image size of job updated: 1182
	1182  -  MemoryUsage of job (MB)
	1211372  -  ResidentSetSize of job (KB)
...
006 (73340548.000.000) 2021-09-16 07:07:10 Image size of job updated: 1202
	1202  -  MemoryUsage of job (MB)
	1231228  -  ResidentSetSize of job (KB)
...
006 (73340548.000.000) 2021-09-16 07:08:10 Image size of job updated: 1221
	1221  -  MemoryUsage of job (MB)
	1250808  -  ResidentSetSize of job (KB)
...
006 (73340548.000.000) 2021-09-16 07:09:11 Image size of job updated: 1240
	1240  -  MemoryUsage of job (MB)
	1269988  -  ResidentSetSize of job (KB)
...
006 (73340548.000.000) 2021-09-16 07:10:12 Image size of job updated: 1258
	1258  -  MemoryUsage of job (MB)
	1288788  -  ResidentSetSize of job (KB)
...
006 (73340548.000.000) 2021-09-16 07:11:12 Image size of job updated: 1276
	1276  -  MemoryUsage of job (MB)
	1307072  -  ResidentSetSize of job (KB)
...
006 (73340548.000.000) 2021-09-16 07:12:12 Image size of job updated: 1294
	1294  -  MemoryUsage of job (MB)
	1325312  -  ResidentSetSize of job (KB)
...
006 (73340548.000.000) 2021-09-16 07:13:13 Image size of job updated: 1311
	1311  -  MemoryUsage of job (MB)
	1343252  -  ResidentSetSize of job (KB)
...
006 (73340548.000.000) 2021-09-16 07:14:13 Image size of job updated: 1328
	1328  -  MemoryUsage of job (MB)
	1360872  -  ResidentSetSize of job (KB)
...
006 (73340548.000.000) 2021-09-16 07:15:14 Image size of job updated: 1347
	1347  -  MemoryUsage of job (MB)
	1380192  -  ResidentSetSize of job (KB)
...
006 (73340548.000.000) 2021-09-16 07:16:15 Image size of job updated: 1364
	1364  -  MemoryUsage of job (MB)
	1397440  -  ResidentSetSize of job (KB)
...
006 (73340548.000.000) 2021-09-16 07:17:16 Image size of job updated: 1381
	1381  -  MemoryUsage of job (MB)
	1414256  -  ResidentSetSize of job (KB)
...
006 (73340548.000.000) 2021-09-16 07:18:16 Image size of job updated: 1397
	1397  -  MemoryUsage of job (MB)
	1430960  -  ResidentSetSize of job (KB)
...
006 (73340548.000.000) 2021-09-16 07:19:17 Image size of job updated: 1413
	1413  -  MemoryUsage of job (MB)
	1447492  -  ResidentSetSize of job (KB)
...
006 (73340548.000.000) 2021-09-16 07:20:18 Image size of job updated: 1429
	1429  -  MemoryUsage of job (MB)
	1463776  -  ResidentSetSize of job (KB)
...
006 (73340548.000.000) 2021-09-16 07:21:18 Image size of job updated: 1445
	1445  -  MemoryUsage of job (MB)
	1479748  -  ResidentSetSize of job (KB)
...
006 (73340548.000.000) 2021-09-16 07:22:18 Image size of job updated: 1460
	1460  -  MemoryUsage of job (MB)
	1495624  -  ResidentSetSize of job (KB)
...
006 (73340548.000.000) 2021-09-16 07:23:19 Image size of job updated: 1477
	1477  -  MemoryUsage of job (MB)
	1513192  -  ResidentSetSize of job (KB)
...
006 (73340548.000.000) 2021-09-16 07:24:20 Image size of job updated: 1492
	1492  -  MemoryUsage of job (MB)
	1528700  -  ResidentSetSize of job (KB)
...
006 (73340548.000.000) 2021-09-16 07:25:20 Image size of job updated: 1507
	1507  -  MemoryUsage of job (MB)
	1544092  -  ResidentSetSize of job (KB)
...
006 (73340548.000.000) 2021-09-16 07:26:20 Image size of job updated: 1522
	1522  -  MemoryUsage of job (MB)
	1559272  -  ResidentSetSize of job (KB)
...
006 (73340548.000.000) 2021-09-16 07:27:20 Image size of job updated: 1541
	1541  -  MemoryUsage of job (MB)
	1578452  -  ResidentSetSize of job (KB)
...
006 (73340548.000.000) 2021-09-16 07:28:20 Image size of job updated: 1629
	1629  -  MemoryUsage of job (MB)
	1668588  -  ResidentSetSize of job (KB)
...
006 (73340548.000.000) 2021-09-16 07:29:20 Image size of job updated: 1666
	1666  -  MemoryUsage of job (MB)
	1706164  -  ResidentSetSize of job (KB)
...
006 (73340548.000.000) 2021-09-16 07:30:20 Image size of job updated: 1674
	1674  -  MemoryUsage of job (MB)
	1715100  -  ResidentSetSize of job (KB)
...
006 (73340548.000.000) 2021-09-16 07:31:21 Image size of job updated: 1682
	1682  -  MemoryUsage of job (MB)
	1723204  -  ResidentSetSize of job (KB)
...
006 (73340548.000.000) 2021-09-16 07:32:22 Image size of job updated: 1687
	1687  -  MemoryUsage of job (MB)
	1727736  -  ResidentSetSize of job (KB)
...
006 (73340548.000.000) 2021-09-16 07:33:23 Image size of job updated: 1693
	1693  -  MemoryUsage of job (MB)
	1734344  -  ResidentSetSize of job (KB)
...
006 (73340548.000.000) 2021-09-16 07:34:23 Image size of job updated: 1697
	1697  -  MemoryUsage of job (MB)
	1738016  -  ResidentSetSize of job (KB)
...
006 (73340548.000.000) 2021-09-16 07:35:23 Image size of job updated: 1699
	1699  -  MemoryUsage of job (MB)
	1740456  -  ResidentSetSize of job (KB)
...
006 (73340548.000.000) 2021-09-16 07:36:24 Image size of job updated: 1702
	1702  -  MemoryUsage of job (MB)
	1742948  -  ResidentSetSize of job (KB)
...
006 (73340548.000.000) 2021-09-16 07:37:24 Image size of job updated: 1704
	1704  -  MemoryUsage of job (MB)
	1745384  -  ResidentSetSize of job (KB)
...
006 (73340548.000.000) 2021-09-16 07:38:25 Image size of job updated: 1706
	1706  -  MemoryUsage of job (MB)
	1747404  -  ResidentSetSize of job (KB)
...
006 (73340548.000.000) 2021-09-16 07:39:26 Image size of job updated: 1710
	1710  -  MemoryUsage of job (MB)
	1752044  -  ResidentSetSize of job (KB)
...
006 (73340548.000.000) 2021-09-16 07:40:27 Image size of job updated: 1713
	1713  -  MemoryUsage of job (MB)
	1754312  -  ResidentSetSize of job (KB)
...
006 (73340548.000.000) 2021-09-16 07:41:27 Image size of job updated: 1716
	1716  -  MemoryUsage of job (MB)
	1757244  -  ResidentSetSize of job (KB)
...
006 (73340548.000.000) 2021-09-16 07:42:28 Image size of job updated: 1717
	1717  -  MemoryUsage of job (MB)
	1758216  -  ResidentSetSize of job (KB)
...
006 (73340548.000.000) 2021-09-16 07:43:28 Image size of job updated: 1717
	1717  -  MemoryUsage of job (MB)
	1758984  -  ResidentSetSize of job (KB)
...
006 (73340548.000.000) 2021-09-16 07:44:29 Image size of job updated: 1718
	1718  -  MemoryUsage of job (MB)
	1760112  -  ResidentSetSize of job (KB)
...
006 (73340548.000.000) 2021-09-16 07:45:29 Image size of job updated: 1719
	1719  -  MemoryUsage of job (MB)
	1760904  -  ResidentSetSize of job (KB)
...
006 (73340548.000.000) 2021-09-16 07:46:30 Image size of job updated: 1720
	1720  -  MemoryUsage of job (MB)
	1761952  -  ResidentSetSize of job (KB)
...
006 (73340548.000.000) 2021-09-16 07:47:30 Image size of job updated: 1722
	1722  -  MemoryUsage of job (MB)
	1763880  -  ResidentSetSize of job (KB)
...
006 (73340548.000.000) 2021-09-16 07:48:30 Image size of job updated: 1724
	1724  -  MemoryUsage of job (MB)
	1765452  -  ResidentSetSize of job (KB)
...
006 (73340548.000.000) 2021-09-16 07:49:31 Image size of job updated: 1725
	1725  -  MemoryUsage of job (MB)
	1766680  -  ResidentSetSize of job (KB)
...
006 (73340548.000.000) 2021-09-16 07:50:33 Image size of job updated: 1726
	1726  -  MemoryUsage of job (MB)
	1767632  -  ResidentSetSize of job (KB)
...
006 (73340548.000.000) 2021-09-16 07:51:33 Image size of job updated: 1727
	1727  -  MemoryUsage of job (MB)
	1768700  -  ResidentSetSize of job (KB)
...
006 (73340548.000.000) 2021-09-16 07:52:34 Image size of job updated: 1728
	1728  -  MemoryUsage of job (MB)
	1769900  -  ResidentSetSize of job (KB)
...
006 (73340548.000.000) 2021-09-16 07:53:35 Image size of job updated: 1729
	1729  -  MemoryUsage of job (MB)
	1770976  -  ResidentSetSize of job (KB)
...
006 (73340548.000.000) 2021-09-16 07:54:36 Image size of job updated: 1730
	1730  -  MemoryUsage of job (MB)
	1772144  -  ResidentSetSize of job (KB)
...
006 (73340548.000.000) 2021-09-16 07:55:37 Image size of job updated: 1731
	1731  -  MemoryUsage of job (MB)
	1772664  -  ResidentSetSize of job (KB)
...
006 (73340548.000.000) 2021-09-16 07:56:38 Image size of job updated: 1732
	1732  -  MemoryUsage of job (MB)
	1773636  -  ResidentSetSize of job (KB)
...
006 (73340548.000.000) 2021-09-16 07:57:40 Image size of job updated: 1732
	1732  -  MemoryUsage of job (MB)
	1774508  -  ResidentSetSize of job (KB)
...
006 (73340548.000.000) 2021-09-16 07:58:40 Image size of job updated: 1733
	1733  -  MemoryUsage of job (MB)
	1774932  -  ResidentSetSize of job (KB)
...
006 (73340548.000.000) 2021-09-16 07:59:41 Image size of job updated: 1734
	1734  -  MemoryUsage of job (MB)
	1775980  -  ResidentSetSize of job (KB)
...
006 (73340548.000.000) 2021-09-16 08:00:42 Image size of job updated: 1735
	1735  -  MemoryUsage of job (MB)
	1776768  -  ResidentSetSize of job (KB)
...
006 (73340548.000.000) 2021-09-16 08:01:43 Image size of job updated: 1735
	1735  -  MemoryUsage of job (MB)
	1777572  -  ResidentSetSize of job (KB)
...
006 (73340548.000.000) 2021-09-16 08:02:44 Image size of job updated: 1736
	1736  -  MemoryUsage of job (MB)
	1778472  -  ResidentSetSize of job (KB)
...
006 (73340548.000.000) 2021-09-16 08:03:45 Image size of job updated: 1737
	1737  -  MemoryUsage of job (MB)
	1779248  -  ResidentSetSize of job (KB)
...
006 (73340548.000.000) 2021-09-16 08:04:47 Image size of job updated: 1738
	1738  -  MemoryUsage of job (MB)
	1780728  -  ResidentSetSize of job (KB)
...
006 (73340548.000.000) 2021-09-16 08:05:47 Image size of job updated: 1740
	1740  -  MemoryUsage of job (MB)
	1781896  -  ResidentSetSize of job (KB)
...
006 (73340548.000.000) 2021-09-16 08:06:47 Image size of job updated: 1740
	1740  -  MemoryUsage of job (MB)
	1782660  -  ResidentSetSize of job (KB)
...
006 (73340548.000.000) 2021-09-16 08:07:47 Image size of job updated: 1741
	1741  -  MemoryUsage of job (MB)
	1783624  -  ResidentSetSize of job (KB)
...
006 (73340548.000.000) 2021-09-16 08:08:48 Image size of job updated: 1742
	1742  -  MemoryUsage of job (MB)
	1784348  -  ResidentSetSize of job (KB)
...
006 (73340548.000.000) 2021-09-16 08:09:49 Image size of job updated: 1744
	1744  -  MemoryUsage of job (MB)
	1785912  -  ResidentSetSize of job (KB)
...
006 (73340548.000.000) 2021-09-16 08:10:49 Image size of job updated: 1744
	1744  -  MemoryUsage of job (MB)
	1786860  -  ResidentSetSize of job (KB)
...
006 (73340548.000.000) 2021-09-16 08:11:50 Image size of job updated: 1746
	1746  -  MemoryUsage of job (MB)
	1788124  -  ResidentSetSize of job (KB)
...
006 (73340548.000.000) 2021-09-16 08:12:51 Image size of job updated: 1747
	1747  -  MemoryUsage of job (MB)
	1789172  -  ResidentSetSize of job (KB)
...
006 (73340548.000.000) 2021-09-16 08:13:52 Image size of job updated: 1748
	1748  -  MemoryUsage of job (MB)
	1790088  -  ResidentSetSize of job (KB)
...
006 (73340548.000.000) 2021-09-16 08:14:52 Image size of job updated: 1749
	1749  -  MemoryUsage of job (MB)
	1791380  -  ResidentSetSize of job (KB)
...
006 (73340548.000.000) 2021-09-16 08:15:53 Image size of job updated: 1749
	1749  -  MemoryUsage of job (MB)
	1791744  -  ResidentSetSize of job (KB)
...
006 (73340548.000.000) 2021-09-16 08:16:54 Image size of job updated: 1750
	1750  -  MemoryUsage of job (MB)
	1792468  -  ResidentSetSize of job (KB)
...
006 (73340548.000.000) 2021-09-16 08:17:54 Image size of job updated: 1751
	1751  -  MemoryUsage of job (MB)
	1793392  -  ResidentSetSize of job (KB)
...
006 (73340548.000.000) 2021-09-16 08:18:55 Image size of job updated: 1752
	1752  -  MemoryUsage of job (MB)
	1794376  -  ResidentSetSize of job (KB)
...
006 (73340548.000.000) 2021-09-16 08:19:55 Image size of job updated: 1753
	1753  -  MemoryUsage of job (MB)
	1795140  -  ResidentSetSize of job (KB)
...
006 (73340548.000.000) 2021-09-16 08:20:35 Image size of job updated: 1753
	1753  -  MemoryUsage of job (MB)
	1795424  -  ResidentSetSize of job (KB)
...
040 (73340548.000.000) 2021-09-16 08:20:35 Started transferring output files
...
040 (73340548.000.000) 2021-09-16 08:20:35 Finished transferring output files
...
005 (73340548.000.000) 2021-09-16 08:20:37 Job terminated.
	(1) Normal termination (return value 0)
		Usr 0 00:00:00, Sys 0 00:00:00  -  Run Remote Usage
		Usr 0 00:00:00, Sys 0 00:00:00  -  Run Local Usage
		Usr 0 00:56:09, Sys 0 00:38:51  -  Total Remote Usage
		Usr 0 00:00:00, Sys 0 00:00:00  -  Total Local Usage
	1220181  -  Run Bytes Sent By Job
	8471562  -  Run Bytes Received By Job
	1220181  -  Total Bytes Sent By Job
	8471562  -  Total Bytes Received By Job
	Partitionable Resources :    Usage  Request Allocated 
	   Cpus                 :     0.00        1         1 
	   Disk (KB)            : 18699       10000   1628102 
	   Memory (MB)          :  1753        2048      2048 

	Job terminated of its own accord at 2021-09-16T13:20:35Z.
...
000 (14733282.000.000) 2021-09-24 22:30:01 Job submitted from host: <131.225.188.55:9618?addrs=131.225.188.55-9618&alias=lpcschedd1.fnal.gov&noUDP&sock=schedd_2070_6d22>
...
040 (14733282.000.000) 2021-09-25 02:45:35 Started transferring input files
	Transferring to host: <131.225.188.21:9618?addrs=131.225.188.21-9618&alias=cmswn2023.fnal.gov&noUDP&sock=slot1_2_2067_236d_4774>
...
040 (14733282.000.000) 2021-09-25 02:45:35 Finished transferring input files
...
001 (14733282.000.000) 2021-09-25 02:45:36 Job executing on host: <131.225.188.21:9618?addrs=131.225.188.21-9618&alias=cmswn2023.fnal.gov&noUDP&sock=startd_1918_2abc>
...
006 (14733282.000.000) 2021-09-25 02:45:45 Image size of job updated: 27
	27  -  MemoryUsage of job (MB)
	27928  -  ResidentSetSize of job (KB)
...
006 (14733282.000.000) 2021-09-25 02:46:46 Image size of job updated: 446
	446  -  MemoryUsage of job (MB)
	456712  -  ResidentSetSize of job (KB)
...
006 (14733282.000.000) 2021-09-25 02:47:46 Image size of job updated: 501
	501  -  MemoryUsage of job (MB)
	513772  -  ResidentSetSize of job (KB)
...
006 (14733282.000.000) 2021-09-25 02:51:48 Image size of job updated: 547
	547  -  MemoryUsage of job (MB)
	560548  -  ResidentSetSize of job (KB)
...
006 (14733282.000.000) 2021-09-25 02:52:49 Image size of job updated: 589
	589  -  MemoryUsage of job (MB)
	603524  -  ResidentSetSize of job (KB)
...
006 (14733282.000.000) 2021-09-25 02:53:50 Image size of job updated: 628
	628  -  MemoryUsage of job (MB)
	643892  -  ResidentSetSize of job (KB)
...
006 (14733282.000.000) 2021-09-25 02:54:50 Image size of job updated: 662
	662  -  MemoryUsage of job (MB)
	678896  -  ResidentSetSize of job (KB)
...
006 (14733282.000.000) 2021-09-25 02:55:50 Image size of job updated: 695
	695  -  MemoryUsage of job (MB)
	712316  -  ResidentSetSize of job (KB)
...
006 (14733282.000.000) 2021-09-25 02:56:50 Image size of job updated: 725
	725  -  MemoryUsage of job (MB)
	743288  -  ResidentSetSize of job (KB)
...
006 (14733282.000.000) 2021-09-25 02:57:50 Image size of job updated: 755
	755  -  MemoryUsage of job (MB)
	773280  -  ResidentSetSize of job (KB)
...
006 (14733282.000.000) 2021-09-25 02:58:50 Image size of job updated: 782
	782  -  MemoryUsage of job (MB)
	801624  -  ResidentSetSize of job (KB)
...
006 (14733282.000.000) 2021-09-25 02:59:51 Image size of job updated: 813
	813  -  MemoryUsage of job (MB)
	832912  -  ResidentSetSize of job (KB)
...
006 (14733282.000.000) 2021-09-25 03:00:51 Image size of job updated: 841
	841  -  MemoryUsage of job (MB)
	861480  -  ResidentSetSize of job (KB)
...
006 (14733282.000.000) 2021-09-25 03:01:52 Image size of job updated: 866
	866  -  MemoryUsage of job (MB)
	887508  -  ResidentSetSize of job (KB)
...
006 (14733282.000.000) 2021-09-25 03:02:53 Image size of job updated: 903
	903  -  MemoryUsage of job (MB)
	925000  -  ResidentSetSize of job (KB)
...
006 (14733282.000.000) 2021-09-25 03:03:53 Image size of job updated: 929
	929  -  MemoryUsage of job (MB)
	951980  -  ResidentSetSize of job (KB)
...
006 (14733282.000.000) 2021-09-25 03:04:54 Image size of job updated: 956
	956  -  MemoryUsage of job (MB)
	979960  -  ResidentSetSize of job (KB)
...
006 (14733282.000.000) 2021-09-25 03:05:54 Image size of job updated: 980
	980  -  MemoryUsage of job (MB)
	1003640  -  ResidentSetSize of job (KB)
...
006 (14733282.000.000) 2021-09-25 03:06:55 Image size of job updated: 1003
	1003  -  MemoryUsage of job (MB)
	1027144  -  ResidentSetSize of job (KB)
...
006 (14733282.000.000) 2021-09-25 03:07:56 Image size of job updated: 1028
	1028  -  MemoryUsage of job (MB)
	1053188  -  ResidentSetSize of job (KB)
...
006 (14733282.000.000) 2021-09-25 03:08:56 Image size of job updated: 1052
	1052  -  MemoryUsage of job (MB)
	1077268  -  ResidentSetSize of job (KB)
...
006 (14733282.000.000) 2021-09-25 03:09:57 Image size of job updated: 1079
	1079  -  MemoryUsage of job (MB)
	1105368  -  ResidentSetSize of job (KB)
...
006 (14733282.000.000) 2021-09-25 03:10:57 Image size of job updated: 1099
	1099  -  MemoryUsage of job (MB)
	1126052  -  ResidentSetSize of job (KB)
...
006 (14733282.000.000) 2021-09-25 03:11:59 Image size of job updated: 1121
	1121  -  MemoryUsage of job (MB)
	1147984  -  ResidentSetSize of job (KB)
...
006 (14733282.000.000) 2021-09-25 03:12:59 Image size of job updated: 1140
	1140  -  MemoryUsage of job (MB)
	1167792  -  ResidentSetSize of job (KB)
...
006 (14733282.000.000) 2021-09-25 03:14:00 Image size of job updated: 1159
	1159  -  MemoryUsage of job (MB)
	1187756  -  ResidentSetSize of job (KB)
...
006 (14733282.000.000) 2021-09-25 03:15:01 Image size of job updated: 1178
	1178  -  MemoryUsage of job (MB)
	1206896  -  ResidentSetSize of job (KB)
...
006 (14733282.000.000) 2021-09-25 03:16:01 Image size of job updated: 1197
	1197  -  MemoryUsage of job (MB)
	1226260  -  ResidentSetSize of job (KB)
...
006 (14733282.000.000) 2021-09-25 03:17:02 Image size of job updated: 1218
	1218  -  MemoryUsage of job (MB)
	1247452  -  ResidentSetSize of job (KB)
...
006 (14733282.000.000) 2021-09-25 03:18:03 Image size of job updated: 1236
	1236  -  MemoryUsage of job (MB)
	1265824  -  ResidentSetSize of job (KB)
...
006 (14733282.000.000) 2021-09-25 03:19:03 Image size of job updated: 1253
	1253  -  MemoryUsage of job (MB)
	1283400  -  ResidentSetSize of job (KB)
...
006 (14733282.000.000) 2021-09-25 03:20:03 Image size of job updated: 1269
	1269  -  MemoryUsage of job (MB)
	1300124  -  ResidentSetSize of job (KB)
...
006 (14733282.000.000) 2021-09-25 03:21:04 Image size of job updated: 1286
	1286  -  MemoryUsage of job (MB)
	1317040  -  ResidentSetSize of job (KB)
...
006 (14733282.000.000) 2021-09-25 03:22:06 Image size of job updated: 1304
	1304  -  MemoryUsage of job (MB)
	1335904  -  ResidentSetSize of job (KB)
...
006 (14733282.000.000) 2021-09-25 03:23:06 Image size of job updated: 1320
	1320  -  MemoryUsage of job (MB)
	1352576  -  ResidentSetSize of job (KB)
...
006 (14733282.000.000) 2021-09-25 03:24:06 Image size of job updated: 1336
	1336  -  MemoryUsage of job (MB)
	1368720  -  ResidentSetSize of job (KB)
...
006 (14733282.000.000) 2021-09-25 03:25:06 Image size of job updated: 1352
	1352  -  MemoryUsage of job (MB)
	1384996  -  ResidentSetSize of job (KB)
...
006 (14733282.000.000) 2021-09-25 03:26:07 Image size of job updated: 1368
	1368  -  MemoryUsage of job (MB)
	1401024  -  ResidentSetSize of job (KB)
...
006 (14733282.000.000) 2021-09-25 03:27:08 Image size of job updated: 1383
	1383  -  MemoryUsage of job (MB)
	1416660  -  ResidentSetSize of job (KB)
...
006 (14733282.000.000) 2021-09-25 03:28:08 Image size of job updated: 1399
	1399  -  MemoryUsage of job (MB)
	1432912  -  ResidentSetSize of job (KB)
...
006 (14733282.000.000) 2021-09-25 03:29:09 Image size of job updated: 1414
	1414  -  MemoryUsage of job (MB)
	1448624  -  ResidentSetSize of job (KB)
...
006 (14733282.000.000) 2021-09-25 03:30:09 Image size of job updated: 1431
	1431  -  MemoryUsage of job (MB)
	1466136  -  ResidentSetSize of job (KB)
...
006 (14733282.000.000) 2021-09-25 03:31:10 Image size of job updated: 1446
	1446  -  MemoryUsage of job (MB)
	1480780  -  ResidentSetSize of job (KB)
...
006 (14733282.000.000) 2021-09-25 03:32:10 Image size of job updated: 1460
	1460  -  MemoryUsage of job (MB)
	1495636  -  ResidentSetSize of job (KB)
...
006 (14733282.000.000) 2021-09-25 03:33:11 Image size of job updated: 1474
	1474  -  MemoryUsage of job (MB)
	1510392  -  ResidentSetSize of job (KB)
...
006 (14733282.000.000) 2021-09-25 03:34:11 Image size of job updated: 1489
	1489  -  MemoryUsage of job (MB)
	1524988  -  ResidentSetSize of job (KB)
...
006 (14733282.000.000) 2021-09-25 03:35:12 Image size of job updated: 1503
	1503  -  MemoryUsage of job (MB)
	1539440  -  ResidentSetSize of job (KB)
...
006 (14733282.000.000) 2021-09-25 03:36:13 Image size of job updated: 1518
	1518  -  MemoryUsage of job (MB)
	1555268  -  ResidentSetSize of job (KB)
...
006 (14733282.000.000) 2021-09-25 03:37:13 Image size of job updated: 1532
	1532  -  MemoryUsage of job (MB)
	1569332  -  ResidentSetSize of job (KB)
...
006 (14733282.000.000) 2021-09-25 03:38:13 Image size of job updated: 1588
	1588  -  MemoryUsage of job (MB)
	1626496  -  ResidentSetSize of job (KB)
...
006 (14733282.000.000) 2021-09-25 03:39:14 Image size of job updated: 1658
	1658  -  MemoryUsage of job (MB)
	1698368  -  ResidentSetSize of job (KB)
...
006 (14733282.000.000) 2021-09-25 03:40:14 Image size of job updated: 1666
	1666  -  MemoryUsage of job (MB)
	1706632  -  ResidentSetSize of job (KB)
...
006 (14733282.000.000) 2021-09-25 03:41:15 Image size of job updated: 1670
	1670  -  MemoryUsage of job (MB)
	1710896  -  ResidentSetSize of job (KB)
...
006 (14733282.000.000) 2021-09-25 03:42:16 Image size of job updated: 1679
	1679  -  MemoryUsage of job (MB)
	1719544  -  ResidentSetSize of job (KB)
...
006 (14733282.000.000) 2021-09-25 03:43:17 Image size of job updated: 1684
	1684  -  MemoryUsage of job (MB)
	1725020  -  ResidentSetSize of job (KB)
...
006 (14733282.000.000) 2021-09-25 03:44:17 Image size of job updated: 1689
	1689  -  MemoryUsage of job (MB)
	1730432  -  ResidentSetSize of job (KB)
...
006 (14733282.000.000) 2021-09-25 03:45:18 Image size of job updated: 1692
	1692  -  MemoryUsage of job (MB)
	1732944  -  ResidentSetSize of job (KB)
...
006 (14733282.000.000) 2021-09-25 03:46:19 Image size of job updated: 1696
	1696  -  MemoryUsage of job (MB)
	1736736  -  ResidentSetSize of job (KB)
...
006 (14733282.000.000) 2021-09-25 03:47:19 Image size of job updated: 1697
	1697  -  MemoryUsage of job (MB)
	1737896  -  ResidentSetSize of job (KB)
...
006 (14733282.000.000) 2021-09-25 03:48:21 Image size of job updated: 1700
	1700  -  MemoryUsage of job (MB)
	1740856  -  ResidentSetSize of job (KB)
...
006 (14733282.000.000) 2021-09-25 03:49:21 Image size of job updated: 1701
	1701  -  MemoryUsage of job (MB)
	1742668  -  ResidentSetSize of job (KB)
...
006 (14733282.000.000) 2021-09-25 03:50:22 Image size of job updated: 1702
	1702  -  MemoryUsage of job (MB)
	1743848  -  ResidentSetSize of job (KB)
...
006 (14733282.000.000) 2021-09-25 03:51:23 Image size of job updated: 1705
	1705  -  MemoryUsage of job (MB)
	1746420  -  ResidentSetSize of job (KB)
...
006 (14733282.000.000) 2021-09-25 03:52:23 Image size of job updated: 1707
	1707  -  MemoryUsage of job (MB)
	1748192  -  ResidentSetSize of job (KB)
...
006 (14733282.000.000) 2021-09-25 03:53:24 Image size of job updated: 1709
	1709  -  MemoryUsage of job (MB)
	1750616  -  ResidentSetSize of job (KB)
...
006 (14733282.000.000) 2021-09-25 03:54:25 Image size of job updated: 1711
	1711  -  MemoryUsage of job (MB)
	1752180  -  ResidentSetSize of job (KB)
...
006 (14733282.000.000) 2021-09-25 03:55:26 Image size of job updated: 1712
	1712  -  MemoryUsage of job (MB)
	1753764  -  ResidentSetSize of job (KB)
...
006 (14733282.000.000) 2021-09-25 03:56:26 Image size of job updated: 1713
	1713  -  MemoryUsage of job (MB)
	1754612  -  ResidentSetSize of job (KB)
...
006 (14733282.000.000) 2021-09-25 03:57:26 Image size of job updated: 1714
	1714  -  MemoryUsage of job (MB)
	1755428  -  ResidentSetSize of job (KB)
...
006 (14733282.000.000) 2021-09-25 03:58:26 Image size of job updated: 1715
	1715  -  MemoryUsage of job (MB)
	1756628  -  ResidentSetSize of job (KB)
...
006 (14733282.000.000) 2021-09-25 03:59:27 Image size of job updated: 1715
	1715  -  MemoryUsage of job (MB)
	1757156  -  ResidentSetSize of job (KB)
...
006 (14733282.000.000) 2021-09-25 04:00:28 Image size of job updated: 1717
	1717  -  MemoryUsage of job (MB)
	1758460  -  ResidentSetSize of job (KB)
...
006 (14733282.000.000) 2021-09-25 04:01:29 Image size of job updated: 1717
	1717  -  MemoryUsage of job (MB)
	1758816  -  ResidentSetSize of job (KB)
...
006 (14733282.000.000) 2021-09-25 04:02:29 Image size of job updated: 1718
	1718  -  MemoryUsage of job (MB)
	1760124  -  ResidentSetSize of job (KB)
...
006 (14733282.000.000) 2021-09-25 04:03:30 Image size of job updated: 1719
	1719  -  MemoryUsage of job (MB)
	1761064  -  ResidentSetSize of job (KB)
...
006 (14733282.000.000) 2021-09-25 04:04:31 Image size of job updated: 1720
	1720  -  MemoryUsage of job (MB)
	1762300  -  ResidentSetSize of job (KB)
...
006 (14733282.000.000) 2021-09-25 04:05:31 Image size of job updated: 1722
	1722  -  MemoryUsage of job (MB)
	1763436  -  ResidentSetSize of job (KB)
...
006 (14733282.000.000) 2021-09-25 04:06:31 Image size of job updated: 1723
	1723  -  MemoryUsage of job (MB)
	1764480  -  ResidentSetSize of job (KB)
...
006 (14733282.000.000) 2021-09-25 04:07:31 Image size of job updated: 1723
	1723  -  MemoryUsage of job (MB)
	1765084  -  ResidentSetSize of job (KB)
...
006 (14733282.000.000) 2021-09-25 04:08:32 Image size of job updated: 1724
	1724  -  MemoryUsage of job (MB)
	1766044  -  ResidentSetSize of job (KB)
...
006 (14733282.000.000) 2021-09-25 04:09:33 Image size of job updated: 1725
	1725  -  MemoryUsage of job (MB)
	1766804  -  ResidentSetSize of job (KB)
...
006 (14733282.000.000) 2021-09-25 04:10:33 Image size of job updated: 1726
	1726  -  MemoryUsage of job (MB)
	1767792  -  ResidentSetSize of job (KB)
...
006 (14733282.000.000) 2021-09-25 04:11:33 Image size of job updated: 1727
	1727  -  MemoryUsage of job (MB)
	1768692  -  ResidentSetSize of job (KB)
...
006 (14733282.000.000) 2021-09-25 04:12:33 Image size of job updated: 1728
	1728  -  MemoryUsage of job (MB)
	1769544  -  ResidentSetSize of job (KB)
...
006 (14733282.000.000) 2021-09-25 04:13:33 Image size of job updated: 1728
	1728  -  MemoryUsage of job (MB)
	1770156  -  ResidentSetSize of job (KB)
...
006 (14733282.000.000) 2021-09-25 04:14:33 Image size of job updated: 1729
	1729  -  MemoryUsage of job (MB)
	1771084  -  ResidentSetSize of job (KB)
...
006 (14733282.000.000) 2021-09-25 04:15:35 Image size of job updated: 1730
	1730  -  MemoryUsage of job (MB)
	1771828  -  ResidentSetSize of job (KB)
...
006 (14733282.000.000) 2021-09-25 04:16:36 Image size of job updated: 1731
	1731  -  MemoryUsage of job (MB)
	1772580  -  ResidentSetSize of job (KB)
...
006 (14733282.000.000) 2021-09-25 04:17:36 Image size of job updated: 1731
	1731  -  MemoryUsage of job (MB)
	1773432  -  ResidentSetSize of job (KB)
...
006 (14733282.000.000) 2021-09-25 04:18:37 Image size of job updated: 1732
	1732  -  MemoryUsage of job (MB)
	1773920  -  ResidentSetSize of job (KB)
...
006 (14733282.000.000) 2021-09-25 04:19:37 Image size of job updated: 1733
	1733  -  MemoryUsage of job (MB)
	1775004  -  ResidentSetSize of job (KB)
...
006 (14733282.000.000) 2021-09-25 04:20:38 Image size of job updated: 1734
	1734  -  MemoryUsage of job (MB)
	1775976  -  ResidentSetSize of job (KB)
...
006 (14733282.000.000) 2021-09-25 04:21:38 Image size of job updated: 1736
	1736  -  MemoryUsage of job (MB)
	1777668  -  ResidentSetSize of job (KB)
...
006 (14733282.000.000) 2021-09-25 04:22:38 Image size of job updated: 1736
	1736  -  MemoryUsage of job (MB)
	1778552  -  ResidentSetSize of job (KB)
...
006 (14733282.000.000) 2021-09-25 04:23:39 Image size of job updated: 1737
	1737  -  MemoryUsage of job (MB)
	1779588  -  ResidentSetSize of job (KB)
...
006 (14733282.000.000) 2021-09-25 04:24:39 Image size of job updated: 1738
	1738  -  MemoryUsage of job (MB)
	1780572  -  ResidentSetSize of job (KB)
...
006 (14733282.000.000) 2021-09-25 04:25:39 Image size of job updated: 1739
	1739  -  MemoryUsage of job (MB)
	1781356  -  ResidentSetSize of job (KB)
...
006 (14733282.000.000) 2021-09-25 04:26:39 Image size of job updated: 1740
	1740  -  MemoryUsage of job (MB)
	1782132  -  ResidentSetSize of job (KB)
...
006 (14733282.000.000) 2021-09-25 04:27:40 Image size of job updated: 1741
	1741  -  MemoryUsage of job (MB)
	1782784  -  ResidentSetSize of job (KB)
...
006 (14733282.000.000) 2021-09-25 04:28:41 Image size of job updated: 1742
	1742  -  MemoryUsage of job (MB)
	1783992  -  ResidentSetSize of job (KB)
...
006 (14733282.000.000) 2021-09-25 04:29:41 Image size of job updated: 1743
	1743  -  MemoryUsage of job (MB)
	1785356  -  ResidentSetSize of job (KB)
...
006 (14733282.000.000) 2021-09-25 04:30:42 Image size of job updated: 1744
	1744  -  MemoryUsage of job (MB)
	1786468  -  ResidentSetSize of job (KB)
...
006 (14733282.000.000) 2021-09-25 04:31:43 Image size of job updated: 1746
	1746  -  MemoryUsage of job (MB)
	1788044  -  ResidentSetSize of job (KB)
...
006 (14733282.000.000) 2021-09-25 04:32:43 Image size of job updated: 1746
	1746  -  MemoryUsage of job (MB)
	1788488  -  ResidentSetSize of job (KB)
...
006 (14733282.000.000) 2021-09-25 04:33:44 Image size of job updated: 1747
	1747  -  MemoryUsage of job (MB)
	1788980  -  ResidentSetSize of job (KB)
...
006 (14733282.000.000) 2021-09-25 04:34:44 Image size of job updated: 1747
	1747  -  MemoryUsage of job (MB)
	1789692  -  ResidentSetSize of job (KB)
...
006 (14733282.000.000) 2021-09-25 04:35:45 Image size of job updated: 1748
	1748  -  MemoryUsage of job (MB)
	1790592  -  ResidentSetSize of job (KB)
...
006 (14733282.000.000) 2021-09-25 04:36:46 Image size of job updated: 1748
	1748  -  MemoryUsage of job (MB)
	1790876  -  ResidentSetSize of job (KB)
...
006 (14733282.000.000) 2021-09-25 04:37:47 Image size of job updated: 1749
	1749  -  MemoryUsage of job (MB)
	1791928  -  ResidentSetSize of job (KB)
...
006 (14733282.000.000) 2021-09-25 04:38:48 Image size of job updated: 1751
	1751  -  MemoryUsage of job (MB)
	1793056  -  ResidentSetSize of job (KB)
...
006 (14733282.000.000) 2021-09-25 04:39:49 Image size of job updated: 1751
	1751  -  MemoryUsage of job (MB)
	1793756  -  ResidentSetSize of job (KB)
...
006 (14733282.000.000) 2021-09-25 04:40:45 Image size of job updated: 1751
	1751  -  MemoryUsage of job (MB)
	1793980  -  ResidentSetSize of job (KB)
...
040 (14733282.000.000) 2021-09-25 04:40:45 Started transferring output files
...
040 (14733282.000.000) 2021-09-25 04:40:46 Finished transferring output files
...
005 (14733282.000.000) 2021-09-25 04:40:46 Job terminated.
	(1) Normal termination (return value 0)
		Usr 0 00:00:00, Sys 0 00:00:00  -  Run Remote Usage
		Usr 0 00:00:00, Sys 0 00:00:00  -  Run Local Usage
		Usr 0 00:56:42, Sys 0 00:51:56  -  Total Remote Usage
		Usr 0 00:00:00, Sys 0 00:00:00  -  Total Local Usage
	1220192  -  Run Bytes Sent By Job
	8471570  -  Run Bytes Received By Job
	1220192  -  Total Bytes Sent By Job
	8471570  -  Total Bytes Received By Job
	Partitionable Resources :    Usage  Request Allocated 
	   Cpus                 :     0.00        1         1 
	   Disk (KB)            : 17776       10000   1621853 
	   Memory (MB)          :  1751        2048      2048 

	Job terminated of its own accord at 2021-09-25T09:40:45Z.
...
