000 (73340569.000.000) 2021-09-16 05:44:54 Job submitted from host: <131.225.188.235:9618?addrs=131.225.188.235-9618&alias=lpcschedd3.fnal.gov&noUDP&sock=schedd_2706_ab5d>
...
040 (73340569.000.000) 2021-09-16 06:49:38 Started transferring input files
	Transferring to host: <131.225.205.203:9618?addrs=131.225.205.203-9618&alias=cmswn1976.fnal.gov&noUDP&sock=slot1_20_1593_299a_1019>
...
040 (73340569.000.000) 2021-09-16 06:49:39 Finished transferring input files
...
001 (73340569.000.000) 2021-09-16 06:49:40 Job executing on host: <131.225.205.203:9618?addrs=131.225.205.203-9618&alias=cmswn1976.fnal.gov&noUDP&sock=startd_1451_d802>
...
006 (73340569.000.000) 2021-09-16 06:49:48 Image size of job updated: 36
	36  -  MemoryUsage of job (MB)
	37636  -  ResidentSetSize of job (KB)
...
006 (73340569.000.000) 2021-09-16 06:50:49 Image size of job updated: 498
	498  -  MemoryUsage of job (MB)
	510092  -  ResidentSetSize of job (KB)
...
006 (73340569.000.000) 2021-09-16 06:51:50 Image size of job updated: 537
	537  -  MemoryUsage of job (MB)
	550004  -  ResidentSetSize of job (KB)
...
006 (73340569.000.000) 2021-09-16 06:55:52 Image size of job updated: 574
	574  -  MemoryUsage of job (MB)
	587872  -  ResidentSetSize of job (KB)
...
006 (73340569.000.000) 2021-09-16 06:56:52 Image size of job updated: 620
	620  -  MemoryUsage of job (MB)
	635204  -  ResidentSetSize of job (KB)
...
006 (73340569.000.000) 2021-09-16 06:57:53 Image size of job updated: 658
	658  -  MemoryUsage of job (MB)
	674536  -  ResidentSetSize of job (KB)
...
006 (73340569.000.000) 2021-09-16 06:58:54 Image size of job updated: 694
	694  -  MemoryUsage of job (MB)
	711568  -  ResidentSetSize of job (KB)
...
006 (73340569.000.000) 2021-09-16 06:59:54 Image size of job updated: 732
	732  -  MemoryUsage of job (MB)
	749908  -  ResidentSetSize of job (KB)
...
006 (73340569.000.000) 2021-09-16 07:00:55 Image size of job updated: 764
	764  -  MemoryUsage of job (MB)
	782624  -  ResidentSetSize of job (KB)
...
006 (73340569.000.000) 2021-09-16 07:01:56 Image size of job updated: 794
	794  -  MemoryUsage of job (MB)
	813424  -  ResidentSetSize of job (KB)
...
006 (73340569.000.000) 2021-09-16 07:02:57 Image size of job updated: 824
	824  -  MemoryUsage of job (MB)
	843960  -  ResidentSetSize of job (KB)
...
006 (73340569.000.000) 2021-09-16 07:03:57 Image size of job updated: 854
	854  -  MemoryUsage of job (MB)
	874556  -  ResidentSetSize of job (KB)
...
006 (73340569.000.000) 2021-09-16 07:04:58 Image size of job updated: 895
	895  -  MemoryUsage of job (MB)
	917380  -  ResidentSetSize of job (KB)
...
006 (73340569.000.000) 2021-09-16 07:05:59 Image size of job updated: 923
	923  -  MemoryUsage of job (MB)
	945744  -  ResidentSetSize of job (KB)
...
006 (73340569.000.000) 2021-09-16 07:06:59 Image size of job updated: 948
	948  -  MemoryUsage of job (MB)
	971100  -  ResidentSetSize of job (KB)
...
006 (73340569.000.000) 2021-09-16 07:08:00 Image size of job updated: 973
	973  -  MemoryUsage of job (MB)
	996948  -  ResidentSetSize of job (KB)
...
006 (73340569.000.000) 2021-09-16 07:09:01 Image size of job updated: 997
	997  -  MemoryUsage of job (MB)
	1021376  -  ResidentSetSize of job (KB)
...
006 (73340569.000.000) 2021-09-16 07:10:01 Image size of job updated: 1022
	1022  -  MemoryUsage of job (MB)
	1047036  -  ResidentSetSize of job (KB)
...
006 (73340569.000.000) 2021-09-16 07:11:01 Image size of job updated: 1050
	1050  -  MemoryUsage of job (MB)
	1075620  -  ResidentSetSize of job (KB)
...
006 (73340569.000.000) 2021-09-16 07:12:02 Image size of job updated: 1082
	1082  -  MemoryUsage of job (MB)
	1108200  -  ResidentSetSize of job (KB)
...
006 (73340569.000.000) 2021-09-16 07:13:02 Image size of job updated: 1103
	1103  -  MemoryUsage of job (MB)
	1130004  -  ResidentSetSize of job (KB)
...
006 (73340569.000.000) 2021-09-16 07:14:02 Image size of job updated: 1123
	1123  -  MemoryUsage of job (MB)
	1150928  -  ResidentSetSize of job (KB)
...
006 (73340569.000.000) 2021-09-16 07:15:03 Image size of job updated: 1144
	1144  -  MemoryUsage of job (MB)
	1172100  -  ResidentSetSize of job (KB)
...
006 (73340569.000.000) 2021-09-16 07:16:04 Image size of job updated: 1165
	1165  -  MemoryUsage of job (MB)
	1193216  -  ResidentSetSize of job (KB)
...
006 (73340569.000.000) 2021-09-16 07:17:04 Image size of job updated: 1184
	1184  -  MemoryUsage of job (MB)
	1212840  -  ResidentSetSize of job (KB)
...
006 (73340569.000.000) 2021-09-16 07:18:05 Image size of job updated: 1205
	1205  -  MemoryUsage of job (MB)
	1234264  -  ResidentSetSize of job (KB)
...
006 (73340569.000.000) 2021-09-16 07:19:05 Image size of job updated: 1223
	1223  -  MemoryUsage of job (MB)
	1252948  -  ResidentSetSize of job (KB)
...
006 (73340569.000.000) 2021-09-16 07:20:06 Image size of job updated: 1241
	1241  -  MemoryUsage of job (MB)
	1271228  -  ResidentSetSize of job (KB)
...
006 (73340569.000.000) 2021-09-16 07:21:07 Image size of job updated: 1259
	1259  -  MemoryUsage of job (MB)
	1289412  -  ResidentSetSize of job (KB)
...
006 (73340569.000.000) 2021-09-16 07:22:08 Image size of job updated: 1277
	1277  -  MemoryUsage of job (MB)
	1307792  -  ResidentSetSize of job (KB)
...
006 (73340569.000.000) 2021-09-16 07:23:09 Image size of job updated: 1296
	1296  -  MemoryUsage of job (MB)
	1327692  -  ResidentSetSize of job (KB)
...
006 (73340569.000.000) 2021-09-16 07:24:09 Image size of job updated: 1313
	1313  -  MemoryUsage of job (MB)
	1345172  -  ResidentSetSize of job (KB)
...
006 (73340569.000.000) 2021-09-16 07:25:09 Image size of job updated: 1330
	1330  -  MemoryUsage of job (MB)
	1362240  -  ResidentSetSize of job (KB)
...
006 (73340569.000.000) 2021-09-16 07:26:10 Image size of job updated: 1346
	1346  -  MemoryUsage of job (MB)
	1379028  -  ResidentSetSize of job (KB)
...
006 (73340569.000.000) 2021-09-16 07:27:11 Image size of job updated: 1362
	1362  -  MemoryUsage of job (MB)
	1395608  -  ResidentSetSize of job (KB)
...
006 (73340569.000.000) 2021-09-16 07:28:12 Image size of job updated: 1380
	1380  -  MemoryUsage of job (MB)
	1413632  -  ResidentSetSize of job (KB)
...
006 (73340569.000.000) 2021-09-16 07:29:12 Image size of job updated: 1395
	1395  -  MemoryUsage of job (MB)
	1429496  -  ResidentSetSize of job (KB)
...
006 (73340569.000.000) 2021-09-16 07:30:13 Image size of job updated: 1411
	1411  -  MemoryUsage of job (MB)
	1445072  -  ResidentSetSize of job (KB)
...
006 (73340569.000.000) 2021-09-16 07:31:13 Image size of job updated: 1426
	1426  -  MemoryUsage of job (MB)
	1460428  -  ResidentSetSize of job (KB)
...
006 (73340569.000.000) 2021-09-16 07:32:14 Image size of job updated: 1440
	1440  -  MemoryUsage of job (MB)
	1475576  -  ResidentSetSize of job (KB)
...
006 (73340569.000.000) 2021-09-16 07:33:14 Image size of job updated: 1455
	1455  -  MemoryUsage of job (MB)
	1490392  -  ResidentSetSize of job (KB)
...
006 (73340569.000.000) 2021-09-16 07:34:15 Image size of job updated: 1471
	1471  -  MemoryUsage of job (MB)
	1506544  -  ResidentSetSize of job (KB)
...
006 (73340569.000.000) 2021-09-16 07:35:15 Image size of job updated: 1485
	1485  -  MemoryUsage of job (MB)
	1520956  -  ResidentSetSize of job (KB)
...
006 (73340569.000.000) 2021-09-16 07:36:16 Image size of job updated: 1499
	1499  -  MemoryUsage of job (MB)
	1535124  -  ResidentSetSize of job (KB)
...
006 (73340569.000.000) 2021-09-16 07:37:16 Image size of job updated: 1512
	1512  -  MemoryUsage of job (MB)
	1549040  -  ResidentSetSize of job (KB)
...
006 (73340569.000.000) 2021-09-16 07:38:17 Image size of job updated: 1526
	1526  -  MemoryUsage of job (MB)
	1562784  -  ResidentSetSize of job (KB)
...
006 (73340569.000.000) 2021-09-16 07:39:17 Image size of job updated: 1543
	1543  -  MemoryUsage of job (MB)
	1580932  -  ResidentSetSize of job (KB)
...
006 (73340569.000.000) 2021-09-16 07:40:17 Image size of job updated: 1664
	1664  -  MemoryUsage of job (MB)
	1704412  -  ResidentSetSize of job (KB)
...
006 (73340569.000.000) 2021-09-16 07:41:17 Image size of job updated: 1683
	1683  -  MemoryUsage of job (MB)
	1723860  -  ResidentSetSize of job (KB)
...
006 (73340569.000.000) 2021-09-16 07:42:18 Image size of job updated: 1692
	1692  -  MemoryUsage of job (MB)
	1733448  -  ResidentSetSize of job (KB)
...
006 (73340569.000.000) 2021-09-16 07:43:18 Image size of job updated: 1700
	1700  -  MemoryUsage of job (MB)
	1740816  -  ResidentSetSize of job (KB)
...
006 (73340569.000.000) 2021-09-16 07:44:19 Image size of job updated: 1703
	1703  -  MemoryUsage of job (MB)
	1744784  -  ResidentSetSize of job (KB)
...
006 (73340569.000.000) 2021-09-16 07:45:19 Image size of job updated: 1707
	1707  -  MemoryUsage of job (MB)
	1748948  -  ResidentSetSize of job (KB)
...
006 (73340569.000.000) 2021-09-16 07:46:20 Image size of job updated: 1711
	1711  -  MemoryUsage of job (MB)
	1752320  -  ResidentSetSize of job (KB)
...
006 (73340569.000.000) 2021-09-16 07:47:21 Image size of job updated: 1715
	1715  -  MemoryUsage of job (MB)
	1756252  -  ResidentSetSize of job (KB)
...
006 (73340569.000.000) 2021-09-16 07:48:23 Image size of job updated: 1718
	1718  -  MemoryUsage of job (MB)
	1759692  -  ResidentSetSize of job (KB)
...
006 (73340569.000.000) 2021-09-16 07:49:23 Image size of job updated: 1721
	1721  -  MemoryUsage of job (MB)
	1762448  -  ResidentSetSize of job (KB)
...
006 (73340569.000.000) 2021-09-16 07:50:24 Image size of job updated: 1723
	1723  -  MemoryUsage of job (MB)
	1764776  -  ResidentSetSize of job (KB)
...
006 (73340569.000.000) 2021-09-16 07:51:25 Image size of job updated: 1727
	1727  -  MemoryUsage of job (MB)
	1768976  -  ResidentSetSize of job (KB)
...
006 (73340569.000.000) 2021-09-16 07:52:26 Image size of job updated: 1730
	1730  -  MemoryUsage of job (MB)
	1771792  -  ResidentSetSize of job (KB)
...
006 (73340569.000.000) 2021-09-16 07:53:26 Image size of job updated: 1732
	1732  -  MemoryUsage of job (MB)
	1773908  -  ResidentSetSize of job (KB)
...
006 (73340569.000.000) 2021-09-16 07:54:27 Image size of job updated: 1734
	1734  -  MemoryUsage of job (MB)
	1776140  -  ResidentSetSize of job (KB)
...
006 (73340569.000.000) 2021-09-16 07:55:27 Image size of job updated: 1736
	1736  -  MemoryUsage of job (MB)
	1778168  -  ResidentSetSize of job (KB)
...
006 (73340569.000.000) 2021-09-16 07:56:28 Image size of job updated: 1738
	1738  -  MemoryUsage of job (MB)
	1780064  -  ResidentSetSize of job (KB)
...
006 (73340569.000.000) 2021-09-16 07:57:28 Image size of job updated: 1740
	1740  -  MemoryUsage of job (MB)
	1782488  -  ResidentSetSize of job (KB)
...
006 (73340569.000.000) 2021-09-16 07:58:29 Image size of job updated: 1742
	1742  -  MemoryUsage of job (MB)
	1784568  -  ResidentSetSize of job (KB)
...
006 (73340569.000.000) 2021-09-16 07:59:29 Image size of job updated: 1745
	1745  -  MemoryUsage of job (MB)
	1786960  -  ResidentSetSize of job (KB)
...
006 (73340569.000.000) 2021-09-16 08:00:30 Image size of job updated: 1747
	1747  -  MemoryUsage of job (MB)
	1789436  -  ResidentSetSize of job (KB)
...
006 (73340569.000.000) 2021-09-16 08:01:31 Image size of job updated: 1750
	1750  -  MemoryUsage of job (MB)
	1792180  -  ResidentSetSize of job (KB)
...
006 (73340569.000.000) 2021-09-16 08:02:31 Image size of job updated: 1752
	1752  -  MemoryUsage of job (MB)
	1794976  -  ResidentSetSize of job (KB)
...
006 (73340569.000.000) 2021-09-16 08:03:31 Image size of job updated: 1754
	1754  -  MemoryUsage of job (MB)
	1796212  -  ResidentSetSize of job (KB)
...
040 (73340569.000.000) 2021-09-16 08:03:32 Started transferring output files
...
040 (73340569.000.000) 2021-09-16 08:03:32 Finished transferring output files
...
005 (73340569.000.000) 2021-09-16 08:03:36 Job terminated.
	(1) Normal termination (return value 0)
		Usr 0 00:00:00, Sys 0 00:00:00  -  Run Remote Usage
		Usr 0 00:00:00, Sys 0 00:00:00  -  Run Local Usage
		Usr 0 00:56:00, Sys 0 00:11:12  -  Total Remote Usage
		Usr 0 00:00:00, Sys 0 00:00:00  -  Total Local Usage
	1227597  -  Run Bytes Sent By Job
	8471562  -  Run Bytes Received By Job
	1227597  -  Total Bytes Sent By Job
	8471562  -  Total Bytes Received By Job
	Partitionable Resources :    Usage  Request Allocated 
	   Cpus                 :        0        1         1 
	   Disk (KB)            :    20805    10000   1685022 
	   Memory (MB)          :     1754     2048      2048 

	Job terminated of its own accord at 2021-09-16T13:03:32Z.
...
000 (14733303.000.000) 2021-09-24 22:30:07 Job submitted from host: <131.225.188.55:9618?addrs=131.225.188.55-9618&alias=lpcschedd1.fnal.gov&noUDP&sock=schedd_2070_6d22>
...
040 (14733303.000.000) 2021-09-25 02:46:01 Started transferring input files
	Transferring to host: <131.225.191.192:9618?addrs=131.225.191.192-9618&alias=cmswn1898.fnal.gov&noUDP&sock=slot1_1_1229_b10b_4026>
...
040 (14733303.000.000) 2021-09-25 02:46:01 Finished transferring input files
...
001 (14733303.000.000) 2021-09-25 02:46:02 Job executing on host: <131.225.191.192:9618?addrs=131.225.191.192-9618&alias=cmswn1898.fnal.gov&noUDP&sock=startd_1149_b268>
...
006 (14733303.000.000) 2021-09-25 02:46:11 Image size of job updated: 45
	45  -  MemoryUsage of job (MB)
	47096  -  ResidentSetSize of job (KB)
...
006 (14733303.000.000) 2021-09-25 02:47:11 Image size of job updated: 526
	526  -  MemoryUsage of job (MB)
	539620  -  ResidentSetSize of job (KB)
...
006 (14733303.000.000) 2021-09-25 02:51:13 Image size of job updated: 564
	564  -  MemoryUsage of job (MB)
	578224  -  ResidentSetSize of job (KB)
...
006 (14733303.000.000) 2021-09-25 02:52:14 Image size of job updated: 613
	613  -  MemoryUsage of job (MB)
	627908  -  ResidentSetSize of job (KB)
...
006 (14733303.000.000) 2021-09-25 02:53:15 Image size of job updated: 655
	655  -  MemoryUsage of job (MB)
	671516  -  ResidentSetSize of job (KB)
...
006 (14733303.000.000) 2021-09-25 02:54:15 Image size of job updated: 694
	694  -  MemoryUsage of job (MB)
	711176  -  ResidentSetSize of job (KB)
...
006 (14733303.000.000) 2021-09-25 02:55:16 Image size of job updated: 730
	730  -  MemoryUsage of job (MB)
	747796  -  ResidentSetSize of job (KB)
...
006 (14733303.000.000) 2021-09-25 02:56:17 Image size of job updated: 764
	764  -  MemoryUsage of job (MB)
	782400  -  ResidentSetSize of job (KB)
...
006 (14733303.000.000) 2021-09-25 02:57:17 Image size of job updated: 797
	797  -  MemoryUsage of job (MB)
	816644  -  ResidentSetSize of job (KB)
...
006 (14733303.000.000) 2021-09-25 02:58:17 Image size of job updated: 827
	827  -  MemoryUsage of job (MB)
	847024  -  ResidentSetSize of job (KB)
...
006 (14733303.000.000) 2021-09-25 02:59:18 Image size of job updated: 858
	858  -  MemoryUsage of job (MB)
	878852  -  ResidentSetSize of job (KB)
...
006 (14733303.000.000) 2021-09-25 03:00:19 Image size of job updated: 898
	898  -  MemoryUsage of job (MB)
	919904  -  ResidentSetSize of job (KB)
...
006 (14733303.000.000) 2021-09-25 03:01:20 Image size of job updated: 926
	926  -  MemoryUsage of job (MB)
	949184  -  ResidentSetSize of job (KB)
...
006 (14733303.000.000) 2021-09-25 03:02:20 Image size of job updated: 953
	953  -  MemoryUsage of job (MB)
	976856  -  ResidentSetSize of job (KB)
...
006 (14733303.000.000) 2021-09-25 03:03:21 Image size of job updated: 979
	979  -  MemoryUsage of job (MB)
	1003048  -  ResidentSetSize of job (KB)
...
006 (14733303.000.000) 2021-09-25 03:04:22 Image size of job updated: 1006
	1006  -  MemoryUsage of job (MB)
	1030168  -  ResidentSetSize of job (KB)
...
006 (14733303.000.000) 2021-09-25 03:05:23 Image size of job updated: 1032
	1032  -  MemoryUsage of job (MB)
	1057172  -  ResidentSetSize of job (KB)
...
006 (14733303.000.000) 2021-09-25 03:06:23 Image size of job updated: 1066
	1066  -  MemoryUsage of job (MB)
	1092372  -  ResidentSetSize of job (KB)
...
006 (14733303.000.000) 2021-09-25 03:07:24 Image size of job updated: 1089
	1089  -  MemoryUsage of job (MB)
	1115368  -  ResidentSetSize of job (KB)
...
006 (14733303.000.000) 2021-09-25 03:08:25 Image size of job updated: 1111
	1111  -  MemoryUsage of job (MB)
	1138372  -  ResidentSetSize of job (KB)
...
006 (14733303.000.000) 2021-09-25 03:09:26 Image size of job updated: 1133
	1133  -  MemoryUsage of job (MB)
	1161060  -  ResidentSetSize of job (KB)
...
006 (14733303.000.000) 2021-09-25 03:10:26 Image size of job updated: 1155
	1155  -  MemoryUsage of job (MB)
	1183632  -  ResidentSetSize of job (KB)
...
006 (14733303.000.000) 2021-09-25 03:11:26 Image size of job updated: 1176
	1176  -  MemoryUsage of job (MB)
	1204892  -  ResidentSetSize of job (KB)
...
006 (14733303.000.000) 2021-09-25 03:12:27 Image size of job updated: 1197
	1197  -  MemoryUsage of job (MB)
	1225988  -  ResidentSetSize of job (KB)
...
006 (14733303.000.000) 2021-09-25 03:13:28 Image size of job updated: 1217
	1217  -  MemoryUsage of job (MB)
	1246612  -  ResidentSetSize of job (KB)
...
006 (14733303.000.000) 2021-09-25 03:14:28 Image size of job updated: 1235
	1235  -  MemoryUsage of job (MB)
	1264796  -  ResidentSetSize of job (KB)
...
006 (14733303.000.000) 2021-09-25 03:15:28 Image size of job updated: 1254
	1254  -  MemoryUsage of job (MB)
	1284636  -  ResidentSetSize of job (KB)
...
006 (14733303.000.000) 2021-09-25 03:16:29 Image size of job updated: 1273
	1273  -  MemoryUsage of job (MB)
	1304264  -  ResidentSetSize of job (KB)
...
006 (14733303.000.000) 2021-09-25 03:17:30 Image size of job updated: 1292
	1292  -  MemoryUsage of job (MB)
	1323516  -  ResidentSetSize of job (KB)
...
006 (14733303.000.000) 2021-09-25 03:18:31 Image size of job updated: 1310
	1310  -  MemoryUsage of job (MB)
	1342444  -  ResidentSetSize of job (KB)
...
006 (14733303.000.000) 2021-09-25 03:19:31 Image size of job updated: 1329
	1329  -  MemoryUsage of job (MB)
	1361008  -  ResidentSetSize of job (KB)
...
006 (14733303.000.000) 2021-09-25 03:20:32 Image size of job updated: 1346
	1346  -  MemoryUsage of job (MB)
	1379304  -  ResidentSetSize of job (KB)
...
006 (14733303.000.000) 2021-09-25 03:21:33 Image size of job updated: 1364
	1364  -  MemoryUsage of job (MB)
	1397264  -  ResidentSetSize of job (KB)
...
006 (14733303.000.000) 2021-09-25 03:22:33 Image size of job updated: 1382
	1382  -  MemoryUsage of job (MB)
	1415176  -  ResidentSetSize of job (KB)
...
006 (14733303.000.000) 2021-09-25 03:23:33 Image size of job updated: 1399
	1399  -  MemoryUsage of job (MB)
	1432744  -  ResidentSetSize of job (KB)
...
006 (14733303.000.000) 2021-09-25 03:24:34 Image size of job updated: 1416
	1416  -  MemoryUsage of job (MB)
	1450140  -  ResidentSetSize of job (KB)
...
006 (14733303.000.000) 2021-09-25 03:25:35 Image size of job updated: 1432
	1432  -  MemoryUsage of job (MB)
	1467244  -  ResidentSetSize of job (KB)
...
006 (14733303.000.000) 2021-09-25 03:26:35 Image size of job updated: 1449
	1449  -  MemoryUsage of job (MB)
	1484192  -  ResidentSetSize of job (KB)
...
006 (14733303.000.000) 2021-09-25 03:27:35 Image size of job updated: 1465
	1465  -  MemoryUsage of job (MB)
	1500772  -  ResidentSetSize of job (KB)
...
006 (14733303.000.000) 2021-09-25 03:28:36 Image size of job updated: 1481
	1481  -  MemoryUsage of job (MB)
	1517272  -  ResidentSetSize of job (KB)
...
006 (14733303.000.000) 2021-09-25 03:29:37 Image size of job updated: 1497
	1497  -  MemoryUsage of job (MB)
	1533416  -  ResidentSetSize of job (KB)
...
006 (14733303.000.000) 2021-09-25 03:30:37 Image size of job updated: 1513
	1513  -  MemoryUsage of job (MB)
	1549404  -  ResidentSetSize of job (KB)
...
006 (14733303.000.000) 2021-09-25 03:31:37 Image size of job updated: 1528
	1528  -  MemoryUsage of job (MB)
	1565160  -  ResidentSetSize of job (KB)
...
006 (14733303.000.000) 2021-09-25 03:32:38 Image size of job updated: 1547
	1547  -  MemoryUsage of job (MB)
	1584944  -  ResidentSetSize of job (KB)
...
006 (14733303.000.000) 2021-09-25 03:33:39 Image size of job updated: 1679
	1679  -  MemoryUsage of job (MB)
	1719560  -  ResidentSetSize of job (KB)
...
006 (14733303.000.000) 2021-09-25 03:34:39 Image size of job updated: 1695
	1695  -  MemoryUsage of job (MB)
	1736420  -  ResidentSetSize of job (KB)
...
006 (14733303.000.000) 2021-09-25 03:35:40 Image size of job updated: 1708
	1708  -  MemoryUsage of job (MB)
	1749800  -  ResidentSetSize of job (KB)
...
006 (14733303.000.000) 2021-09-25 03:36:41 Image size of job updated: 1716
	1716  -  MemoryUsage of job (MB)
	1758184  -  ResidentSetSize of job (KB)
...
006 (14733303.000.000) 2021-09-25 03:37:41 Image size of job updated: 1724
	1724  -  MemoryUsage of job (MB)
	1766052  -  ResidentSetSize of job (KB)
...
006 (14733303.000.000) 2021-09-25 03:38:41 Image size of job updated: 1727
	1727  -  MemoryUsage of job (MB)
	1769260  -  ResidentSetSize of job (KB)
...
006 (14733303.000.000) 2021-09-25 03:39:42 Image size of job updated: 1732
	1732  -  MemoryUsage of job (MB)
	1774432  -  ResidentSetSize of job (KB)
...
006 (14733303.000.000) 2021-09-25 03:40:42 Image size of job updated: 1738
	1738  -  MemoryUsage of job (MB)
	1780024  -  ResidentSetSize of job (KB)
...
006 (14733303.000.000) 2021-09-25 03:41:42 Image size of job updated: 1743
	1743  -  MemoryUsage of job (MB)
	1785276  -  ResidentSetSize of job (KB)
...
006 (14733303.000.000) 2021-09-25 03:42:43 Image size of job updated: 1748
	1748  -  MemoryUsage of job (MB)
	1790884  -  ResidentSetSize of job (KB)
...
006 (14733303.000.000) 2021-09-25 03:43:44 Image size of job updated: 1752
	1752  -  MemoryUsage of job (MB)
	1794536  -  ResidentSetSize of job (KB)
...
006 (14733303.000.000) 2021-09-25 03:44:45 Image size of job updated: 1756
	1756  -  MemoryUsage of job (MB)
	1798484  -  ResidentSetSize of job (KB)
...
006 (14733303.000.000) 2021-09-25 03:45:36 Image size of job updated: 1758
	1758  -  MemoryUsage of job (MB)
	1800636  -  ResidentSetSize of job (KB)
...
040 (14733303.000.000) 2021-09-25 03:45:36 Started transferring output files
...
040 (14733303.000.000) 2021-09-25 03:45:36 Finished transferring output files
...
005 (14733303.000.000) 2021-09-25 03:45:38 Job terminated.
	(1) Normal termination (return value 0)
		Usr 0 00:51:28, Sys 0 00:03:26  -  Run Remote Usage
		Usr 0 00:00:00, Sys 0 00:00:00  -  Run Local Usage
		Usr 0 00:51:28, Sys 0 00:03:26  -  Total Remote Usage
		Usr 0 00:00:00, Sys 0 00:00:00  -  Total Local Usage
	1294006  -  Run Bytes Sent By Job
	8471570  -  Run Bytes Received By Job
	1294006  -  Total Bytes Sent By Job
	8471570  -  Total Bytes Received By Job
	Partitionable Resources :    Usage  Request Allocated 
	   Cpus                 :     0.00        1         1 
	   Disk (KB)            : 19129       10000    305914 
	   Memory (MB)          :  1758        2048      2048 

	Job terminated of its own accord at 2021-09-25T08:45:36Z.
...
