000 (34685930.000.000) 2021-09-27 13:02:44 Job submitted from host: <131.225.188.57:9618?addrs=131.225.188.57-9618&alias=lpcschedd2.fnal.gov&noUDP&sock=schedd_2251_93c6>
...
040 (34685930.000.000) 2021-09-27 13:12:27 Started transferring input files
	Transferring to host: <131.225.204.40:9618?addrs=131.225.204.40-9618&alias=cmswn1644.fnal.gov&noUDP&sock=slot1_7_15860_8dfe_11687>
...
040 (34685930.000.000) 2021-09-27 13:12:27 Finished transferring input files
...
001 (34685930.000.000) 2021-09-27 13:12:28 Job executing on host: <131.225.204.40:9618?addrs=131.225.204.40-9618&alias=cmswn1644.fnal.gov&noUDP&sock=startd_1140_860e>
...
006 (34685930.000.000) 2021-09-27 13:12:37 Image size of job updated: 50
	50  -  MemoryUsage of job (MB)
	52076  -  ResidentSetSize of job (KB)
...
006 (34685930.000.000) 2021-09-27 13:12:46 Image size of job updated: 187
	187  -  MemoryUsage of job (MB)
	192128  -  ResidentSetSize of job (KB)
...
040 (34685930.000.000) 2021-09-27 13:12:46 Started transferring output files
...
040 (34685930.000.000) 2021-09-27 13:12:46 Finished transferring output files
...
005 (34685930.000.000) 2021-09-27 13:12:49 Job terminated.
	(1) Normal termination (return value 0)
		Usr 0 00:00:00, Sys 0 00:00:00  -  Run Remote Usage
		Usr 0 00:00:00, Sys 0 00:00:00  -  Run Local Usage
		Usr 0 00:00:00, Sys 0 00:00:00  -  Total Remote Usage
		Usr 0 00:00:00, Sys 0 00:00:00  -  Total Local Usage
	1266  -  Run Bytes Sent By Job
	2922372  -  Run Bytes Received By Job
	1266  -  Total Bytes Sent By Job
	2922372  -  Total Bytes Received By Job
	Partitionable Resources :    Usage  Request Allocated 
	   Cpus                 :        0        1         1 
	   Disk (KB)            :     3356     3000    298956 
	   Memory (MB)          :      187     3072      3072 

	Job terminated of its own accord at 2021-09-27T18:12:46Z.
...
