000 (34686000.000.000) 2021-09-27 13:03:36 Job submitted from host: <131.225.188.57:9618?addrs=131.225.188.57-9618&alias=lpcschedd2.fnal.gov&noUDP&sock=schedd_2251_93c6>
...
040 (34686000.000.000) 2021-09-27 13:17:17 Started transferring input files
	Transferring to host: <131.225.204.105:9618?addrs=131.225.204.105-9618&alias=cmswn1709.fnal.gov&noUDP&sock=slot1_1_1218_f0eb_7011>
...
040 (34686000.000.000) 2021-09-27 13:17:17 Finished transferring input files
...
001 (34686000.000.000) 2021-09-27 13:17:18 Job executing on host: <131.225.204.105:9618?addrs=131.225.204.105-9618&alias=cmswn1709.fnal.gov&noUDP&sock=startd_1143_94d6>
...
006 (34686000.000.000) 2021-09-27 13:17:27 Image size of job updated: 78
	78  -  MemoryUsage of job (MB)
	79904  -  ResidentSetSize of job (KB)
...
006 (34686000.000.000) 2021-09-27 13:18:27 Image size of job updated: 499
	499  -  MemoryUsage of job (MB)
	511588  -  ResidentSetSize of job (KB)
...
006 (34686000.000.000) 2021-09-27 13:19:28 Image size of job updated: 499
	499  -  MemoryUsage of job (MB)
	511668  -  ResidentSetSize of job (KB)
...
006 (34686000.000.000) 2021-09-27 13:20:29 Image size of job updated: 509
	509  -  MemoryUsage of job (MB)
	521356  -  ResidentSetSize of job (KB)
...
006 (34686000.000.000) 2021-09-27 13:21:29 Image size of job updated: 512
	512  -  MemoryUsage of job (MB)
	524676  -  ResidentSetSize of job (KB)
...
006 (34686000.000.000) 2021-09-27 13:22:30 Image size of job updated: 519
	519  -  MemoryUsage of job (MB)
	531784  -  ResidentSetSize of job (KB)
...
006 (34686000.000.000) 2021-09-27 13:23:12 Image size of job updated: 522
	522  -  MemoryUsage of job (MB)
	534696  -  ResidentSetSize of job (KB)
...
040 (34686000.000.000) 2021-09-27 13:23:12 Started transferring output files
...
040 (34686000.000.000) 2021-09-27 13:23:12 Finished transferring output files
...
005 (34686000.000.000) 2021-09-27 13:23:15 Job terminated.
	(1) Normal termination (return value 0)
		Usr 0 00:00:00, Sys 0 00:00:00  -  Run Remote Usage
		Usr 0 00:00:00, Sys 0 00:00:00  -  Run Local Usage
		Usr 0 00:02:49, Sys 0 00:00:46  -  Total Remote Usage
		Usr 0 00:00:00, Sys 0 00:00:00  -  Total Local Usage
	5454  -  Run Bytes Sent By Job
	2922372  -  Run Bytes Received By Job
	5454  -  Total Bytes Sent By Job
	2922372  -  Total Bytes Received By Job
	Partitionable Resources :    Usage  Request Allocated 
	   Cpus                 :        0        1         1 
	   Disk (KB)            :   525422     3000    309699 
	   Memory (MB)          :      522     3072      3072 

	Job terminated of its own accord at 2021-09-27T18:23:12Z.
...
