000 (34685958.000.000) 2021-09-27 13:03:04 Job submitted from host: <131.225.188.57:9618?addrs=131.225.188.57-9618&alias=lpcschedd2.fnal.gov&noUDP&sock=schedd_2251_93c6>
...
040 (34685958.000.000) 2021-09-27 13:14:29 Started transferring input files
	Transferring to host: <131.225.188.64:9618?addrs=131.225.188.64-9618&alias=cmswn2036.fnal.gov&noUDP&sock=slot1_12_1995_686a_4572>
...
040 (34685958.000.000) 2021-09-27 13:14:29 Finished transferring input files
...
001 (34685958.000.000) 2021-09-27 13:14:30 Job executing on host: <131.225.188.64:9618?addrs=131.225.188.64-9618&alias=cmswn2036.fnal.gov&noUDP&sock=startd_1909_fe62>
...
006 (34685958.000.000) 2021-09-27 13:14:41 Image size of job updated: 9
	9  -  MemoryUsage of job (MB)
	9556  -  ResidentSetSize of job (KB)
...
006 (34685958.000.000) 2021-09-27 13:15:41 Image size of job updated: 300
	300  -  MemoryUsage of job (MB)
	307912  -  ResidentSetSize of job (KB)
...
006 (34685958.000.000) 2021-09-27 13:16:42 Image size of job updated: 365
	365  -  MemoryUsage of job (MB)
	374648  -  ResidentSetSize of job (KB)
...
006 (34685958.000.000) 2021-09-27 13:17:42 Image size of job updated: 367
	367  -  MemoryUsage of job (MB)
	376676  -  ResidentSetSize of job (KB)
...
006 (34685958.000.000) 2021-09-27 13:18:43 Image size of job updated: 372
	372  -  MemoryUsage of job (MB)
	381916  -  ResidentSetSize of job (KB)
...
006 (34685958.000.000) 2021-09-27 13:19:44 Image size of job updated: 373
	373  -  MemoryUsage of job (MB)
	382716  -  ResidentSetSize of job (KB)
...
006 (34685958.000.000) 2021-09-27 13:20:45 Image size of job updated: 373
	373  -  MemoryUsage of job (MB)
	382892  -  ResidentSetSize of job (KB)
...
040 (34685958.000.000) 2021-09-27 13:20:50 Started transferring output files
...
040 (34685958.000.000) 2021-09-27 13:20:50 Finished transferring output files
...
005 (34685958.000.000) 2021-09-27 13:20:52 Job terminated.
	(1) Normal termination (return value 0)
		Usr 0 00:02:03, Sys 0 00:02:11  -  Run Remote Usage
		Usr 0 00:00:00, Sys 0 00:00:00  -  Run Local Usage
		Usr 0 00:02:03, Sys 0 00:02:11  -  Total Remote Usage
		Usr 0 00:00:00, Sys 0 00:00:00  -  Total Local Usage
	2786  -  Run Bytes Sent By Job
	2922372  -  Run Bytes Received By Job
	2786  -  Total Bytes Sent By Job
	2922372  -  Total Bytes Received By Job
	Partitionable Resources :     Usage  Request Allocated 
	   Cpus                 :      0.00        1         1 
	   Disk (KB)            : 144410        3000   1627822 
	   Memory (MB)          :    373        3072      3072 

	Job terminated of its own accord at 2021-09-27T18:20:50Z.
...
