000 (34544698.000.000) 2021-09-16 05:42:38 Job submitted from host: <131.225.188.57:9618?addrs=131.225.188.57-9618&alias=lpcschedd2.fnal.gov&noUDP&sock=schedd_2251_93c6>
...
040 (34544698.000.000) 2021-09-16 05:42:48 Started transferring input files
	Transferring to host: <131.225.206.219:9618?addrs=131.225.206.219-9618&alias=cmswn1838.fnal.gov&noUDP&sock=slot1_6_1220_59ab_2724>
...
040 (34544698.000.000) 2021-09-16 05:42:49 Finished transferring input files
...
001 (34544698.000.000) 2021-09-16 05:42:50 Job executing on host: <131.225.206.219:9618?addrs=131.225.206.219-9618&alias=cmswn1838.fnal.gov&noUDP&sock=startd_1139_d676>
...
006 (34544698.000.000) 2021-09-16 05:42:58 Image size of job updated: 75
	75  -  MemoryUsage of job (MB)
	77268  -  ResidentSetSize of job (KB)
...
006 (34544698.000.000) 2021-09-16 05:43:58 Image size of job updated: 526
	526  -  MemoryUsage of job (MB)
	538928  -  ResidentSetSize of job (KB)
...
006 (34544698.000.000) 2021-09-16 05:47:59 Image size of job updated: 569
	569  -  MemoryUsage of job (MB)
	582712  -  ResidentSetSize of job (KB)
...
006 (34544698.000.000) 2021-09-16 05:49:00 Image size of job updated: 619
	619  -  MemoryUsage of job (MB)
	634760  -  ResidentSetSize of job (KB)
...
006 (34544698.000.000) 2021-09-16 05:50:00 Image size of job updated: 662
	662  -  MemoryUsage of job (MB)
	678304  -  ResidentSetSize of job (KB)
...
006 (34544698.000.000) 2021-09-16 05:51:01 Image size of job updated: 701
	701  -  MemoryUsage of job (MB)
	718080  -  ResidentSetSize of job (KB)
...
006 (34544698.000.000) 2021-09-16 05:52:02 Image size of job updated: 737
	737  -  MemoryUsage of job (MB)
	755008  -  ResidentSetSize of job (KB)
...
006 (34544698.000.000) 2021-09-16 05:53:02 Image size of job updated: 771
	771  -  MemoryUsage of job (MB)
	789908  -  ResidentSetSize of job (KB)
...
006 (34544698.000.000) 2021-09-16 05:54:03 Image size of job updated: 804
	804  -  MemoryUsage of job (MB)
	823836  -  ResidentSetSize of job (KB)
...
006 (34544698.000.000) 2021-09-16 05:55:04 Image size of job updated: 838
	838  -  MemoryUsage of job (MB)
	858620  -  ResidentSetSize of job (KB)
...
006 (34544698.000.000) 2021-09-16 05:56:04 Image size of job updated: 866
	866  -  MemoryUsage of job (MB)
	887668  -  ResidentSetSize of job (KB)
...
006 (34544698.000.000) 2021-09-16 05:57:05 Image size of job updated: 906
	906  -  MemoryUsage of job (MB)
	928700  -  ResidentSetSize of job (KB)
...
006 (34544698.000.000) 2021-09-16 05:58:05 Image size of job updated: 936
	936  -  MemoryUsage of job (MB)
	958656  -  ResidentSetSize of job (KB)
...
006 (34544698.000.000) 2021-09-16 05:59:05 Image size of job updated: 962
	962  -  MemoryUsage of job (MB)
	985452  -  ResidentSetSize of job (KB)
...
006 (34544698.000.000) 2021-09-16 06:00:06 Image size of job updated: 987
	987  -  MemoryUsage of job (MB)
	1011268  -  ResidentSetSize of job (KB)
...
006 (34544698.000.000) 2021-09-16 06:01:07 Image size of job updated: 1013
	1013  -  MemoryUsage of job (MB)
	1037552  -  ResidentSetSize of job (KB)
...
006 (34544698.000.000) 2021-09-16 06:02:07 Image size of job updated: 1042
	1042  -  MemoryUsage of job (MB)
	1067192  -  ResidentSetSize of job (KB)
...
006 (34544698.000.000) 2021-09-16 06:03:08 Image size of job updated: 1075
	1075  -  MemoryUsage of job (MB)
	1101480  -  ResidentSetSize of job (KB)
...
006 (34544698.000.000) 2021-09-16 06:04:08 Image size of job updated: 1096
	1096  -  MemoryUsage of job (MB)
	1122912  -  ResidentSetSize of job (KB)
...
006 (34544698.000.000) 2021-09-16 06:05:08 Image size of job updated: 1119
	1119  -  MemoryUsage of job (MB)
	1146176  -  ResidentSetSize of job (KB)
...
006 (34544698.000.000) 2021-09-16 06:06:09 Image size of job updated: 1141
	1141  -  MemoryUsage of job (MB)
	1168888  -  ResidentSetSize of job (KB)
...
006 (34544698.000.000) 2021-09-16 06:07:09 Image size of job updated: 1163
	1163  -  MemoryUsage of job (MB)
	1191692  -  ResidentSetSize of job (KB)
...
006 (34544698.000.000) 2021-09-16 06:08:09 Image size of job updated: 1184
	1184  -  MemoryUsage of job (MB)
	1213196  -  ResidentSetSize of job (KB)
...
006 (34544698.000.000) 2021-09-16 06:09:10 Image size of job updated: 1205
	1205  -  MemoryUsage of job (MB)
	1234496  -  ResidentSetSize of job (KB)
...
006 (34544698.000.000) 2021-09-16 06:10:10 Image size of job updated: 1225
	1225  -  MemoryUsage of job (MB)
	1255000  -  ResidentSetSize of job (KB)
...
006 (34544698.000.000) 2021-09-16 06:11:10 Image size of job updated: 1245
	1245  -  MemoryUsage of job (MB)
	1275132  -  ResidentSetSize of job (KB)
...
006 (34544698.000.000) 2021-09-16 06:12:11 Image size of job updated: 1264
	1264  -  MemoryUsage of job (MB)
	1295208  -  ResidentSetSize of job (KB)
...
006 (34544698.000.000) 2021-09-16 06:13:11 Image size of job updated: 1284
	1284  -  MemoryUsage of job (MB)
	1314980  -  ResidentSetSize of job (KB)
...
006 (34544698.000.000) 2021-09-16 06:14:11 Image size of job updated: 1302
	1302  -  MemoryUsage of job (MB)
	1334248  -  ResidentSetSize of job (KB)
...
006 (34544698.000.000) 2021-09-16 06:15:12 Image size of job updated: 1321
	1321  -  MemoryUsage of job (MB)
	1353336  -  ResidentSetSize of job (KB)
...
006 (34544698.000.000) 2021-09-16 06:16:12 Image size of job updated: 1339
	1339  -  MemoryUsage of job (MB)
	1372012  -  ResidentSetSize of job (KB)
...
006 (34544698.000.000) 2021-09-16 06:17:12 Image size of job updated: 1357
	1357  -  MemoryUsage of job (MB)
	1390456  -  ResidentSetSize of job (KB)
...
006 (34544698.000.000) 2021-09-16 06:18:13 Image size of job updated: 1375
	1375  -  MemoryUsage of job (MB)
	1408624  -  ResidentSetSize of job (KB)
...
006 (34544698.000.000) 2021-09-16 06:19:13 Image size of job updated: 1392
	1392  -  MemoryUsage of job (MB)
	1426316  -  ResidentSetSize of job (KB)
...
006 (34544698.000.000) 2021-09-16 06:20:14 Image size of job updated: 1410
	1410  -  MemoryUsage of job (MB)
	1443944  -  ResidentSetSize of job (KB)
...
006 (34544698.000.000) 2021-09-16 06:21:15 Image size of job updated: 1427
	1427  -  MemoryUsage of job (MB)
	1461260  -  ResidentSetSize of job (KB)
...
006 (34544698.000.000) 2021-09-16 06:22:15 Image size of job updated: 1443
	1443  -  MemoryUsage of job (MB)
	1478236  -  ResidentSetSize of job (KB)
...
006 (34544698.000.000) 2021-09-16 06:23:16 Image size of job updated: 1460
	1460  -  MemoryUsage of job (MB)
	1495124  -  ResidentSetSize of job (KB)
...
006 (34544698.000.000) 2021-09-16 06:24:16 Image size of job updated: 1476
	1476  -  MemoryUsage of job (MB)
	1511648  -  ResidentSetSize of job (KB)
...
006 (34544698.000.000) 2021-09-16 06:25:16 Image size of job updated: 1492
	1492  -  MemoryUsage of job (MB)
	1527916  -  ResidentSetSize of job (KB)
...
006 (34544698.000.000) 2021-09-16 06:26:17 Image size of job updated: 1507
	1507  -  MemoryUsage of job (MB)
	1543920  -  ResidentSetSize of job (KB)
...
006 (34544698.000.000) 2021-09-16 06:27:17 Image size of job updated: 1522
	1522  -  MemoryUsage of job (MB)
	1559520  -  ResidentSetSize of job (KB)
...
006 (34544698.000.000) 2021-09-16 06:28:17 Image size of job updated: 1542
	1542  -  MemoryUsage of job (MB)
	1579152  -  ResidentSetSize of job (KB)
...
006 (34544698.000.000) 2021-09-16 06:29:18 Image size of job updated: 1625
	1625  -  MemoryUsage of job (MB)
	1664844  -  ResidentSetSize of job (KB)
...
006 (34544698.000.000) 2021-09-16 06:30:19 Image size of job updated: 1658
	1658  -  MemoryUsage of job (MB)
	1698700  -  ResidentSetSize of job (KB)
...
006 (34544698.000.000) 2021-09-16 06:31:19 Image size of job updated: 1672
	1672  -  MemoryUsage of job (MB)
	1712176  -  ResidentSetSize of job (KB)
...
006 (34544698.000.000) 2021-09-16 06:32:20 Image size of job updated: 1675
	1675  -  MemoryUsage of job (MB)
	1715656  -  ResidentSetSize of job (KB)
...
006 (34544698.000.000) 2021-09-16 06:33:21 Image size of job updated: 1679
	1679  -  MemoryUsage of job (MB)
	1719728  -  ResidentSetSize of job (KB)
...
006 (34544698.000.000) 2021-09-16 06:34:22 Image size of job updated: 1683
	1683  -  MemoryUsage of job (MB)
	1723644  -  ResidentSetSize of job (KB)
...
006 (34544698.000.000) 2021-09-16 06:35:22 Image size of job updated: 1686
	1686  -  MemoryUsage of job (MB)
	1727344  -  ResidentSetSize of job (KB)
...
006 (34544698.000.000) 2021-09-16 06:36:23 Image size of job updated: 1689
	1689  -  MemoryUsage of job (MB)
	1729752  -  ResidentSetSize of job (KB)
...
006 (34544698.000.000) 2021-09-16 06:37:23 Image size of job updated: 1690
	1690  -  MemoryUsage of job (MB)
	1731312  -  ResidentSetSize of job (KB)
...
006 (34544698.000.000) 2021-09-16 06:38:23 Image size of job updated: 1692
	1692  -  MemoryUsage of job (MB)
	1733268  -  ResidentSetSize of job (KB)
...
006 (34544698.000.000) 2021-09-16 06:39:24 Image size of job updated: 1693
	1693  -  MemoryUsage of job (MB)
	1734644  -  ResidentSetSize of job (KB)
...
006 (34544698.000.000) 2021-09-16 06:40:24 Image size of job updated: 1695
	1695  -  MemoryUsage of job (MB)
	1735788  -  ResidentSetSize of job (KB)
...
006 (34544698.000.000) 2021-09-16 06:41:25 Image size of job updated: 1696
	1696  -  MemoryUsage of job (MB)
	1737004  -  ResidentSetSize of job (KB)
...
006 (34544698.000.000) 2021-09-16 06:42:26 Image size of job updated: 1697
	1697  -  MemoryUsage of job (MB)
	1738556  -  ResidentSetSize of job (KB)
...
006 (34544698.000.000) 2021-09-16 06:43:26 Image size of job updated: 1699
	1699  -  MemoryUsage of job (MB)
	1740064  -  ResidentSetSize of job (KB)
...
006 (34544698.000.000) 2021-09-16 06:44:26 Image size of job updated: 1700
	1700  -  MemoryUsage of job (MB)
	1741036  -  ResidentSetSize of job (KB)
...
006 (34544698.000.000) 2021-09-16 06:45:27 Image size of job updated: 1700
	1700  -  MemoryUsage of job (MB)
	1741672  -  ResidentSetSize of job (KB)
...
006 (34544698.000.000) 2021-09-16 06:46:27 Image size of job updated: 1701
	1701  -  MemoryUsage of job (MB)
	1742312  -  ResidentSetSize of job (KB)
...
006 (34544698.000.000) 2021-09-16 06:47:27 Image size of job updated: 1702
	1702  -  MemoryUsage of job (MB)
	1743012  -  ResidentSetSize of job (KB)
...
006 (34544698.000.000) 2021-09-16 06:48:28 Image size of job updated: 1703
	1703  -  MemoryUsage of job (MB)
	1744052  -  ResidentSetSize of job (KB)
...
006 (34544698.000.000) 2021-09-16 06:49:29 Image size of job updated: 1704
	1704  -  MemoryUsage of job (MB)
	1745452  -  ResidentSetSize of job (KB)
...
006 (34544698.000.000) 2021-09-16 06:50:29 Image size of job updated: 1705
	1705  -  MemoryUsage of job (MB)
	1746312  -  ResidentSetSize of job (KB)
...
006 (34544698.000.000) 2021-09-16 06:51:30 Image size of job updated: 1705
	1705  -  MemoryUsage of job (MB)
	1746908  -  ResidentSetSize of job (KB)
...
006 (34544698.000.000) 2021-09-16 06:52:31 Image size of job updated: 1706
	1706  -  MemoryUsage of job (MB)
	1747548  -  ResidentSetSize of job (KB)
...
006 (34544698.000.000) 2021-09-16 06:53:31 Image size of job updated: 1707
	1707  -  MemoryUsage of job (MB)
	1748544  -  ResidentSetSize of job (KB)
...
006 (34544698.000.000) 2021-09-16 06:54:31 Image size of job updated: 1707
	1707  -  MemoryUsage of job (MB)
	1748976  -  ResidentSetSize of job (KB)
...
006 (34544698.000.000) 2021-09-16 06:55:32 Image size of job updated: 1708
	1708  -  MemoryUsage of job (MB)
	1749612  -  ResidentSetSize of job (KB)
...
006 (34544698.000.000) 2021-09-16 06:56:32 Image size of job updated: 1709
	1709  -  MemoryUsage of job (MB)
	1750504  -  ResidentSetSize of job (KB)
...
006 (34544698.000.000) 2021-09-16 06:57:32 Image size of job updated: 1710
	1710  -  MemoryUsage of job (MB)
	1751544  -  ResidentSetSize of job (KB)
...
006 (34544698.000.000) 2021-09-16 06:58:33 Image size of job updated: 1710
	1710  -  MemoryUsage of job (MB)
	1751760  -  ResidentSetSize of job (KB)
...
006 (34544698.000.000) 2021-09-16 06:59:33 Image size of job updated: 1711
	1711  -  MemoryUsage of job (MB)
	1752344  -  ResidentSetSize of job (KB)
...
006 (34544698.000.000) 2021-09-16 07:00:33 Image size of job updated: 1711
	1711  -  MemoryUsage of job (MB)
	1752952  -  ResidentSetSize of job (KB)
...
006 (34544698.000.000) 2021-09-16 07:01:34 Image size of job updated: 1712
	1712  -  MemoryUsage of job (MB)
	1753648  -  ResidentSetSize of job (KB)
...
006 (34544698.000.000) 2021-09-16 07:02:34 Image size of job updated: 1713
	1713  -  MemoryUsage of job (MB)
	1754228  -  ResidentSetSize of job (KB)
...
006 (34544698.000.000) 2021-09-16 07:03:34 Image size of job updated: 1713
	1713  -  MemoryUsage of job (MB)
	1754536  -  ResidentSetSize of job (KB)
...
006 (34544698.000.000) 2021-09-16 07:04:35 Image size of job updated: 1714
	1714  -  MemoryUsage of job (MB)
	1755396  -  ResidentSetSize of job (KB)
...
006 (34544698.000.000) 2021-09-16 07:05:35 Image size of job updated: 1715
	1715  -  MemoryUsage of job (MB)
	1756364  -  ResidentSetSize of job (KB)
...
006 (34544698.000.000) 2021-09-16 07:06:36 Image size of job updated: 1716
	1716  -  MemoryUsage of job (MB)
	1757452  -  ResidentSetSize of job (KB)
...
006 (34544698.000.000) 2021-09-16 07:07:37 Image size of job updated: 1716
	1716  -  MemoryUsage of job (MB)
	1758032  -  ResidentSetSize of job (KB)
...
006 (34544698.000.000) 2021-09-16 07:08:37 Image size of job updated: 1717
	1717  -  MemoryUsage of job (MB)
	1758548  -  ResidentSetSize of job (KB)
...
006 (34544698.000.000) 2021-09-16 07:09:38 Image size of job updated: 1717
	1717  -  MemoryUsage of job (MB)
	1758892  -  ResidentSetSize of job (KB)
...
006 (34544698.000.000) 2021-09-16 07:10:39 Image size of job updated: 1718
	1718  -  MemoryUsage of job (MB)
	1759520  -  ResidentSetSize of job (KB)
...
006 (34544698.000.000) 2021-09-16 07:11:39 Image size of job updated: 1719
	1719  -  MemoryUsage of job (MB)
	1760484  -  ResidentSetSize of job (KB)
...
006 (34544698.000.000) 2021-09-16 07:12:40 Image size of job updated: 1719
	1719  -  MemoryUsage of job (MB)
	1761056  -  ResidentSetSize of job (KB)
...
006 (34544698.000.000) 2021-09-16 07:13:41 Image size of job updated: 1720
	1720  -  MemoryUsage of job (MB)
	1761532  -  ResidentSetSize of job (KB)
...
006 (34544698.000.000) 2021-09-16 07:14:41 Image size of job updated: 1720
	1720  -  MemoryUsage of job (MB)
	1761892  -  ResidentSetSize of job (KB)
...
006 (34544698.000.000) 2021-09-16 07:15:41 Image size of job updated: 1721
	1721  -  MemoryUsage of job (MB)
	1762704  -  ResidentSetSize of job (KB)
...
006 (34544698.000.000) 2021-09-16 07:16:42 Image size of job updated: 1722
	1722  -  MemoryUsage of job (MB)
	1763332  -  ResidentSetSize of job (KB)
...
006 (34544698.000.000) 2021-09-16 07:17:42 Image size of job updated: 1722
	1722  -  MemoryUsage of job (MB)
	1763812  -  ResidentSetSize of job (KB)
...
006 (34544698.000.000) 2021-09-16 07:18:43 Image size of job updated: 1723
	1723  -  MemoryUsage of job (MB)
	1764384  -  ResidentSetSize of job (KB)
...
006 (34544698.000.000) 2021-09-16 07:19:44 Image size of job updated: 1723
	1723  -  MemoryUsage of job (MB)
	1764936  -  ResidentSetSize of job (KB)
...
006 (34544698.000.000) 2021-09-16 07:20:44 Image size of job updated: 1723
	1723  -  MemoryUsage of job (MB)
	1765260  -  ResidentSetSize of job (KB)
...
006 (34544698.000.000) 2021-09-16 07:21:45 Image size of job updated: 1724
	1724  -  MemoryUsage of job (MB)
	1766220  -  ResidentSetSize of job (KB)
...
006 (34544698.000.000) 2021-09-16 07:22:46 Image size of job updated: 1725
	1725  -  MemoryUsage of job (MB)
	1766868  -  ResidentSetSize of job (KB)
...
006 (34544698.000.000) 2021-09-16 07:23:46 Image size of job updated: 1725
	1725  -  MemoryUsage of job (MB)
	1767396  -  ResidentSetSize of job (KB)
...
006 (34544698.000.000) 2021-09-16 07:24:46 Image size of job updated: 1726
	1726  -  MemoryUsage of job (MB)
	1767596  -  ResidentSetSize of job (KB)
...
006 (34544698.000.000) 2021-09-16 07:25:47 Image size of job updated: 1726
	1726  -  MemoryUsage of job (MB)
	1768028  -  ResidentSetSize of job (KB)
...
006 (34544698.000.000) 2021-09-16 07:26:47 Image size of job updated: 1727
	1727  -  MemoryUsage of job (MB)
	1768608  -  ResidentSetSize of job (KB)
...
006 (34544698.000.000) 2021-09-16 07:27:47 Image size of job updated: 1727
	1727  -  MemoryUsage of job (MB)
	1769244  -  ResidentSetSize of job (KB)
...
006 (34544698.000.000) 2021-09-16 07:28:48 Image size of job updated: 1728
	1728  -  MemoryUsage of job (MB)
	1769772  -  ResidentSetSize of job (KB)
...
006 (34544698.000.000) 2021-09-16 07:29:48 Image size of job updated: 1728
	1728  -  MemoryUsage of job (MB)
	1770256  -  ResidentSetSize of job (KB)
...
006 (34544698.000.000) 2021-09-16 07:30:48 Image size of job updated: 1729
	1729  -  MemoryUsage of job (MB)
	1770604  -  ResidentSetSize of job (KB)
...
006 (34544698.000.000) 2021-09-16 07:31:49 Image size of job updated: 1729
	1729  -  MemoryUsage of job (MB)
	1771256  -  ResidentSetSize of job (KB)
...
006 (34544698.000.000) 2021-09-16 07:32:50 Image size of job updated: 1730
	1730  -  MemoryUsage of job (MB)
	1771680  -  ResidentSetSize of job (KB)
...
006 (34544698.000.000) 2021-09-16 07:33:51 Image size of job updated: 1730
	1730  -  MemoryUsage of job (MB)
	1772536  -  ResidentSetSize of job (KB)
...
006 (34544698.000.000) 2021-09-16 07:34:51 Image size of job updated: 1731
	1731  -  MemoryUsage of job (MB)
	1773052  -  ResidentSetSize of job (KB)
...
006 (34544698.000.000) 2021-09-16 07:35:52 Image size of job updated: 1731
	1731  -  MemoryUsage of job (MB)
	1773552  -  ResidentSetSize of job (KB)
...
006 (34544698.000.000) 2021-09-16 07:36:53 Image size of job updated: 1732
	1732  -  MemoryUsage of job (MB)
	1774156  -  ResidentSetSize of job (KB)
...
006 (34544698.000.000) 2021-09-16 07:37:54 Image size of job updated: 1732
	1732  -  MemoryUsage of job (MB)
	1774344  -  ResidentSetSize of job (KB)
...
006 (34544698.000.000) 2021-09-16 07:38:54 Image size of job updated: 1733
	1733  -  MemoryUsage of job (MB)
	1774776  -  ResidentSetSize of job (KB)
...
006 (34544698.000.000) 2021-09-16 07:39:55 Image size of job updated: 1734
	1734  -  MemoryUsage of job (MB)
	1775692  -  ResidentSetSize of job (KB)
...
006 (34544698.000.000) 2021-09-16 07:41:55 Image size of job updated: 1734
	1734  -  MemoryUsage of job (MB)
	1776044  -  ResidentSetSize of job (KB)
...
006 (34544698.000.000) 2021-09-16 07:42:56 Image size of job updated: 1734
	1734  -  MemoryUsage of job (MB)
	1776228  -  ResidentSetSize of job (KB)
...
006 (34544698.000.000) 2021-09-16 07:43:56 Image size of job updated: 1735
	1735  -  MemoryUsage of job (MB)
	1776892  -  ResidentSetSize of job (KB)
...
006 (34544698.000.000) 2021-09-16 07:44:57 Image size of job updated: 1735
	1735  -  MemoryUsage of job (MB)
	1777244  -  ResidentSetSize of job (KB)
...
006 (34544698.000.000) 2021-09-16 07:45:58 Image size of job updated: 1736
	1736  -  MemoryUsage of job (MB)
	1777840  -  ResidentSetSize of job (KB)
...
006 (34544698.000.000) 2021-09-16 07:46:58 Image size of job updated: 1736
	1736  -  MemoryUsage of job (MB)
	1778316  -  ResidentSetSize of job (KB)
...
006 (34544698.000.000) 2021-09-16 07:47:58 Image size of job updated: 1736
	1736  -  MemoryUsage of job (MB)
	1778552  -  ResidentSetSize of job (KB)
...
006 (34544698.000.000) 2021-09-16 07:48:59 Image size of job updated: 1737
	1737  -  MemoryUsage of job (MB)
	1779132  -  ResidentSetSize of job (KB)
...
006 (34544698.000.000) 2021-09-16 07:49:59 Image size of job updated: 1737
	1737  -  MemoryUsage of job (MB)
	1779624  -  ResidentSetSize of job (KB)
...
006 (34544698.000.000) 2021-09-16 07:51:00 Image size of job updated: 1738
	1738  -  MemoryUsage of job (MB)
	1780168  -  ResidentSetSize of job (KB)
...
006 (34544698.000.000) 2021-09-16 07:52:01 Image size of job updated: 1738
	1738  -  MemoryUsage of job (MB)
	1780624  -  ResidentSetSize of job (KB)
...
006 (34544698.000.000) 2021-09-16 07:53:01 Image size of job updated: 1739
	1739  -  MemoryUsage of job (MB)
	1780736  -  ResidentSetSize of job (KB)
...
006 (34544698.000.000) 2021-09-16 07:54:02 Image size of job updated: 1739
	1739  -  MemoryUsage of job (MB)
	1781252  -  ResidentSetSize of job (KB)
...
006 (34544698.000.000) 2021-09-16 07:55:03 Image size of job updated: 1740
	1740  -  MemoryUsage of job (MB)
	1781844  -  ResidentSetSize of job (KB)
...
006 (34544698.000.000) 2021-09-16 07:56:03 Image size of job updated: 1740
	1740  -  MemoryUsage of job (MB)
	1782456  -  ResidentSetSize of job (KB)
...
006 (34544698.000.000) 2021-09-16 07:57:04 Image size of job updated: 1740
	1740  -  MemoryUsage of job (MB)
	1782604  -  ResidentSetSize of job (KB)
...
006 (34544698.000.000) 2021-09-16 07:58:05 Image size of job updated: 1741
	1741  -  MemoryUsage of job (MB)
	1783176  -  ResidentSetSize of job (KB)
...
006 (34544698.000.000) 2021-09-16 07:59:05 Image size of job updated: 1742
	1742  -  MemoryUsage of job (MB)
	1783816  -  ResidentSetSize of job (KB)
...
006 (34544698.000.000) 2021-09-16 08:00:05 Image size of job updated: 1742
	1742  -  MemoryUsage of job (MB)
	1783892  -  ResidentSetSize of job (KB)
...
040 (34544698.000.000) 2021-09-16 08:00:13 Started transferring output files
...
040 (34544698.000.000) 2021-09-16 08:00:13 Finished transferring output files
...
005 (34544698.000.000) 2021-09-16 08:00:15 Job terminated.
	(1) Normal termination (return value 0)
		Usr 0 01:15:34, Sys 0 00:54:11  -  Run Remote Usage
		Usr 0 00:00:00, Sys 0 00:00:00  -  Run Local Usage
		Usr 0 01:15:34, Sys 0 00:54:11  -  Total Remote Usage
		Usr 0 00:00:00, Sys 0 00:00:00  -  Total Local Usage
	1228604  -  Run Bytes Sent By Job
	8471562  -  Run Bytes Received By Job
	1228604  -  Total Bytes Sent By Job
	8471562  -  Total Bytes Received By Job
	Partitionable Resources :    Usage  Request Allocated 
	   Cpus                 :     0.00        1         1 
	   Disk (KB)            : 30141       10000    324478 
	   Memory (MB)          :  1742        2048      2048 

	Job terminated of its own accord at 2021-09-16T13:00:13Z.
...
000 (14733127.000.000) 2021-09-24 22:27:48 Job submitted from host: <131.225.188.55:9618?addrs=131.225.188.55-9618&alias=lpcschedd1.fnal.gov&noUDP&sock=schedd_2070_6d22>
...
040 (14733127.000.000) 2021-09-25 02:40:14 Started transferring input files
	Transferring to host: <131.225.204.103:9618?addrs=131.225.204.103-9618&alias=cmswn1707.fnal.gov&noUDP&sock=slot1_3_1219_a54b_6749>
...
040 (14733127.000.000) 2021-09-25 02:40:15 Finished transferring input files
...
001 (14733127.000.000) 2021-09-25 02:40:16 Job executing on host: <131.225.204.103:9618?addrs=131.225.204.103-9618&alias=cmswn1707.fnal.gov&noUDP&sock=startd_1140_860e>
...
006 (14733127.000.000) 2021-09-25 02:40:24 Image size of job updated: 44
	44  -  MemoryUsage of job (MB)
	45320  -  ResidentSetSize of job (KB)
...
006 (14733127.000.000) 2021-09-25 02:41:25 Image size of job updated: 530
	530  -  MemoryUsage of job (MB)
	543580  -  ResidentSetSize of job (KB)
...
006 (14733127.000.000) 2021-09-25 02:44:26 Image size of job updated: 536
	536  -  MemoryUsage of job (MB)
	549344  -  ResidentSetSize of job (KB)
...
006 (14733127.000.000) 2021-09-25 02:45:27 Image size of job updated: 585
	585  -  MemoryUsage of job (MB)
	599404  -  ResidentSetSize of job (KB)
...
006 (14733127.000.000) 2021-09-25 02:46:27 Image size of job updated: 632
	632  -  MemoryUsage of job (MB)
	647500  -  ResidentSetSize of job (KB)
...
006 (14733127.000.000) 2021-09-25 02:47:27 Image size of job updated: 673
	673  -  MemoryUsage of job (MB)
	689488  -  ResidentSetSize of job (KB)
...
006 (14733127.000.000) 2021-09-25 02:48:28 Image size of job updated: 710
	710  -  MemoryUsage of job (MB)
	728024  -  ResidentSetSize of job (KB)
...
006 (14733127.000.000) 2021-09-25 02:49:28 Image size of job updated: 746
	746  -  MemoryUsage of job (MB)
	763928  -  ResidentSetSize of job (KB)
...
006 (14733127.000.000) 2021-09-25 02:50:28 Image size of job updated: 778
	778  -  MemoryUsage of job (MB)
	797452  -  ResidentSetSize of job (KB)
...
006 (14733127.000.000) 2021-09-25 02:51:29 Image size of job updated: 810
	810  -  MemoryUsage of job (MB)
	830448  -  ResidentSetSize of job (KB)
...
006 (14733127.000.000) 2021-09-25 02:52:30 Image size of job updated: 843
	843  -  MemoryUsage of job (MB)
	863264  -  ResidentSetSize of job (KB)
...
006 (14733127.000.000) 2021-09-25 02:53:30 Image size of job updated: 871
	871  -  MemoryUsage of job (MB)
	892804  -  ResidentSetSize of job (KB)
...
006 (14733127.000.000) 2021-09-25 02:54:31 Image size of job updated: 911
	911  -  MemoryUsage of job (MB)
	933296  -  ResidentSetSize of job (KB)
...
006 (14733127.000.000) 2021-09-25 02:55:32 Image size of job updated: 940
	940  -  MemoryUsage of job (MB)
	962724  -  ResidentSetSize of job (KB)
...
006 (14733127.000.000) 2021-09-25 02:56:32 Image size of job updated: 966
	966  -  MemoryUsage of job (MB)
	989964  -  ResidentSetSize of job (KB)
...
006 (14733127.000.000) 2021-09-25 02:57:33 Image size of job updated: 992
	992  -  MemoryUsage of job (MB)
	1015988  -  ResidentSetSize of job (KB)
...
006 (14733127.000.000) 2021-09-25 02:58:33 Image size of job updated: 1019
	1019  -  MemoryUsage of job (MB)
	1044044  -  ResidentSetSize of job (KB)
...
006 (14733127.000.000) 2021-09-25 02:59:34 Image size of job updated: 1047
	1047  -  MemoryUsage of job (MB)
	1072704  -  ResidentSetSize of job (KB)
...
006 (14733127.000.000) 2021-09-25 03:00:35 Image size of job updated: 1078
	1078  -  MemoryUsage of job (MB)
	1104608  -  ResidentSetSize of job (KB)
...
006 (14733127.000.000) 2021-09-25 03:01:36 Image size of job updated: 1101
	1101  -  MemoryUsage of job (MB)
	1128152  -  ResidentSetSize of job (KB)
...
006 (14733127.000.000) 2021-09-25 03:02:36 Image size of job updated: 1124
	1124  -  MemoryUsage of job (MB)
	1151080  -  ResidentSetSize of job (KB)
...
006 (14733127.000.000) 2021-09-25 03:03:37 Image size of job updated: 1145
	1145  -  MemoryUsage of job (MB)
	1173392  -  ResidentSetSize of job (KB)
...
006 (14733127.000.000) 2021-09-25 03:04:38 Image size of job updated: 1168
	1168  -  MemoryUsage of job (MB)
	1196240  -  ResidentSetSize of job (KB)
...
006 (14733127.000.000) 2021-09-25 03:05:39 Image size of job updated: 1189
	1189  -  MemoryUsage of job (MB)
	1217692  -  ResidentSetSize of job (KB)
...
006 (14733127.000.000) 2021-09-25 03:06:39 Image size of job updated: 1209
	1209  -  MemoryUsage of job (MB)
	1238848  -  ResidentSetSize of job (KB)
...
006 (14733127.000.000) 2021-09-25 03:07:40 Image size of job updated: 1229
	1229  -  MemoryUsage of job (MB)
	1259512  -  ResidentSetSize of job (KB)
...
006 (14733127.000.000) 2021-09-25 03:08:41 Image size of job updated: 1249
	1249  -  MemoryUsage of job (MB)
	1279708  -  ResidentSetSize of job (KB)
...
006 (14733127.000.000) 2021-09-25 03:09:41 Image size of job updated: 1269
	1269  -  MemoryUsage of job (MB)
	1299548  -  ResidentSetSize of job (KB)
...
006 (14733127.000.000) 2021-09-25 03:10:42 Image size of job updated: 1288
	1288  -  MemoryUsage of job (MB)
	1319208  -  ResidentSetSize of job (KB)
...
006 (14733127.000.000) 2021-09-25 03:11:43 Image size of job updated: 1306
	1306  -  MemoryUsage of job (MB)
	1338324  -  ResidentSetSize of job (KB)
...
006 (14733127.000.000) 2021-09-25 03:12:43 Image size of job updated: 1323
	1323  -  MemoryUsage of job (MB)
	1355256  -  ResidentSetSize of job (KB)
...
006 (14733127.000.000) 2021-09-25 03:13:43 Image size of job updated: 1341
	1341  -  MemoryUsage of job (MB)
	1373792  -  ResidentSetSize of job (KB)
...
006 (14733127.000.000) 2021-09-25 03:14:44 Image size of job updated: 1359
	1359  -  MemoryUsage of job (MB)
	1391932  -  ResidentSetSize of job (KB)
...
006 (14733127.000.000) 2021-09-25 03:15:44 Image size of job updated: 1376
	1376  -  MemoryUsage of job (MB)
	1409872  -  ResidentSetSize of job (KB)
...
006 (14733127.000.000) 2021-09-25 03:16:45 Image size of job updated: 1393
	1393  -  MemoryUsage of job (MB)
	1427328  -  ResidentSetSize of job (KB)
...
006 (14733127.000.000) 2021-09-25 03:17:46 Image size of job updated: 1410
	1410  -  MemoryUsage of job (MB)
	1444712  -  ResidentSetSize of job (KB)
...
006 (14733127.000.000) 2021-09-25 03:18:46 Image size of job updated: 1427
	1427  -  MemoryUsage of job (MB)
	1462016  -  ResidentSetSize of job (KB)
...
006 (14733127.000.000) 2021-09-25 03:19:47 Image size of job updated: 1444
	1444  -  MemoryUsage of job (MB)
	1478912  -  ResidentSetSize of job (KB)
...
006 (14733127.000.000) 2021-09-25 03:20:48 Image size of job updated: 1460
	1460  -  MemoryUsage of job (MB)
	1495980  -  ResidentSetSize of job (KB)
...
006 (14733127.000.000) 2021-09-25 03:21:48 Image size of job updated: 1477
	1477  -  MemoryUsage of job (MB)
	1512640  -  ResidentSetSize of job (KB)
...
006 (14733127.000.000) 2021-09-25 03:22:48 Image size of job updated: 1492
	1492  -  MemoryUsage of job (MB)
	1528776  -  ResidentSetSize of job (KB)
...
006 (14733127.000.000) 2021-09-25 03:23:49 Image size of job updated: 1508
	1508  -  MemoryUsage of job (MB)
	1544936  -  ResidentSetSize of job (KB)
...
006 (14733127.000.000) 2021-09-25 03:24:50 Image size of job updated: 1524
	1524  -  MemoryUsage of job (MB)
	1560764  -  ResidentSetSize of job (KB)
...
006 (14733127.000.000) 2021-09-25 03:25:50 Image size of job updated: 1543
	1543  -  MemoryUsage of job (MB)
	1580592  -  ResidentSetSize of job (KB)
...
006 (14733127.000.000) 2021-09-25 03:26:51 Image size of job updated: 1625
	1625  -  MemoryUsage of job (MB)
	1664908  -  ResidentSetSize of job (KB)
...
006 (14733127.000.000) 2021-09-25 03:27:52 Image size of job updated: 1666
	1666  -  MemoryUsage of job (MB)
	1705984  -  ResidentSetSize of job (KB)
...
006 (14733127.000.000) 2021-09-25 03:28:52 Image size of job updated: 1677
	1677  -  MemoryUsage of job (MB)
	1717252  -  ResidentSetSize of job (KB)
...
006 (14733127.000.000) 2021-09-25 03:29:53 Image size of job updated: 1680
	1680  -  MemoryUsage of job (MB)
	1720564  -  ResidentSetSize of job (KB)
...
006 (14733127.000.000) 2021-09-25 03:30:54 Image size of job updated: 1682
	1682  -  MemoryUsage of job (MB)
	1723012  -  ResidentSetSize of job (KB)
...
006 (14733127.000.000) 2021-09-25 03:31:54 Image size of job updated: 1684
	1684  -  MemoryUsage of job (MB)
	1724784  -  ResidentSetSize of job (KB)
...
006 (14733127.000.000) 2021-09-25 03:32:55 Image size of job updated: 1685
	1685  -  MemoryUsage of job (MB)
	1725520  -  ResidentSetSize of job (KB)
...
006 (14733127.000.000) 2021-09-25 03:33:55 Image size of job updated: 1687
	1687  -  MemoryUsage of job (MB)
	1728404  -  ResidentSetSize of job (KB)
...
006 (14733127.000.000) 2021-09-25 03:34:55 Image size of job updated: 1690
	1690  -  MemoryUsage of job (MB)
	1730836  -  ResidentSetSize of job (KB)
...
006 (14733127.000.000) 2021-09-25 03:35:56 Image size of job updated: 1691
	1691  -  MemoryUsage of job (MB)
	1732140  -  ResidentSetSize of job (KB)
...
006 (14733127.000.000) 2021-09-25 03:36:57 Image size of job updated: 1693
	1693  -  MemoryUsage of job (MB)
	1734272  -  ResidentSetSize of job (KB)
...
006 (14733127.000.000) 2021-09-25 03:37:57 Image size of job updated: 1693
	1693  -  MemoryUsage of job (MB)
	1734396  -  ResidentSetSize of job (KB)
...
006 (14733127.000.000) 2021-09-25 03:38:58 Image size of job updated: 1695
	1695  -  MemoryUsage of job (MB)
	1736276  -  ResidentSetSize of job (KB)
...
006 (14733127.000.000) 2021-09-25 03:39:59 Image size of job updated: 1697
	1697  -  MemoryUsage of job (MB)
	1737852  -  ResidentSetSize of job (KB)
...
006 (14733127.000.000) 2021-09-25 03:40:59 Image size of job updated: 1697
	1697  -  MemoryUsage of job (MB)
	1738716  -  ResidentSetSize of job (KB)
...
006 (14733127.000.000) 2021-09-25 03:42:00 Image size of job updated: 1699
	1699  -  MemoryUsage of job (MB)
	1739892  -  ResidentSetSize of job (KB)
...
006 (14733127.000.000) 2021-09-25 03:43:01 Image size of job updated: 1699
	1699  -  MemoryUsage of job (MB)
	1739984  -  ResidentSetSize of job (KB)
...
006 (14733127.000.000) 2021-09-25 03:44:01 Image size of job updated: 1700
	1700  -  MemoryUsage of job (MB)
	1740840  -  ResidentSetSize of job (KB)
...
006 (14733127.000.000) 2021-09-25 03:45:02 Image size of job updated: 1701
	1701  -  MemoryUsage of job (MB)
	1742324  -  ResidentSetSize of job (KB)
...
006 (14733127.000.000) 2021-09-25 03:46:03 Image size of job updated: 1702
	1702  -  MemoryUsage of job (MB)
	1743380  -  ResidentSetSize of job (KB)
...
006 (14733127.000.000) 2021-09-25 03:47:03 Image size of job updated: 1703
	1703  -  MemoryUsage of job (MB)
	1743980  -  ResidentSetSize of job (KB)
...
006 (14733127.000.000) 2021-09-25 03:48:04 Image size of job updated: 1703
	1703  -  MemoryUsage of job (MB)
	1744080  -  ResidentSetSize of job (KB)
...
006 (14733127.000.000) 2021-09-25 03:49:05 Image size of job updated: 1704
	1704  -  MemoryUsage of job (MB)
	1745316  -  ResidentSetSize of job (KB)
...
006 (14733127.000.000) 2021-09-25 03:50:05 Image size of job updated: 1705
	1705  -  MemoryUsage of job (MB)
	1746524  -  ResidentSetSize of job (KB)
...
006 (14733127.000.000) 2021-09-25 03:51:05 Image size of job updated: 1706
	1706  -  MemoryUsage of job (MB)
	1747536  -  ResidentSetSize of job (KB)
...
006 (14733127.000.000) 2021-09-25 03:52:06 Image size of job updated: 1707
	1707  -  MemoryUsage of job (MB)
	1748044  -  ResidentSetSize of job (KB)
...
006 (14733127.000.000) 2021-09-25 03:53:06 Image size of job updated: 1707
	1707  -  MemoryUsage of job (MB)
	1748448  -  ResidentSetSize of job (KB)
...
006 (14733127.000.000) 2021-09-25 03:54:06 Image size of job updated: 1707
	1707  -  MemoryUsage of job (MB)
	1748888  -  ResidentSetSize of job (KB)
...
006 (14733127.000.000) 2021-09-25 03:55:07 Image size of job updated: 1708
	1708  -  MemoryUsage of job (MB)
	1749292  -  ResidentSetSize of job (KB)
...
006 (14733127.000.000) 2021-09-25 03:56:08 Image size of job updated: 1709
	1709  -  MemoryUsage of job (MB)
	1750104  -  ResidentSetSize of job (KB)
...
006 (14733127.000.000) 2021-09-25 03:57:09 Image size of job updated: 1709
	1709  -  MemoryUsage of job (MB)
	1750612  -  ResidentSetSize of job (KB)
...
006 (14733127.000.000) 2021-09-25 03:58:09 Image size of job updated: 1709
	1709  -  MemoryUsage of job (MB)
	1750704  -  ResidentSetSize of job (KB)
...
006 (14733127.000.000) 2021-09-25 03:59:10 Image size of job updated: 1710
	1710  -  MemoryUsage of job (MB)
	1751548  -  ResidentSetSize of job (KB)
...
006 (14733127.000.000) 2021-09-25 04:00:10 Image size of job updated: 1710
	1710  -  MemoryUsage of job (MB)
	1752056  -  ResidentSetSize of job (KB)
...
006 (14733127.000.000) 2021-09-25 04:01:10 Image size of job updated: 1711
	1711  -  MemoryUsage of job (MB)
	1752708  -  ResidentSetSize of job (KB)
...
006 (14733127.000.000) 2021-09-25 04:02:11 Image size of job updated: 1712
	1712  -  MemoryUsage of job (MB)
	1753260  -  ResidentSetSize of job (KB)
...
006 (14733127.000.000) 2021-09-25 04:03:12 Image size of job updated: 1712
	1712  -  MemoryUsage of job (MB)
	1753664  -  ResidentSetSize of job (KB)
...
006 (14733127.000.000) 2021-09-25 04:04:12 Image size of job updated: 1713
	1713  -  MemoryUsage of job (MB)
	1754172  -  ResidentSetSize of job (KB)
...
006 (14733127.000.000) 2021-09-25 04:05:13 Image size of job updated: 1713
	1713  -  MemoryUsage of job (MB)
	1754652  -  ResidentSetSize of job (KB)
...
006 (14733127.000.000) 2021-09-25 04:06:14 Image size of job updated: 1714
	1714  -  MemoryUsage of job (MB)
	1755256  -  ResidentSetSize of job (KB)
...
006 (14733127.000.000) 2021-09-25 04:07:14 Image size of job updated: 1714
	1714  -  MemoryUsage of job (MB)
	1756132  -  ResidentSetSize of job (KB)
...
006 (14733127.000.000) 2021-09-25 04:08:14 Image size of job updated: 1715
	1715  -  MemoryUsage of job (MB)
	1756696  -  ResidentSetSize of job (KB)
...
006 (14733127.000.000) 2021-09-25 04:09:15 Image size of job updated: 1715
	1715  -  MemoryUsage of job (MB)
	1756792  -  ResidentSetSize of job (KB)
...
006 (14733127.000.000) 2021-09-25 04:10:15 Image size of job updated: 1716
	1716  -  MemoryUsage of job (MB)
	1757536  -  ResidentSetSize of job (KB)
...
006 (14733127.000.000) 2021-09-25 04:11:15 Image size of job updated: 1716
	1716  -  MemoryUsage of job (MB)
	1758140  -  ResidentSetSize of job (KB)
...
006 (14733127.000.000) 2021-09-25 04:12:16 Image size of job updated: 1717
	1717  -  MemoryUsage of job (MB)
	1758296  -  ResidentSetSize of job (KB)
...
006 (14733127.000.000) 2021-09-25 04:13:16 Image size of job updated: 1717
	1717  -  MemoryUsage of job (MB)
	1758824  -  ResidentSetSize of job (KB)
...
006 (14733127.000.000) 2021-09-25 04:14:17 Image size of job updated: 1718
	1718  -  MemoryUsage of job (MB)
	1759516  -  ResidentSetSize of job (KB)
...
006 (14733127.000.000) 2021-09-25 04:15:18 Image size of job updated: 1718
	1718  -  MemoryUsage of job (MB)
	1759580  -  ResidentSetSize of job (KB)
...
006 (14733127.000.000) 2021-09-25 04:16:18 Image size of job updated: 1718
	1718  -  MemoryUsage of job (MB)
	1760224  -  ResidentSetSize of job (KB)
...
006 (14733127.000.000) 2021-09-25 04:17:19 Image size of job updated: 1719
	1719  -  MemoryUsage of job (MB)
	1760928  -  ResidentSetSize of job (KB)
...
006 (14733127.000.000) 2021-09-25 04:18:20 Image size of job updated: 1720
	1720  -  MemoryUsage of job (MB)
	1761556  -  ResidentSetSize of job (KB)
...
006 (14733127.000.000) 2021-09-25 04:19:20 Image size of job updated: 1720
	1720  -  MemoryUsage of job (MB)
	1762140  -  ResidentSetSize of job (KB)
...
006 (14733127.000.000) 2021-09-25 04:20:21 Image size of job updated: 1721
	1721  -  MemoryUsage of job (MB)
	1762496  -  ResidentSetSize of job (KB)
...
006 (14733127.000.000) 2021-09-25 04:21:22 Image size of job updated: 1721
	1721  -  MemoryUsage of job (MB)
	1762572  -  ResidentSetSize of job (KB)
...
006 (14733127.000.000) 2021-09-25 04:22:22 Image size of job updated: 1721
	1721  -  MemoryUsage of job (MB)
	1763244  -  ResidentSetSize of job (KB)
...
006 (14733127.000.000) 2021-09-25 04:23:23 Image size of job updated: 1722
	1722  -  MemoryUsage of job (MB)
	1763888  -  ResidentSetSize of job (KB)
...
006 (14733127.000.000) 2021-09-25 04:24:24 Image size of job updated: 1722
	1722  -  MemoryUsage of job (MB)
	1764092  -  ResidentSetSize of job (KB)
...
006 (14733127.000.000) 2021-09-25 04:25:25 Image size of job updated: 1723
	1723  -  MemoryUsage of job (MB)
	1764756  -  ResidentSetSize of job (KB)
...
006 (14733127.000.000) 2021-09-25 04:26:25 Image size of job updated: 1723
	1723  -  MemoryUsage of job (MB)
	1765280  -  ResidentSetSize of job (KB)
...
006 (14733127.000.000) 2021-09-25 04:27:26 Image size of job updated: 1724
	1724  -  MemoryUsage of job (MB)
	1765756  -  ResidentSetSize of job (KB)
...
006 (14733127.000.000) 2021-09-25 04:28:26 Image size of job updated: 1725
	1725  -  MemoryUsage of job (MB)
	1766684  -  ResidentSetSize of job (KB)
...
006 (14733127.000.000) 2021-09-25 04:29:26 Image size of job updated: 1725
	1725  -  MemoryUsage of job (MB)
	1766988  -  ResidentSetSize of job (KB)
...
006 (14733127.000.000) 2021-09-25 04:30:27 Image size of job updated: 1725
	1725  -  MemoryUsage of job (MB)
	1767220  -  ResidentSetSize of job (KB)
...
006 (14733127.000.000) 2021-09-25 04:31:27 Image size of job updated: 1726
	1726  -  MemoryUsage of job (MB)
	1767928  -  ResidentSetSize of job (KB)
...
006 (14733127.000.000) 2021-09-25 04:32:27 Image size of job updated: 1726
	1726  -  MemoryUsage of job (MB)
	1768412  -  ResidentSetSize of job (KB)
...
006 (14733127.000.000) 2021-09-25 04:33:28 Image size of job updated: 1727
	1727  -  MemoryUsage of job (MB)
	1768952  -  ResidentSetSize of job (KB)
...
006 (14733127.000.000) 2021-09-25 04:34:29 Image size of job updated: 1728
	1728  -  MemoryUsage of job (MB)
	1769580  -  ResidentSetSize of job (KB)
...
006 (14733127.000.000) 2021-09-25 04:35:29 Image size of job updated: 1728
	1728  -  MemoryUsage of job (MB)
	1769816  -  ResidentSetSize of job (KB)
...
006 (14733127.000.000) 2021-09-25 04:36:30 Image size of job updated: 1728
	1728  -  MemoryUsage of job (MB)
	1770456  -  ResidentSetSize of job (KB)
...
006 (14733127.000.000) 2021-09-25 04:37:30 Image size of job updated: 1729
	1729  -  MemoryUsage of job (MB)
	1770840  -  ResidentSetSize of job (KB)
...
006 (14733127.000.000) 2021-09-25 04:38:30 Image size of job updated: 1730
	1730  -  MemoryUsage of job (MB)
	1771576  -  ResidentSetSize of job (KB)
...
006 (14733127.000.000) 2021-09-25 04:39:31 Image size of job updated: 1730
	1730  -  MemoryUsage of job (MB)
	1772148  -  ResidentSetSize of job (KB)
...
006 (14733127.000.000) 2021-09-25 04:40:32 Image size of job updated: 1731
	1731  -  MemoryUsage of job (MB)
	1772656  -  ResidentSetSize of job (KB)
...
006 (14733127.000.000) 2021-09-25 04:41:32 Image size of job updated: 1731
	1731  -  MemoryUsage of job (MB)
	1773004  -  ResidentSetSize of job (KB)
...
006 (14733127.000.000) 2021-09-25 04:42:33 Image size of job updated: 1732
	1732  -  MemoryUsage of job (MB)
	1773784  -  ResidentSetSize of job (KB)
...
006 (14733127.000.000) 2021-09-25 04:43:33 Image size of job updated: 1732
	1732  -  MemoryUsage of job (MB)
	1774256  -  ResidentSetSize of job (KB)
...
006 (14733127.000.000) 2021-09-25 04:44:33 Image size of job updated: 1733
	1733  -  MemoryUsage of job (MB)
	1774796  -  ResidentSetSize of job (KB)
...
006 (14733127.000.000) 2021-09-25 04:45:34 Image size of job updated: 1733
	1733  -  MemoryUsage of job (MB)
	1775460  -  ResidentSetSize of job (KB)
...
006 (14733127.000.000) 2021-09-25 04:46:35 Image size of job updated: 1733
	1733  -  MemoryUsage of job (MB)
	1775608  -  ResidentSetSize of job (KB)
...
006 (14733127.000.000) 2021-09-25 04:47:35 Image size of job updated: 1734
	1734  -  MemoryUsage of job (MB)
	1775940  -  ResidentSetSize of job (KB)
...
006 (14733127.000.000) 2021-09-25 04:48:36 Image size of job updated: 1734
	1734  -  MemoryUsage of job (MB)
	1776252  -  ResidentSetSize of job (KB)
...
006 (14733127.000.000) 2021-09-25 04:49:36 Image size of job updated: 1735
	1735  -  MemoryUsage of job (MB)
	1776968  -  ResidentSetSize of job (KB)
...
006 (14733127.000.000) 2021-09-25 04:50:36 Image size of job updated: 1736
	1736  -  MemoryUsage of job (MB)
	1777684  -  ResidentSetSize of job (KB)
...
006 (14733127.000.000) 2021-09-25 04:51:37 Image size of job updated: 1736
	1736  -  MemoryUsage of job (MB)
	1778316  -  ResidentSetSize of job (KB)
...
006 (14733127.000.000) 2021-09-25 04:52:37 Image size of job updated: 1736
	1736  -  MemoryUsage of job (MB)
	1778564  -  ResidentSetSize of job (KB)
...
006 (14733127.000.000) 2021-09-25 04:53:37 Image size of job updated: 1737
	1737  -  MemoryUsage of job (MB)
	1779252  -  ResidentSetSize of job (KB)
...
006 (14733127.000.000) 2021-09-25 04:54:38 Image size of job updated: 1737
	1737  -  MemoryUsage of job (MB)
	1779580  -  ResidentSetSize of job (KB)
...
006 (14733127.000.000) 2021-09-25 04:55:38 Image size of job updated: 1738
	1738  -  MemoryUsage of job (MB)
	1780088  -  ResidentSetSize of job (KB)
...
006 (14733127.000.000) 2021-09-25 04:56:38 Image size of job updated: 1738
	1738  -  MemoryUsage of job (MB)
	1780684  -  ResidentSetSize of job (KB)
...
006 (14733127.000.000) 2021-09-25 04:57:39 Image size of job updated: 1739
	1739  -  MemoryUsage of job (MB)
	1780964  -  ResidentSetSize of job (KB)
...
006 (14733127.000.000) 2021-09-25 04:58:39 Image size of job updated: 1739
	1739  -  MemoryUsage of job (MB)
	1781072  -  ResidentSetSize of job (KB)
...
006 (14733127.000.000) 2021-09-25 04:59:39 Image size of job updated: 1739
	1739  -  MemoryUsage of job (MB)
	1781432  -  ResidentSetSize of job (KB)
...
006 (14733127.000.000) 2021-09-25 05:00:40 Image size of job updated: 1740
	1740  -  MemoryUsage of job (MB)
	1781856  -  ResidentSetSize of job (KB)
...
006 (14733127.000.000) 2021-09-25 05:01:41 Image size of job updated: 1740
	1740  -  MemoryUsage of job (MB)
	1782552  -  ResidentSetSize of job (KB)
...
006 (14733127.000.000) 2021-09-25 05:02:41 Image size of job updated: 1741
	1741  -  MemoryUsage of job (MB)
	1783136  -  ResidentSetSize of job (KB)
...
006 (14733127.000.000) 2021-09-25 05:03:42 Image size of job updated: 1741
	1741  -  MemoryUsage of job (MB)
	1783360  -  ResidentSetSize of job (KB)
...
006 (14733127.000.000) 2021-09-25 05:04:42 Image size of job updated: 1742
	1742  -  MemoryUsage of job (MB)
	1783956  -  ResidentSetSize of job (KB)
...
006 (14733127.000.000) 2021-09-25 05:05:43 Image size of job updated: 1742
	1742  -  MemoryUsage of job (MB)
	1784592  -  ResidentSetSize of job (KB)
...
006 (14733127.000.000) 2021-09-25 05:06:44 Image size of job updated: 1743
	1743  -  MemoryUsage of job (MB)
	1785140  -  ResidentSetSize of job (KB)
...
006 (14733127.000.000) 2021-09-25 05:07:44 Image size of job updated: 1743
	1743  -  MemoryUsage of job (MB)
	1785160  -  ResidentSetSize of job (KB)
...
006 (14733127.000.000) 2021-09-25 05:08:45 Image size of job updated: 1743
	1743  -  MemoryUsage of job (MB)
	1785680  -  ResidentSetSize of job (KB)
...
006 (14733127.000.000) 2021-09-25 05:09:46 Image size of job updated: 1744
	1744  -  MemoryUsage of job (MB)
	1785996  -  ResidentSetSize of job (KB)
...
006 (14733127.000.000) 2021-09-25 05:10:46 Image size of job updated: 1744
	1744  -  MemoryUsage of job (MB)
	1786508  -  ResidentSetSize of job (KB)
...
006 (14733127.000.000) 2021-09-25 05:11:47 Image size of job updated: 1745
	1745  -  MemoryUsage of job (MB)
	1786916  -  ResidentSetSize of job (KB)
...
006 (14733127.000.000) 2021-09-25 05:12:48 Image size of job updated: 1745
	1745  -  MemoryUsage of job (MB)
	1787460  -  ResidentSetSize of job (KB)
...
006 (14733127.000.000) 2021-09-25 05:13:48 Image size of job updated: 1745
	1745  -  MemoryUsage of job (MB)
	1787780  -  ResidentSetSize of job (KB)
...
006 (14733127.000.000) 2021-09-25 05:14:49 Image size of job updated: 1746
	1746  -  MemoryUsage of job (MB)
	1787912  -  ResidentSetSize of job (KB)
...
006 (14733127.000.000) 2021-09-25 05:15:50 Image size of job updated: 1746
	1746  -  MemoryUsage of job (MB)
	1788468  -  ResidentSetSize of job (KB)
...
006 (14733127.000.000) 2021-09-25 05:16:50 Image size of job updated: 1747
	1747  -  MemoryUsage of job (MB)
	1789072  -  ResidentSetSize of job (KB)
...
006 (14733127.000.000) 2021-09-25 05:17:51 Image size of job updated: 1747
	1747  -  MemoryUsage of job (MB)
	1789568  -  ResidentSetSize of job (KB)
...
006 (14733127.000.000) 2021-09-25 05:18:51 Image size of job updated: 1747
	1747  -  MemoryUsage of job (MB)
	1789864  -  ResidentSetSize of job (KB)
...
006 (14733127.000.000) 2021-09-25 05:19:51 Image size of job updated: 1748
	1748  -  MemoryUsage of job (MB)
	1790420  -  ResidentSetSize of job (KB)
...
006 (14733127.000.000) 2021-09-25 05:20:52 Image size of job updated: 1748
	1748  -  MemoryUsage of job (MB)
	1790600  -  ResidentSetSize of job (KB)
...
006 (14733127.000.000) 2021-09-25 05:21:52 Image size of job updated: 1749
	1749  -  MemoryUsage of job (MB)
	1791120  -  ResidentSetSize of job (KB)
...
006 (14733127.000.000) 2021-09-25 05:22:40 Image size of job updated: 1749
	1749  -  MemoryUsage of job (MB)
	1791320  -  ResidentSetSize of job (KB)
...
040 (14733127.000.000) 2021-09-25 05:22:40 Started transferring output files
...
040 (14733127.000.000) 2021-09-25 05:22:40 Finished transferring output files
...
005 (14733127.000.000) 2021-09-25 05:22:43 Job terminated.
	(1) Normal termination (return value 0)
		Usr 0 01:15:42, Sys 0 01:20:26  -  Run Remote Usage
		Usr 0 00:00:00, Sys 0 00:00:00  -  Run Local Usage
		Usr 0 01:15:42, Sys 0 01:20:26  -  Total Remote Usage
		Usr 0 00:00:00, Sys 0 00:00:00  -  Total Local Usage
	1228574  -  Run Bytes Sent By Job
	8471570  -  Run Bytes Received By Job
	1228574  -  Total Bytes Sent By Job
	8471570  -  Total Bytes Received By Job
	Partitionable Resources :    Usage  Request Allocated 
	   Cpus                 :     0.00        1         1 
	   Disk (KB)            : 28949       10000    319564 
	   Memory (MB)          :  1749        2048      2048 

	Job terminated of its own accord at 2021-09-25T10:22:40Z.
...
