000 (14656768.000.000) 2021-09-18 19:11:32 Job submitted from host: <131.225.188.55:9618?addrs=131.225.188.55-9618&alias=lpcschedd1.fnal.gov&noUDP&sock=schedd_2070_6d22>
...
040 (14656768.000.000) 2021-09-18 20:37:49 Started transferring input files
	Transferring to host: <131.225.188.34:9618?addrs=131.225.188.34-9618&alias=cmswn2026.fnal.gov&noUDP&sock=slot1_38_2002_570a_734>
...
040 (14656768.000.000) 2021-09-18 20:37:49 Finished transferring input files
...
001 (14656768.000.000) 2021-09-18 20:37:50 Job executing on host: <131.225.188.34:9618?addrs=131.225.188.34-9618&alias=cmswn2026.fnal.gov&noUDP&sock=startd_1924_484e>
...
006 (14656768.000.000) 2021-09-18 20:38:00 Image size of job updated: 26
	26  -  MemoryUsage of job (MB)
	26928  -  ResidentSetSize of job (KB)
...
006 (14656768.000.000) 2021-09-18 20:39:01 Image size of job updated: 424
	424  -  MemoryUsage of job (MB)
	434844  -  ResidentSetSize of job (KB)
...
006 (14656768.000.000) 2021-09-18 20:40:02 Image size of job updated: 497
	497  -  MemoryUsage of job (MB)
	509924  -  ResidentSetSize of job (KB)
...
006 (14656768.000.000) 2021-09-18 20:43:03 Image size of job updated: 509
	509  -  MemoryUsage of job (MB)
	521904  -  ResidentSetSize of job (KB)
...
006 (14656768.000.000) 2021-09-18 20:44:04 Image size of job updated: 558
	558  -  MemoryUsage of job (MB)
	571616  -  ResidentSetSize of job (KB)
...
006 (14656768.000.000) 2021-09-18 20:45:04 Image size of job updated: 604
	604  -  MemoryUsage of job (MB)
	618964  -  ResidentSetSize of job (KB)
...
006 (14656768.000.000) 2021-09-18 20:46:04 Image size of job updated: 641
	641  -  MemoryUsage of job (MB)
	657264  -  ResidentSetSize of job (KB)
...
006 (14656768.000.000) 2021-09-18 20:47:05 Image size of job updated: 681
	681  -  MemoryUsage of job (MB)
	697736  -  ResidentSetSize of job (KB)
...
006 (14656768.000.000) 2021-09-18 20:48:05 Image size of job updated: 713
	713  -  MemoryUsage of job (MB)
	730864  -  ResidentSetSize of job (KB)
...
006 (14656768.000.000) 2021-09-18 20:49:06 Image size of job updated: 747
	747  -  MemoryUsage of job (MB)
	765672  -  ResidentSetSize of job (KB)
...
006 (14656768.000.000) 2021-09-18 20:50:07 Image size of job updated: 776
	776  -  MemoryUsage of job (MB)
	795036  -  ResidentSetSize of job (KB)
...
006 (14656768.000.000) 2021-09-18 20:51:08 Image size of job updated: 808
	808  -  MemoryUsage of job (MB)
	827852  -  ResidentSetSize of job (KB)
...
006 (14656768.000.000) 2021-09-18 20:52:09 Image size of job updated: 838
	838  -  MemoryUsage of job (MB)
	858564  -  ResidentSetSize of job (KB)
...
006 (14656768.000.000) 2021-09-18 20:53:11 Image size of job updated: 866
	866  -  MemoryUsage of job (MB)
	887424  -  ResidentSetSize of job (KB)
...
006 (14656768.000.000) 2021-09-18 20:54:11 Image size of job updated: 903
	903  -  MemoryUsage of job (MB)
	925404  -  ResidentSetSize of job (KB)
...
006 (14656768.000.000) 2021-09-18 20:55:11 Image size of job updated: 929
	929  -  MemoryUsage of job (MB)
	952048  -  ResidentSetSize of job (KB)
...
006 (14656768.000.000) 2021-09-18 20:56:11 Image size of job updated: 956
	956  -  MemoryUsage of job (MB)
	979904  -  ResidentSetSize of job (KB)
...
006 (14656768.000.000) 2021-09-18 20:57:11 Image size of job updated: 979
	979  -  MemoryUsage of job (MB)
	1003240  -  ResidentSetSize of job (KB)
...
006 (14656768.000.000) 2021-09-18 20:58:12 Image size of job updated: 1006
	1006  -  MemoryUsage of job (MB)
	1030564  -  ResidentSetSize of job (KB)
...
006 (14656768.000.000) 2021-09-18 20:59:13 Image size of job updated: 1031
	1031  -  MemoryUsage of job (MB)
	1055840  -  ResidentSetSize of job (KB)
...
006 (14656768.000.000) 2021-09-18 21:00:16 Image size of job updated: 1063
	1063  -  MemoryUsage of job (MB)
	1089168  -  ResidentSetSize of job (KB)
...
006 (14656768.000.000) 2021-09-18 21:01:16 Image size of job updated: 1087
	1087  -  MemoryUsage of job (MB)
	1113400  -  ResidentSetSize of job (KB)
...
006 (14656768.000.000) 2021-09-18 21:02:16 Image size of job updated: 1108
	1108  -  MemoryUsage of job (MB)
	1134612  -  ResidentSetSize of job (KB)
...
006 (14656768.000.000) 2021-09-18 21:03:18 Image size of job updated: 1130
	1130  -  MemoryUsage of job (MB)
	1157444  -  ResidentSetSize of job (KB)
...
006 (14656768.000.000) 2021-09-18 21:04:18 Image size of job updated: 1150
	1150  -  MemoryUsage of job (MB)
	1177808  -  ResidentSetSize of job (KB)
...
006 (14656768.000.000) 2021-09-18 21:05:19 Image size of job updated: 1169
	1169  -  MemoryUsage of job (MB)
	1198040  -  ResidentSetSize of job (KB)
...
006 (14656768.000.000) 2021-09-18 21:06:19 Image size of job updated: 1191
	1191  -  MemoryUsage of job (MB)
	1219956  -  ResidentSetSize of job (KB)
...
006 (14656768.000.000) 2021-09-18 21:07:20 Image size of job updated: 1209
	1209  -  MemoryUsage of job (MB)
	1238888  -  ResidentSetSize of job (KB)
...
006 (14656768.000.000) 2021-09-18 21:08:23 Image size of job updated: 1230
	1230  -  MemoryUsage of job (MB)
	1260040  -  ResidentSetSize of job (KB)
...
006 (14656768.000.000) 2021-09-18 21:09:23 Image size of job updated: 1248
	1248  -  MemoryUsage of job (MB)
	1278280  -  ResidentSetSize of job (KB)
...
006 (14656768.000.000) 2021-09-18 21:10:25 Image size of job updated: 1267
	1267  -  MemoryUsage of job (MB)
	1297636  -  ResidentSetSize of job (KB)
...
006 (14656768.000.000) 2021-09-18 21:11:25 Image size of job updated: 1284
	1284  -  MemoryUsage of job (MB)
	1315040  -  ResidentSetSize of job (KB)
...
006 (14656768.000.000) 2021-09-18 21:12:28 Image size of job updated: 1303
	1303  -  MemoryUsage of job (MB)
	1334888  -  ResidentSetSize of job (KB)
...
006 (14656768.000.000) 2021-09-18 21:13:28 Image size of job updated: 1320
	1320  -  MemoryUsage of job (MB)
	1351724  -  ResidentSetSize of job (KB)
...
006 (14656768.000.000) 2021-09-18 21:14:28 Image size of job updated: 1337
	1337  -  MemoryUsage of job (MB)
	1369956  -  ResidentSetSize of job (KB)
...
006 (14656768.000.000) 2021-09-18 21:15:28 Image size of job updated: 1353
	1353  -  MemoryUsage of job (MB)
	1386368  -  ResidentSetSize of job (KB)
...
006 (14656768.000.000) 2021-09-18 21:16:28 Image size of job updated: 1370
	1370  -  MemoryUsage of job (MB)
	1403840  -  ResidentSetSize of job (KB)
...
006 (14656768.000.000) 2021-09-18 21:17:29 Image size of job updated: 1386
	1386  -  MemoryUsage of job (MB)
	1419956  -  ResidentSetSize of job (KB)
...
006 (14656768.000.000) 2021-09-18 21:18:29 Image size of job updated: 1402
	1402  -  MemoryUsage of job (MB)
	1435964  -  ResidentSetSize of job (KB)
...
006 (14656768.000.000) 2021-09-18 21:19:29 Image size of job updated: 1419
	1419  -  MemoryUsage of job (MB)
	1453724  -  ResidentSetSize of job (KB)
...
006 (14656768.000.000) 2021-09-18 21:20:29 Image size of job updated: 1434
	1434  -  MemoryUsage of job (MB)
	1469156  -  ResidentSetSize of job (KB)
...
006 (14656768.000.000) 2021-09-18 21:21:30 Image size of job updated: 1451
	1451  -  MemoryUsage of job (MB)
	1486324  -  ResidentSetSize of job (KB)
...
006 (14656768.000.000) 2021-09-18 21:22:30 Image size of job updated: 1466
	1466  -  MemoryUsage of job (MB)
	1501480  -  ResidentSetSize of job (KB)
...
006 (14656768.000.000) 2021-09-18 21:23:33 Image size of job updated: 1482
	1482  -  MemoryUsage of job (MB)
	1518408  -  ResidentSetSize of job (KB)
...
006 (14656768.000.000) 2021-09-18 21:24:33 Image size of job updated: 1497
	1497  -  MemoryUsage of job (MB)
	1533696  -  ResidentSetSize of job (KB)
...
006 (14656768.000.000) 2021-09-18 21:25:34 Image size of job updated: 1511
	1511  -  MemoryUsage of job (MB)
	1547776  -  ResidentSetSize of job (KB)
...
006 (14656768.000.000) 2021-09-18 21:26:34 Image size of job updated: 1527
	1527  -  MemoryUsage of job (MB)
	1563936  -  ResidentSetSize of job (KB)
...
006 (14656768.000.000) 2021-09-18 21:27:34 Image size of job updated: 1545
	1545  -  MemoryUsage of job (MB)
	1582312  -  ResidentSetSize of job (KB)
...
006 (14656768.000.000) 2021-09-18 21:28:34 Image size of job updated: 1631
	1631  -  MemoryUsage of job (MB)
	1670448  -  ResidentSetSize of job (KB)
...
006 (14656768.000.000) 2021-09-18 21:29:35 Image size of job updated: 1637
	1637  -  MemoryUsage of job (MB)
	1676756  -  ResidentSetSize of job (KB)
...
006 (14656768.000.000) 2021-09-18 21:30:38 Image size of job updated: 1644
	1644  -  MemoryUsage of job (MB)
	1684036  -  ResidentSetSize of job (KB)
...
006 (14656768.000.000) 2021-09-18 21:31:38 Image size of job updated: 1648
	1648  -  MemoryUsage of job (MB)
	1688056  -  ResidentSetSize of job (KB)
...
040 (14656768.000.000) 2021-09-18 21:32:08 Started transferring output files
...
040 (14656768.000.000) 2021-09-18 21:32:08 Finished transferring output files
...
005 (14656768.000.000) 2021-09-18 21:32:10 Job terminated.
	(1) Normal termination (return value 0)
		Usr 0 00:00:00, Sys 0 00:00:00  -  Run Remote Usage
		Usr 0 00:00:00, Sys 0 00:00:00  -  Run Local Usage
		Usr 0 00:49:20, Sys 0 00:03:26  -  Total Remote Usage
		Usr 0 00:00:00, Sys 0 00:00:00  -  Total Local Usage
	1074498  -  Run Bytes Sent By Job
	8471534  -  Run Bytes Received By Job
	1074498  -  Total Bytes Sent By Job
	8471534  -  Total Bytes Received By Job
	Partitionable Resources :    Usage  Request Allocated 
	   Cpus                 :     0.01        1         1 
	   Disk (KB)            : 11559       10000   1629604 
	   Memory (MB)          :  1648        2048      2048 

	Job terminated of its own accord at 2021-09-19T02:32:08Z.
...
000 (34598902.000.000) 2021-09-19 22:16:56 Job submitted from host: <131.225.188.57:9618?addrs=131.225.188.57-9618&alias=lpcschedd2.fnal.gov&noUDP&sock=schedd_2251_93c6>
...
040 (34598902.000.000) 2021-09-19 22:17:11 Started transferring input files
	Transferring to host: <131.225.204.99:9618?addrs=131.225.204.99-9618&alias=cmswn1703.fnal.gov&noUDP&sock=slot1_6_1250_7cec_6080>
...
040 (34598902.000.000) 2021-09-19 22:17:11 Finished transferring input files
...
001 (34598902.000.000) 2021-09-19 22:17:12 Job executing on host: <131.225.204.99:9618?addrs=131.225.204.99-9618&alias=cmswn1703.fnal.gov&noUDP&sock=startd_1142_e53e>
...
006 (34598902.000.000) 2021-09-19 22:17:21 Image size of job updated: 14
	14  -  MemoryUsage of job (MB)
	15096  -  ResidentSetSize of job (KB)
...
006 (34598902.000.000) 2021-09-19 22:18:21 Image size of job updated: 288
	288  -  MemoryUsage of job (MB)
	295148  -  ResidentSetSize of job (KB)
...
006 (34598902.000.000) 2021-09-19 22:19:22 Image size of job updated: 526
	526  -  MemoryUsage of job (MB)
	538936  -  ResidentSetSize of job (KB)
...
006 (34598902.000.000) 2021-09-19 22:23:23 Image size of job updated: 569
	569  -  MemoryUsage of job (MB)
	582716  -  ResidentSetSize of job (KB)
...
006 (34598902.000.000) 2021-09-19 22:24:24 Image size of job updated: 616
	616  -  MemoryUsage of job (MB)
	631700  -  ResidentSetSize of job (KB)
...
006 (34598902.000.000) 2021-09-19 22:25:25 Image size of job updated: 656
	656  -  MemoryUsage of job (MB)
	672048  -  ResidentSetSize of job (KB)
...
006 (34598902.000.000) 2021-09-19 22:26:25 Image size of job updated: 693
	693  -  MemoryUsage of job (MB)
	710084  -  ResidentSetSize of job (KB)
...
006 (34598902.000.000) 2021-09-19 22:27:25 Image size of job updated: 727
	727  -  MemoryUsage of job (MB)
	745292  -  ResidentSetSize of job (KB)
...
006 (34598902.000.000) 2021-09-19 22:28:26 Image size of job updated: 760
	760  -  MemoryUsage of job (MB)
	778240  -  ResidentSetSize of job (KB)
...
006 (34598902.000.000) 2021-09-19 22:29:26 Image size of job updated: 787
	787  -  MemoryUsage of job (MB)
	806636  -  ResidentSetSize of job (KB)
...
006 (34598902.000.000) 2021-09-19 22:30:26 Image size of job updated: 817
	817  -  MemoryUsage of job (MB)
	837492  -  ResidentSetSize of job (KB)
...
006 (34598902.000.000) 2021-09-19 22:31:27 Image size of job updated: 847
	847  -  MemoryUsage of job (MB)
	868224  -  ResidentSetSize of job (KB)
...
006 (34598902.000.000) 2021-09-19 22:32:27 Image size of job updated: 875
	875  -  MemoryUsage of job (MB)
	896088  -  ResidentSetSize of job (KB)
...
006 (34598902.000.000) 2021-09-19 22:33:27 Image size of job updated: 913
	913  -  MemoryUsage of job (MB)
	935132  -  ResidentSetSize of job (KB)
...
006 (34598902.000.000) 2021-09-19 22:34:28 Image size of job updated: 940
	940  -  MemoryUsage of job (MB)
	962984  -  ResidentSetSize of job (KB)
...
006 (34598902.000.000) 2021-09-19 22:35:28 Image size of job updated: 966
	966  -  MemoryUsage of job (MB)
	989360  -  ResidentSetSize of job (KB)
...
006 (34598902.000.000) 2021-09-19 22:36:28 Image size of job updated: 989
	989  -  MemoryUsage of job (MB)
	1013584  -  ResidentSetSize of job (KB)
...
006 (34598902.000.000) 2021-09-19 22:37:29 Image size of job updated: 1013
	1013  -  MemoryUsage of job (MB)
	1038100  -  ResidentSetSize of job (KB)
...
006 (34598902.000.000) 2021-09-19 22:38:29 Image size of job updated: 1040
	1040  -  MemoryUsage of job (MB)
	1065968  -  ResidentSetSize of job (KB)
...
006 (34598902.000.000) 2021-09-19 22:39:30 Image size of job updated: 1072
	1072  -  MemoryUsage of job (MB)
	1098292  -  ResidentSetSize of job (KB)
...
006 (34598902.000.000) 2021-09-19 22:40:30 Image size of job updated: 1091
	1091  -  MemoryUsage of job (MB)
	1118176  -  ResidentSetSize of job (KB)
...
006 (34598902.000.000) 2021-09-19 22:41:30 Image size of job updated: 1112
	1112  -  MemoryUsage of job (MB)
	1139668  -  ResidentSetSize of job (KB)
...
006 (34598902.000.000) 2021-09-19 22:42:31 Image size of job updated: 1133
	1133  -  MemoryUsage of job (MB)
	1161020  -  ResidentSetSize of job (KB)
...
006 (34598902.000.000) 2021-09-19 22:43:31 Image size of job updated: 1154
	1154  -  MemoryUsage of job (MB)
	1182640  -  ResidentSetSize of job (KB)
...
006 (34598902.000.000) 2021-09-19 22:44:32 Image size of job updated: 1175
	1175  -  MemoryUsage of job (MB)
	1203224  -  ResidentSetSize of job (KB)
...
006 (34598902.000.000) 2021-09-19 22:45:32 Image size of job updated: 1194
	1194  -  MemoryUsage of job (MB)
	1223004  -  ResidentSetSize of job (KB)
...
006 (34598902.000.000) 2021-09-19 22:46:32 Image size of job updated: 1213
	1213  -  MemoryUsage of job (MB)
	1242376  -  ResidentSetSize of job (KB)
...
006 (34598902.000.000) 2021-09-19 22:47:32 Image size of job updated: 1232
	1232  -  MemoryUsage of job (MB)
	1261596  -  ResidentSetSize of job (KB)
...
006 (34598902.000.000) 2021-09-19 22:48:33 Image size of job updated: 1250
	1250  -  MemoryUsage of job (MB)
	1280428  -  ResidentSetSize of job (KB)
...
006 (34598902.000.000) 2021-09-19 22:49:33 Image size of job updated: 1268
	1268  -  MemoryUsage of job (MB)
	1299208  -  ResidentSetSize of job (KB)
...
006 (34598902.000.000) 2021-09-19 22:50:33 Image size of job updated: 1287
	1287  -  MemoryUsage of job (MB)
	1318488  -  ResidentSetSize of job (KB)
...
006 (34598902.000.000) 2021-09-19 22:51:34 Image size of job updated: 1305
	1305  -  MemoryUsage of job (MB)
	1337212  -  ResidentSetSize of job (KB)
...
006 (34598902.000.000) 2021-09-19 22:52:35 Image size of job updated: 1323
	1323  -  MemoryUsage of job (MB)
	1355668  -  ResidentSetSize of job (KB)
...
006 (34598902.000.000) 2021-09-19 22:53:35 Image size of job updated: 1341
	1341  -  MemoryUsage of job (MB)
	1373344  -  ResidentSetSize of job (KB)
...
006 (34598902.000.000) 2021-09-19 22:54:36 Image size of job updated: 1358
	1358  -  MemoryUsage of job (MB)
	1390976  -  ResidentSetSize of job (KB)
...
006 (34598902.000.000) 2021-09-19 22:55:36 Image size of job updated: 1373
	1373  -  MemoryUsage of job (MB)
	1406552  -  ResidentSetSize of job (KB)
...
006 (34598902.000.000) 2021-09-19 22:56:36 Image size of job updated: 1390
	1390  -  MemoryUsage of job (MB)
	1423648  -  ResidentSetSize of job (KB)
...
006 (34598902.000.000) 2021-09-19 22:57:37 Image size of job updated: 1406
	1406  -  MemoryUsage of job (MB)
	1440452  -  ResidentSetSize of job (KB)
...
006 (34598902.000.000) 2021-09-19 22:58:37 Image size of job updated: 1422
	1422  -  MemoryUsage of job (MB)
	1457088  -  ResidentSetSize of job (KB)
...
006 (34598902.000.000) 2021-09-19 22:59:37 Image size of job updated: 1438
	1438  -  MemoryUsage of job (MB)
	1473448  -  ResidentSetSize of job (KB)
...
006 (34598902.000.000) 2021-09-19 23:00:38 Image size of job updated: 1454
	1454  -  MemoryUsage of job (MB)
	1489760  -  ResidentSetSize of job (KB)
...
006 (34598902.000.000) 2021-09-19 23:01:38 Image size of job updated: 1470
	1470  -  MemoryUsage of job (MB)
	1505780  -  ResidentSetSize of job (KB)
...
006 (34598902.000.000) 2021-09-19 23:02:38 Image size of job updated: 1486
	1486  -  MemoryUsage of job (MB)
	1521680  -  ResidentSetSize of job (KB)
...
006 (34598902.000.000) 2021-09-19 23:03:39 Image size of job updated: 1501
	1501  -  MemoryUsage of job (MB)
	1537328  -  ResidentSetSize of job (KB)
...
006 (34598902.000.000) 2021-09-19 23:04:39 Image size of job updated: 1516
	1516  -  MemoryUsage of job (MB)
	1552824  -  ResidentSetSize of job (KB)
...
006 (34598902.000.000) 2021-09-19 23:05:39 Image size of job updated: 1531
	1531  -  MemoryUsage of job (MB)
	1568124  -  ResidentSetSize of job (KB)
...
006 (34598902.000.000) 2021-09-19 23:06:40 Image size of job updated: 1620
	1620  -  MemoryUsage of job (MB)
	1659432  -  ResidentSetSize of job (KB)
...
006 (34598902.000.000) 2021-09-19 23:07:40 Image size of job updated: 1687
	1687  -  MemoryUsage of job (MB)
	1728276  -  ResidentSetSize of job (KB)
...
006 (34598902.000.000) 2021-09-19 23:08:40 Image size of job updated: 1708
	1708  -  MemoryUsage of job (MB)
	1749600  -  ResidentSetSize of job (KB)
...
006 (34598902.000.000) 2021-09-19 23:09:41 Image size of job updated: 1729
	1729  -  MemoryUsage of job (MB)
	1771320  -  ResidentSetSize of job (KB)
...
006 (34598902.000.000) 2021-09-19 23:10:42 Image size of job updated: 1736
	1736  -  MemoryUsage of job (MB)
	1778376  -  ResidentSetSize of job (KB)
...
006 (34598902.000.000) 2021-09-19 23:11:42 Image size of job updated: 1739
	1739  -  MemoryUsage of job (MB)
	1781748  -  ResidentSetSize of job (KB)
...
006 (34598902.000.000) 2021-09-19 23:12:43 Image size of job updated: 1742
	1742  -  MemoryUsage of job (MB)
	1784764  -  ResidentSetSize of job (KB)
...
006 (34598902.000.000) 2021-09-19 23:13:44 Image size of job updated: 1744
	1744  -  MemoryUsage of job (MB)
	1786792  -  ResidentSetSize of job (KB)
...
006 (34598902.000.000) 2021-09-19 23:14:44 Image size of job updated: 1747
	1747  -  MemoryUsage of job (MB)
	1788960  -  ResidentSetSize of job (KB)
...
006 (34598902.000.000) 2021-09-19 23:15:45 Image size of job updated: 1748
	1748  -  MemoryUsage of job (MB)
	1790736  -  ResidentSetSize of job (KB)
...
006 (34598902.000.000) 2021-09-19 23:16:45 Image size of job updated: 1750
	1750  -  MemoryUsage of job (MB)
	1792916  -  ResidentSetSize of job (KB)
...
006 (34598902.000.000) 2021-09-19 23:17:46 Image size of job updated: 1752
	1752  -  MemoryUsage of job (MB)
	1794716  -  ResidentSetSize of job (KB)
...
006 (34598902.000.000) 2021-09-19 23:18:47 Image size of job updated: 1754
	1754  -  MemoryUsage of job (MB)
	1796384  -  ResidentSetSize of job (KB)
...
006 (34598902.000.000) 2021-09-19 23:19:47 Image size of job updated: 1756
	1756  -  MemoryUsage of job (MB)
	1798256  -  ResidentSetSize of job (KB)
...
006 (34598902.000.000) 2021-09-19 23:20:48 Image size of job updated: 1757
	1757  -  MemoryUsage of job (MB)
	1799712  -  ResidentSetSize of job (KB)
...
006 (34598902.000.000) 2021-09-19 23:21:49 Image size of job updated: 1759
	1759  -  MemoryUsage of job (MB)
	1801444  -  ResidentSetSize of job (KB)
...
006 (34598902.000.000) 2021-09-19 23:22:49 Image size of job updated: 1760
	1760  -  MemoryUsage of job (MB)
	1802368  -  ResidentSetSize of job (KB)
...
006 (34598902.000.000) 2021-09-19 23:23:50 Image size of job updated: 1764
	1764  -  MemoryUsage of job (MB)
	1806488  -  ResidentSetSize of job (KB)
...
006 (34598902.000.000) 2021-09-19 23:24:51 Image size of job updated: 1766
	1766  -  MemoryUsage of job (MB)
	1808944  -  ResidentSetSize of job (KB)
...
006 (34598902.000.000) 2021-09-19 23:25:51 Image size of job updated: 1768
	1768  -  MemoryUsage of job (MB)
	1811128  -  ResidentSetSize of job (KB)
...
006 (34598902.000.000) 2021-09-19 23:26:52 Image size of job updated: 1770
	1770  -  MemoryUsage of job (MB)
	1813092  -  ResidentSetSize of job (KB)
...
006 (34598902.000.000) 2021-09-19 23:27:53 Image size of job updated: 1771
	1771  -  MemoryUsage of job (MB)
	1813936  -  ResidentSetSize of job (KB)
...
040 (34598902.000.000) 2021-09-19 23:28:08 Started transferring output files
...
040 (34598902.000.000) 2021-09-19 23:28:08 Finished transferring output files
...
005 (34598902.000.000) 2021-09-19 23:28:11 Job terminated.
	(1) Normal termination (return value 0)
		Usr 0 00:00:00, Sys 0 00:00:00  -  Run Remote Usage
		Usr 0 00:00:00, Sys 0 00:00:00  -  Run Local Usage
		Usr 0 00:56:15, Sys 0 00:08:09  -  Total Remote Usage
		Usr 0 00:00:00, Sys 0 00:00:00  -  Total Local Usage
	1294861  -  Run Bytes Sent By Job
	8471570  -  Run Bytes Received By Job
	1294861  -  Total Bytes Sent By Job
	8471570  -  Total Bytes Received By Job
	Partitionable Resources :    Usage  Request Allocated 
	   Cpus                 :     0.00        1         1 
	   Disk (KB)            : 27844       10000    307823 
	   Memory (MB)          :  1771        2048      2048 

	Job terminated of its own accord at 2021-09-20T04:28:08Z.
...
000 (73445136.000.000) 2021-09-24 22:13:54 Job submitted from host: <131.225.188.235:9618?addrs=131.225.188.235-9618&alias=lpcschedd3.fnal.gov&noUDP&sock=schedd_2706_ab5d>
...
040 (73445136.000.000) 2021-09-25 00:36:24 Started transferring input files
	Transferring to host: <131.225.191.190:9618?addrs=131.225.191.190-9618&alias=cmswn1900.fnal.gov&noUDP&sock=slot1_3_1242_d9ec_3820>
...
040 (73445136.000.000) 2021-09-25 00:36:24 Finished transferring input files
...
001 (73445136.000.000) 2021-09-25 00:36:25 Job executing on host: <131.225.191.190:9618?addrs=131.225.191.190-9618&alias=cmswn1900.fnal.gov&noUDP&sock=startd_1156_7f92>
...
006 (73445136.000.000) 2021-09-25 00:36:33 Image size of job updated: 24
	24  -  MemoryUsage of job (MB)
	25200  -  ResidentSetSize of job (KB)
...
006 (73445136.000.000) 2021-09-25 00:37:34 Image size of job updated: 527
	527  -  MemoryUsage of job (MB)
	540152  -  ResidentSetSize of job (KB)
...
006 (73445136.000.000) 2021-09-25 00:40:35 Image size of job updated: 538
	538  -  MemoryUsage of job (MB)
	551244  -  ResidentSetSize of job (KB)
...
006 (73445136.000.000) 2021-09-25 00:41:36 Image size of job updated: 590
	590  -  MemoryUsage of job (MB)
	604364  -  ResidentSetSize of job (KB)
...
006 (73445136.000.000) 2021-09-25 00:42:37 Image size of job updated: 637
	637  -  MemoryUsage of job (MB)
	652816  -  ResidentSetSize of job (KB)
...
006 (73445136.000.000) 2021-09-25 00:43:39 Image size of job updated: 678
	678  -  MemoryUsage of job (MB)
	695188  -  ResidentSetSize of job (KB)
...
006 (73445136.000.000) 2021-09-25 00:44:39 Image size of job updated: 712
	712  -  MemoryUsage of job (MB)
	730088  -  ResidentSetSize of job (KB)
...
006 (73445136.000.000) 2021-09-25 00:45:39 Image size of job updated: 748
	748  -  MemoryUsage of job (MB)
	766420  -  ResidentSetSize of job (KB)
...
006 (73445136.000.000) 2021-09-25 00:46:39 Image size of job updated: 781
	781  -  MemoryUsage of job (MB)
	800748  -  ResidentSetSize of job (KB)
...
006 (73445136.000.000) 2021-09-25 00:47:40 Image size of job updated: 813
	813  -  MemoryUsage of job (MB)
	833436  -  ResidentSetSize of job (KB)
...
006 (73445136.000.000) 2021-09-25 00:48:40 Image size of job updated: 845
	845  -  MemoryUsage of job (MB)
	865676  -  ResidentSetSize of job (KB)
...
006 (73445136.000.000) 2021-09-25 00:49:41 Image size of job updated: 873
	873  -  MemoryUsage of job (MB)
	894428  -  ResidentSetSize of job (KB)
...
006 (73445136.000.000) 2021-09-25 00:50:42 Image size of job updated: 913
	913  -  MemoryUsage of job (MB)
	934912  -  ResidentSetSize of job (KB)
...
006 (73445136.000.000) 2021-09-25 00:51:42 Image size of job updated: 941
	941  -  MemoryUsage of job (MB)
	964528  -  ResidentSetSize of job (KB)
...
006 (73445136.000.000) 2021-09-25 00:52:42 Image size of job updated: 968
	968  -  MemoryUsage of job (MB)
	992008  -  ResidentSetSize of job (KB)
...
006 (73445136.000.000) 2021-09-25 00:53:42 Image size of job updated: 994
	994  -  MemoryUsage of job (MB)
	1018180  -  ResidentSetSize of job (KB)
...
006 (73445136.000.000) 2021-09-25 00:54:42 Image size of job updated: 1021
	1021  -  MemoryUsage of job (MB)
	1045588  -  ResidentSetSize of job (KB)
...
006 (73445136.000.000) 2021-09-25 00:55:42 Image size of job updated: 1047
	1047  -  MemoryUsage of job (MB)
	1072740  -  ResidentSetSize of job (KB)
...
006 (73445136.000.000) 2021-09-25 00:56:42 Image size of job updated: 1079
	1079  -  MemoryUsage of job (MB)
	1104896  -  ResidentSetSize of job (KB)
...
006 (73445136.000.000) 2021-09-25 00:57:42 Image size of job updated: 1101
	1101  -  MemoryUsage of job (MB)
	1128216  -  ResidentSetSize of job (KB)
...
006 (73445136.000.000) 2021-09-25 00:58:42 Image size of job updated: 1124
	1124  -  MemoryUsage of job (MB)
	1151116  -  ResidentSetSize of job (KB)
...
006 (73445136.000.000) 2021-09-25 00:59:42 Image size of job updated: 1146
	1146  -  MemoryUsage of job (MB)
	1174056  -  ResidentSetSize of job (KB)
...
006 (73445136.000.000) 2021-09-25 01:00:43 Image size of job updated: 1167
	1167  -  MemoryUsage of job (MB)
	1195220  -  ResidentSetSize of job (KB)
...
006 (73445136.000.000) 2021-09-25 01:01:43 Image size of job updated: 1188
	1188  -  MemoryUsage of job (MB)
	1216564  -  ResidentSetSize of job (KB)
...
006 (73445136.000.000) 2021-09-25 01:02:44 Image size of job updated: 1208
	1208  -  MemoryUsage of job (MB)
	1237268  -  ResidentSetSize of job (KB)
...
006 (73445136.000.000) 2021-09-25 01:03:45 Image size of job updated: 1228
	1228  -  MemoryUsage of job (MB)
	1257876  -  ResidentSetSize of job (KB)
...
006 (73445136.000.000) 2021-09-25 01:04:45 Image size of job updated: 1248
	1248  -  MemoryUsage of job (MB)
	1278068  -  ResidentSetSize of job (KB)
...
006 (73445136.000.000) 2021-09-25 01:05:45 Image size of job updated: 1267
	1267  -  MemoryUsage of job (MB)
	1298324  -  ResidentSetSize of job (KB)
...
006 (73445136.000.000) 2021-09-25 01:06:45 Image size of job updated: 1287
	1287  -  MemoryUsage of job (MB)
	1317940  -  ResidentSetSize of job (KB)
...
006 (73445136.000.000) 2021-09-25 01:07:45 Image size of job updated: 1303
	1303  -  MemoryUsage of job (MB)
	1335228  -  ResidentSetSize of job (KB)
...
006 (73445136.000.000) 2021-09-25 01:08:45 Image size of job updated: 1322
	1322  -  MemoryUsage of job (MB)
	1354308  -  ResidentSetSize of job (KB)
...
006 (73445136.000.000) 2021-09-25 01:09:45 Image size of job updated: 1341
	1341  -  MemoryUsage of job (MB)
	1373356  -  ResidentSetSize of job (KB)
...
006 (73445136.000.000) 2021-09-25 01:10:45 Image size of job updated: 1359
	1359  -  MemoryUsage of job (MB)
	1391776  -  ResidentSetSize of job (KB)
...
006 (73445136.000.000) 2021-09-25 01:11:45 Image size of job updated: 1376
	1376  -  MemoryUsage of job (MB)
	1409956  -  ResidentSetSize of job (KB)
...
006 (73445136.000.000) 2021-09-25 01:12:45 Image size of job updated: 1392
	1392  -  MemoryUsage of job (MB)
	1426320  -  ResidentSetSize of job (KB)
...
006 (73445136.000.000) 2021-09-25 01:13:46 Image size of job updated: 1410
	1410  -  MemoryUsage of job (MB)
	1443868  -  ResidentSetSize of job (KB)
...
006 (73445136.000.000) 2021-09-25 01:14:47 Image size of job updated: 1426
	1426  -  MemoryUsage of job (MB)
	1461172  -  ResidentSetSize of job (KB)
...
006 (73445136.000.000) 2021-09-25 01:15:48 Image size of job updated: 1443
	1443  -  MemoryUsage of job (MB)
	1478196  -  ResidentSetSize of job (KB)
...
006 (73445136.000.000) 2021-09-25 01:16:49 Image size of job updated: 1460
	1460  -  MemoryUsage of job (MB)
	1495092  -  ResidentSetSize of job (KB)
...
006 (73445136.000.000) 2021-09-25 01:17:50 Image size of job updated: 1476
	1476  -  MemoryUsage of job (MB)
	1511648  -  ResidentSetSize of job (KB)
...
006 (73445136.000.000) 2021-09-25 01:18:51 Image size of job updated: 1492
	1492  -  MemoryUsage of job (MB)
	1528096  -  ResidentSetSize of job (KB)
...
006 (73445136.000.000) 2021-09-25 01:19:52 Image size of job updated: 1508
	1508  -  MemoryUsage of job (MB)
	1544396  -  ResidentSetSize of job (KB)
...
006 (73445136.000.000) 2021-09-25 01:20:53 Image size of job updated: 1523
	1523  -  MemoryUsage of job (MB)
	1560468  -  ResidentSetSize of job (KB)
...
006 (73445136.000.000) 2021-09-25 01:21:54 Image size of job updated: 1543
	1543  -  MemoryUsage of job (MB)
	1580552  -  ResidentSetSize of job (KB)
...
006 (73445136.000.000) 2021-09-25 01:22:55 Image size of job updated: 1638
	1638  -  MemoryUsage of job (MB)
	1677788  -  ResidentSetSize of job (KB)
...
006 (73445136.000.000) 2021-09-25 01:23:56 Image size of job updated: 1696
	1696  -  MemoryUsage of job (MB)
	1736884  -  ResidentSetSize of job (KB)
...
006 (73445136.000.000) 2021-09-25 01:24:57 Image size of job updated: 1722
	1722  -  MemoryUsage of job (MB)
	1763848  -  ResidentSetSize of job (KB)
...
006 (73445136.000.000) 2021-09-25 01:25:57 Image size of job updated: 1729
	1729  -  MemoryUsage of job (MB)
	1771012  -  ResidentSetSize of job (KB)
...
006 (73445136.000.000) 2021-09-25 01:26:57 Image size of job updated: 1735
	1735  -  MemoryUsage of job (MB)
	1777024  -  ResidentSetSize of job (KB)
...
006 (73445136.000.000) 2021-09-25 01:27:57 Image size of job updated: 1738
	1738  -  MemoryUsage of job (MB)
	1780488  -  ResidentSetSize of job (KB)
...
006 (73445136.000.000) 2021-09-25 01:28:58 Image size of job updated: 1740
	1740  -  MemoryUsage of job (MB)
	1782372  -  ResidentSetSize of job (KB)
...
006 (73445136.000.000) 2021-09-25 01:29:59 Image size of job updated: 1742
	1742  -  MemoryUsage of job (MB)
	1783860  -  ResidentSetSize of job (KB)
...
006 (73445136.000.000) 2021-09-25 01:31:00 Image size of job updated: 1744
	1744  -  MemoryUsage of job (MB)
	1785992  -  ResidentSetSize of job (KB)
...
006 (73445136.000.000) 2021-09-25 01:32:00 Image size of job updated: 1746
	1746  -  MemoryUsage of job (MB)
	1788280  -  ResidentSetSize of job (KB)
...
006 (73445136.000.000) 2021-09-25 01:33:00 Image size of job updated: 1747
	1747  -  MemoryUsage of job (MB)
	1789396  -  ResidentSetSize of job (KB)
...
006 (73445136.000.000) 2021-09-25 01:34:01 Image size of job updated: 1749
	1749  -  MemoryUsage of job (MB)
	1791016  -  ResidentSetSize of job (KB)
...
006 (73445136.000.000) 2021-09-25 01:35:02 Image size of job updated: 1750
	1750  -  MemoryUsage of job (MB)
	1792800  -  ResidentSetSize of job (KB)
...
006 (73445136.000.000) 2021-09-25 01:36:02 Image size of job updated: 1751
	1751  -  MemoryUsage of job (MB)
	1793812  -  ResidentSetSize of job (KB)
...
006 (73445136.000.000) 2021-09-25 01:37:02 Image size of job updated: 1753
	1753  -  MemoryUsage of job (MB)
	1795640  -  ResidentSetSize of job (KB)
...
006 (73445136.000.000) 2021-09-25 01:38:02 Image size of job updated: 1755
	1755  -  MemoryUsage of job (MB)
	1797288  -  ResidentSetSize of job (KB)
...
006 (73445136.000.000) 2021-09-25 01:39:02 Image size of job updated: 1756
	1756  -  MemoryUsage of job (MB)
	1798184  -  ResidentSetSize of job (KB)
...
006 (73445136.000.000) 2021-09-25 01:40:02 Image size of job updated: 1757
	1757  -  MemoryUsage of job (MB)
	1799864  -  ResidentSetSize of job (KB)
...
006 (73445136.000.000) 2021-09-25 01:41:02 Image size of job updated: 1758
	1758  -  MemoryUsage of job (MB)
	1800804  -  ResidentSetSize of job (KB)
...
006 (73445136.000.000) 2021-09-25 01:42:03 Image size of job updated: 1759
	1759  -  MemoryUsage of job (MB)
	1801800  -  ResidentSetSize of job (KB)
...
006 (73445136.000.000) 2021-09-25 01:43:04 Image size of job updated: 1762
	1762  -  MemoryUsage of job (MB)
	1804300  -  ResidentSetSize of job (KB)
...
006 (73445136.000.000) 2021-09-25 01:44:05 Image size of job updated: 1765
	1765  -  MemoryUsage of job (MB)
	1807856  -  ResidentSetSize of job (KB)
...
006 (73445136.000.000) 2021-09-25 01:45:06 Image size of job updated: 1766
	1766  -  MemoryUsage of job (MB)
	1809276  -  ResidentSetSize of job (KB)
...
006 (73445136.000.000) 2021-09-25 01:46:07 Image size of job updated: 1768
	1768  -  MemoryUsage of job (MB)
	1810496  -  ResidentSetSize of job (KB)
...
006 (73445136.000.000) 2021-09-25 01:47:08 Image size of job updated: 1769
	1769  -  MemoryUsage of job (MB)
	1812268  -  ResidentSetSize of job (KB)
...
006 (73445136.000.000) 2021-09-25 01:48:08 Image size of job updated: 1770
	1770  -  MemoryUsage of job (MB)
	1812872  -  ResidentSetSize of job (KB)
...
006 (73445136.000.000) 2021-09-25 01:49:02 Image size of job updated: 1770
	1770  -  MemoryUsage of job (MB)
	1813292  -  ResidentSetSize of job (KB)
...
040 (73445136.000.000) 2021-09-25 01:49:02 Started transferring output files
...
040 (73445136.000.000) 2021-09-25 01:49:02 Finished transferring output files
...
005 (73445136.000.000) 2021-09-25 01:49:03 Job terminated.
	(1) Normal termination (return value 0)
		Usr 0 00:53:35, Sys 0 00:13:08  -  Run Remote Usage
		Usr 0 00:00:00, Sys 0 00:00:00  -  Run Local Usage
		Usr 0 00:53:35, Sys 0 00:13:08  -  Total Remote Usage
		Usr 0 00:00:00, Sys 0 00:00:00  -  Total Local Usage
	1228499  -  Run Bytes Sent By Job
	8471570  -  Run Bytes Received By Job
	1228499  -  Total Bytes Sent By Job
	8471570  -  Total Bytes Received By Job
	Partitionable Resources :    Usage  Request Allocated 
	   Cpus                 :     0.00        1         1 
	   Disk (KB)            : 23696       10000    317385 
	   Memory (MB)          :  1770        2048      2048 

	Job terminated of its own accord at 2021-09-25T06:49:02Z.
...
