[FERMIHTC-SINGULARITY]: INFO -- No Singulariy image specified
[FERMIHTC-SINGULARITY]: INFO -- Running job on the host machine

[FERMIHTC-SINGULARITY]: INFO -- Running ./condor_exec.exe /uscms_data/d3/fsimpson/scratch/FWLJMETstuff/CMSSW_10_6_19/src/ChargedHiggs/SingleLepAnalyzer/makeTemplates JetPt PS 0 E 0p 0p 1p 3p
WARNING: Release CMSSW_10_2_10 is not available for architecture slc7_amd64_gcc820.
         Developer's area is created for available architecture slc7_amd64_gcc700.
PLOTTING: JetPt
         LJMET Variable: theJetPt_JetSubCalc_PtOrdered
         X-AXIS TITLE  : ;jet p_{T} [GeV]
         BINNING USED  : [0.0, 30.0, 60.0, 90.0, 120.0, 150.0, 180.0, 210.0, 240.0, 270.0, 300.0, 330.0, 360.0, 390.0, 420.0, 450.0, 480.0, 510.0, 540.0, 570.0, 600.0, 630.0, 660.0, 690.0, 720.0, 750.0, 780.0, 810.0, 840.0, 870.0, 900.0, 930.0, 960.0, 990.0, 1020.0, 1050.0, 1080.0, 1110.0, 1140.0, 1170.0, 1200.0, 1230.0, 1260.0, 1290.0, 1320.0, 1350.0, 1380.0, 1410.0, 1440.0, 1470.0, 1500.0]
READING TREES
READING: DataE
****************************************************************************************************
****************************************************************************************************
/////////////////////////
PROCESSING:  DataE
/////////////////////////
DISTRIBUTION: JetPt
            -name in ljmet trees: theJetPt_JetSubCalc_PtOrdered
            -x-axis label is set to: ;jet p_{T} [GeV]
            -using the binning as: array('d', [0.0, 30.0, 60.0, 90.0, 120.0, 150.0, 180.0, 210.0, 240.0, 270.0, 300.0, 330.0, 360.0, 390.0, 420.0, 450.0, 480.0, 510.0, 540.0, 570.0, 600.0, 630.0, 660.0, 690.0, 720.0, 750.0, 780.0, 810.0, 840.0, 870.0, 900.0, 930.0, 960.0, 990.0, 1020.0, 1050.0, 1080.0, 1110.0, 1140.0, 1170.0, 1200.0, 1230.0, 1260.0, 1290.0, 1320.0, 1350.0, 1380.0, 1410.0, 1440.0, 1470.0, 1500.0])
