000 (73340290.000.000) 2021-09-16 05:42:15 Job submitted from host: <131.225.188.235:9618?addrs=131.225.188.235-9618&alias=lpcschedd3.fnal.gov&noUDP&sock=schedd_2706_ab5d>
...
040 (73340290.000.000) 2021-09-16 05:42:35 Started transferring input files
	Transferring to host: <131.225.204.116:9618?addrs=131.225.204.116-9618&alias=cmswn1720.fnal.gov&noUDP&sock=slot1_5_1208_e52a_4279>
...
040 (73340290.000.000) 2021-09-16 05:42:35 Finished transferring input files
...
001 (73340290.000.000) 2021-09-16 05:42:36 Job executing on host: <131.225.204.116:9618?addrs=131.225.204.116-9618&alias=cmswn1720.fnal.gov&noUDP&sock=startd_1127_9b53>
...
006 (73340290.000.000) 2021-09-16 05:42:45 Image size of job updated: 31
	31  -  MemoryUsage of job (MB)
	32744  -  ResidentSetSize of job (KB)
...
006 (73340290.000.000) 2021-09-16 05:43:46 Image size of job updated: 497
	497  -  MemoryUsage of job (MB)
	509808  -  ResidentSetSize of job (KB)
...
006 (73340290.000.000) 2021-09-16 05:46:48 Image size of job updated: 552
	552  -  MemoryUsage of job (MB)
	565772  -  ResidentSetSize of job (KB)
...
006 (73340290.000.000) 2021-09-16 05:47:48 Image size of job updated: 606
	606  -  MemoryUsage of job (MB)
	620568  -  ResidentSetSize of job (KB)
...
006 (73340290.000.000) 2021-09-16 05:48:48 Image size of job updated: 652
	652  -  MemoryUsage of job (MB)
	668132  -  ResidentSetSize of job (KB)
...
006 (73340290.000.000) 2021-09-16 05:49:49 Image size of job updated: 693
	693  -  MemoryUsage of job (MB)
	710180  -  ResidentSetSize of job (KB)
...
006 (73340290.000.000) 2021-09-16 05:50:50 Image size of job updated: 731
	731  -  MemoryUsage of job (MB)
	748556  -  ResidentSetSize of job (KB)
...
006 (73340290.000.000) 2021-09-16 05:51:50 Image size of job updated: 766
	766  -  MemoryUsage of job (MB)
	784644  -  ResidentSetSize of job (KB)
...
006 (73340290.000.000) 2021-09-16 05:52:50 Image size of job updated: 799
	799  -  MemoryUsage of job (MB)
	818596  -  ResidentSetSize of job (KB)
...
006 (73340290.000.000) 2021-09-16 05:53:51 Image size of job updated: 831
	831  -  MemoryUsage of job (MB)
	850960  -  ResidentSetSize of job (KB)
...
006 (73340290.000.000) 2021-09-16 05:54:52 Image size of job updated: 862
	862  -  MemoryUsage of job (MB)
	882696  -  ResidentSetSize of job (KB)
...
006 (73340290.000.000) 2021-09-16 05:55:52 Image size of job updated: 902
	902  -  MemoryUsage of job (MB)
	923696  -  ResidentSetSize of job (KB)
...
006 (73340290.000.000) 2021-09-16 05:56:52 Image size of job updated: 931
	931  -  MemoryUsage of job (MB)
	953564  -  ResidentSetSize of job (KB)
...
006 (73340290.000.000) 2021-09-16 05:57:53 Image size of job updated: 958
	958  -  MemoryUsage of job (MB)
	981252  -  ResidentSetSize of job (KB)
...
006 (73340290.000.000) 2021-09-16 05:58:53 Image size of job updated: 984
	984  -  MemoryUsage of job (MB)
	1007660  -  ResidentSetSize of job (KB)
...
006 (73340290.000.000) 2021-09-16 05:59:54 Image size of job updated: 1008
	1008  -  MemoryUsage of job (MB)
	1033036  -  ResidentSetSize of job (KB)
...
006 (73340290.000.000) 2021-09-16 06:00:55 Image size of job updated: 1037
	1037  -  MemoryUsage of job (MB)
	1061908  -  ResidentSetSize of job (KB)
...
006 (73340290.000.000) 2021-09-16 06:01:55 Image size of job updated: 1069
	1069  -  MemoryUsage of job (MB)
	1095636  -  ResidentSetSize of job (KB)
...
006 (73340290.000.000) 2021-09-16 06:02:56 Image size of job updated: 1090
	1090  -  MemoryUsage of job (MB)
	1116432  -  ResidentSetSize of job (KB)
...
006 (73340290.000.000) 2021-09-16 06:03:57 Image size of job updated: 1111
	1111  -  MemoryUsage of job (MB)
	1138460  -  ResidentSetSize of job (KB)
...
006 (73340290.000.000) 2021-09-16 06:04:57 Image size of job updated: 1132
	1132  -  MemoryUsage of job (MB)
	1160044  -  ResidentSetSize of job (KB)
...
006 (73340290.000.000) 2021-09-16 06:05:58 Image size of job updated: 1153
	1153  -  MemoryUsage of job (MB)
	1181600  -  ResidentSetSize of job (KB)
...
006 (73340290.000.000) 2021-09-16 06:06:59 Image size of job updated: 1173
	1173  -  MemoryUsage of job (MB)
	1201816  -  ResidentSetSize of job (KB)
...
006 (73340290.000.000) 2021-09-16 06:07:59 Image size of job updated: 1192
	1192  -  MemoryUsage of job (MB)
	1221544  -  ResidentSetSize of job (KB)
...
006 (73340290.000.000) 2021-09-16 06:08:59 Image size of job updated: 1211
	1211  -  MemoryUsage of job (MB)
	1240804  -  ResidentSetSize of job (KB)
...
006 (73340290.000.000) 2021-09-16 06:10:00 Image size of job updated: 1229
	1229  -  MemoryUsage of job (MB)
	1259492  -  ResidentSetSize of job (KB)
...
006 (73340290.000.000) 2021-09-16 06:11:00 Image size of job updated: 1247
	1247  -  MemoryUsage of job (MB)
	1277360  -  ResidentSetSize of job (KB)
...
006 (73340290.000.000) 2021-09-16 06:12:01 Image size of job updated: 1264
	1264  -  MemoryUsage of job (MB)
	1294804  -  ResidentSetSize of job (KB)
...
006 (73340290.000.000) 2021-09-16 06:13:02 Image size of job updated: 1281
	1281  -  MemoryUsage of job (MB)
	1312404  -  ResidentSetSize of job (KB)
...
006 (73340290.000.000) 2021-09-16 06:14:02 Image size of job updated: 1298
	1298  -  MemoryUsage of job (MB)
	1329796  -  ResidentSetSize of job (KB)
...
006 (73340290.000.000) 2021-09-16 06:15:03 Image size of job updated: 1315
	1315  -  MemoryUsage of job (MB)
	1346856  -  ResidentSetSize of job (KB)
...
006 (73340290.000.000) 2021-09-16 06:16:04 Image size of job updated: 1331
	1331  -  MemoryUsage of job (MB)
	1363688  -  ResidentSetSize of job (KB)
...
006 (73340290.000.000) 2021-09-16 06:17:04 Image size of job updated: 1347
	1347  -  MemoryUsage of job (MB)
	1380084  -  ResidentSetSize of job (KB)
...
006 (73340290.000.000) 2021-09-16 06:18:04 Image size of job updated: 1363
	1363  -  MemoryUsage of job (MB)
	1396184  -  ResidentSetSize of job (KB)
...
006 (73340290.000.000) 2021-09-16 06:19:05 Image size of job updated: 1379
	1379  -  MemoryUsage of job (MB)
	1412112  -  ResidentSetSize of job (KB)
...
006 (73340290.000.000) 2021-09-16 06:20:05 Image size of job updated: 1394
	1394  -  MemoryUsage of job (MB)
	1427644  -  ResidentSetSize of job (KB)
...
006 (73340290.000.000) 2021-09-16 06:21:06 Image size of job updated: 1409
	1409  -  MemoryUsage of job (MB)
	1443036  -  ResidentSetSize of job (KB)
...
006 (73340290.000.000) 2021-09-16 06:22:07 Image size of job updated: 1424
	1424  -  MemoryUsage of job (MB)
	1458244  -  ResidentSetSize of job (KB)
...
006 (73340290.000.000) 2021-09-16 06:23:07 Image size of job updated: 1438
	1438  -  MemoryUsage of job (MB)
	1473180  -  ResidentSetSize of job (KB)
...
006 (73340290.000.000) 2021-09-16 06:24:08 Image size of job updated: 1453
	1453  -  MemoryUsage of job (MB)
	1487884  -  ResidentSetSize of job (KB)
...
006 (73340290.000.000) 2021-09-16 06:25:09 Image size of job updated: 1467
	1467  -  MemoryUsage of job (MB)
	1502440  -  ResidentSetSize of job (KB)
...
006 (73340290.000.000) 2021-09-16 06:26:09 Image size of job updated: 1481
	1481  -  MemoryUsage of job (MB)
	1516832  -  ResidentSetSize of job (KB)
...
006 (73340290.000.000) 2021-09-16 06:27:09 Image size of job updated: 1495
	1495  -  MemoryUsage of job (MB)
	1531048  -  ResidentSetSize of job (KB)
...
006 (73340290.000.000) 2021-09-16 06:28:10 Image size of job updated: 1508
	1508  -  MemoryUsage of job (MB)
	1545100  -  ResidentSetSize of job (KB)
...
006 (73340290.000.000) 2021-09-16 06:29:10 Image size of job updated: 1522
	1522  -  MemoryUsage of job (MB)
	1558768  -  ResidentSetSize of job (KB)
...
006 (73340290.000.000) 2021-09-16 06:30:10 Image size of job updated: 1535
	1535  -  MemoryUsage of job (MB)
	1572408  -  ResidentSetSize of job (KB)
...
006 (73340290.000.000) 2021-09-16 06:31:11 Image size of job updated: 1642
	1642  -  MemoryUsage of job (MB)
	1681712  -  ResidentSetSize of job (KB)
...
006 (73340290.000.000) 2021-09-16 06:32:12 Image size of job updated: 1653
	1653  -  MemoryUsage of job (MB)
	1692720  -  ResidentSetSize of job (KB)
...
040 (73340290.000.000) 2021-09-16 06:32:13 Started transferring output files
...
040 (73340290.000.000) 2021-09-16 06:32:13 Finished transferring output files
...
005 (73340290.000.000) 2021-09-16 06:32:15 Job terminated.
	(1) Normal termination (return value 0)
		Usr 0 00:00:00, Sys 0 00:00:00  -  Run Remote Usage
		Usr 0 00:00:00, Sys 0 00:00:00  -  Run Local Usage
		Usr 0 00:47:31, Sys 0 00:00:26  -  Total Remote Usage
		Usr 0 00:00:00, Sys 0 00:00:00  -  Total Local Usage
	1077111  -  Run Bytes Sent By Job
	8471562  -  Run Bytes Received By Job
	1077111  -  Total Bytes Sent By Job
	8471562  -  Total Bytes Received By Job
	Partitionable Resources :    Usage  Request Allocated 
	   Cpus                 :     0.00        1         1 
	   Disk (KB)            : 13319       10000    310818 
	   Memory (MB)          :  1653        2048      2048 

	Job terminated of its own accord at 2021-09-16T11:32:13Z.
...
000 (14733018.000.000) 2021-09-24 22:27:22 Job submitted from host: <131.225.188.55:9618?addrs=131.225.188.55-9618&alias=lpcschedd1.fnal.gov&noUDP&sock=schedd_2070_6d22>
...
040 (14733018.000.000) 2021-09-25 01:25:36 Started transferring input files
	Transferring to host: <131.225.188.20:9618?addrs=131.225.188.20-9618&alias=cmswn2022.fnal.gov&noUDP&sock=slot1_37_1997_d12a_5356>
...
040 (14733018.000.000) 2021-09-25 01:25:36 Finished transferring input files
...
001 (14733018.000.000) 2021-09-25 01:25:37 Job executing on host: <131.225.188.20:9618?addrs=131.225.188.20-9618&alias=cmswn2022.fnal.gov&noUDP&sock=startd_1901_81a0>
...
006 (14733018.000.000) 2021-09-25 01:25:46 Image size of job updated: 24
	24  -  MemoryUsage of job (MB)
	25028  -  ResidentSetSize of job (KB)
...
006 (14733018.000.000) 2021-09-25 01:26:46 Image size of job updated: 389
	389  -  MemoryUsage of job (MB)
	399184  -  ResidentSetSize of job (KB)
...
006 (14733018.000.000) 2021-09-25 01:27:47 Image size of job updated: 527
	527  -  MemoryUsage of job (MB)
	540528  -  ResidentSetSize of job (KB)
...
006 (14733018.000.000) 2021-09-25 01:32:50 Image size of job updated: 567
	567  -  MemoryUsage of job (MB)
	581288  -  ResidentSetSize of job (KB)
...
006 (14733018.000.000) 2021-09-25 01:33:51 Image size of job updated: 608
	608  -  MemoryUsage of job (MB)
	622652  -  ResidentSetSize of job (KB)
...
006 (14733018.000.000) 2021-09-25 01:34:51 Image size of job updated: 642
	642  -  MemoryUsage of job (MB)
	657656  -  ResidentSetSize of job (KB)
...
006 (14733018.000.000) 2021-09-25 01:35:52 Image size of job updated: 678
	678  -  MemoryUsage of job (MB)
	694488  -  ResidentSetSize of job (KB)
...
006 (14733018.000.000) 2021-09-25 01:36:54 Image size of job updated: 711
	711  -  MemoryUsage of job (MB)
	728708  -  ResidentSetSize of job (KB)
...
006 (14733018.000.000) 2021-09-25 01:37:55 Image size of job updated: 739
	739  -  MemoryUsage of job (MB)
	757440  -  ResidentSetSize of job (KB)
...
006 (14733018.000.000) 2021-09-25 01:38:56 Image size of job updated: 769
	769  -  MemoryUsage of job (MB)
	788428  -  ResidentSetSize of job (KB)
...
006 (14733018.000.000) 2021-09-25 01:39:58 Image size of job updated: 799
	799  -  MemoryUsage of job (MB)
	818320  -  ResidentSetSize of job (KB)
...
006 (14733018.000.000) 2021-09-25 01:40:58 Image size of job updated: 823
	823  -  MemoryUsage of job (MB)
	843552  -  ResidentSetSize of job (KB)
...
006 (14733018.000.000) 2021-09-25 01:41:59 Image size of job updated: 852
	852  -  MemoryUsage of job (MB)
	873000  -  ResidentSetSize of job (KB)
...
006 (14733018.000.000) 2021-09-25 01:43:00 Image size of job updated: 878
	878  -  MemoryUsage of job (MB)
	899812  -  ResidentSetSize of job (KB)
...
006 (14733018.000.000) 2021-09-25 01:44:00 Image size of job updated: 915
	915  -  MemoryUsage of job (MB)
	937412  -  ResidentSetSize of job (KB)
...
006 (14733018.000.000) 2021-09-25 01:45:02 Image size of job updated: 941
	941  -  MemoryUsage of job (MB)
	963912  -  ResidentSetSize of job (KB)
...
006 (14733018.000.000) 2021-09-25 01:46:03 Image size of job updated: 965
	965  -  MemoryUsage of job (MB)
	988444  -  ResidentSetSize of job (KB)
...
006 (14733018.000.000) 2021-09-25 01:47:04 Image size of job updated: 988
	988  -  MemoryUsage of job (MB)
	1011852  -  ResidentSetSize of job (KB)
...
006 (14733018.000.000) 2021-09-25 01:48:05 Image size of job updated: 1011
	1011  -  MemoryUsage of job (MB)
	1035568  -  ResidentSetSize of job (KB)
...
006 (14733018.000.000) 2021-09-25 01:49:07 Image size of job updated: 1038
	1038  -  MemoryUsage of job (MB)
	1062984  -  ResidentSetSize of job (KB)
...
006 (14733018.000.000) 2021-09-25 01:50:08 Image size of job updated: 1069
	1069  -  MemoryUsage of job (MB)
	1094724  -  ResidentSetSize of job (KB)
...
006 (14733018.000.000) 2021-09-25 01:51:09 Image size of job updated: 1088
	1088  -  MemoryUsage of job (MB)
	1114580  -  ResidentSetSize of job (KB)
...
006 (14733018.000.000) 2021-09-25 01:52:09 Image size of job updated: 1109
	1109  -  MemoryUsage of job (MB)
	1135936  -  ResidentSetSize of job (KB)
...
006 (14733018.000.000) 2021-09-25 01:53:09 Image size of job updated: 1126
	1126  -  MemoryUsage of job (MB)
	1154032  -  ResidentSetSize of job (KB)
...
006 (14733018.000.000) 2021-09-25 01:54:10 Image size of job updated: 1146
	1146  -  MemoryUsage of job (MB)
	1174456  -  ResidentSetSize of job (KB)
...
006 (14733018.000.000) 2021-09-25 01:55:11 Image size of job updated: 1167
	1167  -  MemoryUsage of job (MB)
	1195956  -  ResidentSetSize of job (KB)
...
006 (14733018.000.000) 2021-09-25 01:56:14 Image size of job updated: 1187
	1187  -  MemoryUsage of job (MB)
	1216252  -  ResidentSetSize of job (KB)
...
006 (14733018.000.000) 2021-09-25 01:57:14 Image size of job updated: 1205
	1205  -  MemoryUsage of job (MB)
	1234024  -  ResidentSetSize of job (KB)
...
006 (14733018.000.000) 2021-09-25 01:58:15 Image size of job updated: 1223
	1223  -  MemoryUsage of job (MB)
	1253272  -  ResidentSetSize of job (KB)
...
006 (14733018.000.000) 2021-09-25 01:59:16 Image size of job updated: 1242
	1242  -  MemoryUsage of job (MB)
	1271860  -  ResidentSetSize of job (KB)
...
006 (14733018.000.000) 2021-09-25 02:00:16 Image size of job updated: 1259
	1259  -  MemoryUsage of job (MB)
	1290236  -  ResidentSetSize of job (KB)
...
006 (14733018.000.000) 2021-09-25 02:01:17 Image size of job updated: 1276
	1276  -  MemoryUsage of job (MB)
	1307376  -  ResidentSetSize of job (KB)
...
006 (14733018.000.000) 2021-09-25 02:02:17 Image size of job updated: 1292
	1292  -  MemoryUsage of job (MB)
	1323540  -  ResidentSetSize of job (KB)
...
006 (14733018.000.000) 2021-09-25 02:03:17 Image size of job updated: 1309
	1309  -  MemoryUsage of job (MB)
	1341360  -  ResidentSetSize of job (KB)
...
006 (14733018.000.000) 2021-09-25 02:04:17 Image size of job updated: 1326
	1326  -  MemoryUsage of job (MB)
	1358352  -  ResidentSetSize of job (KB)
...
006 (14733018.000.000) 2021-09-25 02:05:19 Image size of job updated: 1343
	1343  -  MemoryUsage of job (MB)
	1375572  -  ResidentSetSize of job (KB)
...
006 (14733018.000.000) 2021-09-25 02:06:20 Image size of job updated: 1358
	1358  -  MemoryUsage of job (MB)
	1390988  -  ResidentSetSize of job (KB)
...
006 (14733018.000.000) 2021-09-25 02:07:21 Image size of job updated: 1374
	1374  -  MemoryUsage of job (MB)
	1407884  -  ResidentSetSize of job (KB)
...
006 (14733018.000.000) 2021-09-25 02:08:21 Image size of job updated: 1389
	1389  -  MemoryUsage of job (MB)
	1423052  -  ResidentSetSize of job (KB)
...
006 (14733018.000.000) 2021-09-25 02:09:21 Image size of job updated: 1405
	1405  -  MemoryUsage of job (MB)
	1439484  -  ResidentSetSize of job (KB)
...
006 (14733018.000.000) 2021-09-25 02:10:22 Image size of job updated: 1421
	1421  -  MemoryUsage of job (MB)
	1455448  -  ResidentSetSize of job (KB)
...
006 (14733018.000.000) 2021-09-25 02:11:22 Image size of job updated: 1436
	1436  -  MemoryUsage of job (MB)
	1471312  -  ResidentSetSize of job (KB)
...
006 (14733018.000.000) 2021-09-25 02:12:23 Image size of job updated: 1451
	1451  -  MemoryUsage of job (MB)
	1486512  -  ResidentSetSize of job (KB)
...
006 (14733018.000.000) 2021-09-25 02:13:24 Image size of job updated: 1466
	1466  -  MemoryUsage of job (MB)
	1502024  -  ResidentSetSize of job (KB)
...
006 (14733018.000.000) 2021-09-25 02:14:26 Image size of job updated: 1482
	1482  -  MemoryUsage of job (MB)
	1517716  -  ResidentSetSize of job (KB)
...
006 (14733018.000.000) 2021-09-25 02:15:27 Image size of job updated: 1497
	1497  -  MemoryUsage of job (MB)
	1532964  -  ResidentSetSize of job (KB)
...
006 (14733018.000.000) 2021-09-25 02:16:28 Image size of job updated: 1511
	1511  -  MemoryUsage of job (MB)
	1548008  -  ResidentSetSize of job (KB)
...
006 (14733018.000.000) 2021-09-25 02:17:30 Image size of job updated: 1526
	1526  -  MemoryUsage of job (MB)
	1563064  -  ResidentSetSize of job (KB)
...
006 (14733018.000.000) 2021-09-25 02:18:32 Image size of job updated: 1545
	1545  -  MemoryUsage of job (MB)
	1582212  -  ResidentSetSize of job (KB)
...
006 (14733018.000.000) 2021-09-25 02:19:33 Image size of job updated: 1639
	1639  -  MemoryUsage of job (MB)
	1678704  -  ResidentSetSize of job (KB)
...
006 (14733018.000.000) 2021-09-25 02:20:34 Image size of job updated: 1645
	1645  -  MemoryUsage of job (MB)
	1685492  -  ResidentSetSize of job (KB)
...
006 (14733018.000.000) 2021-09-25 02:21:34 Image size of job updated: 1649
	1649  -  MemoryUsage of job (MB)
	1689208  -  ResidentSetSize of job (KB)
...
006 (14733018.000.000) 2021-09-25 02:22:32 Image size of job updated: 1651
	1651  -  MemoryUsage of job (MB)
	1690676  -  ResidentSetSize of job (KB)
...
040 (14733018.000.000) 2021-09-25 02:22:32 Started transferring output files
...
040 (14733018.000.000) 2021-09-25 02:22:32 Finished transferring output files
...
005 (14733018.000.000) 2021-09-25 02:22:34 Job terminated.
	(1) Normal termination (return value 0)
		Usr 0 00:48:59, Sys 0 00:07:04  -  Run Remote Usage
		Usr 0 00:00:00, Sys 0 00:00:00  -  Run Local Usage
		Usr 0 00:48:59, Sys 0 00:07:04  -  Total Remote Usage
		Usr 0 00:00:00, Sys 0 00:00:00  -  Total Local Usage
	1069780  -  Run Bytes Sent By Job
	8471570  -  Run Bytes Received By Job
	1069780  -  Total Bytes Sent By Job
	8471570  -  Total Bytes Received By Job
	Partitionable Resources :    Usage  Request Allocated 
	   Cpus                 :     0.00        1         1 
	   Disk (KB)            : 18336       10000   1630495 
	   Memory (MB)          :  1651        2048      2048 

	Job terminated of its own accord at 2021-09-25T07:22:32Z.
...
