000 (34670272.000.000) 2021-09-24 12:16:12 Job submitted from host: <131.225.188.57:9618?addrs=131.225.188.57-9618&alias=lpcschedd2.fnal.gov&noUDP&sock=schedd_2251_93c6>
...
040 (34670272.000.000) 2021-09-24 13:02:27 Started transferring input files
	Transferring to host: <131.225.191.79:9618?addrs=131.225.191.79-9618&alias=cmswn1995.fnal.gov&noUDP&sock=slot1_28_1550_dd78_3522>
...
040 (34670272.000.000) 2021-09-24 13:02:28 Finished transferring input files
...
001 (34670272.000.000) 2021-09-24 13:02:29 Job executing on host: <131.225.191.79:9618?addrs=131.225.191.79-9618&alias=cmswn1995.fnal.gov&noUDP&sock=startd_1459_54c4>
...
006 (34670272.000.000) 2021-09-24 13:02:37 Image size of job updated: 5
	5  -  MemoryUsage of job (MB)
	5412  -  ResidentSetSize of job (KB)
...
006 (34670272.000.000) 2021-09-24 13:03:38 Image size of job updated: 298
	298  -  MemoryUsage of job (MB)
	305324  -  ResidentSetSize of job (KB)
...
006 (34670272.000.000) 2021-09-24 13:04:38 Image size of job updated: 359
	359  -  MemoryUsage of job (MB)
	368568  -  ResidentSetSize of job (KB)
...
006 (34670272.000.000) 2021-09-24 13:05:38 Image size of job updated: 368
	368  -  MemoryUsage of job (MB)
	377120  -  ResidentSetSize of job (KB)
...
006 (34670272.000.000) 2021-09-24 13:06:38 Image size of job updated: 368
	368  -  MemoryUsage of job (MB)
	377704  -  ResidentSetSize of job (KB)
...
006 (34670272.000.000) 2021-09-24 13:06:54 Image size of job updated: 368
	368  -  MemoryUsage of job (MB)
	377784  -  ResidentSetSize of job (KB)
...
040 (34670272.000.000) 2021-09-24 13:06:54 Started transferring output files
...
040 (34670272.000.000) 2021-09-24 13:06:57 Finished transferring output files
...
005 (34670272.000.000) 2021-09-24 13:06:58 Job terminated.
	(1) Normal termination (return value 0)
		Usr 0 00:00:00, Sys 0 00:00:00  -  Run Remote Usage
		Usr 0 00:00:00, Sys 0 00:00:00  -  Run Local Usage
		Usr 0 00:01:28, Sys 0 00:01:01  -  Total Remote Usage
		Usr 0 00:00:00, Sys 0 00:00:00  -  Total Local Usage
	11340  -  Run Bytes Sent By Job
	2923648  -  Run Bytes Received By Job
	11340  -  Total Bytes Sent By Job
	2923648  -  Total Bytes Received By Job
	Partitionable Resources :     Usage  Request Allocated 
	   Cpus                 :      0.00        1         1 
	   Disk (KB)            : 119050        3000    794250 
	   Memory (MB)          :    368        3072      3072 

	Job terminated of its own accord at 2021-09-24T18:06:54Z.
...
000 (34670381.000.000) 2021-09-24 14:24:52 Job submitted from host: <131.225.188.57:9618?addrs=131.225.188.57-9618&alias=lpcschedd2.fnal.gov&noUDP&sock=schedd_2251_93c6>
...
040 (34670381.000.000) 2021-09-24 14:49:31 Started transferring input files
	Transferring to host: <131.225.191.190:9618?addrs=131.225.191.190-9618&alias=cmswn1900.fnal.gov&noUDP&sock=slot1_3_1242_d9ec_3730>
...
040 (34670381.000.000) 2021-09-24 14:49:31 Finished transferring input files
...
001 (34670381.000.000) 2021-09-24 14:49:32 Job executing on host: <131.225.191.190:9618?addrs=131.225.191.190-9618&alias=cmswn1900.fnal.gov&noUDP&sock=startd_1156_7f92>
...
006 (34670381.000.000) 2021-09-24 14:49:40 Image size of job updated: 44
	44  -  MemoryUsage of job (MB)
	45692  -  ResidentSetSize of job (KB)
...
006 (34670381.000.000) 2021-09-24 14:50:40 Image size of job updated: 357
	357  -  MemoryUsage of job (MB)
	366536  -  ResidentSetSize of job (KB)
...
006 (34670381.000.000) 2021-09-24 14:51:41 Image size of job updated: 359
	359  -  MemoryUsage of job (MB)
	368312  -  ResidentSetSize of job (KB)
...
006 (34670381.000.000) 2021-09-24 14:52:41 Image size of job updated: 367
	367  -  MemoryUsage of job (MB)
	376336  -  ResidentSetSize of job (KB)
...
006 (34670381.000.000) 2021-09-24 14:53:16 Image size of job updated: 367
	367  -  MemoryUsage of job (MB)
	376464  -  ResidentSetSize of job (KB)
...
040 (34670381.000.000) 2021-09-24 14:53:16 Started transferring output files
...
040 (34670381.000.000) 2021-09-24 14:53:16 Finished transferring output files
...
005 (34670381.000.000) 2021-09-24 14:53:18 Job terminated.
	(1) Normal termination (return value 0)
		Usr 0 00:00:00, Sys 0 00:00:00  -  Run Remote Usage
		Usr 0 00:00:00, Sys 0 00:00:00  -  Run Local Usage
		Usr 0 00:01:00, Sys 0 00:00:35  -  Total Remote Usage
		Usr 0 00:00:00, Sys 0 00:00:00  -  Total Local Usage
	2408  -  Run Bytes Sent By Job
	2923650  -  Run Bytes Received By Job
	2408  -  Total Bytes Sent By Job
	2923650  -  Total Bytes Received By Job
	Partitionable Resources :     Usage  Request Allocated 
	   Cpus                 :      0.00        1         1 
	   Disk (KB)            : 116623        3000    317385 
	   Memory (MB)          :    367        3072      3072 

	Job terminated of its own accord at 2021-09-24T19:53:16Z.
...
