WARNING: In non-interactive mode release checks e.g. deprecated releases, production architectures are disabled.

 *** Break *** segmentation violation



===========================================================
There was a crash.
This is the entire stack trace of all threads:
===========================================================

Thread 6 (Thread 0x7fc98bc29700 (LWP 147)):
#0  0x00007fc99c38dd19 in syscall () from /lib64/libc.so.6
#1  0x00007fc98e69379e in XrdSys::LinuxSemaphore::Wait (this=0x96a7d10) at /build/cmsbld/auto-builds/CMSSW_10_2_0_pre6-slc7_amd64_gcc700/build/CMSSW_10_2_0_pre6-build/BUILD/slc7_amd64_gcc700/external/xrootd/4.8.3-gnimlf/xrootd-4.8.3/src/./XrdSys/XrdSysLinuxSemaphore.hh:161
#2  XrdCl::SyncQueue<XrdCl::JobManager::JobHelper>::Get (this=0xa9a56e8) at /build/cmsbld/auto-builds/CMSSW_10_2_0_pre6-slc7_amd64_gcc700/build/CMSSW_10_2_0_pre6-build/BUILD/slc7_amd64_gcc700/external/xrootd/4.8.3-gnimlf/xrootd-4.8.3/src/./XrdCl/XrdClSyncQueue.hh:67
#3  XrdCl::JobManager::RunJobs (this=0xa9a56d0) at /build/cmsbld/auto-builds/CMSSW_10_2_0_pre6-slc7_amd64_gcc700/build/CMSSW_10_2_0_pre6-build/BUILD/slc7_amd64_gcc700/external/xrootd/4.8.3-gnimlf/xrootd-4.8.3/src/XrdCl/XrdClJobManager.cc:146
#4  0x00007fc98e693989 in RunRunnerThread (arg=<optimized out>) at /build/cmsbld/auto-builds/CMSSW_10_2_0_pre6-slc7_amd64_gcc700/build/CMSSW_10_2_0_pre6-build/BUILD/slc7_amd64_gcc700/external/xrootd/4.8.3-gnimlf/xrootd-4.8.3/src/XrdCl/XrdClJobManager.cc:33
#5  0x00007fc99c66aea5 in start_thread () from /lib64/libpthread.so.0
#6  0x00007fc99c3939fd in clone () from /lib64/libc.so.6

Thread 5 (Thread 0x7fc98c42a700 (LWP 146)):
#0  0x00007fc99c38dd19 in syscall () from /lib64/libc.so.6
#1  0x00007fc98e69379e in XrdSys::LinuxSemaphore::Wait (this=0x96a7d10) at /build/cmsbld/auto-builds/CMSSW_10_2_0_pre6-slc7_amd64_gcc700/build/CMSSW_10_2_0_pre6-build/BUILD/slc7_amd64_gcc700/external/xrootd/4.8.3-gnimlf/xrootd-4.8.3/src/./XrdSys/XrdSysLinuxSemaphore.hh:161
#2  XrdCl::SyncQueue<XrdCl::JobManager::JobHelper>::Get (this=0xa9a56e8) at /build/cmsbld/auto-builds/CMSSW_10_2_0_pre6-slc7_amd64_gcc700/build/CMSSW_10_2_0_pre6-build/BUILD/slc7_amd64_gcc700/external/xrootd/4.8.3-gnimlf/xrootd-4.8.3/src/./XrdCl/XrdClSyncQueue.hh:67
#3  XrdCl::JobManager::RunJobs (this=0xa9a56d0) at /build/cmsbld/auto-builds/CMSSW_10_2_0_pre6-slc7_amd64_gcc700/build/CMSSW_10_2_0_pre6-build/BUILD/slc7_amd64_gcc700/external/xrootd/4.8.3-gnimlf/xrootd-4.8.3/src/XrdCl/XrdClJobManager.cc:146
#4  0x00007fc98e693989 in RunRunnerThread (arg=<optimized out>) at /build/cmsbld/auto-builds/CMSSW_10_2_0_pre6-slc7_amd64_gcc700/build/CMSSW_10_2_0_pre6-build/BUILD/slc7_amd64_gcc700/external/xrootd/4.8.3-gnimlf/xrootd-4.8.3/src/XrdCl/XrdClJobManager.cc:33
#5  0x00007fc99c66aea5 in start_thread () from /lib64/libpthread.so.0
#6  0x00007fc99c3939fd in clone () from /lib64/libc.so.6

Thread 4 (Thread 0x7fc98cc2b700 (LWP 145)):
#0  0x00007fc99c38dd19 in syscall () from /lib64/libc.so.6
#1  0x00007fc98e69379e in XrdSys::LinuxSemaphore::Wait (this=0x96a7d10) at /build/cmsbld/auto-builds/CMSSW_10_2_0_pre6-slc7_amd64_gcc700/build/CMSSW_10_2_0_pre6-build/BUILD/slc7_amd64_gcc700/external/xrootd/4.8.3-gnimlf/xrootd-4.8.3/src/./XrdSys/XrdSysLinuxSemaphore.hh:161
#2  XrdCl::SyncQueue<XrdCl::JobManager::JobHelper>::Get (this=0xa9a56e8) at /build/cmsbld/auto-builds/CMSSW_10_2_0_pre6-slc7_amd64_gcc700/build/CMSSW_10_2_0_pre6-build/BUILD/slc7_amd64_gcc700/external/xrootd/4.8.3-gnimlf/xrootd-4.8.3/src/./XrdCl/XrdClSyncQueue.hh:67
#3  XrdCl::JobManager::RunJobs (this=0xa9a56d0) at /build/cmsbld/auto-builds/CMSSW_10_2_0_pre6-slc7_amd64_gcc700/build/CMSSW_10_2_0_pre6-build/BUILD/slc7_amd64_gcc700/external/xrootd/4.8.3-gnimlf/xrootd-4.8.3/src/XrdCl/XrdClJobManager.cc:146
#4  0x00007fc98e693989 in RunRunnerThread (arg=<optimized out>) at /build/cmsbld/auto-builds/CMSSW_10_2_0_pre6-slc7_amd64_gcc700/build/CMSSW_10_2_0_pre6-build/BUILD/slc7_amd64_gcc700/external/xrootd/4.8.3-gnimlf/xrootd-4.8.3/src/XrdCl/XrdClJobManager.cc:33
#5  0x00007fc99c66aea5 in start_thread () from /lib64/libpthread.so.0
#6  0x00007fc99c3939fd in clone () from /lib64/libc.so.6

Thread 3 (Thread 0x7fc98d42c700 (LWP 144)):
#0  0x00007fc99c671e9d in nanosleep () from /lib64/libpthread.so.0
#1  0x00007fc98e7a2ded in XrdSysTimer::Wait (mills=<optimized out>) at /build/cmsbld/auto-builds/CMSSW_10_2_0_pre6-slc7_amd64_gcc700/build/CMSSW_10_2_0_pre6-build/BUILD/slc7_amd64_gcc700/external/xrootd/4.8.3-gnimlf/xrootd-4.8.3/src/XrdSys/XrdSysTimer.cc:239
#2  0x00007fc98e637118 in XrdCl::TaskManager::RunTasks (this=0xa970a00) at /build/cmsbld/auto-builds/CMSSW_10_2_0_pre6-slc7_amd64_gcc700/build/CMSSW_10_2_0_pre6-build/BUILD/slc7_amd64_gcc700/external/xrootd/4.8.3-gnimlf/xrootd-4.8.3/src/XrdCl/XrdClTaskManager.cc:244
#3  0x00007fc98e637269 in RunRunnerThread (arg=<optimized out>) at /build/cmsbld/auto-builds/CMSSW_10_2_0_pre6-slc7_amd64_gcc700/build/CMSSW_10_2_0_pre6-build/BUILD/slc7_amd64_gcc700/external/xrootd/4.8.3-gnimlf/xrootd-4.8.3/src/XrdCl/XrdClTaskManager.cc:37
#4  0x00007fc99c66aea5 in start_thread () from /lib64/libpthread.so.0
#5  0x00007fc99c3939fd in clone () from /lib64/libc.so.6

Thread 2 (Thread 0x7fc98dc2d700 (LWP 143)):
#0  0x00007fc99c393fd3 in epoll_wait () from /lib64/libc.so.6
#1  0x00007fc98e7a7c17 in XrdSys::IOEvents::PollE::Begin (this=0xa9859c0, syncsem=<optimized out>, retcode=<optimized out>, eTxt=<optimized out>) at /build/cmsbld/auto-builds/CMSSW_10_2_0_pre6-slc7_amd64_gcc700/build/CMSSW_10_2_0_pre6-build/BUILD/slc7_amd64_gcc700/external/xrootd/4.8.3-gnimlf/xrootd-4.8.3/src/./XrdSys/XrdSysIOEventsPollE.icc:213
#2  0x00007fc98e7a44f5 in XrdSys::IOEvents::BootStrap::Start (parg=0x7ffe0dfa4240) at /build/cmsbld/auto-builds/CMSSW_10_2_0_pre6-slc7_amd64_gcc700/build/CMSSW_10_2_0_pre6-build/BUILD/slc7_amd64_gcc700/external/xrootd/4.8.3-gnimlf/xrootd-4.8.3/src/XrdSys/XrdSysIOEvents.cc:131
#3  0x00007fc98e7a25e8 in XrdSysThread_Xeq (myargs=0xa98d080) at /build/cmsbld/auto-builds/CMSSW_10_2_0_pre6-slc7_amd64_gcc700/build/CMSSW_10_2_0_pre6-build/BUILD/slc7_amd64_gcc700/external/xrootd/4.8.3-gnimlf/xrootd-4.8.3/src/XrdSys/XrdSysPthread.cc:86
#4  0x00007fc99c66aea5 in start_thread () from /lib64/libpthread.so.0
#5  0x00007fc99c3939fd in clone () from /lib64/libc.so.6

Thread 1 (Thread 0x7fc99cfff980 (LWP 119)):
#0  0x00007fc99c35a549 in waitpid () from /lib64/libc.so.6
#1  0x00007fc99c2d7f62 in do_system () from /lib64/libc.so.6
#2  0x00007fc99c2d8311 in system () from /lib64/libc.so.6
#3  0x00007fc99ce99a8b in TUnixSystem::StackTrace() () from /cvmfs/cms.cern.ch/slc7_amd64_gcc700/lcg/root/6.12.07-gnimlf5/lib/libCore.so
#4  0x00007fc99ce9c0cc in TUnixSystem::DispatchSignals(ESignals) () from /cvmfs/cms.cern.ch/slc7_amd64_gcc700/lcg/root/6.12.07-gnimlf5/lib/libCore.so
#5  <signal handler called>
#6  0x00007fc990ba8846 in TTree::GetCurrentFile() const () from /cvmfs/cms.cern.ch/slc7_amd64_gcc700/lcg/root/6.12.07-gnimlf5/lib/libTree.so
#7  0x00007fc98e85237b in ?? ()
#8  0x00000000116bfe30 in ?? ()
#9  0x000000000f2327b0 in ?? ()
#10 0x000000000f2321c0 in ?? ()
#11 0x000000000cf25210 in ?? ()
#12 0x000000000a9cfb10 in ?? ()
#13 0x00007ffe0dfa6330 in ?? ()
#14 0x0000000017695820 in ?? ()
#15 0x000000000cf08fb0 in ?? ()
#16 0x000000000cf15d80 in ?? ()
#17 0x00007ffe0dfa6330 in ?? ()
#18 0x00007ffe0dfa6250 in ?? ()
#19 0x00007fc98e8526cc in ?? ()
#20 0x000000000466edc0 in ?? ()
#21 0x00007ffe0dfa6330 in ?? ()
#22 0x00007ffe0dfa8110 in ?? ()
#23 0x00007fc98e897b31 in ?? ()
#24 0x0000000009069080 in ?? ()
#25 0x0000000009069080 in ?? ()
#26 0x00007ffe0dfa62b8 in ?? ()
#27 0x0000000000000006 in ?? ()
#28 0x0000000000000000 in ?? ()
===========================================================


The lines below might hint at the cause of the crash.
You may get help by asking at the ROOT forum http://root.cern.ch/forum.
Only if you are really convinced it is a bug in ROOT then please submit a
report at http://root.cern.ch/bugs. Please post the ENTIRE stack trace
from above as an attachment in addition to anything else
that might help us fixing this issue.
===========================================================
#6  0x00007fc990ba8846 in TTree::GetCurrentFile() const () from /cvmfs/cms.cern.ch/slc7_amd64_gcc700/lcg/root/6.12.07-gnimlf5/lib/libTree.so
#7  0x00007fc98e85237b in ?? ()
#8  0x00000000116bfe30 in ?? ()
#9  0x000000000f2327b0 in ?? ()
#10 0x000000000f2321c0 in ?? ()
#11 0x000000000cf25210 in ?? ()
#12 0x000000000a9cfb10 in ?? ()
#13 0x00007ffe0dfa6330 in ?? ()
#14 0x0000000017695820 in ?? ()
#15 0x000000000cf08fb0 in ?? ()
#16 0x000000000cf15d80 in ?? ()
#17 0x00007ffe0dfa6330 in ?? ()
#18 0x00007ffe0dfa6250 in ?? ()
#19 0x00007fc98e8526cc in ?? ()
#20 0x000000000466edc0 in ?? ()
#21 0x00007ffe0dfa6330 in ?? ()
#22 0x00007ffe0dfa8110 in ?? ()
#23 0x00007fc98e897b31 in ?? ()
#24 0x0000000009069080 in ?? ()
#25 0x0000000009069080 in ?? ()
#26 0x00007ffe0dfa62b8 in ?? ()
#27 0x0000000000000006 in ?? ()
#28 0x0000000000000000 in ?? ()
===========================================================


[16MB/747.7MB][  2%][=>                                                ][16MB/s]  [96MB/747.7MB][ 12%][======>                                           ][96MB/s]  [160MB/747.7MB][ 21%][==========>                                       ][80MB/s]  [224MB/747.7MB][ 29%][==============>                                   ][74.67MB/s]  [272MB/747.7MB][ 36%][==================>                               ][68MB/s]  [336MB/747.7MB][ 44%][======================>                           ][67.2MB/s]  [400MB/747.7MB][ 53%][==========================>                       ][66.67MB/s]  [464MB/747.7MB][ 62%][===============================>                  ][66.29MB/s]  [528MB/747.7MB][ 70%][===================================>              ][66MB/s]  [592MB/747.7MB][ 79%][=======================================>          ][65.78MB/s]  [672MB/747.7MB][ 89%][============================================>     ][67.2MB/s]  [736MB/747.7MB][ 98%][=================================================>][66.91MB/s]  [747.7MB/747.7MB][100%][==================================================][67.97MB/s]  [747.7MB/747.7MB][100%][==================================================][62.31MB/s]  
