000 (14729794.000.000) 2021-09-24 13:56:12 Job submitted from host: <131.225.188.55:9618?addrs=131.225.188.55-9618&alias=lpcschedd1.fnal.gov&noUDP&sock=schedd_2070_6d22>
...
040 (14729794.000.000) 2021-09-24 14:03:17 Started transferring input files
	Transferring to host: <131.225.206.213:9618?addrs=131.225.206.213-9618&alias=cmswn1834.fnal.gov&noUDP&sock=slot1_2_1225_df8b_4739>
...
040 (14729794.000.000) 2021-09-24 14:03:17 Finished transferring input files
...
001 (14729794.000.000) 2021-09-24 14:03:18 Job executing on host: <131.225.206.213:9618?addrs=131.225.206.213-9618&alias=cmswn1834.fnal.gov&noUDP&sock=startd_1158_dec2>
...
006 (14729794.000.000) 2021-09-24 14:03:27 Image size of job updated: 43
	43  -  MemoryUsage of job (MB)
	44368  -  ResidentSetSize of job (KB)
...
006 (14729794.000.000) 2021-09-24 14:04:28 Image size of job updated: 362
	362  -  MemoryUsage of job (MB)
	371172  -  ResidentSetSize of job (KB)
...
006 (14729794.000.000) 2021-09-24 14:05:28 Image size of job updated: 362
	362  -  MemoryUsage of job (MB)
	371432  -  ResidentSetSize of job (KB)
...
006 (14729794.000.000) 2021-09-24 14:06:29 Image size of job updated: 370
	370  -  MemoryUsage of job (MB)
	379156  -  ResidentSetSize of job (KB)
...
006 (14729794.000.000) 2021-09-24 14:07:29 Image size of job updated: 370
	370  -  MemoryUsage of job (MB)
	379712  -  ResidentSetSize of job (KB)
...
006 (14729794.000.000) 2021-09-24 14:08:30 Image size of job updated: 370
	370  -  MemoryUsage of job (MB)
	379832  -  ResidentSetSize of job (KB)
...
004 (14729794.000.000) 2021-09-24 14:08:33 Job was evicted.
	(0) CPU times
		Usr 0 00:01:34, Sys 0 00:00:55  -  Run Remote Usage
		Usr 0 00:00:00, Sys 0 00:00:00  -  Run Local Usage
	0  -  Run Bytes Sent By Job
	2923652  -  Run Bytes Received By Job
	Partitionable Resources :     Usage  Request Allocated 
	   Cpus                 :      0.00        1         1 
	   Disk (KB)            : 193593        3000    323434 
	   Memory (MB)          :    370        3072      3072 
...
009 (14729794.000.000) 2021-09-24 14:08:33 Job was aborted.
	via condor_rm (by user fsimpson)
...
000 (14729982.000.000) 2021-09-24 14:19:29 Job submitted from host: <131.225.188.55:9618?addrs=131.225.188.55-9618&alias=lpcschedd1.fnal.gov&noUDP&sock=schedd_2070_6d22>
...
040 (14729982.000.000) 2021-09-24 14:24:46 Started transferring input files
	Transferring to host: <131.225.191.226:9618?addrs=131.225.191.226-9618&alias=cmswn2002.fnal.gov&noUDP&sock=slot1_15_1528_5d37_3247>
...
040 (14729982.000.000) 2021-09-24 14:24:46 Finished transferring input files
...
001 (14729982.000.000) 2021-09-24 14:24:47 Job executing on host: <131.225.191.226:9618?addrs=131.225.191.226-9618&alias=cmswn2002.fnal.gov&noUDP&sock=startd_1429_c0ed>
...
006 (14729982.000.000) 2021-09-24 14:24:56 Image size of job updated: 36
	36  -  MemoryUsage of job (MB)
	37640  -  ResidentSetSize of job (KB)
...
006 (14729982.000.000) 2021-09-24 14:25:58 Image size of job updated: 360
	360  -  MemoryUsage of job (MB)
	369444  -  ResidentSetSize of job (KB)
...
006 (14729982.000.000) 2021-09-24 14:26:58 Image size of job updated: 361
	361  -  MemoryUsage of job (MB)
	369764  -  ResidentSetSize of job (KB)
...
006 (14729982.000.000) 2021-09-24 14:28:00 Image size of job updated: 369
	369  -  MemoryUsage of job (MB)
	378256  -  ResidentSetSize of job (KB)
...
006 (14729982.000.000) 2021-09-24 14:29:00 Image size of job updated: 370
	370  -  MemoryUsage of job (MB)
	379392  -  ResidentSetSize of job (KB)
...
006 (14729982.000.000) 2021-09-24 14:30:02 Image size of job updated: 370
	370  -  MemoryUsage of job (MB)
	379828  -  ResidentSetSize of job (KB)
...
006 (14729982.000.000) 2021-09-24 14:30:35 Image size of job updated: 370
	370  -  MemoryUsage of job (MB)
	379900  -  ResidentSetSize of job (KB)
...
040 (14729982.000.000) 2021-09-24 14:30:36 Started transferring output files
...
040 (14729982.000.000) 2021-09-24 14:30:36 Finished transferring output files
...
005 (14729982.000.000) 2021-09-24 14:30:37 Job terminated.
	(1) Normal termination (return value 0)
		Usr 0 00:01:59, Sys 0 00:01:11  -  Run Remote Usage
		Usr 0 00:00:00, Sys 0 00:00:00  -  Run Local Usage
		Usr 0 00:01:59, Sys 0 00:01:11  -  Total Remote Usage
		Usr 0 00:00:00, Sys 0 00:00:00  -  Total Local Usage
	3032  -  Run Bytes Sent By Job
	2923650  -  Run Bytes Received By Job
	3032  -  Total Bytes Sent By Job
	2923650  -  Total Bytes Received By Job
	Partitionable Resources :     Usage  Request Allocated 
	   Cpus                 :      0.00        1         1 
	   Disk (KB)            : 184342        3000    776801 
	   Memory (MB)          :    370        3072      3072 

	Job terminated of its own accord at 2021-09-24T19:30:35Z.
...
