000 (34567726.000.000) 2021-09-17 07:08:59 Job submitted from host: <131.225.188.57:9618?addrs=131.225.188.57-9618&alias=lpcschedd2.fnal.gov&noUDP&sock=schedd_2251_93c6>
...
040 (34567726.000.000) 2021-09-17 07:39:00 Started transferring input files
	Transferring to host: <131.225.205.155:9618?addrs=131.225.205.155-9618&alias=cmswn1929.fnal.gov&noUDP&sock=slot1_15_1521_6e97_1295>
...
040 (34567726.000.000) 2021-09-17 07:39:01 Finished transferring input files
...
001 (34567726.000.000) 2021-09-17 07:39:02 Job executing on host: <131.225.205.155:9618?addrs=131.225.205.155-9618&alias=cmswn1929.fnal.gov&noUDP&sock=startd_1435_de7e>
...
006 (34567726.000.000) 2021-09-17 07:39:10 Image size of job updated: 9
	9  -  MemoryUsage of job (MB)
	9548  -  ResidentSetSize of job (KB)
...
006 (34567726.000.000) 2021-09-17 07:40:11 Image size of job updated: 438
	438  -  MemoryUsage of job (MB)
	449384  -  ResidentSetSize of job (KB)
...
006 (34567726.000.000) 2021-09-17 07:41:11 Image size of job updated: 537
	537  -  MemoryUsage of job (MB)
	550056  -  ResidentSetSize of job (KB)
...
006 (34567726.000.000) 2021-09-17 07:47:15 Image size of job updated: 558
	558  -  MemoryUsage of job (MB)
	571840  -  ResidentSetSize of job (KB)
...
006 (34567726.000.000) 2021-09-17 07:48:16 Image size of job updated: 585
	585  -  MemoryUsage of job (MB)
	599784  -  ResidentSetSize of job (KB)
...
006 (34567726.000.000) 2021-09-17 07:49:16 Image size of job updated: 614
	614  -  MemoryUsage of job (MB)
	629664  -  ResidentSetSize of job (KB)
...
006 (34567726.000.000) 2021-09-17 07:50:17 Image size of job updated: 640
	640  -  MemoryUsage of job (MB)
	656036  -  ResidentSetSize of job (KB)
...
006 (34567726.000.000) 2021-09-17 07:51:17 Image size of job updated: 662
	662  -  MemoryUsage of job (MB)
	678624  -  ResidentSetSize of job (KB)
...
006 (34567726.000.000) 2021-09-17 07:52:18 Image size of job updated: 685
	685  -  MemoryUsage of job (MB)
	702148  -  ResidentSetSize of job (KB)
...
006 (34567726.000.000) 2021-09-17 07:53:19 Image size of job updated: 707
	707  -  MemoryUsage of job (MB)
	724640  -  ResidentSetSize of job (KB)
...
006 (34567726.000.000) 2021-09-17 07:54:19 Image size of job updated: 726
	726  -  MemoryUsage of job (MB)
	744188  -  ResidentSetSize of job (KB)
...
006 (34567726.000.000) 2021-09-17 07:55:19 Image size of job updated: 747
	747  -  MemoryUsage of job (MB)
	765056  -  ResidentSetSize of job (KB)
...
006 (34567726.000.000) 2021-09-17 07:56:19 Image size of job updated: 764
	764  -  MemoryUsage of job (MB)
	783236  -  ResidentSetSize of job (KB)
...
006 (34567726.000.000) 2021-09-17 07:57:19 Image size of job updated: 783
	783  -  MemoryUsage of job (MB)
	802700  -  ResidentSetSize of job (KB)
...
006 (34567726.000.000) 2021-09-17 07:58:19 Image size of job updated: 803
	803  -  MemoryUsage of job (MB)
	822372  -  ResidentSetSize of job (KB)
...
006 (34567726.000.000) 2021-09-17 07:59:20 Image size of job updated: 819
	819  -  MemoryUsage of job (MB)
	838836  -  ResidentSetSize of job (KB)
...
006 (34567726.000.000) 2021-09-17 08:00:20 Image size of job updated: 838
	838  -  MemoryUsage of job (MB)
	859032  -  ResidentSetSize of job (KB)
...
006 (34567726.000.000) 2021-09-17 08:01:21 Image size of job updated: 855
	855  -  MemoryUsage of job (MB)
	876116  -  ResidentSetSize of job (KB)
...
006 (34567726.000.000) 2021-09-17 08:02:21 Image size of job updated: 870
	870  -  MemoryUsage of job (MB)
	891296  -  ResidentSetSize of job (KB)
...
006 (34567726.000.000) 2021-09-17 08:03:22 Image size of job updated: 898
	898  -  MemoryUsage of job (MB)
	919976  -  ResidentSetSize of job (KB)
...
006 (34567726.000.000) 2021-09-17 08:04:23 Image size of job updated: 913
	913  -  MemoryUsage of job (MB)
	935912  -  ResidentSetSize of job (KB)
...
006 (34567726.000.000) 2021-09-17 08:05:23 Image size of job updated: 929
	929  -  MemoryUsage of job (MB)
	952040  -  ResidentSetSize of job (KB)
...
006 (34567726.000.000) 2021-09-17 08:06:23 Image size of job updated: 945
	945  -  MemoryUsage of job (MB)
	967828  -  ResidentSetSize of job (KB)
...
006 (34567726.000.000) 2021-09-17 08:07:23 Image size of job updated: 959
	959  -  MemoryUsage of job (MB)
	982256  -  ResidentSetSize of job (KB)
...
006 (34567726.000.000) 2021-09-17 08:08:23 Image size of job updated: 974
	974  -  MemoryUsage of job (MB)
	997396  -  ResidentSetSize of job (KB)
...
006 (34567726.000.000) 2021-09-17 08:09:23 Image size of job updated: 988
	988  -  MemoryUsage of job (MB)
	1012284  -  ResidentSetSize of job (KB)
...
006 (34567726.000.000) 2021-09-17 08:10:24 Image size of job updated: 1001
	1001  -  MemoryUsage of job (MB)
	1026012  -  ResidentSetSize of job (KB)
...
006 (34567726.000.000) 2021-09-17 08:11:24 Image size of job updated: 1016
	1016  -  MemoryUsage of job (MB)
	1040460  -  ResidentSetSize of job (KB)
...
006 (34567726.000.000) 2021-09-17 08:12:25 Image size of job updated: 1033
	1033  -  MemoryUsage of job (MB)
	1058164  -  ResidentSetSize of job (KB)
...
006 (34567726.000.000) 2021-09-17 08:13:25 Image size of job updated: 1047
	1047  -  MemoryUsage of job (MB)
	1073060  -  ResidentSetSize of job (KB)
...
006 (34567726.000.000) 2021-09-17 08:14:26 Image size of job updated: 1069
	1069  -  MemoryUsage of job (MB)
	1095544  -  ResidentSetSize of job (KB)
...
006 (34567726.000.000) 2021-09-17 08:15:27 Image size of job updated: 1082
	1082  -  MemoryUsage of job (MB)
	1108764  -  ResidentSetSize of job (KB)
...
006 (34567726.000.000) 2021-09-17 08:16:27 Image size of job updated: 1094
	1094  -  MemoryUsage of job (MB)
	1121124  -  ResidentSetSize of job (KB)
...
006 (34567726.000.000) 2021-09-17 08:17:27 Image size of job updated: 1108
	1108  -  MemoryUsage of job (MB)
	1134976  -  ResidentSetSize of job (KB)
...
006 (34567726.000.000) 2021-09-17 08:18:27 Image size of job updated: 1120
	1120  -  MemoryUsage of job (MB)
	1147296  -  ResidentSetSize of job (KB)
...
006 (34567726.000.000) 2021-09-17 08:19:27 Image size of job updated: 1133
	1133  -  MemoryUsage of job (MB)
	1160920  -  ResidentSetSize of job (KB)
...
006 (34567726.000.000) 2021-09-17 08:20:27 Image size of job updated: 1147
	1147  -  MemoryUsage of job (MB)
	1175212  -  ResidentSetSize of job (KB)
...
006 (34567726.000.000) 2021-09-17 08:21:28 Image size of job updated: 1162
	1162  -  MemoryUsage of job (MB)
	1190256  -  ResidentSetSize of job (KB)
...
006 (34567726.000.000) 2021-09-17 08:22:29 Image size of job updated: 1176
	1176  -  MemoryUsage of job (MB)
	1205216  -  ResidentSetSize of job (KB)
...
006 (34567726.000.000) 2021-09-17 08:23:30 Image size of job updated: 1191
	1191  -  MemoryUsage of job (MB)
	1220336  -  ResidentSetSize of job (KB)
...
006 (34567726.000.000) 2021-09-17 08:24:30 Image size of job updated: 1204
	1204  -  MemoryUsage of job (MB)
	1233808  -  ResidentSetSize of job (KB)
...
006 (34567726.000.000) 2021-09-17 08:25:31 Image size of job updated: 1219
	1219  -  MemoryUsage of job (MB)
	1248440  -  ResidentSetSize of job (KB)
...
006 (34567726.000.000) 2021-09-17 08:26:31 Image size of job updated: 1233
	1233  -  MemoryUsage of job (MB)
	1263028  -  ResidentSetSize of job (KB)
...
006 (34567726.000.000) 2021-09-17 08:27:31 Image size of job updated: 1246
	1246  -  MemoryUsage of job (MB)
	1276024  -  ResidentSetSize of job (KB)
...
006 (34567726.000.000) 2021-09-17 08:28:31 Image size of job updated: 1259
	1259  -  MemoryUsage of job (MB)
	1290168  -  ResidentSetSize of job (KB)
...
006 (34567726.000.000) 2021-09-17 08:29:31 Image size of job updated: 1272
	1272  -  MemoryUsage of job (MB)
	1302760  -  ResidentSetSize of job (KB)
...
006 (34567726.000.000) 2021-09-17 08:30:31 Image size of job updated: 1285
	1285  -  MemoryUsage of job (MB)
	1316568  -  ResidentSetSize of job (KB)
...
006 (34567726.000.000) 2021-09-17 08:31:31 Image size of job updated: 1299
	1299  -  MemoryUsage of job (MB)
	1330236  -  ResidentSetSize of job (KB)
...
006 (34567726.000.000) 2021-09-17 08:32:32 Image size of job updated: 1310
	1310  -  MemoryUsage of job (MB)
	1342396  -  ResidentSetSize of job (KB)
...
006 (34567726.000.000) 2021-09-17 08:33:32 Image size of job updated: 1323
	1323  -  MemoryUsage of job (MB)
	1355756  -  ResidentSetSize of job (KB)
...
006 (34567726.000.000) 2021-09-17 08:34:33 Image size of job updated: 1336
	1336  -  MemoryUsage of job (MB)
	1368856  -  ResidentSetSize of job (KB)
...
006 (34567726.000.000) 2021-09-17 08:35:33 Image size of job updated: 1348
	1348  -  MemoryUsage of job (MB)
	1380536  -  ResidentSetSize of job (KB)
...
006 (34567726.000.000) 2021-09-17 08:36:34 Image size of job updated: 1361
	1361  -  MemoryUsage of job (MB)
	1393788  -  ResidentSetSize of job (KB)
...
006 (34567726.000.000) 2021-09-17 08:37:34 Image size of job updated: 1372
	1372  -  MemoryUsage of job (MB)
	1405908  -  ResidentSetSize of job (KB)
...
006 (34567726.000.000) 2021-09-17 08:38:34 Image size of job updated: 1386
	1386  -  MemoryUsage of job (MB)
	1419288  -  ResidentSetSize of job (KB)
...
006 (34567726.000.000) 2021-09-17 08:39:34 Image size of job updated: 1397
	1397  -  MemoryUsage of job (MB)
	1431068  -  ResidentSetSize of job (KB)
...
006 (34567726.000.000) 2021-09-17 08:40:34 Image size of job updated: 1410
	1410  -  MemoryUsage of job (MB)
	1444064  -  ResidentSetSize of job (KB)
...
006 (34567726.000.000) 2021-09-17 08:41:34 Image size of job updated: 1421
	1421  -  MemoryUsage of job (MB)
	1455708  -  ResidentSetSize of job (KB)
...
006 (34567726.000.000) 2021-09-17 08:42:34 Image size of job updated: 1434
	1434  -  MemoryUsage of job (MB)
	1468448  -  ResidentSetSize of job (KB)
...
006 (34567726.000.000) 2021-09-17 08:43:34 Image size of job updated: 1447
	1447  -  MemoryUsage of job (MB)
	1481988  -  ResidentSetSize of job (KB)
...
006 (34567726.000.000) 2021-09-17 08:44:34 Image size of job updated: 1462
	1462  -  MemoryUsage of job (MB)
	1497820  -  ResidentSetSize of job (KB)
...
006 (34567726.000.000) 2021-09-17 08:45:34 Image size of job updated: 1476
	1476  -  MemoryUsage of job (MB)
	1511940  -  ResidentSetSize of job (KB)
...
006 (34567726.000.000) 2021-09-17 08:46:34 Image size of job updated: 1491
	1491  -  MemoryUsage of job (MB)
	1527360  -  ResidentSetSize of job (KB)
...
006 (34567726.000.000) 2021-09-17 08:47:35 Image size of job updated: 1506
	1506  -  MemoryUsage of job (MB)
	1542724  -  ResidentSetSize of job (KB)
...
006 (34567726.000.000) 2021-09-17 08:48:35 Image size of job updated: 1519
	1519  -  MemoryUsage of job (MB)
	1556312  -  ResidentSetSize of job (KB)
...
006 (34567726.000.000) 2021-09-17 08:49:35 Image size of job updated: 1534
	1534  -  MemoryUsage of job (MB)
	1571080  -  ResidentSetSize of job (KB)
...
006 (34567726.000.000) 2021-09-17 08:50:36 Image size of job updated: 1625
	1625  -  MemoryUsage of job (MB)
	1664956  -  ResidentSetSize of job (KB)
...
006 (34567726.000.000) 2021-09-17 08:51:36 Image size of job updated: 1628
	1628  -  MemoryUsage of job (MB)
	1667208  -  ResidentSetSize of job (KB)
...
006 (34567726.000.000) 2021-09-17 08:52:37 Image size of job updated: 1629
	1629  -  MemoryUsage of job (MB)
	1668872  -  ResidentSetSize of job (KB)
...
006 (34567726.000.000) 2021-09-17 08:53:37 Image size of job updated: 1630
	1630  -  MemoryUsage of job (MB)
	1669468  -  ResidentSetSize of job (KB)
...
006 (34567726.000.000) 2021-09-17 08:54:38 Image size of job updated: 1631
	1631  -  MemoryUsage of job (MB)
	1670368  -  ResidentSetSize of job (KB)
...
006 (34567726.000.000) 2021-09-17 08:55:39 Image size of job updated: 1632
	1632  -  MemoryUsage of job (MB)
	1671424  -  ResidentSetSize of job (KB)
...
006 (34567726.000.000) 2021-09-17 08:56:39 Image size of job updated: 1632
	1632  -  MemoryUsage of job (MB)
	1671896  -  ResidentSetSize of job (KB)
...
006 (34567726.000.000) 2021-09-17 08:57:40 Image size of job updated: 1632
	1632  -  MemoryUsage of job (MB)
	1672116  -  ResidentSetSize of job (KB)
...
006 (34567726.000.000) 2021-09-17 08:58:41 Image size of job updated: 1644
	1644  -  MemoryUsage of job (MB)
	1683900  -  ResidentSetSize of job (KB)
...
006 (34567726.000.000) 2021-09-17 08:59:41 Image size of job updated: 1644
	1644  -  MemoryUsage of job (MB)
	1684116  -  ResidentSetSize of job (KB)
...
006 (34567726.000.000) 2021-09-17 09:00:41 Image size of job updated: 1644
	1644  -  MemoryUsage of job (MB)
	1684308  -  ResidentSetSize of job (KB)
...
006 (34567726.000.000) 2021-09-17 09:01:41 Image size of job updated: 1645
	1645  -  MemoryUsage of job (MB)
	1684488  -  ResidentSetSize of job (KB)
...
006 (34567726.000.000) 2021-09-17 09:02:41 Image size of job updated: 1663
	1663  -  MemoryUsage of job (MB)
	1703756  -  ResidentSetSize of job (KB)
...
006 (34567726.000.000) 2021-09-17 09:03:41 Image size of job updated: 1664
	1664  -  MemoryUsage of job (MB)
	1704416  -  ResidentSetSize of job (KB)
...
006 (34567726.000.000) 2021-09-17 09:04:42 Image size of job updated: 1665
	1665  -  MemoryUsage of job (MB)
	1705268  -  ResidentSetSize of job (KB)
...
006 (34567726.000.000) 2021-09-17 09:05:42 Image size of job updated: 1665
	1665  -  MemoryUsage of job (MB)
	1705560  -  ResidentSetSize of job (KB)
...
006 (34567726.000.000) 2021-09-17 09:06:42 Image size of job updated: 1666
	1666  -  MemoryUsage of job (MB)
	1706000  -  ResidentSetSize of job (KB)
...
006 (34567726.000.000) 2021-09-17 09:07:42 Image size of job updated: 1666
	1666  -  MemoryUsage of job (MB)
	1706516  -  ResidentSetSize of job (KB)
...
006 (34567726.000.000) 2021-09-17 09:08:42 Image size of job updated: 1666
	1666  -  MemoryUsage of job (MB)
	1706692  -  ResidentSetSize of job (KB)
...
006 (34567726.000.000) 2021-09-17 09:09:43 Image size of job updated: 1666
	1666  -  MemoryUsage of job (MB)
	1706796  -  ResidentSetSize of job (KB)
...
006 (34567726.000.000) 2021-09-17 09:10:43 Image size of job updated: 1674
	1674  -  MemoryUsage of job (MB)
	1714792  -  ResidentSetSize of job (KB)
...
006 (34567726.000.000) 2021-09-17 09:11:43 Image size of job updated: 1674
	1674  -  MemoryUsage of job (MB)
	1714892  -  ResidentSetSize of job (KB)
...
006 (34567726.000.000) 2021-09-17 09:12:44 Image size of job updated: 1674
	1674  -  MemoryUsage of job (MB)
	1715008  -  ResidentSetSize of job (KB)
...
006 (34567726.000.000) 2021-09-17 09:13:44 Image size of job updated: 1674
	1674  -  MemoryUsage of job (MB)
	1715136  -  ResidentSetSize of job (KB)
...
006 (34567726.000.000) 2021-09-17 09:14:45 Image size of job updated: 1679
	1679  -  MemoryUsage of job (MB)
	1719504  -  ResidentSetSize of job (KB)
...
006 (34567726.000.000) 2021-09-17 09:15:46 Image size of job updated: 1679
	1679  -  MemoryUsage of job (MB)
	1719964  -  ResidentSetSize of job (KB)
...
006 (34567726.000.000) 2021-09-17 09:16:47 Image size of job updated: 1680
	1680  -  MemoryUsage of job (MB)
	1720556  -  ResidentSetSize of job (KB)
...
006 (34567726.000.000) 2021-09-17 09:17:47 Image size of job updated: 1680
	1680  -  MemoryUsage of job (MB)
	1720904  -  ResidentSetSize of job (KB)
...
006 (34567726.000.000) 2021-09-17 09:18:48 Image size of job updated: 1681
	1681  -  MemoryUsage of job (MB)
	1721372  -  ResidentSetSize of job (KB)
...
006 (34567726.000.000) 2021-09-17 09:19:49 Image size of job updated: 1681
	1681  -  MemoryUsage of job (MB)
	1721572  -  ResidentSetSize of job (KB)
...
006 (34567726.000.000) 2021-09-17 09:20:51 Image size of job updated: 1681
	1681  -  MemoryUsage of job (MB)
	1721828  -  ResidentSetSize of job (KB)
...
006 (34567726.000.000) 2021-09-17 09:21:51 Image size of job updated: 1682
	1682  -  MemoryUsage of job (MB)
	1723288  -  ResidentSetSize of job (KB)
...
006 (34567726.000.000) 2021-09-17 09:22:51 Image size of job updated: 1682
	1682  -  MemoryUsage of job (MB)
	1723328  -  ResidentSetSize of job (KB)
...
006 (34567726.000.000) 2021-09-17 09:23:51 Image size of job updated: 1682
	1682  -  MemoryUsage of job (MB)
	1723380  -  ResidentSetSize of job (KB)
...
006 (34567726.000.000) 2021-09-17 09:24:52 Image size of job updated: 1683
	1683  -  MemoryUsage of job (MB)
	1723424  -  ResidentSetSize of job (KB)
...
006 (34567726.000.000) 2021-09-17 09:25:53 Image size of job updated: 1684
	1684  -  MemoryUsage of job (MB)
	1725012  -  ResidentSetSize of job (KB)
...
006 (34567726.000.000) 2021-09-17 09:26:54 Image size of job updated: 1684
	1684  -  MemoryUsage of job (MB)
	1725204  -  ResidentSetSize of job (KB)
...
006 (34567726.000.000) 2021-09-17 09:27:56 Image size of job updated: 1685
	1685  -  MemoryUsage of job (MB)
	1725560  -  ResidentSetSize of job (KB)
...
006 (34567726.000.000) 2021-09-17 09:28:56 Image size of job updated: 1685
	1685  -  MemoryUsage of job (MB)
	1725672  -  ResidentSetSize of job (KB)
...
006 (34567726.000.000) 2021-09-17 09:29:57 Image size of job updated: 1685
	1685  -  MemoryUsage of job (MB)
	1725788  -  ResidentSetSize of job (KB)
...
006 (34567726.000.000) 2021-09-17 09:30:57 Image size of job updated: 1685
	1685  -  MemoryUsage of job (MB)
	1725868  -  ResidentSetSize of job (KB)
...
006 (34567726.000.000) 2021-09-17 09:31:57 Image size of job updated: 1685
	1685  -  MemoryUsage of job (MB)
	1725980  -  ResidentSetSize of job (KB)
...
006 (34567726.000.000) 2021-09-17 09:33:57 Image size of job updated: 1686
	1686  -  MemoryUsage of job (MB)
	1726656  -  ResidentSetSize of job (KB)
...
006 (34567726.000.000) 2021-09-17 09:34:58 Image size of job updated: 1686
	1686  -  MemoryUsage of job (MB)
	1726712  -  ResidentSetSize of job (KB)
...
006 (34567726.000.000) 2021-09-17 09:35:59 Image size of job updated: 1686
	1686  -  MemoryUsage of job (MB)
	1726760  -  ResidentSetSize of job (KB)
...
006 (34567726.000.000) 2021-09-17 09:36:59 Image size of job updated: 1686
	1686  -  MemoryUsage of job (MB)
	1726776  -  ResidentSetSize of job (KB)
...
006 (34567726.000.000) 2021-09-17 09:37:59 Image size of job updated: 1687
	1687  -  MemoryUsage of job (MB)
	1728140  -  ResidentSetSize of job (KB)
...
006 (34567726.000.000) 2021-09-17 09:38:59 Image size of job updated: 1687
	1687  -  MemoryUsage of job (MB)
	1728192  -  ResidentSetSize of job (KB)
...
006 (34567726.000.000) 2021-09-17 09:40:00 Image size of job updated: 1687
	1687  -  MemoryUsage of job (MB)
	1728276  -  ResidentSetSize of job (KB)
...
006 (34567726.000.000) 2021-09-17 09:41:02 Image size of job updated: 1687
	1687  -  MemoryUsage of job (MB)
	1728348  -  ResidentSetSize of job (KB)
...
006 (34567726.000.000) 2021-09-17 09:42:02 Image size of job updated: 1687
	1687  -  MemoryUsage of job (MB)
	1728408  -  ResidentSetSize of job (KB)
...
006 (34567726.000.000) 2021-09-17 09:43:02 Image size of job updated: 1687
	1687  -  MemoryUsage of job (MB)
	1728436  -  ResidentSetSize of job (KB)
...
006 (34567726.000.000) 2021-09-17 09:44:02 Image size of job updated: 1687
	1687  -  MemoryUsage of job (MB)
	1728464  -  ResidentSetSize of job (KB)
...
006 (34567726.000.000) 2021-09-17 09:45:03 Image size of job updated: 1687
	1687  -  MemoryUsage of job (MB)
	1728472  -  ResidentSetSize of job (KB)
...
006 (34567726.000.000) 2021-09-17 09:46:05 Image size of job updated: 1688
	1688  -  MemoryUsage of job (MB)
	1728540  -  ResidentSetSize of job (KB)
...
006 (34567726.000.000) 2021-09-17 09:47:05 Image size of job updated: 1688
	1688  -  MemoryUsage of job (MB)
	1728548  -  ResidentSetSize of job (KB)
...
006 (34567726.000.000) 2021-09-17 09:48:06 Image size of job updated: 1688
	1688  -  MemoryUsage of job (MB)
	1728572  -  ResidentSetSize of job (KB)
...
006 (34567726.000.000) 2021-09-17 09:49:06 Image size of job updated: 1688
	1688  -  MemoryUsage of job (MB)
	1728596  -  ResidentSetSize of job (KB)
...
006 (34567726.000.000) 2021-09-17 09:50:07 Image size of job updated: 1689
	1689  -  MemoryUsage of job (MB)
	1730432  -  ResidentSetSize of job (KB)
...
006 (34567726.000.000) 2021-09-17 09:51:08 Image size of job updated: 1690
	1690  -  MemoryUsage of job (MB)
	1730560  -  ResidentSetSize of job (KB)
...
006 (34567726.000.000) 2021-09-17 09:52:08 Image size of job updated: 1690
	1690  -  MemoryUsage of job (MB)
	1730712  -  ResidentSetSize of job (KB)
...
006 (34567726.000.000) 2021-09-17 09:53:09 Image size of job updated: 1690
	1690  -  MemoryUsage of job (MB)
	1730776  -  ResidentSetSize of job (KB)
...
006 (34567726.000.000) 2021-09-17 09:54:09 Image size of job updated: 1690
	1690  -  MemoryUsage of job (MB)
	1730824  -  ResidentSetSize of job (KB)
...
006 (34567726.000.000) 2021-09-17 09:55:09 Image size of job updated: 1690
	1690  -  MemoryUsage of job (MB)
	1730880  -  ResidentSetSize of job (KB)
...
006 (34567726.000.000) 2021-09-17 09:56:09 Image size of job updated: 1690
	1690  -  MemoryUsage of job (MB)
	1730908  -  ResidentSetSize of job (KB)
...
006 (34567726.000.000) 2021-09-17 09:57:10 Image size of job updated: 1692
	1692  -  MemoryUsage of job (MB)
	1732764  -  ResidentSetSize of job (KB)
...
006 (34567726.000.000) 2021-09-17 09:58:11 Image size of job updated: 1692
	1692  -  MemoryUsage of job (MB)
	1732964  -  ResidentSetSize of job (KB)
...
006 (34567726.000.000) 2021-09-17 09:59:11 Image size of job updated: 1692
	1692  -  MemoryUsage of job (MB)
	1732984  -  ResidentSetSize of job (KB)
...
006 (34567726.000.000) 2021-09-17 10:00:12 Image size of job updated: 1692
	1692  -  MemoryUsage of job (MB)
	1732996  -  ResidentSetSize of job (KB)
...
006 (34567726.000.000) 2021-09-17 10:01:13 Image size of job updated: 1692
	1692  -  MemoryUsage of job (MB)
	1733092  -  ResidentSetSize of job (KB)
...
006 (34567726.000.000) 2021-09-17 10:02:13 Image size of job updated: 1692
	1692  -  MemoryUsage of job (MB)
	1733108  -  ResidentSetSize of job (KB)
...
006 (34567726.000.000) 2021-09-17 10:03:14 Image size of job updated: 1693
	1693  -  MemoryUsage of job (MB)
	1734280  -  ResidentSetSize of job (KB)
...
006 (34567726.000.000) 2021-09-17 10:04:15 Image size of job updated: 1693
	1693  -  MemoryUsage of job (MB)
	1734316  -  ResidentSetSize of job (KB)
...
006 (34567726.000.000) 2021-09-17 10:05:16 Image size of job updated: 1693
	1693  -  MemoryUsage of job (MB)
	1734336  -  ResidentSetSize of job (KB)
...
006 (34567726.000.000) 2021-09-17 10:06:16 Image size of job updated: 1693
	1693  -  MemoryUsage of job (MB)
	1734360  -  ResidentSetSize of job (KB)
...
006 (34567726.000.000) 2021-09-17 10:07:16 Image size of job updated: 1693
	1693  -  MemoryUsage of job (MB)
	1734372  -  ResidentSetSize of job (KB)
...
006 (34567726.000.000) 2021-09-17 10:08:17 Image size of job updated: 1693
	1693  -  MemoryUsage of job (MB)
	1734380  -  ResidentSetSize of job (KB)
...
006 (34567726.000.000) 2021-09-17 10:09:19 Image size of job updated: 1693
	1693  -  MemoryUsage of job (MB)
	1734392  -  ResidentSetSize of job (KB)
...
006 (34567726.000.000) 2021-09-17 10:10:19 Image size of job updated: 1693
	1693  -  MemoryUsage of job (MB)
	1734404  -  ResidentSetSize of job (KB)
...
006 (34567726.000.000) 2021-09-17 10:11:19 Image size of job updated: 1694
	1694  -  MemoryUsage of job (MB)
	1735492  -  ResidentSetSize of job (KB)
...
006 (34567726.000.000) 2021-09-17 10:12:19 Image size of job updated: 1694
	1694  -  MemoryUsage of job (MB)
	1735512  -  ResidentSetSize of job (KB)
...
006 (34567726.000.000) 2021-09-17 10:13:20 Image size of job updated: 1694
	1694  -  MemoryUsage of job (MB)
	1735560  -  ResidentSetSize of job (KB)
...
006 (34567726.000.000) 2021-09-17 10:14:22 Image size of job updated: 1694
	1694  -  MemoryUsage of job (MB)
	1735640  -  ResidentSetSize of job (KB)
...
006 (34567726.000.000) 2021-09-17 10:15:22 Image size of job updated: 1694
	1694  -  MemoryUsage of job (MB)
	1735668  -  ResidentSetSize of job (KB)
...
006 (34567726.000.000) 2021-09-17 10:16:22 Image size of job updated: 1696
	1696  -  MemoryUsage of job (MB)
	1736856  -  ResidentSetSize of job (KB)
...
006 (34567726.000.000) 2021-09-17 10:17:22 Image size of job updated: 1696
	1696  -  MemoryUsage of job (MB)
	1736868  -  ResidentSetSize of job (KB)
...
006 (34567726.000.000) 2021-09-17 10:18:23 Image size of job updated: 1696
	1696  -  MemoryUsage of job (MB)
	1736888  -  ResidentSetSize of job (KB)
...
006 (34567726.000.000) 2021-09-17 10:19:24 Image size of job updated: 1696
	1696  -  MemoryUsage of job (MB)
	1736896  -  ResidentSetSize of job (KB)
...
006 (34567726.000.000) 2021-09-17 10:20:24 Image size of job updated: 1696
	1696  -  MemoryUsage of job (MB)
	1736916  -  ResidentSetSize of job (KB)
...
006 (34567726.000.000) 2021-09-17 10:21:25 Image size of job updated: 1696
	1696  -  MemoryUsage of job (MB)
	1736924  -  ResidentSetSize of job (KB)
...
006 (34567726.000.000) 2021-09-17 10:22:26 Image size of job updated: 1696
	1696  -  MemoryUsage of job (MB)
	1736964  -  ResidentSetSize of job (KB)
...
006 (34567726.000.000) 2021-09-17 10:23:26 Image size of job updated: 1696
	1696  -  MemoryUsage of job (MB)
	1736972  -  ResidentSetSize of job (KB)
...
006 (34567726.000.000) 2021-09-17 10:24:26 Image size of job updated: 1696
	1696  -  MemoryUsage of job (MB)
	1737492  -  ResidentSetSize of job (KB)
...
006 (34567726.000.000) 2021-09-17 10:25:26 Image size of job updated: 1696
	1696  -  MemoryUsage of job (MB)
	1737508  -  ResidentSetSize of job (KB)
...
006 (34567726.000.000) 2021-09-17 10:26:27 Image size of job updated: 1696
	1696  -  MemoryUsage of job (MB)
	1737524  -  ResidentSetSize of job (KB)
...
006 (34567726.000.000) 2021-09-17 10:27:29 Image size of job updated: 1696
	1696  -  MemoryUsage of job (MB)
	1737536  -  ResidentSetSize of job (KB)
...
006 (34567726.000.000) 2021-09-17 10:28:29 Image size of job updated: 1696
	1696  -  MemoryUsage of job (MB)
	1737552  -  ResidentSetSize of job (KB)
...
006 (34567726.000.000) 2021-09-17 10:29:29 Image size of job updated: 1696
	1696  -  MemoryUsage of job (MB)
	1737560  -  ResidentSetSize of job (KB)
...
006 (34567726.000.000) 2021-09-17 10:30:30 Image size of job updated: 1697
	1697  -  MemoryUsage of job (MB)
	1737920  -  ResidentSetSize of job (KB)
...
006 (34567726.000.000) 2021-09-17 10:33:31 Image size of job updated: 1697
	1697  -  MemoryUsage of job (MB)
	1737924  -  ResidentSetSize of job (KB)
...
006 (34567726.000.000) 2021-09-17 10:37:32 Image size of job updated: 1697
	1697  -  MemoryUsage of job (MB)
	1738136  -  ResidentSetSize of job (KB)
...
006 (34567726.000.000) 2021-09-17 10:38:34 Image size of job updated: 1697
	1697  -  MemoryUsage of job (MB)
	1738140  -  ResidentSetSize of job (KB)
...
006 (34567726.000.000) 2021-09-17 10:40:35 Image size of job updated: 1697
	1697  -  MemoryUsage of job (MB)
	1738240  -  ResidentSetSize of job (KB)
...
006 (34567726.000.000) 2021-09-17 10:41:36 Image size of job updated: 1697
	1697  -  MemoryUsage of job (MB)
	1738248  -  ResidentSetSize of job (KB)
...
006 (34567726.000.000) 2021-09-17 10:43:37 Image size of job updated: 1698
	1698  -  MemoryUsage of job (MB)
	1738984  -  ResidentSetSize of job (KB)
...
006 (34567726.000.000) 2021-09-17 10:45:38 Image size of job updated: 1698
	1698  -  MemoryUsage of job (MB)
	1738988  -  ResidentSetSize of job (KB)
...
006 (34567726.000.000) 2021-09-17 10:46:39 Image size of job updated: 1698
	1698  -  MemoryUsage of job (MB)
	1738992  -  ResidentSetSize of job (KB)
...
006 (34567726.000.000) 2021-09-17 10:48:40 Image size of job updated: 1698
	1698  -  MemoryUsage of job (MB)
	1739004  -  ResidentSetSize of job (KB)
...
006 (34567726.000.000) 2021-09-17 10:49:41 Image size of job updated: 1698
	1698  -  MemoryUsage of job (MB)
	1739008  -  ResidentSetSize of job (KB)
...
006 (34567726.000.000) 2021-09-17 10:50:42 Image size of job updated: 1698
	1698  -  MemoryUsage of job (MB)
	1739144  -  ResidentSetSize of job (KB)
...
006 (34567726.000.000) 2021-09-17 10:51:42 Image size of job updated: 1698
	1698  -  MemoryUsage of job (MB)
	1739172  -  ResidentSetSize of job (KB)
...
006 (34567726.000.000) 2021-09-17 10:53:44 Image size of job updated: 1698
	1698  -  MemoryUsage of job (MB)
	1739204  -  ResidentSetSize of job (KB)
...
006 (34567726.000.000) 2021-09-17 10:54:45 Image size of job updated: 1698
	1698  -  MemoryUsage of job (MB)
	1739276  -  ResidentSetSize of job (KB)
...
006 (34567726.000.000) 2021-09-17 10:55:45 Image size of job updated: 1698
	1698  -  MemoryUsage of job (MB)
	1739296  -  ResidentSetSize of job (KB)
...
006 (34567726.000.000) 2021-09-17 10:56:46 Image size of job updated: 1700
	1700  -  MemoryUsage of job (MB)
	1740972  -  ResidentSetSize of job (KB)
...
006 (34567726.000.000) 2021-09-17 10:57:47 Image size of job updated: 1700
	1700  -  MemoryUsage of job (MB)
	1741332  -  ResidentSetSize of job (KB)
...
006 (34567726.000.000) 2021-09-17 10:58:47 Image size of job updated: 1700
	1700  -  MemoryUsage of job (MB)
	1741816  -  ResidentSetSize of job (KB)
...
006 (34567726.000.000) 2021-09-17 10:59:47 Image size of job updated: 1701
	1701  -  MemoryUsage of job (MB)
	1741976  -  ResidentSetSize of job (KB)
...
006 (34567726.000.000) 2021-09-17 11:00:48 Image size of job updated: 1701
	1701  -  MemoryUsage of job (MB)
	1742796  -  ResidentSetSize of job (KB)
...
006 (34567726.000.000) 2021-09-17 11:01:49 Image size of job updated: 1702
	1702  -  MemoryUsage of job (MB)
	1743032  -  ResidentSetSize of job (KB)
...
006 (34567726.000.000) 2021-09-17 11:02:50 Image size of job updated: 1702
	1702  -  MemoryUsage of job (MB)
	1743272  -  ResidentSetSize of job (KB)
...
006 (34567726.000.000) 2021-09-17 11:03:53 Image size of job updated: 1702
	1702  -  MemoryUsage of job (MB)
	1743364  -  ResidentSetSize of job (KB)
...
006 (34567726.000.000) 2021-09-17 11:04:54 Image size of job updated: 1702
	1702  -  MemoryUsage of job (MB)
	1743756  -  ResidentSetSize of job (KB)
...
006 (34567726.000.000) 2021-09-17 11:05:55 Image size of job updated: 1702
	1702  -  MemoryUsage of job (MB)
	1743856  -  ResidentSetSize of job (KB)
...
006 (34567726.000.000) 2021-09-17 11:06:55 Image size of job updated: 1703
	1703  -  MemoryUsage of job (MB)
	1743908  -  ResidentSetSize of job (KB)
...
006 (34567726.000.000) 2021-09-17 11:07:58 Image size of job updated: 1703
	1703  -  MemoryUsage of job (MB)
	1743972  -  ResidentSetSize of job (KB)
...
006 (34567726.000.000) 2021-09-17 11:08:58 Image size of job updated: 1703
	1703  -  MemoryUsage of job (MB)
	1744340  -  ResidentSetSize of job (KB)
...
006 (34567726.000.000) 2021-09-17 11:09:58 Image size of job updated: 1703
	1703  -  MemoryUsage of job (MB)
	1744360  -  ResidentSetSize of job (KB)
...
006 (34567726.000.000) 2021-09-17 11:10:58 Image size of job updated: 1703
	1703  -  MemoryUsage of job (MB)
	1744380  -  ResidentSetSize of job (KB)
...
006 (34567726.000.000) 2021-09-17 11:11:59 Image size of job updated: 1703
	1703  -  MemoryUsage of job (MB)
	1744584  -  ResidentSetSize of job (KB)
...
006 (34567726.000.000) 2021-09-17 11:13:00 Image size of job updated: 1703
	1703  -  MemoryUsage of job (MB)
	1744712  -  ResidentSetSize of job (KB)
...
006 (34567726.000.000) 2021-09-17 11:14:01 Image size of job updated: 1703
	1703  -  MemoryUsage of job (MB)
	1744792  -  ResidentSetSize of job (KB)
...
006 (34567726.000.000) 2021-09-17 11:15:02 Image size of job updated: 1703
	1703  -  MemoryUsage of job (MB)
	1744872  -  ResidentSetSize of job (KB)
...
006 (34567726.000.000) 2021-09-17 11:16:04 Image size of job updated: 1704
	1704  -  MemoryUsage of job (MB)
	1744984  -  ResidentSetSize of job (KB)
...
006 (34567726.000.000) 2021-09-17 11:17:04 Image size of job updated: 1704
	1704  -  MemoryUsage of job (MB)
	1745028  -  ResidentSetSize of job (KB)
...
006 (34567726.000.000) 2021-09-17 11:18:05 Image size of job updated: 1704
	1704  -  MemoryUsage of job (MB)
	1745156  -  ResidentSetSize of job (KB)
...
006 (34567726.000.000) 2021-09-17 11:19:05 Image size of job updated: 1704
	1704  -  MemoryUsage of job (MB)
	1745216  -  ResidentSetSize of job (KB)
...
006 (34567726.000.000) 2021-09-17 11:20:06 Image size of job updated: 1704
	1704  -  MemoryUsage of job (MB)
	1745236  -  ResidentSetSize of job (KB)
...
006 (34567726.000.000) 2021-09-17 11:21:06 Image size of job updated: 1704
	1704  -  MemoryUsage of job (MB)
	1745260  -  ResidentSetSize of job (KB)
...
006 (34567726.000.000) 2021-09-17 11:22:07 Image size of job updated: 1704
	1704  -  MemoryUsage of job (MB)
	1745372  -  ResidentSetSize of job (KB)
...
006 (34567726.000.000) 2021-09-17 11:26:10 Image size of job updated: 1704
	1704  -  MemoryUsage of job (MB)
	1745376  -  ResidentSetSize of job (KB)
...
006 (34567726.000.000) 2021-09-17 11:27:11 Image size of job updated: 1704
	1704  -  MemoryUsage of job (MB)
	1745380  -  ResidentSetSize of job (KB)
...
006 (34567726.000.000) 2021-09-17 11:28:11 Image size of job updated: 1704
	1704  -  MemoryUsage of job (MB)
	1745424  -  ResidentSetSize of job (KB)
...
006 (34567726.000.000) 2021-09-17 11:32:14 Image size of job updated: 1704
	1704  -  MemoryUsage of job (MB)
	1745432  -  ResidentSetSize of job (KB)
...
006 (34567726.000.000) 2021-09-17 11:33:14 Image size of job updated: 1704
	1704  -  MemoryUsage of job (MB)
	1745436  -  ResidentSetSize of job (KB)
...
006 (34567726.000.000) 2021-09-17 11:34:15 Image size of job updated: 1704
	1704  -  MemoryUsage of job (MB)
	1745496  -  ResidentSetSize of job (KB)
...
006 (34567726.000.000) 2021-09-17 11:35:15 Image size of job updated: 1704
	1704  -  MemoryUsage of job (MB)
	1745504  -  ResidentSetSize of job (KB)
...
006 (34567726.000.000) 2021-09-17 11:36:17 Image size of job updated: 1704
	1704  -  MemoryUsage of job (MB)
	1745540  -  ResidentSetSize of job (KB)
...
006 (34567726.000.000) 2021-09-17 11:37:18 Image size of job updated: 1704
	1704  -  MemoryUsage of job (MB)
	1745552  -  ResidentSetSize of job (KB)
...
006 (34567726.000.000) 2021-09-17 11:38:18 Image size of job updated: 1704
	1704  -  MemoryUsage of job (MB)
	1745556  -  ResidentSetSize of job (KB)
...
006 (34567726.000.000) 2021-09-17 11:39:18 Image size of job updated: 1704
	1704  -  MemoryUsage of job (MB)
	1745760  -  ResidentSetSize of job (KB)
...
006 (34567726.000.000) 2021-09-17 11:40:19 Image size of job updated: 1704
	1704  -  MemoryUsage of job (MB)
	1745788  -  ResidentSetSize of job (KB)
...
006 (34567726.000.000) 2021-09-17 11:41:19 Image size of job updated: 1704
	1704  -  MemoryUsage of job (MB)
	1745796  -  ResidentSetSize of job (KB)
...
006 (34567726.000.000) 2021-09-17 11:42:19 Image size of job updated: 1704
	1704  -  MemoryUsage of job (MB)
	1745816  -  ResidentSetSize of job (KB)
...
006 (34567726.000.000) 2021-09-17 11:43:20 Image size of job updated: 1704
	1704  -  MemoryUsage of job (MB)
	1745820  -  ResidentSetSize of job (KB)
...
006 (34567726.000.000) 2021-09-17 11:44:21 Image size of job updated: 1704
	1704  -  MemoryUsage of job (MB)
	1745832  -  ResidentSetSize of job (KB)
...
006 (34567726.000.000) 2021-09-17 11:45:21 Image size of job updated: 1706
	1706  -  MemoryUsage of job (MB)
	1747320  -  ResidentSetSize of job (KB)
...
006 (34567726.000.000) 2021-09-17 11:46:21 Image size of job updated: 1706
	1706  -  MemoryUsage of job (MB)
	1747468  -  ResidentSetSize of job (KB)
...
006 (34567726.000.000) 2021-09-17 11:47:22 Image size of job updated: 1706
	1706  -  MemoryUsage of job (MB)
	1747612  -  ResidentSetSize of job (KB)
...
006 (34567726.000.000) 2021-09-17 11:48:23 Image size of job updated: 1706
	1706  -  MemoryUsage of job (MB)
	1747808  -  ResidentSetSize of job (KB)
...
006 (34567726.000.000) 2021-09-17 11:49:24 Image size of job updated: 1707
	1707  -  MemoryUsage of job (MB)
	1747972  -  ResidentSetSize of job (KB)
...
006 (34567726.000.000) 2021-09-17 11:50:24 Image size of job updated: 1707
	1707  -  MemoryUsage of job (MB)
	1748116  -  ResidentSetSize of job (KB)
...
006 (34567726.000.000) 2021-09-17 11:51:26 Image size of job updated: 1707
	1707  -  MemoryUsage of job (MB)
	1748688  -  ResidentSetSize of job (KB)
...
006 (34567726.000.000) 2021-09-17 11:52:26 Image size of job updated: 1707
	1707  -  MemoryUsage of job (MB)
	1748712  -  ResidentSetSize of job (KB)
...
006 (34567726.000.000) 2021-09-17 11:53:26 Image size of job updated: 1709
	1709  -  MemoryUsage of job (MB)
	1750064  -  ResidentSetSize of job (KB)
...
006 (34567726.000.000) 2021-09-17 11:54:26 Image size of job updated: 1709
	1709  -  MemoryUsage of job (MB)
	1750204  -  ResidentSetSize of job (KB)
...
006 (34567726.000.000) 2021-09-17 11:55:27 Image size of job updated: 1709
	1709  -  MemoryUsage of job (MB)
	1750264  -  ResidentSetSize of job (KB)
...
006 (34567726.000.000) 2021-09-17 11:56:28 Image size of job updated: 1709
	1709  -  MemoryUsage of job (MB)
	1750360  -  ResidentSetSize of job (KB)
...
006 (34567726.000.000) 2021-09-17 11:57:29 Image size of job updated: 1709
	1709  -  MemoryUsage of job (MB)
	1750432  -  ResidentSetSize of job (KB)
...
006 (34567726.000.000) 2021-09-17 11:58:30 Image size of job updated: 1709
	1709  -  MemoryUsage of job (MB)
	1750456  -  ResidentSetSize of job (KB)
...
006 (34567726.000.000) 2021-09-17 11:59:32 Image size of job updated: 1710
	1710  -  MemoryUsage of job (MB)
	1751352  -  ResidentSetSize of job (KB)
...
006 (34567726.000.000) 2021-09-17 12:00:32 Image size of job updated: 1710
	1710  -  MemoryUsage of job (MB)
	1751436  -  ResidentSetSize of job (KB)
...
006 (34567726.000.000) 2021-09-17 12:01:32 Image size of job updated: 1710
	1710  -  MemoryUsage of job (MB)
	1751544  -  ResidentSetSize of job (KB)
...
006 (34567726.000.000) 2021-09-17 12:02:33 Image size of job updated: 1710
	1710  -  MemoryUsage of job (MB)
	1751648  -  ResidentSetSize of job (KB)
...
006 (34567726.000.000) 2021-09-17 12:03:33 Image size of job updated: 1710
	1710  -  MemoryUsage of job (MB)
	1751684  -  ResidentSetSize of job (KB)
...
006 (34567726.000.000) 2021-09-17 12:04:33 Image size of job updated: 1710
	1710  -  MemoryUsage of job (MB)
	1751772  -  ResidentSetSize of job (KB)
...
006 (34567726.000.000) 2021-09-17 12:05:34 Image size of job updated: 1710
	1710  -  MemoryUsage of job (MB)
	1751784  -  ResidentSetSize of job (KB)
...
006 (34567726.000.000) 2021-09-17 12:06:35 Image size of job updated: 1710
	1710  -  MemoryUsage of job (MB)
	1751856  -  ResidentSetSize of job (KB)
...
006 (34567726.000.000) 2021-09-17 12:07:35 Image size of job updated: 1710
	1710  -  MemoryUsage of job (MB)
	1751872  -  ResidentSetSize of job (KB)
...
006 (34567726.000.000) 2021-09-17 12:08:36 Image size of job updated: 1710
	1710  -  MemoryUsage of job (MB)
	1751896  -  ResidentSetSize of job (KB)
...
006 (34567726.000.000) 2021-09-17 12:09:37 Image size of job updated: 1710
	1710  -  MemoryUsage of job (MB)
	1751916  -  ResidentSetSize of job (KB)
...
006 (34567726.000.000) 2021-09-17 12:10:39 Image size of job updated: 1710
	1710  -  MemoryUsage of job (MB)
	1751984  -  ResidentSetSize of job (KB)
...
006 (34567726.000.000) 2021-09-17 12:11:39 Image size of job updated: 1710
	1710  -  MemoryUsage of job (MB)
	1751996  -  ResidentSetSize of job (KB)
...
006 (34567726.000.000) 2021-09-17 12:12:40 Image size of job updated: 1711
	1711  -  MemoryUsage of job (MB)
	1752772  -  ResidentSetSize of job (KB)
...
006 (34567726.000.000) 2021-09-17 12:13:40 Image size of job updated: 1711
	1711  -  MemoryUsage of job (MB)
	1752808  -  ResidentSetSize of job (KB)
...
006 (34567726.000.000) 2021-09-17 12:14:40 Image size of job updated: 1711
	1711  -  MemoryUsage of job (MB)
	1752868  -  ResidentSetSize of job (KB)
...
006 (34567726.000.000) 2021-09-17 12:15:40 Image size of job updated: 1711
	1711  -  MemoryUsage of job (MB)
	1752896  -  ResidentSetSize of job (KB)
...
006 (34567726.000.000) 2021-09-17 12:16:40 Image size of job updated: 1711
	1711  -  MemoryUsage of job (MB)
	1752912  -  ResidentSetSize of job (KB)
...
006 (34567726.000.000) 2021-09-17 12:17:41 Image size of job updated: 1711
	1711  -  MemoryUsage of job (MB)
	1752964  -  ResidentSetSize of job (KB)
...
006 (34567726.000.000) 2021-09-17 12:18:42 Image size of job updated: 1711
	1711  -  MemoryUsage of job (MB)
	1752972  -  ResidentSetSize of job (KB)
...
006 (34567726.000.000) 2021-09-17 12:19:43 Image size of job updated: 1711
	1711  -  MemoryUsage of job (MB)
	1752984  -  ResidentSetSize of job (KB)
...
006 (34567726.000.000) 2021-09-17 12:20:43 Image size of job updated: 1711
	1711  -  MemoryUsage of job (MB)
	1753052  -  ResidentSetSize of job (KB)
...
006 (34567726.000.000) 2021-09-17 12:21:44 Image size of job updated: 1711
	1711  -  MemoryUsage of job (MB)
	1753064  -  ResidentSetSize of job (KB)
...
006 (34567726.000.000) 2021-09-17 12:22:45 Image size of job updated: 1712
	1712  -  MemoryUsage of job (MB)
	1753092  -  ResidentSetSize of job (KB)
...
006 (34567726.000.000) 2021-09-17 12:23:45 Image size of job updated: 1712
	1712  -  MemoryUsage of job (MB)
	1753104  -  ResidentSetSize of job (KB)
...
006 (34567726.000.000) 2021-09-17 12:24:45 Image size of job updated: 1712
	1712  -  MemoryUsage of job (MB)
	1753112  -  ResidentSetSize of job (KB)
...
006 (34567726.000.000) 2021-09-17 12:25:46 Image size of job updated: 1712
	1712  -  MemoryUsage of job (MB)
	1753508  -  ResidentSetSize of job (KB)
...
006 (34567726.000.000) 2021-09-17 12:26:47 Image size of job updated: 1712
	1712  -  MemoryUsage of job (MB)
	1753520  -  ResidentSetSize of job (KB)
...
006 (34567726.000.000) 2021-09-17 12:28:48 Image size of job updated: 1712
	1712  -  MemoryUsage of job (MB)
	1753540  -  ResidentSetSize of job (KB)
...
006 (34567726.000.000) 2021-09-17 12:29:49 Image size of job updated: 1712
	1712  -  MemoryUsage of job (MB)
	1753556  -  ResidentSetSize of job (KB)
...
006 (34567726.000.000) 2021-09-17 12:31:51 Image size of job updated: 1712
	1712  -  MemoryUsage of job (MB)
	1753560  -  ResidentSetSize of job (KB)
...
006 (34567726.000.000) 2021-09-17 12:33:52 Image size of job updated: 1712
	1712  -  MemoryUsage of job (MB)
	1753676  -  ResidentSetSize of job (KB)
...
006 (34567726.000.000) 2021-09-17 12:34:52 Image size of job updated: 1712
	1712  -  MemoryUsage of job (MB)
	1753684  -  ResidentSetSize of job (KB)
...
006 (34567726.000.000) 2021-09-17 12:35:53 Image size of job updated: 1712
	1712  -  MemoryUsage of job (MB)
	1753688  -  ResidentSetSize of job (KB)
...
006 (34567726.000.000) 2021-09-17 12:36:53 Image size of job updated: 1712
	1712  -  MemoryUsage of job (MB)
	1753692  -  ResidentSetSize of job (KB)
...
006 (34567726.000.000) 2021-09-17 12:38:53 Image size of job updated: 1712
	1712  -  MemoryUsage of job (MB)
	1753696  -  ResidentSetSize of job (KB)
...
006 (34567726.000.000) 2021-09-17 12:39:54 Image size of job updated: 1712
	1712  -  MemoryUsage of job (MB)
	1754108  -  ResidentSetSize of job (KB)
...
006 (34567726.000.000) 2021-09-17 12:40:54 Image size of job updated: 1713
	1713  -  MemoryUsage of job (MB)
	1754120  -  ResidentSetSize of job (KB)
...
006 (34567726.000.000) 2021-09-17 12:41:54 Image size of job updated: 1713
	1713  -  MemoryUsage of job (MB)
	1754136  -  ResidentSetSize of job (KB)
...
006 (34567726.000.000) 2021-09-17 12:42:55 Image size of job updated: 1713
	1713  -  MemoryUsage of job (MB)
	1754156  -  ResidentSetSize of job (KB)
...
006 (34567726.000.000) 2021-09-17 12:43:56 Image size of job updated: 1713
	1713  -  MemoryUsage of job (MB)
	1754164  -  ResidentSetSize of job (KB)
...
006 (34567726.000.000) 2021-09-17 12:44:56 Image size of job updated: 1713
	1713  -  MemoryUsage of job (MB)
	1754168  -  ResidentSetSize of job (KB)
...
006 (34567726.000.000) 2021-09-17 12:45:57 Image size of job updated: 1713
	1713  -  MemoryUsage of job (MB)
	1754184  -  ResidentSetSize of job (KB)
...
006 (34567726.000.000) 2021-09-17 12:46:57 Image size of job updated: 1713
	1713  -  MemoryUsage of job (MB)
	1754192  -  ResidentSetSize of job (KB)
...
006 (34567726.000.000) 2021-09-17 12:48:59 Image size of job updated: 1713
	1713  -  MemoryUsage of job (MB)
	1754204  -  ResidentSetSize of job (KB)
...
006 (34567726.000.000) 2021-09-17 12:51:01 Image size of job updated: 1713
	1713  -  MemoryUsage of job (MB)
	1754248  -  ResidentSetSize of job (KB)
...
006 (34567726.000.000) 2021-09-17 12:52:01 Image size of job updated: 1713
	1713  -  MemoryUsage of job (MB)
	1754268  -  ResidentSetSize of job (KB)
...
006 (34567726.000.000) 2021-09-17 12:53:02 Image size of job updated: 1713
	1713  -  MemoryUsage of job (MB)
	1754820  -  ResidentSetSize of job (KB)
...
006 (34567726.000.000) 2021-09-17 12:54:03 Image size of job updated: 1713
	1713  -  MemoryUsage of job (MB)
	1754836  -  ResidentSetSize of job (KB)
...
006 (34567726.000.000) 2021-09-17 12:55:03 Image size of job updated: 1713
	1713  -  MemoryUsage of job (MB)
	1754928  -  ResidentSetSize of job (KB)
...
006 (34567726.000.000) 2021-09-17 12:56:04 Image size of job updated: 1713
	1713  -  MemoryUsage of job (MB)
	1754980  -  ResidentSetSize of job (KB)
...
006 (34567726.000.000) 2021-09-17 12:57:04 Image size of job updated: 1713
	1713  -  MemoryUsage of job (MB)
	1754992  -  ResidentSetSize of job (KB)
...
006 (34567726.000.000) 2021-09-17 12:58:04 Image size of job updated: 1713
	1713  -  MemoryUsage of job (MB)
	1755024  -  ResidentSetSize of job (KB)
...
006 (34567726.000.000) 2021-09-17 12:59:05 Image size of job updated: 1713
	1713  -  MemoryUsage of job (MB)
	1755028  -  ResidentSetSize of job (KB)
...
006 (34567726.000.000) 2021-09-17 13:00:06 Image size of job updated: 1713
	1713  -  MemoryUsage of job (MB)
	1755044  -  ResidentSetSize of job (KB)
...
006 (34567726.000.000) 2021-09-17 13:01:06 Image size of job updated: 1713
	1713  -  MemoryUsage of job (MB)
	1755104  -  ResidentSetSize of job (KB)
...
006 (34567726.000.000) 2021-09-17 13:02:06 Image size of job updated: 1714
	1714  -  MemoryUsage of job (MB)
	1755772  -  ResidentSetSize of job (KB)
...
006 (34567726.000.000) 2021-09-17 13:03:07 Image size of job updated: 1714
	1714  -  MemoryUsage of job (MB)
	1755816  -  ResidentSetSize of job (KB)
...
006 (34567726.000.000) 2021-09-17 13:04:08 Image size of job updated: 1714
	1714  -  MemoryUsage of job (MB)
	1755848  -  ResidentSetSize of job (KB)
...
006 (34567726.000.000) 2021-09-17 13:05:09 Image size of job updated: 1714
	1714  -  MemoryUsage of job (MB)
	1755884  -  ResidentSetSize of job (KB)
...
006 (34567726.000.000) 2021-09-17 13:06:09 Image size of job updated: 1714
	1714  -  MemoryUsage of job (MB)
	1755896  -  ResidentSetSize of job (KB)
...
006 (34567726.000.000) 2021-09-17 13:07:09 Image size of job updated: 1714
	1714  -  MemoryUsage of job (MB)
	1756060  -  ResidentSetSize of job (KB)
...
006 (34567726.000.000) 2021-09-17 13:08:09 Image size of job updated: 1714
	1714  -  MemoryUsage of job (MB)
	1756064  -  ResidentSetSize of job (KB)
...
006 (34567726.000.000) 2021-09-17 13:09:10 Image size of job updated: 1714
	1714  -  MemoryUsage of job (MB)
	1756132  -  ResidentSetSize of job (KB)
...
006 (34567726.000.000) 2021-09-17 13:10:10 Image size of job updated: 1715
	1715  -  MemoryUsage of job (MB)
	1756612  -  ResidentSetSize of job (KB)
...
006 (34567726.000.000) 2021-09-17 13:11:10 Image size of job updated: 1715
	1715  -  MemoryUsage of job (MB)
	1756616  -  ResidentSetSize of job (KB)
...
006 (34567726.000.000) 2021-09-17 13:12:11 Image size of job updated: 1715
	1715  -  MemoryUsage of job (MB)
	1756620  -  ResidentSetSize of job (KB)
...
006 (34567726.000.000) 2021-09-17 13:15:12 Image size of job updated: 1715
	1715  -  MemoryUsage of job (MB)
	1756660  -  ResidentSetSize of job (KB)
...
006 (34567726.000.000) 2021-09-17 13:19:15 Image size of job updated: 1715
	1715  -  MemoryUsage of job (MB)
	1756748  -  ResidentSetSize of job (KB)
...
006 (34567726.000.000) 2021-09-17 13:24:19 Image size of job updated: 1715
	1715  -  MemoryUsage of job (MB)
	1756864  -  ResidentSetSize of job (KB)
...
006 (34567726.000.000) 2021-09-17 13:26:20 Image size of job updated: 1715
	1715  -  MemoryUsage of job (MB)
	1756952  -  ResidentSetSize of job (KB)
...
006 (34567726.000.000) 2021-09-17 13:27:21 Image size of job updated: 1716
	1716  -  MemoryUsage of job (MB)
	1757420  -  ResidentSetSize of job (KB)
...
006 (34567726.000.000) 2021-09-17 13:29:22 Image size of job updated: 1716
	1716  -  MemoryUsage of job (MB)
	1757448  -  ResidentSetSize of job (KB)
...
006 (34567726.000.000) 2021-09-17 13:32:24 Image size of job updated: 1716
	1716  -  MemoryUsage of job (MB)
	1757464  -  ResidentSetSize of job (KB)
...
006 (34567726.000.000) 2021-09-17 13:35:26 Image size of job updated: 1716
	1716  -  MemoryUsage of job (MB)
	1757856  -  ResidentSetSize of job (KB)
...
006 (34567726.000.000) 2021-09-17 13:37:27 Image size of job updated: 1716
	1716  -  MemoryUsage of job (MB)
	1757860  -  ResidentSetSize of job (KB)
...
006 (34567726.000.000) 2021-09-17 13:38:28 Image size of job updated: 1716
	1716  -  MemoryUsage of job (MB)
	1757864  -  ResidentSetSize of job (KB)
...
006 (34567726.000.000) 2021-09-17 13:39:29 Image size of job updated: 1716
	1716  -  MemoryUsage of job (MB)
	1757872  -  ResidentSetSize of job (KB)
...
006 (34567726.000.000) 2021-09-17 13:40:29 Image size of job updated: 1717
	1717  -  MemoryUsage of job (MB)
	1758752  -  ResidentSetSize of job (KB)
...
006 (34567726.000.000) 2021-09-17 13:42:31 Image size of job updated: 1717
	1717  -  MemoryUsage of job (MB)
	1758836  -  ResidentSetSize of job (KB)
...
006 (34567726.000.000) 2021-09-17 13:43:32 Image size of job updated: 1717
	1717  -  MemoryUsage of job (MB)
	1758848  -  ResidentSetSize of job (KB)
...
006 (34567726.000.000) 2021-09-17 13:44:32 Image size of job updated: 1718
	1718  -  MemoryUsage of job (MB)
	1759480  -  ResidentSetSize of job (KB)
...
006 (34567726.000.000) 2021-09-17 13:45:32 Image size of job updated: 1718
	1718  -  MemoryUsage of job (MB)
	1759496  -  ResidentSetSize of job (KB)
...
006 (34567726.000.000) 2021-09-17 13:46:32 Image size of job updated: 1718
	1718  -  MemoryUsage of job (MB)
	1759508  -  ResidentSetSize of job (KB)
...
006 (34567726.000.000) 2021-09-17 13:49:33 Image size of job updated: 1718
	1718  -  MemoryUsage of job (MB)
	1759816  -  ResidentSetSize of job (KB)
...
006 (34567726.000.000) 2021-09-17 13:52:35 Image size of job updated: 1719
	1719  -  MemoryUsage of job (MB)
	1760364  -  ResidentSetSize of job (KB)
...
006 (34567726.000.000) 2021-09-17 13:54:38 Image size of job updated: 1719
	1719  -  MemoryUsage of job (MB)
	1760368  -  ResidentSetSize of job (KB)
...
006 (34567726.000.000) 2021-09-17 13:57:40 Image size of job updated: 1719
	1719  -  MemoryUsage of job (MB)
	1760528  -  ResidentSetSize of job (KB)
...
006 (34567726.000.000) 2021-09-17 14:01:42 Image size of job updated: 1719
	1719  -  MemoryUsage of job (MB)
	1760548  -  ResidentSetSize of job (KB)
...
006 (34567726.000.000) 2021-09-17 14:02:42 Image size of job updated: 1719
	1719  -  MemoryUsage of job (MB)
	1760552  -  ResidentSetSize of job (KB)
...
006 (34567726.000.000) 2021-09-17 14:04:42 Image size of job updated: 1719
	1719  -  MemoryUsage of job (MB)
	1760560  -  ResidentSetSize of job (KB)
...
006 (34567726.000.000) 2021-09-17 14:05:42 Image size of job updated: 1719
	1719  -  MemoryUsage of job (MB)
	1760772  -  ResidentSetSize of job (KB)
...
006 (34567726.000.000) 2021-09-17 14:06:43 Image size of job updated: 1719
	1719  -  MemoryUsage of job (MB)
	1760776  -  ResidentSetSize of job (KB)
...
006 (34567726.000.000) 2021-09-17 14:08:43 Image size of job updated: 1719
	1719  -  MemoryUsage of job (MB)
	1760832  -  ResidentSetSize of job (KB)
...
006 (34567726.000.000) 2021-09-17 14:09:43 Image size of job updated: 1719
	1719  -  MemoryUsage of job (MB)
	1761236  -  ResidentSetSize of job (KB)
...
006 (34567726.000.000) 2021-09-17 14:14:46 Image size of job updated: 1720
	1720  -  MemoryUsage of job (MB)
	1761288  -  ResidentSetSize of job (KB)
...
006 (34567726.000.000) 2021-09-17 14:17:49 Image size of job updated: 1720
	1720  -  MemoryUsage of job (MB)
	1761608  -  ResidentSetSize of job (KB)
...
006 (34567726.000.000) 2021-09-17 14:18:50 Image size of job updated: 1720
	1720  -  MemoryUsage of job (MB)
	1761616  -  ResidentSetSize of job (KB)
...
006 (34567726.000.000) 2021-09-17 14:19:51 Image size of job updated: 1720
	1720  -  MemoryUsage of job (MB)
	1761624  -  ResidentSetSize of job (KB)
...
006 (34567726.000.000) 2021-09-17 14:20:51 Image size of job updated: 1720
	1720  -  MemoryUsage of job (MB)
	1761632  -  ResidentSetSize of job (KB)
...
006 (34567726.000.000) 2021-09-17 14:21:53 Image size of job updated: 1720
	1720  -  MemoryUsage of job (MB)
	1761644  -  ResidentSetSize of job (KB)
...
006 (34567726.000.000) 2021-09-17 14:23:54 Image size of job updated: 1720
	1720  -  MemoryUsage of job (MB)
	1761648  -  ResidentSetSize of job (KB)
...
006 (34567726.000.000) 2021-09-17 14:27:57 Image size of job updated: 1720
	1720  -  MemoryUsage of job (MB)
	1761652  -  ResidentSetSize of job (KB)
...
006 (34567726.000.000) 2021-09-17 14:28:58 Image size of job updated: 1720
	1720  -  MemoryUsage of job (MB)
	1761668  -  ResidentSetSize of job (KB)
...
006 (34567726.000.000) 2021-09-17 14:34:01 Image size of job updated: 1720
	1720  -  MemoryUsage of job (MB)
	1761672  -  ResidentSetSize of job (KB)
...
006 (34567726.000.000) 2021-09-17 14:41:06 Image size of job updated: 1720
	1720  -  MemoryUsage of job (MB)
	1761676  -  ResidentSetSize of job (KB)
...
006 (34567726.000.000) 2021-09-17 14:42:07 Image size of job updated: 1720
	1720  -  MemoryUsage of job (MB)
	1761700  -  ResidentSetSize of job (KB)
...
006 (34567726.000.000) 2021-09-17 14:43:08 Image size of job updated: 1721
	1721  -  MemoryUsage of job (MB)
	1762664  -  ResidentSetSize of job (KB)
...
006 (34567726.000.000) 2021-09-17 14:44:09 Image size of job updated: 1721
	1721  -  MemoryUsage of job (MB)
	1762864  -  ResidentSetSize of job (KB)
...
006 (34567726.000.000) 2021-09-17 14:45:09 Image size of job updated: 1721
	1721  -  MemoryUsage of job (MB)
	1763048  -  ResidentSetSize of job (KB)
...
006 (34567726.000.000) 2021-09-17 14:46:09 Image size of job updated: 1722
	1722  -  MemoryUsage of job (MB)
	1763604  -  ResidentSetSize of job (KB)
...
006 (34567726.000.000) 2021-09-17 14:47:09 Image size of job updated: 1722
	1722  -  MemoryUsage of job (MB)
	1764344  -  ResidentSetSize of job (KB)
...
006 (34567726.000.000) 2021-09-17 14:48:10 Image size of job updated: 1723
	1723  -  MemoryUsage of job (MB)
	1764464  -  ResidentSetSize of job (KB)
...
006 (34567726.000.000) 2021-09-17 14:49:11 Image size of job updated: 1723
	1723  -  MemoryUsage of job (MB)
	1764604  -  ResidentSetSize of job (KB)
...
006 (34567726.000.000) 2021-09-17 14:50:11 Image size of job updated: 1723
	1723  -  MemoryUsage of job (MB)
	1764624  -  ResidentSetSize of job (KB)
...
006 (34567726.000.000) 2021-09-17 14:51:11 Image size of job updated: 1724
	1724  -  MemoryUsage of job (MB)
	1765500  -  ResidentSetSize of job (KB)
...
006 (34567726.000.000) 2021-09-17 14:52:12 Image size of job updated: 1724
	1724  -  MemoryUsage of job (MB)
	1765556  -  ResidentSetSize of job (KB)
...
006 (34567726.000.000) 2021-09-17 14:53:13 Image size of job updated: 1724
	1724  -  MemoryUsage of job (MB)
	1765600  -  ResidentSetSize of job (KB)
...
006 (34567726.000.000) 2021-09-17 14:54:14 Image size of job updated: 1724
	1724  -  MemoryUsage of job (MB)
	1765624  -  ResidentSetSize of job (KB)
...
006 (34567726.000.000) 2021-09-17 14:55:15 Image size of job updated: 1724
	1724  -  MemoryUsage of job (MB)
	1765648  -  ResidentSetSize of job (KB)
...
006 (34567726.000.000) 2021-09-17 14:56:15 Image size of job updated: 1724
	1724  -  MemoryUsage of job (MB)
	1765688  -  ResidentSetSize of job (KB)
...
006 (34567726.000.000) 2021-09-17 14:57:15 Image size of job updated: 1724
	1724  -  MemoryUsage of job (MB)
	1765720  -  ResidentSetSize of job (KB)
...
006 (34567726.000.000) 2021-09-17 14:58:16 Image size of job updated: 1724
	1724  -  MemoryUsage of job (MB)
	1765792  -  ResidentSetSize of job (KB)
...
006 (34567726.000.000) 2021-09-17 14:59:17 Image size of job updated: 1724
	1724  -  MemoryUsage of job (MB)
	1766280  -  ResidentSetSize of job (KB)
...
006 (34567726.000.000) 2021-09-17 15:00:18 Image size of job updated: 1724
	1724  -  MemoryUsage of job (MB)
	1766312  -  ResidentSetSize of job (KB)
...
006 (34567726.000.000) 2021-09-17 15:01:18 Image size of job updated: 1724
	1724  -  MemoryUsage of job (MB)
	1766352  -  ResidentSetSize of job (KB)
...
006 (34567726.000.000) 2021-09-17 15:02:18 Image size of job updated: 1724
	1724  -  MemoryUsage of job (MB)
	1766364  -  ResidentSetSize of job (KB)
...
006 (34567726.000.000) 2021-09-17 15:03:18 Image size of job updated: 1724
	1724  -  MemoryUsage of job (MB)
	1766392  -  ResidentSetSize of job (KB)
...
006 (34567726.000.000) 2021-09-17 15:04:19 Image size of job updated: 1725
	1725  -  MemoryUsage of job (MB)
	1766420  -  ResidentSetSize of job (KB)
...
006 (34567726.000.000) 2021-09-17 15:05:19 Image size of job updated: 1725
	1725  -  MemoryUsage of job (MB)
	1766440  -  ResidentSetSize of job (KB)
...
006 (34567726.000.000) 2021-09-17 15:06:20 Image size of job updated: 1725
	1725  -  MemoryUsage of job (MB)
	1766464  -  ResidentSetSize of job (KB)
...
006 (34567726.000.000) 2021-09-17 15:07:20 Image size of job updated: 1725
	1725  -  MemoryUsage of job (MB)
	1766676  -  ResidentSetSize of job (KB)
...
006 (34567726.000.000) 2021-09-17 15:12:24 Image size of job updated: 1725
	1725  -  MemoryUsage of job (MB)
	1766852  -  ResidentSetSize of job (KB)
...
006 (34567726.000.000) 2021-09-17 15:13:24 Image size of job updated: 1725
	1725  -  MemoryUsage of job (MB)
	1766856  -  ResidentSetSize of job (KB)
...
006 (34567726.000.000) 2021-09-17 15:14:25 Image size of job updated: 1725
	1725  -  MemoryUsage of job (MB)
	1766928  -  ResidentSetSize of job (KB)
...
006 (34567726.000.000) 2021-09-17 15:15:25 Image size of job updated: 1725
	1725  -  MemoryUsage of job (MB)
	1766972  -  ResidentSetSize of job (KB)
...
006 (34567726.000.000) 2021-09-17 15:16:26 Image size of job updated: 1725
	1725  -  MemoryUsage of job (MB)
	1767412  -  ResidentSetSize of job (KB)
...
006 (34567726.000.000) 2021-09-17 15:21:31 Image size of job updated: 1726
	1726  -  MemoryUsage of job (MB)
	1767428  -  ResidentSetSize of job (KB)
...
006 (34567726.000.000) 2021-09-17 15:22:32 Image size of job updated: 1726
	1726  -  MemoryUsage of job (MB)
	1767440  -  ResidentSetSize of job (KB)
...
006 (34567726.000.000) 2021-09-17 15:23:33 Image size of job updated: 1726
	1726  -  MemoryUsage of job (MB)
	1767448  -  ResidentSetSize of job (KB)
...
006 (34567726.000.000) 2021-09-17 15:24:33 Image size of job updated: 1726
	1726  -  MemoryUsage of job (MB)
	1767716  -  ResidentSetSize of job (KB)
...
006 (34567726.000.000) 2021-09-17 15:28:37 Image size of job updated: 1726
	1726  -  MemoryUsage of job (MB)
	1767800  -  ResidentSetSize of job (KB)
...
006 (34567726.000.000) 2021-09-17 15:29:37 Image size of job updated: 1726
	1726  -  MemoryUsage of job (MB)
	1768004  -  ResidentSetSize of job (KB)
...
006 (34567726.000.000) 2021-09-17 15:31:37 Image size of job updated: 1726
	1726  -  MemoryUsage of job (MB)
	1768072  -  ResidentSetSize of job (KB)
...
006 (34567726.000.000) 2021-09-17 15:32:37 Image size of job updated: 1727
	1727  -  MemoryUsage of job (MB)
	1768480  -  ResidentSetSize of job (KB)
...
006 (34567726.000.000) 2021-09-17 15:39:41 Image size of job updated: 1727
	1727  -  MemoryUsage of job (MB)
	1768528  -  ResidentSetSize of job (KB)
...
006 (34567726.000.000) 2021-09-17 15:41:43 Image size of job updated: 1727
	1727  -  MemoryUsage of job (MB)
	1768936  -  ResidentSetSize of job (KB)
...
006 (34567726.000.000) 2021-09-17 15:42:43 Image size of job updated: 1727
	1727  -  MemoryUsage of job (MB)
	1768944  -  ResidentSetSize of job (KB)
...
006 (34567726.000.000) 2021-09-17 15:43:43 Image size of job updated: 1727
	1727  -  MemoryUsage of job (MB)
	1768952  -  ResidentSetSize of job (KB)
...
006 (34567726.000.000) 2021-09-17 15:45:44 Image size of job updated: 1727
	1727  -  MemoryUsage of job (MB)
	1768956  -  ResidentSetSize of job (KB)
...
006 (34567726.000.000) 2021-09-17 15:46:44 Image size of job updated: 1727
	1727  -  MemoryUsage of job (MB)
	1768960  -  ResidentSetSize of job (KB)
...
006 (34567726.000.000) 2021-09-17 15:49:46 Image size of job updated: 1727
	1727  -  MemoryUsage of job (MB)
	1769064  -  ResidentSetSize of job (KB)
...
006 (34567726.000.000) 2021-09-17 15:50:47 Image size of job updated: 1727
	1727  -  MemoryUsage of job (MB)
	1769092  -  ResidentSetSize of job (KB)
...
006 (34567726.000.000) 2021-09-17 15:51:49 Image size of job updated: 1727
	1727  -  MemoryUsage of job (MB)
	1769164  -  ResidentSetSize of job (KB)
...
006 (34567726.000.000) 2021-09-17 15:52:50 Image size of job updated: 1727
	1727  -  MemoryUsage of job (MB)
	1769256  -  ResidentSetSize of job (KB)
...
006 (34567726.000.000) 2021-09-17 15:53:51 Image size of job updated: 1727
	1727  -  MemoryUsage of job (MB)
	1769264  -  ResidentSetSize of job (KB)
...
006 (34567726.000.000) 2021-09-17 15:54:52 Image size of job updated: 1728
	1728  -  MemoryUsage of job (MB)
	1769616  -  ResidentSetSize of job (KB)
...
006 (34567726.000.000) 2021-09-17 15:55:53 Image size of job updated: 1728
	1728  -  MemoryUsage of job (MB)
	1769656  -  ResidentSetSize of job (KB)
...
006 (34567726.000.000) 2021-09-17 15:56:53 Image size of job updated: 1728
	1728  -  MemoryUsage of job (MB)
	1769720  -  ResidentSetSize of job (KB)
...
006 (34567726.000.000) 2021-09-17 15:57:54 Image size of job updated: 1728
	1728  -  MemoryUsage of job (MB)
	1769724  -  ResidentSetSize of job (KB)
...
006 (34567726.000.000) 2021-09-17 15:58:54 Image size of job updated: 1728
	1728  -  MemoryUsage of job (MB)
	1770088  -  ResidentSetSize of job (KB)
...
006 (34567726.000.000) 2021-09-17 15:59:55 Image size of job updated: 1728
	1728  -  MemoryUsage of job (MB)
	1770124  -  ResidentSetSize of job (KB)
...
006 (34567726.000.000) 2021-09-17 16:00:55 Image size of job updated: 1728
	1728  -  MemoryUsage of job (MB)
	1770132  -  ResidentSetSize of job (KB)
...
006 (34567726.000.000) 2021-09-17 16:01:56 Image size of job updated: 1728
	1728  -  MemoryUsage of job (MB)
	1770144  -  ResidentSetSize of job (KB)
...
006 (34567726.000.000) 2021-09-17 16:02:57 Image size of job updated: 1728
	1728  -  MemoryUsage of job (MB)
	1770148  -  ResidentSetSize of job (KB)
...
006 (34567726.000.000) 2021-09-17 16:06:00 Image size of job updated: 1728
	1728  -  MemoryUsage of job (MB)
	1770152  -  ResidentSetSize of job (KB)
...
006 (34567726.000.000) 2021-09-17 16:07:01 Image size of job updated: 1729
	1729  -  MemoryUsage of job (MB)
	1770504  -  ResidentSetSize of job (KB)
...
006 (34567726.000.000) 2021-09-17 16:08:02 Image size of job updated: 1729
	1729  -  MemoryUsage of job (MB)
	1770516  -  ResidentSetSize of job (KB)
...
006 (34567726.000.000) 2021-09-17 16:09:03 Image size of job updated: 1729
	1729  -  MemoryUsage of job (MB)
	1770544  -  ResidentSetSize of job (KB)
...
006 (34567726.000.000) 2021-09-17 16:10:04 Image size of job updated: 1729
	1729  -  MemoryUsage of job (MB)
	1770588  -  ResidentSetSize of job (KB)
...
006 (34567726.000.000) 2021-09-17 16:11:05 Image size of job updated: 1729
	1729  -  MemoryUsage of job (MB)
	1770632  -  ResidentSetSize of job (KB)
...
006 (34567726.000.000) 2021-09-17 16:12:06 Image size of job updated: 1730
	1730  -  MemoryUsage of job (MB)
	1772292  -  ResidentSetSize of job (KB)
...
006 (34567726.000.000) 2021-09-17 16:13:06 Image size of job updated: 1730
	1730  -  MemoryUsage of job (MB)
	1772300  -  ResidentSetSize of job (KB)
...
006 (34567726.000.000) 2021-09-17 16:14:07 Image size of job updated: 1730
	1730  -  MemoryUsage of job (MB)
	1772304  -  ResidentSetSize of job (KB)
...
006 (34567726.000.000) 2021-09-17 16:15:07 Image size of job updated: 1731
	1731  -  MemoryUsage of job (MB)
	1772596  -  ResidentSetSize of job (KB)
...
006 (34567726.000.000) 2021-09-17 16:17:08 Image size of job updated: 1731
	1731  -  MemoryUsage of job (MB)
	1772600  -  ResidentSetSize of job (KB)
...
006 (34567726.000.000) 2021-09-17 16:20:10 Image size of job updated: 1731
	1731  -  MemoryUsage of job (MB)
	1772676  -  ResidentSetSize of job (KB)
...
006 (34567726.000.000) 2021-09-17 16:23:13 Image size of job updated: 1731
	1731  -  MemoryUsage of job (MB)
	1772680  -  ResidentSetSize of job (KB)
...
006 (34567726.000.000) 2021-09-17 16:24:14 Image size of job updated: 1731
	1731  -  MemoryUsage of job (MB)
	1773136  -  ResidentSetSize of job (KB)
...
006 (34567726.000.000) 2021-09-17 16:28:16 Image size of job updated: 1731
	1731  -  MemoryUsage of job (MB)
	1773260  -  ResidentSetSize of job (KB)
...
006 (34567726.000.000) 2021-09-17 16:32:18 Image size of job updated: 1732
	1732  -  MemoryUsage of job (MB)
	1773804  -  ResidentSetSize of job (KB)
...
006 (34567726.000.000) 2021-09-17 16:37:20 Image size of job updated: 1732
	1732  -  MemoryUsage of job (MB)
	1773820  -  ResidentSetSize of job (KB)
...
006 (34567726.000.000) 2021-09-17 16:38:21 Image size of job updated: 1732
	1732  -  MemoryUsage of job (MB)
	1773824  -  ResidentSetSize of job (KB)
...
006 (34567726.000.000) 2021-09-17 16:39:21 Image size of job updated: 1732
	1732  -  MemoryUsage of job (MB)
	1773888  -  ResidentSetSize of job (KB)
...
006 (34567726.000.000) 2021-09-17 16:40:22 Image size of job updated: 1732
	1732  -  MemoryUsage of job (MB)
	1774288  -  ResidentSetSize of job (KB)
...
006 (34567726.000.000) 2021-09-17 16:41:22 Image size of job updated: 1732
	1732  -  MemoryUsage of job (MB)
	1774292  -  ResidentSetSize of job (KB)
...
006 (34567726.000.000) 2021-09-17 16:49:27 Image size of job updated: 1732
	1732  -  MemoryUsage of job (MB)
	1774400  -  ResidentSetSize of job (KB)
...
006 (34567726.000.000) 2021-09-17 16:54:27 Image size of job updated: 1732
	1732  -  MemoryUsage of job (MB)
	1774496  -  ResidentSetSize of job (KB)
...
006 (34567726.000.000) 2021-09-17 16:55:28 Image size of job updated: 1732
	1732  -  MemoryUsage of job (MB)
	1774524  -  ResidentSetSize of job (KB)
...
006 (34567726.000.000) 2021-09-17 16:56:29 Image size of job updated: 1733
	1733  -  MemoryUsage of job (MB)
	1774600  -  ResidentSetSize of job (KB)
...
006 (34567726.000.000) 2021-09-17 16:57:31 Image size of job updated: 1733
	1733  -  MemoryUsage of job (MB)
	1775012  -  ResidentSetSize of job (KB)
...
006 (34567726.000.000) 2021-09-17 17:02:31 Image size of job updated: 1733
	1733  -  MemoryUsage of job (MB)
	1775228  -  ResidentSetSize of job (KB)
...
006 (34567726.000.000) 2021-09-17 17:03:32 Image size of job updated: 1733
	1733  -  MemoryUsage of job (MB)
	1775252  -  ResidentSetSize of job (KB)
...
006 (34567726.000.000) 2021-09-17 17:04:32 Image size of job updated: 1733
	1733  -  MemoryUsage of job (MB)
	1775284  -  ResidentSetSize of job (KB)
...
006 (34567726.000.000) 2021-09-17 17:06:32 Image size of job updated: 1734
	1734  -  MemoryUsage of job (MB)
	1775672  -  ResidentSetSize of job (KB)
...
006 (34567726.000.000) 2021-09-17 17:14:38 Image size of job updated: 1734
	1734  -  MemoryUsage of job (MB)
	1775804  -  ResidentSetSize of job (KB)
...
006 (34567726.000.000) 2021-09-17 17:19:41 Image size of job updated: 1734
	1734  -  MemoryUsage of job (MB)
	1775912  -  ResidentSetSize of job (KB)
...
006 (34567726.000.000) 2021-09-17 17:20:41 Image size of job updated: 1734
	1734  -  MemoryUsage of job (MB)
	1775924  -  ResidentSetSize of job (KB)
...
006 (34567726.000.000) 2021-09-17 17:21:41 Image size of job updated: 1734
	1734  -  MemoryUsage of job (MB)
	1776028  -  ResidentSetSize of job (KB)
...
006 (34567726.000.000) 2021-09-17 17:22:41 Image size of job updated: 1734
	1734  -  MemoryUsage of job (MB)
	1776428  -  ResidentSetSize of job (KB)
...
006 (34567726.000.000) 2021-09-17 17:30:48 Image size of job updated: 1735
	1735  -  MemoryUsage of job (MB)
	1776876  -  ResidentSetSize of job (KB)
...
040 (34567726.000.000) 2021-09-17 17:31:36 Started transferring output files
...
040 (34567726.000.000) 2021-09-17 17:31:36 Finished transferring output files
...
005 (34567726.000.000) 2021-09-17 17:31:38 Job terminated.
	(1) Normal termination (return value 0)
		Usr 0 02:27:18, Sys 0 07:16:43  -  Run Remote Usage
		Usr 0 00:00:00, Sys 0 00:00:00  -  Run Local Usage
		Usr 0 02:27:18, Sys 0 07:16:43  -  Total Remote Usage
		Usr 0 00:00:00, Sys 0 00:00:00  -  Total Local Usage
	1170412  -  Run Bytes Sent By Job
	8471534  -  Run Bytes Received By Job
	1170412  -  Total Bytes Sent By Job
	8471534  -  Total Bytes Received By Job
	Partitionable Resources :     Usage  Request Allocated 
	   Cpus                 :      0.00        1         1 
	   Disk (KB)            : 618662       10000   1658528 
	   Memory (MB)          :   1735        2048      2048 

	Job terminated of its own accord at 2021-09-17T22:31:36Z.
...
000 (14732493.000.000) 2021-09-24 22:10:18 Job submitted from host: <131.225.188.55:9618?addrs=131.225.188.55-9618&alias=lpcschedd1.fnal.gov&noUDP&sock=schedd_2070_6d22>
...
040 (14732493.000.000) 2021-09-24 22:20:55 Started transferring input files
	Transferring to host: <131.225.206.183:9618?addrs=131.225.206.183-9618&alias=cmswn1808.fnal.gov&noUDP&sock=slot1_3_1257_6b8c_4875>
...
040 (14732493.000.000) 2021-09-24 22:20:55 Finished transferring input files
...
001 (14732493.000.000) 2021-09-24 22:20:56 Job executing on host: <131.225.206.183:9618?addrs=131.225.206.183-9618&alias=cmswn1808.fnal.gov&noUDP&sock=startd_1174_d846>
...
006 (14732493.000.000) 2021-09-24 22:21:05 Image size of job updated: 63
	63  -  MemoryUsage of job (MB)
	64532  -  ResidentSetSize of job (KB)
...
006 (14732493.000.000) 2021-09-24 22:22:06 Image size of job updated: 526
	526  -  MemoryUsage of job (MB)
	539612  -  ResidentSetSize of job (KB)
...
006 (14732493.000.000) 2021-09-24 22:25:07 Image size of job updated: 530
	530  -  MemoryUsage of job (MB)
	543620  -  ResidentSetSize of job (KB)
...
006 (14732493.000.000) 2021-09-24 22:26:07 Image size of job updated: 586
	586  -  MemoryUsage of job (MB)
	600424  -  ResidentSetSize of job (KB)
...
006 (14732493.000.000) 2021-09-24 22:27:08 Image size of job updated: 634
	634  -  MemoryUsage of job (MB)
	649236  -  ResidentSetSize of job (KB)
...
006 (14732493.000.000) 2021-09-24 22:28:09 Image size of job updated: 675
	675  -  MemoryUsage of job (MB)
	691520  -  ResidentSetSize of job (KB)
...
006 (14732493.000.000) 2021-09-24 22:29:09 Image size of job updated: 712
	712  -  MemoryUsage of job (MB)
	730040  -  ResidentSetSize of job (KB)
...
006 (14732493.000.000) 2021-09-24 22:30:10 Image size of job updated: 748
	748  -  MemoryUsage of job (MB)
	765960  -  ResidentSetSize of job (KB)
...
006 (14732493.000.000) 2021-09-24 22:31:11 Image size of job updated: 781
	781  -  MemoryUsage of job (MB)
	799944  -  ResidentSetSize of job (KB)
...
006 (14732493.000.000) 2021-09-24 22:32:11 Image size of job updated: 813
	813  -  MemoryUsage of job (MB)
	832876  -  ResidentSetSize of job (KB)
...
006 (14732493.000.000) 2021-09-24 22:33:11 Image size of job updated: 845
	845  -  MemoryUsage of job (MB)
	865476  -  ResidentSetSize of job (KB)
...
006 (14732493.000.000) 2021-09-24 22:34:12 Image size of job updated: 873
	873  -  MemoryUsage of job (MB)
	894868  -  ResidentSetSize of job (KB)
...
006 (14732493.000.000) 2021-09-24 22:35:12 Image size of job updated: 913
	913  -  MemoryUsage of job (MB)
	935580  -  ResidentSetSize of job (KB)
...
006 (14732493.000.000) 2021-09-24 22:36:12 Image size of job updated: 942
	942  -  MemoryUsage of job (MB)
	965196  -  ResidentSetSize of job (KB)
...
006 (14732493.000.000) 2021-09-24 22:37:13 Image size of job updated: 969
	969  -  MemoryUsage of job (MB)
	992796  -  ResidentSetSize of job (KB)
...
006 (14732493.000.000) 2021-09-24 22:38:13 Image size of job updated: 992
	992  -  MemoryUsage of job (MB)
	1016088  -  ResidentSetSize of job (KB)
...
006 (14732493.000.000) 2021-09-24 22:39:13 Image size of job updated: 1019
	1019  -  MemoryUsage of job (MB)
	1044100  -  ResidentSetSize of job (KB)
...
006 (14732493.000.000) 2021-09-24 22:40:14 Image size of job updated: 1047
	1047  -  MemoryUsage of job (MB)
	1072872  -  ResidentSetSize of job (KB)
...
006 (14732493.000.000) 2021-09-24 22:41:15 Image size of job updated: 1079
	1079  -  MemoryUsage of job (MB)
	1105184  -  ResidentSetSize of job (KB)
...
006 (14732493.000.000) 2021-09-24 22:42:15 Image size of job updated: 1102
	1102  -  MemoryUsage of job (MB)
	1128560  -  ResidentSetSize of job (KB)
...
006 (14732493.000.000) 2021-09-24 22:43:15 Image size of job updated: 1124
	1124  -  MemoryUsage of job (MB)
	1151324  -  ResidentSetSize of job (KB)
...
006 (14732493.000.000) 2021-09-24 22:44:16 Image size of job updated: 1146
	1146  -  MemoryUsage of job (MB)
	1173676  -  ResidentSetSize of job (KB)
...
006 (14732493.000.000) 2021-09-24 22:45:16 Image size of job updated: 1168
	1168  -  MemoryUsage of job (MB)
	1196156  -  ResidentSetSize of job (KB)
...
006 (14732493.000.000) 2021-09-24 22:46:16 Image size of job updated: 1188
	1188  -  MemoryUsage of job (MB)
	1217220  -  ResidentSetSize of job (KB)
...
006 (14732493.000.000) 2021-09-24 22:47:17 Image size of job updated: 1208
	1208  -  MemoryUsage of job (MB)
	1237996  -  ResidentSetSize of job (KB)
...
006 (14732493.000.000) 2021-09-24 22:48:17 Image size of job updated: 1228
	1228  -  MemoryUsage of job (MB)
	1258296  -  ResidentSetSize of job (KB)
...
006 (14732493.000.000) 2021-09-24 22:49:17 Image size of job updated: 1248
	1248  -  MemoryUsage of job (MB)
	1278188  -  ResidentSetSize of job (KB)
...
006 (14732493.000.000) 2021-09-24 22:50:18 Image size of job updated: 1267
	1267  -  MemoryUsage of job (MB)
	1297992  -  ResidentSetSize of job (KB)
...
006 (14732493.000.000) 2021-09-24 22:51:18 Image size of job updated: 1286
	1286  -  MemoryUsage of job (MB)
	1317216  -  ResidentSetSize of job (KB)
...
006 (14732493.000.000) 2021-09-24 22:52:18 Image size of job updated: 1304
	1304  -  MemoryUsage of job (MB)
	1336112  -  ResidentSetSize of job (KB)
...
006 (14732493.000.000) 2021-09-24 22:53:19 Image size of job updated: 1323
	1323  -  MemoryUsage of job (MB)
	1354808  -  ResidentSetSize of job (KB)
...
006 (14732493.000.000) 2021-09-24 22:54:19 Image size of job updated: 1340
	1340  -  MemoryUsage of job (MB)
	1373172  -  ResidentSetSize of job (KB)
...
006 (14732493.000.000) 2021-09-24 22:55:19 Image size of job updated: 1358
	1358  -  MemoryUsage of job (MB)
	1391320  -  ResidentSetSize of job (KB)
...
006 (14732493.000.000) 2021-09-24 22:56:20 Image size of job updated: 1376
	1376  -  MemoryUsage of job (MB)
	1409228  -  ResidentSetSize of job (KB)
...
006 (14732493.000.000) 2021-09-24 22:57:20 Image size of job updated: 1391
	1391  -  MemoryUsage of job (MB)
	1425044  -  ResidentSetSize of job (KB)
...
006 (14732493.000.000) 2021-09-24 22:58:20 Image size of job updated: 1408
	1408  -  MemoryUsage of job (MB)
	1442416  -  ResidentSetSize of job (KB)
...
006 (14732493.000.000) 2021-09-24 22:59:21 Image size of job updated: 1425
	1425  -  MemoryUsage of job (MB)
	1459640  -  ResidentSetSize of job (KB)
...
006 (14732493.000.000) 2021-09-24 23:00:21 Image size of job updated: 1441
	1441  -  MemoryUsage of job (MB)
	1476596  -  ResidentSetSize of job (KB)
...
006 (14732493.000.000) 2021-09-24 23:01:21 Image size of job updated: 1458
	1458  -  MemoryUsage of job (MB)
	1493356  -  ResidentSetSize of job (KB)
...
006 (14732493.000.000) 2021-09-24 23:02:22 Image size of job updated: 1474
	1474  -  MemoryUsage of job (MB)
	1509904  -  ResidentSetSize of job (KB)
...
006 (14732493.000.000) 2021-09-24 23:03:22 Image size of job updated: 1490
	1490  -  MemoryUsage of job (MB)
	1526064  -  ResidentSetSize of job (KB)
...
006 (14732493.000.000) 2021-09-24 23:04:22 Image size of job updated: 1505
	1505  -  MemoryUsage of job (MB)
	1541228  -  ResidentSetSize of job (KB)
...
006 (14732493.000.000) 2021-09-24 23:05:23 Image size of job updated: 1520
	1520  -  MemoryUsage of job (MB)
	1557116  -  ResidentSetSize of job (KB)
...
006 (14732493.000.000) 2021-09-24 23:06:23 Image size of job updated: 1536
	1536  -  MemoryUsage of job (MB)
	1572864  -  ResidentSetSize of job (KB)
...
006 (14732493.000.000) 2021-09-24 23:07:23 Image size of job updated: 1628
	1628  -  MemoryUsage of job (MB)
	1667332  -  ResidentSetSize of job (KB)
...
006 (14732493.000.000) 2021-09-24 23:08:24 Image size of job updated: 1632
	1632  -  MemoryUsage of job (MB)
	1671916  -  ResidentSetSize of job (KB)
...
006 (14732493.000.000) 2021-09-24 23:09:24 Image size of job updated: 1645
	1645  -  MemoryUsage of job (MB)
	1684496  -  ResidentSetSize of job (KB)
...
006 (14732493.000.000) 2021-09-24 23:10:24 Image size of job updated: 1667
	1667  -  MemoryUsage of job (MB)
	1707112  -  ResidentSetSize of job (KB)
...
006 (14732493.000.000) 2021-09-24 23:11:25 Image size of job updated: 1675
	1675  -  MemoryUsage of job (MB)
	1715804  -  ResidentSetSize of job (KB)
...
006 (14732493.000.000) 2021-09-24 23:12:25 Image size of job updated: 1681
	1681  -  MemoryUsage of job (MB)
	1721468  -  ResidentSetSize of job (KB)
...
006 (14732493.000.000) 2021-09-24 23:13:25 Image size of job updated: 1681
	1681  -  MemoryUsage of job (MB)
	1722132  -  ResidentSetSize of job (KB)
...
006 (14732493.000.000) 2021-09-24 23:14:26 Image size of job updated: 1685
	1685  -  MemoryUsage of job (MB)
	1725688  -  ResidentSetSize of job (KB)
...
006 (14732493.000.000) 2021-09-24 23:15:27 Image size of job updated: 1685
	1685  -  MemoryUsage of job (MB)
	1726012  -  ResidentSetSize of job (KB)
...
006 (14732493.000.000) 2021-09-24 23:16:27 Image size of job updated: 1686
	1686  -  MemoryUsage of job (MB)
	1726596  -  ResidentSetSize of job (KB)
...
006 (14732493.000.000) 2021-09-24 23:17:28 Image size of job updated: 1687
	1687  -  MemoryUsage of job (MB)
	1728252  -  ResidentSetSize of job (KB)
...
006 (14732493.000.000) 2021-09-24 23:18:28 Image size of job updated: 1687
	1687  -  MemoryUsage of job (MB)
	1728492  -  ResidentSetSize of job (KB)
...
006 (14732493.000.000) 2021-09-24 23:19:29 Image size of job updated: 1689
	1689  -  MemoryUsage of job (MB)
	1729748  -  ResidentSetSize of job (KB)
...
006 (14732493.000.000) 2021-09-24 23:20:30 Image size of job updated: 1689
	1689  -  MemoryUsage of job (MB)
	1729788  -  ResidentSetSize of job (KB)
...
006 (14732493.000.000) 2021-09-24 23:21:30 Image size of job updated: 1691
	1691  -  MemoryUsage of job (MB)
	1731592  -  ResidentSetSize of job (KB)
...
006 (14732493.000.000) 2021-09-24 23:22:30 Image size of job updated: 1692
	1692  -  MemoryUsage of job (MB)
	1733124  -  ResidentSetSize of job (KB)
...
006 (14732493.000.000) 2021-09-24 23:23:31 Image size of job updated: 1692
	1692  -  MemoryUsage of job (MB)
	1733260  -  ResidentSetSize of job (KB)
...
006 (14732493.000.000) 2021-09-24 23:24:31 Image size of job updated: 1693
	1693  -  MemoryUsage of job (MB)
	1734400  -  ResidentSetSize of job (KB)
...
006 (14732493.000.000) 2021-09-24 23:25:32 Image size of job updated: 1695
	1695  -  MemoryUsage of job (MB)
	1736288  -  ResidentSetSize of job (KB)
...
006 (14732493.000.000) 2021-09-24 23:26:33 Image size of job updated: 1698
	1698  -  MemoryUsage of job (MB)
	1739180  -  ResidentSetSize of job (KB)
...
006 (14732493.000.000) 2021-09-24 23:27:33 Image size of job updated: 1698
	1698  -  MemoryUsage of job (MB)
	1739284  -  ResidentSetSize of job (KB)
...
006 (14732493.000.000) 2021-09-24 23:28:34 Image size of job updated: 1699
	1699  -  MemoryUsage of job (MB)
	1740184  -  ResidentSetSize of job (KB)
...
006 (14732493.000.000) 2021-09-24 23:29:35 Image size of job updated: 1700
	1700  -  MemoryUsage of job (MB)
	1741216  -  ResidentSetSize of job (KB)
...
006 (14732493.000.000) 2021-09-24 23:30:35 Image size of job updated: 1701
	1701  -  MemoryUsage of job (MB)
	1742432  -  ResidentSetSize of job (KB)
...
006 (14732493.000.000) 2021-09-24 23:31:36 Image size of job updated: 1702
	1702  -  MemoryUsage of job (MB)
	1742860  -  ResidentSetSize of job (KB)
...
006 (14732493.000.000) 2021-09-24 23:32:37 Image size of job updated: 1702
	1702  -  MemoryUsage of job (MB)
	1743412  -  ResidentSetSize of job (KB)
...
006 (14732493.000.000) 2021-09-24 23:33:37 Image size of job updated: 1704
	1704  -  MemoryUsage of job (MB)
	1745532  -  ResidentSetSize of job (KB)
...
006 (14732493.000.000) 2021-09-24 23:34:38 Image size of job updated: 1705
	1705  -  MemoryUsage of job (MB)
	1746440  -  ResidentSetSize of job (KB)
...
006 (14732493.000.000) 2021-09-24 23:35:39 Image size of job updated: 1706
	1706  -  MemoryUsage of job (MB)
	1747104  -  ResidentSetSize of job (KB)
...
006 (14732493.000.000) 2021-09-24 23:36:40 Image size of job updated: 1706
	1706  -  MemoryUsage of job (MB)
	1747224  -  ResidentSetSize of job (KB)
...
006 (14732493.000.000) 2021-09-24 23:37:41 Image size of job updated: 1706
	1706  -  MemoryUsage of job (MB)
	1747416  -  ResidentSetSize of job (KB)
...
006 (14732493.000.000) 2021-09-24 23:38:41 Image size of job updated: 1706
	1706  -  MemoryUsage of job (MB)
	1747836  -  ResidentSetSize of job (KB)
...
006 (14732493.000.000) 2021-09-24 23:39:42 Image size of job updated: 1706
	1706  -  MemoryUsage of job (MB)
	1747900  -  ResidentSetSize of job (KB)
...
006 (14732493.000.000) 2021-09-24 23:40:43 Image size of job updated: 1707
	1707  -  MemoryUsage of job (MB)
	1748192  -  ResidentSetSize of job (KB)
...
006 (14732493.000.000) 2021-09-24 23:41:43 Image size of job updated: 1707
	1707  -  MemoryUsage of job (MB)
	1748348  -  ResidentSetSize of job (KB)
...
006 (14732493.000.000) 2021-09-24 23:42:44 Image size of job updated: 1707
	1707  -  MemoryUsage of job (MB)
	1748476  -  ResidentSetSize of job (KB)
...
006 (14732493.000.000) 2021-09-24 23:43:45 Image size of job updated: 1709
	1709  -  MemoryUsage of job (MB)
	1750192  -  ResidentSetSize of job (KB)
...
006 (14732493.000.000) 2021-09-24 23:44:45 Image size of job updated: 1710
	1710  -  MemoryUsage of job (MB)
	1751136  -  ResidentSetSize of job (KB)
...
006 (14732493.000.000) 2021-09-24 23:45:46 Image size of job updated: 1712
	1712  -  MemoryUsage of job (MB)
	1753492  -  ResidentSetSize of job (KB)
...
006 (14732493.000.000) 2021-09-24 23:46:47 Image size of job updated: 1713
	1713  -  MemoryUsage of job (MB)
	1754372  -  ResidentSetSize of job (KB)
...
006 (14732493.000.000) 2021-09-24 23:47:47 Image size of job updated: 1713
	1713  -  MemoryUsage of job (MB)
	1754696  -  ResidentSetSize of job (KB)
...
006 (14732493.000.000) 2021-09-24 23:48:48 Image size of job updated: 1713
	1713  -  MemoryUsage of job (MB)
	1755008  -  ResidentSetSize of job (KB)
...
006 (14732493.000.000) 2021-09-24 23:49:49 Image size of job updated: 1714
	1714  -  MemoryUsage of job (MB)
	1755708  -  ResidentSetSize of job (KB)
...
006 (14732493.000.000) 2021-09-24 23:50:49 Image size of job updated: 1714
	1714  -  MemoryUsage of job (MB)
	1755828  -  ResidentSetSize of job (KB)
...
006 (14732493.000.000) 2021-09-24 23:51:49 Image size of job updated: 1714
	1714  -  MemoryUsage of job (MB)
	1755884  -  ResidentSetSize of job (KB)
...
006 (14732493.000.000) 2021-09-24 23:52:50 Image size of job updated: 1715
	1715  -  MemoryUsage of job (MB)
	1756292  -  ResidentSetSize of job (KB)
...
006 (14732493.000.000) 2021-09-24 23:53:51 Image size of job updated: 1715
	1715  -  MemoryUsage of job (MB)
	1756692  -  ResidentSetSize of job (KB)
...
006 (14732493.000.000) 2021-09-24 23:54:51 Image size of job updated: 1715
	1715  -  MemoryUsage of job (MB)
	1756908  -  ResidentSetSize of job (KB)
...
006 (14732493.000.000) 2021-09-24 23:55:52 Image size of job updated: 1716
	1716  -  MemoryUsage of job (MB)
	1757860  -  ResidentSetSize of job (KB)
...
006 (14732493.000.000) 2021-09-24 23:56:53 Image size of job updated: 1716
	1716  -  MemoryUsage of job (MB)
	1758088  -  ResidentSetSize of job (KB)
...
006 (14732493.000.000) 2021-09-24 23:57:53 Image size of job updated: 1717
	1717  -  MemoryUsage of job (MB)
	1758208  -  ResidentSetSize of job (KB)
...
006 (14732493.000.000) 2021-09-24 23:59:54 Image size of job updated: 1717
	1717  -  MemoryUsage of job (MB)
	1758232  -  ResidentSetSize of job (KB)
...
006 (14732493.000.000) 2021-09-25 00:00:54 Image size of job updated: 1717
	1717  -  MemoryUsage of job (MB)
	1758704  -  ResidentSetSize of job (KB)
...
006 (14732493.000.000) 2021-09-25 00:01:54 Image size of job updated: 1717
	1717  -  MemoryUsage of job (MB)
	1758708  -  ResidentSetSize of job (KB)
...
006 (14732493.000.000) 2021-09-25 00:02:55 Image size of job updated: 1717
	1717  -  MemoryUsage of job (MB)
	1758856  -  ResidentSetSize of job (KB)
...
006 (14732493.000.000) 2021-09-25 00:03:55 Image size of job updated: 1718
	1718  -  MemoryUsage of job (MB)
	1759372  -  ResidentSetSize of job (KB)
...
006 (14732493.000.000) 2021-09-25 00:04:55 Image size of job updated: 1718
	1718  -  MemoryUsage of job (MB)
	1759392  -  ResidentSetSize of job (KB)
...
006 (14732493.000.000) 2021-09-25 00:06:56 Image size of job updated: 1718
	1718  -  MemoryUsage of job (MB)
	1759592  -  ResidentSetSize of job (KB)
...
006 (14732493.000.000) 2021-09-25 00:08:57 Image size of job updated: 1718
	1718  -  MemoryUsage of job (MB)
	1759936  -  ResidentSetSize of job (KB)
...
006 (14732493.000.000) 2021-09-25 00:09:58 Image size of job updated: 1719
	1719  -  MemoryUsage of job (MB)
	1760336  -  ResidentSetSize of job (KB)
...
006 (14732493.000.000) 2021-09-25 00:11:58 Image size of job updated: 1719
	1719  -  MemoryUsage of job (MB)
	1760340  -  ResidentSetSize of job (KB)
...
006 (14732493.000.000) 2021-09-25 00:12:59 Image size of job updated: 1719
	1719  -  MemoryUsage of job (MB)
	1760596  -  ResidentSetSize of job (KB)
...
006 (14732493.000.000) 2021-09-25 00:13:59 Image size of job updated: 1719
	1719  -  MemoryUsage of job (MB)
	1760740  -  ResidentSetSize of job (KB)
...
006 (14732493.000.000) 2021-09-25 00:15:00 Image size of job updated: 1719
	1719  -  MemoryUsage of job (MB)
	1760924  -  ResidentSetSize of job (KB)
...
006 (14732493.000.000) 2021-09-25 00:16:01 Image size of job updated: 1720
	1720  -  MemoryUsage of job (MB)
	1761468  -  ResidentSetSize of job (KB)
...
006 (14732493.000.000) 2021-09-25 00:17:01 Image size of job updated: 1720
	1720  -  MemoryUsage of job (MB)
	1761476  -  ResidentSetSize of job (KB)
...
006 (14732493.000.000) 2021-09-25 00:18:02 Image size of job updated: 1720
	1720  -  MemoryUsage of job (MB)
	1761924  -  ResidentSetSize of job (KB)
...
006 (14732493.000.000) 2021-09-25 00:19:02 Image size of job updated: 1720
	1720  -  MemoryUsage of job (MB)
	1762068  -  ResidentSetSize of job (KB)
...
006 (14732493.000.000) 2021-09-25 00:20:02 Image size of job updated: 1720
	1720  -  MemoryUsage of job (MB)
	1762212  -  ResidentSetSize of job (KB)
...
006 (14732493.000.000) 2021-09-25 00:21:03 Image size of job updated: 1721
	1721  -  MemoryUsage of job (MB)
	1762428  -  ResidentSetSize of job (KB)
...
006 (14732493.000.000) 2021-09-25 00:22:03 Image size of job updated: 1721
	1721  -  MemoryUsage of job (MB)
	1762496  -  ResidentSetSize of job (KB)
...
006 (14732493.000.000) 2021-09-25 00:23:04 Image size of job updated: 1721
	1721  -  MemoryUsage of job (MB)
	1762828  -  ResidentSetSize of job (KB)
...
006 (14732493.000.000) 2021-09-25 00:24:05 Image size of job updated: 1721
	1721  -  MemoryUsage of job (MB)
	1762956  -  ResidentSetSize of job (KB)
...
006 (14732493.000.000) 2021-09-25 00:25:05 Image size of job updated: 1722
	1722  -  MemoryUsage of job (MB)
	1763520  -  ResidentSetSize of job (KB)
...
006 (14732493.000.000) 2021-09-25 00:27:06 Image size of job updated: 1722
	1722  -  MemoryUsage of job (MB)
	1763580  -  ResidentSetSize of job (KB)
...
006 (14732493.000.000) 2021-09-25 00:29:08 Image size of job updated: 1722
	1722  -  MemoryUsage of job (MB)
	1763864  -  ResidentSetSize of job (KB)
...
006 (14732493.000.000) 2021-09-25 00:30:09 Image size of job updated: 1722
	1722  -  MemoryUsage of job (MB)
	1763872  -  ResidentSetSize of job (KB)
...
006 (14732493.000.000) 2021-09-25 00:32:10 Image size of job updated: 1722
	1722  -  MemoryUsage of job (MB)
	1763884  -  ResidentSetSize of job (KB)
...
006 (14732493.000.000) 2021-09-25 00:34:10 Image size of job updated: 1722
	1722  -  MemoryUsage of job (MB)
	1763892  -  ResidentSetSize of job (KB)
...
006 (14732493.000.000) 2021-09-25 00:35:11 Image size of job updated: 1722
	1722  -  MemoryUsage of job (MB)
	1763896  -  ResidentSetSize of job (KB)
...
006 (14732493.000.000) 2021-09-25 00:40:13 Image size of job updated: 1723
	1723  -  MemoryUsage of job (MB)
	1764544  -  ResidentSetSize of job (KB)
...
006 (14732493.000.000) 2021-09-25 00:41:14 Image size of job updated: 1723
	1723  -  MemoryUsage of job (MB)
	1765220  -  ResidentSetSize of job (KB)
...
006 (14732493.000.000) 2021-09-25 00:42:15 Image size of job updated: 1724
	1724  -  MemoryUsage of job (MB)
	1765936  -  ResidentSetSize of job (KB)
...
006 (14732493.000.000) 2021-09-25 00:43:15 Image size of job updated: 1725
	1725  -  MemoryUsage of job (MB)
	1767024  -  ResidentSetSize of job (KB)
...
006 (14732493.000.000) 2021-09-25 00:44:16 Image size of job updated: 1726
	1726  -  MemoryUsage of job (MB)
	1767904  -  ResidentSetSize of job (KB)
...
006 (14732493.000.000) 2021-09-25 00:45:17 Image size of job updated: 1726
	1726  -  MemoryUsage of job (MB)
	1768264  -  ResidentSetSize of job (KB)
...
006 (14732493.000.000) 2021-09-25 00:46:17 Image size of job updated: 1727
	1727  -  MemoryUsage of job (MB)
	1768456  -  ResidentSetSize of job (KB)
...
006 (14732493.000.000) 2021-09-25 00:47:18 Image size of job updated: 1727
	1727  -  MemoryUsage of job (MB)
	1768580  -  ResidentSetSize of job (KB)
...
006 (14732493.000.000) 2021-09-25 00:48:18 Image size of job updated: 1727
	1727  -  MemoryUsage of job (MB)
	1769168  -  ResidentSetSize of job (KB)
...
006 (14732493.000.000) 2021-09-25 00:49:18 Image size of job updated: 1727
	1727  -  MemoryUsage of job (MB)
	1769212  -  ResidentSetSize of job (KB)
...
006 (14732493.000.000) 2021-09-25 00:50:19 Image size of job updated: 1727
	1727  -  MemoryUsage of job (MB)
	1769228  -  ResidentSetSize of job (KB)
...
006 (14732493.000.000) 2021-09-25 00:51:19 Image size of job updated: 1727
	1727  -  MemoryUsage of job (MB)
	1769404  -  ResidentSetSize of job (KB)
...
006 (14732493.000.000) 2021-09-25 00:52:19 Image size of job updated: 1727
	1727  -  MemoryUsage of job (MB)
	1769448  -  ResidentSetSize of job (KB)
...
006 (14732493.000.000) 2021-09-25 00:53:20 Image size of job updated: 1728
	1728  -  MemoryUsage of job (MB)
	1769488  -  ResidentSetSize of job (KB)
...
006 (14732493.000.000) 2021-09-25 00:54:20 Image size of job updated: 1728
	1728  -  MemoryUsage of job (MB)
	1769876  -  ResidentSetSize of job (KB)
...
006 (14732493.000.000) 2021-09-25 00:56:21 Image size of job updated: 1728
	1728  -  MemoryUsage of job (MB)
	1769944  -  ResidentSetSize of job (KB)
...
006 (14732493.000.000) 2021-09-25 00:57:21 Image size of job updated: 1728
	1728  -  MemoryUsage of job (MB)
	1770360  -  ResidentSetSize of job (KB)
...
006 (14732493.000.000) 2021-09-25 00:58:21 Image size of job updated: 1728
	1728  -  MemoryUsage of job (MB)
	1770380  -  ResidentSetSize of job (KB)
...
006 (14732493.000.000) 2021-09-25 00:59:22 Image size of job updated: 1729
	1729  -  MemoryUsage of job (MB)
	1770648  -  ResidentSetSize of job (KB)
...
006 (14732493.000.000) 2021-09-25 01:00:22 Image size of job updated: 1729
	1729  -  MemoryUsage of job (MB)
	1771040  -  ResidentSetSize of job (KB)
...
006 (14732493.000.000) 2021-09-25 01:01:22 Image size of job updated: 1729
	1729  -  MemoryUsage of job (MB)
	1771064  -  ResidentSetSize of job (KB)
...
006 (14732493.000.000) 2021-09-25 01:02:23 Image size of job updated: 1729
	1729  -  MemoryUsage of job (MB)
	1771184  -  ResidentSetSize of job (KB)
...
006 (14732493.000.000) 2021-09-25 01:03:23 Image size of job updated: 1730
	1730  -  MemoryUsage of job (MB)
	1771780  -  ResidentSetSize of job (KB)
...
006 (14732493.000.000) 2021-09-25 01:06:24 Image size of job updated: 1730
	1730  -  MemoryUsage of job (MB)
	1771788  -  ResidentSetSize of job (KB)
...
006 (14732493.000.000) 2021-09-25 01:07:24 Image size of job updated: 1730
	1730  -  MemoryUsage of job (MB)
	1771840  -  ResidentSetSize of job (KB)
...
006 (14732493.000.000) 2021-09-25 01:08:25 Image size of job updated: 1730
	1730  -  MemoryUsage of job (MB)
	1772036  -  ResidentSetSize of job (KB)
...
006 (14732493.000.000) 2021-09-25 01:09:25 Image size of job updated: 1730
	1730  -  MemoryUsage of job (MB)
	1772448  -  ResidentSetSize of job (KB)
...
006 (14732493.000.000) 2021-09-25 01:10:25 Image size of job updated: 1730
	1730  -  MemoryUsage of job (MB)
	1772460  -  ResidentSetSize of job (KB)
...
006 (14732493.000.000) 2021-09-25 01:12:26 Image size of job updated: 1731
	1731  -  MemoryUsage of job (MB)
	1772664  -  ResidentSetSize of job (KB)
...
006 (14732493.000.000) 2021-09-25 01:14:27 Image size of job updated: 1731
	1731  -  MemoryUsage of job (MB)
	1772904  -  ResidentSetSize of job (KB)
...
006 (14732493.000.000) 2021-09-25 01:16:27 Image size of job updated: 1731
	1731  -  MemoryUsage of job (MB)
	1773076  -  ResidentSetSize of job (KB)
...
006 (14732493.000.000) 2021-09-25 01:17:28 Image size of job updated: 1732
	1732  -  MemoryUsage of job (MB)
	1773792  -  ResidentSetSize of job (KB)
...
006 (14732493.000.000) 2021-09-25 01:18:29 Image size of job updated: 1732
	1732  -  MemoryUsage of job (MB)
	1773800  -  ResidentSetSize of job (KB)
...
006 (14732493.000.000) 2021-09-25 01:20:30 Image size of job updated: 1732
	1732  -  MemoryUsage of job (MB)
	1773844  -  ResidentSetSize of job (KB)
...
006 (14732493.000.000) 2021-09-25 01:22:31 Image size of job updated: 1732
	1732  -  MemoryUsage of job (MB)
	1773852  -  ResidentSetSize of job (KB)
...
006 (14732493.000.000) 2021-09-25 01:23:31 Image size of job updated: 1732
	1732  -  MemoryUsage of job (MB)
	1774396  -  ResidentSetSize of job (KB)
...
006 (14732493.000.000) 2021-09-25 01:25:32 Image size of job updated: 1732
	1732  -  MemoryUsage of job (MB)
	1774400  -  ResidentSetSize of job (KB)
...
006 (14732493.000.000) 2021-09-25 01:26:32 Image size of job updated: 1733
	1733  -  MemoryUsage of job (MB)
	1774844  -  ResidentSetSize of job (KB)
...
006 (14732493.000.000) 2021-09-25 01:29:33 Image size of job updated: 1733
	1733  -  MemoryUsage of job (MB)
	1775236  -  ResidentSetSize of job (KB)
...
006 (14732493.000.000) 2021-09-25 01:31:34 Image size of job updated: 1733
	1733  -  MemoryUsage of job (MB)
	1775312  -  ResidentSetSize of job (KB)
...
006 (14732493.000.000) 2021-09-25 01:32:35 Image size of job updated: 1734
	1734  -  MemoryUsage of job (MB)
	1775732  -  ResidentSetSize of job (KB)
...
006 (14732493.000.000) 2021-09-25 01:34:36 Image size of job updated: 1734
	1734  -  MemoryUsage of job (MB)
	1775908  -  ResidentSetSize of job (KB)
...
006 (14732493.000.000) 2021-09-25 01:36:37 Image size of job updated: 1734
	1734  -  MemoryUsage of job (MB)
	1776076  -  ResidentSetSize of job (KB)
...
006 (14732493.000.000) 2021-09-25 01:37:37 Image size of job updated: 1735
	1735  -  MemoryUsage of job (MB)
	1776652  -  ResidentSetSize of job (KB)
...
006 (14732493.000.000) 2021-09-25 01:40:38 Image size of job updated: 1735
	1735  -  MemoryUsage of job (MB)
	1776660  -  ResidentSetSize of job (KB)
...
006 (14732493.000.000) 2021-09-25 01:41:39 Image size of job updated: 1735
	1735  -  MemoryUsage of job (MB)
	1776768  -  ResidentSetSize of job (KB)
...
040 (14732493.000.000) 2021-09-25 01:42:11 Started transferring output files
...
040 (14732493.000.000) 2021-09-25 01:42:11 Finished transferring output files
...
005 (14732493.000.000) 2021-09-25 01:42:12 Job terminated.
	(1) Normal termination (return value 0)
		Usr 0 01:35:00, Sys 0 01:37:47  -  Run Remote Usage
		Usr 0 00:00:00, Sys 0 00:00:00  -  Run Local Usage
		Usr 0 01:35:00, Sys 0 01:37:47  -  Total Remote Usage
		Usr 0 00:00:00, Sys 0 00:00:00  -  Total Local Usage
	1236754  -  Run Bytes Sent By Job
	8471570  -  Run Bytes Received By Job
	1236754  -  Total Bytes Sent By Job
	8471570  -  Total Bytes Received By Job
	Partitionable Resources :     Usage  Request Allocated 
	   Cpus                 :      0.00        1         1 
	   Disk (KB)            : 620680       10000    309857 
	   Memory (MB)          :   1735        2048      2048 

	Job terminated of its own accord at 2021-09-25T06:42:11Z.
...
