000 (34686023.000.000) 2021-09-27 13:04:25 Job submitted from host: <131.225.188.57:9618?addrs=131.225.188.57-9618&alias=lpcschedd2.fnal.gov&noUDP&sock=schedd_2251_93c6>
...
040 (34686023.000.000) 2021-09-27 13:17:22 Started transferring input files
	Transferring to host: <131.225.206.13:9618?addrs=131.225.206.13-9618&alias=cmswn1739.fnal.gov&noUDP&sock=slot1_6_1344_b830_7214>
...
040 (34686023.000.000) 2021-09-27 13:17:22 Finished transferring input files
...
001 (34686023.000.000) 2021-09-27 13:17:23 Job executing on host: <131.225.206.13:9618?addrs=131.225.206.13-9618&alias=cmswn1739.fnal.gov&noUDP&sock=startd_1152_c131>
...
006 (34686023.000.000) 2021-09-27 13:17:32 Image size of job updated: 42
	42  -  MemoryUsage of job (MB)
	43304  -  ResidentSetSize of job (KB)
...
006 (34686023.000.000) 2021-09-27 13:17:41 Image size of job updated: 165
	165  -  MemoryUsage of job (MB)
	169688  -  ResidentSetSize of job (KB)
...
040 (34686023.000.000) 2021-09-27 13:17:41 Started transferring output files
...
040 (34686023.000.000) 2021-09-27 13:17:41 Finished transferring output files
...
005 (34686023.000.000) 2021-09-27 13:17:44 Job terminated.
	(1) Normal termination (return value 0)
		Usr 0 00:00:00, Sys 0 00:00:00  -  Run Remote Usage
		Usr 0 00:00:00, Sys 0 00:00:00  -  Run Local Usage
		Usr 0 00:00:00, Sys 0 00:00:00  -  Total Remote Usage
		Usr 0 00:00:00, Sys 0 00:00:00  -  Total Local Usage
	1226  -  Run Bytes Sent By Job
	2922372  -  Run Bytes Received By Job
	1226  -  Total Bytes Sent By Job
	2922372  -  Total Bytes Received By Job
	Partitionable Resources :    Usage  Request Allocated 
	   Cpus                 :        0        1         1 
	   Disk (KB)            :     3356     3000    320476 
	   Memory (MB)          :      165     3072      3072 

	Job terminated of its own accord at 2021-09-27T18:17:41Z.
...
