000 (980827.000.000) 10/26 00:45:25 Job submitted from host: <172.20.3.198:9618?addrs=172.20.3.198-9618&noUDP&sock=160905_0664_3>
...
001 (980827.000.000) 10/26 00:45:47 Job executing on host: <172.20.225.2:9618?addrs=172.20.225.2-9618&noUDP&sock=3165_8156_3>
...
006 (980827.000.000) 10/26 00:45:55 Image size of job updated: 187944
	180  -  MemoryUsage of job (MB)
	183484  -  ResidentSetSize of job (KB)
...
005 (980827.000.000) 10/26 00:47:32 Job terminated.
	(1) Normal termination (return value 0)
		Usr 0 00:01:40, Sys 0 00:00:03  -  Run Remote Usage
		Usr 0 00:00:00, Sys 0 00:00:00  -  Run Local Usage
		Usr 0 00:01:40, Sys 0 00:00:03  -  Total Remote Usage
		Usr 0 00:00:00, Sys 0 00:00:00  -  Total Local Usage
	558872  -  Run Bytes Sent By Job
	463  -  Run Bytes Received By Job
	558872  -  Total Bytes Sent By Job
	463  -  Total Bytes Received By Job
	Partitionable Resources :    Usage  Request Allocated 
	   Cpus                 :     0.99        1         1 
	   Disk (KB)            :   560           1 543370449 
	   Memory (MB)          :   180        3072      8032 
...
