WARNING: In non-interactive mode release checks e.g. deprecated releases, production architectures are disabled.

 *** Break *** segmentation violation



===========================================================
There was a crash.
This is the entire stack trace of all threads:
===========================================================

Thread 6 (Thread 0x7fa037c29700 (LWP 149)):
#0  0x00007fa04838dd19 in syscall () from /lib64/libc.so.6
#1  0x00007fa03a69379e in XrdSys::LinuxSemaphore::Wait (this=0x9603ea0) at /build/cmsbld/auto-builds/CMSSW_10_2_0_pre6-slc7_amd64_gcc700/build/CMSSW_10_2_0_pre6-build/BUILD/slc7_amd64_gcc700/external/xrootd/4.8.3-gnimlf/xrootd-4.8.3/src/./XrdSys/XrdSysLinuxSemaphore.hh:161
#2  XrdCl::SyncQueue<XrdCl::JobManager::JobHelper>::Get (this=0x9d771c8) at /build/cmsbld/auto-builds/CMSSW_10_2_0_pre6-slc7_amd64_gcc700/build/CMSSW_10_2_0_pre6-build/BUILD/slc7_amd64_gcc700/external/xrootd/4.8.3-gnimlf/xrootd-4.8.3/src/./XrdCl/XrdClSyncQueue.hh:67
#3  XrdCl::JobManager::RunJobs (this=0x9d771b0) at /build/cmsbld/auto-builds/CMSSW_10_2_0_pre6-slc7_amd64_gcc700/build/CMSSW_10_2_0_pre6-build/BUILD/slc7_amd64_gcc700/external/xrootd/4.8.3-gnimlf/xrootd-4.8.3/src/XrdCl/XrdClJobManager.cc:146
#4  0x00007fa03a693989 in RunRunnerThread (arg=<optimized out>) at /build/cmsbld/auto-builds/CMSSW_10_2_0_pre6-slc7_amd64_gcc700/build/CMSSW_10_2_0_pre6-build/BUILD/slc7_amd64_gcc700/external/xrootd/4.8.3-gnimlf/xrootd-4.8.3/src/XrdCl/XrdClJobManager.cc:33
#5  0x00007fa04866aea5 in start_thread () from /lib64/libpthread.so.0
#6  0x00007fa0483939fd in clone () from /lib64/libc.so.6

Thread 5 (Thread 0x7fa03842a700 (LWP 148)):
#0  0x00007fa04838dd19 in syscall () from /lib64/libc.so.6
#1  0x00007fa03a69379e in XrdSys::LinuxSemaphore::Wait (this=0x9603ea0) at /build/cmsbld/auto-builds/CMSSW_10_2_0_pre6-slc7_amd64_gcc700/build/CMSSW_10_2_0_pre6-build/BUILD/slc7_amd64_gcc700/external/xrootd/4.8.3-gnimlf/xrootd-4.8.3/src/./XrdSys/XrdSysLinuxSemaphore.hh:161
#2  XrdCl::SyncQueue<XrdCl::JobManager::JobHelper>::Get (this=0x9d771c8) at /build/cmsbld/auto-builds/CMSSW_10_2_0_pre6-slc7_amd64_gcc700/build/CMSSW_10_2_0_pre6-build/BUILD/slc7_amd64_gcc700/external/xrootd/4.8.3-gnimlf/xrootd-4.8.3/src/./XrdCl/XrdClSyncQueue.hh:67
#3  XrdCl::JobManager::RunJobs (this=0x9d771b0) at /build/cmsbld/auto-builds/CMSSW_10_2_0_pre6-slc7_amd64_gcc700/build/CMSSW_10_2_0_pre6-build/BUILD/slc7_amd64_gcc700/external/xrootd/4.8.3-gnimlf/xrootd-4.8.3/src/XrdCl/XrdClJobManager.cc:146
#4  0x00007fa03a693989 in RunRunnerThread (arg=<optimized out>) at /build/cmsbld/auto-builds/CMSSW_10_2_0_pre6-slc7_amd64_gcc700/build/CMSSW_10_2_0_pre6-build/BUILD/slc7_amd64_gcc700/external/xrootd/4.8.3-gnimlf/xrootd-4.8.3/src/XrdCl/XrdClJobManager.cc:33
#5  0x00007fa04866aea5 in start_thread () from /lib64/libpthread.so.0
#6  0x00007fa0483939fd in clone () from /lib64/libc.so.6

Thread 4 (Thread 0x7fa038c2b700 (LWP 147)):
#0  0x00007fa04838dd19 in syscall () from /lib64/libc.so.6
#1  0x00007fa03a69379e in XrdSys::LinuxSemaphore::Wait (this=0x9603ea0) at /build/cmsbld/auto-builds/CMSSW_10_2_0_pre6-slc7_amd64_gcc700/build/CMSSW_10_2_0_pre6-build/BUILD/slc7_amd64_gcc700/external/xrootd/4.8.3-gnimlf/xrootd-4.8.3/src/./XrdSys/XrdSysLinuxSemaphore.hh:161
#2  XrdCl::SyncQueue<XrdCl::JobManager::JobHelper>::Get (this=0x9d771c8) at /build/cmsbld/auto-builds/CMSSW_10_2_0_pre6-slc7_amd64_gcc700/build/CMSSW_10_2_0_pre6-build/BUILD/slc7_amd64_gcc700/external/xrootd/4.8.3-gnimlf/xrootd-4.8.3/src/./XrdCl/XrdClSyncQueue.hh:67
#3  XrdCl::JobManager::RunJobs (this=0x9d771b0) at /build/cmsbld/auto-builds/CMSSW_10_2_0_pre6-slc7_amd64_gcc700/build/CMSSW_10_2_0_pre6-build/BUILD/slc7_amd64_gcc700/external/xrootd/4.8.3-gnimlf/xrootd-4.8.3/src/XrdCl/XrdClJobManager.cc:146
#4  0x00007fa03a693989 in RunRunnerThread (arg=<optimized out>) at /build/cmsbld/auto-builds/CMSSW_10_2_0_pre6-slc7_amd64_gcc700/build/CMSSW_10_2_0_pre6-build/BUILD/slc7_amd64_gcc700/external/xrootd/4.8.3-gnimlf/xrootd-4.8.3/src/XrdCl/XrdClJobManager.cc:33
#5  0x00007fa04866aea5 in start_thread () from /lib64/libpthread.so.0
#6  0x00007fa0483939fd in clone () from /lib64/libc.so.6

Thread 3 (Thread 0x7fa03942c700 (LWP 146)):
#0  0x00007fa048671e9d in nanosleep () from /lib64/libpthread.so.0
#1  0x00007fa03a7a2ded in XrdSysTimer::Wait (mills=<optimized out>) at /build/cmsbld/auto-builds/CMSSW_10_2_0_pre6-slc7_amd64_gcc700/build/CMSSW_10_2_0_pre6-build/BUILD/slc7_amd64_gcc700/external/xrootd/4.8.3-gnimlf/xrootd-4.8.3/src/XrdSys/XrdSysTimer.cc:239
#2  0x00007fa03a637118 in XrdCl::TaskManager::RunTasks (this=0x9d88020) at /build/cmsbld/auto-builds/CMSSW_10_2_0_pre6-slc7_amd64_gcc700/build/CMSSW_10_2_0_pre6-build/BUILD/slc7_amd64_gcc700/external/xrootd/4.8.3-gnimlf/xrootd-4.8.3/src/XrdCl/XrdClTaskManager.cc:244
#3  0x00007fa03a637269 in RunRunnerThread (arg=<optimized out>) at /build/cmsbld/auto-builds/CMSSW_10_2_0_pre6-slc7_amd64_gcc700/build/CMSSW_10_2_0_pre6-build/BUILD/slc7_amd64_gcc700/external/xrootd/4.8.3-gnimlf/xrootd-4.8.3/src/XrdCl/XrdClTaskManager.cc:37
#4  0x00007fa04866aea5 in start_thread () from /lib64/libpthread.so.0
#5  0x00007fa0483939fd in clone () from /lib64/libc.so.6

Thread 2 (Thread 0x7fa039c2d700 (LWP 145)):
#0  0x00007fa048393fd3 in epoll_wait () from /lib64/libc.so.6
#1  0x00007fa03a7a7c17 in XrdSys::IOEvents::PollE::Begin (this=0x9dabfa0, syncsem=<optimized out>, retcode=<optimized out>, eTxt=<optimized out>) at /build/cmsbld/auto-builds/CMSSW_10_2_0_pre6-slc7_amd64_gcc700/build/CMSSW_10_2_0_pre6-build/BUILD/slc7_amd64_gcc700/external/xrootd/4.8.3-gnimlf/xrootd-4.8.3/src/./XrdSys/XrdSysIOEventsPollE.icc:213
#2  0x00007fa03a7a44f5 in XrdSys::IOEvents::BootStrap::Start (parg=0x7ffe22bd4700) at /build/cmsbld/auto-builds/CMSSW_10_2_0_pre6-slc7_amd64_gcc700/build/CMSSW_10_2_0_pre6-build/BUILD/slc7_amd64_gcc700/external/xrootd/4.8.3-gnimlf/xrootd-4.8.3/src/XrdSys/XrdSysIOEvents.cc:131
#3  0x00007fa03a7a25e8 in XrdSysThread_Xeq (myargs=0x9dac070) at /build/cmsbld/auto-builds/CMSSW_10_2_0_pre6-slc7_amd64_gcc700/build/CMSSW_10_2_0_pre6-build/BUILD/slc7_amd64_gcc700/external/xrootd/4.8.3-gnimlf/xrootd-4.8.3/src/XrdSys/XrdSysPthread.cc:86
#4  0x00007fa04866aea5 in start_thread () from /lib64/libpthread.so.0
#5  0x00007fa0483939fd in clone () from /lib64/libc.so.6

Thread 1 (Thread 0x7fa048fff980 (LWP 121)):
#0  0x00007fa04835a549 in waitpid () from /lib64/libc.so.6
#1  0x00007fa0482d7f62 in do_system () from /lib64/libc.so.6
#2  0x00007fa0482d8311 in system () from /lib64/libc.so.6
#3  0x00007fa048e99a8b in TUnixSystem::StackTrace() () from /cvmfs/cms.cern.ch/slc7_amd64_gcc700/lcg/root/6.12.07-gnimlf5/lib/libCore.so
#4  0x00007fa048e9c0cc in TUnixSystem::DispatchSignals(ESignals) () from /cvmfs/cms.cern.ch/slc7_amd64_gcc700/lcg/root/6.12.07-gnimlf5/lib/libCore.so
#5  <signal handler called>
#6  0x00007fa03cba8846 in TTree::GetCurrentFile() const () from /cvmfs/cms.cern.ch/slc7_amd64_gcc700/lcg/root/6.12.07-gnimlf5/lib/libTree.so
#7  0x00007fa03a85237b in ?? ()
#8  0x0000000009f9ff80 in ?? ()
#9  0x000000000a0a2ee0 in ?? ()
#10 0x000000000a0a29e0 in ?? ()
#11 0x000000000c7e9e30 in ?? ()
#12 0x0000000009d8e150 in ?? ()
#13 0x00007ffe22bd67f0 in ?? ()
#14 0x000000000c7e8590 in ?? ()
#15 0x000000000c7ea6d0 in ?? ()
#16 0x000000000a094180 in ?? ()
#17 0x00007ffe22bd67f0 in ?? ()
#18 0x00007ffe22bd6710 in ?? ()
#19 0x00007fa03a8526cc in ?? ()
#20 0x0000000007baad30 in ?? ()
#21 0x00007ffe22bd67f0 in ?? ()
#22 0x00007ffe22bd85d0 in ?? ()
#23 0x00007fa03a897b31 in ?? ()
#24 0x000000000819f700 in ?? ()
#25 0x000000000819f700 in ?? ()
#26 0x00007ffe22bd6778 in ?? ()
#27 0x0000000000000006 in ?? ()
#28 0x0000000000000000 in ?? ()
===========================================================


The lines below might hint at the cause of the crash.
You may get help by asking at the ROOT forum http://root.cern.ch/forum.
Only if you are really convinced it is a bug in ROOT then please submit a
report at http://root.cern.ch/bugs. Please post the ENTIRE stack trace
from above as an attachment in addition to anything else
that might help us fixing this issue.
===========================================================
#6  0x00007fa03cba8846 in TTree::GetCurrentFile() const () from /cvmfs/cms.cern.ch/slc7_amd64_gcc700/lcg/root/6.12.07-gnimlf5/lib/libTree.so
#7  0x00007fa03a85237b in ?? ()
#8  0x0000000009f9ff80 in ?? ()
#9  0x000000000a0a2ee0 in ?? ()
#10 0x000000000a0a29e0 in ?? ()
#11 0x000000000c7e9e30 in ?? ()
#12 0x0000000009d8e150 in ?? ()
#13 0x00007ffe22bd67f0 in ?? ()
#14 0x000000000c7e8590 in ?? ()
#15 0x000000000c7ea6d0 in ?? ()
#16 0x000000000a094180 in ?? ()
#17 0x00007ffe22bd67f0 in ?? ()
#18 0x00007ffe22bd6710 in ?? ()
#19 0x00007fa03a8526cc in ?? ()
#20 0x0000000007baad30 in ?? ()
#21 0x00007ffe22bd67f0 in ?? ()
#22 0x00007ffe22bd85d0 in ?? ()
#23 0x00007fa03a897b31 in ?? ()
#24 0x000000000819f700 in ?? ()
#25 0x000000000819f700 in ?? ()
#26 0x00007ffe22bd6778 in ?? ()
#27 0x0000000000000006 in ?? ()
#28 0x0000000000000000 in ?? ()
===========================================================


[1005kB/1005kB][100%][==================================================][1005kB/s]  [1005kB/1005kB][100%][==================================================][1005kB/s]  
