000 (73443782.000.000) 2021-09-24 12:09:03 Job submitted from host: <131.225.188.235:9618?addrs=131.225.188.235-9618&alias=lpcschedd3.fnal.gov&noUDP&sock=schedd_2706_ab5d>
...
040 (73443782.000.000) 2021-09-24 12:24:51 Started transferring input files
	Transferring to host: <131.225.190.42:9618?addrs=131.225.190.42-9618&alias=cmswn2015.fnal.gov&noUDP&sock=slot1_6_1537_b498_3056>
...
040 (73443782.000.000) 2021-09-24 12:24:52 Finished transferring input files
...
001 (73443782.000.000) 2021-09-24 12:24:53 Job executing on host: <131.225.190.42:9618?addrs=131.225.190.42-9618&alias=cmswn2015.fnal.gov&noUDP&sock=startd_1422_f3c3>
...
006 (73443782.000.000) 2021-09-24 12:25:01 Image size of job updated: 32
	32  -  MemoryUsage of job (MB)
	33060  -  ResidentSetSize of job (KB)
...
006 (73443782.000.000) 2021-09-24 12:26:02 Image size of job updated: 540
	540  -  MemoryUsage of job (MB)
	553376  -  ResidentSetSize of job (KB)
...
006 (73443782.000.000) 2021-09-24 12:27:02 Image size of job updated: 540
	540  -  MemoryUsage of job (MB)
	553572  -  ResidentSetSize of job (KB)
...
006 (73443782.000.000) 2021-09-24 12:28:02 Image size of job updated: 540
	540  -  MemoryUsage of job (MB)
	553652  -  ResidentSetSize of job (KB)
...
006 (73443782.000.000) 2021-09-24 12:29:03 Image size of job updated: 549
	549  -  MemoryUsage of job (MB)
	562936  -  ResidentSetSize of job (KB)
...
006 (73443782.000.000) 2021-09-24 12:30:03 Image size of job updated: 554
	554  -  MemoryUsage of job (MB)
	567936  -  ResidentSetSize of job (KB)
...
006 (73443782.000.000) 2021-09-24 12:31:04 Image size of job updated: 561
	561  -  MemoryUsage of job (MB)
	574472  -  ResidentSetSize of job (KB)
...
006 (73443782.000.000) 2021-09-24 12:31:53 Image size of job updated: 563
	563  -  MemoryUsage of job (MB)
	577528  -  ResidentSetSize of job (KB)
...
040 (73443782.000.000) 2021-09-24 12:31:53 Started transferring output files
...
040 (73443782.000.000) 2021-09-24 12:31:53 Finished transferring output files
...
005 (73443782.000.000) 2021-09-24 12:31:55 Job terminated.
	(1) Normal termination (return value 0)
		Usr 0 00:03:48, Sys 0 00:01:10  -  Run Remote Usage
		Usr 0 00:00:00, Sys 0 00:00:00  -  Run Local Usage
		Usr 0 00:03:48, Sys 0 00:01:10  -  Total Remote Usage
		Usr 0 00:00:00, Sys 0 00:00:00  -  Total Local Usage
	5806  -  Run Bytes Sent By Job
	2923648  -  Run Bytes Received By Job
	5806  -  Total Bytes Sent By Job
	2923648  -  Total Bytes Received By Job
	Partitionable Resources :    Usage  Request Allocated 
	   Cpus                 :        0        1         1 
	   Disk (KB)            :   510840     3000    765669 
	   Memory (MB)          :      563     3072      3072 

	Job terminated of its own accord at 2021-09-24T17:31:53Z.
...
000 (14730192.000.000) 2021-09-24 14:22:27 Job submitted from host: <131.225.188.55:9618?addrs=131.225.188.55-9618&alias=lpcschedd1.fnal.gov&noUDP&sock=schedd_2070_6d22>
...
040 (14730192.000.000) 2021-09-24 14:47:20 Started transferring input files
	Transferring to host: <131.225.205.154:9618?addrs=131.225.205.154-9618&alias=cmswn1928.fnal.gov&noUDP&sock=slot1_24_1533_e317_4938>
...
040 (14730192.000.000) 2021-09-24 14:47:20 Finished transferring input files
...
001 (14730192.000.000) 2021-09-24 14:47:21 Job executing on host: <131.225.205.154:9618?addrs=131.225.205.154-9618&alias=cmswn1928.fnal.gov&noUDP&sock=startd_1438_ed47>
...
006 (14730192.000.000) 2021-09-24 14:47:29 Image size of job updated: 24
	24  -  MemoryUsage of job (MB)
	25192  -  ResidentSetSize of job (KB)
...
006 (14730192.000.000) 2021-09-24 14:48:30 Image size of job updated: 540
	540  -  MemoryUsage of job (MB)
	553460  -  ResidentSetSize of job (KB)
...
006 (14730192.000.000) 2021-09-24 14:49:30 Image size of job updated: 540
	540  -  MemoryUsage of job (MB)
	553584  -  ResidentSetSize of job (KB)
...
006 (14730192.000.000) 2021-09-24 14:50:31 Image size of job updated: 540
	540  -  MemoryUsage of job (MB)
	553620  -  ResidentSetSize of job (KB)
...
006 (14730192.000.000) 2021-09-24 14:51:32 Image size of job updated: 549
	549  -  MemoryUsage of job (MB)
	562824  -  ResidentSetSize of job (KB)
...
006 (14730192.000.000) 2021-09-24 14:52:33 Image size of job updated: 553
	553  -  MemoryUsage of job (MB)
	566860  -  ResidentSetSize of job (KB)
...
006 (14730192.000.000) 2021-09-24 14:53:33 Image size of job updated: 558
	558  -  MemoryUsage of job (MB)
	572280  -  ResidentSetSize of job (KB)
...
006 (14730192.000.000) 2021-09-24 14:54:34 Image size of job updated: 563
	563  -  MemoryUsage of job (MB)
	576788  -  ResidentSetSize of job (KB)
...
006 (14730192.000.000) 2021-09-24 14:54:59 Image size of job updated: 563
	563  -  MemoryUsage of job (MB)
	577416  -  ResidentSetSize of job (KB)
...
040 (14730192.000.000) 2021-09-24 14:54:59 Started transferring output files
...
040 (14730192.000.000) 2021-09-24 14:54:59 Finished transferring output files
...
005 (14730192.000.000) 2021-09-24 14:55:01 Job terminated.
	(1) Normal termination (return value 0)
		Usr 0 00:04:21, Sys 0 00:01:11  -  Run Remote Usage
		Usr 0 00:00:00, Sys 0 00:00:00  -  Run Local Usage
		Usr 0 00:04:21, Sys 0 00:01:11  -  Total Remote Usage
		Usr 0 00:00:00, Sys 0 00:00:00  -  Total Local Usage
	5815  -  Run Bytes Sent By Job
	2923650  -  Run Bytes Received By Job
	5815  -  Total Bytes Sent By Job
	2923650  -  Total Bytes Received By Job
	Partitionable Resources :    Usage  Request Allocated 
	   Cpus                 :        0        1         1 
	   Disk (KB)            :   522823     3000   1651473 
	   Memory (MB)          :      563     3072      3072 

	Job terminated of its own accord at 2021-09-24T19:54:59Z.
...
