000 (73443764.000.000) 2021-09-24 12:08:48 Job submitted from host: <131.225.188.235:9618?addrs=131.225.188.235-9618&alias=lpcschedd3.fnal.gov&noUDP&sock=schedd_2706_ab5d>
...
040 (73443764.000.000) 2021-09-24 12:23:40 Started transferring input files
	Transferring to host: <131.225.204.117:9618?addrs=131.225.204.117-9618&alias=cmswn1721.fnal.gov&noUDP&sock=slot1_5_1211_024a_6156>
...
040 (73443764.000.000) 2021-09-24 12:23:40 Finished transferring input files
...
001 (73443764.000.000) 2021-09-24 12:23:41 Job executing on host: <131.225.204.117:9618?addrs=131.225.204.117-9618&alias=cmswn1721.fnal.gov&noUDP&sock=startd_1140_860e>
...
006 (73443764.000.000) 2021-09-24 12:23:50 Image size of job updated: 41
	41  -  MemoryUsage of job (MB)
	42812  -  ResidentSetSize of job (KB)
...
006 (73443764.000.000) 2021-09-24 12:24:51 Image size of job updated: 361
	361  -  MemoryUsage of job (MB)
	369684  -  ResidentSetSize of job (KB)
...
006 (73443764.000.000) 2021-09-24 12:25:52 Image size of job updated: 361
	361  -  MemoryUsage of job (MB)
	370092  -  ResidentSetSize of job (KB)
...
006 (73443764.000.000) 2021-09-24 12:26:52 Image size of job updated: 369
	369  -  MemoryUsage of job (MB)
	378348  -  ResidentSetSize of job (KB)
...
006 (73443764.000.000) 2021-09-24 12:27:52 Image size of job updated: 369
	369  -  MemoryUsage of job (MB)
	378708  -  ResidentSetSize of job (KB)
...
006 (73443764.000.000) 2021-09-24 12:28:18 Image size of job updated: 369
	369  -  MemoryUsage of job (MB)
	378724  -  ResidentSetSize of job (KB)
...
040 (73443764.000.000) 2021-09-24 12:28:18 Started transferring output files
...
040 (73443764.000.000) 2021-09-24 12:28:18 Finished transferring output files
...
005 (73443764.000.000) 2021-09-24 12:28:20 Job terminated.
	(1) Normal termination (return value 0)
		Usr 0 00:01:30, Sys 0 00:00:52  -  Run Remote Usage
		Usr 0 00:00:00, Sys 0 00:00:00  -  Run Local Usage
		Usr 0 00:01:30, Sys 0 00:00:52  -  Total Remote Usage
		Usr 0 00:00:00, Sys 0 00:00:00  -  Total Local Usage
	2950  -  Run Bytes Sent By Job
	2923648  -  Run Bytes Received By Job
	2950  -  Total Bytes Sent By Job
	2923648  -  Total Bytes Received By Job
	Partitionable Resources :     Usage  Request Allocated 
	   Cpus                 :      0.00        1         1 
	   Disk (KB)            : 166132        3000    339253 
	   Memory (MB)          :    369        3072      3072 

	Job terminated of its own accord at 2021-09-24T17:28:18Z.
...
000 (14730176.000.000) 2021-09-24 14:22:16 Job submitted from host: <131.225.188.55:9618?addrs=131.225.188.55-9618&alias=lpcschedd1.fnal.gov&noUDP&sock=schedd_2070_6d22>
...
040 (14730176.000.000) 2021-09-24 14:46:37 Started transferring input files
	Transferring to host: <131.225.188.22:9618?addrs=131.225.188.22-9618&alias=cmswn2024.fnal.gov&noUDP&sock=slot1_26_1990_e28a_6560>
...
040 (14730176.000.000) 2021-09-24 14:46:37 Finished transferring input files
...
001 (14730176.000.000) 2021-09-24 14:46:38 Job executing on host: <131.225.188.22:9618?addrs=131.225.188.22-9618&alias=cmswn2024.fnal.gov&noUDP&sock=startd_1902_3138>
...
006 (14730176.000.000) 2021-09-24 14:46:47 Image size of job updated: 9
	9  -  MemoryUsage of job (MB)
	9324  -  ResidentSetSize of job (KB)
...
006 (14730176.000.000) 2021-09-24 14:47:48 Image size of job updated: 300
	300  -  MemoryUsage of job (MB)
	307748  -  ResidentSetSize of job (KB)
...
006 (14730176.000.000) 2021-09-24 14:48:48 Image size of job updated: 363
	363  -  MemoryUsage of job (MB)
	372584  -  ResidentSetSize of job (KB)
...
006 (14730176.000.000) 2021-09-24 14:49:49 Image size of job updated: 365
	365  -  MemoryUsage of job (MB)
	374196  -  ResidentSetSize of job (KB)
...
006 (14730176.000.000) 2021-09-24 14:50:50 Image size of job updated: 372
	372  -  MemoryUsage of job (MB)
	381508  -  ResidentSetSize of job (KB)
...
006 (14730176.000.000) 2021-09-24 14:51:50 Image size of job updated: 373
	373  -  MemoryUsage of job (MB)
	382012  -  ResidentSetSize of job (KB)
...
006 (14730176.000.000) 2021-09-24 14:52:51 Image size of job updated: 373
	373  -  MemoryUsage of job (MB)
	382040  -  ResidentSetSize of job (KB)
...
006 (14730176.000.000) 2021-09-24 14:53:39 Image size of job updated: 411
	411  -  MemoryUsage of job (MB)
	421820  -  ResidentSetSize of job (KB)
...
040 (14730176.000.000) 2021-09-24 14:53:39 Started transferring output files
...
040 (14730176.000.000) 2021-09-24 14:53:39 Finished transferring output files
...
005 (14730176.000.000) 2021-09-24 14:53:43 Job terminated.
	(1) Normal termination (return value 0)
		Usr 0 00:00:00, Sys 0 00:00:00  -  Run Remote Usage
		Usr 0 00:00:00, Sys 0 00:00:00  -  Run Local Usage
		Usr 0 00:02:05, Sys 0 00:02:12  -  Total Remote Usage
		Usr 0 00:00:00, Sys 0 00:00:00  -  Total Local Usage
	11831  -  Run Bytes Sent By Job
	2923650  -  Run Bytes Received By Job
	11831  -  Total Bytes Sent By Job
	2923650  -  Total Bytes Received By Job
	Partitionable Resources :    Usage  Request Allocated 
	   Cpus                 :        0        1         1 
	   Disk (KB)            :   159361     3000   1637439 
	   Memory (MB)          :      411     3072      3072 

	Job terminated of its own accord at 2021-09-24T19:53:39Z.
...
