000 (14728931.000.000) 2021-09-24 12:08:12 Job submitted from host: <131.225.188.55:9618?addrs=131.225.188.55-9618&alias=lpcschedd1.fnal.gov&noUDP&sock=schedd_2070_6d22>
...
040 (14728931.000.000) 2021-09-24 12:15:49 Started transferring input files
	Transferring to host: <131.225.188.20:9618?addrs=131.225.188.20-9618&alias=cmswn2022.fnal.gov&noUDP&sock=slot1_17_1997_d12a_4951>
...
040 (14728931.000.000) 2021-09-24 12:15:49 Finished transferring input files
...
001 (14728931.000.000) 2021-09-24 12:15:50 Job executing on host: <131.225.188.20:9618?addrs=131.225.188.20-9618&alias=cmswn2022.fnal.gov&noUDP&sock=startd_1901_81a0>
...
006 (14728931.000.000) 2021-09-24 12:16:59 Image size of job updated: 260
	260  -  MemoryUsage of job (MB)
	267052  -  ResidentSetSize of job (KB)
...
006 (14728931.000.000) 2021-09-24 12:17:59 Image size of job updated: 352
	352  -  MemoryUsage of job (MB)
	360808  -  ResidentSetSize of job (KB)
...
006 (14728931.000.000) 2021-09-24 12:18:59 Image size of job updated: 413
	413  -  MemoryUsage of job (MB)
	423760  -  ResidentSetSize of job (KB)
...
006 (14728931.000.000) 2021-09-24 12:19:59 Image size of job updated: 415
	415  -  MemoryUsage of job (MB)
	425684  -  ResidentSetSize of job (KB)
...
006 (14728931.000.000) 2021-09-24 12:24:02 Image size of job updated: 415
	415  -  MemoryUsage of job (MB)
	425732  -  ResidentSetSize of job (KB)
...
006 (14728931.000.000) 2021-09-24 12:26:03 Image size of job updated: 416
	416  -  MemoryUsage of job (MB)
	426180  -  ResidentSetSize of job (KB)
...
006 (14728931.000.000) 2021-09-24 12:27:03 Image size of job updated: 423
	423  -  MemoryUsage of job (MB)
	433220  -  ResidentSetSize of job (KB)
...
006 (14728931.000.000) 2021-09-24 12:28:04 Image size of job updated: 423
	423  -  MemoryUsage of job (MB)
	433460  -  ResidentSetSize of job (KB)
...
006 (14728931.000.000) 2021-09-24 12:29:04 Image size of job updated: 423
	423  -  MemoryUsage of job (MB)
	433816  -  ResidentSetSize of job (KB)
...
006 (14728931.000.000) 2021-09-24 12:30:04 Image size of job updated: 423
	423  -  MemoryUsage of job (MB)
	434080  -  ResidentSetSize of job (KB)
...
006 (14728931.000.000) 2021-09-24 12:31:05 Image size of job updated: 424
	424  -  MemoryUsage of job (MB)
	434308  -  ResidentSetSize of job (KB)
...
006 (14728931.000.000) 2021-09-24 12:32:06 Image size of job updated: 424
	424  -  MemoryUsage of job (MB)
	434860  -  ResidentSetSize of job (KB)
...
006 (14728931.000.000) 2021-09-24 12:33:06 Image size of job updated: 425
	425  -  MemoryUsage of job (MB)
	435400  -  ResidentSetSize of job (KB)
...
006 (14728931.000.000) 2021-09-24 12:34:07 Image size of job updated: 426
	426  -  MemoryUsage of job (MB)
	436516  -  ResidentSetSize of job (KB)
...
006 (14728931.000.000) 2021-09-24 12:35:08 Image size of job updated: 428
	428  -  MemoryUsage of job (MB)
	438568  -  ResidentSetSize of job (KB)
...
006 (14728931.000.000) 2021-09-24 12:36:08 Image size of job updated: 429
	429  -  MemoryUsage of job (MB)
	439904  -  ResidentSetSize of job (KB)
...
006 (14728931.000.000) 2021-09-24 12:37:08 Image size of job updated: 430
	430  -  MemoryUsage of job (MB)
	441124  -  ResidentSetSize of job (KB)
...
006 (14728931.000.000) 2021-09-24 12:37:42 Image size of job updated: 431
	431  -  MemoryUsage of job (MB)
	441624  -  ResidentSetSize of job (KB)
...
040 (14728931.000.000) 2021-09-24 12:37:42 Started transferring output files
...
040 (14728931.000.000) 2021-09-24 12:37:42 Finished transferring output files
...
005 (14728931.000.000) 2021-09-24 12:37:45 Job terminated.
	(1) Normal termination (return value 0)
		Usr 0 00:00:00, Sys 0 00:00:00  -  Run Remote Usage
		Usr 0 00:00:00, Sys 0 00:00:00  -  Run Local Usage
		Usr 0 00:04:37, Sys 0 00:05:29  -  Total Remote Usage
		Usr 0 00:00:00, Sys 0 00:00:00  -  Total Local Usage
	4437  -  Run Bytes Sent By Job
	2923648  -  Run Bytes Received By Job
	4437  -  Total Bytes Sent By Job
	2923648  -  Total Bytes Received By Job
	Partitionable Resources :     Usage  Request Allocated 
	   Cpus                 :      0.00        1         1 
	   Disk (KB)            : 274644        3000   1630495 
	   Memory (MB)          :    431        3072      3072 

	Job terminated of its own accord at 2021-09-24T17:37:42Z.
...
000 (14730143.000.000) 2021-09-24 14:21:53 Job submitted from host: <131.225.188.55:9618?addrs=131.225.188.55-9618&alias=lpcschedd1.fnal.gov&noUDP&sock=schedd_2070_6d22>
...
040 (14730143.000.000) 2021-09-24 14:45:38 Started transferring input files
	Transferring to host: <131.225.191.253:9618?addrs=131.225.191.253-9618&alias=cmswn2004.fnal.gov&noUDP&sock=slot1_27_1532_2eb7_4307>
...
040 (14730143.000.000) 2021-09-24 14:45:38 Finished transferring input files
...
001 (14730143.000.000) 2021-09-24 14:45:39 Job executing on host: <131.225.191.253:9618?addrs=131.225.191.253-9618&alias=cmswn2004.fnal.gov&noUDP&sock=startd_1433_7f4e>
...
006 (14730143.000.000) 2021-09-24 14:45:48 Image size of job updated: 8
	8  -  MemoryUsage of job (MB)
	8240  -  ResidentSetSize of job (KB)
...
006 (14730143.000.000) 2021-09-24 14:46:48 Image size of job updated: 348
	348  -  MemoryUsage of job (MB)
	356556  -  ResidentSetSize of job (KB)
...
006 (14730143.000.000) 2021-09-24 14:47:48 Image size of job updated: 409
	409  -  MemoryUsage of job (MB)
	419108  -  ResidentSetSize of job (KB)
...
006 (14730143.000.000) 2021-09-24 14:52:48 Image size of job updated: 409
	409  -  MemoryUsage of job (MB)
	419164  -  ResidentSetSize of job (KB)
...
006 (14730143.000.000) 2021-09-24 14:54:50 Image size of job updated: 410
	410  -  MemoryUsage of job (MB)
	420544  -  ResidentSetSize of job (KB)
...
006 (14730143.000.000) 2021-09-24 14:55:51 Image size of job updated: 416
	416  -  MemoryUsage of job (MB)
	426472  -  ResidentSetSize of job (KB)
...
006 (14730143.000.000) 2021-09-24 14:56:51 Image size of job updated: 416
	416  -  MemoryUsage of job (MB)
	426808  -  ResidentSetSize of job (KB)
...
006 (14730143.000.000) 2021-09-24 14:57:51 Image size of job updated: 416
	416  -  MemoryUsage of job (MB)
	427000  -  ResidentSetSize of job (KB)
...
006 (14730143.000.000) 2021-09-24 14:58:54 Image size of job updated: 417
	417  -  MemoryUsage of job (MB)
	427276  -  ResidentSetSize of job (KB)
...
006 (14730143.000.000) 2021-09-24 14:59:54 Image size of job updated: 417
	417  -  MemoryUsage of job (MB)
	427720  -  ResidentSetSize of job (KB)
...
006 (14730143.000.000) 2021-09-24 15:00:55 Image size of job updated: 420
	420  -  MemoryUsage of job (MB)
	430324  -  ResidentSetSize of job (KB)
...
006 (14730143.000.000) 2021-09-24 15:01:56 Image size of job updated: 422
	422  -  MemoryUsage of job (MB)
	432516  -  ResidentSetSize of job (KB)
...
006 (14730143.000.000) 2021-09-24 15:02:41 Image size of job updated: 423
	423  -  MemoryUsage of job (MB)
	433872  -  ResidentSetSize of job (KB)
...
040 (14730143.000.000) 2021-09-24 15:02:41 Started transferring output files
...
040 (14730143.000.000) 2021-09-24 15:02:41 Finished transferring output files
...
005 (14730143.000.000) 2021-09-24 15:02:44 Job terminated.
	(1) Normal termination (return value 0)
		Usr 0 00:00:00, Sys 0 00:00:00  -  Run Remote Usage
		Usr 0 00:00:00, Sys 0 00:00:00  -  Run Local Usage
		Usr 0 00:07:50, Sys 0 00:05:56  -  Total Remote Usage
		Usr 0 00:00:00, Sys 0 00:00:00  -  Total Local Usage
	4529  -  Run Bytes Sent By Job
	2923650  -  Run Bytes Received By Job
	4529  -  Total Bytes Sent By Job
	2923650  -  Total Bytes Received By Job
	Partitionable Resources :    Usage  Request Allocated 
	   Cpus                 :        0        1         1 
	   Disk (KB)            :   309857     3000    774674 
	   Memory (MB)          :      423     3072      3072 

	Job terminated of its own accord at 2021-09-24T20:02:41Z.
...
