000 (34669715.000.000) 2021-09-24 12:08:52 Job submitted from host: <131.225.188.57:9618?addrs=131.225.188.57-9618&alias=lpcschedd2.fnal.gov&noUDP&sock=schedd_2251_93c6>
...
040 (34669715.000.000) 2021-09-24 12:39:13 Started transferring input files
	Transferring to host: <131.225.191.226:9618?addrs=131.225.191.226-9618&alias=cmswn2002.fnal.gov&noUDP&sock=slot1_18_1528_5d37_3181>
...
040 (34669715.000.000) 2021-09-24 12:39:13 Finished transferring input files
...
001 (34669715.000.000) 2021-09-24 12:39:14 Job executing on host: <131.225.191.226:9618?addrs=131.225.191.226-9618&alias=cmswn2002.fnal.gov&noUDP&sock=startd_1429_c0ed>
...
006 (34669715.000.000) 2021-09-24 12:39:23 Image size of job updated: 24
	24  -  MemoryUsage of job (MB)
	25408  -  ResidentSetSize of job (KB)
...
006 (34669715.000.000) 2021-09-24 12:40:23 Image size of job updated: 655
	655  -  MemoryUsage of job (MB)
	671556  -  ResidentSetSize of job (KB)
...
006 (34669715.000.000) 2021-09-24 12:41:23 Image size of job updated: 658
	658  -  MemoryUsage of job (MB)
	674172  -  ResidentSetSize of job (KB)
...
006 (34669715.000.000) 2021-09-24 12:42:24 Image size of job updated: 658
	658  -  MemoryUsage of job (MB)
	674240  -  ResidentSetSize of job (KB)
...
006 (34669715.000.000) 2021-09-24 12:43:24 Image size of job updated: 658
	658  -  MemoryUsage of job (MB)
	674316  -  ResidentSetSize of job (KB)
...
006 (34669715.000.000) 2021-09-24 12:44:26 Image size of job updated: 658
	658  -  MemoryUsage of job (MB)
	674384  -  ResidentSetSize of job (KB)
...
006 (34669715.000.000) 2021-09-24 12:45:26 Image size of job updated: 658
	658  -  MemoryUsage of job (MB)
	674500  -  ResidentSetSize of job (KB)
...
006 (34669715.000.000) 2021-09-24 12:46:27 Image size of job updated: 658
	658  -  MemoryUsage of job (MB)
	674556  -  ResidentSetSize of job (KB)
...
006 (34669715.000.000) 2021-09-24 12:47:27 Image size of job updated: 658
	658  -  MemoryUsage of job (MB)
	674728  -  ResidentSetSize of job (KB)
...
006 (34669715.000.000) 2021-09-24 12:48:27 Image size of job updated: 659
	659  -  MemoryUsage of job (MB)
	674876  -  ResidentSetSize of job (KB)
...
006 (34669715.000.000) 2021-09-24 12:49:28 Image size of job updated: 659
	659  -  MemoryUsage of job (MB)
	675216  -  ResidentSetSize of job (KB)
...
006 (34669715.000.000) 2021-09-24 12:51:29 Image size of job updated: 659
	659  -  MemoryUsage of job (MB)
	675256  -  ResidentSetSize of job (KB)
...
006 (34669715.000.000) 2021-09-24 12:52:29 Image size of job updated: 659
	659  -  MemoryUsage of job (MB)
	675316  -  ResidentSetSize of job (KB)
...
006 (34669715.000.000) 2021-09-24 12:53:30 Image size of job updated: 659
	659  -  MemoryUsage of job (MB)
	675376  -  ResidentSetSize of job (KB)
...
006 (34669715.000.000) 2021-09-24 12:54:31 Image size of job updated: 659
	659  -  MemoryUsage of job (MB)
	675432  -  ResidentSetSize of job (KB)
...
006 (34669715.000.000) 2021-09-24 12:55:33 Image size of job updated: 659
	659  -  MemoryUsage of job (MB)
	675492  -  ResidentSetSize of job (KB)
...
006 (34669715.000.000) 2021-09-24 12:56:33 Image size of job updated: 664
	664  -  MemoryUsage of job (MB)
	680632  -  ResidentSetSize of job (KB)
...
006 (34669715.000.000) 2021-09-24 12:57:34 Image size of job updated: 670
	670  -  MemoryUsage of job (MB)
	686348  -  ResidentSetSize of job (KB)
...
006 (34669715.000.000) 2021-09-24 12:58:34 Image size of job updated: 677
	677  -  MemoryUsage of job (MB)
	694096  -  ResidentSetSize of job (KB)
...
006 (34669715.000.000) 2021-09-24 12:59:34 Image size of job updated: 686
	686  -  MemoryUsage of job (MB)
	703024  -  ResidentSetSize of job (KB)
...
006 (34669715.000.000) 2021-09-24 13:00:35 Image size of job updated: 694
	694  -  MemoryUsage of job (MB)
	710940  -  ResidentSetSize of job (KB)
...
006 (34669715.000.000) 2021-09-24 13:01:35 Image size of job updated: 703
	703  -  MemoryUsage of job (MB)
	720164  -  ResidentSetSize of job (KB)
...
006 (34669715.000.000) 2021-09-24 13:02:36 Image size of job updated: 710
	710  -  MemoryUsage of job (MB)
	727324  -  ResidentSetSize of job (KB)
...
006 (34669715.000.000) 2021-09-24 13:03:36 Image size of job updated: 717
	717  -  MemoryUsage of job (MB)
	735016  -  ResidentSetSize of job (KB)
...
006 (34669715.000.000) 2021-09-24 13:04:37 Image size of job updated: 724
	724  -  MemoryUsage of job (MB)
	741992  -  ResidentSetSize of job (KB)
...
006 (34669715.000.000) 2021-09-24 13:05:38 Image size of job updated: 732
	732  -  MemoryUsage of job (MB)
	749884  -  ResidentSetSize of job (KB)
...
006 (34669715.000.000) 2021-09-24 13:06:39 Image size of job updated: 739
	739  -  MemoryUsage of job (MB)
	757004  -  ResidentSetSize of job (KB)
...
006 (34669715.000.000) 2021-09-24 13:07:40 Image size of job updated: 747
	747  -  MemoryUsage of job (MB)
	765492  -  ResidentSetSize of job (KB)
...
006 (34669715.000.000) 2021-09-24 13:08:41 Image size of job updated: 755
	755  -  MemoryUsage of job (MB)
	773248  -  ResidentSetSize of job (KB)
...
006 (34669715.000.000) 2021-09-24 13:09:41 Image size of job updated: 762
	762  -  MemoryUsage of job (MB)
	781308  -  ResidentSetSize of job (KB)
...
006 (34669715.000.000) 2021-09-24 13:10:42 Image size of job updated: 771
	771  -  MemoryUsage of job (MB)
	789716  -  ResidentSetSize of job (KB)
...
006 (34669715.000.000) 2021-09-24 13:11:42 Image size of job updated: 780
	780  -  MemoryUsage of job (MB)
	799236  -  ResidentSetSize of job (KB)
...
006 (34669715.000.000) 2021-09-24 13:12:43 Image size of job updated: 788
	788  -  MemoryUsage of job (MB)
	807756  -  ResidentSetSize of job (KB)
...
006 (34669715.000.000) 2021-09-24 13:13:43 Image size of job updated: 797
	797  -  MemoryUsage of job (MB)
	816388  -  ResidentSetSize of job (KB)
...
040 (34669715.000.000) 2021-09-24 13:14:17 Started transferring output files
...
040 (34669715.000.000) 2021-09-24 13:14:27 Finished transferring output files
...
005 (34669715.000.000) 2021-09-24 13:14:29 Job terminated.
	(1) Normal termination (return value 0)
		Usr 0 00:17:46, Sys 0 00:05:55  -  Run Remote Usage
		Usr 0 00:00:00, Sys 0 00:00:00  -  Run Local Usage
		Usr 0 00:17:46, Sys 0 00:05:55  -  Total Remote Usage
		Usr 0 00:00:00, Sys 0 00:00:00  -  Total Local Usage
	29193  -  Run Bytes Sent By Job
	2923648  -  Run Bytes Received By Job
	29193  -  Total Bytes Sent By Job
	2923648  -  Total Bytes Received By Job
	Partitionable Resources :      Usage  Request Allocated 
	   Cpus                 :       0.00        1         1 
	   Disk (KB)            : 1948828        3000    776801 
	   Memory (MB)          :     797        3072      3072 

	Job terminated of its own accord at 2021-09-24T18:14:17Z.
...
000 (14730181.000.000) 2021-09-24 14:22:19 Job submitted from host: <131.225.188.55:9618?addrs=131.225.188.55-9618&alias=lpcschedd1.fnal.gov&noUDP&sock=schedd_2070_6d22>
...
040 (14730181.000.000) 2021-09-24 14:46:53 Started transferring input files
	Transferring to host: <131.225.205.181:9618?addrs=131.225.205.181-9618&alias=cmswn1955.fnal.gov&noUDP&sock=slot1_10_1533_e317_5303>
...
040 (14730181.000.000) 2021-09-24 14:46:54 Finished transferring input files
...
001 (14730181.000.000) 2021-09-24 14:46:55 Job executing on host: <131.225.205.181:9618?addrs=131.225.205.181-9618&alias=cmswn1955.fnal.gov&noUDP&sock=startd_1434_2ee6>
...
006 (14730181.000.000) 2021-09-24 14:47:03 Image size of job updated: 16
	16  -  MemoryUsage of job (MB)
	16768  -  ResidentSetSize of job (KB)
...
006 (14730181.000.000) 2021-09-24 14:48:03 Image size of job updated: 655
	655  -  MemoryUsage of job (MB)
	671448  -  ResidentSetSize of job (KB)
...
006 (14730181.000.000) 2021-09-24 14:49:03 Image size of job updated: 658
	658  -  MemoryUsage of job (MB)
	674204  -  ResidentSetSize of job (KB)
...
006 (14730181.000.000) 2021-09-24 14:50:04 Image size of job updated: 658
	658  -  MemoryUsage of job (MB)
	674372  -  ResidentSetSize of job (KB)
...
006 (14730181.000.000) 2021-09-24 14:51:05 Image size of job updated: 658
	658  -  MemoryUsage of job (MB)
	674468  -  ResidentSetSize of job (KB)
...
006 (14730181.000.000) 2021-09-24 14:52:06 Image size of job updated: 658
	658  -  MemoryUsage of job (MB)
	674672  -  ResidentSetSize of job (KB)
...
006 (14730181.000.000) 2021-09-24 14:53:06 Image size of job updated: 659
	659  -  MemoryUsage of job (MB)
	674884  -  ResidentSetSize of job (KB)
...
006 (14730181.000.000) 2021-09-24 14:54:06 Image size of job updated: 659
	659  -  MemoryUsage of job (MB)
	675100  -  ResidentSetSize of job (KB)
...
006 (14730181.000.000) 2021-09-24 14:55:06 Image size of job updated: 659
	659  -  MemoryUsage of job (MB)
	675248  -  ResidentSetSize of job (KB)
...
006 (14730181.000.000) 2021-09-24 14:56:06 Image size of job updated: 659
	659  -  MemoryUsage of job (MB)
	675344  -  ResidentSetSize of job (KB)
...
006 (14730181.000.000) 2021-09-24 14:57:07 Image size of job updated: 659
	659  -  MemoryUsage of job (MB)
	675448  -  ResidentSetSize of job (KB)
...
006 (14730181.000.000) 2021-09-24 14:58:08 Image size of job updated: 659
	659  -  MemoryUsage of job (MB)
	675564  -  ResidentSetSize of job (KB)
...
006 (14730181.000.000) 2021-09-24 14:59:08 Image size of job updated: 659
	659  -  MemoryUsage of job (MB)
	675608  -  ResidentSetSize of job (KB)
...
006 (14730181.000.000) 2021-09-24 15:00:09 Image size of job updated: 659
	659  -  MemoryUsage of job (MB)
	675656  -  ResidentSetSize of job (KB)
...
006 (14730181.000.000) 2021-09-24 15:01:09 Image size of job updated: 659
	659  -  MemoryUsage of job (MB)
	675712  -  ResidentSetSize of job (KB)
...
006 (14730181.000.000) 2021-09-24 15:02:10 Image size of job updated: 659
	659  -  MemoryUsage of job (MB)
	675772  -  ResidentSetSize of job (KB)
...
006 (14730181.000.000) 2021-09-24 15:03:11 Image size of job updated: 659
	659  -  MemoryUsage of job (MB)
	675828  -  ResidentSetSize of job (KB)
...
006 (14730181.000.000) 2021-09-24 15:04:11 Image size of job updated: 664
	664  -  MemoryUsage of job (MB)
	680212  -  ResidentSetSize of job (KB)
...
006 (14730181.000.000) 2021-09-24 15:05:11 Image size of job updated: 666
	666  -  MemoryUsage of job (MB)
	682720  -  ResidentSetSize of job (KB)
...
006 (14730181.000.000) 2021-09-24 15:06:11 Image size of job updated: 673
	673  -  MemoryUsage of job (MB)
	689672  -  ResidentSetSize of job (KB)
...
006 (14730181.000.000) 2021-09-24 15:07:11 Image size of job updated: 681
	681  -  MemoryUsage of job (MB)
	697756  -  ResidentSetSize of job (KB)
...
006 (14730181.000.000) 2021-09-24 15:08:12 Image size of job updated: 688
	688  -  MemoryUsage of job (MB)
	705032  -  ResidentSetSize of job (KB)
...
006 (14730181.000.000) 2021-09-24 15:09:12 Image size of job updated: 696
	696  -  MemoryUsage of job (MB)
	712944  -  ResidentSetSize of job (KB)
...
006 (14730181.000.000) 2021-09-24 15:10:13 Image size of job updated: 703
	703  -  MemoryUsage of job (MB)
	720076  -  ResidentSetSize of job (KB)
...
006 (14730181.000.000) 2021-09-24 15:11:14 Image size of job updated: 709
	709  -  MemoryUsage of job (MB)
	726812  -  ResidentSetSize of job (KB)
...
006 (14730181.000.000) 2021-09-24 15:12:14 Image size of job updated: 716
	716  -  MemoryUsage of job (MB)
	733376  -  ResidentSetSize of job (KB)
...
006 (14730181.000.000) 2021-09-24 15:13:15 Image size of job updated: 722
	722  -  MemoryUsage of job (MB)
	740104  -  ResidentSetSize of job (KB)
...
006 (14730181.000.000) 2021-09-24 15:14:15 Image size of job updated: 729
	729  -  MemoryUsage of job (MB)
	746588  -  ResidentSetSize of job (KB)
...
006 (14730181.000.000) 2021-09-24 15:15:16 Image size of job updated: 735
	735  -  MemoryUsage of job (MB)
	753488  -  ResidentSetSize of job (KB)
...
006 (14730181.000.000) 2021-09-24 15:16:16 Image size of job updated: 742
	742  -  MemoryUsage of job (MB)
	760184  -  ResidentSetSize of job (KB)
...
006 (14730181.000.000) 2021-09-24 15:17:16 Image size of job updated: 749
	749  -  MemoryUsage of job (MB)
	767624  -  ResidentSetSize of job (KB)
...
006 (14730181.000.000) 2021-09-24 15:18:17 Image size of job updated: 755
	755  -  MemoryUsage of job (MB)
	774124  -  ResidentSetSize of job (KB)
...
006 (14730181.000.000) 2021-09-24 15:19:17 Image size of job updated: 762
	762  -  MemoryUsage of job (MB)
	780884  -  ResidentSetSize of job (KB)
...
006 (14730181.000.000) 2021-09-24 15:20:18 Image size of job updated: 769
	769  -  MemoryUsage of job (MB)
	787992  -  ResidentSetSize of job (KB)
...
006 (14730181.000.000) 2021-09-24 15:21:19 Image size of job updated: 777
	777  -  MemoryUsage of job (MB)
	796072  -  ResidentSetSize of job (KB)
...
006 (14730181.000.000) 2021-09-24 15:22:19 Image size of job updated: 784
	784  -  MemoryUsage of job (MB)
	803592  -  ResidentSetSize of job (KB)
...
006 (14730181.000.000) 2021-09-24 15:23:20 Image size of job updated: 792
	792  -  MemoryUsage of job (MB)
	811536  -  ResidentSetSize of job (KB)
...
006 (14730181.000.000) 2021-09-24 15:24:21 Image size of job updated: 797
	797  -  MemoryUsage of job (MB)
	816448  -  ResidentSetSize of job (KB)
...
040 (14730181.000.000) 2021-09-24 15:24:35 Started transferring output files
...
040 (14730181.000.000) 2021-09-24 15:24:35 Finished transferring output files
...
005 (14730181.000.000) 2021-09-24 15:24:36 Job terminated.
	(1) Normal termination (return value 0)
		Usr 0 00:00:00, Sys 0 00:00:00  -  Run Remote Usage
		Usr 0 00:00:00, Sys 0 00:00:00  -  Run Local Usage
		Usr 0 00:21:33, Sys 0 00:05:45  -  Total Remote Usage
		Usr 0 00:00:00, Sys 0 00:00:00  -  Total Local Usage
	29021  -  Run Bytes Sent By Job
	2923650  -  Run Bytes Received By Job
	29021  -  Total Bytes Sent By Job
	2923650  -  Total Bytes Received By Job
	Partitionable Resources :      Usage  Request Allocated 
	   Cpus                 :       0.00        1         1 
	   Disk (KB)            : 1958959        3000   1640959 
	   Memory (MB)          :     797        3072      3072 

	Job terminated of its own accord at 2021-09-24T20:24:34Z.
...
