000 (73445207.000.000) 2021-09-24 22:15:03 Job submitted from host: <131.225.188.235:9618?addrs=131.225.188.235-9618&alias=lpcschedd3.fnal.gov&noUDP&sock=schedd_2706_ab5d>
...
040 (73445207.000.000) 2021-09-25 00:36:58 Started transferring input files
	Transferring to host: <131.225.204.103:9618?addrs=131.225.204.103-9618&alias=cmswn1707.fnal.gov&noUDP&sock=slot1_2_1219_a54b_6732>
...
040 (73445207.000.000) 2021-09-25 00:36:58 Finished transferring input files
...
001 (73445207.000.000) 2021-09-25 00:36:59 Job executing on host: <131.225.204.103:9618?addrs=131.225.204.103-9618&alias=cmswn1707.fnal.gov&noUDP&sock=startd_1140_860e>
...
006 (73445207.000.000) 2021-09-25 00:37:08 Image size of job updated: 63
	63  -  MemoryUsage of job (MB)
	64748  -  ResidentSetSize of job (KB)
...
006 (73445207.000.000) 2021-09-25 00:38:09 Image size of job updated: 503
	503  -  MemoryUsage of job (MB)
	515652  -  ResidentSetSize of job (KB)
...
006 (73445207.000.000) 2021-09-25 00:41:11 Image size of job updated: 514
	514  -  MemoryUsage of job (MB)
	526728  -  ResidentSetSize of job (KB)
...
006 (73445207.000.000) 2021-09-25 00:42:11 Image size of job updated: 569
	569  -  MemoryUsage of job (MB)
	583216  -  ResidentSetSize of job (KB)
...
006 (73445207.000.000) 2021-09-25 00:43:11 Image size of job updated: 620
	620  -  MemoryUsage of job (MB)
	635232  -  ResidentSetSize of job (KB)
...
006 (73445207.000.000) 2021-09-25 00:44:12 Image size of job updated: 662
	662  -  MemoryUsage of job (MB)
	678572  -  ResidentSetSize of job (KB)
...
006 (73445207.000.000) 2021-09-25 00:45:12 Image size of job updated: 701
	701  -  MemoryUsage of job (MB)
	718144  -  ResidentSetSize of job (KB)
...
006 (73445207.000.000) 2021-09-25 00:46:12 Image size of job updated: 737
	737  -  MemoryUsage of job (MB)
	755100  -  ResidentSetSize of job (KB)
...
006 (73445207.000.000) 2021-09-25 00:47:13 Image size of job updated: 771
	771  -  MemoryUsage of job (MB)
	789780  -  ResidentSetSize of job (KB)
...
006 (73445207.000.000) 2021-09-25 00:48:13 Image size of job updated: 804
	804  -  MemoryUsage of job (MB)
	823476  -  ResidentSetSize of job (KB)
...
006 (73445207.000.000) 2021-09-25 00:49:13 Image size of job updated: 838
	838  -  MemoryUsage of job (MB)
	858288  -  ResidentSetSize of job (KB)
...
006 (73445207.000.000) 2021-09-25 00:50:14 Image size of job updated: 865
	865  -  MemoryUsage of job (MB)
	886660  -  ResidentSetSize of job (KB)
...
006 (73445207.000.000) 2021-09-25 00:51:14 Image size of job updated: 905
	905  -  MemoryUsage of job (MB)
	927508  -  ResidentSetSize of job (KB)
...
006 (73445207.000.000) 2021-09-25 00:52:14 Image size of job updated: 934
	934  -  MemoryUsage of job (MB)
	957132  -  ResidentSetSize of job (KB)
...
006 (73445207.000.000) 2021-09-25 00:53:15 Image size of job updated: 961
	961  -  MemoryUsage of job (MB)
	984796  -  ResidentSetSize of job (KB)
...
006 (73445207.000.000) 2021-09-25 00:54:15 Image size of job updated: 987
	987  -  MemoryUsage of job (MB)
	1011116  -  ResidentSetSize of job (KB)
...
006 (73445207.000.000) 2021-09-25 00:55:16 Image size of job updated: 1012
	1012  -  MemoryUsage of job (MB)
	1037224  -  ResidentSetSize of job (KB)
...
006 (73445207.000.000) 2021-09-25 00:56:17 Image size of job updated: 1041
	1041  -  MemoryUsage of job (MB)
	1066640  -  ResidentSetSize of job (KB)
...
006 (73445207.000.000) 2021-09-25 00:57:17 Image size of job updated: 1072
	1072  -  MemoryUsage of job (MB)
	1098544  -  ResidentSetSize of job (KB)
...
006 (73445207.000.000) 2021-09-25 00:58:17 Image size of job updated: 1096
	1096  -  MemoryUsage of job (MB)
	1122464  -  ResidentSetSize of job (KB)
...
006 (73445207.000.000) 2021-09-25 00:59:18 Image size of job updated: 1118
	1118  -  MemoryUsage of job (MB)
	1145752  -  ResidentSetSize of job (KB)
...
006 (73445207.000.000) 2021-09-25 01:00:18 Image size of job updated: 1141
	1141  -  MemoryUsage of job (MB)
	1168728  -  ResidentSetSize of job (KB)
...
006 (73445207.000.000) 2021-09-25 01:01:18 Image size of job updated: 1163
	1163  -  MemoryUsage of job (MB)
	1191792  -  ResidentSetSize of job (KB)
...
006 (73445207.000.000) 2021-09-25 01:02:19 Image size of job updated: 1185
	1185  -  MemoryUsage of job (MB)
	1213492  -  ResidentSetSize of job (KB)
...
006 (73445207.000.000) 2021-09-25 01:03:20 Image size of job updated: 1205
	1205  -  MemoryUsage of job (MB)
	1234664  -  ResidentSetSize of job (KB)
...
006 (73445207.000.000) 2021-09-25 01:04:20 Image size of job updated: 1226
	1226  -  MemoryUsage of job (MB)
	1255524  -  ResidentSetSize of job (KB)
...
006 (73445207.000.000) 2021-09-25 01:05:21 Image size of job updated: 1246
	1246  -  MemoryUsage of job (MB)
	1276016  -  ResidentSetSize of job (KB)
...
006 (73445207.000.000) 2021-09-25 01:06:22 Image size of job updated: 1265
	1265  -  MemoryUsage of job (MB)
	1296296  -  ResidentSetSize of job (KB)
...
006 (73445207.000.000) 2021-09-25 01:07:22 Image size of job updated: 1285
	1285  -  MemoryUsage of job (MB)
	1316108  -  ResidentSetSize of job (KB)
...
006 (73445207.000.000) 2021-09-25 01:08:23 Image size of job updated: 1304
	1304  -  MemoryUsage of job (MB)
	1335480  -  ResidentSetSize of job (KB)
...
006 (73445207.000.000) 2021-09-25 01:09:24 Image size of job updated: 1322
	1322  -  MemoryUsage of job (MB)
	1354572  -  ResidentSetSize of job (KB)
...
006 (73445207.000.000) 2021-09-25 01:10:24 Image size of job updated: 1341
	1341  -  MemoryUsage of job (MB)
	1373496  -  ResidentSetSize of job (KB)
...
006 (73445207.000.000) 2021-09-25 01:11:24 Image size of job updated: 1359
	1359  -  MemoryUsage of job (MB)
	1392104  -  ResidentSetSize of job (KB)
...
006 (73445207.000.000) 2021-09-25 01:12:25 Image size of job updated: 1377
	1377  -  MemoryUsage of job (MB)
	1410408  -  ResidentSetSize of job (KB)
...
006 (73445207.000.000) 2021-09-25 01:13:26 Image size of job updated: 1394
	1394  -  MemoryUsage of job (MB)
	1428400  -  ResidentSetSize of job (KB)
...
006 (73445207.000.000) 2021-09-25 01:14:27 Image size of job updated: 1412
	1412  -  MemoryUsage of job (MB)
	1446128  -  ResidentSetSize of job (KB)
...
006 (73445207.000.000) 2021-09-25 01:15:27 Image size of job updated: 1429
	1429  -  MemoryUsage of job (MB)
	1463448  -  ResidentSetSize of job (KB)
...
006 (73445207.000.000) 2021-09-25 01:16:28 Image size of job updated: 1446
	1446  -  MemoryUsage of job (MB)
	1480836  -  ResidentSetSize of job (KB)
...
006 (73445207.000.000) 2021-09-25 01:17:28 Image size of job updated: 1462
	1462  -  MemoryUsage of job (MB)
	1497912  -  ResidentSetSize of job (KB)
...
006 (73445207.000.000) 2021-09-25 01:18:28 Image size of job updated: 1479
	1479  -  MemoryUsage of job (MB)
	1514772  -  ResidentSetSize of job (KB)
...
006 (73445207.000.000) 2021-09-25 01:19:29 Image size of job updated: 1495
	1495  -  MemoryUsage of job (MB)
	1531300  -  ResidentSetSize of job (KB)
...
006 (73445207.000.000) 2021-09-25 01:20:30 Image size of job updated: 1511
	1511  -  MemoryUsage of job (MB)
	1547700  -  ResidentSetSize of job (KB)
...
006 (73445207.000.000) 2021-09-25 01:21:30 Image size of job updated: 1527
	1527  -  MemoryUsage of job (MB)
	1563860  -  ResidentSetSize of job (KB)
...
006 (73445207.000.000) 2021-09-25 01:22:31 Image size of job updated: 1546
	1546  -  MemoryUsage of job (MB)
	1583976  -  ResidentSetSize of job (KB)
...
006 (73445207.000.000) 2021-09-25 01:23:32 Image size of job updated: 1620
	1620  -  MemoryUsage of job (MB)
	1659612  -  ResidentSetSize of job (KB)
...
006 (73445207.000.000) 2021-09-25 01:24:32 Image size of job updated: 1634
	1634  -  MemoryUsage of job (MB)
	1673504  -  ResidentSetSize of job (KB)
...
006 (73445207.000.000) 2021-09-25 01:25:33 Image size of job updated: 1639
	1639  -  MemoryUsage of job (MB)
	1678936  -  ResidentSetSize of job (KB)
...
006 (73445207.000.000) 2021-09-25 01:26:34 Image size of job updated: 1642
	1642  -  MemoryUsage of job (MB)
	1682344  -  ResidentSetSize of job (KB)
...
006 (73445207.000.000) 2021-09-25 01:27:34 Image size of job updated: 1645
	1645  -  MemoryUsage of job (MB)
	1685244  -  ResidentSetSize of job (KB)
...
006 (73445207.000.000) 2021-09-25 01:28:35 Image size of job updated: 1648
	1648  -  MemoryUsage of job (MB)
	1687792  -  ResidentSetSize of job (KB)
...
006 (73445207.000.000) 2021-09-25 01:29:36 Image size of job updated: 1651
	1651  -  MemoryUsage of job (MB)
	1691308  -  ResidentSetSize of job (KB)
...
006 (73445207.000.000) 2021-09-25 01:31:37 Image size of job updated: 1654
	1654  -  MemoryUsage of job (MB)
	1693892  -  ResidentSetSize of job (KB)
...
006 (73445207.000.000) 2021-09-25 01:32:38 Image size of job updated: 1656
	1656  -  MemoryUsage of job (MB)
	1696024  -  ResidentSetSize of job (KB)
...
006 (73445207.000.000) 2021-09-25 01:33:38 Image size of job updated: 1657
	1657  -  MemoryUsage of job (MB)
	1697632  -  ResidentSetSize of job (KB)
...
006 (73445207.000.000) 2021-09-25 01:34:39 Image size of job updated: 1658
	1658  -  MemoryUsage of job (MB)
	1698684  -  ResidentSetSize of job (KB)
...
006 (73445207.000.000) 2021-09-25 01:35:40 Image size of job updated: 1660
	1660  -  MemoryUsage of job (MB)
	1700480  -  ResidentSetSize of job (KB)
...
006 (73445207.000.000) 2021-09-25 01:36:40 Image size of job updated: 1661
	1661  -  MemoryUsage of job (MB)
	1701568  -  ResidentSetSize of job (KB)
...
006 (73445207.000.000) 2021-09-25 01:37:41 Image size of job updated: 1662
	1662  -  MemoryUsage of job (MB)
	1702884  -  ResidentSetSize of job (KB)
...
006 (73445207.000.000) 2021-09-25 01:39:42 Image size of job updated: 1664
	1664  -  MemoryUsage of job (MB)
	1704340  -  ResidentSetSize of job (KB)
...
006 (73445207.000.000) 2021-09-25 01:40:43 Image size of job updated: 1665
	1665  -  MemoryUsage of job (MB)
	1705464  -  ResidentSetSize of job (KB)
...
006 (73445207.000.000) 2021-09-25 01:41:44 Image size of job updated: 1667
	1667  -  MemoryUsage of job (MB)
	1707476  -  ResidentSetSize of job (KB)
...
006 (73445207.000.000) 2021-09-25 01:42:44 Image size of job updated: 1669
	1669  -  MemoryUsage of job (MB)
	1709860  -  ResidentSetSize of job (KB)
...
006 (73445207.000.000) 2021-09-25 01:43:45 Image size of job updated: 1671
	1671  -  MemoryUsage of job (MB)
	1711344  -  ResidentSetSize of job (KB)
...
006 (73445207.000.000) 2021-09-25 01:44:46 Image size of job updated: 1672
	1672  -  MemoryUsage of job (MB)
	1712816  -  ResidentSetSize of job (KB)
...
006 (73445207.000.000) 2021-09-25 01:46:47 Image size of job updated: 1673
	1673  -  MemoryUsage of job (MB)
	1713972  -  ResidentSetSize of job (KB)
...
006 (73445207.000.000) 2021-09-25 01:47:48 Image size of job updated: 1675
	1675  -  MemoryUsage of job (MB)
	1715700  -  ResidentSetSize of job (KB)
...
006 (73445207.000.000) 2021-09-25 01:48:48 Image size of job updated: 1676
	1676  -  MemoryUsage of job (MB)
	1716736  -  ResidentSetSize of job (KB)
...
006 (73445207.000.000) 2021-09-25 01:49:49 Image size of job updated: 1677
	1677  -  MemoryUsage of job (MB)
	1717516  -  ResidentSetSize of job (KB)
...
006 (73445207.000.000) 2021-09-25 01:50:50 Image size of job updated: 1678
	1678  -  MemoryUsage of job (MB)
	1718804  -  ResidentSetSize of job (KB)
...
006 (73445207.000.000) 2021-09-25 01:51:50 Image size of job updated: 1679
	1679  -  MemoryUsage of job (MB)
	1720044  -  ResidentSetSize of job (KB)
...
006 (73445207.000.000) 2021-09-25 01:52:51 Image size of job updated: 1679
	1679  -  MemoryUsage of job (MB)
	1720192  -  ResidentSetSize of job (KB)
...
006 (73445207.000.000) 2021-09-25 01:53:52 Image size of job updated: 1680
	1680  -  MemoryUsage of job (MB)
	1721268  -  ResidentSetSize of job (KB)
...
006 (73445207.000.000) 2021-09-25 01:54:52 Image size of job updated: 1681
	1681  -  MemoryUsage of job (MB)
	1722240  -  ResidentSetSize of job (KB)
...
006 (73445207.000.000) 2021-09-25 01:55:53 Image size of job updated: 1682
	1682  -  MemoryUsage of job (MB)
	1722704  -  ResidentSetSize of job (KB)
...
006 (73445207.000.000) 2021-09-25 01:56:54 Image size of job updated: 1683
	1683  -  MemoryUsage of job (MB)
	1724040  -  ResidentSetSize of job (KB)
...
006 (73445207.000.000) 2021-09-25 01:57:54 Image size of job updated: 1684
	1684  -  MemoryUsage of job (MB)
	1725040  -  ResidentSetSize of job (KB)
...
006 (73445207.000.000) 2021-09-25 01:58:54 Image size of job updated: 1685
	1685  -  MemoryUsage of job (MB)
	1725828  -  ResidentSetSize of job (KB)
...
006 (73445207.000.000) 2021-09-25 02:00:55 Image size of job updated: 1686
	1686  -  MemoryUsage of job (MB)
	1727076  -  ResidentSetSize of job (KB)
...
006 (73445207.000.000) 2021-09-25 02:01:56 Image size of job updated: 1687
	1687  -  MemoryUsage of job (MB)
	1727740  -  ResidentSetSize of job (KB)
...
006 (73445207.000.000) 2021-09-25 02:02:57 Image size of job updated: 1687
	1687  -  MemoryUsage of job (MB)
	1728200  -  ResidentSetSize of job (KB)
...
006 (73445207.000.000) 2021-09-25 02:03:57 Image size of job updated: 1688
	1688  -  MemoryUsage of job (MB)
	1728564  -  ResidentSetSize of job (KB)
...
006 (73445207.000.000) 2021-09-25 02:04:57 Image size of job updated: 1688
	1688  -  MemoryUsage of job (MB)
	1728884  -  ResidentSetSize of job (KB)
...
006 (73445207.000.000) 2021-09-25 02:05:58 Image size of job updated: 1688
	1688  -  MemoryUsage of job (MB)
	1729020  -  ResidentSetSize of job (KB)
...
006 (73445207.000.000) 2021-09-25 02:06:58 Image size of job updated: 1688
	1688  -  MemoryUsage of job (MB)
	1729024  -  ResidentSetSize of job (KB)
...
006 (73445207.000.000) 2021-09-25 02:10:00 Image size of job updated: 1691
	1691  -  MemoryUsage of job (MB)
	1732396  -  ResidentSetSize of job (KB)
...
006 (73445207.000.000) 2021-09-25 02:11:00 Image size of job updated: 1692
	1692  -  MemoryUsage of job (MB)
	1733172  -  ResidentSetSize of job (KB)
...
006 (73445207.000.000) 2021-09-25 02:12:01 Image size of job updated: 1693
	1693  -  MemoryUsage of job (MB)
	1733928  -  ResidentSetSize of job (KB)
...
006 (73445207.000.000) 2021-09-25 02:13:02 Image size of job updated: 1693
	1693  -  MemoryUsage of job (MB)
	1734500  -  ResidentSetSize of job (KB)
...
006 (73445207.000.000) 2021-09-25 02:14:02 Image size of job updated: 1694
	1694  -  MemoryUsage of job (MB)
	1734992  -  ResidentSetSize of job (KB)
...
006 (73445207.000.000) 2021-09-25 02:19:05 Image size of job updated: 1696
	1696  -  MemoryUsage of job (MB)
	1737220  -  ResidentSetSize of job (KB)
...
006 (73445207.000.000) 2021-09-25 02:20:05 Image size of job updated: 1696
	1696  -  MemoryUsage of job (MB)
	1737396  -  ResidentSetSize of job (KB)
...
006 (73445207.000.000) 2021-09-25 02:21:05 Image size of job updated: 1696
	1696  -  MemoryUsage of job (MB)
	1737608  -  ResidentSetSize of job (KB)
...
006 (73445207.000.000) 2021-09-25 02:22:06 Image size of job updated: 1698
	1698  -  MemoryUsage of job (MB)
	1738828  -  ResidentSetSize of job (KB)
...
006 (73445207.000.000) 2021-09-25 02:30:10 Image size of job updated: 1698
	1698  -  MemoryUsage of job (MB)
	1739112  -  ResidentSetSize of job (KB)
...
006 (73445207.000.000) 2021-09-25 02:31:11 Image size of job updated: 1700
	1700  -  MemoryUsage of job (MB)
	1741620  -  ResidentSetSize of job (KB)
...
006 (73445207.000.000) 2021-09-25 02:32:11 Image size of job updated: 1701
	1701  -  MemoryUsage of job (MB)
	1742572  -  ResidentSetSize of job (KB)
...
006 (73445207.000.000) 2021-09-25 02:33:12 Image size of job updated: 1702
	1702  -  MemoryUsage of job (MB)
	1742964  -  ResidentSetSize of job (KB)
...
006 (73445207.000.000) 2021-09-25 02:34:13 Image size of job updated: 1702
	1702  -  MemoryUsage of job (MB)
	1743252  -  ResidentSetSize of job (KB)
...
006 (73445207.000.000) 2021-09-25 02:35:13 Image size of job updated: 1702
	1702  -  MemoryUsage of job (MB)
	1743396  -  ResidentSetSize of job (KB)
...
006 (73445207.000.000) 2021-09-25 02:36:13 Image size of job updated: 1702
	1702  -  MemoryUsage of job (MB)
	1743524  -  ResidentSetSize of job (KB)
...
006 (73445207.000.000) 2021-09-25 02:37:14 Image size of job updated: 1703
	1703  -  MemoryUsage of job (MB)
	1743896  -  ResidentSetSize of job (KB)
...
006 (73445207.000.000) 2021-09-25 02:38:14 Image size of job updated: 1703
	1703  -  MemoryUsage of job (MB)
	1744416  -  ResidentSetSize of job (KB)
...
006 (73445207.000.000) 2021-09-25 02:39:14 Image size of job updated: 1703
	1703  -  MemoryUsage of job (MB)
	1744500  -  ResidentSetSize of job (KB)
...
006 (73445207.000.000) 2021-09-25 02:40:15 Image size of job updated: 1703
	1703  -  MemoryUsage of job (MB)
	1744848  -  ResidentSetSize of job (KB)
...
006 (73445207.000.000) 2021-09-25 02:41:15 Image size of job updated: 1704
	1704  -  MemoryUsage of job (MB)
	1745576  -  ResidentSetSize of job (KB)
...
006 (73445207.000.000) 2021-09-25 02:42:15 Image size of job updated: 1705
	1705  -  MemoryUsage of job (MB)
	1746156  -  ResidentSetSize of job (KB)
...
006 (73445207.000.000) 2021-09-25 02:43:15 Image size of job updated: 1705
	1705  -  MemoryUsage of job (MB)
	1746796  -  ResidentSetSize of job (KB)
...
006 (73445207.000.000) 2021-09-25 02:44:16 Image size of job updated: 1706
	1706  -  MemoryUsage of job (MB)
	1747376  -  ResidentSetSize of job (KB)
...
006 (73445207.000.000) 2021-09-25 02:45:17 Image size of job updated: 1707
	1707  -  MemoryUsage of job (MB)
	1747992  -  ResidentSetSize of job (KB)
...
006 (73445207.000.000) 2021-09-25 02:46:17 Image size of job updated: 1708
	1708  -  MemoryUsage of job (MB)
	1749232  -  ResidentSetSize of job (KB)
...
006 (73445207.000.000) 2021-09-25 02:47:18 Image size of job updated: 1708
	1708  -  MemoryUsage of job (MB)
	1749688  -  ResidentSetSize of job (KB)
...
006 (73445207.000.000) 2021-09-25 02:48:19 Image size of job updated: 1709
	1709  -  MemoryUsage of job (MB)
	1750684  -  ResidentSetSize of job (KB)
...
006 (73445207.000.000) 2021-09-25 02:49:19 Image size of job updated: 1710
	1710  -  MemoryUsage of job (MB)
	1751332  -  ResidentSetSize of job (KB)
...
006 (73445207.000.000) 2021-09-25 02:50:20 Image size of job updated: 1710
	1710  -  MemoryUsage of job (MB)
	1751728  -  ResidentSetSize of job (KB)
...
006 (73445207.000.000) 2021-09-25 02:51:20 Image size of job updated: 1711
	1711  -  MemoryUsage of job (MB)
	1752332  -  ResidentSetSize of job (KB)
...
006 (73445207.000.000) 2021-09-25 02:52:20 Image size of job updated: 1711
	1711  -  MemoryUsage of job (MB)
	1752548  -  ResidentSetSize of job (KB)
...
006 (73445207.000.000) 2021-09-25 02:53:21 Image size of job updated: 1711
	1711  -  MemoryUsage of job (MB)
	1752652  -  ResidentSetSize of job (KB)
...
006 (73445207.000.000) 2021-09-25 02:54:22 Image size of job updated: 1714
	1714  -  MemoryUsage of job (MB)
	1755844  -  ResidentSetSize of job (KB)
...
006 (73445207.000.000) 2021-09-25 02:55:22 Image size of job updated: 1714
	1714  -  MemoryUsage of job (MB)
	1756096  -  ResidentSetSize of job (KB)
...
006 (73445207.000.000) 2021-09-25 02:56:23 Image size of job updated: 1715
	1715  -  MemoryUsage of job (MB)
	1756868  -  ResidentSetSize of job (KB)
...
006 (73445207.000.000) 2021-09-25 02:57:24 Image size of job updated: 1721
	1721  -  MemoryUsage of job (MB)
	1762484  -  ResidentSetSize of job (KB)
...
006 (73445207.000.000) 2021-09-25 02:58:24 Image size of job updated: 1723
	1723  -  MemoryUsage of job (MB)
	1764468  -  ResidentSetSize of job (KB)
...
006 (73445207.000.000) 2021-09-25 02:59:25 Image size of job updated: 1726
	1726  -  MemoryUsage of job (MB)
	1767432  -  ResidentSetSize of job (KB)
...
006 (73445207.000.000) 2021-09-25 03:00:26 Image size of job updated: 1727
	1727  -  MemoryUsage of job (MB)
	1769000  -  ResidentSetSize of job (KB)
...
006 (73445207.000.000) 2021-09-25 03:01:26 Image size of job updated: 1729
	1729  -  MemoryUsage of job (MB)
	1771008  -  ResidentSetSize of job (KB)
...
006 (73445207.000.000) 2021-09-25 03:02:26 Image size of job updated: 1731
	1731  -  MemoryUsage of job (MB)
	1773364  -  ResidentSetSize of job (KB)
...
006 (73445207.000.000) 2021-09-25 03:02:51 Image size of job updated: 1732
	1732  -  MemoryUsage of job (MB)
	1773728  -  ResidentSetSize of job (KB)
...
040 (73445207.000.000) 2021-09-25 03:02:51 Started transferring output files
...
040 (73445207.000.000) 2021-09-25 03:02:51 Finished transferring output files
...
005 (73445207.000.000) 2021-09-25 03:02:54 Job terminated.
	(1) Normal termination (return value 0)
		Usr 0 01:14:40, Sys 0 01:04:39  -  Run Remote Usage
		Usr 0 00:00:00, Sys 0 00:00:00  -  Run Local Usage
		Usr 0 01:14:40, Sys 0 01:04:39  -  Total Remote Usage
		Usr 0 00:00:00, Sys 0 00:00:00  -  Total Local Usage
	1218562  -  Run Bytes Sent By Job
	8471570  -  Run Bytes Received By Job
	1218562  -  Total Bytes Sent By Job
	8471570  -  Total Bytes Received By Job
	Partitionable Resources :    Usage  Request Allocated 
	   Cpus                 :        0        1         1 
	   Disk (KB)            :    14177    10000    319564 
	   Memory (MB)          :     1732     2048      2048 

	Job terminated of its own accord at 2021-09-25T08:02:51Z.
...
