000 (34672088.000.000) 2021-09-24 22:14:58 Job submitted from host: <131.225.188.57:9618?addrs=131.225.188.57-9618&alias=lpcschedd2.fnal.gov&noUDP&sock=schedd_2251_93c6>
...
040 (34672088.000.000) 2021-09-24 22:59:04 Started transferring input files
	Transferring to host: <131.225.204.81:9618?addrs=131.225.204.81-9618&alias=cmswn1685.fnal.gov&noUDP&sock=slot1_1_1245_f70c_7132>
...
040 (34672088.000.000) 2021-09-24 22:59:04 Finished transferring input files
...
001 (34672088.000.000) 2021-09-24 22:59:05 Job executing on host: <131.225.204.81:9618?addrs=131.225.204.81-9618&alias=cmswn1685.fnal.gov&noUDP&sock=startd_1136_c7ad>
...
006 (34672088.000.000) 2021-09-24 22:59:14 Image size of job updated: 63
	63  -  MemoryUsage of job (MB)
	65148  -  ResidentSetSize of job (KB)
...
006 (34672088.000.000) 2021-09-24 23:00:14 Image size of job updated: 527
	527  -  MemoryUsage of job (MB)
	540248  -  ResidentSetSize of job (KB)
...
006 (34672088.000.000) 2021-09-24 23:04:15 Image size of job updated: 563
	563  -  MemoryUsage of job (MB)
	577252  -  ResidentSetSize of job (KB)
...
006 (34672088.000.000) 2021-09-24 23:05:15 Image size of job updated: 611
	611  -  MemoryUsage of job (MB)
	626228  -  ResidentSetSize of job (KB)
...
006 (34672088.000.000) 2021-09-24 23:06:16 Image size of job updated: 654
	654  -  MemoryUsage of job (MB)
	670168  -  ResidentSetSize of job (KB)
...
006 (34672088.000.000) 2021-09-24 23:07:18 Image size of job updated: 693
	693  -  MemoryUsage of job (MB)
	710632  -  ResidentSetSize of job (KB)
...
006 (34672088.000.000) 2021-09-24 23:08:18 Image size of job updated: 727
	727  -  MemoryUsage of job (MB)
	744588  -  ResidentSetSize of job (KB)
...
006 (34672088.000.000) 2021-09-24 23:09:18 Image size of job updated: 761
	761  -  MemoryUsage of job (MB)
	779892  -  ResidentSetSize of job (KB)
...
006 (34672088.000.000) 2021-09-24 23:10:18 Image size of job updated: 793
	793  -  MemoryUsage of job (MB)
	813004  -  ResidentSetSize of job (KB)
...
006 (34672088.000.000) 2021-09-24 23:11:18 Image size of job updated: 824
	824  -  MemoryUsage of job (MB)
	844444  -  ResidentSetSize of job (KB)
...
006 (34672088.000.000) 2021-09-24 23:12:19 Image size of job updated: 855
	855  -  MemoryUsage of job (MB)
	876056  -  ResidentSetSize of job (KB)
...
006 (34672088.000.000) 2021-09-24 23:13:20 Image size of job updated: 895
	895  -  MemoryUsage of job (MB)
	916744  -  ResidentSetSize of job (KB)
...
006 (34672088.000.000) 2021-09-24 23:14:20 Image size of job updated: 923
	923  -  MemoryUsage of job (MB)
	945840  -  ResidentSetSize of job (KB)
...
006 (34672088.000.000) 2021-09-24 23:15:21 Image size of job updated: 949
	949  -  MemoryUsage of job (MB)
	972184  -  ResidentSetSize of job (KB)
...
006 (34672088.000.000) 2021-09-24 23:16:22 Image size of job updated: 976
	976  -  MemoryUsage of job (MB)
	999456  -  ResidentSetSize of job (KB)
...
006 (34672088.000.000) 2021-09-24 23:17:23 Image size of job updated: 1001
	1001  -  MemoryUsage of job (MB)
	1025936  -  ResidentSetSize of job (KB)
...
006 (34672088.000.000) 2021-09-24 23:18:24 Image size of job updated: 1030
	1030  -  MemoryUsage of job (MB)
	1054828  -  ResidentSetSize of job (KB)
...
006 (34672088.000.000) 2021-09-24 23:19:24 Image size of job updated: 1061
	1061  -  MemoryUsage of job (MB)
	1087188  -  ResidentSetSize of job (KB)
...
006 (34672088.000.000) 2021-09-24 23:20:24 Image size of job updated: 1086
	1086  -  MemoryUsage of job (MB)
	1112648  -  ResidentSetSize of job (KB)
...
006 (34672088.000.000) 2021-09-24 23:21:25 Image size of job updated: 1108
	1108  -  MemoryUsage of job (MB)
	1135108  -  ResidentSetSize of job (KB)
...
006 (34672088.000.000) 2021-09-24 23:22:25 Image size of job updated: 1130
	1130  -  MemoryUsage of job (MB)
	1157348  -  ResidentSetSize of job (KB)
...
006 (34672088.000.000) 2021-09-24 23:23:25 Image size of job updated: 1152
	1152  -  MemoryUsage of job (MB)
	1179928  -  ResidentSetSize of job (KB)
...
006 (34672088.000.000) 2021-09-24 23:24:26 Image size of job updated: 1172
	1172  -  MemoryUsage of job (MB)
	1200452  -  ResidentSetSize of job (KB)
...
006 (34672088.000.000) 2021-09-24 23:25:27 Image size of job updated: 1192
	1192  -  MemoryUsage of job (MB)
	1221428  -  ResidentSetSize of job (KB)
...
006 (34672088.000.000) 2021-09-24 23:26:29 Image size of job updated: 1212
	1212  -  MemoryUsage of job (MB)
	1242052  -  ResidentSetSize of job (KB)
...
006 (34672088.000.000) 2021-09-24 23:27:29 Image size of job updated: 1230
	1230  -  MemoryUsage of job (MB)
	1260316  -  ResidentSetSize of job (KB)
...
006 (34672088.000.000) 2021-09-24 23:28:29 Image size of job updated: 1249
	1249  -  MemoryUsage of job (MB)
	1279740  -  ResidentSetSize of job (KB)
...
006 (34672088.000.000) 2021-09-24 23:29:30 Image size of job updated: 1268
	1268  -  MemoryUsage of job (MB)
	1299056  -  ResidentSetSize of job (KB)
...
006 (34672088.000.000) 2021-09-24 23:30:31 Image size of job updated: 1287
	1287  -  MemoryUsage of job (MB)
	1317932  -  ResidentSetSize of job (KB)
...
006 (34672088.000.000) 2021-09-24 23:31:31 Image size of job updated: 1304
	1304  -  MemoryUsage of job (MB)
	1336252  -  ResidentSetSize of job (KB)
...
006 (34672088.000.000) 2021-09-24 23:32:31 Image size of job updated: 1322
	1322  -  MemoryUsage of job (MB)
	1354244  -  ResidentSetSize of job (KB)
...
006 (34672088.000.000) 2021-09-24 23:33:32 Image size of job updated: 1339
	1339  -  MemoryUsage of job (MB)
	1372024  -  ResidentSetSize of job (KB)
...
006 (34672088.000.000) 2021-09-24 23:34:32 Image size of job updated: 1356
	1356  -  MemoryUsage of job (MB)
	1389456  -  ResidentSetSize of job (KB)
...
006 (34672088.000.000) 2021-09-24 23:35:32 Image size of job updated: 1374
	1374  -  MemoryUsage of job (MB)
	1407228  -  ResidentSetSize of job (KB)
...
006 (34672088.000.000) 2021-09-24 23:36:32 Image size of job updated: 1391
	1391  -  MemoryUsage of job (MB)
	1424764  -  ResidentSetSize of job (KB)
...
006 (34672088.000.000) 2021-09-24 23:37:32 Image size of job updated: 1408
	1408  -  MemoryUsage of job (MB)
	1442172  -  ResidentSetSize of job (KB)
...
006 (34672088.000.000) 2021-09-24 23:38:33 Image size of job updated: 1424
	1424  -  MemoryUsage of job (MB)
	1459036  -  ResidentSetSize of job (KB)
...
006 (34672088.000.000) 2021-09-24 23:39:34 Image size of job updated: 1440
	1440  -  MemoryUsage of job (MB)
	1475488  -  ResidentSetSize of job (KB)
...
006 (34672088.000.000) 2021-09-24 23:40:34 Image size of job updated: 1456
	1456  -  MemoryUsage of job (MB)
	1491824  -  ResidentSetSize of job (KB)
...
006 (34672088.000.000) 2021-09-24 23:41:35 Image size of job updated: 1472
	1472  -  MemoryUsage of job (MB)
	1507852  -  ResidentSetSize of job (KB)
...
006 (34672088.000.000) 2021-09-24 23:42:36 Image size of job updated: 1488
	1488  -  MemoryUsage of job (MB)
	1523720  -  ResidentSetSize of job (KB)
...
006 (34672088.000.000) 2021-09-24 23:43:36 Image size of job updated: 1503
	1503  -  MemoryUsage of job (MB)
	1539356  -  ResidentSetSize of job (KB)
...
006 (34672088.000.000) 2021-09-24 23:44:37 Image size of job updated: 1518
	1518  -  MemoryUsage of job (MB)
	1554840  -  ResidentSetSize of job (KB)
...
006 (34672088.000.000) 2021-09-24 23:45:38 Image size of job updated: 1533
	1533  -  MemoryUsage of job (MB)
	1570548  -  ResidentSetSize of job (KB)
...
006 (34672088.000.000) 2021-09-24 23:46:39 Image size of job updated: 1620
	1620  -  MemoryUsage of job (MB)
	1659524  -  ResidentSetSize of job (KB)
...
006 (34672088.000.000) 2021-09-24 23:47:40 Image size of job updated: 1623
	1623  -  MemoryUsage of job (MB)
	1662592  -  ResidentSetSize of job (KB)
...
006 (34672088.000.000) 2021-09-24 23:48:41 Image size of job updated: 1639
	1639  -  MemoryUsage of job (MB)
	1678460  -  ResidentSetSize of job (KB)
...
006 (34672088.000.000) 2021-09-24 23:49:42 Image size of job updated: 1640
	1640  -  MemoryUsage of job (MB)
	1680112  -  ResidentSetSize of job (KB)
...
006 (34672088.000.000) 2021-09-24 23:50:42 Image size of job updated: 1643
	1643  -  MemoryUsage of job (MB)
	1682988  -  ResidentSetSize of job (KB)
...
006 (34672088.000.000) 2021-09-24 23:51:43 Image size of job updated: 1645
	1645  -  MemoryUsage of job (MB)
	1685196  -  ResidentSetSize of job (KB)
...
006 (34672088.000.000) 2021-09-24 23:52:44 Image size of job updated: 1647
	1647  -  MemoryUsage of job (MB)
	1687028  -  ResidentSetSize of job (KB)
...
006 (34672088.000.000) 2021-09-24 23:53:44 Image size of job updated: 1649
	1649  -  MemoryUsage of job (MB)
	1689224  -  ResidentSetSize of job (KB)
...
006 (34672088.000.000) 2021-09-24 23:54:45 Image size of job updated: 1654
	1654  -  MemoryUsage of job (MB)
	1694372  -  ResidentSetSize of job (KB)
...
006 (34672088.000.000) 2021-09-24 23:55:45 Image size of job updated: 1659
	1659  -  MemoryUsage of job (MB)
	1698940  -  ResidentSetSize of job (KB)
...
006 (34672088.000.000) 2021-09-24 23:56:45 Image size of job updated: 1660
	1660  -  MemoryUsage of job (MB)
	1700340  -  ResidentSetSize of job (KB)
...
006 (34672088.000.000) 2021-09-24 23:57:45 Image size of job updated: 1664
	1664  -  MemoryUsage of job (MB)
	1704444  -  ResidentSetSize of job (KB)
...
006 (34672088.000.000) 2021-09-24 23:58:46 Image size of job updated: 1666
	1666  -  MemoryUsage of job (MB)
	1706976  -  ResidentSetSize of job (KB)
...
006 (34672088.000.000) 2021-09-25 00:00:47 Image size of job updated: 1668
	1668  -  MemoryUsage of job (MB)
	1708816  -  ResidentSetSize of job (KB)
...
006 (34672088.000.000) 2021-09-25 00:01:48 Image size of job updated: 1670
	1670  -  MemoryUsage of job (MB)
	1710352  -  ResidentSetSize of job (KB)
...
006 (34672088.000.000) 2021-09-25 00:02:49 Image size of job updated: 1671
	1671  -  MemoryUsage of job (MB)
	1711664  -  ResidentSetSize of job (KB)
...
006 (34672088.000.000) 2021-09-25 00:03:49 Image size of job updated: 1672
	1672  -  MemoryUsage of job (MB)
	1712364  -  ResidentSetSize of job (KB)
...
006 (34672088.000.000) 2021-09-25 00:04:50 Image size of job updated: 1673
	1673  -  MemoryUsage of job (MB)
	1713388  -  ResidentSetSize of job (KB)
...
006 (34672088.000.000) 2021-09-25 00:05:51 Image size of job updated: 1674
	1674  -  MemoryUsage of job (MB)
	1714760  -  ResidentSetSize of job (KB)
...
006 (34672088.000.000) 2021-09-25 00:06:51 Image size of job updated: 1675
	1675  -  MemoryUsage of job (MB)
	1715280  -  ResidentSetSize of job (KB)
...
006 (34672088.000.000) 2021-09-25 00:07:51 Image size of job updated: 1675
	1675  -  MemoryUsage of job (MB)
	1715380  -  ResidentSetSize of job (KB)
...
006 (34672088.000.000) 2021-09-25 00:08:51 Image size of job updated: 1675
	1675  -  MemoryUsage of job (MB)
	1715476  -  ResidentSetSize of job (KB)
...
006 (34672088.000.000) 2021-09-25 00:09:52 Image size of job updated: 1675
	1675  -  MemoryUsage of job (MB)
	1715524  -  ResidentSetSize of job (KB)
...
006 (34672088.000.000) 2021-09-25 00:10:52 Image size of job updated: 1676
	1676  -  MemoryUsage of job (MB)
	1717044  -  ResidentSetSize of job (KB)
...
006 (34672088.000.000) 2021-09-25 00:11:53 Image size of job updated: 1678
	1678  -  MemoryUsage of job (MB)
	1718864  -  ResidentSetSize of job (KB)
...
006 (34672088.000.000) 2021-09-25 00:12:53 Image size of job updated: 1680
	1680  -  MemoryUsage of job (MB)
	1720428  -  ResidentSetSize of job (KB)
...
006 (34672088.000.000) 2021-09-25 00:14:54 Image size of job updated: 1681
	1681  -  MemoryUsage of job (MB)
	1721540  -  ResidentSetSize of job (KB)
...
006 (34672088.000.000) 2021-09-25 00:15:54 Image size of job updated: 1682
	1682  -  MemoryUsage of job (MB)
	1723288  -  ResidentSetSize of job (KB)
...
006 (34672088.000.000) 2021-09-25 00:16:55 Image size of job updated: 1683
	1683  -  MemoryUsage of job (MB)
	1724132  -  ResidentSetSize of job (KB)
...
006 (34672088.000.000) 2021-09-25 00:18:55 Image size of job updated: 1684
	1684  -  MemoryUsage of job (MB)
	1725068  -  ResidentSetSize of job (KB)
...
006 (34672088.000.000) 2021-09-25 00:19:56 Image size of job updated: 1685
	1685  -  MemoryUsage of job (MB)
	1726148  -  ResidentSetSize of job (KB)
...
006 (34672088.000.000) 2021-09-25 00:20:57 Image size of job updated: 1686
	1686  -  MemoryUsage of job (MB)
	1726900  -  ResidentSetSize of job (KB)
...
006 (34672088.000.000) 2021-09-25 00:22:58 Image size of job updated: 1687
	1687  -  MemoryUsage of job (MB)
	1727704  -  ResidentSetSize of job (KB)
...
006 (34672088.000.000) 2021-09-25 00:23:59 Image size of job updated: 1687
	1687  -  MemoryUsage of job (MB)
	1728492  -  ResidentSetSize of job (KB)
...
006 (34672088.000.000) 2021-09-25 00:25:00 Image size of job updated: 1688
	1688  -  MemoryUsage of job (MB)
	1729224  -  ResidentSetSize of job (KB)
...
006 (34672088.000.000) 2021-09-25 00:26:00 Image size of job updated: 1689
	1689  -  MemoryUsage of job (MB)
	1729660  -  ResidentSetSize of job (KB)
...
006 (34672088.000.000) 2021-09-25 00:27:00 Image size of job updated: 1689
	1689  -  MemoryUsage of job (MB)
	1729864  -  ResidentSetSize of job (KB)
...
006 (34672088.000.000) 2021-09-25 00:28:00 Image size of job updated: 1690
	1690  -  MemoryUsage of job (MB)
	1730560  -  ResidentSetSize of job (KB)
...
006 (34672088.000.000) 2021-09-25 00:29:00 Image size of job updated: 1690
	1690  -  MemoryUsage of job (MB)
	1731112  -  ResidentSetSize of job (KB)
...
006 (34672088.000.000) 2021-09-25 00:30:01 Image size of job updated: 1691
	1691  -  MemoryUsage of job (MB)
	1731944  -  ResidentSetSize of job (KB)
...
006 (34672088.000.000) 2021-09-25 00:32:01 Image size of job updated: 1692
	1692  -  MemoryUsage of job (MB)
	1732980  -  ResidentSetSize of job (KB)
...
006 (34672088.000.000) 2021-09-25 00:33:02 Image size of job updated: 1693
	1693  -  MemoryUsage of job (MB)
	1733896  -  ResidentSetSize of job (KB)
...
006 (34672088.000.000) 2021-09-25 00:34:02 Image size of job updated: 1694
	1694  -  MemoryUsage of job (MB)
	1734740  -  ResidentSetSize of job (KB)
...
006 (34672088.000.000) 2021-09-25 00:36:02 Image size of job updated: 1695
	1695  -  MemoryUsage of job (MB)
	1735772  -  ResidentSetSize of job (KB)
...
006 (34672088.000.000) 2021-09-25 00:37:02 Image size of job updated: 1695
	1695  -  MemoryUsage of job (MB)
	1736408  -  ResidentSetSize of job (KB)
...
006 (34672088.000.000) 2021-09-25 00:38:02 Image size of job updated: 1695
	1695  -  MemoryUsage of job (MB)
	1736416  -  ResidentSetSize of job (KB)
...
006 (34672088.000.000) 2021-09-25 00:39:02 Image size of job updated: 1696
	1696  -  MemoryUsage of job (MB)
	1737548  -  ResidentSetSize of job (KB)
...
006 (34672088.000.000) 2021-09-25 00:41:03 Image size of job updated: 1697
	1697  -  MemoryUsage of job (MB)
	1737876  -  ResidentSetSize of job (KB)
...
006 (34672088.000.000) 2021-09-25 00:43:04 Image size of job updated: 1697
	1697  -  MemoryUsage of job (MB)
	1738228  -  ResidentSetSize of job (KB)
...
006 (34672088.000.000) 2021-09-25 00:44:04 Image size of job updated: 1697
	1697  -  MemoryUsage of job (MB)
	1738632  -  ResidentSetSize of job (KB)
...
006 (34672088.000.000) 2021-09-25 00:46:06 Image size of job updated: 1698
	1698  -  MemoryUsage of job (MB)
	1738864  -  ResidentSetSize of job (KB)
...
006 (34672088.000.000) 2021-09-25 00:48:08 Image size of job updated: 1701
	1701  -  MemoryUsage of job (MB)
	1742188  -  ResidentSetSize of job (KB)
...
006 (34672088.000.000) 2021-09-25 00:49:08 Image size of job updated: 1701
	1701  -  MemoryUsage of job (MB)
	1742192  -  ResidentSetSize of job (KB)
...
006 (34672088.000.000) 2021-09-25 00:54:11 Image size of job updated: 1702
	1702  -  MemoryUsage of job (MB)
	1743816  -  ResidentSetSize of job (KB)
...
006 (34672088.000.000) 2021-09-25 00:55:12 Image size of job updated: 1703
	1703  -  MemoryUsage of job (MB)
	1744560  -  ResidentSetSize of job (KB)
...
006 (34672088.000.000) 2021-09-25 00:57:14 Image size of job updated: 1704
	1704  -  MemoryUsage of job (MB)
	1745000  -  ResidentSetSize of job (KB)
...
006 (34672088.000.000) 2021-09-25 00:59:15 Image size of job updated: 1704
	1704  -  MemoryUsage of job (MB)
	1745580  -  ResidentSetSize of job (KB)
...
006 (34672088.000.000) 2021-09-25 01:00:15 Image size of job updated: 1705
	1705  -  MemoryUsage of job (MB)
	1745936  -  ResidentSetSize of job (KB)
...
006 (34672088.000.000) 2021-09-25 01:01:16 Image size of job updated: 1705
	1705  -  MemoryUsage of job (MB)
	1746424  -  ResidentSetSize of job (KB)
...
006 (34672088.000.000) 2021-09-25 01:03:17 Image size of job updated: 1706
	1706  -  MemoryUsage of job (MB)
	1746944  -  ResidentSetSize of job (KB)
...
006 (34672088.000.000) 2021-09-25 01:04:18 Image size of job updated: 1706
	1706  -  MemoryUsage of job (MB)
	1747676  -  ResidentSetSize of job (KB)
...
006 (34672088.000.000) 2021-09-25 01:05:19 Image size of job updated: 1706
	1706  -  MemoryUsage of job (MB)
	1747964  -  ResidentSetSize of job (KB)
...
006 (34672088.000.000) 2021-09-25 01:06:20 Image size of job updated: 1707
	1707  -  MemoryUsage of job (MB)
	1748248  -  ResidentSetSize of job (KB)
...
006 (34672088.000.000) 2021-09-25 01:07:21 Image size of job updated: 1707
	1707  -  MemoryUsage of job (MB)
	1748496  -  ResidentSetSize of job (KB)
...
006 (34672088.000.000) 2021-09-25 01:08:21 Image size of job updated: 1707
	1707  -  MemoryUsage of job (MB)
	1748860  -  ResidentSetSize of job (KB)
...
006 (34672088.000.000) 2021-09-25 01:09:21 Image size of job updated: 1708
	1708  -  MemoryUsage of job (MB)
	1749264  -  ResidentSetSize of job (KB)
...
006 (34672088.000.000) 2021-09-25 01:10:21 Image size of job updated: 1711
	1711  -  MemoryUsage of job (MB)
	1752208  -  ResidentSetSize of job (KB)
...
006 (34672088.000.000) 2021-09-25 01:12:22 Image size of job updated: 1713
	1713  -  MemoryUsage of job (MB)
	1754676  -  ResidentSetSize of job (KB)
...
006 (34672088.000.000) 2021-09-25 01:13:23 Image size of job updated: 1715
	1715  -  MemoryUsage of job (MB)
	1756524  -  ResidentSetSize of job (KB)
...
006 (34672088.000.000) 2021-09-25 01:14:24 Image size of job updated: 1717
	1717  -  MemoryUsage of job (MB)
	1758620  -  ResidentSetSize of job (KB)
...
006 (34672088.000.000) 2021-09-25 01:15:24 Image size of job updated: 1718
	1718  -  MemoryUsage of job (MB)
	1760004  -  ResidentSetSize of job (KB)
...
006 (34672088.000.000) 2021-09-25 01:16:24 Image size of job updated: 1719
	1719  -  MemoryUsage of job (MB)
	1760588  -  ResidentSetSize of job (KB)
...
006 (34672088.000.000) 2021-09-25 01:17:25 Image size of job updated: 1719
	1719  -  MemoryUsage of job (MB)
	1760700  -  ResidentSetSize of job (KB)
...
006 (34672088.000.000) 2021-09-25 01:18:25 Image size of job updated: 1719
	1719  -  MemoryUsage of job (MB)
	1760800  -  ResidentSetSize of job (KB)
...
006 (34672088.000.000) 2021-09-25 01:19:26 Image size of job updated: 1719
	1719  -  MemoryUsage of job (MB)
	1760920  -  ResidentSetSize of job (KB)
...
006 (34672088.000.000) 2021-09-25 01:21:27 Image size of job updated: 1719
	1719  -  MemoryUsage of job (MB)
	1761176  -  ResidentSetSize of job (KB)
...
006 (34672088.000.000) 2021-09-25 01:22:28 Image size of job updated: 1719
	1719  -  MemoryUsage of job (MB)
	1761204  -  ResidentSetSize of job (KB)
...
006 (34672088.000.000) 2021-09-25 01:23:29 Image size of job updated: 1720
	1720  -  MemoryUsage of job (MB)
	1761504  -  ResidentSetSize of job (KB)
...
006 (34672088.000.000) 2021-09-25 01:25:30 Image size of job updated: 1720
	1720  -  MemoryUsage of job (MB)
	1761588  -  ResidentSetSize of job (KB)
...
006 (34672088.000.000) 2021-09-25 01:26:30 Image size of job updated: 1720
	1720  -  MemoryUsage of job (MB)
	1761840  -  ResidentSetSize of job (KB)
...
006 (34672088.000.000) 2021-09-25 01:28:32 Image size of job updated: 1720
	1720  -  MemoryUsage of job (MB)
	1761976  -  ResidentSetSize of job (KB)
...
006 (34672088.000.000) 2021-09-25 01:29:34 Image size of job updated: 1720
	1720  -  MemoryUsage of job (MB)
	1762216  -  ResidentSetSize of job (KB)
...
006 (34672088.000.000) 2021-09-25 01:30:34 Image size of job updated: 1721
	1721  -  MemoryUsage of job (MB)
	1762416  -  ResidentSetSize of job (KB)
...
006 (34672088.000.000) 2021-09-25 01:32:35 Image size of job updated: 1721
	1721  -  MemoryUsage of job (MB)
	1763268  -  ResidentSetSize of job (KB)
...
006 (34672088.000.000) 2021-09-25 01:33:36 Image size of job updated: 1722
	1722  -  MemoryUsage of job (MB)
	1763896  -  ResidentSetSize of job (KB)
...
006 (34672088.000.000) 2021-09-25 01:34:37 Image size of job updated: 1722
	1722  -  MemoryUsage of job (MB)
	1764272  -  ResidentSetSize of job (KB)
...
006 (34672088.000.000) 2021-09-25 01:36:39 Image size of job updated: 1723
	1723  -  MemoryUsage of job (MB)
	1764772  -  ResidentSetSize of job (KB)
...
006 (34672088.000.000) 2021-09-25 01:37:40 Image size of job updated: 1724
	1724  -  MemoryUsage of job (MB)
	1765904  -  ResidentSetSize of job (KB)
...
040 (34672088.000.000) 2021-09-25 02:02:26 Started transferring output files
...
040 (34672088.000.000) 2021-09-25 02:02:26 Finished transferring output files
...
005 (34672088.000.000) 2021-09-25 02:02:27 Job terminated.
	(1) Normal termination (return value 0)
		Usr 0 01:18:26, Sys 0 01:37:24  -  Run Remote Usage
		Usr 0 00:00:00, Sys 0 00:00:00  -  Run Local Usage
		Usr 0 01:18:26, Sys 0 01:37:24  -  Total Remote Usage
		Usr 0 00:00:00, Sys 0 00:00:00  -  Total Local Usage
	1218673  -  Run Bytes Sent By Job
	8471570  -  Run Bytes Received By Job
	1218673  -  Total Bytes Sent By Job
	8471570  -  Total Bytes Received By Job
	Partitionable Resources :    Usage  Request Allocated 
	   Cpus                 :     0.00        1         1 
	   Disk (KB)            : 13947       10000    316396 
	   Memory (MB)          :  1724        2048      2048 

	Job terminated of its own accord at 2021-09-25T07:02:26Z.
...
