000 (14732884.000.000) 2021-09-24 22:15:09 Job submitted from host: <131.225.188.55:9618?addrs=131.225.188.55-9618&alias=lpcschedd1.fnal.gov&noUDP&sock=schedd_2070_6d22>
...
040 (14732884.000.000) 2021-09-25 00:04:31 Started transferring input files
	Transferring to host: <131.225.204.58:9618?addrs=131.225.204.58-9618&alias=cmswn1662.fnal.gov&noUDP&sock=slot1_8_1266_c2ed_8143>
...
040 (14732884.000.000) 2021-09-25 00:04:32 Finished transferring input files
...
001 (14732884.000.000) 2021-09-25 00:04:33 Job executing on host: <131.225.204.58:9618?addrs=131.225.204.58-9618&alias=cmswn1662.fnal.gov&noUDP&sock=startd_1137_7745>
...
006 (14732884.000.000) 2021-09-25 00:04:41 Image size of job updated: 74
	74  -  MemoryUsage of job (MB)
	75816  -  ResidentSetSize of job (KB)
...
006 (14732884.000.000) 2021-09-25 00:05:41 Image size of job updated: 526
	526  -  MemoryUsage of job (MB)
	538708  -  ResidentSetSize of job (KB)
...
006 (14732884.000.000) 2021-09-25 00:09:44 Image size of job updated: 562
	562  -  MemoryUsage of job (MB)
	576436  -  ResidentSetSize of job (KB)
...
006 (14732884.000.000) 2021-09-25 00:10:45 Image size of job updated: 610
	610  -  MemoryUsage of job (MB)
	625620  -  ResidentSetSize of job (KB)
...
006 (14732884.000.000) 2021-09-25 00:11:45 Image size of job updated: 652
	652  -  MemoryUsage of job (MB)
	667760  -  ResidentSetSize of job (KB)
...
006 (14732884.000.000) 2021-09-25 00:12:46 Image size of job updated: 688
	688  -  MemoryUsage of job (MB)
	705388  -  ResidentSetSize of job (KB)
...
006 (14732884.000.000) 2021-09-25 00:13:47 Image size of job updated: 723
	723  -  MemoryUsage of job (MB)
	740672  -  ResidentSetSize of job (KB)
...
006 (14732884.000.000) 2021-09-25 00:14:47 Image size of job updated: 755
	755  -  MemoryUsage of job (MB)
	774068  -  ResidentSetSize of job (KB)
...
006 (14732884.000.000) 2021-09-25 00:15:48 Image size of job updated: 786
	786  -  MemoryUsage of job (MB)
	805596  -  ResidentSetSize of job (KB)
...
006 (14732884.000.000) 2021-09-25 00:16:49 Image size of job updated: 817
	817  -  MemoryUsage of job (MB)
	836628  -  ResidentSetSize of job (KB)
...
006 (14732884.000.000) 2021-09-25 00:17:49 Image size of job updated: 847
	847  -  MemoryUsage of job (MB)
	867644  -  ResidentSetSize of job (KB)
...
006 (14732884.000.000) 2021-09-25 00:18:50 Image size of job updated: 874
	874  -  MemoryUsage of job (MB)
	895236  -  ResidentSetSize of job (KB)
...
006 (14732884.000.000) 2021-09-25 00:19:50 Image size of job updated: 912
	912  -  MemoryUsage of job (MB)
	934336  -  ResidentSetSize of job (KB)
...
006 (14732884.000.000) 2021-09-25 00:20:50 Image size of job updated: 939
	939  -  MemoryUsage of job (MB)
	962284  -  ResidentSetSize of job (KB)
...
006 (14732884.000.000) 2021-09-25 00:21:51 Image size of job updated: 964
	964  -  MemoryUsage of job (MB)
	988120  -  ResidentSetSize of job (KB)
...
006 (14732884.000.000) 2021-09-25 00:22:51 Image size of job updated: 989
	989  -  MemoryUsage of job (MB)
	1012920  -  ResidentSetSize of job (KB)
...
006 (14732884.000.000) 2021-09-25 00:23:51 Image size of job updated: 1012
	1012  -  MemoryUsage of job (MB)
	1037276  -  ResidentSetSize of job (KB)
...
006 (14732884.000.000) 2021-09-25 00:24:52 Image size of job updated: 1040
	1040  -  MemoryUsage of job (MB)
	1065340  -  ResidentSetSize of job (KB)
...
006 (14732884.000.000) 2021-09-25 00:25:52 Image size of job updated: 1072
	1072  -  MemoryUsage of job (MB)
	1098240  -  ResidentSetSize of job (KB)
...
006 (14732884.000.000) 2021-09-25 00:26:53 Image size of job updated: 1094
	1094  -  MemoryUsage of job (MB)
	1120588  -  ResidentSetSize of job (KB)
...
006 (14732884.000.000) 2021-09-25 00:27:54 Image size of job updated: 1115
	1115  -  MemoryUsage of job (MB)
	1142288  -  ResidentSetSize of job (KB)
...
006 (14732884.000.000) 2021-09-25 00:28:54 Image size of job updated: 1136
	1136  -  MemoryUsage of job (MB)
	1163496  -  ResidentSetSize of job (KB)
...
006 (14732884.000.000) 2021-09-25 00:29:55 Image size of job updated: 1157
	1157  -  MemoryUsage of job (MB)
	1185012  -  ResidentSetSize of job (KB)
...
006 (14732884.000.000) 2021-09-25 00:30:55 Image size of job updated: 1177
	1177  -  MemoryUsage of job (MB)
	1205292  -  ResidentSetSize of job (KB)
...
006 (14732884.000.000) 2021-09-25 00:31:55 Image size of job updated: 1196
	1196  -  MemoryUsage of job (MB)
	1225212  -  ResidentSetSize of job (KB)
...
006 (14732884.000.000) 2021-09-25 00:32:56 Image size of job updated: 1215
	1215  -  MemoryUsage of job (MB)
	1244744  -  ResidentSetSize of job (KB)
...
006 (14732884.000.000) 2021-09-25 00:33:57 Image size of job updated: 1234
	1234  -  MemoryUsage of job (MB)
	1263948  -  ResidentSetSize of job (KB)
...
006 (14732884.000.000) 2021-09-25 00:34:57 Image size of job updated: 1252
	1252  -  MemoryUsage of job (MB)
	1282736  -  ResidentSetSize of job (KB)
...
006 (14732884.000.000) 2021-09-25 00:35:58 Image size of job updated: 1270
	1270  -  MemoryUsage of job (MB)
	1301292  -  ResidentSetSize of job (KB)
...
006 (14732884.000.000) 2021-09-25 00:36:58 Image size of job updated: 1288
	1288  -  MemoryUsage of job (MB)
	1319624  -  ResidentSetSize of job (KB)
...
006 (14732884.000.000) 2021-09-25 00:37:59 Image size of job updated: 1306
	1306  -  MemoryUsage of job (MB)
	1337468  -  ResidentSetSize of job (KB)
...
006 (14732884.000.000) 2021-09-25 00:39:00 Image size of job updated: 1323
	1323  -  MemoryUsage of job (MB)
	1355188  -  ResidentSetSize of job (KB)
...
006 (14732884.000.000) 2021-09-25 00:40:00 Image size of job updated: 1340
	1340  -  MemoryUsage of job (MB)
	1372728  -  ResidentSetSize of job (KB)
...
006 (14732884.000.000) 2021-09-25 00:41:01 Image size of job updated: 1357
	1357  -  MemoryUsage of job (MB)
	1389976  -  ResidentSetSize of job (KB)
...
006 (14732884.000.000) 2021-09-25 00:42:02 Image size of job updated: 1373
	1373  -  MemoryUsage of job (MB)
	1406968  -  ResidentSetSize of job (KB)
...
006 (14732884.000.000) 2021-09-25 00:43:02 Image size of job updated: 1390
	1390  -  MemoryUsage of job (MB)
	1423764  -  ResidentSetSize of job (KB)
...
006 (14732884.000.000) 2021-09-25 00:44:03 Image size of job updated: 1406
	1406  -  MemoryUsage of job (MB)
	1440240  -  ResidentSetSize of job (KB)
...
006 (14732884.000.000) 2021-09-25 00:45:03 Image size of job updated: 1421
	1421  -  MemoryUsage of job (MB)
	1455188  -  ResidentSetSize of job (KB)
...
006 (14732884.000.000) 2021-09-25 00:46:03 Image size of job updated: 1436
	1436  -  MemoryUsage of job (MB)
	1470984  -  ResidentSetSize of job (KB)
...
006 (14732884.000.000) 2021-09-25 00:47:04 Image size of job updated: 1451
	1451  -  MemoryUsage of job (MB)
	1486628  -  ResidentSetSize of job (KB)
...
006 (14732884.000.000) 2021-09-25 00:48:04 Image size of job updated: 1466
	1466  -  MemoryUsage of job (MB)
	1501584  -  ResidentSetSize of job (KB)
...
006 (14732884.000.000) 2021-09-25 00:49:05 Image size of job updated: 1481
	1481  -  MemoryUsage of job (MB)
	1517032  -  ResidentSetSize of job (KB)
...
006 (14732884.000.000) 2021-09-25 00:50:06 Image size of job updated: 1496
	1496  -  MemoryUsage of job (MB)
	1532268  -  ResidentSetSize of job (KB)
...
006 (14732884.000.000) 2021-09-25 00:51:06 Image size of job updated: 1511
	1511  -  MemoryUsage of job (MB)
	1547328  -  ResidentSetSize of job (KB)
...
006 (14732884.000.000) 2021-09-25 00:52:06 Image size of job updated: 1525
	1525  -  MemoryUsage of job (MB)
	1562468  -  ResidentSetSize of job (KB)
...
006 (14732884.000.000) 2021-09-25 00:53:07 Image size of job updated: 1544
	1544  -  MemoryUsage of job (MB)
	1581660  -  ResidentSetSize of job (KB)
...
006 (14732884.000.000) 2021-09-25 00:54:07 Image size of job updated: 1620
	1620  -  MemoryUsage of job (MB)
	1659560  -  ResidentSetSize of job (KB)
...
006 (14732884.000.000) 2021-09-25 00:56:08 Image size of job updated: 1636
	1636  -  MemoryUsage of job (MB)
	1675956  -  ResidentSetSize of job (KB)
...
006 (14732884.000.000) 2021-09-25 00:59:09 Image size of job updated: 1642
	1642  -  MemoryUsage of job (MB)
	1681808  -  ResidentSetSize of job (KB)
...
006 (14732884.000.000) 2021-09-25 01:01:09 Image size of job updated: 1645
	1645  -  MemoryUsage of job (MB)
	1684928  -  ResidentSetSize of job (KB)
...
006 (14732884.000.000) 2021-09-25 01:03:10 Image size of job updated: 1645
	1645  -  MemoryUsage of job (MB)
	1685328  -  ResidentSetSize of job (KB)
...
006 (14732884.000.000) 2021-09-25 01:04:11 Image size of job updated: 1647
	1647  -  MemoryUsage of job (MB)
	1687352  -  ResidentSetSize of job (KB)
...
006 (14732884.000.000) 2021-09-25 01:06:11 Image size of job updated: 1649
	1649  -  MemoryUsage of job (MB)
	1688928  -  ResidentSetSize of job (KB)
...
006 (14732884.000.000) 2021-09-25 01:07:12 Image size of job updated: 1649
	1649  -  MemoryUsage of job (MB)
	1688932  -  ResidentSetSize of job (KB)
...
006 (14732884.000.000) 2021-09-25 01:08:12 Image size of job updated: 1653
	1653  -  MemoryUsage of job (MB)
	1693192  -  ResidentSetSize of job (KB)
...
006 (14732884.000.000) 2021-09-25 01:11:14 Image size of job updated: 1654
	1654  -  MemoryUsage of job (MB)
	1693696  -  ResidentSetSize of job (KB)
...
006 (14732884.000.000) 2021-09-25 01:13:16 Image size of job updated: 1654
	1654  -  MemoryUsage of job (MB)
	1694256  -  ResidentSetSize of job (KB)
...
006 (14732884.000.000) 2021-09-25 01:15:17 Image size of job updated: 1655
	1655  -  MemoryUsage of job (MB)
	1695040  -  ResidentSetSize of job (KB)
...
006 (14732884.000.000) 2021-09-25 01:17:18 Image size of job updated: 1657
	1657  -  MemoryUsage of job (MB)
	1697252  -  ResidentSetSize of job (KB)
...
006 (14732884.000.000) 2021-09-25 01:20:20 Image size of job updated: 1659
	1659  -  MemoryUsage of job (MB)
	1699360  -  ResidentSetSize of job (KB)
...
006 (14732884.000.000) 2021-09-25 01:22:21 Image size of job updated: 1661
	1661  -  MemoryUsage of job (MB)
	1700872  -  ResidentSetSize of job (KB)
...
006 (14732884.000.000) 2021-09-25 01:24:23 Image size of job updated: 1661
	1661  -  MemoryUsage of job (MB)
	1701128  -  ResidentSetSize of job (KB)
...
006 (14732884.000.000) 2021-09-25 01:25:23 Image size of job updated: 1662
	1662  -  MemoryUsage of job (MB)
	1702284  -  ResidentSetSize of job (KB)
...
006 (14732884.000.000) 2021-09-25 01:27:25 Image size of job updated: 1663
	1663  -  MemoryUsage of job (MB)
	1703136  -  ResidentSetSize of job (KB)
...
006 (14732884.000.000) 2021-09-25 01:28:25 Image size of job updated: 1663
	1663  -  MemoryUsage of job (MB)
	1703140  -  ResidentSetSize of job (KB)
...
006 (14732884.000.000) 2021-09-25 01:29:26 Image size of job updated: 1664
	1664  -  MemoryUsage of job (MB)
	1704064  -  ResidentSetSize of job (KB)
...
006 (14732884.000.000) 2021-09-25 01:32:27 Image size of job updated: 1665
	1665  -  MemoryUsage of job (MB)
	1705560  -  ResidentSetSize of job (KB)
...
006 (14732884.000.000) 2021-09-25 01:34:28 Image size of job updated: 1666
	1666  -  MemoryUsage of job (MB)
	1706428  -  ResidentSetSize of job (KB)
...
006 (14732884.000.000) 2021-09-25 01:37:30 Image size of job updated: 1667
	1667  -  MemoryUsage of job (MB)
	1707556  -  ResidentSetSize of job (KB)
...
006 (14732884.000.000) 2021-09-25 01:39:31 Image size of job updated: 1668
	1668  -  MemoryUsage of job (MB)
	1708540  -  ResidentSetSize of job (KB)
...
006 (14732884.000.000) 2021-09-25 01:41:32 Image size of job updated: 1669
	1669  -  MemoryUsage of job (MB)
	1709580  -  ResidentSetSize of job (KB)
...
006 (14732884.000.000) 2021-09-25 01:44:33 Image size of job updated: 1670
	1670  -  MemoryUsage of job (MB)
	1710300  -  ResidentSetSize of job (KB)
...
006 (14732884.000.000) 2021-09-25 01:53:37 Image size of job updated: 1673
	1673  -  MemoryUsage of job (MB)
	1713728  -  ResidentSetSize of job (KB)
...
006 (14732884.000.000) 2021-09-25 01:56:38 Image size of job updated: 1677
	1677  -  MemoryUsage of job (MB)
	1717544  -  ResidentSetSize of job (KB)
...
006 (14732884.000.000) 2021-09-25 01:58:39 Image size of job updated: 1679
	1679  -  MemoryUsage of job (MB)
	1720172  -  ResidentSetSize of job (KB)
...
006 (14732884.000.000) 2021-09-25 01:59:39 Image size of job updated: 1679
	1679  -  MemoryUsage of job (MB)
	1720176  -  ResidentSetSize of job (KB)
...
006 (14732884.000.000) 2021-09-25 02:00:40 Image size of job updated: 1682
	1682  -  MemoryUsage of job (MB)
	1722832  -  ResidentSetSize of job (KB)
...
006 (14732884.000.000) 2021-09-25 02:03:42 Image size of job updated: 1685
	1685  -  MemoryUsage of job (MB)
	1725852  -  ResidentSetSize of job (KB)
...
006 (14732884.000.000) 2021-09-25 02:05:43 Image size of job updated: 1685
	1685  -  MemoryUsage of job (MB)
	1726296  -  ResidentSetSize of job (KB)
...
006 (14732884.000.000) 2021-09-25 02:06:43 Image size of job updated: 1686
	1686  -  MemoryUsage of job (MB)
	1727148  -  ResidentSetSize of job (KB)
...
006 (14732884.000.000) 2021-09-25 02:07:43 Image size of job updated: 1687
	1687  -  MemoryUsage of job (MB)
	1728032  -  ResidentSetSize of job (KB)
...
006 (14732884.000.000) 2021-09-25 02:08:44 Image size of job updated: 1688
	1688  -  MemoryUsage of job (MB)
	1729180  -  ResidentSetSize of job (KB)
...
006 (14732884.000.000) 2021-09-25 02:10:45 Image size of job updated: 1689
	1689  -  MemoryUsage of job (MB)
	1729952  -  ResidentSetSize of job (KB)
...
006 (14732884.000.000) 2021-09-25 02:12:47 Image size of job updated: 1690
	1690  -  MemoryUsage of job (MB)
	1730740  -  ResidentSetSize of job (KB)
...
006 (14732884.000.000) 2021-09-25 02:13:47 Image size of job updated: 1691
	1691  -  MemoryUsage of job (MB)
	1731636  -  ResidentSetSize of job (KB)
...
006 (14732884.000.000) 2021-09-25 02:14:48 Image size of job updated: 1691
	1691  -  MemoryUsage of job (MB)
	1732316  -  ResidentSetSize of job (KB)
...
006 (14732884.000.000) 2021-09-25 02:17:50 Image size of job updated: 1692
	1692  -  MemoryUsage of job (MB)
	1733100  -  ResidentSetSize of job (KB)
...
006 (14732884.000.000) 2021-09-25 02:19:51 Image size of job updated: 1693
	1693  -  MemoryUsage of job (MB)
	1734404  -  ResidentSetSize of job (KB)
...
006 (14732884.000.000) 2021-09-25 02:21:52 Image size of job updated: 1694
	1694  -  MemoryUsage of job (MB)
	1735332  -  ResidentSetSize of job (KB)
...
006 (14732884.000.000) 2021-09-25 02:24:54 Image size of job updated: 1695
	1695  -  MemoryUsage of job (MB)
	1736296  -  ResidentSetSize of job (KB)
...
006 (14732884.000.000) 2021-09-25 02:26:55 Image size of job updated: 1695
	1695  -  MemoryUsage of job (MB)
	1736600  -  ResidentSetSize of job (KB)
...
006 (14732884.000.000) 2021-09-25 02:28:56 Image size of job updated: 1697
	1697  -  MemoryUsage of job (MB)
	1738700  -  ResidentSetSize of job (KB)
...
006 (14732884.000.000) 2021-09-25 02:29:57 Image size of job updated: 1697
	1697  -  MemoryUsage of job (MB)
	1738708  -  ResidentSetSize of job (KB)
...
006 (14732884.000.000) 2021-09-25 02:31:58 Image size of job updated: 1699
	1699  -  MemoryUsage of job (MB)
	1739908  -  ResidentSetSize of job (KB)
...
006 (14732884.000.000) 2021-09-25 02:33:59 Image size of job updated: 1700
	1700  -  MemoryUsage of job (MB)
	1740960  -  ResidentSetSize of job (KB)
...
006 (14732884.000.000) 2021-09-25 02:36:00 Image size of job updated: 1700
	1700  -  MemoryUsage of job (MB)
	1741768  -  ResidentSetSize of job (KB)
...
006 (14732884.000.000) 2021-09-25 02:39:02 Image size of job updated: 1701
	1701  -  MemoryUsage of job (MB)
	1742516  -  ResidentSetSize of job (KB)
...
006 (14732884.000.000) 2021-09-25 02:41:04 Image size of job updated: 1703
	1703  -  MemoryUsage of job (MB)
	1743892  -  ResidentSetSize of job (KB)
...
006 (14732884.000.000) 2021-09-25 02:42:04 Image size of job updated: 1704
	1704  -  MemoryUsage of job (MB)
	1745128  -  ResidentSetSize of job (KB)
...
006 (14732884.000.000) 2021-09-25 02:43:05 Image size of job updated: 1705
	1705  -  MemoryUsage of job (MB)
	1746720  -  ResidentSetSize of job (KB)
...
006 (14732884.000.000) 2021-09-25 02:44:05 Image size of job updated: 1706
	1706  -  MemoryUsage of job (MB)
	1747784  -  ResidentSetSize of job (KB)
...
006 (14732884.000.000) 2021-09-25 02:46:07 Image size of job updated: 1707
	1707  -  MemoryUsage of job (MB)
	1748712  -  ResidentSetSize of job (KB)
...
006 (14732884.000.000) 2021-09-25 02:47:07 Image size of job updated: 1707
	1707  -  MemoryUsage of job (MB)
	1748716  -  ResidentSetSize of job (KB)
...
006 (14732884.000.000) 2021-09-25 02:48:07 Image size of job updated: 1708
	1708  -  MemoryUsage of job (MB)
	1749884  -  ResidentSetSize of job (KB)
...
006 (14732884.000.000) 2021-09-25 02:49:08 Image size of job updated: 1709
	1709  -  MemoryUsage of job (MB)
	1750972  -  ResidentSetSize of job (KB)
...
006 (14732884.000.000) 2021-09-25 02:50:08 Image size of job updated: 1710
	1710  -  MemoryUsage of job (MB)
	1751336  -  ResidentSetSize of job (KB)
...
006 (14732884.000.000) 2021-09-25 02:51:08 Image size of job updated: 1712
	1712  -  MemoryUsage of job (MB)
	1753260  -  ResidentSetSize of job (KB)
...
006 (14732884.000.000) 2021-09-25 02:53:09 Image size of job updated: 1712
	1712  -  MemoryUsage of job (MB)
	1754036  -  ResidentSetSize of job (KB)
...
006 (14732884.000.000) 2021-09-25 02:55:11 Image size of job updated: 1713
	1713  -  MemoryUsage of job (MB)
	1754520  -  ResidentSetSize of job (KB)
...
006 (14732884.000.000) 2021-09-25 02:57:12 Image size of job updated: 1713
	1713  -  MemoryUsage of job (MB)
	1754608  -  ResidentSetSize of job (KB)
...
006 (14732884.000.000) 2021-09-25 02:59:12 Image size of job updated: 1713
	1713  -  MemoryUsage of job (MB)
	1754740  -  ResidentSetSize of job (KB)
...
006 (14732884.000.000) 2021-09-25 03:00:13 Image size of job updated: 1713
	1713  -  MemoryUsage of job (MB)
	1754984  -  ResidentSetSize of job (KB)
...
006 (14732884.000.000) 2021-09-25 03:01:13 Image size of job updated: 1713
	1713  -  MemoryUsage of job (MB)
	1754988  -  ResidentSetSize of job (KB)
...
006 (14732884.000.000) 2021-09-25 03:02:14 Image size of job updated: 1714
	1714  -  MemoryUsage of job (MB)
	1755340  -  ResidentSetSize of job (KB)
...
006 (14732884.000.000) 2021-09-25 03:04:14 Image size of job updated: 1714
	1714  -  MemoryUsage of job (MB)
	1755968  -  ResidentSetSize of job (KB)
...
006 (14732884.000.000) 2021-09-25 03:06:15 Image size of job updated: 1715
	1715  -  MemoryUsage of job (MB)
	1756948  -  ResidentSetSize of job (KB)
...
006 (14732884.000.000) 2021-09-25 03:09:17 Image size of job updated: 1716
	1716  -  MemoryUsage of job (MB)
	1757280  -  ResidentSetSize of job (KB)
...
006 (14732884.000.000) 2021-09-25 03:11:18 Image size of job updated: 1716
	1716  -  MemoryUsage of job (MB)
	1757576  -  ResidentSetSize of job (KB)
...
006 (14732884.000.000) 2021-09-25 03:12:19 Image size of job updated: 1716
	1716  -  MemoryUsage of job (MB)
	1757580  -  ResidentSetSize of job (KB)
...
006 (14732884.000.000) 2021-09-25 03:14:19 Image size of job updated: 1716
	1716  -  MemoryUsage of job (MB)
	1757952  -  ResidentSetSize of job (KB)
...
006 (14732884.000.000) 2021-09-25 03:16:20 Image size of job updated: 1716
	1716  -  MemoryUsage of job (MB)
	1758152  -  ResidentSetSize of job (KB)
...
006 (14732884.000.000) 2021-09-25 03:19:22 Image size of job updated: 1717
	1717  -  MemoryUsage of job (MB)
	1758408  -  ResidentSetSize of job (KB)
...
006 (14732884.000.000) 2021-09-25 03:21:24 Image size of job updated: 1717
	1717  -  MemoryUsage of job (MB)
	1758756  -  ResidentSetSize of job (KB)
...
006 (14732884.000.000) 2021-09-25 03:23:25 Image size of job updated: 1717
	1717  -  MemoryUsage of job (MB)
	1759096  -  ResidentSetSize of job (KB)
...
006 (14732884.000.000) 2021-09-25 03:26:27 Image size of job updated: 1718
	1718  -  MemoryUsage of job (MB)
	1759356  -  ResidentSetSize of job (KB)
...
006 (14732884.000.000) 2021-09-25 03:28:27 Image size of job updated: 1718
	1718  -  MemoryUsage of job (MB)
	1759812  -  ResidentSetSize of job (KB)
...
006 (14732884.000.000) 2021-09-25 03:31:29 Image size of job updated: 1719
	1719  -  MemoryUsage of job (MB)
	1760412  -  ResidentSetSize of job (KB)
...
006 (14732884.000.000) 2021-09-25 03:33:30 Image size of job updated: 1719
	1719  -  MemoryUsage of job (MB)
	1760796  -  ResidentSetSize of job (KB)
...
006 (14732884.000.000) 2021-09-25 03:36:31 Image size of job updated: 1719
	1719  -  MemoryUsage of job (MB)
	1761000  -  ResidentSetSize of job (KB)
...
006 (14732884.000.000) 2021-09-25 03:38:32 Image size of job updated: 1719
	1719  -  MemoryUsage of job (MB)
	1761228  -  ResidentSetSize of job (KB)
...
006 (14732884.000.000) 2021-09-25 03:40:34 Image size of job updated: 1720
	1720  -  MemoryUsage of job (MB)
	1761320  -  ResidentSetSize of job (KB)
...
006 (14732884.000.000) 2021-09-25 03:41:34 Image size of job updated: 1720
	1720  -  MemoryUsage of job (MB)
	1761504  -  ResidentSetSize of job (KB)
...
006 (14732884.000.000) 2021-09-25 03:42:35 Image size of job updated: 1720
	1720  -  MemoryUsage of job (MB)
	1761552  -  ResidentSetSize of job (KB)
...
006 (14732884.000.000) 2021-09-25 03:43:36 Image size of job updated: 1720
	1720  -  MemoryUsage of job (MB)
	1761616  -  ResidentSetSize of job (KB)
...
006 (14732884.000.000) 2021-09-25 03:44:36 Image size of job updated: 1720
	1720  -  MemoryUsage of job (MB)
	1761632  -  ResidentSetSize of job (KB)
...
006 (14732884.000.000) 2021-09-25 03:45:37 Image size of job updated: 1720
	1720  -  MemoryUsage of job (MB)
	1761684  -  ResidentSetSize of job (KB)
...
006 (14732884.000.000) 2021-09-25 03:46:38 Image size of job updated: 1720
	1720  -  MemoryUsage of job (MB)
	1761688  -  ResidentSetSize of job (KB)
...
006 (14732884.000.000) 2021-09-25 03:48:39 Image size of job updated: 1720
	1720  -  MemoryUsage of job (MB)
	1761704  -  ResidentSetSize of job (KB)
...
006 (14732884.000.000) 2021-09-25 03:49:39 Image size of job updated: 1720
	1720  -  MemoryUsage of job (MB)
	1761728  -  ResidentSetSize of job (KB)
...
006 (14732884.000.000) 2021-09-25 03:50:39 Image size of job updated: 1720
	1720  -  MemoryUsage of job (MB)
	1761736  -  ResidentSetSize of job (KB)
...
006 (14732884.000.000) 2021-09-25 03:51:40 Image size of job updated: 1720
	1720  -  MemoryUsage of job (MB)
	1761756  -  ResidentSetSize of job (KB)
...
006 (14732884.000.000) 2021-09-25 03:52:40 Image size of job updated: 1720
	1720  -  MemoryUsage of job (MB)
	1761760  -  ResidentSetSize of job (KB)
...
006 (14732884.000.000) 2021-09-25 03:55:42 Image size of job updated: 1720
	1720  -  MemoryUsage of job (MB)
	1761764  -  ResidentSetSize of job (KB)
...
006 (14732884.000.000) 2021-09-25 04:04:48 Image size of job updated: 1720
	1720  -  MemoryUsage of job (MB)
	1762120  -  ResidentSetSize of job (KB)
...
006 (14732884.000.000) 2021-09-25 04:06:49 Image size of job updated: 1722
	1722  -  MemoryUsage of job (MB)
	1763820  -  ResidentSetSize of job (KB)
...
006 (14732884.000.000) 2021-09-25 04:08:50 Image size of job updated: 1722
	1722  -  MemoryUsage of job (MB)
	1763988  -  ResidentSetSize of job (KB)
...
006 (14732884.000.000) 2021-09-25 04:10:51 Image size of job updated: 1722
	1722  -  MemoryUsage of job (MB)
	1764228  -  ResidentSetSize of job (KB)
...
006 (14732884.000.000) 2021-09-25 04:13:53 Image size of job updated: 1723
	1723  -  MemoryUsage of job (MB)
	1764432  -  ResidentSetSize of job (KB)
...
006 (14732884.000.000) 2021-09-25 04:15:54 Image size of job updated: 1723
	1723  -  MemoryUsage of job (MB)
	1764600  -  ResidentSetSize of job (KB)
...
006 (14732884.000.000) 2021-09-25 04:31:02 Image size of job updated: 1723
	1723  -  MemoryUsage of job (MB)
	1764852  -  ResidentSetSize of job (KB)
...
006 (14732884.000.000) 2021-09-25 04:33:03 Image size of job updated: 1723
	1723  -  MemoryUsage of job (MB)
	1765248  -  ResidentSetSize of job (KB)
...
006 (14732884.000.000) 2021-09-25 04:35:04 Image size of job updated: 1724
	1724  -  MemoryUsage of job (MB)
	1765464  -  ResidentSetSize of job (KB)
...
006 (14732884.000.000) 2021-09-25 04:36:05 Image size of job updated: 1724
	1724  -  MemoryUsage of job (MB)
	1765688  -  ResidentSetSize of job (KB)
...
006 (14732884.000.000) 2021-09-25 04:37:05 Image size of job updated: 1724
	1724  -  MemoryUsage of job (MB)
	1765824  -  ResidentSetSize of job (KB)
...
006 (14732884.000.000) 2021-09-25 04:39:06 Image size of job updated: 1724
	1724  -  MemoryUsage of job (MB)
	1766148  -  ResidentSetSize of job (KB)
...
006 (14732884.000.000) 2021-09-25 04:40:06 Image size of job updated: 1725
	1725  -  MemoryUsage of job (MB)
	1766768  -  ResidentSetSize of job (KB)
...
006 (14732884.000.000) 2021-09-25 04:41:06 Image size of job updated: 1725
	1725  -  MemoryUsage of job (MB)
	1766916  -  ResidentSetSize of job (KB)
...
006 (14732884.000.000) 2021-09-25 04:42:07 Image size of job updated: 1725
	1725  -  MemoryUsage of job (MB)
	1767020  -  ResidentSetSize of job (KB)
...
040 (14732884.000.000) 2021-09-25 04:42:17 Started transferring output files
...
040 (14732884.000.000) 2021-09-25 04:42:17 Finished transferring output files
...
005 (14732884.000.000) 2021-09-25 04:42:20 Job terminated.
	(1) Normal termination (return value 0)
		Usr 0 00:00:00, Sys 0 00:00:00  -  Run Remote Usage
		Usr 0 00:00:00, Sys 0 00:00:00  -  Run Local Usage
		Usr 0 01:17:10, Sys 0 03:12:32  -  Total Remote Usage
		Usr 0 00:00:00, Sys 0 00:00:00  -  Total Local Usage
	1285066  -  Run Bytes Sent By Job
	8471570  -  Run Bytes Received By Job
	1285066  -  Total Bytes Sent By Job
	8471570  -  Total Bytes Received By Job
	Partitionable Resources :    Usage  Request Allocated 
	   Cpus                 :     0.00        1         1 
	   Disk (KB)            : 14897       10000    302439 
	   Memory (MB)          :  1725        2048      2048 

	Job terminated of its own accord at 2021-09-25T09:42:17Z.
...
