000 (34672103.000.000) 2021-09-24 22:15:02 Job submitted from host: <131.225.188.57:9618?addrs=131.225.188.57-9618&alias=lpcschedd2.fnal.gov&noUDP&sock=schedd_2251_93c6>
...
040 (34672103.000.000) 2021-09-24 22:59:56 Started transferring input files
	Transferring to host: <131.225.205.180:9618?addrs=131.225.205.180-9618&alias=cmswn1954.fnal.gov&noUDP&sock=slot1_22_1534_9777_4916>
...
040 (34672103.000.000) 2021-09-24 22:59:56 Finished transferring input files
...
001 (34672103.000.000) 2021-09-24 22:59:57 Job executing on host: <131.225.205.180:9618?addrs=131.225.205.180-9618&alias=cmswn1954.fnal.gov&noUDP&sock=startd_1434_2ee6>
...
006 (34672103.000.000) 2021-09-24 23:00:06 Image size of job updated: 9
	9  -  MemoryUsage of job (MB)
	9480  -  ResidentSetSize of job (KB)
...
006 (34672103.000.000) 2021-09-24 23:01:07 Image size of job updated: 533
	533  -  MemoryUsage of job (MB)
	546804  -  ResidentSetSize of job (KB)
...
006 (34672103.000.000) 2021-09-24 23:05:08 Image size of job updated: 540
	540  -  MemoryUsage of job (MB)
	553212  -  ResidentSetSize of job (KB)
...
006 (34672103.000.000) 2021-09-24 23:06:08 Image size of job updated: 587
	587  -  MemoryUsage of job (MB)
	601256  -  ResidentSetSize of job (KB)
...
006 (34672103.000.000) 2021-09-24 23:07:08 Image size of job updated: 630
	630  -  MemoryUsage of job (MB)
	646072  -  ResidentSetSize of job (KB)
...
006 (34672103.000.000) 2021-09-24 23:08:08 Image size of job updated: 672
	672  -  MemoryUsage of job (MB)
	688588  -  ResidentSetSize of job (KB)
...
006 (34672103.000.000) 2021-09-24 23:09:09 Image size of job updated: 706
	706  -  MemoryUsage of job (MB)
	723376  -  ResidentSetSize of job (KB)
...
006 (34672103.000.000) 2021-09-24 23:10:10 Image size of job updated: 737
	737  -  MemoryUsage of job (MB)
	755564  -  ResidentSetSize of job (KB)
...
006 (34672103.000.000) 2021-09-24 23:11:12 Image size of job updated: 770
	770  -  MemoryUsage of job (MB)
	788772  -  ResidentSetSize of job (KB)
...
006 (34672103.000.000) 2021-09-24 23:12:12 Image size of job updated: 798
	798  -  MemoryUsage of job (MB)
	817172  -  ResidentSetSize of job (KB)
...
006 (34672103.000.000) 2021-09-24 23:13:12 Image size of job updated: 823
	823  -  MemoryUsage of job (MB)
	843284  -  ResidentSetSize of job (KB)
...
006 (34672103.000.000) 2021-09-24 23:14:13 Image size of job updated: 849
	849  -  MemoryUsage of job (MB)
	870344  -  ResidentSetSize of job (KB)
...
006 (34672103.000.000) 2021-09-24 23:15:14 Image size of job updated: 876
	876  -  MemoryUsage of job (MB)
	897164  -  ResidentSetSize of job (KB)
...
006 (34672103.000.000) 2021-09-24 23:16:14 Image size of job updated: 910
	910  -  MemoryUsage of job (MB)
	932316  -  ResidentSetSize of job (KB)
...
006 (34672103.000.000) 2021-09-24 23:17:14 Image size of job updated: 934
	934  -  MemoryUsage of job (MB)
	956448  -  ResidentSetSize of job (KB)
...
006 (34672103.000.000) 2021-09-24 23:18:15 Image size of job updated: 955
	955  -  MemoryUsage of job (MB)
	978732  -  ResidentSetSize of job (KB)
...
006 (34672103.000.000) 2021-09-24 23:19:16 Image size of job updated: 978
	978  -  MemoryUsage of job (MB)
	1002000  -  ResidentSetSize of job (KB)
...
006 (34672103.000.000) 2021-09-24 23:20:16 Image size of job updated: 999
	999  -  MemoryUsage of job (MB)
	1023200  -  ResidentSetSize of job (KB)
...
006 (34672103.000.000) 2021-09-24 23:21:17 Image size of job updated: 1019
	1019  -  MemoryUsage of job (MB)
	1044312  -  ResidentSetSize of job (KB)
...
006 (34672103.000.000) 2021-09-24 23:22:17 Image size of job updated: 1041
	1041  -  MemoryUsage of job (MB)
	1066216  -  ResidentSetSize of job (KB)
...
006 (34672103.000.000) 2021-09-24 23:23:17 Image size of job updated: 1069
	1069  -  MemoryUsage of job (MB)
	1095472  -  ResidentSetSize of job (KB)
...
006 (34672103.000.000) 2021-09-24 23:24:18 Image size of job updated: 1089
	1089  -  MemoryUsage of job (MB)
	1115276  -  ResidentSetSize of job (KB)
...
006 (34672103.000.000) 2021-09-24 23:25:18 Image size of job updated: 1106
	1106  -  MemoryUsage of job (MB)
	1132936  -  ResidentSetSize of job (KB)
...
006 (34672103.000.000) 2021-09-24 23:26:18 Image size of job updated: 1123
	1123  -  MemoryUsage of job (MB)
	1150492  -  ResidentSetSize of job (KB)
...
006 (34672103.000.000) 2021-09-24 23:27:18 Image size of job updated: 1140
	1140  -  MemoryUsage of job (MB)
	1167816  -  ResidentSetSize of job (KB)
...
006 (34672103.000.000) 2021-09-24 23:28:19 Image size of job updated: 1159
	1159  -  MemoryUsage of job (MB)
	1187152  -  ResidentSetSize of job (KB)
...
006 (34672103.000.000) 2021-09-24 23:29:19 Image size of job updated: 1175
	1175  -  MemoryUsage of job (MB)
	1204084  -  ResidentSetSize of job (KB)
...
006 (34672103.000.000) 2021-09-24 23:30:20 Image size of job updated: 1194
	1194  -  MemoryUsage of job (MB)
	1222896  -  ResidentSetSize of job (KB)
...
006 (34672103.000.000) 2021-09-24 23:31:21 Image size of job updated: 1212
	1212  -  MemoryUsage of job (MB)
	1242024  -  ResidentSetSize of job (KB)
...
006 (34672103.000.000) 2021-09-24 23:32:21 Image size of job updated: 1233
	1233  -  MemoryUsage of job (MB)
	1262852  -  ResidentSetSize of job (KB)
...
006 (34672103.000.000) 2021-09-24 23:33:22 Image size of job updated: 1251
	1251  -  MemoryUsage of job (MB)
	1281036  -  ResidentSetSize of job (KB)
...
006 (34672103.000.000) 2021-09-24 23:34:23 Image size of job updated: 1268
	1268  -  MemoryUsage of job (MB)
	1298840  -  ResidentSetSize of job (KB)
...
006 (34672103.000.000) 2021-09-24 23:35:25 Image size of job updated: 1287
	1287  -  MemoryUsage of job (MB)
	1318496  -  ResidentSetSize of job (KB)
...
006 (34672103.000.000) 2021-09-24 23:36:25 Image size of job updated: 1304
	1304  -  MemoryUsage of job (MB)
	1335696  -  ResidentSetSize of job (KB)
...
006 (34672103.000.000) 2021-09-24 23:37:26 Image size of job updated: 1320
	1320  -  MemoryUsage of job (MB)
	1352632  -  ResidentSetSize of job (KB)
...
006 (34672103.000.000) 2021-09-24 23:38:28 Image size of job updated: 1339
	1339  -  MemoryUsage of job (MB)
	1371232  -  ResidentSetSize of job (KB)
...
006 (34672103.000.000) 2021-09-24 23:39:28 Image size of job updated: 1355
	1355  -  MemoryUsage of job (MB)
	1387780  -  ResidentSetSize of job (KB)
...
006 (34672103.000.000) 2021-09-24 23:40:29 Image size of job updated: 1371
	1371  -  MemoryUsage of job (MB)
	1404060  -  ResidentSetSize of job (KB)
...
006 (34672103.000.000) 2021-09-24 23:41:31 Image size of job updated: 1388
	1388  -  MemoryUsage of job (MB)
	1422232  -  ResidentSetSize of job (KB)
...
006 (34672103.000.000) 2021-09-24 23:42:31 Image size of job updated: 1404
	1404  -  MemoryUsage of job (MB)
	1438064  -  ResidentSetSize of job (KB)
...
006 (34672103.000.000) 2021-09-24 23:43:32 Image size of job updated: 1420
	1420  -  MemoryUsage of job (MB)
	1454784  -  ResidentSetSize of job (KB)
...
006 (34672103.000.000) 2021-09-24 23:44:32 Image size of job updated: 1434
	1434  -  MemoryUsage of job (MB)
	1469176  -  ResidentSetSize of job (KB)
...
006 (34672103.000.000) 2021-09-24 23:45:32 Image size of job updated: 1451
	1451  -  MemoryUsage of job (MB)
	1486036  -  ResidentSetSize of job (KB)
...
006 (34672103.000.000) 2021-09-24 23:46:32 Image size of job updated: 1465
	1465  -  MemoryUsage of job (MB)
	1501128  -  ResidentSetSize of job (KB)
...
006 (34672103.000.000) 2021-09-24 23:47:33 Image size of job updated: 1480
	1480  -  MemoryUsage of job (MB)
	1516024  -  ResidentSetSize of job (KB)
...
006 (34672103.000.000) 2021-09-24 23:48:34 Image size of job updated: 1496
	1496  -  MemoryUsage of job (MB)
	1532416  -  ResidentSetSize of job (KB)
...
006 (34672103.000.000) 2021-09-24 23:49:35 Image size of job updated: 1510
	1510  -  MemoryUsage of job (MB)
	1547020  -  ResidentSetSize of job (KB)
...
006 (34672103.000.000) 2021-09-24 23:50:35 Image size of job updated: 1524
	1524  -  MemoryUsage of job (MB)
	1561476  -  ResidentSetSize of job (KB)
...
006 (34672103.000.000) 2021-09-24 23:51:35 Image size of job updated: 1542
	1542  -  MemoryUsage of job (MB)
	1579924  -  ResidentSetSize of job (KB)
...
006 (34672103.000.000) 2021-09-24 23:52:36 Image size of job updated: 1620
	1620  -  MemoryUsage of job (MB)
	1659584  -  ResidentSetSize of job (KB)
...
006 (34672103.000.000) 2021-09-24 23:53:37 Image size of job updated: 1620
	1620  -  MemoryUsage of job (MB)
	1659588  -  ResidentSetSize of job (KB)
...
006 (34672103.000.000) 2021-09-24 23:54:38 Image size of job updated: 1620
	1620  -  MemoryUsage of job (MB)
	1659600  -  ResidentSetSize of job (KB)
...
006 (34672103.000.000) 2021-09-24 23:55:38 Image size of job updated: 1636
	1636  -  MemoryUsage of job (MB)
	1675840  -  ResidentSetSize of job (KB)
...
006 (34672103.000.000) 2021-09-24 23:56:39 Image size of job updated: 1636
	1636  -  MemoryUsage of job (MB)
	1675844  -  ResidentSetSize of job (KB)
...
006 (34672103.000.000) 2021-09-24 23:57:40 Image size of job updated: 1636
	1636  -  MemoryUsage of job (MB)
	1675848  -  ResidentSetSize of job (KB)
...
006 (34672103.000.000) 2021-09-24 23:58:40 Image size of job updated: 1638
	1638  -  MemoryUsage of job (MB)
	1677372  -  ResidentSetSize of job (KB)
...
006 (34672103.000.000) 2021-09-24 23:59:40 Image size of job updated: 1642
	1642  -  MemoryUsage of job (MB)
	1681820  -  ResidentSetSize of job (KB)
...
006 (34672103.000.000) 2021-09-25 00:02:43 Image size of job updated: 1644
	1644  -  MemoryUsage of job (MB)
	1684380  -  ResidentSetSize of job (KB)
...
006 (34672103.000.000) 2021-09-25 00:05:45 Image size of job updated: 1647
	1647  -  MemoryUsage of job (MB)
	1687380  -  ResidentSetSize of job (KB)
...
006 (34672103.000.000) 2021-09-25 00:09:45 Image size of job updated: 1649
	1649  -  MemoryUsage of job (MB)
	1689324  -  ResidentSetSize of job (KB)
...
006 (34672103.000.000) 2021-09-25 00:13:50 Image size of job updated: 1652
	1652  -  MemoryUsage of job (MB)
	1692144  -  ResidentSetSize of job (KB)
...
006 (34672103.000.000) 2021-09-25 00:16:50 Image size of job updated: 1653
	1653  -  MemoryUsage of job (MB)
	1692796  -  ResidentSetSize of job (KB)
...
006 (34672103.000.000) 2021-09-25 00:17:50 Image size of job updated: 1654
	1654  -  MemoryUsage of job (MB)
	1694224  -  ResidentSetSize of job (KB)
...
006 (34672103.000.000) 2021-09-25 00:20:52 Image size of job updated: 1656
	1656  -  MemoryUsage of job (MB)
	1696032  -  ResidentSetSize of job (KB)
...
006 (34672103.000.000) 2021-09-25 00:23:54 Image size of job updated: 1657
	1657  -  MemoryUsage of job (MB)
	1697348  -  ResidentSetSize of job (KB)
...
006 (34672103.000.000) 2021-09-25 00:25:57 Image size of job updated: 1657
	1657  -  MemoryUsage of job (MB)
	1697536  -  ResidentSetSize of job (KB)
...
006 (34672103.000.000) 2021-09-25 00:26:57 Image size of job updated: 1658
	1658  -  MemoryUsage of job (MB)
	1698588  -  ResidentSetSize of job (KB)
...
006 (34672103.000.000) 2021-09-25 00:27:58 Image size of job updated: 1658
	1658  -  MemoryUsage of job (MB)
	1698592  -  ResidentSetSize of job (KB)
...
006 (34672103.000.000) 2021-09-25 00:28:59 Image size of job updated: 1660
	1660  -  MemoryUsage of job (MB)
	1700048  -  ResidentSetSize of job (KB)
...
006 (34672103.000.000) 2021-09-25 00:30:00 Image size of job updated: 1660
	1660  -  MemoryUsage of job (MB)
	1700056  -  ResidentSetSize of job (KB)
...
006 (34672103.000.000) 2021-09-25 00:31:01 Image size of job updated: 1660
	1660  -  MemoryUsage of job (MB)
	1700328  -  ResidentSetSize of job (KB)
...
006 (34672103.000.000) 2021-09-25 00:33:05 Image size of job updated: 1662
	1662  -  MemoryUsage of job (MB)
	1702092  -  ResidentSetSize of job (KB)
...
006 (34672103.000.000) 2021-09-25 00:34:06 Image size of job updated: 1663
	1663  -  MemoryUsage of job (MB)
	1703360  -  ResidentSetSize of job (KB)
...
006 (34672103.000.000) 2021-09-25 00:36:06 Image size of job updated: 1664
	1664  -  MemoryUsage of job (MB)
	1703956  -  ResidentSetSize of job (KB)
...
006 (34672103.000.000) 2021-09-25 00:39:07 Image size of job updated: 1665
	1665  -  MemoryUsage of job (MB)
	1705664  -  ResidentSetSize of job (KB)
...
006 (34672103.000.000) 2021-09-25 00:41:08 Image size of job updated: 1666
	1666  -  MemoryUsage of job (MB)
	1706964  -  ResidentSetSize of job (KB)
...
006 (34672103.000.000) 2021-09-25 00:44:08 Image size of job updated: 1668
	1668  -  MemoryUsage of job (MB)
	1708316  -  ResidentSetSize of job (KB)
...
006 (34672103.000.000) 2021-09-25 00:46:10 Image size of job updated: 1669
	1669  -  MemoryUsage of job (MB)
	1709212  -  ResidentSetSize of job (KB)
...
006 (34672103.000.000) 2021-09-25 00:48:11 Image size of job updated: 1669
	1669  -  MemoryUsage of job (MB)
	1709820  -  ResidentSetSize of job (KB)
...
006 (34672103.000.000) 2021-09-25 00:49:12 Image size of job updated: 1669
	1669  -  MemoryUsage of job (MB)
	1709824  -  ResidentSetSize of job (KB)
...
006 (34672103.000.000) 2021-09-25 00:50:12 Image size of job updated: 1671
	1671  -  MemoryUsage of job (MB)
	1711416  -  ResidentSetSize of job (KB)
...
006 (34672103.000.000) 2021-09-25 01:04:19 Image size of job updated: 1672
	1672  -  MemoryUsage of job (MB)
	1712284  -  ResidentSetSize of job (KB)
...
006 (34672103.000.000) 2021-09-25 01:06:20 Image size of job updated: 1674
	1674  -  MemoryUsage of job (MB)
	1715124  -  ResidentSetSize of job (KB)
...
006 (34672103.000.000) 2021-09-25 01:07:21 Image size of job updated: 1676
	1676  -  MemoryUsage of job (MB)
	1716960  -  ResidentSetSize of job (KB)
...
006 (34672103.000.000) 2021-09-25 01:10:21 Image size of job updated: 1677
	1677  -  MemoryUsage of job (MB)
	1717980  -  ResidentSetSize of job (KB)
...
006 (34672103.000.000) 2021-09-25 01:13:23 Image size of job updated: 1678
	1678  -  MemoryUsage of job (MB)
	1718872  -  ResidentSetSize of job (KB)
...
006 (34672103.000.000) 2021-09-25 01:16:24 Image size of job updated: 1679
	1679  -  MemoryUsage of job (MB)
	1719648  -  ResidentSetSize of job (KB)
...
006 (34672103.000.000) 2021-09-25 01:18:25 Image size of job updated: 1679
	1679  -  MemoryUsage of job (MB)
	1719912  -  ResidentSetSize of job (KB)
...
006 (34672103.000.000) 2021-09-25 01:20:25 Image size of job updated: 1679
	1679  -  MemoryUsage of job (MB)
	1720092  -  ResidentSetSize of job (KB)
...
006 (34672103.000.000) 2021-09-25 01:21:26 Image size of job updated: 1679
	1679  -  MemoryUsage of job (MB)
	1720100  -  ResidentSetSize of job (KB)
...
006 (34672103.000.000) 2021-09-25 01:22:26 Image size of job updated: 1679
	1679  -  MemoryUsage of job (MB)
	1720268  -  ResidentSetSize of job (KB)
...
006 (34672103.000.000) 2021-09-25 01:24:27 Image size of job updated: 1680
	1680  -  MemoryUsage of job (MB)
	1720388  -  ResidentSetSize of job (KB)
...
006 (34672103.000.000) 2021-09-25 01:26:29 Image size of job updated: 1681
	1681  -  MemoryUsage of job (MB)
	1722044  -  ResidentSetSize of job (KB)
...
006 (34672103.000.000) 2021-09-25 01:29:32 Image size of job updated: 1683
	1683  -  MemoryUsage of job (MB)
	1723920  -  ResidentSetSize of job (KB)
...
006 (34672103.000.000) 2021-09-25 01:34:37 Image size of job updated: 1684
	1684  -  MemoryUsage of job (MB)
	1724540  -  ResidentSetSize of job (KB)
...
006 (34672103.000.000) 2021-09-25 01:39:39 Image size of job updated: 1685
	1685  -  MemoryUsage of job (MB)
	1725800  -  ResidentSetSize of job (KB)
...
006 (34672103.000.000) 2021-09-25 01:44:41 Image size of job updated: 1686
	1686  -  MemoryUsage of job (MB)
	1726672  -  ResidentSetSize of job (KB)
...
006 (34672103.000.000) 2021-09-25 01:49:43 Image size of job updated: 1687
	1687  -  MemoryUsage of job (MB)
	1727736  -  ResidentSetSize of job (KB)
...
006 (34672103.000.000) 2021-09-25 01:55:46 Image size of job updated: 1688
	1688  -  MemoryUsage of job (MB)
	1728884  -  ResidentSetSize of job (KB)
...
006 (34672103.000.000) 2021-09-25 02:01:50 Image size of job updated: 1690
	1690  -  MemoryUsage of job (MB)
	1730720  -  ResidentSetSize of job (KB)
...
006 (34672103.000.000) 2021-09-25 02:07:54 Image size of job updated: 1691
	1691  -  MemoryUsage of job (MB)
	1731948  -  ResidentSetSize of job (KB)
...
006 (34672103.000.000) 2021-09-25 02:12:58 Image size of job updated: 1692
	1692  -  MemoryUsage of job (MB)
	1733328  -  ResidentSetSize of job (KB)
...
006 (34672103.000.000) 2021-09-25 02:19:02 Image size of job updated: 1693
	1693  -  MemoryUsage of job (MB)
	1734080  -  ResidentSetSize of job (KB)
...
006 (34672103.000.000) 2021-09-25 02:25:07 Image size of job updated: 1694
	1694  -  MemoryUsage of job (MB)
	1735104  -  ResidentSetSize of job (KB)
...
006 (34672103.000.000) 2021-09-25 02:32:11 Image size of job updated: 1695
	1695  -  MemoryUsage of job (MB)
	1735956  -  ResidentSetSize of job (KB)
...
006 (34672103.000.000) 2021-09-25 02:38:14 Image size of job updated: 1695
	1695  -  MemoryUsage of job (MB)
	1736660  -  ResidentSetSize of job (KB)
...
006 (34672103.000.000) 2021-09-25 02:44:19 Image size of job updated: 1696
	1696  -  MemoryUsage of job (MB)
	1737564  -  ResidentSetSize of job (KB)
...
006 (34672103.000.000) 2021-09-25 02:51:21 Image size of job updated: 1697
	1697  -  MemoryUsage of job (MB)
	1738116  -  ResidentSetSize of job (KB)
...
006 (34672103.000.000) 2021-09-25 02:57:23 Image size of job updated: 1699
	1699  -  MemoryUsage of job (MB)
	1739996  -  ResidentSetSize of job (KB)
...
006 (34672103.000.000) 2021-09-25 03:03:25 Image size of job updated: 1699
	1699  -  MemoryUsage of job (MB)
	1740148  -  ResidentSetSize of job (KB)
...
006 (34672103.000.000) 2021-09-25 03:04:25 Image size of job updated: 1700
	1700  -  MemoryUsage of job (MB)
	1741300  -  ResidentSetSize of job (KB)
...
006 (34672103.000.000) 2021-09-25 03:10:29 Image size of job updated: 1701
	1701  -  MemoryUsage of job (MB)
	1742588  -  ResidentSetSize of job (KB)
...
006 (34672103.000.000) 2021-09-25 03:17:33 Image size of job updated: 1702
	1702  -  MemoryUsage of job (MB)
	1743256  -  ResidentSetSize of job (KB)
...
006 (34672103.000.000) 2021-09-25 03:23:37 Image size of job updated: 1702
	1702  -  MemoryUsage of job (MB)
	1743260  -  ResidentSetSize of job (KB)
...
006 (34672103.000.000) 2021-09-25 03:24:37 Image size of job updated: 1702
	1702  -  MemoryUsage of job (MB)
	1743792  -  ResidentSetSize of job (KB)
...
006 (34672103.000.000) 2021-09-25 03:31:40 Image size of job updated: 1703
	1703  -  MemoryUsage of job (MB)
	1744208  -  ResidentSetSize of job (KB)
...
006 (34672103.000.000) 2021-09-25 03:38:44 Image size of job updated: 1703
	1703  -  MemoryUsage of job (MB)
	1744544  -  ResidentSetSize of job (KB)
...
006 (34672103.000.000) 2021-09-25 03:45:48 Image size of job updated: 1704
	1704  -  MemoryUsage of job (MB)
	1744896  -  ResidentSetSize of job (KB)
...
006 (34672103.000.000) 2021-09-25 03:52:52 Image size of job updated: 1704
	1704  -  MemoryUsage of job (MB)
	1745476  -  ResidentSetSize of job (KB)
...
006 (34672103.000.000) 2021-09-25 03:59:55 Image size of job updated: 1705
	1705  -  MemoryUsage of job (MB)
	1746136  -  ResidentSetSize of job (KB)
...
006 (34672103.000.000) 2021-09-25 04:07:00 Image size of job updated: 1705
	1705  -  MemoryUsage of job (MB)
	1746744  -  ResidentSetSize of job (KB)
...
006 (34672103.000.000) 2021-09-25 04:14:04 Image size of job updated: 1706
	1706  -  MemoryUsage of job (MB)
	1747516  -  ResidentSetSize of job (KB)
...
006 (34672103.000.000) 2021-09-25 04:20:09 Image size of job updated: 1707
	1707  -  MemoryUsage of job (MB)
	1748096  -  ResidentSetSize of job (KB)
...
006 (34672103.000.000) 2021-09-25 04:27:13 Image size of job updated: 1707
	1707  -  MemoryUsage of job (MB)
	1748508  -  ResidentSetSize of job (KB)
...
006 (34672103.000.000) 2021-09-25 04:33:18 Image size of job updated: 1708
	1708  -  MemoryUsage of job (MB)
	1749120  -  ResidentSetSize of job (KB)
...
006 (34672103.000.000) 2021-09-25 04:39:22 Image size of job updated: 1708
	1708  -  MemoryUsage of job (MB)
	1749164  -  ResidentSetSize of job (KB)
...
006 (34672103.000.000) 2021-09-25 04:40:23 Image size of job updated: 1708
	1708  -  MemoryUsage of job (MB)
	1749752  -  ResidentSetSize of job (KB)
...
006 (34672103.000.000) 2021-09-25 04:46:26 Image size of job updated: 1709
	1709  -  MemoryUsage of job (MB)
	1750196  -  ResidentSetSize of job (KB)
...
006 (34672103.000.000) 2021-09-25 04:52:28 Image size of job updated: 1709
	1709  -  MemoryUsage of job (MB)
	1750512  -  ResidentSetSize of job (KB)
...
006 (34672103.000.000) 2021-09-25 04:58:31 Image size of job updated: 1709
	1709  -  MemoryUsage of job (MB)
	1750744  -  ResidentSetSize of job (KB)
...
006 (34672103.000.000) 2021-09-25 04:59:32 Image size of job updated: 1709
	1709  -  MemoryUsage of job (MB)
	1750748  -  ResidentSetSize of job (KB)
...
006 (34672103.000.000) 2021-09-25 05:05:37 Image size of job updated: 1710
	1710  -  MemoryUsage of job (MB)
	1751080  -  ResidentSetSize of job (KB)
...
006 (34672103.000.000) 2021-09-25 05:11:42 Image size of job updated: 1710
	1710  -  MemoryUsage of job (MB)
	1751336  -  ResidentSetSize of job (KB)
...
006 (34672103.000.000) 2021-09-25 05:16:44 Image size of job updated: 1710
	1710  -  MemoryUsage of job (MB)
	1751492  -  ResidentSetSize of job (KB)
...
006 (34672103.000.000) 2021-09-25 05:22:49 Image size of job updated: 1710
	1710  -  MemoryUsage of job (MB)
	1751588  -  ResidentSetSize of job (KB)
...
006 (34672103.000.000) 2021-09-25 05:28:53 Image size of job updated: 1710
	1710  -  MemoryUsage of job (MB)
	1751744  -  ResidentSetSize of job (KB)
...
006 (34672103.000.000) 2021-09-25 05:33:56 Image size of job updated: 1711
	1711  -  MemoryUsage of job (MB)
	1752188  -  ResidentSetSize of job (KB)
...
006 (34672103.000.000) 2021-09-25 05:37:58 Image size of job updated: 1714
	1714  -  MemoryUsage of job (MB)
	1755180  -  ResidentSetSize of job (KB)
...
006 (34672103.000.000) 2021-09-25 05:44:01 Image size of job updated: 1714
	1714  -  MemoryUsage of job (MB)
	1755216  -  ResidentSetSize of job (KB)
...
006 (34672103.000.000) 2021-09-25 05:55:06 Image size of job updated: 1715
	1715  -  MemoryUsage of job (MB)
	1756196  -  ResidentSetSize of job (KB)
...
006 (34672103.000.000) 2021-09-25 06:00:10 Image size of job updated: 1715
	1715  -  MemoryUsage of job (MB)
	1756352  -  ResidentSetSize of job (KB)
...
006 (34672103.000.000) 2021-09-25 06:06:11 Image size of job updated: 1715
	1715  -  MemoryUsage of job (MB)
	1756868  -  ResidentSetSize of job (KB)
...
006 (34672103.000.000) 2021-09-25 06:08:13 Image size of job updated: 1715
	1715  -  MemoryUsage of job (MB)
	1756876  -  ResidentSetSize of job (KB)
...
006 (34672103.000.000) 2021-09-25 06:17:19 Image size of job updated: 1715
	1715  -  MemoryUsage of job (MB)
	1757124  -  ResidentSetSize of job (KB)
...
006 (34672103.000.000) 2021-09-25 06:22:23 Image size of job updated: 1716
	1716  -  MemoryUsage of job (MB)
	1757444  -  ResidentSetSize of job (KB)
...
006 (34672103.000.000) 2021-09-25 06:28:27 Image size of job updated: 1716
	1716  -  MemoryUsage of job (MB)
	1757728  -  ResidentSetSize of job (KB)
...
006 (34672103.000.000) 2021-09-25 07:17:57 Image size of job updated: 1716
	1716  -  MemoryUsage of job (MB)
	1757780  -  ResidentSetSize of job (KB)
...
006 (34672103.000.000) 2021-09-25 07:22:59 Image size of job updated: 1716
	1716  -  MemoryUsage of job (MB)
	1757800  -  ResidentSetSize of job (KB)
...
006 (34672103.000.000) 2021-09-25 07:24:00 Image size of job updated: 1716
	1716  -  MemoryUsage of job (MB)
	1757884  -  ResidentSetSize of job (KB)
...
006 (34672103.000.000) 2021-09-25 07:29:02 Image size of job updated: 1716
	1716  -  MemoryUsage of job (MB)
	1757888  -  ResidentSetSize of job (KB)
...
006 (34672103.000.000) 2021-09-25 07:30:02 Image size of job updated: 1716
	1716  -  MemoryUsage of job (MB)
	1757936  -  ResidentSetSize of job (KB)
...
006 (34672103.000.000) 2021-09-25 07:35:06 Image size of job updated: 1716
	1716  -  MemoryUsage of job (MB)
	1758184  -  ResidentSetSize of job (KB)
...
006 (34672103.000.000) 2021-09-25 07:41:09 Image size of job updated: 1717
	1717  -  MemoryUsage of job (MB)
	1758712  -  ResidentSetSize of job (KB)
...
006 (34672103.000.000) 2021-09-25 07:47:12 Image size of job updated: 1717
	1717  -  MemoryUsage of job (MB)
	1758940  -  ResidentSetSize of job (KB)
...
006 (34672103.000.000) 2021-09-25 07:53:17 Image size of job updated: 1718
	1718  -  MemoryUsage of job (MB)
	1759268  -  ResidentSetSize of job (KB)
...
006 (34672103.000.000) 2021-09-25 07:58:18 Image size of job updated: 1718
	1718  -  MemoryUsage of job (MB)
	1759484  -  ResidentSetSize of job (KB)
...
040 (34672103.000.000) 2021-09-25 07:58:40 Started transferring output files
...
040 (34672103.000.000) 2021-09-25 07:58:40 Finished transferring output files
...
005 (34672103.000.000) 2021-09-25 07:58:41 Job terminated.
	(1) Normal termination (return value 0)
		Usr 0 01:36:20, Sys 0 07:14:04  -  Run Remote Usage
		Usr 0 00:00:00, Sys 0 00:00:00  -  Run Local Usage
		Usr 0 01:36:20, Sys 0 07:14:04  -  Total Remote Usage
		Usr 0 00:00:00, Sys 0 00:00:00  -  Total Local Usage
	1218578  -  Run Bytes Sent By Job
	8471570  -  Run Bytes Received By Job
	1218578  -  Total Bytes Sent By Job
	8471570  -  Total Bytes Received By Job
	Partitionable Resources :    Usage  Request Allocated 
	   Cpus                 :     0.00        1         1 
	   Disk (KB)            : 14951       10000   1635455 
	   Memory (MB)          :  1718        2048      2048 

	Job terminated of its own accord at 2021-09-25T12:58:40Z.
...
