000 (34672120.000.000) 2021-09-24 22:15:17 Job submitted from host: <131.225.188.57:9618?addrs=131.225.188.57-9618&alias=lpcschedd2.fnal.gov&noUDP&sock=schedd_2251_93c6>
...
040 (34672120.000.000) 2021-09-24 23:00:45 Started transferring input files
	Transferring to host: <131.225.190.15:9618?addrs=131.225.190.15-9618&alias=cmswn2006.fnal.gov&noUDP&sock=slot1_27_1542_3a78_4043>
...
040 (34672120.000.000) 2021-09-24 23:00:45 Finished transferring input files
...
001 (34672120.000.000) 2021-09-24 23:00:46 Job executing on host: <131.225.190.15:9618?addrs=131.225.190.15-9618&alias=cmswn2006.fnal.gov&noUDP&sock=startd_1429_c0ed>
...
006 (34672120.000.000) 2021-09-24 23:00:55 Image size of job updated: 25
	25  -  MemoryUsage of job (MB)
	25936  -  ResidentSetSize of job (KB)
...
006 (34672120.000.000) 2021-09-24 23:01:55 Image size of job updated: 528
	528  -  MemoryUsage of job (MB)
	541204  -  ResidentSetSize of job (KB)
...
006 (34672120.000.000) 2021-09-24 23:05:59 Image size of job updated: 537
	537  -  MemoryUsage of job (MB)
	550172  -  ResidentSetSize of job (KB)
...
006 (34672120.000.000) 2021-09-24 23:07:00 Image size of job updated: 589
	589  -  MemoryUsage of job (MB)
	603300  -  ResidentSetSize of job (KB)
...
006 (34672120.000.000) 2021-09-24 23:08:00 Image size of job updated: 633
	633  -  MemoryUsage of job (MB)
	648208  -  ResidentSetSize of job (KB)
...
006 (34672120.000.000) 2021-09-24 23:09:00 Image size of job updated: 671
	671  -  MemoryUsage of job (MB)
	687724  -  ResidentSetSize of job (KB)
...
006 (34672120.000.000) 2021-09-24 23:10:01 Image size of job updated: 707
	707  -  MemoryUsage of job (MB)
	724188  -  ResidentSetSize of job (KB)
...
006 (34672120.000.000) 2021-09-24 23:11:02 Image size of job updated: 743
	743  -  MemoryUsage of job (MB)
	761660  -  ResidentSetSize of job (KB)
...
006 (34672120.000.000) 2021-09-24 23:12:03 Image size of job updated: 774
	774  -  MemoryUsage of job (MB)
	793432  -  ResidentSetSize of job (KB)
...
006 (34672120.000.000) 2021-09-24 23:13:03 Image size of job updated: 805
	805  -  MemoryUsage of job (MB)
	824520  -  ResidentSetSize of job (KB)
...
006 (34672120.000.000) 2021-09-24 23:14:03 Image size of job updated: 833
	833  -  MemoryUsage of job (MB)
	853756  -  ResidentSetSize of job (KB)
...
006 (34672120.000.000) 2021-09-24 23:15:03 Image size of job updated: 863
	863  -  MemoryUsage of job (MB)
	883796  -  ResidentSetSize of job (KB)
...
006 (34672120.000.000) 2021-09-24 23:16:05 Image size of job updated: 903
	903  -  MemoryUsage of job (MB)
	925612  -  ResidentSetSize of job (KB)
...
006 (34672120.000.000) 2021-09-24 23:17:05 Image size of job updated: 931
	931  -  MemoryUsage of job (MB)
	953472  -  ResidentSetSize of job (KB)
...
006 (34672120.000.000) 2021-09-24 23:18:05 Image size of job updated: 956
	956  -  MemoryUsage of job (MB)
	979436  -  ResidentSetSize of job (KB)
...
006 (34672120.000.000) 2021-09-24 23:19:05 Image size of job updated: 980
	980  -  MemoryUsage of job (MB)
	1004176  -  ResidentSetSize of job (KB)
...
006 (34672120.000.000) 2021-09-24 23:20:05 Image size of job updated: 1005
	1005  -  MemoryUsage of job (MB)
	1030128  -  ResidentSetSize of job (KB)
...
006 (34672120.000.000) 2021-09-24 23:21:07 Image size of job updated: 1033
	1033  -  MemoryUsage of job (MB)
	1058512  -  ResidentSetSize of job (KB)
...
006 (34672120.000.000) 2021-09-24 23:22:07 Image size of job updated: 1066
	1066  -  MemoryUsage of job (MB)
	1092356  -  ResidentSetSize of job (KB)
...
006 (34672120.000.000) 2021-09-24 23:23:07 Image size of job updated: 1088
	1088  -  MemoryUsage of job (MB)
	1114400  -  ResidentSetSize of job (KB)
...
006 (34672120.000.000) 2021-09-24 23:24:07 Image size of job updated: 1109
	1109  -  MemoryUsage of job (MB)
	1136024  -  ResidentSetSize of job (KB)
...
006 (34672120.000.000) 2021-09-24 23:25:07 Image size of job updated: 1130
	1130  -  MemoryUsage of job (MB)
	1157532  -  ResidentSetSize of job (KB)
...
006 (34672120.000.000) 2021-09-24 23:26:07 Image size of job updated: 1150
	1150  -  MemoryUsage of job (MB)
	1178188  -  ResidentSetSize of job (KB)
...
006 (34672120.000.000) 2021-09-24 23:27:08 Image size of job updated: 1173
	1173  -  MemoryUsage of job (MB)
	1201488  -  ResidentSetSize of job (KB)
...
006 (34672120.000.000) 2021-09-24 23:28:08 Image size of job updated: 1192
	1192  -  MemoryUsage of job (MB)
	1221292  -  ResidentSetSize of job (KB)
...
006 (34672120.000.000) 2021-09-24 23:29:09 Image size of job updated: 1211
	1211  -  MemoryUsage of job (MB)
	1240812  -  ResidentSetSize of job (KB)
...
006 (34672120.000.000) 2021-09-24 23:30:10 Image size of job updated: 1230
	1230  -  MemoryUsage of job (MB)
	1259844  -  ResidentSetSize of job (KB)
...
006 (34672120.000.000) 2021-09-24 23:31:11 Image size of job updated: 1250
	1250  -  MemoryUsage of job (MB)
	1280592  -  ResidentSetSize of job (KB)
...
006 (34672120.000.000) 2021-09-24 23:32:12 Image size of job updated: 1268
	1268  -  MemoryUsage of job (MB)
	1299204  -  ResidentSetSize of job (KB)
...
006 (34672120.000.000) 2021-09-24 23:33:12 Image size of job updated: 1286
	1286  -  MemoryUsage of job (MB)
	1317444  -  ResidentSetSize of job (KB)
...
006 (34672120.000.000) 2021-09-24 23:34:12 Image size of job updated: 1304
	1304  -  MemoryUsage of job (MB)
	1335328  -  ResidentSetSize of job (KB)
...
006 (34672120.000.000) 2021-09-24 23:35:13 Image size of job updated: 1322
	1322  -  MemoryUsage of job (MB)
	1354600  -  ResidentSetSize of job (KB)
...
006 (34672120.000.000) 2021-09-24 23:36:14 Image size of job updated: 1339
	1339  -  MemoryUsage of job (MB)
	1371860  -  ResidentSetSize of job (KB)
...
006 (34672120.000.000) 2021-09-24 23:37:15 Image size of job updated: 1356
	1356  -  MemoryUsage of job (MB)
	1389000  -  ResidentSetSize of job (KB)
...
006 (34672120.000.000) 2021-09-24 23:38:16 Image size of job updated: 1373
	1373  -  MemoryUsage of job (MB)
	1405964  -  ResidentSetSize of job (KB)
...
006 (34672120.000.000) 2021-09-24 23:39:17 Image size of job updated: 1391
	1391  -  MemoryUsage of job (MB)
	1424392  -  ResidentSetSize of job (KB)
...
006 (34672120.000.000) 2021-09-24 23:40:17 Image size of job updated: 1406
	1406  -  MemoryUsage of job (MB)
	1440548  -  ResidentSetSize of job (KB)
...
006 (34672120.000.000) 2021-09-24 23:41:17 Image size of job updated: 1422
	1422  -  MemoryUsage of job (MB)
	1456784  -  ResidentSetSize of job (KB)
...
006 (34672120.000.000) 2021-09-24 23:42:18 Image size of job updated: 1438
	1438  -  MemoryUsage of job (MB)
	1472788  -  ResidentSetSize of job (KB)
...
006 (34672120.000.000) 2021-09-24 23:43:19 Image size of job updated: 1455
	1455  -  MemoryUsage of job (MB)
	1490284  -  ResidentSetSize of job (KB)
...
006 (34672120.000.000) 2021-09-24 23:44:20 Image size of job updated: 1470
	1470  -  MemoryUsage of job (MB)
	1505852  -  ResidentSetSize of job (KB)
...
006 (34672120.000.000) 2021-09-24 23:45:21 Image size of job updated: 1485
	1485  -  MemoryUsage of job (MB)
	1521120  -  ResidentSetSize of job (KB)
...
006 (34672120.000.000) 2021-09-24 23:46:22 Image size of job updated: 1500
	1500  -  MemoryUsage of job (MB)
	1536360  -  ResidentSetSize of job (KB)
...
006 (34672120.000.000) 2021-09-24 23:47:22 Image size of job updated: 1516
	1516  -  MemoryUsage of job (MB)
	1552948  -  ResidentSetSize of job (KB)
...
006 (34672120.000.000) 2021-09-24 23:48:22 Image size of job updated: 1530
	1530  -  MemoryUsage of job (MB)
	1567700  -  ResidentSetSize of job (KB)
...
006 (34672120.000.000) 2021-09-24 23:49:23 Image size of job updated: 1554
	1554  -  MemoryUsage of job (MB)
	1591324  -  ResidentSetSize of job (KB)
...
006 (34672120.000.000) 2021-09-24 23:50:24 Image size of job updated: 1620
	1620  -  MemoryUsage of job (MB)
	1659600  -  ResidentSetSize of job (KB)
...
006 (34672120.000.000) 2021-09-24 23:51:24 Image size of job updated: 1638
	1638  -  MemoryUsage of job (MB)
	1678068  -  ResidentSetSize of job (KB)
...
006 (34672120.000.000) 2021-09-24 23:52:25 Image size of job updated: 1644
	1644  -  MemoryUsage of job (MB)
	1683956  -  ResidentSetSize of job (KB)
...
006 (34672120.000.000) 2021-09-24 23:53:25 Image size of job updated: 1644
	1644  -  MemoryUsage of job (MB)
	1683960  -  ResidentSetSize of job (KB)
...
006 (34672120.000.000) 2021-09-24 23:54:25 Image size of job updated: 1647
	1647  -  MemoryUsage of job (MB)
	1686880  -  ResidentSetSize of job (KB)
...
006 (34672120.000.000) 2021-09-24 23:55:25 Image size of job updated: 1649
	1649  -  MemoryUsage of job (MB)
	1688584  -  ResidentSetSize of job (KB)
...
006 (34672120.000.000) 2021-09-24 23:56:26 Image size of job updated: 1649
	1649  -  MemoryUsage of job (MB)
	1688588  -  ResidentSetSize of job (KB)
...
006 (34672120.000.000) 2021-09-24 23:57:27 Image size of job updated: 1651
	1651  -  MemoryUsage of job (MB)
	1691032  -  ResidentSetSize of job (KB)
...
006 (34672120.000.000) 2021-09-24 23:58:27 Image size of job updated: 1653
	1653  -  MemoryUsage of job (MB)
	1693656  -  ResidentSetSize of job (KB)
...
006 (34672120.000.000) 2021-09-24 23:59:28 Image size of job updated: 1656
	1656  -  MemoryUsage of job (MB)
	1696452  -  ResidentSetSize of job (KB)
...
006 (34672120.000.000) 2021-09-25 00:00:28 Image size of job updated: 1657
	1657  -  MemoryUsage of job (MB)
	1696888  -  ResidentSetSize of job (KB)
...
006 (34672120.000.000) 2021-09-25 00:04:30 Image size of job updated: 1657
	1657  -  MemoryUsage of job (MB)
	1697636  -  ResidentSetSize of job (KB)
...
006 (34672120.000.000) 2021-09-25 00:05:30 Image size of job updated: 1660
	1660  -  MemoryUsage of job (MB)
	1700524  -  ResidentSetSize of job (KB)
...
006 (34672120.000.000) 2021-09-25 00:18:34 Image size of job updated: 1662
	1662  -  MemoryUsage of job (MB)
	1701908  -  ResidentSetSize of job (KB)
...
006 (34672120.000.000) 2021-09-25 00:20:35 Image size of job updated: 1663
	1663  -  MemoryUsage of job (MB)
	1703748  -  ResidentSetSize of job (KB)
...
006 (34672120.000.000) 2021-09-25 00:22:35 Image size of job updated: 1663
	1663  -  MemoryUsage of job (MB)
	1703752  -  ResidentSetSize of job (KB)
...
006 (34672120.000.000) 2021-09-25 00:23:36 Image size of job updated: 1664
	1664  -  MemoryUsage of job (MB)
	1704936  -  ResidentSetSize of job (KB)
...
006 (34672120.000.000) 2021-09-25 00:26:40 Image size of job updated: 1666
	1666  -  MemoryUsage of job (MB)
	1706428  -  ResidentSetSize of job (KB)
...
006 (34672120.000.000) 2021-09-25 00:30:40 Image size of job updated: 1667
	1667  -  MemoryUsage of job (MB)
	1707352  -  ResidentSetSize of job (KB)
...
006 (34672120.000.000) 2021-09-25 00:35:43 Image size of job updated: 1668
	1668  -  MemoryUsage of job (MB)
	1708296  -  ResidentSetSize of job (KB)
...
006 (34672120.000.000) 2021-09-25 00:51:53 Image size of job updated: 1668
	1668  -  MemoryUsage of job (MB)
	1708700  -  ResidentSetSize of job (KB)
...
006 (34672120.000.000) 2021-09-25 00:59:58 Image size of job updated: 1669
	1669  -  MemoryUsage of job (MB)
	1709344  -  ResidentSetSize of job (KB)
...
006 (34672120.000.000) 2021-09-25 01:00:59 Image size of job updated: 1669
	1669  -  MemoryUsage of job (MB)
	1709348  -  ResidentSetSize of job (KB)
...
006 (34672120.000.000) 2021-09-25 01:08:02 Image size of job updated: 1670
	1670  -  MemoryUsage of job (MB)
	1710128  -  ResidentSetSize of job (KB)
...
006 (34672120.000.000) 2021-09-25 01:13:06 Image size of job updated: 1670
	1670  -  MemoryUsage of job (MB)
	1710132  -  ResidentSetSize of job (KB)
...
006 (34672120.000.000) 2021-09-25 01:16:08 Image size of job updated: 1670
	1670  -  MemoryUsage of job (MB)
	1710940  -  ResidentSetSize of job (KB)
...
006 (34672120.000.000) 2021-09-25 01:24:12 Image size of job updated: 1671
	1671  -  MemoryUsage of job (MB)
	1712092  -  ResidentSetSize of job (KB)
...
006 (34672120.000.000) 2021-09-25 01:29:15 Image size of job updated: 1672
	1672  -  MemoryUsage of job (MB)
	1712756  -  ResidentSetSize of job (KB)
...
006 (34672120.000.000) 2021-09-25 01:35:19 Image size of job updated: 1672
	1672  -  MemoryUsage of job (MB)
	1713116  -  ResidentSetSize of job (KB)
...
006 (34672120.000.000) 2021-09-25 01:41:23 Image size of job updated: 1673
	1673  -  MemoryUsage of job (MB)
	1713536  -  ResidentSetSize of job (KB)
...
006 (34672120.000.000) 2021-09-25 01:43:24 Image size of job updated: 1673
	1673  -  MemoryUsage of job (MB)
	1713540  -  ResidentSetSize of job (KB)
...
006 (34672120.000.000) 2021-09-25 01:46:26 Image size of job updated: 1673
	1673  -  MemoryUsage of job (MB)
	1714000  -  ResidentSetSize of job (KB)
...
006 (34672120.000.000) 2021-09-25 01:52:30 Image size of job updated: 1674
	1674  -  MemoryUsage of job (MB)
	1714288  -  ResidentSetSize of job (KB)
...
006 (34672120.000.000) 2021-09-25 01:57:34 Image size of job updated: 1674
	1674  -  MemoryUsage of job (MB)
	1714376  -  ResidentSetSize of job (KB)
...
006 (34672120.000.000) 2021-09-25 01:58:35 Image size of job updated: 1674
	1674  -  MemoryUsage of job (MB)
	1714380  -  ResidentSetSize of job (KB)
...
006 (34672120.000.000) 2021-09-25 02:03:38 Image size of job updated: 1674
	1674  -  MemoryUsage of job (MB)
	1714508  -  ResidentSetSize of job (KB)
...
006 (34672120.000.000) 2021-09-25 02:08:40 Image size of job updated: 1676
	1676  -  MemoryUsage of job (MB)
	1716308  -  ResidentSetSize of job (KB)
...
006 (34672120.000.000) 2021-09-25 02:14:42 Image size of job updated: 1677
	1677  -  MemoryUsage of job (MB)
	1718200  -  ResidentSetSize of job (KB)
...
006 (34672120.000.000) 2021-09-25 02:19:45 Image size of job updated: 1678
	1678  -  MemoryUsage of job (MB)
	1719056  -  ResidentSetSize of job (KB)
...
006 (34672120.000.000) 2021-09-25 02:20:46 Image size of job updated: 1678
	1678  -  MemoryUsage of job (MB)
	1719188  -  ResidentSetSize of job (KB)
...
006 (34672120.000.000) 2021-09-25 02:25:49 Image size of job updated: 1679
	1679  -  MemoryUsage of job (MB)
	1720028  -  ResidentSetSize of job (KB)
...
006 (34672120.000.000) 2021-09-25 02:31:53 Image size of job updated: 1679
	1679  -  MemoryUsage of job (MB)
	1720212  -  ResidentSetSize of job (KB)
...
006 (34672120.000.000) 2021-09-25 02:36:57 Image size of job updated: 1680
	1680  -  MemoryUsage of job (MB)
	1720476  -  ResidentSetSize of job (KB)
...
006 (34672120.000.000) 2021-09-25 02:43:00 Image size of job updated: 1680
	1680  -  MemoryUsage of job (MB)
	1720844  -  ResidentSetSize of job (KB)
...
006 (34672120.000.000) 2021-09-25 02:48:03 Image size of job updated: 1680
	1680  -  MemoryUsage of job (MB)
	1721108  -  ResidentSetSize of job (KB)
...
006 (34672120.000.000) 2021-09-25 02:49:04 Image size of job updated: 1681
	1681  -  MemoryUsage of job (MB)
	1721428  -  ResidentSetSize of job (KB)
...
006 (34672120.000.000) 2021-09-25 02:54:08 Image size of job updated: 1681
	1681  -  MemoryUsage of job (MB)
	1721696  -  ResidentSetSize of job (KB)
...
006 (34672120.000.000) 2021-09-25 02:59:10 Image size of job updated: 1681
	1681  -  MemoryUsage of job (MB)
	1721720  -  ResidentSetSize of job (KB)
...
006 (34672120.000.000) 2021-09-25 03:00:11 Image size of job updated: 1681
	1681  -  MemoryUsage of job (MB)
	1721936  -  ResidentSetSize of job (KB)
...
006 (34672120.000.000) 2021-09-25 03:05:13 Image size of job updated: 1681
	1681  -  MemoryUsage of job (MB)
	1722224  -  ResidentSetSize of job (KB)
...
006 (34672120.000.000) 2021-09-25 03:11:18 Image size of job updated: 1681
	1681  -  MemoryUsage of job (MB)
	1722308  -  ResidentSetSize of job (KB)
...
006 (34672120.000.000) 2021-09-25 03:16:22 Image size of job updated: 1682
	1682  -  MemoryUsage of job (MB)
	1722616  -  ResidentSetSize of job (KB)
...
006 (34672120.000.000) 2021-09-25 03:21:25 Image size of job updated: 1682
	1682  -  MemoryUsage of job (MB)
	1722856  -  ResidentSetSize of job (KB)
...
006 (34672120.000.000) 2021-09-25 03:27:30 Image size of job updated: 1682
	1682  -  MemoryUsage of job (MB)
	1723340  -  ResidentSetSize of job (KB)
...
006 (34672120.000.000) 2021-09-25 03:28:31 Image size of job updated: 1682
	1682  -  MemoryUsage of job (MB)
	1723344  -  ResidentSetSize of job (KB)
...
006 (34672120.000.000) 2021-09-25 03:32:33 Image size of job updated: 1685
	1685  -  MemoryUsage of job (MB)
	1725524  -  ResidentSetSize of job (KB)
...
006 (34672120.000.000) 2021-09-25 03:38:35 Image size of job updated: 1687
	1687  -  MemoryUsage of job (MB)
	1727828  -  ResidentSetSize of job (KB)
...
006 (34672120.000.000) 2021-09-25 03:39:36 Image size of job updated: 1687
	1687  -  MemoryUsage of job (MB)
	1727832  -  ResidentSetSize of job (KB)
...
006 (34672120.000.000) 2021-09-25 03:44:39 Image size of job updated: 1687
	1687  -  MemoryUsage of job (MB)
	1728184  -  ResidentSetSize of job (KB)
...
006 (34672120.000.000) 2021-09-25 03:45:39 Image size of job updated: 1689
	1689  -  MemoryUsage of job (MB)
	1729628  -  ResidentSetSize of job (KB)
...
006 (34672120.000.000) 2021-09-25 03:52:45 Image size of job updated: 1690
	1690  -  MemoryUsage of job (MB)
	1730864  -  ResidentSetSize of job (KB)
...
006 (34672120.000.000) 2021-09-25 03:59:50 Image size of job updated: 1691
	1691  -  MemoryUsage of job (MB)
	1732236  -  ResidentSetSize of job (KB)
...
006 (34672120.000.000) 2021-09-25 04:01:51 Image size of job updated: 1691
	1691  -  MemoryUsage of job (MB)
	1732240  -  ResidentSetSize of job (KB)
...
006 (34672120.000.000) 2021-09-25 04:06:53 Image size of job updated: 1692
	1692  -  MemoryUsage of job (MB)
	1733056  -  ResidentSetSize of job (KB)
...
006 (34672120.000.000) 2021-09-25 04:09:53 Image size of job updated: 1693
	1693  -  MemoryUsage of job (MB)
	1733636  -  ResidentSetSize of job (KB)
...
006 (34672120.000.000) 2021-09-25 04:10:54 Image size of job updated: 1693
	1693  -  MemoryUsage of job (MB)
	1733640  -  ResidentSetSize of job (KB)
...
006 (34672120.000.000) 2021-09-25 04:13:55 Image size of job updated: 1693
	1693  -  MemoryUsage of job (MB)
	1734580  -  ResidentSetSize of job (KB)
...
006 (34672120.000.000) 2021-09-25 04:16:57 Image size of job updated: 1696
	1696  -  MemoryUsage of job (MB)
	1737592  -  ResidentSetSize of job (KB)
...
006 (34672120.000.000) 2021-09-25 04:17:57 Image size of job updated: 1696
	1696  -  MemoryUsage of job (MB)
	1737596  -  ResidentSetSize of job (KB)
...
006 (34672120.000.000) 2021-09-25 04:31:04 Image size of job updated: 1697
	1697  -  MemoryUsage of job (MB)
	1738000  -  ResidentSetSize of job (KB)
...
006 (34672120.000.000) 2021-09-25 04:32:04 Image size of job updated: 1697
	1697  -  MemoryUsage of job (MB)
	1738004  -  ResidentSetSize of job (KB)
...
006 (34672120.000.000) 2021-09-25 05:16:30 Image size of job updated: 1697
	1697  -  MemoryUsage of job (MB)
	1738036  -  ResidentSetSize of job (KB)
...
006 (34672120.000.000) 2021-09-25 05:22:33 Image size of job updated: 1698
	1698  -  MemoryUsage of job (MB)
	1739668  -  ResidentSetSize of job (KB)
...
006 (34672120.000.000) 2021-09-25 05:29:36 Image size of job updated: 1700
	1700  -  MemoryUsage of job (MB)
	1741044  -  ResidentSetSize of job (KB)
...
006 (34672120.000.000) 2021-09-25 05:35:38 Image size of job updated: 1701
	1701  -  MemoryUsage of job (MB)
	1741920  -  ResidentSetSize of job (KB)
...
006 (34672120.000.000) 2021-09-25 05:41:42 Image size of job updated: 1701
	1701  -  MemoryUsage of job (MB)
	1742060  -  ResidentSetSize of job (KB)
...
006 (34672120.000.000) 2021-09-25 05:47:44 Image size of job updated: 1702
	1702  -  MemoryUsage of job (MB)
	1743356  -  ResidentSetSize of job (KB)
...
006 (34672120.000.000) 2021-09-25 05:53:48 Image size of job updated: 1702
	1702  -  MemoryUsage of job (MB)
	1743372  -  ResidentSetSize of job (KB)
...
006 (34672120.000.000) 2021-09-25 05:54:49 Image size of job updated: 1703
	1703  -  MemoryUsage of job (MB)
	1744292  -  ResidentSetSize of job (KB)
...
006 (34672120.000.000) 2021-09-25 05:59:52 Image size of job updated: 1703
	1703  -  MemoryUsage of job (MB)
	1744312  -  ResidentSetSize of job (KB)
...
006 (34672120.000.000) 2021-09-25 06:00:53 Image size of job updated: 1705
	1705  -  MemoryUsage of job (MB)
	1746032  -  ResidentSetSize of job (KB)
...
006 (34672120.000.000) 2021-09-25 06:05:55 Image size of job updated: 1706
	1706  -  MemoryUsage of job (MB)
	1747280  -  ResidentSetSize of job (KB)
...
006 (34672120.000.000) 2021-09-25 06:06:55 Image size of job updated: 1706
	1706  -  MemoryUsage of job (MB)
	1747284  -  ResidentSetSize of job (KB)
...
006 (34672120.000.000) 2021-09-25 06:11:58 Image size of job updated: 1707
	1707  -  MemoryUsage of job (MB)
	1748312  -  ResidentSetSize of job (KB)
...
006 (34672120.000.000) 2021-09-25 06:17:02 Image size of job updated: 1707
	1707  -  MemoryUsage of job (MB)
	1748700  -  ResidentSetSize of job (KB)
...
006 (34672120.000.000) 2021-09-25 06:18:02 Image size of job updated: 1708
	1708  -  MemoryUsage of job (MB)
	1749416  -  ResidentSetSize of job (KB)
...
006 (34672120.000.000) 2021-09-25 06:20:04 Image size of job updated: 1708
	1708  -  MemoryUsage of job (MB)
	1749420  -  ResidentSetSize of job (KB)
...
006 (34672120.000.000) 2021-09-25 06:23:06 Image size of job updated: 1709
	1709  -  MemoryUsage of job (MB)
	1750328  -  ResidentSetSize of job (KB)
...
006 (34672120.000.000) 2021-09-25 06:29:10 Image size of job updated: 1709
	1709  -  MemoryUsage of job (MB)
	1750888  -  ResidentSetSize of job (KB)
...
006 (34672120.000.000) 2021-09-25 06:34:13 Image size of job updated: 1710
	1710  -  MemoryUsage of job (MB)
	1751576  -  ResidentSetSize of job (KB)
...
006 (34672120.000.000) 2021-09-25 06:40:18 Image size of job updated: 1711
	1711  -  MemoryUsage of job (MB)
	1752564  -  ResidentSetSize of job (KB)
...
006 (34672120.000.000) 2021-09-25 06:45:21 Image size of job updated: 1712
	1712  -  MemoryUsage of job (MB)
	1753508  -  ResidentSetSize of job (KB)
...
006 (34672120.000.000) 2021-09-25 06:47:23 Image size of job updated: 1712
	1712  -  MemoryUsage of job (MB)
	1753512  -  ResidentSetSize of job (KB)
...
006 (34672120.000.000) 2021-09-25 06:51:26 Image size of job updated: 1713
	1713  -  MemoryUsage of job (MB)
	1754152  -  ResidentSetSize of job (KB)
...
006 (34672120.000.000) 2021-09-25 06:53:27 Image size of job updated: 1713
	1713  -  MemoryUsage of job (MB)
	1754156  -  ResidentSetSize of job (KB)
...
006 (34672120.000.000) 2021-09-25 06:57:30 Image size of job updated: 1713
	1713  -  MemoryUsage of job (MB)
	1754964  -  ResidentSetSize of job (KB)
...
006 (34672120.000.000) 2021-09-25 07:03:32 Image size of job updated: 1714
	1714  -  MemoryUsage of job (MB)
	1755364  -  ResidentSetSize of job (KB)
...
006 (34672120.000.000) 2021-09-25 07:08:34 Image size of job updated: 1714
	1714  -  MemoryUsage of job (MB)
	1755956  -  ResidentSetSize of job (KB)
...
006 (34672120.000.000) 2021-09-25 07:14:39 Image size of job updated: 1715
	1715  -  MemoryUsage of job (MB)
	1756640  -  ResidentSetSize of job (KB)
...
006 (34672120.000.000) 2021-09-25 07:20:45 Image size of job updated: 1716
	1716  -  MemoryUsage of job (MB)
	1757536  -  ResidentSetSize of job (KB)
...
006 (34672120.000.000) 2021-09-25 07:25:46 Image size of job updated: 1717
	1717  -  MemoryUsage of job (MB)
	1758448  -  ResidentSetSize of job (KB)
...
006 (34672120.000.000) 2021-09-25 07:31:52 Image size of job updated: 1717
	1717  -  MemoryUsage of job (MB)
	1758968  -  ResidentSetSize of job (KB)
...
006 (34672120.000.000) 2021-09-25 07:37:57 Image size of job updated: 1718
	1718  -  MemoryUsage of job (MB)
	1759460  -  ResidentSetSize of job (KB)
...
006 (34672120.000.000) 2021-09-25 07:43:02 Image size of job updated: 1718
	1718  -  MemoryUsage of job (MB)
	1760124  -  ResidentSetSize of job (KB)
...
006 (34672120.000.000) 2021-09-25 07:49:07 Image size of job updated: 1719
	1719  -  MemoryUsage of job (MB)
	1760416  -  ResidentSetSize of job (KB)
...
006 (34672120.000.000) 2021-09-25 07:54:11 Image size of job updated: 1719
	1719  -  MemoryUsage of job (MB)
	1760472  -  ResidentSetSize of job (KB)
...
006 (34672120.000.000) 2021-09-25 08:00:14 Image size of job updated: 1719
	1719  -  MemoryUsage of job (MB)
	1760540  -  ResidentSetSize of job (KB)
...
006 (34672120.000.000) 2021-09-25 08:05:16 Image size of job updated: 1719
	1719  -  MemoryUsage of job (MB)
	1760680  -  ResidentSetSize of job (KB)
...
006 (34672120.000.000) 2021-09-25 08:10:21 Image size of job updated: 1719
	1719  -  MemoryUsage of job (MB)
	1761024  -  ResidentSetSize of job (KB)
...
006 (34672120.000.000) 2021-09-25 08:16:25 Image size of job updated: 1720
	1720  -  MemoryUsage of job (MB)
	1761432  -  ResidentSetSize of job (KB)
...
006 (34672120.000.000) 2021-09-25 08:23:28 Image size of job updated: 1720
	1720  -  MemoryUsage of job (MB)
	1761560  -  ResidentSetSize of job (KB)
...
006 (34672120.000.000) 2021-09-25 08:30:31 Image size of job updated: 1720
	1720  -  MemoryUsage of job (MB)
	1761716  -  ResidentSetSize of job (KB)
...
006 (34672120.000.000) 2021-09-25 08:37:36 Image size of job updated: 1720
	1720  -  MemoryUsage of job (MB)
	1761740  -  ResidentSetSize of job (KB)
...
006 (34672120.000.000) 2021-09-25 08:38:36 Image size of job updated: 1720
	1720  -  MemoryUsage of job (MB)
	1761860  -  ResidentSetSize of job (KB)
...
006 (34672120.000.000) 2021-09-25 08:45:41 Image size of job updated: 1722
	1722  -  MemoryUsage of job (MB)
	1763620  -  ResidentSetSize of job (KB)
...
040 (34672120.000.000) 2021-09-25 08:45:52 Started transferring output files
...
040 (34672120.000.000) 2021-09-25 08:45:53 Finished transferring output files
...
005 (34672120.000.000) 2021-09-25 08:45:56 Job terminated.
	(1) Normal termination (return value 0)
		Usr 0 00:00:00, Sys 0 00:00:00  -  Run Remote Usage
		Usr 0 00:00:00, Sys 0 00:00:00  -  Run Local Usage
		Usr 0 01:27:39, Sys 0 08:07:59  -  Total Remote Usage
		Usr 0 00:00:00, Sys 0 00:00:00  -  Total Local Usage
	1218571  -  Run Bytes Sent By Job
	8471570  -  Run Bytes Received By Job
	1218571  -  Total Bytes Sent By Job
	8471570  -  Total Bytes Received By Job
	Partitionable Resources :    Usage  Request Allocated 
	   Cpus                 :     0.00        1         1 
	   Disk (KB)            : 14009       10000    770669 
	   Memory (MB)          :  1722        2048      2048 

	Job terminated of its own accord at 2021-09-25T13:45:52Z.
...
