000 (34672122.000.000) 2021-09-24 22:15:18 Job submitted from host: <131.225.188.57:9618?addrs=131.225.188.57-9618&alias=lpcschedd2.fnal.gov&noUDP&sock=schedd_2251_93c6>
...
040 (34672122.000.000) 2021-09-24 23:00:47 Started transferring input files
	Transferring to host: <131.225.188.88:9618?addrs=131.225.188.88-9618&alias=cmswn2043.fnal.gov&noUDP&sock=slot1_12_2005_742b_3762>
...
040 (34672122.000.000) 2021-09-24 23:00:47 Finished transferring input files
...
001 (34672122.000.000) 2021-09-24 23:00:48 Job executing on host: <131.225.188.88:9618?addrs=131.225.188.88-9618&alias=cmswn2043.fnal.gov&noUDP&sock=startd_1908_4eca>
...
006 (34672122.000.000) 2021-09-24 23:00:56 Image size of job updated: 34
	34  -  MemoryUsage of job (MB)
	35664  -  ResidentSetSize of job (KB)
...
006 (34672122.000.000) 2021-09-24 23:01:56 Image size of job updated: 449
	449  -  MemoryUsage of job (MB)
	460520  -  ResidentSetSize of job (KB)
...
006 (34672122.000.000) 2021-09-24 23:02:57 Image size of job updated: 526
	526  -  MemoryUsage of job (MB)
	539624  -  ResidentSetSize of job (KB)
...
006 (34672122.000.000) 2021-09-24 23:07:00 Image size of job updated: 564
	564  -  MemoryUsage of job (MB)
	577952  -  ResidentSetSize of job (KB)
...
006 (34672122.000.000) 2021-09-24 23:08:01 Image size of job updated: 611
	611  -  MemoryUsage of job (MB)
	625736  -  ResidentSetSize of job (KB)
...
006 (34672122.000.000) 2021-09-24 23:09:02 Image size of job updated: 652
	652  -  MemoryUsage of job (MB)
	668236  -  ResidentSetSize of job (KB)
...
006 (34672122.000.000) 2021-09-24 23:10:03 Image size of job updated: 686
	686  -  MemoryUsage of job (MB)
	703124  -  ResidentSetSize of job (KB)
...
006 (34672122.000.000) 2021-09-24 23:11:03 Image size of job updated: 721
	721  -  MemoryUsage of job (MB)
	738876  -  ResidentSetSize of job (KB)
...
006 (34672122.000.000) 2021-09-24 23:12:04 Image size of job updated: 754
	754  -  MemoryUsage of job (MB)
	772476  -  ResidentSetSize of job (KB)
...
006 (34672122.000.000) 2021-09-24 23:13:04 Image size of job updated: 785
	785  -  MemoryUsage of job (MB)
	804240  -  ResidentSetSize of job (KB)
...
006 (34672122.000.000) 2021-09-24 23:14:05 Image size of job updated: 816
	816  -  MemoryUsage of job (MB)
	835632  -  ResidentSetSize of job (KB)
...
006 (34672122.000.000) 2021-09-24 23:15:05 Image size of job updated: 846
	846  -  MemoryUsage of job (MB)
	867324  -  ResidentSetSize of job (KB)
...
006 (34672122.000.000) 2021-09-24 23:16:06 Image size of job updated: 874
	874  -  MemoryUsage of job (MB)
	895888  -  ResidentSetSize of job (KB)
...
006 (34672122.000.000) 2021-09-24 23:17:08 Image size of job updated: 913
	913  -  MemoryUsage of job (MB)
	935512  -  ResidentSetSize of job (KB)
...
006 (34672122.000.000) 2021-09-24 23:18:10 Image size of job updated: 941
	941  -  MemoryUsage of job (MB)
	963980  -  ResidentSetSize of job (KB)
...
006 (34672122.000.000) 2021-09-24 23:19:12 Image size of job updated: 967
	967  -  MemoryUsage of job (MB)
	990636  -  ResidentSetSize of job (KB)
...
006 (34672122.000.000) 2021-09-24 23:20:13 Image size of job updated: 989
	989  -  MemoryUsage of job (MB)
	1013284  -  ResidentSetSize of job (KB)
...
006 (34672122.000.000) 2021-09-24 23:21:13 Image size of job updated: 1014
	1014  -  MemoryUsage of job (MB)
	1038360  -  ResidentSetSize of job (KB)
...
006 (34672122.000.000) 2021-09-24 23:22:13 Image size of job updated: 1041
	1041  -  MemoryUsage of job (MB)
	1066752  -  ResidentSetSize of job (KB)
...
006 (34672122.000.000) 2021-09-24 23:23:14 Image size of job updated: 1073
	1073  -  MemoryUsage of job (MB)
	1099692  -  ResidentSetSize of job (KB)
...
006 (34672122.000.000) 2021-09-24 23:24:14 Image size of job updated: 1095
	1095  -  MemoryUsage of job (MB)
	1121976  -  ResidentSetSize of job (KB)
...
006 (34672122.000.000) 2021-09-24 23:25:16 Image size of job updated: 1116
	1116  -  MemoryUsage of job (MB)
	1143760  -  ResidentSetSize of job (KB)
...
006 (34672122.000.000) 2021-09-24 23:26:16 Image size of job updated: 1135
	1135  -  MemoryUsage of job (MB)
	1163188  -  ResidentSetSize of job (KB)
...
006 (34672122.000.000) 2021-09-24 23:27:16 Image size of job updated: 1157
	1157  -  MemoryUsage of job (MB)
	1185040  -  ResidentSetSize of job (KB)
...
006 (34672122.000.000) 2021-09-24 23:28:16 Image size of job updated: 1177
	1177  -  MemoryUsage of job (MB)
	1205488  -  ResidentSetSize of job (KB)
...
006 (34672122.000.000) 2021-09-24 23:29:16 Image size of job updated: 1196
	1196  -  MemoryUsage of job (MB)
	1225556  -  ResidentSetSize of job (KB)
...
006 (34672122.000.000) 2021-09-24 23:30:16 Image size of job updated: 1216
	1216  -  MemoryUsage of job (MB)
	1245292  -  ResidentSetSize of job (KB)
...
006 (34672122.000.000) 2021-09-24 23:31:17 Image size of job updated: 1235
	1235  -  MemoryUsage of job (MB)
	1264976  -  ResidentSetSize of job (KB)
...
006 (34672122.000.000) 2021-09-24 23:32:18 Image size of job updated: 1252
	1252  -  MemoryUsage of job (MB)
	1282176  -  ResidentSetSize of job (KB)
...
006 (34672122.000.000) 2021-09-24 23:33:18 Image size of job updated: 1270
	1270  -  MemoryUsage of job (MB)
	1300776  -  ResidentSetSize of job (KB)
...
006 (34672122.000.000) 2021-09-24 23:34:18 Image size of job updated: 1288
	1288  -  MemoryUsage of job (MB)
	1319496  -  ResidentSetSize of job (KB)
...
006 (34672122.000.000) 2021-09-24 23:35:19 Image size of job updated: 1306
	1306  -  MemoryUsage of job (MB)
	1337696  -  ResidentSetSize of job (KB)
...
006 (34672122.000.000) 2021-09-24 23:36:20 Image size of job updated: 1323
	1323  -  MemoryUsage of job (MB)
	1355700  -  ResidentSetSize of job (KB)
...
006 (34672122.000.000) 2021-09-24 23:37:21 Image size of job updated: 1341
	1341  -  MemoryUsage of job (MB)
	1373228  -  ResidentSetSize of job (KB)
...
006 (34672122.000.000) 2021-09-24 23:38:23 Image size of job updated: 1358
	1358  -  MemoryUsage of job (MB)
	1390628  -  ResidentSetSize of job (KB)
...
006 (34672122.000.000) 2021-09-24 23:39:25 Image size of job updated: 1374
	1374  -  MemoryUsage of job (MB)
	1407548  -  ResidentSetSize of job (KB)
...
006 (34672122.000.000) 2021-09-24 23:40:26 Image size of job updated: 1389
	1389  -  MemoryUsage of job (MB)
	1422764  -  ResidentSetSize of job (KB)
...
006 (34672122.000.000) 2021-09-24 23:41:27 Image size of job updated: 1405
	1405  -  MemoryUsage of job (MB)
	1439128  -  ResidentSetSize of job (KB)
...
006 (34672122.000.000) 2021-09-24 23:42:27 Image size of job updated: 1421
	1421  -  MemoryUsage of job (MB)
	1455348  -  ResidentSetSize of job (KB)
...
006 (34672122.000.000) 2021-09-24 23:43:28 Image size of job updated: 1436
	1436  -  MemoryUsage of job (MB)
	1470948  -  ResidentSetSize of job (KB)
...
006 (34672122.000.000) 2021-09-24 23:44:29 Image size of job updated: 1452
	1452  -  MemoryUsage of job (MB)
	1486860  -  ResidentSetSize of job (KB)
...
006 (34672122.000.000) 2021-09-24 23:45:29 Image size of job updated: 1467
	1467  -  MemoryUsage of job (MB)
	1502868  -  ResidentSetSize of job (KB)
...
006 (34672122.000.000) 2021-09-24 23:46:29 Image size of job updated: 1481
	1481  -  MemoryUsage of job (MB)
	1516728  -  ResidentSetSize of job (KB)
...
006 (34672122.000.000) 2021-09-24 23:47:29 Image size of job updated: 1495
	1495  -  MemoryUsage of job (MB)
	1531752  -  ResidentSetSize of job (KB)
...
006 (34672122.000.000) 2021-09-24 23:48:30 Image size of job updated: 1510
	1510  -  MemoryUsage of job (MB)
	1546584  -  ResidentSetSize of job (KB)
...
006 (34672122.000.000) 2021-09-24 23:49:31 Image size of job updated: 1524
	1524  -  MemoryUsage of job (MB)
	1561316  -  ResidentSetSize of job (KB)
...
006 (34672122.000.000) 2021-09-24 23:50:32 Image size of job updated: 1542
	1542  -  MemoryUsage of job (MB)
	1579940  -  ResidentSetSize of job (KB)
...
006 (34672122.000.000) 2021-09-24 23:51:32 Image size of job updated: 1620
	1620  -  MemoryUsage of job (MB)
	1659604  -  ResidentSetSize of job (KB)
...
006 (34672122.000.000) 2021-09-24 23:55:34 Image size of job updated: 1620
	1620  -  MemoryUsage of job (MB)
	1659608  -  ResidentSetSize of job (KB)
...
006 (34672122.000.000) 2021-09-24 23:58:36 Image size of job updated: 1636
	1636  -  MemoryUsage of job (MB)
	1675828  -  ResidentSetSize of job (KB)
...
006 (34672122.000.000) 2021-09-25 00:01:38 Image size of job updated: 1636
	1636  -  MemoryUsage of job (MB)
	1675836  -  ResidentSetSize of job (KB)
...
006 (34672122.000.000) 2021-09-25 00:06:43 Image size of job updated: 1642
	1642  -  MemoryUsage of job (MB)
	1681752  -  ResidentSetSize of job (KB)
...
006 (34672122.000.000) 2021-09-25 00:12:49 Image size of job updated: 1642
	1642  -  MemoryUsage of job (MB)
	1681756  -  ResidentSetSize of job (KB)
...
006 (34672122.000.000) 2021-09-25 00:14:50 Image size of job updated: 1645
	1645  -  MemoryUsage of job (MB)
	1684716  -  ResidentSetSize of job (KB)
...
006 (34672122.000.000) 2021-09-25 00:22:56 Image size of job updated: 1646
	1646  -  MemoryUsage of job (MB)
	1686172  -  ResidentSetSize of job (KB)
...
006 (34672122.000.000) 2021-09-25 00:23:57 Image size of job updated: 1646
	1646  -  MemoryUsage of job (MB)
	1686176  -  ResidentSetSize of job (KB)
...
006 (34672122.000.000) 2021-09-25 00:31:00 Image size of job updated: 1648
	1648  -  MemoryUsage of job (MB)
	1688412  -  ResidentSetSize of job (KB)
...
006 (34672122.000.000) 2021-09-25 00:40:06 Image size of job updated: 1650
	1650  -  MemoryUsage of job (MB)
	1689916  -  ResidentSetSize of job (KB)
...
006 (34672122.000.000) 2021-09-25 00:41:07 Image size of job updated: 1652
	1652  -  MemoryUsage of job (MB)
	1692592  -  ResidentSetSize of job (KB)
...
006 (34672122.000.000) 2021-09-25 00:46:11 Image size of job updated: 1652
	1652  -  MemoryUsage of job (MB)
	1692596  -  ResidentSetSize of job (KB)
...
006 (34672122.000.000) 2021-09-25 00:50:11 Image size of job updated: 1652
	1652  -  MemoryUsage of job (MB)
	1692616  -  ResidentSetSize of job (KB)
...
006 (34672122.000.000) 2021-09-25 00:51:11 Image size of job updated: 1654
	1654  -  MemoryUsage of job (MB)
	1694684  -  ResidentSetSize of job (KB)
...
006 (34672122.000.000) 2021-09-25 01:01:17 Image size of job updated: 1656
	1656  -  MemoryUsage of job (MB)
	1696084  -  ResidentSetSize of job (KB)
...
006 (34672122.000.000) 2021-09-25 01:11:23 Image size of job updated: 1657
	1657  -  MemoryUsage of job (MB)
	1697288  -  ResidentSetSize of job (KB)
...
006 (34672122.000.000) 2021-09-25 01:21:26 Image size of job updated: 1657
	1657  -  MemoryUsage of job (MB)
	1697308  -  ResidentSetSize of job (KB)
...
006 (34672122.000.000) 2021-09-25 01:22:26 Image size of job updated: 1658
	1658  -  MemoryUsage of job (MB)
	1698344  -  ResidentSetSize of job (KB)
...
006 (34672122.000.000) 2021-09-25 01:33:33 Image size of job updated: 1660
	1660  -  MemoryUsage of job (MB)
	1699912  -  ResidentSetSize of job (KB)
...
006 (34672122.000.000) 2021-09-25 01:45:45 Image size of job updated: 1660
	1660  -  MemoryUsage of job (MB)
	1699928  -  ResidentSetSize of job (KB)
...
006 (34672122.000.000) 2021-09-25 01:46:45 Image size of job updated: 1661
	1661  -  MemoryUsage of job (MB)
	1701188  -  ResidentSetSize of job (KB)
...
006 (34672122.000.000) 2021-09-25 01:57:49 Image size of job updated: 1662
	1662  -  MemoryUsage of job (MB)
	1702204  -  ResidentSetSize of job (KB)
...
006 (34672122.000.000) 2021-09-25 02:09:59 Image size of job updated: 1663
	1663  -  MemoryUsage of job (MB)
	1703196  -  ResidentSetSize of job (KB)
...
006 (34672122.000.000) 2021-09-25 02:22:05 Image size of job updated: 1663
	1663  -  MemoryUsage of job (MB)
	1703384  -  ResidentSetSize of job (KB)
...
006 (34672122.000.000) 2021-09-25 02:23:06 Image size of job updated: 1664
	1664  -  MemoryUsage of job (MB)
	1704048  -  ResidentSetSize of job (KB)
...
006 (34672122.000.000) 2021-09-25 02:33:17 Image size of job updated: 1666
	1666  -  MemoryUsage of job (MB)
	1706816  -  ResidentSetSize of job (KB)
...
006 (34672122.000.000) 2021-09-25 02:35:19 Image size of job updated: 1668
	1668  -  MemoryUsage of job (MB)
	1708172  -  ResidentSetSize of job (KB)
...
006 (34672122.000.000) 2021-09-25 02:45:25 Image size of job updated: 1670
	1670  -  MemoryUsage of job (MB)
	1710548  -  ResidentSetSize of job (KB)
...
006 (34672122.000.000) 2021-09-25 02:47:25 Image size of job updated: 1671
	1671  -  MemoryUsage of job (MB)
	1711512  -  ResidentSetSize of job (KB)
...
006 (34672122.000.000) 2021-09-25 02:57:26 Image size of job updated: 1673
	1673  -  MemoryUsage of job (MB)
	1713412  -  ResidentSetSize of job (KB)
...
006 (34672122.000.000) 2021-09-25 02:59:27 Image size of job updated: 1673
	1673  -  MemoryUsage of job (MB)
	1714164  -  ResidentSetSize of job (KB)
...
006 (34672122.000.000) 2021-09-25 03:08:29 Image size of job updated: 1676
	1676  -  MemoryUsage of job (MB)
	1716500  -  ResidentSetSize of job (KB)
...
006 (34672122.000.000) 2021-09-25 03:11:32 Image size of job updated: 1677
	1677  -  MemoryUsage of job (MB)
	1717372  -  ResidentSetSize of job (KB)
...
006 (34672122.000.000) 2021-09-25 03:20:36 Image size of job updated: 1678
	1678  -  MemoryUsage of job (MB)
	1719260  -  ResidentSetSize of job (KB)
...
006 (34672122.000.000) 2021-09-25 03:22:36 Image size of job updated: 1679
	1679  -  MemoryUsage of job (MB)
	1719560  -  ResidentSetSize of job (KB)
...
006 (34672122.000.000) 2021-09-25 03:23:36 Image size of job updated: 1680
	1680  -  MemoryUsage of job (MB)
	1720644  -  ResidentSetSize of job (KB)
...
006 (34672122.000.000) 2021-09-25 03:30:40 Image size of job updated: 1680
	1680  -  MemoryUsage of job (MB)
	1720968  -  ResidentSetSize of job (KB)
...
006 (34672122.000.000) 2021-09-25 03:39:47 Image size of job updated: 1680
	1680  -  MemoryUsage of job (MB)
	1721320  -  ResidentSetSize of job (KB)
...
006 (34672122.000.000) 2021-09-25 03:48:51 Image size of job updated: 1681
	1681  -  MemoryUsage of job (MB)
	1721528  -  ResidentSetSize of job (KB)
...
006 (34672122.000.000) 2021-09-25 03:57:55 Image size of job updated: 1681
	1681  -  MemoryUsage of job (MB)
	1721752  -  ResidentSetSize of job (KB)
...
006 (34672122.000.000) 2021-09-25 04:07:00 Image size of job updated: 1682
	1682  -  MemoryUsage of job (MB)
	1723216  -  ResidentSetSize of job (KB)
...
006 (34672122.000.000) 2021-09-25 04:16:05 Image size of job updated: 1683
	1683  -  MemoryUsage of job (MB)
	1724032  -  ResidentSetSize of job (KB)
...
006 (34672122.000.000) 2021-09-25 04:20:05 Image size of job updated: 1684
	1684  -  MemoryUsage of job (MB)
	1724592  -  ResidentSetSize of job (KB)
...
006 (34672122.000.000) 2021-09-25 04:21:05 Image size of job updated: 1685
	1685  -  MemoryUsage of job (MB)
	1725812  -  ResidentSetSize of job (KB)
...
006 (34672122.000.000) 2021-09-25 04:30:11 Image size of job updated: 1686
	1686  -  MemoryUsage of job (MB)
	1726792  -  ResidentSetSize of job (KB)
...
006 (34672122.000.000) 2021-09-25 04:34:14 Image size of job updated: 1687
	1687  -  MemoryUsage of job (MB)
	1727596  -  ResidentSetSize of job (KB)
...
006 (34672122.000.000) 2021-09-25 04:35:16 Image size of job updated: 1687
	1687  -  MemoryUsage of job (MB)
	1728352  -  ResidentSetSize of job (KB)
...
006 (34672122.000.000) 2021-09-25 04:43:19 Image size of job updated: 1688
	1688  -  MemoryUsage of job (MB)
	1729216  -  ResidentSetSize of job (KB)
...
006 (34672122.000.000) 2021-09-25 04:48:22 Image size of job updated: 1689
	1689  -  MemoryUsage of job (MB)
	1729984  -  ResidentSetSize of job (KB)
...
006 (34672122.000.000) 2021-09-25 04:57:24 Image size of job updated: 1690
	1690  -  MemoryUsage of job (MB)
	1731224  -  ResidentSetSize of job (KB)
...
006 (34672122.000.000) 2021-09-25 05:01:27 Image size of job updated: 1691
	1691  -  MemoryUsage of job (MB)
	1731912  -  ResidentSetSize of job (KB)
...
006 (34672122.000.000) 2021-09-25 05:09:34 Image size of job updated: 1691
	1691  -  MemoryUsage of job (MB)
	1732540  -  ResidentSetSize of job (KB)
...
006 (34672122.000.000) 2021-09-25 05:14:39 Image size of job updated: 1692
	1692  -  MemoryUsage of job (MB)
	1733200  -  ResidentSetSize of job (KB)
...
006 (34672122.000.000) 2021-09-25 05:16:41 Image size of job updated: 1693
	1693  -  MemoryUsage of job (MB)
	1734420  -  ResidentSetSize of job (KB)
...
006 (34672122.000.000) 2021-09-25 05:26:43 Image size of job updated: 1694
	1694  -  MemoryUsage of job (MB)
	1735308  -  ResidentSetSize of job (KB)
...
006 (34672122.000.000) 2021-09-25 05:29:46 Image size of job updated: 1695
	1695  -  MemoryUsage of job (MB)
	1736012  -  ResidentSetSize of job (KB)
...
006 (34672122.000.000) 2021-09-25 05:39:50 Image size of job updated: 1695
	1695  -  MemoryUsage of job (MB)
	1736512  -  ResidentSetSize of job (KB)
...
006 (34672122.000.000) 2021-09-25 05:41:51 Image size of job updated: 1696
	1696  -  MemoryUsage of job (MB)
	1737060  -  ResidentSetSize of job (KB)
...
006 (34672122.000.000) 2021-09-25 05:50:57 Image size of job updated: 1696
	1696  -  MemoryUsage of job (MB)
	1737140  -  ResidentSetSize of job (KB)
...
006 (34672122.000.000) 2021-09-25 05:53:01 Image size of job updated: 1696
	1696  -  MemoryUsage of job (MB)
	1737580  -  ResidentSetSize of job (KB)
...
006 (34672122.000.000) 2021-09-25 06:02:07 Image size of job updated: 1696
	1696  -  MemoryUsage of job (MB)
	1737608  -  ResidentSetSize of job (KB)
...
006 (34672122.000.000) 2021-09-25 06:04:08 Image size of job updated: 1697
	1697  -  MemoryUsage of job (MB)
	1738048  -  ResidentSetSize of job (KB)
...
006 (34672122.000.000) 2021-09-25 06:13:18 Image size of job updated: 1697
	1697  -  MemoryUsage of job (MB)
	1738256  -  ResidentSetSize of job (KB)
...
006 (34672122.000.000) 2021-09-25 06:14:19 Image size of job updated: 1697
	1697  -  MemoryUsage of job (MB)
	1738260  -  ResidentSetSize of job (KB)
...
006 (34672122.000.000) 2021-09-25 06:24:27 Image size of job updated: 1698
	1698  -  MemoryUsage of job (MB)
	1739088  -  ResidentSetSize of job (KB)
...
006 (34672122.000.000) 2021-09-25 06:35:37 Image size of job updated: 1698
	1698  -  MemoryUsage of job (MB)
	1739160  -  ResidentSetSize of job (KB)
...
006 (34672122.000.000) 2021-09-25 06:36:38 Image size of job updated: 1698
	1698  -  MemoryUsage of job (MB)
	1739240  -  ResidentSetSize of job (KB)
...
006 (34672122.000.000) 2021-09-25 06:37:39 Image size of job updated: 1698
	1698  -  MemoryUsage of job (MB)
	1739244  -  ResidentSetSize of job (KB)
...
006 (34672122.000.000) 2021-09-25 06:46:50 Image size of job updated: 1698
	1698  -  MemoryUsage of job (MB)
	1739404  -  ResidentSetSize of job (KB)
...
006 (34672122.000.000) 2021-09-25 06:57:57 Image size of job updated: 1698
	1698  -  MemoryUsage of job (MB)
	1739480  -  ResidentSetSize of job (KB)
...
006 (34672122.000.000) 2021-09-25 07:08:03 Image size of job updated: 1699
	1699  -  MemoryUsage of job (MB)
	1740064  -  ResidentSetSize of job (KB)
...
006 (34672122.000.000) 2021-09-25 07:18:12 Image size of job updated: 1699
	1699  -  MemoryUsage of job (MB)
	1740708  -  ResidentSetSize of job (KB)
...
006 (34672122.000.000) 2021-09-25 07:24:15 Image size of job updated: 1700
	1700  -  MemoryUsage of job (MB)
	1741504  -  ResidentSetSize of job (KB)
...
006 (34672122.000.000) 2021-09-25 07:29:17 Image size of job updated: 1701
	1701  -  MemoryUsage of job (MB)
	1742096  -  ResidentSetSize of job (KB)
...
006 (34672122.000.000) 2021-09-25 07:40:26 Image size of job updated: 1701
	1701  -  MemoryUsage of job (MB)
	1742556  -  ResidentSetSize of job (KB)
...
006 (34672122.000.000) 2021-09-25 07:50:36 Image size of job updated: 1702
	1702  -  MemoryUsage of job (MB)
	1743056  -  ResidentSetSize of job (KB)
...
006 (34672122.000.000) 2021-09-25 08:01:42 Image size of job updated: 1702
	1702  -  MemoryUsage of job (MB)
	1743164  -  ResidentSetSize of job (KB)
...
006 (34672122.000.000) 2021-09-25 08:04:43 Image size of job updated: 1702
	1702  -  MemoryUsage of job (MB)
	1743284  -  ResidentSetSize of job (KB)
...
006 (34672122.000.000) 2021-09-25 08:07:44 Image size of job updated: 1702
	1702  -  MemoryUsage of job (MB)
	1743336  -  ResidentSetSize of job (KB)
...
006 (34672122.000.000) 2021-09-25 08:10:45 Image size of job updated: 1702
	1702  -  MemoryUsage of job (MB)
	1743380  -  ResidentSetSize of job (KB)
...
006 (34672122.000.000) 2021-09-25 08:13:47 Image size of job updated: 1702
	1702  -  MemoryUsage of job (MB)
	1743400  -  ResidentSetSize of job (KB)
...
006 (34672122.000.000) 2021-09-25 08:16:49 Image size of job updated: 1702
	1702  -  MemoryUsage of job (MB)
	1743628  -  ResidentSetSize of job (KB)
...
006 (34672122.000.000) 2021-09-25 08:26:55 Image size of job updated: 1702
	1702  -  MemoryUsage of job (MB)
	1743696  -  ResidentSetSize of job (KB)
...
006 (34672122.000.000) 2021-09-25 08:38:01 Image size of job updated: 1702
	1702  -  MemoryUsage of job (MB)
	1743748  -  ResidentSetSize of job (KB)
...
006 (34672122.000.000) 2021-09-25 08:49:08 Image size of job updated: 1702
	1702  -  MemoryUsage of job (MB)
	1743864  -  ResidentSetSize of job (KB)
...
006 (34672122.000.000) 2021-09-25 09:02:18 Image size of job updated: 1704
	1704  -  MemoryUsage of job (MB)
	1745120  -  ResidentSetSize of job (KB)
...
006 (34672122.000.000) 2021-09-25 09:14:28 Image size of job updated: 1704
	1704  -  MemoryUsage of job (MB)
	1745160  -  ResidentSetSize of job (KB)
...
006 (34672122.000.000) 2021-09-25 09:15:29 Image size of job updated: 1705
	1705  -  MemoryUsage of job (MB)
	1746108  -  ResidentSetSize of job (KB)
...
006 (34672122.000.000) 2021-09-25 09:27:38 Image size of job updated: 1706
	1706  -  MemoryUsage of job (MB)
	1747172  -  ResidentSetSize of job (KB)
...
006 (34672122.000.000) 2021-09-25 09:41:47 Image size of job updated: 1706
	1706  -  MemoryUsage of job (MB)
	1747652  -  ResidentSetSize of job (KB)
...
006 (34672122.000.000) 2021-09-25 09:55:58 Image size of job updated: 1707
	1707  -  MemoryUsage of job (MB)
	1748520  -  ResidentSetSize of job (KB)
...
006 (34672122.000.000) 2021-09-25 10:10:10 Image size of job updated: 1708
	1708  -  MemoryUsage of job (MB)
	1749264  -  ResidentSetSize of job (KB)
...
006 (34672122.000.000) 2021-09-25 10:25:19 Image size of job updated: 1708
	1708  -  MemoryUsage of job (MB)
	1749760  -  ResidentSetSize of job (KB)
...
006 (34672122.000.000) 2021-09-25 10:40:28 Image size of job updated: 1710
	1710  -  MemoryUsage of job (MB)
	1751804  -  ResidentSetSize of job (KB)
...
006 (34672122.000.000) 2021-09-25 10:41:29 Image size of job updated: 1711
	1711  -  MemoryUsage of job (MB)
	1752460  -  ResidentSetSize of job (KB)
...
006 (34672122.000.000) 2021-09-25 10:53:34 Image size of job updated: 1713
	1713  -  MemoryUsage of job (MB)
	1754208  -  ResidentSetSize of job (KB)
...
006 (34672122.000.000) 2021-09-25 10:55:36 Image size of job updated: 1713
	1713  -  MemoryUsage of job (MB)
	1754232  -  ResidentSetSize of job (KB)
...
006 (34672122.000.000) 2021-09-25 10:57:38 Image size of job updated: 1714
	1714  -  MemoryUsage of job (MB)
	1755992  -  ResidentSetSize of job (KB)
...
006 (34672122.000.000) 2021-09-25 11:12:49 Image size of job updated: 1716
	1716  -  MemoryUsage of job (MB)
	1757300  -  ResidentSetSize of job (KB)
...
006 (34672122.000.000) 2021-09-25 11:27:58 Image size of job updated: 1716
	1716  -  MemoryUsage of job (MB)
	1757320  -  ResidentSetSize of job (KB)
...
006 (34672122.000.000) 2021-09-25 11:28:59 Image size of job updated: 1716
	1716  -  MemoryUsage of job (MB)
	1758016  -  ResidentSetSize of job (KB)
...
006 (34672122.000.000) 2021-09-25 11:44:15 Image size of job updated: 1717
	1717  -  MemoryUsage of job (MB)
	1758784  -  ResidentSetSize of job (KB)
...
006 (34672122.000.000) 2021-09-25 11:58:26 Image size of job updated: 1718
	1718  -  MemoryUsage of job (MB)
	1759476  -  ResidentSetSize of job (KB)
...
006 (34672122.000.000) 2021-09-25 12:12:37 Image size of job updated: 1718
	1718  -  MemoryUsage of job (MB)
	1759568  -  ResidentSetSize of job (KB)
...
006 (34672122.000.000) 2021-09-25 12:13:37 Image size of job updated: 1718
	1718  -  MemoryUsage of job (MB)
	1759988  -  ResidentSetSize of job (KB)
...
006 (34672122.000.000) 2021-09-25 12:27:47 Image size of job updated: 1719
	1719  -  MemoryUsage of job (MB)
	1760636  -  ResidentSetSize of job (KB)
...
006 (34672122.000.000) 2021-09-25 12:41:56 Image size of job updated: 1719
	1719  -  MemoryUsage of job (MB)
	1760856  -  ResidentSetSize of job (KB)
...
006 (34672122.000.000) 2021-09-25 12:56:09 Image size of job updated: 1720
	1720  -  MemoryUsage of job (MB)
	1761324  -  ResidentSetSize of job (KB)
...
006 (34672122.000.000) 2021-09-25 13:07:17 Image size of job updated: 1720
	1720  -  MemoryUsage of job (MB)
	1762056  -  ResidentSetSize of job (KB)
...
006 (34672122.000.000) 2021-09-25 13:09:18 Image size of job updated: 1721
	1721  -  MemoryUsage of job (MB)
	1762472  -  ResidentSetSize of job (KB)
...
006 (34672122.000.000) 2021-09-25 13:10:18 Image size of job updated: 1721
	1721  -  MemoryUsage of job (MB)
	1762972  -  ResidentSetSize of job (KB)
...
006 (34672122.000.000) 2021-09-25 13:19:25 Image size of job updated: 1721
	1721  -  MemoryUsage of job (MB)
	1763236  -  ResidentSetSize of job (KB)
...
006 (34672122.000.000) 2021-09-25 13:21:27 Image size of job updated: 1721
	1721  -  MemoryUsage of job (MB)
	1763256  -  ResidentSetSize of job (KB)
...
006 (34672122.000.000) 2021-09-25 13:22:27 Image size of job updated: 1722
	1722  -  MemoryUsage of job (MB)
	1764276  -  ResidentSetSize of job (KB)
...
006 (34672122.000.000) 2021-09-25 13:31:32 Image size of job updated: 1723
	1723  -  MemoryUsage of job (MB)
	1764396  -  ResidentSetSize of job (KB)
...
006 (34672122.000.000) 2021-09-25 13:33:34 Image size of job updated: 1723
	1723  -  MemoryUsage of job (MB)
	1764848  -  ResidentSetSize of job (KB)
...
006 (34672122.000.000) 2021-09-25 13:43:40 Image size of job updated: 1723
	1723  -  MemoryUsage of job (MB)
	1765100  -  ResidentSetSize of job (KB)
...
006 (34672122.000.000) 2021-09-25 13:45:42 Image size of job updated: 1724
	1724  -  MemoryUsage of job (MB)
	1766032  -  ResidentSetSize of job (KB)
...
006 (34672122.000.000) 2021-09-25 13:54:48 Image size of job updated: 1724
	1724  -  MemoryUsage of job (MB)
	1766132  -  ResidentSetSize of job (KB)
...
006 (34672122.000.000) 2021-09-25 13:56:50 Image size of job updated: 1725
	1725  -  MemoryUsage of job (MB)
	1766412  -  ResidentSetSize of job (KB)
...
006 (34672122.000.000) 2021-09-25 13:57:51 Image size of job updated: 1725
	1725  -  MemoryUsage of job (MB)
	1766816  -  ResidentSetSize of job (KB)
...
006 (34672122.000.000) 2021-09-25 13:58:52 Image size of job updated: 1725
	1725  -  MemoryUsage of job (MB)
	1767172  -  ResidentSetSize of job (KB)
...
006 (34672122.000.000) 2021-09-25 14:09:00 Image size of job updated: 1726
	1726  -  MemoryUsage of job (MB)
	1767992  -  ResidentSetSize of job (KB)
...
006 (34672122.000.000) 2021-09-25 14:11:00 Image size of job updated: 1726
	1726  -  MemoryUsage of job (MB)
	1768228  -  ResidentSetSize of job (KB)
...
006 (34672122.000.000) 2021-09-25 14:12:01 Image size of job updated: 1726
	1726  -  MemoryUsage of job (MB)
	1768232  -  ResidentSetSize of job (KB)
...
006 (34672122.000.000) 2021-09-25 14:20:04 Image size of job updated: 1727
	1727  -  MemoryUsage of job (MB)
	1769276  -  ResidentSetSize of job (KB)
...
006 (34672122.000.000) 2021-09-25 14:22:06 Image size of job updated: 1727
	1727  -  MemoryUsage of job (MB)
	1769360  -  ResidentSetSize of job (KB)
...
006 (34672122.000.000) 2021-09-25 14:31:12 Image size of job updated: 1728
	1728  -  MemoryUsage of job (MB)
	1769852  -  ResidentSetSize of job (KB)
...
006 (34672122.000.000) 2021-09-25 14:33:12 Image size of job updated: 1728
	1728  -  MemoryUsage of job (MB)
	1770120  -  ResidentSetSize of job (KB)
...
006 (34672122.000.000) 2021-09-25 14:35:13 Image size of job updated: 1728
	1728  -  MemoryUsage of job (MB)
	1770124  -  ResidentSetSize of job (KB)
...
006 (34672122.000.000) 2021-09-25 14:42:17 Image size of job updated: 1729
	1729  -  MemoryUsage of job (MB)
	1770708  -  ResidentSetSize of job (KB)
...
006 (34672122.000.000) 2021-09-25 14:44:19 Image size of job updated: 1729
	1729  -  MemoryUsage of job (MB)
	1770848  -  ResidentSetSize of job (KB)
...
006 (34672122.000.000) 2021-09-25 14:53:26 Image size of job updated: 1729
	1729  -  MemoryUsage of job (MB)
	1771436  -  ResidentSetSize of job (KB)
...
006 (34672122.000.000) 2021-09-25 15:05:31 Image size of job updated: 1730
	1730  -  MemoryUsage of job (MB)
	1771684  -  ResidentSetSize of job (KB)
...
006 (34672122.000.000) 2021-09-25 15:15:37 Image size of job updated: 1730
	1730  -  MemoryUsage of job (MB)
	1771992  -  ResidentSetSize of job (KB)
...
006 (34672122.000.000) 2021-09-25 15:25:42 Image size of job updated: 1730
	1730  -  MemoryUsage of job (MB)
	1772276  -  ResidentSetSize of job (KB)
...
006 (34672122.000.000) 2021-09-25 15:35:47 Image size of job updated: 1730
	1730  -  MemoryUsage of job (MB)
	1772400  -  ResidentSetSize of job (KB)
...
006 (34672122.000.000) 2021-09-25 15:45:53 Image size of job updated: 1731
	1731  -  MemoryUsage of job (MB)
	1772640  -  ResidentSetSize of job (KB)
...
006 (34672122.000.000) 2021-09-25 15:53:59 Image size of job updated: 1731
	1731  -  MemoryUsage of job (MB)
	1772876  -  ResidentSetSize of job (KB)
...
006 (34672122.000.000) 2021-09-25 16:04:06 Image size of job updated: 1731
	1731  -  MemoryUsage of job (MB)
	1773156  -  ResidentSetSize of job (KB)
...
006 (34672122.000.000) 2021-09-25 16:12:13 Image size of job updated: 1731
	1731  -  MemoryUsage of job (MB)
	1773452  -  ResidentSetSize of job (KB)
...
006 (34672122.000.000) 2021-09-25 16:21:15 Image size of job updated: 1732
	1732  -  MemoryUsage of job (MB)
	1773704  -  ResidentSetSize of job (KB)
...
006 (34672122.000.000) 2021-09-25 16:22:16 Image size of job updated: 1732
	1732  -  MemoryUsage of job (MB)
	1773708  -  ResidentSetSize of job (KB)
...
006 (34672122.000.000) 2021-09-25 16:30:22 Image size of job updated: 1732
	1732  -  MemoryUsage of job (MB)
	1774080  -  ResidentSetSize of job (KB)
...
006 (34672122.000.000) 2021-09-25 16:40:27 Image size of job updated: 1732
	1732  -  MemoryUsage of job (MB)
	1774416  -  ResidentSetSize of job (KB)
...
006 (34672122.000.000) 2021-09-25 16:49:33 Image size of job updated: 1733
	1733  -  MemoryUsage of job (MB)
	1774600  -  ResidentSetSize of job (KB)
...
006 (34672122.000.000) 2021-09-25 16:59:35 Image size of job updated: 1733
	1733  -  MemoryUsage of job (MB)
	1774640  -  ResidentSetSize of job (KB)
...
006 (34672122.000.000) 2021-09-25 17:08:41 Image size of job updated: 1733
	1733  -  MemoryUsage of job (MB)
	1774732  -  ResidentSetSize of job (KB)
...
006 (34672122.000.000) 2021-09-25 17:18:46 Image size of job updated: 1733
	1733  -  MemoryUsage of job (MB)
	1774812  -  ResidentSetSize of job (KB)
...
006 (34672122.000.000) 2021-09-25 17:27:52 Image size of job updated: 1733
	1733  -  MemoryUsage of job (MB)
	1774920  -  ResidentSetSize of job (KB)
...
006 (34672122.000.000) 2021-09-25 17:37:58 Image size of job updated: 1733
	1733  -  MemoryUsage of job (MB)
	1774956  -  ResidentSetSize of job (KB)
...
006 (34672122.000.000) 2021-09-25 17:48:04 Image size of job updated: 1733
	1733  -  MemoryUsage of job (MB)
	1775052  -  ResidentSetSize of job (KB)
...
006 (34672122.000.000) 2021-09-25 17:57:09 Image size of job updated: 1733
	1733  -  MemoryUsage of job (MB)
	1775104  -  ResidentSetSize of job (KB)
...
006 (34672122.000.000) 2021-09-25 18:07:16 Image size of job updated: 1735
	1735  -  MemoryUsage of job (MB)
	1777096  -  ResidentSetSize of job (KB)
...
040 (34672122.000.000) 2021-09-25 18:07:25 Started transferring output files
...
040 (34672122.000.000) 2021-09-25 18:07:25 Finished transferring output files
...
005 (34672122.000.000) 2021-09-25 18:07:26 Job terminated.
	(1) Normal termination (return value 0)
		Usr 0 01:49:48, Sys 0 17:07:03  -  Run Remote Usage
		Usr 0 00:00:00, Sys 0 00:00:00  -  Run Local Usage
		Usr 0 01:49:48, Sys 0 17:07:03  -  Total Remote Usage
		Usr 0 00:00:00, Sys 0 00:00:00  -  Total Local Usage
	1210572  -  Run Bytes Sent By Job
	8471570  -  Run Bytes Received By Job
	1210572  -  Total Bytes Sent By Job
	8471570  -  Total Bytes Received By Job
	Partitionable Resources :    Usage  Request Allocated 
	   Cpus                 :     0.00        1         1 
	   Disk (KB)            : 12273       10000   1634798 
	   Memory (MB)          :  1735        2048      2048 

	Job terminated of its own accord at 2021-09-25T23:07:25Z.
...
