000 (34669492.000.000) 2021-09-24 12:06:20 Job submitted from host: <131.225.188.57:9618?addrs=131.225.188.57-9618&alias=lpcschedd2.fnal.gov&noUDP&sock=schedd_2251_93c6>
...
040 (34669492.000.000) 2021-09-24 12:33:01 Started transferring input files
	Transferring to host: <131.225.190.42:9618?addrs=131.225.190.42-9618&alias=cmswn2015.fnal.gov&noUDP&sock=slot1_11_1537_b498_3062>
...
040 (34669492.000.000) 2021-09-24 12:33:01 Finished transferring input files
...
001 (34669492.000.000) 2021-09-24 12:33:02 Job executing on host: <131.225.190.42:9618?addrs=131.225.190.42-9618&alias=cmswn2015.fnal.gov&noUDP&sock=startd_1422_f3c3>
...
006 (34669492.000.000) 2021-09-24 12:33:11 Image size of job updated: 7
	7  -  MemoryUsage of job (MB)
	7684  -  ResidentSetSize of job (KB)
...
006 (34669492.000.000) 2021-09-24 12:34:11 Image size of job updated: 508
	508  -  MemoryUsage of job (MB)
	521144  -  ResidentSetSize of job (KB)
...
006 (34669492.000.000) 2021-09-24 12:35:12 Image size of job updated: 509
	509  -  MemoryUsage of job (MB)
	521416  -  ResidentSetSize of job (KB)
...
006 (34669492.000.000) 2021-09-24 12:36:13 Image size of job updated: 518
	518  -  MemoryUsage of job (MB)
	530568  -  ResidentSetSize of job (KB)
...
006 (34669492.000.000) 2021-09-24 12:37:13 Image size of job updated: 520
	520  -  MemoryUsage of job (MB)
	532912  -  ResidentSetSize of job (KB)
...
006 (34669492.000.000) 2021-09-24 12:38:14 Image size of job updated: 525
	525  -  MemoryUsage of job (MB)
	538620  -  ResidentSetSize of job (KB)
...
006 (34669492.000.000) 2021-09-24 12:39:14 Image size of job updated: 529
	529  -  MemoryUsage of job (MB)
	542616  -  ResidentSetSize of job (KB)
...
040 (34669492.000.000) 2021-09-24 12:39:16 Started transferring output files
...
040 (34669492.000.000) 2021-09-24 12:39:16 Finished transferring output files
...
005 (34669492.000.000) 2021-09-24 12:39:18 Job terminated.
	(1) Normal termination (return value 0)
		Usr 0 00:00:00, Sys 0 00:00:00  -  Run Remote Usage
		Usr 0 00:00:00, Sys 0 00:00:00  -  Run Local Usage
		Usr 0 00:02:53, Sys 0 00:00:51  -  Total Remote Usage
		Usr 0 00:00:00, Sys 0 00:00:00  -  Total Local Usage
	5062  -  Run Bytes Sent By Job
	2923648  -  Run Bytes Received By Job
	5062  -  Total Bytes Sent By Job
	2923648  -  Total Bytes Received By Job
	Partitionable Resources :     Usage  Request Allocated 
	   Cpus                 :      0.00        1         1 
	   Disk (KB)            : 464035        3000    765669 
	   Memory (MB)          :    529        3072      3072 

	Job terminated of its own accord at 2021-09-24T17:39:16Z.
...
000 (14730107.000.000) 2021-09-24 14:21:12 Job submitted from host: <131.225.188.55:9618?addrs=131.225.188.55-9618&alias=lpcschedd1.fnal.gov&noUDP&sock=schedd_2070_6d22>
...
040 (14730107.000.000) 2021-09-24 14:43:35 Started transferring input files
	Transferring to host: <131.225.191.253:9618?addrs=131.225.191.253-9618&alias=cmswn2004.fnal.gov&noUDP&sock=slot1_15_1532_2eb7_4302>
...
040 (14730107.000.000) 2021-09-24 14:43:35 Finished transferring input files
...
001 (14730107.000.000) 2021-09-24 14:43:36 Job executing on host: <131.225.191.253:9618?addrs=131.225.191.253-9618&alias=cmswn2004.fnal.gov&noUDP&sock=startd_1433_7f4e>
...
006 (14730107.000.000) 2021-09-24 14:43:45 Image size of job updated: 21
	21  -  MemoryUsage of job (MB)
	22472  -  ResidentSetSize of job (KB)
...
006 (14730107.000.000) 2021-09-24 14:44:45 Image size of job updated: 508
	508  -  MemoryUsage of job (MB)
	521152  -  ResidentSetSize of job (KB)
...
006 (14730107.000.000) 2021-09-24 14:45:46 Image size of job updated: 509
	509  -  MemoryUsage of job (MB)
	521436  -  ResidentSetSize of job (KB)
...
006 (14730107.000.000) 2021-09-24 14:46:46 Image size of job updated: 518
	518  -  MemoryUsage of job (MB)
	530664  -  ResidentSetSize of job (KB)
...
006 (14730107.000.000) 2021-09-24 14:47:46 Image size of job updated: 521
	521  -  MemoryUsage of job (MB)
	533924  -  ResidentSetSize of job (KB)
...
006 (14730107.000.000) 2021-09-24 14:48:46 Image size of job updated: 528
	528  -  MemoryUsage of job (MB)
	540844  -  ResidentSetSize of job (KB)
...
006 (14730107.000.000) 2021-09-24 14:49:22 Image size of job updated: 529
	529  -  MemoryUsage of job (MB)
	542628  -  ResidentSetSize of job (KB)
...
040 (14730107.000.000) 2021-09-24 14:49:22 Started transferring output files
...
040 (14730107.000.000) 2021-09-24 14:49:22 Finished transferring output files
...
005 (14730107.000.000) 2021-09-24 14:49:24 Job terminated.
	(1) Normal termination (return value 0)
		Usr 0 00:03:20, Sys 0 00:00:54  -  Run Remote Usage
		Usr 0 00:00:00, Sys 0 00:00:00  -  Run Local Usage
		Usr 0 00:03:20, Sys 0 00:00:54  -  Total Remote Usage
		Usr 0 00:00:00, Sys 0 00:00:00  -  Total Local Usage
	5239  -  Run Bytes Sent By Job
	2923650  -  Run Bytes Received By Job
	5239  -  Total Bytes Sent By Job
	2923650  -  Total Bytes Received By Job
	Partitionable Resources :     Usage  Request Allocated 
	   Cpus                 :      0.00        1         1 
	   Disk (KB)            : 461467        3000    774674 
	   Memory (MB)          :    529        3072      3072 

	Job terminated of its own accord at 2021-09-24T19:49:22Z.
...
