000 (73443553.000.000) 2021-09-24 12:06:27 Job submitted from host: <131.225.188.235:9618?addrs=131.225.188.235-9618&alias=lpcschedd3.fnal.gov&noUDP&sock=schedd_2706_ab5d>
...
040 (73443553.000.000) 2021-09-24 12:15:40 Started transferring input files
	Transferring to host: <131.225.191.175:9618?addrs=131.225.191.175-9618&alias=cmswn1915.fnal.gov&noUDP&sock=slot1_2_1240_712c_3547>
...
040 (73443553.000.000) 2021-09-24 12:15:40 Finished transferring input files
...
001 (73443553.000.000) 2021-09-24 12:15:41 Job executing on host: <131.225.191.175:9618?addrs=131.225.191.175-9618&alias=cmswn1915.fnal.gov&noUDP&sock=startd_1150_6200>
...
006 (73443553.000.000) 2021-09-24 12:15:50 Image size of job updated: 14
	14  -  MemoryUsage of job (MB)
	15088  -  ResidentSetSize of job (KB)
...
006 (73443553.000.000) 2021-09-24 12:16:50 Image size of job updated: 566
	566  -  MemoryUsage of job (MB)
	579908  -  ResidentSetSize of job (KB)
...
006 (73443553.000.000) 2021-09-24 12:17:50 Image size of job updated: 566
	566  -  MemoryUsage of job (MB)
	580480  -  ResidentSetSize of job (KB)
...
006 (73443553.000.000) 2021-09-24 12:18:51 Image size of job updated: 567
	567  -  MemoryUsage of job (MB)
	580736  -  ResidentSetSize of job (KB)
...
006 (73443553.000.000) 2021-09-24 12:19:51 Image size of job updated: 576
	576  -  MemoryUsage of job (MB)
	590268  -  ResidentSetSize of job (KB)
...
006 (73443553.000.000) 2021-09-24 12:20:51 Image size of job updated: 579
	579  -  MemoryUsage of job (MB)
	593412  -  ResidentSetSize of job (KB)
...
006 (73443553.000.000) 2021-09-24 12:21:52 Image size of job updated: 586
	586  -  MemoryUsage of job (MB)
	600448  -  ResidentSetSize of job (KB)
...
006 (73443553.000.000) 2021-09-24 12:22:52 Image size of job updated: 592
	592  -  MemoryUsage of job (MB)
	606304  -  ResidentSetSize of job (KB)
...
040 (73443553.000.000) 2021-09-24 12:22:56 Started transferring output files
...
040 (73443553.000.000) 2021-09-24 12:22:56 Finished transferring output files
...
005 (73443553.000.000) 2021-09-24 12:22:59 Job terminated.
	(1) Normal termination (return value 0)
		Usr 0 00:03:25, Sys 0 00:00:53  -  Run Remote Usage
		Usr 0 00:00:00, Sys 0 00:00:00  -  Run Local Usage
		Usr 0 00:03:25, Sys 0 00:00:53  -  Total Remote Usage
		Usr 0 00:00:00, Sys 0 00:00:00  -  Total Local Usage
	6066  -  Run Bytes Sent By Job
	2923648  -  Run Bytes Received By Job
	6066  -  Total Bytes Sent By Job
	2923648  -  Total Bytes Received By Job
	Partitionable Resources :     Usage  Request Allocated 
	   Cpus                 :      0.00        1         1 
	   Disk (KB)            : 603008        3000    314011 
	   Memory (MB)          :    592        3072      3072 

	Job terminated of its own accord at 2021-09-24T17:22:56Z.
...
000 (14730115.000.000) 2021-09-24 14:21:18 Job submitted from host: <131.225.188.55:9618?addrs=131.225.188.55-9618&alias=lpcschedd1.fnal.gov&noUDP&sock=schedd_2070_6d22>
...
040 (14730115.000.000) 2021-09-24 14:44:03 Started transferring input files
	Transferring to host: <131.225.191.254:9618?addrs=131.225.191.254-9618&alias=cmswn2005.fnal.gov&noUDP&sock=slot1_8_1512_1737_3355>
...
040 (14730115.000.000) 2021-09-24 14:44:03 Finished transferring input files
...
001 (14730115.000.000) 2021-09-24 14:44:04 Job executing on host: <131.225.191.254:9618?addrs=131.225.191.254-9618&alias=cmswn2005.fnal.gov&noUDP&sock=startd_1416_d631>
...
006 (14730115.000.000) 2021-09-24 14:44:13 Image size of job updated: 29
	29  -  MemoryUsage of job (MB)
	29824  -  ResidentSetSize of job (KB)
...
006 (14730115.000.000) 2021-09-24 14:45:13 Image size of job updated: 566
	566  -  MemoryUsage of job (MB)
	580148  -  ResidentSetSize of job (KB)
...
006 (14730115.000.000) 2021-09-24 14:46:14 Image size of job updated: 566
	566  -  MemoryUsage of job (MB)
	580568  -  ResidentSetSize of job (KB)
...
006 (14730115.000.000) 2021-09-24 14:47:14 Image size of job updated: 567
	567  -  MemoryUsage of job (MB)
	580632  -  ResidentSetSize of job (KB)
...
006 (14730115.000.000) 2021-09-24 14:48:15 Image size of job updated: 576
	576  -  MemoryUsage of job (MB)
	590032  -  ResidentSetSize of job (KB)
...
006 (14730115.000.000) 2021-09-24 14:49:15 Image size of job updated: 576
	576  -  MemoryUsage of job (MB)
	590764  -  ResidentSetSize of job (KB)
...
006 (14730115.000.000) 2021-09-24 14:50:16 Image size of job updated: 581
	581  -  MemoryUsage of job (MB)
	595400  -  ResidentSetSize of job (KB)
...
006 (14730115.000.000) 2021-09-24 14:51:16 Image size of job updated: 586
	586  -  MemoryUsage of job (MB)
	600464  -  ResidentSetSize of job (KB)
...
006 (14730115.000.000) 2021-09-24 14:52:19 Image size of job updated: 591
	591  -  MemoryUsage of job (MB)
	605888  -  ResidentSetSize of job (KB)
...
040 (14730115.000.000) 2021-09-24 14:52:34 Started transferring output files
...
040 (14730115.000.000) 2021-09-24 14:52:34 Finished transferring output files
...
005 (14730115.000.000) 2021-09-24 14:52:36 Job terminated.
	(1) Normal termination (return value 0)
		Usr 0 00:00:00, Sys 0 00:00:00  -  Run Remote Usage
		Usr 0 00:00:00, Sys 0 00:00:00  -  Run Local Usage
		Usr 0 00:04:18, Sys 0 00:01:29  -  Total Remote Usage
		Usr 0 00:00:00, Sys 0 00:00:00  -  Total Local Usage
	6087  -  Run Bytes Sent By Job
	2923650  -  Run Bytes Received By Job
	6087  -  Total Bytes Sent By Job
	2923650  -  Total Bytes Received By Job
	Partitionable Resources :     Usage  Request Allocated 
	   Cpus                 :      0.01        1         1 
	   Disk (KB)            : 600207        3000    762038 
	   Memory (MB)          :    591        3072      3072 

	Job terminated of its own accord at 2021-09-24T19:52:34Z.
...
