000 (14728765.000.000) 2021-09-24 12:06:25 Job submitted from host: <131.225.188.55:9618?addrs=131.225.188.55-9618&alias=lpcschedd1.fnal.gov&noUDP&sock=schedd_2070_6d22>
...
040 (14728765.000.000) 2021-09-24 12:13:35 Started transferring input files
	Transferring to host: <131.225.206.155:9618?addrs=131.225.206.155-9618&alias=cmswn1782.fnal.gov&noUDP&sock=slot1_7_1229_b10b_5592>
...
040 (14728765.000.000) 2021-09-24 12:13:36 Finished transferring input files
...
001 (14728765.000.000) 2021-09-24 12:13:37 Job executing on host: <131.225.206.155:9618?addrs=131.225.206.155-9618&alias=cmswn1782.fnal.gov&noUDP&sock=startd_1145_f407>
...
006 (14728765.000.000) 2021-09-24 12:13:45 Image size of job updated: 43
	43  -  MemoryUsage of job (MB)
	44668  -  ResidentSetSize of job (KB)
...
006 (14728765.000.000) 2021-09-24 12:14:46 Image size of job updated: 497
	497  -  MemoryUsage of job (MB)
	509556  -  ResidentSetSize of job (KB)
...
006 (14728765.000.000) 2021-09-24 12:15:46 Image size of job updated: 497
	497  -  MemoryUsage of job (MB)
	509736  -  ResidentSetSize of job (KB)
...
006 (14728765.000.000) 2021-09-24 12:16:46 Image size of job updated: 506
	506  -  MemoryUsage of job (MB)
	519108  -  ResidentSetSize of job (KB)
...
006 (14728765.000.000) 2021-09-24 12:17:47 Image size of job updated: 509
	509  -  MemoryUsage of job (MB)
	521508  -  ResidentSetSize of job (KB)
...
006 (14728765.000.000) 2021-09-24 12:18:47 Image size of job updated: 515
	515  -  MemoryUsage of job (MB)
	527720  -  ResidentSetSize of job (KB)
...
006 (14728765.000.000) 2021-09-24 12:19:48 Image size of job updated: 520
	520  -  MemoryUsage of job (MB)
	532772  -  ResidentSetSize of job (KB)
...
040 (14728765.000.000) 2021-09-24 12:19:48 Started transferring output files
...
040 (14728765.000.000) 2021-09-24 12:19:48 Finished transferring output files
...
005 (14728765.000.000) 2021-09-24 12:19:50 Job terminated.
	(1) Normal termination (return value 0)
		Usr 0 00:00:00, Sys 0 00:00:00  -  Run Remote Usage
		Usr 0 00:00:00, Sys 0 00:00:00  -  Run Local Usage
		Usr 0 00:02:46, Sys 0 00:00:38  -  Total Remote Usage
		Usr 0 00:00:00, Sys 0 00:00:00  -  Total Local Usage
	5344  -  Run Bytes Sent By Job
	2923648  -  Run Bytes Received By Job
	5344  -  Total Bytes Sent By Job
	2923648  -  Total Bytes Received By Job
	Partitionable Resources :    Usage  Request Allocated 
	   Cpus                 :        0        1         1 
	   Disk (KB)            :   495798     3000    313045 
	   Memory (MB)          :      520     3072      3072 

	Job terminated of its own accord at 2021-09-24T17:19:48Z.
...
000 (14730112.000.000) 2021-09-24 14:21:16 Job submitted from host: <131.225.188.55:9618?addrs=131.225.188.55-9618&alias=lpcschedd1.fnal.gov&noUDP&sock=schedd_2070_6d22>
...
040 (14730112.000.000) 2021-09-24 14:43:53 Started transferring input files
	Transferring to host: <131.225.205.203:9618?addrs=131.225.205.203-9618&alias=cmswn1976.fnal.gov&noUDP&sock=slot1_23_1593_299a_5012>
...
040 (14730112.000.000) 2021-09-24 14:43:53 Finished transferring input files
...
001 (14730112.000.000) 2021-09-24 14:43:54 Job executing on host: <131.225.205.203:9618?addrs=131.225.205.203-9618&alias=cmswn1976.fnal.gov&noUDP&sock=startd_1451_d802>
...
006 (14730112.000.000) 2021-09-24 14:44:02 Image size of job updated: 29
	29  -  MemoryUsage of job (MB)
	30648  -  ResidentSetSize of job (KB)
...
006 (14730112.000.000) 2021-09-24 14:45:02 Image size of job updated: 501
	501  -  MemoryUsage of job (MB)
	513832  -  ResidentSetSize of job (KB)
...
006 (14730112.000.000) 2021-09-24 14:46:03 Image size of job updated: 501
	501  -  MemoryUsage of job (MB)
	513952  -  ResidentSetSize of job (KB)
...
006 (14730112.000.000) 2021-09-24 14:47:04 Image size of job updated: 501
	501  -  MemoryUsage of job (MB)
	514044  -  ResidentSetSize of job (KB)
...
006 (14730112.000.000) 2021-09-24 14:48:04 Image size of job updated: 511
	511  -  MemoryUsage of job (MB)
	523628  -  ResidentSetSize of job (KB)
...
006 (14730112.000.000) 2021-09-24 14:49:05 Image size of job updated: 513
	513  -  MemoryUsage of job (MB)
	525496  -  ResidentSetSize of job (KB)
...
006 (14730112.000.000) 2021-09-24 14:50:06 Image size of job updated: 518
	518  -  MemoryUsage of job (MB)
	530896  -  ResidentSetSize of job (KB)
...
006 (14730112.000.000) 2021-09-24 14:51:07 Image size of job updated: 523
	523  -  MemoryUsage of job (MB)
	535732  -  ResidentSetSize of job (KB)
...
006 (14730112.000.000) 2021-09-24 14:51:34 Image size of job updated: 524
	524  -  MemoryUsage of job (MB)
	536876  -  ResidentSetSize of job (KB)
...
040 (14730112.000.000) 2021-09-24 14:51:34 Started transferring output files
...
040 (14730112.000.000) 2021-09-24 14:51:34 Finished transferring output files
...
005 (14730112.000.000) 2021-09-24 14:51:36 Job terminated.
	(1) Normal termination (return value 0)
		Usr 0 00:04:22, Sys 0 00:01:11  -  Run Remote Usage
		Usr 0 00:00:00, Sys 0 00:00:00  -  Run Local Usage
		Usr 0 00:04:22, Sys 0 00:01:11  -  Total Remote Usage
		Usr 0 00:00:00, Sys 0 00:00:00  -  Total Local Usage
	5443  -  Run Bytes Sent By Job
	2923650  -  Run Bytes Received By Job
	5443  -  Total Bytes Sent By Job
	2923650  -  Total Bytes Received By Job
	Partitionable Resources :    Usage  Request Allocated 
	   Cpus                 :        0        1         1 
	   Disk (KB)            :   513834     3000   1685022 
	   Memory (MB)          :      524     3072      3072 

	Job terminated of its own accord at 2021-09-24T19:51:34Z.
...
