000 (34669440.000.000) 2021-09-24 12:05:57 Job submitted from host: <131.225.188.57:9618?addrs=131.225.188.57-9618&alias=lpcschedd2.fnal.gov&noUDP&sock=schedd_2251_93c6>
...
040 (34669440.000.000) 2021-09-24 12:29:10 Started transferring input files
	Transferring to host: <131.225.205.200:9618?addrs=131.225.205.200-9618&alias=cmswn1974.fnal.gov&noUDP&sock=slot1_22_1555_6358_4470>
...
040 (34669440.000.000) 2021-09-24 12:29:10 Finished transferring input files
...
001 (34669440.000.000) 2021-09-24 12:29:11 Job executing on host: <131.225.205.200:9618?addrs=131.225.205.200-9618&alias=cmswn1974.fnal.gov&noUDP&sock=startd_1436_8e16>
...
006 (34669440.000.000) 2021-09-24 12:29:20 Image size of job updated: 3
	3  -  MemoryUsage of job (MB)
	3432  -  ResidentSetSize of job (KB)
...
006 (34669440.000.000) 2021-09-24 12:30:21 Image size of job updated: 204
	204  -  MemoryUsage of job (MB)
	209528  -  ResidentSetSize of job (KB)
...
006 (34669440.000.000) 2021-09-24 12:31:23 Image size of job updated: 357
	357  -  MemoryUsage of job (MB)
	366496  -  ResidentSetSize of job (KB)
...
006 (34669440.000.000) 2021-09-24 12:32:23 Image size of job updated: 359
	359  -  MemoryUsage of job (MB)
	368428  -  ResidentSetSize of job (KB)
...
006 (34669440.000.000) 2021-09-24 12:33:23 Image size of job updated: 367
	367  -  MemoryUsage of job (MB)
	376260  -  ResidentSetSize of job (KB)
...
006 (34669440.000.000) 2021-09-24 12:34:23 Image size of job updated: 367
	367  -  MemoryUsage of job (MB)
	376604  -  ResidentSetSize of job (KB)
...
006 (34669440.000.000) 2021-09-24 12:35:09 Image size of job updated: 423
	423  -  MemoryUsage of job (MB)
	433816  -  ResidentSetSize of job (KB)
...
040 (34669440.000.000) 2021-09-24 12:35:10 Started transferring output files
...
040 (34669440.000.000) 2021-09-24 12:35:10 Finished transferring output files
...
005 (34669440.000.000) 2021-09-24 12:35:12 Job terminated.
	(1) Normal termination (return value 0)
		Usr 0 00:00:00, Sys 0 00:00:00  -  Run Remote Usage
		Usr 0 00:00:00, Sys 0 00:00:00  -  Run Local Usage
		Usr 0 00:01:36, Sys 0 00:01:05  -  Total Remote Usage
		Usr 0 00:00:00, Sys 0 00:00:00  -  Total Local Usage
	11381  -  Run Bytes Sent By Job
	2923648  -  Run Bytes Received By Job
	11381  -  Total Bytes Sent By Job
	2923648  -  Total Bytes Received By Job
	Partitionable Resources :     Usage  Request Allocated 
	   Cpus                 :      0.00        1         1 
	   Disk (KB)            : 122274        3000   1682506 
	   Memory (MB)          :    423        3072      3072 

	Job terminated of its own accord at 2021-09-24T17:35:09Z.
...
000 (14730086.000.000) 2021-09-24 14:20:57 Job submitted from host: <131.225.188.55:9618?addrs=131.225.188.55-9618&alias=lpcschedd1.fnal.gov&noUDP&sock=schedd_2070_6d22>
...
040 (14730086.000.000) 2021-09-24 14:40:49 Started transferring input files
	Transferring to host: <131.225.188.22:9618?addrs=131.225.188.22-9618&alias=cmswn2024.fnal.gov&noUDP&sock=slot1_4_1990_e28a_6550>
...
040 (14730086.000.000) 2021-09-24 14:40:49 Finished transferring input files
...
001 (14730086.000.000) 2021-09-24 14:40:50 Job executing on host: <131.225.188.22:9618?addrs=131.225.188.22-9618&alias=cmswn2024.fnal.gov&noUDP&sock=startd_1902_3138>
...
006 (14730086.000.000) 2021-09-24 14:41:00 Image size of job updated: 29
	29  -  MemoryUsage of job (MB)
	30540  -  ResidentSetSize of job (KB)
...
006 (14730086.000.000) 2021-09-24 14:42:00 Image size of job updated: 298
	298  -  MemoryUsage of job (MB)
	305556  -  ResidentSetSize of job (KB)
...
006 (14730086.000.000) 2021-09-24 14:43:01 Image size of job updated: 364
	364  -  MemoryUsage of job (MB)
	372740  -  ResidentSetSize of job (KB)
...
006 (14730086.000.000) 2021-09-24 14:44:01 Image size of job updated: 364
	364  -  MemoryUsage of job (MB)
	372980  -  ResidentSetSize of job (KB)
...
006 (14730086.000.000) 2021-09-24 14:45:02 Image size of job updated: 371
	371  -  MemoryUsage of job (MB)
	380380  -  ResidentSetSize of job (KB)
...
006 (14730086.000.000) 2021-09-24 14:46:02 Image size of job updated: 372
	372  -  MemoryUsage of job (MB)
	381160  -  ResidentSetSize of job (KB)
...
006 (14730086.000.000) 2021-09-24 14:47:03 Image size of job updated: 372
	372  -  MemoryUsage of job (MB)
	381416  -  ResidentSetSize of job (KB)
...
006 (14730086.000.000) 2021-09-24 14:48:04 Image size of job updated: 372
	372  -  MemoryUsage of job (MB)
	381556  -  ResidentSetSize of job (KB)
...
006 (14730086.000.000) 2021-09-24 14:48:17 Image size of job updated: 372
	372  -  MemoryUsage of job (MB)
	381564  -  ResidentSetSize of job (KB)
...
040 (14730086.000.000) 2021-09-24 14:48:17 Started transferring output files
...
040 (14730086.000.000) 2021-09-24 14:48:17 Finished transferring output files
...
005 (14730086.000.000) 2021-09-24 14:48:19 Job terminated.
	(1) Normal termination (return value 0)
		Usr 0 00:02:17, Sys 0 00:02:46  -  Run Remote Usage
		Usr 0 00:00:00, Sys 0 00:00:00  -  Run Local Usage
		Usr 0 00:02:17, Sys 0 00:02:46  -  Total Remote Usage
		Usr 0 00:00:00, Sys 0 00:00:00  -  Total Local Usage
	2354  -  Run Bytes Sent By Job
	2923650  -  Run Bytes Received By Job
	2354  -  Total Bytes Sent By Job
	2923650  -  Total Bytes Received By Job
	Partitionable Resources :     Usage  Request Allocated 
	   Cpus                 :      0.00        1         1 
	   Disk (KB)            : 117345        3000   1637439 
	   Memory (MB)          :    372        3072      3072 

	Job terminated of its own accord at 2021-09-24T19:48:17Z.
...
