000 (73340389.000.000) 2021-09-16 05:43:31 Job submitted from host: <131.225.188.235:9618?addrs=131.225.188.235-9618&alias=lpcschedd3.fnal.gov&noUDP&sock=schedd_2706_ab5d>
...
040 (73340389.000.000) 2021-09-16 05:44:24 Started transferring input files
	Transferring to host: <131.225.188.36:9618?addrs=131.225.188.36-9618&alias=cmswn2027.fnal.gov&noUDP&sock=slot1_24_57118_8c4c_7951>
...
040 (73340389.000.000) 2021-09-16 05:44:24 Finished transferring input files
...
001 (73340389.000.000) 2021-09-16 05:44:25 Job executing on host: <131.225.188.36:9618?addrs=131.225.188.36-9618&alias=cmswn2027.fnal.gov&noUDP&sock=startd_1904_9069>
...
006 (73340389.000.000) 2021-09-16 05:44:33 Image size of job updated: 8
	8  -  MemoryUsage of job (MB)
	9208  -  ResidentSetSize of job (KB)
...
006 (73340389.000.000) 2021-09-16 05:45:33 Image size of job updated: 419
	419  -  MemoryUsage of job (MB)
	429684  -  ResidentSetSize of job (KB)
...
006 (73340389.000.000) 2021-09-16 05:46:34 Image size of job updated: 536
	536  -  MemoryUsage of job (MB)
	549832  -  ResidentSetSize of job (KB)
...
006 (73340389.000.000) 2021-09-16 05:50:37 Image size of job updated: 569
	569  -  MemoryUsage of job (MB)
	583392  -  ResidentSetSize of job (KB)
...
006 (73340389.000.000) 2021-09-16 05:51:37 Image size of job updated: 616
	616  -  MemoryUsage of job (MB)
	631656  -  ResidentSetSize of job (KB)
...
006 (73340389.000.000) 2021-09-16 05:52:38 Image size of job updated: 655
	655  -  MemoryUsage of job (MB)
	670908  -  ResidentSetSize of job (KB)
...
006 (73340389.000.000) 2021-09-16 05:53:39 Image size of job updated: 695
	695  -  MemoryUsage of job (MB)
	712152  -  ResidentSetSize of job (KB)
...
006 (73340389.000.000) 2021-09-16 05:54:39 Image size of job updated: 728
	728  -  MemoryUsage of job (MB)
	745988  -  ResidentSetSize of job (KB)
...
006 (73340389.000.000) 2021-09-16 05:55:39 Image size of job updated: 760
	760  -  MemoryUsage of job (MB)
	778608  -  ResidentSetSize of job (KB)
...
006 (73340389.000.000) 2021-09-16 05:56:40 Image size of job updated: 794
	794  -  MemoryUsage of job (MB)
	813124  -  ResidentSetSize of job (KB)
...
006 (73340389.000.000) 2021-09-16 05:57:40 Image size of job updated: 823
	823  -  MemoryUsage of job (MB)
	843272  -  ResidentSetSize of job (KB)
...
006 (73340389.000.000) 2021-09-16 05:58:40 Image size of job updated: 853
	853  -  MemoryUsage of job (MB)
	873540  -  ResidentSetSize of job (KB)
...
006 (73340389.000.000) 2021-09-16 05:59:41 Image size of job updated: 879
	879  -  MemoryUsage of job (MB)
	900904  -  ResidentSetSize of job (KB)
...
006 (73340389.000.000) 2021-09-16 06:00:41 Image size of job updated: 921
	921  -  MemoryUsage of job (MB)
	943112  -  ResidentSetSize of job (KB)
...
006 (73340389.000.000) 2021-09-16 06:01:41 Image size of job updated: 946
	946  -  MemoryUsage of job (MB)
	969168  -  ResidentSetSize of job (KB)
...
006 (73340389.000.000) 2021-09-16 06:02:42 Image size of job updated: 971
	971  -  MemoryUsage of job (MB)
	994512  -  ResidentSetSize of job (KB)
...
006 (73340389.000.000) 2021-09-16 06:03:43 Image size of job updated: 997
	997  -  MemoryUsage of job (MB)
	1021136  -  ResidentSetSize of job (KB)
...
006 (73340389.000.000) 2021-09-16 06:04:43 Image size of job updated: 1022
	1022  -  MemoryUsage of job (MB)
	1046600  -  ResidentSetSize of job (KB)
...
006 (73340389.000.000) 2021-09-16 06:05:43 Image size of job updated: 1048
	1048  -  MemoryUsage of job (MB)
	1073596  -  ResidentSetSize of job (KB)
...
006 (73340389.000.000) 2021-09-16 06:06:44 Image size of job updated: 1081
	1081  -  MemoryUsage of job (MB)
	1107324  -  ResidentSetSize of job (KB)
...
006 (73340389.000.000) 2021-09-16 06:07:45 Image size of job updated: 1102
	1102  -  MemoryUsage of job (MB)
	1129080  -  ResidentSetSize of job (KB)
...
006 (73340389.000.000) 2021-09-16 06:08:45 Image size of job updated: 1123
	1123  -  MemoryUsage of job (MB)
	1150380  -  ResidentSetSize of job (KB)
...
006 (73340389.000.000) 2021-09-16 06:09:46 Image size of job updated: 1146
	1146  -  MemoryUsage of job (MB)
	1173808  -  ResidentSetSize of job (KB)
...
006 (73340389.000.000) 2021-09-16 06:10:47 Image size of job updated: 1166
	1166  -  MemoryUsage of job (MB)
	1195000  -  ResidentSetSize of job (KB)
...
006 (73340389.000.000) 2021-09-16 06:11:47 Image size of job updated: 1186
	1186  -  MemoryUsage of job (MB)
	1214708  -  ResidentSetSize of job (KB)
...
006 (73340389.000.000) 2021-09-16 06:12:47 Image size of job updated: 1207
	1207  -  MemoryUsage of job (MB)
	1236572  -  ResidentSetSize of job (KB)
...
006 (73340389.000.000) 2021-09-16 06:13:47 Image size of job updated: 1226
	1226  -  MemoryUsage of job (MB)
	1255832  -  ResidentSetSize of job (KB)
...
006 (73340389.000.000) 2021-09-16 06:14:48 Image size of job updated: 1244
	1244  -  MemoryUsage of job (MB)
	1274780  -  ResidentSetSize of job (KB)
...
006 (73340389.000.000) 2021-09-16 06:15:49 Image size of job updated: 1265
	1265  -  MemoryUsage of job (MB)
	1295532  -  ResidentSetSize of job (KB)
...
006 (73340389.000.000) 2021-09-16 06:16:49 Image size of job updated: 1283
	1283  -  MemoryUsage of job (MB)
	1313828  -  ResidentSetSize of job (KB)
...
006 (73340389.000.000) 2021-09-16 06:17:50 Image size of job updated: 1300
	1300  -  MemoryUsage of job (MB)
	1331828  -  ResidentSetSize of job (KB)
...
006 (73340389.000.000) 2021-09-16 06:18:51 Image size of job updated: 1319
	1319  -  MemoryUsage of job (MB)
	1351552  -  ResidentSetSize of job (KB)
...
006 (73340389.000.000) 2021-09-16 06:19:51 Image size of job updated: 1336
	1336  -  MemoryUsage of job (MB)
	1368956  -  ResidentSetSize of job (KB)
...
006 (73340389.000.000) 2021-09-16 06:20:52 Image size of job updated: 1353
	1353  -  MemoryUsage of job (MB)
	1386184  -  ResidentSetSize of job (KB)
...
006 (73340389.000.000) 2021-09-16 06:21:53 Image size of job updated: 1372
	1372  -  MemoryUsage of job (MB)
	1405028  -  ResidentSetSize of job (KB)
...
006 (73340389.000.000) 2021-09-16 06:22:53 Image size of job updated: 1388
	1388  -  MemoryUsage of job (MB)
	1421720  -  ResidentSetSize of job (KB)
...
006 (73340389.000.000) 2021-09-16 06:23:54 Image size of job updated: 1404
	1404  -  MemoryUsage of job (MB)
	1438184  -  ResidentSetSize of job (KB)
...
006 (73340389.000.000) 2021-09-16 06:24:55 Image size of job updated: 1422
	1422  -  MemoryUsage of job (MB)
	1456192  -  ResidentSetSize of job (KB)
...
006 (73340389.000.000) 2021-09-16 06:25:56 Image size of job updated: 1437
	1437  -  MemoryUsage of job (MB)
	1472196  -  ResidentSetSize of job (KB)
...
006 (73340389.000.000) 2021-09-16 06:26:57 Image size of job updated: 1455
	1455  -  MemoryUsage of job (MB)
	1490036  -  ResidentSetSize of job (KB)
...
006 (73340389.000.000) 2021-09-16 06:27:58 Image size of job updated: 1470
	1470  -  MemoryUsage of job (MB)
	1505488  -  ResidentSetSize of job (KB)
...
006 (73340389.000.000) 2021-09-16 06:28:58 Image size of job updated: 1485
	1485  -  MemoryUsage of job (MB)
	1520740  -  ResidentSetSize of job (KB)
...
006 (73340389.000.000) 2021-09-16 06:29:58 Image size of job updated: 1501
	1501  -  MemoryUsage of job (MB)
	1537796  -  ResidentSetSize of job (KB)
...
006 (73340389.000.000) 2021-09-16 06:30:59 Image size of job updated: 1516
	1516  -  MemoryUsage of job (MB)
	1552996  -  ResidentSetSize of job (KB)
...
006 (73340389.000.000) 2021-09-16 06:31:59 Image size of job updated: 1531
	1531  -  MemoryUsage of job (MB)
	1568048  -  ResidentSetSize of job (KB)
...
006 (73340389.000.000) 2021-09-16 06:33:00 Image size of job updated: 1625
	1625  -  MemoryUsage of job (MB)
	1664836  -  ResidentSetSize of job (KB)
...
006 (73340389.000.000) 2021-09-16 06:34:00 Image size of job updated: 1672
	1672  -  MemoryUsage of job (MB)
	1712652  -  ResidentSetSize of job (KB)
...
006 (73340389.000.000) 2021-09-16 06:35:00 Image size of job updated: 1682
	1682  -  MemoryUsage of job (MB)
	1723108  -  ResidentSetSize of job (KB)
...
006 (73340389.000.000) 2021-09-16 06:36:01 Image size of job updated: 1693
	1693  -  MemoryUsage of job (MB)
	1734080  -  ResidentSetSize of job (KB)
...
006 (73340389.000.000) 2021-09-16 06:37:01 Image size of job updated: 1697
	1697  -  MemoryUsage of job (MB)
	1738452  -  ResidentSetSize of job (KB)
...
006 (73340389.000.000) 2021-09-16 06:38:01 Image size of job updated: 1701
	1701  -  MemoryUsage of job (MB)
	1742288  -  ResidentSetSize of job (KB)
...
006 (73340389.000.000) 2021-09-16 06:39:02 Image size of job updated: 1705
	1705  -  MemoryUsage of job (MB)
	1746632  -  ResidentSetSize of job (KB)
...
006 (73340389.000.000) 2021-09-16 06:40:02 Image size of job updated: 1708
	1708  -  MemoryUsage of job (MB)
	1749292  -  ResidentSetSize of job (KB)
...
006 (73340389.000.000) 2021-09-16 06:41:02 Image size of job updated: 1710
	1710  -  MemoryUsage of job (MB)
	1751300  -  ResidentSetSize of job (KB)
...
006 (73340389.000.000) 2021-09-16 06:42:03 Image size of job updated: 1711
	1711  -  MemoryUsage of job (MB)
	1752784  -  ResidentSetSize of job (KB)
...
006 (73340389.000.000) 2021-09-16 06:43:03 Image size of job updated: 1713
	1713  -  MemoryUsage of job (MB)
	1754184  -  ResidentSetSize of job (KB)
...
006 (73340389.000.000) 2021-09-16 06:44:03 Image size of job updated: 1714
	1714  -  MemoryUsage of job (MB)
	1755400  -  ResidentSetSize of job (KB)
...
006 (73340389.000.000) 2021-09-16 06:45:04 Image size of job updated: 1715
	1715  -  MemoryUsage of job (MB)
	1756816  -  ResidentSetSize of job (KB)
...
006 (73340389.000.000) 2021-09-16 06:46:04 Image size of job updated: 1716
	1716  -  MemoryUsage of job (MB)
	1758140  -  ResidentSetSize of job (KB)
...
006 (73340389.000.000) 2021-09-16 06:47:05 Image size of job updated: 1718
	1718  -  MemoryUsage of job (MB)
	1760208  -  ResidentSetSize of job (KB)
...
006 (73340389.000.000) 2021-09-16 06:48:06 Image size of job updated: 1719
	1719  -  MemoryUsage of job (MB)
	1761084  -  ResidentSetSize of job (KB)
...
006 (73340389.000.000) 2021-09-16 06:49:06 Image size of job updated: 1721
	1721  -  MemoryUsage of job (MB)
	1762424  -  ResidentSetSize of job (KB)
...
006 (73340389.000.000) 2021-09-16 06:50:07 Image size of job updated: 1721
	1721  -  MemoryUsage of job (MB)
	1763108  -  ResidentSetSize of job (KB)
...
006 (73340389.000.000) 2021-09-16 06:51:09 Image size of job updated: 1723
	1723  -  MemoryUsage of job (MB)
	1764608  -  ResidentSetSize of job (KB)
...
006 (73340389.000.000) 2021-09-16 06:52:09 Image size of job updated: 1723
	1723  -  MemoryUsage of job (MB)
	1765268  -  ResidentSetSize of job (KB)
...
006 (73340389.000.000) 2021-09-16 06:53:09 Image size of job updated: 1724
	1724  -  MemoryUsage of job (MB)
	1765928  -  ResidentSetSize of job (KB)
...
006 (73340389.000.000) 2021-09-16 06:54:10 Image size of job updated: 1725
	1725  -  MemoryUsage of job (MB)
	1766612  -  ResidentSetSize of job (KB)
...
006 (73340389.000.000) 2021-09-16 06:55:10 Image size of job updated: 1725
	1725  -  MemoryUsage of job (MB)
	1767292  -  ResidentSetSize of job (KB)
...
006 (73340389.000.000) 2021-09-16 06:56:11 Image size of job updated: 1726
	1726  -  MemoryUsage of job (MB)
	1768356  -  ResidentSetSize of job (KB)
...
006 (73340389.000.000) 2021-09-16 06:57:12 Image size of job updated: 1727
	1727  -  MemoryUsage of job (MB)
	1768708  -  ResidentSetSize of job (KB)
...
006 (73340389.000.000) 2021-09-16 06:58:12 Image size of job updated: 1727
	1727  -  MemoryUsage of job (MB)
	1769216  -  ResidentSetSize of job (KB)
...
006 (73340389.000.000) 2021-09-16 06:59:12 Image size of job updated: 1728
	1728  -  MemoryUsage of job (MB)
	1769520  -  ResidentSetSize of job (KB)
...
006 (73340389.000.000) 2021-09-16 07:00:13 Image size of job updated: 1728
	1728  -  MemoryUsage of job (MB)
	1770040  -  ResidentSetSize of job (KB)
...
006 (73340389.000.000) 2021-09-16 07:01:14 Image size of job updated: 1729
	1729  -  MemoryUsage of job (MB)
	1771104  -  ResidentSetSize of job (KB)
...
006 (73340389.000.000) 2021-09-16 07:02:15 Image size of job updated: 1730
	1730  -  MemoryUsage of job (MB)
	1772092  -  ResidentSetSize of job (KB)
...
006 (73340389.000.000) 2021-09-16 07:03:15 Image size of job updated: 1731
	1731  -  MemoryUsage of job (MB)
	1772612  -  ResidentSetSize of job (KB)
...
006 (73340389.000.000) 2021-09-16 07:04:16 Image size of job updated: 1731
	1731  -  MemoryUsage of job (MB)
	1773140  -  ResidentSetSize of job (KB)
...
006 (73340389.000.000) 2021-09-16 07:05:17 Image size of job updated: 1731
	1731  -  MemoryUsage of job (MB)
	1773512  -  ResidentSetSize of job (KB)
...
006 (73340389.000.000) 2021-09-16 07:06:18 Image size of job updated: 1732
	1732  -  MemoryUsage of job (MB)
	1774028  -  ResidentSetSize of job (KB)
...
006 (73340389.000.000) 2021-09-16 07:07:18 Image size of job updated: 1732
	1732  -  MemoryUsage of job (MB)
	1774536  -  ResidentSetSize of job (KB)
...
006 (73340389.000.000) 2021-09-16 07:08:18 Image size of job updated: 1733
	1733  -  MemoryUsage of job (MB)
	1775560  -  ResidentSetSize of job (KB)
...
006 (73340389.000.000) 2021-09-16 07:09:20 Image size of job updated: 1734
	1734  -  MemoryUsage of job (MB)
	1775992  -  ResidentSetSize of job (KB)
...
006 (73340389.000.000) 2021-09-16 07:10:20 Image size of job updated: 1734
	1734  -  MemoryUsage of job (MB)
	1776632  -  ResidentSetSize of job (KB)
...
006 (73340389.000.000) 2021-09-16 07:11:21 Image size of job updated: 1735
	1735  -  MemoryUsage of job (MB)
	1777048  -  ResidentSetSize of job (KB)
...
006 (73340389.000.000) 2021-09-16 07:12:21 Image size of job updated: 1735
	1735  -  MemoryUsage of job (MB)
	1777372  -  ResidentSetSize of job (KB)
...
006 (73340389.000.000) 2021-09-16 07:13:21 Image size of job updated: 1736
	1736  -  MemoryUsage of job (MB)
	1777704  -  ResidentSetSize of job (KB)
...
006 (73340389.000.000) 2021-09-16 07:14:22 Image size of job updated: 1736
	1736  -  MemoryUsage of job (MB)
	1778076  -  ResidentSetSize of job (KB)
...
006 (73340389.000.000) 2021-09-16 07:15:22 Image size of job updated: 1739
	1739  -  MemoryUsage of job (MB)
	1781244  -  ResidentSetSize of job (KB)
...
006 (73340389.000.000) 2021-09-16 07:16:23 Image size of job updated: 1739
	1739  -  MemoryUsage of job (MB)
	1781612  -  ResidentSetSize of job (KB)
...
006 (73340389.000.000) 2021-09-16 07:17:23 Image size of job updated: 1740
	1740  -  MemoryUsage of job (MB)
	1782072  -  ResidentSetSize of job (KB)
...
006 (73340389.000.000) 2021-09-16 07:18:24 Image size of job updated: 1740
	1740  -  MemoryUsage of job (MB)
	1782624  -  ResidentSetSize of job (KB)
...
006 (73340389.000.000) 2021-09-16 07:19:25 Image size of job updated: 1741
	1741  -  MemoryUsage of job (MB)
	1783300  -  ResidentSetSize of job (KB)
...
006 (73340389.000.000) 2021-09-16 07:20:25 Image size of job updated: 1742
	1742  -  MemoryUsage of job (MB)
	1783820  -  ResidentSetSize of job (KB)
...
006 (73340389.000.000) 2021-09-16 07:21:26 Image size of job updated: 1742
	1742  -  MemoryUsage of job (MB)
	1784044  -  ResidentSetSize of job (KB)
...
006 (73340389.000.000) 2021-09-16 07:22:26 Image size of job updated: 1742
	1742  -  MemoryUsage of job (MB)
	1784608  -  ResidentSetSize of job (KB)
...
006 (73340389.000.000) 2021-09-16 07:23:27 Image size of job updated: 1743
	1743  -  MemoryUsage of job (MB)
	1785160  -  ResidentSetSize of job (KB)
...
006 (73340389.000.000) 2021-09-16 07:24:28 Image size of job updated: 1743
	1743  -  MemoryUsage of job (MB)
	1785608  -  ResidentSetSize of job (KB)
...
006 (73340389.000.000) 2021-09-16 07:25:28 Image size of job updated: 1744
	1744  -  MemoryUsage of job (MB)
	1786164  -  ResidentSetSize of job (KB)
...
006 (73340389.000.000) 2021-09-16 07:26:29 Image size of job updated: 1744
	1744  -  MemoryUsage of job (MB)
	1786300  -  ResidentSetSize of job (KB)
...
006 (73340389.000.000) 2021-09-16 07:27:29 Image size of job updated: 1744
	1744  -  MemoryUsage of job (MB)
	1786876  -  ResidentSetSize of job (KB)
...
006 (73340389.000.000) 2021-09-16 07:28:29 Image size of job updated: 1745
	1745  -  MemoryUsage of job (MB)
	1787376  -  ResidentSetSize of job (KB)
...
006 (73340389.000.000) 2021-09-16 07:29:30 Image size of job updated: 1745
	1745  -  MemoryUsage of job (MB)
	1787816  -  ResidentSetSize of job (KB)
...
006 (73340389.000.000) 2021-09-16 07:30:30 Image size of job updated: 1746
	1746  -  MemoryUsage of job (MB)
	1788372  -  ResidentSetSize of job (KB)
...
006 (73340389.000.000) 2021-09-16 07:31:30 Image size of job updated: 1746
	1746  -  MemoryUsage of job (MB)
	1788528  -  ResidentSetSize of job (KB)
...
006 (73340389.000.000) 2021-09-16 07:32:30 Image size of job updated: 1747
	1747  -  MemoryUsage of job (MB)
	1789000  -  ResidentSetSize of job (KB)
...
006 (73340389.000.000) 2021-09-16 07:33:31 Image size of job updated: 1747
	1747  -  MemoryUsage of job (MB)
	1789580  -  ResidentSetSize of job (KB)
...
006 (73340389.000.000) 2021-09-16 07:34:31 Image size of job updated: 1748
	1748  -  MemoryUsage of job (MB)
	1790208  -  ResidentSetSize of job (KB)
...
006 (73340389.000.000) 2021-09-16 07:35:31 Image size of job updated: 1748
	1748  -  MemoryUsage of job (MB)
	1790384  -  ResidentSetSize of job (KB)
...
006 (73340389.000.000) 2021-09-16 07:36:32 Image size of job updated: 1748
	1748  -  MemoryUsage of job (MB)
	1790920  -  ResidentSetSize of job (KB)
...
006 (73340389.000.000) 2021-09-16 07:37:33 Image size of job updated: 1749
	1749  -  MemoryUsage of job (MB)
	1791472  -  ResidentSetSize of job (KB)
...
006 (73340389.000.000) 2021-09-16 07:38:33 Image size of job updated: 1749
	1749  -  MemoryUsage of job (MB)
	1791992  -  ResidentSetSize of job (KB)
...
006 (73340389.000.000) 2021-09-16 07:39:34 Image size of job updated: 1750
	1750  -  MemoryUsage of job (MB)
	1792412  -  ResidentSetSize of job (KB)
...
006 (73340389.000.000) 2021-09-16 07:40:34 Image size of job updated: 1750
	1750  -  MemoryUsage of job (MB)
	1792588  -  ResidentSetSize of job (KB)
...
006 (73340389.000.000) 2021-09-16 07:41:34 Image size of job updated: 1751
	1751  -  MemoryUsage of job (MB)
	1793072  -  ResidentSetSize of job (KB)
...
006 (73340389.000.000) 2021-09-16 07:42:34 Image size of job updated: 1751
	1751  -  MemoryUsage of job (MB)
	1793456  -  ResidentSetSize of job (KB)
...
006 (73340389.000.000) 2021-09-16 07:43:35 Image size of job updated: 1751
	1751  -  MemoryUsage of job (MB)
	1793844  -  ResidentSetSize of job (KB)
...
006 (73340389.000.000) 2021-09-16 07:44:35 Image size of job updated: 1752
	1752  -  MemoryUsage of job (MB)
	1794256  -  ResidentSetSize of job (KB)
...
006 (73340389.000.000) 2021-09-16 07:45:36 Image size of job updated: 1752
	1752  -  MemoryUsage of job (MB)
	1794584  -  ResidentSetSize of job (KB)
...
006 (73340389.000.000) 2021-09-16 07:46:37 Image size of job updated: 1752
	1752  -  MemoryUsage of job (MB)
	1794948  -  ResidentSetSize of job (KB)
...
006 (73340389.000.000) 2021-09-16 07:47:37 Image size of job updated: 1752
	1752  -  MemoryUsage of job (MB)
	1794956  -  ResidentSetSize of job (KB)
...
006 (73340389.000.000) 2021-09-16 07:48:37 Image size of job updated: 1753
	1753  -  MemoryUsage of job (MB)
	1795480  -  ResidentSetSize of job (KB)
...
006 (73340389.000.000) 2021-09-16 07:49:38 Image size of job updated: 1753
	1753  -  MemoryUsage of job (MB)
	1796040  -  ResidentSetSize of job (KB)
...
006 (73340389.000.000) 2021-09-16 07:50:39 Image size of job updated: 1754
	1754  -  MemoryUsage of job (MB)
	1796440  -  ResidentSetSize of job (KB)
...
006 (73340389.000.000) 2021-09-16 07:51:39 Image size of job updated: 1754
	1754  -  MemoryUsage of job (MB)
	1796592  -  ResidentSetSize of job (KB)
...
006 (73340389.000.000) 2021-09-16 07:52:39 Image size of job updated: 1754
	1754  -  MemoryUsage of job (MB)
	1796816  -  ResidentSetSize of job (KB)
...
006 (73340389.000.000) 2021-09-16 07:53:39 Image size of job updated: 1755
	1755  -  MemoryUsage of job (MB)
	1797312  -  ResidentSetSize of job (KB)
...
006 (73340389.000.000) 2021-09-16 07:54:40 Image size of job updated: 1755
	1755  -  MemoryUsage of job (MB)
	1797588  -  ResidentSetSize of job (KB)
...
040 (73340389.000.000) 2021-09-16 07:55:06 Started transferring output files
...
040 (73340389.000.000) 2021-09-16 07:55:07 Finished transferring output files
...
005 (73340389.000.000) 2021-09-16 07:55:08 Job terminated.
	(1) Normal termination (return value 0)
		Usr 0 01:01:45, Sys 0 01:02:48  -  Run Remote Usage
		Usr 0 00:00:00, Sys 0 00:00:00  -  Run Local Usage
		Usr 0 01:01:45, Sys 0 01:02:48  -  Total Remote Usage
		Usr 0 00:00:00, Sys 0 00:00:00  -  Total Local Usage
	1221119  -  Run Bytes Sent By Job
	8471562  -  Run Bytes Received By Job
	1221119  -  Total Bytes Sent By Job
	8471562  -  Total Bytes Received By Job
	Partitionable Resources :    Usage  Request Allocated 
	   Cpus                 :     0.00        1         1 
	   Disk (KB)            : 22223       10000   1642070 
	   Memory (MB)          :  1755        2048      2048 

	Job terminated of its own accord at 2021-09-16T12:55:06Z.
...
000 (34672252.000.000) 2021-09-24 22:28:38 Job submitted from host: <131.225.188.57:9618?addrs=131.225.188.57-9618&alias=lpcschedd2.fnal.gov&noUDP&sock=schedd_2251_93c6>
...
040 (34672252.000.000) 2021-09-24 23:03:16 Started transferring input files
	Transferring to host: <131.225.188.88:9618?addrs=131.225.188.88-9618&alias=cmswn2043.fnal.gov&noUDP&sock=slot1_36_2005_742b_3765>
...
040 (34672252.000.000) 2021-09-24 23:03:16 Finished transferring input files
...
001 (34672252.000.000) 2021-09-24 23:03:17 Job executing on host: <131.225.188.88:9618?addrs=131.225.188.88-9618&alias=cmswn2043.fnal.gov&noUDP&sock=startd_1908_4eca>
...
006 (34672252.000.000) 2021-09-24 23:04:27 Image size of job updated: 383
	383  -  MemoryUsage of job (MB)
	393000  -  ResidentSetSize of job (KB)
...
006 (34672252.000.000) 2021-09-24 23:05:28 Image size of job updated: 528
	528  -  MemoryUsage of job (MB)
	540780  -  ResidentSetSize of job (KB)
...
006 (34672252.000.000) 2021-09-24 23:09:29 Image size of job updated: 557
	557  -  MemoryUsage of job (MB)
	570496  -  ResidentSetSize of job (KB)
...
006 (34672252.000.000) 2021-09-24 23:10:29 Image size of job updated: 599
	599  -  MemoryUsage of job (MB)
	613824  -  ResidentSetSize of job (KB)
...
006 (34672252.000.000) 2021-09-24 23:11:30 Image size of job updated: 642
	642  -  MemoryUsage of job (MB)
	657968  -  ResidentSetSize of job (KB)
...
006 (34672252.000.000) 2021-09-24 23:12:30 Image size of job updated: 680
	680  -  MemoryUsage of job (MB)
	696924  -  ResidentSetSize of job (KB)
...
006 (34672252.000.000) 2021-09-24 23:13:30 Image size of job updated: 715
	715  -  MemoryUsage of job (MB)
	732724  -  ResidentSetSize of job (KB)
...
006 (34672252.000.000) 2021-09-24 23:14:31 Image size of job updated: 749
	749  -  MemoryUsage of job (MB)
	767000  -  ResidentSetSize of job (KB)
...
006 (34672252.000.000) 2021-09-24 23:15:31 Image size of job updated: 780
	780  -  MemoryUsage of job (MB)
	799472  -  ResidentSetSize of job (KB)
...
006 (34672252.000.000) 2021-09-24 23:16:32 Image size of job updated: 812
	812  -  MemoryUsage of job (MB)
	831584  -  ResidentSetSize of job (KB)
...
006 (34672252.000.000) 2021-09-24 23:17:33 Image size of job updated: 840
	840  -  MemoryUsage of job (MB)
	860484  -  ResidentSetSize of job (KB)
...
006 (34672252.000.000) 2021-09-24 23:18:33 Image size of job updated: 868
	868  -  MemoryUsage of job (MB)
	889540  -  ResidentSetSize of job (KB)
...
006 (34672252.000.000) 2021-09-24 23:19:33 Image size of job updated: 907
	907  -  MemoryUsage of job (MB)
	929764  -  ResidentSetSize of job (KB)
...
006 (34672252.000.000) 2021-09-24 23:20:34 Image size of job updated: 936
	936  -  MemoryUsage of job (MB)
	958728  -  ResidentSetSize of job (KB)
...
006 (34672252.000.000) 2021-09-24 23:21:36 Image size of job updated: 962
	962  -  MemoryUsage of job (MB)
	985540  -  ResidentSetSize of job (KB)
...
006 (34672252.000.000) 2021-09-24 23:22:37 Image size of job updated: 987
	987  -  MemoryUsage of job (MB)
	1010796  -  ResidentSetSize of job (KB)
...
006 (34672252.000.000) 2021-09-24 23:23:39 Image size of job updated: 1011
	1011  -  MemoryUsage of job (MB)
	1035852  -  ResidentSetSize of job (KB)
...
006 (34672252.000.000) 2021-09-24 23:24:39 Image size of job updated: 1036
	1036  -  MemoryUsage of job (MB)
	1061684  -  ResidentSetSize of job (KB)
...
006 (34672252.000.000) 2021-09-24 23:25:39 Image size of job updated: 1069
	1069  -  MemoryUsage of job (MB)
	1095512  -  ResidentSetSize of job (KB)
...
006 (34672252.000.000) 2021-09-24 23:26:39 Image size of job updated: 1091
	1091  -  MemoryUsage of job (MB)
	1117824  -  ResidentSetSize of job (KB)
...
006 (34672252.000.000) 2021-09-24 23:27:39 Image size of job updated: 1113
	1113  -  MemoryUsage of job (MB)
	1139852  -  ResidentSetSize of job (KB)
...
006 (34672252.000.000) 2021-09-24 23:28:39 Image size of job updated: 1134
	1134  -  MemoryUsage of job (MB)
	1161280  -  ResidentSetSize of job (KB)
...
006 (34672252.000.000) 2021-09-24 23:29:40 Image size of job updated: 1155
	1155  -  MemoryUsage of job (MB)
	1182996  -  ResidentSetSize of job (KB)
...
006 (34672252.000.000) 2021-09-24 23:30:40 Image size of job updated: 1173
	1173  -  MemoryUsage of job (MB)
	1201656  -  ResidentSetSize of job (KB)
...
006 (34672252.000.000) 2021-09-24 23:31:40 Image size of job updated: 1193
	1193  -  MemoryUsage of job (MB)
	1222316  -  ResidentSetSize of job (KB)
...
006 (34672252.000.000) 2021-09-24 23:32:40 Image size of job updated: 1213
	1213  -  MemoryUsage of job (MB)
	1242576  -  ResidentSetSize of job (KB)
...
006 (34672252.000.000) 2021-09-24 23:33:41 Image size of job updated: 1232
	1232  -  MemoryUsage of job (MB)
	1262316  -  ResidentSetSize of job (KB)
...
006 (34672252.000.000) 2021-09-24 23:34:41 Image size of job updated: 1249
	1249  -  MemoryUsage of job (MB)
	1279528  -  ResidentSetSize of job (KB)
...
006 (34672252.000.000) 2021-09-24 23:35:41 Image size of job updated: 1267
	1267  -  MemoryUsage of job (MB)
	1298392  -  ResidentSetSize of job (KB)
...
006 (34672252.000.000) 2021-09-24 23:36:42 Image size of job updated: 1286
	1286  -  MemoryUsage of job (MB)
	1317288  -  ResidentSetSize of job (KB)
...
006 (34672252.000.000) 2021-09-24 23:37:43 Image size of job updated: 1304
	1304  -  MemoryUsage of job (MB)
	1335636  -  ResidentSetSize of job (KB)
...
006 (34672252.000.000) 2021-09-24 23:38:44 Image size of job updated: 1322
	1322  -  MemoryUsage of job (MB)
	1353944  -  ResidentSetSize of job (KB)
...
006 (34672252.000.000) 2021-09-24 23:39:45 Image size of job updated: 1339
	1339  -  MemoryUsage of job (MB)
	1371900  -  ResidentSetSize of job (KB)
...
006 (34672252.000.000) 2021-09-24 23:40:45 Image size of job updated: 1355
	1355  -  MemoryUsage of job (MB)
	1388088  -  ResidentSetSize of job (KB)
...
006 (34672252.000.000) 2021-09-24 23:41:45 Image size of job updated: 1372
	1372  -  MemoryUsage of job (MB)
	1405304  -  ResidentSetSize of job (KB)
...
006 (34672252.000.000) 2021-09-24 23:42:45 Image size of job updated: 1388
	1388  -  MemoryUsage of job (MB)
	1422088  -  ResidentSetSize of job (KB)
...
006 (34672252.000.000) 2021-09-24 23:43:46 Image size of job updated: 1405
	1405  -  MemoryUsage of job (MB)
	1438812  -  ResidentSetSize of job (KB)
...
006 (34672252.000.000) 2021-09-24 23:44:47 Image size of job updated: 1421
	1421  -  MemoryUsage of job (MB)
	1455912  -  ResidentSetSize of job (KB)
...
006 (34672252.000.000) 2021-09-24 23:45:48 Image size of job updated: 1438
	1438  -  MemoryUsage of job (MB)
	1472584  -  ResidentSetSize of job (KB)
...
006 (34672252.000.000) 2021-09-24 23:46:49 Image size of job updated: 1453
	1453  -  MemoryUsage of job (MB)
	1488692  -  ResidentSetSize of job (KB)
...
006 (34672252.000.000) 2021-09-24 23:47:50 Image size of job updated: 1469
	1469  -  MemoryUsage of job (MB)
	1504608  -  ResidentSetSize of job (KB)
...
006 (34672252.000.000) 2021-09-24 23:48:51 Image size of job updated: 1484
	1484  -  MemoryUsage of job (MB)
	1520376  -  ResidentSetSize of job (KB)
...
006 (34672252.000.000) 2021-09-24 23:49:51 Image size of job updated: 1498
	1498  -  MemoryUsage of job (MB)
	1534404  -  ResidentSetSize of job (KB)
...
006 (34672252.000.000) 2021-09-24 23:50:51 Image size of job updated: 1513
	1513  -  MemoryUsage of job (MB)
	1549988  -  ResidentSetSize of job (KB)
...
006 (34672252.000.000) 2021-09-24 23:51:51 Image size of job updated: 1528
	1528  -  MemoryUsage of job (MB)
	1565360  -  ResidentSetSize of job (KB)
...
006 (34672252.000.000) 2021-09-24 23:52:52 Image size of job updated: 1547
	1547  -  MemoryUsage of job (MB)
	1584540  -  ResidentSetSize of job (KB)
...
006 (34672252.000.000) 2021-09-24 23:53:53 Image size of job updated: 1625
	1625  -  MemoryUsage of job (MB)
	1664816  -  ResidentSetSize of job (KB)
...
006 (34672252.000.000) 2021-09-24 23:54:54 Image size of job updated: 1655
	1655  -  MemoryUsage of job (MB)
	1695680  -  ResidentSetSize of job (KB)
...
006 (34672252.000.000) 2021-09-24 23:55:55 Image size of job updated: 1665
	1665  -  MemoryUsage of job (MB)
	1705908  -  ResidentSetSize of job (KB)
...
006 (34672252.000.000) 2021-09-24 23:56:55 Image size of job updated: 1668
	1668  -  MemoryUsage of job (MB)
	1708204  -  ResidentSetSize of job (KB)
...
006 (34672252.000.000) 2021-09-24 23:57:56 Image size of job updated: 1668
	1668  -  MemoryUsage of job (MB)
	1708808  -  ResidentSetSize of job (KB)
...
006 (34672252.000.000) 2021-09-24 23:58:57 Image size of job updated: 1670
	1670  -  MemoryUsage of job (MB)
	1710640  -  ResidentSetSize of job (KB)
...
006 (34672252.000.000) 2021-09-24 23:59:57 Image size of job updated: 1672
	1672  -  MemoryUsage of job (MB)
	1712736  -  ResidentSetSize of job (KB)
...
006 (34672252.000.000) 2021-09-25 00:00:58 Image size of job updated: 1674
	1674  -  MemoryUsage of job (MB)
	1714224  -  ResidentSetSize of job (KB)
...
006 (34672252.000.000) 2021-09-25 00:01:59 Image size of job updated: 1678
	1678  -  MemoryUsage of job (MB)
	1718576  -  ResidentSetSize of job (KB)
...
006 (34672252.000.000) 2021-09-25 00:03:00 Image size of job updated: 1681
	1681  -  MemoryUsage of job (MB)
	1721996  -  ResidentSetSize of job (KB)
...
006 (34672252.000.000) 2021-09-25 00:04:01 Image size of job updated: 1684
	1684  -  MemoryUsage of job (MB)
	1724592  -  ResidentSetSize of job (KB)
...
006 (34672252.000.000) 2021-09-25 00:05:02 Image size of job updated: 1684
	1684  -  MemoryUsage of job (MB)
	1725324  -  ResidentSetSize of job (KB)
...
006 (34672252.000.000) 2021-09-25 00:06:02 Image size of job updated: 1686
	1686  -  MemoryUsage of job (MB)
	1726732  -  ResidentSetSize of job (KB)
...
006 (34672252.000.000) 2021-09-25 00:07:03 Image size of job updated: 1688
	1688  -  MemoryUsage of job (MB)
	1728624  -  ResidentSetSize of job (KB)
...
006 (34672252.000.000) 2021-09-25 00:08:03 Image size of job updated: 1690
	1690  -  MemoryUsage of job (MB)
	1730760  -  ResidentSetSize of job (KB)
...
006 (34672252.000.000) 2021-09-25 00:09:04 Image size of job updated: 1692
	1692  -  MemoryUsage of job (MB)
	1732704  -  ResidentSetSize of job (KB)
...
006 (34672252.000.000) 2021-09-25 00:10:05 Image size of job updated: 1692
	1692  -  MemoryUsage of job (MB)
	1733580  -  ResidentSetSize of job (KB)
...
006 (34672252.000.000) 2021-09-25 00:11:06 Image size of job updated: 1694
	1694  -  MemoryUsage of job (MB)
	1735228  -  ResidentSetSize of job (KB)
...
006 (34672252.000.000) 2021-09-25 00:12:07 Image size of job updated: 1696
	1696  -  MemoryUsage of job (MB)
	1736772  -  ResidentSetSize of job (KB)
...
006 (34672252.000.000) 2021-09-25 00:13:07 Image size of job updated: 1698
	1698  -  MemoryUsage of job (MB)
	1738868  -  ResidentSetSize of job (KB)
...
006 (34672252.000.000) 2021-09-25 00:14:08 Image size of job updated: 1699
	1699  -  MemoryUsage of job (MB)
	1739840  -  ResidentSetSize of job (KB)
...
006 (34672252.000.000) 2021-09-25 00:15:08 Image size of job updated: 1699
	1699  -  MemoryUsage of job (MB)
	1740024  -  ResidentSetSize of job (KB)
...
006 (34672252.000.000) 2021-09-25 00:16:09 Image size of job updated: 1700
	1700  -  MemoryUsage of job (MB)
	1740952  -  ResidentSetSize of job (KB)
...
006 (34672252.000.000) 2021-09-25 00:17:10 Image size of job updated: 1701
	1701  -  MemoryUsage of job (MB)
	1741828  -  ResidentSetSize of job (KB)
...
006 (34672252.000.000) 2021-09-25 00:18:10 Image size of job updated: 1701
	1701  -  MemoryUsage of job (MB)
	1742132  -  ResidentSetSize of job (KB)
...
006 (34672252.000.000) 2021-09-25 00:19:10 Image size of job updated: 1702
	1702  -  MemoryUsage of job (MB)
	1743268  -  ResidentSetSize of job (KB)
...
006 (34672252.000.000) 2021-09-25 00:20:10 Image size of job updated: 1703
	1703  -  MemoryUsage of job (MB)
	1744468  -  ResidentSetSize of job (KB)
...
006 (34672252.000.000) 2021-09-25 00:21:11 Image size of job updated: 1704
	1704  -  MemoryUsage of job (MB)
	1745184  -  ResidentSetSize of job (KB)
...
006 (34672252.000.000) 2021-09-25 00:22:12 Image size of job updated: 1704
	1704  -  MemoryUsage of job (MB)
	1745880  -  ResidentSetSize of job (KB)
...
006 (34672252.000.000) 2021-09-25 00:23:13 Image size of job updated: 1705
	1705  -  MemoryUsage of job (MB)
	1746916  -  ResidentSetSize of job (KB)
...
006 (34672252.000.000) 2021-09-25 00:24:14 Image size of job updated: 1707
	1707  -  MemoryUsage of job (MB)
	1748176  -  ResidentSetSize of job (KB)
...
006 (34672252.000.000) 2021-09-25 00:25:15 Image size of job updated: 1707
	1707  -  MemoryUsage of job (MB)
	1748528  -  ResidentSetSize of job (KB)
...
006 (34672252.000.000) 2021-09-25 00:26:16 Image size of job updated: 1710
	1710  -  MemoryUsage of job (MB)
	1752020  -  ResidentSetSize of job (KB)
...
006 (34672252.000.000) 2021-09-25 00:27:16 Image size of job updated: 1711
	1711  -  MemoryUsage of job (MB)
	1752964  -  ResidentSetSize of job (KB)
...
006 (34672252.000.000) 2021-09-25 00:28:16 Image size of job updated: 1712
	1712  -  MemoryUsage of job (MB)
	1753804  -  ResidentSetSize of job (KB)
...
006 (34672252.000.000) 2021-09-25 00:29:17 Image size of job updated: 1713
	1713  -  MemoryUsage of job (MB)
	1754860  -  ResidentSetSize of job (KB)
...
006 (34672252.000.000) 2021-09-25 00:30:17 Image size of job updated: 1714
	1714  -  MemoryUsage of job (MB)
	1755752  -  ResidentSetSize of job (KB)
...
006 (34672252.000.000) 2021-09-25 00:31:17 Image size of job updated: 1714
	1714  -  MemoryUsage of job (MB)
	1755760  -  ResidentSetSize of job (KB)
...
006 (34672252.000.000) 2021-09-25 00:32:17 Image size of job updated: 1715
	1715  -  MemoryUsage of job (MB)
	1756236  -  ResidentSetSize of job (KB)
...
006 (34672252.000.000) 2021-09-25 00:33:17 Image size of job updated: 1715
	1715  -  MemoryUsage of job (MB)
	1757004  -  ResidentSetSize of job (KB)
...
006 (34672252.000.000) 2021-09-25 00:34:18 Image size of job updated: 1716
	1716  -  MemoryUsage of job (MB)
	1757208  -  ResidentSetSize of job (KB)
...
006 (34672252.000.000) 2021-09-25 00:35:19 Image size of job updated: 1716
	1716  -  MemoryUsage of job (MB)
	1757776  -  ResidentSetSize of job (KB)
...
006 (34672252.000.000) 2021-09-25 00:36:20 Image size of job updated: 1717
	1717  -  MemoryUsage of job (MB)
	1758308  -  ResidentSetSize of job (KB)
...
006 (34672252.000.000) 2021-09-25 00:37:21 Image size of job updated: 1717
	1717  -  MemoryUsage of job (MB)
	1758504  -  ResidentSetSize of job (KB)
...
006 (34672252.000.000) 2021-09-25 00:38:21 Image size of job updated: 1718
	1718  -  MemoryUsage of job (MB)
	1759416  -  ResidentSetSize of job (KB)
...
006 (34672252.000.000) 2021-09-25 00:39:22 Image size of job updated: 1718
	1718  -  MemoryUsage of job (MB)
	1759920  -  ResidentSetSize of job (KB)
...
006 (34672252.000.000) 2021-09-25 00:40:23 Image size of job updated: 1718
	1718  -  MemoryUsage of job (MB)
	1760052  -  ResidentSetSize of job (KB)
...
006 (34672252.000.000) 2021-09-25 00:41:23 Image size of job updated: 1719
	1719  -  MemoryUsage of job (MB)
	1761196  -  ResidentSetSize of job (KB)
...
006 (34672252.000.000) 2021-09-25 00:42:23 Image size of job updated: 1720
	1720  -  MemoryUsage of job (MB)
	1761780  -  ResidentSetSize of job (KB)
...
006 (34672252.000.000) 2021-09-25 00:43:23 Image size of job updated: 1720
	1720  -  MemoryUsage of job (MB)
	1762000  -  ResidentSetSize of job (KB)
...
006 (34672252.000.000) 2021-09-25 00:44:23 Image size of job updated: 1721
	1721  -  MemoryUsage of job (MB)
	1762416  -  ResidentSetSize of job (KB)
...
006 (34672252.000.000) 2021-09-25 00:45:24 Image size of job updated: 1721
	1721  -  MemoryUsage of job (MB)
	1763000  -  ResidentSetSize of job (KB)
...
006 (34672252.000.000) 2021-09-25 00:46:24 Image size of job updated: 1721
	1721  -  MemoryUsage of job (MB)
	1763044  -  ResidentSetSize of job (KB)
...
006 (34672252.000.000) 2021-09-25 00:47:25 Image size of job updated: 1722
	1722  -  MemoryUsage of job (MB)
	1763552  -  ResidentSetSize of job (KB)
...
006 (34672252.000.000) 2021-09-25 00:48:26 Image size of job updated: 1722
	1722  -  MemoryUsage of job (MB)
	1764228  -  ResidentSetSize of job (KB)
...
006 (34672252.000.000) 2021-09-25 00:49:26 Image size of job updated: 1723
	1723  -  MemoryUsage of job (MB)
	1764372  -  ResidentSetSize of job (KB)
...
006 (34672252.000.000) 2021-09-25 00:50:27 Image size of job updated: 1724
	1724  -  MemoryUsage of job (MB)
	1765724  -  ResidentSetSize of job (KB)
...
006 (34672252.000.000) 2021-09-25 00:51:28 Image size of job updated: 1724
	1724  -  MemoryUsage of job (MB)
	1765884  -  ResidentSetSize of job (KB)
...
006 (34672252.000.000) 2021-09-25 00:52:28 Image size of job updated: 1724
	1724  -  MemoryUsage of job (MB)
	1766200  -  ResidentSetSize of job (KB)
...
006 (34672252.000.000) 2021-09-25 00:53:28 Image size of job updated: 1725
	1725  -  MemoryUsage of job (MB)
	1767024  -  ResidentSetSize of job (KB)
...
006 (34672252.000.000) 2021-09-25 00:54:29 Image size of job updated: 1725
	1725  -  MemoryUsage of job (MB)
	1767332  -  ResidentSetSize of job (KB)
...
006 (34672252.000.000) 2021-09-25 00:55:29 Image size of job updated: 1726
	1726  -  MemoryUsage of job (MB)
	1767900  -  ResidentSetSize of job (KB)
...
006 (34672252.000.000) 2021-09-25 00:56:30 Image size of job updated: 1727
	1727  -  MemoryUsage of job (MB)
	1768684  -  ResidentSetSize of job (KB)
...
006 (34672252.000.000) 2021-09-25 00:57:31 Image size of job updated: 1727
	1727  -  MemoryUsage of job (MB)
	1769260  -  ResidentSetSize of job (KB)
...
006 (34672252.000.000) 2021-09-25 00:58:31 Image size of job updated: 1727
	1727  -  MemoryUsage of job (MB)
	1769268  -  ResidentSetSize of job (KB)
...
006 (34672252.000.000) 2021-09-25 00:59:32 Image size of job updated: 1728
	1728  -  MemoryUsage of job (MB)
	1769776  -  ResidentSetSize of job (KB)
...
006 (34672252.000.000) 2021-09-25 01:00:32 Image size of job updated: 1728
	1728  -  MemoryUsage of job (MB)
	1770488  -  ResidentSetSize of job (KB)
...
006 (34672252.000.000) 2021-09-25 01:02:33 Image size of job updated: 1729
	1729  -  MemoryUsage of job (MB)
	1770816  -  ResidentSetSize of job (KB)
...
006 (34672252.000.000) 2021-09-25 01:03:34 Image size of job updated: 1729
	1729  -  MemoryUsage of job (MB)
	1771252  -  ResidentSetSize of job (KB)
...
006 (34672252.000.000) 2021-09-25 01:05:36 Image size of job updated: 1730
	1730  -  MemoryUsage of job (MB)
	1771960  -  ResidentSetSize of job (KB)
...
006 (34672252.000.000) 2021-09-25 01:06:36 Image size of job updated: 1730
	1730  -  MemoryUsage of job (MB)
	1772364  -  ResidentSetSize of job (KB)
...
006 (34672252.000.000) 2021-09-25 01:07:36 Image size of job updated: 1730
	1730  -  MemoryUsage of job (MB)
	1772368  -  ResidentSetSize of job (KB)
...
006 (34672252.000.000) 2021-09-25 01:08:37 Image size of job updated: 1731
	1731  -  MemoryUsage of job (MB)
	1772860  -  ResidentSetSize of job (KB)
...
006 (34672252.000.000) 2021-09-25 01:09:38 Image size of job updated: 1731
	1731  -  MemoryUsage of job (MB)
	1773356  -  ResidentSetSize of job (KB)
...
006 (34672252.000.000) 2021-09-25 01:10:38 Image size of job updated: 1731
	1731  -  MemoryUsage of job (MB)
	1773368  -  ResidentSetSize of job (KB)
...
006 (34672252.000.000) 2021-09-25 01:11:38 Image size of job updated: 1732
	1732  -  MemoryUsage of job (MB)
	1773956  -  ResidentSetSize of job (KB)
...
006 (34672252.000.000) 2021-09-25 01:12:39 Image size of job updated: 1732
	1732  -  MemoryUsage of job (MB)
	1773976  -  ResidentSetSize of job (KB)
...
006 (34672252.000.000) 2021-09-25 01:13:40 Image size of job updated: 1732
	1732  -  MemoryUsage of job (MB)
	1774396  -  ResidentSetSize of job (KB)
...
006 (34672252.000.000) 2021-09-25 01:14:41 Image size of job updated: 1733
	1733  -  MemoryUsage of job (MB)
	1774820  -  ResidentSetSize of job (KB)
...
006 (34672252.000.000) 2021-09-25 01:15:41 Image size of job updated: 1733
	1733  -  MemoryUsage of job (MB)
	1774828  -  ResidentSetSize of job (KB)
...
006 (34672252.000.000) 2021-09-25 01:16:41 Image size of job updated: 1733
	1733  -  MemoryUsage of job (MB)
	1775324  -  ResidentSetSize of job (KB)
...
006 (34672252.000.000) 2021-09-25 01:17:42 Image size of job updated: 1734
	1734  -  MemoryUsage of job (MB)
	1775724  -  ResidentSetSize of job (KB)
...
006 (34672252.000.000) 2021-09-25 01:18:42 Image size of job updated: 1734
	1734  -  MemoryUsage of job (MB)
	1775732  -  ResidentSetSize of job (KB)
...
006 (34672252.000.000) 2021-09-25 01:19:42 Image size of job updated: 1734
	1734  -  MemoryUsage of job (MB)
	1776236  -  ResidentSetSize of job (KB)
...
006 (34672252.000.000) 2021-09-25 01:20:43 Image size of job updated: 1735
	1735  -  MemoryUsage of job (MB)
	1776652  -  ResidentSetSize of job (KB)
...
006 (34672252.000.000) 2021-09-25 01:21:43 Image size of job updated: 1735
	1735  -  MemoryUsage of job (MB)
	1776728  -  ResidentSetSize of job (KB)
...
006 (34672252.000.000) 2021-09-25 01:22:44 Image size of job updated: 1735
	1735  -  MemoryUsage of job (MB)
	1777124  -  ResidentSetSize of job (KB)
...
006 (34672252.000.000) 2021-09-25 01:23:44 Image size of job updated: 1735
	1735  -  MemoryUsage of job (MB)
	1777528  -  ResidentSetSize of job (KB)
...
006 (34672252.000.000) 2021-09-25 01:24:44 Image size of job updated: 1736
	1736  -  MemoryUsage of job (MB)
	1777716  -  ResidentSetSize of job (KB)
...
006 (34672252.000.000) 2021-09-25 01:25:44 Image size of job updated: 1736
	1736  -  MemoryUsage of job (MB)
	1778376  -  ResidentSetSize of job (KB)
...
006 (34672252.000.000) 2021-09-25 01:27:45 Image size of job updated: 1737
	1737  -  MemoryUsage of job (MB)
	1778916  -  ResidentSetSize of job (KB)
...
006 (34672252.000.000) 2021-09-25 01:28:45 Image size of job updated: 1737
	1737  -  MemoryUsage of job (MB)
	1778936  -  ResidentSetSize of job (KB)
...
006 (34672252.000.000) 2021-09-25 01:29:45 Image size of job updated: 1737
	1737  -  MemoryUsage of job (MB)
	1779340  -  ResidentSetSize of job (KB)
...
006 (34672252.000.000) 2021-09-25 01:30:45 Image size of job updated: 1737
	1737  -  MemoryUsage of job (MB)
	1779348  -  ResidentSetSize of job (KB)
...
006 (34672252.000.000) 2021-09-25 01:31:45 Image size of job updated: 1737
	1737  -  MemoryUsage of job (MB)
	1779708  -  ResidentSetSize of job (KB)
...
006 (34672252.000.000) 2021-09-25 01:33:46 Image size of job updated: 1738
	1738  -  MemoryUsage of job (MB)
	1780360  -  ResidentSetSize of job (KB)
...
006 (34672252.000.000) 2021-09-25 01:35:48 Image size of job updated: 1739
	1739  -  MemoryUsage of job (MB)
	1780804  -  ResidentSetSize of job (KB)
...
006 (34672252.000.000) 2021-09-25 01:37:50 Image size of job updated: 1739
	1739  -  MemoryUsage of job (MB)
	1781480  -  ResidentSetSize of job (KB)
...
006 (34672252.000.000) 2021-09-25 01:38:50 Image size of job updated: 1739
	1739  -  MemoryUsage of job (MB)
	1781488  -  ResidentSetSize of job (KB)
...
006 (34672252.000.000) 2021-09-25 01:39:51 Image size of job updated: 1739
	1739  -  MemoryUsage of job (MB)
	1781520  -  ResidentSetSize of job (KB)
...
006 (34672252.000.000) 2021-09-25 01:40:51 Image size of job updated: 1740
	1740  -  MemoryUsage of job (MB)
	1782184  -  ResidentSetSize of job (KB)
...
006 (34672252.000.000) 2021-09-25 01:41:53 Image size of job updated: 1740
	1740  -  MemoryUsage of job (MB)
	1782188  -  ResidentSetSize of job (KB)
...
006 (34672252.000.000) 2021-09-25 01:42:54 Image size of job updated: 1740
	1740  -  MemoryUsage of job (MB)
	1782416  -  ResidentSetSize of job (KB)
...
006 (34672252.000.000) 2021-09-25 01:43:55 Image size of job updated: 1740
	1740  -  MemoryUsage of job (MB)
	1782420  -  ResidentSetSize of job (KB)
...
006 (34672252.000.000) 2021-09-25 01:44:55 Image size of job updated: 1741
	1741  -  MemoryUsage of job (MB)
	1783012  -  ResidentSetSize of job (KB)
...
006 (34672252.000.000) 2021-09-25 01:46:58 Image size of job updated: 1741
	1741  -  MemoryUsage of job (MB)
	1783424  -  ResidentSetSize of job (KB)
...
006 (34672252.000.000) 2021-09-25 01:48:00 Image size of job updated: 1741
	1741  -  MemoryUsage of job (MB)
	1783452  -  ResidentSetSize of job (KB)
...
006 (34672252.000.000) 2021-09-25 01:49:00 Image size of job updated: 1742
	1742  -  MemoryUsage of job (MB)
	1783836  -  ResidentSetSize of job (KB)
...
006 (34672252.000.000) 2021-09-25 01:51:01 Image size of job updated: 1742
	1742  -  MemoryUsage of job (MB)
	1784376  -  ResidentSetSize of job (KB)
...
006 (34672252.000.000) 2021-09-25 01:52:02 Image size of job updated: 1742
	1742  -  MemoryUsage of job (MB)
	1784380  -  ResidentSetSize of job (KB)
...
006 (34672252.000.000) 2021-09-25 01:53:02 Image size of job updated: 1742
	1742  -  MemoryUsage of job (MB)
	1784600  -  ResidentSetSize of job (KB)
...
006 (34672252.000.000) 2021-09-25 01:54:04 Image size of job updated: 1743
	1743  -  MemoryUsage of job (MB)
	1784896  -  ResidentSetSize of job (KB)
...
006 (34672252.000.000) 2021-09-25 01:55:04 Image size of job updated: 1743
	1743  -  MemoryUsage of job (MB)
	1785120  -  ResidentSetSize of job (KB)
...
006 (34672252.000.000) 2021-09-25 01:56:05 Image size of job updated: 1743
	1743  -  MemoryUsage of job (MB)
	1785352  -  ResidentSetSize of job (KB)
...
006 (34672252.000.000) 2021-09-25 01:57:06 Image size of job updated: 1743
	1743  -  MemoryUsage of job (MB)
	1785492  -  ResidentSetSize of job (KB)
...
006 (34672252.000.000) 2021-09-25 01:58:07 Image size of job updated: 1744
	1744  -  MemoryUsage of job (MB)
	1785988  -  ResidentSetSize of job (KB)
...
006 (34672252.000.000) 2021-09-25 01:59:08 Image size of job updated: 1744
	1744  -  MemoryUsage of job (MB)
	1785992  -  ResidentSetSize of job (KB)
...
006 (34672252.000.000) 2021-09-25 02:00:08 Image size of job updated: 1744
	1744  -  MemoryUsage of job (MB)
	1786620  -  ResidentSetSize of job (KB)
...
006 (34672252.000.000) 2021-09-25 02:01:09 Image size of job updated: 1744
	1744  -  MemoryUsage of job (MB)
	1786628  -  ResidentSetSize of job (KB)
...
006 (34672252.000.000) 2021-09-25 02:02:09 Image size of job updated: 1744
	1744  -  MemoryUsage of job (MB)
	1786856  -  ResidentSetSize of job (KB)
...
006 (34672252.000.000) 2021-09-25 02:03:11 Image size of job updated: 1745
	1745  -  MemoryUsage of job (MB)
	1787388  -  ResidentSetSize of job (KB)
...
006 (34672252.000.000) 2021-09-25 02:04:12 Image size of job updated: 1745
	1745  -  MemoryUsage of job (MB)
	1787532  -  ResidentSetSize of job (KB)
...
006 (34672252.000.000) 2021-09-25 02:05:13 Image size of job updated: 1746
	1746  -  MemoryUsage of job (MB)
	1787916  -  ResidentSetSize of job (KB)
...
006 (34672252.000.000) 2021-09-25 02:06:14 Image size of job updated: 1746
	1746  -  MemoryUsage of job (MB)
	1788024  -  ResidentSetSize of job (KB)
...
006 (34672252.000.000) 2021-09-25 02:07:15 Image size of job updated: 1746
	1746  -  MemoryUsage of job (MB)
	1788540  -  ResidentSetSize of job (KB)
...
006 (34672252.000.000) 2021-09-25 02:08:15 Image size of job updated: 1746
	1746  -  MemoryUsage of job (MB)
	1788672  -  ResidentSetSize of job (KB)
...
006 (34672252.000.000) 2021-09-25 02:09:16 Image size of job updated: 1747
	1747  -  MemoryUsage of job (MB)
	1789196  -  ResidentSetSize of job (KB)
...
006 (34672252.000.000) 2021-09-25 02:10:17 Image size of job updated: 1747
	1747  -  MemoryUsage of job (MB)
	1789228  -  ResidentSetSize of job (KB)
...
006 (34672252.000.000) 2021-09-25 02:11:18 Image size of job updated: 1747
	1747  -  MemoryUsage of job (MB)
	1789332  -  ResidentSetSize of job (KB)
...
006 (34672252.000.000) 2021-09-25 02:12:19 Image size of job updated: 1747
	1747  -  MemoryUsage of job (MB)
	1789432  -  ResidentSetSize of job (KB)
...
006 (34672252.000.000) 2021-09-25 02:13:20 Image size of job updated: 1747
	1747  -  MemoryUsage of job (MB)
	1789892  -  ResidentSetSize of job (KB)
...
006 (34672252.000.000) 2021-09-25 02:14:21 Image size of job updated: 1747
	1747  -  MemoryUsage of job (MB)
	1789908  -  ResidentSetSize of job (KB)
...
006 (34672252.000.000) 2021-09-25 02:15:21 Image size of job updated: 1748
	1748  -  MemoryUsage of job (MB)
	1790428  -  ResidentSetSize of job (KB)
...
006 (34672252.000.000) 2021-09-25 02:16:21 Image size of job updated: 1748
	1748  -  MemoryUsage of job (MB)
	1790480  -  ResidentSetSize of job (KB)
...
006 (34672252.000.000) 2021-09-25 02:17:21 Image size of job updated: 1748
	1748  -  MemoryUsage of job (MB)
	1790824  -  ResidentSetSize of job (KB)
...
006 (34672252.000.000) 2021-09-25 02:18:21 Image size of job updated: 1748
	1748  -  MemoryUsage of job (MB)
	1790880  -  ResidentSetSize of job (KB)
...
006 (34672252.000.000) 2021-09-25 02:19:22 Image size of job updated: 1749
	1749  -  MemoryUsage of job (MB)
	1791308  -  ResidentSetSize of job (KB)
...
006 (34672252.000.000) 2021-09-25 02:20:22 Image size of job updated: 1749
	1749  -  MemoryUsage of job (MB)
	1791328  -  ResidentSetSize of job (KB)
...
006 (34672252.000.000) 2021-09-25 02:21:23 Image size of job updated: 1749
	1749  -  MemoryUsage of job (MB)
	1791344  -  ResidentSetSize of job (KB)
...
006 (34672252.000.000) 2021-09-25 02:22:24 Image size of job updated: 1749
	1749  -  MemoryUsage of job (MB)
	1791724  -  ResidentSetSize of job (KB)
...
006 (34672252.000.000) 2021-09-25 02:23:25 Image size of job updated: 1750
	1750  -  MemoryUsage of job (MB)
	1792036  -  ResidentSetSize of job (KB)
...
006 (34672252.000.000) 2021-09-25 02:24:25 Image size of job updated: 1750
	1750  -  MemoryUsage of job (MB)
	1792156  -  ResidentSetSize of job (KB)
...
006 (34672252.000.000) 2021-09-25 02:25:26 Image size of job updated: 1750
	1750  -  MemoryUsage of job (MB)
	1792160  -  ResidentSetSize of job (KB)
...
006 (34672252.000.000) 2021-09-25 02:26:27 Image size of job updated: 1750
	1750  -  MemoryUsage of job (MB)
	1792596  -  ResidentSetSize of job (KB)
...
006 (34672252.000.000) 2021-09-25 02:27:27 Image size of job updated: 1750
	1750  -  MemoryUsage of job (MB)
	1792600  -  ResidentSetSize of job (KB)
...
006 (34672252.000.000) 2021-09-25 02:28:28 Image size of job updated: 1751
	1751  -  MemoryUsage of job (MB)
	1793156  -  ResidentSetSize of job (KB)
...
006 (34672252.000.000) 2021-09-25 02:29:29 Image size of job updated: 1751
	1751  -  MemoryUsage of job (MB)
	1793236  -  ResidentSetSize of job (KB)
...
006 (34672252.000.000) 2021-09-25 02:30:31 Image size of job updated: 1751
	1751  -  MemoryUsage of job (MB)
	1793748  -  ResidentSetSize of job (KB)
...
006 (34672252.000.000) 2021-09-25 02:32:32 Image size of job updated: 1752
	1752  -  MemoryUsage of job (MB)
	1794244  -  ResidentSetSize of job (KB)
...
006 (34672252.000.000) 2021-09-25 02:33:33 Image size of job updated: 1752
	1752  -  MemoryUsage of job (MB)
	1794248  -  ResidentSetSize of job (KB)
...
006 (34672252.000.000) 2021-09-25 02:34:34 Image size of job updated: 1752
	1752  -  MemoryUsage of job (MB)
	1794656  -  ResidentSetSize of job (KB)
...
006 (34672252.000.000) 2021-09-25 02:36:36 Image size of job updated: 1753
	1753  -  MemoryUsage of job (MB)
	1795088  -  ResidentSetSize of job (KB)
...
040 (34672252.000.000) 2021-09-25 02:36:40 Started transferring output files
...
040 (34672252.000.000) 2021-09-25 02:36:40 Finished transferring output files
...
005 (34672252.000.000) 2021-09-25 02:36:43 Job terminated.
	(1) Normal termination (return value 0)
		Usr 0 00:00:00, Sys 0 00:00:00  -  Run Remote Usage
		Usr 0 00:00:00, Sys 0 00:00:00  -  Run Local Usage
		Usr 0 01:04:18, Sys 0 02:21:14  -  Total Remote Usage
		Usr 0 00:00:00, Sys 0 00:00:00  -  Total Local Usage
	1221036  -  Run Bytes Sent By Job
	8471570  -  Run Bytes Received By Job
	1221036  -  Total Bytes Sent By Job
	8471570  -  Total Bytes Received By Job
	Partitionable Resources :    Usage  Request Allocated 
	   Cpus                 :     0.00        1         1 
	   Disk (KB)            : 20463       10000   1634798 
	   Memory (MB)          :  1753        2048      2048 

	Job terminated of its own accord at 2021-09-25T07:36:40Z.
...
