000 (73340383.000.000) 2021-09-16 05:43:30 Job submitted from host: <131.225.188.235:9618?addrs=131.225.188.235-9618&alias=lpcschedd3.fnal.gov&noUDP&sock=schedd_2706_ab5d>
...
040 (73340383.000.000) 2021-09-16 05:44:22 Started transferring input files
	Transferring to host: <131.225.206.199:9618?addrs=131.225.206.199-9618&alias=cmswn1824.fnal.gov&noUDP&sock=slot1_1_1223_76cb_3209>
...
040 (73340383.000.000) 2021-09-16 05:44:22 Finished transferring input files
...
001 (73340383.000.000) 2021-09-16 05:44:23 Job executing on host: <131.225.206.199:9618?addrs=131.225.206.199-9618&alias=cmswn1824.fnal.gov&noUDP&sock=startd_1141_35a6>
...
006 (73340383.000.000) 2021-09-16 05:44:32 Image size of job updated: 62
	62  -  MemoryUsage of job (MB)
	63980  -  ResidentSetSize of job (KB)
...
006 (73340383.000.000) 2021-09-16 05:45:33 Image size of job updated: 529
	529  -  MemoryUsage of job (MB)
	541732  -  ResidentSetSize of job (KB)
...
006 (73340383.000.000) 2021-09-16 05:49:35 Image size of job updated: 568
	568  -  MemoryUsage of job (MB)
	581800  -  ResidentSetSize of job (KB)
...
006 (73340383.000.000) 2021-09-16 05:50:36 Image size of job updated: 618
	618  -  MemoryUsage of job (MB)
	633388  -  ResidentSetSize of job (KB)
...
006 (73340383.000.000) 2021-09-16 05:51:37 Image size of job updated: 659
	659  -  MemoryUsage of job (MB)
	675604  -  ResidentSetSize of job (KB)
...
006 (73340383.000.000) 2021-09-16 05:52:37 Image size of job updated: 698
	698  -  MemoryUsage of job (MB)
	715504  -  ResidentSetSize of job (KB)
...
006 (73340383.000.000) 2021-09-16 05:53:38 Image size of job updated: 733
	733  -  MemoryUsage of job (MB)
	751436  -  ResidentSetSize of job (KB)
...
006 (73340383.000.000) 2021-09-16 05:54:39 Image size of job updated: 767
	767  -  MemoryUsage of job (MB)
	785812  -  ResidentSetSize of job (KB)
...
006 (73340383.000.000) 2021-09-16 05:55:39 Image size of job updated: 800
	800  -  MemoryUsage of job (MB)
	819456  -  ResidentSetSize of job (KB)
...
006 (73340383.000.000) 2021-09-16 05:56:40 Image size of job updated: 830
	830  -  MemoryUsage of job (MB)
	850624  -  ResidentSetSize of job (KB)
...
006 (73340383.000.000) 2021-09-16 05:57:40 Image size of job updated: 861
	861  -  MemoryUsage of job (MB)
	882640  -  ResidentSetSize of job (KB)
...
006 (73340383.000.000) 2021-09-16 05:58:40 Image size of job updated: 901
	901  -  MemoryUsage of job (MB)
	923412  -  ResidentSetSize of job (KB)
...
006 (73340383.000.000) 2021-09-16 05:59:41 Image size of job updated: 930
	930  -  MemoryUsage of job (MB)
	953144  -  ResidentSetSize of job (KB)
...
006 (73340383.000.000) 2021-09-16 06:00:41 Image size of job updated: 958
	958  -  MemoryUsage of job (MB)
	981052  -  ResidentSetSize of job (KB)
...
006 (73340383.000.000) 2021-09-16 06:01:41 Image size of job updated: 983
	983  -  MemoryUsage of job (MB)
	1007336  -  ResidentSetSize of job (KB)
...
006 (73340383.000.000) 2021-09-16 06:02:42 Image size of job updated: 1009
	1009  -  MemoryUsage of job (MB)
	1033452  -  ResidentSetSize of job (KB)
...
006 (73340383.000.000) 2021-09-16 06:03:42 Image size of job updated: 1037
	1037  -  MemoryUsage of job (MB)
	1062896  -  ResidentSetSize of job (KB)
...
006 (73340383.000.000) 2021-09-16 06:04:43 Image size of job updated: 1071
	1071  -  MemoryUsage of job (MB)
	1096972  -  ResidentSetSize of job (KB)
...
006 (73340383.000.000) 2021-09-16 06:05:44 Image size of job updated: 1094
	1094  -  MemoryUsage of job (MB)
	1120552  -  ResidentSetSize of job (KB)
...
006 (73340383.000.000) 2021-09-16 06:06:44 Image size of job updated: 1116
	1116  -  MemoryUsage of job (MB)
	1143624  -  ResidentSetSize of job (KB)
...
006 (73340383.000.000) 2021-09-16 06:07:45 Image size of job updated: 1138
	1138  -  MemoryUsage of job (MB)
	1165956  -  ResidentSetSize of job (KB)
...
006 (73340383.000.000) 2021-09-16 06:08:46 Image size of job updated: 1160
	1160  -  MemoryUsage of job (MB)
	1188528  -  ResidentSetSize of job (KB)
...
006 (73340383.000.000) 2021-09-16 06:09:46 Image size of job updated: 1181
	1181  -  MemoryUsage of job (MB)
	1209824  -  ResidentSetSize of job (KB)
...
006 (73340383.000.000) 2021-09-16 06:10:47 Image size of job updated: 1202
	1202  -  MemoryUsage of job (MB)
	1230920  -  ResidentSetSize of job (KB)
...
006 (73340383.000.000) 2021-09-16 06:11:48 Image size of job updated: 1222
	1222  -  MemoryUsage of job (MB)
	1251352  -  ResidentSetSize of job (KB)
...
006 (73340383.000.000) 2021-09-16 06:12:48 Image size of job updated: 1241
	1241  -  MemoryUsage of job (MB)
	1271328  -  ResidentSetSize of job (KB)
...
006 (73340383.000.000) 2021-09-16 06:13:49 Image size of job updated: 1260
	1260  -  MemoryUsage of job (MB)
	1291100  -  ResidentSetSize of job (KB)
...
006 (73340383.000.000) 2021-09-16 06:14:50 Image size of job updated: 1280
	1280  -  MemoryUsage of job (MB)
	1310896  -  ResidentSetSize of job (KB)
...
006 (73340383.000.000) 2021-09-16 06:15:50 Image size of job updated: 1298
	1298  -  MemoryUsage of job (MB)
	1330156  -  ResidentSetSize of job (KB)
...
006 (73340383.000.000) 2021-09-16 06:16:51 Image size of job updated: 1317
	1317  -  MemoryUsage of job (MB)
	1349204  -  ResidentSetSize of job (KB)
...
006 (73340383.000.000) 2021-09-16 06:17:52 Image size of job updated: 1335
	1335  -  MemoryUsage of job (MB)
	1367784  -  ResidentSetSize of job (KB)
...
006 (73340383.000.000) 2021-09-16 06:18:52 Image size of job updated: 1353
	1353  -  MemoryUsage of job (MB)
	1385828  -  ResidentSetSize of job (KB)
...
006 (73340383.000.000) 2021-09-16 06:19:53 Image size of job updated: 1370
	1370  -  MemoryUsage of job (MB)
	1403648  -  ResidentSetSize of job (KB)
...
006 (73340383.000.000) 2021-09-16 06:20:54 Image size of job updated: 1388
	1388  -  MemoryUsage of job (MB)
	1421400  -  ResidentSetSize of job (KB)
...
006 (73340383.000.000) 2021-09-16 06:21:54 Image size of job updated: 1405
	1405  -  MemoryUsage of job (MB)
	1438752  -  ResidentSetSize of job (KB)
...
006 (73340383.000.000) 2021-09-16 06:22:55 Image size of job updated: 1421
	1421  -  MemoryUsage of job (MB)
	1456076  -  ResidentSetSize of job (KB)
...
006 (73340383.000.000) 2021-09-16 06:23:56 Image size of job updated: 1438
	1438  -  MemoryUsage of job (MB)
	1472980  -  ResidentSetSize of job (KB)
...
006 (73340383.000.000) 2021-09-16 06:24:56 Image size of job updated: 1455
	1455  -  MemoryUsage of job (MB)
	1489936  -  ResidentSetSize of job (KB)
...
006 (73340383.000.000) 2021-09-16 06:25:57 Image size of job updated: 1471
	1471  -  MemoryUsage of job (MB)
	1506604  -  ResidentSetSize of job (KB)
...
006 (73340383.000.000) 2021-09-16 06:26:58 Image size of job updated: 1487
	1487  -  MemoryUsage of job (MB)
	1523024  -  ResidentSetSize of job (KB)
...
006 (73340383.000.000) 2021-09-16 06:27:58 Image size of job updated: 1503
	1503  -  MemoryUsage of job (MB)
	1539216  -  ResidentSetSize of job (KB)
...
006 (73340383.000.000) 2021-09-16 06:28:59 Image size of job updated: 1518
	1518  -  MemoryUsage of job (MB)
	1555248  -  ResidentSetSize of job (KB)
...
006 (73340383.000.000) 2021-09-16 06:30:00 Image size of job updated: 1534
	1534  -  MemoryUsage of job (MB)
	1571408  -  ResidentSetSize of job (KB)
...
006 (73340383.000.000) 2021-09-16 06:31:00 Image size of job updated: 1658
	1658  -  MemoryUsage of job (MB)
	1697948  -  ResidentSetSize of job (KB)
...
006 (73340383.000.000) 2021-09-16 06:32:01 Image size of job updated: 1682
	1682  -  MemoryUsage of job (MB)
	1722740  -  ResidentSetSize of job (KB)
...
006 (73340383.000.000) 2021-09-16 06:33:02 Image size of job updated: 1691
	1691  -  MemoryUsage of job (MB)
	1732204  -  ResidentSetSize of job (KB)
...
006 (73340383.000.000) 2021-09-16 06:34:02 Image size of job updated: 1697
	1697  -  MemoryUsage of job (MB)
	1738100  -  ResidentSetSize of job (KB)
...
006 (73340383.000.000) 2021-09-16 06:35:03 Image size of job updated: 1702
	1702  -  MemoryUsage of job (MB)
	1743312  -  ResidentSetSize of job (KB)
...
006 (73340383.000.000) 2021-09-16 06:36:03 Image size of job updated: 1705
	1705  -  MemoryUsage of job (MB)
	1746460  -  ResidentSetSize of job (KB)
...
006 (73340383.000.000) 2021-09-16 06:37:03 Image size of job updated: 1709
	1709  -  MemoryUsage of job (MB)
	1750528  -  ResidentSetSize of job (KB)
...
006 (73340383.000.000) 2021-09-16 06:38:04 Image size of job updated: 1712
	1712  -  MemoryUsage of job (MB)
	1753136  -  ResidentSetSize of job (KB)
...
006 (73340383.000.000) 2021-09-16 06:39:04 Image size of job updated: 1714
	1714  -  MemoryUsage of job (MB)
	1755644  -  ResidentSetSize of job (KB)
...
006 (73340383.000.000) 2021-09-16 06:40:04 Image size of job updated: 1717
	1717  -  MemoryUsage of job (MB)
	1758644  -  ResidentSetSize of job (KB)
...
006 (73340383.000.000) 2021-09-16 06:41:05 Image size of job updated: 1719
	1719  -  MemoryUsage of job (MB)
	1760948  -  ResidentSetSize of job (KB)
...
006 (73340383.000.000) 2021-09-16 06:42:05 Image size of job updated: 1722
	1722  -  MemoryUsage of job (MB)
	1763472  -  ResidentSetSize of job (KB)
...
006 (73340383.000.000) 2021-09-16 06:43:05 Image size of job updated: 1724
	1724  -  MemoryUsage of job (MB)
	1765916  -  ResidentSetSize of job (KB)
...
006 (73340383.000.000) 2021-09-16 06:44:06 Image size of job updated: 1726
	1726  -  MemoryUsage of job (MB)
	1768408  -  ResidentSetSize of job (KB)
...
006 (73340383.000.000) 2021-09-16 06:45:06 Image size of job updated: 1729
	1729  -  MemoryUsage of job (MB)
	1770512  -  ResidentSetSize of job (KB)
...
006 (73340383.000.000) 2021-09-16 06:46:06 Image size of job updated: 1731
	1731  -  MemoryUsage of job (MB)
	1772592  -  ResidentSetSize of job (KB)
...
006 (73340383.000.000) 2021-09-16 06:47:07 Image size of job updated: 1736
	1736  -  MemoryUsage of job (MB)
	1778596  -  ResidentSetSize of job (KB)
...
006 (73340383.000.000) 2021-09-16 06:48:08 Image size of job updated: 1738
	1738  -  MemoryUsage of job (MB)
	1780728  -  ResidentSetSize of job (KB)
...
006 (73340383.000.000) 2021-09-16 06:49:08 Image size of job updated: 1741
	1741  -  MemoryUsage of job (MB)
	1783012  -  ResidentSetSize of job (KB)
...
006 (73340383.000.000) 2021-09-16 06:50:09 Image size of job updated: 1743
	1743  -  MemoryUsage of job (MB)
	1785212  -  ResidentSetSize of job (KB)
...
006 (73340383.000.000) 2021-09-16 06:51:09 Image size of job updated: 1745
	1745  -  MemoryUsage of job (MB)
	1787628  -  ResidentSetSize of job (KB)
...
006 (73340383.000.000) 2021-09-16 06:52:09 Image size of job updated: 1747
	1747  -  MemoryUsage of job (MB)
	1789712  -  ResidentSetSize of job (KB)
...
006 (73340383.000.000) 2021-09-16 06:53:10 Image size of job updated: 1749
	1749  -  MemoryUsage of job (MB)
	1791888  -  ResidentSetSize of job (KB)
...
006 (73340383.000.000) 2021-09-16 06:54:10 Image size of job updated: 1751
	1751  -  MemoryUsage of job (MB)
	1793912  -  ResidentSetSize of job (KB)
...
006 (73340383.000.000) 2021-09-16 06:55:10 Image size of job updated: 1753
	1753  -  MemoryUsage of job (MB)
	1796036  -  ResidentSetSize of job (KB)
...
006 (73340383.000.000) 2021-09-16 06:56:12 Image size of job updated: 1755
	1755  -  MemoryUsage of job (MB)
	1797124  -  ResidentSetSize of job (KB)
...
040 (73340383.000.000) 2021-09-16 06:56:12 Started transferring output files
...
040 (73340383.000.000) 2021-09-16 06:56:12 Finished transferring output files
...
005 (73340383.000.000) 2021-09-16 06:56:14 Job terminated.
	(1) Normal termination (return value 0)
		Usr 0 00:53:40, Sys 0 00:12:38  -  Run Remote Usage
		Usr 0 00:00:00, Sys 0 00:00:00  -  Run Local Usage
		Usr 0 00:53:40, Sys 0 00:12:38  -  Total Remote Usage
		Usr 0 00:00:00, Sys 0 00:00:00  -  Total Local Usage
	1228479  -  Run Bytes Sent By Job
	8471562  -  Run Bytes Received By Job
	1228479  -  Total Bytes Sent By Job
	8471562  -  Total Bytes Received By Job
	Partitionable Resources :    Usage  Request Allocated 
	   Cpus                 :     0.00        1         1 
	   Disk (KB)            : 22798       10000    336116 
	   Memory (MB)          :  1755        2048      2048 

	Job terminated of its own accord at 2021-09-16T11:56:12Z.
...
000 (34672246.000.000) 2021-09-24 22:28:37 Job submitted from host: <131.225.188.57:9618?addrs=131.225.188.57-9618&alias=lpcschedd2.fnal.gov&noUDP&sock=schedd_2251_93c6>
...
040 (34672246.000.000) 2021-09-24 23:03:11 Started transferring input files
	Transferring to host: <131.225.188.43:9618?addrs=131.225.188.43-9618&alias=cmswn2030.fnal.gov&noUDP&sock=slot1_60_2050_290c_4559>
...
040 (34672246.000.000) 2021-09-24 23:03:11 Finished transferring input files
...
001 (34672246.000.000) 2021-09-24 23:03:12 Job executing on host: <131.225.188.43:9618?addrs=131.225.188.43-9618&alias=cmswn2030.fnal.gov&noUDP&sock=startd_1919_da55>
...
006 (34672246.000.000) 2021-09-24 23:04:22 Image size of job updated: 424
	424  -  MemoryUsage of job (MB)
	434616  -  ResidentSetSize of job (KB)
...
006 (34672246.000.000) 2021-09-24 23:05:23 Image size of job updated: 537
	537  -  MemoryUsage of job (MB)
	550112  -  ResidentSetSize of job (KB)
...
006 (34672246.000.000) 2021-09-24 23:09:24 Image size of job updated: 561
	561  -  MemoryUsage of job (MB)
	575136  -  ResidentSetSize of job (KB)
...
006 (34672246.000.000) 2021-09-24 23:10:25 Image size of job updated: 607
	607  -  MemoryUsage of job (MB)
	621944  -  ResidentSetSize of job (KB)
...
006 (34672246.000.000) 2021-09-24 23:11:26 Image size of job updated: 647
	647  -  MemoryUsage of job (MB)
	663032  -  ResidentSetSize of job (KB)
...
006 (34672246.000.000) 2021-09-24 23:12:27 Image size of job updated: 684
	684  -  MemoryUsage of job (MB)
	700560  -  ResidentSetSize of job (KB)
...
006 (34672246.000.000) 2021-09-24 23:13:27 Image size of job updated: 718
	718  -  MemoryUsage of job (MB)
	735344  -  ResidentSetSize of job (KB)
...
006 (34672246.000.000) 2021-09-24 23:14:28 Image size of job updated: 749
	749  -  MemoryUsage of job (MB)
	767996  -  ResidentSetSize of job (KB)
...
006 (34672246.000.000) 2021-09-24 23:15:29 Image size of job updated: 780
	780  -  MemoryUsage of job (MB)
	799244  -  ResidentSetSize of job (KB)
...
006 (34672246.000.000) 2021-09-24 23:16:30 Image size of job updated: 810
	810  -  MemoryUsage of job (MB)
	829836  -  ResidentSetSize of job (KB)
...
006 (34672246.000.000) 2021-09-24 23:17:31 Image size of job updated: 839
	839  -  MemoryUsage of job (MB)
	860048  -  ResidentSetSize of job (KB)
...
006 (34672246.000.000) 2021-09-24 23:18:31 Image size of job updated: 866
	866  -  MemoryUsage of job (MB)
	887408  -  ResidentSetSize of job (KB)
...
006 (34672246.000.000) 2021-09-24 23:19:31 Image size of job updated: 904
	904  -  MemoryUsage of job (MB)
	926004  -  ResidentSetSize of job (KB)
...
006 (34672246.000.000) 2021-09-24 23:20:31 Image size of job updated: 931
	931  -  MemoryUsage of job (MB)
	953592  -  ResidentSetSize of job (KB)
...
006 (34672246.000.000) 2021-09-24 23:21:31 Image size of job updated: 956
	956  -  MemoryUsage of job (MB)
	979616  -  ResidentSetSize of job (KB)
...
006 (34672246.000.000) 2021-09-24 23:22:31 Image size of job updated: 980
	980  -  MemoryUsage of job (MB)
	1004252  -  ResidentSetSize of job (KB)
...
006 (34672246.000.000) 2021-09-24 23:23:33 Image size of job updated: 1007
	1007  -  MemoryUsage of job (MB)
	1031312  -  ResidentSetSize of job (KB)
...
006 (34672246.000.000) 2021-09-24 23:24:33 Image size of job updated: 1033
	1033  -  MemoryUsage of job (MB)
	1058184  -  ResidentSetSize of job (KB)
...
006 (34672246.000.000) 2021-09-24 23:25:34 Image size of job updated: 1063
	1063  -  MemoryUsage of job (MB)
	1089140  -  ResidentSetSize of job (KB)
...
006 (34672246.000.000) 2021-09-24 23:26:35 Image size of job updated: 1087
	1087  -  MemoryUsage of job (MB)
	1113628  -  ResidentSetSize of job (KB)
...
006 (34672246.000.000) 2021-09-24 23:27:36 Image size of job updated: 1108
	1108  -  MemoryUsage of job (MB)
	1135020  -  ResidentSetSize of job (KB)
...
006 (34672246.000.000) 2021-09-24 23:28:37 Image size of job updated: 1129
	1129  -  MemoryUsage of job (MB)
	1156324  -  ResidentSetSize of job (KB)
...
006 (34672246.000.000) 2021-09-24 23:29:38 Image size of job updated: 1149
	1149  -  MemoryUsage of job (MB)
	1176864  -  ResidentSetSize of job (KB)
...
006 (34672246.000.000) 2021-09-24 23:30:38 Image size of job updated: 1169
	1169  -  MemoryUsage of job (MB)
	1197720  -  ResidentSetSize of job (KB)
...
006 (34672246.000.000) 2021-09-24 23:31:40 Image size of job updated: 1191
	1191  -  MemoryUsage of job (MB)
	1219668  -  ResidentSetSize of job (KB)
...
006 (34672246.000.000) 2021-09-24 23:32:40 Image size of job updated: 1210
	1210  -  MemoryUsage of job (MB)
	1239180  -  ResidentSetSize of job (KB)
...
006 (34672246.000.000) 2021-09-24 23:33:41 Image size of job updated: 1228
	1228  -  MemoryUsage of job (MB)
	1258284  -  ResidentSetSize of job (KB)
...
006 (34672246.000.000) 2021-09-24 23:34:42 Image size of job updated: 1247
	1247  -  MemoryUsage of job (MB)
	1276928  -  ResidentSetSize of job (KB)
...
006 (34672246.000.000) 2021-09-24 23:35:42 Image size of job updated: 1264
	1264  -  MemoryUsage of job (MB)
	1295344  -  ResidentSetSize of job (KB)
...
006 (34672246.000.000) 2021-09-24 23:36:42 Image size of job updated: 1282
	1282  -  MemoryUsage of job (MB)
	1313472  -  ResidentSetSize of job (KB)
...
006 (34672246.000.000) 2021-09-24 23:37:42 Image size of job updated: 1300
	1300  -  MemoryUsage of job (MB)
	1331276  -  ResidentSetSize of job (KB)
...
006 (34672246.000.000) 2021-09-24 23:38:43 Image size of job updated: 1317
	1317  -  MemoryUsage of job (MB)
	1348716  -  ResidentSetSize of job (KB)
...
006 (34672246.000.000) 2021-09-24 23:39:43 Image size of job updated: 1333
	1333  -  MemoryUsage of job (MB)
	1365812  -  ResidentSetSize of job (KB)
...
006 (34672246.000.000) 2021-09-24 23:40:43 Image size of job updated: 1350
	1350  -  MemoryUsage of job (MB)
	1383128  -  ResidentSetSize of job (KB)
...
006 (34672246.000.000) 2021-09-24 23:41:43 Image size of job updated: 1366
	1366  -  MemoryUsage of job (MB)
	1399304  -  ResidentSetSize of job (KB)
...
006 (34672246.000.000) 2021-09-24 23:42:43 Image size of job updated: 1382
	1382  -  MemoryUsage of job (MB)
	1415716  -  ResidentSetSize of job (KB)
...
006 (34672246.000.000) 2021-09-24 23:43:45 Image size of job updated: 1400
	1400  -  MemoryUsage of job (MB)
	1433620  -  ResidentSetSize of job (KB)
...
006 (34672246.000.000) 2021-09-24 23:44:46 Image size of job updated: 1415
	1415  -  MemoryUsage of job (MB)
	1449600  -  ResidentSetSize of job (KB)
...
006 (34672246.000.000) 2021-09-24 23:45:46 Image size of job updated: 1430
	1430  -  MemoryUsage of job (MB)
	1465036  -  ResidentSetSize of job (KB)
...
006 (34672246.000.000) 2021-09-24 23:46:48 Image size of job updated: 1445
	1445  -  MemoryUsage of job (MB)
	1480532  -  ResidentSetSize of job (KB)
...
006 (34672246.000.000) 2021-09-24 23:47:48 Image size of job updated: 1460
	1460  -  MemoryUsage of job (MB)
	1495776  -  ResidentSetSize of job (KB)
...
006 (34672246.000.000) 2021-09-24 23:48:49 Image size of job updated: 1475
	1475  -  MemoryUsage of job (MB)
	1511076  -  ResidentSetSize of job (KB)
...
006 (34672246.000.000) 2021-09-24 23:49:49 Image size of job updated: 1490
	1490  -  MemoryUsage of job (MB)
	1526040  -  ResidentSetSize of job (KB)
...
006 (34672246.000.000) 2021-09-24 23:50:49 Image size of job updated: 1504
	1504  -  MemoryUsage of job (MB)
	1540892  -  ResidentSetSize of job (KB)
...
006 (34672246.000.000) 2021-09-24 23:51:51 Image size of job updated: 1520
	1520  -  MemoryUsage of job (MB)
	1557164  -  ResidentSetSize of job (KB)
...
006 (34672246.000.000) 2021-09-24 23:52:51 Image size of job updated: 1534
	1534  -  MemoryUsage of job (MB)
	1571760  -  ResidentSetSize of job (KB)
...
006 (34672246.000.000) 2021-09-24 23:53:51 Image size of job updated: 1625
	1625  -  MemoryUsage of job (MB)
	1664720  -  ResidentSetSize of job (KB)
...
006 (34672246.000.000) 2021-09-24 23:54:51 Image size of job updated: 1652
	1652  -  MemoryUsage of job (MB)
	1692656  -  ResidentSetSize of job (KB)
...
006 (34672246.000.000) 2021-09-24 23:55:51 Image size of job updated: 1667
	1667  -  MemoryUsage of job (MB)
	1707436  -  ResidentSetSize of job (KB)
...
006 (34672246.000.000) 2021-09-24 23:56:52 Image size of job updated: 1672
	1672  -  MemoryUsage of job (MB)
	1712220  -  ResidentSetSize of job (KB)
...
006 (34672246.000.000) 2021-09-24 23:57:52 Image size of job updated: 1676
	1676  -  MemoryUsage of job (MB)
	1717072  -  ResidentSetSize of job (KB)
...
006 (34672246.000.000) 2021-09-24 23:58:52 Image size of job updated: 1679
	1679  -  MemoryUsage of job (MB)
	1719972  -  ResidentSetSize of job (KB)
...
006 (34672246.000.000) 2021-09-24 23:59:53 Image size of job updated: 1684
	1684  -  MemoryUsage of job (MB)
	1724840  -  ResidentSetSize of job (KB)
...
006 (34672246.000.000) 2021-09-25 00:00:54 Image size of job updated: 1687
	1687  -  MemoryUsage of job (MB)
	1727872  -  ResidentSetSize of job (KB)
...
006 (34672246.000.000) 2021-09-25 00:01:54 Image size of job updated: 1689
	1689  -  MemoryUsage of job (MB)
	1729588  -  ResidentSetSize of job (KB)
...
006 (34672246.000.000) 2021-09-25 00:02:54 Image size of job updated: 1690
	1690  -  MemoryUsage of job (MB)
	1731208  -  ResidentSetSize of job (KB)
...
006 (34672246.000.000) 2021-09-25 00:03:54 Image size of job updated: 1692
	1692  -  MemoryUsage of job (MB)
	1733060  -  ResidentSetSize of job (KB)
...
006 (34672246.000.000) 2021-09-25 00:04:54 Image size of job updated: 1694
	1694  -  MemoryUsage of job (MB)
	1735124  -  ResidentSetSize of job (KB)
...
006 (34672246.000.000) 2021-09-25 00:05:54 Image size of job updated: 1695
	1695  -  MemoryUsage of job (MB)
	1735868  -  ResidentSetSize of job (KB)
...
006 (34672246.000.000) 2021-09-25 00:06:54 Image size of job updated: 1696
	1696  -  MemoryUsage of job (MB)
	1737332  -  ResidentSetSize of job (KB)
...
006 (34672246.000.000) 2021-09-25 00:07:54 Image size of job updated: 1699
	1699  -  MemoryUsage of job (MB)
	1739872  -  ResidentSetSize of job (KB)
...
006 (34672246.000.000) 2021-09-25 00:08:55 Image size of job updated: 1700
	1700  -  MemoryUsage of job (MB)
	1741788  -  ResidentSetSize of job (KB)
...
006 (34672246.000.000) 2021-09-25 00:09:56 Image size of job updated: 1701
	1701  -  MemoryUsage of job (MB)
	1742636  -  ResidentSetSize of job (KB)
...
006 (34672246.000.000) 2021-09-25 00:10:56 Image size of job updated: 1702
	1702  -  MemoryUsage of job (MB)
	1743240  -  ResidentSetSize of job (KB)
...
006 (34672246.000.000) 2021-09-25 00:11:56 Image size of job updated: 1703
	1703  -  MemoryUsage of job (MB)
	1744000  -  ResidentSetSize of job (KB)
...
006 (34672246.000.000) 2021-09-25 00:12:56 Image size of job updated: 1703
	1703  -  MemoryUsage of job (MB)
	1744608  -  ResidentSetSize of job (KB)
...
006 (34672246.000.000) 2021-09-25 00:13:57 Image size of job updated: 1704
	1704  -  MemoryUsage of job (MB)
	1745740  -  ResidentSetSize of job (KB)
...
006 (34672246.000.000) 2021-09-25 00:14:58 Image size of job updated: 1705
	1705  -  MemoryUsage of job (MB)
	1746348  -  ResidentSetSize of job (KB)
...
006 (34672246.000.000) 2021-09-25 00:15:59 Image size of job updated: 1705
	1705  -  MemoryUsage of job (MB)
	1746920  -  ResidentSetSize of job (KB)
...
006 (34672246.000.000) 2021-09-25 00:17:00 Image size of job updated: 1706
	1706  -  MemoryUsage of job (MB)
	1747484  -  ResidentSetSize of job (KB)
...
006 (34672246.000.000) 2021-09-25 00:18:00 Image size of job updated: 1706
	1706  -  MemoryUsage of job (MB)
	1747780  -  ResidentSetSize of job (KB)
...
006 (34672246.000.000) 2021-09-25 00:19:01 Image size of job updated: 1707
	1707  -  MemoryUsage of job (MB)
	1748444  -  ResidentSetSize of job (KB)
...
006 (34672246.000.000) 2021-09-25 00:20:02 Image size of job updated: 1708
	1708  -  MemoryUsage of job (MB)
	1749180  -  ResidentSetSize of job (KB)
...
006 (34672246.000.000) 2021-09-25 00:21:03 Image size of job updated: 1708
	1708  -  MemoryUsage of job (MB)
	1749568  -  ResidentSetSize of job (KB)
...
006 (34672246.000.000) 2021-09-25 00:22:03 Image size of job updated: 1709
	1709  -  MemoryUsage of job (MB)
	1750256  -  ResidentSetSize of job (KB)
...
006 (34672246.000.000) 2021-09-25 00:23:04 Image size of job updated: 1709
	1709  -  MemoryUsage of job (MB)
	1750896  -  ResidentSetSize of job (KB)
...
006 (34672246.000.000) 2021-09-25 00:24:04 Image size of job updated: 1710
	1710  -  MemoryUsage of job (MB)
	1751964  -  ResidentSetSize of job (KB)
...
006 (34672246.000.000) 2021-09-25 00:25:04 Image size of job updated: 1711
	1711  -  MemoryUsage of job (MB)
	1752984  -  ResidentSetSize of job (KB)
...
006 (34672246.000.000) 2021-09-25 00:26:04 Image size of job updated: 1712
	1712  -  MemoryUsage of job (MB)
	1753636  -  ResidentSetSize of job (KB)
...
006 (34672246.000.000) 2021-09-25 00:27:05 Image size of job updated: 1713
	1713  -  MemoryUsage of job (MB)
	1754428  -  ResidentSetSize of job (KB)
...
006 (34672246.000.000) 2021-09-25 00:28:05 Image size of job updated: 1714
	1714  -  MemoryUsage of job (MB)
	1755320  -  ResidentSetSize of job (KB)
...
006 (34672246.000.000) 2021-09-25 00:29:06 Image size of job updated: 1715
	1715  -  MemoryUsage of job (MB)
	1756472  -  ResidentSetSize of job (KB)
...
006 (34672246.000.000) 2021-09-25 00:30:07 Image size of job updated: 1716
	1716  -  MemoryUsage of job (MB)
	1757612  -  ResidentSetSize of job (KB)
...
006 (34672246.000.000) 2021-09-25 00:31:08 Image size of job updated: 1716
	1716  -  MemoryUsage of job (MB)
	1757716  -  ResidentSetSize of job (KB)
...
006 (34672246.000.000) 2021-09-25 00:32:09 Image size of job updated: 1716
	1716  -  MemoryUsage of job (MB)
	1758064  -  ResidentSetSize of job (KB)
...
006 (34672246.000.000) 2021-09-25 00:33:09 Image size of job updated: 1717
	1717  -  MemoryUsage of job (MB)
	1758784  -  ResidentSetSize of job (KB)
...
006 (34672246.000.000) 2021-09-25 00:34:09 Image size of job updated: 1718
	1718  -  MemoryUsage of job (MB)
	1759320  -  ResidentSetSize of job (KB)
...
006 (34672246.000.000) 2021-09-25 00:35:09 Image size of job updated: 1719
	1719  -  MemoryUsage of job (MB)
	1760424  -  ResidentSetSize of job (KB)
...
006 (34672246.000.000) 2021-09-25 00:36:10 Image size of job updated: 1720
	1720  -  MemoryUsage of job (MB)
	1761620  -  ResidentSetSize of job (KB)
...
006 (34672246.000.000) 2021-09-25 00:37:11 Image size of job updated: 1720
	1720  -  MemoryUsage of job (MB)
	1762048  -  ResidentSetSize of job (KB)
...
006 (34672246.000.000) 2021-09-25 00:38:12 Image size of job updated: 1721
	1721  -  MemoryUsage of job (MB)
	1762404  -  ResidentSetSize of job (KB)
...
006 (34672246.000.000) 2021-09-25 00:39:12 Image size of job updated: 1721
	1721  -  MemoryUsage of job (MB)
	1762468  -  ResidentSetSize of job (KB)
...
006 (34672246.000.000) 2021-09-25 00:40:13 Image size of job updated: 1721
	1721  -  MemoryUsage of job (MB)
	1762848  -  ResidentSetSize of job (KB)
...
006 (34672246.000.000) 2021-09-25 00:41:14 Image size of job updated: 1722
	1722  -  MemoryUsage of job (MB)
	1763476  -  ResidentSetSize of job (KB)
...
006 (34672246.000.000) 2021-09-25 00:42:15 Image size of job updated: 1722
	1722  -  MemoryUsage of job (MB)
	1763840  -  ResidentSetSize of job (KB)
...
006 (34672246.000.000) 2021-09-25 00:43:15 Image size of job updated: 1724
	1724  -  MemoryUsage of job (MB)
	1766024  -  ResidentSetSize of job (KB)
...
006 (34672246.000.000) 2021-09-25 00:44:16 Image size of job updated: 1725
	1725  -  MemoryUsage of job (MB)
	1766420  -  ResidentSetSize of job (KB)
...
006 (34672246.000.000) 2021-09-25 00:45:17 Image size of job updated: 1725
	1725  -  MemoryUsage of job (MB)
	1767060  -  ResidentSetSize of job (KB)
...
006 (34672246.000.000) 2021-09-25 00:46:18 Image size of job updated: 1726
	1726  -  MemoryUsage of job (MB)
	1767660  -  ResidentSetSize of job (KB)
...
006 (34672246.000.000) 2021-09-25 00:47:19 Image size of job updated: 1726
	1726  -  MemoryUsage of job (MB)
	1767788  -  ResidentSetSize of job (KB)
...
006 (34672246.000.000) 2021-09-25 00:48:20 Image size of job updated: 1727
	1727  -  MemoryUsage of job (MB)
	1768528  -  ResidentSetSize of job (KB)
...
006 (34672246.000.000) 2021-09-25 00:49:20 Image size of job updated: 1727
	1727  -  MemoryUsage of job (MB)
	1768916  -  ResidentSetSize of job (KB)
...
006 (34672246.000.000) 2021-09-25 00:50:21 Image size of job updated: 1727
	1727  -  MemoryUsage of job (MB)
	1769324  -  ResidentSetSize of job (KB)
...
006 (34672246.000.000) 2021-09-25 00:51:22 Image size of job updated: 1728
	1728  -  MemoryUsage of job (MB)
	1769784  -  ResidentSetSize of job (KB)
...
006 (34672246.000.000) 2021-09-25 00:52:23 Image size of job updated: 1728
	1728  -  MemoryUsage of job (MB)
	1770464  -  ResidentSetSize of job (KB)
...
006 (34672246.000.000) 2021-09-25 00:53:24 Image size of job updated: 1729
	1729  -  MemoryUsage of job (MB)
	1771172  -  ResidentSetSize of job (KB)
...
006 (34672246.000.000) 2021-09-25 00:55:24 Image size of job updated: 1730
	1730  -  MemoryUsage of job (MB)
	1771724  -  ResidentSetSize of job (KB)
...
006 (34672246.000.000) 2021-09-25 00:56:25 Image size of job updated: 1730
	1730  -  MemoryUsage of job (MB)
	1772132  -  ResidentSetSize of job (KB)
...
006 (34672246.000.000) 2021-09-25 00:57:26 Image size of job updated: 1731
	1731  -  MemoryUsage of job (MB)
	1772924  -  ResidentSetSize of job (KB)
...
006 (34672246.000.000) 2021-09-25 00:58:27 Image size of job updated: 1731
	1731  -  MemoryUsage of job (MB)
	1773460  -  ResidentSetSize of job (KB)
...
006 (34672246.000.000) 2021-09-25 00:59:28 Image size of job updated: 1731
	1731  -  MemoryUsage of job (MB)
	1773468  -  ResidentSetSize of job (KB)
...
006 (34672246.000.000) 2021-09-25 01:00:28 Image size of job updated: 1732
	1732  -  MemoryUsage of job (MB)
	1773988  -  ResidentSetSize of job (KB)
...
006 (34672246.000.000) 2021-09-25 01:01:28 Image size of job updated: 1732
	1732  -  MemoryUsage of job (MB)
	1774492  -  ResidentSetSize of job (KB)
...
006 (34672246.000.000) 2021-09-25 01:02:29 Image size of job updated: 1733
	1733  -  MemoryUsage of job (MB)
	1774788  -  ResidentSetSize of job (KB)
...
006 (34672246.000.000) 2021-09-25 01:03:29 Image size of job updated: 1733
	1733  -  MemoryUsage of job (MB)
	1775292  -  ResidentSetSize of job (KB)
...
006 (34672246.000.000) 2021-09-25 01:04:30 Image size of job updated: 1733
	1733  -  MemoryUsage of job (MB)
	1775300  -  ResidentSetSize of job (KB)
...
006 (34672246.000.000) 2021-09-25 01:05:30 Image size of job updated: 1734
	1734  -  MemoryUsage of job (MB)
	1775728  -  ResidentSetSize of job (KB)
...
006 (34672246.000.000) 2021-09-25 01:06:31 Image size of job updated: 1734
	1734  -  MemoryUsage of job (MB)
	1776240  -  ResidentSetSize of job (KB)
...
006 (34672246.000.000) 2021-09-25 01:07:32 Image size of job updated: 1735
	1735  -  MemoryUsage of job (MB)
	1776644  -  ResidentSetSize of job (KB)
...
006 (34672246.000.000) 2021-09-25 01:08:33 Image size of job updated: 1735
	1735  -  MemoryUsage of job (MB)
	1776764  -  ResidentSetSize of job (KB)
...
006 (34672246.000.000) 2021-09-25 01:09:34 Image size of job updated: 1735
	1735  -  MemoryUsage of job (MB)
	1777040  -  ResidentSetSize of job (KB)
...
006 (34672246.000.000) 2021-09-25 01:10:34 Image size of job updated: 1735
	1735  -  MemoryUsage of job (MB)
	1777548  -  ResidentSetSize of job (KB)
...
006 (34672246.000.000) 2021-09-25 01:11:35 Image size of job updated: 1735
	1735  -  MemoryUsage of job (MB)
	1777556  -  ResidentSetSize of job (KB)
...
006 (34672246.000.000) 2021-09-25 01:12:35 Image size of job updated: 1736
	1736  -  MemoryUsage of job (MB)
	1777908  -  ResidentSetSize of job (KB)
...
006 (34672246.000.000) 2021-09-25 01:13:36 Image size of job updated: 1736
	1736  -  MemoryUsage of job (MB)
	1778420  -  ResidentSetSize of job (KB)
...
006 (34672246.000.000) 2021-09-25 01:14:36 Image size of job updated: 1736
	1736  -  MemoryUsage of job (MB)
	1778428  -  ResidentSetSize of job (KB)
...
006 (34672246.000.000) 2021-09-25 01:15:36 Image size of job updated: 1737
	1737  -  MemoryUsage of job (MB)
	1778972  -  ResidentSetSize of job (KB)
...
006 (34672246.000.000) 2021-09-25 01:16:36 Image size of job updated: 1737
	1737  -  MemoryUsage of job (MB)
	1779172  -  ResidentSetSize of job (KB)
...
006 (34672246.000.000) 2021-09-25 01:17:36 Image size of job updated: 1737
	1737  -  MemoryUsage of job (MB)
	1779360  -  ResidentSetSize of job (KB)
...
006 (34672246.000.000) 2021-09-25 01:18:36 Image size of job updated: 1738
	1738  -  MemoryUsage of job (MB)
	1779876  -  ResidentSetSize of job (KB)
...
006 (34672246.000.000) 2021-09-25 01:19:36 Image size of job updated: 1738
	1738  -  MemoryUsage of job (MB)
	1780260  -  ResidentSetSize of job (KB)
...
006 (34672246.000.000) 2021-09-25 01:20:36 Image size of job updated: 1738
	1738  -  MemoryUsage of job (MB)
	1780392  -  ResidentSetSize of job (KB)
...
006 (34672246.000.000) 2021-09-25 01:21:36 Image size of job updated: 1739
	1739  -  MemoryUsage of job (MB)
	1781048  -  ResidentSetSize of job (KB)
...
006 (34672246.000.000) 2021-09-25 01:22:37 Image size of job updated: 1739
	1739  -  MemoryUsage of job (MB)
	1781492  -  ResidentSetSize of job (KB)
...
006 (34672246.000.000) 2021-09-25 01:23:38 Image size of job updated: 1739
	1739  -  MemoryUsage of job (MB)
	1781540  -  ResidentSetSize of job (KB)
...
006 (34672246.000.000) 2021-09-25 01:24:38 Image size of job updated: 1740
	1740  -  MemoryUsage of job (MB)
	1781860  -  ResidentSetSize of job (KB)
...
006 (34672246.000.000) 2021-09-25 01:25:38 Image size of job updated: 1740
	1740  -  MemoryUsage of job (MB)
	1782680  -  ResidentSetSize of job (KB)
...
006 (34672246.000.000) 2021-09-25 01:26:38 Image size of job updated: 1741
	1741  -  MemoryUsage of job (MB)
	1783512  -  ResidentSetSize of job (KB)
...
006 (34672246.000.000) 2021-09-25 01:27:39 Image size of job updated: 1741
	1741  -  MemoryUsage of job (MB)
	1783516  -  ResidentSetSize of job (KB)
...
006 (34672246.000.000) 2021-09-25 01:28:40 Image size of job updated: 1742
	1742  -  MemoryUsage of job (MB)
	1784752  -  ResidentSetSize of job (KB)
...
006 (34672246.000.000) 2021-09-25 01:29:41 Image size of job updated: 1743
	1743  -  MemoryUsage of job (MB)
	1784976  -  ResidentSetSize of job (KB)
...
006 (34672246.000.000) 2021-09-25 01:30:42 Image size of job updated: 1743
	1743  -  MemoryUsage of job (MB)
	1785680  -  ResidentSetSize of job (KB)
...
006 (34672246.000.000) 2021-09-25 01:31:43 Image size of job updated: 1744
	1744  -  MemoryUsage of job (MB)
	1786292  -  ResidentSetSize of job (KB)
...
006 (34672246.000.000) 2021-09-25 01:32:43 Image size of job updated: 1744
	1744  -  MemoryUsage of job (MB)
	1786408  -  ResidentSetSize of job (KB)
...
006 (34672246.000.000) 2021-09-25 01:33:44 Image size of job updated: 1744
	1744  -  MemoryUsage of job (MB)
	1786852  -  ResidentSetSize of job (KB)
...
006 (34672246.000.000) 2021-09-25 01:34:44 Image size of job updated: 1744
	1744  -  MemoryUsage of job (MB)
	1786856  -  ResidentSetSize of job (KB)
...
006 (34672246.000.000) 2021-09-25 01:35:46 Image size of job updated: 1745
	1745  -  MemoryUsage of job (MB)
	1787412  -  ResidentSetSize of job (KB)
...
006 (34672246.000.000) 2021-09-25 01:36:46 Image size of job updated: 1745
	1745  -  MemoryUsage of job (MB)
	1787416  -  ResidentSetSize of job (KB)
...
006 (34672246.000.000) 2021-09-25 01:37:47 Image size of job updated: 1746
	1746  -  MemoryUsage of job (MB)
	1787944  -  ResidentSetSize of job (KB)
...
006 (34672246.000.000) 2021-09-25 01:38:48 Image size of job updated: 1746
	1746  -  MemoryUsage of job (MB)
	1787952  -  ResidentSetSize of job (KB)
...
006 (34672246.000.000) 2021-09-25 01:39:49 Image size of job updated: 1746
	1746  -  MemoryUsage of job (MB)
	1788516  -  ResidentSetSize of job (KB)
...
006 (34672246.000.000) 2021-09-25 01:41:52 Image size of job updated: 1746
	1746  -  MemoryUsage of job (MB)
	1788788  -  ResidentSetSize of job (KB)
...
006 (34672246.000.000) 2021-09-25 01:43:54 Image size of job updated: 1747
	1747  -  MemoryUsage of job (MB)
	1789264  -  ResidentSetSize of job (KB)
...
006 (34672246.000.000) 2021-09-25 01:44:55 Image size of job updated: 1747
	1747  -  MemoryUsage of job (MB)
	1789268  -  ResidentSetSize of job (KB)
...
006 (34672246.000.000) 2021-09-25 01:45:55 Image size of job updated: 1747
	1747  -  MemoryUsage of job (MB)
	1789824  -  ResidentSetSize of job (KB)
...
006 (34672246.000.000) 2021-09-25 01:47:57 Image size of job updated: 1748
	1748  -  MemoryUsage of job (MB)
	1790364  -  ResidentSetSize of job (KB)
...
006 (34672246.000.000) 2021-09-25 01:48:57 Image size of job updated: 1748
	1748  -  MemoryUsage of job (MB)
	1790556  -  ResidentSetSize of job (KB)
...
006 (34672246.000.000) 2021-09-25 01:49:57 Image size of job updated: 1749
	1749  -  MemoryUsage of job (MB)
	1791008  -  ResidentSetSize of job (KB)
...
006 (34672246.000.000) 2021-09-25 01:50:57 Image size of job updated: 1749
	1749  -  MemoryUsage of job (MB)
	1791052  -  ResidentSetSize of job (KB)
...
006 (34672246.000.000) 2021-09-25 01:51:57 Image size of job updated: 1749
	1749  -  MemoryUsage of job (MB)
	1791444  -  ResidentSetSize of job (KB)
...
006 (34672246.000.000) 2021-09-25 01:53:59 Image size of job updated: 1750
	1750  -  MemoryUsage of job (MB)
	1792104  -  ResidentSetSize of job (KB)
...
006 (34672246.000.000) 2021-09-25 01:55:00 Image size of job updated: 1750
	1750  -  MemoryUsage of job (MB)
	1792328  -  ResidentSetSize of job (KB)
...
006 (34672246.000.000) 2021-09-25 01:56:01 Image size of job updated: 1750
	1750  -  MemoryUsage of job (MB)
	1792648  -  ResidentSetSize of job (KB)
...
006 (34672246.000.000) 2021-09-25 01:57:02 Image size of job updated: 1751
	1751  -  MemoryUsage of job (MB)
	1793248  -  ResidentSetSize of job (KB)
...
006 (34672246.000.000) 2021-09-25 01:58:03 Image size of job updated: 1751
	1751  -  MemoryUsage of job (MB)
	1793424  -  ResidentSetSize of job (KB)
...
006 (34672246.000.000) 2021-09-25 01:59:03 Image size of job updated: 1752
	1752  -  MemoryUsage of job (MB)
	1794248  -  ResidentSetSize of job (KB)
...
006 (34672246.000.000) 2021-09-25 02:01:03 Image size of job updated: 1752
	1752  -  MemoryUsage of job (MB)
	1794636  -  ResidentSetSize of job (KB)
...
006 (34672246.000.000) 2021-09-25 02:02:04 Image size of job updated: 1752
	1752  -  MemoryUsage of job (MB)
	1794640  -  ResidentSetSize of job (KB)
...
006 (34672246.000.000) 2021-09-25 02:03:05 Image size of job updated: 1753
	1753  -  MemoryUsage of job (MB)
	1795136  -  ResidentSetSize of job (KB)
...
006 (34672246.000.000) 2021-09-25 02:05:04 Image size of job updated: 1753
	1753  -  MemoryUsage of job (MB)
	1795396  -  ResidentSetSize of job (KB)
...
040 (34672246.000.000) 2021-09-25 02:05:04 Started transferring output files
...
040 (34672246.000.000) 2021-09-25 02:05:04 Finished transferring output files
...
005 (34672246.000.000) 2021-09-25 02:05:06 Job terminated.
	(1) Normal termination (return value 0)
		Usr 0 01:03:07, Sys 0 01:50:45  -  Run Remote Usage
		Usr 0 00:00:00, Sys 0 00:00:00  -  Run Local Usage
		Usr 0 01:57:10, Sys 0 02:20:54  -  Total Remote Usage
		Usr 0 00:00:00, Sys 0 00:00:00  -  Total Local Usage
	1221090  -  Run Bytes Sent By Job
	8471570  -  Run Bytes Received By Job
	1221090  -  Total Bytes Sent By Job
	8471570  -  Total Bytes Received By Job
	Partitionable Resources :    Usage  Request Allocated 
	   Cpus                 :     0.00        1         1 
	   Disk (KB)            : 20243       10000   1627927 
	   Memory (MB)          :  1753        2048      2048 

	Job terminated of its own accord at 2021-09-25T07:05:04Z.
...
