000 (34544841.000.000) 2021-09-16 05:43:49 Job submitted from host: <131.225.188.57:9618?addrs=131.225.188.57-9618&alias=lpcschedd2.fnal.gov&noUDP&sock=schedd_2251_93c6>
...
040 (34544841.000.000) 2021-09-16 05:54:06 Started transferring input files
	Transferring to host: <131.225.188.105:9618?addrs=131.225.188.105-9618&alias=cmswn2046.fnal.gov&noUDP&sock=slot1_3_810_77da_8584>
...
040 (34544841.000.000) 2021-09-16 05:54:06 Finished transferring input files
...
001 (34544841.000.000) 2021-09-16 05:54:07 Job executing on host: <131.225.188.105:9618?addrs=131.225.188.105-9618&alias=cmswn2046.fnal.gov&noUDP&sock=startd_1902_3138>
...
006 (34544841.000.000) 2021-09-16 05:54:16 Image size of job updated: 15
	15  -  MemoryUsage of job (MB)
	15432  -  ResidentSetSize of job (KB)
...
006 (34544841.000.000) 2021-09-16 05:55:16 Image size of job updated: 371
	371  -  MemoryUsage of job (MB)
	380004  -  ResidentSetSize of job (KB)
...
006 (34544841.000.000) 2021-09-16 05:56:17 Image size of job updated: 527
	527  -  MemoryUsage of job (MB)
	540172  -  ResidentSetSize of job (KB)
...
006 (34544841.000.000) 2021-09-16 06:00:18 Image size of job updated: 559
	559  -  MemoryUsage of job (MB)
	572748  -  ResidentSetSize of job (KB)
...
006 (34544841.000.000) 2021-09-16 06:01:19 Image size of job updated: 609
	609  -  MemoryUsage of job (MB)
	624164  -  ResidentSetSize of job (KB)
...
006 (34544841.000.000) 2021-09-16 06:02:20 Image size of job updated: 648
	648  -  MemoryUsage of job (MB)
	664352  -  ResidentSetSize of job (KB)
...
006 (34544841.000.000) 2021-09-16 06:03:21 Image size of job updated: 687
	687  -  MemoryUsage of job (MB)
	703608  -  ResidentSetSize of job (KB)
...
006 (34544841.000.000) 2021-09-16 06:04:23 Image size of job updated: 724
	724  -  MemoryUsage of job (MB)
	741732  -  ResidentSetSize of job (KB)
...
006 (34544841.000.000) 2021-09-16 06:05:24 Image size of job updated: 755
	755  -  MemoryUsage of job (MB)
	773868  -  ResidentSetSize of job (KB)
...
006 (34544841.000.000) 2021-09-16 06:06:25 Image size of job updated: 788
	788  -  MemoryUsage of job (MB)
	807272  -  ResidentSetSize of job (KB)
...
006 (34544841.000.000) 2021-09-16 06:07:26 Image size of job updated: 816
	816  -  MemoryUsage of job (MB)
	835964  -  ResidentSetSize of job (KB)
...
006 (34544841.000.000) 2021-09-16 06:08:27 Image size of job updated: 848
	848  -  MemoryUsage of job (MB)
	869012  -  ResidentSetSize of job (KB)
...
006 (34544841.000.000) 2021-09-16 06:09:27 Image size of job updated: 874
	874  -  MemoryUsage of job (MB)
	895116  -  ResidentSetSize of job (KB)
...
006 (34544841.000.000) 2021-09-16 06:10:28 Image size of job updated: 914
	914  -  MemoryUsage of job (MB)
	936460  -  ResidentSetSize of job (KB)
...
006 (34544841.000.000) 2021-09-16 06:11:29 Image size of job updated: 940
	940  -  MemoryUsage of job (MB)
	963092  -  ResidentSetSize of job (KB)
...
006 (34544841.000.000) 2021-09-16 06:12:30 Image size of job updated: 968
	968  -  MemoryUsage of job (MB)
	991512  -  ResidentSetSize of job (KB)
...
006 (34544841.000.000) 2021-09-16 06:13:30 Image size of job updated: 991
	991  -  MemoryUsage of job (MB)
	1015072  -  ResidentSetSize of job (KB)
...
006 (34544841.000.000) 2021-09-16 06:14:31 Image size of job updated: 1019
	1019  -  MemoryUsage of job (MB)
	1044060  -  ResidentSetSize of job (KB)
...
006 (34544841.000.000) 2021-09-16 06:15:34 Image size of job updated: 1045
	1045  -  MemoryUsage of job (MB)
	1070488  -  ResidentSetSize of job (KB)
...
006 (34544841.000.000) 2021-09-16 06:16:34 Image size of job updated: 1076
	1076  -  MemoryUsage of job (MB)
	1101992  -  ResidentSetSize of job (KB)
...
006 (34544841.000.000) 2021-09-16 06:17:35 Image size of job updated: 1099
	1099  -  MemoryUsage of job (MB)
	1125892  -  ResidentSetSize of job (KB)
...
006 (34544841.000.000) 2021-09-16 06:18:35 Image size of job updated: 1120
	1120  -  MemoryUsage of job (MB)
	1147096  -  ResidentSetSize of job (KB)
...
006 (34544841.000.000) 2021-09-16 06:19:35 Image size of job updated: 1139
	1139  -  MemoryUsage of job (MB)
	1167288  -  ResidentSetSize of job (KB)
...
006 (34544841.000.000) 2021-09-16 06:20:36 Image size of job updated: 1161
	1161  -  MemoryUsage of job (MB)
	1189776  -  ResidentSetSize of job (KB)
...
006 (34544841.000.000) 2021-09-16 06:21:38 Image size of job updated: 1183
	1183  -  MemoryUsage of job (MB)
	1211904  -  ResidentSetSize of job (KB)
...
006 (34544841.000.000) 2021-09-16 06:22:38 Image size of job updated: 1201
	1201  -  MemoryUsage of job (MB)
	1230496  -  ResidentSetSize of job (KB)
...
006 (34544841.000.000) 2021-09-16 06:23:39 Image size of job updated: 1221
	1221  -  MemoryUsage of job (MB)
	1251072  -  ResidentSetSize of job (KB)
...
006 (34544841.000.000) 2021-09-16 06:24:40 Image size of job updated: 1241
	1241  -  MemoryUsage of job (MB)
	1271408  -  ResidentSetSize of job (KB)
...
006 (34544841.000.000) 2021-09-16 06:25:41 Image size of job updated: 1259
	1259  -  MemoryUsage of job (MB)
	1289432  -  ResidentSetSize of job (KB)
...
006 (34544841.000.000) 2021-09-16 06:26:42 Image size of job updated: 1278
	1278  -  MemoryUsage of job (MB)
	1309352  -  ResidentSetSize of job (KB)
...
006 (34544841.000.000) 2021-09-16 06:27:43 Image size of job updated: 1295
	1295  -  MemoryUsage of job (MB)
	1326936  -  ResidentSetSize of job (KB)
...
006 (34544841.000.000) 2021-09-16 06:28:44 Image size of job updated: 1314
	1314  -  MemoryUsage of job (MB)
	1346272  -  ResidentSetSize of job (KB)
...
006 (34544841.000.000) 2021-09-16 06:29:44 Image size of job updated: 1331
	1331  -  MemoryUsage of job (MB)
	1363200  -  ResidentSetSize of job (KB)
...
006 (34544841.000.000) 2021-09-16 06:30:45 Image size of job updated: 1349
	1349  -  MemoryUsage of job (MB)
	1381480  -  ResidentSetSize of job (KB)
...
006 (34544841.000.000) 2021-09-16 06:31:45 Image size of job updated: 1365
	1365  -  MemoryUsage of job (MB)
	1398004  -  ResidentSetSize of job (KB)
...
006 (34544841.000.000) 2021-09-16 06:32:46 Image size of job updated: 1382
	1382  -  MemoryUsage of job (MB)
	1416096  -  ResidentSetSize of job (KB)
...
006 (34544841.000.000) 2021-09-16 06:33:47 Image size of job updated: 1398
	1398  -  MemoryUsage of job (MB)
	1432424  -  ResidentSetSize of job (KB)
...
006 (34544841.000.000) 2021-09-16 06:34:48 Image size of job updated: 1414
	1414  -  MemoryUsage of job (MB)
	1448436  -  ResidentSetSize of job (KB)
...
006 (34544841.000.000) 2021-09-16 06:35:48 Image size of job updated: 1431
	1431  -  MemoryUsage of job (MB)
	1466348  -  ResidentSetSize of job (KB)
...
006 (34544841.000.000) 2021-09-16 06:36:49 Image size of job updated: 1447
	1447  -  MemoryUsage of job (MB)
	1482008  -  ResidentSetSize of job (KB)
...
006 (34544841.000.000) 2021-09-16 06:37:51 Image size of job updated: 1464
	1464  -  MemoryUsage of job (MB)
	1499136  -  ResidentSetSize of job (KB)
...
006 (34544841.000.000) 2021-09-16 06:38:52 Image size of job updated: 1478
	1478  -  MemoryUsage of job (MB)
	1514180  -  ResidentSetSize of job (KB)
...
006 (34544841.000.000) 2021-09-16 06:39:53 Image size of job updated: 1494
	1494  -  MemoryUsage of job (MB)
	1530664  -  ResidentSetSize of job (KB)
...
006 (34544841.000.000) 2021-09-16 06:40:53 Image size of job updated: 1508
	1508  -  MemoryUsage of job (MB)
	1545064  -  ResidentSetSize of job (KB)
...
006 (34544841.000.000) 2021-09-16 06:41:54 Image size of job updated: 1524
	1524  -  MemoryUsage of job (MB)
	1561584  -  ResidentSetSize of job (KB)
...
006 (34544841.000.000) 2021-09-16 06:42:55 Image size of job updated: 1543
	1543  -  MemoryUsage of job (MB)
	1580176  -  ResidentSetSize of job (KB)
...
006 (34544841.000.000) 2021-09-16 06:43:55 Image size of job updated: 1655
	1655  -  MemoryUsage of job (MB)
	1694856  -  ResidentSetSize of job (KB)
...
006 (34544841.000.000) 2021-09-16 06:44:56 Image size of job updated: 1671
	1671  -  MemoryUsage of job (MB)
	1711712  -  ResidentSetSize of job (KB)
...
006 (34544841.000.000) 2021-09-16 06:45:57 Image size of job updated: 1678
	1678  -  MemoryUsage of job (MB)
	1718496  -  ResidentSetSize of job (KB)
...
006 (34544841.000.000) 2021-09-16 06:46:58 Image size of job updated: 1683
	1683  -  MemoryUsage of job (MB)
	1723692  -  ResidentSetSize of job (KB)
...
006 (34544841.000.000) 2021-09-16 06:47:59 Image size of job updated: 1687
	1687  -  MemoryUsage of job (MB)
	1728120  -  ResidentSetSize of job (KB)
...
006 (34544841.000.000) 2021-09-16 06:48:59 Image size of job updated: 1692
	1692  -  MemoryUsage of job (MB)
	1732836  -  ResidentSetSize of job (KB)
...
006 (34544841.000.000) 2021-09-16 06:50:00 Image size of job updated: 1697
	1697  -  MemoryUsage of job (MB)
	1737816  -  ResidentSetSize of job (KB)
...
006 (34544841.000.000) 2021-09-16 06:51:01 Image size of job updated: 1699
	1699  -  MemoryUsage of job (MB)
	1739916  -  ResidentSetSize of job (KB)
...
006 (34544841.000.000) 2021-09-16 06:52:01 Image size of job updated: 1702
	1702  -  MemoryUsage of job (MB)
	1742848  -  ResidentSetSize of job (KB)
...
006 (34544841.000.000) 2021-09-16 06:53:03 Image size of job updated: 1703
	1703  -  MemoryUsage of job (MB)
	1744820  -  ResidentSetSize of job (KB)
...
006 (34544841.000.000) 2021-09-16 06:54:03 Image size of job updated: 1705
	1705  -  MemoryUsage of job (MB)
	1746824  -  ResidentSetSize of job (KB)
...
006 (34544841.000.000) 2021-09-16 06:55:04 Image size of job updated: 1707
	1707  -  MemoryUsage of job (MB)
	1748656  -  ResidentSetSize of job (KB)
...
006 (34544841.000.000) 2021-09-16 06:56:05 Image size of job updated: 1709
	1709  -  MemoryUsage of job (MB)
	1750396  -  ResidentSetSize of job (KB)
...
006 (34544841.000.000) 2021-09-16 06:57:06 Image size of job updated: 1710
	1710  -  MemoryUsage of job (MB)
	1751184  -  ResidentSetSize of job (KB)
...
006 (34544841.000.000) 2021-09-16 06:58:06 Image size of job updated: 1711
	1711  -  MemoryUsage of job (MB)
	1752212  -  ResidentSetSize of job (KB)
...
006 (34544841.000.000) 2021-09-16 06:59:07 Image size of job updated: 1712
	1712  -  MemoryUsage of job (MB)
	1753484  -  ResidentSetSize of job (KB)
...
006 (34544841.000.000) 2021-09-16 07:00:08 Image size of job updated: 1713
	1713  -  MemoryUsage of job (MB)
	1754192  -  ResidentSetSize of job (KB)
...
006 (34544841.000.000) 2021-09-16 07:01:09 Image size of job updated: 1714
	1714  -  MemoryUsage of job (MB)
	1755316  -  ResidentSetSize of job (KB)
...
006 (34544841.000.000) 2021-09-16 07:02:11 Image size of job updated: 1714
	1714  -  MemoryUsage of job (MB)
	1755940  -  ResidentSetSize of job (KB)
...
006 (34544841.000.000) 2021-09-16 07:03:12 Image size of job updated: 1715
	1715  -  MemoryUsage of job (MB)
	1756616  -  ResidentSetSize of job (KB)
...
006 (34544841.000.000) 2021-09-16 07:04:13 Image size of job updated: 1716
	1716  -  MemoryUsage of job (MB)
	1757716  -  ResidentSetSize of job (KB)
...
006 (34544841.000.000) 2021-09-16 07:05:13 Image size of job updated: 1717
	1717  -  MemoryUsage of job (MB)
	1758328  -  ResidentSetSize of job (KB)
...
006 (34544841.000.000) 2021-09-16 07:06:13 Image size of job updated: 1717
	1717  -  MemoryUsage of job (MB)
	1758944  -  ResidentSetSize of job (KB)
...
006 (34544841.000.000) 2021-09-16 07:07:14 Image size of job updated: 1718
	1718  -  MemoryUsage of job (MB)
	1759600  -  ResidentSetSize of job (KB)
...
006 (34544841.000.000) 2021-09-16 07:08:14 Image size of job updated: 1719
	1719  -  MemoryUsage of job (MB)
	1761008  -  ResidentSetSize of job (KB)
...
006 (34544841.000.000) 2021-09-16 07:09:14 Image size of job updated: 1720
	1720  -  MemoryUsage of job (MB)
	1761508  -  ResidentSetSize of job (KB)
...
006 (34544841.000.000) 2021-09-16 07:10:14 Image size of job updated: 1721
	1721  -  MemoryUsage of job (MB)
	1762464  -  ResidentSetSize of job (KB)
...
006 (34544841.000.000) 2021-09-16 07:11:15 Image size of job updated: 1721
	1721  -  MemoryUsage of job (MB)
	1763308  -  ResidentSetSize of job (KB)
...
006 (34544841.000.000) 2021-09-16 07:12:16 Image size of job updated: 1723
	1723  -  MemoryUsage of job (MB)
	1764544  -  ResidentSetSize of job (KB)
...
006 (34544841.000.000) 2021-09-16 07:13:16 Image size of job updated: 1724
	1724  -  MemoryUsage of job (MB)
	1765656  -  ResidentSetSize of job (KB)
...
006 (34544841.000.000) 2021-09-16 07:14:16 Image size of job updated: 1725
	1725  -  MemoryUsage of job (MB)
	1766628  -  ResidentSetSize of job (KB)
...
006 (34544841.000.000) 2021-09-16 07:15:16 Image size of job updated: 1727
	1727  -  MemoryUsage of job (MB)
	1768780  -  ResidentSetSize of job (KB)
...
006 (34544841.000.000) 2021-09-16 07:16:18 Image size of job updated: 1727
	1727  -  MemoryUsage of job (MB)
	1768980  -  ResidentSetSize of job (KB)
...
006 (34544841.000.000) 2021-09-16 07:17:18 Image size of job updated: 1728
	1728  -  MemoryUsage of job (MB)
	1769604  -  ResidentSetSize of job (KB)
...
006 (34544841.000.000) 2021-09-16 07:18:19 Image size of job updated: 1728
	1728  -  MemoryUsage of job (MB)
	1770492  -  ResidentSetSize of job (KB)
...
006 (34544841.000.000) 2021-09-16 07:19:20 Image size of job updated: 1729
	1729  -  MemoryUsage of job (MB)
	1771220  -  ResidentSetSize of job (KB)
...
006 (34544841.000.000) 2021-09-16 07:20:20 Image size of job updated: 1730
	1730  -  MemoryUsage of job (MB)
	1771712  -  ResidentSetSize of job (KB)
...
006 (34544841.000.000) 2021-09-16 07:21:20 Image size of job updated: 1730
	1730  -  MemoryUsage of job (MB)
	1772248  -  ResidentSetSize of job (KB)
...
006 (34544841.000.000) 2021-09-16 07:22:20 Image size of job updated: 1731
	1731  -  MemoryUsage of job (MB)
	1772644  -  ResidentSetSize of job (KB)
...
006 (34544841.000.000) 2021-09-16 07:23:20 Image size of job updated: 1732
	1732  -  MemoryUsage of job (MB)
	1773660  -  ResidentSetSize of job (KB)
...
006 (34544841.000.000) 2021-09-16 07:24:21 Image size of job updated: 1732
	1732  -  MemoryUsage of job (MB)
	1774036  -  ResidentSetSize of job (KB)
...
006 (34544841.000.000) 2021-09-16 07:25:22 Image size of job updated: 1732
	1732  -  MemoryUsage of job (MB)
	1774556  -  ResidentSetSize of job (KB)
...
006 (34544841.000.000) 2021-09-16 07:26:22 Image size of job updated: 1733
	1733  -  MemoryUsage of job (MB)
	1774856  -  ResidentSetSize of job (KB)
...
006 (34544841.000.000) 2021-09-16 07:27:23 Image size of job updated: 1733
	1733  -  MemoryUsage of job (MB)
	1775424  -  ResidentSetSize of job (KB)
...
006 (34544841.000.000) 2021-09-16 07:28:24 Image size of job updated: 1734
	1734  -  MemoryUsage of job (MB)
	1776300  -  ResidentSetSize of job (KB)
...
006 (34544841.000.000) 2021-09-16 07:29:25 Image size of job updated: 1735
	1735  -  MemoryUsage of job (MB)
	1776980  -  ResidentSetSize of job (KB)
...
006 (34544841.000.000) 2021-09-16 07:30:25 Image size of job updated: 1735
	1735  -  MemoryUsage of job (MB)
	1777424  -  ResidentSetSize of job (KB)
...
006 (34544841.000.000) 2021-09-16 07:31:25 Image size of job updated: 1736
	1736  -  MemoryUsage of job (MB)
	1777844  -  ResidentSetSize of job (KB)
...
006 (34544841.000.000) 2021-09-16 07:32:26 Image size of job updated: 1736
	1736  -  MemoryUsage of job (MB)
	1778460  -  ResidentSetSize of job (KB)
...
006 (34544841.000.000) 2021-09-16 07:33:27 Image size of job updated: 1737
	1737  -  MemoryUsage of job (MB)
	1779072  -  ResidentSetSize of job (KB)
...
006 (34544841.000.000) 2021-09-16 07:34:27 Image size of job updated: 1737
	1737  -  MemoryUsage of job (MB)
	1779428  -  ResidentSetSize of job (KB)
...
006 (34544841.000.000) 2021-09-16 07:35:29 Image size of job updated: 1738
	1738  -  MemoryUsage of job (MB)
	1780024  -  ResidentSetSize of job (KB)
...
006 (34544841.000.000) 2021-09-16 07:36:30 Image size of job updated: 1738
	1738  -  MemoryUsage of job (MB)
	1780448  -  ResidentSetSize of job (KB)
...
006 (34544841.000.000) 2021-09-16 07:37:30 Image size of job updated: 1739
	1739  -  MemoryUsage of job (MB)
	1781256  -  ResidentSetSize of job (KB)
...
006 (34544841.000.000) 2021-09-16 07:38:30 Image size of job updated: 1739
	1739  -  MemoryUsage of job (MB)
	1781736  -  ResidentSetSize of job (KB)
...
006 (34544841.000.000) 2021-09-16 07:39:31 Image size of job updated: 1740
	1740  -  MemoryUsage of job (MB)
	1782172  -  ResidentSetSize of job (KB)
...
006 (34544841.000.000) 2021-09-16 07:40:32 Image size of job updated: 1740
	1740  -  MemoryUsage of job (MB)
	1782696  -  ResidentSetSize of job (KB)
...
006 (34544841.000.000) 2021-09-16 07:41:32 Image size of job updated: 1741
	1741  -  MemoryUsage of job (MB)
	1782932  -  ResidentSetSize of job (KB)
...
006 (34544841.000.000) 2021-09-16 07:42:33 Image size of job updated: 1741
	1741  -  MemoryUsage of job (MB)
	1783704  -  ResidentSetSize of job (KB)
...
006 (34544841.000.000) 2021-09-16 07:43:34 Image size of job updated: 1742
	1742  -  MemoryUsage of job (MB)
	1784336  -  ResidentSetSize of job (KB)
...
006 (34544841.000.000) 2021-09-16 07:44:34 Image size of job updated: 1743
	1743  -  MemoryUsage of job (MB)
	1784912  -  ResidentSetSize of job (KB)
...
006 (34544841.000.000) 2021-09-16 07:45:34 Image size of job updated: 1743
	1743  -  MemoryUsage of job (MB)
	1785184  -  ResidentSetSize of job (KB)
...
006 (34544841.000.000) 2021-09-16 07:46:35 Image size of job updated: 1743
	1743  -  MemoryUsage of job (MB)
	1785592  -  ResidentSetSize of job (KB)
...
006 (34544841.000.000) 2021-09-16 07:47:35 Image size of job updated: 1744
	1744  -  MemoryUsage of job (MB)
	1786544  -  ResidentSetSize of job (KB)
...
006 (34544841.000.000) 2021-09-16 07:48:36 Image size of job updated: 1745
	1745  -  MemoryUsage of job (MB)
	1787244  -  ResidentSetSize of job (KB)
...
006 (34544841.000.000) 2021-09-16 07:49:36 Image size of job updated: 1745
	1745  -  MemoryUsage of job (MB)
	1787452  -  ResidentSetSize of job (KB)
...
006 (34544841.000.000) 2021-09-16 07:50:37 Image size of job updated: 1746
	1746  -  MemoryUsage of job (MB)
	1787928  -  ResidentSetSize of job (KB)
...
006 (34544841.000.000) 2021-09-16 07:51:37 Image size of job updated: 1746
	1746  -  MemoryUsage of job (MB)
	1788576  -  ResidentSetSize of job (KB)
...
006 (34544841.000.000) 2021-09-16 07:52:38 Image size of job updated: 1747
	1747  -  MemoryUsage of job (MB)
	1789208  -  ResidentSetSize of job (KB)
...
006 (34544841.000.000) 2021-09-16 07:53:38 Image size of job updated: 1747
	1747  -  MemoryUsage of job (MB)
	1789288  -  ResidentSetSize of job (KB)
...
006 (34544841.000.000) 2021-09-16 07:54:39 Image size of job updated: 1748
	1748  -  MemoryUsage of job (MB)
	1790140  -  ResidentSetSize of job (KB)
...
040 (34544841.000.000) 2021-09-16 07:54:58 Started transferring output files
...
040 (34544841.000.000) 2021-09-16 07:54:58 Finished transferring output files
...
005 (34544841.000.000) 2021-09-16 07:55:00 Job terminated.
	(1) Normal termination (return value 0)
		Usr 0 00:00:00, Sys 0 00:00:00  -  Run Remote Usage
		Usr 0 00:00:00, Sys 0 00:00:00  -  Run Local Usage
		Usr 0 01:02:08, Sys 0 00:51:29  -  Total Remote Usage
		Usr 0 00:00:00, Sys 0 00:00:00  -  Total Local Usage
	1221077  -  Run Bytes Sent By Job
	8471562  -  Run Bytes Received By Job
	1221077  -  Total Bytes Sent By Job
	8471562  -  Total Bytes Received By Job
	Partitionable Resources :    Usage  Request Allocated 
	   Cpus                 :     0.00        1         1 
	   Disk (KB)            : 21344       10000   1622238 
	   Memory (MB)          :  1748        2048      2048 

	Job terminated of its own accord at 2021-09-16T12:54:58Z.
...
000 (73445397.000.000) 2021-09-24 22:28:57 Job submitted from host: <131.225.188.235:9618?addrs=131.225.188.235-9618&alias=lpcschedd3.fnal.gov&noUDP&sock=schedd_2706_ab5d>
...
040 (73445397.000.000) 2021-09-25 01:02:50 Started transferring input files
	Transferring to host: <131.225.206.197:9618?addrs=131.225.206.197-9618&alias=cmswn1822.fnal.gov&noUDP&sock=slot1_5_1226_93eb_5797>
...
040 (73445397.000.000) 2021-09-25 01:02:51 Finished transferring input files
...
001 (73445397.000.000) 2021-09-25 01:02:52 Job executing on host: <131.225.206.197:9618?addrs=131.225.206.197-9618&alias=cmswn1822.fnal.gov&noUDP&sock=startd_1137_7745>
...
006 (73445397.000.000) 2021-09-25 01:03:00 Image size of job updated: 63
	63  -  MemoryUsage of job (MB)
	64940  -  ResidentSetSize of job (KB)
...
006 (73445397.000.000) 2021-09-25 01:04:00 Image size of job updated: 555
	555  -  MemoryUsage of job (MB)
	568948  -  ResidentSetSize of job (KB)
...
006 (73445397.000.000) 2021-09-25 01:09:03 Image size of job updated: 590
	590  -  MemoryUsage of job (MB)
	604508  -  ResidentSetSize of job (KB)
...
006 (73445397.000.000) 2021-09-25 01:10:03 Image size of job updated: 629
	629  -  MemoryUsage of job (MB)
	644716  -  ResidentSetSize of job (KB)
...
006 (73445397.000.000) 2021-09-25 01:11:04 Image size of job updated: 663
	663  -  MemoryUsage of job (MB)
	679440  -  ResidentSetSize of job (KB)
...
006 (73445397.000.000) 2021-09-25 01:12:04 Image size of job updated: 695
	695  -  MemoryUsage of job (MB)
	712220  -  ResidentSetSize of job (KB)
...
006 (73445397.000.000) 2021-09-25 01:13:04 Image size of job updated: 726
	726  -  MemoryUsage of job (MB)
	744332  -  ResidentSetSize of job (KB)
...
006 (73445397.000.000) 2021-09-25 01:14:05 Image size of job updated: 755
	755  -  MemoryUsage of job (MB)
	774052  -  ResidentSetSize of job (KB)
...
006 (73445397.000.000) 2021-09-25 01:15:05 Image size of job updated: 780
	780  -  MemoryUsage of job (MB)
	799660  -  ResidentSetSize of job (KB)
...
006 (73445397.000.000) 2021-09-25 01:16:05 Image size of job updated: 808
	808  -  MemoryUsage of job (MB)
	827596  -  ResidentSetSize of job (KB)
...
006 (73445397.000.000) 2021-09-25 01:17:06 Image size of job updated: 833
	833  -  MemoryUsage of job (MB)
	853512  -  ResidentSetSize of job (KB)
...
006 (73445397.000.000) 2021-09-25 01:18:06 Image size of job updated: 859
	859  -  MemoryUsage of job (MB)
	880328  -  ResidentSetSize of job (KB)
...
006 (73445397.000.000) 2021-09-25 01:19:06 Image size of job updated: 895
	895  -  MemoryUsage of job (MB)
	916876  -  ResidentSetSize of job (KB)
...
006 (73445397.000.000) 2021-09-25 01:20:07 Image size of job updated: 917
	917  -  MemoryUsage of job (MB)
	939948  -  ResidentSetSize of job (KB)
...
006 (73445397.000.000) 2021-09-25 01:21:07 Image size of job updated: 941
	941  -  MemoryUsage of job (MB)
	964312  -  ResidentSetSize of job (KB)
...
006 (73445397.000.000) 2021-09-25 01:22:07 Image size of job updated: 963
	963  -  MemoryUsage of job (MB)
	987032  -  ResidentSetSize of job (KB)
...
006 (73445397.000.000) 2021-09-25 01:23:08 Image size of job updated: 984
	984  -  MemoryUsage of job (MB)
	1008572  -  ResidentSetSize of job (KB)
...
006 (73445397.000.000) 2021-09-25 01:24:08 Image size of job updated: 1006
	1006  -  MemoryUsage of job (MB)
	1030580  -  ResidentSetSize of job (KB)
...
006 (73445397.000.000) 2021-09-25 01:25:08 Image size of job updated: 1029
	1029  -  MemoryUsage of job (MB)
	1054064  -  ResidentSetSize of job (KB)
...
006 (73445397.000.000) 2021-09-25 01:26:09 Image size of job updated: 1052
	1052  -  MemoryUsage of job (MB)
	1077436  -  ResidentSetSize of job (KB)
...
006 (73445397.000.000) 2021-09-25 01:27:09 Image size of job updated: 1078
	1078  -  MemoryUsage of job (MB)
	1104712  -  ResidentSetSize of job (KB)
...
006 (73445397.000.000) 2021-09-25 01:28:10 Image size of job updated: 1097
	1097  -  MemoryUsage of job (MB)
	1123900  -  ResidentSetSize of job (KB)
...
006 (73445397.000.000) 2021-09-25 01:29:11 Image size of job updated: 1115
	1115  -  MemoryUsage of job (MB)
	1142644  -  ResidentSetSize of job (KB)
...
006 (73445397.000.000) 2021-09-25 01:30:11 Image size of job updated: 1134
	1134  -  MemoryUsage of job (MB)
	1161312  -  ResidentSetSize of job (KB)
...
006 (73445397.000.000) 2021-09-25 01:31:11 Image size of job updated: 1152
	1152  -  MemoryUsage of job (MB)
	1180208  -  ResidentSetSize of job (KB)
...
006 (73445397.000.000) 2021-09-25 01:32:12 Image size of job updated: 1169
	1169  -  MemoryUsage of job (MB)
	1197972  -  ResidentSetSize of job (KB)
...
006 (73445397.000.000) 2021-09-25 01:33:12 Image size of job updated: 1186
	1186  -  MemoryUsage of job (MB)
	1215456  -  ResidentSetSize of job (KB)
...
006 (73445397.000.000) 2021-09-25 01:34:12 Image size of job updated: 1203
	1203  -  MemoryUsage of job (MB)
	1232740  -  ResidentSetSize of job (KB)
...
006 (73445397.000.000) 2021-09-25 01:35:13 Image size of job updated: 1220
	1220  -  MemoryUsage of job (MB)
	1249676  -  ResidentSetSize of job (KB)
...
006 (73445397.000.000) 2021-09-25 01:36:13 Image size of job updated: 1235
	1235  -  MemoryUsage of job (MB)
	1264692  -  ResidentSetSize of job (KB)
...
006 (73445397.000.000) 2021-09-25 01:37:13 Image size of job updated: 1250
	1250  -  MemoryUsage of job (MB)
	1281016  -  ResidentSetSize of job (KB)
...
006 (73445397.000.000) 2021-09-25 01:38:14 Image size of job updated: 1267
	1267  -  MemoryUsage of job (MB)
	1297516  -  ResidentSetSize of job (KB)
...
006 (73445397.000.000) 2021-09-25 01:39:14 Image size of job updated: 1282
	1282  -  MemoryUsage of job (MB)
	1313788  -  ResidentSetSize of job (KB)
...
006 (73445397.000.000) 2021-09-25 01:40:14 Image size of job updated: 1299
	1299  -  MemoryUsage of job (MB)
	1330280  -  ResidentSetSize of job (KB)
...
006 (73445397.000.000) 2021-09-25 01:41:15 Image size of job updated: 1315
	1315  -  MemoryUsage of job (MB)
	1346692  -  ResidentSetSize of job (KB)
...
006 (73445397.000.000) 2021-09-25 01:42:15 Image size of job updated: 1330
	1330  -  MemoryUsage of job (MB)
	1362712  -  ResidentSetSize of job (KB)
...
006 (73445397.000.000) 2021-09-25 01:43:16 Image size of job updated: 1346
	1346  -  MemoryUsage of job (MB)
	1378612  -  ResidentSetSize of job (KB)
...
006 (73445397.000.000) 2021-09-25 01:44:17 Image size of job updated: 1361
	1361  -  MemoryUsage of job (MB)
	1394244  -  ResidentSetSize of job (KB)
...
006 (73445397.000.000) 2021-09-25 01:45:17 Image size of job updated: 1376
	1376  -  MemoryUsage of job (MB)
	1410040  -  ResidentSetSize of job (KB)
...
006 (73445397.000.000) 2021-09-25 01:46:18 Image size of job updated: 1392
	1392  -  MemoryUsage of job (MB)
	1425804  -  ResidentSetSize of job (KB)
...
006 (73445397.000.000) 2021-09-25 01:47:19 Image size of job updated: 1407
	1407  -  MemoryUsage of job (MB)
	1441384  -  ResidentSetSize of job (KB)
...
006 (73445397.000.000) 2021-09-25 01:48:19 Image size of job updated: 1422
	1422  -  MemoryUsage of job (MB)
	1456876  -  ResidentSetSize of job (KB)
...
006 (73445397.000.000) 2021-09-25 01:49:20 Image size of job updated: 1437
	1437  -  MemoryUsage of job (MB)
	1472236  -  ResidentSetSize of job (KB)
...
006 (73445397.000.000) 2021-09-25 01:50:21 Image size of job updated: 1452
	1452  -  MemoryUsage of job (MB)
	1487452  -  ResidentSetSize of job (KB)
...
006 (73445397.000.000) 2021-09-25 01:51:21 Image size of job updated: 1467
	1467  -  MemoryUsage of job (MB)
	1502488  -  ResidentSetSize of job (KB)
...
006 (73445397.000.000) 2021-09-25 01:52:22 Image size of job updated: 1481
	1481  -  MemoryUsage of job (MB)
	1517324  -  ResidentSetSize of job (KB)
...
006 (73445397.000.000) 2021-09-25 01:53:23 Image size of job updated: 1496
	1496  -  MemoryUsage of job (MB)
	1531928  -  ResidentSetSize of job (KB)
...
006 (73445397.000.000) 2021-09-25 01:54:23 Image size of job updated: 1510
	1510  -  MemoryUsage of job (MB)
	1546312  -  ResidentSetSize of job (KB)
...
006 (73445397.000.000) 2021-09-25 01:55:24 Image size of job updated: 1524
	1524  -  MemoryUsage of job (MB)
	1560736  -  ResidentSetSize of job (KB)
...
006 (73445397.000.000) 2021-09-25 01:56:25 Image size of job updated: 1542
	1542  -  MemoryUsage of job (MB)
	1579244  -  ResidentSetSize of job (KB)
...
006 (73445397.000.000) 2021-09-25 01:57:25 Image size of job updated: 1633
	1633  -  MemoryUsage of job (MB)
	1673180  -  ResidentSetSize of job (KB)
...
006 (73445397.000.000) 2021-09-25 01:58:26 Image size of job updated: 1676
	1676  -  MemoryUsage of job (MB)
	1716752  -  ResidentSetSize of job (KB)
...
006 (73445397.000.000) 2021-09-25 01:59:27 Image size of job updated: 1687
	1687  -  MemoryUsage of job (MB)
	1727868  -  ResidentSetSize of job (KB)
...
006 (73445397.000.000) 2021-09-25 02:00:27 Image size of job updated: 1691
	1691  -  MemoryUsage of job (MB)
	1732028  -  ResidentSetSize of job (KB)
...
006 (73445397.000.000) 2021-09-25 02:01:28 Image size of job updated: 1696
	1696  -  MemoryUsage of job (MB)
	1737080  -  ResidentSetSize of job (KB)
...
006 (73445397.000.000) 2021-09-25 02:02:29 Image size of job updated: 1699
	1699  -  MemoryUsage of job (MB)
	1740448  -  ResidentSetSize of job (KB)
...
006 (73445397.000.000) 2021-09-25 02:03:29 Image size of job updated: 1702
	1702  -  MemoryUsage of job (MB)
	1743440  -  ResidentSetSize of job (KB)
...
006 (73445397.000.000) 2021-09-25 02:04:30 Image size of job updated: 1705
	1705  -  MemoryUsage of job (MB)
	1746200  -  ResidentSetSize of job (KB)
...
006 (73445397.000.000) 2021-09-25 02:05:31 Image size of job updated: 1708
	1708  -  MemoryUsage of job (MB)
	1749756  -  ResidentSetSize of job (KB)
...
006 (73445397.000.000) 2021-09-25 02:06:31 Image size of job updated: 1710
	1710  -  MemoryUsage of job (MB)
	1751608  -  ResidentSetSize of job (KB)
...
006 (73445397.000.000) 2021-09-25 02:07:32 Image size of job updated: 1712
	1712  -  MemoryUsage of job (MB)
	1753648  -  ResidentSetSize of job (KB)
...
006 (73445397.000.000) 2021-09-25 02:08:33 Image size of job updated: 1714
	1714  -  MemoryUsage of job (MB)
	1755392  -  ResidentSetSize of job (KB)
...
006 (73445397.000.000) 2021-09-25 02:09:33 Image size of job updated: 1719
	1719  -  MemoryUsage of job (MB)
	1760436  -  ResidentSetSize of job (KB)
...
006 (73445397.000.000) 2021-09-25 02:10:34 Image size of job updated: 1720
	1720  -  MemoryUsage of job (MB)
	1762104  -  ResidentSetSize of job (KB)
...
006 (73445397.000.000) 2021-09-25 02:11:35 Image size of job updated: 1722
	1722  -  MemoryUsage of job (MB)
	1764332  -  ResidentSetSize of job (KB)
...
006 (73445397.000.000) 2021-09-25 02:12:35 Image size of job updated: 1724
	1724  -  MemoryUsage of job (MB)
	1765744  -  ResidentSetSize of job (KB)
...
006 (73445397.000.000) 2021-09-25 02:13:36 Image size of job updated: 1726
	1726  -  MemoryUsage of job (MB)
	1767632  -  ResidentSetSize of job (KB)
...
006 (73445397.000.000) 2021-09-25 02:14:36 Image size of job updated: 1728
	1728  -  MemoryUsage of job (MB)
	1769620  -  ResidentSetSize of job (KB)
...
006 (73445397.000.000) 2021-09-25 02:15:36 Image size of job updated: 1729
	1729  -  MemoryUsage of job (MB)
	1771008  -  ResidentSetSize of job (KB)
...
006 (73445397.000.000) 2021-09-25 02:16:37 Image size of job updated: 1731
	1731  -  MemoryUsage of job (MB)
	1772676  -  ResidentSetSize of job (KB)
...
006 (73445397.000.000) 2021-09-25 02:17:37 Image size of job updated: 1733
	1733  -  MemoryUsage of job (MB)
	1774884  -  ResidentSetSize of job (KB)
...
006 (73445397.000.000) 2021-09-25 02:18:37 Image size of job updated: 1734
	1734  -  MemoryUsage of job (MB)
	1775876  -  ResidentSetSize of job (KB)
...
006 (73445397.000.000) 2021-09-25 02:19:38 Image size of job updated: 1735
	1735  -  MemoryUsage of job (MB)
	1777504  -  ResidentSetSize of job (KB)
...
006 (73445397.000.000) 2021-09-25 02:20:38 Image size of job updated: 1737
	1737  -  MemoryUsage of job (MB)
	1779276  -  ResidentSetSize of job (KB)
...
006 (73445397.000.000) 2021-09-25 02:21:39 Image size of job updated: 1738
	1738  -  MemoryUsage of job (MB)
	1780260  -  ResidentSetSize of job (KB)
...
006 (73445397.000.000) 2021-09-25 02:22:40 Image size of job updated: 1739
	1739  -  MemoryUsage of job (MB)
	1781744  -  ResidentSetSize of job (KB)
...
006 (73445397.000.000) 2021-09-25 02:23:40 Image size of job updated: 1741
	1741  -  MemoryUsage of job (MB)
	1782932  -  ResidentSetSize of job (KB)
...
006 (73445397.000.000) 2021-09-25 02:24:41 Image size of job updated: 1742
	1742  -  MemoryUsage of job (MB)
	1784624  -  ResidentSetSize of job (KB)
...
006 (73445397.000.000) 2021-09-25 02:25:42 Image size of job updated: 1744
	1744  -  MemoryUsage of job (MB)
	1785876  -  ResidentSetSize of job (KB)
...
006 (73445397.000.000) 2021-09-25 02:26:42 Image size of job updated: 1745
	1745  -  MemoryUsage of job (MB)
	1787224  -  ResidentSetSize of job (KB)
...
006 (73445397.000.000) 2021-09-25 02:27:43 Image size of job updated: 1746
	1746  -  MemoryUsage of job (MB)
	1787908  -  ResidentSetSize of job (KB)
...
006 (73445397.000.000) 2021-09-25 02:28:44 Image size of job updated: 1747
	1747  -  MemoryUsage of job (MB)
	1789204  -  ResidentSetSize of job (KB)
...
006 (73445397.000.000) 2021-09-25 02:29:44 Image size of job updated: 1748
	1748  -  MemoryUsage of job (MB)
	1790336  -  ResidentSetSize of job (KB)
...
006 (73445397.000.000) 2021-09-25 02:30:44 Image size of job updated: 1749
	1749  -  MemoryUsage of job (MB)
	1791680  -  ResidentSetSize of job (KB)
...
006 (73445397.000.000) 2021-09-25 02:31:45 Image size of job updated: 1750
	1750  -  MemoryUsage of job (MB)
	1792784  -  ResidentSetSize of job (KB)
...
006 (73445397.000.000) 2021-09-25 02:32:46 Image size of job updated: 1751
	1751  -  MemoryUsage of job (MB)
	1793904  -  ResidentSetSize of job (KB)
...
006 (73445397.000.000) 2021-09-25 02:33:46 Image size of job updated: 1752
	1752  -  MemoryUsage of job (MB)
	1794888  -  ResidentSetSize of job (KB)
...
006 (73445397.000.000) 2021-09-25 02:34:47 Image size of job updated: 1753
	1753  -  MemoryUsage of job (MB)
	1795636  -  ResidentSetSize of job (KB)
...
006 (73445397.000.000) 2021-09-25 02:35:48 Image size of job updated: 1754
	1754  -  MemoryUsage of job (MB)
	1796664  -  ResidentSetSize of job (KB)
...
040 (73445397.000.000) 2021-09-25 02:35:51 Started transferring output files
...
040 (73445397.000.000) 2021-09-25 02:35:51 Finished transferring output files
...
005 (73445397.000.000) 2021-09-25 02:35:53 Job terminated.
	(1) Normal termination (return value 0)
		Usr 0 00:00:00, Sys 0 00:00:00  -  Run Remote Usage
		Usr 0 00:00:00, Sys 0 00:00:00  -  Run Local Usage
		Usr 0 01:01:34, Sys 0 00:24:46  -  Total Remote Usage
		Usr 0 00:00:00, Sys 0 00:00:00  -  Total Local Usage
	1228354  -  Run Bytes Sent By Job
	8471570  -  Run Bytes Received By Job
	1228354  -  Total Bytes Sent By Job
	8471570  -  Total Bytes Received By Job
	Partitionable Resources :    Usage  Request Allocated 
	   Cpus                 :     0.00        1         1 
	   Disk (KB)            : 23095       10000    322159 
	   Memory (MB)          :  1754        2048      2048 

	Job terminated of its own accord at 2021-09-25T07:35:51Z.
...
