000 (34544872.000.000) 2021-09-16 05:43:56 Job submitted from host: <131.225.188.57:9618?addrs=131.225.188.57-9618&alias=lpcschedd2.fnal.gov&noUDP&sock=schedd_2251_93c6>
...
040 (34544872.000.000) 2021-09-16 06:01:51 Started transferring input files
	Transferring to host: <131.225.191.75:9618?addrs=131.225.191.75-9618&alias=cmswn1991.fnal.gov&noUDP&sock=slot1_10_1553_fa98_180>
...
040 (34544872.000.000) 2021-09-16 06:01:52 Finished transferring input files
...
001 (34544872.000.000) 2021-09-16 06:01:53 Job executing on host: <131.225.191.75:9618?addrs=131.225.191.75-9618&alias=cmswn1991.fnal.gov&noUDP&sock=startd_1433_7f4e>
...
006 (34544872.000.000) 2021-09-16 06:02:01 Image size of job updated: 24
	24  -  MemoryUsage of job (MB)
	25200  -  ResidentSetSize of job (KB)
...
006 (34544872.000.000) 2021-09-16 06:03:01 Image size of job updated: 498
	498  -  MemoryUsage of job (MB)
	510824  -  ResidentSetSize of job (KB)
...
006 (34544872.000.000) 2021-09-16 06:04:02 Image size of job updated: 559
	559  -  MemoryUsage of job (MB)
	573008  -  ResidentSetSize of job (KB)
...
006 (34544872.000.000) 2021-09-16 06:08:05 Image size of job updated: 583
	583  -  MemoryUsage of job (MB)
	597000  -  ResidentSetSize of job (KB)
...
006 (34544872.000.000) 2021-09-16 06:09:06 Image size of job updated: 624
	624  -  MemoryUsage of job (MB)
	639948  -  ResidentSetSize of job (KB)
...
006 (34544872.000.000) 2021-09-16 06:10:06 Image size of job updated: 664
	664  -  MemoryUsage of job (MB)
	680764  -  ResidentSetSize of job (KB)
...
006 (34544872.000.000) 2021-09-16 06:11:07 Image size of job updated: 701
	701  -  MemoryUsage of job (MB)
	718600  -  ResidentSetSize of job (KB)
...
006 (34544872.000.000) 2021-09-16 06:12:07 Image size of job updated: 732
	732  -  MemoryUsage of job (MB)
	750544  -  ResidentSetSize of job (KB)
...
006 (34544872.000.000) 2021-09-16 06:13:08 Image size of job updated: 765
	765  -  MemoryUsage of job (MB)
	784096  -  ResidentSetSize of job (KB)
...
006 (34544872.000.000) 2021-09-16 06:14:08 Image size of job updated: 793
	793  -  MemoryUsage of job (MB)
	812848  -  ResidentSetSize of job (KB)
...
006 (34544872.000.000) 2021-09-16 06:15:08 Image size of job updated: 824
	824  -  MemoryUsage of job (MB)
	844192  -  ResidentSetSize of job (KB)
...
006 (34544872.000.000) 2021-09-16 06:16:09 Image size of job updated: 855
	855  -  MemoryUsage of job (MB)
	875592  -  ResidentSetSize of job (KB)
...
006 (34544872.000.000) 2021-09-16 06:17:10 Image size of job updated: 880
	880  -  MemoryUsage of job (MB)
	901200  -  ResidentSetSize of job (KB)
...
006 (34544872.000.000) 2021-09-16 06:18:10 Image size of job updated: 918
	918  -  MemoryUsage of job (MB)
	940468  -  ResidentSetSize of job (KB)
...
006 (34544872.000.000) 2021-09-16 06:19:10 Image size of job updated: 946
	946  -  MemoryUsage of job (MB)
	968752  -  ResidentSetSize of job (KB)
...
006 (34544872.000.000) 2021-09-16 06:20:11 Image size of job updated: 969
	969  -  MemoryUsage of job (MB)
	992608  -  ResidentSetSize of job (KB)
...
006 (34544872.000.000) 2021-09-16 06:21:11 Image size of job updated: 993
	993  -  MemoryUsage of job (MB)
	1017648  -  ResidentSetSize of job (KB)
...
006 (34544872.000.000) 2021-09-16 06:22:11 Image size of job updated: 1016
	1016  -  MemoryUsage of job (MB)
	1040820  -  ResidentSetSize of job (KB)
...
006 (34544872.000.000) 2021-09-16 06:23:12 Image size of job updated: 1044
	1044  -  MemoryUsage of job (MB)
	1069120  -  ResidentSetSize of job (KB)
...
006 (34544872.000.000) 2021-09-16 06:24:12 Image size of job updated: 1076
	1076  -  MemoryUsage of job (MB)
	1102184  -  ResidentSetSize of job (KB)
...
006 (34544872.000.000) 2021-09-16 06:25:12 Image size of job updated: 1096
	1096  -  MemoryUsage of job (MB)
	1122468  -  ResidentSetSize of job (KB)
...
006 (34544872.000.000) 2021-09-16 06:26:13 Image size of job updated: 1117
	1117  -  MemoryUsage of job (MB)
	1144600  -  ResidentSetSize of job (KB)
...
006 (34544872.000.000) 2021-09-16 06:27:14 Image size of job updated: 1139
	1139  -  MemoryUsage of job (MB)
	1166464  -  ResidentSetSize of job (KB)
...
006 (34544872.000.000) 2021-09-16 06:28:14 Image size of job updated: 1158
	1158  -  MemoryUsage of job (MB)
	1186364  -  ResidentSetSize of job (KB)
...
006 (34544872.000.000) 2021-09-16 06:29:15 Image size of job updated: 1178
	1178  -  MemoryUsage of job (MB)
	1207148  -  ResidentSetSize of job (KB)
...
006 (34544872.000.000) 2021-09-16 06:30:16 Image size of job updated: 1198
	1198  -  MemoryUsage of job (MB)
	1227616  -  ResidentSetSize of job (KB)
...
006 (34544872.000.000) 2021-09-16 06:31:17 Image size of job updated: 1216
	1216  -  MemoryUsage of job (MB)
	1245624  -  ResidentSetSize of job (KB)
...
006 (34544872.000.000) 2021-09-16 06:32:17 Image size of job updated: 1235
	1235  -  MemoryUsage of job (MB)
	1265284  -  ResidentSetSize of job (KB)
...
006 (34544872.000.000) 2021-09-16 06:33:18 Image size of job updated: 1254
	1254  -  MemoryUsage of job (MB)
	1284596  -  ResidentSetSize of job (KB)
...
006 (34544872.000.000) 2021-09-16 06:34:19 Image size of job updated: 1271
	1271  -  MemoryUsage of job (MB)
	1301840  -  ResidentSetSize of job (KB)
...
006 (34544872.000.000) 2021-09-16 06:35:19 Image size of job updated: 1289
	1289  -  MemoryUsage of job (MB)
	1320788  -  ResidentSetSize of job (KB)
...
006 (34544872.000.000) 2021-09-16 06:36:20 Image size of job updated: 1308
	1308  -  MemoryUsage of job (MB)
	1339412  -  ResidentSetSize of job (KB)
...
006 (34544872.000.000) 2021-09-16 06:37:21 Image size of job updated: 1323
	1323  -  MemoryUsage of job (MB)
	1355740  -  ResidentSetSize of job (KB)
...
006 (34544872.000.000) 2021-09-16 06:38:21 Image size of job updated: 1341
	1341  -  MemoryUsage of job (MB)
	1373528  -  ResidentSetSize of job (KB)
...
006 (34544872.000.000) 2021-09-16 06:39:21 Image size of job updated: 1356
	1356  -  MemoryUsage of job (MB)
	1389216  -  ResidentSetSize of job (KB)
...
006 (34544872.000.000) 2021-09-16 06:40:22 Image size of job updated: 1373
	1373  -  MemoryUsage of job (MB)
	1406444  -  ResidentSetSize of job (KB)
...
006 (34544872.000.000) 2021-09-16 06:41:22 Image size of job updated: 1390
	1390  -  MemoryUsage of job (MB)
	1423396  -  ResidentSetSize of job (KB)
...
006 (34544872.000.000) 2021-09-16 06:42:22 Image size of job updated: 1404
	1404  -  MemoryUsage of job (MB)
	1438528  -  ResidentSetSize of job (KB)
...
006 (34544872.000.000) 2021-09-16 06:43:23 Image size of job updated: 1421
	1421  -  MemoryUsage of job (MB)
	1455380  -  ResidentSetSize of job (KB)
...
006 (34544872.000.000) 2021-09-16 06:44:24 Image size of job updated: 1437
	1437  -  MemoryUsage of job (MB)
	1471672  -  ResidentSetSize of job (KB)
...
006 (34544872.000.000) 2021-09-16 06:45:25 Image size of job updated: 1451
	1451  -  MemoryUsage of job (MB)
	1486228  -  ResidentSetSize of job (KB)
...
006 (34544872.000.000) 2021-09-16 06:46:25 Image size of job updated: 1467
	1467  -  MemoryUsage of job (MB)
	1502276  -  ResidentSetSize of job (KB)
...
006 (34544872.000.000) 2021-09-16 06:47:25 Image size of job updated: 1481
	1481  -  MemoryUsage of job (MB)
	1516556  -  ResidentSetSize of job (KB)
...
006 (34544872.000.000) 2021-09-16 06:48:26 Image size of job updated: 1496
	1496  -  MemoryUsage of job (MB)
	1532264  -  ResidentSetSize of job (KB)
...
006 (34544872.000.000) 2021-09-16 06:49:27 Image size of job updated: 1511
	1511  -  MemoryUsage of job (MB)
	1547788  -  ResidentSetSize of job (KB)
...
006 (34544872.000.000) 2021-09-16 06:50:27 Image size of job updated: 1525
	1525  -  MemoryUsage of job (MB)
	1561652  -  ResidentSetSize of job (KB)
...
006 (34544872.000.000) 2021-09-16 06:51:27 Image size of job updated: 1543
	1543  -  MemoryUsage of job (MB)
	1580976  -  ResidentSetSize of job (KB)
...
006 (34544872.000.000) 2021-09-16 06:52:28 Image size of job updated: 1627
	1627  -  MemoryUsage of job (MB)
	1666684  -  ResidentSetSize of job (KB)
...
006 (34544872.000.000) 2021-09-16 06:53:29 Image size of job updated: 1668
	1668  -  MemoryUsage of job (MB)
	1708324  -  ResidentSetSize of job (KB)
...
006 (34544872.000.000) 2021-09-16 06:54:29 Image size of job updated: 1678
	1678  -  MemoryUsage of job (MB)
	1718460  -  ResidentSetSize of job (KB)
...
006 (34544872.000.000) 2021-09-16 06:55:29 Image size of job updated: 1680
	1680  -  MemoryUsage of job (MB)
	1721092  -  ResidentSetSize of job (KB)
...
006 (34544872.000.000) 2021-09-16 06:56:30 Image size of job updated: 1683
	1683  -  MemoryUsage of job (MB)
	1723772  -  ResidentSetSize of job (KB)
...
006 (34544872.000.000) 2021-09-16 06:57:30 Image size of job updated: 1685
	1685  -  MemoryUsage of job (MB)
	1726096  -  ResidentSetSize of job (KB)
...
006 (34544872.000.000) 2021-09-16 06:58:30 Image size of job updated: 1688
	1688  -  MemoryUsage of job (MB)
	1728660  -  ResidentSetSize of job (KB)
...
006 (34544872.000.000) 2021-09-16 06:59:31 Image size of job updated: 1690
	1690  -  MemoryUsage of job (MB)
	1731196  -  ResidentSetSize of job (KB)
...
006 (34544872.000.000) 2021-09-16 07:00:32 Image size of job updated: 1692
	1692  -  MemoryUsage of job (MB)
	1733572  -  ResidentSetSize of job (KB)
...
006 (34544872.000.000) 2021-09-16 07:01:32 Image size of job updated: 1694
	1694  -  MemoryUsage of job (MB)
	1735264  -  ResidentSetSize of job (KB)
...
006 (34544872.000.000) 2021-09-16 07:02:32 Image size of job updated: 1696
	1696  -  MemoryUsage of job (MB)
	1737124  -  ResidentSetSize of job (KB)
...
006 (34544872.000.000) 2021-09-16 07:03:33 Image size of job updated: 1697
	1697  -  MemoryUsage of job (MB)
	1738556  -  ResidentSetSize of job (KB)
...
006 (34544872.000.000) 2021-09-16 07:04:33 Image size of job updated: 1699
	1699  -  MemoryUsage of job (MB)
	1740540  -  ResidentSetSize of job (KB)
...
006 (34544872.000.000) 2021-09-16 07:05:33 Image size of job updated: 1700
	1700  -  MemoryUsage of job (MB)
	1741648  -  ResidentSetSize of job (KB)
...
006 (34544872.000.000) 2021-09-16 07:06:34 Image size of job updated: 1701
	1701  -  MemoryUsage of job (MB)
	1742208  -  ResidentSetSize of job (KB)
...
006 (34544872.000.000) 2021-09-16 07:07:34 Image size of job updated: 1701
	1701  -  MemoryUsage of job (MB)
	1742780  -  ResidentSetSize of job (KB)
...
006 (34544872.000.000) 2021-09-16 07:08:34 Image size of job updated: 1702
	1702  -  MemoryUsage of job (MB)
	1743640  -  ResidentSetSize of job (KB)
...
006 (34544872.000.000) 2021-09-16 07:09:35 Image size of job updated: 1703
	1703  -  MemoryUsage of job (MB)
	1744608  -  ResidentSetSize of job (KB)
...
006 (34544872.000.000) 2021-09-16 07:10:36 Image size of job updated: 1704
	1704  -  MemoryUsage of job (MB)
	1745212  -  ResidentSetSize of job (KB)
...
006 (34544872.000.000) 2021-09-16 07:11:36 Image size of job updated: 1705
	1705  -  MemoryUsage of job (MB)
	1746444  -  ResidentSetSize of job (KB)
...
006 (34544872.000.000) 2021-09-16 07:12:37 Image size of job updated: 1706
	1706  -  MemoryUsage of job (MB)
	1747292  -  ResidentSetSize of job (KB)
...
006 (34544872.000.000) 2021-09-16 07:13:38 Image size of job updated: 1707
	1707  -  MemoryUsage of job (MB)
	1748344  -  ResidentSetSize of job (KB)
...
006 (34544872.000.000) 2021-09-16 07:14:39 Image size of job updated: 1708
	1708  -  MemoryUsage of job (MB)
	1749516  -  ResidentSetSize of job (KB)
...
006 (34544872.000.000) 2021-09-16 07:15:39 Image size of job updated: 1708
	1708  -  MemoryUsage of job (MB)
	1749916  -  ResidentSetSize of job (KB)
...
006 (34544872.000.000) 2021-09-16 07:16:40 Image size of job updated: 1709
	1709  -  MemoryUsage of job (MB)
	1750792  -  ResidentSetSize of job (KB)
...
006 (34544872.000.000) 2021-09-16 07:17:41 Image size of job updated: 1710
	1710  -  MemoryUsage of job (MB)
	1751908  -  ResidentSetSize of job (KB)
...
006 (34544872.000.000) 2021-09-16 07:18:41 Image size of job updated: 1711
	1711  -  MemoryUsage of job (MB)
	1752820  -  ResidentSetSize of job (KB)
...
006 (34544872.000.000) 2021-09-16 07:19:41 Image size of job updated: 1712
	1712  -  MemoryUsage of job (MB)
	1753524  -  ResidentSetSize of job (KB)
...
006 (34544872.000.000) 2021-09-16 07:20:42 Image size of job updated: 1712
	1712  -  MemoryUsage of job (MB)
	1753916  -  ResidentSetSize of job (KB)
...
006 (34544872.000.000) 2021-09-16 07:21:42 Image size of job updated: 1713
	1713  -  MemoryUsage of job (MB)
	1754652  -  ResidentSetSize of job (KB)
...
006 (34544872.000.000) 2021-09-16 07:22:42 Image size of job updated: 1713
	1713  -  MemoryUsage of job (MB)
	1755012  -  ResidentSetSize of job (KB)
...
006 (34544872.000.000) 2021-09-16 07:23:43 Image size of job updated: 1714
	1714  -  MemoryUsage of job (MB)
	1755508  -  ResidentSetSize of job (KB)
...
006 (34544872.000.000) 2021-09-16 07:24:44 Image size of job updated: 1714
	1714  -  MemoryUsage of job (MB)
	1756020  -  ResidentSetSize of job (KB)
...
006 (34544872.000.000) 2021-09-16 07:25:44 Image size of job updated: 1715
	1715  -  MemoryUsage of job (MB)
	1756728  -  ResidentSetSize of job (KB)
...
006 (34544872.000.000) 2021-09-16 07:26:45 Image size of job updated: 1716
	1716  -  MemoryUsage of job (MB)
	1757220  -  ResidentSetSize of job (KB)
...
006 (34544872.000.000) 2021-09-16 07:27:46 Image size of job updated: 1716
	1716  -  MemoryUsage of job (MB)
	1757780  -  ResidentSetSize of job (KB)
...
006 (34544872.000.000) 2021-09-16 07:28:46 Image size of job updated: 1717
	1717  -  MemoryUsage of job (MB)
	1758232  -  ResidentSetSize of job (KB)
...
006 (34544872.000.000) 2021-09-16 07:29:46 Image size of job updated: 1717
	1717  -  MemoryUsage of job (MB)
	1758872  -  ResidentSetSize of job (KB)
...
006 (34544872.000.000) 2021-09-16 07:30:47 Image size of job updated: 1718
	1718  -  MemoryUsage of job (MB)
	1759448  -  ResidentSetSize of job (KB)
...
006 (34544872.000.000) 2021-09-16 07:31:48 Image size of job updated: 1718
	1718  -  MemoryUsage of job (MB)
	1759948  -  ResidentSetSize of job (KB)
...
006 (34544872.000.000) 2021-09-16 07:32:48 Image size of job updated: 1719
	1719  -  MemoryUsage of job (MB)
	1760428  -  ResidentSetSize of job (KB)
...
006 (34544872.000.000) 2021-09-16 07:33:49 Image size of job updated: 1719
	1719  -  MemoryUsage of job (MB)
	1760992  -  ResidentSetSize of job (KB)
...
006 (34544872.000.000) 2021-09-16 07:34:50 Image size of job updated: 1720
	1720  -  MemoryUsage of job (MB)
	1761344  -  ResidentSetSize of job (KB)
...
006 (34544872.000.000) 2021-09-16 07:35:50 Image size of job updated: 1720
	1720  -  MemoryUsage of job (MB)
	1761848  -  ResidentSetSize of job (KB)
...
006 (34544872.000.000) 2021-09-16 07:36:50 Image size of job updated: 1720
	1720  -  MemoryUsage of job (MB)
	1762004  -  ResidentSetSize of job (KB)
...
006 (34544872.000.000) 2021-09-16 07:37:51 Image size of job updated: 1721
	1721  -  MemoryUsage of job (MB)
	1762420  -  ResidentSetSize of job (KB)
...
006 (34544872.000.000) 2021-09-16 07:38:51 Image size of job updated: 1721
	1721  -  MemoryUsage of job (MB)
	1762948  -  ResidentSetSize of job (KB)
...
006 (34544872.000.000) 2021-09-16 07:39:51 Image size of job updated: 1722
	1722  -  MemoryUsage of job (MB)
	1763620  -  ResidentSetSize of job (KB)
...
006 (34544872.000.000) 2021-09-16 07:40:52 Image size of job updated: 1723
	1723  -  MemoryUsage of job (MB)
	1764480  -  ResidentSetSize of job (KB)
...
006 (34544872.000.000) 2021-09-16 07:41:53 Image size of job updated: 1723
	1723  -  MemoryUsage of job (MB)
	1765088  -  ResidentSetSize of job (KB)
...
006 (34544872.000.000) 2021-09-16 07:42:53 Image size of job updated: 1724
	1724  -  MemoryUsage of job (MB)
	1765448  -  ResidentSetSize of job (KB)
...
006 (34544872.000.000) 2021-09-16 07:43:54 Image size of job updated: 1724
	1724  -  MemoryUsage of job (MB)
	1766148  -  ResidentSetSize of job (KB)
...
006 (34544872.000.000) 2021-09-16 07:44:55 Image size of job updated: 1725
	1725  -  MemoryUsage of job (MB)
	1766940  -  ResidentSetSize of job (KB)
...
006 (34544872.000.000) 2021-09-16 07:45:55 Image size of job updated: 1726
	1726  -  MemoryUsage of job (MB)
	1767788  -  ResidentSetSize of job (KB)
...
006 (34544872.000.000) 2021-09-16 07:46:55 Image size of job updated: 1726
	1726  -  MemoryUsage of job (MB)
	1768424  -  ResidentSetSize of job (KB)
...
006 (34544872.000.000) 2021-09-16 07:47:56 Image size of job updated: 1727
	1727  -  MemoryUsage of job (MB)
	1769064  -  ResidentSetSize of job (KB)
...
006 (34544872.000.000) 2021-09-16 07:48:56 Image size of job updated: 1728
	1728  -  MemoryUsage of job (MB)
	1769984  -  ResidentSetSize of job (KB)
...
006 (34544872.000.000) 2021-09-16 07:50:57 Image size of job updated: 1729
	1729  -  MemoryUsage of job (MB)
	1770812  -  ResidentSetSize of job (KB)
...
006 (34544872.000.000) 2021-09-16 07:51:57 Image size of job updated: 1730
	1730  -  MemoryUsage of job (MB)
	1771656  -  ResidentSetSize of job (KB)
...
006 (34544872.000.000) 2021-09-16 07:52:57 Image size of job updated: 1731
	1731  -  MemoryUsage of job (MB)
	1772556  -  ResidentSetSize of job (KB)
...
006 (34544872.000.000) 2021-09-16 07:53:58 Image size of job updated: 1731
	1731  -  MemoryUsage of job (MB)
	1773196  -  ResidentSetSize of job (KB)
...
006 (34544872.000.000) 2021-09-16 07:54:58 Image size of job updated: 1732
	1732  -  MemoryUsage of job (MB)
	1773728  -  ResidentSetSize of job (KB)
...
006 (34544872.000.000) 2021-09-16 07:55:58 Image size of job updated: 1732
	1732  -  MemoryUsage of job (MB)
	1774284  -  ResidentSetSize of job (KB)
...
006 (34544872.000.000) 2021-09-16 07:56:59 Image size of job updated: 1733
	1733  -  MemoryUsage of job (MB)
	1774912  -  ResidentSetSize of job (KB)
...
006 (34544872.000.000) 2021-09-16 07:58:00 Image size of job updated: 1733
	1733  -  MemoryUsage of job (MB)
	1775504  -  ResidentSetSize of job (KB)
...
006 (34544872.000.000) 2021-09-16 07:59:00 Image size of job updated: 1734
	1734  -  MemoryUsage of job (MB)
	1775876  -  ResidentSetSize of job (KB)
...
006 (34544872.000.000) 2021-09-16 08:00:01 Image size of job updated: 1734
	1734  -  MemoryUsage of job (MB)
	1776452  -  ResidentSetSize of job (KB)
...
006 (34544872.000.000) 2021-09-16 08:01:02 Image size of job updated: 1735
	1735  -  MemoryUsage of job (MB)
	1776812  -  ResidentSetSize of job (KB)
...
006 (34544872.000.000) 2021-09-16 08:02:02 Image size of job updated: 1735
	1735  -  MemoryUsage of job (MB)
	1777456  -  ResidentSetSize of job (KB)
...
006 (34544872.000.000) 2021-09-16 08:03:02 Image size of job updated: 1736
	1736  -  MemoryUsage of job (MB)
	1777972  -  ResidentSetSize of job (KB)
...
006 (34544872.000.000) 2021-09-16 08:05:03 Image size of job updated: 1736
	1736  -  MemoryUsage of job (MB)
	1778304  -  ResidentSetSize of job (KB)
...
006 (34544872.000.000) 2021-09-16 08:06:03 Image size of job updated: 1737
	1737  -  MemoryUsage of job (MB)
	1778912  -  ResidentSetSize of job (KB)
...
006 (34544872.000.000) 2021-09-16 08:07:04 Image size of job updated: 1737
	1737  -  MemoryUsage of job (MB)
	1779356  -  ResidentSetSize of job (KB)
...
006 (34544872.000.000) 2021-09-16 08:08:05 Image size of job updated: 1738
	1738  -  MemoryUsage of job (MB)
	1779928  -  ResidentSetSize of job (KB)
...
006 (34544872.000.000) 2021-09-16 08:09:05 Image size of job updated: 1738
	1738  -  MemoryUsage of job (MB)
	1780448  -  ResidentSetSize of job (KB)
...
006 (34544872.000.000) 2021-09-16 08:10:06 Image size of job updated: 1739
	1739  -  MemoryUsage of job (MB)
	1780768  -  ResidentSetSize of job (KB)
...
006 (34544872.000.000) 2021-09-16 08:11:07 Image size of job updated: 1739
	1739  -  MemoryUsage of job (MB)
	1781308  -  ResidentSetSize of job (KB)
...
006 (34544872.000.000) 2021-09-16 08:12:07 Image size of job updated: 1740
	1740  -  MemoryUsage of job (MB)
	1781812  -  ResidentSetSize of job (KB)
...
006 (34544872.000.000) 2021-09-16 08:13:08 Image size of job updated: 1740
	1740  -  MemoryUsage of job (MB)
	1782480  -  ResidentSetSize of job (KB)
...
006 (34544872.000.000) 2021-09-16 08:14:09 Image size of job updated: 1741
	1741  -  MemoryUsage of job (MB)
	1783016  -  ResidentSetSize of job (KB)
...
006 (34544872.000.000) 2021-09-16 08:15:09 Image size of job updated: 1741
	1741  -  MemoryUsage of job (MB)
	1783304  -  ResidentSetSize of job (KB)
...
006 (34544872.000.000) 2021-09-16 08:16:09 Image size of job updated: 1742
	1742  -  MemoryUsage of job (MB)
	1783828  -  ResidentSetSize of job (KB)
...
006 (34544872.000.000) 2021-09-16 08:17:10 Image size of job updated: 1742
	1742  -  MemoryUsage of job (MB)
	1784348  -  ResidentSetSize of job (KB)
...
006 (34544872.000.000) 2021-09-16 08:18:11 Image size of job updated: 1743
	1743  -  MemoryUsage of job (MB)
	1785012  -  ResidentSetSize of job (KB)
...
006 (34544872.000.000) 2021-09-16 08:19:11 Image size of job updated: 1743
	1743  -  MemoryUsage of job (MB)
	1785592  -  ResidentSetSize of job (KB)
...
006 (34544872.000.000) 2021-09-16 08:20:11 Image size of job updated: 1744
	1744  -  MemoryUsage of job (MB)
	1785904  -  ResidentSetSize of job (KB)
...
006 (34544872.000.000) 2021-09-16 08:21:12 Image size of job updated: 1744
	1744  -  MemoryUsage of job (MB)
	1786436  -  ResidentSetSize of job (KB)
...
006 (34544872.000.000) 2021-09-16 08:22:12 Image size of job updated: 1744
	1744  -  MemoryUsage of job (MB)
	1786824  -  ResidentSetSize of job (KB)
...
006 (34544872.000.000) 2021-09-16 08:23:12 Image size of job updated: 1745
	1745  -  MemoryUsage of job (MB)
	1787272  -  ResidentSetSize of job (KB)
...
006 (34544872.000.000) 2021-09-16 08:24:13 Image size of job updated: 1745
	1745  -  MemoryUsage of job (MB)
	1787796  -  ResidentSetSize of job (KB)
...
006 (34544872.000.000) 2021-09-16 08:25:14 Image size of job updated: 1746
	1746  -  MemoryUsage of job (MB)
	1788124  -  ResidentSetSize of job (KB)
...
006 (34544872.000.000) 2021-09-16 08:26:14 Image size of job updated: 1746
	1746  -  MemoryUsage of job (MB)
	1788632  -  ResidentSetSize of job (KB)
...
006 (34544872.000.000) 2021-09-16 08:27:15 Image size of job updated: 1747
	1747  -  MemoryUsage of job (MB)
	1788988  -  ResidentSetSize of job (KB)
...
006 (34544872.000.000) 2021-09-16 08:28:16 Image size of job updated: 1747
	1747  -  MemoryUsage of job (MB)
	1789516  -  ResidentSetSize of job (KB)
...
006 (34544872.000.000) 2021-09-16 08:29:17 Image size of job updated: 1748
	1748  -  MemoryUsage of job (MB)
	1790084  -  ResidentSetSize of job (KB)
...
006 (34544872.000.000) 2021-09-16 08:30:17 Image size of job updated: 1748
	1748  -  MemoryUsage of job (MB)
	1790312  -  ResidentSetSize of job (KB)
...
006 (34544872.000.000) 2021-09-16 08:31:18 Image size of job updated: 1748
	1748  -  MemoryUsage of job (MB)
	1790844  -  ResidentSetSize of job (KB)
...
006 (34544872.000.000) 2021-09-16 08:32:19 Image size of job updated: 1749
	1749  -  MemoryUsage of job (MB)
	1791256  -  ResidentSetSize of job (KB)
...
006 (34544872.000.000) 2021-09-16 08:33:19 Image size of job updated: 1749
	1749  -  MemoryUsage of job (MB)
	1791884  -  ResidentSetSize of job (KB)
...
006 (34544872.000.000) 2021-09-16 08:34:20 Image size of job updated: 1750
	1750  -  MemoryUsage of job (MB)
	1792472  -  ResidentSetSize of job (KB)
...
006 (34544872.000.000) 2021-09-16 08:35:21 Image size of job updated: 1750
	1750  -  MemoryUsage of job (MB)
	1792652  -  ResidentSetSize of job (KB)
...
006 (34544872.000.000) 2021-09-16 08:36:21 Image size of job updated: 1751
	1751  -  MemoryUsage of job (MB)
	1793124  -  ResidentSetSize of job (KB)
...
006 (34544872.000.000) 2021-09-16 08:37:13 Image size of job updated: 1751
	1751  -  MemoryUsage of job (MB)
	1793400  -  ResidentSetSize of job (KB)
...
040 (34544872.000.000) 2021-09-16 08:37:13 Started transferring output files
...
040 (34544872.000.000) 2021-09-16 08:37:13 Finished transferring output files
...
005 (34544872.000.000) 2021-09-16 08:37:14 Job terminated.
	(1) Normal termination (return value 0)
		Usr 0 00:59:16, Sys 0 01:29:38  -  Run Remote Usage
		Usr 0 00:00:00, Sys 0 00:00:00  -  Run Local Usage
		Usr 0 00:59:16, Sys 0 01:29:38  -  Total Remote Usage
		Usr 0 00:00:00, Sys 0 00:00:00  -  Total Local Usage
	1228479  -  Run Bytes Sent By Job
	8471562  -  Run Bytes Received By Job
	1228479  -  Total Bytes Sent By Job
	8471562  -  Total Bytes Received By Job
	Partitionable Resources :    Usage  Request Allocated 
	   Cpus                 :     0.00        1         1 
	   Disk (KB)            : 24280       10000    780107 
	   Memory (MB)          :  1751        2048      2048 

	Job terminated of its own accord at 2021-09-16T13:37:13Z.
...
000 (14733223.000.000) 2021-09-24 22:29:05 Job submitted from host: <131.225.188.55:9618?addrs=131.225.188.55-9618&alias=lpcschedd1.fnal.gov&noUDP&sock=schedd_2070_6d22>
...
040 (14733223.000.000) 2021-09-25 02:43:33 Started transferring input files
	Transferring to host: <131.225.204.112:9618?addrs=131.225.204.112-9618&alias=cmswn1716.fnal.gov&noUDP&sock=slot1_3_1246_ab6c_6809>
...
040 (14733223.000.000) 2021-09-25 02:43:34 Finished transferring input files
...
001 (14733223.000.000) 2021-09-25 02:43:35 Job executing on host: <131.225.204.112:9618?addrs=131.225.204.112-9618&alias=cmswn1716.fnal.gov&noUDP&sock=startd_1167_0b1c>
...
006 (14733223.000.000) 2021-09-25 02:43:43 Image size of job updated: 42
	42  -  MemoryUsage of job (MB)
	43092  -  ResidentSetSize of job (KB)
...
006 (14733223.000.000) 2021-09-25 02:44:43 Image size of job updated: 528
	528  -  MemoryUsage of job (MB)
	541472  -  ResidentSetSize of job (KB)
...
006 (14733223.000.000) 2021-09-25 02:48:43 Image size of job updated: 544
	544  -  MemoryUsage of job (MB)
	557392  -  ResidentSetSize of job (KB)
...
006 (14733223.000.000) 2021-09-25 02:49:43 Image size of job updated: 591
	591  -  MemoryUsage of job (MB)
	605192  -  ResidentSetSize of job (KB)
...
006 (14733223.000.000) 2021-09-25 02:50:43 Image size of job updated: 635
	635  -  MemoryUsage of job (MB)
	650324  -  ResidentSetSize of job (KB)
...
006 (14733223.000.000) 2021-09-25 02:51:43 Image size of job updated: 669
	669  -  MemoryUsage of job (MB)
	685580  -  ResidentSetSize of job (KB)
...
006 (14733223.000.000) 2021-09-25 02:52:43 Image size of job updated: 705
	705  -  MemoryUsage of job (MB)
	722068  -  ResidentSetSize of job (KB)
...
006 (14733223.000.000) 2021-09-25 02:53:44 Image size of job updated: 738
	738  -  MemoryUsage of job (MB)
	756360  -  ResidentSetSize of job (KB)
...
006 (14733223.000.000) 2021-09-25 02:54:45 Image size of job updated: 770
	770  -  MemoryUsage of job (MB)
	788656  -  ResidentSetSize of job (KB)
...
006 (14733223.000.000) 2021-09-25 02:55:46 Image size of job updated: 801
	801  -  MemoryUsage of job (MB)
	820524  -  ResidentSetSize of job (KB)
...
006 (14733223.000.000) 2021-09-25 02:56:47 Image size of job updated: 829
	829  -  MemoryUsage of job (MB)
	849896  -  ResidentSetSize of job (KB)
...
006 (14733223.000.000) 2021-09-25 02:57:48 Image size of job updated: 859
	859  -  MemoryUsage of job (MB)
	880108  -  ResidentSetSize of job (KB)
...
006 (14733223.000.000) 2021-09-25 02:58:49 Image size of job updated: 898
	898  -  MemoryUsage of job (MB)
	919596  -  ResidentSetSize of job (KB)
...
006 (14733223.000.000) 2021-09-25 02:59:50 Image size of job updated: 925
	925  -  MemoryUsage of job (MB)
	947200  -  ResidentSetSize of job (KB)
...
006 (14733223.000.000) 2021-09-25 03:00:51 Image size of job updated: 950
	950  -  MemoryUsage of job (MB)
	972888  -  ResidentSetSize of job (KB)
...
006 (14733223.000.000) 2021-09-25 03:01:52 Image size of job updated: 976
	976  -  MemoryUsage of job (MB)
	1000176  -  ResidentSetSize of job (KB)
...
006 (14733223.000.000) 2021-09-25 03:02:52 Image size of job updated: 1002
	1002  -  MemoryUsage of job (MB)
	1026440  -  ResidentSetSize of job (KB)
...
006 (14733223.000.000) 2021-09-25 03:03:52 Image size of job updated: 1030
	1030  -  MemoryUsage of job (MB)
	1055008  -  ResidentSetSize of job (KB)
...
006 (14733223.000.000) 2021-09-25 03:04:53 Image size of job updated: 1062
	1062  -  MemoryUsage of job (MB)
	1087564  -  ResidentSetSize of job (KB)
...
006 (14733223.000.000) 2021-09-25 03:05:53 Image size of job updated: 1087
	1087  -  MemoryUsage of job (MB)
	1113916  -  ResidentSetSize of job (KB)
...
006 (14733223.000.000) 2021-09-25 03:06:54 Image size of job updated: 1108
	1108  -  MemoryUsage of job (MB)
	1134964  -  ResidentSetSize of job (KB)
...
006 (14733223.000.000) 2021-09-25 03:07:55 Image size of job updated: 1130
	1130  -  MemoryUsage of job (MB)
	1157756  -  ResidentSetSize of job (KB)
...
006 (14733223.000.000) 2021-09-25 03:08:56 Image size of job updated: 1152
	1152  -  MemoryUsage of job (MB)
	1180540  -  ResidentSetSize of job (KB)
...
006 (14733223.000.000) 2021-09-25 03:09:57 Image size of job updated: 1173
	1173  -  MemoryUsage of job (MB)
	1202152  -  ResidentSetSize of job (KB)
...
006 (14733223.000.000) 2021-09-25 03:10:57 Image size of job updated: 1194
	1194  -  MemoryUsage of job (MB)
	1223612  -  ResidentSetSize of job (KB)
...
006 (14733223.000.000) 2021-09-25 03:11:57 Image size of job updated: 1215
	1215  -  MemoryUsage of job (MB)
	1244288  -  ResidentSetSize of job (KB)
...
006 (14733223.000.000) 2021-09-25 03:12:57 Image size of job updated: 1235
	1235  -  MemoryUsage of job (MB)
	1264724  -  ResidentSetSize of job (KB)
...
006 (14733223.000.000) 2021-09-25 03:13:58 Image size of job updated: 1254
	1254  -  MemoryUsage of job (MB)
	1284700  -  ResidentSetSize of job (KB)
...
006 (14733223.000.000) 2021-09-25 03:14:58 Image size of job updated: 1273
	1273  -  MemoryUsage of job (MB)
	1304444  -  ResidentSetSize of job (KB)
...
006 (14733223.000.000) 2021-09-25 03:15:59 Image size of job updated: 1292
	1292  -  MemoryUsage of job (MB)
	1323308  -  ResidentSetSize of job (KB)
...
006 (14733223.000.000) 2021-09-25 03:17:00 Image size of job updated: 1311
	1311  -  MemoryUsage of job (MB)
	1342708  -  ResidentSetSize of job (KB)
...
006 (14733223.000.000) 2021-09-25 03:18:01 Image size of job updated: 1329
	1329  -  MemoryUsage of job (MB)
	1361616  -  ResidentSetSize of job (KB)
...
006 (14733223.000.000) 2021-09-25 03:19:02 Image size of job updated: 1347
	1347  -  MemoryUsage of job (MB)
	1380060  -  ResidentSetSize of job (KB)
...
006 (14733223.000.000) 2021-09-25 03:20:02 Image size of job updated: 1365
	1365  -  MemoryUsage of job (MB)
	1397948  -  ResidentSetSize of job (KB)
...
006 (14733223.000.000) 2021-09-25 03:21:03 Image size of job updated: 1382
	1382  -  MemoryUsage of job (MB)
	1416132  -  ResidentSetSize of job (KB)
...
006 (14733223.000.000) 2021-09-25 03:22:03 Image size of job updated: 1400
	1400  -  MemoryUsage of job (MB)
	1433976  -  ResidentSetSize of job (KB)
...
006 (14733223.000.000) 2021-09-25 03:23:04 Image size of job updated: 1417
	1417  -  MemoryUsage of job (MB)
	1451576  -  ResidentSetSize of job (KB)
...
006 (14733223.000.000) 2021-09-25 03:24:04 Image size of job updated: 1434
	1434  -  MemoryUsage of job (MB)
	1468844  -  ResidentSetSize of job (KB)
...
006 (14733223.000.000) 2021-09-25 03:25:04 Image size of job updated: 1451
	1451  -  MemoryUsage of job (MB)
	1485940  -  ResidentSetSize of job (KB)
...
006 (14733223.000.000) 2021-09-25 03:26:05 Image size of job updated: 1467
	1467  -  MemoryUsage of job (MB)
	1502832  -  ResidentSetSize of job (KB)
...
006 (14733223.000.000) 2021-09-25 03:27:05 Image size of job updated: 1483
	1483  -  MemoryUsage of job (MB)
	1519496  -  ResidentSetSize of job (KB)
...
006 (14733223.000.000) 2021-09-25 03:28:06 Image size of job updated: 1499
	1499  -  MemoryUsage of job (MB)
	1535920  -  ResidentSetSize of job (KB)
...
006 (14733223.000.000) 2021-09-25 03:29:06 Image size of job updated: 1515
	1515  -  MemoryUsage of job (MB)
	1552068  -  ResidentSetSize of job (KB)
...
006 (14733223.000.000) 2021-09-25 03:30:06 Image size of job updated: 1531
	1531  -  MemoryUsage of job (MB)
	1567796  -  ResidentSetSize of job (KB)
...
006 (14733223.000.000) 2021-09-25 03:31:07 Image size of job updated: 1613
	1613  -  MemoryUsage of job (MB)
	1652236  -  ResidentSetSize of job (KB)
...
006 (14733223.000.000) 2021-09-25 03:32:07 Image size of job updated: 1680
	1680  -  MemoryUsage of job (MB)
	1721220  -  ResidentSetSize of job (KB)
...
006 (14733223.000.000) 2021-09-25 03:33:08 Image size of job updated: 1691
	1691  -  MemoryUsage of job (MB)
	1732316  -  ResidentSetSize of job (KB)
...
006 (14733223.000.000) 2021-09-25 03:34:09 Image size of job updated: 1700
	1700  -  MemoryUsage of job (MB)
	1741456  -  ResidentSetSize of job (KB)
...
006 (14733223.000.000) 2021-09-25 03:35:09 Image size of job updated: 1707
	1707  -  MemoryUsage of job (MB)
	1748636  -  ResidentSetSize of job (KB)
...
006 (14733223.000.000) 2021-09-25 03:36:10 Image size of job updated: 1713
	1713  -  MemoryUsage of job (MB)
	1755084  -  ResidentSetSize of job (KB)
...
006 (14733223.000.000) 2021-09-25 03:37:10 Image size of job updated: 1717
	1717  -  MemoryUsage of job (MB)
	1758568  -  ResidentSetSize of job (KB)
...
006 (14733223.000.000) 2021-09-25 03:38:11 Image size of job updated: 1720
	1720  -  MemoryUsage of job (MB)
	1762252  -  ResidentSetSize of job (KB)
...
006 (14733223.000.000) 2021-09-25 03:39:11 Image size of job updated: 1723
	1723  -  MemoryUsage of job (MB)
	1765316  -  ResidentSetSize of job (KB)
...
006 (14733223.000.000) 2021-09-25 03:40:12 Image size of job updated: 1727
	1727  -  MemoryUsage of job (MB)
	1769244  -  ResidentSetSize of job (KB)
...
006 (14733223.000.000) 2021-09-25 03:41:12 Image size of job updated: 1731
	1731  -  MemoryUsage of job (MB)
	1773328  -  ResidentSetSize of job (KB)
...
006 (14733223.000.000) 2021-09-25 03:42:13 Image size of job updated: 1734
	1734  -  MemoryUsage of job (MB)
	1776104  -  ResidentSetSize of job (KB)
...
006 (14733223.000.000) 2021-09-25 03:43:14 Image size of job updated: 1736
	1736  -  MemoryUsage of job (MB)
	1778352  -  ResidentSetSize of job (KB)
...
006 (14733223.000.000) 2021-09-25 03:44:15 Image size of job updated: 1739
	1739  -  MemoryUsage of job (MB)
	1780748  -  ResidentSetSize of job (KB)
...
006 (14733223.000.000) 2021-09-25 03:45:15 Image size of job updated: 1741
	1741  -  MemoryUsage of job (MB)
	1783728  -  ResidentSetSize of job (KB)
...
006 (14733223.000.000) 2021-09-25 03:46:15 Image size of job updated: 1745
	1745  -  MemoryUsage of job (MB)
	1787100  -  ResidentSetSize of job (KB)
...
006 (14733223.000.000) 2021-09-25 03:47:15 Image size of job updated: 1747
	1747  -  MemoryUsage of job (MB)
	1789684  -  ResidentSetSize of job (KB)
...
006 (14733223.000.000) 2021-09-25 03:48:15 Image size of job updated: 1750
	1750  -  MemoryUsage of job (MB)
	1792448  -  ResidentSetSize of job (KB)
...
006 (14733223.000.000) 2021-09-25 03:49:15 Image size of job updated: 1752
	1752  -  MemoryUsage of job (MB)
	1794680  -  ResidentSetSize of job (KB)
...
006 (14733223.000.000) 2021-09-25 03:49:40 Image size of job updated: 1752
	1752  -  MemoryUsage of job (MB)
	1794972  -  ResidentSetSize of job (KB)
...
040 (14733223.000.000) 2021-09-25 03:49:40 Started transferring output files
...
040 (14733223.000.000) 2021-09-25 03:49:40 Finished transferring output files
...
005 (14733223.000.000) 2021-09-25 03:49:41 Job terminated.
	(1) Normal termination (return value 0)
		Usr 0 00:00:00, Sys 0 00:00:00  -  Run Remote Usage
		Usr 0 00:00:00, Sys 0 00:00:00  -  Run Local Usage
		Usr 0 00:54:46, Sys 0 00:07:41  -  Total Remote Usage
		Usr 0 00:00:00, Sys 0 00:00:00  -  Total Local Usage
	1228423  -  Run Bytes Sent By Job
	8471570  -  Run Bytes Received By Job
	1228423  -  Total Bytes Sent By Job
	8471570  -  Total Bytes Received By Job
	Partitionable Resources :    Usage  Request Allocated 
	   Cpus                 :     0.00        1         1 
	   Disk (KB)            : 23005       10000    317281 
	   Memory (MB)          :  1752        2048      2048 

	Job terminated of its own accord at 2021-09-25T08:49:40Z.
...
