000 (34544862.000.000) 2021-09-16 05:43:53 Job submitted from host: <131.225.188.57:9618?addrs=131.225.188.57-9618&alias=lpcschedd2.fnal.gov&noUDP&sock=schedd_2251_93c6>
...
040 (34544862.000.000) 2021-09-16 05:57:23 Started transferring input files
	Transferring to host: <131.225.206.218:9618?addrs=131.225.206.218-9618&alias=cmswn1837.fnal.gov&noUDP&sock=slot1_1_1264_5a2c_2230>
...
040 (34544862.000.000) 2021-09-16 05:57:23 Finished transferring input files
...
001 (34544862.000.000) 2021-09-16 05:57:24 Job executing on host: <131.225.206.218:9618?addrs=131.225.206.218-9618&alias=cmswn1837.fnal.gov&noUDP&sock=startd_1178_96a7>
...
006 (34544862.000.000) 2021-09-16 05:57:33 Image size of job updated: 7
	7  -  MemoryUsage of job (MB)
	8020  -  ResidentSetSize of job (KB)
...
006 (34544862.000.000) 2021-09-16 05:58:34 Image size of job updated: 535
	535  -  MemoryUsage of job (MB)
	548784  -  ResidentSetSize of job (KB)
...
006 (34544862.000.000) 2021-09-16 06:01:35 Image size of job updated: 537
	537  -  MemoryUsage of job (MB)
	550444  -  ResidentSetSize of job (KB)
...
006 (34544862.000.000) 2021-09-16 06:02:35 Image size of job updated: 589
	589  -  MemoryUsage of job (MB)
	603596  -  ResidentSetSize of job (KB)
...
006 (34544862.000.000) 2021-09-16 06:03:36 Image size of job updated: 637
	637  -  MemoryUsage of job (MB)
	652504  -  ResidentSetSize of job (KB)
...
006 (34544862.000.000) 2021-09-16 06:04:37 Image size of job updated: 678
	678  -  MemoryUsage of job (MB)
	694960  -  ResidentSetSize of job (KB)
...
006 (34544862.000.000) 2021-09-16 06:05:38 Image size of job updated: 716
	716  -  MemoryUsage of job (MB)
	733684  -  ResidentSetSize of job (KB)
...
006 (34544862.000.000) 2021-09-16 06:06:38 Image size of job updated: 752
	752  -  MemoryUsage of job (MB)
	770064  -  ResidentSetSize of job (KB)
...
006 (34544862.000.000) 2021-09-16 06:07:38 Image size of job updated: 785
	785  -  MemoryUsage of job (MB)
	804504  -  ResidentSetSize of job (KB)
...
006 (34544862.000.000) 2021-09-16 06:08:39 Image size of job updated: 818
	818  -  MemoryUsage of job (MB)
	838256  -  ResidentSetSize of job (KB)
...
006 (34544862.000.000) 2021-09-16 06:09:40 Image size of job updated: 850
	850  -  MemoryUsage of job (MB)
	871312  -  ResidentSetSize of job (KB)
...
006 (34544862.000.000) 2021-09-16 06:10:40 Image size of job updated: 877
	877  -  MemoryUsage of job (MB)
	898540  -  ResidentSetSize of job (KB)
...
006 (34544862.000.000) 2021-09-16 06:11:41 Image size of job updated: 917
	917  -  MemoryUsage of job (MB)
	939236  -  ResidentSetSize of job (KB)
...
006 (34544862.000.000) 2021-09-16 06:12:41 Image size of job updated: 946
	946  -  MemoryUsage of job (MB)
	968896  -  ResidentSetSize of job (KB)
...
006 (34544862.000.000) 2021-09-16 06:13:42 Image size of job updated: 973
	973  -  MemoryUsage of job (MB)
	996520  -  ResidentSetSize of job (KB)
...
006 (34544862.000.000) 2021-09-16 06:14:43 Image size of job updated: 999
	999  -  MemoryUsage of job (MB)
	1023388  -  ResidentSetSize of job (KB)
...
006 (34544862.000.000) 2021-09-16 06:15:43 Image size of job updated: 1028
	1028  -  MemoryUsage of job (MB)
	1053128  -  ResidentSetSize of job (KB)
...
006 (34544862.000.000) 2021-09-16 06:16:43 Image size of job updated: 1060
	1060  -  MemoryUsage of job (MB)
	1085696  -  ResidentSetSize of job (KB)
...
006 (34544862.000.000) 2021-09-16 06:17:43 Image size of job updated: 1086
	1086  -  MemoryUsage of job (MB)
	1112496  -  ResidentSetSize of job (KB)
...
006 (34544862.000.000) 2021-09-16 06:18:44 Image size of job updated: 1109
	1109  -  MemoryUsage of job (MB)
	1136040  -  ResidentSetSize of job (KB)
...
006 (34544862.000.000) 2021-09-16 06:19:45 Image size of job updated: 1132
	1132  -  MemoryUsage of job (MB)
	1159360  -  ResidentSetSize of job (KB)
...
006 (34544862.000.000) 2021-09-16 06:20:45 Image size of job updated: 1154
	1154  -  MemoryUsage of job (MB)
	1182468  -  ResidentSetSize of job (KB)
...
006 (34544862.000.000) 2021-09-16 06:21:45 Image size of job updated: 1176
	1176  -  MemoryUsage of job (MB)
	1204392  -  ResidentSetSize of job (KB)
...
006 (34544862.000.000) 2021-09-16 06:22:45 Image size of job updated: 1196
	1196  -  MemoryUsage of job (MB)
	1225388  -  ResidentSetSize of job (KB)
...
006 (34544862.000.000) 2021-09-16 06:23:46 Image size of job updated: 1216
	1216  -  MemoryUsage of job (MB)
	1246096  -  ResidentSetSize of job (KB)
...
006 (34544862.000.000) 2021-09-16 06:24:47 Image size of job updated: 1237
	1237  -  MemoryUsage of job (MB)
	1266728  -  ResidentSetSize of job (KB)
...
006 (34544862.000.000) 2021-09-16 06:25:47 Image size of job updated: 1255
	1255  -  MemoryUsage of job (MB)
	1285176  -  ResidentSetSize of job (KB)
...
006 (34544862.000.000) 2021-09-16 06:26:47 Image size of job updated: 1274
	1274  -  MemoryUsage of job (MB)
	1305204  -  ResidentSetSize of job (KB)
...
006 (34544862.000.000) 2021-09-16 06:27:47 Image size of job updated: 1293
	1293  -  MemoryUsage of job (MB)
	1324728  -  ResidentSetSize of job (KB)
...
006 (34544862.000.000) 2021-09-16 06:28:47 Image size of job updated: 1312
	1312  -  MemoryUsage of job (MB)
	1344224  -  ResidentSetSize of job (KB)
...
006 (34544862.000.000) 2021-09-16 06:29:48 Image size of job updated: 1331
	1331  -  MemoryUsage of job (MB)
	1363212  -  ResidentSetSize of job (KB)
...
006 (34544862.000.000) 2021-09-16 06:30:49 Image size of job updated: 1350
	1350  -  MemoryUsage of job (MB)
	1382740  -  ResidentSetSize of job (KB)
...
006 (34544862.000.000) 2021-09-16 06:31:50 Image size of job updated: 1367
	1367  -  MemoryUsage of job (MB)
	1400164  -  ResidentSetSize of job (KB)
...
006 (34544862.000.000) 2021-09-16 06:32:50 Image size of job updated: 1385
	1385  -  MemoryUsage of job (MB)
	1418240  -  ResidentSetSize of job (KB)
...
006 (34544862.000.000) 2021-09-16 06:33:51 Image size of job updated: 1402
	1402  -  MemoryUsage of job (MB)
	1436288  -  ResidentSetSize of job (KB)
...
006 (34544862.000.000) 2021-09-16 06:34:51 Image size of job updated: 1418
	1418  -  MemoryUsage of job (MB)
	1452340  -  ResidentSetSize of job (KB)
...
006 (34544862.000.000) 2021-09-16 06:35:52 Image size of job updated: 1435
	1435  -  MemoryUsage of job (MB)
	1469588  -  ResidentSetSize of job (KB)
...
006 (34544862.000.000) 2021-09-16 06:36:53 Image size of job updated: 1451
	1451  -  MemoryUsage of job (MB)
	1486732  -  ResidentSetSize of job (KB)
...
006 (34544862.000.000) 2021-09-16 06:37:53 Image size of job updated: 1468
	1468  -  MemoryUsage of job (MB)
	1503476  -  ResidentSetSize of job (KB)
...
006 (34544862.000.000) 2021-09-16 06:38:53 Image size of job updated: 1484
	1484  -  MemoryUsage of job (MB)
	1520080  -  ResidentSetSize of job (KB)
...
006 (34544862.000.000) 2021-09-16 06:39:53 Image size of job updated: 1500
	1500  -  MemoryUsage of job (MB)
	1536484  -  ResidentSetSize of job (KB)
...
006 (34544862.000.000) 2021-09-16 06:40:54 Image size of job updated: 1516
	1516  -  MemoryUsage of job (MB)
	1552444  -  ResidentSetSize of job (KB)
...
006 (34544862.000.000) 2021-09-16 06:41:55 Image size of job updated: 1531
	1531  -  MemoryUsage of job (MB)
	1568024  -  ResidentSetSize of job (KB)
...
006 (34544862.000.000) 2021-09-16 06:42:56 Image size of job updated: 1625
	1625  -  MemoryUsage of job (MB)
	1664664  -  ResidentSetSize of job (KB)
...
006 (34544862.000.000) 2021-09-16 06:43:56 Image size of job updated: 1670
	1670  -  MemoryUsage of job (MB)
	1710708  -  ResidentSetSize of job (KB)
...
006 (34544862.000.000) 2021-09-16 06:44:56 Image size of job updated: 1684
	1684  -  MemoryUsage of job (MB)
	1724480  -  ResidentSetSize of job (KB)
...
006 (34544862.000.000) 2021-09-16 06:45:57 Image size of job updated: 1690
	1690  -  MemoryUsage of job (MB)
	1731352  -  ResidentSetSize of job (KB)
...
006 (34544862.000.000) 2021-09-16 06:46:57 Image size of job updated: 1697
	1697  -  MemoryUsage of job (MB)
	1738144  -  ResidentSetSize of job (KB)
...
006 (34544862.000.000) 2021-09-16 06:47:57 Image size of job updated: 1702
	1702  -  MemoryUsage of job (MB)
	1743048  -  ResidentSetSize of job (KB)
...
006 (34544862.000.000) 2021-09-16 06:48:58 Image size of job updated: 1705
	1705  -  MemoryUsage of job (MB)
	1746596  -  ResidentSetSize of job (KB)
...
006 (34544862.000.000) 2021-09-16 06:49:58 Image size of job updated: 1708
	1708  -  MemoryUsage of job (MB)
	1749928  -  ResidentSetSize of job (KB)
...
006 (34544862.000.000) 2021-09-16 06:50:58 Image size of job updated: 1712
	1712  -  MemoryUsage of job (MB)
	1753200  -  ResidentSetSize of job (KB)
...
006 (34544862.000.000) 2021-09-16 06:51:59 Image size of job updated: 1714
	1714  -  MemoryUsage of job (MB)
	1756108  -  ResidentSetSize of job (KB)
...
006 (34544862.000.000) 2021-09-16 06:52:59 Image size of job updated: 1718
	1718  -  MemoryUsage of job (MB)
	1759644  -  ResidentSetSize of job (KB)
...
006 (34544862.000.000) 2021-09-16 06:53:59 Image size of job updated: 1720
	1720  -  MemoryUsage of job (MB)
	1762184  -  ResidentSetSize of job (KB)
...
006 (34544862.000.000) 2021-09-16 06:55:00 Image size of job updated: 1723
	1723  -  MemoryUsage of job (MB)
	1764792  -  ResidentSetSize of job (KB)
...
006 (34544862.000.000) 2021-09-16 06:56:00 Image size of job updated: 1726
	1726  -  MemoryUsage of job (MB)
	1767720  -  ResidentSetSize of job (KB)
...
006 (34544862.000.000) 2021-09-16 06:57:00 Image size of job updated: 1730
	1730  -  MemoryUsage of job (MB)
	1772104  -  ResidentSetSize of job (KB)
...
006 (34544862.000.000) 2021-09-16 06:58:01 Image size of job updated: 1733
	1733  -  MemoryUsage of job (MB)
	1775020  -  ResidentSetSize of job (KB)
...
006 (34544862.000.000) 2021-09-16 06:59:02 Image size of job updated: 1736
	1736  -  MemoryUsage of job (MB)
	1778076  -  ResidentSetSize of job (KB)
...
006 (34544862.000.000) 2021-09-16 07:00:02 Image size of job updated: 1738
	1738  -  MemoryUsage of job (MB)
	1780568  -  ResidentSetSize of job (KB)
...
006 (34544862.000.000) 2021-09-16 07:01:03 Image size of job updated: 1741
	1741  -  MemoryUsage of job (MB)
	1783488  -  ResidentSetSize of job (KB)
...
006 (34544862.000.000) 2021-09-16 07:02:04 Image size of job updated: 1743
	1743  -  MemoryUsage of job (MB)
	1785816  -  ResidentSetSize of job (KB)
...
006 (34544862.000.000) 2021-09-16 07:03:04 Image size of job updated: 1746
	1746  -  MemoryUsage of job (MB)
	1788088  -  ResidentSetSize of job (KB)
...
006 (34544862.000.000) 2021-09-16 07:03:37 Image size of job updated: 1746
	1746  -  MemoryUsage of job (MB)
	1788400  -  ResidentSetSize of job (KB)
...
040 (34544862.000.000) 2021-09-16 07:03:37 Started transferring output files
...
040 (34544862.000.000) 2021-09-16 07:03:37 Finished transferring output files
...
005 (34544862.000.000) 2021-09-16 07:03:39 Job terminated.
	(1) Normal termination (return value 0)
		Usr 0 00:52:50, Sys 0 00:08:12  -  Run Remote Usage
		Usr 0 00:00:00, Sys 0 00:00:00  -  Run Local Usage
		Usr 0 00:52:50, Sys 0 00:08:12  -  Total Remote Usage
		Usr 0 00:00:00, Sys 0 00:00:00  -  Total Local Usage
	1228480  -  Run Bytes Sent By Job
	8471562  -  Run Bytes Received By Job
	1228480  -  Total Bytes Sent By Job
	8471562  -  Total Bytes Received By Job
	Partitionable Resources :    Usage  Request Allocated 
	   Cpus                 :     0.00        1         1 
	   Disk (KB)            : 23500       10000    317047 
	   Memory (MB)          :  1746        2048      2048 

	Job terminated of its own accord at 2021-09-16T12:03:37Z.
...
000 (14733213.000.000) 2021-09-24 22:29:03 Job submitted from host: <131.225.188.55:9618?addrs=131.225.188.55-9618&alias=lpcschedd1.fnal.gov&noUDP&sock=schedd_2070_6d22>
...
040 (14733213.000.000) 2021-09-25 02:43:08 Started transferring input files
	Transferring to host: <131.225.206.164:9618?addrs=131.225.206.164-9618&alias=cmswn1791.fnal.gov&noUDP&sock=slot1_1_1231_19cb_5175>
...
040 (14733213.000.000) 2021-09-25 02:43:09 Finished transferring input files
...
001 (14733213.000.000) 2021-09-25 02:43:10 Job executing on host: <131.225.206.164:9618?addrs=131.225.206.164-9618&alias=cmswn1791.fnal.gov&noUDP&sock=startd_1151_1198>
...
006 (14733213.000.000) 2021-09-25 02:43:18 Image size of job updated: 35
	35  -  MemoryUsage of job (MB)
	36860  -  ResidentSetSize of job (KB)
...
006 (14733213.000.000) 2021-09-25 02:44:19 Image size of job updated: 527
	527  -  MemoryUsage of job (MB)
	540432  -  ResidentSetSize of job (KB)
...
006 (14733213.000.000) 2021-09-25 02:47:20 Image size of job updated: 536
	536  -  MemoryUsage of job (MB)
	549804  -  ResidentSetSize of job (KB)
...
006 (14733213.000.000) 2021-09-25 02:48:21 Image size of job updated: 585
	585  -  MemoryUsage of job (MB)
	600032  -  ResidentSetSize of job (KB)
...
006 (14733213.000.000) 2021-09-25 02:49:21 Image size of job updated: 631
	631  -  MemoryUsage of job (MB)
	647040  -  ResidentSetSize of job (KB)
...
006 (14733213.000.000) 2021-09-25 02:50:22 Image size of job updated: 671
	671  -  MemoryUsage of job (MB)
	688076  -  ResidentSetSize of job (KB)
...
006 (14733213.000.000) 2021-09-25 02:51:23 Image size of job updated: 708
	708  -  MemoryUsage of job (MB)
	725948  -  ResidentSetSize of job (KB)
...
006 (14733213.000.000) 2021-09-25 02:52:23 Image size of job updated: 743
	743  -  MemoryUsage of job (MB)
	761052  -  ResidentSetSize of job (KB)
...
006 (14733213.000.000) 2021-09-25 02:53:24 Image size of job updated: 775
	775  -  MemoryUsage of job (MB)
	793900  -  ResidentSetSize of job (KB)
...
006 (14733213.000.000) 2021-09-25 02:54:25 Image size of job updated: 806
	806  -  MemoryUsage of job (MB)
	825996  -  ResidentSetSize of job (KB)
...
006 (14733213.000.000) 2021-09-25 02:55:26 Image size of job updated: 838
	838  -  MemoryUsage of job (MB)
	858788  -  ResidentSetSize of job (KB)
...
006 (14733213.000.000) 2021-09-25 02:56:26 Image size of job updated: 865
	865  -  MemoryUsage of job (MB)
	886264  -  ResidentSetSize of job (KB)
...
006 (14733213.000.000) 2021-09-25 02:57:27 Image size of job updated: 904
	904  -  MemoryUsage of job (MB)
	926040  -  ResidentSetSize of job (KB)
...
006 (14733213.000.000) 2021-09-25 02:58:27 Image size of job updated: 932
	932  -  MemoryUsage of job (MB)
	954704  -  ResidentSetSize of job (KB)
...
006 (14733213.000.000) 2021-09-25 02:59:27 Image size of job updated: 958
	958  -  MemoryUsage of job (MB)
	981544  -  ResidentSetSize of job (KB)
...
006 (14733213.000.000) 2021-09-25 03:00:28 Image size of job updated: 983
	983  -  MemoryUsage of job (MB)
	1006972  -  ResidentSetSize of job (KB)
...
006 (14733213.000.000) 2021-09-25 03:01:29 Image size of job updated: 1007
	1007  -  MemoryUsage of job (MB)
	1032104  -  ResidentSetSize of job (KB)
...
006 (14733213.000.000) 2021-09-25 03:02:29 Image size of job updated: 1036
	1036  -  MemoryUsage of job (MB)
	1061280  -  ResidentSetSize of job (KB)
...
006 (14733213.000.000) 2021-09-25 03:03:29 Image size of job updated: 1069
	1069  -  MemoryUsage of job (MB)
	1095300  -  ResidentSetSize of job (KB)
...
006 (14733213.000.000) 2021-09-25 03:04:29 Image size of job updated: 1091
	1091  -  MemoryUsage of job (MB)
	1117940  -  ResidentSetSize of job (KB)
...
006 (14733213.000.000) 2021-09-25 03:05:30 Image size of job updated: 1113
	1113  -  MemoryUsage of job (MB)
	1140636  -  ResidentSetSize of job (KB)
...
006 (14733213.000.000) 2021-09-25 03:06:31 Image size of job updated: 1135
	1135  -  MemoryUsage of job (MB)
	1163008  -  ResidentSetSize of job (KB)
...
006 (14733213.000.000) 2021-09-25 03:07:31 Image size of job updated: 1157
	1157  -  MemoryUsage of job (MB)
	1185576  -  ResidentSetSize of job (KB)
...
006 (14733213.000.000) 2021-09-25 03:08:32 Image size of job updated: 1178
	1178  -  MemoryUsage of job (MB)
	1206828  -  ResidentSetSize of job (KB)
...
006 (14733213.000.000) 2021-09-25 03:09:33 Image size of job updated: 1198
	1198  -  MemoryUsage of job (MB)
	1227708  -  ResidentSetSize of job (KB)
...
006 (14733213.000.000) 2021-09-25 03:10:34 Image size of job updated: 1218
	1218  -  MemoryUsage of job (MB)
	1248180  -  ResidentSetSize of job (KB)
...
006 (14733213.000.000) 2021-09-25 03:11:34 Image size of job updated: 1238
	1238  -  MemoryUsage of job (MB)
	1268192  -  ResidentSetSize of job (KB)
...
006 (14733213.000.000) 2021-09-25 03:12:35 Image size of job updated: 1257
	1257  -  MemoryUsage of job (MB)
	1287888  -  ResidentSetSize of job (KB)
...
006 (14733213.000.000) 2021-09-25 03:13:35 Image size of job updated: 1274
	1274  -  MemoryUsage of job (MB)
	1305432  -  ResidentSetSize of job (KB)
...
006 (14733213.000.000) 2021-09-25 03:14:35 Image size of job updated: 1293
	1293  -  MemoryUsage of job (MB)
	1324388  -  ResidentSetSize of job (KB)
...
006 (14733213.000.000) 2021-09-25 03:15:36 Image size of job updated: 1311
	1311  -  MemoryUsage of job (MB)
	1343192  -  ResidentSetSize of job (KB)
...
006 (14733213.000.000) 2021-09-25 03:16:36 Image size of job updated: 1329
	1329  -  MemoryUsage of job (MB)
	1361608  -  ResidentSetSize of job (KB)
...
006 (14733213.000.000) 2021-09-25 03:17:36 Image size of job updated: 1347
	1347  -  MemoryUsage of job (MB)
	1379828  -  ResidentSetSize of job (KB)
...
006 (14733213.000.000) 2021-09-25 03:18:37 Image size of job updated: 1364
	1364  -  MemoryUsage of job (MB)
	1397736  -  ResidentSetSize of job (KB)
...
006 (14733213.000.000) 2021-09-25 03:19:38 Image size of job updated: 1382
	1382  -  MemoryUsage of job (MB)
	1415708  -  ResidentSetSize of job (KB)
...
006 (14733213.000.000) 2021-09-25 03:20:38 Image size of job updated: 1399
	1399  -  MemoryUsage of job (MB)
	1433156  -  ResidentSetSize of job (KB)
...
006 (14733213.000.000) 2021-09-25 03:21:38 Image size of job updated: 1416
	1416  -  MemoryUsage of job (MB)
	1450248  -  ResidentSetSize of job (KB)
...
006 (14733213.000.000) 2021-09-25 03:22:39 Image size of job updated: 1432
	1432  -  MemoryUsage of job (MB)
	1467168  -  ResidentSetSize of job (KB)
...
006 (14733213.000.000) 2021-09-25 03:23:39 Image size of job updated: 1449
	1449  -  MemoryUsage of job (MB)
	1484248  -  ResidentSetSize of job (KB)
...
006 (14733213.000.000) 2021-09-25 03:24:39 Image size of job updated: 1465
	1465  -  MemoryUsage of job (MB)
	1500736  -  ResidentSetSize of job (KB)
...
006 (14733213.000.000) 2021-09-25 03:25:40 Image size of job updated: 1481
	1481  -  MemoryUsage of job (MB)
	1517152  -  ResidentSetSize of job (KB)
...
006 (14733213.000.000) 2021-09-25 03:26:41 Image size of job updated: 1497
	1497  -  MemoryUsage of job (MB)
	1533320  -  ResidentSetSize of job (KB)
...
006 (14733213.000.000) 2021-09-25 03:27:42 Image size of job updated: 1512
	1512  -  MemoryUsage of job (MB)
	1549300  -  ResidentSetSize of job (KB)
...
006 (14733213.000.000) 2021-09-25 03:28:42 Image size of job updated: 1528
	1528  -  MemoryUsage of job (MB)
	1565056  -  ResidentSetSize of job (KB)
...
006 (14733213.000.000) 2021-09-25 03:29:43 Image size of job updated: 1547
	1547  -  MemoryUsage of job (MB)
	1584696  -  ResidentSetSize of job (KB)
...
006 (14733213.000.000) 2021-09-25 03:30:43 Image size of job updated: 1656
	1656  -  MemoryUsage of job (MB)
	1696404  -  ResidentSetSize of job (KB)
...
006 (14733213.000.000) 2021-09-25 03:31:43 Image size of job updated: 1676
	1676  -  MemoryUsage of job (MB)
	1716324  -  ResidentSetSize of job (KB)
...
006 (14733213.000.000) 2021-09-25 03:32:44 Image size of job updated: 1686
	1686  -  MemoryUsage of job (MB)
	1726568  -  ResidentSetSize of job (KB)
...
006 (14733213.000.000) 2021-09-25 03:33:45 Image size of job updated: 1692
	1692  -  MemoryUsage of job (MB)
	1733332  -  ResidentSetSize of job (KB)
...
006 (14733213.000.000) 2021-09-25 03:34:45 Image size of job updated: 1696
	1696  -  MemoryUsage of job (MB)
	1737012  -  ResidentSetSize of job (KB)
...
006 (14733213.000.000) 2021-09-25 03:35:46 Image size of job updated: 1700
	1700  -  MemoryUsage of job (MB)
	1741276  -  ResidentSetSize of job (KB)
...
006 (14733213.000.000) 2021-09-25 03:36:47 Image size of job updated: 1703
	1703  -  MemoryUsage of job (MB)
	1744244  -  ResidentSetSize of job (KB)
...
006 (14733213.000.000) 2021-09-25 03:37:47 Image size of job updated: 1705
	1705  -  MemoryUsage of job (MB)
	1746696  -  ResidentSetSize of job (KB)
...
006 (14733213.000.000) 2021-09-25 03:38:48 Image size of job updated: 1707
	1707  -  MemoryUsage of job (MB)
	1748392  -  ResidentSetSize of job (KB)
...
006 (14733213.000.000) 2021-09-25 03:39:49 Image size of job updated: 1710
	1710  -  MemoryUsage of job (MB)
	1751704  -  ResidentSetSize of job (KB)
...
006 (14733213.000.000) 2021-09-25 03:40:49 Image size of job updated: 1713
	1713  -  MemoryUsage of job (MB)
	1754356  -  ResidentSetSize of job (KB)
...
006 (14733213.000.000) 2021-09-25 03:41:50 Image size of job updated: 1715
	1715  -  MemoryUsage of job (MB)
	1756964  -  ResidentSetSize of job (KB)
...
006 (14733213.000.000) 2021-09-25 03:42:51 Image size of job updated: 1717
	1717  -  MemoryUsage of job (MB)
	1758908  -  ResidentSetSize of job (KB)
...
006 (14733213.000.000) 2021-09-25 03:43:51 Image size of job updated: 1719
	1719  -  MemoryUsage of job (MB)
	1760968  -  ResidentSetSize of job (KB)
...
006 (14733213.000.000) 2021-09-25 03:44:51 Image size of job updated: 1721
	1721  -  MemoryUsage of job (MB)
	1762912  -  ResidentSetSize of job (KB)
...
006 (14733213.000.000) 2021-09-25 03:45:51 Image size of job updated: 1722
	1722  -  MemoryUsage of job (MB)
	1764288  -  ResidentSetSize of job (KB)
...
006 (14733213.000.000) 2021-09-25 03:46:52 Image size of job updated: 1724
	1724  -  MemoryUsage of job (MB)
	1765988  -  ResidentSetSize of job (KB)
...
006 (14733213.000.000) 2021-09-25 03:47:52 Image size of job updated: 1726
	1726  -  MemoryUsage of job (MB)
	1767700  -  ResidentSetSize of job (KB)
...
006 (14733213.000.000) 2021-09-25 03:48:53 Image size of job updated: 1727
	1727  -  MemoryUsage of job (MB)
	1768740  -  ResidentSetSize of job (KB)
...
006 (14733213.000.000) 2021-09-25 03:49:53 Image size of job updated: 1728
	1728  -  MemoryUsage of job (MB)
	1770364  -  ResidentSetSize of job (KB)
...
006 (14733213.000.000) 2021-09-25 03:50:53 Image size of job updated: 1730
	1730  -  MemoryUsage of job (MB)
	1771812  -  ResidentSetSize of job (KB)
...
006 (14733213.000.000) 2021-09-25 03:51:54 Image size of job updated: 1731
	1731  -  MemoryUsage of job (MB)
	1772936  -  ResidentSetSize of job (KB)
...
006 (14733213.000.000) 2021-09-25 03:52:54 Image size of job updated: 1732
	1732  -  MemoryUsage of job (MB)
	1774456  -  ResidentSetSize of job (KB)
...
006 (14733213.000.000) 2021-09-25 03:53:55 Image size of job updated: 1733
	1733  -  MemoryUsage of job (MB)
	1775520  -  ResidentSetSize of job (KB)
...
006 (14733213.000.000) 2021-09-25 03:54:56 Image size of job updated: 1735
	1735  -  MemoryUsage of job (MB)
	1777304  -  ResidentSetSize of job (KB)
...
006 (14733213.000.000) 2021-09-25 03:55:57 Image size of job updated: 1738
	1738  -  MemoryUsage of job (MB)
	1779820  -  ResidentSetSize of job (KB)
...
006 (14733213.000.000) 2021-09-25 03:56:57 Image size of job updated: 1740
	1740  -  MemoryUsage of job (MB)
	1782324  -  ResidentSetSize of job (KB)
...
006 (14733213.000.000) 2021-09-25 03:57:58 Image size of job updated: 1743
	1743  -  MemoryUsage of job (MB)
	1785016  -  ResidentSetSize of job (KB)
...
006 (14733213.000.000) 2021-09-25 03:58:59 Image size of job updated: 1744
	1744  -  MemoryUsage of job (MB)
	1786832  -  ResidentSetSize of job (KB)
...
006 (14733213.000.000) 2021-09-25 03:59:59 Image size of job updated: 1747
	1747  -  MemoryUsage of job (MB)
	1788940  -  ResidentSetSize of job (KB)
...
006 (14733213.000.000) 2021-09-25 04:01:00 Image size of job updated: 1749
	1749  -  MemoryUsage of job (MB)
	1791020  -  ResidentSetSize of job (KB)
...
006 (14733213.000.000) 2021-09-25 04:02:01 Image size of job updated: 1751
	1751  -  MemoryUsage of job (MB)
	1793048  -  ResidentSetSize of job (KB)
...
006 (14733213.000.000) 2021-09-25 04:02:32 Image size of job updated: 1751
	1751  -  MemoryUsage of job (MB)
	1793304  -  ResidentSetSize of job (KB)
...
040 (14733213.000.000) 2021-09-25 04:02:33 Started transferring output files
...
040 (14733213.000.000) 2021-09-25 04:02:33 Finished transferring output files
...
005 (14733213.000.000) 2021-09-25 04:02:34 Job terminated.
	(1) Normal termination (return value 0)
		Usr 0 00:53:39, Sys 0 00:20:05  -  Run Remote Usage
		Usr 0 00:00:00, Sys 0 00:00:00  -  Run Local Usage
		Usr 0 00:53:39, Sys 0 00:20:05  -  Total Remote Usage
		Usr 0 00:00:00, Sys 0 00:00:00  -  Total Local Usage
	1228387  -  Run Bytes Sent By Job
	8471570  -  Run Bytes Received By Job
	1228387  -  Total Bytes Sent By Job
	8471570  -  Total Bytes Received By Job
	Partitionable Resources :    Usage  Request Allocated 
	   Cpus                 :        0        1         1 
	   Disk (KB)            :    22177    10000    336182 
	   Memory (MB)          :     1751     2048      2048 

	Job terminated of its own accord at 2021-09-25T09:02:32Z.
...
