000 (73340462.000.000) 2021-09-16 05:44:08 Job submitted from host: <131.225.188.235:9618?addrs=131.225.188.235-9618&alias=lpcschedd3.fnal.gov&noUDP&sock=schedd_2706_ab5d>
...
040 (73340462.000.000) 2021-09-16 06:09:34 Started transferring input files
	Transferring to host: <131.225.204.74:9618?addrs=131.225.204.74-9618&alias=cmswn1678.fnal.gov&noUDP&sock=slot1_7_1257_6b8c_4566>
...
040 (73340462.000.000) 2021-09-16 06:09:34 Finished transferring input files
...
001 (73340462.000.000) 2021-09-16 06:09:35 Job executing on host: <131.225.204.74:9618?addrs=131.225.204.74-9618&alias=cmswn1678.fnal.gov&noUDP&sock=startd_1145_f407>
...
006 (73340462.000.000) 2021-09-16 06:09:44 Image size of job updated: 66
	66  -  MemoryUsage of job (MB)
	67900  -  ResidentSetSize of job (KB)
...
006 (73340462.000.000) 2021-09-16 06:10:45 Image size of job updated: 527
	527  -  MemoryUsage of job (MB)
	540152  -  ResidentSetSize of job (KB)
...
006 (73340462.000.000) 2021-09-16 06:14:47 Image size of job updated: 569
	569  -  MemoryUsage of job (MB)
	583380  -  ResidentSetSize of job (KB)
...
006 (73340462.000.000) 2021-09-16 06:15:48 Image size of job updated: 620
	620  -  MemoryUsage of job (MB)
	635500  -  ResidentSetSize of job (KB)
...
006 (73340462.000.000) 2021-09-16 06:16:48 Image size of job updated: 663
	663  -  MemoryUsage of job (MB)
	679072  -  ResidentSetSize of job (KB)
...
006 (73340462.000.000) 2021-09-16 06:17:49 Image size of job updated: 702
	702  -  MemoryUsage of job (MB)
	718860  -  ResidentSetSize of job (KB)
...
006 (73340462.000.000) 2021-09-16 06:18:49 Image size of job updated: 738
	738  -  MemoryUsage of job (MB)
	755820  -  ResidentSetSize of job (KB)
...
006 (73340462.000.000) 2021-09-16 06:19:49 Image size of job updated: 772
	772  -  MemoryUsage of job (MB)
	790924  -  ResidentSetSize of job (KB)
...
006 (73340462.000.000) 2021-09-16 06:20:50 Image size of job updated: 805
	805  -  MemoryUsage of job (MB)
	824592  -  ResidentSetSize of job (KB)
...
006 (73340462.000.000) 2021-09-16 06:21:50 Image size of job updated: 838
	838  -  MemoryUsage of job (MB)
	858824  -  ResidentSetSize of job (KB)
...
006 (73340462.000.000) 2021-09-16 06:22:51 Image size of job updated: 867
	867  -  MemoryUsage of job (MB)
	888380  -  ResidentSetSize of job (KB)
...
006 (73340462.000.000) 2021-09-16 06:23:52 Image size of job updated: 907
	907  -  MemoryUsage of job (MB)
	929112  -  ResidentSetSize of job (KB)
...
006 (73340462.000.000) 2021-09-16 06:24:52 Image size of job updated: 936
	936  -  MemoryUsage of job (MB)
	958984  -  ResidentSetSize of job (KB)
...
006 (73340462.000.000) 2021-09-16 06:25:53 Image size of job updated: 963
	963  -  MemoryUsage of job (MB)
	986820  -  ResidentSetSize of job (KB)
...
006 (73340462.000.000) 2021-09-16 06:26:53 Image size of job updated: 989
	989  -  MemoryUsage of job (MB)
	1013332  -  ResidentSetSize of job (KB)
...
006 (73340462.000.000) 2021-09-16 06:27:54 Image size of job updated: 1015
	1015  -  MemoryUsage of job (MB)
	1039540  -  ResidentSetSize of job (KB)
...
006 (73340462.000.000) 2021-09-16 06:28:55 Image size of job updated: 1044
	1044  -  MemoryUsage of job (MB)
	1069332  -  ResidentSetSize of job (KB)
...
006 (73340462.000.000) 2021-09-16 06:29:55 Image size of job updated: 1078
	1078  -  MemoryUsage of job (MB)
	1104004  -  ResidentSetSize of job (KB)
...
006 (73340462.000.000) 2021-09-16 06:30:56 Image size of job updated: 1101
	1101  -  MemoryUsage of job (MB)
	1127952  -  ResidentSetSize of job (KB)
...
006 (73340462.000.000) 2021-09-16 06:31:56 Image size of job updated: 1124
	1124  -  MemoryUsage of job (MB)
	1151332  -  ResidentSetSize of job (KB)
...
006 (73340462.000.000) 2021-09-16 06:32:57 Image size of job updated: 1146
	1146  -  MemoryUsage of job (MB)
	1174324  -  ResidentSetSize of job (KB)
...
006 (73340462.000.000) 2021-09-16 06:33:58 Image size of job updated: 1169
	1169  -  MemoryUsage of job (MB)
	1197140  -  ResidentSetSize of job (KB)
...
006 (73340462.000.000) 2021-09-16 06:34:58 Image size of job updated: 1190
	1190  -  MemoryUsage of job (MB)
	1218824  -  ResidentSetSize of job (KB)
...
006 (73340462.000.000) 2021-09-16 06:35:59 Image size of job updated: 1211
	1211  -  MemoryUsage of job (MB)
	1240232  -  ResidentSetSize of job (KB)
...
006 (73340462.000.000) 2021-09-16 06:36:59 Image size of job updated: 1231
	1231  -  MemoryUsage of job (MB)
	1261040  -  ResidentSetSize of job (KB)
...
006 (73340462.000.000) 2021-09-16 06:38:00 Image size of job updated: 1251
	1251  -  MemoryUsage of job (MB)
	1281548  -  ResidentSetSize of job (KB)
...
006 (73340462.000.000) 2021-09-16 06:39:01 Image size of job updated: 1271
	1271  -  MemoryUsage of job (MB)
	1301852  -  ResidentSetSize of job (KB)
...
006 (73340462.000.000) 2021-09-16 06:40:01 Image size of job updated: 1290
	1290  -  MemoryUsage of job (MB)
	1321636  -  ResidentSetSize of job (KB)
...
006 (73340462.000.000) 2021-09-16 06:41:02 Image size of job updated: 1309
	1309  -  MemoryUsage of job (MB)
	1341152  -  ResidentSetSize of job (KB)
...
006 (73340462.000.000) 2021-09-16 06:42:02 Image size of job updated: 1328
	1328  -  MemoryUsage of job (MB)
	1360336  -  ResidentSetSize of job (KB)
...
006 (73340462.000.000) 2021-09-16 06:43:02 Image size of job updated: 1346
	1346  -  MemoryUsage of job (MB)
	1379160  -  ResidentSetSize of job (KB)
...
006 (73340462.000.000) 2021-09-16 06:44:03 Image size of job updated: 1364
	1364  -  MemoryUsage of job (MB)
	1397708  -  ResidentSetSize of job (KB)
...
006 (73340462.000.000) 2021-09-16 06:45:03 Image size of job updated: 1382
	1382  -  MemoryUsage of job (MB)
	1416092  -  ResidentSetSize of job (KB)
...
006 (73340462.000.000) 2021-09-16 06:46:03 Image size of job updated: 1400
	1400  -  MemoryUsage of job (MB)
	1434124  -  ResidentSetSize of job (KB)
...
006 (73340462.000.000) 2021-09-16 06:47:04 Image size of job updated: 1417
	1417  -  MemoryUsage of job (MB)
	1452028  -  ResidentSetSize of job (KB)
...
006 (73340462.000.000) 2021-09-16 06:48:04 Image size of job updated: 1435
	1435  -  MemoryUsage of job (MB)
	1469660  -  ResidentSetSize of job (KB)
...
006 (73340462.000.000) 2021-09-16 06:49:05 Image size of job updated: 1452
	1452  -  MemoryUsage of job (MB)
	1487048  -  ResidentSetSize of job (KB)
...
006 (73340462.000.000) 2021-09-16 06:50:06 Image size of job updated: 1468
	1468  -  MemoryUsage of job (MB)
	1504188  -  ResidentSetSize of job (KB)
...
006 (73340462.000.000) 2021-09-16 06:51:06 Image size of job updated: 1485
	1485  -  MemoryUsage of job (MB)
	1521136  -  ResidentSetSize of job (KB)
...
006 (73340462.000.000) 2021-09-16 06:52:07 Image size of job updated: 1501
	1501  -  MemoryUsage of job (MB)
	1537852  -  ResidentSetSize of job (KB)
...
006 (73340462.000.000) 2021-09-16 06:53:07 Image size of job updated: 1516
	1516  -  MemoryUsage of job (MB)
	1552724  -  ResidentSetSize of job (KB)
...
006 (73340462.000.000) 2021-09-16 06:54:07 Image size of job updated: 1532
	1532  -  MemoryUsage of job (MB)
	1568904  -  ResidentSetSize of job (KB)
...
006 (73340462.000.000) 2021-09-16 06:55:08 Image size of job updated: 1625
	1625  -  MemoryUsage of job (MB)
	1664744  -  ResidentSetSize of job (KB)
...
006 (73340462.000.000) 2021-09-16 06:56:08 Image size of job updated: 1682
	1682  -  MemoryUsage of job (MB)
	1722512  -  ResidentSetSize of job (KB)
...
006 (73340462.000.000) 2021-09-16 06:57:09 Image size of job updated: 1692
	1692  -  MemoryUsage of job (MB)
	1733620  -  ResidentSetSize of job (KB)
...
006 (73340462.000.000) 2021-09-16 06:58:10 Image size of job updated: 1699
	1699  -  MemoryUsage of job (MB)
	1739780  -  ResidentSetSize of job (KB)
...
006 (73340462.000.000) 2021-09-16 06:59:10 Image size of job updated: 1705
	1705  -  MemoryUsage of job (MB)
	1746252  -  ResidentSetSize of job (KB)
...
006 (73340462.000.000) 2021-09-16 07:00:11 Image size of job updated: 1708
	1708  -  MemoryUsage of job (MB)
	1749828  -  ResidentSetSize of job (KB)
...
006 (73340462.000.000) 2021-09-16 07:01:11 Image size of job updated: 1712
	1712  -  MemoryUsage of job (MB)
	1753472  -  ResidentSetSize of job (KB)
...
006 (73340462.000.000) 2021-09-16 07:02:12 Image size of job updated: 1716
	1716  -  MemoryUsage of job (MB)
	1757412  -  ResidentSetSize of job (KB)
...
006 (73340462.000.000) 2021-09-16 07:03:13 Image size of job updated: 1718
	1718  -  MemoryUsage of job (MB)
	1760144  -  ResidentSetSize of job (KB)
...
006 (73340462.000.000) 2021-09-16 07:04:13 Image size of job updated: 1721
	1721  -  MemoryUsage of job (MB)
	1763144  -  ResidentSetSize of job (KB)
...
006 (73340462.000.000) 2021-09-16 07:05:14 Image size of job updated: 1724
	1724  -  MemoryUsage of job (MB)
	1765656  -  ResidentSetSize of job (KB)
...
006 (73340462.000.000) 2021-09-16 07:06:14 Image size of job updated: 1726
	1726  -  MemoryUsage of job (MB)
	1767800  -  ResidentSetSize of job (KB)
...
006 (73340462.000.000) 2021-09-16 07:07:14 Image size of job updated: 1731
	1731  -  MemoryUsage of job (MB)
	1773428  -  ResidentSetSize of job (KB)
...
006 (73340462.000.000) 2021-09-16 07:08:15 Image size of job updated: 1734
	1734  -  MemoryUsage of job (MB)
	1776080  -  ResidentSetSize of job (KB)
...
006 (73340462.000.000) 2021-09-16 07:09:15 Image size of job updated: 1736
	1736  -  MemoryUsage of job (MB)
	1777988  -  ResidentSetSize of job (KB)
...
006 (73340462.000.000) 2021-09-16 07:10:16 Image size of job updated: 1738
	1738  -  MemoryUsage of job (MB)
	1780568  -  ResidentSetSize of job (KB)
...
006 (73340462.000.000) 2021-09-16 07:11:17 Image size of job updated: 1741
	1741  -  MemoryUsage of job (MB)
	1782804  -  ResidentSetSize of job (KB)
...
006 (73340462.000.000) 2021-09-16 07:12:17 Image size of job updated: 1744
	1744  -  MemoryUsage of job (MB)
	1785900  -  ResidentSetSize of job (KB)
...
006 (73340462.000.000) 2021-09-16 07:13:18 Image size of job updated: 1745
	1745  -  MemoryUsage of job (MB)
	1787680  -  ResidentSetSize of job (KB)
...
006 (73340462.000.000) 2021-09-16 07:14:18 Image size of job updated: 1747
	1747  -  MemoryUsage of job (MB)
	1789748  -  ResidentSetSize of job (KB)
...
006 (73340462.000.000) 2021-09-16 07:15:18 Image size of job updated: 1749
	1749  -  MemoryUsage of job (MB)
	1791244  -  ResidentSetSize of job (KB)
...
006 (73340462.000.000) 2021-09-16 07:16:19 Image size of job updated: 1751
	1751  -  MemoryUsage of job (MB)
	1793324  -  ResidentSetSize of job (KB)
...
006 (73340462.000.000) 2021-09-16 07:17:19 Image size of job updated: 1753
	1753  -  MemoryUsage of job (MB)
	1795228  -  ResidentSetSize of job (KB)
...
006 (73340462.000.000) 2021-09-16 07:18:19 Image size of job updated: 1755
	1755  -  MemoryUsage of job (MB)
	1797320  -  ResidentSetSize of job (KB)
...
006 (73340462.000.000) 2021-09-16 07:18:41 Image size of job updated: 1755
	1755  -  MemoryUsage of job (MB)
	1797644  -  ResidentSetSize of job (KB)
...
040 (73340462.000.000) 2021-09-16 07:18:41 Started transferring output files
...
040 (73340462.000.000) 2021-09-16 07:18:41 Finished transferring output files
...
005 (73340462.000.000) 2021-09-16 07:18:44 Job terminated.
	(1) Normal termination (return value 0)
		Usr 0 00:52:26, Sys 0 00:11:11  -  Run Remote Usage
		Usr 0 00:00:00, Sys 0 00:00:00  -  Run Local Usage
		Usr 0 00:52:26, Sys 0 00:11:11  -  Total Remote Usage
		Usr 0 00:00:00, Sys 0 00:00:00  -  Total Local Usage
	1228925  -  Run Bytes Sent By Job
	8471562  -  Run Bytes Received By Job
	1228925  -  Total Bytes Sent By Job
	8471562  -  Total Bytes Received By Job
	Partitionable Resources :    Usage  Request Allocated 
	   Cpus                 :     0.00        1         1 
	   Disk (KB)            : 23657       10000    307367 
	   Memory (MB)          :  1755        2048      2048 

	Job terminated of its own accord at 2021-09-16T12:18:41Z.
...
000 (73445436.000.000) 2021-09-24 22:29:20 Job submitted from host: <131.225.188.235:9618?addrs=131.225.188.235-9618&alias=lpcschedd3.fnal.gov&noUDP&sock=schedd_2706_ab5d>
...
040 (73445436.000.000) 2021-09-25 02:42:42 Started transferring input files
	Transferring to host: <131.225.204.40:9618?addrs=131.225.204.40-9618&alias=cmswn1644.fnal.gov&noUDP&sock=slot1_6_15860_8dfe_11205>
...
040 (73445436.000.000) 2021-09-25 02:42:43 Finished transferring input files
...
001 (73445436.000.000) 2021-09-25 02:42:44 Job executing on host: <131.225.204.40:9618?addrs=131.225.204.40-9618&alias=cmswn1644.fnal.gov&noUDP&sock=startd_1140_860e>
...
006 (73445436.000.000) 2021-09-25 02:42:52 Image size of job updated: 43
	43  -  MemoryUsage of job (MB)
	44120  -  ResidentSetSize of job (KB)
...
006 (73445436.000.000) 2021-09-25 02:43:53 Image size of job updated: 532
	532  -  MemoryUsage of job (MB)
	545108  -  ResidentSetSize of job (KB)
...
006 (73445436.000.000) 2021-09-25 02:46:54 Image size of job updated: 537
	537  -  MemoryUsage of job (MB)
	550656  -  ResidentSetSize of job (KB)
...
006 (73445436.000.000) 2021-09-25 02:47:54 Image size of job updated: 590
	590  -  MemoryUsage of job (MB)
	604388  -  ResidentSetSize of job (KB)
...
006 (73445436.000.000) 2021-09-25 02:48:54 Image size of job updated: 636
	636  -  MemoryUsage of job (MB)
	652200  -  ResidentSetSize of job (KB)
...
006 (73445436.000.000) 2021-09-25 02:49:55 Image size of job updated: 676
	676  -  MemoryUsage of job (MB)
	693200  -  ResidentSetSize of job (KB)
...
006 (73445436.000.000) 2021-09-25 02:50:56 Image size of job updated: 714
	714  -  MemoryUsage of job (MB)
	731724  -  ResidentSetSize of job (KB)
...
006 (73445436.000.000) 2021-09-25 02:51:56 Image size of job updated: 749
	749  -  MemoryUsage of job (MB)
	767740  -  ResidentSetSize of job (KB)
...
006 (73445436.000.000) 2021-09-25 02:52:56 Image size of job updated: 782
	782  -  MemoryUsage of job (MB)
	801428  -  ResidentSetSize of job (KB)
...
006 (73445436.000.000) 2021-09-25 02:53:57 Image size of job updated: 814
	814  -  MemoryUsage of job (MB)
	834256  -  ResidentSetSize of job (KB)
...
006 (73445436.000.000) 2021-09-25 02:54:58 Image size of job updated: 846
	846  -  MemoryUsage of job (MB)
	866896  -  ResidentSetSize of job (KB)
...
006 (73445436.000.000) 2021-09-25 02:55:59 Image size of job updated: 875
	875  -  MemoryUsage of job (MB)
	896108  -  ResidentSetSize of job (KB)
...
006 (73445436.000.000) 2021-09-25 02:56:59 Image size of job updated: 911
	911  -  MemoryUsage of job (MB)
	933880  -  ResidentSetSize of job (KB)
...
006 (73445436.000.000) 2021-09-25 02:57:59 Image size of job updated: 940
	940  -  MemoryUsage of job (MB)
	963580  -  ResidentSetSize of job (KB)
...
006 (73445436.000.000) 2021-09-25 02:59:00 Image size of job updated: 967
	967  -  MemoryUsage of job (MB)
	991180  -  ResidentSetSize of job (KB)
...
006 (73445436.000.000) 2021-09-25 03:00:01 Image size of job updated: 993
	993  -  MemoryUsage of job (MB)
	1017404  -  ResidentSetSize of job (KB)
...
006 (73445436.000.000) 2021-09-25 03:01:01 Image size of job updated: 1020
	1020  -  MemoryUsage of job (MB)
	1044860  -  ResidentSetSize of job (KB)
...
006 (73445436.000.000) 2021-09-25 03:02:01 Image size of job updated: 1048
	1048  -  MemoryUsage of job (MB)
	1073708  -  ResidentSetSize of job (KB)
...
006 (73445436.000.000) 2021-09-25 03:03:02 Image size of job updated: 1080
	1080  -  MemoryUsage of job (MB)
	1106704  -  ResidentSetSize of job (KB)
...
006 (73445436.000.000) 2021-09-25 03:04:02 Image size of job updated: 1103
	1103  -  MemoryUsage of job (MB)
	1130000  -  ResidentSetSize of job (KB)
...
006 (73445436.000.000) 2021-09-25 03:05:02 Image size of job updated: 1125
	1125  -  MemoryUsage of job (MB)
	1152992  -  ResidentSetSize of job (KB)
...
006 (73445436.000.000) 2021-09-25 03:06:03 Image size of job updated: 1147
	1147  -  MemoryUsage of job (MB)
	1175000  -  ResidentSetSize of job (KB)
...
006 (73445436.000.000) 2021-09-25 03:07:04 Image size of job updated: 1169
	1169  -  MemoryUsage of job (MB)
	1197512  -  ResidentSetSize of job (KB)
...
006 (73445436.000.000) 2021-09-25 03:08:04 Image size of job updated: 1190
	1190  -  MemoryUsage of job (MB)
	1218816  -  ResidentSetSize of job (KB)
...
006 (73445436.000.000) 2021-09-25 03:09:05 Image size of job updated: 1210
	1210  -  MemoryUsage of job (MB)
	1239748  -  ResidentSetSize of job (KB)
...
006 (73445436.000.000) 2021-09-25 03:10:06 Image size of job updated: 1230
	1230  -  MemoryUsage of job (MB)
	1260216  -  ResidentSetSize of job (KB)
...
006 (73445436.000.000) 2021-09-25 03:11:06 Image size of job updated: 1250
	1250  -  MemoryUsage of job (MB)
	1280076  -  ResidentSetSize of job (KB)
...
006 (73445436.000.000) 2021-09-25 03:12:06 Image size of job updated: 1269
	1269  -  MemoryUsage of job (MB)
	1299660  -  ResidentSetSize of job (KB)
...
006 (73445436.000.000) 2021-09-25 03:13:06 Image size of job updated: 1288
	1288  -  MemoryUsage of job (MB)
	1319332  -  ResidentSetSize of job (KB)
...
006 (73445436.000.000) 2021-09-25 03:14:07 Image size of job updated: 1307
	1307  -  MemoryUsage of job (MB)
	1338420  -  ResidentSetSize of job (KB)
...
006 (73445436.000.000) 2021-09-25 03:15:08 Image size of job updated: 1325
	1325  -  MemoryUsage of job (MB)
	1357236  -  ResidentSetSize of job (KB)
...
006 (73445436.000.000) 2021-09-25 03:16:08 Image size of job updated: 1341
	1341  -  MemoryUsage of job (MB)
	1373828  -  ResidentSetSize of job (KB)
...
006 (73445436.000.000) 2021-09-25 03:17:08 Image size of job updated: 1359
	1359  -  MemoryUsage of job (MB)
	1392160  -  ResidentSetSize of job (KB)
...
006 (73445436.000.000) 2021-09-25 03:18:09 Image size of job updated: 1377
	1377  -  MemoryUsage of job (MB)
	1410160  -  ResidentSetSize of job (KB)
...
006 (73445436.000.000) 2021-09-25 03:19:09 Image size of job updated: 1394
	1394  -  MemoryUsage of job (MB)
	1427740  -  ResidentSetSize of job (KB)
...
006 (73445436.000.000) 2021-09-25 03:20:09 Image size of job updated: 1411
	1411  -  MemoryUsage of job (MB)
	1445276  -  ResidentSetSize of job (KB)
...
006 (73445436.000.000) 2021-09-25 03:21:09 Image size of job updated: 1428
	1428  -  MemoryUsage of job (MB)
	1462608  -  ResidentSetSize of job (KB)
...
006 (73445436.000.000) 2021-09-25 03:22:10 Image size of job updated: 1444
	1444  -  MemoryUsage of job (MB)
	1479620  -  ResidentSetSize of job (KB)
...
006 (73445436.000.000) 2021-09-25 03:23:11 Image size of job updated: 1461
	1461  -  MemoryUsage of job (MB)
	1496396  -  ResidentSetSize of job (KB)
...
006 (73445436.000.000) 2021-09-25 03:24:11 Image size of job updated: 1477
	1477  -  MemoryUsage of job (MB)
	1513068  -  ResidentSetSize of job (KB)
...
006 (73445436.000.000) 2021-09-25 03:25:11 Image size of job updated: 1493
	1493  -  MemoryUsage of job (MB)
	1529384  -  ResidentSetSize of job (KB)
...
006 (73445436.000.000) 2021-09-25 03:26:12 Image size of job updated: 1509
	1509  -  MemoryUsage of job (MB)
	1545352  -  ResidentSetSize of job (KB)
...
006 (73445436.000.000) 2021-09-25 03:27:13 Image size of job updated: 1524
	1524  -  MemoryUsage of job (MB)
	1561204  -  ResidentSetSize of job (KB)
...
006 (73445436.000.000) 2021-09-25 03:28:13 Image size of job updated: 1543
	1543  -  MemoryUsage of job (MB)
	1581052  -  ResidentSetSize of job (KB)
...
006 (73445436.000.000) 2021-09-25 03:29:13 Image size of job updated: 1670
	1670  -  MemoryUsage of job (MB)
	1710740  -  ResidentSetSize of job (KB)
...
006 (73445436.000.000) 2021-09-25 03:30:14 Image size of job updated: 1688
	1688  -  MemoryUsage of job (MB)
	1729040  -  ResidentSetSize of job (KB)
...
006 (73445436.000.000) 2021-09-25 03:31:15 Image size of job updated: 1695
	1695  -  MemoryUsage of job (MB)
	1736452  -  ResidentSetSize of job (KB)
...
006 (73445436.000.000) 2021-09-25 03:32:15 Image size of job updated: 1702
	1702  -  MemoryUsage of job (MB)
	1743168  -  ResidentSetSize of job (KB)
...
006 (73445436.000.000) 2021-09-25 03:33:15 Image size of job updated: 1706
	1706  -  MemoryUsage of job (MB)
	1747320  -  ResidentSetSize of job (KB)
...
006 (73445436.000.000) 2021-09-25 03:34:16 Image size of job updated: 1710
	1710  -  MemoryUsage of job (MB)
	1751888  -  ResidentSetSize of job (KB)
...
006 (73445436.000.000) 2021-09-25 03:35:17 Image size of job updated: 1713
	1713  -  MemoryUsage of job (MB)
	1755000  -  ResidentSetSize of job (KB)
...
006 (73445436.000.000) 2021-09-25 03:36:18 Image size of job updated: 1715
	1715  -  MemoryUsage of job (MB)
	1756780  -  ResidentSetSize of job (KB)
...
006 (73445436.000.000) 2021-09-25 03:37:18 Image size of job updated: 1717
	1717  -  MemoryUsage of job (MB)
	1759152  -  ResidentSetSize of job (KB)
...
006 (73445436.000.000) 2021-09-25 03:38:19 Image size of job updated: 1719
	1719  -  MemoryUsage of job (MB)
	1761232  -  ResidentSetSize of job (KB)
...
006 (73445436.000.000) 2021-09-25 03:39:19 Image size of job updated: 1721
	1721  -  MemoryUsage of job (MB)
	1763216  -  ResidentSetSize of job (KB)
...
006 (73445436.000.000) 2021-09-25 03:40:19 Image size of job updated: 1724
	1724  -  MemoryUsage of job (MB)
	1766148  -  ResidentSetSize of job (KB)
...
006 (73445436.000.000) 2021-09-25 03:41:20 Image size of job updated: 1726
	1726  -  MemoryUsage of job (MB)
	1768224  -  ResidentSetSize of job (KB)
...
006 (73445436.000.000) 2021-09-25 03:42:20 Image size of job updated: 1729
	1729  -  MemoryUsage of job (MB)
	1770576  -  ResidentSetSize of job (KB)
...
006 (73445436.000.000) 2021-09-25 03:43:20 Image size of job updated: 1730
	1730  -  MemoryUsage of job (MB)
	1772448  -  ResidentSetSize of job (KB)
...
006 (73445436.000.000) 2021-09-25 03:44:21 Image size of job updated: 1733
	1733  -  MemoryUsage of job (MB)
	1774976  -  ResidentSetSize of job (KB)
...
006 (73445436.000.000) 2021-09-25 03:45:22 Image size of job updated: 1736
	1736  -  MemoryUsage of job (MB)
	1777796  -  ResidentSetSize of job (KB)
...
006 (73445436.000.000) 2021-09-25 03:46:22 Image size of job updated: 1738
	1738  -  MemoryUsage of job (MB)
	1779904  -  ResidentSetSize of job (KB)
...
006 (73445436.000.000) 2021-09-25 03:47:22 Image size of job updated: 1740
	1740  -  MemoryUsage of job (MB)
	1782668  -  ResidentSetSize of job (KB)
...
006 (73445436.000.000) 2021-09-25 03:48:23 Image size of job updated: 1743
	1743  -  MemoryUsage of job (MB)
	1784852  -  ResidentSetSize of job (KB)
...
006 (73445436.000.000) 2021-09-25 03:49:24 Image size of job updated: 1744
	1744  -  MemoryUsage of job (MB)
	1786652  -  ResidentSetSize of job (KB)
...
006 (73445436.000.000) 2021-09-25 03:50:24 Image size of job updated: 1746
	1746  -  MemoryUsage of job (MB)
	1788392  -  ResidentSetSize of job (KB)
...
006 (73445436.000.000) 2021-09-25 03:51:25 Image size of job updated: 1747
	1747  -  MemoryUsage of job (MB)
	1789884  -  ResidentSetSize of job (KB)
...
006 (73445436.000.000) 2021-09-25 03:51:57 Image size of job updated: 1748
	1748  -  MemoryUsage of job (MB)
	1790308  -  ResidentSetSize of job (KB)
...
040 (73445436.000.000) 2021-09-25 03:51:57 Started transferring output files
...
040 (73445436.000.000) 2021-09-25 03:51:57 Finished transferring output files
...
005 (73445436.000.000) 2021-09-25 03:51:58 Job terminated.
	(1) Normal termination (return value 0)
		Usr 0 00:53:09, Sys 0 00:10:06  -  Run Remote Usage
		Usr 0 00:00:00, Sys 0 00:00:00  -  Run Local Usage
		Usr 0 00:53:09, Sys 0 00:10:06  -  Total Remote Usage
		Usr 0 00:00:00, Sys 0 00:00:00  -  Total Local Usage
	1228888  -  Run Bytes Sent By Job
	8471570  -  Run Bytes Received By Job
	1228888  -  Total Bytes Sent By Job
	8471570  -  Total Bytes Received By Job
	Partitionable Resources :    Usage  Request Allocated 
	   Cpus                 :     0.00        1         1 
	   Disk (KB)            : 22737       10000    298956 
	   Memory (MB)          :  1748        2048      2048 

	Job terminated of its own accord at 2021-09-25T08:51:57Z.
...
