000 (34568047.000.000) 2021-09-17 07:10:12 Job submitted from host: <131.225.188.57:9618?addrs=131.225.188.57-9618&alias=lpcschedd2.fnal.gov&noUDP&sock=schedd_2251_93c6>
...
040 (34568047.000.000) 2021-09-17 18:31:11 Started transferring input files
	Transferring to host: <131.225.206.14:9618?addrs=131.225.206.14-9618&alias=cmswn1740.fnal.gov&noUDP&sock=slot1_4_1228_fcab_4414>
...
040 (34568047.000.000) 2021-09-17 18:31:12 Finished transferring input files
...
001 (34568047.000.000) 2021-09-17 18:31:13 Job executing on host: <131.225.206.14:9618?addrs=131.225.206.14-9618&alias=cmswn1740.fnal.gov&noUDP&sock=startd_1127_9b53>
...
006 (34568047.000.000) 2021-09-17 18:31:21 Image size of job updated: 71
	71  -  MemoryUsage of job (MB)
	73496  -  ResidentSetSize of job (KB)
...
006 (34568047.000.000) 2021-09-17 18:32:22 Image size of job updated: 533
	533  -  MemoryUsage of job (MB)
	546636  -  ResidentSetSize of job (KB)
...
006 (34568047.000.000) 2021-09-17 18:35:23 Image size of job updated: 542
	542  -  MemoryUsage of job (MB)
	555664  -  ResidentSetSize of job (KB)
...
006 (34568047.000.000) 2021-09-17 18:36:24 Image size of job updated: 595
	595  -  MemoryUsage of job (MB)
	609632  -  ResidentSetSize of job (KB)
...
006 (34568047.000.000) 2021-09-17 18:37:25 Image size of job updated: 641
	641  -  MemoryUsage of job (MB)
	657184  -  ResidentSetSize of job (KB)
...
006 (34568047.000.000) 2021-09-17 18:38:25 Image size of job updated: 683
	683  -  MemoryUsage of job (MB)
	699456  -  ResidentSetSize of job (KB)
...
006 (34568047.000.000) 2021-09-17 18:39:26 Image size of job updated: 720
	720  -  MemoryUsage of job (MB)
	737828  -  ResidentSetSize of job (KB)
...
006 (34568047.000.000) 2021-09-17 18:40:26 Image size of job updated: 755
	755  -  MemoryUsage of job (MB)
	773908  -  ResidentSetSize of job (KB)
...
006 (34568047.000.000) 2021-09-17 18:41:26 Image size of job updated: 788
	788  -  MemoryUsage of job (MB)
	807872  -  ResidentSetSize of job (KB)
...
006 (34568047.000.000) 2021-09-17 18:42:27 Image size of job updated: 821
	821  -  MemoryUsage of job (MB)
	841036  -  ResidentSetSize of job (KB)
...
006 (34568047.000.000) 2021-09-17 18:43:27 Image size of job updated: 853
	853  -  MemoryUsage of job (MB)
	873920  -  ResidentSetSize of job (KB)
...
006 (34568047.000.000) 2021-09-17 18:44:28 Image size of job updated: 885
	885  -  MemoryUsage of job (MB)
	907140  -  ResidentSetSize of job (KB)
...
006 (34568047.000.000) 2021-09-17 18:45:28 Image size of job updated: 923
	923  -  MemoryUsage of job (MB)
	946064  -  ResidentSetSize of job (KB)
...
006 (34568047.000.000) 2021-09-17 18:46:28 Image size of job updated: 951
	951  -  MemoryUsage of job (MB)
	973852  -  ResidentSetSize of job (KB)
...
006 (34568047.000.000) 2021-09-17 18:47:29 Image size of job updated: 977
	977  -  MemoryUsage of job (MB)
	1000920  -  ResidentSetSize of job (KB)
...
006 (34568047.000.000) 2021-09-17 18:48:29 Image size of job updated: 1003
	1003  -  MemoryUsage of job (MB)
	1027216  -  ResidentSetSize of job (KB)
...
006 (34568047.000.000) 2021-09-17 18:49:29 Image size of job updated: 1030
	1030  -  MemoryUsage of job (MB)
	1055740  -  ResidentSetSize of job (KB)
...
006 (34568047.000.000) 2021-09-17 18:50:30 Image size of job updated: 1062
	1062  -  MemoryUsage of job (MB)
	1088304  -  ResidentSetSize of job (KB)
...
006 (34568047.000.000) 2021-09-17 18:51:30 Image size of job updated: 1087
	1087  -  MemoryUsage of job (MB)
	1113420  -  ResidentSetSize of job (KB)
...
006 (34568047.000.000) 2021-09-17 18:52:31 Image size of job updated: 1109
	1109  -  MemoryUsage of job (MB)
	1135836  -  ResidentSetSize of job (KB)
...
006 (34568047.000.000) 2021-09-17 18:53:32 Image size of job updated: 1130
	1130  -  MemoryUsage of job (MB)
	1157800  -  ResidentSetSize of job (KB)
...
006 (34568047.000.000) 2021-09-17 18:54:32 Image size of job updated: 1152
	1152  -  MemoryUsage of job (MB)
	1180244  -  ResidentSetSize of job (KB)
...
006 (34568047.000.000) 2021-09-17 18:55:33 Image size of job updated: 1172
	1172  -  MemoryUsage of job (MB)
	1200812  -  ResidentSetSize of job (KB)
...
006 (34568047.000.000) 2021-09-17 18:56:34 Image size of job updated: 1192
	1192  -  MemoryUsage of job (MB)
	1221260  -  ResidentSetSize of job (KB)
...
006 (34568047.000.000) 2021-09-17 18:57:34 Image size of job updated: 1212
	1212  -  MemoryUsage of job (MB)
	1241164  -  ResidentSetSize of job (KB)
...
006 (34568047.000.000) 2021-09-17 18:58:35 Image size of job updated: 1231
	1231  -  MemoryUsage of job (MB)
	1260728  -  ResidentSetSize of job (KB)
...
006 (34568047.000.000) 2021-09-17 18:59:35 Image size of job updated: 1249
	1249  -  MemoryUsage of job (MB)
	1279588  -  ResidentSetSize of job (KB)
...
006 (34568047.000.000) 2021-09-17 19:00:36 Image size of job updated: 1267
	1267  -  MemoryUsage of job (MB)
	1298276  -  ResidentSetSize of job (KB)
...
006 (34568047.000.000) 2021-09-17 19:01:37 Image size of job updated: 1285
	1285  -  MemoryUsage of job (MB)
	1316436  -  ResidentSetSize of job (KB)
...
006 (34568047.000.000) 2021-09-17 19:02:37 Image size of job updated: 1302
	1302  -  MemoryUsage of job (MB)
	1334204  -  ResidentSetSize of job (KB)
...
006 (34568047.000.000) 2021-09-17 19:03:38 Image size of job updated: 1319
	1319  -  MemoryUsage of job (MB)
	1351568  -  ResidentSetSize of job (KB)
...
006 (34568047.000.000) 2021-09-17 19:04:39 Image size of job updated: 1336
	1336  -  MemoryUsage of job (MB)
	1368892  -  ResidentSetSize of job (KB)
...
006 (34568047.000.000) 2021-09-17 19:05:39 Image size of job updated: 1353
	1353  -  MemoryUsage of job (MB)
	1385632  -  ResidentSetSize of job (KB)
...
006 (34568047.000.000) 2021-09-17 19:06:40 Image size of job updated: 1369
	1369  -  MemoryUsage of job (MB)
	1402032  -  ResidentSetSize of job (KB)
...
006 (34568047.000.000) 2021-09-17 19:07:40 Image size of job updated: 1385
	1385  -  MemoryUsage of job (MB)
	1418508  -  ResidentSetSize of job (KB)
...
006 (34568047.000.000) 2021-09-17 19:08:41 Image size of job updated: 1401
	1401  -  MemoryUsage of job (MB)
	1434756  -  ResidentSetSize of job (KB)
...
006 (34568047.000.000) 2021-09-17 19:09:42 Image size of job updated: 1416
	1416  -  MemoryUsage of job (MB)
	1450780  -  ResidentSetSize of job (KB)
...
006 (34568047.000.000) 2021-09-17 19:10:42 Image size of job updated: 1432
	1432  -  MemoryUsage of job (MB)
	1466404  -  ResidentSetSize of job (KB)
...
006 (34568047.000.000) 2021-09-17 19:11:43 Image size of job updated: 1446
	1446  -  MemoryUsage of job (MB)
	1481448  -  ResidentSetSize of job (KB)
...
006 (34568047.000.000) 2021-09-17 19:12:44 Image size of job updated: 1461
	1461  -  MemoryUsage of job (MB)
	1496748  -  ResidentSetSize of job (KB)
...
006 (34568047.000.000) 2021-09-17 19:13:45 Image size of job updated: 1476
	1476  -  MemoryUsage of job (MB)
	1512280  -  ResidentSetSize of job (KB)
...
006 (34568047.000.000) 2021-09-17 19:14:46 Image size of job updated: 1491
	1491  -  MemoryUsage of job (MB)
	1527528  -  ResidentSetSize of job (KB)
...
006 (34568047.000.000) 2021-09-17 19:15:47 Image size of job updated: 1506
	1506  -  MemoryUsage of job (MB)
	1542532  -  ResidentSetSize of job (KB)
...
006 (34568047.000.000) 2021-09-17 19:16:47 Image size of job updated: 1519
	1519  -  MemoryUsage of job (MB)
	1556424  -  ResidentSetSize of job (KB)
...
006 (34568047.000.000) 2021-09-17 19:17:47 Image size of job updated: 1535
	1535  -  MemoryUsage of job (MB)
	1572028  -  ResidentSetSize of job (KB)
...
006 (34568047.000.000) 2021-09-17 19:18:48 Image size of job updated: 1625
	1625  -  MemoryUsage of job (MB)
	1664448  -  ResidentSetSize of job (KB)
...
006 (34568047.000.000) 2021-09-17 19:19:48 Image size of job updated: 1635
	1635  -  MemoryUsage of job (MB)
	1675208  -  ResidentSetSize of job (KB)
...
006 (34568047.000.000) 2021-09-17 19:20:48 Image size of job updated: 1637
	1637  -  MemoryUsage of job (MB)
	1676636  -  ResidentSetSize of job (KB)
...
006 (34568047.000.000) 2021-09-17 19:21:49 Image size of job updated: 1640
	1640  -  MemoryUsage of job (MB)
	1679884  -  ResidentSetSize of job (KB)
...
006 (34568047.000.000) 2021-09-17 19:22:49 Image size of job updated: 1642
	1642  -  MemoryUsage of job (MB)
	1681816  -  ResidentSetSize of job (KB)
...
006 (34568047.000.000) 2021-09-17 19:23:50 Image size of job updated: 1643
	1643  -  MemoryUsage of job (MB)
	1682624  -  ResidentSetSize of job (KB)
...
006 (34568047.000.000) 2021-09-17 19:24:50 Image size of job updated: 1645
	1645  -  MemoryUsage of job (MB)
	1684532  -  ResidentSetSize of job (KB)
...
006 (34568047.000.000) 2021-09-17 19:25:50 Image size of job updated: 1646
	1646  -  MemoryUsage of job (MB)
	1686328  -  ResidentSetSize of job (KB)
...
006 (34568047.000.000) 2021-09-17 19:26:51 Image size of job updated: 1647
	1647  -  MemoryUsage of job (MB)
	1687172  -  ResidentSetSize of job (KB)
...
006 (34568047.000.000) 2021-09-17 19:27:51 Image size of job updated: 1648
	1648  -  MemoryUsage of job (MB)
	1688252  -  ResidentSetSize of job (KB)
...
006 (34568047.000.000) 2021-09-17 19:28:51 Image size of job updated: 1649
	1649  -  MemoryUsage of job (MB)
	1689248  -  ResidentSetSize of job (KB)
...
006 (34568047.000.000) 2021-09-17 19:29:52 Image size of job updated: 1650
	1650  -  MemoryUsage of job (MB)
	1689604  -  ResidentSetSize of job (KB)
...
006 (34568047.000.000) 2021-09-17 19:30:52 Image size of job updated: 1650
	1650  -  MemoryUsage of job (MB)
	1690496  -  ResidentSetSize of job (KB)
...
006 (34568047.000.000) 2021-09-17 19:31:53 Image size of job updated: 1651
	1651  -  MemoryUsage of job (MB)
	1691444  -  ResidentSetSize of job (KB)
...
006 (34568047.000.000) 2021-09-17 19:32:54 Image size of job updated: 1652
	1652  -  MemoryUsage of job (MB)
	1692516  -  ResidentSetSize of job (KB)
...
006 (34568047.000.000) 2021-09-17 19:33:54 Image size of job updated: 1653
	1653  -  MemoryUsage of job (MB)
	1693452  -  ResidentSetSize of job (KB)
...
006 (34568047.000.000) 2021-09-17 19:34:55 Image size of job updated: 1654
	1654  -  MemoryUsage of job (MB)
	1694416  -  ResidentSetSize of job (KB)
...
006 (34568047.000.000) 2021-09-17 19:35:55 Image size of job updated: 1655
	1655  -  MemoryUsage of job (MB)
	1695236  -  ResidentSetSize of job (KB)
...
006 (34568047.000.000) 2021-09-17 19:36:55 Image size of job updated: 1656
	1656  -  MemoryUsage of job (MB)
	1696012  -  ResidentSetSize of job (KB)
...
006 (34568047.000.000) 2021-09-17 19:37:56 Image size of job updated: 1656
	1656  -  MemoryUsage of job (MB)
	1696352  -  ResidentSetSize of job (KB)
...
006 (34568047.000.000) 2021-09-17 19:38:56 Image size of job updated: 1657
	1657  -  MemoryUsage of job (MB)
	1697048  -  ResidentSetSize of job (KB)
...
006 (34568047.000.000) 2021-09-17 19:39:57 Image size of job updated: 1658
	1658  -  MemoryUsage of job (MB)
	1698084  -  ResidentSetSize of job (KB)
...
006 (34568047.000.000) 2021-09-17 19:40:58 Image size of job updated: 1658
	1658  -  MemoryUsage of job (MB)
	1698552  -  ResidentSetSize of job (KB)
...
006 (34568047.000.000) 2021-09-17 19:41:58 Image size of job updated: 1659
	1659  -  MemoryUsage of job (MB)
	1698968  -  ResidentSetSize of job (KB)
...
006 (34568047.000.000) 2021-09-17 19:42:59 Image size of job updated: 1660
	1660  -  MemoryUsage of job (MB)
	1699888  -  ResidentSetSize of job (KB)
...
006 (34568047.000.000) 2021-09-17 19:44:00 Image size of job updated: 1660
	1660  -  MemoryUsage of job (MB)
	1700556  -  ResidentSetSize of job (KB)
...
006 (34568047.000.000) 2021-09-17 19:45:00 Image size of job updated: 1661
	1661  -  MemoryUsage of job (MB)
	1701188  -  ResidentSetSize of job (KB)
...
006 (34568047.000.000) 2021-09-17 19:46:01 Image size of job updated: 1661
	1661  -  MemoryUsage of job (MB)
	1701780  -  ResidentSetSize of job (KB)
...
006 (34568047.000.000) 2021-09-17 19:47:02 Image size of job updated: 1662
	1662  -  MemoryUsage of job (MB)
	1702800  -  ResidentSetSize of job (KB)
...
006 (34568047.000.000) 2021-09-17 19:48:02 Image size of job updated: 1663
	1663  -  MemoryUsage of job (MB)
	1703132  -  ResidentSetSize of job (KB)
...
006 (34568047.000.000) 2021-09-17 19:49:03 Image size of job updated: 1664
	1664  -  MemoryUsage of job (MB)
	1704052  -  ResidentSetSize of job (KB)
...
006 (34568047.000.000) 2021-09-17 19:50:03 Image size of job updated: 1664
	1664  -  MemoryUsage of job (MB)
	1704864  -  ResidentSetSize of job (KB)
...
006 (34568047.000.000) 2021-09-17 19:51:03 Image size of job updated: 1665
	1665  -  MemoryUsage of job (MB)
	1705648  -  ResidentSetSize of job (KB)
...
006 (34568047.000.000) 2021-09-17 19:52:04 Image size of job updated: 1666
	1666  -  MemoryUsage of job (MB)
	1706080  -  ResidentSetSize of job (KB)
...
006 (34568047.000.000) 2021-09-17 19:53:04 Image size of job updated: 1666
	1666  -  MemoryUsage of job (MB)
	1706824  -  ResidentSetSize of job (KB)
...
006 (34568047.000.000) 2021-09-17 19:54:04 Image size of job updated: 1667
	1667  -  MemoryUsage of job (MB)
	1707576  -  ResidentSetSize of job (KB)
...
006 (34568047.000.000) 2021-09-17 19:55:05 Image size of job updated: 1668
	1668  -  MemoryUsage of job (MB)
	1708080  -  ResidentSetSize of job (KB)
...
006 (34568047.000.000) 2021-09-17 19:56:05 Image size of job updated: 1668
	1668  -  MemoryUsage of job (MB)
	1708896  -  ResidentSetSize of job (KB)
...
006 (34568047.000.000) 2021-09-17 19:57:06 Image size of job updated: 1669
	1669  -  MemoryUsage of job (MB)
	1709816  -  ResidentSetSize of job (KB)
...
006 (34568047.000.000) 2021-09-17 19:58:07 Image size of job updated: 1670
	1670  -  MemoryUsage of job (MB)
	1710292  -  ResidentSetSize of job (KB)
...
006 (34568047.000.000) 2021-09-17 19:59:07 Image size of job updated: 1671
	1671  -  MemoryUsage of job (MB)
	1711116  -  ResidentSetSize of job (KB)
...
006 (34568047.000.000) 2021-09-17 20:00:08 Image size of job updated: 1671
	1671  -  MemoryUsage of job (MB)
	1711960  -  ResidentSetSize of job (KB)
...
006 (34568047.000.000) 2021-09-17 20:01:08 Image size of job updated: 1672
	1672  -  MemoryUsage of job (MB)
	1712336  -  ResidentSetSize of job (KB)
...
006 (34568047.000.000) 2021-09-17 20:02:08 Image size of job updated: 1673
	1673  -  MemoryUsage of job (MB)
	1713160  -  ResidentSetSize of job (KB)
...
006 (34568047.000.000) 2021-09-17 20:03:09 Image size of job updated: 1673
	1673  -  MemoryUsage of job (MB)
	1713764  -  ResidentSetSize of job (KB)
...
006 (34568047.000.000) 2021-09-17 20:04:09 Image size of job updated: 1674
	1674  -  MemoryUsage of job (MB)
	1714444  -  ResidentSetSize of job (KB)
...
006 (34568047.000.000) 2021-09-17 20:05:10 Image size of job updated: 1674
	1674  -  MemoryUsage of job (MB)
	1714992  -  ResidentSetSize of job (KB)
...
006 (34568047.000.000) 2021-09-17 20:06:11 Image size of job updated: 1675
	1675  -  MemoryUsage of job (MB)
	1715684  -  ResidentSetSize of job (KB)
...
006 (34568047.000.000) 2021-09-17 20:07:11 Image size of job updated: 1676
	1676  -  MemoryUsage of job (MB)
	1716768  -  ResidentSetSize of job (KB)
...
006 (34568047.000.000) 2021-09-17 20:08:12 Image size of job updated: 1676
	1676  -  MemoryUsage of job (MB)
	1717216  -  ResidentSetSize of job (KB)
...
006 (34568047.000.000) 2021-09-17 20:09:12 Image size of job updated: 1677
	1677  -  MemoryUsage of job (MB)
	1717944  -  ResidentSetSize of job (KB)
...
006 (34568047.000.000) 2021-09-17 20:10:12 Image size of job updated: 1678
	1678  -  MemoryUsage of job (MB)
	1718836  -  ResidentSetSize of job (KB)
...
006 (34568047.000.000) 2021-09-17 20:11:13 Image size of job updated: 1679
	1679  -  MemoryUsage of job (MB)
	1719728  -  ResidentSetSize of job (KB)
...
006 (34568047.000.000) 2021-09-17 20:12:13 Image size of job updated: 1679
	1679  -  MemoryUsage of job (MB)
	1720124  -  ResidentSetSize of job (KB)
...
006 (34568047.000.000) 2021-09-17 20:13:14 Image size of job updated: 1680
	1680  -  MemoryUsage of job (MB)
	1720936  -  ResidentSetSize of job (KB)
...
006 (34568047.000.000) 2021-09-17 20:14:15 Image size of job updated: 1681
	1681  -  MemoryUsage of job (MB)
	1721796  -  ResidentSetSize of job (KB)
...
006 (34568047.000.000) 2021-09-17 20:15:15 Image size of job updated: 1681
	1681  -  MemoryUsage of job (MB)
	1722344  -  ResidentSetSize of job (KB)
...
006 (34568047.000.000) 2021-09-17 20:16:16 Image size of job updated: 1682
	1682  -  MemoryUsage of job (MB)
	1723084  -  ResidentSetSize of job (KB)
...
006 (34568047.000.000) 2021-09-17 20:17:17 Image size of job updated: 1683
	1683  -  MemoryUsage of job (MB)
	1723896  -  ResidentSetSize of job (KB)
...
006 (34568047.000.000) 2021-09-17 20:18:17 Image size of job updated: 1684
	1684  -  MemoryUsage of job (MB)
	1724600  -  ResidentSetSize of job (KB)
...
040 (34568047.000.000) 2021-09-17 20:18:27 Started transferring output files
...
040 (34568047.000.000) 2021-09-17 20:18:27 Finished transferring output files
...
005 (34568047.000.000) 2021-09-17 20:18:29 Job terminated.
	(1) Normal termination (return value 0)
		Usr 0 00:00:00, Sys 0 00:00:00  -  Run Remote Usage
		Usr 0 00:00:00, Sys 0 00:00:00  -  Run Local Usage
		Usr 0 01:06:30, Sys 0 00:34:20  -  Total Remote Usage
		Usr 0 00:00:00, Sys 0 00:00:00  -  Total Local Usage
	1296977  -  Run Bytes Sent By Job
	8471538  -  Run Bytes Received By Job
	1296977  -  Total Bytes Sent By Job
	8471538  -  Total Bytes Received By Job
	Partitionable Resources :    Usage  Request Allocated 
	   Cpus                 :     0.00        1         1 
	   Disk (KB)            : 28962       10000    315164 
	   Memory (MB)          :  1684        2048      2048 

	Job terminated of its own accord at 2021-09-18T01:18:27Z.
...
000 (14732788.000.000) 2021-09-24 22:13:41 Job submitted from host: <131.225.188.55:9618?addrs=131.225.188.55-9618&alias=lpcschedd1.fnal.gov&noUDP&sock=schedd_2070_6d22>
...
040 (14732788.000.000) 2021-09-24 23:58:16 Started transferring input files
	Transferring to host: <131.225.205.181:9618?addrs=131.225.205.181-9618&alias=cmswn1955.fnal.gov&noUDP&sock=slot1_21_1533_e317_5426>
...
040 (14732788.000.000) 2021-09-24 23:58:16 Finished transferring input files
...
001 (14732788.000.000) 2021-09-24 23:58:17 Job executing on host: <131.225.205.181:9618?addrs=131.225.205.181-9618&alias=cmswn1955.fnal.gov&noUDP&sock=startd_1434_2ee6>
...
006 (14732788.000.000) 2021-09-24 23:58:26 Image size of job updated: 25
	25  -  MemoryUsage of job (MB)
	26332  -  ResidentSetSize of job (KB)
...
006 (14732788.000.000) 2021-09-24 23:59:26 Image size of job updated: 498
	498  -  MemoryUsage of job (MB)
	509984  -  ResidentSetSize of job (KB)
...
006 (14732788.000.000) 2021-09-25 00:00:27 Image size of job updated: 555
	555  -  MemoryUsage of job (MB)
	569260  -  ResidentSetSize of job (KB)
...
006 (14732788.000.000) 2021-09-25 00:04:29 Image size of job updated: 558
	558  -  MemoryUsage of job (MB)
	571928  -  ResidentSetSize of job (KB)
...
006 (14732788.000.000) 2021-09-25 00:05:31 Image size of job updated: 599
	599  -  MemoryUsage of job (MB)
	613704  -  ResidentSetSize of job (KB)
...
006 (14732788.000.000) 2021-09-25 00:06:31 Image size of job updated: 642
	642  -  MemoryUsage of job (MB)
	657536  -  ResidentSetSize of job (KB)
...
006 (14732788.000.000) 2021-09-25 00:07:32 Image size of job updated: 676
	676  -  MemoryUsage of job (MB)
	693240  -  ResidentSetSize of job (KB)
...
006 (14732788.000.000) 2021-09-25 00:08:32 Image size of job updated: 709
	709  -  MemoryUsage of job (MB)
	726160  -  ResidentSetSize of job (KB)
...
006 (14732788.000.000) 2021-09-25 00:09:32 Image size of job updated: 742
	742  -  MemoryUsage of job (MB)
	760644  -  ResidentSetSize of job (KB)
...
006 (14732788.000.000) 2021-09-25 00:10:32 Image size of job updated: 771
	771  -  MemoryUsage of job (MB)
	790372  -  ResidentSetSize of job (KB)
...
006 (14732788.000.000) 2021-09-25 00:11:33 Image size of job updated: 800
	800  -  MemoryUsage of job (MB)
	819476  -  ResidentSetSize of job (KB)
...
006 (14732788.000.000) 2021-09-25 00:12:34 Image size of job updated: 829
	829  -  MemoryUsage of job (MB)
	849736  -  ResidentSetSize of job (KB)
...
006 (14732788.000.000) 2021-09-25 00:13:34 Image size of job updated: 857
	857  -  MemoryUsage of job (MB)
	878128  -  ResidentSetSize of job (KB)
...
006 (14732788.000.000) 2021-09-25 00:14:34 Image size of job updated: 882
	882  -  MemoryUsage of job (MB)
	903744  -  ResidentSetSize of job (KB)
...
006 (14732788.000.000) 2021-09-25 00:15:36 Image size of job updated: 921
	921  -  MemoryUsage of job (MB)
	943672  -  ResidentSetSize of job (KB)
...
006 (14732788.000.000) 2021-09-25 00:16:36 Image size of job updated: 945
	945  -  MemoryUsage of job (MB)
	968616  -  ResidentSetSize of job (KB)
...
006 (14732788.000.000) 2021-09-25 00:17:36 Image size of job updated: 969
	969  -  MemoryUsage of job (MB)
	992676  -  ResidentSetSize of job (KB)
...
006 (14732788.000.000) 2021-09-25 00:18:37 Image size of job updated: 994
	994  -  MemoryUsage of job (MB)
	1017944  -  ResidentSetSize of job (KB)
...
006 (14732788.000.000) 2021-09-25 00:19:38 Image size of job updated: 1019
	1019  -  MemoryUsage of job (MB)
	1043700  -  ResidentSetSize of job (KB)
...
006 (14732788.000.000) 2021-09-25 00:20:38 Image size of job updated: 1041
	1041  -  MemoryUsage of job (MB)
	1066936  -  ResidentSetSize of job (KB)
...
006 (14732788.000.000) 2021-09-25 00:21:40 Image size of job updated: 1074
	1074  -  MemoryUsage of job (MB)
	1100624  -  ResidentSetSize of job (KB)
...
006 (14732788.000.000) 2021-09-25 00:22:40 Image size of job updated: 1094
	1094  -  MemoryUsage of job (MB)
	1121152  -  ResidentSetSize of job (KB)
...
006 (14732788.000.000) 2021-09-25 00:23:41 Image size of job updated: 1114
	1114  -  MemoryUsage of job (MB)
	1141504  -  ResidentSetSize of job (KB)
...
006 (14732788.000.000) 2021-09-25 00:24:42 Image size of job updated: 1136
	1136  -  MemoryUsage of job (MB)
	1163780  -  ResidentSetSize of job (KB)
...
006 (14732788.000.000) 2021-09-25 00:25:42 Image size of job updated: 1156
	1156  -  MemoryUsage of job (MB)
	1184012  -  ResidentSetSize of job (KB)
...
006 (14732788.000.000) 2021-09-25 00:26:43 Image size of job updated: 1175
	1175  -  MemoryUsage of job (MB)
	1203264  -  ResidentSetSize of job (KB)
...
006 (14732788.000.000) 2021-09-25 00:27:43 Image size of job updated: 1195
	1195  -  MemoryUsage of job (MB)
	1223852  -  ResidentSetSize of job (KB)
...
006 (14732788.000.000) 2021-09-25 00:28:43 Image size of job updated: 1213
	1213  -  MemoryUsage of job (MB)
	1242420  -  ResidentSetSize of job (KB)
...
006 (14732788.000.000) 2021-09-25 00:29:43 Image size of job updated: 1231
	1231  -  MemoryUsage of job (MB)
	1260576  -  ResidentSetSize of job (KB)
...
006 (14732788.000.000) 2021-09-25 00:30:43 Image size of job updated: 1248
	1248  -  MemoryUsage of job (MB)
	1278328  -  ResidentSetSize of job (KB)
...
006 (14732788.000.000) 2021-09-25 00:31:44 Image size of job updated: 1267
	1267  -  MemoryUsage of job (MB)
	1297524  -  ResidentSetSize of job (KB)
...
006 (14732788.000.000) 2021-09-25 00:32:45 Image size of job updated: 1284
	1284  -  MemoryUsage of job (MB)
	1314860  -  ResidentSetSize of job (KB)
...
006 (14732788.000.000) 2021-09-25 00:33:45 Image size of job updated: 1301
	1301  -  MemoryUsage of job (MB)
	1332256  -  ResidentSetSize of job (KB)
...
006 (14732788.000.000) 2021-09-25 00:34:46 Image size of job updated: 1319
	1319  -  MemoryUsage of job (MB)
	1351164  -  ResidentSetSize of job (KB)
...
006 (14732788.000.000) 2021-09-25 00:35:47 Image size of job updated: 1335
	1335  -  MemoryUsage of job (MB)
	1367564  -  ResidentSetSize of job (KB)
...
006 (14732788.000.000) 2021-09-25 00:36:47 Image size of job updated: 1351
	1351  -  MemoryUsage of job (MB)
	1383780  -  ResidentSetSize of job (KB)
...
006 (14732788.000.000) 2021-09-25 00:37:47 Image size of job updated: 1367
	1367  -  MemoryUsage of job (MB)
	1399972  -  ResidentSetSize of job (KB)
...
006 (14732788.000.000) 2021-09-25 00:38:47 Image size of job updated: 1384
	1384  -  MemoryUsage of job (MB)
	1417684  -  ResidentSetSize of job (KB)
...
006 (14732788.000.000) 2021-09-25 00:39:47 Image size of job updated: 1400
	1400  -  MemoryUsage of job (MB)
	1433680  -  ResidentSetSize of job (KB)
...
006 (14732788.000.000) 2021-09-25 00:40:48 Image size of job updated: 1415
	1415  -  MemoryUsage of job (MB)
	1449396  -  ResidentSetSize of job (KB)
...
006 (14732788.000.000) 2021-09-25 00:41:48 Image size of job updated: 1432
	1432  -  MemoryUsage of job (MB)
	1466696  -  ResidentSetSize of job (KB)
...
006 (14732788.000.000) 2021-09-25 00:42:49 Image size of job updated: 1447
	1447  -  MemoryUsage of job (MB)
	1482012  -  ResidentSetSize of job (KB)
...
006 (14732788.000.000) 2021-09-25 00:43:49 Image size of job updated: 1462
	1462  -  MemoryUsage of job (MB)
	1497188  -  ResidentSetSize of job (KB)
...
006 (14732788.000.000) 2021-09-25 00:44:50 Image size of job updated: 1478
	1478  -  MemoryUsage of job (MB)
	1513936  -  ResidentSetSize of job (KB)
...
006 (14732788.000.000) 2021-09-25 00:45:50 Image size of job updated: 1492
	1492  -  MemoryUsage of job (MB)
	1528728  -  ResidentSetSize of job (KB)
...
006 (14732788.000.000) 2021-09-25 00:46:50 Image size of job updated: 1507
	1507  -  MemoryUsage of job (MB)
	1543448  -  ResidentSetSize of job (KB)
...
006 (14732788.000.000) 2021-09-25 00:47:51 Image size of job updated: 1523
	1523  -  MemoryUsage of job (MB)
	1559616  -  ResidentSetSize of job (KB)
...
006 (14732788.000.000) 2021-09-25 00:48:51 Image size of job updated: 1541
	1541  -  MemoryUsage of job (MB)
	1578212  -  ResidentSetSize of job (KB)
...
006 (14732788.000.000) 2021-09-25 00:49:51 Image size of job updated: 1625
	1625  -  MemoryUsage of job (MB)
	1664316  -  ResidentSetSize of job (KB)
...
006 (14732788.000.000) 2021-09-25 00:50:52 Image size of job updated: 1625
	1625  -  MemoryUsage of job (MB)
	1664364  -  ResidentSetSize of job (KB)
...
006 (14732788.000.000) 2021-09-25 00:51:53 Image size of job updated: 1625
	1625  -  MemoryUsage of job (MB)
	1664448  -  ResidentSetSize of job (KB)
...
006 (14732788.000.000) 2021-09-25 00:52:53 Image size of job updated: 1625
	1625  -  MemoryUsage of job (MB)
	1664484  -  ResidentSetSize of job (KB)
...
006 (14732788.000.000) 2021-09-25 00:53:54 Image size of job updated: 1632
	1632  -  MemoryUsage of job (MB)
	1672012  -  ResidentSetSize of job (KB)
...
006 (14732788.000.000) 2021-09-25 00:54:55 Image size of job updated: 1632
	1632  -  MemoryUsage of job (MB)
	1672048  -  ResidentSetSize of job (KB)
...
006 (14732788.000.000) 2021-09-25 00:55:56 Image size of job updated: 1632
	1632  -  MemoryUsage of job (MB)
	1672120  -  ResidentSetSize of job (KB)
...
006 (14732788.000.000) 2021-09-25 00:56:56 Image size of job updated: 1634
	1634  -  MemoryUsage of job (MB)
	1673916  -  ResidentSetSize of job (KB)
...
006 (14732788.000.000) 2021-09-25 00:57:57 Image size of job updated: 1636
	1636  -  MemoryUsage of job (MB)
	1675636  -  ResidentSetSize of job (KB)
...
006 (14732788.000.000) 2021-09-25 00:58:57 Image size of job updated: 1636
	1636  -  MemoryUsage of job (MB)
	1675652  -  ResidentSetSize of job (KB)
...
006 (14732788.000.000) 2021-09-25 00:59:58 Image size of job updated: 1636
	1636  -  MemoryUsage of job (MB)
	1675684  -  ResidentSetSize of job (KB)
...
006 (14732788.000.000) 2021-09-25 01:00:59 Image size of job updated: 1637
	1637  -  MemoryUsage of job (MB)
	1676824  -  ResidentSetSize of job (KB)
...
006 (14732788.000.000) 2021-09-25 01:02:00 Image size of job updated: 1637
	1637  -  MemoryUsage of job (MB)
	1676852  -  ResidentSetSize of job (KB)
...
006 (14732788.000.000) 2021-09-25 01:03:00 Image size of job updated: 1637
	1637  -  MemoryUsage of job (MB)
	1676904  -  ResidentSetSize of job (KB)
...
006 (14732788.000.000) 2021-09-25 01:04:01 Image size of job updated: 1637
	1637  -  MemoryUsage of job (MB)
	1677100  -  ResidentSetSize of job (KB)
...
006 (14732788.000.000) 2021-09-25 01:05:01 Image size of job updated: 1639
	1639  -  MemoryUsage of job (MB)
	1679084  -  ResidentSetSize of job (KB)
...
006 (14732788.000.000) 2021-09-25 01:06:02 Image size of job updated: 1639
	1639  -  MemoryUsage of job (MB)
	1679100  -  ResidentSetSize of job (KB)
...
006 (14732788.000.000) 2021-09-25 01:07:04 Image size of job updated: 1639
	1639  -  MemoryUsage of job (MB)
	1679116  -  ResidentSetSize of job (KB)
...
006 (14732788.000.000) 2021-09-25 01:08:04 Image size of job updated: 1641
	1641  -  MemoryUsage of job (MB)
	1680572  -  ResidentSetSize of job (KB)
...
006 (14732788.000.000) 2021-09-25 01:09:05 Image size of job updated: 1641
	1641  -  MemoryUsage of job (MB)
	1680576  -  ResidentSetSize of job (KB)
...
006 (14732788.000.000) 2021-09-25 01:10:05 Image size of job updated: 1641
	1641  -  MemoryUsage of job (MB)
	1680580  -  ResidentSetSize of job (KB)
...
006 (14732788.000.000) 2021-09-25 01:11:06 Image size of job updated: 1641
	1641  -  MemoryUsage of job (MB)
	1680816  -  ResidentSetSize of job (KB)
...
006 (14732788.000.000) 2021-09-25 01:12:06 Image size of job updated: 1641
	1641  -  MemoryUsage of job (MB)
	1681312  -  ResidentSetSize of job (KB)
...
006 (14732788.000.000) 2021-09-25 01:13:06 Image size of job updated: 1641
	1641  -  MemoryUsage of job (MB)
	1681324  -  ResidentSetSize of job (KB)
...
006 (14732788.000.000) 2021-09-25 01:14:07 Image size of job updated: 1641
	1641  -  MemoryUsage of job (MB)
	1681332  -  ResidentSetSize of job (KB)
...
006 (14732788.000.000) 2021-09-25 01:15:07 Image size of job updated: 1642
	1642  -  MemoryUsage of job (MB)
	1682232  -  ResidentSetSize of job (KB)
...
006 (14732788.000.000) 2021-09-25 01:16:07 Image size of job updated: 1642
	1642  -  MemoryUsage of job (MB)
	1682236  -  ResidentSetSize of job (KB)
...
006 (14732788.000.000) 2021-09-25 01:17:07 Image size of job updated: 1642
	1642  -  MemoryUsage of job (MB)
	1682252  -  ResidentSetSize of job (KB)
...
006 (14732788.000.000) 2021-09-25 01:18:08 Image size of job updated: 1643
	1643  -  MemoryUsage of job (MB)
	1682692  -  ResidentSetSize of job (KB)
...
006 (14732788.000.000) 2021-09-25 01:19:09 Image size of job updated: 1643
	1643  -  MemoryUsage of job (MB)
	1682696  -  ResidentSetSize of job (KB)
...
006 (14732788.000.000) 2021-09-25 01:20:09 Image size of job updated: 1643
	1643  -  MemoryUsage of job (MB)
	1682712  -  ResidentSetSize of job (KB)
...
006 (14732788.000.000) 2021-09-25 01:21:09 Image size of job updated: 1644
	1644  -  MemoryUsage of job (MB)
	1684096  -  ResidentSetSize of job (KB)
...
006 (14732788.000.000) 2021-09-25 01:22:09 Image size of job updated: 1644
	1644  -  MemoryUsage of job (MB)
	1684100  -  ResidentSetSize of job (KB)
...
006 (14732788.000.000) 2021-09-25 01:23:09 Image size of job updated: 1644
	1644  -  MemoryUsage of job (MB)
	1684120  -  ResidentSetSize of job (KB)
...
006 (14732788.000.000) 2021-09-25 01:24:09 Image size of job updated: 1644
	1644  -  MemoryUsage of job (MB)
	1684448  -  ResidentSetSize of job (KB)
...
006 (14732788.000.000) 2021-09-25 01:25:09 Image size of job updated: 1645
	1645  -  MemoryUsage of job (MB)
	1684844  -  ResidentSetSize of job (KB)
...
006 (14732788.000.000) 2021-09-25 01:26:09 Image size of job updated: 1645
	1645  -  MemoryUsage of job (MB)
	1684852  -  ResidentSetSize of job (KB)
...
006 (14732788.000.000) 2021-09-25 01:27:09 Image size of job updated: 1645
	1645  -  MemoryUsage of job (MB)
	1685304  -  ResidentSetSize of job (KB)
...
006 (14732788.000.000) 2021-09-25 01:28:10 Image size of job updated: 1646
	1646  -  MemoryUsage of job (MB)
	1685584  -  ResidentSetSize of job (KB)
...
006 (14732788.000.000) 2021-09-25 01:29:11 Image size of job updated: 1646
	1646  -  MemoryUsage of job (MB)
	1685600  -  ResidentSetSize of job (KB)
...
006 (14732788.000.000) 2021-09-25 01:30:12 Image size of job updated: 1646
	1646  -  MemoryUsage of job (MB)
	1685608  -  ResidentSetSize of job (KB)
...
006 (14732788.000.000) 2021-09-25 01:31:13 Image size of job updated: 1646
	1646  -  MemoryUsage of job (MB)
	1686088  -  ResidentSetSize of job (KB)
...
006 (14732788.000.000) 2021-09-25 01:32:15 Image size of job updated: 1646
	1646  -  MemoryUsage of job (MB)
	1686092  -  ResidentSetSize of job (KB)
...
006 (14732788.000.000) 2021-09-25 01:33:15 Image size of job updated: 1646
	1646  -  MemoryUsage of job (MB)
	1686096  -  ResidentSetSize of job (KB)
...
006 (14732788.000.000) 2021-09-25 01:34:16 Image size of job updated: 1646
	1646  -  MemoryUsage of job (MB)
	1686104  -  ResidentSetSize of job (KB)
...
006 (14732788.000.000) 2021-09-25 01:35:16 Image size of job updated: 1646
	1646  -  MemoryUsage of job (MB)
	1686108  -  ResidentSetSize of job (KB)
...
006 (14732788.000.000) 2021-09-25 01:36:17 Image size of job updated: 1647
	1647  -  MemoryUsage of job (MB)
	1686988  -  ResidentSetSize of job (KB)
...
006 (14732788.000.000) 2021-09-25 01:39:19 Image size of job updated: 1647
	1647  -  MemoryUsage of job (MB)
	1686992  -  ResidentSetSize of job (KB)
...
006 (14732788.000.000) 2021-09-25 01:41:20 Image size of job updated: 1647
	1647  -  MemoryUsage of job (MB)
	1687460  -  ResidentSetSize of job (KB)
...
006 (14732788.000.000) 2021-09-25 01:46:22 Image size of job updated: 1647
	1647  -  MemoryUsage of job (MB)
	1687464  -  ResidentSetSize of job (KB)
...
006 (14732788.000.000) 2021-09-25 01:47:22 Image size of job updated: 1648
	1648  -  MemoryUsage of job (MB)
	1688192  -  ResidentSetSize of job (KB)
...
006 (14732788.000.000) 2021-09-25 01:48:23 Image size of job updated: 1648
	1648  -  MemoryUsage of job (MB)
	1688200  -  ResidentSetSize of job (KB)
...
006 (14732788.000.000) 2021-09-25 01:52:23 Image size of job updated: 1648
	1648  -  MemoryUsage of job (MB)
	1688416  -  ResidentSetSize of job (KB)
...
006 (14732788.000.000) 2021-09-25 01:53:24 Image size of job updated: 1649
	1649  -  MemoryUsage of job (MB)
	1688580  -  ResidentSetSize of job (KB)
...
006 (14732788.000.000) 2021-09-25 01:57:29 Image size of job updated: 1649
	1649  -  MemoryUsage of job (MB)
	1688584  -  ResidentSetSize of job (KB)
...
006 (14732788.000.000) 2021-09-25 01:58:29 Image size of job updated: 1649
	1649  -  MemoryUsage of job (MB)
	1689068  -  ResidentSetSize of job (KB)
...
006 (14732788.000.000) 2021-09-25 02:02:31 Image size of job updated: 1649
	1649  -  MemoryUsage of job (MB)
	1689072  -  ResidentSetSize of job (KB)
...
006 (14732788.000.000) 2021-09-25 02:03:32 Image size of job updated: 1650
	1650  -  MemoryUsage of job (MB)
	1689696  -  ResidentSetSize of job (KB)
...
006 (14732788.000.000) 2021-09-25 02:06:36 Image size of job updated: 1650
	1650  -  MemoryUsage of job (MB)
	1689704  -  ResidentSetSize of job (KB)
...
006 (14732788.000.000) 2021-09-25 02:07:36 Image size of job updated: 1650
	1650  -  MemoryUsage of job (MB)
	1689708  -  ResidentSetSize of job (KB)
...
006 (14732788.000.000) 2021-09-25 02:08:36 Image size of job updated: 1650
	1650  -  MemoryUsage of job (MB)
	1690088  -  ResidentSetSize of job (KB)
...
006 (14732788.000.000) 2021-09-25 02:11:38 Image size of job updated: 1650
	1650  -  MemoryUsage of job (MB)
	1690092  -  ResidentSetSize of job (KB)
...
006 (14732788.000.000) 2021-09-25 02:13:38 Image size of job updated: 1650
	1650  -  MemoryUsage of job (MB)
	1690588  -  ResidentSetSize of job (KB)
...
006 (14732788.000.000) 2021-09-25 02:16:40 Image size of job updated: 1650
	1650  -  MemoryUsage of job (MB)
	1690592  -  ResidentSetSize of job (KB)
...
006 (14732788.000.000) 2021-09-25 02:17:40 Image size of job updated: 1650
	1650  -  MemoryUsage of job (MB)
	1690596  -  ResidentSetSize of job (KB)
...
006 (14732788.000.000) 2021-09-25 02:18:40 Image size of job updated: 1651
	1651  -  MemoryUsage of job (MB)
	1691088  -  ResidentSetSize of job (KB)
...
006 (14732788.000.000) 2021-09-25 02:19:41 Image size of job updated: 1651
	1651  -  MemoryUsage of job (MB)
	1691092  -  ResidentSetSize of job (KB)
...
006 (14732788.000.000) 2021-09-25 02:21:42 Image size of job updated: 1651
	1651  -  MemoryUsage of job (MB)
	1691100  -  ResidentSetSize of job (KB)
...
006 (14732788.000.000) 2021-09-25 02:22:43 Image size of job updated: 1651
	1651  -  MemoryUsage of job (MB)
	1691104  -  ResidentSetSize of job (KB)
...
006 (14732788.000.000) 2021-09-25 02:24:45 Image size of job updated: 1651
	1651  -  MemoryUsage of job (MB)
	1691584  -  ResidentSetSize of job (KB)
...
006 (14732788.000.000) 2021-09-25 02:25:45 Image size of job updated: 1651
	1651  -  MemoryUsage of job (MB)
	1691588  -  ResidentSetSize of job (KB)
...
006 (14732788.000.000) 2021-09-25 02:28:46 Image size of job updated: 1651
	1651  -  MemoryUsage of job (MB)
	1691592  -  ResidentSetSize of job (KB)
...
006 (14732788.000.000) 2021-09-25 02:29:46 Image size of job updated: 1652
	1652  -  MemoryUsage of job (MB)
	1691904  -  ResidentSetSize of job (KB)
...
006 (14732788.000.000) 2021-09-25 02:30:47 Image size of job updated: 1652
	1652  -  MemoryUsage of job (MB)
	1692028  -  ResidentSetSize of job (KB)
...
006 (14732788.000.000) 2021-09-25 02:31:49 Image size of job updated: 1652
	1652  -  MemoryUsage of job (MB)
	1692036  -  ResidentSetSize of job (KB)
...
006 (14732788.000.000) 2021-09-25 02:32:49 Image size of job updated: 1652
	1652  -  MemoryUsage of job (MB)
	1692044  -  ResidentSetSize of job (KB)
...
006 (14732788.000.000) 2021-09-25 02:34:51 Image size of job updated: 1652
	1652  -  MemoryUsage of job (MB)
	1692048  -  ResidentSetSize of job (KB)
...
006 (14732788.000.000) 2021-09-25 02:35:52 Image size of job updated: 1652
	1652  -  MemoryUsage of job (MB)
	1692536  -  ResidentSetSize of job (KB)
...
006 (14732788.000.000) 2021-09-25 02:37:54 Image size of job updated: 1652
	1652  -  MemoryUsage of job (MB)
	1692540  -  ResidentSetSize of job (KB)
...
006 (14732788.000.000) 2021-09-25 02:41:56 Image size of job updated: 1653
	1653  -  MemoryUsage of job (MB)
	1692928  -  ResidentSetSize of job (KB)
...
006 (14732788.000.000) 2021-09-25 02:43:58 Image size of job updated: 1653
	1653  -  MemoryUsage of job (MB)
	1692932  -  ResidentSetSize of job (KB)
...
006 (14732788.000.000) 2021-09-25 02:44:58 Image size of job updated: 1653
	1653  -  MemoryUsage of job (MB)
	1692936  -  ResidentSetSize of job (KB)
...
006 (14732788.000.000) 2021-09-25 02:46:58 Image size of job updated: 1653
	1653  -  MemoryUsage of job (MB)
	1693512  -  ResidentSetSize of job (KB)
...
006 (14732788.000.000) 2021-09-25 02:47:58 Image size of job updated: 1653
	1653  -  MemoryUsage of job (MB)
	1693520  -  ResidentSetSize of job (KB)
...
006 (14732788.000.000) 2021-09-25 02:53:00 Image size of job updated: 1654
	1654  -  MemoryUsage of job (MB)
	1693932  -  ResidentSetSize of job (KB)
...
006 (14732788.000.000) 2021-09-25 02:55:00 Image size of job updated: 1654
	1654  -  MemoryUsage of job (MB)
	1693936  -  ResidentSetSize of job (KB)
...
006 (14732788.000.000) 2021-09-25 02:58:01 Image size of job updated: 1654
	1654  -  MemoryUsage of job (MB)
	1694388  -  ResidentSetSize of job (KB)
...
006 (14732788.000.000) 2021-09-25 02:59:01 Image size of job updated: 1654
	1654  -  MemoryUsage of job (MB)
	1694392  -  ResidentSetSize of job (KB)
...
006 (14732788.000.000) 2021-09-25 03:00:01 Image size of job updated: 1654
	1654  -  MemoryUsage of job (MB)
	1694396  -  ResidentSetSize of job (KB)
...
006 (14732788.000.000) 2021-09-25 03:03:04 Image size of job updated: 1654
	1654  -  MemoryUsage of job (MB)
	1694660  -  ResidentSetSize of job (KB)
...
006 (14732788.000.000) 2021-09-25 03:04:05 Image size of job updated: 1655
	1655  -  MemoryUsage of job (MB)
	1694796  -  ResidentSetSize of job (KB)
...
006 (14732788.000.000) 2021-09-25 03:05:06 Image size of job updated: 1655
	1655  -  MemoryUsage of job (MB)
	1694804  -  ResidentSetSize of job (KB)
...
006 (14732788.000.000) 2021-09-25 03:07:07 Image size of job updated: 1655
	1655  -  MemoryUsage of job (MB)
	1694808  -  ResidentSetSize of job (KB)
...
006 (14732788.000.000) 2021-09-25 03:09:07 Image size of job updated: 1655
	1655  -  MemoryUsage of job (MB)
	1695376  -  ResidentSetSize of job (KB)
...
006 (14732788.000.000) 2021-09-25 03:10:09 Image size of job updated: 1655
	1655  -  MemoryUsage of job (MB)
	1695380  -  ResidentSetSize of job (KB)
...
006 (14732788.000.000) 2021-09-25 03:11:09 Image size of job updated: 1655
	1655  -  MemoryUsage of job (MB)
	1695384  -  ResidentSetSize of job (KB)
...
006 (14732788.000.000) 2021-09-25 03:13:10 Image size of job updated: 1655
	1655  -  MemoryUsage of job (MB)
	1695388  -  ResidentSetSize of job (KB)
...
006 (14732788.000.000) 2021-09-25 03:14:11 Image size of job updated: 1656
	1656  -  MemoryUsage of job (MB)
	1695788  -  ResidentSetSize of job (KB)
...
006 (14732788.000.000) 2021-09-25 03:20:16 Image size of job updated: 1656
	1656  -  MemoryUsage of job (MB)
	1696256  -  ResidentSetSize of job (KB)
...
006 (14732788.000.000) 2021-09-25 03:25:19 Image size of job updated: 1656
	1656  -  MemoryUsage of job (MB)
	1696672  -  ResidentSetSize of job (KB)
...
006 (14732788.000.000) 2021-09-25 03:30:21 Image size of job updated: 1657
	1657  -  MemoryUsage of job (MB)
	1696916  -  ResidentSetSize of job (KB)
...
006 (14732788.000.000) 2021-09-25 03:31:21 Image size of job updated: 1657
	1657  -  MemoryUsage of job (MB)
	1697168  -  ResidentSetSize of job (KB)
...
006 (14732788.000.000) 2021-09-25 03:34:23 Image size of job updated: 1657
	1657  -  MemoryUsage of job (MB)
	1697172  -  ResidentSetSize of job (KB)
...
006 (14732788.000.000) 2021-09-25 03:35:23 Image size of job updated: 1657
	1657  -  MemoryUsage of job (MB)
	1697176  -  ResidentSetSize of job (KB)
...
006 (14732788.000.000) 2021-09-25 03:36:24 Image size of job updated: 1657
	1657  -  MemoryUsage of job (MB)
	1697180  -  ResidentSetSize of job (KB)
...
006 (14732788.000.000) 2021-09-25 03:37:24 Image size of job updated: 1657
	1657  -  MemoryUsage of job (MB)
	1697632  -  ResidentSetSize of job (KB)
...
006 (14732788.000.000) 2021-09-25 03:42:27 Image size of job updated: 1657
	1657  -  MemoryUsage of job (MB)
	1697636  -  ResidentSetSize of job (KB)
...
006 (14732788.000.000) 2021-09-25 03:43:28 Image size of job updated: 1657
	1657  -  MemoryUsage of job (MB)
	1697640  -  ResidentSetSize of job (KB)
...
006 (14732788.000.000) 2021-09-25 03:44:28 Image size of job updated: 1658
	1658  -  MemoryUsage of job (MB)
	1698152  -  ResidentSetSize of job (KB)
...
006 (14732788.000.000) 2021-09-25 03:45:29 Image size of job updated: 1658
	1658  -  MemoryUsage of job (MB)
	1698156  -  ResidentSetSize of job (KB)
...
006 (14732788.000.000) 2021-09-25 03:46:30 Image size of job updated: 1658
	1658  -  MemoryUsage of job (MB)
	1698164  -  ResidentSetSize of job (KB)
...
006 (14732788.000.000) 2021-09-25 03:49:30 Image size of job updated: 1658
	1658  -  MemoryUsage of job (MB)
	1698172  -  ResidentSetSize of job (KB)
...
006 (14732788.000.000) 2021-09-25 03:51:32 Image size of job updated: 1658
	1658  -  MemoryUsage of job (MB)
	1698648  -  ResidentSetSize of job (KB)
...
006 (14732788.000.000) 2021-09-25 03:52:32 Image size of job updated: 1658
	1658  -  MemoryUsage of job (MB)
	1698652  -  ResidentSetSize of job (KB)
...
006 (14732788.000.000) 2021-09-25 03:57:35 Image size of job updated: 1658
	1658  -  MemoryUsage of job (MB)
	1698656  -  ResidentSetSize of job (KB)
...
006 (14732788.000.000) 2021-09-25 03:58:36 Image size of job updated: 1659
	1659  -  MemoryUsage of job (MB)
	1699156  -  ResidentSetSize of job (KB)
...
006 (14732788.000.000) 2021-09-25 04:01:38 Image size of job updated: 1659
	1659  -  MemoryUsage of job (MB)
	1699160  -  ResidentSetSize of job (KB)
...
006 (14732788.000.000) 2021-09-25 04:05:41 Image size of job updated: 1659
	1659  -  MemoryUsage of job (MB)
	1699620  -  ResidentSetSize of job (KB)
...
006 (14732788.000.000) 2021-09-25 04:06:42 Image size of job updated: 1659
	1659  -  MemoryUsage of job (MB)
	1699624  -  ResidentSetSize of job (KB)
...
006 (14732788.000.000) 2021-09-25 04:07:43 Image size of job updated: 1659
	1659  -  MemoryUsage of job (MB)
	1699628  -  ResidentSetSize of job (KB)
...
006 (14732788.000.000) 2021-09-25 04:08:43 Image size of job updated: 1659
	1659  -  MemoryUsage of job (MB)
	1699632  -  ResidentSetSize of job (KB)
...
006 (14732788.000.000) 2021-09-25 04:12:47 Image size of job updated: 1660
	1660  -  MemoryUsage of job (MB)
	1699960  -  ResidentSetSize of job (KB)
...
006 (14732788.000.000) 2021-09-25 04:13:47 Image size of job updated: 1660
	1660  -  MemoryUsage of job (MB)
	1700100  -  ResidentSetSize of job (KB)
...
006 (14732788.000.000) 2021-09-25 04:14:47 Image size of job updated: 1660
	1660  -  MemoryUsage of job (MB)
	1700104  -  ResidentSetSize of job (KB)
...
006 (14732788.000.000) 2021-09-25 04:17:50 Image size of job updated: 1660
	1660  -  MemoryUsage of job (MB)
	1700108  -  ResidentSetSize of job (KB)
...
006 (14732788.000.000) 2021-09-25 04:19:51 Image size of job updated: 1660
	1660  -  MemoryUsage of job (MB)
	1700472  -  ResidentSetSize of job (KB)
...
006 (14732788.000.000) 2021-09-25 04:26:55 Image size of job updated: 1660
	1660  -  MemoryUsage of job (MB)
	1700772  -  ResidentSetSize of job (KB)
...
006 (14732788.000.000) 2021-09-25 04:28:55 Image size of job updated: 1660
	1660  -  MemoryUsage of job (MB)
	1700776  -  ResidentSetSize of job (KB)
...
006 (14732788.000.000) 2021-09-25 04:29:56 Image size of job updated: 1660
	1660  -  MemoryUsage of job (MB)
	1700780  -  ResidentSetSize of job (KB)
...
006 (14732788.000.000) 2021-09-25 04:30:57 Image size of job updated: 1660
	1660  -  MemoryUsage of job (MB)
	1700788  -  ResidentSetSize of job (KB)
...
006 (14732788.000.000) 2021-09-25 04:31:58 Image size of job updated: 1660
	1660  -  MemoryUsage of job (MB)
	1700792  -  ResidentSetSize of job (KB)
...
006 (14732788.000.000) 2021-09-25 04:32:58 Image size of job updated: 1660
	1660  -  MemoryUsage of job (MB)
	1700796  -  ResidentSetSize of job (KB)
...
006 (14732788.000.000) 2021-09-25 04:33:59 Image size of job updated: 1661
	1661  -  MemoryUsage of job (MB)
	1701296  -  ResidentSetSize of job (KB)
...
006 (14732788.000.000) 2021-09-25 04:41:03 Image size of job updated: 1661
	1661  -  MemoryUsage of job (MB)
	1701696  -  ResidentSetSize of job (KB)
...
006 (14732788.000.000) 2021-09-25 04:48:06 Image size of job updated: 1662
	1662  -  MemoryUsage of job (MB)
	1702172  -  ResidentSetSize of job (KB)
...
006 (14732788.000.000) 2021-09-25 04:55:11 Image size of job updated: 1662
	1662  -  MemoryUsage of job (MB)
	1702704  -  ResidentSetSize of job (KB)
...
006 (14732788.000.000) 2021-09-25 05:03:14 Image size of job updated: 1663
	1663  -  MemoryUsage of job (MB)
	1703056  -  ResidentSetSize of job (KB)
...
006 (14732788.000.000) 2021-09-25 05:04:14 Image size of job updated: 1663
	1663  -  MemoryUsage of job (MB)
	1703060  -  ResidentSetSize of job (KB)
...
006 (14732788.000.000) 2021-09-25 05:10:19 Image size of job updated: 1663
	1663  -  MemoryUsage of job (MB)
	1703528  -  ResidentSetSize of job (KB)
...
006 (14732788.000.000) 2021-09-25 05:12:19 Image size of job updated: 1663
	1663  -  MemoryUsage of job (MB)
	1703532  -  ResidentSetSize of job (KB)
...
006 (14732788.000.000) 2021-09-25 05:14:20 Image size of job updated: 1663
	1663  -  MemoryUsage of job (MB)
	1703536  -  ResidentSetSize of job (KB)
...
006 (14732788.000.000) 2021-09-25 05:18:22 Image size of job updated: 1664
	1664  -  MemoryUsage of job (MB)
	1703948  -  ResidentSetSize of job (KB)
...
006 (14732788.000.000) 2021-09-25 05:20:23 Image size of job updated: 1664
	1664  -  MemoryUsage of job (MB)
	1703952  -  ResidentSetSize of job (KB)
...
006 (14732788.000.000) 2021-09-25 05:25:26 Image size of job updated: 1664
	1664  -  MemoryUsage of job (MB)
	1704404  -  ResidentSetSize of job (KB)
...
006 (14732788.000.000) 2021-09-25 05:26:27 Image size of job updated: 1664
	1664  -  MemoryUsage of job (MB)
	1704408  -  ResidentSetSize of job (KB)
...
006 (14732788.000.000) 2021-09-25 05:31:29 Image size of job updated: 1664
	1664  -  MemoryUsage of job (MB)
	1704744  -  ResidentSetSize of job (KB)
...
006 (14732788.000.000) 2021-09-25 05:38:33 Image size of job updated: 1665
	1665  -  MemoryUsage of job (MB)
	1705148  -  ResidentSetSize of job (KB)
...
006 (14732788.000.000) 2021-09-25 05:39:34 Image size of job updated: 1665
	1665  -  MemoryUsage of job (MB)
	1705152  -  ResidentSetSize of job (KB)
...
006 (14732788.000.000) 2021-09-25 05:44:37 Image size of job updated: 1665
	1665  -  MemoryUsage of job (MB)
	1705552  -  ResidentSetSize of job (KB)
...
006 (14732788.000.000) 2021-09-25 05:50:41 Image size of job updated: 1665
	1665  -  MemoryUsage of job (MB)
	1705964  -  ResidentSetSize of job (KB)
...
006 (14732788.000.000) 2021-09-25 05:51:41 Image size of job updated: 1665
	1665  -  MemoryUsage of job (MB)
	1705968  -  ResidentSetSize of job (KB)
...
006 (14732788.000.000) 2021-09-25 05:56:44 Image size of job updated: 1666
	1666  -  MemoryUsage of job (MB)
	1706340  -  ResidentSetSize of job (KB)
...
006 (14732788.000.000) 2021-09-25 05:57:45 Image size of job updated: 1666
	1666  -  MemoryUsage of job (MB)
	1706344  -  ResidentSetSize of job (KB)
...
006 (14732788.000.000) 2021-09-25 06:03:48 Image size of job updated: 1666
	1666  -  MemoryUsage of job (MB)
	1706892  -  ResidentSetSize of job (KB)
...
006 (14732788.000.000) 2021-09-25 06:04:49 Image size of job updated: 1666
	1666  -  MemoryUsage of job (MB)
	1706896  -  ResidentSetSize of job (KB)
...
006 (14732788.000.000) 2021-09-25 06:07:51 Image size of job updated: 1666
	1666  -  MemoryUsage of job (MB)
	1706900  -  ResidentSetSize of job (KB)
...
006 (14732788.000.000) 2021-09-25 06:08:51 Image size of job updated: 1666
	1666  -  MemoryUsage of job (MB)
	1706904  -  ResidentSetSize of job (KB)
...
006 (14732788.000.000) 2021-09-25 06:09:51 Image size of job updated: 1667
	1667  -  MemoryUsage of job (MB)
	1707356  -  ResidentSetSize of job (KB)
...
006 (14732788.000.000) 2021-09-25 06:11:52 Image size of job updated: 1667
	1667  -  MemoryUsage of job (MB)
	1707360  -  ResidentSetSize of job (KB)
...
006 (14732788.000.000) 2021-09-25 06:13:53 Image size of job updated: 1667
	1667  -  MemoryUsage of job (MB)
	1707364  -  ResidentSetSize of job (KB)
...
006 (14732788.000.000) 2021-09-25 06:14:54 Image size of job updated: 1667
	1667  -  MemoryUsage of job (MB)
	1707368  -  ResidentSetSize of job (KB)
...
006 (14732788.000.000) 2021-09-25 06:15:55 Image size of job updated: 1667
	1667  -  MemoryUsage of job (MB)
	1707372  -  ResidentSetSize of job (KB)
...
006 (14732788.000.000) 2021-09-25 06:16:55 Image size of job updated: 1667
	1667  -  MemoryUsage of job (MB)
	1707772  -  ResidentSetSize of job (KB)
...
006 (14732788.000.000) 2021-09-25 06:18:56 Image size of job updated: 1667
	1667  -  MemoryUsage of job (MB)
	1707776  -  ResidentSetSize of job (KB)
...
006 (14732788.000.000) 2021-09-25 06:22:59 Image size of job updated: 1668
	1668  -  MemoryUsage of job (MB)
	1708124  -  ResidentSetSize of job (KB)
...
006 (14732788.000.000) 2021-09-25 06:24:59 Image size of job updated: 1668
	1668  -  MemoryUsage of job (MB)
	1708128  -  ResidentSetSize of job (KB)
...
006 (14732788.000.000) 2021-09-25 06:30:02 Image size of job updated: 1668
	1668  -  MemoryUsage of job (MB)
	1708576  -  ResidentSetSize of job (KB)
...
006 (14732788.000.000) 2021-09-25 06:32:03 Image size of job updated: 1668
	1668  -  MemoryUsage of job (MB)
	1708580  -  ResidentSetSize of job (KB)
...
006 (14732788.000.000) 2021-09-25 06:35:04 Image size of job updated: 1668
	1668  -  MemoryUsage of job (MB)
	1708584  -  ResidentSetSize of job (KB)
...
006 (14732788.000.000) 2021-09-25 06:36:04 Image size of job updated: 1669
	1669  -  MemoryUsage of job (MB)
	1709064  -  ResidentSetSize of job (KB)
...
006 (14732788.000.000) 2021-09-25 06:43:09 Image size of job updated: 1669
	1669  -  MemoryUsage of job (MB)
	1709376  -  ResidentSetSize of job (KB)
...
006 (14732788.000.000) 2021-09-25 06:49:10 Image size of job updated: 1669
	1669  -  MemoryUsage of job (MB)
	1709888  -  ResidentSetSize of job (KB)
...
006 (14732788.000.000) 2021-09-25 06:50:11 Image size of job updated: 1669
	1669  -  MemoryUsage of job (MB)
	1709892  -  ResidentSetSize of job (KB)
...
006 (14732788.000.000) 2021-09-25 06:51:12 Image size of job updated: 1669
	1669  -  MemoryUsage of job (MB)
	1709896  -  ResidentSetSize of job (KB)
...
006 (14732788.000.000) 2021-09-25 06:55:15 Image size of job updated: 1670
	1670  -  MemoryUsage of job (MB)
	1710280  -  ResidentSetSize of job (KB)
...
006 (14732788.000.000) 2021-09-25 06:57:16 Image size of job updated: 1670
	1670  -  MemoryUsage of job (MB)
	1710284  -  ResidentSetSize of job (KB)
...
006 (14732788.000.000) 2021-09-25 07:02:16 Image size of job updated: 1670
	1670  -  MemoryUsage of job (MB)
	1710604  -  ResidentSetSize of job (KB)
...
006 (14732788.000.000) 2021-09-25 07:06:19 Image size of job updated: 1670
	1670  -  MemoryUsage of job (MB)
	1710688  -  ResidentSetSize of job (KB)
...
006 (14732788.000.000) 2021-09-25 07:07:19 Image size of job updated: 1670
	1670  -  MemoryUsage of job (MB)
	1710692  -  ResidentSetSize of job (KB)
...
006 (14732788.000.000) 2021-09-25 07:08:20 Image size of job updated: 1670
	1670  -  MemoryUsage of job (MB)
	1711092  -  ResidentSetSize of job (KB)
...
006 (14732788.000.000) 2021-09-25 07:13:21 Image size of job updated: 1671
	1671  -  MemoryUsage of job (MB)
	1711156  -  ResidentSetSize of job (KB)
...
006 (14732788.000.000) 2021-09-25 07:15:22 Image size of job updated: 1671
	1671  -  MemoryUsage of job (MB)
	1711576  -  ResidentSetSize of job (KB)
...
006 (14732788.000.000) 2021-09-25 07:17:22 Image size of job updated: 1671
	1671  -  MemoryUsage of job (MB)
	1711580  -  ResidentSetSize of job (KB)
...
006 (14732788.000.000) 2021-09-25 07:18:23 Image size of job updated: 1671
	1671  -  MemoryUsage of job (MB)
	1711584  -  ResidentSetSize of job (KB)
...
006 (14732788.000.000) 2021-09-25 07:19:24 Image size of job updated: 1671
	1671  -  MemoryUsage of job (MB)
	1711648  -  ResidentSetSize of job (KB)
...
006 (14732788.000.000) 2021-09-25 07:21:25 Image size of job updated: 1671
	1671  -  MemoryUsage of job (MB)
	1711964  -  ResidentSetSize of job (KB)
...
006 (14732788.000.000) 2021-09-25 07:22:26 Image size of job updated: 1671
	1671  -  MemoryUsage of job (MB)
	1711968  -  ResidentSetSize of job (KB)
...
006 (14732788.000.000) 2021-09-25 07:26:27 Image size of job updated: 1671
	1671  -  MemoryUsage of job (MB)
	1712048  -  ResidentSetSize of job (KB)
...
006 (14732788.000.000) 2021-09-25 07:27:28 Image size of job updated: 1672
	1672  -  MemoryUsage of job (MB)
	1712284  -  ResidentSetSize of job (KB)
...
006 (14732788.000.000) 2021-09-25 07:28:28 Image size of job updated: 1672
	1672  -  MemoryUsage of job (MB)
	1712380  -  ResidentSetSize of job (KB)
...
006 (14732788.000.000) 2021-09-25 07:30:30 Image size of job updated: 1672
	1672  -  MemoryUsage of job (MB)
	1712384  -  ResidentSetSize of job (KB)
...
006 (14732788.000.000) 2021-09-25 07:32:31 Image size of job updated: 1672
	1672  -  MemoryUsage of job (MB)
	1712460  -  ResidentSetSize of job (KB)
...
006 (14732788.000.000) 2021-09-25 07:34:31 Image size of job updated: 1672
	1672  -  MemoryUsage of job (MB)
	1712836  -  ResidentSetSize of job (KB)
...
006 (14732788.000.000) 2021-09-25 07:40:36 Image size of job updated: 1672
	1672  -  MemoryUsage of job (MB)
	1713048  -  ResidentSetSize of job (KB)
...
006 (14732788.000.000) 2021-09-25 07:41:37 Image size of job updated: 1673
	1673  -  MemoryUsage of job (MB)
	1713152  -  ResidentSetSize of job (KB)
...
006 (14732788.000.000) 2021-09-25 07:47:40 Image size of job updated: 1673
	1673  -  MemoryUsage of job (MB)
	1713560  -  ResidentSetSize of job (KB)
...
006 (14732788.000.000) 2021-09-25 07:54:44 Image size of job updated: 1673
	1673  -  MemoryUsage of job (MB)
	1713984  -  ResidentSetSize of job (KB)
...
006 (14732788.000.000) 2021-09-25 08:00:47 Image size of job updated: 1674
	1674  -  MemoryUsage of job (MB)
	1714348  -  ResidentSetSize of job (KB)
...
006 (14732788.000.000) 2021-09-25 08:06:49 Image size of job updated: 1674
	1674  -  MemoryUsage of job (MB)
	1714712  -  ResidentSetSize of job (KB)
...
006 (14732788.000.000) 2021-09-25 08:07:50 Image size of job updated: 1674
	1674  -  MemoryUsage of job (MB)
	1714820  -  ResidentSetSize of job (KB)
...
006 (14732788.000.000) 2021-09-25 08:13:55 Image size of job updated: 1675
	1675  -  MemoryUsage of job (MB)
	1715244  -  ResidentSetSize of job (KB)
...
006 (14732788.000.000) 2021-09-25 08:21:00 Image size of job updated: 1675
	1675  -  MemoryUsage of job (MB)
	1715552  -  ResidentSetSize of job (KB)
...
006 (14732788.000.000) 2021-09-25 08:23:01 Image size of job updated: 1675
	1675  -  MemoryUsage of job (MB)
	1715556  -  ResidentSetSize of job (KB)
...
006 (14732788.000.000) 2021-09-25 08:28:03 Image size of job updated: 1675
	1675  -  MemoryUsage of job (MB)
	1715832  -  ResidentSetSize of job (KB)
...
006 (14732788.000.000) 2021-09-25 08:29:04 Image size of job updated: 1675
	1675  -  MemoryUsage of job (MB)
	1715952  -  ResidentSetSize of job (KB)
...
006 (14732788.000.000) 2021-09-25 08:31:05 Image size of job updated: 1675
	1675  -  MemoryUsage of job (MB)
	1715956  -  ResidentSetSize of job (KB)
...
006 (14732788.000.000) 2021-09-25 08:36:08 Image size of job updated: 1675
	1675  -  MemoryUsage of job (MB)
	1716212  -  ResidentSetSize of job (KB)
...
006 (14732788.000.000) 2021-09-25 08:37:08 Image size of job updated: 1676
	1676  -  MemoryUsage of job (MB)
	1716304  -  ResidentSetSize of job (KB)
...
006 (14732788.000.000) 2021-09-25 08:45:12 Image size of job updated: 1676
	1676  -  MemoryUsage of job (MB)
	1716672  -  ResidentSetSize of job (KB)
...
006 (14732788.000.000) 2021-09-25 08:46:12 Image size of job updated: 1676
	1676  -  MemoryUsage of job (MB)
	1716800  -  ResidentSetSize of job (KB)
...
006 (14732788.000.000) 2021-09-25 08:49:15 Image size of job updated: 1676
	1676  -  MemoryUsage of job (MB)
	1716804  -  ResidentSetSize of job (KB)
...
006 (14732788.000.000) 2021-09-25 08:54:18 Image size of job updated: 1676
	1676  -  MemoryUsage of job (MB)
	1717192  -  ResidentSetSize of job (KB)
...
006 (14732788.000.000) 2021-09-25 08:58:20 Image size of job updated: 1676
	1676  -  MemoryUsage of job (MB)
	1717196  -  ResidentSetSize of job (KB)
...
006 (14732788.000.000) 2021-09-25 09:00:20 Image size of job updated: 1676
	1676  -  MemoryUsage of job (MB)
	1717200  -  ResidentSetSize of job (KB)
...
006 (14732788.000.000) 2021-09-25 09:03:21 Image size of job updated: 1677
	1677  -  MemoryUsage of job (MB)
	1717568  -  ResidentSetSize of job (KB)
...
006 (14732788.000.000) 2021-09-25 09:04:22 Image size of job updated: 1677
	1677  -  MemoryUsage of job (MB)
	1717572  -  ResidentSetSize of job (KB)
...
006 (14732788.000.000) 2021-09-25 09:07:23 Image size of job updated: 1677
	1677  -  MemoryUsage of job (MB)
	1717576  -  ResidentSetSize of job (KB)
...
006 (14732788.000.000) 2021-09-25 09:12:26 Image size of job updated: 1677
	1677  -  MemoryUsage of job (MB)
	1718024  -  ResidentSetSize of job (KB)
...
006 (14732788.000.000) 2021-09-25 09:21:30 Image size of job updated: 1678
	1678  -  MemoryUsage of job (MB)
	1718280  -  ResidentSetSize of job (KB)
...
006 (14732788.000.000) 2021-09-25 09:29:33 Image size of job updated: 1678
	1678  -  MemoryUsage of job (MB)
	1718540  -  ResidentSetSize of job (KB)
...
006 (14732788.000.000) 2021-09-25 09:30:34 Image size of job updated: 1678
	1678  -  MemoryUsage of job (MB)
	1718668  -  ResidentSetSize of job (KB)
...
006 (14732788.000.000) 2021-09-25 09:39:40 Image size of job updated: 1678
	1678  -  MemoryUsage of job (MB)
	1719096  -  ResidentSetSize of job (KB)
...
006 (14732788.000.000) 2021-09-25 09:41:41 Image size of job updated: 1678
	1678  -  MemoryUsage of job (MB)
	1719100  -  ResidentSetSize of job (KB)
...
006 (14732788.000.000) 2021-09-25 09:48:47 Image size of job updated: 1679
	1679  -  MemoryUsage of job (MB)
	1719384  -  ResidentSetSize of job (KB)
...
006 (14732788.000.000) 2021-09-25 09:57:53 Image size of job updated: 1679
	1679  -  MemoryUsage of job (MB)
	1719864  -  ResidentSetSize of job (KB)
...
006 (14732788.000.000) 2021-09-25 09:58:53 Image size of job updated: 1679
	1679  -  MemoryUsage of job (MB)
	1719868  -  ResidentSetSize of job (KB)
...
006 (14732788.000.000) 2021-09-25 10:06:57 Image size of job updated: 1679
	1679  -  MemoryUsage of job (MB)
	1720148  -  ResidentSetSize of job (KB)
...
006 (14732788.000.000) 2021-09-25 10:07:58 Image size of job updated: 1680
	1680  -  MemoryUsage of job (MB)
	1720336  -  ResidentSetSize of job (KB)
...
006 (14732788.000.000) 2021-09-25 10:08:58 Image size of job updated: 1680
	1680  -  MemoryUsage of job (MB)
	1720340  -  ResidentSetSize of job (KB)
...
006 (14732788.000.000) 2021-09-25 10:16:04 Image size of job updated: 1680
	1680  -  MemoryUsage of job (MB)
	1720624  -  ResidentSetSize of job (KB)
...
006 (14732788.000.000) 2021-09-25 10:17:04 Image size of job updated: 1680
	1680  -  MemoryUsage of job (MB)
	1720756  -  ResidentSetSize of job (KB)
...
006 (14732788.000.000) 2021-09-25 10:20:05 Image size of job updated: 1680
	1680  -  MemoryUsage of job (MB)
	1720764  -  ResidentSetSize of job (KB)
...
006 (14732788.000.000) 2021-09-25 10:24:07 Image size of job updated: 1680
	1680  -  MemoryUsage of job (MB)
	1720768  -  ResidentSetSize of job (KB)
...
006 (14732788.000.000) 2021-09-25 10:25:07 Image size of job updated: 1680
	1680  -  MemoryUsage of job (MB)
	1720772  -  ResidentSetSize of job (KB)
...
006 (14732788.000.000) 2021-09-25 10:26:09 Image size of job updated: 1680
	1680  -  MemoryUsage of job (MB)
	1721164  -  ResidentSetSize of job (KB)
...
006 (14732788.000.000) 2021-09-25 10:28:10 Image size of job updated: 1680
	1680  -  MemoryUsage of job (MB)
	1721168  -  ResidentSetSize of job (KB)
...
006 (14732788.000.000) 2021-09-25 10:35:11 Image size of job updated: 1680
	1680  -  MemoryUsage of job (MB)
	1721216  -  ResidentSetSize of job (KB)
...
006 (14732788.000.000) 2021-09-25 10:36:11 Image size of job updated: 1681
	1681  -  MemoryUsage of job (MB)
	1721576  -  ResidentSetSize of job (KB)
...
006 (14732788.000.000) 2021-09-25 10:45:15 Image size of job updated: 1681
	1681  -  MemoryUsage of job (MB)
	1721928  -  ResidentSetSize of job (KB)
...
006 (14732788.000.000) 2021-09-25 10:46:15 Image size of job updated: 1681
	1681  -  MemoryUsage of job (MB)
	1722088  -  ResidentSetSize of job (KB)
...
006 (14732788.000.000) 2021-09-25 10:48:16 Image size of job updated: 1681
	1681  -  MemoryUsage of job (MB)
	1722092  -  ResidentSetSize of job (KB)
...
006 (14732788.000.000) 2021-09-25 10:50:16 Image size of job updated: 1681
	1681  -  MemoryUsage of job (MB)
	1722096  -  ResidentSetSize of job (KB)
...
006 (14732788.000.000) 2021-09-25 10:51:17 Image size of job updated: 1681
	1681  -  MemoryUsage of job (MB)
	1722104  -  ResidentSetSize of job (KB)
...
006 (14732788.000.000) 2021-09-25 10:52:18 Image size of job updated: 1681
	1681  -  MemoryUsage of job (MB)
	1722108  -  ResidentSetSize of job (KB)
...
006 (14732788.000.000) 2021-09-25 10:53:18 Image size of job updated: 1681
	1681  -  MemoryUsage of job (MB)
	1722112  -  ResidentSetSize of job (KB)
...
006 (14732788.000.000) 2021-09-25 10:55:19 Image size of job updated: 1682
	1682  -  MemoryUsage of job (MB)
	1722400  -  ResidentSetSize of job (KB)
...
006 (14732788.000.000) 2021-09-25 10:56:20 Image size of job updated: 1682
	1682  -  MemoryUsage of job (MB)
	1722404  -  ResidentSetSize of job (KB)
...
006 (14732788.000.000) 2021-09-25 11:04:26 Image size of job updated: 1682
	1682  -  MemoryUsage of job (MB)
	1722848  -  ResidentSetSize of job (KB)
...
006 (14732788.000.000) 2021-09-25 11:05:26 Image size of job updated: 1682
	1682  -  MemoryUsage of job (MB)
	1722852  -  ResidentSetSize of job (KB)
...
006 (14732788.000.000) 2021-09-25 11:13:31 Image size of job updated: 1682
	1682  -  MemoryUsage of job (MB)
	1723344  -  ResidentSetSize of job (KB)
...
006 (14732788.000.000) 2021-09-25 11:14:32 Image size of job updated: 1682
	1682  -  MemoryUsage of job (MB)
	1723348  -  ResidentSetSize of job (KB)
...
006 (14732788.000.000) 2021-09-25 11:15:32 Image size of job updated: 1682
	1682  -  MemoryUsage of job (MB)
	1723352  -  ResidentSetSize of job (KB)
...
006 (14732788.000.000) 2021-09-25 11:17:33 Image size of job updated: 1682
	1682  -  MemoryUsage of job (MB)
	1723356  -  ResidentSetSize of job (KB)
...
006 (14732788.000.000) 2021-09-25 11:20:36 Image size of job updated: 1682
	1682  -  MemoryUsage of job (MB)
	1723360  -  ResidentSetSize of job (KB)
...
006 (14732788.000.000) 2021-09-25 11:23:37 Image size of job updated: 1683
	1683  -  MemoryUsage of job (MB)
	1723804  -  ResidentSetSize of job (KB)
...
006 (14732788.000.000) 2021-09-25 11:31:41 Image size of job updated: 1683
	1683  -  MemoryUsage of job (MB)
	1724080  -  ResidentSetSize of job (KB)
...
006 (14732788.000.000) 2021-09-25 11:32:41 Image size of job updated: 1683
	1683  -  MemoryUsage of job (MB)
	1724116  -  ResidentSetSize of job (KB)
...
006 (14732788.000.000) 2021-09-25 11:33:42 Image size of job updated: 1683
	1683  -  MemoryUsage of job (MB)
	1724120  -  ResidentSetSize of job (KB)
...
006 (14732788.000.000) 2021-09-25 11:35:42 Image size of job updated: 1683
	1683  -  MemoryUsage of job (MB)
	1724124  -  ResidentSetSize of job (KB)
...
006 (14732788.000.000) 2021-09-25 11:41:47 Image size of job updated: 1684
	1684  -  MemoryUsage of job (MB)
	1724484  -  ResidentSetSize of job (KB)
...
006 (14732788.000.000) 2021-09-25 11:50:38 Image size of job updated: 1684
	1684  -  MemoryUsage of job (MB)
	1724752  -  ResidentSetSize of job (KB)
...
040 (14732788.000.000) 2021-09-25 11:50:38 Started transferring output files
...
040 (14732788.000.000) 2021-09-25 11:50:38 Finished transferring output files
...
005 (14732788.000.000) 2021-09-25 11:50:39 Job terminated.
	(1) Normal termination (return value 0)
		Usr 0 00:00:00, Sys 0 00:00:00  -  Run Remote Usage
		Usr 0 00:00:00, Sys 0 00:00:00  -  Run Local Usage
		Usr 0 01:20:00, Sys 0 10:23:08  -  Total Remote Usage
		Usr 0 00:00:00, Sys 0 00:00:00  -  Total Local Usage
	1230574  -  Run Bytes Sent By Job
	8471570  -  Run Bytes Received By Job
	1230574  -  Total Bytes Sent By Job
	8471570  -  Total Bytes Received By Job
	Partitionable Resources :    Usage  Request Allocated 
	   Cpus                 :     0.00        1         1 
	   Disk (KB)            : 26754       10000   1640959 
	   Memory (MB)          :  1684        2048      2048 

	Job terminated of its own accord at 2021-09-25T16:50:38Z.
...
