000 (34567928.000.000) 2021-09-17 07:09:46 Job submitted from host: <131.225.188.57:9618?addrs=131.225.188.57-9618&alias=lpcschedd2.fnal.gov&noUDP&sock=schedd_2251_93c6>
...
040 (34567928.000.000) 2021-09-17 17:00:08 Started transferring input files
	Transferring to host: <131.225.205.217:9618?addrs=131.225.205.217-9618&alias=cmswn1983.fnal.gov&noUDP&sock=slot1_5_1538_68f8_1524>
...
040 (34567928.000.000) 2021-09-17 17:00:08 Finished transferring input files
...
001 (34567928.000.000) 2021-09-17 17:00:09 Job executing on host: <131.225.205.217:9618?addrs=131.225.205.217-9618&alias=cmswn1983.fnal.gov&noUDP&sock=startd_1450_286a>
...
006 (34567928.000.000) 2021-09-17 17:00:18 Image size of job updated: 7
	7  -  MemoryUsage of job (MB)
	7700  -  ResidentSetSize of job (KB)
...
006 (34567928.000.000) 2021-09-17 17:01:20 Image size of job updated: 537
	537  -  MemoryUsage of job (MB)
	550120  -  ResidentSetSize of job (KB)
...
006 (34567928.000.000) 2021-09-17 17:06:21 Image size of job updated: 558
	558  -  MemoryUsage of job (MB)
	572400  -  ResidentSetSize of job (KB)
...
006 (34567928.000.000) 2021-09-17 17:07:21 Image size of job updated: 607
	607  -  MemoryUsage of job (MB)
	621908  -  ResidentSetSize of job (KB)
...
006 (34567928.000.000) 2021-09-17 17:08:21 Image size of job updated: 645
	645  -  MemoryUsage of job (MB)
	661380  -  ResidentSetSize of job (KB)
...
006 (34567928.000.000) 2021-09-17 17:09:22 Image size of job updated: 680
	680  -  MemoryUsage of job (MB)
	697144  -  ResidentSetSize of job (KB)
...
006 (34567928.000.000) 2021-09-17 17:10:23 Image size of job updated: 716
	716  -  MemoryUsage of job (MB)
	734036  -  ResidentSetSize of job (KB)
...
006 (34567928.000.000) 2021-09-17 17:11:24 Image size of job updated: 747
	747  -  MemoryUsage of job (MB)
	765468  -  ResidentSetSize of job (KB)
...
006 (34567928.000.000) 2021-09-17 17:12:24 Image size of job updated: 776
	776  -  MemoryUsage of job (MB)
	795348  -  ResidentSetSize of job (KB)
...
006 (34567928.000.000) 2021-09-17 17:13:24 Image size of job updated: 805
	805  -  MemoryUsage of job (MB)
	824592  -  ResidentSetSize of job (KB)
...
006 (34567928.000.000) 2021-09-17 17:14:25 Image size of job updated: 838
	838  -  MemoryUsage of job (MB)
	858356  -  ResidentSetSize of job (KB)
...
006 (34567928.000.000) 2021-09-17 17:15:26 Image size of job updated: 862
	862  -  MemoryUsage of job (MB)
	883236  -  ResidentSetSize of job (KB)
...
006 (34567928.000.000) 2021-09-17 17:16:27 Image size of job updated: 899
	899  -  MemoryUsage of job (MB)
	920712  -  ResidentSetSize of job (KB)
...
006 (34567928.000.000) 2021-09-17 17:17:27 Image size of job updated: 927
	927  -  MemoryUsage of job (MB)
	949472  -  ResidentSetSize of job (KB)
...
006 (34567928.000.000) 2021-09-17 17:18:27 Image size of job updated: 950
	950  -  MemoryUsage of job (MB)
	973560  -  ResidentSetSize of job (KB)
...
006 (34567928.000.000) 2021-09-17 17:19:28 Image size of job updated: 973
	973  -  MemoryUsage of job (MB)
	997364  -  ResidentSetSize of job (KB)
...
006 (34567928.000.000) 2021-09-17 17:20:29 Image size of job updated: 999
	999  -  MemoryUsage of job (MB)
	1023316  -  ResidentSetSize of job (KB)
...
006 (34567928.000.000) 2021-09-17 17:21:30 Image size of job updated: 1022
	1022  -  MemoryUsage of job (MB)
	1047008  -  ResidentSetSize of job (KB)
...
006 (34567928.000.000) 2021-09-17 17:22:30 Image size of job updated: 1048
	1048  -  MemoryUsage of job (MB)
	1073236  -  ResidentSetSize of job (KB)
...
006 (34567928.000.000) 2021-09-17 17:23:30 Image size of job updated: 1077
	1077  -  MemoryUsage of job (MB)
	1103400  -  ResidentSetSize of job (KB)
...
006 (34567928.000.000) 2021-09-17 17:24:30 Image size of job updated: 1098
	1098  -  MemoryUsage of job (MB)
	1124360  -  ResidentSetSize of job (KB)
...
006 (34567928.000.000) 2021-09-17 17:25:31 Image size of job updated: 1119
	1119  -  MemoryUsage of job (MB)
	1146644  -  ResidentSetSize of job (KB)
...
006 (34567928.000.000) 2021-09-17 17:26:32 Image size of job updated: 1139
	1139  -  MemoryUsage of job (MB)
	1166604  -  ResidentSetSize of job (KB)
...
006 (34567928.000.000) 2021-09-17 17:27:32 Image size of job updated: 1158
	1158  -  MemoryUsage of job (MB)
	1186764  -  ResidentSetSize of job (KB)
...
006 (34567928.000.000) 2021-09-17 17:28:33 Image size of job updated: 1179
	1179  -  MemoryUsage of job (MB)
	1207848  -  ResidentSetSize of job (KB)
...
006 (34567928.000.000) 2021-09-17 17:29:34 Image size of job updated: 1197
	1197  -  MemoryUsage of job (MB)
	1226388  -  ResidentSetSize of job (KB)
...
006 (34567928.000.000) 2021-09-17 17:30:35 Image size of job updated: 1215
	1215  -  MemoryUsage of job (MB)
	1244680  -  ResidentSetSize of job (KB)
...
006 (34567928.000.000) 2021-09-17 17:31:36 Image size of job updated: 1235
	1235  -  MemoryUsage of job (MB)
	1264704  -  ResidentSetSize of job (KB)
...
006 (34567928.000.000) 2021-09-17 17:32:36 Image size of job updated: 1252
	1252  -  MemoryUsage of job (MB)
	1282060  -  ResidentSetSize of job (KB)
...
006 (34567928.000.000) 2021-09-17 17:33:36 Image size of job updated: 1269
	1269  -  MemoryUsage of job (MB)
	1299624  -  ResidentSetSize of job (KB)
...
006 (34567928.000.000) 2021-09-17 17:34:37 Image size of job updated: 1286
	1286  -  MemoryUsage of job (MB)
	1317152  -  ResidentSetSize of job (KB)
...
006 (34567928.000.000) 2021-09-17 17:35:38 Image size of job updated: 1304
	1304  -  MemoryUsage of job (MB)
	1335572  -  ResidentSetSize of job (KB)
...
006 (34567928.000.000) 2021-09-17 17:36:39 Image size of job updated: 1320
	1320  -  MemoryUsage of job (MB)
	1352464  -  ResidentSetSize of job (KB)
...
006 (34567928.000.000) 2021-09-17 17:37:40 Image size of job updated: 1338
	1338  -  MemoryUsage of job (MB)
	1370216  -  ResidentSetSize of job (KB)
...
006 (34567928.000.000) 2021-09-17 17:38:40 Image size of job updated: 1353
	1353  -  MemoryUsage of job (MB)
	1385972  -  ResidentSetSize of job (KB)
...
006 (34567928.000.000) 2021-09-17 17:39:40 Image size of job updated: 1368
	1368  -  MemoryUsage of job (MB)
	1401704  -  ResidentSetSize of job (KB)
...
006 (34567928.000.000) 2021-09-17 17:40:40 Image size of job updated: 1385
	1385  -  MemoryUsage of job (MB)
	1418844  -  ResidentSetSize of job (KB)
...
006 (34567928.000.000) 2021-09-17 17:41:41 Image size of job updated: 1400
	1400  -  MemoryUsage of job (MB)
	1434048  -  ResidentSetSize of job (KB)
...
006 (34567928.000.000) 2021-09-17 17:42:42 Image size of job updated: 1416
	1416  -  MemoryUsage of job (MB)
	1450724  -  ResidentSetSize of job (KB)
...
006 (34567928.000.000) 2021-09-17 17:43:42 Image size of job updated: 1431
	1431  -  MemoryUsage of job (MB)
	1465484  -  ResidentSetSize of job (KB)
...
006 (34567928.000.000) 2021-09-17 17:44:42 Image size of job updated: 1447
	1447  -  MemoryUsage of job (MB)
	1481860  -  ResidentSetSize of job (KB)
...
006 (34567928.000.000) 2021-09-17 17:45:42 Image size of job updated: 1460
	1460  -  MemoryUsage of job (MB)
	1496024  -  ResidentSetSize of job (KB)
...
006 (34567928.000.000) 2021-09-17 17:46:42 Image size of job updated: 1476
	1476  -  MemoryUsage of job (MB)
	1511896  -  ResidentSetSize of job (KB)
...
006 (34567928.000.000) 2021-09-17 17:47:43 Image size of job updated: 1490
	1490  -  MemoryUsage of job (MB)
	1525964  -  ResidentSetSize of job (KB)
...
006 (34567928.000.000) 2021-09-17 17:48:44 Image size of job updated: 1505
	1505  -  MemoryUsage of job (MB)
	1541532  -  ResidentSetSize of job (KB)
...
006 (34567928.000.000) 2021-09-17 17:49:46 Image size of job updated: 1520
	1520  -  MemoryUsage of job (MB)
	1556728  -  ResidentSetSize of job (KB)
...
006 (34567928.000.000) 2021-09-17 17:50:46 Image size of job updated: 1533
	1533  -  MemoryUsage of job (MB)
	1570308  -  ResidentSetSize of job (KB)
...
006 (34567928.000.000) 2021-09-17 17:51:46 Image size of job updated: 1623
	1623  -  MemoryUsage of job (MB)
	1662024  -  ResidentSetSize of job (KB)
...
006 (34567928.000.000) 2021-09-17 17:52:47 Image size of job updated: 1634
	1634  -  MemoryUsage of job (MB)
	1673332  -  ResidentSetSize of job (KB)
...
006 (34567928.000.000) 2021-09-17 17:53:47 Image size of job updated: 1639
	1639  -  MemoryUsage of job (MB)
	1679288  -  ResidentSetSize of job (KB)
...
006 (34567928.000.000) 2021-09-17 17:54:48 Image size of job updated: 1642
	1642  -  MemoryUsage of job (MB)
	1681516  -  ResidentSetSize of job (KB)
...
006 (34567928.000.000) 2021-09-17 17:55:49 Image size of job updated: 1643
	1643  -  MemoryUsage of job (MB)
	1683076  -  ResidentSetSize of job (KB)
...
006 (34567928.000.000) 2021-09-17 17:56:49 Image size of job updated: 1645
	1645  -  MemoryUsage of job (MB)
	1684876  -  ResidentSetSize of job (KB)
...
006 (34567928.000.000) 2021-09-17 17:57:50 Image size of job updated: 1646
	1646  -  MemoryUsage of job (MB)
	1686320  -  ResidentSetSize of job (KB)
...
006 (34567928.000.000) 2021-09-17 17:58:52 Image size of job updated: 1648
	1648  -  MemoryUsage of job (MB)
	1687728  -  ResidentSetSize of job (KB)
...
006 (34567928.000.000) 2021-09-17 17:59:52 Image size of job updated: 1649
	1649  -  MemoryUsage of job (MB)
	1689068  -  ResidentSetSize of job (KB)
...
006 (34567928.000.000) 2021-09-17 18:00:53 Image size of job updated: 1650
	1650  -  MemoryUsage of job (MB)
	1690040  -  ResidentSetSize of job (KB)
...
006 (34567928.000.000) 2021-09-17 18:01:54 Image size of job updated: 1651
	1651  -  MemoryUsage of job (MB)
	1690880  -  ResidentSetSize of job (KB)
...
006 (34567928.000.000) 2021-09-17 18:02:54 Image size of job updated: 1652
	1652  -  MemoryUsage of job (MB)
	1691916  -  ResidentSetSize of job (KB)
...
006 (34567928.000.000) 2021-09-17 18:03:54 Image size of job updated: 1653
	1653  -  MemoryUsage of job (MB)
	1692812  -  ResidentSetSize of job (KB)
...
006 (34567928.000.000) 2021-09-17 18:04:54 Image size of job updated: 1654
	1654  -  MemoryUsage of job (MB)
	1693992  -  ResidentSetSize of job (KB)
...
006 (34567928.000.000) 2021-09-17 18:05:54 Image size of job updated: 1655
	1655  -  MemoryUsage of job (MB)
	1694764  -  ResidentSetSize of job (KB)
...
006 (34567928.000.000) 2021-09-17 18:06:55 Image size of job updated: 1656
	1656  -  MemoryUsage of job (MB)
	1695888  -  ResidentSetSize of job (KB)
...
006 (34567928.000.000) 2021-09-17 18:07:57 Image size of job updated: 1657
	1657  -  MemoryUsage of job (MB)
	1696772  -  ResidentSetSize of job (KB)
...
006 (34567928.000.000) 2021-09-17 18:08:57 Image size of job updated: 1659
	1659  -  MemoryUsage of job (MB)
	1698892  -  ResidentSetSize of job (KB)
...
006 (34567928.000.000) 2021-09-17 18:09:58 Image size of job updated: 1662
	1662  -  MemoryUsage of job (MB)
	1702032  -  ResidentSetSize of job (KB)
...
006 (34567928.000.000) 2021-09-17 18:10:59 Image size of job updated: 1663
	1663  -  MemoryUsage of job (MB)
	1703072  -  ResidentSetSize of job (KB)
...
006 (34567928.000.000) 2021-09-17 18:12:00 Image size of job updated: 1663
	1663  -  MemoryUsage of job (MB)
	1703880  -  ResidentSetSize of job (KB)
...
006 (34567928.000.000) 2021-09-17 18:13:00 Image size of job updated: 1665
	1665  -  MemoryUsage of job (MB)
	1705012  -  ResidentSetSize of job (KB)
...
006 (34567928.000.000) 2021-09-17 18:14:01 Image size of job updated: 1666
	1666  -  MemoryUsage of job (MB)
	1705988  -  ResidentSetSize of job (KB)
...
006 (34567928.000.000) 2021-09-17 18:15:01 Image size of job updated: 1667
	1667  -  MemoryUsage of job (MB)
	1707168  -  ResidentSetSize of job (KB)
...
006 (34567928.000.000) 2021-09-17 18:16:01 Image size of job updated: 1667
	1667  -  MemoryUsage of job (MB)
	1708020  -  ResidentSetSize of job (KB)
...
006 (34567928.000.000) 2021-09-17 18:17:02 Image size of job updated: 1669
	1669  -  MemoryUsage of job (MB)
	1709120  -  ResidentSetSize of job (KB)
...
006 (34567928.000.000) 2021-09-17 18:18:03 Image size of job updated: 1669
	1669  -  MemoryUsage of job (MB)
	1710024  -  ResidentSetSize of job (KB)
...
006 (34567928.000.000) 2021-09-17 18:19:03 Image size of job updated: 1669
	1669  -  MemoryUsage of job (MB)
	1710028  -  ResidentSetSize of job (KB)
...
006 (34567928.000.000) 2021-09-17 18:20:03 Image size of job updated: 1670
	1670  -  MemoryUsage of job (MB)
	1710984  -  ResidentSetSize of job (KB)
...
006 (34567928.000.000) 2021-09-17 18:21:04 Image size of job updated: 1672
	1672  -  MemoryUsage of job (MB)
	1712176  -  ResidentSetSize of job (KB)
...
006 (34567928.000.000) 2021-09-17 18:22:05 Image size of job updated: 1673
	1673  -  MemoryUsage of job (MB)
	1713248  -  ResidentSetSize of job (KB)
...
006 (34567928.000.000) 2021-09-17 18:23:05 Image size of job updated: 1674
	1674  -  MemoryUsage of job (MB)
	1714188  -  ResidentSetSize of job (KB)
...
006 (34567928.000.000) 2021-09-17 18:24:06 Image size of job updated: 1675
	1675  -  MemoryUsage of job (MB)
	1715348  -  ResidentSetSize of job (KB)
...
006 (34567928.000.000) 2021-09-17 18:25:06 Image size of job updated: 1675
	1675  -  MemoryUsage of job (MB)
	1715784  -  ResidentSetSize of job (KB)
...
006 (34567928.000.000) 2021-09-17 18:26:08 Image size of job updated: 1676
	1676  -  MemoryUsage of job (MB)
	1716604  -  ResidentSetSize of job (KB)
...
006 (34567928.000.000) 2021-09-17 18:27:08 Image size of job updated: 1676
	1676  -  MemoryUsage of job (MB)
	1716944  -  ResidentSetSize of job (KB)
...
006 (34567928.000.000) 2021-09-17 18:28:08 Image size of job updated: 1677
	1677  -  MemoryUsage of job (MB)
	1717764  -  ResidentSetSize of job (KB)
...
006 (34567928.000.000) 2021-09-17 18:29:08 Image size of job updated: 1677
	1677  -  MemoryUsage of job (MB)
	1718236  -  ResidentSetSize of job (KB)
...
006 (34567928.000.000) 2021-09-17 18:30:09 Image size of job updated: 1678
	1678  -  MemoryUsage of job (MB)
	1719020  -  ResidentSetSize of job (KB)
...
006 (34567928.000.000) 2021-09-17 18:31:10 Image size of job updated: 1679
	1679  -  MemoryUsage of job (MB)
	1719608  -  ResidentSetSize of job (KB)
...
006 (34567928.000.000) 2021-09-17 18:32:11 Image size of job updated: 1680
	1680  -  MemoryUsage of job (MB)
	1720524  -  ResidentSetSize of job (KB)
...
006 (34567928.000.000) 2021-09-17 18:33:11 Image size of job updated: 1680
	1680  -  MemoryUsage of job (MB)
	1720980  -  ResidentSetSize of job (KB)
...
006 (34567928.000.000) 2021-09-17 18:34:11 Image size of job updated: 1681
	1681  -  MemoryUsage of job (MB)
	1721744  -  ResidentSetSize of job (KB)
...
006 (34567928.000.000) 2021-09-17 18:35:12 Image size of job updated: 1681
	1681  -  MemoryUsage of job (MB)
	1722116  -  ResidentSetSize of job (KB)
...
006 (34567928.000.000) 2021-09-17 18:36:12 Image size of job updated: 1682
	1682  -  MemoryUsage of job (MB)
	1722760  -  ResidentSetSize of job (KB)
...
040 (34567928.000.000) 2021-09-17 18:36:22 Started transferring output files
...
040 (34567928.000.000) 2021-09-17 18:36:23 Finished transferring output files
...
005 (34567928.000.000) 2021-09-17 18:36:25 Job terminated.
	(1) Normal termination (return value 0)
		Usr 0 01:02:45, Sys 0 00:30:42  -  Run Remote Usage
		Usr 0 00:00:00, Sys 0 00:00:00  -  Run Local Usage
		Usr 0 01:02:45, Sys 0 00:30:42  -  Total Remote Usage
		Usr 0 00:00:00, Sys 0 00:00:00  -  Total Local Usage
	1228497  -  Run Bytes Sent By Job
	8471538  -  Run Bytes Received By Job
	1228497  -  Total Bytes Sent By Job
	8471538  -  Total Bytes Received By Job
	Partitionable Resources :    Usage  Request Allocated 
	   Cpus                 :        0        1         1 
	   Disk (KB)            :    16430    10000   1698627 
	   Memory (MB)          :     1682     2048      2048 

	Job terminated of its own accord at 2021-09-17T23:36:22Z.
...
000 (14732585.000.000) 2021-09-24 22:11:12 Job submitted from host: <131.225.188.55:9618?addrs=131.225.188.55-9618&alias=lpcschedd1.fnal.gov&noUDP&sock=schedd_2070_6d22>
...
040 (14732585.000.000) 2021-09-24 22:28:25 Started transferring input files
	Transferring to host: <131.225.206.226:9618?addrs=131.225.206.226-9618&alias=cmswn1845.fnal.gov&noUDP&sock=slot1_7_1218_f0eb_5354>
...
040 (14732585.000.000) 2021-09-24 22:28:25 Finished transferring input files
...
001 (14732585.000.000) 2021-09-24 22:28:26 Job executing on host: <131.225.206.226:9618?addrs=131.225.206.226-9618&alias=cmswn1845.fnal.gov&noUDP&sock=startd_1138_26dd>
...
006 (14732585.000.000) 2021-09-24 22:28:35 Image size of job updated: 80
	80  -  MemoryUsage of job (MB)
	82256  -  ResidentSetSize of job (KB)
...
006 (14732585.000.000) 2021-09-24 22:29:36 Image size of job updated: 502
	502  -  MemoryUsage of job (MB)
	514744  -  ResidentSetSize of job (KB)
...
006 (14732585.000.000) 2021-09-24 22:32:38 Image size of job updated: 505
	505  -  MemoryUsage of job (MB)
	517436  -  ResidentSetSize of job (KB)
...
006 (14732585.000.000) 2021-09-24 22:33:39 Image size of job updated: 558
	558  -  MemoryUsage of job (MB)
	572120  -  ResidentSetSize of job (KB)
...
006 (14732585.000.000) 2021-09-24 22:34:39 Image size of job updated: 606
	606  -  MemoryUsage of job (MB)
	621448  -  ResidentSetSize of job (KB)
...
006 (14732585.000.000) 2021-09-24 22:35:40 Image size of job updated: 649
	649  -  MemoryUsage of job (MB)
	664964  -  ResidentSetSize of job (KB)
...
006 (14732585.000.000) 2021-09-24 22:36:41 Image size of job updated: 688
	688  -  MemoryUsage of job (MB)
	704720  -  ResidentSetSize of job (KB)
...
006 (14732585.000.000) 2021-09-24 22:37:41 Image size of job updated: 723
	723  -  MemoryUsage of job (MB)
	741304  -  ResidentSetSize of job (KB)
...
006 (14732585.000.000) 2021-09-24 22:38:42 Image size of job updated: 757
	757  -  MemoryUsage of job (MB)
	775772  -  ResidentSetSize of job (KB)
...
006 (14732585.000.000) 2021-09-24 22:39:43 Image size of job updated: 789
	789  -  MemoryUsage of job (MB)
	808296  -  ResidentSetSize of job (KB)
...
006 (14732585.000.000) 2021-09-24 22:40:44 Image size of job updated: 819
	819  -  MemoryUsage of job (MB)
	839576  -  ResidentSetSize of job (KB)
...
006 (14732585.000.000) 2021-09-24 22:41:44 Image size of job updated: 849
	849  -  MemoryUsage of job (MB)
	869908  -  ResidentSetSize of job (KB)
...
006 (14732585.000.000) 2021-09-24 22:42:45 Image size of job updated: 876
	876  -  MemoryUsage of job (MB)
	897912  -  ResidentSetSize of job (KB)
...
006 (14732585.000.000) 2021-09-24 22:43:45 Image size of job updated: 915
	915  -  MemoryUsage of job (MB)
	937528  -  ResidentSetSize of job (KB)
...
006 (14732585.000.000) 2021-09-24 22:44:45 Image size of job updated: 943
	943  -  MemoryUsage of job (MB)
	965936  -  ResidentSetSize of job (KB)
...
006 (14732585.000.000) 2021-09-24 22:45:46 Image size of job updated: 969
	969  -  MemoryUsage of job (MB)
	992536  -  ResidentSetSize of job (KB)
...
006 (14732585.000.000) 2021-09-24 22:46:46 Image size of job updated: 993
	993  -  MemoryUsage of job (MB)
	1017760  -  ResidentSetSize of job (KB)
...
006 (14732585.000.000) 2021-09-24 22:47:47 Image size of job updated: 1019
	1019  -  MemoryUsage of job (MB)
	1044476  -  ResidentSetSize of job (KB)
...
006 (14732585.000.000) 2021-09-24 22:48:48 Image size of job updated: 1047
	1047  -  MemoryUsage of job (MB)
	1072952  -  ResidentSetSize of job (KB)
...
006 (14732585.000.000) 2021-09-24 22:49:48 Image size of job updated: 1078
	1078  -  MemoryUsage of job (MB)
	1104340  -  ResidentSetSize of job (KB)
...
006 (14732585.000.000) 2021-09-24 22:50:48 Image size of job updated: 1100
	1100  -  MemoryUsage of job (MB)
	1126940  -  ResidentSetSize of job (KB)
...
006 (14732585.000.000) 2021-09-24 22:51:49 Image size of job updated: 1122
	1122  -  MemoryUsage of job (MB)
	1149112  -  ResidentSetSize of job (KB)
...
006 (14732585.000.000) 2021-09-24 22:52:49 Image size of job updated: 1143
	1143  -  MemoryUsage of job (MB)
	1170820  -  ResidentSetSize of job (KB)
...
006 (14732585.000.000) 2021-09-24 22:53:49 Image size of job updated: 1164
	1164  -  MemoryUsage of job (MB)
	1192856  -  ResidentSetSize of job (KB)
...
006 (14732585.000.000) 2021-09-24 22:54:50 Image size of job updated: 1185
	1185  -  MemoryUsage of job (MB)
	1213504  -  ResidentSetSize of job (KB)
...
006 (14732585.000.000) 2021-09-24 22:55:50 Image size of job updated: 1204
	1204  -  MemoryUsage of job (MB)
	1233752  -  ResidentSetSize of job (KB)
...
006 (14732585.000.000) 2021-09-24 22:56:50 Image size of job updated: 1224
	1224  -  MemoryUsage of job (MB)
	1253732  -  ResidentSetSize of job (KB)
...
006 (14732585.000.000) 2021-09-24 22:57:51 Image size of job updated: 1243
	1243  -  MemoryUsage of job (MB)
	1273368  -  ResidentSetSize of job (KB)
...
006 (14732585.000.000) 2021-09-24 22:58:51 Image size of job updated: 1262
	1262  -  MemoryUsage of job (MB)
	1292788  -  ResidentSetSize of job (KB)
...
006 (14732585.000.000) 2021-09-24 22:59:51 Image size of job updated: 1280
	1280  -  MemoryUsage of job (MB)
	1311692  -  ResidentSetSize of job (KB)
...
006 (14732585.000.000) 2021-09-24 23:00:52 Image size of job updated: 1299
	1299  -  MemoryUsage of job (MB)
	1330360  -  ResidentSetSize of job (KB)
...
006 (14732585.000.000) 2021-09-24 23:01:53 Image size of job updated: 1316
	1316  -  MemoryUsage of job (MB)
	1348532  -  ResidentSetSize of job (KB)
...
006 (14732585.000.000) 2021-09-24 23:02:53 Image size of job updated: 1334
	1334  -  MemoryUsage of job (MB)
	1366324  -  ResidentSetSize of job (KB)
...
006 (14732585.000.000) 2021-09-24 23:03:54 Image size of job updated: 1351
	1351  -  MemoryUsage of job (MB)
	1384160  -  ResidentSetSize of job (KB)
...
006 (14732585.000.000) 2021-09-24 23:04:54 Image size of job updated: 1368
	1368  -  MemoryUsage of job (MB)
	1401720  -  ResidentSetSize of job (KB)
...
006 (14732585.000.000) 2021-09-24 23:05:55 Image size of job updated: 1385
	1385  -  MemoryUsage of job (MB)
	1419068  -  ResidentSetSize of job (KB)
...
006 (14732585.000.000) 2021-09-24 23:06:56 Image size of job updated: 1402
	1402  -  MemoryUsage of job (MB)
	1436148  -  ResidentSetSize of job (KB)
...
006 (14732585.000.000) 2021-09-24 23:07:56 Image size of job updated: 1418
	1418  -  MemoryUsage of job (MB)
	1452928  -  ResidentSetSize of job (KB)
...
006 (14732585.000.000) 2021-09-24 23:08:57 Image size of job updated: 1434
	1434  -  MemoryUsage of job (MB)
	1469392  -  ResidentSetSize of job (KB)
...
006 (14732585.000.000) 2021-09-24 23:09:58 Image size of job updated: 1450
	1450  -  MemoryUsage of job (MB)
	1485688  -  ResidentSetSize of job (KB)
...
006 (14732585.000.000) 2021-09-24 23:10:58 Image size of job updated: 1466
	1466  -  MemoryUsage of job (MB)
	1501936  -  ResidentSetSize of job (KB)
...
006 (14732585.000.000) 2021-09-24 23:11:59 Image size of job updated: 1482
	1482  -  MemoryUsage of job (MB)
	1518044  -  ResidentSetSize of job (KB)
...
006 (14732585.000.000) 2021-09-24 23:13:00 Image size of job updated: 1497
	1497  -  MemoryUsage of job (MB)
	1533780  -  ResidentSetSize of job (KB)
...
006 (14732585.000.000) 2021-09-24 23:14:00 Image size of job updated: 1513
	1513  -  MemoryUsage of job (MB)
	1549488  -  ResidentSetSize of job (KB)
...
006 (14732585.000.000) 2021-09-24 23:15:01 Image size of job updated: 1528
	1528  -  MemoryUsage of job (MB)
	1565012  -  ResidentSetSize of job (KB)
...
006 (14732585.000.000) 2021-09-24 23:16:02 Image size of job updated: 1547
	1547  -  MemoryUsage of job (MB)
	1584468  -  ResidentSetSize of job (KB)
...
006 (14732585.000.000) 2021-09-24 23:17:02 Image size of job updated: 1627
	1627  -  MemoryUsage of job (MB)
	1666896  -  ResidentSetSize of job (KB)
...
006 (14732585.000.000) 2021-09-24 23:18:03 Image size of job updated: 1637
	1637  -  MemoryUsage of job (MB)
	1677144  -  ResidentSetSize of job (KB)
...
006 (14732585.000.000) 2021-09-24 23:19:04 Image size of job updated: 1642
	1642  -  MemoryUsage of job (MB)
	1682100  -  ResidentSetSize of job (KB)
...
006 (14732585.000.000) 2021-09-24 23:20:04 Image size of job updated: 1646
	1646  -  MemoryUsage of job (MB)
	1685708  -  ResidentSetSize of job (KB)
...
006 (14732585.000.000) 2021-09-24 23:21:05 Image size of job updated: 1648
	1648  -  MemoryUsage of job (MB)
	1688152  -  ResidentSetSize of job (KB)
...
006 (14732585.000.000) 2021-09-24 23:22:05 Image size of job updated: 1649
	1649  -  MemoryUsage of job (MB)
	1689532  -  ResidentSetSize of job (KB)
...
006 (14732585.000.000) 2021-09-24 23:23:06 Image size of job updated: 1651
	1651  -  MemoryUsage of job (MB)
	1691204  -  ResidentSetSize of job (KB)
...
006 (14732585.000.000) 2021-09-24 23:24:07 Image size of job updated: 1654
	1654  -  MemoryUsage of job (MB)
	1694280  -  ResidentSetSize of job (KB)
...
006 (14732585.000.000) 2021-09-24 23:25:07 Image size of job updated: 1654
	1654  -  MemoryUsage of job (MB)
	1694680  -  ResidentSetSize of job (KB)
...
006 (14732585.000.000) 2021-09-24 23:26:08 Image size of job updated: 1657
	1657  -  MemoryUsage of job (MB)
	1697668  -  ResidentSetSize of job (KB)
...
006 (14732585.000.000) 2021-09-24 23:27:09 Image size of job updated: 1660
	1660  -  MemoryUsage of job (MB)
	1700036  -  ResidentSetSize of job (KB)
...
006 (14732585.000.000) 2021-09-24 23:28:09 Image size of job updated: 1663
	1663  -  MemoryUsage of job (MB)
	1703108  -  ResidentSetSize of job (KB)
...
006 (14732585.000.000) 2021-09-24 23:29:10 Image size of job updated: 1664
	1664  -  MemoryUsage of job (MB)
	1704728  -  ResidentSetSize of job (KB)
...
006 (14732585.000.000) 2021-09-24 23:30:10 Image size of job updated: 1664
	1664  -  MemoryUsage of job (MB)
	1704796  -  ResidentSetSize of job (KB)
...
006 (14732585.000.000) 2021-09-24 23:31:10 Image size of job updated: 1666
	1666  -  MemoryUsage of job (MB)
	1706280  -  ResidentSetSize of job (KB)
...
006 (14732585.000.000) 2021-09-24 23:32:11 Image size of job updated: 1668
	1668  -  MemoryUsage of job (MB)
	1708784  -  ResidentSetSize of job (KB)
...
006 (14732585.000.000) 2021-09-24 23:33:11 Image size of job updated: 1670
	1670  -  MemoryUsage of job (MB)
	1710988  -  ResidentSetSize of job (KB)
...
006 (14732585.000.000) 2021-09-24 23:34:12 Image size of job updated: 1671
	1671  -  MemoryUsage of job (MB)
	1711240  -  ResidentSetSize of job (KB)
...
006 (14732585.000.000) 2021-09-24 23:35:13 Image size of job updated: 1673
	1673  -  MemoryUsage of job (MB)
	1713276  -  ResidentSetSize of job (KB)
...
006 (14732585.000.000) 2021-09-24 23:36:13 Image size of job updated: 1674
	1674  -  MemoryUsage of job (MB)
	1715024  -  ResidentSetSize of job (KB)
...
006 (14732585.000.000) 2021-09-24 23:37:14 Image size of job updated: 1676
	1676  -  MemoryUsage of job (MB)
	1716880  -  ResidentSetSize of job (KB)
...
006 (14732585.000.000) 2021-09-24 23:38:15 Image size of job updated: 1678
	1678  -  MemoryUsage of job (MB)
	1718776  -  ResidentSetSize of job (KB)
...
006 (14732585.000.000) 2021-09-24 23:39:15 Image size of job updated: 1680
	1680  -  MemoryUsage of job (MB)
	1720608  -  ResidentSetSize of job (KB)
...
006 (14732585.000.000) 2021-09-24 23:40:16 Image size of job updated: 1681
	1681  -  MemoryUsage of job (MB)
	1722212  -  ResidentSetSize of job (KB)
...
006 (14732585.000.000) 2021-09-24 23:41:16 Image size of job updated: 1682
	1682  -  MemoryUsage of job (MB)
	1723328  -  ResidentSetSize of job (KB)
...
006 (14732585.000.000) 2021-09-24 23:42:16 Image size of job updated: 1682
	1682  -  MemoryUsage of job (MB)
	1723360  -  ResidentSetSize of job (KB)
...
006 (14732585.000.000) 2021-09-24 23:42:36 Image size of job updated: 1682
	1682  -  MemoryUsage of job (MB)
	1723376  -  ResidentSetSize of job (KB)
...
040 (14732585.000.000) 2021-09-24 23:42:36 Started transferring output files
...
040 (14732585.000.000) 2021-09-24 23:42:36 Finished transferring output files
...
005 (14732585.000.000) 2021-09-24 23:42:37 Job terminated.
	(1) Normal termination (return value 0)
		Usr 0 00:00:00, Sys 0 00:00:00  -  Run Remote Usage
		Usr 0 00:00:00, Sys 0 00:00:00  -  Run Local Usage
		Usr 0 00:55:04, Sys 0 00:15:40  -  Total Remote Usage
		Usr 0 00:00:00, Sys 0 00:00:00  -  Total Local Usage
	1228386  -  Run Bytes Sent By Job
	8471570  -  Run Bytes Received By Job
	1228386  -  Total Bytes Sent By Job
	8471570  -  Total Bytes Received By Job
	Partitionable Resources :    Usage  Request Allocated 
	   Cpus                 :     0.00        1         1 
	   Disk (KB)            : 16576       10000    318741 
	   Memory (MB)          :  1682        2048      2048 

	Job terminated of its own accord at 2021-09-25T04:42:36Z.
...
