000 (34567927.000.000) 2021-09-17 07:09:46 Job submitted from host: <131.225.188.57:9618?addrs=131.225.188.57-9618&alias=lpcschedd2.fnal.gov&noUDP&sock=schedd_2251_93c6>
...
040 (34567927.000.000) 2021-09-17 17:00:08 Started transferring input files
	Transferring to host: <131.225.205.192:9618?addrs=131.225.205.192-9618&alias=cmswn1966.fnal.gov&noUDP&sock=slot1_23_1557_cc18_1596>
...
040 (34567927.000.000) 2021-09-17 17:00:08 Finished transferring input files
...
001 (34567927.000.000) 2021-09-17 17:00:09 Job executing on host: <131.225.205.192:9618?addrs=131.225.205.192-9618&alias=cmswn1966.fnal.gov&noUDP&sock=startd_1436_8e16>
...
006 (34567927.000.000) 2021-09-17 17:00:18 Image size of job updated: 36
	36  -  MemoryUsage of job (MB)
	37644  -  ResidentSetSize of job (KB)
...
006 (34567927.000.000) 2021-09-17 17:01:19 Image size of job updated: 504
	504  -  MemoryUsage of job (MB)
	516672  -  ResidentSetSize of job (KB)
...
006 (34567927.000.000) 2021-09-17 17:02:20 Image size of job updated: 538
	538  -  MemoryUsage of job (MB)
	551532  -  ResidentSetSize of job (KB)
...
006 (34567927.000.000) 2021-09-17 17:06:22 Image size of job updated: 555
	555  -  MemoryUsage of job (MB)
	568796  -  ResidentSetSize of job (KB)
...
006 (34567927.000.000) 2021-09-17 17:07:22 Image size of job updated: 598
	598  -  MemoryUsage of job (MB)
	612624  -  ResidentSetSize of job (KB)
...
006 (34567927.000.000) 2021-09-17 17:08:23 Image size of job updated: 641
	641  -  MemoryUsage of job (MB)
	657400  -  ResidentSetSize of job (KB)
...
006 (34567927.000.000) 2021-09-17 17:09:23 Image size of job updated: 677
	677  -  MemoryUsage of job (MB)
	693360  -  ResidentSetSize of job (KB)
...
006 (34567927.000.000) 2021-09-17 17:10:23 Image size of job updated: 709
	709  -  MemoryUsage of job (MB)
	726728  -  ResidentSetSize of job (KB)
...
006 (34567927.000.000) 2021-09-17 17:11:23 Image size of job updated: 740
	740  -  MemoryUsage of job (MB)
	758124  -  ResidentSetSize of job (KB)
...
006 (34567927.000.000) 2021-09-17 17:12:23 Image size of job updated: 770
	770  -  MemoryUsage of job (MB)
	788724  -  ResidentSetSize of job (KB)
...
006 (34567927.000.000) 2021-09-17 17:13:23 Image size of job updated: 799
	799  -  MemoryUsage of job (MB)
	818440  -  ResidentSetSize of job (KB)
...
006 (34567927.000.000) 2021-09-17 17:14:23 Image size of job updated: 826
	826  -  MemoryUsage of job (MB)
	846268  -  ResidentSetSize of job (KB)
...
006 (34567927.000.000) 2021-09-17 17:15:24 Image size of job updated: 854
	854  -  MemoryUsage of job (MB)
	874992  -  ResidentSetSize of job (KB)
...
006 (34567927.000.000) 2021-09-17 17:16:24 Image size of job updated: 882
	882  -  MemoryUsage of job (MB)
	903436  -  ResidentSetSize of job (KB)
...
006 (34567927.000.000) 2021-09-17 17:17:25 Image size of job updated: 917
	917  -  MemoryUsage of job (MB)
	939976  -  ResidentSetSize of job (KB)
...
006 (34567927.000.000) 2021-09-17 17:18:25 Image size of job updated: 943
	943  -  MemoryUsage of job (MB)
	965760  -  ResidentSetSize of job (KB)
...
006 (34567927.000.000) 2021-09-17 17:19:25 Image size of job updated: 966
	966  -  MemoryUsage of job (MB)
	989884  -  ResidentSetSize of job (KB)
...
006 (34567927.000.000) 2021-09-17 17:20:26 Image size of job updated: 991
	991  -  MemoryUsage of job (MB)
	1015392  -  ResidentSetSize of job (KB)
...
006 (34567927.000.000) 2021-09-17 17:21:27 Image size of job updated: 1014
	1014  -  MemoryUsage of job (MB)
	1038436  -  ResidentSetSize of job (KB)
...
006 (34567927.000.000) 2021-09-17 17:22:28 Image size of job updated: 1039
	1039  -  MemoryUsage of job (MB)
	1064872  -  ResidentSetSize of job (KB)
...
006 (34567927.000.000) 2021-09-17 17:23:30 Image size of job updated: 1070
	1070  -  MemoryUsage of job (MB)
	1096384  -  ResidentSetSize of job (KB)
...
006 (34567927.000.000) 2021-09-17 17:24:30 Image size of job updated: 1093
	1093  -  MemoryUsage of job (MB)
	1119248  -  ResidentSetSize of job (KB)
...
006 (34567927.000.000) 2021-09-17 17:25:31 Image size of job updated: 1112
	1112  -  MemoryUsage of job (MB)
	1139492  -  ResidentSetSize of job (KB)
...
006 (34567927.000.000) 2021-09-17 17:26:32 Image size of job updated: 1132
	1132  -  MemoryUsage of job (MB)
	1159688  -  ResidentSetSize of job (KB)
...
006 (34567927.000.000) 2021-09-17 17:27:33 Image size of job updated: 1154
	1154  -  MemoryUsage of job (MB)
	1182024  -  ResidentSetSize of job (KB)
...
006 (34567927.000.000) 2021-09-17 17:28:34 Image size of job updated: 1173
	1173  -  MemoryUsage of job (MB)
	1201192  -  ResidentSetSize of job (KB)
...
006 (34567927.000.000) 2021-09-17 17:29:34 Image size of job updated: 1191
	1191  -  MemoryUsage of job (MB)
	1220020  -  ResidentSetSize of job (KB)
...
006 (34567927.000.000) 2021-09-17 17:30:34 Image size of job updated: 1209
	1209  -  MemoryUsage of job (MB)
	1238472  -  ResidentSetSize of job (KB)
...
006 (34567927.000.000) 2021-09-17 17:31:35 Image size of job updated: 1227
	1227  -  MemoryUsage of job (MB)
	1256480  -  ResidentSetSize of job (KB)
...
006 (34567927.000.000) 2021-09-17 17:32:37 Image size of job updated: 1246
	1246  -  MemoryUsage of job (MB)
	1276424  -  ResidentSetSize of job (KB)
...
006 (34567927.000.000) 2021-09-17 17:33:37 Image size of job updated: 1263
	1263  -  MemoryUsage of job (MB)
	1293952  -  ResidentSetSize of job (KB)
...
006 (34567927.000.000) 2021-09-17 17:34:38 Image size of job updated: 1280
	1280  -  MemoryUsage of job (MB)
	1310996  -  ResidentSetSize of job (KB)
...
006 (34567927.000.000) 2021-09-17 17:35:39 Image size of job updated: 1298
	1298  -  MemoryUsage of job (MB)
	1329624  -  ResidentSetSize of job (KB)
...
006 (34567927.000.000) 2021-09-17 17:36:39 Image size of job updated: 1314
	1314  -  MemoryUsage of job (MB)
	1346132  -  ResidentSetSize of job (KB)
...
006 (34567927.000.000) 2021-09-17 17:37:40 Image size of job updated: 1330
	1330  -  MemoryUsage of job (MB)
	1362532  -  ResidentSetSize of job (KB)
...
006 (34567927.000.000) 2021-09-17 17:38:40 Image size of job updated: 1346
	1346  -  MemoryUsage of job (MB)
	1378776  -  ResidentSetSize of job (KB)
...
006 (34567927.000.000) 2021-09-17 17:39:40 Image size of job updated: 1362
	1362  -  MemoryUsage of job (MB)
	1394976  -  ResidentSetSize of job (KB)
...
006 (34567927.000.000) 2021-09-17 17:40:41 Image size of job updated: 1379
	1379  -  MemoryUsage of job (MB)
	1412724  -  ResidentSetSize of job (KB)
...
006 (34567927.000.000) 2021-09-17 17:41:41 Image size of job updated: 1394
	1394  -  MemoryUsage of job (MB)
	1428376  -  ResidentSetSize of job (KB)
...
006 (34567927.000.000) 2021-09-17 17:42:41 Image size of job updated: 1409
	1409  -  MemoryUsage of job (MB)
	1443784  -  ResidentSetSize of job (KB)
...
006 (34567927.000.000) 2021-09-17 17:43:41 Image size of job updated: 1425
	1425  -  MemoryUsage of job (MB)
	1459232  -  ResidentSetSize of job (KB)
...
006 (34567927.000.000) 2021-09-17 17:44:41 Image size of job updated: 1439
	1439  -  MemoryUsage of job (MB)
	1473988  -  ResidentSetSize of job (KB)
...
006 (34567927.000.000) 2021-09-17 17:45:43 Image size of job updated: 1455
	1455  -  MemoryUsage of job (MB)
	1490228  -  ResidentSetSize of job (KB)
...
006 (34567927.000.000) 2021-09-17 17:46:43 Image size of job updated: 1469
	1469  -  MemoryUsage of job (MB)
	1504780  -  ResidentSetSize of job (KB)
...
006 (34567927.000.000) 2021-09-17 17:47:44 Image size of job updated: 1483
	1483  -  MemoryUsage of job (MB)
	1519200  -  ResidentSetSize of job (KB)
...
006 (34567927.000.000) 2021-09-17 17:48:44 Image size of job updated: 1497
	1497  -  MemoryUsage of job (MB)
	1533440  -  ResidentSetSize of job (KB)
...
006 (34567927.000.000) 2021-09-17 17:49:46 Image size of job updated: 1512
	1512  -  MemoryUsage of job (MB)
	1549008  -  ResidentSetSize of job (KB)
...
006 (34567927.000.000) 2021-09-17 17:50:47 Image size of job updated: 1526
	1526  -  MemoryUsage of job (MB)
	1562792  -  ResidentSetSize of job (KB)
...
006 (34567927.000.000) 2021-09-17 17:51:47 Image size of job updated: 1543
	1543  -  MemoryUsage of job (MB)
	1580584  -  ResidentSetSize of job (KB)
...
006 (34567927.000.000) 2021-09-17 17:52:49 Image size of job updated: 1624
	1624  -  MemoryUsage of job (MB)
	1663224  -  ResidentSetSize of job (KB)
...
006 (34567927.000.000) 2021-09-17 17:53:49 Image size of job updated: 1628
	1628  -  MemoryUsage of job (MB)
	1667892  -  ResidentSetSize of job (KB)
...
006 (34567927.000.000) 2021-09-17 17:54:49 Image size of job updated: 1631
	1631  -  MemoryUsage of job (MB)
	1671096  -  ResidentSetSize of job (KB)
...
006 (34567927.000.000) 2021-09-17 17:55:49 Image size of job updated: 1635
	1635  -  MemoryUsage of job (MB)
	1675124  -  ResidentSetSize of job (KB)
...
006 (34567927.000.000) 2021-09-17 17:56:49 Image size of job updated: 1640
	1640  -  MemoryUsage of job (MB)
	1679492  -  ResidentSetSize of job (KB)
...
006 (34567927.000.000) 2021-09-17 17:57:49 Image size of job updated: 1641
	1641  -  MemoryUsage of job (MB)
	1681120  -  ResidentSetSize of job (KB)
...
006 (34567927.000.000) 2021-09-17 17:58:50 Image size of job updated: 1644
	1644  -  MemoryUsage of job (MB)
	1683488  -  ResidentSetSize of job (KB)
...
006 (34567927.000.000) 2021-09-17 17:59:51 Image size of job updated: 1644
	1644  -  MemoryUsage of job (MB)
	1684136  -  ResidentSetSize of job (KB)
...
006 (34567927.000.000) 2021-09-17 18:00:51 Image size of job updated: 1646
	1646  -  MemoryUsage of job (MB)
	1685528  -  ResidentSetSize of job (KB)
...
006 (34567927.000.000) 2021-09-17 18:01:52 Image size of job updated: 1648
	1648  -  MemoryUsage of job (MB)
	1688140  -  ResidentSetSize of job (KB)
...
006 (34567927.000.000) 2021-09-17 18:02:52 Image size of job updated: 1649
	1649  -  MemoryUsage of job (MB)
	1689276  -  ResidentSetSize of job (KB)
...
006 (34567927.000.000) 2021-09-17 18:03:52 Image size of job updated: 1650
	1650  -  MemoryUsage of job (MB)
	1690300  -  ResidentSetSize of job (KB)
...
006 (34567927.000.000) 2021-09-17 18:04:52 Image size of job updated: 1651
	1651  -  MemoryUsage of job (MB)
	1691056  -  ResidentSetSize of job (KB)
...
006 (34567927.000.000) 2021-09-17 18:05:53 Image size of job updated: 1652
	1652  -  MemoryUsage of job (MB)
	1692112  -  ResidentSetSize of job (KB)
...
006 (34567927.000.000) 2021-09-17 18:06:54 Image size of job updated: 1653
	1653  -  MemoryUsage of job (MB)
	1693012  -  ResidentSetSize of job (KB)
...
006 (34567927.000.000) 2021-09-17 18:07:55 Image size of job updated: 1654
	1654  -  MemoryUsage of job (MB)
	1693708  -  ResidentSetSize of job (KB)
...
006 (34567927.000.000) 2021-09-17 18:08:56 Image size of job updated: 1654
	1654  -  MemoryUsage of job (MB)
	1694424  -  ResidentSetSize of job (KB)
...
006 (34567927.000.000) 2021-09-17 18:09:57 Image size of job updated: 1655
	1655  -  MemoryUsage of job (MB)
	1695100  -  ResidentSetSize of job (KB)
...
006 (34567927.000.000) 2021-09-17 18:10:57 Image size of job updated: 1656
	1656  -  MemoryUsage of job (MB)
	1695920  -  ResidentSetSize of job (KB)
...
006 (34567927.000.000) 2021-09-17 18:11:57 Image size of job updated: 1657
	1657  -  MemoryUsage of job (MB)
	1697012  -  ResidentSetSize of job (KB)
...
006 (34567927.000.000) 2021-09-17 18:12:58 Image size of job updated: 1657
	1657  -  MemoryUsage of job (MB)
	1697408  -  ResidentSetSize of job (KB)
...
006 (34567927.000.000) 2021-09-17 18:13:58 Image size of job updated: 1658
	1658  -  MemoryUsage of job (MB)
	1698248  -  ResidentSetSize of job (KB)
...
006 (34567927.000.000) 2021-09-17 18:14:58 Image size of job updated: 1658
	1658  -  MemoryUsage of job (MB)
	1698648  -  ResidentSetSize of job (KB)
...
006 (34567927.000.000) 2021-09-17 18:15:58 Image size of job updated: 1659
	1659  -  MemoryUsage of job (MB)
	1699368  -  ResidentSetSize of job (KB)
...
006 (34567927.000.000) 2021-09-17 18:16:58 Image size of job updated: 1659
	1659  -  MemoryUsage of job (MB)
	1699816  -  ResidentSetSize of job (KB)
...
006 (34567927.000.000) 2021-09-17 18:17:59 Image size of job updated: 1660
	1660  -  MemoryUsage of job (MB)
	1700592  -  ResidentSetSize of job (KB)
...
006 (34567927.000.000) 2021-09-17 18:19:00 Image size of job updated: 1661
	1661  -  MemoryUsage of job (MB)
	1701384  -  ResidentSetSize of job (KB)
...
006 (34567927.000.000) 2021-09-17 18:20:01 Image size of job updated: 1661
	1661  -  MemoryUsage of job (MB)
	1701884  -  ResidentSetSize of job (KB)
...
006 (34567927.000.000) 2021-09-17 18:21:03 Image size of job updated: 1662
	1662  -  MemoryUsage of job (MB)
	1702744  -  ResidentSetSize of job (KB)
...
006 (34567927.000.000) 2021-09-17 18:22:03 Image size of job updated: 1663
	1663  -  MemoryUsage of job (MB)
	1703068  -  ResidentSetSize of job (KB)
...
006 (34567927.000.000) 2021-09-17 18:23:04 Image size of job updated: 1663
	1663  -  MemoryUsage of job (MB)
	1703740  -  ResidentSetSize of job (KB)
...
006 (34567927.000.000) 2021-09-17 18:24:05 Image size of job updated: 1664
	1664  -  MemoryUsage of job (MB)
	1704528  -  ResidentSetSize of job (KB)
...
006 (34567927.000.000) 2021-09-17 18:25:05 Image size of job updated: 1665
	1665  -  MemoryUsage of job (MB)
	1705020  -  ResidentSetSize of job (KB)
...
006 (34567927.000.000) 2021-09-17 18:26:05 Image size of job updated: 1666
	1666  -  MemoryUsage of job (MB)
	1706040  -  ResidentSetSize of job (KB)
...
006 (34567927.000.000) 2021-09-17 18:27:06 Image size of job updated: 1666
	1666  -  MemoryUsage of job (MB)
	1706752  -  ResidentSetSize of job (KB)
...
006 (34567927.000.000) 2021-09-17 18:28:07 Image size of job updated: 1667
	1667  -  MemoryUsage of job (MB)
	1707252  -  ResidentSetSize of job (KB)
...
006 (34567927.000.000) 2021-09-17 18:29:08 Image size of job updated: 1667
	1667  -  MemoryUsage of job (MB)
	1708028  -  ResidentSetSize of job (KB)
...
006 (34567927.000.000) 2021-09-17 18:30:09 Image size of job updated: 1668
	1668  -  MemoryUsage of job (MB)
	1708552  -  ResidentSetSize of job (KB)
...
006 (34567927.000.000) 2021-09-17 18:31:11 Image size of job updated: 1669
	1669  -  MemoryUsage of job (MB)
	1709168  -  ResidentSetSize of job (KB)
...
006 (34567927.000.000) 2021-09-17 18:32:11 Image size of job updated: 1669
	1669  -  MemoryUsage of job (MB)
	1710076  -  ResidentSetSize of job (KB)
...
006 (34567927.000.000) 2021-09-17 18:33:11 Image size of job updated: 1670
	1670  -  MemoryUsage of job (MB)
	1710824  -  ResidentSetSize of job (KB)
...
006 (34567927.000.000) 2021-09-17 18:34:11 Image size of job updated: 1671
	1671  -  MemoryUsage of job (MB)
	1711332  -  ResidentSetSize of job (KB)
...
006 (34567927.000.000) 2021-09-17 18:35:11 Image size of job updated: 1671
	1671  -  MemoryUsage of job (MB)
	1712108  -  ResidentSetSize of job (KB)
...
006 (34567927.000.000) 2021-09-17 18:36:13 Image size of job updated: 1672
	1672  -  MemoryUsage of job (MB)
	1712776  -  ResidentSetSize of job (KB)
...
006 (34567927.000.000) 2021-09-17 18:37:13 Image size of job updated: 1673
	1673  -  MemoryUsage of job (MB)
	1713324  -  ResidentSetSize of job (KB)
...
006 (34567927.000.000) 2021-09-17 18:38:15 Image size of job updated: 1673
	1673  -  MemoryUsage of job (MB)
	1714136  -  ResidentSetSize of job (KB)
...
006 (34567927.000.000) 2021-09-17 18:39:15 Image size of job updated: 1674
	1674  -  MemoryUsage of job (MB)
	1714540  -  ResidentSetSize of job (KB)
...
006 (34567927.000.000) 2021-09-17 18:40:15 Image size of job updated: 1675
	1675  -  MemoryUsage of job (MB)
	1715316  -  ResidentSetSize of job (KB)
...
006 (34567927.000.000) 2021-09-17 18:41:15 Image size of job updated: 1675
	1675  -  MemoryUsage of job (MB)
	1716068  -  ResidentSetSize of job (KB)
...
006 (34567927.000.000) 2021-09-17 18:42:15 Image size of job updated: 1676
	1676  -  MemoryUsage of job (MB)
	1716484  -  ResidentSetSize of job (KB)
...
006 (34567927.000.000) 2021-09-17 18:43:16 Image size of job updated: 1677
	1677  -  MemoryUsage of job (MB)
	1717312  -  ResidentSetSize of job (KB)
...
006 (34567927.000.000) 2021-09-17 18:44:17 Image size of job updated: 1677
	1677  -  MemoryUsage of job (MB)
	1718076  -  ResidentSetSize of job (KB)
...
006 (34567927.000.000) 2021-09-17 18:45:17 Image size of job updated: 1678
	1678  -  MemoryUsage of job (MB)
	1718448  -  ResidentSetSize of job (KB)
...
006 (34567927.000.000) 2021-09-17 18:46:18 Image size of job updated: 1678
	1678  -  MemoryUsage of job (MB)
	1719180  -  ResidentSetSize of job (KB)
...
006 (34567927.000.000) 2021-09-17 18:47:18 Image size of job updated: 1679
	1679  -  MemoryUsage of job (MB)
	1719852  -  ResidentSetSize of job (KB)
...
006 (34567927.000.000) 2021-09-17 18:48:19 Image size of job updated: 1680
	1680  -  MemoryUsage of job (MB)
	1720396  -  ResidentSetSize of job (KB)
...
006 (34567927.000.000) 2021-09-17 18:49:21 Image size of job updated: 1680
	1680  -  MemoryUsage of job (MB)
	1721220  -  ResidentSetSize of job (KB)
...
006 (34567927.000.000) 2021-09-17 18:50:21 Image size of job updated: 1681
	1681  -  MemoryUsage of job (MB)
	1722016  -  ResidentSetSize of job (KB)
...
006 (34567927.000.000) 2021-09-17 18:51:22 Image size of job updated: 1682
	1682  -  MemoryUsage of job (MB)
	1722672  -  ResidentSetSize of job (KB)
...
006 (34567927.000.000) 2021-09-17 18:52:23 Image size of job updated: 1682
	1682  -  MemoryUsage of job (MB)
	1723260  -  ResidentSetSize of job (KB)
...
006 (34567927.000.000) 2021-09-17 18:53:23 Image size of job updated: 1683
	1683  -  MemoryUsage of job (MB)
	1724088  -  ResidentSetSize of job (KB)
...
006 (34567927.000.000) 2021-09-17 18:54:23 Image size of job updated: 1684
	1684  -  MemoryUsage of job (MB)
	1724816  -  ResidentSetSize of job (KB)
...
006 (34567927.000.000) 2021-09-17 18:55:18 Image size of job updated: 1684
	1684  -  MemoryUsage of job (MB)
	1725116  -  ResidentSetSize of job (KB)
...
040 (34567927.000.000) 2021-09-17 18:55:18 Started transferring output files
...
040 (34567927.000.000) 2021-09-17 18:55:18 Finished transferring output files
...
005 (34567927.000.000) 2021-09-17 18:55:19 Job terminated.
	(1) Normal termination (return value 0)
		Usr 0 00:00:00, Sys 0 00:00:00  -  Run Remote Usage
		Usr 0 00:00:00, Sys 0 00:00:00  -  Run Local Usage
		Usr 0 01:03:15, Sys 0 00:48:03  -  Total Remote Usage
		Usr 0 00:00:00, Sys 0 00:00:00  -  Total Local Usage
	1228483  -  Run Bytes Sent By Job
	8471538  -  Run Bytes Received By Job
	1228483  -  Total Bytes Sent By Job
	8471538  -  Total Bytes Received By Job
	Partitionable Resources :    Usage  Request Allocated 
	   Cpus                 :     0.00        1         1 
	   Disk (KB)            : 16640       10000   1644265 
	   Memory (MB)          :  1684        2048      2048 

	Job terminated of its own accord at 2021-09-17T23:55:18Z.
...
000 (14732584.000.000) 2021-09-24 22:11:12 Job submitted from host: <131.225.188.55:9618?addrs=131.225.188.55-9618&alias=lpcschedd1.fnal.gov&noUDP&sock=schedd_2070_6d22>
...
040 (14732584.000.000) 2021-09-24 22:28:24 Started transferring input files
	Transferring to host: <131.225.190.27:9618?addrs=131.225.190.27-9618&alias=cmswn2009.fnal.gov&noUDP&sock=slot1_4_1541_8618_3660>
...
040 (14732584.000.000) 2021-09-24 22:28:24 Finished transferring input files
...
001 (14732584.000.000) 2021-09-24 22:28:25 Job executing on host: <131.225.190.27:9618?addrs=131.225.190.27-9618&alias=cmswn2009.fnal.gov&noUDP&sock=startd_1433_7f4e>
...
006 (14732584.000.000) 2021-09-24 22:28:34 Image size of job updated: 25
	25  -  MemoryUsage of job (MB)
	25980  -  ResidentSetSize of job (KB)
...
006 (14732584.000.000) 2021-09-24 22:29:34 Image size of job updated: 534
	534  -  MemoryUsage of job (MB)
	546816  -  ResidentSetSize of job (KB)
...
006 (14732584.000.000) 2021-09-24 22:33:36 Image size of job updated: 556
	556  -  MemoryUsage of job (MB)
	569976  -  ResidentSetSize of job (KB)
...
006 (14732584.000.000) 2021-09-24 22:34:36 Image size of job updated: 606
	606  -  MemoryUsage of job (MB)
	620580  -  ResidentSetSize of job (KB)
...
006 (14732584.000.000) 2021-09-24 22:35:36 Image size of job updated: 649
	649  -  MemoryUsage of job (MB)
	664580  -  ResidentSetSize of job (KB)
...
006 (14732584.000.000) 2021-09-24 22:36:36 Image size of job updated: 687
	687  -  MemoryUsage of job (MB)
	704308  -  ResidentSetSize of job (KB)
...
006 (14732584.000.000) 2021-09-24 22:37:36 Image size of job updated: 723
	723  -  MemoryUsage of job (MB)
	741084  -  ResidentSetSize of job (KB)
...
006 (14732584.000.000) 2021-09-24 22:38:37 Image size of job updated: 757
	757  -  MemoryUsage of job (MB)
	775500  -  ResidentSetSize of job (KB)
...
006 (14732584.000.000) 2021-09-24 22:39:39 Image size of job updated: 792
	792  -  MemoryUsage of job (MB)
	811492  -  ResidentSetSize of job (KB)
...
006 (14732584.000.000) 2021-09-24 22:40:39 Image size of job updated: 823
	823  -  MemoryUsage of job (MB)
	843056  -  ResidentSetSize of job (KB)
...
006 (14732584.000.000) 2021-09-24 22:41:39 Image size of job updated: 854
	854  -  MemoryUsage of job (MB)
	874576  -  ResidentSetSize of job (KB)
...
006 (14732584.000.000) 2021-09-24 22:42:39 Image size of job updated: 881
	881  -  MemoryUsage of job (MB)
	903092  -  ResidentSetSize of job (KB)
...
006 (14732584.000.000) 2021-09-24 22:43:39 Image size of job updated: 921
	921  -  MemoryUsage of job (MB)
	943416  -  ResidentSetSize of job (KB)
...
006 (14732584.000.000) 2021-09-24 22:44:40 Image size of job updated: 948
	948  -  MemoryUsage of job (MB)
	971064  -  ResidentSetSize of job (KB)
...
006 (14732584.000.000) 2021-09-24 22:45:41 Image size of job updated: 974
	974  -  MemoryUsage of job (MB)
	997624  -  ResidentSetSize of job (KB)
...
006 (14732584.000.000) 2021-09-24 22:46:41 Image size of job updated: 999
	999  -  MemoryUsage of job (MB)
	1023428  -  ResidentSetSize of job (KB)
...
006 (14732584.000.000) 2021-09-24 22:47:42 Image size of job updated: 1025
	1025  -  MemoryUsage of job (MB)
	1050408  -  ResidentSetSize of job (KB)
...
006 (14732584.000.000) 2021-09-24 22:48:43 Image size of job updated: 1058
	1058  -  MemoryUsage of job (MB)
	1083768  -  ResidentSetSize of job (KB)
...
006 (14732584.000.000) 2021-09-24 22:49:43 Image size of job updated: 1083
	1083  -  MemoryUsage of job (MB)
	1109560  -  ResidentSetSize of job (KB)
...
006 (14732584.000.000) 2021-09-24 22:50:43 Image size of job updated: 1105
	1105  -  MemoryUsage of job (MB)
	1132232  -  ResidentSetSize of job (KB)
...
006 (14732584.000.000) 2021-09-24 22:51:44 Image size of job updated: 1127
	1127  -  MemoryUsage of job (MB)
	1154448  -  ResidentSetSize of job (KB)
...
006 (14732584.000.000) 2021-09-24 22:52:45 Image size of job updated: 1148
	1148  -  MemoryUsage of job (MB)
	1175960  -  ResidentSetSize of job (KB)
...
006 (14732584.000.000) 2021-09-24 22:53:45 Image size of job updated: 1169
	1169  -  MemoryUsage of job (MB)
	1197932  -  ResidentSetSize of job (KB)
...
006 (14732584.000.000) 2021-09-24 22:54:46 Image size of job updated: 1189
	1189  -  MemoryUsage of job (MB)
	1218532  -  ResidentSetSize of job (KB)
...
006 (14732584.000.000) 2021-09-24 22:55:48 Image size of job updated: 1211
	1211  -  MemoryUsage of job (MB)
	1241068  -  ResidentSetSize of job (KB)
...
006 (14732584.000.000) 2021-09-24 22:56:48 Image size of job updated: 1231
	1231  -  MemoryUsage of job (MB)
	1261020  -  ResidentSetSize of job (KB)
...
006 (14732584.000.000) 2021-09-24 22:57:49 Image size of job updated: 1250
	1250  -  MemoryUsage of job (MB)
	1280476  -  ResidentSetSize of job (KB)
...
006 (14732584.000.000) 2021-09-24 22:58:50 Image size of job updated: 1269
	1269  -  MemoryUsage of job (MB)
	1299676  -  ResidentSetSize of job (KB)
...
006 (14732584.000.000) 2021-09-24 22:59:51 Image size of job updated: 1287
	1287  -  MemoryUsage of job (MB)
	1318620  -  ResidentSetSize of job (KB)
...
006 (14732584.000.000) 2021-09-24 23:00:52 Image size of job updated: 1305
	1305  -  MemoryUsage of job (MB)
	1337244  -  ResidentSetSize of job (KB)
...
006 (14732584.000.000) 2021-09-24 23:01:52 Image size of job updated: 1323
	1323  -  MemoryUsage of job (MB)
	1355672  -  ResidentSetSize of job (KB)
...
006 (14732584.000.000) 2021-09-24 23:02:52 Image size of job updated: 1341
	1341  -  MemoryUsage of job (MB)
	1373612  -  ResidentSetSize of job (KB)
...
006 (14732584.000.000) 2021-09-24 23:03:52 Image size of job updated: 1358
	1358  -  MemoryUsage of job (MB)
	1390948  -  ResidentSetSize of job (KB)
...
006 (14732584.000.000) 2021-09-24 23:04:52 Image size of job updated: 1375
	1375  -  MemoryUsage of job (MB)
	1408332  -  ResidentSetSize of job (KB)
...
006 (14732584.000.000) 2021-09-24 23:05:52 Image size of job updated: 1392
	1392  -  MemoryUsage of job (MB)
	1425616  -  ResidentSetSize of job (KB)
...
006 (14732584.000.000) 2021-09-24 23:06:52 Image size of job updated: 1408
	1408  -  MemoryUsage of job (MB)
	1442652  -  ResidentSetSize of job (KB)
...
006 (14732584.000.000) 2021-09-24 23:07:52 Image size of job updated: 1425
	1425  -  MemoryUsage of job (MB)
	1459516  -  ResidentSetSize of job (KB)
...
006 (14732584.000.000) 2021-09-24 23:08:52 Image size of job updated: 1441
	1441  -  MemoryUsage of job (MB)
	1475808  -  ResidentSetSize of job (KB)
...
006 (14732584.000.000) 2021-09-24 23:09:53 Image size of job updated: 1457
	1457  -  MemoryUsage of job (MB)
	1492092  -  ResidentSetSize of job (KB)
...
006 (14732584.000.000) 2021-09-24 23:10:53 Image size of job updated: 1472
	1472  -  MemoryUsage of job (MB)
	1508228  -  ResidentSetSize of job (KB)
...
006 (14732584.000.000) 2021-09-24 23:11:53 Image size of job updated: 1488
	1488  -  MemoryUsage of job (MB)
	1524116  -  ResidentSetSize of job (KB)
...
006 (14732584.000.000) 2021-09-24 23:12:53 Image size of job updated: 1503
	1503  -  MemoryUsage of job (MB)
	1539656  -  ResidentSetSize of job (KB)
...
006 (14732584.000.000) 2021-09-24 23:13:55 Image size of job updated: 1520
	1520  -  MemoryUsage of job (MB)
	1556780  -  ResidentSetSize of job (KB)
...
006 (14732584.000.000) 2021-09-24 23:14:56 Image size of job updated: 1534
	1534  -  MemoryUsage of job (MB)
	1571752  -  ResidentSetSize of job (KB)
...
006 (14732584.000.000) 2021-09-24 23:15:57 Image size of job updated: 1620
	1620  -  MemoryUsage of job (MB)
	1658908  -  ResidentSetSize of job (KB)
...
006 (14732584.000.000) 2021-09-24 23:16:58 Image size of job updated: 1627
	1627  -  MemoryUsage of job (MB)
	1666920  -  ResidentSetSize of job (KB)
...
006 (14732584.000.000) 2021-09-24 23:17:58 Image size of job updated: 1635
	1635  -  MemoryUsage of job (MB)
	1674724  -  ResidentSetSize of job (KB)
...
006 (14732584.000.000) 2021-09-24 23:18:59 Image size of job updated: 1642
	1642  -  MemoryUsage of job (MB)
	1681520  -  ResidentSetSize of job (KB)
...
006 (14732584.000.000) 2021-09-24 23:20:00 Image size of job updated: 1645
	1645  -  MemoryUsage of job (MB)
	1684648  -  ResidentSetSize of job (KB)
...
006 (14732584.000.000) 2021-09-24 23:21:02 Image size of job updated: 1648
	1648  -  MemoryUsage of job (MB)
	1687668  -  ResidentSetSize of job (KB)
...
006 (14732584.000.000) 2021-09-24 23:22:02 Image size of job updated: 1650
	1650  -  MemoryUsage of job (MB)
	1689680  -  ResidentSetSize of job (KB)
...
006 (14732584.000.000) 2021-09-24 23:23:03 Image size of job updated: 1651
	1651  -  MemoryUsage of job (MB)
	1690688  -  ResidentSetSize of job (KB)
...
006 (14732584.000.000) 2021-09-24 23:24:04 Image size of job updated: 1652
	1652  -  MemoryUsage of job (MB)
	1692092  -  ResidentSetSize of job (KB)
...
006 (14732584.000.000) 2021-09-24 23:25:04 Image size of job updated: 1653
	1653  -  MemoryUsage of job (MB)
	1693464  -  ResidentSetSize of job (KB)
...
006 (14732584.000.000) 2021-09-24 23:26:05 Image size of job updated: 1654
	1654  -  MemoryUsage of job (MB)
	1694412  -  ResidentSetSize of job (KB)
...
006 (14732584.000.000) 2021-09-24 23:27:06 Image size of job updated: 1655
	1655  -  MemoryUsage of job (MB)
	1695508  -  ResidentSetSize of job (KB)
...
006 (14732584.000.000) 2021-09-24 23:28:06 Image size of job updated: 1656
	1656  -  MemoryUsage of job (MB)
	1696636  -  ResidentSetSize of job (KB)
...
006 (14732584.000.000) 2021-09-24 23:29:07 Image size of job updated: 1657
	1657  -  MemoryUsage of job (MB)
	1697788  -  ResidentSetSize of job (KB)
...
006 (14732584.000.000) 2021-09-24 23:30:08 Image size of job updated: 1658
	1658  -  MemoryUsage of job (MB)
	1698712  -  ResidentSetSize of job (KB)
...
006 (14732584.000.000) 2021-09-24 23:31:08 Image size of job updated: 1659
	1659  -  MemoryUsage of job (MB)
	1699520  -  ResidentSetSize of job (KB)
...
006 (14732584.000.000) 2021-09-24 23:32:09 Image size of job updated: 1660
	1660  -  MemoryUsage of job (MB)
	1700600  -  ResidentSetSize of job (KB)
...
006 (14732584.000.000) 2021-09-24 23:33:10 Image size of job updated: 1661
	1661  -  MemoryUsage of job (MB)
	1701324  -  ResidentSetSize of job (KB)
...
006 (14732584.000.000) 2021-09-24 23:34:10 Image size of job updated: 1662
	1662  -  MemoryUsage of job (MB)
	1702148  -  ResidentSetSize of job (KB)
...
006 (14732584.000.000) 2021-09-24 23:35:11 Image size of job updated: 1662
	1662  -  MemoryUsage of job (MB)
	1702780  -  ResidentSetSize of job (KB)
...
006 (14732584.000.000) 2021-09-24 23:36:12 Image size of job updated: 1663
	1663  -  MemoryUsage of job (MB)
	1702992  -  ResidentSetSize of job (KB)
...
006 (14732584.000.000) 2021-09-24 23:37:13 Image size of job updated: 1664
	1664  -  MemoryUsage of job (MB)
	1704420  -  ResidentSetSize of job (KB)
...
006 (14732584.000.000) 2021-09-24 23:38:13 Image size of job updated: 1665
	1665  -  MemoryUsage of job (MB)
	1705892  -  ResidentSetSize of job (KB)
...
006 (14732584.000.000) 2021-09-24 23:39:14 Image size of job updated: 1666
	1666  -  MemoryUsage of job (MB)
	1706660  -  ResidentSetSize of job (KB)
...
006 (14732584.000.000) 2021-09-24 23:40:15 Image size of job updated: 1667
	1667  -  MemoryUsage of job (MB)
	1707796  -  ResidentSetSize of job (KB)
...
006 (14732584.000.000) 2021-09-24 23:41:15 Image size of job updated: 1668
	1668  -  MemoryUsage of job (MB)
	1708760  -  ResidentSetSize of job (KB)
...
006 (14732584.000.000) 2021-09-24 23:42:16 Image size of job updated: 1669
	1669  -  MemoryUsage of job (MB)
	1710076  -  ResidentSetSize of job (KB)
...
006 (14732584.000.000) 2021-09-24 23:43:16 Image size of job updated: 1671
	1671  -  MemoryUsage of job (MB)
	1711184  -  ResidentSetSize of job (KB)
...
006 (14732584.000.000) 2021-09-24 23:44:16 Image size of job updated: 1672
	1672  -  MemoryUsage of job (MB)
	1712632  -  ResidentSetSize of job (KB)
...
006 (14732584.000.000) 2021-09-24 23:45:17 Image size of job updated: 1673
	1673  -  MemoryUsage of job (MB)
	1714052  -  ResidentSetSize of job (KB)
...
006 (14732584.000.000) 2021-09-24 23:46:17 Image size of job updated: 1675
	1675  -  MemoryUsage of job (MB)
	1715396  -  ResidentSetSize of job (KB)
...
006 (14732584.000.000) 2021-09-24 23:47:18 Image size of job updated: 1676
	1676  -  MemoryUsage of job (MB)
	1716484  -  ResidentSetSize of job (KB)
...
006 (14732584.000.000) 2021-09-24 23:48:19 Image size of job updated: 1677
	1677  -  MemoryUsage of job (MB)
	1717628  -  ResidentSetSize of job (KB)
...
006 (14732584.000.000) 2021-09-24 23:49:20 Image size of job updated: 1678
	1678  -  MemoryUsage of job (MB)
	1718696  -  ResidentSetSize of job (KB)
...
006 (14732584.000.000) 2021-09-24 23:50:20 Image size of job updated: 1679
	1679  -  MemoryUsage of job (MB)
	1719928  -  ResidentSetSize of job (KB)
...
006 (14732584.000.000) 2021-09-24 23:51:22 Image size of job updated: 1680
	1680  -  MemoryUsage of job (MB)
	1720732  -  ResidentSetSize of job (KB)
...
006 (14732584.000.000) 2021-09-24 23:52:22 Image size of job updated: 1680
	1680  -  MemoryUsage of job (MB)
	1720788  -  ResidentSetSize of job (KB)
...
006 (14732584.000.000) 2021-09-24 23:53:23 Image size of job updated: 1681
	1681  -  MemoryUsage of job (MB)
	1722336  -  ResidentSetSize of job (KB)
...
006 (14732584.000.000) 2021-09-24 23:54:23 Image size of job updated: 1683
	1683  -  MemoryUsage of job (MB)
	1723460  -  ResidentSetSize of job (KB)
...
006 (14732584.000.000) 2021-09-24 23:54:56 Image size of job updated: 1683
	1683  -  MemoryUsage of job (MB)
	1723728  -  ResidentSetSize of job (KB)
...
040 (14732584.000.000) 2021-09-24 23:54:56 Started transferring output files
...
040 (14732584.000.000) 2021-09-24 23:54:56 Finished transferring output files
...
005 (14732584.000.000) 2021-09-24 23:54:58 Job terminated.
	(1) Normal termination (return value 0)
		Usr 0 00:00:00, Sys 0 00:00:00  -  Run Remote Usage
		Usr 0 00:00:00, Sys 0 00:00:00  -  Run Local Usage
		Usr 0 00:57:03, Sys 0 00:25:45  -  Total Remote Usage
		Usr 0 00:00:00, Sys 0 00:00:00  -  Total Local Usage
	1228407  -  Run Bytes Sent By Job
	8471570  -  Run Bytes Received By Job
	1228407  -  Total Bytes Sent By Job
	8471570  -  Total Bytes Received By Job
	Partitionable Resources :    Usage  Request Allocated 
	   Cpus                 :     0.00        1         1 
	   Disk (KB)            : 16309       10000    785880 
	   Memory (MB)          :  1683        2048      2048 

	Job terminated of its own accord at 2021-09-25T04:54:56Z.
...
