000 (34567965.000.000) 2021-09-17 07:09:53 Job submitted from host: <131.225.188.57:9618?addrs=131.225.188.57-9618&alias=lpcschedd2.fnal.gov&noUDP&sock=schedd_2251_93c6>
...
040 (34567965.000.000) 2021-09-17 17:19:22 Started transferring input files
	Transferring to host: <131.225.205.168:9618?addrs=131.225.205.168-9618&alias=cmswn1942.fnal.gov&noUDP&sock=slot1_26_1534_9777_1298>
...
040 (34567965.000.000) 2021-09-17 17:19:22 Finished transferring input files
...
001 (34567965.000.000) 2021-09-17 17:19:23 Job executing on host: <131.225.205.168:9618?addrs=131.225.205.168-9618&alias=cmswn1942.fnal.gov&noUDP&sock=startd_1438_ed47>
...
006 (34567965.000.000) 2021-09-17 17:19:32 Image size of job updated: 3
	3  -  MemoryUsage of job (MB)
	3796  -  ResidentSetSize of job (KB)
...
006 (34567965.000.000) 2021-09-17 17:20:33 Image size of job updated: 365
	365  -  MemoryUsage of job (MB)
	374708  -  ResidentSetSize of job (KB)
...
006 (34567965.000.000) 2021-09-17 17:21:33 Image size of job updated: 503
	503  -  MemoryUsage of job (MB)
	515928  -  ResidentSetSize of job (KB)
...
006 (34567965.000.000) 2021-09-17 17:24:37 Image size of job updated: 510
	510  -  MemoryUsage of job (MB)
	522528  -  ResidentSetSize of job (KB)
...
006 (34567965.000.000) 2021-09-17 17:25:37 Image size of job updated: 563
	563  -  MemoryUsage of job (MB)
	577132  -  ResidentSetSize of job (KB)
...
006 (34567965.000.000) 2021-09-17 17:26:37 Image size of job updated: 608
	608  -  MemoryUsage of job (MB)
	622876  -  ResidentSetSize of job (KB)
...
006 (34567965.000.000) 2021-09-17 17:27:37 Image size of job updated: 647
	647  -  MemoryUsage of job (MB)
	663084  -  ResidentSetSize of job (KB)
...
006 (34567965.000.000) 2021-09-17 17:28:37 Image size of job updated: 684
	684  -  MemoryUsage of job (MB)
	700836  -  ResidentSetSize of job (KB)
...
006 (34567965.000.000) 2021-09-17 17:29:37 Image size of job updated: 718
	718  -  MemoryUsage of job (MB)
	735856  -  ResidentSetSize of job (KB)
...
006 (34567965.000.000) 2021-09-17 17:30:37 Image size of job updated: 751
	751  -  MemoryUsage of job (MB)
	769268  -  ResidentSetSize of job (KB)
...
006 (34567965.000.000) 2021-09-17 17:31:37 Image size of job updated: 782
	782  -  MemoryUsage of job (MB)
	800856  -  ResidentSetSize of job (KB)
...
006 (34567965.000.000) 2021-09-17 17:32:37 Image size of job updated: 812
	812  -  MemoryUsage of job (MB)
	832216  -  ResidentSetSize of job (KB)
...
006 (34567965.000.000) 2021-09-17 17:33:38 Image size of job updated: 845
	845  -  MemoryUsage of job (MB)
	865736  -  ResidentSetSize of job (KB)
...
006 (34567965.000.000) 2021-09-17 17:34:38 Image size of job updated: 872
	872  -  MemoryUsage of job (MB)
	892964  -  ResidentSetSize of job (KB)
...
006 (34567965.000.000) 2021-09-17 17:35:39 Image size of job updated: 909
	909  -  MemoryUsage of job (MB)
	931480  -  ResidentSetSize of job (KB)
...
006 (34567965.000.000) 2021-09-17 17:36:40 Image size of job updated: 939
	939  -  MemoryUsage of job (MB)
	961548  -  ResidentSetSize of job (KB)
...
006 (34567965.000.000) 2021-09-17 17:37:40 Image size of job updated: 963
	963  -  MemoryUsage of job (MB)
	986856  -  ResidentSetSize of job (KB)
...
006 (34567965.000.000) 2021-09-17 17:38:40 Image size of job updated: 987
	987  -  MemoryUsage of job (MB)
	1011176  -  ResidentSetSize of job (KB)
...
006 (34567965.000.000) 2021-09-17 17:39:41 Image size of job updated: 1013
	1013  -  MemoryUsage of job (MB)
	1037988  -  ResidentSetSize of job (KB)
...
006 (34567965.000.000) 2021-09-17 17:40:42 Image size of job updated: 1040
	1040  -  MemoryUsage of job (MB)
	1065028  -  ResidentSetSize of job (KB)
...
006 (34567965.000.000) 2021-09-17 17:41:43 Image size of job updated: 1071
	1071  -  MemoryUsage of job (MB)
	1097284  -  ResidentSetSize of job (KB)
...
006 (34567965.000.000) 2021-09-17 17:42:43 Image size of job updated: 1095
	1095  -  MemoryUsage of job (MB)
	1121640  -  ResidentSetSize of job (KB)
...
006 (34567965.000.000) 2021-09-17 17:43:43 Image size of job updated: 1116
	1116  -  MemoryUsage of job (MB)
	1142980  -  ResidentSetSize of job (KB)
...
006 (34567965.000.000) 2021-09-17 17:44:44 Image size of job updated: 1136
	1136  -  MemoryUsage of job (MB)
	1164028  -  ResidentSetSize of job (KB)
...
006 (34567965.000.000) 2021-09-17 17:45:45 Image size of job updated: 1159
	1159  -  MemoryUsage of job (MB)
	1187236  -  ResidentSetSize of job (KB)
...
006 (34567965.000.000) 2021-09-17 17:46:45 Image size of job updated: 1178
	1178  -  MemoryUsage of job (MB)
	1207248  -  ResidentSetSize of job (KB)
...
006 (34567965.000.000) 2021-09-17 17:47:46 Image size of job updated: 1198
	1198  -  MemoryUsage of job (MB)
	1227048  -  ResidentSetSize of job (KB)
...
006 (34567965.000.000) 2021-09-17 17:48:46 Image size of job updated: 1217
	1217  -  MemoryUsage of job (MB)
	1246208  -  ResidentSetSize of job (KB)
...
006 (34567965.000.000) 2021-09-17 17:49:46 Image size of job updated: 1237
	1237  -  MemoryUsage of job (MB)
	1267136  -  ResidentSetSize of job (KB)
...
006 (34567965.000.000) 2021-09-17 17:50:46 Image size of job updated: 1255
	1255  -  MemoryUsage of job (MB)
	1285580  -  ResidentSetSize of job (KB)
...
006 (34567965.000.000) 2021-09-17 17:51:47 Image size of job updated: 1273
	1273  -  MemoryUsage of job (MB)
	1303968  -  ResidentSetSize of job (KB)
...
006 (34567965.000.000) 2021-09-17 17:52:48 Image size of job updated: 1292
	1292  -  MemoryUsage of job (MB)
	1323776  -  ResidentSetSize of job (KB)
...
006 (34567965.000.000) 2021-09-17 17:53:48 Image size of job updated: 1310
	1310  -  MemoryUsage of job (MB)
	1341536  -  ResidentSetSize of job (KB)
...
006 (34567965.000.000) 2021-09-17 17:54:48 Image size of job updated: 1327
	1327  -  MemoryUsage of job (MB)
	1358852  -  ResidentSetSize of job (KB)
...
006 (34567965.000.000) 2021-09-17 17:55:48 Image size of job updated: 1343
	1343  -  MemoryUsage of job (MB)
	1375996  -  ResidentSetSize of job (KB)
...
006 (34567965.000.000) 2021-09-17 17:56:49 Image size of job updated: 1362
	1362  -  MemoryUsage of job (MB)
	1394764  -  ResidentSetSize of job (KB)
...
006 (34567965.000.000) 2021-09-17 17:57:50 Image size of job updated: 1378
	1378  -  MemoryUsage of job (MB)
	1411424  -  ResidentSetSize of job (KB)
...
006 (34567965.000.000) 2021-09-17 17:58:51 Image size of job updated: 1394
	1394  -  MemoryUsage of job (MB)
	1427700  -  ResidentSetSize of job (KB)
...
006 (34567965.000.000) 2021-09-17 17:59:51 Image size of job updated: 1411
	1411  -  MemoryUsage of job (MB)
	1445640  -  ResidentSetSize of job (KB)
...
006 (34567965.000.000) 2021-09-17 18:00:52 Image size of job updated: 1427
	1427  -  MemoryUsage of job (MB)
	1461780  -  ResidentSetSize of job (KB)
...
006 (34567965.000.000) 2021-09-17 18:01:52 Image size of job updated: 1442
	1442  -  MemoryUsage of job (MB)
	1477360  -  ResidentSetSize of job (KB)
...
006 (34567965.000.000) 2021-09-17 18:02:53 Image size of job updated: 1459
	1459  -  MemoryUsage of job (MB)
	1494764  -  ResidentSetSize of job (KB)
...
006 (34567965.000.000) 2021-09-17 18:03:53 Image size of job updated: 1474
	1474  -  MemoryUsage of job (MB)
	1510276  -  ResidentSetSize of job (KB)
...
006 (34567965.000.000) 2021-09-17 18:04:53 Image size of job updated: 1489
	1489  -  MemoryUsage of job (MB)
	1525600  -  ResidentSetSize of job (KB)
...
006 (34567965.000.000) 2021-09-17 18:05:54 Image size of job updated: 1504
	1504  -  MemoryUsage of job (MB)
	1540608  -  ResidentSetSize of job (KB)
...
006 (34567965.000.000) 2021-09-17 18:06:55 Image size of job updated: 1520
	1520  -  MemoryUsage of job (MB)
	1557044  -  ResidentSetSize of job (KB)
...
006 (34567965.000.000) 2021-09-17 18:07:55 Image size of job updated: 1534
	1534  -  MemoryUsage of job (MB)
	1571680  -  ResidentSetSize of job (KB)
...
006 (34567965.000.000) 2021-09-17 18:08:56 Image size of job updated: 1625
	1625  -  MemoryUsage of job (MB)
	1664356  -  ResidentSetSize of job (KB)
...
006 (34567965.000.000) 2021-09-17 18:09:56 Image size of job updated: 1633
	1633  -  MemoryUsage of job (MB)
	1672248  -  ResidentSetSize of job (KB)
...
006 (34567965.000.000) 2021-09-17 18:10:56 Image size of job updated: 1636
	1636  -  MemoryUsage of job (MB)
	1675500  -  ResidentSetSize of job (KB)
...
006 (34567965.000.000) 2021-09-17 18:11:56 Image size of job updated: 1638
	1638  -  MemoryUsage of job (MB)
	1677380  -  ResidentSetSize of job (KB)
...
006 (34567965.000.000) 2021-09-17 18:12:58 Image size of job updated: 1639
	1639  -  MemoryUsage of job (MB)
	1679060  -  ResidentSetSize of job (KB)
...
006 (34567965.000.000) 2021-09-17 18:13:58 Image size of job updated: 1640
	1640  -  MemoryUsage of job (MB)
	1679756  -  ResidentSetSize of job (KB)
...
006 (34567965.000.000) 2021-09-17 18:15:00 Image size of job updated: 1641
	1641  -  MemoryUsage of job (MB)
	1680480  -  ResidentSetSize of job (KB)
...
006 (34567965.000.000) 2021-09-17 18:16:00 Image size of job updated: 1643
	1643  -  MemoryUsage of job (MB)
	1683280  -  ResidentSetSize of job (KB)
...
006 (34567965.000.000) 2021-09-17 18:17:01 Image size of job updated: 1644
	1644  -  MemoryUsage of job (MB)
	1683928  -  ResidentSetSize of job (KB)
...
006 (34567965.000.000) 2021-09-17 18:18:01 Image size of job updated: 1645
	1645  -  MemoryUsage of job (MB)
	1684620  -  ResidentSetSize of job (KB)
...
006 (34567965.000.000) 2021-09-17 18:19:02 Image size of job updated: 1646
	1646  -  MemoryUsage of job (MB)
	1685524  -  ResidentSetSize of job (KB)
...
006 (34567965.000.000) 2021-09-17 18:20:02 Image size of job updated: 1646
	1646  -  MemoryUsage of job (MB)
	1686488  -  ResidentSetSize of job (KB)
...
006 (34567965.000.000) 2021-09-17 18:21:03 Image size of job updated: 1647
	1647  -  MemoryUsage of job (MB)
	1686944  -  ResidentSetSize of job (KB)
...
006 (34567965.000.000) 2021-09-17 18:22:03 Image size of job updated: 1648
	1648  -  MemoryUsage of job (MB)
	1687660  -  ResidentSetSize of job (KB)
...
006 (34567965.000.000) 2021-09-17 18:23:04 Image size of job updated: 1648
	1648  -  MemoryUsage of job (MB)
	1688380  -  ResidentSetSize of job (KB)
...
006 (34567965.000.000) 2021-09-17 18:24:05 Image size of job updated: 1649
	1649  -  MemoryUsage of job (MB)
	1689140  -  ResidentSetSize of job (KB)
...
006 (34567965.000.000) 2021-09-17 18:25:05 Image size of job updated: 1650
	1650  -  MemoryUsage of job (MB)
	1689796  -  ResidentSetSize of job (KB)
...
006 (34567965.000.000) 2021-09-17 18:26:05 Image size of job updated: 1650
	1650  -  MemoryUsage of job (MB)
	1690336  -  ResidentSetSize of job (KB)
...
006 (34567965.000.000) 2021-09-17 18:27:05 Image size of job updated: 1651
	1651  -  MemoryUsage of job (MB)
	1691236  -  ResidentSetSize of job (KB)
...
006 (34567965.000.000) 2021-09-17 18:28:06 Image size of job updated: 1652
	1652  -  MemoryUsage of job (MB)
	1692040  -  ResidentSetSize of job (KB)
...
006 (34567965.000.000) 2021-09-17 18:29:07 Image size of job updated: 1652
	1652  -  MemoryUsage of job (MB)
	1692580  -  ResidentSetSize of job (KB)
...
006 (34567965.000.000) 2021-09-17 18:30:07 Image size of job updated: 1653
	1653  -  MemoryUsage of job (MB)
	1693048  -  ResidentSetSize of job (KB)
...
006 (34567965.000.000) 2021-09-17 18:31:08 Image size of job updated: 1654
	1654  -  MemoryUsage of job (MB)
	1694000  -  ResidentSetSize of job (KB)
...
006 (34567965.000.000) 2021-09-17 18:32:09 Image size of job updated: 1654
	1654  -  MemoryUsage of job (MB)
	1694560  -  ResidentSetSize of job (KB)
...
006 (34567965.000.000) 2021-09-17 18:33:10 Image size of job updated: 1655
	1655  -  MemoryUsage of job (MB)
	1695192  -  ResidentSetSize of job (KB)
...
006 (34567965.000.000) 2021-09-17 18:34:10 Image size of job updated: 1655
	1655  -  MemoryUsage of job (MB)
	1695692  -  ResidentSetSize of job (KB)
...
006 (34567965.000.000) 2021-09-17 18:35:11 Image size of job updated: 1656
	1656  -  MemoryUsage of job (MB)
	1696604  -  ResidentSetSize of job (KB)
...
006 (34567965.000.000) 2021-09-17 18:36:12 Image size of job updated: 1657
	1657  -  MemoryUsage of job (MB)
	1696956  -  ResidentSetSize of job (KB)
...
006 (34567965.000.000) 2021-09-17 18:37:12 Image size of job updated: 1657
	1657  -  MemoryUsage of job (MB)
	1697540  -  ResidentSetSize of job (KB)
...
006 (34567965.000.000) 2021-09-17 18:38:12 Image size of job updated: 1658
	1658  -  MemoryUsage of job (MB)
	1698020  -  ResidentSetSize of job (KB)
...
006 (34567965.000.000) 2021-09-17 18:39:13 Image size of job updated: 1658
	1658  -  MemoryUsage of job (MB)
	1698760  -  ResidentSetSize of job (KB)
...
006 (34567965.000.000) 2021-09-17 18:40:14 Image size of job updated: 1659
	1659  -  MemoryUsage of job (MB)
	1699320  -  ResidentSetSize of job (KB)
...
006 (34567965.000.000) 2021-09-17 18:41:15 Image size of job updated: 1659
	1659  -  MemoryUsage of job (MB)
	1699788  -  ResidentSetSize of job (KB)
...
006 (34567965.000.000) 2021-09-17 18:42:16 Image size of job updated: 1660
	1660  -  MemoryUsage of job (MB)
	1700144  -  ResidentSetSize of job (KB)
...
006 (34567965.000.000) 2021-09-17 18:43:17 Image size of job updated: 1661
	1661  -  MemoryUsage of job (MB)
	1701012  -  ResidentSetSize of job (KB)
...
006 (34567965.000.000) 2021-09-17 18:44:17 Image size of job updated: 1661
	1661  -  MemoryUsage of job (MB)
	1701552  -  ResidentSetSize of job (KB)
...
006 (34567965.000.000) 2021-09-17 18:45:18 Image size of job updated: 1662
	1662  -  MemoryUsage of job (MB)
	1701964  -  ResidentSetSize of job (KB)
...
006 (34567965.000.000) 2021-09-17 18:46:18 Image size of job updated: 1662
	1662  -  MemoryUsage of job (MB)
	1702448  -  ResidentSetSize of job (KB)
...
006 (34567965.000.000) 2021-09-17 18:47:18 Image size of job updated: 1662
	1662  -  MemoryUsage of job (MB)
	1702872  -  ResidentSetSize of job (KB)
...
006 (34567965.000.000) 2021-09-17 18:48:19 Image size of job updated: 1663
	1663  -  MemoryUsage of job (MB)
	1703724  -  ResidentSetSize of job (KB)
...
006 (34567965.000.000) 2021-09-17 18:49:20 Image size of job updated: 1664
	1664  -  MemoryUsage of job (MB)
	1704116  -  ResidentSetSize of job (KB)
...
006 (34567965.000.000) 2021-09-17 18:50:22 Image size of job updated: 1664
	1664  -  MemoryUsage of job (MB)
	1704600  -  ResidentSetSize of job (KB)
...
006 (34567965.000.000) 2021-09-17 18:51:22 Image size of job updated: 1665
	1665  -  MemoryUsage of job (MB)
	1705304  -  ResidentSetSize of job (KB)
...
006 (34567965.000.000) 2021-09-17 18:52:23 Image size of job updated: 1666
	1666  -  MemoryUsage of job (MB)
	1706008  -  ResidentSetSize of job (KB)
...
006 (34567965.000.000) 2021-09-17 18:53:24 Image size of job updated: 1666
	1666  -  MemoryUsage of job (MB)
	1706532  -  ResidentSetSize of job (KB)
...
006 (34567965.000.000) 2021-09-17 18:54:24 Image size of job updated: 1667
	1667  -  MemoryUsage of job (MB)
	1707052  -  ResidentSetSize of job (KB)
...
006 (34567965.000.000) 2021-09-17 18:55:24 Image size of job updated: 1667
	1667  -  MemoryUsage of job (MB)
	1707492  -  ResidentSetSize of job (KB)
...
006 (34567965.000.000) 2021-09-17 18:56:25 Image size of job updated: 1667
	1667  -  MemoryUsage of job (MB)
	1707992  -  ResidentSetSize of job (KB)
...
006 (34567965.000.000) 2021-09-17 18:57:25 Image size of job updated: 1668
	1668  -  MemoryUsage of job (MB)
	1708692  -  ResidentSetSize of job (KB)
...
006 (34567965.000.000) 2021-09-17 18:58:25 Image size of job updated: 1669
	1669  -  MemoryUsage of job (MB)
	1709124  -  ResidentSetSize of job (KB)
...
006 (34567965.000.000) 2021-09-17 18:59:26 Image size of job updated: 1669
	1669  -  MemoryUsage of job (MB)
	1709632  -  ResidentSetSize of job (KB)
...
006 (34567965.000.000) 2021-09-17 19:00:27 Image size of job updated: 1670
	1670  -  MemoryUsage of job (MB)
	1710136  -  ResidentSetSize of job (KB)
...
006 (34567965.000.000) 2021-09-17 19:01:27 Image size of job updated: 1670
	1670  -  MemoryUsage of job (MB)
	1711028  -  ResidentSetSize of job (KB)
...
006 (34567965.000.000) 2021-09-17 19:02:28 Image size of job updated: 1671
	1671  -  MemoryUsage of job (MB)
	1711504  -  ResidentSetSize of job (KB)
...
006 (34567965.000.000) 2021-09-17 19:03:28 Image size of job updated: 1671
	1671  -  MemoryUsage of job (MB)
	1711928  -  ResidentSetSize of job (KB)
...
006 (34567965.000.000) 2021-09-17 19:04:28 Image size of job updated: 1672
	1672  -  MemoryUsage of job (MB)
	1712504  -  ResidentSetSize of job (KB)
...
006 (34567965.000.000) 2021-09-17 19:05:28 Image size of job updated: 1672
	1672  -  MemoryUsage of job (MB)
	1712976  -  ResidentSetSize of job (KB)
...
006 (34567965.000.000) 2021-09-17 19:06:29 Image size of job updated: 1673
	1673  -  MemoryUsage of job (MB)
	1713608  -  ResidentSetSize of job (KB)
...
006 (34567965.000.000) 2021-09-17 19:07:29 Image size of job updated: 1673
	1673  -  MemoryUsage of job (MB)
	1714112  -  ResidentSetSize of job (KB)
...
006 (34567965.000.000) 2021-09-17 19:08:29 Image size of job updated: 1674
	1674  -  MemoryUsage of job (MB)
	1714620  -  ResidentSetSize of job (KB)
...
006 (34567965.000.000) 2021-09-17 19:09:30 Image size of job updated: 1674
	1674  -  MemoryUsage of job (MB)
	1715024  -  ResidentSetSize of job (KB)
...
006 (34567965.000.000) 2021-09-17 19:10:30 Image size of job updated: 1675
	1675  -  MemoryUsage of job (MB)
	1715400  -  ResidentSetSize of job (KB)
...
006 (34567965.000.000) 2021-09-17 19:11:31 Image size of job updated: 1675
	1675  -  MemoryUsage of job (MB)
	1715844  -  ResidentSetSize of job (KB)
...
006 (34567965.000.000) 2021-09-17 19:12:31 Image size of job updated: 1676
	1676  -  MemoryUsage of job (MB)
	1716640  -  ResidentSetSize of job (KB)
...
006 (34567965.000.000) 2021-09-17 19:13:31 Image size of job updated: 1676
	1676  -  MemoryUsage of job (MB)
	1717112  -  ResidentSetSize of job (KB)
...
006 (34567965.000.000) 2021-09-17 19:14:32 Image size of job updated: 1677
	1677  -  MemoryUsage of job (MB)
	1717512  -  ResidentSetSize of job (KB)
...
006 (34567965.000.000) 2021-09-17 19:15:33 Image size of job updated: 1677
	1677  -  MemoryUsage of job (MB)
	1717856  -  ResidentSetSize of job (KB)
...
006 (34567965.000.000) 2021-09-17 19:16:34 Image size of job updated: 1678
	1678  -  MemoryUsage of job (MB)
	1718668  -  ResidentSetSize of job (KB)
...
006 (34567965.000.000) 2021-09-17 19:17:35 Image size of job updated: 1678
	1678  -  MemoryUsage of job (MB)
	1718932  -  ResidentSetSize of job (KB)
...
006 (34567965.000.000) 2021-09-17 19:18:36 Image size of job updated: 1679
	1679  -  MemoryUsage of job (MB)
	1719348  -  ResidentSetSize of job (KB)
...
006 (34567965.000.000) 2021-09-17 19:19:36 Image size of job updated: 1679
	1679  -  MemoryUsage of job (MB)
	1719688  -  ResidentSetSize of job (KB)
...
006 (34567965.000.000) 2021-09-17 19:20:36 Image size of job updated: 1679
	1679  -  MemoryUsage of job (MB)
	1720264  -  ResidentSetSize of job (KB)
...
006 (34567965.000.000) 2021-09-17 19:21:37 Image size of job updated: 1680
	1680  -  MemoryUsage of job (MB)
	1720680  -  ResidentSetSize of job (KB)
...
006 (34567965.000.000) 2021-09-17 19:22:38 Image size of job updated: 1680
	1680  -  MemoryUsage of job (MB)
	1720924  -  ResidentSetSize of job (KB)
...
006 (34567965.000.000) 2021-09-17 19:23:39 Image size of job updated: 1681
	1681  -  MemoryUsage of job (MB)
	1721380  -  ResidentSetSize of job (KB)
...
006 (34567965.000.000) 2021-09-17 19:24:40 Image size of job updated: 1681
	1681  -  MemoryUsage of job (MB)
	1721664  -  ResidentSetSize of job (KB)
...
006 (34567965.000.000) 2021-09-17 19:25:40 Image size of job updated: 1681
	1681  -  MemoryUsage of job (MB)
	1721764  -  ResidentSetSize of job (KB)
...
006 (34567965.000.000) 2021-09-17 19:26:41 Image size of job updated: 1681
	1681  -  MemoryUsage of job (MB)
	1722260  -  ResidentSetSize of job (KB)
...
006 (34567965.000.000) 2021-09-17 19:27:43 Image size of job updated: 1682
	1682  -  MemoryUsage of job (MB)
	1722616  -  ResidentSetSize of job (KB)
...
006 (34567965.000.000) 2021-09-17 19:28:43 Image size of job updated: 1682
	1682  -  MemoryUsage of job (MB)
	1723056  -  ResidentSetSize of job (KB)
...
006 (34567965.000.000) 2021-09-17 19:29:44 Image size of job updated: 1682
	1682  -  MemoryUsage of job (MB)
	1723352  -  ResidentSetSize of job (KB)
...
006 (34567965.000.000) 2021-09-17 19:30:44 Image size of job updated: 1683
	1683  -  MemoryUsage of job (MB)
	1723464  -  ResidentSetSize of job (KB)
...
006 (34567965.000.000) 2021-09-17 19:31:44 Image size of job updated: 1683
	1683  -  MemoryUsage of job (MB)
	1723900  -  ResidentSetSize of job (KB)
...
006 (34567965.000.000) 2021-09-17 19:32:45 Image size of job updated: 1683
	1683  -  MemoryUsage of job (MB)
	1724216  -  ResidentSetSize of job (KB)
...
006 (34567965.000.000) 2021-09-17 19:33:45 Image size of job updated: 1684
	1684  -  MemoryUsage of job (MB)
	1724640  -  ResidentSetSize of job (KB)
...
006 (34567965.000.000) 2021-09-17 19:34:45 Image size of job updated: 1684
	1684  -  MemoryUsage of job (MB)
	1724892  -  ResidentSetSize of job (KB)
...
006 (34567965.000.000) 2021-09-17 19:35:45 Image size of job updated: 1684
	1684  -  MemoryUsage of job (MB)
	1724968  -  ResidentSetSize of job (KB)
...
006 (34567965.000.000) 2021-09-17 19:36:28 Image size of job updated: 1684
	1684  -  MemoryUsage of job (MB)
	1725324  -  ResidentSetSize of job (KB)
...
040 (34567965.000.000) 2021-09-17 19:36:28 Started transferring output files
...
040 (34567965.000.000) 2021-09-17 19:36:28 Finished transferring output files
...
005 (34567965.000.000) 2021-09-17 19:36:29 Job terminated.
	(1) Normal termination (return value 0)
		Usr 0 00:00:00, Sys 0 00:00:00  -  Run Remote Usage
		Usr 0 00:00:00, Sys 0 00:00:00  -  Run Local Usage
		Usr 0 01:19:27, Sys 0 00:52:15  -  Total Remote Usage
		Usr 0 00:00:00, Sys 0 00:00:00  -  Total Local Usage
	1233157  -  Run Bytes Sent By Job
	8471538  -  Run Bytes Received By Job
	1233157  -  Total Bytes Sent By Job
	8471538  -  Total Bytes Received By Job
	Partitionable Resources :    Usage  Request Allocated 
	   Cpus                 :     0.00        1         1 
	   Disk (KB)            : 28816       10000   1635836 
	   Memory (MB)          :  1684        2048      2048 

	Job terminated of its own accord at 2021-09-18T00:36:28Z.
...
000 (14732748.000.000) 2021-09-24 22:13:20 Job submitted from host: <131.225.188.55:9618?addrs=131.225.188.55-9618&alias=lpcschedd1.fnal.gov&noUDP&sock=schedd_2070_6d22>
...
040 (14732748.000.000) 2021-09-24 23:55:22 Started transferring input files
	Transferring to host: <131.225.190.27:9618?addrs=131.225.190.27-9618&alias=cmswn2009.fnal.gov&noUDP&sock=slot1_4_1541_8618_3676>
...
040 (14732748.000.000) 2021-09-24 23:55:22 Finished transferring input files
...
001 (14732748.000.000) 2021-09-24 23:55:23 Job executing on host: <131.225.190.27:9618?addrs=131.225.190.27-9618&alias=cmswn2009.fnal.gov&noUDP&sock=startd_1433_7f4e>
...
006 (14732748.000.000) 2021-09-24 23:55:32 Image size of job updated: 5
	5  -  MemoryUsage of job (MB)
	5452  -  ResidentSetSize of job (KB)
...
006 (14732748.000.000) 2021-09-24 23:56:33 Image size of job updated: 556
	556  -  MemoryUsage of job (MB)
	569560  -  ResidentSetSize of job (KB)
...
006 (14732748.000.000) 2021-09-25 00:01:37 Image size of job updated: 589
	589  -  MemoryUsage of job (MB)
	604108  -  ResidentSetSize of job (KB)
...
006 (14732748.000.000) 2021-09-25 00:02:38 Image size of job updated: 633
	633  -  MemoryUsage of job (MB)
	648656  -  ResidentSetSize of job (KB)
...
006 (14732748.000.000) 2021-09-25 00:03:38 Image size of job updated: 671
	671  -  MemoryUsage of job (MB)
	687320  -  ResidentSetSize of job (KB)
...
006 (14732748.000.000) 2021-09-25 00:04:38 Image size of job updated: 706
	706  -  MemoryUsage of job (MB)
	723408  -  ResidentSetSize of job (KB)
...
006 (14732748.000.000) 2021-09-25 00:05:39 Image size of job updated: 739
	739  -  MemoryUsage of job (MB)
	757388  -  ResidentSetSize of job (KB)
...
006 (14732748.000.000) 2021-09-25 00:06:40 Image size of job updated: 774
	774  -  MemoryUsage of job (MB)
	792680  -  ResidentSetSize of job (KB)
...
006 (14732748.000.000) 2021-09-25 00:07:41 Image size of job updated: 804
	804  -  MemoryUsage of job (MB)
	824176  -  ResidentSetSize of job (KB)
...
006 (14732748.000.000) 2021-09-25 00:08:41 Image size of job updated: 833
	833  -  MemoryUsage of job (MB)
	853508  -  ResidentSetSize of job (KB)
...
006 (14732748.000.000) 2021-09-25 00:09:41 Image size of job updated: 863
	863  -  MemoryUsage of job (MB)
	883888  -  ResidentSetSize of job (KB)
...
006 (14732748.000.000) 2021-09-25 00:10:41 Image size of job updated: 901
	901  -  MemoryUsage of job (MB)
	923020  -  ResidentSetSize of job (KB)
...
006 (14732748.000.000) 2021-09-25 00:11:41 Image size of job updated: 928
	928  -  MemoryUsage of job (MB)
	951100  -  ResidentSetSize of job (KB)
...
006 (14732748.000.000) 2021-09-25 00:12:42 Image size of job updated: 954
	954  -  MemoryUsage of job (MB)
	977096  -  ResidentSetSize of job (KB)
...
006 (14732748.000.000) 2021-09-25 00:13:42 Image size of job updated: 978
	978  -  MemoryUsage of job (MB)
	1001676  -  ResidentSetSize of job (KB)
...
006 (14732748.000.000) 2021-09-25 00:14:43 Image size of job updated: 1002
	1002  -  MemoryUsage of job (MB)
	1026236  -  ResidentSetSize of job (KB)
...
006 (14732748.000.000) 2021-09-25 00:15:43 Image size of job updated: 1028
	1028  -  MemoryUsage of job (MB)
	1053396  -  ResidentSetSize of job (KB)
...
006 (14732748.000.000) 2021-09-25 00:16:44 Image size of job updated: 1061
	1061  -  MemoryUsage of job (MB)
	1086900  -  ResidentSetSize of job (KB)
...
006 (14732748.000.000) 2021-09-25 00:17:44 Image size of job updated: 1085
	1085  -  MemoryUsage of job (MB)
	1111548  -  ResidentSetSize of job (KB)
...
006 (14732748.000.000) 2021-09-25 00:18:44 Image size of job updated: 1106
	1106  -  MemoryUsage of job (MB)
	1133216  -  ResidentSetSize of job (KB)
...
006 (14732748.000.000) 2021-09-25 00:19:44 Image size of job updated: 1127
	1127  -  MemoryUsage of job (MB)
	1154716  -  ResidentSetSize of job (KB)
...
006 (14732748.000.000) 2021-09-25 00:20:44 Image size of job updated: 1147
	1147  -  MemoryUsage of job (MB)
	1175284  -  ResidentSetSize of job (KB)
...
006 (14732748.000.000) 2021-09-25 00:21:45 Image size of job updated: 1168
	1168  -  MemoryUsage of job (MB)
	1196380  -  ResidentSetSize of job (KB)
...
006 (14732748.000.000) 2021-09-25 00:22:45 Image size of job updated: 1187
	1187  -  MemoryUsage of job (MB)
	1216328  -  ResidentSetSize of job (KB)
...
006 (14732748.000.000) 2021-09-25 00:23:46 Image size of job updated: 1206
	1206  -  MemoryUsage of job (MB)
	1235964  -  ResidentSetSize of job (KB)
...
006 (14732748.000.000) 2021-09-25 00:24:47 Image size of job updated: 1227
	1227  -  MemoryUsage of job (MB)
	1257368  -  ResidentSetSize of job (KB)
...
006 (14732748.000.000) 2021-09-25 00:25:47 Image size of job updated: 1246
	1246  -  MemoryUsage of job (MB)
	1276200  -  ResidentSetSize of job (KB)
...
006 (14732748.000.000) 2021-09-25 00:26:48 Image size of job updated: 1264
	1264  -  MemoryUsage of job (MB)
	1294632  -  ResidentSetSize of job (KB)
...
006 (14732748.000.000) 2021-09-25 00:27:48 Image size of job updated: 1282
	1282  -  MemoryUsage of job (MB)
	1312780  -  ResidentSetSize of job (KB)
...
006 (14732748.000.000) 2021-09-25 00:28:48 Image size of job updated: 1299
	1299  -  MemoryUsage of job (MB)
	1330608  -  ResidentSetSize of job (KB)
...
006 (14732748.000.000) 2021-09-25 00:29:48 Image size of job updated: 1316
	1316  -  MemoryUsage of job (MB)
	1348392  -  ResidentSetSize of job (KB)
...
006 (14732748.000.000) 2021-09-25 00:30:48 Image size of job updated: 1334
	1334  -  MemoryUsage of job (MB)
	1366164  -  ResidentSetSize of job (KB)
...
006 (14732748.000.000) 2021-09-25 00:31:48 Image size of job updated: 1351
	1351  -  MemoryUsage of job (MB)
	1383752  -  ResidentSetSize of job (KB)
...
006 (14732748.000.000) 2021-09-25 00:32:49 Image size of job updated: 1369
	1369  -  MemoryUsage of job (MB)
	1402796  -  ResidentSetSize of job (KB)
...
006 (14732748.000.000) 2021-09-25 00:33:50 Image size of job updated: 1386
	1386  -  MemoryUsage of job (MB)
	1419644  -  ResidentSetSize of job (KB)
...
006 (14732748.000.000) 2021-09-25 00:34:50 Image size of job updated: 1402
	1402  -  MemoryUsage of job (MB)
	1436064  -  ResidentSetSize of job (KB)
...
006 (14732748.000.000) 2021-09-25 00:35:50 Image size of job updated: 1418
	1418  -  MemoryUsage of job (MB)
	1452268  -  ResidentSetSize of job (KB)
...
006 (14732748.000.000) 2021-09-25 00:36:51 Image size of job updated: 1433
	1433  -  MemoryUsage of job (MB)
	1468256  -  ResidentSetSize of job (KB)
...
006 (14732748.000.000) 2021-09-25 00:37:53 Image size of job updated: 1450
	1450  -  MemoryUsage of job (MB)
	1485708  -  ResidentSetSize of job (KB)
...
006 (14732748.000.000) 2021-09-25 00:38:53 Image size of job updated: 1465
	1465  -  MemoryUsage of job (MB)
	1501128  -  ResidentSetSize of job (KB)
...
006 (14732748.000.000) 2021-09-25 00:39:53 Image size of job updated: 1480
	1480  -  MemoryUsage of job (MB)
	1516400  -  ResidentSetSize of job (KB)
...
006 (14732748.000.000) 2021-09-25 00:40:54 Image size of job updated: 1495
	1495  -  MemoryUsage of job (MB)
	1531212  -  ResidentSetSize of job (KB)
...
006 (14732748.000.000) 2021-09-25 00:41:55 Image size of job updated: 1509
	1509  -  MemoryUsage of job (MB)
	1545996  -  ResidentSetSize of job (KB)
...
006 (14732748.000.000) 2021-09-25 00:42:56 Image size of job updated: 1525
	1525  -  MemoryUsage of job (MB)
	1561872  -  ResidentSetSize of job (KB)
...
006 (14732748.000.000) 2021-09-25 00:43:56 Image size of job updated: 1543
	1543  -  MemoryUsage of job (MB)
	1580124  -  ResidentSetSize of job (KB)
...
006 (14732748.000.000) 2021-09-25 00:44:56 Image size of job updated: 1625
	1625  -  MemoryUsage of job (MB)
	1664340  -  ResidentSetSize of job (KB)
...
006 (14732748.000.000) 2021-09-25 00:45:57 Image size of job updated: 1625
	1625  -  MemoryUsage of job (MB)
	1664372  -  ResidentSetSize of job (KB)
...
006 (14732748.000.000) 2021-09-25 00:46:58 Image size of job updated: 1625
	1625  -  MemoryUsage of job (MB)
	1664416  -  ResidentSetSize of job (KB)
...
006 (14732748.000.000) 2021-09-25 00:47:58 Image size of job updated: 1625
	1625  -  MemoryUsage of job (MB)
	1664488  -  ResidentSetSize of job (KB)
...
006 (14732748.000.000) 2021-09-25 00:49:00 Image size of job updated: 1633
	1633  -  MemoryUsage of job (MB)
	1672596  -  ResidentSetSize of job (KB)
...
006 (14732748.000.000) 2021-09-25 00:50:00 Image size of job updated: 1633
	1633  -  MemoryUsage of job (MB)
	1672624  -  ResidentSetSize of job (KB)
...
006 (14732748.000.000) 2021-09-25 00:51:01 Image size of job updated: 1633
	1633  -  MemoryUsage of job (MB)
	1672656  -  ResidentSetSize of job (KB)
...
006 (14732748.000.000) 2021-09-25 00:52:02 Image size of job updated: 1633
	1633  -  MemoryUsage of job (MB)
	1672720  -  ResidentSetSize of job (KB)
...
006 (14732748.000.000) 2021-09-25 00:53:02 Image size of job updated: 1636
	1636  -  MemoryUsage of job (MB)
	1675304  -  ResidentSetSize of job (KB)
...
006 (14732748.000.000) 2021-09-25 00:54:04 Image size of job updated: 1636
	1636  -  MemoryUsage of job (MB)
	1675324  -  ResidentSetSize of job (KB)
...
006 (14732748.000.000) 2021-09-25 00:55:04 Image size of job updated: 1636
	1636  -  MemoryUsage of job (MB)
	1675340  -  ResidentSetSize of job (KB)
...
006 (14732748.000.000) 2021-09-25 00:56:04 Image size of job updated: 1636
	1636  -  MemoryUsage of job (MB)
	1675372  -  ResidentSetSize of job (KB)
...
006 (14732748.000.000) 2021-09-25 00:57:05 Image size of job updated: 1636
	1636  -  MemoryUsage of job (MB)
	1675892  -  ResidentSetSize of job (KB)
...
006 (14732748.000.000) 2021-09-25 00:58:05 Image size of job updated: 1637
	1637  -  MemoryUsage of job (MB)
	1676576  -  ResidentSetSize of job (KB)
...
006 (14732748.000.000) 2021-09-25 00:59:06 Image size of job updated: 1637
	1637  -  MemoryUsage of job (MB)
	1676588  -  ResidentSetSize of job (KB)
...
006 (14732748.000.000) 2021-09-25 01:00:06 Image size of job updated: 1637
	1637  -  MemoryUsage of job (MB)
	1676600  -  ResidentSetSize of job (KB)
...
006 (14732748.000.000) 2021-09-25 01:01:06 Image size of job updated: 1637
	1637  -  MemoryUsage of job (MB)
	1676612  -  ResidentSetSize of job (KB)
...
006 (14732748.000.000) 2021-09-25 01:02:07 Image size of job updated: 1638
	1638  -  MemoryUsage of job (MB)
	1678092  -  ResidentSetSize of job (KB)
...
006 (14732748.000.000) 2021-09-25 01:03:08 Image size of job updated: 1638
	1638  -  MemoryUsage of job (MB)
	1678108  -  ResidentSetSize of job (KB)
...
006 (14732748.000.000) 2021-09-25 01:04:08 Image size of job updated: 1638
	1638  -  MemoryUsage of job (MB)
	1678112  -  ResidentSetSize of job (KB)
...
006 (14732748.000.000) 2021-09-25 01:05:08 Image size of job updated: 1638
	1638  -  MemoryUsage of job (MB)
	1678120  -  ResidentSetSize of job (KB)
...
006 (14732748.000.000) 2021-09-25 01:06:09 Image size of job updated: 1639
	1639  -  MemoryUsage of job (MB)
	1678456  -  ResidentSetSize of job (KB)
...
006 (14732748.000.000) 2021-09-25 01:07:10 Image size of job updated: 1640
	1640  -  MemoryUsage of job (MB)
	1679924  -  ResidentSetSize of job (KB)
...
006 (14732748.000.000) 2021-09-25 01:08:11 Image size of job updated: 1640
	1640  -  MemoryUsage of job (MB)
	1679956  -  ResidentSetSize of job (KB)
...
006 (14732748.000.000) 2021-09-25 01:09:11 Image size of job updated: 1640
	1640  -  MemoryUsage of job (MB)
	1680004  -  ResidentSetSize of job (KB)
...
006 (14732748.000.000) 2021-09-25 01:10:12 Image size of job updated: 1640
	1640  -  MemoryUsage of job (MB)
	1680192  -  ResidentSetSize of job (KB)
...
006 (14732748.000.000) 2021-09-25 01:11:13 Image size of job updated: 1641
	1641  -  MemoryUsage of job (MB)
	1681308  -  ResidentSetSize of job (KB)
...
006 (14732748.000.000) 2021-09-25 01:12:14 Image size of job updated: 1641
	1641  -  MemoryUsage of job (MB)
	1681328  -  ResidentSetSize of job (KB)
...
006 (14732748.000.000) 2021-09-25 01:13:16 Image size of job updated: 1641
	1641  -  MemoryUsage of job (MB)
	1681348  -  ResidentSetSize of job (KB)
...
006 (14732748.000.000) 2021-09-25 01:14:17 Image size of job updated: 1642
	1642  -  MemoryUsage of job (MB)
	1681472  -  ResidentSetSize of job (KB)
...
006 (14732748.000.000) 2021-09-25 01:15:18 Image size of job updated: 1643
	1643  -  MemoryUsage of job (MB)
	1682752  -  ResidentSetSize of job (KB)
...
006 (14732748.000.000) 2021-09-25 01:16:18 Image size of job updated: 1643
	1643  -  MemoryUsage of job (MB)
	1682776  -  ResidentSetSize of job (KB)
...
006 (14732748.000.000) 2021-09-25 01:17:18 Image size of job updated: 1643
	1643  -  MemoryUsage of job (MB)
	1682816  -  ResidentSetSize of job (KB)
...
006 (14732748.000.000) 2021-09-25 01:18:19 Image size of job updated: 1643
	1643  -  MemoryUsage of job (MB)
	1682824  -  ResidentSetSize of job (KB)
...
006 (14732748.000.000) 2021-09-25 01:19:20 Image size of job updated: 1644
	1644  -  MemoryUsage of job (MB)
	1683848  -  ResidentSetSize of job (KB)
...
006 (14732748.000.000) 2021-09-25 01:20:20 Image size of job updated: 1644
	1644  -  MemoryUsage of job (MB)
	1683860  -  ResidentSetSize of job (KB)
...
006 (14732748.000.000) 2021-09-25 01:21:20 Image size of job updated: 1644
	1644  -  MemoryUsage of job (MB)
	1683892  -  ResidentSetSize of job (KB)
...
006 (14732748.000.000) 2021-09-25 01:22:20 Image size of job updated: 1644
	1644  -  MemoryUsage of job (MB)
	1683964  -  ResidentSetSize of job (KB)
...
006 (14732748.000.000) 2021-09-25 01:23:20 Image size of job updated: 1645
	1645  -  MemoryUsage of job (MB)
	1684644  -  ResidentSetSize of job (KB)
...
006 (14732748.000.000) 2021-09-25 01:24:21 Image size of job updated: 1645
	1645  -  MemoryUsage of job (MB)
	1684648  -  ResidentSetSize of job (KB)
...
006 (14732748.000.000) 2021-09-25 01:26:21 Image size of job updated: 1645
	1645  -  MemoryUsage of job (MB)
	1684936  -  ResidentSetSize of job (KB)
...
006 (14732748.000.000) 2021-09-25 01:27:23 Image size of job updated: 1645
	1645  -  MemoryUsage of job (MB)
	1685148  -  ResidentSetSize of job (KB)
...
006 (14732748.000.000) 2021-09-25 01:28:24 Image size of job updated: 1645
	1645  -  MemoryUsage of job (MB)
	1685152  -  ResidentSetSize of job (KB)
...
006 (14732748.000.000) 2021-09-25 01:30:25 Image size of job updated: 1646
	1646  -  MemoryUsage of job (MB)
	1685720  -  ResidentSetSize of job (KB)
...
006 (14732748.000.000) 2021-09-25 01:31:25 Image size of job updated: 1646
	1646  -  MemoryUsage of job (MB)
	1685724  -  ResidentSetSize of job (KB)
...
006 (14732748.000.000) 2021-09-25 01:33:26 Image size of job updated: 1646
	1646  -  MemoryUsage of job (MB)
	1685728  -  ResidentSetSize of job (KB)
...
006 (14732748.000.000) 2021-09-25 01:34:27 Image size of job updated: 1646
	1646  -  MemoryUsage of job (MB)
	1685808  -  ResidentSetSize of job (KB)
...
006 (14732748.000.000) 2021-09-25 01:35:27 Image size of job updated: 1646
	1646  -  MemoryUsage of job (MB)
	1686408  -  ResidentSetSize of job (KB)
...
006 (14732748.000.000) 2021-09-25 01:36:27 Image size of job updated: 1646
	1646  -  MemoryUsage of job (MB)
	1686416  -  ResidentSetSize of job (KB)
...
006 (14732748.000.000) 2021-09-25 01:37:27 Image size of job updated: 1646
	1646  -  MemoryUsage of job (MB)
	1686420  -  ResidentSetSize of job (KB)
...
006 (14732748.000.000) 2021-09-25 01:38:28 Image size of job updated: 1646
	1646  -  MemoryUsage of job (MB)
	1686516  -  ResidentSetSize of job (KB)
...
006 (14732748.000.000) 2021-09-25 01:39:29 Image size of job updated: 1647
	1647  -  MemoryUsage of job (MB)
	1686980  -  ResidentSetSize of job (KB)
...
006 (14732748.000.000) 2021-09-25 01:40:29 Image size of job updated: 1647
	1647  -  MemoryUsage of job (MB)
	1686984  -  ResidentSetSize of job (KB)
...
006 (14732748.000.000) 2021-09-25 01:41:29 Image size of job updated: 1647
	1647  -  MemoryUsage of job (MB)
	1686988  -  ResidentSetSize of job (KB)
...
006 (14732748.000.000) 2021-09-25 01:42:30 Image size of job updated: 1647
	1647  -  MemoryUsage of job (MB)
	1686996  -  ResidentSetSize of job (KB)
...
006 (14732748.000.000) 2021-09-25 01:43:30 Image size of job updated: 1647
	1647  -  MemoryUsage of job (MB)
	1687420  -  ResidentSetSize of job (KB)
...
006 (14732748.000.000) 2021-09-25 01:45:30 Image size of job updated: 1647
	1647  -  MemoryUsage of job (MB)
	1687428  -  ResidentSetSize of job (KB)
...
006 (14732748.000.000) 2021-09-25 01:46:31 Image size of job updated: 1647
	1647  -  MemoryUsage of job (MB)
	1687432  -  ResidentSetSize of job (KB)
...
006 (14732748.000.000) 2021-09-25 01:47:31 Image size of job updated: 1647
	1647  -  MemoryUsage of job (MB)
	1687436  -  ResidentSetSize of job (KB)
...
006 (14732748.000.000) 2021-09-25 01:48:32 Image size of job updated: 1647
	1647  -  MemoryUsage of job (MB)
	1687524  -  ResidentSetSize of job (KB)
...
006 (14732748.000.000) 2021-09-25 01:49:33 Image size of job updated: 1648
	1648  -  MemoryUsage of job (MB)
	1687964  -  ResidentSetSize of job (KB)
...
006 (14732748.000.000) 2021-09-25 01:53:37 Image size of job updated: 1648
	1648  -  MemoryUsage of job (MB)
	1687968  -  ResidentSetSize of job (KB)
...
006 (14732748.000.000) 2021-09-25 01:54:37 Image size of job updated: 1649
	1649  -  MemoryUsage of job (MB)
	1688620  -  ResidentSetSize of job (KB)
...
006 (14732748.000.000) 2021-09-25 01:56:40 Image size of job updated: 1649
	1649  -  MemoryUsage of job (MB)
	1688628  -  ResidentSetSize of job (KB)
...
006 (14732748.000.000) 2021-09-25 01:57:40 Image size of job updated: 1649
	1649  -  MemoryUsage of job (MB)
	1688636  -  ResidentSetSize of job (KB)
...
006 (14732748.000.000) 2021-09-25 01:58:41 Image size of job updated: 1649
	1649  -  MemoryUsage of job (MB)
	1688660  -  ResidentSetSize of job (KB)
...
006 (14732748.000.000) 2021-09-25 01:59:42 Image size of job updated: 1649
	1649  -  MemoryUsage of job (MB)
	1689088  -  ResidentSetSize of job (KB)
...
006 (14732748.000.000) 2021-09-25 02:04:44 Image size of job updated: 1649
	1649  -  MemoryUsage of job (MB)
	1689560  -  ResidentSetSize of job (KB)
...
006 (14732748.000.000) 2021-09-25 02:05:45 Image size of job updated: 1649
	1649  -  MemoryUsage of job (MB)
	1689564  -  ResidentSetSize of job (KB)
...
006 (14732748.000.000) 2021-09-25 02:08:47 Image size of job updated: 1649
	1649  -  MemoryUsage of job (MB)
	1689568  -  ResidentSetSize of job (KB)
...
006 (14732748.000.000) 2021-09-25 02:09:48 Image size of job updated: 1650
	1650  -  MemoryUsage of job (MB)
	1690108  -  ResidentSetSize of job (KB)
...
006 (14732748.000.000) 2021-09-25 02:14:49 Image size of job updated: 1650
	1650  -  MemoryUsage of job (MB)
	1690392  -  ResidentSetSize of job (KB)
...
006 (14732748.000.000) 2021-09-25 02:15:50 Image size of job updated: 1650
	1650  -  MemoryUsage of job (MB)
	1690556  -  ResidentSetSize of job (KB)
...
006 (14732748.000.000) 2021-09-25 02:20:52 Image size of job updated: 1651
	1651  -  MemoryUsage of job (MB)
	1690956  -  ResidentSetSize of job (KB)
...
006 (14732748.000.000) 2021-09-25 02:21:53 Image size of job updated: 1651
	1651  -  MemoryUsage of job (MB)
	1690960  -  ResidentSetSize of job (KB)
...
006 (14732748.000.000) 2021-09-25 02:25:55 Image size of job updated: 1651
	1651  -  MemoryUsage of job (MB)
	1691500  -  ResidentSetSize of job (KB)
...
006 (14732748.000.000) 2021-09-25 02:30:58 Image size of job updated: 1652
	1652  -  MemoryUsage of job (MB)
	1691916  -  ResidentSetSize of job (KB)
...
006 (14732748.000.000) 2021-09-25 02:32:58 Image size of job updated: 1652
	1652  -  MemoryUsage of job (MB)
	1691920  -  ResidentSetSize of job (KB)
...
006 (14732748.000.000) 2021-09-25 02:36:00 Image size of job updated: 1652
	1652  -  MemoryUsage of job (MB)
	1692344  -  ResidentSetSize of job (KB)
...
006 (14732748.000.000) 2021-09-25 02:38:02 Image size of job updated: 1652
	1652  -  MemoryUsage of job (MB)
	1692348  -  ResidentSetSize of job (KB)
...
006 (14732748.000.000) 2021-09-25 02:42:02 Image size of job updated: 1653
	1653  -  MemoryUsage of job (MB)
	1692784  -  ResidentSetSize of job (KB)
...
006 (14732748.000.000) 2021-09-25 02:44:02 Image size of job updated: 1653
	1653  -  MemoryUsage of job (MB)
	1692788  -  ResidentSetSize of job (KB)
...
006 (14732748.000.000) 2021-09-25 02:47:04 Image size of job updated: 1653
	1653  -  MemoryUsage of job (MB)
	1693140  -  ResidentSetSize of job (KB)
...
006 (14732748.000.000) 2021-09-25 02:49:06 Image size of job updated: 1653
	1653  -  MemoryUsage of job (MB)
	1693148  -  ResidentSetSize of job (KB)
...
006 (14732748.000.000) 2021-09-25 02:52:07 Image size of job updated: 1653
	1653  -  MemoryUsage of job (MB)
	1693488  -  ResidentSetSize of job (KB)
...
006 (14732748.000.000) 2021-09-25 02:53:08 Image size of job updated: 1653
	1653  -  MemoryUsage of job (MB)
	1693492  -  ResidentSetSize of job (KB)
...
006 (14732748.000.000) 2021-09-25 02:54:08 Image size of job updated: 1653
	1653  -  MemoryUsage of job (MB)
	1693496  -  ResidentSetSize of job (KB)
...
006 (14732748.000.000) 2021-09-25 02:57:08 Image size of job updated: 1654
	1654  -  MemoryUsage of job (MB)
	1693980  -  ResidentSetSize of job (KB)
...
006 (14732748.000.000) 2021-09-25 02:58:09 Image size of job updated: 1654
	1654  -  MemoryUsage of job (MB)
	1693988  -  ResidentSetSize of job (KB)
...
006 (14732748.000.000) 2021-09-25 03:01:10 Image size of job updated: 1654
	1654  -  MemoryUsage of job (MB)
	1693996  -  ResidentSetSize of job (KB)
...
006 (14732748.000.000) 2021-09-25 03:02:10 Image size of job updated: 1654
	1654  -  MemoryUsage of job (MB)
	1694296  -  ResidentSetSize of job (KB)
...
006 (14732748.000.000) 2021-09-25 03:03:10 Image size of job updated: 1654
	1654  -  MemoryUsage of job (MB)
	1694396  -  ResidentSetSize of job (KB)
...
006 (14732748.000.000) 2021-09-25 03:04:10 Image size of job updated: 1654
	1654  -  MemoryUsage of job (MB)
	1694400  -  ResidentSetSize of job (KB)
...
006 (14732748.000.000) 2021-09-25 03:07:11 Image size of job updated: 1655
	1655  -  MemoryUsage of job (MB)
	1694732  -  ResidentSetSize of job (KB)
...
006 (14732748.000.000) 2021-09-25 03:08:11 Image size of job updated: 1655
	1655  -  MemoryUsage of job (MB)
	1694864  -  ResidentSetSize of job (KB)
...
006 (14732748.000.000) 2021-09-25 03:10:12 Image size of job updated: 1655
	1655  -  MemoryUsage of job (MB)
	1694868  -  ResidentSetSize of job (KB)
...
006 (14732748.000.000) 2021-09-25 03:13:14 Image size of job updated: 1655
	1655  -  MemoryUsage of job (MB)
	1695288  -  ResidentSetSize of job (KB)
...
006 (14732748.000.000) 2021-09-25 03:15:16 Image size of job updated: 1655
	1655  -  MemoryUsage of job (MB)
	1695292  -  ResidentSetSize of job (KB)
...
006 (14732748.000.000) 2021-09-25 03:18:17 Image size of job updated: 1655
	1655  -  MemoryUsage of job (MB)
	1695712  -  ResidentSetSize of job (KB)
...
006 (14732748.000.000) 2021-09-25 03:19:17 Image size of job updated: 1655
	1655  -  MemoryUsage of job (MB)
	1695716  -  ResidentSetSize of job (KB)
...
006 (14732748.000.000) 2021-09-25 03:20:17 Image size of job updated: 1655
	1655  -  MemoryUsage of job (MB)
	1695720  -  ResidentSetSize of job (KB)
...
006 (14732748.000.000) 2021-09-25 03:21:17 Image size of job updated: 1655
	1655  -  MemoryUsage of job (MB)
	1695724  -  ResidentSetSize of job (KB)
...
006 (14732748.000.000) 2021-09-25 03:23:18 Image size of job updated: 1656
	1656  -  MemoryUsage of job (MB)
	1696068  -  ResidentSetSize of job (KB)
...
006 (14732748.000.000) 2021-09-25 03:24:18 Image size of job updated: 1656
	1656  -  MemoryUsage of job (MB)
	1696124  -  ResidentSetSize of job (KB)
...
006 (14732748.000.000) 2021-09-25 03:27:21 Image size of job updated: 1656
	1656  -  MemoryUsage of job (MB)
	1696128  -  ResidentSetSize of job (KB)
...
006 (14732748.000.000) 2021-09-25 03:29:22 Image size of job updated: 1656
	1656  -  MemoryUsage of job (MB)
	1696616  -  ResidentSetSize of job (KB)
...
006 (14732748.000.000) 2021-09-25 03:34:24 Image size of job updated: 1657
	1657  -  MemoryUsage of job (MB)
	1696912  -  ResidentSetSize of job (KB)
...
006 (14732748.000.000) 2021-09-25 03:35:25 Image size of job updated: 1657
	1657  -  MemoryUsage of job (MB)
	1697004  -  ResidentSetSize of job (KB)
...
006 (14732748.000.000) 2021-09-25 03:45:29 Image size of job updated: 1657
	1657  -  MemoryUsage of job (MB)
	1697208  -  ResidentSetSize of job (KB)
...
006 (14732748.000.000) 2021-09-25 03:46:29 Image size of job updated: 1657
	1657  -  MemoryUsage of job (MB)
	1697380  -  ResidentSetSize of job (KB)
...
006 (14732748.000.000) 2021-09-25 03:48:30 Image size of job updated: 1657
	1657  -  MemoryUsage of job (MB)
	1697384  -  ResidentSetSize of job (KB)
...
006 (14732748.000.000) 2021-09-25 03:50:31 Image size of job updated: 1657
	1657  -  MemoryUsage of job (MB)
	1697624  -  ResidentSetSize of job (KB)
...
006 (14732748.000.000) 2021-09-25 03:51:31 Image size of job updated: 1657
	1657  -  MemoryUsage of job (MB)
	1697728  -  ResidentSetSize of job (KB)
...
006 (14732748.000.000) 2021-09-25 03:52:31 Image size of job updated: 1657
	1657  -  MemoryUsage of job (MB)
	1697732  -  ResidentSetSize of job (KB)
...
006 (14732748.000.000) 2021-09-25 03:56:34 Image size of job updated: 1658
	1658  -  MemoryUsage of job (MB)
	1698228  -  ResidentSetSize of job (KB)
...
006 (14732748.000.000) 2021-09-25 03:58:34 Image size of job updated: 1658
	1658  -  MemoryUsage of job (MB)
	1698232  -  ResidentSetSize of job (KB)
...
006 (14732748.000.000) 2021-09-25 04:01:36 Image size of job updated: 1658
	1658  -  MemoryUsage of job (MB)
	1698668  -  ResidentSetSize of job (KB)
...
006 (14732748.000.000) 2021-09-25 04:06:36 Image size of job updated: 1658
	1658  -  MemoryUsage of job (MB)
	1698672  -  ResidentSetSize of job (KB)
...
006 (14732748.000.000) 2021-09-25 04:07:37 Image size of job updated: 1659
	1659  -  MemoryUsage of job (MB)
	1699096  -  ResidentSetSize of job (KB)
...
006 (14732748.000.000) 2021-09-25 04:12:41 Image size of job updated: 1659
	1659  -  MemoryUsage of job (MB)
	1699568  -  ResidentSetSize of job (KB)
...
006 (14732748.000.000) 2021-09-25 04:18:42 Image size of job updated: 1660
	1660  -  MemoryUsage of job (MB)
	1699992  -  ResidentSetSize of job (KB)
...
006 (14732748.000.000) 2021-09-25 04:23:44 Image size of job updated: 1660
	1660  -  MemoryUsage of job (MB)
	1700380  -  ResidentSetSize of job (KB)
...
006 (14732748.000.000) 2021-09-25 04:28:44 Image size of job updated: 1660
	1660  -  MemoryUsage of job (MB)
	1700652  -  ResidentSetSize of job (KB)
...
006 (14732748.000.000) 2021-09-25 04:29:44 Image size of job updated: 1660
	1660  -  MemoryUsage of job (MB)
	1700788  -  ResidentSetSize of job (KB)
...
006 (14732748.000.000) 2021-09-25 04:33:47 Image size of job updated: 1661
	1661  -  MemoryUsage of job (MB)
	1701096  -  ResidentSetSize of job (KB)
...
006 (14732748.000.000) 2021-09-25 04:34:47 Image size of job updated: 1661
	1661  -  MemoryUsage of job (MB)
	1701276  -  ResidentSetSize of job (KB)
...
006 (14732748.000.000) 2021-09-25 04:38:50 Image size of job updated: 1661
	1661  -  MemoryUsage of job (MB)
	1701604  -  ResidentSetSize of job (KB)
...
006 (14732748.000.000) 2021-09-25 04:39:50 Image size of job updated: 1661
	1661  -  MemoryUsage of job (MB)
	1701744  -  ResidentSetSize of job (KB)
...
006 (14732748.000.000) 2021-09-25 04:40:50 Image size of job updated: 1661
	1661  -  MemoryUsage of job (MB)
	1701748  -  ResidentSetSize of job (KB)
...
006 (14732748.000.000) 2021-09-25 04:43:52 Image size of job updated: 1662
	1662  -  MemoryUsage of job (MB)
	1702032  -  ResidentSetSize of job (KB)
...
006 (14732748.000.000) 2021-09-25 04:44:53 Image size of job updated: 1662
	1662  -  MemoryUsage of job (MB)
	1702180  -  ResidentSetSize of job (KB)
...
006 (14732748.000.000) 2021-09-25 04:48:54 Image size of job updated: 1662
	1662  -  MemoryUsage of job (MB)
	1702364  -  ResidentSetSize of job (KB)
...
006 (14732748.000.000) 2021-09-25 04:49:54 Image size of job updated: 1662
	1662  -  MemoryUsage of job (MB)
	1702496  -  ResidentSetSize of job (KB)
...
006 (14732748.000.000) 2021-09-25 04:53:54 Image size of job updated: 1663
	1663  -  MemoryUsage of job (MB)
	1703032  -  ResidentSetSize of job (KB)
...
006 (14732748.000.000) 2021-09-25 04:56:56 Image size of job updated: 1663
	1663  -  MemoryUsage of job (MB)
	1703036  -  ResidentSetSize of job (KB)
...
006 (14732748.000.000) 2021-09-25 04:58:57 Image size of job updated: 1663
	1663  -  MemoryUsage of job (MB)
	1703084  -  ResidentSetSize of job (KB)
...
006 (14732748.000.000) 2021-09-25 04:59:58 Image size of job updated: 1663
	1663  -  MemoryUsage of job (MB)
	1703372  -  ResidentSetSize of job (KB)
...
006 (14732748.000.000) 2021-09-25 05:01:00 Image size of job updated: 1663
	1663  -  MemoryUsage of job (MB)
	1703376  -  ResidentSetSize of job (KB)
...
006 (14732748.000.000) 2021-09-25 05:02:00 Image size of job updated: 1663
	1663  -  MemoryUsage of job (MB)
	1703380  -  ResidentSetSize of job (KB)
...
006 (14732748.000.000) 2021-09-25 05:03:01 Image size of job updated: 1663
	1663  -  MemoryUsage of job (MB)
	1703384  -  ResidentSetSize of job (KB)
...
006 (14732748.000.000) 2021-09-25 05:04:02 Image size of job updated: 1663
	1663  -  MemoryUsage of job (MB)
	1703400  -  ResidentSetSize of job (KB)
...
006 (14732748.000.000) 2021-09-25 05:05:03 Image size of job updated: 1663
	1663  -  MemoryUsage of job (MB)
	1703920  -  ResidentSetSize of job (KB)
...
006 (14732748.000.000) 2021-09-25 05:06:03 Image size of job updated: 1663
	1663  -  MemoryUsage of job (MB)
	1703924  -  ResidentSetSize of job (KB)
...
006 (14732748.000.000) 2021-09-25 05:10:07 Image size of job updated: 1664
	1664  -  MemoryUsage of job (MB)
	1704036  -  ResidentSetSize of job (KB)
...
006 (14732748.000.000) 2021-09-25 05:11:08 Image size of job updated: 1664
	1664  -  MemoryUsage of job (MB)
	1704412  -  ResidentSetSize of job (KB)
...
006 (14732748.000.000) 2021-09-25 05:15:11 Image size of job updated: 1664
	1664  -  MemoryUsage of job (MB)
	1704416  -  ResidentSetSize of job (KB)
...
006 (14732748.000.000) 2021-09-25 05:16:13 Image size of job updated: 1664
	1664  -  MemoryUsage of job (MB)
	1704804  -  ResidentSetSize of job (KB)
...
006 (14732748.000.000) 2021-09-25 05:18:13 Image size of job updated: 1664
	1664  -  MemoryUsage of job (MB)
	1704808  -  ResidentSetSize of job (KB)
...
006 (14732748.000.000) 2021-09-25 05:21:13 Image size of job updated: 1665
	1665  -  MemoryUsage of job (MB)
	1705160  -  ResidentSetSize of job (KB)
...
006 (14732748.000.000) 2021-09-25 05:22:13 Image size of job updated: 1665
	1665  -  MemoryUsage of job (MB)
	1705372  -  ResidentSetSize of job (KB)
...
006 (14732748.000.000) 2021-09-25 05:23:14 Image size of job updated: 1665
	1665  -  MemoryUsage of job (MB)
	1705376  -  ResidentSetSize of job (KB)
...
006 (14732748.000.000) 2021-09-25 05:24:15 Image size of job updated: 1665
	1665  -  MemoryUsage of job (MB)
	1705380  -  ResidentSetSize of job (KB)
...
006 (14732748.000.000) 2021-09-25 05:27:16 Image size of job updated: 1665
	1665  -  MemoryUsage of job (MB)
	1705772  -  ResidentSetSize of job (KB)
...
006 (14732748.000.000) 2021-09-25 05:28:16 Image size of job updated: 1665
	1665  -  MemoryUsage of job (MB)
	1705776  -  ResidentSetSize of job (KB)
...
006 (14732748.000.000) 2021-09-25 05:32:16 Image size of job updated: 1666
	1666  -  MemoryUsage of job (MB)
	1706216  -  ResidentSetSize of job (KB)
...
006 (14732748.000.000) 2021-09-25 05:34:17 Image size of job updated: 1666
	1666  -  MemoryUsage of job (MB)
	1706220  -  ResidentSetSize of job (KB)
...
006 (14732748.000.000) 2021-09-25 05:38:21 Image size of job updated: 1666
	1666  -  MemoryUsage of job (MB)
	1706616  -  ResidentSetSize of job (KB)
...
006 (14732748.000.000) 2021-09-25 05:43:23 Image size of job updated: 1666
	1666  -  MemoryUsage of job (MB)
	1706980  -  ResidentSetSize of job (KB)
...
006 (14732748.000.000) 2021-09-25 05:44:23 Image size of job updated: 1666
	1666  -  MemoryUsage of job (MB)
	1706984  -  ResidentSetSize of job (KB)
...
006 (14732748.000.000) 2021-09-25 05:48:25 Image size of job updated: 1667
	1667  -  MemoryUsage of job (MB)
	1707380  -  ResidentSetSize of job (KB)
...
006 (14732748.000.000) 2021-09-25 05:49:26 Image size of job updated: 1667
	1667  -  MemoryUsage of job (MB)
	1707384  -  ResidentSetSize of job (KB)
...
006 (14732748.000.000) 2021-09-25 05:54:29 Image size of job updated: 1667
	1667  -  MemoryUsage of job (MB)
	1707784  -  ResidentSetSize of job (KB)
...
006 (14732748.000.000) 2021-09-25 05:59:31 Image size of job updated: 1668
	1668  -  MemoryUsage of job (MB)
	1708280  -  ResidentSetSize of job (KB)
...
006 (14732748.000.000) 2021-09-25 06:04:33 Image size of job updated: 1668
	1668  -  MemoryUsage of job (MB)
	1708724  -  ResidentSetSize of job (KB)
...
006 (14732748.000.000) 2021-09-25 06:09:33 Image size of job updated: 1668
	1668  -  MemoryUsage of job (MB)
	1708948  -  ResidentSetSize of job (KB)
...
006 (14732748.000.000) 2021-09-25 06:10:34 Image size of job updated: 1669
	1669  -  MemoryUsage of job (MB)
	1709076  -  ResidentSetSize of job (KB)
...
006 (14732748.000.000) 2021-09-25 06:15:38 Image size of job updated: 1669
	1669  -  MemoryUsage of job (MB)
	1709532  -  ResidentSetSize of job (KB)
...
006 (14732748.000.000) 2021-09-25 06:20:40 Image size of job updated: 1669
	1669  -  MemoryUsage of job (MB)
	1709888  -  ResidentSetSize of job (KB)
...
006 (14732748.000.000) 2021-09-25 06:25:41 Image size of job updated: 1669
	1669  -  MemoryUsage of job (MB)
	1709892  -  ResidentSetSize of job (KB)
...
006 (14732748.000.000) 2021-09-25 06:26:41 Image size of job updated: 1670
	1670  -  MemoryUsage of job (MB)
	1710296  -  ResidentSetSize of job (KB)
...
006 (14732748.000.000) 2021-09-25 06:31:43 Image size of job updated: 1670
	1670  -  MemoryUsage of job (MB)
	1710672  -  ResidentSetSize of job (KB)
...
006 (14732748.000.000) 2021-09-25 06:36:47 Image size of job updated: 1670
	1670  -  MemoryUsage of job (MB)
	1710916  -  ResidentSetSize of job (KB)
...
006 (14732748.000.000) 2021-09-25 06:37:47 Image size of job updated: 1670
	1670  -  MemoryUsage of job (MB)
	1710920  -  ResidentSetSize of job (KB)
...
006 (14732748.000.000) 2021-09-25 06:42:50 Image size of job updated: 1671
	1671  -  MemoryUsage of job (MB)
	1711336  -  ResidentSetSize of job (KB)
...
006 (14732748.000.000) 2021-09-25 06:43:50 Image size of job updated: 1671
	1671  -  MemoryUsage of job (MB)
	1711340  -  ResidentSetSize of job (KB)
...
006 (14732748.000.000) 2021-09-25 06:44:50 Image size of job updated: 1671
	1671  -  MemoryUsage of job (MB)
	1711344  -  ResidentSetSize of job (KB)
...
006 (14732748.000.000) 2021-09-25 06:46:51 Image size of job updated: 1671
	1671  -  MemoryUsage of job (MB)
	1711348  -  ResidentSetSize of job (KB)
...
006 (14732748.000.000) 2021-09-25 06:47:52 Image size of job updated: 1671
	1671  -  MemoryUsage of job (MB)
	1711724  -  ResidentSetSize of job (KB)
...
006 (14732748.000.000) 2021-09-25 06:51:55 Image size of job updated: 1671
	1671  -  MemoryUsage of job (MB)
	1711728  -  ResidentSetSize of job (KB)
...
006 (14732748.000.000) 2021-09-25 06:52:55 Image size of job updated: 1671
	1671  -  MemoryUsage of job (MB)
	1711820  -  ResidentSetSize of job (KB)
...
006 (14732748.000.000) 2021-09-25 06:53:55 Image size of job updated: 1672
	1672  -  MemoryUsage of job (MB)
	1712216  -  ResidentSetSize of job (KB)
...
006 (14732748.000.000) 2021-09-25 06:58:58 Image size of job updated: 1672
	1672  -  MemoryUsage of job (MB)
	1712540  -  ResidentSetSize of job (KB)
...
006 (14732748.000.000) 2021-09-25 06:59:58 Image size of job updated: 1672
	1672  -  MemoryUsage of job (MB)
	1712544  -  ResidentSetSize of job (KB)
...
006 (14732748.000.000) 2021-09-25 07:05:01 Image size of job updated: 1672
	1672  -  MemoryUsage of job (MB)
	1712968  -  ResidentSetSize of job (KB)
...
006 (14732748.000.000) 2021-09-25 07:09:03 Image size of job updated: 1672
	1672  -  MemoryUsage of job (MB)
	1712976  -  ResidentSetSize of job (KB)
...
006 (14732748.000.000) 2021-09-25 07:10:03 Image size of job updated: 1673
	1673  -  MemoryUsage of job (MB)
	1713192  -  ResidentSetSize of job (KB)
...
006 (14732748.000.000) 2021-09-25 07:11:03 Image size of job updated: 1673
	1673  -  MemoryUsage of job (MB)
	1713328  -  ResidentSetSize of job (KB)
...
006 (14732748.000.000) 2021-09-25 07:14:05 Image size of job updated: 1673
	1673  -  MemoryUsage of job (MB)
	1713332  -  ResidentSetSize of job (KB)
...
006 (14732748.000.000) 2021-09-25 07:16:06 Image size of job updated: 1673
	1673  -  MemoryUsage of job (MB)
	1713848  -  ResidentSetSize of job (KB)
...
006 (14732748.000.000) 2021-09-25 07:21:07 Image size of job updated: 1674
	1674  -  MemoryUsage of job (MB)
	1714180  -  ResidentSetSize of job (KB)
...
006 (14732748.000.000) 2021-09-25 07:26:10 Image size of job updated: 1674
	1674  -  MemoryUsage of job (MB)
	1714416  -  ResidentSetSize of job (KB)
...
006 (14732748.000.000) 2021-09-25 07:29:12 Image size of job updated: 1674
	1674  -  MemoryUsage of job (MB)
	1714420  -  ResidentSetSize of job (KB)
...
006 (14732748.000.000) 2021-09-25 07:32:12 Image size of job updated: 1674
	1674  -  MemoryUsage of job (MB)
	1714840  -  ResidentSetSize of job (KB)
...
006 (14732748.000.000) 2021-09-25 07:33:13 Image size of job updated: 1674
	1674  -  MemoryUsage of job (MB)
	1714844  -  ResidentSetSize of job (KB)
...
006 (14732748.000.000) 2021-09-25 07:35:13 Image size of job updated: 1674
	1674  -  MemoryUsage of job (MB)
	1714848  -  ResidentSetSize of job (KB)
...
006 (14732748.000.000) 2021-09-25 07:37:14 Image size of job updated: 1675
	1675  -  MemoryUsage of job (MB)
	1715268  -  ResidentSetSize of job (KB)
...
006 (14732748.000.000) 2021-09-25 07:42:17 Image size of job updated: 1675
	1675  -  MemoryUsage of job (MB)
	1715680  -  ResidentSetSize of job (KB)
...
006 (14732748.000.000) 2021-09-25 07:48:21 Image size of job updated: 1675
	1675  -  MemoryUsage of job (MB)
	1716084  -  ResidentSetSize of job (KB)
...
006 (14732748.000.000) 2021-09-25 07:49:21 Image size of job updated: 1675
	1675  -  MemoryUsage of job (MB)
	1716092  -  ResidentSetSize of job (KB)
...
006 (14732748.000.000) 2021-09-25 07:51:22 Image size of job updated: 1675
	1675  -  MemoryUsage of job (MB)
	1716096  -  ResidentSetSize of job (KB)
...
006 (14732748.000.000) 2021-09-25 07:52:23 Image size of job updated: 1675
	1675  -  MemoryUsage of job (MB)
	1716100  -  ResidentSetSize of job (KB)
...
006 (14732748.000.000) 2021-09-25 07:53:23 Image size of job updated: 1676
	1676  -  MemoryUsage of job (MB)
	1716416  -  ResidentSetSize of job (KB)
...
006 (14732748.000.000) 2021-09-25 07:55:25 Image size of job updated: 1676
	1676  -  MemoryUsage of job (MB)
	1716420  -  ResidentSetSize of job (KB)
...
006 (14732748.000.000) 2021-09-25 07:58:27 Image size of job updated: 1676
	1676  -  MemoryUsage of job (MB)
	1716868  -  ResidentSetSize of job (KB)
...
006 (14732748.000.000) 2021-09-25 08:01:29 Image size of job updated: 1676
	1676  -  MemoryUsage of job (MB)
	1716872  -  ResidentSetSize of job (KB)
...
006 (14732748.000.000) 2021-09-25 08:04:30 Image size of job updated: 1676
	1676  -  MemoryUsage of job (MB)
	1717212  -  ResidentSetSize of job (KB)
...
006 (14732748.000.000) 2021-09-25 08:09:33 Image size of job updated: 1677
	1677  -  MemoryUsage of job (MB)
	1717708  -  ResidentSetSize of job (KB)
...
006 (14732748.000.000) 2021-09-25 08:14:35 Image size of job updated: 1677
	1677  -  MemoryUsage of job (MB)
	1718024  -  ResidentSetSize of job (KB)
...
006 (14732748.000.000) 2021-09-25 08:15:35 Image size of job updated: 1677
	1677  -  MemoryUsage of job (MB)
	1718176  -  ResidentSetSize of job (KB)
...
006 (14732748.000.000) 2021-09-25 08:17:37 Image size of job updated: 1677
	1677  -  MemoryUsage of job (MB)
	1718180  -  ResidentSetSize of job (KB)
...
006 (14732748.000.000) 2021-09-25 08:20:39 Image size of job updated: 1678
	1678  -  MemoryUsage of job (MB)
	1718416  -  ResidentSetSize of job (KB)
...
006 (14732748.000.000) 2021-09-25 08:21:39 Image size of job updated: 1678
	1678  -  MemoryUsage of job (MB)
	1718580  -  ResidentSetSize of job (KB)
...
006 (14732748.000.000) 2021-09-25 08:25:41 Image size of job updated: 1678
	1678  -  MemoryUsage of job (MB)
	1718584  -  ResidentSetSize of job (KB)
...
006 (14732748.000.000) 2021-09-25 08:27:43 Image size of job updated: 1678
	1678  -  MemoryUsage of job (MB)
	1719088  -  ResidentSetSize of job (KB)
...
006 (14732748.000.000) 2021-09-25 08:31:46 Image size of job updated: 1678
	1678  -  MemoryUsage of job (MB)
	1719096  -  ResidentSetSize of job (KB)
...
006 (14732748.000.000) 2021-09-25 08:33:47 Image size of job updated: 1679
	1679  -  MemoryUsage of job (MB)
	1719572  -  ResidentSetSize of job (KB)
...
006 (14732748.000.000) 2021-09-25 08:34:47 Image size of job updated: 1679
	1679  -  MemoryUsage of job (MB)
	1719716  -  ResidentSetSize of job (KB)
...
006 (14732748.000.000) 2021-09-25 08:41:53 Image size of job updated: 1679
	1679  -  MemoryUsage of job (MB)
	1720260  -  ResidentSetSize of job (KB)
...
006 (14732748.000.000) 2021-09-25 08:43:53 Image size of job updated: 1679
	1679  -  MemoryUsage of job (MB)
	1720264  -  ResidentSetSize of job (KB)
...
006 (14732748.000.000) 2021-09-25 08:48:56 Image size of job updated: 1680
	1680  -  MemoryUsage of job (MB)
	1720772  -  ResidentSetSize of job (KB)
...
006 (14732748.000.000) 2021-09-25 08:57:02 Image size of job updated: 1680
	1680  -  MemoryUsage of job (MB)
	1721148  -  ResidentSetSize of job (KB)
...
006 (14732748.000.000) 2021-09-25 09:05:07 Image size of job updated: 1681
	1681  -  MemoryUsage of job (MB)
	1721636  -  ResidentSetSize of job (KB)
...
006 (14732748.000.000) 2021-09-25 09:08:09 Image size of job updated: 1681
	1681  -  MemoryUsage of job (MB)
	1721640  -  ResidentSetSize of job (KB)
...
006 (14732748.000.000) 2021-09-25 09:12:11 Image size of job updated: 1681
	1681  -  MemoryUsage of job (MB)
	1721644  -  ResidentSetSize of job (KB)
...
006 (14732748.000.000) 2021-09-25 09:13:11 Image size of job updated: 1681
	1681  -  MemoryUsage of job (MB)
	1721956  -  ResidentSetSize of job (KB)
...
006 (14732748.000.000) 2021-09-25 09:14:12 Image size of job updated: 1681
	1681  -  MemoryUsage of job (MB)
	1722100  -  ResidentSetSize of job (KB)
...
006 (14732748.000.000) 2021-09-25 09:22:17 Image size of job updated: 1682
	1682  -  MemoryUsage of job (MB)
	1722512  -  ResidentSetSize of job (KB)
...
006 (14732748.000.000) 2021-09-25 09:24:17 Image size of job updated: 1682
	1682  -  MemoryUsage of job (MB)
	1722516  -  ResidentSetSize of job (KB)
...
006 (14732748.000.000) 2021-09-25 09:25:18 Image size of job updated: 1682
	1682  -  MemoryUsage of job (MB)
	1722524  -  ResidentSetSize of job (KB)
...
006 (14732748.000.000) 2021-09-25 09:30:22 Image size of job updated: 1682
	1682  -  MemoryUsage of job (MB)
	1722828  -  ResidentSetSize of job (KB)
...
006 (14732748.000.000) 2021-09-25 09:31:23 Image size of job updated: 1682
	1682  -  MemoryUsage of job (MB)
	1722932  -  ResidentSetSize of job (KB)
...
006 (14732748.000.000) 2021-09-25 09:38:27 Image size of job updated: 1682
	1682  -  MemoryUsage of job (MB)
	1723212  -  ResidentSetSize of job (KB)
...
006 (14732748.000.000) 2021-09-25 09:39:28 Image size of job updated: 1682
	1682  -  MemoryUsage of job (MB)
	1723312  -  ResidentSetSize of job (KB)
...
006 (14732748.000.000) 2021-09-25 09:40:28 Image size of job updated: 1682
	1682  -  MemoryUsage of job (MB)
	1723316  -  ResidentSetSize of job (KB)
...
006 (14732748.000.000) 2021-09-25 09:41:29 Image size of job updated: 1682
	1682  -  MemoryUsage of job (MB)
	1723320  -  ResidentSetSize of job (KB)
...
006 (14732748.000.000) 2021-09-25 09:47:34 Image size of job updated: 1683
	1683  -  MemoryUsage of job (MB)
	1723620  -  ResidentSetSize of job (KB)
...
006 (14732748.000.000) 2021-09-25 09:49:35 Image size of job updated: 1683
	1683  -  MemoryUsage of job (MB)
	1723628  -  ResidentSetSize of job (KB)
...
006 (14732748.000.000) 2021-09-25 09:55:37 Image size of job updated: 1683
	1683  -  MemoryUsage of job (MB)
	1723964  -  ResidentSetSize of job (KB)
...
006 (14732748.000.000) 2021-09-25 09:56:11 Image size of job updated: 1683
	1683  -  MemoryUsage of job (MB)
	1723980  -  ResidentSetSize of job (KB)
...
040 (14732748.000.000) 2021-09-25 09:56:11 Started transferring output files
...
040 (14732748.000.000) 2021-09-25 09:56:11 Finished transferring output files
...
005 (14732748.000.000) 2021-09-25 09:56:12 Job terminated.
	(1) Normal termination (return value 0)
		Usr 0 00:00:00, Sys 0 00:00:00  -  Run Remote Usage
		Usr 0 00:00:00, Sys 0 00:00:00  -  Run Local Usage
		Usr 0 01:15:27, Sys 0 08:37:04  -  Total Remote Usage
		Usr 0 00:00:00, Sys 0 00:00:00  -  Total Local Usage
	1233187  -  Run Bytes Sent By Job
	8471570  -  Run Bytes Received By Job
	1233187  -  Total Bytes Sent By Job
	8471570  -  Total Bytes Received By Job
	Partitionable Resources :    Usage  Request Allocated 
	   Cpus                 :        0        1         1 
	   Disk (KB)            :    27075    10000    785880 
	   Memory (MB)          :     1683     2048      2048 

	Job terminated of its own accord at 2021-09-25T14:56:11Z.
...
