000 (14630193.000.000) 2021-09-16 05:49:43 Job submitted from host: <131.225.188.55:9618?addrs=131.225.188.55-9618&alias=lpcschedd1.fnal.gov&noUDP&sock=schedd_2070_6d22>
...
040 (14630193.000.000) 2021-09-16 13:32:27 Started transferring input files
	Transferring to host: <131.225.188.112:9618?addrs=131.225.188.112-9618&alias=cmswn2048.fnal.gov&noUDP&sock=slot1_7_59405_f249_8395>
...
040 (14630193.000.000) 2021-09-16 13:32:27 Finished transferring input files
...
001 (14630193.000.000) 2021-09-16 13:32:28 Job executing on host: <131.225.188.112:9618?addrs=131.225.188.112-9618&alias=cmswn2048.fnal.gov&noUDP&sock=startd_1869_8e98>
...
006 (14630193.000.000) 2021-09-16 13:32:37 Image size of job updated: 8
	8  -  MemoryUsage of job (MB)
	8344  -  ResidentSetSize of job (KB)
...
006 (14630193.000.000) 2021-09-16 13:33:37 Image size of job updated: 393
	393  -  MemoryUsage of job (MB)
	402700  -  ResidentSetSize of job (KB)
...
006 (14630193.000.000) 2021-09-16 13:34:38 Image size of job updated: 527
	527  -  MemoryUsage of job (MB)
	540080  -  ResidentSetSize of job (KB)
...
006 (14630193.000.000) 2021-09-16 13:38:41 Image size of job updated: 557
	557  -  MemoryUsage of job (MB)
	570612  -  ResidentSetSize of job (KB)
...
006 (14630193.000.000) 2021-09-16 13:39:42 Image size of job updated: 606
	606  -  MemoryUsage of job (MB)
	621552  -  ResidentSetSize of job (KB)
...
006 (14630193.000.000) 2021-09-16 13:40:42 Image size of job updated: 645
	645  -  MemoryUsage of job (MB)
	661100  -  ResidentSetSize of job (KB)
...
006 (14630193.000.000) 2021-09-16 13:41:42 Image size of job updated: 681
	681  -  MemoryUsage of job (MB)
	697748  -  ResidentSetSize of job (KB)
...
006 (14630193.000.000) 2021-09-16 13:42:43 Image size of job updated: 718
	718  -  MemoryUsage of job (MB)
	735576  -  ResidentSetSize of job (KB)
...
006 (14630193.000.000) 2021-09-16 13:43:44 Image size of job updated: 749
	749  -  MemoryUsage of job (MB)
	767524  -  ResidentSetSize of job (KB)
...
006 (14630193.000.000) 2021-09-16 13:44:44 Image size of job updated: 779
	779  -  MemoryUsage of job (MB)
	798032  -  ResidentSetSize of job (KB)
...
006 (14630193.000.000) 2021-09-16 13:45:44 Image size of job updated: 811
	811  -  MemoryUsage of job (MB)
	831376  -  ResidentSetSize of job (KB)
...
006 (14630193.000.000) 2021-09-16 13:46:44 Image size of job updated: 841
	841  -  MemoryUsage of job (MB)
	861396  -  ResidentSetSize of job (KB)
...
006 (14630193.000.000) 2021-09-16 13:47:45 Image size of job updated: 867
	867  -  MemoryUsage of job (MB)
	888436  -  ResidentSetSize of job (KB)
...
006 (14630193.000.000) 2021-09-16 13:48:46 Image size of job updated: 907
	907  -  MemoryUsage of job (MB)
	929432  -  ResidentSetSize of job (KB)
...
006 (14630193.000.000) 2021-09-16 13:49:46 Image size of job updated: 933
	933  -  MemoryUsage of job (MB)
	956404  -  ResidentSetSize of job (KB)
...
006 (14630193.000.000) 2021-09-16 13:50:46 Image size of job updated: 958
	958  -  MemoryUsage of job (MB)
	981672  -  ResidentSetSize of job (KB)
...
006 (14630193.000.000) 2021-09-16 13:51:47 Image size of job updated: 984
	984  -  MemoryUsage of job (MB)
	1008424  -  ResidentSetSize of job (KB)
...
006 (14630193.000.000) 2021-09-16 13:52:48 Image size of job updated: 1007
	1007  -  MemoryUsage of job (MB)
	1032160  -  ResidentSetSize of job (KB)
...
006 (14630193.000.000) 2021-09-16 13:53:48 Image size of job updated: 1033
	1033  -  MemoryUsage of job (MB)
	1058404  -  ResidentSetSize of job (KB)
...
006 (14630193.000.000) 2021-09-16 13:54:49 Image size of job updated: 1069
	1069  -  MemoryUsage of job (MB)
	1095072  -  ResidentSetSize of job (KB)
...
006 (14630193.000.000) 2021-09-16 13:55:49 Image size of job updated: 1089
	1089  -  MemoryUsage of job (MB)
	1115180  -  ResidentSetSize of job (KB)
...
006 (14630193.000.000) 2021-09-16 13:56:50 Image size of job updated: 1109
	1109  -  MemoryUsage of job (MB)
	1136124  -  ResidentSetSize of job (KB)
...
006 (14630193.000.000) 2021-09-16 13:57:51 Image size of job updated: 1131
	1131  -  MemoryUsage of job (MB)
	1159032  -  ResidentSetSize of job (KB)
...
006 (14630193.000.000) 2021-09-16 13:58:51 Image size of job updated: 1152
	1152  -  MemoryUsage of job (MB)
	1180120  -  ResidentSetSize of job (KB)
...
006 (14630193.000.000) 2021-09-16 13:59:52 Image size of job updated: 1171
	1171  -  MemoryUsage of job (MB)
	1199456  -  ResidentSetSize of job (KB)
...
006 (14630193.000.000) 2021-09-16 14:00:53 Image size of job updated: 1192
	1192  -  MemoryUsage of job (MB)
	1220928  -  ResidentSetSize of job (KB)
...
006 (14630193.000.000) 2021-09-16 14:01:53 Image size of job updated: 1210
	1210  -  MemoryUsage of job (MB)
	1239916  -  ResidentSetSize of job (KB)
...
006 (14630193.000.000) 2021-09-16 14:02:53 Image size of job updated: 1228
	1228  -  MemoryUsage of job (MB)
	1258408  -  ResidentSetSize of job (KB)
...
006 (14630193.000.000) 2021-09-16 14:03:54 Image size of job updated: 1248
	1248  -  MemoryUsage of job (MB)
	1278712  -  ResidentSetSize of job (KB)
...
006 (14630193.000.000) 2021-09-16 14:04:55 Image size of job updated: 1266
	1266  -  MemoryUsage of job (MB)
	1296472  -  ResidentSetSize of job (KB)
...
006 (14630193.000.000) 2021-09-16 14:05:55 Image size of job updated: 1283
	1283  -  MemoryUsage of job (MB)
	1314248  -  ResidentSetSize of job (KB)
...
006 (14630193.000.000) 2021-09-16 14:06:56 Image size of job updated: 1302
	1302  -  MemoryUsage of job (MB)
	1333644  -  ResidentSetSize of job (KB)
...
006 (14630193.000.000) 2021-09-16 14:07:57 Image size of job updated: 1319
	1319  -  MemoryUsage of job (MB)
	1350844  -  ResidentSetSize of job (KB)
...
006 (14630193.000.000) 2021-09-16 14:08:57 Image size of job updated: 1335
	1335  -  MemoryUsage of job (MB)
	1367676  -  ResidentSetSize of job (KB)
...
006 (14630193.000.000) 2021-09-16 14:09:58 Image size of job updated: 1353
	1353  -  MemoryUsage of job (MB)
	1386268  -  ResidentSetSize of job (KB)
...
006 (14630193.000.000) 2021-09-16 14:11:00 Image size of job updated: 1369
	1369  -  MemoryUsage of job (MB)
	1402696  -  ResidentSetSize of job (KB)
...
006 (14630193.000.000) 2021-09-16 14:12:00 Image size of job updated: 1387
	1387  -  MemoryUsage of job (MB)
	1420292  -  ResidentSetSize of job (KB)
...
006 (14630193.000.000) 2021-09-16 14:13:01 Image size of job updated: 1402
	1402  -  MemoryUsage of job (MB)
	1436332  -  ResidentSetSize of job (KB)
...
006 (14630193.000.000) 2021-09-16 14:14:01 Image size of job updated: 1418
	1418  -  MemoryUsage of job (MB)
	1452072  -  ResidentSetSize of job (KB)
...
006 (14630193.000.000) 2021-09-16 14:15:02 Image size of job updated: 1434
	1434  -  MemoryUsage of job (MB)
	1469432  -  ResidentSetSize of job (KB)
...
006 (14630193.000.000) 2021-09-16 14:16:02 Image size of job updated: 1449
	1449  -  MemoryUsage of job (MB)
	1484792  -  ResidentSetSize of job (KB)
...
006 (14630193.000.000) 2021-09-16 14:17:03 Image size of job updated: 1464
	1464  -  MemoryUsage of job (MB)
	1500012  -  ResidentSetSize of job (KB)
...
006 (14630193.000.000) 2021-09-16 14:18:04 Image size of job updated: 1481
	1481  -  MemoryUsage of job (MB)
	1516736  -  ResidentSetSize of job (KB)
...
006 (14630193.000.000) 2021-09-16 14:19:04 Image size of job updated: 1495
	1495  -  MemoryUsage of job (MB)
	1531616  -  ResidentSetSize of job (KB)
...
006 (14630193.000.000) 2021-09-16 14:20:06 Image size of job updated: 1510
	1510  -  MemoryUsage of job (MB)
	1546304  -  ResidentSetSize of job (KB)
...
006 (14630193.000.000) 2021-09-16 14:21:06 Image size of job updated: 1525
	1525  -  MemoryUsage of job (MB)
	1562508  -  ResidentSetSize of job (KB)
...
006 (14630193.000.000) 2021-09-16 14:22:07 Image size of job updated: 1543
	1543  -  MemoryUsage of job (MB)
	1580956  -  ResidentSetSize of job (KB)
...
006 (14630193.000.000) 2021-09-16 14:23:07 Image size of job updated: 1644
	1644  -  MemoryUsage of job (MB)
	1684448  -  ResidentSetSize of job (KB)
...
006 (14630193.000.000) 2021-09-16 14:24:08 Image size of job updated: 1657
	1657  -  MemoryUsage of job (MB)
	1697408  -  ResidentSetSize of job (KB)
...
006 (14630193.000.000) 2021-09-16 14:25:08 Image size of job updated: 1665
	1665  -  MemoryUsage of job (MB)
	1705216  -  ResidentSetSize of job (KB)
...
006 (14630193.000.000) 2021-09-16 14:26:10 Image size of job updated: 1673
	1673  -  MemoryUsage of job (MB)
	1713376  -  ResidentSetSize of job (KB)
...
006 (14630193.000.000) 2021-09-16 14:27:10 Image size of job updated: 1677
	1677  -  MemoryUsage of job (MB)
	1718200  -  ResidentSetSize of job (KB)
...
006 (14630193.000.000) 2021-09-16 14:28:10 Image size of job updated: 1683
	1683  -  MemoryUsage of job (MB)
	1723400  -  ResidentSetSize of job (KB)
...
006 (14630193.000.000) 2021-09-16 14:29:11 Image size of job updated: 1684
	1684  -  MemoryUsage of job (MB)
	1725248  -  ResidentSetSize of job (KB)
...
006 (14630193.000.000) 2021-09-16 14:30:12 Image size of job updated: 1687
	1687  -  MemoryUsage of job (MB)
	1728004  -  ResidentSetSize of job (KB)
...
006 (14630193.000.000) 2021-09-16 14:31:12 Image size of job updated: 1692
	1692  -  MemoryUsage of job (MB)
	1733128  -  ResidentSetSize of job (KB)
...
006 (14630193.000.000) 2021-09-16 14:32:13 Image size of job updated: 1695
	1695  -  MemoryUsage of job (MB)
	1735852  -  ResidentSetSize of job (KB)
...
006 (14630193.000.000) 2021-09-16 14:33:13 Image size of job updated: 1698
	1698  -  MemoryUsage of job (MB)
	1739232  -  ResidentSetSize of job (KB)
...
006 (14630193.000.000) 2021-09-16 14:34:13 Image size of job updated: 1701
	1701  -  MemoryUsage of job (MB)
	1742804  -  ResidentSetSize of job (KB)
...
006 (14630193.000.000) 2021-09-16 14:35:14 Image size of job updated: 1705
	1705  -  MemoryUsage of job (MB)
	1746048  -  ResidentSetSize of job (KB)
...
006 (14630193.000.000) 2021-09-16 14:36:14 Image size of job updated: 1707
	1707  -  MemoryUsage of job (MB)
	1748756  -  ResidentSetSize of job (KB)
...
006 (14630193.000.000) 2021-09-16 14:37:14 Image size of job updated: 1710
	1710  -  MemoryUsage of job (MB)
	1751716  -  ResidentSetSize of job (KB)
...
006 (14630193.000.000) 2021-09-16 14:38:15 Image size of job updated: 1711
	1711  -  MemoryUsage of job (MB)
	1752856  -  ResidentSetSize of job (KB)
...
006 (14630193.000.000) 2021-09-16 14:39:15 Image size of job updated: 1714
	1714  -  MemoryUsage of job (MB)
	1755364  -  ResidentSetSize of job (KB)
...
006 (14630193.000.000) 2021-09-16 14:40:16 Image size of job updated: 1716
	1716  -  MemoryUsage of job (MB)
	1757484  -  ResidentSetSize of job (KB)
...
006 (14630193.000.000) 2021-09-16 14:41:16 Image size of job updated: 1718
	1718  -  MemoryUsage of job (MB)
	1759480  -  ResidentSetSize of job (KB)
...
006 (14630193.000.000) 2021-09-16 14:42:17 Image size of job updated: 1719
	1719  -  MemoryUsage of job (MB)
	1760920  -  ResidentSetSize of job (KB)
...
006 (14630193.000.000) 2021-09-16 14:43:17 Image size of job updated: 1722
	1722  -  MemoryUsage of job (MB)
	1763492  -  ResidentSetSize of job (KB)
...
006 (14630193.000.000) 2021-09-16 14:44:17 Image size of job updated: 1724
	1724  -  MemoryUsage of job (MB)
	1765384  -  ResidentSetSize of job (KB)
...
006 (14630193.000.000) 2021-09-16 14:45:17 Image size of job updated: 1725
	1725  -  MemoryUsage of job (MB)
	1767252  -  ResidentSetSize of job (KB)
...
006 (14630193.000.000) 2021-09-16 14:46:17 Image size of job updated: 1726
	1726  -  MemoryUsage of job (MB)
	1768244  -  ResidentSetSize of job (KB)
...
006 (14630193.000.000) 2021-09-16 14:47:17 Image size of job updated: 1728
	1728  -  MemoryUsage of job (MB)
	1769688  -  ResidentSetSize of job (KB)
...
006 (14630193.000.000) 2021-09-16 14:48:18 Image size of job updated: 1729
	1729  -  MemoryUsage of job (MB)
	1771120  -  ResidentSetSize of job (KB)
...
006 (14630193.000.000) 2021-09-16 14:49:18 Image size of job updated: 1730
	1730  -  MemoryUsage of job (MB)
	1772080  -  ResidentSetSize of job (KB)
...
006 (14630193.000.000) 2021-09-16 14:50:19 Image size of job updated: 1732
	1732  -  MemoryUsage of job (MB)
	1774256  -  ResidentSetSize of job (KB)
...
006 (14630193.000.000) 2021-09-16 14:51:19 Image size of job updated: 1733
	1733  -  MemoryUsage of job (MB)
	1775064  -  ResidentSetSize of job (KB)
...
006 (14630193.000.000) 2021-09-16 14:52:20 Image size of job updated: 1734
	1734  -  MemoryUsage of job (MB)
	1776040  -  ResidentSetSize of job (KB)
...
006 (14630193.000.000) 2021-09-16 14:53:21 Image size of job updated: 1735
	1735  -  MemoryUsage of job (MB)
	1777344  -  ResidentSetSize of job (KB)
...
006 (14630193.000.000) 2021-09-16 14:54:22 Image size of job updated: 1737
	1737  -  MemoryUsage of job (MB)
	1779368  -  ResidentSetSize of job (KB)
...
006 (14630193.000.000) 2021-09-16 14:55:22 Image size of job updated: 1738
	1738  -  MemoryUsage of job (MB)
	1779812  -  ResidentSetSize of job (KB)
...
006 (14630193.000.000) 2021-09-16 14:56:23 Image size of job updated: 1738
	1738  -  MemoryUsage of job (MB)
	1780560  -  ResidentSetSize of job (KB)
...
006 (14630193.000.000) 2021-09-16 14:57:23 Image size of job updated: 1739
	1739  -  MemoryUsage of job (MB)
	1781120  -  ResidentSetSize of job (KB)
...
006 (14630193.000.000) 2021-09-16 14:58:23 Image size of job updated: 1742
	1742  -  MemoryUsage of job (MB)
	1784328  -  ResidentSetSize of job (KB)
...
006 (14630193.000.000) 2021-09-16 14:59:24 Image size of job updated: 1744
	1744  -  MemoryUsage of job (MB)
	1786480  -  ResidentSetSize of job (KB)
...
006 (14630193.000.000) 2021-09-16 15:00:24 Image size of job updated: 1746
	1746  -  MemoryUsage of job (MB)
	1787924  -  ResidentSetSize of job (KB)
...
006 (14630193.000.000) 2021-09-16 15:01:25 Image size of job updated: 1747
	1747  -  MemoryUsage of job (MB)
	1789912  -  ResidentSetSize of job (KB)
...
006 (14630193.000.000) 2021-09-16 15:02:26 Image size of job updated: 1749
	1749  -  MemoryUsage of job (MB)
	1791336  -  ResidentSetSize of job (KB)
...
006 (14630193.000.000) 2021-09-16 15:03:26 Image size of job updated: 1749
	1749  -  MemoryUsage of job (MB)
	1791836  -  ResidentSetSize of job (KB)
...
040 (14630193.000.000) 2021-09-16 15:03:53 Started transferring output files
...
040 (14630193.000.000) 2021-09-16 15:03:53 Finished transferring output files
...
005 (14630193.000.000) 2021-09-16 15:03:55 Job terminated.
	(1) Normal termination (return value 0)
		Usr 0 00:58:11, Sys 0 00:27:53  -  Run Remote Usage
		Usr 0 00:00:00, Sys 0 00:00:00  -  Run Local Usage
		Usr 0 00:58:11, Sys 0 00:27:53  -  Total Remote Usage
		Usr 0 00:00:00, Sys 0 00:00:00  -  Total Local Usage
	1225151  -  Run Bytes Sent By Job
	8471534  -  Run Bytes Received By Job
	1225151  -  Total Bytes Sent By Job
	8471534  -  Total Bytes Received By Job
	Partitionable Resources :    Usage  Request Allocated 
	   Cpus                 :        0        1         1 
	   Disk (KB)            :    23769    10000   1648963 
	   Memory (MB)          :     1749     2048      2048 

	Job terminated of its own accord at 2021-09-16T20:03:53Z.
...
000 (73445866.000.000) 2021-09-24 22:35:21 Job submitted from host: <131.225.188.235:9618?addrs=131.225.188.235-9618&alias=lpcschedd3.fnal.gov&noUDP&sock=schedd_2706_ab5d>
...
040 (73445866.000.000) 2021-09-25 08:41:33 Started transferring input files
	Transferring to host: <131.225.188.50:9618?addrs=131.225.188.50-9618&alias=cmswn2033.fnal.gov&noUDP&sock=slot1_49_2049_74ac_5313>
...
040 (73445866.000.000) 2021-09-25 08:41:33 Finished transferring input files
...
001 (73445866.000.000) 2021-09-25 08:41:34 Job executing on host: <131.225.188.50:9618?addrs=131.225.188.50-9618&alias=cmswn2033.fnal.gov&noUDP&sock=startd_1898_72d7>
...
006 (73445866.000.000) 2021-09-25 08:41:43 Image size of job updated: 9
	9  -  MemoryUsage of job (MB)
	9228  -  ResidentSetSize of job (KB)
...
006 (73445866.000.000) 2021-09-25 08:42:43 Image size of job updated: 494
	494  -  MemoryUsage of job (MB)
	506848  -  ResidentSetSize of job (KB)
...
006 (73445866.000.000) 2021-09-25 08:43:44 Image size of job updated: 555
	555  -  MemoryUsage of job (MB)
	569200  -  ResidentSetSize of job (KB)
...
006 (73445866.000.000) 2021-09-25 08:48:47 Image size of job updated: 567
	567  -  MemoryUsage of job (MB)
	581404  -  ResidentSetSize of job (KB)
...
006 (73445866.000.000) 2021-09-25 08:49:48 Image size of job updated: 607
	607  -  MemoryUsage of job (MB)
	621980  -  ResidentSetSize of job (KB)
...
006 (73445866.000.000) 2021-09-25 08:50:48 Image size of job updated: 643
	643  -  MemoryUsage of job (MB)
	659032  -  ResidentSetSize of job (KB)
...
006 (73445866.000.000) 2021-09-25 08:51:48 Image size of job updated: 678
	678  -  MemoryUsage of job (MB)
	694340  -  ResidentSetSize of job (KB)
...
006 (73445866.000.000) 2021-09-25 08:52:49 Image size of job updated: 709
	709  -  MemoryUsage of job (MB)
	726752  -  ResidentSetSize of job (KB)
...
006 (73445866.000.000) 2021-09-25 08:53:49 Image size of job updated: 739
	739  -  MemoryUsage of job (MB)
	757408  -  ResidentSetSize of job (KB)
...
006 (73445866.000.000) 2021-09-25 08:54:50 Image size of job updated: 769
	769  -  MemoryUsage of job (MB)
	787472  -  ResidentSetSize of job (KB)
...
006 (73445866.000.000) 2021-09-25 08:55:50 Image size of job updated: 797
	797  -  MemoryUsage of job (MB)
	816860  -  ResidentSetSize of job (KB)
...
006 (73445866.000.000) 2021-09-25 08:56:50 Image size of job updated: 824
	824  -  MemoryUsage of job (MB)
	844432  -  ResidentSetSize of job (KB)
...
006 (73445866.000.000) 2021-09-25 08:57:50 Image size of job updated: 852
	852  -  MemoryUsage of job (MB)
	873464  -  ResidentSetSize of job (KB)
...
006 (73445866.000.000) 2021-09-25 08:58:51 Image size of job updated: 878
	878  -  MemoryUsage of job (MB)
	899692  -  ResidentSetSize of job (KB)
...
006 (73445866.000.000) 2021-09-25 08:59:52 Image size of job updated: 915
	915  -  MemoryUsage of job (MB)
	937100  -  ResidentSetSize of job (KB)
...
006 (73445866.000.000) 2021-09-25 09:00:53 Image size of job updated: 940
	940  -  MemoryUsage of job (MB)
	963252  -  ResidentSetSize of job (KB)
...
006 (73445866.000.000) 2021-09-25 09:01:53 Image size of job updated: 964
	964  -  MemoryUsage of job (MB)
	987684  -  ResidentSetSize of job (KB)
...
006 (73445866.000.000) 2021-09-25 09:02:54 Image size of job updated: 987
	987  -  MemoryUsage of job (MB)
	1010792  -  ResidentSetSize of job (KB)
...
006 (73445866.000.000) 2021-09-25 09:03:54 Image size of job updated: 1009
	1009  -  MemoryUsage of job (MB)
	1033892  -  ResidentSetSize of job (KB)
...
006 (73445866.000.000) 2021-09-25 09:04:54 Image size of job updated: 1036
	1036  -  MemoryUsage of job (MB)
	1061328  -  ResidentSetSize of job (KB)
...
006 (73445866.000.000) 2021-09-25 09:05:55 Image size of job updated: 1068
	1068  -  MemoryUsage of job (MB)
	1094556  -  ResidentSetSize of job (KB)
...
006 (73445866.000.000) 2021-09-25 09:06:55 Image size of job updated: 1087
	1087  -  MemoryUsage of job (MB)
	1113340  -  ResidentSetSize of job (KB)
...
006 (73445866.000.000) 2021-09-25 09:07:56 Image size of job updated: 1107
	1107  -  MemoryUsage of job (MB)
	1134356  -  ResidentSetSize of job (KB)
...
006 (73445866.000.000) 2021-09-25 09:08:56 Image size of job updated: 1127
	1127  -  MemoryUsage of job (MB)
	1154492  -  ResidentSetSize of job (KB)
...
006 (73445866.000.000) 2021-09-25 09:09:57 Image size of job updated: 1147
	1147  -  MemoryUsage of job (MB)
	1174664  -  ResidentSetSize of job (KB)
...
006 (73445866.000.000) 2021-09-25 09:10:58 Image size of job updated: 1167
	1167  -  MemoryUsage of job (MB)
	1195252  -  ResidentSetSize of job (KB)
...
006 (73445866.000.000) 2021-09-25 09:11:58 Image size of job updated: 1186
	1186  -  MemoryUsage of job (MB)
	1214700  -  ResidentSetSize of job (KB)
...
006 (73445866.000.000) 2021-09-25 09:12:59 Image size of job updated: 1204
	1204  -  MemoryUsage of job (MB)
	1233764  -  ResidentSetSize of job (KB)
...
006 (73445866.000.000) 2021-09-25 09:14:00 Image size of job updated: 1223
	1223  -  MemoryUsage of job (MB)
	1252536  -  ResidentSetSize of job (KB)
...
006 (73445866.000.000) 2021-09-25 09:15:01 Image size of job updated: 1241
	1241  -  MemoryUsage of job (MB)
	1271016  -  ResidentSetSize of job (KB)
...
006 (73445866.000.000) 2021-09-25 09:16:02 Image size of job updated: 1259
	1259  -  MemoryUsage of job (MB)
	1289416  -  ResidentSetSize of job (KB)
...
006 (73445866.000.000) 2021-09-25 09:17:03 Image size of job updated: 1275
	1275  -  MemoryUsage of job (MB)
	1306432  -  ResidentSetSize of job (KB)
...
006 (73445866.000.000) 2021-09-25 09:18:04 Image size of job updated: 1293
	1293  -  MemoryUsage of job (MB)
	1324076  -  ResidentSetSize of job (KB)
...
006 (73445866.000.000) 2021-09-25 09:19:05 Image size of job updated: 1310
	1310  -  MemoryUsage of job (MB)
	1341520  -  ResidentSetSize of job (KB)
...
006 (73445866.000.000) 2021-09-25 09:20:07 Image size of job updated: 1326
	1326  -  MemoryUsage of job (MB)
	1358368  -  ResidentSetSize of job (KB)
...
006 (73445866.000.000) 2021-09-25 09:21:08 Image size of job updated: 1343
	1343  -  MemoryUsage of job (MB)
	1375548  -  ResidentSetSize of job (KB)
...
006 (73445866.000.000) 2021-09-25 09:22:09 Image size of job updated: 1359
	1359  -  MemoryUsage of job (MB)
	1392332  -  ResidentSetSize of job (KB)
...
006 (73445866.000.000) 2021-09-25 09:23:10 Image size of job updated: 1375
	1375  -  MemoryUsage of job (MB)
	1408524  -  ResidentSetSize of job (KB)
...
006 (73445866.000.000) 2021-09-25 09:24:11 Image size of job updated: 1391
	1391  -  MemoryUsage of job (MB)
	1424756  -  ResidentSetSize of job (KB)
...
006 (73445866.000.000) 2021-09-25 09:25:12 Image size of job updated: 1407
	1407  -  MemoryUsage of job (MB)
	1440808  -  ResidentSetSize of job (KB)
...
006 (73445866.000.000) 2021-09-25 09:26:12 Image size of job updated: 1422
	1422  -  MemoryUsage of job (MB)
	1456316  -  ResidentSetSize of job (KB)
...
006 (73445866.000.000) 2021-09-25 09:27:13 Image size of job updated: 1437
	1437  -  MemoryUsage of job (MB)
	1471964  -  ResidentSetSize of job (KB)
...
006 (73445866.000.000) 2021-09-25 09:28:13 Image size of job updated: 1452
	1452  -  MemoryUsage of job (MB)
	1486924  -  ResidentSetSize of job (KB)
...
006 (73445866.000.000) 2021-09-25 09:29:14 Image size of job updated: 1467
	1467  -  MemoryUsage of job (MB)
	1502288  -  ResidentSetSize of job (KB)
...
006 (73445866.000.000) 2021-09-25 09:30:14 Image size of job updated: 1481
	1481  -  MemoryUsage of job (MB)
	1517336  -  ResidentSetSize of job (KB)
...
006 (73445866.000.000) 2021-09-25 09:31:14 Image size of job updated: 1496
	1496  -  MemoryUsage of job (MB)
	1532284  -  ResidentSetSize of job (KB)
...
006 (73445866.000.000) 2021-09-25 09:32:15 Image size of job updated: 1510
	1510  -  MemoryUsage of job (MB)
	1547088  -  ResidentSetSize of job (KB)
...
006 (73445866.000.000) 2021-09-25 09:33:16 Image size of job updated: 1525
	1525  -  MemoryUsage of job (MB)
	1561792  -  ResidentSetSize of job (KB)
...
006 (73445866.000.000) 2021-09-25 09:34:17 Image size of job updated: 1543
	1543  -  MemoryUsage of job (MB)
	1580368  -  ResidentSetSize of job (KB)
...
006 (73445866.000.000) 2021-09-25 09:35:18 Image size of job updated: 1625
	1625  -  MemoryUsage of job (MB)
	1664872  -  ResidentSetSize of job (KB)
...
006 (73445866.000.000) 2021-09-25 09:36:18 Image size of job updated: 1644
	1644  -  MemoryUsage of job (MB)
	1684028  -  ResidentSetSize of job (KB)
...
006 (73445866.000.000) 2021-09-25 09:37:19 Image size of job updated: 1652
	1652  -  MemoryUsage of job (MB)
	1692252  -  ResidentSetSize of job (KB)
...
006 (73445866.000.000) 2021-09-25 09:38:19 Image size of job updated: 1657
	1657  -  MemoryUsage of job (MB)
	1697016  -  ResidentSetSize of job (KB)
...
006 (73445866.000.000) 2021-09-25 09:39:20 Image size of job updated: 1660
	1660  -  MemoryUsage of job (MB)
	1700856  -  ResidentSetSize of job (KB)
...
006 (73445866.000.000) 2021-09-25 09:40:20 Image size of job updated: 1664
	1664  -  MemoryUsage of job (MB)
	1704452  -  ResidentSetSize of job (KB)
...
006 (73445866.000.000) 2021-09-25 09:41:20 Image size of job updated: 1668
	1668  -  MemoryUsage of job (MB)
	1708412  -  ResidentSetSize of job (KB)
...
006 (73445866.000.000) 2021-09-25 09:42:21 Image size of job updated: 1672
	1672  -  MemoryUsage of job (MB)
	1712392  -  ResidentSetSize of job (KB)
...
006 (73445866.000.000) 2021-09-25 09:43:21 Image size of job updated: 1676
	1676  -  MemoryUsage of job (MB)
	1716708  -  ResidentSetSize of job (KB)
...
006 (73445866.000.000) 2021-09-25 09:44:21 Image size of job updated: 1678
	1678  -  MemoryUsage of job (MB)
	1719244  -  ResidentSetSize of job (KB)
...
006 (73445866.000.000) 2021-09-25 09:45:21 Image size of job updated: 1681
	1681  -  MemoryUsage of job (MB)
	1721424  -  ResidentSetSize of job (KB)
...
006 (73445866.000.000) 2021-09-25 09:46:22 Image size of job updated: 1682
	1682  -  MemoryUsage of job (MB)
	1723344  -  ResidentSetSize of job (KB)
...
006 (73445866.000.000) 2021-09-25 09:47:22 Image size of job updated: 1684
	1684  -  MemoryUsage of job (MB)
	1724828  -  ResidentSetSize of job (KB)
...
006 (73445866.000.000) 2021-09-25 09:48:23 Image size of job updated: 1686
	1686  -  MemoryUsage of job (MB)
	1726580  -  ResidentSetSize of job (KB)
...
006 (73445866.000.000) 2021-09-25 09:49:23 Image size of job updated: 1687
	1687  -  MemoryUsage of job (MB)
	1727976  -  ResidentSetSize of job (KB)
...
006 (73445866.000.000) 2021-09-25 09:50:24 Image size of job updated: 1688
	1688  -  MemoryUsage of job (MB)
	1729264  -  ResidentSetSize of job (KB)
...
006 (73445866.000.000) 2021-09-25 09:51:25 Image size of job updated: 1689
	1689  -  MemoryUsage of job (MB)
	1730408  -  ResidentSetSize of job (KB)
...
006 (73445866.000.000) 2021-09-25 09:52:26 Image size of job updated: 1691
	1691  -  MemoryUsage of job (MB)
	1731728  -  ResidentSetSize of job (KB)
...
006 (73445866.000.000) 2021-09-25 09:53:26 Image size of job updated: 1692
	1692  -  MemoryUsage of job (MB)
	1733280  -  ResidentSetSize of job (KB)
...
006 (73445866.000.000) 2021-09-25 09:54:26 Image size of job updated: 1695
	1695  -  MemoryUsage of job (MB)
	1736392  -  ResidentSetSize of job (KB)
...
006 (73445866.000.000) 2021-09-25 09:55:27 Image size of job updated: 1696
	1696  -  MemoryUsage of job (MB)
	1737544  -  ResidentSetSize of job (KB)
...
006 (73445866.000.000) 2021-09-25 09:56:27 Image size of job updated: 1698
	1698  -  MemoryUsage of job (MB)
	1738972  -  ResidentSetSize of job (KB)
...
006 (73445866.000.000) 2021-09-25 09:57:28 Image size of job updated: 1698
	1698  -  MemoryUsage of job (MB)
	1739516  -  ResidentSetSize of job (KB)
...
006 (73445866.000.000) 2021-09-25 09:58:28 Image size of job updated: 1701
	1701  -  MemoryUsage of job (MB)
	1741848  -  ResidentSetSize of job (KB)
...
006 (73445866.000.000) 2021-09-25 09:59:28 Image size of job updated: 1703
	1703  -  MemoryUsage of job (MB)
	1744216  -  ResidentSetSize of job (KB)
...
006 (73445866.000.000) 2021-09-25 10:00:28 Image size of job updated: 1705
	1705  -  MemoryUsage of job (MB)
	1746032  -  ResidentSetSize of job (KB)
...
006 (73445866.000.000) 2021-09-25 10:01:28 Image size of job updated: 1705
	1705  -  MemoryUsage of job (MB)
	1746924  -  ResidentSetSize of job (KB)
...
006 (73445866.000.000) 2021-09-25 10:02:29 Image size of job updated: 1706
	1706  -  MemoryUsage of job (MB)
	1747796  -  ResidentSetSize of job (KB)
...
006 (73445866.000.000) 2021-09-25 10:03:29 Image size of job updated: 1707
	1707  -  MemoryUsage of job (MB)
	1748764  -  ResidentSetSize of job (KB)
...
006 (73445866.000.000) 2021-09-25 10:04:30 Image size of job updated: 1709
	1709  -  MemoryUsage of job (MB)
	1750520  -  ResidentSetSize of job (KB)
...
006 (73445866.000.000) 2021-09-25 10:05:31 Image size of job updated: 1709
	1709  -  MemoryUsage of job (MB)
	1751024  -  ResidentSetSize of job (KB)
...
006 (73445866.000.000) 2021-09-25 10:06:32 Image size of job updated: 1710
	1710  -  MemoryUsage of job (MB)
	1751620  -  ResidentSetSize of job (KB)
...
006 (73445866.000.000) 2021-09-25 10:07:32 Image size of job updated: 1711
	1711  -  MemoryUsage of job (MB)
	1752708  -  ResidentSetSize of job (KB)
...
006 (73445866.000.000) 2021-09-25 10:08:33 Image size of job updated: 1712
	1712  -  MemoryUsage of job (MB)
	1753300  -  ResidentSetSize of job (KB)
...
006 (73445866.000.000) 2021-09-25 10:09:33 Image size of job updated: 1713
	1713  -  MemoryUsage of job (MB)
	1754176  -  ResidentSetSize of job (KB)
...
006 (73445866.000.000) 2021-09-25 10:10:34 Image size of job updated: 1713
	1713  -  MemoryUsage of job (MB)
	1754524  -  ResidentSetSize of job (KB)
...
006 (73445866.000.000) 2021-09-25 10:11:35 Image size of job updated: 1714
	1714  -  MemoryUsage of job (MB)
	1755312  -  ResidentSetSize of job (KB)
...
006 (73445866.000.000) 2021-09-25 10:12:35 Image size of job updated: 1714
	1714  -  MemoryUsage of job (MB)
	1755972  -  ResidentSetSize of job (KB)
...
006 (73445866.000.000) 2021-09-25 10:13:35 Image size of job updated: 1716
	1716  -  MemoryUsage of job (MB)
	1757284  -  ResidentSetSize of job (KB)
...
006 (73445866.000.000) 2021-09-25 10:14:36 Image size of job updated: 1716
	1716  -  MemoryUsage of job (MB)
	1758144  -  ResidentSetSize of job (KB)
...
006 (73445866.000.000) 2021-09-25 10:15:36 Image size of job updated: 1717
	1717  -  MemoryUsage of job (MB)
	1758788  -  ResidentSetSize of job (KB)
...
006 (73445866.000.000) 2021-09-25 10:16:37 Image size of job updated: 1717
	1717  -  MemoryUsage of job (MB)
	1759148  -  ResidentSetSize of job (KB)
...
006 (73445866.000.000) 2021-09-25 10:17:39 Image size of job updated: 1718
	1718  -  MemoryUsage of job (MB)
	1760176  -  ResidentSetSize of job (KB)
...
006 (73445866.000.000) 2021-09-25 10:18:40 Image size of job updated: 1719
	1719  -  MemoryUsage of job (MB)
	1760688  -  ResidentSetSize of job (KB)
...
006 (73445866.000.000) 2021-09-25 10:19:41 Image size of job updated: 1719
	1719  -  MemoryUsage of job (MB)
	1761196  -  ResidentSetSize of job (KB)
...
006 (73445866.000.000) 2021-09-25 10:20:41 Image size of job updated: 1720
	1720  -  MemoryUsage of job (MB)
	1761432  -  ResidentSetSize of job (KB)
...
006 (73445866.000.000) 2021-09-25 10:21:42 Image size of job updated: 1720
	1720  -  MemoryUsage of job (MB)
	1762164  -  ResidentSetSize of job (KB)
...
006 (73445866.000.000) 2021-09-25 10:22:43 Image size of job updated: 1722
	1722  -  MemoryUsage of job (MB)
	1763540  -  ResidentSetSize of job (KB)
...
006 (73445866.000.000) 2021-09-25 10:23:43 Image size of job updated: 1723
	1723  -  MemoryUsage of job (MB)
	1764744  -  ResidentSetSize of job (KB)
...
006 (73445866.000.000) 2021-09-25 10:24:44 Image size of job updated: 1723
	1723  -  MemoryUsage of job (MB)
	1765048  -  ResidentSetSize of job (KB)
...
006 (73445866.000.000) 2021-09-25 10:25:45 Image size of job updated: 1724
	1724  -  MemoryUsage of job (MB)
	1765668  -  ResidentSetSize of job (KB)
...
006 (73445866.000.000) 2021-09-25 10:26:45 Image size of job updated: 1724
	1724  -  MemoryUsage of job (MB)
	1766172  -  ResidentSetSize of job (KB)
...
006 (73445866.000.000) 2021-09-25 10:27:46 Image size of job updated: 1725
	1725  -  MemoryUsage of job (MB)
	1767072  -  ResidentSetSize of job (KB)
...
006 (73445866.000.000) 2021-09-25 10:28:46 Image size of job updated: 1726
	1726  -  MemoryUsage of job (MB)
	1767648  -  ResidentSetSize of job (KB)
...
006 (73445866.000.000) 2021-09-25 10:29:46 Image size of job updated: 1726
	1726  -  MemoryUsage of job (MB)
	1767944  -  ResidentSetSize of job (KB)
...
006 (73445866.000.000) 2021-09-25 10:30:46 Image size of job updated: 1726
	1726  -  MemoryUsage of job (MB)
	1768440  -  ResidentSetSize of job (KB)
...
006 (73445866.000.000) 2021-09-25 10:31:47 Image size of job updated: 1727
	1727  -  MemoryUsage of job (MB)
	1768808  -  ResidentSetSize of job (KB)
...
006 (73445866.000.000) 2021-09-25 10:32:47 Image size of job updated: 1728
	1728  -  MemoryUsage of job (MB)
	1769520  -  ResidentSetSize of job (KB)
...
006 (73445866.000.000) 2021-09-25 10:33:48 Image size of job updated: 1728
	1728  -  MemoryUsage of job (MB)
	1770104  -  ResidentSetSize of job (KB)
...
006 (73445866.000.000) 2021-09-25 10:34:49 Image size of job updated: 1728
	1728  -  MemoryUsage of job (MB)
	1770236  -  ResidentSetSize of job (KB)
...
006 (73445866.000.000) 2021-09-25 10:35:50 Image size of job updated: 1729
	1729  -  MemoryUsage of job (MB)
	1770824  -  ResidentSetSize of job (KB)
...
006 (73445866.000.000) 2021-09-25 10:36:50 Image size of job updated: 1729
	1729  -  MemoryUsage of job (MB)
	1771176  -  ResidentSetSize of job (KB)
...
006 (73445866.000.000) 2021-09-25 10:37:50 Image size of job updated: 1730
	1730  -  MemoryUsage of job (MB)
	1771932  -  ResidentSetSize of job (KB)
...
006 (73445866.000.000) 2021-09-25 10:38:51 Image size of job updated: 1731
	1731  -  MemoryUsage of job (MB)
	1772544  -  ResidentSetSize of job (KB)
...
006 (73445866.000.000) 2021-09-25 10:39:52 Image size of job updated: 1731
	1731  -  MemoryUsage of job (MB)
	1772828  -  ResidentSetSize of job (KB)
...
006 (73445866.000.000) 2021-09-25 10:40:53 Image size of job updated: 1731
	1731  -  MemoryUsage of job (MB)
	1773272  -  ResidentSetSize of job (KB)
...
006 (73445866.000.000) 2021-09-25 10:41:54 Image size of job updated: 1732
	1732  -  MemoryUsage of job (MB)
	1773780  -  ResidentSetSize of job (KB)
...
006 (73445866.000.000) 2021-09-25 10:42:55 Image size of job updated: 1732
	1732  -  MemoryUsage of job (MB)
	1773976  -  ResidentSetSize of job (KB)
...
006 (73445866.000.000) 2021-09-25 10:43:55 Image size of job updated: 1732
	1732  -  MemoryUsage of job (MB)
	1774416  -  ResidentSetSize of job (KB)
...
006 (73445866.000.000) 2021-09-25 10:44:55 Image size of job updated: 1733
	1733  -  MemoryUsage of job (MB)
	1775320  -  ResidentSetSize of job (KB)
...
006 (73445866.000.000) 2021-09-25 10:45:56 Image size of job updated: 1734
	1734  -  MemoryUsage of job (MB)
	1775716  -  ResidentSetSize of job (KB)
...
006 (73445866.000.000) 2021-09-25 10:46:56 Image size of job updated: 1734
	1734  -  MemoryUsage of job (MB)
	1776304  -  ResidentSetSize of job (KB)
...
006 (73445866.000.000) 2021-09-25 10:47:57 Image size of job updated: 1735
	1735  -  MemoryUsage of job (MB)
	1777492  -  ResidentSetSize of job (KB)
...
006 (73445866.000.000) 2021-09-25 10:48:58 Image size of job updated: 1736
	1736  -  MemoryUsage of job (MB)
	1777804  -  ResidentSetSize of job (KB)
...
006 (73445866.000.000) 2021-09-25 10:49:59 Image size of job updated: 1736
	1736  -  MemoryUsage of job (MB)
	1778100  -  ResidentSetSize of job (KB)
...
006 (73445866.000.000) 2021-09-25 10:51:00 Image size of job updated: 1736
	1736  -  MemoryUsage of job (MB)
	1778588  -  ResidentSetSize of job (KB)
...
006 (73445866.000.000) 2021-09-25 10:52:02 Image size of job updated: 1737
	1737  -  MemoryUsage of job (MB)
	1778984  -  ResidentSetSize of job (KB)
...
006 (73445866.000.000) 2021-09-25 10:53:03 Image size of job updated: 1737
	1737  -  MemoryUsage of job (MB)
	1779316  -  ResidentSetSize of job (KB)
...
006 (73445866.000.000) 2021-09-25 10:54:04 Image size of job updated: 1737
	1737  -  MemoryUsage of job (MB)
	1779496  -  ResidentSetSize of job (KB)
...
006 (73445866.000.000) 2021-09-25 10:55:05 Image size of job updated: 1737
	1737  -  MemoryUsage of job (MB)
	1779608  -  ResidentSetSize of job (KB)
...
006 (73445866.000.000) 2021-09-25 10:56:06 Image size of job updated: 1737
	1737  -  MemoryUsage of job (MB)
	1779660  -  ResidentSetSize of job (KB)
...
006 (73445866.000.000) 2021-09-25 10:57:06 Image size of job updated: 1739
	1739  -  MemoryUsage of job (MB)
	1780996  -  ResidentSetSize of job (KB)
...
006 (73445866.000.000) 2021-09-25 10:58:06 Image size of job updated: 1741
	1741  -  MemoryUsage of job (MB)
	1783728  -  ResidentSetSize of job (KB)
...
006 (73445866.000.000) 2021-09-25 10:59:07 Image size of job updated: 1742
	1742  -  MemoryUsage of job (MB)
	1784292  -  ResidentSetSize of job (KB)
...
006 (73445866.000.000) 2021-09-25 11:00:07 Image size of job updated: 1743
	1743  -  MemoryUsage of job (MB)
	1784868  -  ResidentSetSize of job (KB)
...
006 (73445866.000.000) 2021-09-25 11:01:07 Image size of job updated: 1743
	1743  -  MemoryUsage of job (MB)
	1785288  -  ResidentSetSize of job (KB)
...
006 (73445866.000.000) 2021-09-25 11:02:08 Image size of job updated: 1744
	1744  -  MemoryUsage of job (MB)
	1786124  -  ResidentSetSize of job (KB)
...
006 (73445866.000.000) 2021-09-25 11:03:09 Image size of job updated: 1744
	1744  -  MemoryUsage of job (MB)
	1786732  -  ResidentSetSize of job (KB)
...
006 (73445866.000.000) 2021-09-25 11:04:09 Image size of job updated: 1745
	1745  -  MemoryUsage of job (MB)
	1787188  -  ResidentSetSize of job (KB)
...
006 (73445866.000.000) 2021-09-25 11:05:09 Image size of job updated: 1745
	1745  -  MemoryUsage of job (MB)
	1787892  -  ResidentSetSize of job (KB)
...
006 (73445866.000.000) 2021-09-25 11:06:10 Image size of job updated: 1746
	1746  -  MemoryUsage of job (MB)
	1788224  -  ResidentSetSize of job (KB)
...
006 (73445866.000.000) 2021-09-25 11:07:11 Image size of job updated: 1747
	1747  -  MemoryUsage of job (MB)
	1789088  -  ResidentSetSize of job (KB)
...
006 (73445866.000.000) 2021-09-25 11:08:11 Image size of job updated: 1747
	1747  -  MemoryUsage of job (MB)
	1789592  -  ResidentSetSize of job (KB)
...
006 (73445866.000.000) 2021-09-25 11:09:11 Image size of job updated: 1747
	1747  -  MemoryUsage of job (MB)
	1789828  -  ResidentSetSize of job (KB)
...
006 (73445866.000.000) 2021-09-25 11:10:12 Image size of job updated: 1748
	1748  -  MemoryUsage of job (MB)
	1790128  -  ResidentSetSize of job (KB)
...
040 (73445866.000.000) 2021-09-25 11:11:10 Started transferring output files
...
040 (73445866.000.000) 2021-09-25 11:11:11 Finished transferring output files
...
005 (73445866.000.000) 2021-09-25 11:11:12 Job terminated.
	(1) Normal termination (return value 0)
		Usr 0 00:00:00, Sys 0 00:00:00  -  Run Remote Usage
		Usr 0 00:00:00, Sys 0 00:00:00  -  Run Local Usage
		Usr 0 00:57:37, Sys 0 01:24:30  -  Total Remote Usage
		Usr 0 00:00:00, Sys 0 00:00:00  -  Total Local Usage
	1225175  -  Run Bytes Sent By Job
	8471570  -  Run Bytes Received By Job
	1225175  -  Total Bytes Sent By Job
	8471570  -  Total Bytes Received By Job
	Partitionable Resources :    Usage  Request Allocated 
	   Cpus                 :     0.00        1         1 
	   Disk (KB)            : 21967       10000   1636721 
	   Memory (MB)          :  1748        2048      2048 

	Job terminated of its own accord at 2021-09-25T16:11:10Z.
...
