000 (34545426.000.000) 2021-09-16 05:49:47 Job submitted from host: <131.225.188.57:9618?addrs=131.225.188.57-9618&alias=lpcschedd2.fnal.gov&noUDP&sock=schedd_2251_93c6>
...
040 (34545426.000.000) 2021-09-16 22:00:31 Started transferring input files
	Transferring to host: <131.225.204.56:9618?addrs=131.225.204.56-9618&alias=cmswn1660.fnal.gov&noUDP&sock=slot1_8_1293_c90e_5233>
...
040 (34545426.000.000) 2021-09-16 22:00:31 Finished transferring input files
...
001 (34545426.000.000) 2021-09-16 22:00:32 Job executing on host: <131.225.204.56:9618?addrs=131.225.204.56-9618&alias=cmswn1660.fnal.gov&noUDP&sock=startd_1155_cff9>
...
006 (34545426.000.000) 2021-09-16 22:00:40 Image size of job updated: 32
	32  -  MemoryUsage of job (MB)
	33080  -  ResidentSetSize of job (KB)
...
006 (34545426.000.000) 2021-09-16 22:01:41 Image size of job updated: 536
	536  -  MemoryUsage of job (MB)
	549248  -  ResidentSetSize of job (KB)
...
006 (34545426.000.000) 2021-09-16 22:05:43 Image size of job updated: 548
	548  -  MemoryUsage of job (MB)
	561252  -  ResidentSetSize of job (KB)
...
006 (34545426.000.000) 2021-09-16 22:06:43 Image size of job updated: 589
	589  -  MemoryUsage of job (MB)
	603572  -  ResidentSetSize of job (KB)
...
006 (34545426.000.000) 2021-09-16 22:07:43 Image size of job updated: 632
	632  -  MemoryUsage of job (MB)
	647720  -  ResidentSetSize of job (KB)
...
006 (34545426.000.000) 2021-09-16 22:08:43 Image size of job updated: 669
	669  -  MemoryUsage of job (MB)
	685656  -  ResidentSetSize of job (KB)
...
006 (34545426.000.000) 2021-09-16 22:09:44 Image size of job updated: 704
	704  -  MemoryUsage of job (MB)
	721860  -  ResidentSetSize of job (KB)
...
006 (34545426.000.000) 2021-09-16 22:10:44 Image size of job updated: 737
	737  -  MemoryUsage of job (MB)
	755348  -  ResidentSetSize of job (KB)
...
006 (34545426.000.000) 2021-09-16 22:11:44 Image size of job updated: 768
	768  -  MemoryUsage of job (MB)
	786656  -  ResidentSetSize of job (KB)
...
006 (34545426.000.000) 2021-09-16 22:12:45 Image size of job updated: 798
	798  -  MemoryUsage of job (MB)
	817168  -  ResidentSetSize of job (KB)
...
006 (34545426.000.000) 2021-09-16 22:13:45 Image size of job updated: 825
	825  -  MemoryUsage of job (MB)
	845452  -  ResidentSetSize of job (KB)
...
006 (34545426.000.000) 2021-09-16 22:14:46 Image size of job updated: 854
	854  -  MemoryUsage of job (MB)
	875248  -  ResidentSetSize of job (KB)
...
006 (34545426.000.000) 2021-09-16 22:15:48 Image size of job updated: 881
	881  -  MemoryUsage of job (MB)
	902192  -  ResidentSetSize of job (KB)
...
006 (34545426.000.000) 2021-09-16 22:16:48 Image size of job updated: 915
	915  -  MemoryUsage of job (MB)
	937148  -  ResidentSetSize of job (KB)
...
006 (34545426.000.000) 2021-09-16 22:17:48 Image size of job updated: 941
	941  -  MemoryUsage of job (MB)
	963684  -  ResidentSetSize of job (KB)
...
006 (34545426.000.000) 2021-09-16 22:18:49 Image size of job updated: 965
	965  -  MemoryUsage of job (MB)
	988568  -  ResidentSetSize of job (KB)
...
006 (34545426.000.000) 2021-09-16 22:19:49 Image size of job updated: 988
	988  -  MemoryUsage of job (MB)
	1012492  -  ResidentSetSize of job (KB)
...
006 (34545426.000.000) 2021-09-16 22:20:49 Image size of job updated: 1011
	1011  -  MemoryUsage of job (MB)
	1035936  -  ResidentSetSize of job (KB)
...
006 (34545426.000.000) 2021-09-16 22:21:50 Image size of job updated: 1037
	1037  -  MemoryUsage of job (MB)
	1062740  -  ResidentSetSize of job (KB)
...
006 (34545426.000.000) 2021-09-16 22:22:51 Image size of job updated: 1069
	1069  -  MemoryUsage of job (MB)
	1095296  -  ResidentSetSize of job (KB)
...
006 (34545426.000.000) 2021-09-16 22:23:51 Image size of job updated: 1089
	1089  -  MemoryUsage of job (MB)
	1116112  -  ResidentSetSize of job (KB)
...
006 (34545426.000.000) 2021-09-16 22:24:52 Image size of job updated: 1111
	1111  -  MemoryUsage of job (MB)
	1137704  -  ResidentSetSize of job (KB)
...
006 (34545426.000.000) 2021-09-16 22:25:52 Image size of job updated: 1131
	1131  -  MemoryUsage of job (MB)
	1158192  -  ResidentSetSize of job (KB)
...
006 (34545426.000.000) 2021-09-16 22:26:52 Image size of job updated: 1148
	1148  -  MemoryUsage of job (MB)
	1176312  -  ResidentSetSize of job (KB)
...
006 (34545426.000.000) 2021-09-16 22:27:52 Image size of job updated: 1168
	1168  -  MemoryUsage of job (MB)
	1196432  -  ResidentSetSize of job (KB)
...
006 (34545426.000.000) 2021-09-16 22:28:53 Image size of job updated: 1187
	1187  -  MemoryUsage of job (MB)
	1216132  -  ResidentSetSize of job (KB)
...
006 (34545426.000.000) 2021-09-16 22:29:54 Image size of job updated: 1206
	1206  -  MemoryUsage of job (MB)
	1235760  -  ResidentSetSize of job (KB)
...
006 (34545426.000.000) 2021-09-16 22:30:55 Image size of job updated: 1225
	1225  -  MemoryUsage of job (MB)
	1254464  -  ResidentSetSize of job (KB)
...
006 (34545426.000.000) 2021-09-16 22:31:56 Image size of job updated: 1243
	1243  -  MemoryUsage of job (MB)
	1272988  -  ResidentSetSize of job (KB)
...
006 (34545426.000.000) 2021-09-16 22:32:57 Image size of job updated: 1260
	1260  -  MemoryUsage of job (MB)
	1291228  -  ResidentSetSize of job (KB)
...
006 (34545426.000.000) 2021-09-16 22:33:58 Image size of job updated: 1278
	1278  -  MemoryUsage of job (MB)
	1309652  -  ResidentSetSize of job (KB)
...
006 (34545426.000.000) 2021-09-16 22:34:58 Image size of job updated: 1296
	1296  -  MemoryUsage of job (MB)
	1327568  -  ResidentSetSize of job (KB)
...
006 (34545426.000.000) 2021-09-16 22:35:58 Image size of job updated: 1313
	1313  -  MemoryUsage of job (MB)
	1344896  -  ResidentSetSize of job (KB)
...
006 (34545426.000.000) 2021-09-16 22:36:58 Image size of job updated: 1328
	1328  -  MemoryUsage of job (MB)
	1360312  -  ResidentSetSize of job (KB)
...
006 (34545426.000.000) 2021-09-16 22:37:58 Image size of job updated: 1345
	1345  -  MemoryUsage of job (MB)
	1377440  -  ResidentSetSize of job (KB)
...
006 (34545426.000.000) 2021-09-16 22:38:58 Image size of job updated: 1361
	1361  -  MemoryUsage of job (MB)
	1394372  -  ResidentSetSize of job (KB)
...
006 (34545426.000.000) 2021-09-16 22:39:59 Image size of job updated: 1377
	1377  -  MemoryUsage of job (MB)
	1411068  -  ResidentSetSize of job (KB)
...
006 (34545426.000.000) 2021-09-16 22:41:00 Image size of job updated: 1393
	1393  -  MemoryUsage of job (MB)
	1427356  -  ResidentSetSize of job (KB)
...
006 (34545426.000.000) 2021-09-16 22:42:01 Image size of job updated: 1409
	1409  -  MemoryUsage of job (MB)
	1443400  -  ResidentSetSize of job (KB)
...
006 (34545426.000.000) 2021-09-16 22:43:02 Image size of job updated: 1425
	1425  -  MemoryUsage of job (MB)
	1459608  -  ResidentSetSize of job (KB)
...
006 (34545426.000.000) 2021-09-16 22:44:03 Image size of job updated: 1440
	1440  -  MemoryUsage of job (MB)
	1475552  -  ResidentSetSize of job (KB)
...
006 (34545426.000.000) 2021-09-16 22:45:03 Image size of job updated: 1456
	1456  -  MemoryUsage of job (MB)
	1491140  -  ResidentSetSize of job (KB)
...
006 (34545426.000.000) 2021-09-16 22:46:03 Image size of job updated: 1471
	1471  -  MemoryUsage of job (MB)
	1506464  -  ResidentSetSize of job (KB)
...
006 (34545426.000.000) 2021-09-16 22:47:03 Image size of job updated: 1485
	1485  -  MemoryUsage of job (MB)
	1521540  -  ResidentSetSize of job (KB)
...
006 (34545426.000.000) 2021-09-16 22:48:03 Image size of job updated: 1500
	1500  -  MemoryUsage of job (MB)
	1536820  -  ResidentSetSize of job (KB)
...
006 (34545426.000.000) 2021-09-16 22:49:03 Image size of job updated: 1515
	1515  -  MemoryUsage of job (MB)
	1551828  -  ResidentSetSize of job (KB)
...
006 (34545426.000.000) 2021-09-16 22:50:04 Image size of job updated: 1529
	1529  -  MemoryUsage of job (MB)
	1566524  -  ResidentSetSize of job (KB)
...
006 (34545426.000.000) 2021-09-16 22:51:05 Image size of job updated: 1547
	1547  -  MemoryUsage of job (MB)
	1585116  -  ResidentSetSize of job (KB)
...
006 (34545426.000.000) 2021-09-16 22:52:07 Image size of job updated: 1667
	1667  -  MemoryUsage of job (MB)
	1707720  -  ResidentSetSize of job (KB)
...
006 (34545426.000.000) 2021-09-16 22:53:07 Image size of job updated: 1683
	1683  -  MemoryUsage of job (MB)
	1723876  -  ResidentSetSize of job (KB)
...
006 (34545426.000.000) 2021-09-16 22:54:08 Image size of job updated: 1694
	1694  -  MemoryUsage of job (MB)
	1735140  -  ResidentSetSize of job (KB)
...
006 (34545426.000.000) 2021-09-16 22:55:08 Image size of job updated: 1703
	1703  -  MemoryUsage of job (MB)
	1744100  -  ResidentSetSize of job (KB)
...
006 (34545426.000.000) 2021-09-16 22:56:09 Image size of job updated: 1711
	1711  -  MemoryUsage of job (MB)
	1752220  -  ResidentSetSize of job (KB)
...
006 (34545426.000.000) 2021-09-16 22:57:10 Image size of job updated: 1715
	1715  -  MemoryUsage of job (MB)
	1756804  -  ResidentSetSize of job (KB)
...
006 (34545426.000.000) 2021-09-16 22:58:11 Image size of job updated: 1722
	1722  -  MemoryUsage of job (MB)
	1763588  -  ResidentSetSize of job (KB)
...
006 (34545426.000.000) 2021-09-16 22:59:11 Image size of job updated: 1727
	1727  -  MemoryUsage of job (MB)
	1768940  -  ResidentSetSize of job (KB)
...
006 (34545426.000.000) 2021-09-16 23:00:11 Image size of job updated: 1738
	1738  -  MemoryUsage of job (MB)
	1780356  -  ResidentSetSize of job (KB)
...
006 (34545426.000.000) 2021-09-16 23:01:11 Image size of job updated: 1746
	1746  -  MemoryUsage of job (MB)
	1788384  -  ResidentSetSize of job (KB)
...
006 (34545426.000.000) 2021-09-16 23:02:11 Image size of job updated: 1750
	1750  -  MemoryUsage of job (MB)
	1792208  -  ResidentSetSize of job (KB)
...
006 (34545426.000.000) 2021-09-16 23:03:11 Image size of job updated: 1754
	1754  -  MemoryUsage of job (MB)
	1796664  -  ResidentSetSize of job (KB)
...
006 (34545426.000.000) 2021-09-16 23:04:08 Image size of job updated: 1757
	1757  -  MemoryUsage of job (MB)
	1799380  -  ResidentSetSize of job (KB)
...
040 (34545426.000.000) 2021-09-16 23:04:08 Started transferring output files
...
040 (34545426.000.000) 2021-09-16 23:04:08 Finished transferring output files
...
005 (34545426.000.000) 2021-09-16 23:04:09 Job terminated.
	(1) Normal termination (return value 0)
		Usr 0 00:00:00, Sys 0 00:00:00  -  Run Remote Usage
		Usr 0 00:00:00, Sys 0 00:00:00  -  Run Local Usage
		Usr 0 00:54:44, Sys 0 00:04:02  -  Total Remote Usage
		Usr 0 00:00:00, Sys 0 00:00:00  -  Total Local Usage
	1232479  -  Run Bytes Sent By Job
	8471534  -  Run Bytes Received By Job
	1232479  -  Total Bytes Sent By Job
	8471534  -  Total Bytes Received By Job
	Partitionable Resources :    Usage  Request Allocated 
	   Cpus                 :        0        1         1 
	   Disk (KB)            :    23484    10000    305452 
	   Memory (MB)          :     1757     2048      2048 

	Job terminated of its own accord at 2021-09-17T04:04:08Z.
...
000 (14733686.000.000) 2021-09-24 22:35:25 Job submitted from host: <131.225.188.55:9618?addrs=131.225.188.55-9618&alias=lpcschedd1.fnal.gov&noUDP&sock=schedd_2070_6d22>
...
040 (14733686.000.000) 2021-09-25 07:55:36 Started transferring input files
	Transferring to host: <131.225.205.179:9618?addrs=131.225.205.179-9618&alias=cmswn1953.fnal.gov&noUDP&sock=slot1_23_1553_fa98_5330>
...
040 (14733686.000.000) 2021-09-25 07:55:37 Finished transferring input files
...
001 (14733686.000.000) 2021-09-25 07:55:38 Job executing on host: <131.225.205.179:9618?addrs=131.225.205.179-9618&alias=cmswn1953.fnal.gov&noUDP&sock=startd_1442_aba8>
...
006 (14733686.000.000) 2021-09-25 07:55:46 Image size of job updated: 8
	8  -  MemoryUsage of job (MB)
	8712  -  ResidentSetSize of job (KB)
...
006 (14733686.000.000) 2021-09-25 07:56:46 Image size of job updated: 501
	501  -  MemoryUsage of job (MB)
	513600  -  ResidentSetSize of job (KB)
...
006 (14733686.000.000) 2021-09-25 08:00:48 Image size of job updated: 536
	536  -  MemoryUsage of job (MB)
	549856  -  ResidentSetSize of job (KB)
...
006 (14733686.000.000) 2021-09-25 08:01:48 Image size of job updated: 587
	587  -  MemoryUsage of job (MB)
	601136  -  ResidentSetSize of job (KB)
...
006 (14733686.000.000) 2021-09-25 08:02:49 Image size of job updated: 630
	630  -  MemoryUsage of job (MB)
	646056  -  ResidentSetSize of job (KB)
...
006 (14733686.000.000) 2021-09-25 08:03:49 Image size of job updated: 668
	668  -  MemoryUsage of job (MB)
	684264  -  ResidentSetSize of job (KB)
...
006 (14733686.000.000) 2021-09-25 08:04:49 Image size of job updated: 701
	701  -  MemoryUsage of job (MB)
	718648  -  ResidentSetSize of job (KB)
...
006 (14733686.000.000) 2021-09-25 08:05:49 Image size of job updated: 732
	732  -  MemoryUsage of job (MB)
	750528  -  ResidentSetSize of job (KB)
...
006 (14733686.000.000) 2021-09-25 08:06:49 Image size of job updated: 761
	761  -  MemoryUsage of job (MB)
	779704  -  ResidentSetSize of job (KB)
...
006 (14733686.000.000) 2021-09-25 08:07:50 Image size of job updated: 788
	788  -  MemoryUsage of job (MB)
	807104  -  ResidentSetSize of job (KB)
...
006 (14733686.000.000) 2021-09-25 08:08:50 Image size of job updated: 817
	817  -  MemoryUsage of job (MB)
	837048  -  ResidentSetSize of job (KB)
...
006 (14733686.000.000) 2021-09-25 08:09:51 Image size of job updated: 843
	843  -  MemoryUsage of job (MB)
	864216  -  ResidentSetSize of job (KB)
...
006 (14733686.000.000) 2021-09-25 08:10:52 Image size of job updated: 867
	867  -  MemoryUsage of job (MB)
	888148  -  ResidentSetSize of job (KB)
...
006 (14733686.000.000) 2021-09-25 08:11:53 Image size of job updated: 901
	901  -  MemoryUsage of job (MB)
	923436  -  ResidentSetSize of job (KB)
...
006 (14733686.000.000) 2021-09-25 08:12:55 Image size of job updated: 928
	928  -  MemoryUsage of job (MB)
	950900  -  ResidentSetSize of job (KB)
...
006 (14733686.000.000) 2021-09-25 08:13:55 Image size of job updated: 952
	952  -  MemoryUsage of job (MB)
	975312  -  ResidentSetSize of job (KB)
...
006 (14733686.000.000) 2021-09-25 08:14:55 Image size of job updated: 976
	976  -  MemoryUsage of job (MB)
	999496  -  ResidentSetSize of job (KB)
...
006 (14733686.000.000) 2021-09-25 08:15:56 Image size of job updated: 999
	999  -  MemoryUsage of job (MB)
	1023200  -  ResidentSetSize of job (KB)
...
006 (14733686.000.000) 2021-09-25 08:16:56 Image size of job updated: 1022
	1022  -  MemoryUsage of job (MB)
	1046536  -  ResidentSetSize of job (KB)
...
006 (14733686.000.000) 2021-09-25 08:17:58 Image size of job updated: 1050
	1050  -  MemoryUsage of job (MB)
	1075632  -  ResidentSetSize of job (KB)
...
006 (14733686.000.000) 2021-09-25 08:18:58 Image size of job updated: 1078
	1078  -  MemoryUsage of job (MB)
	1103888  -  ResidentSetSize of job (KB)
...
006 (14733686.000.000) 2021-09-25 08:19:59 Image size of job updated: 1097
	1097  -  MemoryUsage of job (MB)
	1124064  -  ResidentSetSize of job (KB)
...
006 (14733686.000.000) 2021-09-25 08:20:59 Image size of job updated: 1116
	1116  -  MemoryUsage of job (MB)
	1143404  -  ResidentSetSize of job (KB)
...
006 (14733686.000.000) 2021-09-25 08:21:59 Image size of job updated: 1135
	1135  -  MemoryUsage of job (MB)
	1162808  -  ResidentSetSize of job (KB)
...
006 (14733686.000.000) 2021-09-25 08:23:00 Image size of job updated: 1154
	1154  -  MemoryUsage of job (MB)
	1182204  -  ResidentSetSize of job (KB)
...
006 (14733686.000.000) 2021-09-25 08:24:01 Image size of job updated: 1174
	1174  -  MemoryUsage of job (MB)
	1202400  -  ResidentSetSize of job (KB)
...
006 (14733686.000.000) 2021-09-25 08:25:01 Image size of job updated: 1191
	1191  -  MemoryUsage of job (MB)
	1220092  -  ResidentSetSize of job (KB)
...
006 (14733686.000.000) 2021-09-25 08:26:02 Image size of job updated: 1208
	1208  -  MemoryUsage of job (MB)
	1237476  -  ResidentSetSize of job (KB)
...
006 (14733686.000.000) 2021-09-25 08:27:02 Image size of job updated: 1225
	1225  -  MemoryUsage of job (MB)
	1254508  -  ResidentSetSize of job (KB)
...
006 (14733686.000.000) 2021-09-25 08:28:03 Image size of job updated: 1241
	1241  -  MemoryUsage of job (MB)
	1271064  -  ResidentSetSize of job (KB)
...
006 (14733686.000.000) 2021-09-25 08:29:04 Image size of job updated: 1258
	1258  -  MemoryUsage of job (MB)
	1289156  -  ResidentSetSize of job (KB)
...
006 (14733686.000.000) 2021-09-25 08:30:05 Image size of job updated: 1274
	1274  -  MemoryUsage of job (MB)
	1304908  -  ResidentSetSize of job (KB)
...
006 (14733686.000.000) 2021-09-25 08:31:05 Image size of job updated: 1291
	1291  -  MemoryUsage of job (MB)
	1322084  -  ResidentSetSize of job (KB)
...
006 (14733686.000.000) 2021-09-25 08:32:06 Image size of job updated: 1308
	1308  -  MemoryUsage of job (MB)
	1339688  -  ResidentSetSize of job (KB)
...
006 (14733686.000.000) 2021-09-25 08:33:06 Image size of job updated: 1324
	1324  -  MemoryUsage of job (MB)
	1356436  -  ResidentSetSize of job (KB)
...
006 (14733686.000.000) 2021-09-25 08:34:07 Image size of job updated: 1342
	1342  -  MemoryUsage of job (MB)
	1375108  -  ResidentSetSize of job (KB)
...
006 (14733686.000.000) 2021-09-25 08:35:07 Image size of job updated: 1359
	1359  -  MemoryUsage of job (MB)
	1391772  -  ResidentSetSize of job (KB)
...
006 (14733686.000.000) 2021-09-25 08:36:07 Image size of job updated: 1375
	1375  -  MemoryUsage of job (MB)
	1408232  -  ResidentSetSize of job (KB)
...
006 (14733686.000.000) 2021-09-25 08:37:08 Image size of job updated: 1391
	1391  -  MemoryUsage of job (MB)
	1424572  -  ResidentSetSize of job (KB)
...
006 (14733686.000.000) 2021-09-25 08:38:09 Image size of job updated: 1406
	1406  -  MemoryUsage of job (MB)
	1440748  -  ResidentSetSize of job (KB)
...
006 (14733686.000.000) 2021-09-25 08:39:10 Image size of job updated: 1424
	1424  -  MemoryUsage of job (MB)
	1458176  -  ResidentSetSize of job (KB)
...
006 (14733686.000.000) 2021-09-25 08:40:10 Image size of job updated: 1439
	1439  -  MemoryUsage of job (MB)
	1473844  -  ResidentSetSize of job (KB)
...
006 (14733686.000.000) 2021-09-25 08:41:10 Image size of job updated: 1454
	1454  -  MemoryUsage of job (MB)
	1489260  -  ResidentSetSize of job (KB)
...
006 (14733686.000.000) 2021-09-25 08:42:11 Image size of job updated: 1469
	1469  -  MemoryUsage of job (MB)
	1504512  -  ResidentSetSize of job (KB)
...
006 (14733686.000.000) 2021-09-25 08:43:11 Image size of job updated: 1483
	1483  -  MemoryUsage of job (MB)
	1519576  -  ResidentSetSize of job (KB)
...
006 (14733686.000.000) 2021-09-25 08:44:13 Image size of job updated: 1499
	1499  -  MemoryUsage of job (MB)
	1535892  -  ResidentSetSize of job (KB)
...
006 (14733686.000.000) 2021-09-25 08:45:13 Image size of job updated: 1514
	1514  -  MemoryUsage of job (MB)
	1550380  -  ResidentSetSize of job (KB)
...
006 (14733686.000.000) 2021-09-25 08:46:14 Image size of job updated: 1527
	1527  -  MemoryUsage of job (MB)
	1564668  -  ResidentSetSize of job (KB)
...
006 (14733686.000.000) 2021-09-25 08:47:16 Image size of job updated: 1546
	1546  -  MemoryUsage of job (MB)
	1584112  -  ResidentSetSize of job (KB)
...
006 (14733686.000.000) 2021-09-25 08:48:17 Image size of job updated: 1644
	1644  -  MemoryUsage of job (MB)
	1683808  -  ResidentSetSize of job (KB)
...
006 (14733686.000.000) 2021-09-25 08:49:18 Image size of job updated: 1656
	1656  -  MemoryUsage of job (MB)
	1696164  -  ResidentSetSize of job (KB)
...
006 (14733686.000.000) 2021-09-25 08:50:18 Image size of job updated: 1662
	1662  -  MemoryUsage of job (MB)
	1702804  -  ResidentSetSize of job (KB)
...
006 (14733686.000.000) 2021-09-25 08:51:18 Image size of job updated: 1669
	1669  -  MemoryUsage of job (MB)
	1709816  -  ResidentSetSize of job (KB)
...
006 (14733686.000.000) 2021-09-25 08:52:19 Image size of job updated: 1674
	1674  -  MemoryUsage of job (MB)
	1715156  -  ResidentSetSize of job (KB)
...
006 (14733686.000.000) 2021-09-25 08:53:19 Image size of job updated: 1680
	1680  -  MemoryUsage of job (MB)
	1721088  -  ResidentSetSize of job (KB)
...
006 (14733686.000.000) 2021-09-25 08:54:20 Image size of job updated: 1683
	1683  -  MemoryUsage of job (MB)
	1723476  -  ResidentSetSize of job (KB)
...
006 (14733686.000.000) 2021-09-25 08:55:20 Image size of job updated: 1685
	1685  -  MemoryUsage of job (MB)
	1725460  -  ResidentSetSize of job (KB)
...
006 (14733686.000.000) 2021-09-25 08:56:20 Image size of job updated: 1686
	1686  -  MemoryUsage of job (MB)
	1727372  -  ResidentSetSize of job (KB)
...
006 (14733686.000.000) 2021-09-25 08:57:20 Image size of job updated: 1689
	1689  -  MemoryUsage of job (MB)
	1729744  -  ResidentSetSize of job (KB)
...
006 (14733686.000.000) 2021-09-25 08:58:21 Image size of job updated: 1693
	1693  -  MemoryUsage of job (MB)
	1734476  -  ResidentSetSize of job (KB)
...
006 (14733686.000.000) 2021-09-25 08:59:22 Image size of job updated: 1695
	1695  -  MemoryUsage of job (MB)
	1736120  -  ResidentSetSize of job (KB)
...
006 (14733686.000.000) 2021-09-25 09:00:22 Image size of job updated: 1697
	1697  -  MemoryUsage of job (MB)
	1738156  -  ResidentSetSize of job (KB)
...
006 (14733686.000.000) 2021-09-25 09:01:22 Image size of job updated: 1698
	1698  -  MemoryUsage of job (MB)
	1739488  -  ResidentSetSize of job (KB)
...
006 (14733686.000.000) 2021-09-25 09:02:23 Image size of job updated: 1701
	1701  -  MemoryUsage of job (MB)
	1742764  -  ResidentSetSize of job (KB)
...
006 (14733686.000.000) 2021-09-25 09:03:23 Image size of job updated: 1703
	1703  -  MemoryUsage of job (MB)
	1744028  -  ResidentSetSize of job (KB)
...
006 (14733686.000.000) 2021-09-25 09:04:24 Image size of job updated: 1706
	1706  -  MemoryUsage of job (MB)
	1747036  -  ResidentSetSize of job (KB)
...
006 (14733686.000.000) 2021-09-25 09:05:24 Image size of job updated: 1707
	1707  -  MemoryUsage of job (MB)
	1748416  -  ResidentSetSize of job (KB)
...
006 (14733686.000.000) 2021-09-25 09:06:25 Image size of job updated: 1708
	1708  -  MemoryUsage of job (MB)
	1749596  -  ResidentSetSize of job (KB)
...
006 (14733686.000.000) 2021-09-25 09:07:26 Image size of job updated: 1709
	1709  -  MemoryUsage of job (MB)
	1750716  -  ResidentSetSize of job (KB)
...
006 (14733686.000.000) 2021-09-25 09:08:27 Image size of job updated: 1710
	1710  -  MemoryUsage of job (MB)
	1751992  -  ResidentSetSize of job (KB)
...
006 (14733686.000.000) 2021-09-25 09:09:28 Image size of job updated: 1711
	1711  -  MemoryUsage of job (MB)
	1752924  -  ResidentSetSize of job (KB)
...
006 (14733686.000.000) 2021-09-25 09:10:29 Image size of job updated: 1712
	1712  -  MemoryUsage of job (MB)
	1753188  -  ResidentSetSize of job (KB)
...
006 (14733686.000.000) 2021-09-25 09:11:30 Image size of job updated: 1716
	1716  -  MemoryUsage of job (MB)
	1757688  -  ResidentSetSize of job (KB)
...
006 (14733686.000.000) 2021-09-25 09:12:30 Image size of job updated: 1718
	1718  -  MemoryUsage of job (MB)
	1759636  -  ResidentSetSize of job (KB)
...
006 (14733686.000.000) 2021-09-25 09:13:31 Image size of job updated: 1721
	1721  -  MemoryUsage of job (MB)
	1762424  -  ResidentSetSize of job (KB)
...
006 (14733686.000.000) 2021-09-25 09:14:31 Image size of job updated: 1722
	1722  -  MemoryUsage of job (MB)
	1763556  -  ResidentSetSize of job (KB)
...
006 (14733686.000.000) 2021-09-25 09:15:31 Image size of job updated: 1723
	1723  -  MemoryUsage of job (MB)
	1764744  -  ResidentSetSize of job (KB)
...
006 (14733686.000.000) 2021-09-25 09:16:32 Image size of job updated: 1724
	1724  -  MemoryUsage of job (MB)
	1765732  -  ResidentSetSize of job (KB)
...
006 (14733686.000.000) 2021-09-25 09:17:33 Image size of job updated: 1727
	1727  -  MemoryUsage of job (MB)
	1768652  -  ResidentSetSize of job (KB)
...
006 (14733686.000.000) 2021-09-25 09:18:33 Image size of job updated: 1728
	1728  -  MemoryUsage of job (MB)
	1769980  -  ResidentSetSize of job (KB)
...
006 (14733686.000.000) 2021-09-25 09:19:34 Image size of job updated: 1736
	1736  -  MemoryUsage of job (MB)
	1778596  -  ResidentSetSize of job (KB)
...
006 (14733686.000.000) 2021-09-25 09:20:35 Image size of job updated: 1739
	1739  -  MemoryUsage of job (MB)
	1781296  -  ResidentSetSize of job (KB)
...
006 (14733686.000.000) 2021-09-25 09:21:35 Image size of job updated: 1741
	1741  -  MemoryUsage of job (MB)
	1783428  -  ResidentSetSize of job (KB)
...
006 (14733686.000.000) 2021-09-25 09:22:35 Image size of job updated: 1744
	1744  -  MemoryUsage of job (MB)
	1786432  -  ResidentSetSize of job (KB)
...
006 (14733686.000.000) 2021-09-25 09:23:35 Image size of job updated: 1745
	1745  -  MemoryUsage of job (MB)
	1787764  -  ResidentSetSize of job (KB)
...
006 (14733686.000.000) 2021-09-25 09:24:36 Image size of job updated: 1747
	1747  -  MemoryUsage of job (MB)
	1789272  -  ResidentSetSize of job (KB)
...
006 (14733686.000.000) 2021-09-25 09:25:36 Image size of job updated: 1747
	1747  -  MemoryUsage of job (MB)
	1789884  -  ResidentSetSize of job (KB)
...
006 (14733686.000.000) 2021-09-25 09:26:36 Image size of job updated: 1749
	1749  -  MemoryUsage of job (MB)
	1791008  -  ResidentSetSize of job (KB)
...
006 (14733686.000.000) 2021-09-25 09:27:37 Image size of job updated: 1750
	1750  -  MemoryUsage of job (MB)
	1792440  -  ResidentSetSize of job (KB)
...
006 (14733686.000.000) 2021-09-25 09:28:38 Image size of job updated: 1751
	1751  -  MemoryUsage of job (MB)
	1793504  -  ResidentSetSize of job (KB)
...
006 (14733686.000.000) 2021-09-25 09:29:39 Image size of job updated: 1753
	1753  -  MemoryUsage of job (MB)
	1795092  -  ResidentSetSize of job (KB)
...
006 (14733686.000.000) 2021-09-25 09:30:39 Image size of job updated: 1754
	1754  -  MemoryUsage of job (MB)
	1796408  -  ResidentSetSize of job (KB)
...
006 (14733686.000.000) 2021-09-25 09:31:39 Image size of job updated: 1755
	1755  -  MemoryUsage of job (MB)
	1797428  -  ResidentSetSize of job (KB)
...
006 (14733686.000.000) 2021-09-25 09:32:40 Image size of job updated: 1755
	1755  -  MemoryUsage of job (MB)
	1797528  -  ResidentSetSize of job (KB)
...
040 (14733686.000.000) 2021-09-25 09:32:40 Started transferring output files
...
040 (14733686.000.000) 2021-09-25 09:32:40 Finished transferring output files
...
005 (14733686.000.000) 2021-09-25 09:32:43 Job terminated.
	(1) Normal termination (return value 0)
		Usr 0 00:56:48, Sys 0 00:34:25  -  Run Remote Usage
		Usr 0 00:00:00, Sys 0 00:00:00  -  Run Local Usage
		Usr 0 00:56:48, Sys 0 00:34:25  -  Total Remote Usage
		Usr 0 00:00:00, Sys 0 00:00:00  -  Total Local Usage
	1232544  -  Run Bytes Sent By Job
	8471570  -  Run Bytes Received By Job
	1232544  -  Total Bytes Sent By Job
	8471570  -  Total Bytes Received By Job
	Partitionable Resources :    Usage  Request Allocated 
	   Cpus                 :     0.01        1         1 
	   Disk (KB)            : 22914       10000   1646630 
	   Memory (MB)          :  1755        2048      2048 

	Job terminated of its own accord at 2021-09-25T14:32:40Z.
...
