000 (34545429.000.000) 2021-09-16 05:49:48 Job submitted from host: <131.225.188.57:9618?addrs=131.225.188.57-9618&alias=lpcschedd2.fnal.gov&noUDP&sock=schedd_2251_93c6>
...
040 (34545429.000.000) 2021-09-16 22:00:31 Started transferring input files
	Transferring to host: <131.225.191.165:9618?addrs=131.225.191.165-9618&alias=cmswn1997.fnal.gov&noUDP&sock=slot1_17_1553_fa98_488>
...
040 (34545429.000.000) 2021-09-16 22:00:31 Finished transferring input files
...
001 (34545429.000.000) 2021-09-16 22:00:32 Job executing on host: <131.225.191.165:9618?addrs=131.225.191.165-9618&alias=cmswn1997.fnal.gov&noUDP&sock=startd_1440_4c77>
...
006 (34545429.000.000) 2021-09-16 22:00:41 Image size of job updated: 19
	19  -  MemoryUsage of job (MB)
	20416  -  ResidentSetSize of job (KB)
...
006 (34545429.000.000) 2021-09-16 22:01:42 Image size of job updated: 417
	417  -  MemoryUsage of job (MB)
	427204  -  ResidentSetSize of job (KB)
...
006 (34545429.000.000) 2021-09-16 22:02:42 Image size of job updated: 530
	530  -  MemoryUsage of job (MB)
	543604  -  ResidentSetSize of job (KB)
...
006 (34545429.000.000) 2021-09-16 22:06:44 Image size of job updated: 583
	583  -  MemoryUsage of job (MB)
	597168  -  ResidentSetSize of job (KB)
...
006 (34545429.000.000) 2021-09-16 22:07:45 Image size of job updated: 630
	630  -  MemoryUsage of job (MB)
	645160  -  ResidentSetSize of job (KB)
...
006 (34545429.000.000) 2021-09-16 22:08:45 Image size of job updated: 665
	665  -  MemoryUsage of job (MB)
	681696  -  ResidentSetSize of job (KB)
...
006 (34545429.000.000) 2021-09-16 22:09:45 Image size of job updated: 702
	702  -  MemoryUsage of job (MB)
	719368  -  ResidentSetSize of job (KB)
...
006 (34545429.000.000) 2021-09-16 22:10:46 Image size of job updated: 738
	738  -  MemoryUsage of job (MB)
	755932  -  ResidentSetSize of job (KB)
...
006 (34545429.000.000) 2021-09-16 22:11:46 Image size of job updated: 768
	768  -  MemoryUsage of job (MB)
	787208  -  ResidentSetSize of job (KB)
...
006 (34545429.000.000) 2021-09-16 22:12:47 Image size of job updated: 801
	801  -  MemoryUsage of job (MB)
	820460  -  ResidentSetSize of job (KB)
...
006 (34545429.000.000) 2021-09-16 22:13:47 Image size of job updated: 830
	830  -  MemoryUsage of job (MB)
	850924  -  ResidentSetSize of job (KB)
...
006 (34545429.000.000) 2021-09-16 22:14:48 Image size of job updated: 859
	859  -  MemoryUsage of job (MB)
	879692  -  ResidentSetSize of job (KB)
...
006 (34545429.000.000) 2021-09-16 22:15:48 Image size of job updated: 899
	899  -  MemoryUsage of job (MB)
	920772  -  ResidentSetSize of job (KB)
...
006 (34545429.000.000) 2021-09-16 22:16:49 Image size of job updated: 927
	927  -  MemoryUsage of job (MB)
	950084  -  ResidentSetSize of job (KB)
...
006 (34545429.000.000) 2021-09-16 22:17:49 Image size of job updated: 951
	951  -  MemoryUsage of job (MB)
	974232  -  ResidentSetSize of job (KB)
...
006 (34545429.000.000) 2021-09-16 22:18:50 Image size of job updated: 976
	976  -  MemoryUsage of job (MB)
	1000132  -  ResidentSetSize of job (KB)
...
006 (34545429.000.000) 2021-09-16 22:19:50 Image size of job updated: 1001
	1001  -  MemoryUsage of job (MB)
	1025056  -  ResidentSetSize of job (KB)
...
006 (34545429.000.000) 2021-09-16 22:20:51 Image size of job updated: 1025
	1025  -  MemoryUsage of job (MB)
	1049884  -  ResidentSetSize of job (KB)
...
006 (34545429.000.000) 2021-09-16 22:21:52 Image size of job updated: 1062
	1062  -  MemoryUsage of job (MB)
	1088388  -  ResidentSetSize of job (KB)
...
006 (34545429.000.000) 2021-09-16 22:22:53 Image size of job updated: 1083
	1083  -  MemoryUsage of job (MB)
	1109288  -  ResidentSetSize of job (KB)
...
006 (34545429.000.000) 2021-09-16 22:23:53 Image size of job updated: 1102
	1102  -  MemoryUsage of job (MB)
	1129452  -  ResidentSetSize of job (KB)
...
006 (34545429.000.000) 2021-09-16 22:24:53 Image size of job updated: 1124
	1124  -  MemoryUsage of job (MB)
	1151408  -  ResidentSetSize of job (KB)
...
006 (34545429.000.000) 2021-09-16 22:25:54 Image size of job updated: 1145
	1145  -  MemoryUsage of job (MB)
	1173248  -  ResidentSetSize of job (KB)
...
006 (34545429.000.000) 2021-09-16 22:26:55 Image size of job updated: 1165
	1165  -  MemoryUsage of job (MB)
	1193236  -  ResidentSetSize of job (KB)
...
006 (34545429.000.000) 2021-09-16 22:27:56 Image size of job updated: 1185
	1185  -  MemoryUsage of job (MB)
	1213984  -  ResidentSetSize of job (KB)
...
006 (34545429.000.000) 2021-09-16 22:28:57 Image size of job updated: 1205
	1205  -  MemoryUsage of job (MB)
	1234520  -  ResidentSetSize of job (KB)
...
006 (34545429.000.000) 2021-09-16 22:29:58 Image size of job updated: 1223
	1223  -  MemoryUsage of job (MB)
	1252512  -  ResidentSetSize of job (KB)
...
006 (34545429.000.000) 2021-09-16 22:30:58 Image size of job updated: 1242
	1242  -  MemoryUsage of job (MB)
	1272548  -  ResidentSetSize of job (KB)
...
006 (34545429.000.000) 2021-09-16 22:31:58 Image size of job updated: 1261
	1261  -  MemoryUsage of job (MB)
	1291556  -  ResidentSetSize of job (KB)
...
006 (34545429.000.000) 2021-09-16 22:32:59 Image size of job updated: 1277
	1277  -  MemoryUsage of job (MB)
	1308380  -  ResidentSetSize of job (KB)
...
006 (34545429.000.000) 2021-09-16 22:34:00 Image size of job updated: 1295
	1295  -  MemoryUsage of job (MB)
	1326360  -  ResidentSetSize of job (KB)
...
006 (34545429.000.000) 2021-09-16 22:35:00 Image size of job updated: 1312
	1312  -  MemoryUsage of job (MB)
	1344068  -  ResidentSetSize of job (KB)
...
006 (34545429.000.000) 2021-09-16 22:36:01 Image size of job updated: 1328
	1328  -  MemoryUsage of job (MB)
	1360084  -  ResidentSetSize of job (KB)
...
006 (34545429.000.000) 2021-09-16 22:37:01 Image size of job updated: 1345
	1345  -  MemoryUsage of job (MB)
	1377868  -  ResidentSetSize of job (KB)
...
006 (34545429.000.000) 2021-09-16 22:38:02 Image size of job updated: 1362
	1362  -  MemoryUsage of job (MB)
	1395232  -  ResidentSetSize of job (KB)
...
006 (34545429.000.000) 2021-09-16 22:39:03 Image size of job updated: 1379
	1379  -  MemoryUsage of job (MB)
	1412168  -  ResidentSetSize of job (KB)
...
006 (34545429.000.000) 2021-09-16 22:40:03 Image size of job updated: 1393
	1393  -  MemoryUsage of job (MB)
	1426888  -  ResidentSetSize of job (KB)
...
006 (34545429.000.000) 2021-09-16 22:41:04 Image size of job updated: 1409
	1409  -  MemoryUsage of job (MB)
	1443476  -  ResidentSetSize of job (KB)
...
006 (34545429.000.000) 2021-09-16 22:42:04 Image size of job updated: 1425
	1425  -  MemoryUsage of job (MB)
	1459904  -  ResidentSetSize of job (KB)
...
006 (34545429.000.000) 2021-09-16 22:43:05 Image size of job updated: 1440
	1440  -  MemoryUsage of job (MB)
	1474572  -  ResidentSetSize of job (KB)
...
006 (34545429.000.000) 2021-09-16 22:44:06 Image size of job updated: 1455
	1455  -  MemoryUsage of job (MB)
	1490788  -  ResidentSetSize of job (KB)
...
006 (34545429.000.000) 2021-09-16 22:45:07 Image size of job updated: 1470
	1470  -  MemoryUsage of job (MB)
	1506176  -  ResidentSetSize of job (KB)
...
006 (34545429.000.000) 2021-09-16 22:46:07 Image size of job updated: 1486
	1486  -  MemoryUsage of job (MB)
	1521988  -  ResidentSetSize of job (KB)
...
006 (34545429.000.000) 2021-09-16 22:47:08 Image size of job updated: 1500
	1500  -  MemoryUsage of job (MB)
	1536104  -  ResidentSetSize of job (KB)
...
006 (34545429.000.000) 2021-09-16 22:48:09 Image size of job updated: 1515
	1515  -  MemoryUsage of job (MB)
	1551704  -  ResidentSetSize of job (KB)
...
006 (34545429.000.000) 2021-09-16 22:49:09 Image size of job updated: 1530
	1530  -  MemoryUsage of job (MB)
	1566776  -  ResidentSetSize of job (KB)
...
006 (34545429.000.000) 2021-09-16 22:50:11 Image size of job updated: 1553
	1553  -  MemoryUsage of job (MB)
	1590944  -  ResidentSetSize of job (KB)
...
006 (34545429.000.000) 2021-09-16 22:51:11 Image size of job updated: 1640
	1640  -  MemoryUsage of job (MB)
	1679672  -  ResidentSetSize of job (KB)
...
006 (34545429.000.000) 2021-09-16 22:52:11 Image size of job updated: 1685
	1685  -  MemoryUsage of job (MB)
	1725976  -  ResidentSetSize of job (KB)
...
006 (34545429.000.000) 2021-09-16 22:53:12 Image size of job updated: 1710
	1710  -  MemoryUsage of job (MB)
	1751252  -  ResidentSetSize of job (KB)
...
006 (34545429.000.000) 2021-09-16 22:54:13 Image size of job updated: 1720
	1720  -  MemoryUsage of job (MB)
	1762040  -  ResidentSetSize of job (KB)
...
006 (34545429.000.000) 2021-09-16 22:55:13 Image size of job updated: 1725
	1725  -  MemoryUsage of job (MB)
	1766588  -  ResidentSetSize of job (KB)
...
006 (34545429.000.000) 2021-09-16 22:56:14 Image size of job updated: 1732
	1732  -  MemoryUsage of job (MB)
	1773700  -  ResidentSetSize of job (KB)
...
006 (34545429.000.000) 2021-09-16 22:57:15 Image size of job updated: 1737
	1737  -  MemoryUsage of job (MB)
	1778748  -  ResidentSetSize of job (KB)
...
006 (34545429.000.000) 2021-09-16 22:58:15 Image size of job updated: 1740
	1740  -  MemoryUsage of job (MB)
	1782228  -  ResidentSetSize of job (KB)
...
006 (34545429.000.000) 2021-09-16 22:59:16 Image size of job updated: 1742
	1742  -  MemoryUsage of job (MB)
	1783908  -  ResidentSetSize of job (KB)
...
006 (34545429.000.000) 2021-09-16 23:00:17 Image size of job updated: 1745
	1745  -  MemoryUsage of job (MB)
	1787820  -  ResidentSetSize of job (KB)
...
006 (34545429.000.000) 2021-09-16 23:01:17 Image size of job updated: 1748
	1748  -  MemoryUsage of job (MB)
	1790536  -  ResidentSetSize of job (KB)
...
006 (34545429.000.000) 2021-09-16 23:02:19 Image size of job updated: 1750
	1750  -  MemoryUsage of job (MB)
	1792972  -  ResidentSetSize of job (KB)
...
006 (34545429.000.000) 2021-09-16 23:03:19 Image size of job updated: 1752
	1752  -  MemoryUsage of job (MB)
	1794664  -  ResidentSetSize of job (KB)
...
006 (34545429.000.000) 2021-09-16 23:04:19 Image size of job updated: 1755
	1755  -  MemoryUsage of job (MB)
	1797268  -  ResidentSetSize of job (KB)
...
006 (34545429.000.000) 2021-09-16 23:05:20 Image size of job updated: 1756
	1756  -  MemoryUsage of job (MB)
	1798920  -  ResidentSetSize of job (KB)
...
006 (34545429.000.000) 2021-09-16 23:06:20 Image size of job updated: 1757
	1757  -  MemoryUsage of job (MB)
	1799728  -  ResidentSetSize of job (KB)
...
006 (34545429.000.000) 2021-09-16 23:07:20 Image size of job updated: 1761
	1761  -  MemoryUsage of job (MB)
	1803364  -  ResidentSetSize of job (KB)
...
006 (34545429.000.000) 2021-09-16 23:08:21 Image size of job updated: 1763
	1763  -  MemoryUsage of job (MB)
	1805944  -  ResidentSetSize of job (KB)
...
006 (34545429.000.000) 2021-09-16 23:09:21 Image size of job updated: 1764
	1764  -  MemoryUsage of job (MB)
	1806872  -  ResidentSetSize of job (KB)
...
006 (34545429.000.000) 2021-09-16 23:10:21 Image size of job updated: 1767
	1767  -  MemoryUsage of job (MB)
	1809856  -  ResidentSetSize of job (KB)
...
006 (34545429.000.000) 2021-09-16 23:11:22 Image size of job updated: 1768
	1768  -  MemoryUsage of job (MB)
	1810516  -  ResidentSetSize of job (KB)
...
040 (34545429.000.000) 2021-09-16 23:11:43 Started transferring output files
...
040 (34545429.000.000) 2021-09-16 23:11:43 Finished transferring output files
...
005 (34545429.000.000) 2021-09-16 23:11:45 Job terminated.
	(1) Normal termination (return value 0)
		Usr 0 00:55:57, Sys 0 00:10:23  -  Run Remote Usage
		Usr 0 00:00:00, Sys 0 00:00:00  -  Run Local Usage
		Usr 0 00:55:57, Sys 0 00:10:23  -  Total Remote Usage
		Usr 0 00:00:00, Sys 0 00:00:00  -  Total Local Usage
	1232361  -  Run Bytes Sent By Job
	8471534  -  Run Bytes Received By Job
	1232361  -  Total Bytes Sent By Job
	8471534  -  Total Bytes Received By Job
	Partitionable Resources :    Usage  Request Allocated 
	   Cpus                 :     0.00        1         1 
	   Disk (KB)            : 25211       10000    779291 
	   Memory (MB)          :  1768        2048      2048 

	Job terminated of its own accord at 2021-09-17T04:11:43Z.
...
000 (14733689.000.000) 2021-09-24 22:35:26 Job submitted from host: <131.225.188.55:9618?addrs=131.225.188.55-9618&alias=lpcschedd1.fnal.gov&noUDP&sock=schedd_2070_6d22>
...
040 (14733689.000.000) 2021-09-25 07:56:01 Started transferring input files
	Transferring to host: <131.225.206.11:9618?addrs=131.225.206.11-9618&alias=cmswn1737.fnal.gov&noUDP&sock=slot1_4_1329_268f_7022>
...
040 (14733689.000.000) 2021-09-25 07:56:01 Finished transferring input files
...
001 (14733689.000.000) 2021-09-25 07:56:02 Job executing on host: <131.225.206.11:9618?addrs=131.225.206.11-9618&alias=cmswn1737.fnal.gov&noUDP&sock=startd_1140_860e>
...
006 (14733689.000.000) 2021-09-25 07:56:11 Image size of job updated: 43
	43  -  MemoryUsage of job (MB)
	44380  -  ResidentSetSize of job (KB)
...
006 (14733689.000.000) 2021-09-25 07:57:12 Image size of job updated: 527
	527  -  MemoryUsage of job (MB)
	540236  -  ResidentSetSize of job (KB)
...
006 (14733689.000.000) 2021-09-25 08:01:14 Image size of job updated: 578
	578  -  MemoryUsage of job (MB)
	592568  -  ResidentSetSize of job (KB)
...
006 (14733689.000.000) 2021-09-25 08:02:15 Image size of job updated: 627
	627  -  MemoryUsage of job (MB)
	642872  -  ResidentSetSize of job (KB)
...
006 (14733689.000.000) 2021-09-25 08:03:16 Image size of job updated: 669
	669  -  MemoryUsage of job (MB)
	685792  -  ResidentSetSize of job (KB)
...
006 (14733689.000.000) 2021-09-25 08:04:16 Image size of job updated: 707
	707  -  MemoryUsage of job (MB)
	724540  -  ResidentSetSize of job (KB)
...
006 (14733689.000.000) 2021-09-25 08:05:17 Image size of job updated: 743
	743  -  MemoryUsage of job (MB)
	761188  -  ResidentSetSize of job (KB)
...
006 (14733689.000.000) 2021-09-25 08:06:18 Image size of job updated: 776
	776  -  MemoryUsage of job (MB)
	795356  -  ResidentSetSize of job (KB)
...
006 (14733689.000.000) 2021-09-25 08:07:18 Image size of job updated: 810
	810  -  MemoryUsage of job (MB)
	829556  -  ResidentSetSize of job (KB)
...
006 (14733689.000.000) 2021-09-25 08:08:18 Image size of job updated: 842
	842  -  MemoryUsage of job (MB)
	862524  -  ResidentSetSize of job (KB)
...
006 (14733689.000.000) 2021-09-25 08:09:19 Image size of job updated: 871
	871  -  MemoryUsage of job (MB)
	892288  -  ResidentSetSize of job (KB)
...
006 (14733689.000.000) 2021-09-25 08:10:20 Image size of job updated: 911
	911  -  MemoryUsage of job (MB)
	933376  -  ResidentSetSize of job (KB)
...
006 (14733689.000.000) 2021-09-25 08:11:20 Image size of job updated: 936
	936  -  MemoryUsage of job (MB)
	959084  -  ResidentSetSize of job (KB)
...
006 (14733689.000.000) 2021-09-25 08:12:20 Image size of job updated: 962
	962  -  MemoryUsage of job (MB)
	985596  -  ResidentSetSize of job (KB)
...
006 (14733689.000.000) 2021-09-25 08:13:21 Image size of job updated: 988
	988  -  MemoryUsage of job (MB)
	1012104  -  ResidentSetSize of job (KB)
...
006 (14733689.000.000) 2021-09-25 08:14:21 Image size of job updated: 1014
	1014  -  MemoryUsage of job (MB)
	1038352  -  ResidentSetSize of job (KB)
...
006 (14733689.000.000) 2021-09-25 08:15:21 Image size of job updated: 1042
	1042  -  MemoryUsage of job (MB)
	1068024  -  ResidentSetSize of job (KB)
...
006 (14733689.000.000) 2021-09-25 08:16:22 Image size of job updated: 1075
	1075  -  MemoryUsage of job (MB)
	1101752  -  ResidentSetSize of job (KB)
...
006 (14733689.000.000) 2021-09-25 08:17:22 Image size of job updated: 1098
	1098  -  MemoryUsage of job (MB)
	1124800  -  ResidentSetSize of job (KB)
...
006 (14733689.000.000) 2021-09-25 08:18:22 Image size of job updated: 1120
	1120  -  MemoryUsage of job (MB)
	1147032  -  ResidentSetSize of job (KB)
...
006 (14733689.000.000) 2021-09-25 08:19:23 Image size of job updated: 1142
	1142  -  MemoryUsage of job (MB)
	1169468  -  ResidentSetSize of job (KB)
...
006 (14733689.000.000) 2021-09-25 08:20:24 Image size of job updated: 1164
	1164  -  MemoryUsage of job (MB)
	1192272  -  ResidentSetSize of job (KB)
...
006 (14733689.000.000) 2021-09-25 08:21:24 Image size of job updated: 1184
	1184  -  MemoryUsage of job (MB)
	1212704  -  ResidentSetSize of job (KB)
...
006 (14733689.000.000) 2021-09-25 08:22:25 Image size of job updated: 1204
	1204  -  MemoryUsage of job (MB)
	1233356  -  ResidentSetSize of job (KB)
...
006 (14733689.000.000) 2021-09-25 08:23:26 Image size of job updated: 1223
	1223  -  MemoryUsage of job (MB)
	1253300  -  ResidentSetSize of job (KB)
...
006 (14733689.000.000) 2021-09-25 08:24:26 Image size of job updated: 1242
	1242  -  MemoryUsage of job (MB)
	1272808  -  ResidentSetSize of job (KB)
...
006 (14733689.000.000) 2021-09-25 08:25:27 Image size of job updated: 1261
	1261  -  MemoryUsage of job (MB)
	1291808  -  ResidentSetSize of job (KB)
...
006 (14733689.000.000) 2021-09-25 08:26:28 Image size of job updated: 1279
	1279  -  MemoryUsage of job (MB)
	1310456  -  ResidentSetSize of job (KB)
...
006 (14733689.000.000) 2021-09-25 08:27:28 Image size of job updated: 1297
	1297  -  MemoryUsage of job (MB)
	1328984  -  ResidentSetSize of job (KB)
...
006 (14733689.000.000) 2021-09-25 08:28:28 Image size of job updated: 1315
	1315  -  MemoryUsage of job (MB)
	1347160  -  ResidentSetSize of job (KB)
...
006 (14733689.000.000) 2021-09-25 08:29:29 Image size of job updated: 1333
	1333  -  MemoryUsage of job (MB)
	1365132  -  ResidentSetSize of job (KB)
...
006 (14733689.000.000) 2021-09-25 08:30:30 Image size of job updated: 1350
	1350  -  MemoryUsage of job (MB)
	1383144  -  ResidentSetSize of job (KB)
...
006 (14733689.000.000) 2021-09-25 08:31:30 Image size of job updated: 1367
	1367  -  MemoryUsage of job (MB)
	1400448  -  ResidentSetSize of job (KB)
...
006 (14733689.000.000) 2021-09-25 08:32:30 Image size of job updated: 1384
	1384  -  MemoryUsage of job (MB)
	1417448  -  ResidentSetSize of job (KB)
...
006 (14733689.000.000) 2021-09-25 08:33:31 Image size of job updated: 1400
	1400  -  MemoryUsage of job (MB)
	1434480  -  ResidentSetSize of job (KB)
...
006 (14733689.000.000) 2021-09-25 08:34:31 Image size of job updated: 1417
	1417  -  MemoryUsage of job (MB)
	1451140  -  ResidentSetSize of job (KB)
...
006 (14733689.000.000) 2021-09-25 08:35:31 Image size of job updated: 1433
	1433  -  MemoryUsage of job (MB)
	1467712  -  ResidentSetSize of job (KB)
...
006 (14733689.000.000) 2021-09-25 08:36:32 Image size of job updated: 1448
	1448  -  MemoryUsage of job (MB)
	1483444  -  ResidentSetSize of job (KB)
...
006 (14733689.000.000) 2021-09-25 08:37:32 Image size of job updated: 1462
	1462  -  MemoryUsage of job (MB)
	1497276  -  ResidentSetSize of job (KB)
...
006 (14733689.000.000) 2021-09-25 08:38:32 Image size of job updated: 1477
	1477  -  MemoryUsage of job (MB)
	1513140  -  ResidentSetSize of job (KB)
...
006 (14733689.000.000) 2021-09-25 08:39:33 Image size of job updated: 1492
	1492  -  MemoryUsage of job (MB)
	1528324  -  ResidentSetSize of job (KB)
...
006 (14733689.000.000) 2021-09-25 08:40:33 Image size of job updated: 1507
	1507  -  MemoryUsage of job (MB)
	1543780  -  ResidentSetSize of job (KB)
...
006 (14733689.000.000) 2021-09-25 08:41:33 Image size of job updated: 1522
	1522  -  MemoryUsage of job (MB)
	1558992  -  ResidentSetSize of job (KB)
...
006 (14733689.000.000) 2021-09-25 08:42:34 Image size of job updated: 1541
	1541  -  MemoryUsage of job (MB)
	1578148  -  ResidentSetSize of job (KB)
...
006 (14733689.000.000) 2021-09-25 08:43:35 Image size of job updated: 1636
	1636  -  MemoryUsage of job (MB)
	1675432  -  ResidentSetSize of job (KB)
...
006 (14733689.000.000) 2021-09-25 08:44:35 Image size of job updated: 1665
	1665  -  MemoryUsage of job (MB)
	1705472  -  ResidentSetSize of job (KB)
...
006 (14733689.000.000) 2021-09-25 08:45:36 Image size of job updated: 1703
	1703  -  MemoryUsage of job (MB)
	1744036  -  ResidentSetSize of job (KB)
...
006 (14733689.000.000) 2021-09-25 08:46:37 Image size of job updated: 1715
	1715  -  MemoryUsage of job (MB)
	1756972  -  ResidentSetSize of job (KB)
...
006 (14733689.000.000) 2021-09-25 08:47:37 Image size of job updated: 1726
	1726  -  MemoryUsage of job (MB)
	1768360  -  ResidentSetSize of job (KB)
...
006 (14733689.000.000) 2021-09-25 08:48:37 Image size of job updated: 1735
	1735  -  MemoryUsage of job (MB)
	1777296  -  ResidentSetSize of job (KB)
...
006 (14733689.000.000) 2021-09-25 08:49:38 Image size of job updated: 1739
	1739  -  MemoryUsage of job (MB)
	1781592  -  ResidentSetSize of job (KB)
...
006 (14733689.000.000) 2021-09-25 08:50:38 Image size of job updated: 1744
	1744  -  MemoryUsage of job (MB)
	1786872  -  ResidentSetSize of job (KB)
...
006 (14733689.000.000) 2021-09-25 08:51:38 Image size of job updated: 1749
	1749  -  MemoryUsage of job (MB)
	1791920  -  ResidentSetSize of job (KB)
...
006 (14733689.000.000) 2021-09-25 08:52:39 Image size of job updated: 1752
	1752  -  MemoryUsage of job (MB)
	1794560  -  ResidentSetSize of job (KB)
...
006 (14733689.000.000) 2021-09-25 08:53:39 Image size of job updated: 1756
	1756  -  MemoryUsage of job (MB)
	1798244  -  ResidentSetSize of job (KB)
...
006 (14733689.000.000) 2021-09-25 08:54:39 Image size of job updated: 1758
	1758  -  MemoryUsage of job (MB)
	1800952  -  ResidentSetSize of job (KB)
...
006 (14733689.000.000) 2021-09-25 08:55:40 Image size of job updated: 1762
	1762  -  MemoryUsage of job (MB)
	1804452  -  ResidentSetSize of job (KB)
...
006 (14733689.000.000) 2021-09-25 08:56:41 Image size of job updated: 1764
	1764  -  MemoryUsage of job (MB)
	1806684  -  ResidentSetSize of job (KB)
...
006 (14733689.000.000) 2021-09-25 08:57:41 Image size of job updated: 1766
	1766  -  MemoryUsage of job (MB)
	1809088  -  ResidentSetSize of job (KB)
...
006 (14733689.000.000) 2021-09-25 08:58:23 Image size of job updated: 1766
	1766  -  MemoryUsage of job (MB)
	1809320  -  ResidentSetSize of job (KB)
...
040 (14733689.000.000) 2021-09-25 08:58:23 Started transferring output files
...
040 (14733689.000.000) 2021-09-25 08:58:23 Finished transferring output files
...
005 (14733689.000.000) 2021-09-25 08:58:25 Job terminated.
	(1) Normal termination (return value 0)
		Usr 0 00:00:00, Sys 0 00:00:00  -  Run Remote Usage
		Usr 0 00:00:00, Sys 0 00:00:00  -  Run Local Usage
		Usr 0 00:51:30, Sys 0 00:05:37  -  Total Remote Usage
		Usr 0 00:00:00, Sys 0 00:00:00  -  Total Local Usage
	1232385  -  Run Bytes Sent By Job
	8471570  -  Run Bytes Received By Job
	1232385  -  Total Bytes Sent By Job
	8471570  -  Total Bytes Received By Job
	Partitionable Resources :    Usage  Request Allocated 
	   Cpus                 :     0.00        1         1 
	   Disk (KB)            : 22524       10000    310121 
	   Memory (MB)          :  1766        2048      2048 

	Job terminated of its own accord at 2021-09-25T13:58:23Z.
...
