000 (73341066.000.000) 2021-09-16 05:50:32 Job submitted from host: <131.225.188.235:9618?addrs=131.225.188.235-9618&alias=lpcschedd3.fnal.gov&noUDP&sock=schedd_2706_ab5d>
...
040 (73341066.000.000) 2021-09-17 01:29:24 Started transferring input files
	Transferring to host: <131.225.206.111:9618?addrs=131.225.206.111-9618&alias=cmswn1773.fnal.gov&noUDP&sock=slot1_3_1242_d9ec_3080>
...
040 (73341066.000.000) 2021-09-17 01:29:24 Finished transferring input files
...
001 (73341066.000.000) 2021-09-17 01:29:25 Job executing on host: <131.225.206.111:9618?addrs=131.225.206.111-9618&alias=cmswn1773.fnal.gov&noUDP&sock=startd_1156_7f92>
...
006 (73341066.000.000) 2021-09-17 01:29:34 Image size of job updated: 29
	29  -  MemoryUsage of job (MB)
	30548  -  ResidentSetSize of job (KB)
...
006 (73341066.000.000) 2021-09-17 01:30:35 Image size of job updated: 497
	497  -  MemoryUsage of job (MB)
	509856  -  ResidentSetSize of job (KB)
...
006 (73341066.000.000) 2021-09-17 01:33:38 Image size of job updated: 551
	551  -  MemoryUsage of job (MB)
	565044  -  ResidentSetSize of job (KB)
...
006 (73341066.000.000) 2021-09-17 01:34:38 Image size of job updated: 606
	606  -  MemoryUsage of job (MB)
	621332  -  ResidentSetSize of job (KB)
...
006 (73341066.000.000) 2021-09-17 01:35:39 Image size of job updated: 652
	652  -  MemoryUsage of job (MB)
	667892  -  ResidentSetSize of job (KB)
...
006 (73341066.000.000) 2021-09-17 01:36:40 Image size of job updated: 692
	692  -  MemoryUsage of job (MB)
	708860  -  ResidentSetSize of job (KB)
...
006 (73341066.000.000) 2021-09-17 01:37:41 Image size of job updated: 729
	729  -  MemoryUsage of job (MB)
	746900  -  ResidentSetSize of job (KB)
...
006 (73341066.000.000) 2021-09-17 01:38:42 Image size of job updated: 764
	764  -  MemoryUsage of job (MB)
	782652  -  ResidentSetSize of job (KB)
...
006 (73341066.000.000) 2021-09-17 01:39:43 Image size of job updated: 797
	797  -  MemoryUsage of job (MB)
	817024  -  ResidentSetSize of job (KB)
...
006 (73341066.000.000) 2021-09-17 01:40:44 Image size of job updated: 827
	827  -  MemoryUsage of job (MB)
	847808  -  ResidentSetSize of job (KB)
...
006 (73341066.000.000) 2021-09-17 01:41:44 Image size of job updated: 859
	859  -  MemoryUsage of job (MB)
	879972  -  ResidentSetSize of job (KB)
...
006 (73341066.000.000) 2021-09-17 01:42:44 Image size of job updated: 899
	899  -  MemoryUsage of job (MB)
	920880  -  ResidentSetSize of job (KB)
...
006 (73341066.000.000) 2021-09-17 01:43:44 Image size of job updated: 924
	924  -  MemoryUsage of job (MB)
	946532  -  ResidentSetSize of job (KB)
...
006 (73341066.000.000) 2021-09-17 01:44:44 Image size of job updated: 950
	950  -  MemoryUsage of job (MB)
	973108  -  ResidentSetSize of job (KB)
...
006 (73341066.000.000) 2021-09-17 01:45:44 Image size of job updated: 977
	977  -  MemoryUsage of job (MB)
	1000928  -  ResidentSetSize of job (KB)
...
006 (73341066.000.000) 2021-09-17 01:46:44 Image size of job updated: 1003
	1003  -  MemoryUsage of job (MB)
	1027892  -  ResidentSetSize of job (KB)
...
006 (73341066.000.000) 2021-09-17 01:47:44 Image size of job updated: 1032
	1032  -  MemoryUsage of job (MB)
	1057176  -  ResidentSetSize of job (KB)
...
006 (73341066.000.000) 2021-09-17 01:48:44 Image size of job updated: 1069
	1069  -  MemoryUsage of job (MB)
	1094796  -  ResidentSetSize of job (KB)
...
006 (73341066.000.000) 2021-09-17 01:49:44 Image size of job updated: 1089
	1089  -  MemoryUsage of job (MB)
	1115312  -  ResidentSetSize of job (KB)
...
006 (73341066.000.000) 2021-09-17 01:50:44 Image size of job updated: 1112
	1112  -  MemoryUsage of job (MB)
	1138972  -  ResidentSetSize of job (KB)
...
006 (73341066.000.000) 2021-09-17 01:51:44 Image size of job updated: 1135
	1135  -  MemoryUsage of job (MB)
	1162400  -  ResidentSetSize of job (KB)
...
006 (73341066.000.000) 2021-09-17 01:52:44 Image size of job updated: 1158
	1158  -  MemoryUsage of job (MB)
	1185840  -  ResidentSetSize of job (KB)
...
006 (73341066.000.000) 2021-09-17 01:53:44 Image size of job updated: 1179
	1179  -  MemoryUsage of job (MB)
	1208052  -  ResidentSetSize of job (KB)
...
006 (73341066.000.000) 2021-09-17 01:54:44 Image size of job updated: 1200
	1200  -  MemoryUsage of job (MB)
	1229684  -  ResidentSetSize of job (KB)
...
006 (73341066.000.000) 2021-09-17 01:55:45 Image size of job updated: 1221
	1221  -  MemoryUsage of job (MB)
	1250820  -  ResidentSetSize of job (KB)
...
006 (73341066.000.000) 2021-09-17 01:56:46 Image size of job updated: 1241
	1241  -  MemoryUsage of job (MB)
	1271744  -  ResidentSetSize of job (KB)
...
006 (73341066.000.000) 2021-09-17 01:57:47 Image size of job updated: 1261
	1261  -  MemoryUsage of job (MB)
	1292284  -  ResidentSetSize of job (KB)
...
006 (73341066.000.000) 2021-09-17 01:58:47 Image size of job updated: 1279
	1279  -  MemoryUsage of job (MB)
	1310480  -  ResidentSetSize of job (KB)
...
006 (73341066.000.000) 2021-09-17 01:59:47 Image size of job updated: 1298
	1298  -  MemoryUsage of job (MB)
	1330092  -  ResidentSetSize of job (KB)
...
006 (73341066.000.000) 2021-09-17 02:00:48 Image size of job updated: 1317
	1317  -  MemoryUsage of job (MB)
	1349556  -  ResidentSetSize of job (KB)
...
006 (73341066.000.000) 2021-09-17 02:01:48 Image size of job updated: 1336
	1336  -  MemoryUsage of job (MB)
	1368856  -  ResidentSetSize of job (KB)
...
006 (73341066.000.000) 2021-09-17 02:02:49 Image size of job updated: 1354
	1354  -  MemoryUsage of job (MB)
	1387352  -  ResidentSetSize of job (KB)
...
006 (73341066.000.000) 2021-09-17 02:03:50 Image size of job updated: 1372
	1372  -  MemoryUsage of job (MB)
	1405844  -  ResidentSetSize of job (KB)
...
006 (73341066.000.000) 2021-09-17 02:04:51 Image size of job updated: 1390
	1390  -  MemoryUsage of job (MB)
	1424048  -  ResidentSetSize of job (KB)
...
006 (73341066.000.000) 2021-09-17 02:05:52 Image size of job updated: 1408
	1408  -  MemoryUsage of job (MB)
	1441952  -  ResidentSetSize of job (KB)
...
006 (73341066.000.000) 2021-09-17 02:06:53 Image size of job updated: 1425
	1425  -  MemoryUsage of job (MB)
	1459776  -  ResidentSetSize of job (KB)
...
006 (73341066.000.000) 2021-09-17 02:07:54 Image size of job updated: 1442
	1442  -  MemoryUsage of job (MB)
	1477216  -  ResidentSetSize of job (KB)
...
006 (73341066.000.000) 2021-09-17 02:08:55 Image size of job updated: 1459
	1459  -  MemoryUsage of job (MB)
	1494432  -  ResidentSetSize of job (KB)
...
006 (73341066.000.000) 2021-09-17 02:09:56 Image size of job updated: 1475
	1475  -  MemoryUsage of job (MB)
	1511412  -  ResidentSetSize of job (KB)
...
006 (73341066.000.000) 2021-09-17 02:10:57 Image size of job updated: 1492
	1492  -  MemoryUsage of job (MB)
	1528220  -  ResidentSetSize of job (KB)
...
006 (73341066.000.000) 2021-09-17 02:11:58 Image size of job updated: 1508
	1508  -  MemoryUsage of job (MB)
	1544804  -  ResidentSetSize of job (KB)
...
006 (73341066.000.000) 2021-09-17 02:12:59 Image size of job updated: 1524
	1524  -  MemoryUsage of job (MB)
	1561036  -  ResidentSetSize of job (KB)
...
006 (73341066.000.000) 2021-09-17 02:14:00 Image size of job updated: 1544
	1544  -  MemoryUsage of job (MB)
	1581280  -  ResidentSetSize of job (KB)
...
006 (73341066.000.000) 2021-09-17 02:15:01 Image size of job updated: 1666
	1666  -  MemoryUsage of job (MB)
	1706068  -  ResidentSetSize of job (KB)
...
006 (73341066.000.000) 2021-09-17 02:16:02 Image size of job updated: 1687
	1687  -  MemoryUsage of job (MB)
	1728424  -  ResidentSetSize of job (KB)
...
006 (73341066.000.000) 2021-09-17 02:17:03 Image size of job updated: 1698
	1698  -  MemoryUsage of job (MB)
	1739624  -  ResidentSetSize of job (KB)
...
006 (73341066.000.000) 2021-09-17 02:18:04 Image size of job updated: 1705
	1705  -  MemoryUsage of job (MB)
	1746856  -  ResidentSetSize of job (KB)
...
006 (73341066.000.000) 2021-09-17 02:19:05 Image size of job updated: 1711
	1711  -  MemoryUsage of job (MB)
	1753076  -  ResidentSetSize of job (KB)
...
006 (73341066.000.000) 2021-09-17 02:20:05 Image size of job updated: 1717
	1717  -  MemoryUsage of job (MB)
	1758344  -  ResidentSetSize of job (KB)
...
006 (73341066.000.000) 2021-09-17 02:21:05 Image size of job updated: 1720
	1720  -  MemoryUsage of job (MB)
	1762172  -  ResidentSetSize of job (KB)
...
006 (73341066.000.000) 2021-09-17 02:22:05 Image size of job updated: 1724
	1724  -  MemoryUsage of job (MB)
	1766356  -  ResidentSetSize of job (KB)
...
006 (73341066.000.000) 2021-09-17 02:23:05 Image size of job updated: 1729
	1729  -  MemoryUsage of job (MB)
	1770740  -  ResidentSetSize of job (KB)
...
006 (73341066.000.000) 2021-09-17 02:24:05 Image size of job updated: 1732
	1732  -  MemoryUsage of job (MB)
	1774392  -  ResidentSetSize of job (KB)
...
006 (73341066.000.000) 2021-09-17 02:25:06 Image size of job updated: 1736
	1736  -  MemoryUsage of job (MB)
	1778060  -  ResidentSetSize of job (KB)
...
006 (73341066.000.000) 2021-09-17 02:26:07 Image size of job updated: 1741
	1741  -  MemoryUsage of job (MB)
	1783516  -  ResidentSetSize of job (KB)
...
006 (73341066.000.000) 2021-09-17 02:27:08 Image size of job updated: 1744
	1744  -  MemoryUsage of job (MB)
	1786532  -  ResidentSetSize of job (KB)
...
006 (73341066.000.000) 2021-09-17 02:28:09 Image size of job updated: 1746
	1746  -  MemoryUsage of job (MB)
	1788808  -  ResidentSetSize of job (KB)
...
040 (73341066.000.000) 2021-09-17 02:28:29 Started transferring output files
...
040 (73341066.000.000) 2021-09-17 02:28:30 Finished transferring output files
...
005 (73341066.000.000) 2021-09-17 02:28:30 Job terminated.
	(1) Normal termination (return value 0)
		Usr 0 00:00:00, Sys 0 00:00:00  -  Run Remote Usage
		Usr 0 00:00:00, Sys 0 00:00:00  -  Run Local Usage
		Usr 0 00:49:30, Sys 0 00:04:40  -  Total Remote Usage
		Usr 0 00:00:00, Sys 0 00:00:00  -  Total Local Usage
	1233253  -  Run Bytes Sent By Job
	8471534  -  Run Bytes Received By Job
	1233253  -  Total Bytes Sent By Job
	8471534  -  Total Bytes Received By Job
	Partitionable Resources :    Usage  Request Allocated 
	   Cpus                 :     0.00        1         1 
	   Disk (KB)            : 24429       10000    320996 
	   Memory (MB)          :  1746        2048      2048 

	Job terminated of its own accord at 2021-09-17T07:28:29Z.
...
000 (14733746.000.000) 2021-09-24 22:36:15 Job submitted from host: <131.225.188.55:9618?addrs=131.225.188.55-9618&alias=lpcschedd1.fnal.gov&noUDP&sock=schedd_2070_6d22>
...
040 (14733746.000.000) 2021-09-25 08:05:49 Started transferring input files
	Transferring to host: <131.225.188.14:9618?addrs=131.225.188.14-9618&alias=cmswn2019.fnal.gov&noUDP&sock=slot1_51_2033_2eac_4271>
...
040 (14733746.000.000) 2021-09-25 08:05:49 Finished transferring input files
...
001 (14733746.000.000) 2021-09-25 08:05:50 Job executing on host: <131.225.188.14:9618?addrs=131.225.188.14-9618&alias=cmswn2019.fnal.gov&noUDP&sock=startd_1898_72d7>
...
006 (14733746.000.000) 2021-09-25 08:05:59 Image size of job updated: 19
	19  -  MemoryUsage of job (MB)
	19680  -  ResidentSetSize of job (KB)
...
006 (14733746.000.000) 2021-09-25 08:07:00 Image size of job updated: 446
	446  -  MemoryUsage of job (MB)
	457660  -  ResidentSetSize of job (KB)
...
006 (14733746.000.000) 2021-09-25 08:08:01 Image size of job updated: 527
	527  -  MemoryUsage of job (MB)
	540228  -  ResidentSetSize of job (KB)
...
006 (14733746.000.000) 2021-09-25 08:12:05 Image size of job updated: 542
	542  -  MemoryUsage of job (MB)
	555208  -  ResidentSetSize of job (KB)
...
006 (14733746.000.000) 2021-09-25 08:13:07 Image size of job updated: 583
	583  -  MemoryUsage of job (MB)
	597584  -  ResidentSetSize of job (KB)
...
006 (14733746.000.000) 2021-09-25 08:14:08 Image size of job updated: 625
	625  -  MemoryUsage of job (MB)
	640428  -  ResidentSetSize of job (KB)
...
006 (14733746.000.000) 2021-09-25 08:15:09 Image size of job updated: 660
	660  -  MemoryUsage of job (MB)
	675988  -  ResidentSetSize of job (KB)
...
006 (14733746.000.000) 2021-09-25 08:16:10 Image size of job updated: 694
	694  -  MemoryUsage of job (MB)
	710948  -  ResidentSetSize of job (KB)
...
006 (14733746.000.000) 2021-09-25 08:17:11 Image size of job updated: 725
	725  -  MemoryUsage of job (MB)
	743060  -  ResidentSetSize of job (KB)
...
006 (14733746.000.000) 2021-09-25 08:18:11 Image size of job updated: 752
	752  -  MemoryUsage of job (MB)
	770504  -  ResidentSetSize of job (KB)
...
006 (14733746.000.000) 2021-09-25 08:19:11 Image size of job updated: 781
	781  -  MemoryUsage of job (MB)
	799952  -  ResidentSetSize of job (KB)
...
006 (14733746.000.000) 2021-09-25 08:20:11 Image size of job updated: 810
	810  -  MemoryUsage of job (MB)
	829788  -  ResidentSetSize of job (KB)
...
006 (14733746.000.000) 2021-09-25 08:21:11 Image size of job updated: 839
	839  -  MemoryUsage of job (MB)
	859384  -  ResidentSetSize of job (KB)
...
006 (14733746.000.000) 2021-09-25 08:22:12 Image size of job updated: 865
	865  -  MemoryUsage of job (MB)
	886360  -  ResidentSetSize of job (KB)
...
006 (14733746.000.000) 2021-09-25 08:23:14 Image size of job updated: 902
	902  -  MemoryUsage of job (MB)
	924524  -  ResidentSetSize of job (KB)
...
006 (14733746.000.000) 2021-09-25 08:24:15 Image size of job updated: 929
	929  -  MemoryUsage of job (MB)
	951336  -  ResidentSetSize of job (KB)
...
006 (14733746.000.000) 2021-09-25 08:25:15 Image size of job updated: 950
	950  -  MemoryUsage of job (MB)
	973268  -  ResidentSetSize of job (KB)
...
006 (14733746.000.000) 2021-09-25 08:26:15 Image size of job updated: 974
	974  -  MemoryUsage of job (MB)
	997804  -  ResidentSetSize of job (KB)
...
006 (14733746.000.000) 2021-09-25 08:27:16 Image size of job updated: 997
	997  -  MemoryUsage of job (MB)
	1021180  -  ResidentSetSize of job (KB)
...
006 (14733746.000.000) 2021-09-25 08:28:16 Image size of job updated: 1021
	1021  -  MemoryUsage of job (MB)
	1046016  -  ResidentSetSize of job (KB)
...
006 (14733746.000.000) 2021-09-25 08:29:17 Image size of job updated: 1047
	1047  -  MemoryUsage of job (MB)
	1072964  -  ResidentSetSize of job (KB)
...
006 (14733746.000.000) 2021-09-25 08:30:18 Image size of job updated: 1076
	1076  -  MemoryUsage of job (MB)
	1102524  -  ResidentSetSize of job (KB)
...
006 (14733746.000.000) 2021-09-25 08:31:19 Image size of job updated: 1097
	1097  -  MemoryUsage of job (MB)
	1123488  -  ResidentSetSize of job (KB)
...
006 (14733746.000.000) 2021-09-25 08:32:19 Image size of job updated: 1116
	1116  -  MemoryUsage of job (MB)
	1143568  -  ResidentSetSize of job (KB)
...
006 (14733746.000.000) 2021-09-25 08:33:19 Image size of job updated: 1136
	1136  -  MemoryUsage of job (MB)
	1163828  -  ResidentSetSize of job (KB)
...
006 (14733746.000.000) 2021-09-25 08:34:19 Image size of job updated: 1156
	1156  -  MemoryUsage of job (MB)
	1184388  -  ResidentSetSize of job (KB)
...
006 (14733746.000.000) 2021-09-25 08:35:20 Image size of job updated: 1175
	1175  -  MemoryUsage of job (MB)
	1203864  -  ResidentSetSize of job (KB)
...
006 (14733746.000.000) 2021-09-25 08:36:21 Image size of job updated: 1194
	1194  -  MemoryUsage of job (MB)
	1223040  -  ResidentSetSize of job (KB)
...
006 (14733746.000.000) 2021-09-25 08:37:21 Image size of job updated: 1212
	1212  -  MemoryUsage of job (MB)
	1241924  -  ResidentSetSize of job (KB)
...
006 (14733746.000.000) 2021-09-25 08:38:22 Image size of job updated: 1230
	1230  -  MemoryUsage of job (MB)
	1260420  -  ResidentSetSize of job (KB)
...
006 (14733746.000.000) 2021-09-25 08:39:23 Image size of job updated: 1248
	1248  -  MemoryUsage of job (MB)
	1278668  -  ResidentSetSize of job (KB)
...
006 (14733746.000.000) 2021-09-25 08:40:23 Image size of job updated: 1265
	1265  -  MemoryUsage of job (MB)
	1295376  -  ResidentSetSize of job (KB)
...
006 (14733746.000.000) 2021-09-25 08:41:24 Image size of job updated: 1282
	1282  -  MemoryUsage of job (MB)
	1313040  -  ResidentSetSize of job (KB)
...
006 (14733746.000.000) 2021-09-25 08:42:24 Image size of job updated: 1299
	1299  -  MemoryUsage of job (MB)
	1330496  -  ResidentSetSize of job (KB)
...
006 (14733746.000.000) 2021-09-25 08:43:25 Image size of job updated: 1316
	1316  -  MemoryUsage of job (MB)
	1347728  -  ResidentSetSize of job (KB)
...
006 (14733746.000.000) 2021-09-25 08:44:26 Image size of job updated: 1332
	1332  -  MemoryUsage of job (MB)
	1364232  -  ResidentSetSize of job (KB)
...
006 (14733746.000.000) 2021-09-25 08:45:26 Image size of job updated: 1348
	1348  -  MemoryUsage of job (MB)
	1381092  -  ResidentSetSize of job (KB)
...
006 (14733746.000.000) 2021-09-25 08:46:27 Image size of job updated: 1364
	1364  -  MemoryUsage of job (MB)
	1397688  -  ResidentSetSize of job (KB)
...
006 (14733746.000.000) 2021-09-25 08:47:28 Image size of job updated: 1380
	1380  -  MemoryUsage of job (MB)
	1413652  -  ResidentSetSize of job (KB)
...
006 (14733746.000.000) 2021-09-25 08:48:29 Image size of job updated: 1396
	1396  -  MemoryUsage of job (MB)
	1429864  -  ResidentSetSize of job (KB)
...
006 (14733746.000.000) 2021-09-25 08:49:30 Image size of job updated: 1411
	1411  -  MemoryUsage of job (MB)
	1445840  -  ResidentSetSize of job (KB)
...
006 (14733746.000.000) 2021-09-25 08:50:31 Image size of job updated: 1426
	1426  -  MemoryUsage of job (MB)
	1461136  -  ResidentSetSize of job (KB)
...
006 (14733746.000.000) 2021-09-25 08:51:31 Image size of job updated: 1442
	1442  -  MemoryUsage of job (MB)
	1476764  -  ResidentSetSize of job (KB)
...
006 (14733746.000.000) 2021-09-25 08:52:31 Image size of job updated: 1456
	1456  -  MemoryUsage of job (MB)
	1491716  -  ResidentSetSize of job (KB)
...
006 (14733746.000.000) 2021-09-25 08:53:32 Image size of job updated: 1471
	1471  -  MemoryUsage of job (MB)
	1506996  -  ResidentSetSize of job (KB)
...
006 (14733746.000.000) 2021-09-25 08:54:32 Image size of job updated: 1486
	1486  -  MemoryUsage of job (MB)
	1522064  -  ResidentSetSize of job (KB)
...
006 (14733746.000.000) 2021-09-25 08:55:33 Image size of job updated: 1500
	1500  -  MemoryUsage of job (MB)
	1536976  -  ResidentSetSize of job (KB)
...
006 (14733746.000.000) 2021-09-25 08:56:34 Image size of job updated: 1515
	1515  -  MemoryUsage of job (MB)
	1551796  -  ResidentSetSize of job (KB)
...
006 (14733746.000.000) 2021-09-25 08:57:34 Image size of job updated: 1529
	1529  -  MemoryUsage of job (MB)
	1566504  -  ResidentSetSize of job (KB)
...
006 (14733746.000.000) 2021-09-25 08:58:35 Image size of job updated: 1548
	1548  -  MemoryUsage of job (MB)
	1585216  -  ResidentSetSize of job (KB)
...
006 (14733746.000.000) 2021-09-25 08:59:35 Image size of job updated: 1625
	1625  -  MemoryUsage of job (MB)
	1665020  -  ResidentSetSize of job (KB)
...
006 (14733746.000.000) 2021-09-25 09:00:36 Image size of job updated: 1646
	1646  -  MemoryUsage of job (MB)
	1685512  -  ResidentSetSize of job (KB)
...
006 (14733746.000.000) 2021-09-25 09:01:37 Image size of job updated: 1654
	1654  -  MemoryUsage of job (MB)
	1694496  -  ResidentSetSize of job (KB)
...
006 (14733746.000.000) 2021-09-25 09:02:38 Image size of job updated: 1658
	1658  -  MemoryUsage of job (MB)
	1698812  -  ResidentSetSize of job (KB)
...
006 (14733746.000.000) 2021-09-25 09:03:39 Image size of job updated: 1662
	1662  -  MemoryUsage of job (MB)
	1702740  -  ResidentSetSize of job (KB)
...
006 (14733746.000.000) 2021-09-25 09:04:40 Image size of job updated: 1667
	1667  -  MemoryUsage of job (MB)
	1707396  -  ResidentSetSize of job (KB)
...
006 (14733746.000.000) 2021-09-25 09:05:40 Image size of job updated: 1671
	1671  -  MemoryUsage of job (MB)
	1711576  -  ResidentSetSize of job (KB)
...
006 (14733746.000.000) 2021-09-25 09:06:41 Image size of job updated: 1675
	1675  -  MemoryUsage of job (MB)
	1715216  -  ResidentSetSize of job (KB)
...
006 (14733746.000.000) 2021-09-25 09:07:42 Image size of job updated: 1676
	1676  -  MemoryUsage of job (MB)
	1717220  -  ResidentSetSize of job (KB)
...
006 (14733746.000.000) 2021-09-25 09:08:43 Image size of job updated: 1679
	1679  -  MemoryUsage of job (MB)
	1720120  -  ResidentSetSize of job (KB)
...
006 (14733746.000.000) 2021-09-25 09:09:45 Image size of job updated: 1683
	1683  -  MemoryUsage of job (MB)
	1723916  -  ResidentSetSize of job (KB)
...
006 (14733746.000.000) 2021-09-25 09:10:46 Image size of job updated: 1685
	1685  -  MemoryUsage of job (MB)
	1725940  -  ResidentSetSize of job (KB)
...
006 (14733746.000.000) 2021-09-25 09:11:47 Image size of job updated: 1686
	1686  -  MemoryUsage of job (MB)
	1727304  -  ResidentSetSize of job (KB)
...
006 (14733746.000.000) 2021-09-25 09:12:48 Image size of job updated: 1687
	1687  -  MemoryUsage of job (MB)
	1728380  -  ResidentSetSize of job (KB)
...
006 (14733746.000.000) 2021-09-25 09:13:50 Image size of job updated: 1690
	1690  -  MemoryUsage of job (MB)
	1731384  -  ResidentSetSize of job (KB)
...
006 (14733746.000.000) 2021-09-25 09:14:50 Image size of job updated: 1692
	1692  -  MemoryUsage of job (MB)
	1733308  -  ResidentSetSize of job (KB)
...
006 (14733746.000.000) 2021-09-25 09:15:51 Image size of job updated: 1693
	1693  -  MemoryUsage of job (MB)
	1734028  -  ResidentSetSize of job (KB)
...
006 (14733746.000.000) 2021-09-25 09:16:52 Image size of job updated: 1693
	1693  -  MemoryUsage of job (MB)
	1734580  -  ResidentSetSize of job (KB)
...
006 (14733746.000.000) 2021-09-25 09:17:52 Image size of job updated: 1696
	1696  -  MemoryUsage of job (MB)
	1737288  -  ResidentSetSize of job (KB)
...
006 (14733746.000.000) 2021-09-25 09:18:52 Image size of job updated: 1698
	1698  -  MemoryUsage of job (MB)
	1739176  -  ResidentSetSize of job (KB)
...
006 (14733746.000.000) 2021-09-25 09:19:54 Image size of job updated: 1700
	1700  -  MemoryUsage of job (MB)
	1740932  -  ResidentSetSize of job (KB)
...
006 (14733746.000.000) 2021-09-25 09:20:54 Image size of job updated: 1701
	1701  -  MemoryUsage of job (MB)
	1742032  -  ResidentSetSize of job (KB)
...
006 (14733746.000.000) 2021-09-25 09:21:54 Image size of job updated: 1701
	1701  -  MemoryUsage of job (MB)
	1742612  -  ResidentSetSize of job (KB)
...
006 (14733746.000.000) 2021-09-25 09:22:54 Image size of job updated: 1703
	1703  -  MemoryUsage of job (MB)
	1743992  -  ResidentSetSize of job (KB)
...
006 (14733746.000.000) 2021-09-25 09:23:55 Image size of job updated: 1704
	1704  -  MemoryUsage of job (MB)
	1745280  -  ResidentSetSize of job (KB)
...
006 (14733746.000.000) 2021-09-25 09:24:56 Image size of job updated: 1705
	1705  -  MemoryUsage of job (MB)
	1746512  -  ResidentSetSize of job (KB)
...
006 (14733746.000.000) 2021-09-25 09:25:56 Image size of job updated: 1706
	1706  -  MemoryUsage of job (MB)
	1747092  -  ResidentSetSize of job (KB)
...
006 (14733746.000.000) 2021-09-25 09:26:56 Image size of job updated: 1706
	1706  -  MemoryUsage of job (MB)
	1747848  -  ResidentSetSize of job (KB)
...
006 (14733746.000.000) 2021-09-25 09:27:57 Image size of job updated: 1707
	1707  -  MemoryUsage of job (MB)
	1748556  -  ResidentSetSize of job (KB)
...
006 (14733746.000.000) 2021-09-25 09:28:58 Image size of job updated: 1708
	1708  -  MemoryUsage of job (MB)
	1749260  -  ResidentSetSize of job (KB)
...
006 (14733746.000.000) 2021-09-25 09:30:00 Image size of job updated: 1708
	1708  -  MemoryUsage of job (MB)
	1749864  -  ResidentSetSize of job (KB)
...
006 (14733746.000.000) 2021-09-25 09:31:00 Image size of job updated: 1709
	1709  -  MemoryUsage of job (MB)
	1750220  -  ResidentSetSize of job (KB)
...
006 (14733746.000.000) 2021-09-25 09:32:00 Image size of job updated: 1709
	1709  -  MemoryUsage of job (MB)
	1751008  -  ResidentSetSize of job (KB)
...
006 (14733746.000.000) 2021-09-25 09:33:01 Image size of job updated: 1710
	1710  -  MemoryUsage of job (MB)
	1751660  -  ResidentSetSize of job (KB)
...
006 (14733746.000.000) 2021-09-25 09:34:02 Image size of job updated: 1711
	1711  -  MemoryUsage of job (MB)
	1752236  -  ResidentSetSize of job (KB)
...
006 (14733746.000.000) 2021-09-25 09:35:02 Image size of job updated: 1712
	1712  -  MemoryUsage of job (MB)
	1753156  -  ResidentSetSize of job (KB)
...
006 (14733746.000.000) 2021-09-25 09:36:02 Image size of job updated: 1712
	1712  -  MemoryUsage of job (MB)
	1753712  -  ResidentSetSize of job (KB)
...
006 (14733746.000.000) 2021-09-25 09:37:02 Image size of job updated: 1713
	1713  -  MemoryUsage of job (MB)
	1754432  -  ResidentSetSize of job (KB)
...
006 (14733746.000.000) 2021-09-25 09:38:02 Image size of job updated: 1714
	1714  -  MemoryUsage of job (MB)
	1755160  -  ResidentSetSize of job (KB)
...
006 (14733746.000.000) 2021-09-25 09:39:03 Image size of job updated: 1714
	1714  -  MemoryUsage of job (MB)
	1756024  -  ResidentSetSize of job (KB)
...
006 (14733746.000.000) 2021-09-25 09:40:03 Image size of job updated: 1715
	1715  -  MemoryUsage of job (MB)
	1756768  -  ResidentSetSize of job (KB)
...
006 (14733746.000.000) 2021-09-25 09:41:04 Image size of job updated: 1716
	1716  -  MemoryUsage of job (MB)
	1757252  -  ResidentSetSize of job (KB)
...
006 (14733746.000.000) 2021-09-25 09:42:04 Image size of job updated: 1717
	1717  -  MemoryUsage of job (MB)
	1758252  -  ResidentSetSize of job (KB)
...
006 (14733746.000.000) 2021-09-25 09:43:05 Image size of job updated: 1717
	1717  -  MemoryUsage of job (MB)
	1758700  -  ResidentSetSize of job (KB)
...
006 (14733746.000.000) 2021-09-25 09:44:07 Image size of job updated: 1718
	1718  -  MemoryUsage of job (MB)
	1759472  -  ResidentSetSize of job (KB)
...
006 (14733746.000.000) 2021-09-25 09:45:08 Image size of job updated: 1718
	1718  -  MemoryUsage of job (MB)
	1760196  -  ResidentSetSize of job (KB)
...
006 (14733746.000.000) 2021-09-25 09:46:09 Image size of job updated: 1719
	1719  -  MemoryUsage of job (MB)
	1760568  -  ResidentSetSize of job (KB)
...
006 (14733746.000.000) 2021-09-25 09:47:11 Image size of job updated: 1719
	1719  -  MemoryUsage of job (MB)
	1761136  -  ResidentSetSize of job (KB)
...
006 (14733746.000.000) 2021-09-25 09:48:12 Image size of job updated: 1720
	1720  -  MemoryUsage of job (MB)
	1761712  -  ResidentSetSize of job (KB)
...
006 (14733746.000.000) 2021-09-25 09:49:13 Image size of job updated: 1721
	1721  -  MemoryUsage of job (MB)
	1762360  -  ResidentSetSize of job (KB)
...
006 (14733746.000.000) 2021-09-25 09:50:13 Image size of job updated: 1721
	1721  -  MemoryUsage of job (MB)
	1763064  -  ResidentSetSize of job (KB)
...
006 (14733746.000.000) 2021-09-25 09:51:13 Image size of job updated: 1721
	1721  -  MemoryUsage of job (MB)
	1763304  -  ResidentSetSize of job (KB)
...
006 (14733746.000.000) 2021-09-25 09:52:14 Image size of job updated: 1722
	1722  -  MemoryUsage of job (MB)
	1763756  -  ResidentSetSize of job (KB)
...
006 (14733746.000.000) 2021-09-25 09:53:14 Image size of job updated: 1722
	1722  -  MemoryUsage of job (MB)
	1764208  -  ResidentSetSize of job (KB)
...
006 (14733746.000.000) 2021-09-25 09:54:14 Image size of job updated: 1723
	1723  -  MemoryUsage of job (MB)
	1764632  -  ResidentSetSize of job (KB)
...
006 (14733746.000.000) 2021-09-25 09:55:15 Image size of job updated: 1723
	1723  -  MemoryUsage of job (MB)
	1765244  -  ResidentSetSize of job (KB)
...
006 (14733746.000.000) 2021-09-25 09:56:15 Image size of job updated: 1723
	1723  -  MemoryUsage of job (MB)
	1765352  -  ResidentSetSize of job (KB)
...
006 (14733746.000.000) 2021-09-25 09:57:16 Image size of job updated: 1724
	1724  -  MemoryUsage of job (MB)
	1765560  -  ResidentSetSize of job (KB)
...
006 (14733746.000.000) 2021-09-25 09:58:18 Image size of job updated: 1724
	1724  -  MemoryUsage of job (MB)
	1766044  -  ResidentSetSize of job (KB)
...
006 (14733746.000.000) 2021-09-25 09:59:18 Image size of job updated: 1725
	1725  -  MemoryUsage of job (MB)
	1767408  -  ResidentSetSize of job (KB)
...
006 (14733746.000.000) 2021-09-25 10:00:18 Image size of job updated: 1726
	1726  -  MemoryUsage of job (MB)
	1768108  -  ResidentSetSize of job (KB)
...
006 (14733746.000.000) 2021-09-25 10:01:18 Image size of job updated: 1727
	1727  -  MemoryUsage of job (MB)
	1768572  -  ResidentSetSize of job (KB)
...
006 (14733746.000.000) 2021-09-25 10:02:19 Image size of job updated: 1727
	1727  -  MemoryUsage of job (MB)
	1768868  -  ResidentSetSize of job (KB)
...
006 (14733746.000.000) 2021-09-25 10:03:19 Image size of job updated: 1727
	1727  -  MemoryUsage of job (MB)
	1769076  -  ResidentSetSize of job (KB)
...
006 (14733746.000.000) 2021-09-25 10:04:20 Image size of job updated: 1727
	1727  -  MemoryUsage of job (MB)
	1769176  -  ResidentSetSize of job (KB)
...
006 (14733746.000.000) 2021-09-25 10:05:21 Image size of job updated: 1728
	1728  -  MemoryUsage of job (MB)
	1770320  -  ResidentSetSize of job (KB)
...
006 (14733746.000.000) 2021-09-25 10:06:21 Image size of job updated: 1729
	1729  -  MemoryUsage of job (MB)
	1771188  -  ResidentSetSize of job (KB)
...
006 (14733746.000.000) 2021-09-25 10:07:22 Image size of job updated: 1730
	1730  -  MemoryUsage of job (MB)
	1771648  -  ResidentSetSize of job (KB)
...
006 (14733746.000.000) 2021-09-25 10:08:22 Image size of job updated: 1730
	1730  -  MemoryUsage of job (MB)
	1772356  -  ResidentSetSize of job (KB)
...
006 (14733746.000.000) 2021-09-25 10:09:22 Image size of job updated: 1731
	1731  -  MemoryUsage of job (MB)
	1772756  -  ResidentSetSize of job (KB)
...
006 (14733746.000.000) 2021-09-25 10:10:22 Image size of job updated: 1731
	1731  -  MemoryUsage of job (MB)
	1773112  -  ResidentSetSize of job (KB)
...
006 (14733746.000.000) 2021-09-25 10:11:24 Image size of job updated: 1732
	1732  -  MemoryUsage of job (MB)
	1773832  -  ResidentSetSize of job (KB)
...
006 (14733746.000.000) 2021-09-25 10:12:24 Image size of job updated: 1732
	1732  -  MemoryUsage of job (MB)
	1773952  -  ResidentSetSize of job (KB)
...
006 (14733746.000.000) 2021-09-25 10:13:24 Image size of job updated: 1732
	1732  -  MemoryUsage of job (MB)
	1774096  -  ResidentSetSize of job (KB)
...
006 (14733746.000.000) 2021-09-25 10:14:24 Image size of job updated: 1732
	1732  -  MemoryUsage of job (MB)
	1774588  -  ResidentSetSize of job (KB)
...
006 (14733746.000.000) 2021-09-25 10:15:25 Image size of job updated: 1733
	1733  -  MemoryUsage of job (MB)
	1775116  -  ResidentSetSize of job (KB)
...
006 (14733746.000.000) 2021-09-25 10:16:27 Image size of job updated: 1734
	1734  -  MemoryUsage of job (MB)
	1775716  -  ResidentSetSize of job (KB)
...
006 (14733746.000.000) 2021-09-25 10:17:29 Image size of job updated: 1734
	1734  -  MemoryUsage of job (MB)
	1776200  -  ResidentSetSize of job (KB)
...
006 (14733746.000.000) 2021-09-25 10:18:30 Image size of job updated: 1734
	1734  -  MemoryUsage of job (MB)
	1776500  -  ResidentSetSize of job (KB)
...
006 (14733746.000.000) 2021-09-25 10:19:31 Image size of job updated: 1735
	1735  -  MemoryUsage of job (MB)
	1776868  -  ResidentSetSize of job (KB)
...
006 (14733746.000.000) 2021-09-25 10:20:31 Image size of job updated: 1735
	1735  -  MemoryUsage of job (MB)
	1777220  -  ResidentSetSize of job (KB)
...
006 (14733746.000.000) 2021-09-25 10:21:31 Image size of job updated: 1736
	1736  -  MemoryUsage of job (MB)
	1778080  -  ResidentSetSize of job (KB)
...
006 (14733746.000.000) 2021-09-25 10:22:32 Image size of job updated: 1736
	1736  -  MemoryUsage of job (MB)
	1778504  -  ResidentSetSize of job (KB)
...
006 (14733746.000.000) 2021-09-25 10:23:32 Image size of job updated: 1737
	1737  -  MemoryUsage of job (MB)
	1779152  -  ResidentSetSize of job (KB)
...
006 (14733746.000.000) 2021-09-25 10:24:33 Image size of job updated: 1738
	1738  -  MemoryUsage of job (MB)
	1779712  -  ResidentSetSize of job (KB)
...
006 (14733746.000.000) 2021-09-25 10:25:34 Image size of job updated: 1738
	1738  -  MemoryUsage of job (MB)
	1780372  -  ResidentSetSize of job (KB)
...
006 (14733746.000.000) 2021-09-25 10:26:36 Image size of job updated: 1739
	1739  -  MemoryUsage of job (MB)
	1781224  -  ResidentSetSize of job (KB)
...
006 (14733746.000.000) 2021-09-25 10:27:38 Image size of job updated: 1740
	1740  -  MemoryUsage of job (MB)
	1781924  -  ResidentSetSize of job (KB)
...
006 (14733746.000.000) 2021-09-25 10:28:39 Image size of job updated: 1741
	1741  -  MemoryUsage of job (MB)
	1782840  -  ResidentSetSize of job (KB)
...
006 (14733746.000.000) 2021-09-25 10:29:40 Image size of job updated: 1741
	1741  -  MemoryUsage of job (MB)
	1783116  -  ResidentSetSize of job (KB)
...
006 (14733746.000.000) 2021-09-25 10:30:42 Image size of job updated: 1741
	1741  -  MemoryUsage of job (MB)
	1783776  -  ResidentSetSize of job (KB)
...
006 (14733746.000.000) 2021-09-25 10:31:42 Image size of job updated: 1742
	1742  -  MemoryUsage of job (MB)
	1784144  -  ResidentSetSize of job (KB)
...
006 (14733746.000.000) 2021-09-25 10:32:43 Image size of job updated: 1743
	1743  -  MemoryUsage of job (MB)
	1784844  -  ResidentSetSize of job (KB)
...
006 (14733746.000.000) 2021-09-25 10:33:44 Image size of job updated: 1743
	1743  -  MemoryUsage of job (MB)
	1785168  -  ResidentSetSize of job (KB)
...
006 (14733746.000.000) 2021-09-25 10:34:44 Image size of job updated: 1743
	1743  -  MemoryUsage of job (MB)
	1785316  -  ResidentSetSize of job (KB)
...
006 (14733746.000.000) 2021-09-25 10:35:44 Image size of job updated: 1744
	1744  -  MemoryUsage of job (MB)
	1785988  -  ResidentSetSize of job (KB)
...
006 (14733746.000.000) 2021-09-25 10:36:44 Image size of job updated: 1745
	1745  -  MemoryUsage of job (MB)
	1787060  -  ResidentSetSize of job (KB)
...
006 (14733746.000.000) 2021-09-25 10:37:45 Image size of job updated: 1746
	1746  -  MemoryUsage of job (MB)
	1787924  -  ResidentSetSize of job (KB)
...
006 (14733746.000.000) 2021-09-25 10:38:45 Image size of job updated: 1746
	1746  -  MemoryUsage of job (MB)
	1788760  -  ResidentSetSize of job (KB)
...
006 (14733746.000.000) 2021-09-25 10:39:46 Image size of job updated: 1747
	1747  -  MemoryUsage of job (MB)
	1789260  -  ResidentSetSize of job (KB)
...
006 (14733746.000.000) 2021-09-25 10:40:47 Image size of job updated: 1747
	1747  -  MemoryUsage of job (MB)
	1789844  -  ResidentSetSize of job (KB)
...
006 (14733746.000.000) 2021-09-25 10:41:48 Image size of job updated: 1748
	1748  -  MemoryUsage of job (MB)
	1790376  -  ResidentSetSize of job (KB)
...
006 (14733746.000.000) 2021-09-25 10:42:50 Image size of job updated: 1748
	1748  -  MemoryUsage of job (MB)
	1790652  -  ResidentSetSize of job (KB)
...
040 (14733746.000.000) 2021-09-25 10:43:12 Started transferring output files
...
040 (14733746.000.000) 2021-09-25 10:43:12 Finished transferring output files
...
005 (14733746.000.000) 2021-09-25 10:43:14 Job terminated.
	(1) Normal termination (return value 0)
		Usr 0 00:00:00, Sys 0 00:00:00  -  Run Remote Usage
		Usr 0 00:00:00, Sys 0 00:00:00  -  Run Local Usage
		Usr 0 00:56:26, Sys 0 01:33:42  -  Total Remote Usage
		Usr 0 00:00:00, Sys 0 00:00:00  -  Total Local Usage
	1225932  -  Run Bytes Sent By Job
	8471570  -  Run Bytes Received By Job
	1225932  -  Total Bytes Sent By Job
	8471570  -  Total Bytes Received By Job
	Partitionable Resources :    Usage  Request Allocated 
	   Cpus                 :     0.00        1         1 
	   Disk (KB)            : 22206       10000   1651872 
	   Memory (MB)          :  1748        2048      2048 

	Job terminated of its own accord at 2021-09-25T15:43:12Z.
...
