000 (34545425.000.000) 2021-09-16 05:49:41 Job submitted from host: <131.225.188.57:9618?addrs=131.225.188.57-9618&alias=lpcschedd2.fnal.gov&noUDP&sock=schedd_2251_93c6>
...
040 (34545425.000.000) 2021-09-16 22:00:30 Started transferring input files
	Transferring to host: <131.225.204.74:9618?addrs=131.225.204.74-9618&alias=cmswn1678.fnal.gov&noUDP&sock=slot1_8_1257_6b8c_4930>
...
040 (34545425.000.000) 2021-09-16 22:00:31 Finished transferring input files
...
001 (34545425.000.000) 2021-09-16 22:00:32 Job executing on host: <131.225.204.74:9618?addrs=131.225.204.74-9618&alias=cmswn1678.fnal.gov&noUDP&sock=startd_1145_f407>
...
006 (34545425.000.000) 2021-09-16 22:00:40 Image size of job updated: 63
	63  -  MemoryUsage of job (MB)
	64756  -  ResidentSetSize of job (KB)
...
006 (34545425.000.000) 2021-09-16 22:01:41 Image size of job updated: 556
	556  -  MemoryUsage of job (MB)
	569376  -  ResidentSetSize of job (KB)
...
006 (34545425.000.000) 2021-09-16 22:06:43 Image size of job updated: 588
	588  -  MemoryUsage of job (MB)
	603004  -  ResidentSetSize of job (KB)
...
006 (34545425.000.000) 2021-09-16 22:07:43 Image size of job updated: 627
	627  -  MemoryUsage of job (MB)
	642820  -  ResidentSetSize of job (KB)
...
006 (34545425.000.000) 2021-09-16 22:08:43 Image size of job updated: 666
	666  -  MemoryUsage of job (MB)
	682132  -  ResidentSetSize of job (KB)
...
006 (34545425.000.000) 2021-09-16 22:09:43 Image size of job updated: 701
	701  -  MemoryUsage of job (MB)
	718468  -  ResidentSetSize of job (KB)
...
006 (34545425.000.000) 2021-09-16 22:10:43 Image size of job updated: 733
	733  -  MemoryUsage of job (MB)
	751536  -  ResidentSetSize of job (KB)
...
006 (34545425.000.000) 2021-09-16 22:11:44 Image size of job updated: 764
	764  -  MemoryUsage of job (MB)
	783328  -  ResidentSetSize of job (KB)
...
006 (34545425.000.000) 2021-09-16 22:12:45 Image size of job updated: 794
	794  -  MemoryUsage of job (MB)
	813864  -  ResidentSetSize of job (KB)
...
006 (34545425.000.000) 2021-09-16 22:13:46 Image size of job updated: 823
	823  -  MemoryUsage of job (MB)
	843772  -  ResidentSetSize of job (KB)
...
006 (34545425.000.000) 2021-09-16 22:14:47 Image size of job updated: 852
	852  -  MemoryUsage of job (MB)
	873432  -  ResidentSetSize of job (KB)
...
006 (34545425.000.000) 2021-09-16 22:15:47 Image size of job updated: 878
	878  -  MemoryUsage of job (MB)
	899804  -  ResidentSetSize of job (KB)
...
006 (34545425.000.000) 2021-09-16 22:16:48 Image size of job updated: 915
	915  -  MemoryUsage of job (MB)
	937320  -  ResidentSetSize of job (KB)
...
006 (34545425.000.000) 2021-09-16 22:17:48 Image size of job updated: 939
	939  -  MemoryUsage of job (MB)
	961636  -  ResidentSetSize of job (KB)
...
006 (34545425.000.000) 2021-09-16 22:18:48 Image size of job updated: 963
	963  -  MemoryUsage of job (MB)
	987072  -  ResidentSetSize of job (KB)
...
006 (34545425.000.000) 2021-09-16 22:19:49 Image size of job updated: 986
	986  -  MemoryUsage of job (MB)
	1010596  -  ResidentSetSize of job (KB)
...
006 (34545425.000.000) 2021-09-16 22:20:49 Image size of job updated: 1009
	1009  -  MemoryUsage of job (MB)
	1033872  -  ResidentSetSize of job (KB)
...
006 (34545425.000.000) 2021-09-16 22:21:49 Image size of job updated: 1036
	1036  -  MemoryUsage of job (MB)
	1061324  -  ResidentSetSize of job (KB)
...
006 (34545425.000.000) 2021-09-16 22:22:49 Image size of job updated: 1068
	1068  -  MemoryUsage of job (MB)
	1094644  -  ResidentSetSize of job (KB)
...
006 (34545425.000.000) 2021-09-16 22:23:49 Image size of job updated: 1088
	1088  -  MemoryUsage of job (MB)
	1114384  -  ResidentSetSize of job (KB)
...
006 (34545425.000.000) 2021-09-16 22:24:49 Image size of job updated: 1106
	1106  -  MemoryUsage of job (MB)
	1133440  -  ResidentSetSize of job (KB)
...
006 (34545425.000.000) 2021-09-16 22:25:50 Image size of job updated: 1126
	1126  -  MemoryUsage of job (MB)
	1154000  -  ResidentSetSize of job (KB)
...
006 (34545425.000.000) 2021-09-16 22:26:50 Image size of job updated: 1146
	1146  -  MemoryUsage of job (MB)
	1174044  -  ResidentSetSize of job (KB)
...
006 (34545425.000.000) 2021-09-16 22:27:50 Image size of job updated: 1165
	1165  -  MemoryUsage of job (MB)
	1193632  -  ResidentSetSize of job (KB)
...
006 (34545425.000.000) 2021-09-16 22:28:50 Image size of job updated: 1184
	1184  -  MemoryUsage of job (MB)
	1212632  -  ResidentSetSize of job (KB)
...
006 (34545425.000.000) 2021-09-16 22:29:51 Image size of job updated: 1202
	1202  -  MemoryUsage of job (MB)
	1231032  -  ResidentSetSize of job (KB)
...
006 (34545425.000.000) 2021-09-16 22:30:51 Image size of job updated: 1219
	1219  -  MemoryUsage of job (MB)
	1248900  -  ResidentSetSize of job (KB)
...
006 (34545425.000.000) 2021-09-16 22:31:51 Image size of job updated: 1237
	1237  -  MemoryUsage of job (MB)
	1267052  -  ResidentSetSize of job (KB)
...
006 (34545425.000.000) 2021-09-16 22:32:51 Image size of job updated: 1255
	1255  -  MemoryUsage of job (MB)
	1285492  -  ResidentSetSize of job (KB)
...
006 (34545425.000.000) 2021-09-16 22:33:52 Image size of job updated: 1272
	1272  -  MemoryUsage of job (MB)
	1303244  -  ResidentSetSize of job (KB)
...
006 (34545425.000.000) 2021-09-16 22:34:52 Image size of job updated: 1289
	1289  -  MemoryUsage of job (MB)
	1320560  -  ResidentSetSize of job (KB)
...
006 (34545425.000.000) 2021-09-16 22:35:53 Image size of job updated: 1305
	1305  -  MemoryUsage of job (MB)
	1337236  -  ResidentSetSize of job (KB)
...
006 (34545425.000.000) 2021-09-16 22:36:54 Image size of job updated: 1322
	1322  -  MemoryUsage of job (MB)
	1354692  -  ResidentSetSize of job (KB)
...
006 (34545425.000.000) 2021-09-16 22:37:56 Image size of job updated: 1340
	1340  -  MemoryUsage of job (MB)
	1372160  -  ResidentSetSize of job (KB)
...
006 (34545425.000.000) 2021-09-16 22:38:56 Image size of job updated: 1354
	1354  -  MemoryUsage of job (MB)
	1387236  -  ResidentSetSize of job (KB)
...
006 (34545425.000.000) 2021-09-16 22:39:56 Image size of job updated: 1370
	1370  -  MemoryUsage of job (MB)
	1403668  -  ResidentSetSize of job (KB)
...
006 (34545425.000.000) 2021-09-16 22:40:57 Image size of job updated: 1387
	1387  -  MemoryUsage of job (MB)
	1420332  -  ResidentSetSize of job (KB)
...
006 (34545425.000.000) 2021-09-16 22:41:58 Image size of job updated: 1403
	1403  -  MemoryUsage of job (MB)
	1436736  -  ResidentSetSize of job (KB)
...
006 (34545425.000.000) 2021-09-16 22:42:58 Image size of job updated: 1418
	1418  -  MemoryUsage of job (MB)
	1453052  -  ResidentSetSize of job (KB)
...
006 (34545425.000.000) 2021-09-16 22:43:58 Image size of job updated: 1434
	1434  -  MemoryUsage of job (MB)
	1468620  -  ResidentSetSize of job (KB)
...
006 (34545425.000.000) 2021-09-16 22:44:58 Image size of job updated: 1449
	1449  -  MemoryUsage of job (MB)
	1484228  -  ResidentSetSize of job (KB)
...
006 (34545425.000.000) 2021-09-16 22:45:58 Image size of job updated: 1464
	1464  -  MemoryUsage of job (MB)
	1499888  -  ResidentSetSize of job (KB)
...
006 (34545425.000.000) 2021-09-16 22:46:58 Image size of job updated: 1478
	1478  -  MemoryUsage of job (MB)
	1513832  -  ResidentSetSize of job (KB)
...
006 (34545425.000.000) 2021-09-16 22:47:58 Image size of job updated: 1493
	1493  -  MemoryUsage of job (MB)
	1529052  -  ResidentSetSize of job (KB)
...
006 (34545425.000.000) 2021-09-16 22:48:58 Image size of job updated: 1507
	1507  -  MemoryUsage of job (MB)
	1544132  -  ResidentSetSize of job (KB)
...
006 (34545425.000.000) 2021-09-16 22:49:58 Image size of job updated: 1522
	1522  -  MemoryUsage of job (MB)
	1558852  -  ResidentSetSize of job (KB)
...
006 (34545425.000.000) 2021-09-16 22:50:58 Image size of job updated: 1540
	1540  -  MemoryUsage of job (MB)
	1577820  -  ResidentSetSize of job (KB)
...
006 (34545425.000.000) 2021-09-16 22:51:58 Image size of job updated: 1647
	1647  -  MemoryUsage of job (MB)
	1687096  -  ResidentSetSize of job (KB)
...
006 (34545425.000.000) 2021-09-16 22:52:58 Image size of job updated: 1673
	1673  -  MemoryUsage of job (MB)
	1713592  -  ResidentSetSize of job (KB)
...
006 (34545425.000.000) 2021-09-16 22:53:58 Image size of job updated: 1686
	1686  -  MemoryUsage of job (MB)
	1727292  -  ResidentSetSize of job (KB)
...
006 (34545425.000.000) 2021-09-16 22:54:58 Image size of job updated: 1696
	1696  -  MemoryUsage of job (MB)
	1737632  -  ResidentSetSize of job (KB)
...
006 (34545425.000.000) 2021-09-16 22:55:58 Image size of job updated: 1702
	1702  -  MemoryUsage of job (MB)
	1743636  -  ResidentSetSize of job (KB)
...
006 (34545425.000.000) 2021-09-16 22:56:58 Image size of job updated: 1709
	1709  -  MemoryUsage of job (MB)
	1750444  -  ResidentSetSize of job (KB)
...
006 (34545425.000.000) 2021-09-16 22:57:58 Image size of job updated: 1714
	1714  -  MemoryUsage of job (MB)
	1755456  -  ResidentSetSize of job (KB)
...
006 (34545425.000.000) 2021-09-16 22:58:58 Image size of job updated: 1719
	1719  -  MemoryUsage of job (MB)
	1760824  -  ResidentSetSize of job (KB)
...
006 (34545425.000.000) 2021-09-16 22:59:58 Image size of job updated: 1724
	1724  -  MemoryUsage of job (MB)
	1765424  -  ResidentSetSize of job (KB)
...
006 (34545425.000.000) 2021-09-16 23:00:58 Image size of job updated: 1729
	1729  -  MemoryUsage of job (MB)
	1770996  -  ResidentSetSize of job (KB)
...
006 (34545425.000.000) 2021-09-16 23:01:58 Image size of job updated: 1732
	1732  -  MemoryUsage of job (MB)
	1774340  -  ResidentSetSize of job (KB)
...
006 (34545425.000.000) 2021-09-16 23:02:58 Image size of job updated: 1736
	1736  -  MemoryUsage of job (MB)
	1778112  -  ResidentSetSize of job (KB)
...
006 (34545425.000.000) 2021-09-16 23:03:58 Image size of job updated: 1740
	1740  -  MemoryUsage of job (MB)
	1781924  -  ResidentSetSize of job (KB)
...
006 (34545425.000.000) 2021-09-16 23:04:58 Image size of job updated: 1743
	1743  -  MemoryUsage of job (MB)
	1785536  -  ResidentSetSize of job (KB)
...
006 (34545425.000.000) 2021-09-16 23:05:58 Image size of job updated: 1746
	1746  -  MemoryUsage of job (MB)
	1788620  -  ResidentSetSize of job (KB)
...
006 (34545425.000.000) 2021-09-16 23:06:27 Image size of job updated: 1746
	1746  -  MemoryUsage of job (MB)
	1788864  -  ResidentSetSize of job (KB)
...
040 (34545425.000.000) 2021-09-16 23:06:27 Started transferring output files
...
040 (34545425.000.000) 2021-09-16 23:06:27 Finished transferring output files
...
005 (34545425.000.000) 2021-09-16 23:06:28 Job terminated.
	(1) Normal termination (return value 0)
		Usr 0 00:00:00, Sys 0 00:00:00  -  Run Remote Usage
		Usr 0 00:00:00, Sys 0 00:00:00  -  Run Local Usage
		Usr 0 00:55:06, Sys 0 00:06:04  -  Total Remote Usage
		Usr 0 00:00:00, Sys 0 00:00:00  -  Total Local Usage
	1232671  -  Run Bytes Sent By Job
	8471534  -  Run Bytes Received By Job
	1232671  -  Total Bytes Sent By Job
	8471534  -  Total Bytes Received By Job
	Partitionable Resources :    Usage  Request Allocated 
	   Cpus                 :     0.00        1         1 
	   Disk (KB)            : 23952       10000    307367 
	   Memory (MB)          :  1746        2048      2048 

	Job terminated of its own accord at 2021-09-17T04:06:27Z.
...
000 (73445862.000.000) 2021-09-24 22:35:19 Job submitted from host: <131.225.188.235:9618?addrs=131.225.188.235-9618&alias=lpcschedd3.fnal.gov&noUDP&sock=schedd_2706_ab5d>
...
040 (73445862.000.000) 2021-09-25 08:41:10 Started transferring input files
	Transferring to host: <131.225.205.201:9618?addrs=131.225.205.201-9618&alias=cmswn1975.fnal.gov&noUDP&sock=slot1_27_1554_aef8_4024>
...
040 (73445862.000.000) 2021-09-25 08:41:10 Finished transferring input files
...
001 (73445862.000.000) 2021-09-25 08:41:11 Job executing on host: <131.225.205.201:9618?addrs=131.225.205.201-9618&alias=cmswn1975.fnal.gov&noUDP&sock=startd_1461_b3f4>
...
006 (73445862.000.000) 2021-09-25 08:41:20 Image size of job updated: 7
	7  -  MemoryUsage of job (MB)
	7732  -  ResidentSetSize of job (KB)
...
006 (73445862.000.000) 2021-09-25 08:42:20 Image size of job updated: 527
	527  -  MemoryUsage of job (MB)
	539688  -  ResidentSetSize of job (KB)
...
006 (73445862.000.000) 2021-09-25 08:47:23 Image size of job updated: 545
	545  -  MemoryUsage of job (MB)
	558092  -  ResidentSetSize of job (KB)
...
006 (73445862.000.000) 2021-09-25 08:48:23 Image size of job updated: 587
	587  -  MemoryUsage of job (MB)
	601484  -  ResidentSetSize of job (KB)
...
006 (73445862.000.000) 2021-09-25 08:49:23 Image size of job updated: 628
	628  -  MemoryUsage of job (MB)
	643232  -  ResidentSetSize of job (KB)
...
006 (73445862.000.000) 2021-09-25 08:50:24 Image size of job updated: 663
	663  -  MemoryUsage of job (MB)
	679464  -  ResidentSetSize of job (KB)
...
006 (73445862.000.000) 2021-09-25 08:51:24 Image size of job updated: 696
	696  -  MemoryUsage of job (MB)
	713372  -  ResidentSetSize of job (KB)
...
006 (73445862.000.000) 2021-09-25 08:52:25 Image size of job updated: 728
	728  -  MemoryUsage of job (MB)
	745636  -  ResidentSetSize of job (KB)
...
006 (73445862.000.000) 2021-09-25 08:53:25 Image size of job updated: 757
	757  -  MemoryUsage of job (MB)
	775936  -  ResidentSetSize of job (KB)
...
006 (73445862.000.000) 2021-09-25 08:54:27 Image size of job updated: 789
	789  -  MemoryUsage of job (MB)
	808064  -  ResidentSetSize of job (KB)
...
006 (73445862.000.000) 2021-09-25 08:55:27 Image size of job updated: 817
	817  -  MemoryUsage of job (MB)
	836896  -  ResidentSetSize of job (KB)
...
006 (73445862.000.000) 2021-09-25 08:56:28 Image size of job updated: 845
	845  -  MemoryUsage of job (MB)
	865932  -  ResidentSetSize of job (KB)
...
006 (73445862.000.000) 2021-09-25 08:57:28 Image size of job updated: 871
	871  -  MemoryUsage of job (MB)
	892072  -  ResidentSetSize of job (KB)
...
006 (73445862.000.000) 2021-09-25 08:58:28 Image size of job updated: 907
	907  -  MemoryUsage of job (MB)
	929532  -  ResidentSetSize of job (KB)
...
006 (73445862.000.000) 2021-09-25 08:59:29 Image size of job updated: 933
	933  -  MemoryUsage of job (MB)
	955872  -  ResidentSetSize of job (KB)
...
006 (73445862.000.000) 2021-09-25 09:00:29 Image size of job updated: 957
	957  -  MemoryUsage of job (MB)
	980372  -  ResidentSetSize of job (KB)
...
006 (73445862.000.000) 2021-09-25 09:01:29 Image size of job updated: 980
	980  -  MemoryUsage of job (MB)
	1003860  -  ResidentSetSize of job (KB)
...
006 (73445862.000.000) 2021-09-25 09:02:29 Image size of job updated: 1002
	1002  -  MemoryUsage of job (MB)
	1027016  -  ResidentSetSize of job (KB)
...
006 (73445862.000.000) 2021-09-25 09:03:31 Image size of job updated: 1030
	1030  -  MemoryUsage of job (MB)
	1055360  -  ResidentSetSize of job (KB)
...
006 (73445862.000.000) 2021-09-25 09:04:31 Image size of job updated: 1059
	1059  -  MemoryUsage of job (MB)
	1084552  -  ResidentSetSize of job (KB)
...
006 (73445862.000.000) 2021-09-25 09:05:32 Image size of job updated: 1081
	1081  -  MemoryUsage of job (MB)
	1106984  -  ResidentSetSize of job (KB)
...
006 (73445862.000.000) 2021-09-25 09:06:32 Image size of job updated: 1100
	1100  -  MemoryUsage of job (MB)
	1126664  -  ResidentSetSize of job (KB)
...
006 (73445862.000.000) 2021-09-25 09:07:32 Image size of job updated: 1118
	1118  -  MemoryUsage of job (MB)
	1145720  -  ResidentSetSize of job (KB)
...
006 (73445862.000.000) 2021-09-25 09:08:33 Image size of job updated: 1137
	1137  -  MemoryUsage of job (MB)
	1164640  -  ResidentSetSize of job (KB)
...
006 (73445862.000.000) 2021-09-25 09:09:34 Image size of job updated: 1155
	1155  -  MemoryUsage of job (MB)
	1183684  -  ResidentSetSize of job (KB)
...
006 (73445862.000.000) 2021-09-25 09:10:35 Image size of job updated: 1175
	1175  -  MemoryUsage of job (MB)
	1203668  -  ResidentSetSize of job (KB)
...
006 (73445862.000.000) 2021-09-25 09:11:36 Image size of job updated: 1192
	1192  -  MemoryUsage of job (MB)
	1221300  -  ResidentSetSize of job (KB)
...
006 (73445862.000.000) 2021-09-25 09:12:37 Image size of job updated: 1209
	1209  -  MemoryUsage of job (MB)
	1238900  -  ResidentSetSize of job (KB)
...
006 (73445862.000.000) 2021-09-25 09:13:38 Image size of job updated: 1226
	1226  -  MemoryUsage of job (MB)
	1256324  -  ResidentSetSize of job (KB)
...
006 (73445862.000.000) 2021-09-25 09:14:39 Image size of job updated: 1243
	1243  -  MemoryUsage of job (MB)
	1273136  -  ResidentSetSize of job (KB)
...
006 (73445862.000.000) 2021-09-25 09:15:39 Image size of job updated: 1259
	1259  -  MemoryUsage of job (MB)
	1290068  -  ResidentSetSize of job (KB)
...
006 (73445862.000.000) 2021-09-25 09:16:40 Image size of job updated: 1275
	1275  -  MemoryUsage of job (MB)
	1306508  -  ResidentSetSize of job (KB)
...
006 (73445862.000.000) 2021-09-25 09:17:40 Image size of job updated: 1292
	1292  -  MemoryUsage of job (MB)
	1323156  -  ResidentSetSize of job (KB)
...
006 (73445862.000.000) 2021-09-25 09:18:40 Image size of job updated: 1308
	1308  -  MemoryUsage of job (MB)
	1339612  -  ResidentSetSize of job (KB)
...
006 (73445862.000.000) 2021-09-25 09:19:42 Image size of job updated: 1325
	1325  -  MemoryUsage of job (MB)
	1357304  -  ResidentSetSize of job (KB)
...
006 (73445862.000.000) 2021-09-25 09:20:42 Image size of job updated: 1340
	1340  -  MemoryUsage of job (MB)
	1373104  -  ResidentSetSize of job (KB)
...
006 (73445862.000.000) 2021-09-25 09:21:42 Image size of job updated: 1356
	1356  -  MemoryUsage of job (MB)
	1388816  -  ResidentSetSize of job (KB)
...
006 (73445862.000.000) 2021-09-25 09:22:43 Image size of job updated: 1371
	1371  -  MemoryUsage of job (MB)
	1404372  -  ResidentSetSize of job (KB)
...
006 (73445862.000.000) 2021-09-25 09:23:43 Image size of job updated: 1386
	1386  -  MemoryUsage of job (MB)
	1419568  -  ResidentSetSize of job (KB)
...
006 (73445862.000.000) 2021-09-25 09:24:43 Image size of job updated: 1401
	1401  -  MemoryUsage of job (MB)
	1434924  -  ResidentSetSize of job (KB)
...
006 (73445862.000.000) 2021-09-25 09:25:43 Image size of job updated: 1415
	1415  -  MemoryUsage of job (MB)
	1449736  -  ResidentSetSize of job (KB)
...
006 (73445862.000.000) 2021-09-25 09:26:43 Image size of job updated: 1430
	1430  -  MemoryUsage of job (MB)
	1464584  -  ResidentSetSize of job (KB)
...
006 (73445862.000.000) 2021-09-25 09:27:44 Image size of job updated: 1444
	1444  -  MemoryUsage of job (MB)
	1479116  -  ResidentSetSize of job (KB)
...
006 (73445862.000.000) 2021-09-25 09:28:45 Image size of job updated: 1458
	1458  -  MemoryUsage of job (MB)
	1493604  -  ResidentSetSize of job (KB)
...
006 (73445862.000.000) 2021-09-25 09:29:45 Image size of job updated: 1472
	1472  -  MemoryUsage of job (MB)
	1507908  -  ResidentSetSize of job (KB)
...
006 (73445862.000.000) 2021-09-25 09:30:45 Image size of job updated: 1486
	1486  -  MemoryUsage of job (MB)
	1522112  -  ResidentSetSize of job (KB)
...
006 (73445862.000.000) 2021-09-25 09:31:45 Image size of job updated: 1500
	1500  -  MemoryUsage of job (MB)
	1536188  -  ResidentSetSize of job (KB)
...
006 (73445862.000.000) 2021-09-25 09:32:45 Image size of job updated: 1513
	1513  -  MemoryUsage of job (MB)
	1550160  -  ResidentSetSize of job (KB)
...
006 (73445862.000.000) 2021-09-25 09:33:46 Image size of job updated: 1527
	1527  -  MemoryUsage of job (MB)
	1563896  -  ResidentSetSize of job (KB)
...
006 (73445862.000.000) 2021-09-25 09:34:47 Image size of job updated: 1544
	1544  -  MemoryUsage of job (MB)
	1581668  -  ResidentSetSize of job (KB)
...
006 (73445862.000.000) 2021-09-25 09:35:47 Image size of job updated: 1626
	1626  -  MemoryUsage of job (MB)
	1665148  -  ResidentSetSize of job (KB)
...
006 (73445862.000.000) 2021-09-25 09:36:48 Image size of job updated: 1655
	1655  -  MemoryUsage of job (MB)
	1695140  -  ResidentSetSize of job (KB)
...
006 (73445862.000.000) 2021-09-25 09:37:49 Image size of job updated: 1664
	1664  -  MemoryUsage of job (MB)
	1704500  -  ResidentSetSize of job (KB)
...
006 (73445862.000.000) 2021-09-25 09:38:49 Image size of job updated: 1668
	1668  -  MemoryUsage of job (MB)
	1708336  -  ResidentSetSize of job (KB)
...
006 (73445862.000.000) 2021-09-25 09:39:50 Image size of job updated: 1669
	1669  -  MemoryUsage of job (MB)
	1709864  -  ResidentSetSize of job (KB)
...
006 (73445862.000.000) 2021-09-25 09:40:51 Image size of job updated: 1671
	1671  -  MemoryUsage of job (MB)
	1711196  -  ResidentSetSize of job (KB)
...
006 (73445862.000.000) 2021-09-25 09:41:53 Image size of job updated: 1676
	1676  -  MemoryUsage of job (MB)
	1716712  -  ResidentSetSize of job (KB)
...
006 (73445862.000.000) 2021-09-25 09:42:53 Image size of job updated: 1680
	1680  -  MemoryUsage of job (MB)
	1721000  -  ResidentSetSize of job (KB)
...
006 (73445862.000.000) 2021-09-25 09:43:54 Image size of job updated: 1683
	1683  -  MemoryUsage of job (MB)
	1724324  -  ResidentSetSize of job (KB)
...
006 (73445862.000.000) 2021-09-25 09:44:54 Image size of job updated: 1687
	1687  -  MemoryUsage of job (MB)
	1728332  -  ResidentSetSize of job (KB)
...
006 (73445862.000.000) 2021-09-25 09:45:54 Image size of job updated: 1690
	1690  -  MemoryUsage of job (MB)
	1730968  -  ResidentSetSize of job (KB)
...
006 (73445862.000.000) 2021-09-25 09:46:55 Image size of job updated: 1692
	1692  -  MemoryUsage of job (MB)
	1733364  -  ResidentSetSize of job (KB)
...
006 (73445862.000.000) 2021-09-25 09:47:55 Image size of job updated: 1695
	1695  -  MemoryUsage of job (MB)
	1735892  -  ResidentSetSize of job (KB)
...
006 (73445862.000.000) 2021-09-25 09:48:56 Image size of job updated: 1697
	1697  -  MemoryUsage of job (MB)
	1738644  -  ResidentSetSize of job (KB)
...
006 (73445862.000.000) 2021-09-25 09:49:56 Image size of job updated: 1699
	1699  -  MemoryUsage of job (MB)
	1740268  -  ResidentSetSize of job (KB)
...
006 (73445862.000.000) 2021-09-25 09:50:56 Image size of job updated: 1702
	1702  -  MemoryUsage of job (MB)
	1743092  -  ResidentSetSize of job (KB)
...
006 (73445862.000.000) 2021-09-25 09:51:57 Image size of job updated: 1703
	1703  -  MemoryUsage of job (MB)
	1744872  -  ResidentSetSize of job (KB)
...
006 (73445862.000.000) 2021-09-25 09:52:57 Image size of job updated: 1704
	1704  -  MemoryUsage of job (MB)
	1745752  -  ResidentSetSize of job (KB)
...
006 (73445862.000.000) 2021-09-25 09:53:57 Image size of job updated: 1707
	1707  -  MemoryUsage of job (MB)
	1748616  -  ResidentSetSize of job (KB)
...
006 (73445862.000.000) 2021-09-25 09:54:59 Image size of job updated: 1709
	1709  -  MemoryUsage of job (MB)
	1750240  -  ResidentSetSize of job (KB)
...
006 (73445862.000.000) 2021-09-25 09:55:59 Image size of job updated: 1711
	1711  -  MemoryUsage of job (MB)
	1752272  -  ResidentSetSize of job (KB)
...
006 (73445862.000.000) 2021-09-25 09:57:00 Image size of job updated: 1713
	1713  -  MemoryUsage of job (MB)
	1754416  -  ResidentSetSize of job (KB)
...
006 (73445862.000.000) 2021-09-25 09:58:00 Image size of job updated: 1713
	1713  -  MemoryUsage of job (MB)
	1754996  -  ResidentSetSize of job (KB)
...
006 (73445862.000.000) 2021-09-25 09:59:01 Image size of job updated: 1715
	1715  -  MemoryUsage of job (MB)
	1756176  -  ResidentSetSize of job (KB)
...
006 (73445862.000.000) 2021-09-25 10:00:01 Image size of job updated: 1716
	1716  -  MemoryUsage of job (MB)
	1757896  -  ResidentSetSize of job (KB)
...
006 (73445862.000.000) 2021-09-25 10:01:01 Image size of job updated: 1717
	1717  -  MemoryUsage of job (MB)
	1758784  -  ResidentSetSize of job (KB)
...
006 (73445862.000.000) 2021-09-25 10:02:01 Image size of job updated: 1719
	1719  -  MemoryUsage of job (MB)
	1760704  -  ResidentSetSize of job (KB)
...
006 (73445862.000.000) 2021-09-25 10:03:02 Image size of job updated: 1721
	1721  -  MemoryUsage of job (MB)
	1762848  -  ResidentSetSize of job (KB)
...
006 (73445862.000.000) 2021-09-25 10:04:02 Image size of job updated: 1723
	1723  -  MemoryUsage of job (MB)
	1764360  -  ResidentSetSize of job (KB)
...
006 (73445862.000.000) 2021-09-25 10:05:03 Image size of job updated: 1724
	1724  -  MemoryUsage of job (MB)
	1765828  -  ResidentSetSize of job (KB)
...
006 (73445862.000.000) 2021-09-25 10:06:04 Image size of job updated: 1726
	1726  -  MemoryUsage of job (MB)
	1768196  -  ResidentSetSize of job (KB)
...
006 (73445862.000.000) 2021-09-25 10:07:05 Image size of job updated: 1728
	1728  -  MemoryUsage of job (MB)
	1769804  -  ResidentSetSize of job (KB)
...
006 (73445862.000.000) 2021-09-25 10:08:07 Image size of job updated: 1729
	1729  -  MemoryUsage of job (MB)
	1770496  -  ResidentSetSize of job (KB)
...
006 (73445862.000.000) 2021-09-25 10:09:07 Image size of job updated: 1729
	1729  -  MemoryUsage of job (MB)
	1771196  -  ResidentSetSize of job (KB)
...
006 (73445862.000.000) 2021-09-25 10:10:08 Image size of job updated: 1731
	1731  -  MemoryUsage of job (MB)
	1773252  -  ResidentSetSize of job (KB)
...
006 (73445862.000.000) 2021-09-25 10:11:08 Image size of job updated: 1733
	1733  -  MemoryUsage of job (MB)
	1775464  -  ResidentSetSize of job (KB)
...
006 (73445862.000.000) 2021-09-25 10:12:09 Image size of job updated: 1734
	1734  -  MemoryUsage of job (MB)
	1775956  -  ResidentSetSize of job (KB)
...
006 (73445862.000.000) 2021-09-25 10:13:10 Image size of job updated: 1735
	1735  -  MemoryUsage of job (MB)
	1777268  -  ResidentSetSize of job (KB)
...
006 (73445862.000.000) 2021-09-25 10:14:11 Image size of job updated: 1737
	1737  -  MemoryUsage of job (MB)
	1778976  -  ResidentSetSize of job (KB)
...
006 (73445862.000.000) 2021-09-25 10:15:12 Image size of job updated: 1737
	1737  -  MemoryUsage of job (MB)
	1779328  -  ResidentSetSize of job (KB)
...
006 (73445862.000.000) 2021-09-25 10:16:13 Image size of job updated: 1738
	1738  -  MemoryUsage of job (MB)
	1780592  -  ResidentSetSize of job (KB)
...
006 (73445862.000.000) 2021-09-25 10:17:13 Image size of job updated: 1739
	1739  -  MemoryUsage of job (MB)
	1781656  -  ResidentSetSize of job (KB)
...
006 (73445862.000.000) 2021-09-25 10:18:13 Image size of job updated: 1740
	1740  -  MemoryUsage of job (MB)
	1782588  -  ResidentSetSize of job (KB)
...
006 (73445862.000.000) 2021-09-25 10:19:13 Image size of job updated: 1741
	1741  -  MemoryUsage of job (MB)
	1783608  -  ResidentSetSize of job (KB)
...
006 (73445862.000.000) 2021-09-25 10:20:14 Image size of job updated: 1742
	1742  -  MemoryUsage of job (MB)
	1784252  -  ResidentSetSize of job (KB)
...
006 (73445862.000.000) 2021-09-25 10:21:14 Image size of job updated: 1743
	1743  -  MemoryUsage of job (MB)
	1785028  -  ResidentSetSize of job (KB)
...
006 (73445862.000.000) 2021-09-25 10:22:14 Image size of job updated: 1744
	1744  -  MemoryUsage of job (MB)
	1786212  -  ResidentSetSize of job (KB)
...
006 (73445862.000.000) 2021-09-25 10:23:15 Image size of job updated: 1745
	1745  -  MemoryUsage of job (MB)
	1787088  -  ResidentSetSize of job (KB)
...
006 (73445862.000.000) 2021-09-25 10:24:15 Image size of job updated: 1745
	1745  -  MemoryUsage of job (MB)
	1787876  -  ResidentSetSize of job (KB)
...
006 (73445862.000.000) 2021-09-25 10:25:16 Image size of job updated: 1747
	1747  -  MemoryUsage of job (MB)
	1788992  -  ResidentSetSize of job (KB)
...
006 (73445862.000.000) 2021-09-25 10:26:16 Image size of job updated: 1747
	1747  -  MemoryUsage of job (MB)
	1789680  -  ResidentSetSize of job (KB)
...
006 (73445862.000.000) 2021-09-25 10:27:17 Image size of job updated: 1748
	1748  -  MemoryUsage of job (MB)
	1790412  -  ResidentSetSize of job (KB)
...
006 (73445862.000.000) 2021-09-25 10:28:17 Image size of job updated: 1749
	1749  -  MemoryUsage of job (MB)
	1791668  -  ResidentSetSize of job (KB)
...
006 (73445862.000.000) 2021-09-25 10:29:17 Image size of job updated: 1750
	1750  -  MemoryUsage of job (MB)
	1792408  -  ResidentSetSize of job (KB)
...
006 (73445862.000.000) 2021-09-25 10:30:18 Image size of job updated: 1751
	1751  -  MemoryUsage of job (MB)
	1793256  -  ResidentSetSize of job (KB)
...
006 (73445862.000.000) 2021-09-25 10:31:19 Image size of job updated: 1752
	1752  -  MemoryUsage of job (MB)
	1794068  -  ResidentSetSize of job (KB)
...
006 (73445862.000.000) 2021-09-25 10:32:19 Image size of job updated: 1752
	1752  -  MemoryUsage of job (MB)
	1794376  -  ResidentSetSize of job (KB)
...
006 (73445862.000.000) 2021-09-25 10:33:20 Image size of job updated: 1752
	1752  -  MemoryUsage of job (MB)
	1794904  -  ResidentSetSize of job (KB)
...
040 (73445862.000.000) 2021-09-25 10:33:47 Started transferring output files
...
040 (73445862.000.000) 2021-09-25 10:33:47 Finished transferring output files
...
005 (73445862.000.000) 2021-09-25 10:33:48 Job terminated.
	(1) Normal termination (return value 0)
		Usr 0 00:00:00, Sys 0 00:00:00  -  Run Remote Usage
		Usr 0 00:00:00, Sys 0 00:00:00  -  Run Local Usage
		Usr 0 00:58:21, Sys 0 00:47:06  -  Total Remote Usage
		Usr 0 00:00:00, Sys 0 00:00:00  -  Total Local Usage
	1232695  -  Run Bytes Sent By Job
	8471570  -  Run Bytes Received By Job
	1232695  -  Total Bytes Sent By Job
	8471570  -  Total Bytes Received By Job
	Partitionable Resources :    Usage  Request Allocated 
	   Cpus                 :     0.00        1         1 
	   Disk (KB)            : 23943       10000   1650516 
	   Memory (MB)          :  1752        2048      2048 

	Job terminated of its own accord at 2021-09-25T15:33:46Z.
...
