000 (73341059.000.000) 2021-09-16 05:50:30 Job submitted from host: <131.225.188.235:9618?addrs=131.225.188.235-9618&alias=lpcschedd3.fnal.gov&noUDP&sock=schedd_2706_ab5d>
...
040 (73341059.000.000) 2021-09-17 00:39:53 Started transferring input files
	Transferring to host: <131.225.204.51:9618?addrs=131.225.204.51-9618&alias=cmswn1655.fnal.gov&noUDP&sock=slot1_5_1280_a02d_5777>
...
040 (73341059.000.000) 2021-09-17 00:39:53 Finished transferring input files
...
001 (73341059.000.000) 2021-09-17 00:39:54 Job executing on host: <131.225.204.51:9618?addrs=131.225.204.51-9618&alias=cmswn1655.fnal.gov&noUDP&sock=startd_1145_f407>
...
006 (73341059.000.000) 2021-09-17 00:40:03 Image size of job updated: 44
	44  -  MemoryUsage of job (MB)
	45504  -  ResidentSetSize of job (KB)
...
006 (73341059.000.000) 2021-09-17 00:41:04 Image size of job updated: 535
	535  -  MemoryUsage of job (MB)
	548196  -  ResidentSetSize of job (KB)
...
006 (73341059.000.000) 2021-09-17 00:45:05 Image size of job updated: 547
	547  -  MemoryUsage of job (MB)
	560812  -  ResidentSetSize of job (KB)
...
006 (73341059.000.000) 2021-09-17 00:46:06 Image size of job updated: 594
	594  -  MemoryUsage of job (MB)
	609272  -  ResidentSetSize of job (KB)
...
006 (73341059.000.000) 2021-09-17 00:47:07 Image size of job updated: 638
	638  -  MemoryUsage of job (MB)
	653524  -  ResidentSetSize of job (KB)
...
006 (73341059.000.000) 2021-09-17 00:48:07 Image size of job updated: 676
	676  -  MemoryUsage of job (MB)
	692364  -  ResidentSetSize of job (KB)
...
006 (73341059.000.000) 2021-09-17 00:49:07 Image size of job updated: 711
	711  -  MemoryUsage of job (MB)
	728288  -  ResidentSetSize of job (KB)
...
006 (73341059.000.000) 2021-09-17 00:50:08 Image size of job updated: 744
	744  -  MemoryUsage of job (MB)
	762048  -  ResidentSetSize of job (KB)
...
006 (73341059.000.000) 2021-09-17 00:51:09 Image size of job updated: 772
	772  -  MemoryUsage of job (MB)
	791464  -  ResidentSetSize of job (KB)
...
006 (73341059.000.000) 2021-09-17 00:52:10 Image size of job updated: 802
	802  -  MemoryUsage of job (MB)
	821548  -  ResidentSetSize of job (KB)
...
006 (73341059.000.000) 2021-09-17 00:53:10 Image size of job updated: 830
	830  -  MemoryUsage of job (MB)
	850196  -  ResidentSetSize of job (KB)
...
006 (73341059.000.000) 2021-09-17 00:54:11 Image size of job updated: 859
	859  -  MemoryUsage of job (MB)
	880384  -  ResidentSetSize of job (KB)
...
006 (73341059.000.000) 2021-09-17 00:55:12 Image size of job updated: 898
	898  -  MemoryUsage of job (MB)
	919584  -  ResidentSetSize of job (KB)
...
006 (73341059.000.000) 2021-09-17 00:56:12 Image size of job updated: 924
	924  -  MemoryUsage of job (MB)
	947048  -  ResidentSetSize of job (KB)
...
006 (73341059.000.000) 2021-09-17 00:57:12 Image size of job updated: 949
	949  -  MemoryUsage of job (MB)
	972628  -  ResidentSetSize of job (KB)
...
006 (73341059.000.000) 2021-09-17 00:58:13 Image size of job updated: 974
	974  -  MemoryUsage of job (MB)
	998016  -  ResidentSetSize of job (KB)
...
006 (73341059.000.000) 2021-09-17 00:59:14 Image size of job updated: 999
	999  -  MemoryUsage of job (MB)
	1023344  -  ResidentSetSize of job (KB)
...
006 (73341059.000.000) 2021-09-17 01:00:14 Image size of job updated: 1025
	1025  -  MemoryUsage of job (MB)
	1049748  -  ResidentSetSize of job (KB)
...
006 (73341059.000.000) 2021-09-17 01:01:14 Image size of job updated: 1051
	1051  -  MemoryUsage of job (MB)
	1077124  -  ResidentSetSize of job (KB)
...
006 (73341059.000.000) 2021-09-17 01:02:15 Image size of job updated: 1081
	1081  -  MemoryUsage of job (MB)
	1107244  -  ResidentSetSize of job (KB)
...
006 (73341059.000.000) 2021-09-17 01:03:16 Image size of job updated: 1103
	1103  -  MemoryUsage of job (MB)
	1129496  -  ResidentSetSize of job (KB)
...
006 (73341059.000.000) 2021-09-17 01:04:16 Image size of job updated: 1123
	1123  -  MemoryUsage of job (MB)
	1150968  -  ResidentSetSize of job (KB)
...
006 (73341059.000.000) 2021-09-17 01:05:16 Image size of job updated: 1144
	1144  -  MemoryUsage of job (MB)
	1172376  -  ResidentSetSize of job (KB)
...
006 (73341059.000.000) 2021-09-17 01:06:17 Image size of job updated: 1165
	1165  -  MemoryUsage of job (MB)
	1193968  -  ResidentSetSize of job (KB)
...
006 (73341059.000.000) 2021-09-17 01:07:18 Image size of job updated: 1185
	1185  -  MemoryUsage of job (MB)
	1214268  -  ResidentSetSize of job (KB)
...
006 (73341059.000.000) 2021-09-17 01:08:18 Image size of job updated: 1205
	1205  -  MemoryUsage of job (MB)
	1234104  -  ResidentSetSize of job (KB)
...
006 (73341059.000.000) 2021-09-17 01:09:18 Image size of job updated: 1224
	1224  -  MemoryUsage of job (MB)
	1253552  -  ResidentSetSize of job (KB)
...
006 (73341059.000.000) 2021-09-17 01:10:18 Image size of job updated: 1242
	1242  -  MemoryUsage of job (MB)
	1272788  -  ResidentSetSize of job (KB)
...
006 (73341059.000.000) 2021-09-17 01:11:19 Image size of job updated: 1261
	1261  -  MemoryUsage of job (MB)
	1291884  -  ResidentSetSize of job (KB)
...
006 (73341059.000.000) 2021-09-17 01:12:20 Image size of job updated: 1279
	1279  -  MemoryUsage of job (MB)
	1310476  -  ResidentSetSize of job (KB)
...
006 (73341059.000.000) 2021-09-17 01:13:21 Image size of job updated: 1297
	1297  -  MemoryUsage of job (MB)
	1328948  -  ResidentSetSize of job (KB)
...
006 (73341059.000.000) 2021-09-17 01:14:21 Image size of job updated: 1315
	1315  -  MemoryUsage of job (MB)
	1347024  -  ResidentSetSize of job (KB)
...
006 (73341059.000.000) 2021-09-17 01:15:21 Image size of job updated: 1332
	1332  -  MemoryUsage of job (MB)
	1364716  -  ResidentSetSize of job (KB)
...
006 (73341059.000.000) 2021-09-17 01:16:22 Image size of job updated: 1350
	1350  -  MemoryUsage of job (MB)
	1382900  -  ResidentSetSize of job (KB)
...
006 (73341059.000.000) 2021-09-17 01:17:23 Image size of job updated: 1366
	1366  -  MemoryUsage of job (MB)
	1399264  -  ResidentSetSize of job (KB)
...
006 (73341059.000.000) 2021-09-17 01:18:23 Image size of job updated: 1381
	1381  -  MemoryUsage of job (MB)
	1414276  -  ResidentSetSize of job (KB)
...
006 (73341059.000.000) 2021-09-17 01:19:23 Image size of job updated: 1397
	1397  -  MemoryUsage of job (MB)
	1430716  -  ResidentSetSize of job (KB)
...
006 (73341059.000.000) 2021-09-17 01:20:24 Image size of job updated: 1412
	1412  -  MemoryUsage of job (MB)
	1446736  -  ResidentSetSize of job (KB)
...
006 (73341059.000.000) 2021-09-17 01:21:25 Image size of job updated: 1428
	1428  -  MemoryUsage of job (MB)
	1463092  -  ResidentSetSize of job (KB)
...
006 (73341059.000.000) 2021-09-17 01:22:26 Image size of job updated: 1443
	1443  -  MemoryUsage of job (MB)
	1478440  -  ResidentSetSize of job (KB)
...
006 (73341059.000.000) 2021-09-17 01:23:27 Image size of job updated: 1458
	1458  -  MemoryUsage of job (MB)
	1493576  -  ResidentSetSize of job (KB)
...
006 (73341059.000.000) 2021-09-17 01:24:28 Image size of job updated: 1473
	1473  -  MemoryUsage of job (MB)
	1508560  -  ResidentSetSize of job (KB)
...
006 (73341059.000.000) 2021-09-17 01:25:29 Image size of job updated: 1487
	1487  -  MemoryUsage of job (MB)
	1523336  -  ResidentSetSize of job (KB)
...
006 (73341059.000.000) 2021-09-17 01:26:30 Image size of job updated: 1501
	1501  -  MemoryUsage of job (MB)
	1537996  -  ResidentSetSize of job (KB)
...
006 (73341059.000.000) 2021-09-17 01:27:31 Image size of job updated: 1516
	1516  -  MemoryUsage of job (MB)
	1552928  -  ResidentSetSize of job (KB)
...
006 (73341059.000.000) 2021-09-17 01:28:31 Image size of job updated: 1531
	1531  -  MemoryUsage of job (MB)
	1567984  -  ResidentSetSize of job (KB)
...
006 (73341059.000.000) 2021-09-17 01:29:31 Image size of job updated: 1620
	1620  -  MemoryUsage of job (MB)
	1659756  -  ResidentSetSize of job (KB)
...
006 (73341059.000.000) 2021-09-17 01:30:31 Image size of job updated: 1645
	1645  -  MemoryUsage of job (MB)
	1685496  -  ResidentSetSize of job (KB)
...
006 (73341059.000.000) 2021-09-17 01:31:32 Image size of job updated: 1685
	1685  -  MemoryUsage of job (MB)
	1726128  -  ResidentSetSize of job (KB)
...
006 (73341059.000.000) 2021-09-17 01:32:33 Image size of job updated: 1712
	1712  -  MemoryUsage of job (MB)
	1754020  -  ResidentSetSize of job (KB)
...
006 (73341059.000.000) 2021-09-17 01:33:34 Image size of job updated: 1732
	1732  -  MemoryUsage of job (MB)
	1774164  -  ResidentSetSize of job (KB)
...
006 (73341059.000.000) 2021-09-17 01:34:34 Image size of job updated: 1741
	1741  -  MemoryUsage of job (MB)
	1783180  -  ResidentSetSize of job (KB)
...
006 (73341059.000.000) 2021-09-17 01:35:34 Image size of job updated: 1746
	1746  -  MemoryUsage of job (MB)
	1788824  -  ResidentSetSize of job (KB)
...
006 (73341059.000.000) 2021-09-17 01:36:34 Image size of job updated: 1748
	1748  -  MemoryUsage of job (MB)
	1789992  -  ResidentSetSize of job (KB)
...
006 (73341059.000.000) 2021-09-17 01:37:35 Image size of job updated: 1753
	1753  -  MemoryUsage of job (MB)
	1795892  -  ResidentSetSize of job (KB)
...
006 (73341059.000.000) 2021-09-17 01:38:36 Image size of job updated: 1757
	1757  -  MemoryUsage of job (MB)
	1799696  -  ResidentSetSize of job (KB)
...
006 (73341059.000.000) 2021-09-17 01:39:36 Image size of job updated: 1761
	1761  -  MemoryUsage of job (MB)
	1804268  -  ResidentSetSize of job (KB)
...
006 (73341059.000.000) 2021-09-17 01:40:37 Image size of job updated: 1765
	1765  -  MemoryUsage of job (MB)
	1807952  -  ResidentSetSize of job (KB)
...
006 (73341059.000.000) 2021-09-17 01:41:38 Image size of job updated: 1769
	1769  -  MemoryUsage of job (MB)
	1811640  -  ResidentSetSize of job (KB)
...
006 (73341059.000.000) 2021-09-17 01:42:11 Image size of job updated: 1769
	1769  -  MemoryUsage of job (MB)
	1812352  -  ResidentSetSize of job (KB)
...
040 (73341059.000.000) 2021-09-17 01:42:12 Started transferring output files
...
040 (73341059.000.000) 2021-09-17 01:42:12 Finished transferring output files
...
005 (73341059.000.000) 2021-09-17 01:42:14 Job terminated.
	(1) Normal termination (return value 0)
		Usr 0 00:54:26, Sys 0 00:03:22  -  Run Remote Usage
		Usr 0 00:00:00, Sys 0 00:00:00  -  Run Local Usage
		Usr 0 00:54:26, Sys 0 00:03:22  -  Total Remote Usage
		Usr 0 00:00:00, Sys 0 00:00:00  -  Total Local Usage
	1232943  -  Run Bytes Sent By Job
	8471534  -  Run Bytes Received By Job
	1232943  -  Total Bytes Sent By Job
	8471534  -  Total Bytes Received By Job
	Partitionable Resources :    Usage  Request Allocated 
	   Cpus                 :     0.00        1         1 
	   Disk (KB)            : 22874       10000    304569 
	   Memory (MB)          :  1769        2048      2048 

	Job terminated of its own accord at 2021-09-17T06:42:11Z.
...
000 (14733739.000.000) 2021-09-24 22:36:12 Job submitted from host: <131.225.188.55:9618?addrs=131.225.188.55-9618&alias=lpcschedd1.fnal.gov&noUDP&sock=schedd_2070_6d22>
...
040 (14733739.000.000) 2021-09-25 08:05:25 Started transferring input files
	Transferring to host: <131.225.189.73:9618?addrs=131.225.189.73-9618&alias=cmswn1988.fnal.gov&noUDP&sock=slot1_12_1540_d1b8_4181>
...
040 (14733739.000.000) 2021-09-25 08:05:25 Finished transferring input files
...
001 (14733739.000.000) 2021-09-25 08:05:26 Job executing on host: <131.225.189.73:9618?addrs=131.225.189.73-9618&alias=cmswn1988.fnal.gov&noUDP&sock=startd_1439_9cdf>
...
006 (14733739.000.000) 2021-09-25 08:05:35 Image size of job updated: 39
	39  -  MemoryUsage of job (MB)
	40396  -  ResidentSetSize of job (KB)
...
006 (14733739.000.000) 2021-09-25 08:06:35 Image size of job updated: 503
	503  -  MemoryUsage of job (MB)
	515784  -  ResidentSetSize of job (KB)
...
006 (14733739.000.000) 2021-09-25 08:10:37 Image size of job updated: 528
	528  -  MemoryUsage of job (MB)
	541668  -  ResidentSetSize of job (KB)
...
006 (14733739.000.000) 2021-09-25 08:11:37 Image size of job updated: 577
	577  -  MemoryUsage of job (MB)
	591372  -  ResidentSetSize of job (KB)
...
006 (14733739.000.000) 2021-09-25 08:12:38 Image size of job updated: 627
	627  -  MemoryUsage of job (MB)
	642228  -  ResidentSetSize of job (KB)
...
006 (14733739.000.000) 2021-09-25 08:13:39 Image size of job updated: 665
	665  -  MemoryUsage of job (MB)
	681236  -  ResidentSetSize of job (KB)
...
006 (14733739.000.000) 2021-09-25 08:14:40 Image size of job updated: 699
	699  -  MemoryUsage of job (MB)
	716720  -  ResidentSetSize of job (KB)
...
006 (14733739.000.000) 2021-09-25 08:15:40 Image size of job updated: 732
	732  -  MemoryUsage of job (MB)
	750376  -  ResidentSetSize of job (KB)
...
006 (14733739.000.000) 2021-09-25 08:16:40 Image size of job updated: 763
	763  -  MemoryUsage of job (MB)
	782116  -  ResidentSetSize of job (KB)
...
006 (14733739.000.000) 2021-09-25 08:17:40 Image size of job updated: 793
	793  -  MemoryUsage of job (MB)
	812396  -  ResidentSetSize of job (KB)
...
006 (14733739.000.000) 2021-09-25 08:18:40 Image size of job updated: 822
	822  -  MemoryUsage of job (MB)
	841912  -  ResidentSetSize of job (KB)
...
006 (14733739.000.000) 2021-09-25 08:19:40 Image size of job updated: 851
	851  -  MemoryUsage of job (MB)
	871932  -  ResidentSetSize of job (KB)
...
006 (14733739.000.000) 2021-09-25 08:20:41 Image size of job updated: 878
	878  -  MemoryUsage of job (MB)
	899120  -  ResidentSetSize of job (KB)
...
006 (14733739.000.000) 2021-09-25 08:21:43 Image size of job updated: 918
	918  -  MemoryUsage of job (MB)
	940040  -  ResidentSetSize of job (KB)
...
006 (14733739.000.000) 2021-09-25 08:22:43 Image size of job updated: 944
	944  -  MemoryUsage of job (MB)
	967060  -  ResidentSetSize of job (KB)
...
006 (14733739.000.000) 2021-09-25 08:23:44 Image size of job updated: 969
	969  -  MemoryUsage of job (MB)
	992320  -  ResidentSetSize of job (KB)
...
006 (14733739.000.000) 2021-09-25 08:24:45 Image size of job updated: 992
	992  -  MemoryUsage of job (MB)
	1016272  -  ResidentSetSize of job (KB)
...
006 (14733739.000.000) 2021-09-25 08:25:46 Image size of job updated: 1015
	1015  -  MemoryUsage of job (MB)
	1040132  -  ResidentSetSize of job (KB)
...
006 (14733739.000.000) 2021-09-25 08:26:47 Image size of job updated: 1044
	1044  -  MemoryUsage of job (MB)
	1069896  -  ResidentSetSize of job (KB)
...
006 (14733739.000.000) 2021-09-25 08:27:47 Image size of job updated: 1076
	1076  -  MemoryUsage of job (MB)
	1102172  -  ResidentSetSize of job (KB)
...
006 (14733739.000.000) 2021-09-25 08:28:48 Image size of job updated: 1097
	1097  -  MemoryUsage of job (MB)
	1123848  -  ResidentSetSize of job (KB)
...
006 (14733739.000.000) 2021-09-25 08:29:48 Image size of job updated: 1118
	1118  -  MemoryUsage of job (MB)
	1144844  -  ResidentSetSize of job (KB)
...
006 (14733739.000.000) 2021-09-25 08:30:49 Image size of job updated: 1138
	1138  -  MemoryUsage of job (MB)
	1165748  -  ResidentSetSize of job (KB)
...
006 (14733739.000.000) 2021-09-25 08:31:49 Image size of job updated: 1159
	1159  -  MemoryUsage of job (MB)
	1186860  -  ResidentSetSize of job (KB)
...
006 (14733739.000.000) 2021-09-25 08:32:51 Image size of job updated: 1180
	1180  -  MemoryUsage of job (MB)
	1209056  -  ResidentSetSize of job (KB)
...
006 (14733739.000.000) 2021-09-25 08:33:51 Image size of job updated: 1199
	1199  -  MemoryUsage of job (MB)
	1228556  -  ResidentSetSize of job (KB)
...
006 (14733739.000.000) 2021-09-25 08:34:52 Image size of job updated: 1218
	1218  -  MemoryUsage of job (MB)
	1247644  -  ResidentSetSize of job (KB)
...
006 (14733739.000.000) 2021-09-25 08:35:52 Image size of job updated: 1236
	1236  -  MemoryUsage of job (MB)
	1266540  -  ResidentSetSize of job (KB)
...
006 (14733739.000.000) 2021-09-25 08:36:53 Image size of job updated: 1254
	1254  -  MemoryUsage of job (MB)
	1285116  -  ResidentSetSize of job (KB)
...
006 (14733739.000.000) 2021-09-25 08:37:53 Image size of job updated: 1272
	1272  -  MemoryUsage of job (MB)
	1303124  -  ResidentSetSize of job (KB)
...
006 (14733739.000.000) 2021-09-25 08:38:55 Image size of job updated: 1292
	1292  -  MemoryUsage of job (MB)
	1323080  -  ResidentSetSize of job (KB)
...
006 (14733739.000.000) 2021-09-25 08:39:55 Image size of job updated: 1309
	1309  -  MemoryUsage of job (MB)
	1340856  -  ResidentSetSize of job (KB)
...
006 (14733739.000.000) 2021-09-25 08:40:56 Image size of job updated: 1326
	1326  -  MemoryUsage of job (MB)
	1358136  -  ResidentSetSize of job (KB)
...
006 (14733739.000.000) 2021-09-25 08:41:56 Image size of job updated: 1342
	1342  -  MemoryUsage of job (MB)
	1374680  -  ResidentSetSize of job (KB)
...
006 (14733739.000.000) 2021-09-25 08:42:57 Image size of job updated: 1358
	1358  -  MemoryUsage of job (MB)
	1390904  -  ResidentSetSize of job (KB)
...
006 (14733739.000.000) 2021-09-25 08:43:57 Image size of job updated: 1374
	1374  -  MemoryUsage of job (MB)
	1407008  -  ResidentSetSize of job (KB)
...
006 (14733739.000.000) 2021-09-25 08:44:57 Image size of job updated: 1389
	1389  -  MemoryUsage of job (MB)
	1422896  -  ResidentSetSize of job (KB)
...
006 (14733739.000.000) 2021-09-25 08:45:59 Image size of job updated: 1406
	1406  -  MemoryUsage of job (MB)
	1440380  -  ResidentSetSize of job (KB)
...
006 (14733739.000.000) 2021-09-25 08:46:59 Image size of job updated: 1421
	1421  -  MemoryUsage of job (MB)
	1455528  -  ResidentSetSize of job (KB)
...
006 (14733739.000.000) 2021-09-25 08:48:00 Image size of job updated: 1436
	1436  -  MemoryUsage of job (MB)
	1470684  -  ResidentSetSize of job (KB)
...
006 (14733739.000.000) 2021-09-25 08:49:00 Image size of job updated: 1450
	1450  -  MemoryUsage of job (MB)
	1485632  -  ResidentSetSize of job (KB)
...
006 (14733739.000.000) 2021-09-25 08:50:01 Image size of job updated: 1465
	1465  -  MemoryUsage of job (MB)
	1500568  -  ResidentSetSize of job (KB)
...
006 (14733739.000.000) 2021-09-25 08:51:02 Image size of job updated: 1479
	1479  -  MemoryUsage of job (MB)
	1515264  -  ResidentSetSize of job (KB)
...
006 (14733739.000.000) 2021-09-25 08:52:02 Image size of job updated: 1495
	1495  -  MemoryUsage of job (MB)
	1531288  -  ResidentSetSize of job (KB)
...
006 (14733739.000.000) 2021-09-25 08:53:03 Image size of job updated: 1509
	1509  -  MemoryUsage of job (MB)
	1545476  -  ResidentSetSize of job (KB)
...
006 (14733739.000.000) 2021-09-25 08:54:03 Image size of job updated: 1523
	1523  -  MemoryUsage of job (MB)
	1559716  -  ResidentSetSize of job (KB)
...
006 (14733739.000.000) 2021-09-25 08:55:04 Image size of job updated: 1540
	1540  -  MemoryUsage of job (MB)
	1577708  -  ResidentSetSize of job (KB)
...
006 (14733739.000.000) 2021-09-25 08:56:04 Image size of job updated: 1625
	1625  -  MemoryUsage of job (MB)
	1664720  -  ResidentSetSize of job (KB)
...
006 (14733739.000.000) 2021-09-25 08:57:06 Image size of job updated: 1631
	1631  -  MemoryUsage of job (MB)
	1670680  -  ResidentSetSize of job (KB)
...
006 (14733739.000.000) 2021-09-25 08:58:06 Image size of job updated: 1632
	1632  -  MemoryUsage of job (MB)
	1671664  -  ResidentSetSize of job (KB)
...
006 (14733739.000.000) 2021-09-25 08:59:06 Image size of job updated: 1639
	1639  -  MemoryUsage of job (MB)
	1678388  -  ResidentSetSize of job (KB)
...
006 (14733739.000.000) 2021-09-25 09:00:06 Image size of job updated: 1650
	1650  -  MemoryUsage of job (MB)
	1690204  -  ResidentSetSize of job (KB)
...
006 (14733739.000.000) 2021-09-25 09:01:07 Image size of job updated: 1666
	1666  -  MemoryUsage of job (MB)
	1706868  -  ResidentSetSize of job (KB)
...
006 (14733739.000.000) 2021-09-25 09:02:07 Image size of job updated: 1678
	1678  -  MemoryUsage of job (MB)
	1719064  -  ResidentSetSize of job (KB)
...
006 (14733739.000.000) 2021-09-25 09:03:07 Image size of job updated: 1695
	1695  -  MemoryUsage of job (MB)
	1735704  -  ResidentSetSize of job (KB)
...
006 (14733739.000.000) 2021-09-25 09:04:08 Image size of job updated: 1705
	1705  -  MemoryUsage of job (MB)
	1746428  -  ResidentSetSize of job (KB)
...
006 (14733739.000.000) 2021-09-25 09:05:08 Image size of job updated: 1711
	1711  -  MemoryUsage of job (MB)
	1752452  -  ResidentSetSize of job (KB)
...
006 (14733739.000.000) 2021-09-25 09:06:09 Image size of job updated: 1717
	1717  -  MemoryUsage of job (MB)
	1758600  -  ResidentSetSize of job (KB)
...
006 (14733739.000.000) 2021-09-25 09:07:10 Image size of job updated: 1724
	1724  -  MemoryUsage of job (MB)
	1765540  -  ResidentSetSize of job (KB)
...
006 (14733739.000.000) 2021-09-25 09:08:10 Image size of job updated: 1726
	1726  -  MemoryUsage of job (MB)
	1768280  -  ResidentSetSize of job (KB)
...
006 (14733739.000.000) 2021-09-25 09:09:11 Image size of job updated: 1730
	1730  -  MemoryUsage of job (MB)
	1772252  -  ResidentSetSize of job (KB)
...
006 (14733739.000.000) 2021-09-25 09:10:12 Image size of job updated: 1732
	1732  -  MemoryUsage of job (MB)
	1773976  -  ResidentSetSize of job (KB)
...
006 (14733739.000.000) 2021-09-25 09:11:12 Image size of job updated: 1734
	1734  -  MemoryUsage of job (MB)
	1776544  -  ResidentSetSize of job (KB)
...
006 (14733739.000.000) 2021-09-25 09:12:13 Image size of job updated: 1737
	1737  -  MemoryUsage of job (MB)
	1778904  -  ResidentSetSize of job (KB)
...
006 (14733739.000.000) 2021-09-25 09:13:14 Image size of job updated: 1738
	1738  -  MemoryUsage of job (MB)
	1780452  -  ResidentSetSize of job (KB)
...
006 (14733739.000.000) 2021-09-25 09:14:15 Image size of job updated: 1739
	1739  -  MemoryUsage of job (MB)
	1781056  -  ResidentSetSize of job (KB)
...
006 (14733739.000.000) 2021-09-25 09:15:15 Image size of job updated: 1741
	1741  -  MemoryUsage of job (MB)
	1783316  -  ResidentSetSize of job (KB)
...
006 (14733739.000.000) 2021-09-25 09:16:16 Image size of job updated: 1743
	1743  -  MemoryUsage of job (MB)
	1785388  -  ResidentSetSize of job (KB)
...
006 (14733739.000.000) 2021-09-25 09:17:17 Image size of job updated: 1744
	1744  -  MemoryUsage of job (MB)
	1786856  -  ResidentSetSize of job (KB)
...
006 (14733739.000.000) 2021-09-25 09:18:17 Image size of job updated: 1745
	1745  -  MemoryUsage of job (MB)
	1787000  -  ResidentSetSize of job (KB)
...
006 (14733739.000.000) 2021-09-25 09:19:18 Image size of job updated: 1745
	1745  -  MemoryUsage of job (MB)
	1787076  -  ResidentSetSize of job (KB)
...
006 (14733739.000.000) 2021-09-25 09:20:19 Image size of job updated: 1745
	1745  -  MemoryUsage of job (MB)
	1787108  -  ResidentSetSize of job (KB)
...
006 (14733739.000.000) 2021-09-25 09:21:19 Image size of job updated: 1746
	1746  -  MemoryUsage of job (MB)
	1788356  -  ResidentSetSize of job (KB)
...
006 (14733739.000.000) 2021-09-25 09:22:19 Image size of job updated: 1749
	1749  -  MemoryUsage of job (MB)
	1791208  -  ResidentSetSize of job (KB)
...
006 (14733739.000.000) 2021-09-25 09:23:20 Image size of job updated: 1750
	1750  -  MemoryUsage of job (MB)
	1792240  -  ResidentSetSize of job (KB)
...
006 (14733739.000.000) 2021-09-25 09:24:22 Image size of job updated: 1750
	1750  -  MemoryUsage of job (MB)
	1792768  -  ResidentSetSize of job (KB)
...
006 (14733739.000.000) 2021-09-25 09:25:22 Image size of job updated: 1751
	1751  -  MemoryUsage of job (MB)
	1793132  -  ResidentSetSize of job (KB)
...
006 (14733739.000.000) 2021-09-25 09:26:23 Image size of job updated: 1751
	1751  -  MemoryUsage of job (MB)
	1794044  -  ResidentSetSize of job (KB)
...
006 (14733739.000.000) 2021-09-25 09:27:23 Image size of job updated: 1753
	1753  -  MemoryUsage of job (MB)
	1795792  -  ResidentSetSize of job (KB)
...
006 (14733739.000.000) 2021-09-25 09:28:23 Image size of job updated: 1754
	1754  -  MemoryUsage of job (MB)
	1796740  -  ResidentSetSize of job (KB)
...
006 (14733739.000.000) 2021-09-25 09:29:23 Image size of job updated: 1755
	1755  -  MemoryUsage of job (MB)
	1797784  -  ResidentSetSize of job (KB)
...
006 (14733739.000.000) 2021-09-25 09:30:24 Image size of job updated: 1757
	1757  -  MemoryUsage of job (MB)
	1799180  -  ResidentSetSize of job (KB)
...
006 (14733739.000.000) 2021-09-25 09:31:25 Image size of job updated: 1758
	1758  -  MemoryUsage of job (MB)
	1800224  -  ResidentSetSize of job (KB)
...
006 (14733739.000.000) 2021-09-25 09:32:26 Image size of job updated: 1758
	1758  -  MemoryUsage of job (MB)
	1800868  -  ResidentSetSize of job (KB)
...
006 (14733739.000.000) 2021-09-25 09:33:26 Image size of job updated: 1759
	1759  -  MemoryUsage of job (MB)
	1801664  -  ResidentSetSize of job (KB)
...
006 (14733739.000.000) 2021-09-25 09:34:27 Image size of job updated: 1760
	1760  -  MemoryUsage of job (MB)
	1802752  -  ResidentSetSize of job (KB)
...
006 (14733739.000.000) 2021-09-25 09:35:27 Image size of job updated: 1761
	1761  -  MemoryUsage of job (MB)
	1803828  -  ResidentSetSize of job (KB)
...
006 (14733739.000.000) 2021-09-25 09:36:28 Image size of job updated: 1762
	1762  -  MemoryUsage of job (MB)
	1805064  -  ResidentSetSize of job (KB)
...
006 (14733739.000.000) 2021-09-25 09:37:28 Image size of job updated: 1763
	1763  -  MemoryUsage of job (MB)
	1806108  -  ResidentSetSize of job (KB)
...
006 (14733739.000.000) 2021-09-25 09:38:29 Image size of job updated: 1765
	1765  -  MemoryUsage of job (MB)
	1807560  -  ResidentSetSize of job (KB)
...
006 (14733739.000.000) 2021-09-25 09:39:29 Image size of job updated: 1766
	1766  -  MemoryUsage of job (MB)
	1808540  -  ResidentSetSize of job (KB)
...
006 (14733739.000.000) 2021-09-25 09:40:17 Image size of job updated: 1766
	1766  -  MemoryUsage of job (MB)
	1808736  -  ResidentSetSize of job (KB)
...
040 (14733739.000.000) 2021-09-25 09:40:17 Started transferring output files
...
040 (14733739.000.000) 2021-09-25 09:40:17 Finished transferring output files
...
005 (14733739.000.000) 2021-09-25 09:40:19 Job terminated.
	(1) Normal termination (return value 0)
		Usr 0 00:55:33, Sys 0 00:33:00  -  Run Remote Usage
		Usr 0 00:00:00, Sys 0 00:00:00  -  Run Local Usage
		Usr 0 00:55:33, Sys 0 00:33:00  -  Total Remote Usage
		Usr 0 00:00:00, Sys 0 00:00:00  -  Total Local Usage
	1232975  -  Run Bytes Sent By Job
	8471570  -  Run Bytes Received By Job
	1232975  -  Total Bytes Sent By Job
	8471570  -  Total Bytes Received By Job
	Partitionable Resources :    Usage  Request Allocated 
	   Cpus                 :     0.00        1         1 
	   Disk (KB)            : 21756       10000    776929 
	   Memory (MB)          :  1766        2048      2048 

	Job terminated of its own accord at 2021-09-25T14:40:17Z.
...
