000 (14630265.000.000) 2021-09-16 05:50:37 Job submitted from host: <131.225.188.55:9618?addrs=131.225.188.55-9618&alias=lpcschedd1.fnal.gov&noUDP&sock=schedd_2070_6d22>
...
040 (14630265.000.000) 2021-09-16 13:59:22 Started transferring input files
	Transferring to host: <131.225.204.94:9618?addrs=131.225.204.94-9618&alias=cmswn1698.fnal.gov&noUDP&sock=slot1_4_1315_494f_4302>
...
040 (14630265.000.000) 2021-09-16 13:59:22 Finished transferring input files
...
001 (14630265.000.000) 2021-09-16 13:59:23 Job executing on host: <131.225.204.94:9618?addrs=131.225.204.94-9618&alias=cmswn1698.fnal.gov&noUDP&sock=startd_1151_1198>
...
006 (14630265.000.000) 2021-09-16 13:59:31 Image size of job updated: 43
	43  -  MemoryUsage of job (MB)
	44540  -  ResidentSetSize of job (KB)
...
006 (14630265.000.000) 2021-09-16 14:00:31 Image size of job updated: 503
	503  -  MemoryUsage of job (MB)
	515844  -  ResidentSetSize of job (KB)
...
006 (14630265.000.000) 2021-09-16 14:03:32 Image size of job updated: 526
	526  -  MemoryUsage of job (MB)
	539068  -  ResidentSetSize of job (KB)
...
006 (14630265.000.000) 2021-09-16 14:04:32 Image size of job updated: 581
	581  -  MemoryUsage of job (MB)
	595072  -  ResidentSetSize of job (KB)
...
006 (14630265.000.000) 2021-09-16 14:05:33 Image size of job updated: 629
	629  -  MemoryUsage of job (MB)
	644956  -  ResidentSetSize of job (KB)
...
006 (14630265.000.000) 2021-09-16 14:06:33 Image size of job updated: 671
	671  -  MemoryUsage of job (MB)
	687600  -  ResidentSetSize of job (KB)
...
006 (14630265.000.000) 2021-09-16 14:07:34 Image size of job updated: 710
	710  -  MemoryUsage of job (MB)
	727080  -  ResidentSetSize of job (KB)
...
006 (14630265.000.000) 2021-09-16 14:08:35 Image size of job updated: 746
	746  -  MemoryUsage of job (MB)
	763988  -  ResidentSetSize of job (KB)
...
006 (14630265.000.000) 2021-09-16 14:09:35 Image size of job updated: 780
	780  -  MemoryUsage of job (MB)
	798744  -  ResidentSetSize of job (KB)
...
006 (14630265.000.000) 2021-09-16 14:10:36 Image size of job updated: 812
	812  -  MemoryUsage of job (MB)
	832276  -  ResidentSetSize of job (KB)
...
006 (14630265.000.000) 2021-09-16 14:11:36 Image size of job updated: 845
	845  -  MemoryUsage of job (MB)
	865552  -  ResidentSetSize of job (KB)
...
006 (14630265.000.000) 2021-09-16 14:12:36 Image size of job updated: 874
	874  -  MemoryUsage of job (MB)
	895424  -  ResidentSetSize of job (KB)
...
006 (14630265.000.000) 2021-09-16 14:13:37 Image size of job updated: 914
	914  -  MemoryUsage of job (MB)
	936304  -  ResidentSetSize of job (KB)
...
006 (14630265.000.000) 2021-09-16 14:14:38 Image size of job updated: 943
	943  -  MemoryUsage of job (MB)
	966044  -  ResidentSetSize of job (KB)
...
006 (14630265.000.000) 2021-09-16 14:15:38 Image size of job updated: 970
	970  -  MemoryUsage of job (MB)
	993740  -  ResidentSetSize of job (KB)
...
006 (14630265.000.000) 2021-09-16 14:16:39 Image size of job updated: 996
	996  -  MemoryUsage of job (MB)
	1020044  -  ResidentSetSize of job (KB)
...
006 (14630265.000.000) 2021-09-16 14:17:39 Image size of job updated: 1024
	1024  -  MemoryUsage of job (MB)
	1049496  -  ResidentSetSize of job (KB)
...
006 (14630265.000.000) 2021-09-16 14:18:40 Image size of job updated: 1052
	1052  -  MemoryUsage of job (MB)
	1077540  -  ResidentSetSize of job (KB)
...
006 (14630265.000.000) 2021-09-16 14:19:41 Image size of job updated: 1083
	1083  -  MemoryUsage of job (MB)
	1109396  -  ResidentSetSize of job (KB)
...
006 (14630265.000.000) 2021-09-16 14:20:42 Image size of job updated: 1106
	1106  -  MemoryUsage of job (MB)
	1133064  -  ResidentSetSize of job (KB)
...
006 (14630265.000.000) 2021-09-16 14:21:42 Image size of job updated: 1129
	1129  -  MemoryUsage of job (MB)
	1156352  -  ResidentSetSize of job (KB)
...
006 (14630265.000.000) 2021-09-16 14:22:43 Image size of job updated: 1152
	1152  -  MemoryUsage of job (MB)
	1180024  -  ResidentSetSize of job (KB)
...
006 (14630265.000.000) 2021-09-16 14:23:43 Image size of job updated: 1173
	1173  -  MemoryUsage of job (MB)
	1201604  -  ResidentSetSize of job (KB)
...
006 (14630265.000.000) 2021-09-16 14:24:44 Image size of job updated: 1194
	1194  -  MemoryUsage of job (MB)
	1223032  -  ResidentSetSize of job (KB)
...
006 (14630265.000.000) 2021-09-16 14:25:45 Image size of job updated: 1214
	1214  -  MemoryUsage of job (MB)
	1243828  -  ResidentSetSize of job (KB)
...
006 (14630265.000.000) 2021-09-16 14:26:45 Image size of job updated: 1234
	1234  -  MemoryUsage of job (MB)
	1264516  -  ResidentSetSize of job (KB)
...
006 (14630265.000.000) 2021-09-16 14:27:46 Image size of job updated: 1254
	1254  -  MemoryUsage of job (MB)
	1284628  -  ResidentSetSize of job (KB)
...
006 (14630265.000.000) 2021-09-16 14:28:47 Image size of job updated: 1274
	1274  -  MemoryUsage of job (MB)
	1304696  -  ResidentSetSize of job (KB)
...
006 (14630265.000.000) 2021-09-16 14:29:47 Image size of job updated: 1291
	1291  -  MemoryUsage of job (MB)
	1322472  -  ResidentSetSize of job (KB)
...
006 (14630265.000.000) 2021-09-16 14:30:47 Image size of job updated: 1310
	1310  -  MemoryUsage of job (MB)
	1341924  -  ResidentSetSize of job (KB)
...
006 (14630265.000.000) 2021-09-16 14:31:48 Image size of job updated: 1329
	1329  -  MemoryUsage of job (MB)
	1361108  -  ResidentSetSize of job (KB)
...
006 (14630265.000.000) 2021-09-16 14:32:48 Image size of job updated: 1347
	1347  -  MemoryUsage of job (MB)
	1379580  -  ResidentSetSize of job (KB)
...
006 (14630265.000.000) 2021-09-16 14:33:49 Image size of job updated: 1365
	1365  -  MemoryUsage of job (MB)
	1398008  -  ResidentSetSize of job (KB)
...
006 (14630265.000.000) 2021-09-16 14:34:50 Image size of job updated: 1383
	1383  -  MemoryUsage of job (MB)
	1416324  -  ResidentSetSize of job (KB)
...
006 (14630265.000.000) 2021-09-16 14:35:51 Image size of job updated: 1400
	1400  -  MemoryUsage of job (MB)
	1434000  -  ResidentSetSize of job (KB)
...
006 (14630265.000.000) 2021-09-16 14:36:51 Image size of job updated: 1417
	1417  -  MemoryUsage of job (MB)
	1451700  -  ResidentSetSize of job (KB)
...
006 (14630265.000.000) 2021-09-16 14:37:51 Image size of job updated: 1434
	1434  -  MemoryUsage of job (MB)
	1468984  -  ResidentSetSize of job (KB)
...
006 (14630265.000.000) 2021-09-16 14:38:51 Image size of job updated: 1451
	1451  -  MemoryUsage of job (MB)
	1486064  -  ResidentSetSize of job (KB)
...
006 (14630265.000.000) 2021-09-16 14:39:51 Image size of job updated: 1467
	1467  -  MemoryUsage of job (MB)
	1503220  -  ResidentSetSize of job (KB)
...
006 (14630265.000.000) 2021-09-16 14:40:52 Image size of job updated: 1482
	1482  -  MemoryUsage of job (MB)
	1518492  -  ResidentSetSize of job (KB)
...
006 (14630265.000.000) 2021-09-16 14:41:53 Image size of job updated: 1499
	1499  -  MemoryUsage of job (MB)
	1535060  -  ResidentSetSize of job (KB)
...
006 (14630265.000.000) 2021-09-16 14:42:55 Image size of job updated: 1515
	1515  -  MemoryUsage of job (MB)
	1551388  -  ResidentSetSize of job (KB)
...
006 (14630265.000.000) 2021-09-16 14:43:56 Image size of job updated: 1530
	1530  -  MemoryUsage of job (MB)
	1567528  -  ResidentSetSize of job (KB)
...
006 (14630265.000.000) 2021-09-16 14:44:56 Image size of job updated: 1622
	1622  -  MemoryUsage of job (MB)
	1661680  -  ResidentSetSize of job (KB)
...
006 (14630265.000.000) 2021-09-16 14:45:56 Image size of job updated: 1680
	1680  -  MemoryUsage of job (MB)
	1720320  -  ResidentSetSize of job (KB)
...
006 (14630265.000.000) 2021-09-16 14:46:57 Image size of job updated: 1692
	1692  -  MemoryUsage of job (MB)
	1733476  -  ResidentSetSize of job (KB)
...
006 (14630265.000.000) 2021-09-16 14:47:58 Image size of job updated: 1699
	1699  -  MemoryUsage of job (MB)
	1739848  -  ResidentSetSize of job (KB)
...
006 (14630265.000.000) 2021-09-16 14:48:59 Image size of job updated: 1706
	1706  -  MemoryUsage of job (MB)
	1747656  -  ResidentSetSize of job (KB)
...
006 (14630265.000.000) 2021-09-16 14:50:00 Image size of job updated: 1713
	1713  -  MemoryUsage of job (MB)
	1754176  -  ResidentSetSize of job (KB)
...
006 (14630265.000.000) 2021-09-16 14:51:01 Image size of job updated: 1719
	1719  -  MemoryUsage of job (MB)
	1760544  -  ResidentSetSize of job (KB)
...
006 (14630265.000.000) 2021-09-16 14:52:01 Image size of job updated: 1724
	1724  -  MemoryUsage of job (MB)
	1765524  -  ResidentSetSize of job (KB)
...
006 (14630265.000.000) 2021-09-16 14:53:01 Image size of job updated: 1729
	1729  -  MemoryUsage of job (MB)
	1770884  -  ResidentSetSize of job (KB)
...
006 (14630265.000.000) 2021-09-16 14:54:01 Image size of job updated: 1735
	1735  -  MemoryUsage of job (MB)
	1777584  -  ResidentSetSize of job (KB)
...
006 (14630265.000.000) 2021-09-16 14:55:01 Image size of job updated: 1740
	1740  -  MemoryUsage of job (MB)
	1781960  -  ResidentSetSize of job (KB)
...
006 (14630265.000.000) 2021-09-16 14:56:02 Image size of job updated: 1745
	1745  -  MemoryUsage of job (MB)
	1787348  -  ResidentSetSize of job (KB)
...
006 (14630265.000.000) 2021-09-16 14:57:03 Image size of job updated: 1750
	1750  -  MemoryUsage of job (MB)
	1792208  -  ResidentSetSize of job (KB)
...
006 (14630265.000.000) 2021-09-16 14:57:42 Image size of job updated: 1751
	1751  -  MemoryUsage of job (MB)
	1793332  -  ResidentSetSize of job (KB)
...
040 (14630265.000.000) 2021-09-16 14:57:42 Started transferring output files
...
040 (14630265.000.000) 2021-09-16 14:57:42 Finished transferring output files
...
005 (14630265.000.000) 2021-09-16 14:57:43 Job terminated.
	(1) Normal termination (return value 0)
		Usr 0 00:50:09, Sys 0 00:03:39  -  Run Remote Usage
		Usr 0 00:00:00, Sys 0 00:00:00  -  Run Local Usage
		Usr 0 00:50:09, Sys 0 00:03:39  -  Total Remote Usage
		Usr 0 00:00:00, Sys 0 00:00:00  -  Total Local Usage
	1233322  -  Run Bytes Sent By Job
	8471534  -  Run Bytes Received By Job
	1233322  -  Total Bytes Sent By Job
	8471534  -  Total Bytes Received By Job
	Partitionable Resources :    Usage  Request Allocated 
	   Cpus                 :     0.00        1         1 
	   Disk (KB)            : 22997       10000    314425 
	   Memory (MB)          :  1751        2048      2048 

	Job terminated of its own accord at 2021-09-16T19:57:42Z.
...
000 (73445923.000.000) 2021-09-24 22:36:23 Job submitted from host: <131.225.188.235:9618?addrs=131.225.188.235-9618&alias=lpcschedd3.fnal.gov&noUDP&sock=schedd_2706_ab5d>
...
040 (73445923.000.000) 2021-09-25 08:52:38 Started transferring input files
	Transferring to host: <131.225.205.185:9618?addrs=131.225.205.185-9618&alias=cmswn1959.fnal.gov&noUDP&sock=slot1_8_1543_eed8_4558>
...
040 (73445923.000.000) 2021-09-25 08:52:38 Finished transferring input files
...
001 (73445923.000.000) 2021-09-25 08:52:39 Job executing on host: <131.225.205.185:9618?addrs=131.225.205.185-9618&alias=cmswn1959.fnal.gov&noUDP&sock=startd_1440_4c77>
...
006 (73445923.000.000) 2021-09-25 08:52:48 Image size of job updated: 23
	23  -  MemoryUsage of job (MB)
	23880  -  ResidentSetSize of job (KB)
...
006 (73445923.000.000) 2021-09-25 08:53:48 Image size of job updated: 498
	498  -  MemoryUsage of job (MB)
	510744  -  ResidentSetSize of job (KB)
...
006 (73445923.000.000) 2021-09-25 08:54:49 Image size of job updated: 558
	558  -  MemoryUsage of job (MB)
	571764  -  ResidentSetSize of job (KB)
...
006 (73445923.000.000) 2021-09-25 08:58:50 Image size of job updated: 561
	561  -  MemoryUsage of job (MB)
	575296  -  ResidentSetSize of job (KB)
...
006 (73445923.000.000) 2021-09-25 08:59:50 Image size of job updated: 605
	605  -  MemoryUsage of job (MB)
	620060  -  ResidentSetSize of job (KB)
...
006 (73445923.000.000) 2021-09-25 09:00:51 Image size of job updated: 644
	644  -  MemoryUsage of job (MB)
	659788  -  ResidentSetSize of job (KB)
...
006 (73445923.000.000) 2021-09-25 09:01:51 Image size of job updated: 679
	679  -  MemoryUsage of job (MB)
	696192  -  ResidentSetSize of job (KB)
...
006 (73445923.000.000) 2021-09-25 09:02:53 Image size of job updated: 716
	716  -  MemoryUsage of job (MB)
	733512  -  ResidentSetSize of job (KB)
...
006 (73445923.000.000) 2021-09-25 09:03:53 Image size of job updated: 747
	747  -  MemoryUsage of job (MB)
	765236  -  ResidentSetSize of job (KB)
...
006 (73445923.000.000) 2021-09-25 09:04:54 Image size of job updated: 776
	776  -  MemoryUsage of job (MB)
	795440  -  ResidentSetSize of job (KB)
...
006 (73445923.000.000) 2021-09-25 09:05:54 Image size of job updated: 806
	806  -  MemoryUsage of job (MB)
	825412  -  ResidentSetSize of job (KB)
...
006 (73445923.000.000) 2021-09-25 09:06:55 Image size of job updated: 833
	833  -  MemoryUsage of job (MB)
	853624  -  ResidentSetSize of job (KB)
...
006 (73445923.000.000) 2021-09-25 09:07:55 Image size of job updated: 862
	862  -  MemoryUsage of job (MB)
	882760  -  ResidentSetSize of job (KB)
...
006 (73445923.000.000) 2021-09-25 09:08:56 Image size of job updated: 902
	902  -  MemoryUsage of job (MB)
	923860  -  ResidentSetSize of job (KB)
...
006 (73445923.000.000) 2021-09-25 09:09:57 Image size of job updated: 928
	928  -  MemoryUsage of job (MB)
	950996  -  ResidentSetSize of job (KB)
...
006 (73445923.000.000) 2021-09-25 09:10:58 Image size of job updated: 953
	953  -  MemoryUsage of job (MB)
	976740  -  ResidentSetSize of job (KB)
...
006 (73445923.000.000) 2021-09-25 09:11:58 Image size of job updated: 977
	977  -  MemoryUsage of job (MB)
	1000812  -  ResidentSetSize of job (KB)
...
006 (73445923.000.000) 2021-09-25 09:12:58 Image size of job updated: 1001
	1001  -  MemoryUsage of job (MB)
	1025188  -  ResidentSetSize of job (KB)
...
006 (73445923.000.000) 2021-09-25 09:13:59 Image size of job updated: 1028
	1028  -  MemoryUsage of job (MB)
	1052952  -  ResidentSetSize of job (KB)
...
006 (73445923.000.000) 2021-09-25 09:15:00 Image size of job updated: 1060
	1060  -  MemoryUsage of job (MB)
	1085636  -  ResidentSetSize of job (KB)
...
006 (73445923.000.000) 2021-09-25 09:16:00 Image size of job updated: 1083
	1083  -  MemoryUsage of job (MB)
	1109932  -  ResidentSetSize of job (KB)
...
006 (73445923.000.000) 2021-09-25 09:17:00 Image size of job updated: 1105
	1105  -  MemoryUsage of job (MB)
	1131612  -  ResidentSetSize of job (KB)
...
006 (73445923.000.000) 2021-09-25 09:18:01 Image size of job updated: 1125
	1125  -  MemoryUsage of job (MB)
	1152628  -  ResidentSetSize of job (KB)
...
006 (73445923.000.000) 2021-09-25 09:19:01 Image size of job updated: 1145
	1145  -  MemoryUsage of job (MB)
	1173052  -  ResidentSetSize of job (KB)
...
006 (73445923.000.000) 2021-09-25 09:20:02 Image size of job updated: 1165
	1165  -  MemoryUsage of job (MB)
	1193716  -  ResidentSetSize of job (KB)
...
006 (73445923.000.000) 2021-09-25 09:21:03 Image size of job updated: 1186
	1186  -  MemoryUsage of job (MB)
	1215060  -  ResidentSetSize of job (KB)
...
006 (73445923.000.000) 2021-09-25 09:22:03 Image size of job updated: 1204
	1204  -  MemoryUsage of job (MB)
	1233840  -  ResidentSetSize of job (KB)
...
006 (73445923.000.000) 2021-09-25 09:23:03 Image size of job updated: 1222
	1222  -  MemoryUsage of job (MB)
	1252016  -  ResidentSetSize of job (KB)
...
006 (73445923.000.000) 2021-09-25 09:24:05 Image size of job updated: 1239
	1239  -  MemoryUsage of job (MB)
	1269692  -  ResidentSetSize of job (KB)
...
006 (73445923.000.000) 2021-09-25 09:25:05 Image size of job updated: 1259
	1259  -  MemoryUsage of job (MB)
	1289320  -  ResidentSetSize of job (KB)
...
006 (73445923.000.000) 2021-09-25 09:26:06 Image size of job updated: 1276
	1276  -  MemoryUsage of job (MB)
	1306672  -  ResidentSetSize of job (KB)
...
006 (73445923.000.000) 2021-09-25 09:27:06 Image size of job updated: 1292
	1292  -  MemoryUsage of job (MB)
	1323700  -  ResidentSetSize of job (KB)
...
006 (73445923.000.000) 2021-09-25 09:28:06 Image size of job updated: 1308
	1308  -  MemoryUsage of job (MB)
	1340248  -  ResidentSetSize of job (KB)
...
006 (73445923.000.000) 2021-09-25 09:29:06 Image size of job updated: 1324
	1324  -  MemoryUsage of job (MB)
	1356432  -  ResidentSetSize of job (KB)
...
006 (73445923.000.000) 2021-09-25 09:30:06 Image size of job updated: 1340
	1340  -  MemoryUsage of job (MB)
	1372664  -  ResidentSetSize of job (KB)
...
006 (73445923.000.000) 2021-09-25 09:31:07 Image size of job updated: 1357
	1357  -  MemoryUsage of job (MB)
	1390364  -  ResidentSetSize of job (KB)
...
006 (73445923.000.000) 2021-09-25 09:32:07 Image size of job updated: 1373
	1373  -  MemoryUsage of job (MB)
	1406064  -  ResidentSetSize of job (KB)
...
006 (73445923.000.000) 2021-09-25 09:33:08 Image size of job updated: 1387
	1387  -  MemoryUsage of job (MB)
	1421188  -  ResidentSetSize of job (KB)
...
006 (73445923.000.000) 2021-09-25 09:34:09 Image size of job updated: 1402
	1402  -  MemoryUsage of job (MB)
	1436200  -  ResidentSetSize of job (KB)
...
006 (73445923.000.000) 2021-09-25 09:35:10 Image size of job updated: 1418
	1418  -  MemoryUsage of job (MB)
	1452816  -  ResidentSetSize of job (KB)
...
006 (73445923.000.000) 2021-09-25 09:36:11 Image size of job updated: 1433
	1433  -  MemoryUsage of job (MB)
	1467636  -  ResidentSetSize of job (KB)
...
006 (73445923.000.000) 2021-09-25 09:37:12 Image size of job updated: 1447
	1447  -  MemoryUsage of job (MB)
	1482112  -  ResidentSetSize of job (KB)
...
006 (73445923.000.000) 2021-09-25 09:38:12 Image size of job updated: 1461
	1461  -  MemoryUsage of job (MB)
	1496432  -  ResidentSetSize of job (KB)
...
006 (73445923.000.000) 2021-09-25 09:39:12 Image size of job updated: 1475
	1475  -  MemoryUsage of job (MB)
	1510500  -  ResidentSetSize of job (KB)
...
006 (73445923.000.000) 2021-09-25 09:40:13 Image size of job updated: 1490
	1490  -  MemoryUsage of job (MB)
	1525864  -  ResidentSetSize of job (KB)
...
006 (73445923.000.000) 2021-09-25 09:41:13 Image size of job updated: 1503
	1503  -  MemoryUsage of job (MB)
	1539320  -  ResidentSetSize of job (KB)
...
006 (73445923.000.000) 2021-09-25 09:42:13 Image size of job updated: 1516
	1516  -  MemoryUsage of job (MB)
	1552664  -  ResidentSetSize of job (KB)
...
006 (73445923.000.000) 2021-09-25 09:43:13 Image size of job updated: 1528
	1528  -  MemoryUsage of job (MB)
	1565668  -  ResidentSetSize of job (KB)
...
006 (73445923.000.000) 2021-09-25 09:44:14 Image size of job updated: 1545
	1545  -  MemoryUsage of job (MB)
	1582596  -  ResidentSetSize of job (KB)
...
006 (73445923.000.000) 2021-09-25 09:45:15 Image size of job updated: 1645
	1645  -  MemoryUsage of job (MB)
	1685140  -  ResidentSetSize of job (KB)
...
006 (73445923.000.000) 2021-09-25 09:46:16 Image size of job updated: 1651
	1651  -  MemoryUsage of job (MB)
	1690796  -  ResidentSetSize of job (KB)
...
006 (73445923.000.000) 2021-09-25 09:47:17 Image size of job updated: 1656
	1656  -  MemoryUsage of job (MB)
	1696420  -  ResidentSetSize of job (KB)
...
006 (73445923.000.000) 2021-09-25 09:48:19 Image size of job updated: 1667
	1667  -  MemoryUsage of job (MB)
	1707736  -  ResidentSetSize of job (KB)
...
006 (73445923.000.000) 2021-09-25 09:49:19 Image size of job updated: 1674
	1674  -  MemoryUsage of job (MB)
	1714536  -  ResidentSetSize of job (KB)
...
006 (73445923.000.000) 2021-09-25 09:50:19 Image size of job updated: 1679
	1679  -  MemoryUsage of job (MB)
	1720056  -  ResidentSetSize of job (KB)
...
006 (73445923.000.000) 2021-09-25 09:51:19 Image size of job updated: 1685
	1685  -  MemoryUsage of job (MB)
	1725440  -  ResidentSetSize of job (KB)
...
006 (73445923.000.000) 2021-09-25 09:52:19 Image size of job updated: 1686
	1686  -  MemoryUsage of job (MB)
	1727400  -  ResidentSetSize of job (KB)
...
006 (73445923.000.000) 2021-09-25 09:53:21 Image size of job updated: 1689
	1689  -  MemoryUsage of job (MB)
	1730472  -  ResidentSetSize of job (KB)
...
006 (73445923.000.000) 2021-09-25 09:54:22 Image size of job updated: 1692
	1692  -  MemoryUsage of job (MB)
	1732964  -  ResidentSetSize of job (KB)
...
006 (73445923.000.000) 2021-09-25 09:55:23 Image size of job updated: 1693
	1693  -  MemoryUsage of job (MB)
	1734472  -  ResidentSetSize of job (KB)
...
006 (73445923.000.000) 2021-09-25 09:56:24 Image size of job updated: 1695
	1695  -  MemoryUsage of job (MB)
	1736668  -  ResidentSetSize of job (KB)
...
006 (73445923.000.000) 2021-09-25 09:57:24 Image size of job updated: 1698
	1698  -  MemoryUsage of job (MB)
	1738824  -  ResidentSetSize of job (KB)
...
006 (73445923.000.000) 2021-09-25 09:58:25 Image size of job updated: 1700
	1700  -  MemoryUsage of job (MB)
	1741112  -  ResidentSetSize of job (KB)
...
006 (73445923.000.000) 2021-09-25 09:59:25 Image size of job updated: 1702
	1702  -  MemoryUsage of job (MB)
	1743656  -  ResidentSetSize of job (KB)
...
006 (73445923.000.000) 2021-09-25 10:00:25 Image size of job updated: 1704
	1704  -  MemoryUsage of job (MB)
	1745620  -  ResidentSetSize of job (KB)
...
006 (73445923.000.000) 2021-09-25 10:01:25 Image size of job updated: 1705
	1705  -  MemoryUsage of job (MB)
	1746712  -  ResidentSetSize of job (KB)
...
006 (73445923.000.000) 2021-09-25 10:02:25 Image size of job updated: 1707
	1707  -  MemoryUsage of job (MB)
	1748404  -  ResidentSetSize of job (KB)
...
006 (73445923.000.000) 2021-09-25 10:03:26 Image size of job updated: 1709
	1709  -  MemoryUsage of job (MB)
	1750364  -  ResidentSetSize of job (KB)
...
006 (73445923.000.000) 2021-09-25 10:04:28 Image size of job updated: 1712
	1712  -  MemoryUsage of job (MB)
	1753476  -  ResidentSetSize of job (KB)
...
006 (73445923.000.000) 2021-09-25 10:05:28 Image size of job updated: 1713
	1713  -  MemoryUsage of job (MB)
	1755108  -  ResidentSetSize of job (KB)
...
006 (73445923.000.000) 2021-09-25 10:06:28 Image size of job updated: 1716
	1716  -  MemoryUsage of job (MB)
	1757588  -  ResidentSetSize of job (KB)
...
006 (73445923.000.000) 2021-09-25 10:07:28 Image size of job updated: 1718
	1718  -  MemoryUsage of job (MB)
	1759980  -  ResidentSetSize of job (KB)
...
006 (73445923.000.000) 2021-09-25 10:08:29 Image size of job updated: 1719
	1719  -  MemoryUsage of job (MB)
	1760912  -  ResidentSetSize of job (KB)
...
006 (73445923.000.000) 2021-09-25 10:09:29 Image size of job updated: 1720
	1720  -  MemoryUsage of job (MB)
	1761872  -  ResidentSetSize of job (KB)
...
006 (73445923.000.000) 2021-09-25 10:10:29 Image size of job updated: 1722
	1722  -  MemoryUsage of job (MB)
	1763408  -  ResidentSetSize of job (KB)
...
006 (73445923.000.000) 2021-09-25 10:11:29 Image size of job updated: 1724
	1724  -  MemoryUsage of job (MB)
	1765480  -  ResidentSetSize of job (KB)
...
006 (73445923.000.000) 2021-09-25 10:12:29 Image size of job updated: 1725
	1725  -  MemoryUsage of job (MB)
	1766532  -  ResidentSetSize of job (KB)
...
006 (73445923.000.000) 2021-09-25 10:13:29 Image size of job updated: 1727
	1727  -  MemoryUsage of job (MB)
	1769100  -  ResidentSetSize of job (KB)
...
006 (73445923.000.000) 2021-09-25 10:14:31 Image size of job updated: 1728
	1728  -  MemoryUsage of job (MB)
	1769692  -  ResidentSetSize of job (KB)
...
006 (73445923.000.000) 2021-09-25 10:15:31 Image size of job updated: 1730
	1730  -  MemoryUsage of job (MB)
	1772076  -  ResidentSetSize of job (KB)
...
006 (73445923.000.000) 2021-09-25 10:16:32 Image size of job updated: 1732
	1732  -  MemoryUsage of job (MB)
	1773860  -  ResidentSetSize of job (KB)
...
006 (73445923.000.000) 2021-09-25 10:17:32 Image size of job updated: 1733
	1733  -  MemoryUsage of job (MB)
	1775116  -  ResidentSetSize of job (KB)
...
006 (73445923.000.000) 2021-09-25 10:18:32 Image size of job updated: 1735
	1735  -  MemoryUsage of job (MB)
	1777112  -  ResidentSetSize of job (KB)
...
006 (73445923.000.000) 2021-09-25 10:19:33 Image size of job updated: 1736
	1736  -  MemoryUsage of job (MB)
	1778496  -  ResidentSetSize of job (KB)
...
006 (73445923.000.000) 2021-09-25 10:20:34 Image size of job updated: 1738
	1738  -  MemoryUsage of job (MB)
	1779792  -  ResidentSetSize of job (KB)
...
006 (73445923.000.000) 2021-09-25 10:21:34 Image size of job updated: 1740
	1740  -  MemoryUsage of job (MB)
	1781776  -  ResidentSetSize of job (KB)
...
006 (73445923.000.000) 2021-09-25 10:22:35 Image size of job updated: 1741
	1741  -  MemoryUsage of job (MB)
	1783308  -  ResidentSetSize of job (KB)
...
006 (73445923.000.000) 2021-09-25 10:23:36 Image size of job updated: 1742
	1742  -  MemoryUsage of job (MB)
	1784560  -  ResidentSetSize of job (KB)
...
006 (73445923.000.000) 2021-09-25 10:24:37 Image size of job updated: 1744
	1744  -  MemoryUsage of job (MB)
	1786416  -  ResidentSetSize of job (KB)
...
006 (73445923.000.000) 2021-09-25 10:25:39 Image size of job updated: 1744
	1744  -  MemoryUsage of job (MB)
	1786672  -  ResidentSetSize of job (KB)
...
040 (73445923.000.000) 2021-09-25 10:25:45 Started transferring output files
...
040 (73445923.000.000) 2021-09-25 10:25:45 Finished transferring output files
...
005 (73445923.000.000) 2021-09-25 10:25:47 Job terminated.
	(1) Normal termination (return value 0)
		Usr 0 00:00:00, Sys 0 00:00:00  -  Run Remote Usage
		Usr 0 00:00:00, Sys 0 00:00:00  -  Run Local Usage
		Usr 0 00:57:25, Sys 0 00:27:57  -  Total Remote Usage
		Usr 0 00:00:00, Sys 0 00:00:00  -  Total Local Usage
	1233335  -  Run Bytes Sent By Job
	8471570  -  Run Bytes Received By Job
	1233335  -  Total Bytes Sent By Job
	8471570  -  Total Bytes Received By Job
	Partitionable Resources :    Usage  Request Allocated 
	   Cpus                 :     0.00        1         1 
	   Disk (KB)            : 21666       10000   1634458 
	   Memory (MB)          :  1744        2048      2048 

	Job terminated of its own accord at 2021-09-25T15:25:45Z.
...
