000 (34545412.000.000) 2021-09-16 05:49:32 Job submitted from host: <131.225.188.57:9618?addrs=131.225.188.57-9618&alias=lpcschedd2.fnal.gov&noUDP&sock=schedd_2251_93c6>
...
040 (34545412.000.000) 2021-09-16 21:58:13 Started transferring input files
	Transferring to host: <131.225.206.5:9618?addrs=131.225.206.5-9618&alias=cmswn1733.fnal.gov&noUDP&sock=slot1_3_1212_b6aa_4904>
...
040 (34545412.000.000) 2021-09-16 21:58:14 Finished transferring input files
...
001 (34545412.000.000) 2021-09-16 21:58:15 Job executing on host: <131.225.206.5:9618?addrs=131.225.206.5-9618&alias=cmswn1733.fnal.gov&noUDP&sock=startd_1140_860e>
...
006 (34545412.000.000) 2021-09-16 21:58:23 Image size of job updated: 43
	43  -  MemoryUsage of job (MB)
	44708  -  ResidentSetSize of job (KB)
...
006 (34545412.000.000) 2021-09-16 21:59:24 Image size of job updated: 550
	550  -  MemoryUsage of job (MB)
	563456  -  ResidentSetSize of job (KB)
...
006 (34545412.000.000) 2021-09-16 22:03:26 Image size of job updated: 560
	560  -  MemoryUsage of job (MB)
	573676  -  ResidentSetSize of job (KB)
...
006 (34545412.000.000) 2021-09-16 22:04:27 Image size of job updated: 608
	608  -  MemoryUsage of job (MB)
	623516  -  ResidentSetSize of job (KB)
...
006 (34545412.000.000) 2021-09-16 22:05:28 Image size of job updated: 651
	651  -  MemoryUsage of job (MB)
	666792  -  ResidentSetSize of job (KB)
...
006 (34545412.000.000) 2021-09-16 22:06:28 Image size of job updated: 689
	689  -  MemoryUsage of job (MB)
	705972  -  ResidentSetSize of job (KB)
...
006 (34545412.000.000) 2021-09-16 22:07:29 Image size of job updated: 724
	724  -  MemoryUsage of job (MB)
	742324  -  ResidentSetSize of job (KB)
...
006 (34545412.000.000) 2021-09-16 22:08:29 Image size of job updated: 758
	758  -  MemoryUsage of job (MB)
	777020  -  ResidentSetSize of job (KB)
...
006 (34545412.000.000) 2021-09-16 22:09:29 Image size of job updated: 790
	790  -  MemoryUsage of job (MB)
	809480  -  ResidentSetSize of job (KB)
...
006 (34545412.000.000) 2021-09-16 22:10:30 Image size of job updated: 818
	818  -  MemoryUsage of job (MB)
	838332  -  ResidentSetSize of job (KB)
...
006 (34545412.000.000) 2021-09-16 22:11:30 Image size of job updated: 849
	849  -  MemoryUsage of job (MB)
	870000  -  ResidentSetSize of job (KB)
...
006 (34545412.000.000) 2021-09-16 22:12:31 Image size of job updated: 877
	877  -  MemoryUsage of job (MB)
	898956  -  ResidentSetSize of job (KB)
...
006 (34545412.000.000) 2021-09-16 22:13:31 Image size of job updated: 916
	916  -  MemoryUsage of job (MB)
	938224  -  ResidentSetSize of job (KB)
...
006 (34545412.000.000) 2021-09-16 22:14:31 Image size of job updated: 943
	943  -  MemoryUsage of job (MB)
	966636  -  ResidentSetSize of job (KB)
...
006 (34545412.000.000) 2021-09-16 22:15:32 Image size of job updated: 969
	969  -  MemoryUsage of job (MB)
	993104  -  ResidentSetSize of job (KB)
...
006 (34545412.000.000) 2021-09-16 22:16:32 Image size of job updated: 994
	994  -  MemoryUsage of job (MB)
	1018592  -  ResidentSetSize of job (KB)
...
006 (34545412.000.000) 2021-09-16 22:17:33 Image size of job updated: 1021
	1021  -  MemoryUsage of job (MB)
	1045612  -  ResidentSetSize of job (KB)
...
006 (34545412.000.000) 2021-09-16 22:18:34 Image size of job updated: 1048
	1048  -  MemoryUsage of job (MB)
	1073476  -  ResidentSetSize of job (KB)
...
006 (34545412.000.000) 2021-09-16 22:19:34 Image size of job updated: 1079
	1079  -  MemoryUsage of job (MB)
	1105516  -  ResidentSetSize of job (KB)
...
006 (34545412.000.000) 2021-09-16 22:20:35 Image size of job updated: 1102
	1102  -  MemoryUsage of job (MB)
	1128504  -  ResidentSetSize of job (KB)
...
006 (34545412.000.000) 2021-09-16 22:21:36 Image size of job updated: 1123
	1123  -  MemoryUsage of job (MB)
	1150044  -  ResidentSetSize of job (KB)
...
006 (34545412.000.000) 2021-09-16 22:22:36 Image size of job updated: 1141
	1141  -  MemoryUsage of job (MB)
	1169352  -  ResidentSetSize of job (KB)
...
006 (34545412.000.000) 2021-09-16 22:23:37 Image size of job updated: 1163
	1163  -  MemoryUsage of job (MB)
	1191560  -  ResidentSetSize of job (KB)
...
006 (34545412.000.000) 2021-09-16 22:24:37 Image size of job updated: 1183
	1183  -  MemoryUsage of job (MB)
	1212220  -  ResidentSetSize of job (KB)
...
006 (34545412.000.000) 2021-09-16 22:25:37 Image size of job updated: 1203
	1203  -  MemoryUsage of job (MB)
	1232600  -  ResidentSetSize of job (KB)
...
006 (34545412.000.000) 2021-09-16 22:26:38 Image size of job updated: 1223
	1223  -  MemoryUsage of job (MB)
	1252816  -  ResidentSetSize of job (KB)
...
006 (34545412.000.000) 2021-09-16 22:27:38 Image size of job updated: 1242
	1242  -  MemoryUsage of job (MB)
	1272324  -  ResidentSetSize of job (KB)
...
006 (34545412.000.000) 2021-09-16 22:28:39 Image size of job updated: 1261
	1261  -  MemoryUsage of job (MB)
	1291964  -  ResidentSetSize of job (KB)
...
006 (34545412.000.000) 2021-09-16 22:29:40 Image size of job updated: 1280
	1280  -  MemoryUsage of job (MB)
	1311208  -  ResidentSetSize of job (KB)
...
006 (34545412.000.000) 2021-09-16 22:30:40 Image size of job updated: 1297
	1297  -  MemoryUsage of job (MB)
	1328188  -  ResidentSetSize of job (KB)
...
006 (34545412.000.000) 2021-09-16 22:31:41 Image size of job updated: 1315
	1315  -  MemoryUsage of job (MB)
	1346856  -  ResidentSetSize of job (KB)
...
006 (34545412.000.000) 2021-09-16 22:32:41 Image size of job updated: 1332
	1332  -  MemoryUsage of job (MB)
	1364904  -  ResidentSetSize of job (KB)
...
006 (34545412.000.000) 2021-09-16 22:33:42 Image size of job updated: 1350
	1350  -  MemoryUsage of job (MB)
	1383156  -  ResidentSetSize of job (KB)
...
006 (34545412.000.000) 2021-09-16 22:34:43 Image size of job updated: 1367
	1367  -  MemoryUsage of job (MB)
	1400740  -  ResidentSetSize of job (KB)
...
006 (34545412.000.000) 2021-09-16 22:35:43 Image size of job updated: 1384
	1384  -  MemoryUsage of job (MB)
	1418100  -  ResidentSetSize of job (KB)
...
006 (34545412.000.000) 2021-09-16 22:36:44 Image size of job updated: 1401
	1401  -  MemoryUsage of job (MB)
	1435080  -  ResidentSetSize of job (KB)
...
006 (34545412.000.000) 2021-09-16 22:37:45 Image size of job updated: 1418
	1418  -  MemoryUsage of job (MB)
	1452080  -  ResidentSetSize of job (KB)
...
006 (34545412.000.000) 2021-09-16 22:38:45 Image size of job updated: 1434
	1434  -  MemoryUsage of job (MB)
	1468796  -  ResidentSetSize of job (KB)
...
006 (34545412.000.000) 2021-09-16 22:39:46 Image size of job updated: 1450
	1450  -  MemoryUsage of job (MB)
	1485348  -  ResidentSetSize of job (KB)
...
006 (34545412.000.000) 2021-09-16 22:40:46 Image size of job updated: 1466
	1466  -  MemoryUsage of job (MB)
	1501616  -  ResidentSetSize of job (KB)
...
006 (34545412.000.000) 2021-09-16 22:41:46 Image size of job updated: 1482
	1482  -  MemoryUsage of job (MB)
	1517712  -  ResidentSetSize of job (KB)
...
006 (34545412.000.000) 2021-09-16 22:42:47 Image size of job updated: 1497
	1497  -  MemoryUsage of job (MB)
	1533532  -  ResidentSetSize of job (KB)
...
006 (34545412.000.000) 2021-09-16 22:43:47 Image size of job updated: 1513
	1513  -  MemoryUsage of job (MB)
	1549440  -  ResidentSetSize of job (KB)
...
006 (34545412.000.000) 2021-09-16 22:44:48 Image size of job updated: 1528
	1528  -  MemoryUsage of job (MB)
	1564972  -  ResidentSetSize of job (KB)
...
006 (34545412.000.000) 2021-09-16 22:45:49 Image size of job updated: 1547
	1547  -  MemoryUsage of job (MB)
	1584372  -  ResidentSetSize of job (KB)
...
006 (34545412.000.000) 2021-09-16 22:46:49 Image size of job updated: 1665
	1665  -  MemoryUsage of job (MB)
	1705236  -  ResidentSetSize of job (KB)
...
006 (34545412.000.000) 2021-09-16 22:47:50 Image size of job updated: 1687
	1687  -  MemoryUsage of job (MB)
	1727664  -  ResidentSetSize of job (KB)
...
006 (34545412.000.000) 2021-09-16 22:48:51 Image size of job updated: 1700
	1700  -  MemoryUsage of job (MB)
	1740840  -  ResidentSetSize of job (KB)
...
006 (34545412.000.000) 2021-09-16 22:49:51 Image size of job updated: 1708
	1708  -  MemoryUsage of job (MB)
	1749400  -  ResidentSetSize of job (KB)
...
006 (34545412.000.000) 2021-09-16 22:50:52 Image size of job updated: 1713
	1713  -  MemoryUsage of job (MB)
	1754976  -  ResidentSetSize of job (KB)
...
006 (34545412.000.000) 2021-09-16 22:51:52 Image size of job updated: 1716
	1716  -  MemoryUsage of job (MB)
	1758200  -  ResidentSetSize of job (KB)
...
006 (34545412.000.000) 2021-09-16 22:52:53 Image size of job updated: 1724
	1724  -  MemoryUsage of job (MB)
	1765724  -  ResidentSetSize of job (KB)
...
006 (34545412.000.000) 2021-09-16 22:53:53 Image size of job updated: 1729
	1729  -  MemoryUsage of job (MB)
	1770964  -  ResidentSetSize of job (KB)
...
006 (34545412.000.000) 2021-09-16 22:54:54 Image size of job updated: 1735
	1735  -  MemoryUsage of job (MB)
	1777128  -  ResidentSetSize of job (KB)
...
006 (34545412.000.000) 2021-09-16 22:55:54 Image size of job updated: 1739
	1739  -  MemoryUsage of job (MB)
	1781444  -  ResidentSetSize of job (KB)
...
006 (34545412.000.000) 2021-09-16 22:56:54 Image size of job updated: 1743
	1743  -  MemoryUsage of job (MB)
	1785512  -  ResidentSetSize of job (KB)
...
006 (34545412.000.000) 2021-09-16 22:57:55 Image size of job updated: 1746
	1746  -  MemoryUsage of job (MB)
	1788760  -  ResidentSetSize of job (KB)
...
006 (34545412.000.000) 2021-09-16 22:58:56 Image size of job updated: 1750
	1750  -  MemoryUsage of job (MB)
	1792920  -  ResidentSetSize of job (KB)
...
006 (34545412.000.000) 2021-09-16 22:59:56 Image size of job updated: 1754
	1754  -  MemoryUsage of job (MB)
	1796508  -  ResidentSetSize of job (KB)
...
040 (34545412.000.000) 2021-09-16 22:59:58 Started transferring output files
...
040 (34545412.000.000) 2021-09-16 22:59:59 Finished transferring output files
...
005 (34545412.000.000) 2021-09-16 22:59:59 Job terminated.
	(1) Normal termination (return value 0)
		Usr 0 00:52:38, Sys 0 00:04:35  -  Run Remote Usage
		Usr 0 00:00:00, Sys 0 00:00:00  -  Run Local Usage
		Usr 0 00:52:38, Sys 0 00:04:35  -  Total Remote Usage
		Usr 0 00:00:00, Sys 0 00:00:00  -  Total Local Usage
	1232798  -  Run Bytes Sent By Job
	8471534  -  Run Bytes Received By Job
	1232798  -  Total Bytes Sent By Job
	8471534  -  Total Bytes Received By Job
	Partitionable Resources :    Usage  Request Allocated 
	   Cpus                 :     0.00        1         1 
	   Disk (KB)            : 22751       10000    322237 
	   Memory (MB)          :  1754        2048      2048 

	Job terminated of its own accord at 2021-09-17T03:59:58Z.
...
000 (14733673.000.000) 2021-09-24 22:35:10 Job submitted from host: <131.225.188.55:9618?addrs=131.225.188.55-9618&alias=lpcschedd1.fnal.gov&noUDP&sock=schedd_2070_6d22>
...
040 (14733673.000.000) 2021-09-25 07:53:57 Started transferring input files
	Transferring to host: <131.225.188.94:9618?addrs=131.225.188.94-9618&alias=cmswn2045.fnal.gov&noUDP&sock=slot1_51_2005_742b_4148>
...
040 (14733673.000.000) 2021-09-25 07:53:57 Finished transferring input files
...
001 (14733673.000.000) 2021-09-25 07:53:58 Job executing on host: <131.225.188.94:9618?addrs=131.225.188.94-9618&alias=cmswn2045.fnal.gov&noUDP&sock=startd_1912_0d2b>
...
006 (14733673.000.000) 2021-09-25 07:54:07 Image size of job updated: 26
	26  -  MemoryUsage of job (MB)
	27120  -  ResidentSetSize of job (KB)
...
006 (14733673.000.000) 2021-09-25 07:55:07 Image size of job updated: 455
	455  -  MemoryUsage of job (MB)
	466612  -  ResidentSetSize of job (KB)
...
006 (14733673.000.000) 2021-09-25 07:56:07 Image size of job updated: 530
	530  -  MemoryUsage of job (MB)
	542872  -  ResidentSetSize of job (KB)
...
006 (14733673.000.000) 2021-09-25 08:00:09 Image size of job updated: 537
	537  -  MemoryUsage of job (MB)
	550744  -  ResidentSetSize of job (KB)
...
006 (14733673.000.000) 2021-09-25 08:01:10 Image size of job updated: 579
	579  -  MemoryUsage of job (MB)
	593560  -  ResidentSetSize of job (KB)
...
006 (14733673.000.000) 2021-09-25 08:02:10 Image size of job updated: 623
	623  -  MemoryUsage of job (MB)
	638268  -  ResidentSetSize of job (KB)
...
006 (14733673.000.000) 2021-09-25 08:03:11 Image size of job updated: 659
	659  -  MemoryUsage of job (MB)
	675652  -  ResidentSetSize of job (KB)
...
006 (14733673.000.000) 2021-09-25 08:04:12 Image size of job updated: 694
	694  -  MemoryUsage of job (MB)
	711512  -  ResidentSetSize of job (KB)
...
006 (14733673.000.000) 2021-09-25 08:05:13 Image size of job updated: 726
	726  -  MemoryUsage of job (MB)
	744332  -  ResidentSetSize of job (KB)
...
006 (14733673.000.000) 2021-09-25 08:06:14 Image size of job updated: 757
	757  -  MemoryUsage of job (MB)
	775580  -  ResidentSetSize of job (KB)
...
006 (14733673.000.000) 2021-09-25 08:07:15 Image size of job updated: 786
	786  -  MemoryUsage of job (MB)
	805128  -  ResidentSetSize of job (KB)
...
006 (14733673.000.000) 2021-09-25 08:08:16 Image size of job updated: 815
	815  -  MemoryUsage of job (MB)
	834996  -  ResidentSetSize of job (KB)
...
006 (14733673.000.000) 2021-09-25 08:09:16 Image size of job updated: 844
	844  -  MemoryUsage of job (MB)
	864740  -  ResidentSetSize of job (KB)
...
006 (14733673.000.000) 2021-09-25 08:10:17 Image size of job updated: 870
	870  -  MemoryUsage of job (MB)
	891776  -  ResidentSetSize of job (KB)
...
006 (14733673.000.000) 2021-09-25 08:11:17 Image size of job updated: 905
	905  -  MemoryUsage of job (MB)
	927252  -  ResidentSetSize of job (KB)
...
006 (14733673.000.000) 2021-09-25 08:12:17 Image size of job updated: 932
	932  -  MemoryUsage of job (MB)
	954468  -  ResidentSetSize of job (KB)
...
006 (14733673.000.000) 2021-09-25 08:13:18 Image size of job updated: 956
	956  -  MemoryUsage of job (MB)
	979728  -  ResidentSetSize of job (KB)
...
006 (14733673.000.000) 2021-09-25 08:14:19 Image size of job updated: 980
	980  -  MemoryUsage of job (MB)
	1003692  -  ResidentSetSize of job (KB)
...
006 (14733673.000.000) 2021-09-25 08:15:20 Image size of job updated: 1003
	1003  -  MemoryUsage of job (MB)
	1027496  -  ResidentSetSize of job (KB)
...
006 (14733673.000.000) 2021-09-25 08:16:20 Image size of job updated: 1029
	1029  -  MemoryUsage of job (MB)
	1053824  -  ResidentSetSize of job (KB)
...
006 (14733673.000.000) 2021-09-25 08:17:20 Image size of job updated: 1059
	1059  -  MemoryUsage of job (MB)
	1084484  -  ResidentSetSize of job (KB)
...
006 (14733673.000.000) 2021-09-25 08:18:22 Image size of job updated: 1083
	1083  -  MemoryUsage of job (MB)
	1109588  -  ResidentSetSize of job (KB)
...
006 (14733673.000.000) 2021-09-25 08:19:23 Image size of job updated: 1104
	1104  -  MemoryUsage of job (MB)
	1130848  -  ResidentSetSize of job (KB)
...
006 (14733673.000.000) 2021-09-25 08:20:23 Image size of job updated: 1122
	1122  -  MemoryUsage of job (MB)
	1149084  -  ResidentSetSize of job (KB)
...
006 (14733673.000.000) 2021-09-25 08:21:23 Image size of job updated: 1142
	1142  -  MemoryUsage of job (MB)
	1169736  -  ResidentSetSize of job (KB)
...
006 (14733673.000.000) 2021-09-25 08:22:23 Image size of job updated: 1162
	1162  -  MemoryUsage of job (MB)
	1190452  -  ResidentSetSize of job (KB)
...
006 (14733673.000.000) 2021-09-25 08:23:23 Image size of job updated: 1181
	1181  -  MemoryUsage of job (MB)
	1210240  -  ResidentSetSize of job (KB)
...
006 (14733673.000.000) 2021-09-25 08:24:24 Image size of job updated: 1200
	1200  -  MemoryUsage of job (MB)
	1229672  -  ResidentSetSize of job (KB)
...
006 (14733673.000.000) 2021-09-25 08:25:25 Image size of job updated: 1219
	1219  -  MemoryUsage of job (MB)
	1248724  -  ResidentSetSize of job (KB)
...
006 (14733673.000.000) 2021-09-25 08:26:26 Image size of job updated: 1237
	1237  -  MemoryUsage of job (MB)
	1267344  -  ResidentSetSize of job (KB)
...
006 (14733673.000.000) 2021-09-25 08:27:27 Image size of job updated: 1255
	1255  -  MemoryUsage of job (MB)
	1285692  -  ResidentSetSize of job (KB)
...
006 (14733673.000.000) 2021-09-25 08:28:28 Image size of job updated: 1272
	1272  -  MemoryUsage of job (MB)
	1303112  -  ResidentSetSize of job (KB)
...
006 (14733673.000.000) 2021-09-25 08:29:29 Image size of job updated: 1289
	1289  -  MemoryUsage of job (MB)
	1320832  -  ResidentSetSize of job (KB)
...
006 (14733673.000.000) 2021-09-25 08:30:29 Image size of job updated: 1307
	1307  -  MemoryUsage of job (MB)
	1338444  -  ResidentSetSize of job (KB)
...
006 (14733673.000.000) 2021-09-25 08:31:29 Image size of job updated: 1323
	1323  -  MemoryUsage of job (MB)
	1355236  -  ResidentSetSize of job (KB)
...
006 (14733673.000.000) 2021-09-25 08:32:30 Image size of job updated: 1339
	1339  -  MemoryUsage of job (MB)
	1372144  -  ResidentSetSize of job (KB)
...
006 (14733673.000.000) 2021-09-25 08:33:31 Image size of job updated: 1356
	1356  -  MemoryUsage of job (MB)
	1388780  -  ResidentSetSize of job (KB)
...
006 (14733673.000.000) 2021-09-25 08:34:32 Image size of job updated: 1372
	1372  -  MemoryUsage of job (MB)
	1405324  -  ResidentSetSize of job (KB)
...
006 (14733673.000.000) 2021-09-25 08:35:34 Image size of job updated: 1388
	1388  -  MemoryUsage of job (MB)
	1421600  -  ResidentSetSize of job (KB)
...
006 (14733673.000.000) 2021-09-25 08:36:36 Image size of job updated: 1404
	1404  -  MemoryUsage of job (MB)
	1437816  -  ResidentSetSize of job (KB)
...
006 (14733673.000.000) 2021-09-25 08:37:37 Image size of job updated: 1419
	1419  -  MemoryUsage of job (MB)
	1453348  -  ResidentSetSize of job (KB)
...
006 (14733673.000.000) 2021-09-25 08:38:38 Image size of job updated: 1434
	1434  -  MemoryUsage of job (MB)
	1469032  -  ResidentSetSize of job (KB)
...
006 (14733673.000.000) 2021-09-25 08:39:38 Image size of job updated: 1447
	1447  -  MemoryUsage of job (MB)
	1482716  -  ResidentSetSize of job (KB)
...
006 (14733673.000.000) 2021-09-25 08:40:38 Image size of job updated: 1463
	1463  -  MemoryUsage of job (MB)
	1498128  -  ResidentSetSize of job (KB)
...
006 (14733673.000.000) 2021-09-25 08:41:39 Image size of job updated: 1478
	1478  -  MemoryUsage of job (MB)
	1513540  -  ResidentSetSize of job (KB)
...
006 (14733673.000.000) 2021-09-25 08:42:39 Image size of job updated: 1492
	1492  -  MemoryUsage of job (MB)
	1528680  -  ResidentSetSize of job (KB)
...
006 (14733673.000.000) 2021-09-25 08:43:40 Image size of job updated: 1507
	1507  -  MemoryUsage of job (MB)
	1543624  -  ResidentSetSize of job (KB)
...
006 (14733673.000.000) 2021-09-25 08:44:40 Image size of job updated: 1521
	1521  -  MemoryUsage of job (MB)
	1558324  -  ResidentSetSize of job (KB)
...
006 (14733673.000.000) 2021-09-25 08:45:40 Image size of job updated: 1535
	1535  -  MemoryUsage of job (MB)
	1572856  -  ResidentSetSize of job (KB)
...
006 (14733673.000.000) 2021-09-25 08:46:41 Image size of job updated: 1625
	1625  -  MemoryUsage of job (MB)
	1664944  -  ResidentSetSize of job (KB)
...
006 (14733673.000.000) 2021-09-25 08:47:41 Image size of job updated: 1643
	1643  -  MemoryUsage of job (MB)
	1683092  -  ResidentSetSize of job (KB)
...
006 (14733673.000.000) 2021-09-25 08:48:42 Image size of job updated: 1656
	1656  -  MemoryUsage of job (MB)
	1696136  -  ResidentSetSize of job (KB)
...
006 (14733673.000.000) 2021-09-25 08:49:43 Image size of job updated: 1659
	1659  -  MemoryUsage of job (MB)
	1699192  -  ResidentSetSize of job (KB)
...
006 (14733673.000.000) 2021-09-25 08:50:44 Image size of job updated: 1662
	1662  -  MemoryUsage of job (MB)
	1702108  -  ResidentSetSize of job (KB)
...
006 (14733673.000.000) 2021-09-25 08:51:46 Image size of job updated: 1666
	1666  -  MemoryUsage of job (MB)
	1706520  -  ResidentSetSize of job (KB)
...
006 (14733673.000.000) 2021-09-25 08:52:47 Image size of job updated: 1671
	1671  -  MemoryUsage of job (MB)
	1711980  -  ResidentSetSize of job (KB)
...
006 (14733673.000.000) 2021-09-25 08:53:48 Image size of job updated: 1675
	1675  -  MemoryUsage of job (MB)
	1715316  -  ResidentSetSize of job (KB)
...
006 (14733673.000.000) 2021-09-25 08:54:48 Image size of job updated: 1678
	1678  -  MemoryUsage of job (MB)
	1718340  -  ResidentSetSize of job (KB)
...
006 (14733673.000.000) 2021-09-25 08:55:48 Image size of job updated: 1680
	1680  -  MemoryUsage of job (MB)
	1720896  -  ResidentSetSize of job (KB)
...
006 (14733673.000.000) 2021-09-25 08:56:49 Image size of job updated: 1684
	1684  -  MemoryUsage of job (MB)
	1725080  -  ResidentSetSize of job (KB)
...
006 (14733673.000.000) 2021-09-25 08:57:49 Image size of job updated: 1686
	1686  -  MemoryUsage of job (MB)
	1726672  -  ResidentSetSize of job (KB)
...
006 (14733673.000.000) 2021-09-25 08:58:49 Image size of job updated: 1689
	1689  -  MemoryUsage of job (MB)
	1730492  -  ResidentSetSize of job (KB)
...
006 (14733673.000.000) 2021-09-25 08:59:50 Image size of job updated: 1691
	1691  -  MemoryUsage of job (MB)
	1731856  -  ResidentSetSize of job (KB)
...
006 (14733673.000.000) 2021-09-25 09:00:50 Image size of job updated: 1693
	1693  -  MemoryUsage of job (MB)
	1733660  -  ResidentSetSize of job (KB)
...
006 (14733673.000.000) 2021-09-25 09:01:51 Image size of job updated: 1697
	1697  -  MemoryUsage of job (MB)
	1738564  -  ResidentSetSize of job (KB)
...
006 (14733673.000.000) 2021-09-25 09:02:52 Image size of job updated: 1699
	1699  -  MemoryUsage of job (MB)
	1740052  -  ResidentSetSize of job (KB)
...
006 (14733673.000.000) 2021-09-25 09:03:53 Image size of job updated: 1702
	1702  -  MemoryUsage of job (MB)
	1743336  -  ResidentSetSize of job (KB)
...
006 (14733673.000.000) 2021-09-25 09:04:54 Image size of job updated: 1703
	1703  -  MemoryUsage of job (MB)
	1744108  -  ResidentSetSize of job (KB)
...
006 (14733673.000.000) 2021-09-25 09:05:55 Image size of job updated: 1704
	1704  -  MemoryUsage of job (MB)
	1745296  -  ResidentSetSize of job (KB)
...
006 (14733673.000.000) 2021-09-25 09:06:56 Image size of job updated: 1706
	1706  -  MemoryUsage of job (MB)
	1747352  -  ResidentSetSize of job (KB)
...
006 (14733673.000.000) 2021-09-25 09:07:57 Image size of job updated: 1707
	1707  -  MemoryUsage of job (MB)
	1748820  -  ResidentSetSize of job (KB)
...
006 (14733673.000.000) 2021-09-25 09:08:58 Image size of job updated: 1708
	1708  -  MemoryUsage of job (MB)
	1750000  -  ResidentSetSize of job (KB)
...
006 (14733673.000.000) 2021-09-25 09:09:59 Image size of job updated: 1710
	1710  -  MemoryUsage of job (MB)
	1751192  -  ResidentSetSize of job (KB)
...
006 (14733673.000.000) 2021-09-25 09:11:00 Image size of job updated: 1711
	1711  -  MemoryUsage of job (MB)
	1752100  -  ResidentSetSize of job (KB)
...
006 (14733673.000.000) 2021-09-25 09:12:01 Image size of job updated: 1711
	1711  -  MemoryUsage of job (MB)
	1752860  -  ResidentSetSize of job (KB)
...
006 (14733673.000.000) 2021-09-25 09:13:02 Image size of job updated: 1712
	1712  -  MemoryUsage of job (MB)
	1754084  -  ResidentSetSize of job (KB)
...
006 (14733673.000.000) 2021-09-25 09:14:02 Image size of job updated: 1714
	1714  -  MemoryUsage of job (MB)
	1755476  -  ResidentSetSize of job (KB)
...
006 (14733673.000.000) 2021-09-25 09:15:02 Image size of job updated: 1715
	1715  -  MemoryUsage of job (MB)
	1756164  -  ResidentSetSize of job (KB)
...
006 (14733673.000.000) 2021-09-25 09:16:02 Image size of job updated: 1715
	1715  -  MemoryUsage of job (MB)
	1757172  -  ResidentSetSize of job (KB)
...
006 (14733673.000.000) 2021-09-25 09:17:03 Image size of job updated: 1716
	1716  -  MemoryUsage of job (MB)
	1757776  -  ResidentSetSize of job (KB)
...
006 (14733673.000.000) 2021-09-25 09:18:03 Image size of job updated: 1716
	1716  -  MemoryUsage of job (MB)
	1758156  -  ResidentSetSize of job (KB)
...
006 (14733673.000.000) 2021-09-25 09:19:04 Image size of job updated: 1717
	1717  -  MemoryUsage of job (MB)
	1758712  -  ResidentSetSize of job (KB)
...
006 (14733673.000.000) 2021-09-25 09:20:05 Image size of job updated: 1717
	1717  -  MemoryUsage of job (MB)
	1759144  -  ResidentSetSize of job (KB)
...
006 (14733673.000.000) 2021-09-25 09:21:05 Image size of job updated: 1718
	1718  -  MemoryUsage of job (MB)
	1759352  -  ResidentSetSize of job (KB)
...
006 (14733673.000.000) 2021-09-25 09:22:06 Image size of job updated: 1718
	1718  -  MemoryUsage of job (MB)
	1759868  -  ResidentSetSize of job (KB)
...
006 (14733673.000.000) 2021-09-25 09:23:07 Image size of job updated: 1720
	1720  -  MemoryUsage of job (MB)
	1761468  -  ResidentSetSize of job (KB)
...
006 (14733673.000.000) 2021-09-25 09:24:07 Image size of job updated: 1721
	1721  -  MemoryUsage of job (MB)
	1762708  -  ResidentSetSize of job (KB)
...
006 (14733673.000.000) 2021-09-25 09:25:08 Image size of job updated: 1721
	1721  -  MemoryUsage of job (MB)
	1763196  -  ResidentSetSize of job (KB)
...
006 (14733673.000.000) 2021-09-25 09:26:09 Image size of job updated: 1722
	1722  -  MemoryUsage of job (MB)
	1764064  -  ResidentSetSize of job (KB)
...
006 (14733673.000.000) 2021-09-25 09:27:09 Image size of job updated: 1723
	1723  -  MemoryUsage of job (MB)
	1764996  -  ResidentSetSize of job (KB)
...
006 (14733673.000.000) 2021-09-25 09:28:10 Image size of job updated: 1724
	1724  -  MemoryUsage of job (MB)
	1766280  -  ResidentSetSize of job (KB)
...
006 (14733673.000.000) 2021-09-25 09:29:10 Image size of job updated: 1725
	1725  -  MemoryUsage of job (MB)
	1767152  -  ResidentSetSize of job (KB)
...
006 (14733673.000.000) 2021-09-25 09:30:10 Image size of job updated: 1726
	1726  -  MemoryUsage of job (MB)
	1767952  -  ResidentSetSize of job (KB)
...
006 (14733673.000.000) 2021-09-25 09:31:10 Image size of job updated: 1727
	1727  -  MemoryUsage of job (MB)
	1768584  -  ResidentSetSize of job (KB)
...
006 (14733673.000.000) 2021-09-25 09:32:12 Image size of job updated: 1728
	1728  -  MemoryUsage of job (MB)
	1769516  -  ResidentSetSize of job (KB)
...
006 (14733673.000.000) 2021-09-25 09:33:12 Image size of job updated: 1728
	1728  -  MemoryUsage of job (MB)
	1770252  -  ResidentSetSize of job (KB)
...
006 (14733673.000.000) 2021-09-25 09:34:13 Image size of job updated: 1729
	1729  -  MemoryUsage of job (MB)
	1770928  -  ResidentSetSize of job (KB)
...
006 (14733673.000.000) 2021-09-25 09:35:14 Image size of job updated: 1730
	1730  -  MemoryUsage of job (MB)
	1771604  -  ResidentSetSize of job (KB)
...
006 (14733673.000.000) 2021-09-25 09:36:15 Image size of job updated: 1731
	1731  -  MemoryUsage of job (MB)
	1772844  -  ResidentSetSize of job (KB)
...
006 (14733673.000.000) 2021-09-25 09:37:15 Image size of job updated: 1731
	1731  -  MemoryUsage of job (MB)
	1773472  -  ResidentSetSize of job (KB)
...
006 (14733673.000.000) 2021-09-25 09:38:16 Image size of job updated: 1733
	1733  -  MemoryUsage of job (MB)
	1774664  -  ResidentSetSize of job (KB)
...
006 (14733673.000.000) 2021-09-25 09:39:17 Image size of job updated: 1734
	1734  -  MemoryUsage of job (MB)
	1776000  -  ResidentSetSize of job (KB)
...
006 (14733673.000.000) 2021-09-25 09:40:17 Image size of job updated: 1735
	1735  -  MemoryUsage of job (MB)
	1776728  -  ResidentSetSize of job (KB)
...
006 (14733673.000.000) 2021-09-25 09:41:17 Image size of job updated: 1735
	1735  -  MemoryUsage of job (MB)
	1777248  -  ResidentSetSize of job (KB)
...
006 (14733673.000.000) 2021-09-25 09:42:18 Image size of job updated: 1736
	1736  -  MemoryUsage of job (MB)
	1778004  -  ResidentSetSize of job (KB)
...
006 (14733673.000.000) 2021-09-25 09:43:20 Image size of job updated: 1736
	1736  -  MemoryUsage of job (MB)
	1778484  -  ResidentSetSize of job (KB)
...
006 (14733673.000.000) 2021-09-25 09:44:20 Image size of job updated: 1737
	1737  -  MemoryUsage of job (MB)
	1779256  -  ResidentSetSize of job (KB)
...
006 (14733673.000.000) 2021-09-25 09:45:20 Image size of job updated: 1738
	1738  -  MemoryUsage of job (MB)
	1779936  -  ResidentSetSize of job (KB)
...
006 (14733673.000.000) 2021-09-25 09:46:20 Image size of job updated: 1738
	1738  -  MemoryUsage of job (MB)
	1780216  -  ResidentSetSize of job (KB)
...
006 (14733673.000.000) 2021-09-25 09:47:22 Image size of job updated: 1738
	1738  -  MemoryUsage of job (MB)
	1780712  -  ResidentSetSize of job (KB)
...
006 (14733673.000.000) 2021-09-25 09:48:22 Image size of job updated: 1739
	1739  -  MemoryUsage of job (MB)
	1781352  -  ResidentSetSize of job (KB)
...
006 (14733673.000.000) 2021-09-25 09:49:22 Image size of job updated: 1740
	1740  -  MemoryUsage of job (MB)
	1782072  -  ResidentSetSize of job (KB)
...
006 (14733673.000.000) 2021-09-25 09:50:22 Image size of job updated: 1741
	1741  -  MemoryUsage of job (MB)
	1782812  -  ResidentSetSize of job (KB)
...
006 (14733673.000.000) 2021-09-25 09:51:22 Image size of job updated: 1741
	1741  -  MemoryUsage of job (MB)
	1782984  -  ResidentSetSize of job (KB)
...
006 (14733673.000.000) 2021-09-25 09:52:22 Image size of job updated: 1741
	1741  -  MemoryUsage of job (MB)
	1783588  -  ResidentSetSize of job (KB)
...
006 (14733673.000.000) 2021-09-25 09:53:23 Image size of job updated: 1742
	1742  -  MemoryUsage of job (MB)
	1784104  -  ResidentSetSize of job (KB)
...
006 (14733673.000.000) 2021-09-25 09:54:23 Image size of job updated: 1742
	1742  -  MemoryUsage of job (MB)
	1784544  -  ResidentSetSize of job (KB)
...
006 (14733673.000.000) 2021-09-25 09:55:23 Image size of job updated: 1743
	1743  -  MemoryUsage of job (MB)
	1785136  -  ResidentSetSize of job (KB)
...
006 (14733673.000.000) 2021-09-25 09:56:23 Image size of job updated: 1743
	1743  -  MemoryUsage of job (MB)
	1785256  -  ResidentSetSize of job (KB)
...
006 (14733673.000.000) 2021-09-25 09:57:24 Image size of job updated: 1743
	1743  -  MemoryUsage of job (MB)
	1785840  -  ResidentSetSize of job (KB)
...
006 (14733673.000.000) 2021-09-25 09:58:24 Image size of job updated: 1744
	1744  -  MemoryUsage of job (MB)
	1786220  -  ResidentSetSize of job (KB)
...
006 (14733673.000.000) 2021-09-25 09:59:24 Image size of job updated: 1744
	1744  -  MemoryUsage of job (MB)
	1786708  -  ResidentSetSize of job (KB)
...
006 (14733673.000.000) 2021-09-25 10:00:24 Image size of job updated: 1745
	1745  -  MemoryUsage of job (MB)
	1787316  -  ResidentSetSize of job (KB)
...
006 (14733673.000.000) 2021-09-25 10:01:25 Image size of job updated: 1745
	1745  -  MemoryUsage of job (MB)
	1787636  -  ResidentSetSize of job (KB)
...
006 (14733673.000.000) 2021-09-25 10:02:26 Image size of job updated: 1746
	1746  -  MemoryUsage of job (MB)
	1788092  -  ResidentSetSize of job (KB)
...
006 (14733673.000.000) 2021-09-25 10:03:26 Image size of job updated: 1746
	1746  -  MemoryUsage of job (MB)
	1788520  -  ResidentSetSize of job (KB)
...
006 (14733673.000.000) 2021-09-25 10:04:26 Image size of job updated: 1747
	1747  -  MemoryUsage of job (MB)
	1789020  -  ResidentSetSize of job (KB)
...
006 (14733673.000.000) 2021-09-25 10:05:27 Image size of job updated: 1747
	1747  -  MemoryUsage of job (MB)
	1789564  -  ResidentSetSize of job (KB)
...
006 (14733673.000.000) 2021-09-25 10:06:28 Image size of job updated: 1747
	1747  -  MemoryUsage of job (MB)
	1789924  -  ResidentSetSize of job (KB)
...
006 (14733673.000.000) 2021-09-25 10:07:28 Image size of job updated: 1748
	1748  -  MemoryUsage of job (MB)
	1790400  -  ResidentSetSize of job (KB)
...
006 (14733673.000.000) 2021-09-25 10:08:29 Image size of job updated: 1748
	1748  -  MemoryUsage of job (MB)
	1790804  -  ResidentSetSize of job (KB)
...
006 (14733673.000.000) 2021-09-25 10:09:30 Image size of job updated: 1749
	1749  -  MemoryUsage of job (MB)
	1791348  -  ResidentSetSize of job (KB)
...
006 (14733673.000.000) 2021-09-25 10:10:31 Image size of job updated: 1749
	1749  -  MemoryUsage of job (MB)
	1791748  -  ResidentSetSize of job (KB)
...
006 (14733673.000.000) 2021-09-25 10:11:31 Image size of job updated: 1750
	1750  -  MemoryUsage of job (MB)
	1792036  -  ResidentSetSize of job (KB)
...
006 (14733673.000.000) 2021-09-25 10:12:31 Image size of job updated: 1750
	1750  -  MemoryUsage of job (MB)
	1792492  -  ResidentSetSize of job (KB)
...
006 (14733673.000.000) 2021-09-25 10:13:32 Image size of job updated: 1751
	1751  -  MemoryUsage of job (MB)
	1793064  -  ResidentSetSize of job (KB)
...
006 (14733673.000.000) 2021-09-25 10:14:34 Image size of job updated: 1751
	1751  -  MemoryUsage of job (MB)
	1793632  -  ResidentSetSize of job (KB)
...
006 (14733673.000.000) 2021-09-25 10:15:35 Image size of job updated: 1752
	1752  -  MemoryUsage of job (MB)
	1794220  -  ResidentSetSize of job (KB)
...
006 (14733673.000.000) 2021-09-25 10:16:36 Image size of job updated: 1752
	1752  -  MemoryUsage of job (MB)
	1794600  -  ResidentSetSize of job (KB)
...
006 (14733673.000.000) 2021-09-25 10:17:36 Image size of job updated: 1752
	1752  -  MemoryUsage of job (MB)
	1794964  -  ResidentSetSize of job (KB)
...
006 (14733673.000.000) 2021-09-25 10:18:14 Image size of job updated: 1753
	1753  -  MemoryUsage of job (MB)
	1795272  -  ResidentSetSize of job (KB)
...
040 (14733673.000.000) 2021-09-25 10:18:15 Started transferring output files
...
040 (14733673.000.000) 2021-09-25 10:18:15 Finished transferring output files
...
005 (14733673.000.000) 2021-09-25 10:18:17 Job terminated.
	(1) Normal termination (return value 0)
		Usr 0 00:00:00, Sys 0 00:00:00  -  Run Remote Usage
		Usr 0 00:00:00, Sys 0 00:00:00  -  Run Local Usage
		Usr 0 00:57:41, Sys 0 01:19:45  -  Total Remote Usage
		Usr 0 00:00:00, Sys 0 00:00:00  -  Total Local Usage
	1225474  -  Run Bytes Sent By Job
	8471570  -  Run Bytes Received By Job
	1225474  -  Total Bytes Sent By Job
	8471570  -  Total Bytes Received By Job
	Partitionable Resources :    Usage  Request Allocated 
	   Cpus                 :     0.00        1         1 
	   Disk (KB)            : 21384       10000   1641630 
	   Memory (MB)          :  1753        2048      2048 

	Job terminated of its own accord at 2021-09-25T15:18:14Z.
...
