000 (14630187.000.000) 2021-09-16 05:49:27 Job submitted from host: <131.225.188.55:9618?addrs=131.225.188.55-9618&alias=lpcschedd1.fnal.gov&noUDP&sock=schedd_2070_6d22>
...
040 (14630187.000.000) 2021-09-16 13:28:01 Started transferring input files
	Transferring to host: <131.225.204.93:9618?addrs=131.225.204.93-9618&alias=cmswn1697.fnal.gov&noUDP&sock=slot1_4_1275_1a4d_5464>
...
040 (14630187.000.000) 2021-09-16 13:28:01 Finished transferring input files
...
001 (14630187.000.000) 2021-09-16 13:28:02 Job executing on host: <131.225.204.93:9618?addrs=131.225.204.93-9618&alias=cmswn1697.fnal.gov&noUDP&sock=startd_1151_1198>
...
006 (14630187.000.000) 2021-09-16 13:28:11 Image size of job updated: 66
	66  -  MemoryUsage of job (MB)
	67904  -  ResidentSetSize of job (KB)
...
006 (14630187.000.000) 2021-09-16 13:29:12 Image size of job updated: 530
	530  -  MemoryUsage of job (MB)
	543448  -  ResidentSetSize of job (KB)
...
006 (14630187.000.000) 2021-09-16 13:32:13 Image size of job updated: 537
	537  -  MemoryUsage of job (MB)
	550284  -  ResidentSetSize of job (KB)
...
006 (14630187.000.000) 2021-09-16 13:33:13 Image size of job updated: 589
	589  -  MemoryUsage of job (MB)
	603192  -  ResidentSetSize of job (KB)
...
006 (14630187.000.000) 2021-09-16 13:34:13 Image size of job updated: 636
	636  -  MemoryUsage of job (MB)
	652168  -  ResidentSetSize of job (KB)
...
006 (14630187.000.000) 2021-09-16 13:35:14 Image size of job updated: 678
	678  -  MemoryUsage of job (MB)
	695112  -  ResidentSetSize of job (KB)
...
006 (14630187.000.000) 2021-09-16 13:36:15 Image size of job updated: 717
	717  -  MemoryUsage of job (MB)
	734464  -  ResidentSetSize of job (KB)
...
006 (14630187.000.000) 2021-09-16 13:37:15 Image size of job updated: 752
	752  -  MemoryUsage of job (MB)
	770400  -  ResidentSetSize of job (KB)
...
006 (14630187.000.000) 2021-09-16 13:38:16 Image size of job updated: 785
	785  -  MemoryUsage of job (MB)
	804776  -  ResidentSetSize of job (KB)
...
006 (14630187.000.000) 2021-09-16 13:39:16 Image size of job updated: 818
	818  -  MemoryUsage of job (MB)
	838256  -  ResidentSetSize of job (KB)
...
006 (14630187.000.000) 2021-09-16 13:40:17 Image size of job updated: 851
	851  -  MemoryUsage of job (MB)
	871484  -  ResidentSetSize of job (KB)
...
006 (14630187.000.000) 2021-09-16 13:41:17 Image size of job updated: 880
	880  -  MemoryUsage of job (MB)
	901528  -  ResidentSetSize of job (KB)
...
006 (14630187.000.000) 2021-09-16 13:42:17 Image size of job updated: 918
	918  -  MemoryUsage of job (MB)
	940052  -  ResidentSetSize of job (KB)
...
006 (14630187.000.000) 2021-09-16 13:43:18 Image size of job updated: 945
	945  -  MemoryUsage of job (MB)
	968220  -  ResidentSetSize of job (KB)
...
006 (14630187.000.000) 2021-09-16 13:44:18 Image size of job updated: 972
	972  -  MemoryUsage of job (MB)
	995652  -  ResidentSetSize of job (KB)
...
006 (14630187.000.000) 2021-09-16 13:45:19 Image size of job updated: 997
	997  -  MemoryUsage of job (MB)
	1021900  -  ResidentSetSize of job (KB)
...
006 (14630187.000.000) 2021-09-16 13:46:20 Image size of job updated: 1025
	1025  -  MemoryUsage of job (MB)
	1050308  -  ResidentSetSize of job (KB)
...
006 (14630187.000.000) 2021-09-16 13:47:20 Image size of job updated: 1059
	1059  -  MemoryUsage of job (MB)
	1084492  -  ResidentSetSize of job (KB)
...
006 (14630187.000.000) 2021-09-16 13:48:21 Image size of job updated: 1084
	1084  -  MemoryUsage of job (MB)
	1110932  -  ResidentSetSize of job (KB)
...
006 (14630187.000.000) 2021-09-16 13:49:22 Image size of job updated: 1107
	1107  -  MemoryUsage of job (MB)
	1134320  -  ResidentSetSize of job (KB)
...
006 (14630187.000.000) 2021-09-16 13:50:22 Image size of job updated: 1130
	1130  -  MemoryUsage of job (MB)
	1157524  -  ResidentSetSize of job (KB)
...
006 (14630187.000.000) 2021-09-16 13:51:23 Image size of job updated: 1152
	1152  -  MemoryUsage of job (MB)
	1180600  -  ResidentSetSize of job (KB)
...
006 (14630187.000.000) 2021-09-16 13:52:24 Image size of job updated: 1174
	1174  -  MemoryUsage of job (MB)
	1202604  -  ResidentSetSize of job (KB)
...
006 (14630187.000.000) 2021-09-16 13:53:24 Image size of job updated: 1195
	1195  -  MemoryUsage of job (MB)
	1223952  -  ResidentSetSize of job (KB)
...
006 (14630187.000.000) 2021-09-16 13:54:25 Image size of job updated: 1215
	1215  -  MemoryUsage of job (MB)
	1244988  -  ResidentSetSize of job (KB)
...
006 (14630187.000.000) 2021-09-16 13:55:25 Image size of job updated: 1235
	1235  -  MemoryUsage of job (MB)
	1265612  -  ResidentSetSize of job (KB)
...
006 (14630187.000.000) 2021-09-16 13:56:26 Image size of job updated: 1255
	1255  -  MemoryUsage of job (MB)
	1285876  -  ResidentSetSize of job (KB)
...
006 (14630187.000.000) 2021-09-16 13:57:26 Image size of job updated: 1273
	1273  -  MemoryUsage of job (MB)
	1304032  -  ResidentSetSize of job (KB)
...
006 (14630187.000.000) 2021-09-16 13:58:26 Image size of job updated: 1292
	1292  -  MemoryUsage of job (MB)
	1323544  -  ResidentSetSize of job (KB)
...
006 (14630187.000.000) 2021-09-16 13:59:27 Image size of job updated: 1311
	1311  -  MemoryUsage of job (MB)
	1342840  -  ResidentSetSize of job (KB)
...
006 (14630187.000.000) 2021-09-16 14:00:27 Image size of job updated: 1329
	1329  -  MemoryUsage of job (MB)
	1361760  -  ResidentSetSize of job (KB)
...
006 (14630187.000.000) 2021-09-16 14:01:28 Image size of job updated: 1348
	1348  -  MemoryUsage of job (MB)
	1380456  -  ResidentSetSize of job (KB)
...
006 (14630187.000.000) 2021-09-16 14:02:29 Image size of job updated: 1366
	1366  -  MemoryUsage of job (MB)
	1398840  -  ResidentSetSize of job (KB)
...
006 (14630187.000.000) 2021-09-16 14:03:29 Image size of job updated: 1383
	1383  -  MemoryUsage of job (MB)
	1416848  -  ResidentSetSize of job (KB)
...
006 (14630187.000.000) 2021-09-16 14:04:30 Image size of job updated: 1401
	1401  -  MemoryUsage of job (MB)
	1434692  -  ResidentSetSize of job (KB)
...
006 (14630187.000.000) 2021-09-16 14:05:30 Image size of job updated: 1418
	1418  -  MemoryUsage of job (MB)
	1452316  -  ResidentSetSize of job (KB)
...
006 (14630187.000.000) 2021-09-16 14:06:30 Image size of job updated: 1435
	1435  -  MemoryUsage of job (MB)
	1469712  -  ResidentSetSize of job (KB)
...
006 (14630187.000.000) 2021-09-16 14:07:31 Image size of job updated: 1452
	1452  -  MemoryUsage of job (MB)
	1486932  -  ResidentSetSize of job (KB)
...
006 (14630187.000.000) 2021-09-16 14:08:32 Image size of job updated: 1468
	1468  -  MemoryUsage of job (MB)
	1503712  -  ResidentSetSize of job (KB)
...
006 (14630187.000.000) 2021-09-16 14:09:32 Image size of job updated: 1484
	1484  -  MemoryUsage of job (MB)
	1520300  -  ResidentSetSize of job (KB)
...
006 (14630187.000.000) 2021-09-16 14:10:33 Image size of job updated: 1500
	1500  -  MemoryUsage of job (MB)
	1536672  -  ResidentSetSize of job (KB)
...
006 (14630187.000.000) 2021-09-16 14:11:33 Image size of job updated: 1516
	1516  -  MemoryUsage of job (MB)
	1552988  -  ResidentSetSize of job (KB)
...
006 (14630187.000.000) 2021-09-16 14:12:34 Image size of job updated: 1532
	1532  -  MemoryUsage of job (MB)
	1569028  -  ResidentSetSize of job (KB)
...
006 (14630187.000.000) 2021-09-16 14:13:34 Image size of job updated: 1625
	1625  -  MemoryUsage of job (MB)
	1664680  -  ResidentSetSize of job (KB)
...
006 (14630187.000.000) 2021-09-16 14:14:34 Image size of job updated: 1662
	1662  -  MemoryUsage of job (MB)
	1702400  -  ResidentSetSize of job (KB)
...
006 (14630187.000.000) 2021-09-16 14:15:35 Image size of job updated: 1700
	1700  -  MemoryUsage of job (MB)
	1741040  -  ResidentSetSize of job (KB)
...
006 (14630187.000.000) 2021-09-16 14:16:35 Image size of job updated: 1718
	1718  -  MemoryUsage of job (MB)
	1759560  -  ResidentSetSize of job (KB)
...
006 (14630187.000.000) 2021-09-16 14:17:35 Image size of job updated: 1729
	1729  -  MemoryUsage of job (MB)
	1770796  -  ResidentSetSize of job (KB)
...
006 (14630187.000.000) 2021-09-16 14:18:36 Image size of job updated: 1734
	1734  -  MemoryUsage of job (MB)
	1776036  -  ResidentSetSize of job (KB)
...
006 (14630187.000.000) 2021-09-16 14:19:36 Image size of job updated: 1741
	1741  -  MemoryUsage of job (MB)
	1783456  -  ResidentSetSize of job (KB)
...
006 (14630187.000.000) 2021-09-16 14:20:37 Image size of job updated: 1745
	1745  -  MemoryUsage of job (MB)
	1787896  -  ResidentSetSize of job (KB)
...
006 (14630187.000.000) 2021-09-16 14:21:38 Image size of job updated: 1749
	1749  -  MemoryUsage of job (MB)
	1791772  -  ResidentSetSize of job (KB)
...
006 (14630187.000.000) 2021-09-16 14:22:38 Image size of job updated: 1754
	1754  -  MemoryUsage of job (MB)
	1796408  -  ResidentSetSize of job (KB)
...
006 (14630187.000.000) 2021-09-16 14:23:39 Image size of job updated: 1758
	1758  -  MemoryUsage of job (MB)
	1800256  -  ResidentSetSize of job (KB)
...
006 (14630187.000.000) 2021-09-16 14:24:40 Image size of job updated: 1761
	1761  -  MemoryUsage of job (MB)
	1803364  -  ResidentSetSize of job (KB)
...
006 (14630187.000.000) 2021-09-16 14:25:40 Image size of job updated: 1763
	1763  -  MemoryUsage of job (MB)
	1806240  -  ResidentSetSize of job (KB)
...
006 (14630187.000.000) 2021-09-16 14:26:41 Image size of job updated: 1767
	1767  -  MemoryUsage of job (MB)
	1809600  -  ResidentSetSize of job (KB)
...
006 (14630187.000.000) 2021-09-16 14:27:41 Image size of job updated: 1770
	1770  -  MemoryUsage of job (MB)
	1812564  -  ResidentSetSize of job (KB)
...
040 (14630187.000.000) 2021-09-16 14:27:56 Started transferring output files
...
040 (14630187.000.000) 2021-09-16 14:27:56 Finished transferring output files
...
005 (14630187.000.000) 2021-09-16 14:27:59 Job terminated.
	(1) Normal termination (return value 0)
		Usr 0 00:49:52, Sys 0 00:04:48  -  Run Remote Usage
		Usr 0 00:00:00, Sys 0 00:00:00  -  Run Local Usage
		Usr 0 00:49:52, Sys 0 00:04:48  -  Total Remote Usage
		Usr 0 00:00:00, Sys 0 00:00:00  -  Total Local Usage
	1232834  -  Run Bytes Sent By Job
	8471534  -  Run Bytes Received By Job
	1232834  -  Total Bytes Sent By Job
	8471534  -  Total Bytes Received By Job
	Partitionable Resources :    Usage  Request Allocated 
	   Cpus                 :     0.00        1         1 
	   Disk (KB)            : 24733       10000    318928 
	   Memory (MB)          :  1770        2048      2048 

	Job terminated of its own accord at 2021-09-16T19:27:56Z.
...
000 (14733655.000.000) 2021-09-24 22:35:04 Job submitted from host: <131.225.188.55:9618?addrs=131.225.188.55-9618&alias=lpcschedd1.fnal.gov&noUDP&sock=schedd_2070_6d22>
...
040 (14733655.000.000) 2021-09-25 07:52:43 Started transferring input files
	Transferring to host: <131.225.206.3:9618?addrs=131.225.206.3-9618&alias=cmswn1731.fnal.gov&noUDP&sock=slot1_5_1225_df8b_6702>
...
040 (14733655.000.000) 2021-09-25 07:52:44 Finished transferring input files
...
001 (14733655.000.000) 2021-09-25 07:52:45 Job executing on host: <131.225.206.3:9618?addrs=131.225.206.3-9618&alias=cmswn1731.fnal.gov&noUDP&sock=startd_1144_446f>
...
006 (14733655.000.000) 2021-09-25 07:52:53 Image size of job updated: 43
	43  -  MemoryUsage of job (MB)
	44872  -  ResidentSetSize of job (KB)
...
006 (14733655.000.000) 2021-09-25 07:53:53 Image size of job updated: 518
	518  -  MemoryUsage of job (MB)
	531448  -  ResidentSetSize of job (KB)
...
006 (14733655.000.000) 2021-09-25 07:57:54 Image size of job updated: 568
	568  -  MemoryUsage of job (MB)
	582248  -  ResidentSetSize of job (KB)
...
006 (14733655.000.000) 2021-09-25 07:58:55 Image size of job updated: 618
	618  -  MemoryUsage of job (MB)
	633772  -  ResidentSetSize of job (KB)
...
006 (14733655.000.000) 2021-09-25 07:59:56 Image size of job updated: 661
	661  -  MemoryUsage of job (MB)
	677108  -  ResidentSetSize of job (KB)
...
006 (14733655.000.000) 2021-09-25 08:00:56 Image size of job updated: 699
	699  -  MemoryUsage of job (MB)
	716792  -  ResidentSetSize of job (KB)
...
006 (14733655.000.000) 2021-09-25 08:01:57 Image size of job updated: 736
	736  -  MemoryUsage of job (MB)
	754304  -  ResidentSetSize of job (KB)
...
006 (14733655.000.000) 2021-09-25 08:02:57 Image size of job updated: 771
	771  -  MemoryUsage of job (MB)
	789504  -  ResidentSetSize of job (KB)
...
006 (14733655.000.000) 2021-09-25 08:03:57 Image size of job updated: 804
	804  -  MemoryUsage of job (MB)
	823812  -  ResidentSetSize of job (KB)
...
006 (14733655.000.000) 2021-09-25 08:04:58 Image size of job updated: 838
	838  -  MemoryUsage of job (MB)
	858704  -  ResidentSetSize of job (KB)
...
006 (14733655.000.000) 2021-09-25 08:05:59 Image size of job updated: 867
	867  -  MemoryUsage of job (MB)
	887844  -  ResidentSetSize of job (KB)
...
006 (14733655.000.000) 2021-09-25 08:06:59 Image size of job updated: 906
	906  -  MemoryUsage of job (MB)
	928420  -  ResidentSetSize of job (KB)
...
006 (14733655.000.000) 2021-09-25 08:07:59 Image size of job updated: 935
	935  -  MemoryUsage of job (MB)
	958400  -  ResidentSetSize of job (KB)
...
006 (14733655.000.000) 2021-09-25 08:09:00 Image size of job updated: 963
	963  -  MemoryUsage of job (MB)
	986504  -  ResidentSetSize of job (KB)
...
006 (14733655.000.000) 2021-09-25 08:10:00 Image size of job updated: 989
	989  -  MemoryUsage of job (MB)
	1012964  -  ResidentSetSize of job (KB)
...
006 (14733655.000.000) 2021-09-25 08:11:00 Image size of job updated: 1015
	1015  -  MemoryUsage of job (MB)
	1039484  -  ResidentSetSize of job (KB)
...
006 (14733655.000.000) 2021-09-25 08:12:01 Image size of job updated: 1044
	1044  -  MemoryUsage of job (MB)
	1069200  -  ResidentSetSize of job (KB)
...
006 (14733655.000.000) 2021-09-25 08:13:02 Image size of job updated: 1077
	1077  -  MemoryUsage of job (MB)
	1103672  -  ResidentSetSize of job (KB)
...
006 (14733655.000.000) 2021-09-25 08:14:02 Image size of job updated: 1100
	1100  -  MemoryUsage of job (MB)
	1126848  -  ResidentSetSize of job (KB)
...
006 (14733655.000.000) 2021-09-25 08:15:03 Image size of job updated: 1122
	1122  -  MemoryUsage of job (MB)
	1149568  -  ResidentSetSize of job (KB)
...
006 (14733655.000.000) 2021-09-25 08:16:04 Image size of job updated: 1144
	1144  -  MemoryUsage of job (MB)
	1171956  -  ResidentSetSize of job (KB)
...
006 (14733655.000.000) 2021-09-25 08:17:04 Image size of job updated: 1166
	1166  -  MemoryUsage of job (MB)
	1194424  -  ResidentSetSize of job (KB)
...
006 (14733655.000.000) 2021-09-25 08:18:05 Image size of job updated: 1187
	1187  -  MemoryUsage of job (MB)
	1215816  -  ResidentSetSize of job (KB)
...
006 (14733655.000.000) 2021-09-25 08:19:05 Image size of job updated: 1207
	1207  -  MemoryUsage of job (MB)
	1236740  -  ResidentSetSize of job (KB)
...
006 (14733655.000.000) 2021-09-25 08:20:06 Image size of job updated: 1227
	1227  -  MemoryUsage of job (MB)
	1257248  -  ResidentSetSize of job (KB)
...
006 (14733655.000.000) 2021-09-25 08:21:07 Image size of job updated: 1247
	1247  -  MemoryUsage of job (MB)
	1277352  -  ResidentSetSize of job (KB)
...
006 (14733655.000.000) 2021-09-25 08:22:07 Image size of job updated: 1267
	1267  -  MemoryUsage of job (MB)
	1297428  -  ResidentSetSize of job (KB)
...
006 (14733655.000.000) 2021-09-25 08:23:08 Image size of job updated: 1285
	1285  -  MemoryUsage of job (MB)
	1316836  -  ResidentSetSize of job (KB)
...
006 (14733655.000.000) 2021-09-25 08:24:09 Image size of job updated: 1304
	1304  -  MemoryUsage of job (MB)
	1335832  -  ResidentSetSize of job (KB)
...
006 (14733655.000.000) 2021-09-25 08:25:09 Image size of job updated: 1322
	1322  -  MemoryUsage of job (MB)
	1354636  -  ResidentSetSize of job (KB)
...
006 (14733655.000.000) 2021-09-25 08:26:10 Image size of job updated: 1340
	1340  -  MemoryUsage of job (MB)
	1373020  -  ResidentSetSize of job (KB)
...
006 (14733655.000.000) 2021-09-25 08:27:11 Image size of job updated: 1358
	1358  -  MemoryUsage of job (MB)
	1391276  -  ResidentSetSize of job (KB)
...
006 (14733655.000.000) 2021-09-25 08:28:11 Image size of job updated: 1376
	1376  -  MemoryUsage of job (MB)
	1409188  -  ResidentSetSize of job (KB)
...
006 (14733655.000.000) 2021-09-25 08:29:12 Image size of job updated: 1393
	1393  -  MemoryUsage of job (MB)
	1426976  -  ResidentSetSize of job (KB)
...
006 (14733655.000.000) 2021-09-25 08:30:13 Image size of job updated: 1409
	1409  -  MemoryUsage of job (MB)
	1442968  -  ResidentSetSize of job (KB)
...
006 (14733655.000.000) 2021-09-25 08:31:13 Image size of job updated: 1425
	1425  -  MemoryUsage of job (MB)
	1460208  -  ResidentSetSize of job (KB)
...
006 (14733655.000.000) 2021-09-25 08:32:13 Image size of job updated: 1442
	1442  -  MemoryUsage of job (MB)
	1477184  -  ResidentSetSize of job (KB)
...
006 (14733655.000.000) 2021-09-25 08:33:14 Image size of job updated: 1459
	1459  -  MemoryUsage of job (MB)
	1494036  -  ResidentSetSize of job (KB)
...
006 (14733655.000.000) 2021-09-25 08:34:14 Image size of job updated: 1475
	1475  -  MemoryUsage of job (MB)
	1510588  -  ResidentSetSize of job (KB)
...
006 (14733655.000.000) 2021-09-25 08:35:14 Image size of job updated: 1491
	1491  -  MemoryUsage of job (MB)
	1526856  -  ResidentSetSize of job (KB)
...
006 (14733655.000.000) 2021-09-25 08:36:15 Image size of job updated: 1506
	1506  -  MemoryUsage of job (MB)
	1543052  -  ResidentSetSize of job (KB)
...
006 (14733655.000.000) 2021-09-25 08:37:15 Image size of job updated: 1522
	1522  -  MemoryUsage of job (MB)
	1558844  -  ResidentSetSize of job (KB)
...
006 (14733655.000.000) 2021-09-25 08:38:15 Image size of job updated: 1541
	1541  -  MemoryUsage of job (MB)
	1578660  -  ResidentSetSize of job (KB)
...
006 (14733655.000.000) 2021-09-25 08:39:16 Image size of job updated: 1638
	1638  -  MemoryUsage of job (MB)
	1677376  -  ResidentSetSize of job (KB)
...
006 (14733655.000.000) 2021-09-25 08:40:16 Image size of job updated: 1687
	1687  -  MemoryUsage of job (MB)
	1727644  -  ResidentSetSize of job (KB)
...
006 (14733655.000.000) 2021-09-25 08:41:16 Image size of job updated: 1716
	1716  -  MemoryUsage of job (MB)
	1757564  -  ResidentSetSize of job (KB)
...
006 (14733655.000.000) 2021-09-25 08:42:17 Image size of job updated: 1726
	1726  -  MemoryUsage of job (MB)
	1767780  -  ResidentSetSize of job (KB)
...
006 (14733655.000.000) 2021-09-25 08:43:18 Image size of job updated: 1735
	1735  -  MemoryUsage of job (MB)
	1776844  -  ResidentSetSize of job (KB)
...
006 (14733655.000.000) 2021-09-25 08:44:18 Image size of job updated: 1741
	1741  -  MemoryUsage of job (MB)
	1783120  -  ResidentSetSize of job (KB)
...
006 (14733655.000.000) 2021-09-25 08:45:19 Image size of job updated: 1746
	1746  -  MemoryUsage of job (MB)
	1788384  -  ResidentSetSize of job (KB)
...
006 (14733655.000.000) 2021-09-25 08:46:20 Image size of job updated: 1750
	1750  -  MemoryUsage of job (MB)
	1793008  -  ResidentSetSize of job (KB)
...
006 (14733655.000.000) 2021-09-25 08:47:20 Image size of job updated: 1755
	1755  -  MemoryUsage of job (MB)
	1797520  -  ResidentSetSize of job (KB)
...
006 (14733655.000.000) 2021-09-25 08:48:20 Image size of job updated: 1758
	1758  -  MemoryUsage of job (MB)
	1800872  -  ResidentSetSize of job (KB)
...
006 (14733655.000.000) 2021-09-25 08:49:21 Image size of job updated: 1762
	1762  -  MemoryUsage of job (MB)
	1804704  -  ResidentSetSize of job (KB)
...
006 (14733655.000.000) 2021-09-25 08:50:22 Image size of job updated: 1765
	1765  -  MemoryUsage of job (MB)
	1808156  -  ResidentSetSize of job (KB)
...
006 (14733655.000.000) 2021-09-25 08:51:22 Image size of job updated: 1768
	1768  -  MemoryUsage of job (MB)
	1811416  -  ResidentSetSize of job (KB)
...
006 (14733655.000.000) 2021-09-25 08:51:49 Image size of job updated: 1769
	1769  -  MemoryUsage of job (MB)
	1812148  -  ResidentSetSize of job (KB)
...
040 (14733655.000.000) 2021-09-25 08:51:49 Started transferring output files
...
040 (14733655.000.000) 2021-09-25 08:51:49 Finished transferring output files
...
005 (14733655.000.000) 2021-09-25 08:51:52 Job terminated.
	(1) Normal termination (return value 0)
		Usr 0 00:50:50, Sys 0 00:03:30  -  Run Remote Usage
		Usr 0 00:00:00, Sys 0 00:00:00  -  Run Local Usage
		Usr 0 00:50:50, Sys 0 00:03:30  -  Total Remote Usage
		Usr 0 00:00:00, Sys 0 00:00:00  -  Total Local Usage
	1232815  -  Run Bytes Sent By Job
	8471570  -  Run Bytes Received By Job
	1232815  -  Total Bytes Sent By Job
	8471570  -  Total Bytes Received By Job
	Partitionable Resources :    Usage  Request Allocated 
	   Cpus                 :     0.00        1         1 
	   Disk (KB)            : 21990       10000    317260 
	   Memory (MB)          :  1769        2048      2048 

	Job terminated of its own accord at 2021-09-25T13:51:49Z.
...
