000 (34545496.000.000) 2021-09-16 05:50:41 Job submitted from host: <131.225.188.57:9618?addrs=131.225.188.57-9618&alias=lpcschedd2.fnal.gov&noUDP&sock=schedd_2251_93c6>
...
040 (34545496.000.000) 2021-09-16 23:09:16 Started transferring input files
	Transferring to host: <131.225.188.68:9618?addrs=131.225.188.68-9618&alias=cmswn2037.fnal.gov&noUDP&sock=slot1_13_58980_7ed7_8192>
...
040 (34545496.000.000) 2021-09-16 23:09:16 Finished transferring input files
...
001 (34545496.000.000) 2021-09-16 23:09:17 Job executing on host: <131.225.188.68:9618?addrs=131.225.188.68-9618&alias=cmswn2037.fnal.gov&noUDP&sock=startd_1903_e0d1>
...
006 (34545496.000.000) 2021-09-16 23:09:26 Image size of job updated: 3
	3  -  MemoryUsage of job (MB)
	3440  -  ResidentSetSize of job (KB)
...
006 (34545496.000.000) 2021-09-16 23:10:27 Image size of job updated: 444
	444  -  MemoryUsage of job (MB)
	454876  -  ResidentSetSize of job (KB)
...
006 (34545496.000.000) 2021-09-16 23:11:28 Image size of job updated: 499
	499  -  MemoryUsage of job (MB)
	511052  -  ResidentSetSize of job (KB)
...
006 (34545496.000.000) 2021-09-16 23:15:32 Image size of job updated: 519
	519  -  MemoryUsage of job (MB)
	531852  -  ResidentSetSize of job (KB)
...
006 (34545496.000.000) 2021-09-16 23:16:32 Image size of job updated: 566
	566  -  MemoryUsage of job (MB)
	580452  -  ResidentSetSize of job (KB)
...
006 (34545496.000.000) 2021-09-16 23:17:34 Image size of job updated: 609
	609  -  MemoryUsage of job (MB)
	623788  -  ResidentSetSize of job (KB)
...
006 (34545496.000.000) 2021-09-16 23:18:34 Image size of job updated: 643
	643  -  MemoryUsage of job (MB)
	659236  -  ResidentSetSize of job (KB)
...
006 (34545496.000.000) 2021-09-16 23:19:35 Image size of job updated: 679
	679  -  MemoryUsage of job (MB)
	696164  -  ResidentSetSize of job (KB)
...
006 (34545496.000.000) 2021-09-16 23:20:36 Image size of job updated: 709
	709  -  MemoryUsage of job (MB)
	726776  -  ResidentSetSize of job (KB)
...
006 (34545496.000.000) 2021-09-16 23:21:37 Image size of job updated: 740
	740  -  MemoryUsage of job (MB)
	758516  -  ResidentSetSize of job (KB)
...
006 (34545496.000.000) 2021-09-16 23:22:38 Image size of job updated: 768
	768  -  MemoryUsage of job (MB)
	786432  -  ResidentSetSize of job (KB)
...
006 (34545496.000.000) 2021-09-16 23:23:38 Image size of job updated: 796
	796  -  MemoryUsage of job (MB)
	815104  -  ResidentSetSize of job (KB)
...
006 (34545496.000.000) 2021-09-16 23:24:39 Image size of job updated: 820
	820  -  MemoryUsage of job (MB)
	840620  -  ResidentSetSize of job (KB)
...
006 (34545496.000.000) 2021-09-16 23:25:39 Image size of job updated: 849
	849  -  MemoryUsage of job (MB)
	869552  -  ResidentSetSize of job (KB)
...
006 (34545496.000.000) 2021-09-16 23:26:39 Image size of job updated: 872
	872  -  MemoryUsage of job (MB)
	893172  -  ResidentSetSize of job (KB)
...
006 (34545496.000.000) 2021-09-16 23:27:40 Image size of job updated: 909
	909  -  MemoryUsage of job (MB)
	931732  -  ResidentSetSize of job (KB)
...
006 (34545496.000.000) 2021-09-16 23:28:40 Image size of job updated: 933
	933  -  MemoryUsage of job (MB)
	956344  -  ResidentSetSize of job (KB)
...
006 (34545496.000.000) 2021-09-16 23:29:41 Image size of job updated: 958
	958  -  MemoryUsage of job (MB)
	981760  -  ResidentSetSize of job (KB)
...
006 (34545496.000.000) 2021-09-16 23:30:42 Image size of job updated: 980
	980  -  MemoryUsage of job (MB)
	1003616  -  ResidentSetSize of job (KB)
...
006 (34545496.000.000) 2021-09-16 23:31:43 Image size of job updated: 1003
	1003  -  MemoryUsage of job (MB)
	1028048  -  ResidentSetSize of job (KB)
...
006 (34545496.000.000) 2021-09-16 23:32:44 Image size of job updated: 1028
	1028  -  MemoryUsage of job (MB)
	1053116  -  ResidentSetSize of job (KB)
...
006 (34545496.000.000) 2021-09-16 23:33:44 Image size of job updated: 1058
	1058  -  MemoryUsage of job (MB)
	1083500  -  ResidentSetSize of job (KB)
...
006 (34545496.000.000) 2021-09-16 23:34:44 Image size of job updated: 1079
	1079  -  MemoryUsage of job (MB)
	1105476  -  ResidentSetSize of job (KB)
...
006 (34545496.000.000) 2021-09-16 23:35:44 Image size of job updated: 1100
	1100  -  MemoryUsage of job (MB)
	1127236  -  ResidentSetSize of job (KB)
...
006 (34545496.000.000) 2021-09-16 23:36:44 Image size of job updated: 1119
	1119  -  MemoryUsage of job (MB)
	1145928  -  ResidentSetSize of job (KB)
...
006 (34545496.000.000) 2021-09-16 23:37:45 Image size of job updated: 1139
	1139  -  MemoryUsage of job (MB)
	1166944  -  ResidentSetSize of job (KB)
...
006 (34545496.000.000) 2021-09-16 23:38:45 Image size of job updated: 1158
	1158  -  MemoryUsage of job (MB)
	1185988  -  ResidentSetSize of job (KB)
...
006 (34545496.000.000) 2021-09-16 23:39:46 Image size of job updated: 1177
	1177  -  MemoryUsage of job (MB)
	1205988  -  ResidentSetSize of job (KB)
...
006 (34545496.000.000) 2021-09-16 23:40:46 Image size of job updated: 1194
	1194  -  MemoryUsage of job (MB)
	1223484  -  ResidentSetSize of job (KB)
...
006 (34545496.000.000) 2021-09-16 23:41:47 Image size of job updated: 1213
	1213  -  MemoryUsage of job (MB)
	1242780  -  ResidentSetSize of job (KB)
...
006 (34545496.000.000) 2021-09-16 23:42:47 Image size of job updated: 1230
	1230  -  MemoryUsage of job (MB)
	1259808  -  ResidentSetSize of job (KB)
...
006 (34545496.000.000) 2021-09-16 23:43:48 Image size of job updated: 1248
	1248  -  MemoryUsage of job (MB)
	1278280  -  ResidentSetSize of job (KB)
...
006 (34545496.000.000) 2021-09-16 23:44:48 Image size of job updated: 1263
	1263  -  MemoryUsage of job (MB)
	1293980  -  ResidentSetSize of job (KB)
...
006 (34545496.000.000) 2021-09-16 23:45:49 Image size of job updated: 1281
	1281  -  MemoryUsage of job (MB)
	1311976  -  ResidentSetSize of job (KB)
...
006 (34545496.000.000) 2021-09-16 23:46:50 Image size of job updated: 1296
	1296  -  MemoryUsage of job (MB)
	1327716  -  ResidentSetSize of job (KB)
...
006 (34545496.000.000) 2021-09-16 23:47:50 Image size of job updated: 1313
	1313  -  MemoryUsage of job (MB)
	1345036  -  ResidentSetSize of job (KB)
...
006 (34545496.000.000) 2021-09-16 23:48:51 Image size of job updated: 1328
	1328  -  MemoryUsage of job (MB)
	1360024  -  ResidentSetSize of job (KB)
...
006 (34545496.000.000) 2021-09-16 23:49:51 Image size of job updated: 1344
	1344  -  MemoryUsage of job (MB)
	1377208  -  ResidentSetSize of job (KB)
...
006 (34545496.000.000) 2021-09-16 23:50:52 Image size of job updated: 1359
	1359  -  MemoryUsage of job (MB)
	1391728  -  ResidentSetSize of job (KB)
...
006 (34545496.000.000) 2021-09-16 23:51:52 Image size of job updated: 1374
	1374  -  MemoryUsage of job (MB)
	1407680  -  ResidentSetSize of job (KB)
...
006 (34545496.000.000) 2021-09-16 23:52:53 Image size of job updated: 1388
	1388  -  MemoryUsage of job (MB)
	1422228  -  ResidentSetSize of job (KB)
...
006 (34545496.000.000) 2021-09-16 23:53:53 Image size of job updated: 1404
	1404  -  MemoryUsage of job (MB)
	1437984  -  ResidentSetSize of job (KB)
...
006 (34545496.000.000) 2021-09-16 23:54:54 Image size of job updated: 1417
	1417  -  MemoryUsage of job (MB)
	1451756  -  ResidentSetSize of job (KB)
...
006 (34545496.000.000) 2021-09-16 23:55:55 Image size of job updated: 1432
	1432  -  MemoryUsage of job (MB)
	1467120  -  ResidentSetSize of job (KB)
...
006 (34545496.000.000) 2021-09-16 23:56:55 Image size of job updated: 1445
	1445  -  MemoryUsage of job (MB)
	1480464  -  ResidentSetSize of job (KB)
...
006 (34545496.000.000) 2021-09-16 23:57:56 Image size of job updated: 1460
	1460  -  MemoryUsage of job (MB)
	1495404  -  ResidentSetSize of job (KB)
...
006 (34545496.000.000) 2021-09-16 23:58:56 Image size of job updated: 1473
	1473  -  MemoryUsage of job (MB)
	1508700  -  ResidentSetSize of job (KB)
...
006 (34545496.000.000) 2021-09-16 23:59:57 Image size of job updated: 1488
	1488  -  MemoryUsage of job (MB)
	1524284  -  ResidentSetSize of job (KB)
...
006 (34545496.000.000) 2021-09-17 00:00:57 Image size of job updated: 1501
	1501  -  MemoryUsage of job (MB)
	1537712  -  ResidentSetSize of job (KB)
...
006 (34545496.000.000) 2021-09-17 00:01:58 Image size of job updated: 1516
	1516  -  MemoryUsage of job (MB)
	1553168  -  ResidentSetSize of job (KB)
...
006 (34545496.000.000) 2021-09-17 00:02:59 Image size of job updated: 1530
	1530  -  MemoryUsage of job (MB)
	1567020  -  ResidentSetSize of job (KB)
...
006 (34545496.000.000) 2021-09-17 00:03:59 Image size of job updated: 1554
	1554  -  MemoryUsage of job (MB)
	1591344  -  ResidentSetSize of job (KB)
...
006 (34545496.000.000) 2021-09-17 00:05:00 Image size of job updated: 1646
	1646  -  MemoryUsage of job (MB)
	1685800  -  ResidentSetSize of job (KB)
...
006 (34545496.000.000) 2021-09-17 00:06:00 Image size of job updated: 1654
	1654  -  MemoryUsage of job (MB)
	1694364  -  ResidentSetSize of job (KB)
...
006 (34545496.000.000) 2021-09-17 00:07:01 Image size of job updated: 1664
	1664  -  MemoryUsage of job (MB)
	1703956  -  ResidentSetSize of job (KB)
...
006 (34545496.000.000) 2021-09-17 00:08:02 Image size of job updated: 1667
	1667  -  MemoryUsage of job (MB)
	1707236  -  ResidentSetSize of job (KB)
...
006 (34545496.000.000) 2021-09-17 00:09:02 Image size of job updated: 1672
	1672  -  MemoryUsage of job (MB)
	1712300  -  ResidentSetSize of job (KB)
...
006 (34545496.000.000) 2021-09-17 00:10:03 Image size of job updated: 1675
	1675  -  MemoryUsage of job (MB)
	1715400  -  ResidentSetSize of job (KB)
...
006 (34545496.000.000) 2021-09-17 00:11:03 Image size of job updated: 1678
	1678  -  MemoryUsage of job (MB)
	1718316  -  ResidentSetSize of job (KB)
...
006 (34545496.000.000) 2021-09-17 00:12:04 Image size of job updated: 1681
	1681  -  MemoryUsage of job (MB)
	1721484  -  ResidentSetSize of job (KB)
...
006 (34545496.000.000) 2021-09-17 00:13:05 Image size of job updated: 1684
	1684  -  MemoryUsage of job (MB)
	1724832  -  ResidentSetSize of job (KB)
...
006 (34545496.000.000) 2021-09-17 00:14:05 Image size of job updated: 1686
	1686  -  MemoryUsage of job (MB)
	1727428  -  ResidentSetSize of job (KB)
...
006 (34545496.000.000) 2021-09-17 00:15:06 Image size of job updated: 1688
	1688  -  MemoryUsage of job (MB)
	1729432  -  ResidentSetSize of job (KB)
...
006 (34545496.000.000) 2021-09-17 00:16:06 Image size of job updated: 1690
	1690  -  MemoryUsage of job (MB)
	1731256  -  ResidentSetSize of job (KB)
...
006 (34545496.000.000) 2021-09-17 00:17:06 Image size of job updated: 1691
	1691  -  MemoryUsage of job (MB)
	1732308  -  ResidentSetSize of job (KB)
...
006 (34545496.000.000) 2021-09-17 00:18:07 Image size of job updated: 1695
	1695  -  MemoryUsage of job (MB)
	1736148  -  ResidentSetSize of job (KB)
...
006 (34545496.000.000) 2021-09-17 00:19:07 Image size of job updated: 1696
	1696  -  MemoryUsage of job (MB)
	1736792  -  ResidentSetSize of job (KB)
...
006 (34545496.000.000) 2021-09-17 00:20:08 Image size of job updated: 1697
	1697  -  MemoryUsage of job (MB)
	1738164  -  ResidentSetSize of job (KB)
...
006 (34545496.000.000) 2021-09-17 00:21:09 Image size of job updated: 1699
	1699  -  MemoryUsage of job (MB)
	1740064  -  ResidentSetSize of job (KB)
...
006 (34545496.000.000) 2021-09-17 00:22:10 Image size of job updated: 1702
	1702  -  MemoryUsage of job (MB)
	1743116  -  ResidentSetSize of job (KB)
...
006 (34545496.000.000) 2021-09-17 00:23:11 Image size of job updated: 1702
	1702  -  MemoryUsage of job (MB)
	1743608  -  ResidentSetSize of job (KB)
...
006 (34545496.000.000) 2021-09-17 00:24:11 Image size of job updated: 1704
	1704  -  MemoryUsage of job (MB)
	1745456  -  ResidentSetSize of job (KB)
...
006 (34545496.000.000) 2021-09-17 00:25:12 Image size of job updated: 1705
	1705  -  MemoryUsage of job (MB)
	1746908  -  ResidentSetSize of job (KB)
...
006 (34545496.000.000) 2021-09-17 00:26:12 Image size of job updated: 1706
	1706  -  MemoryUsage of job (MB)
	1747420  -  ResidentSetSize of job (KB)
...
006 (34545496.000.000) 2021-09-17 00:27:12 Image size of job updated: 1707
	1707  -  MemoryUsage of job (MB)
	1748740  -  ResidentSetSize of job (KB)
...
006 (34545496.000.000) 2021-09-17 00:28:13 Image size of job updated: 1708
	1708  -  MemoryUsage of job (MB)
	1749792  -  ResidentSetSize of job (KB)
...
006 (34545496.000.000) 2021-09-17 00:29:13 Image size of job updated: 1710
	1710  -  MemoryUsage of job (MB)
	1751116  -  ResidentSetSize of job (KB)
...
006 (34545496.000.000) 2021-09-17 00:30:14 Image size of job updated: 1710
	1710  -  MemoryUsage of job (MB)
	1752040  -  ResidentSetSize of job (KB)
...
006 (34545496.000.000) 2021-09-17 00:31:15 Image size of job updated: 1711
	1711  -  MemoryUsage of job (MB)
	1753064  -  ResidentSetSize of job (KB)
...
006 (34545496.000.000) 2021-09-17 00:32:15 Image size of job updated: 1713
	1713  -  MemoryUsage of job (MB)
	1754828  -  ResidentSetSize of job (KB)
...
006 (34545496.000.000) 2021-09-17 00:33:16 Image size of job updated: 1714
	1714  -  MemoryUsage of job (MB)
	1755284  -  ResidentSetSize of job (KB)
...
006 (34545496.000.000) 2021-09-17 00:34:17 Image size of job updated: 1715
	1715  -  MemoryUsage of job (MB)
	1756168  -  ResidentSetSize of job (KB)
...
006 (34545496.000.000) 2021-09-17 00:35:17 Image size of job updated: 1715
	1715  -  MemoryUsage of job (MB)
	1756924  -  ResidentSetSize of job (KB)
...
006 (34545496.000.000) 2021-09-17 00:36:18 Image size of job updated: 1716
	1716  -  MemoryUsage of job (MB)
	1757616  -  ResidentSetSize of job (KB)
...
006 (34545496.000.000) 2021-09-17 00:37:18 Image size of job updated: 1717
	1717  -  MemoryUsage of job (MB)
	1759100  -  ResidentSetSize of job (KB)
...
006 (34545496.000.000) 2021-09-17 00:38:19 Image size of job updated: 1718
	1718  -  MemoryUsage of job (MB)
	1760064  -  ResidentSetSize of job (KB)
...
006 (34545496.000.000) 2021-09-17 00:39:20 Image size of job updated: 1719
	1719  -  MemoryUsage of job (MB)
	1760996  -  ResidentSetSize of job (KB)
...
006 (34545496.000.000) 2021-09-17 00:40:20 Image size of job updated: 1720
	1720  -  MemoryUsage of job (MB)
	1761920  -  ResidentSetSize of job (KB)
...
006 (34545496.000.000) 2021-09-17 00:41:21 Image size of job updated: 1721
	1721  -  MemoryUsage of job (MB)
	1762640  -  ResidentSetSize of job (KB)
...
006 (34545496.000.000) 2021-09-17 00:42:22 Image size of job updated: 1722
	1722  -  MemoryUsage of job (MB)
	1763572  -  ResidentSetSize of job (KB)
...
006 (34545496.000.000) 2021-09-17 00:43:22 Image size of job updated: 1722
	1722  -  MemoryUsage of job (MB)
	1764224  -  ResidentSetSize of job (KB)
...
006 (34545496.000.000) 2021-09-17 00:44:23 Image size of job updated: 1723
	1723  -  MemoryUsage of job (MB)
	1764784  -  ResidentSetSize of job (KB)
...
006 (34545496.000.000) 2021-09-17 00:45:23 Image size of job updated: 1725
	1725  -  MemoryUsage of job (MB)
	1767024  -  ResidentSetSize of job (KB)
...
006 (34545496.000.000) 2021-09-17 00:46:24 Image size of job updated: 1727
	1727  -  MemoryUsage of job (MB)
	1768512  -  ResidentSetSize of job (KB)
...
006 (34545496.000.000) 2021-09-17 00:47:25 Image size of job updated: 1728
	1728  -  MemoryUsage of job (MB)
	1769752  -  ResidentSetSize of job (KB)
...
006 (34545496.000.000) 2021-09-17 00:48:25 Image size of job updated: 1729
	1729  -  MemoryUsage of job (MB)
	1771064  -  ResidentSetSize of job (KB)
...
006 (34545496.000.000) 2021-09-17 00:49:26 Image size of job updated: 1730
	1730  -  MemoryUsage of job (MB)
	1771588  -  ResidentSetSize of job (KB)
...
006 (34545496.000.000) 2021-09-17 00:50:27 Image size of job updated: 1731
	1731  -  MemoryUsage of job (MB)
	1773028  -  ResidentSetSize of job (KB)
...
006 (34545496.000.000) 2021-09-17 00:51:27 Image size of job updated: 1732
	1732  -  MemoryUsage of job (MB)
	1774300  -  ResidentSetSize of job (KB)
...
006 (34545496.000.000) 2021-09-17 00:52:28 Image size of job updated: 1733
	1733  -  MemoryUsage of job (MB)
	1775536  -  ResidentSetSize of job (KB)
...
006 (34545496.000.000) 2021-09-17 00:53:29 Image size of job updated: 1735
	1735  -  MemoryUsage of job (MB)
	1776808  -  ResidentSetSize of job (KB)
...
006 (34545496.000.000) 2021-09-17 00:54:30 Image size of job updated: 1735
	1735  -  MemoryUsage of job (MB)
	1777536  -  ResidentSetSize of job (KB)
...
006 (34545496.000.000) 2021-09-17 00:55:31 Image size of job updated: 1736
	1736  -  MemoryUsage of job (MB)
	1778332  -  ResidentSetSize of job (KB)
...
006 (34545496.000.000) 2021-09-17 00:56:31 Image size of job updated: 1737
	1737  -  MemoryUsage of job (MB)
	1779240  -  ResidentSetSize of job (KB)
...
006 (34545496.000.000) 2021-09-17 00:57:32 Image size of job updated: 1738
	1738  -  MemoryUsage of job (MB)
	1779888  -  ResidentSetSize of job (KB)
...
006 (34545496.000.000) 2021-09-17 00:58:32 Image size of job updated: 1739
	1739  -  MemoryUsage of job (MB)
	1780852  -  ResidentSetSize of job (KB)
...
006 (34545496.000.000) 2021-09-17 00:59:32 Image size of job updated: 1739
	1739  -  MemoryUsage of job (MB)
	1781492  -  ResidentSetSize of job (KB)
...
006 (34545496.000.000) 2021-09-17 01:00:33 Image size of job updated: 1740
	1740  -  MemoryUsage of job (MB)
	1782172  -  ResidentSetSize of job (KB)
...
006 (34545496.000.000) 2021-09-17 01:01:33 Image size of job updated: 1740
	1740  -  MemoryUsage of job (MB)
	1782700  -  ResidentSetSize of job (KB)
...
006 (34545496.000.000) 2021-09-17 01:02:34 Image size of job updated: 1741
	1741  -  MemoryUsage of job (MB)
	1783428  -  ResidentSetSize of job (KB)
...
006 (34545496.000.000) 2021-09-17 01:03:34 Image size of job updated: 1742
	1742  -  MemoryUsage of job (MB)
	1784568  -  ResidentSetSize of job (KB)
...
006 (34545496.000.000) 2021-09-17 01:04:35 Image size of job updated: 1743
	1743  -  MemoryUsage of job (MB)
	1785444  -  ResidentSetSize of job (KB)
...
006 (34545496.000.000) 2021-09-17 01:05:36 Image size of job updated: 1744
	1744  -  MemoryUsage of job (MB)
	1785876  -  ResidentSetSize of job (KB)
...
006 (34545496.000.000) 2021-09-17 01:06:36 Image size of job updated: 1744
	1744  -  MemoryUsage of job (MB)
	1786404  -  ResidentSetSize of job (KB)
...
006 (34545496.000.000) 2021-09-17 01:07:37 Image size of job updated: 1745
	1745  -  MemoryUsage of job (MB)
	1787356  -  ResidentSetSize of job (KB)
...
006 (34545496.000.000) 2021-09-17 01:08:38 Image size of job updated: 1745
	1745  -  MemoryUsage of job (MB)
	1787832  -  ResidentSetSize of job (KB)
...
006 (34545496.000.000) 2021-09-17 01:09:38 Image size of job updated: 1746
	1746  -  MemoryUsage of job (MB)
	1788460  -  ResidentSetSize of job (KB)
...
006 (34545496.000.000) 2021-09-17 01:10:39 Image size of job updated: 1747
	1747  -  MemoryUsage of job (MB)
	1789656  -  ResidentSetSize of job (KB)
...
006 (34545496.000.000) 2021-09-17 01:11:39 Image size of job updated: 1748
	1748  -  MemoryUsage of job (MB)
	1790420  -  ResidentSetSize of job (KB)
...
006 (34545496.000.000) 2021-09-17 01:12:40 Image size of job updated: 1749
	1749  -  MemoryUsage of job (MB)
	1791012  -  ResidentSetSize of job (KB)
...
006 (34545496.000.000) 2021-09-17 01:13:29 Image size of job updated: 1749
	1749  -  MemoryUsage of job (MB)
	1791016  -  ResidentSetSize of job (KB)
...
040 (34545496.000.000) 2021-09-17 01:13:30 Started transferring output files
...
040 (34545496.000.000) 2021-09-17 01:13:30 Finished transferring output files
...
005 (34545496.000.000) 2021-09-17 01:13:32 Job terminated.
	(1) Normal termination (return value 0)
		Usr 0 00:59:18, Sys 0 00:59:50  -  Run Remote Usage
		Usr 0 00:00:00, Sys 0 00:00:00  -  Run Local Usage
		Usr 0 00:59:18, Sys 0 00:59:50  -  Total Remote Usage
		Usr 0 00:00:00, Sys 0 00:00:00  -  Total Local Usage
	1225630  -  Run Bytes Sent By Job
	8471534  -  Run Bytes Received By Job
	1225630  -  Total Bytes Sent By Job
	8471534  -  Total Bytes Received By Job
	Partitionable Resources :    Usage  Request Allocated 
	   Cpus                 :     0.00        1         1 
	   Disk (KB)            : 22271       10000   1649532 
	   Memory (MB)          :  1749        2048      2048 

	Job terminated of its own accord at 2021-09-17T06:13:29Z.
...
000 (34672784.000.000) 2021-09-24 22:36:28 Job submitted from host: <131.225.188.57:9618?addrs=131.225.188.57-9618&alias=lpcschedd2.fnal.gov&noUDP&sock=schedd_2251_93c6>
...
040 (34672784.000.000) 2021-09-24 23:43:48 Started transferring input files
	Transferring to host: <131.225.191.79:9618?addrs=131.225.191.79-9618&alias=cmswn1995.fnal.gov&noUDP&sock=slot1_4_1550_dd78_3774>
...
040 (34672784.000.000) 2021-09-24 23:43:49 Finished transferring input files
...
001 (34672784.000.000) 2021-09-24 23:43:50 Job executing on host: <131.225.191.79:9618?addrs=131.225.191.79-9618&alias=cmswn1995.fnal.gov&noUDP&sock=startd_1459_54c4>
...
006 (34672784.000.000) 2021-09-24 23:43:58 Image size of job updated: 8
	8  -  MemoryUsage of job (MB)
	8984  -  ResidentSetSize of job (KB)
...
006 (34672784.000.000) 2021-09-24 23:44:58 Image size of job updated: 500
	500  -  MemoryUsage of job (MB)
	512596  -  ResidentSetSize of job (KB)
...
006 (34672784.000.000) 2021-09-24 23:49:00 Image size of job updated: 541
	541  -  MemoryUsage of job (MB)
	554660  -  ResidentSetSize of job (KB)
...
006 (34672784.000.000) 2021-09-24 23:50:00 Image size of job updated: 589
	589  -  MemoryUsage of job (MB)
	603284  -  ResidentSetSize of job (KB)
...
006 (34672784.000.000) 2021-09-24 23:51:01 Image size of job updated: 633
	633  -  MemoryUsage of job (MB)
	648604  -  ResidentSetSize of job (KB)
...
006 (34672784.000.000) 2021-09-24 23:52:02 Image size of job updated: 671
	671  -  MemoryUsage of job (MB)
	688108  -  ResidentSetSize of job (KB)
...
006 (34672784.000.000) 2021-09-24 23:53:02 Image size of job updated: 707
	707  -  MemoryUsage of job (MB)
	724464  -  ResidentSetSize of job (KB)
...
006 (34672784.000.000) 2021-09-24 23:54:03 Image size of job updated: 744
	744  -  MemoryUsage of job (MB)
	762120  -  ResidentSetSize of job (KB)
...
006 (34672784.000.000) 2021-09-24 23:55:03 Image size of job updated: 775
	775  -  MemoryUsage of job (MB)
	793968  -  ResidentSetSize of job (KB)
...
006 (34672784.000.000) 2021-09-24 23:56:04 Image size of job updated: 805
	805  -  MemoryUsage of job (MB)
	825120  -  ResidentSetSize of job (KB)
...
006 (34672784.000.000) 2021-09-24 23:57:05 Image size of job updated: 838
	838  -  MemoryUsage of job (MB)
	858148  -  ResidentSetSize of job (KB)
...
006 (34672784.000.000) 2021-09-24 23:58:05 Image size of job updated: 863
	863  -  MemoryUsage of job (MB)
	883996  -  ResidentSetSize of job (KB)
...
006 (34672784.000.000) 2021-09-24 23:59:06 Image size of job updated: 904
	904  -  MemoryUsage of job (MB)
	925732  -  ResidentSetSize of job (KB)
...
006 (34672784.000.000) 2021-09-25 00:00:06 Image size of job updated: 931
	931  -  MemoryUsage of job (MB)
	953628  -  ResidentSetSize of job (KB)
...
006 (34672784.000.000) 2021-09-25 00:01:07 Image size of job updated: 956
	956  -  MemoryUsage of job (MB)
	979512  -  ResidentSetSize of job (KB)
...
006 (34672784.000.000) 2021-09-25 00:02:08 Image size of job updated: 980
	980  -  MemoryUsage of job (MB)
	1004152  -  ResidentSetSize of job (KB)
...
006 (34672784.000.000) 2021-09-25 00:03:09 Image size of job updated: 1006
	1006  -  MemoryUsage of job (MB)
	1030844  -  ResidentSetSize of job (KB)
...
006 (34672784.000.000) 2021-09-25 00:04:09 Image size of job updated: 1032
	1032  -  MemoryUsage of job (MB)
	1057412  -  ResidentSetSize of job (KB)
...
006 (34672784.000.000) 2021-09-25 00:05:09 Image size of job updated: 1062
	1062  -  MemoryUsage of job (MB)
	1088488  -  ResidentSetSize of job (KB)
...
006 (34672784.000.000) 2021-09-25 00:06:10 Image size of job updated: 1086
	1086  -  MemoryUsage of job (MB)
	1113080  -  ResidentSetSize of job (KB)
...
006 (34672784.000.000) 2021-09-25 00:07:10 Image size of job updated: 1108
	1108  -  MemoryUsage of job (MB)
	1134612  -  ResidentSetSize of job (KB)
...
006 (34672784.000.000) 2021-09-25 00:08:10 Image size of job updated: 1128
	1128  -  MemoryUsage of job (MB)
	1155856  -  ResidentSetSize of job (KB)
...
006 (34672784.000.000) 2021-09-25 00:09:11 Image size of job updated: 1152
	1152  -  MemoryUsage of job (MB)
	1179944  -  ResidentSetSize of job (KB)
...
006 (34672784.000.000) 2021-09-25 00:10:11 Image size of job updated: 1171
	1171  -  MemoryUsage of job (MB)
	1199484  -  ResidentSetSize of job (KB)
...
006 (34672784.000.000) 2021-09-25 00:11:12 Image size of job updated: 1190
	1190  -  MemoryUsage of job (MB)
	1219264  -  ResidentSetSize of job (KB)
...
006 (34672784.000.000) 2021-09-25 00:12:12 Image size of job updated: 1209
	1209  -  MemoryUsage of job (MB)
	1238652  -  ResidentSetSize of job (KB)
...
006 (34672784.000.000) 2021-09-25 00:13:13 Image size of job updated: 1227
	1227  -  MemoryUsage of job (MB)
	1257268  -  ResidentSetSize of job (KB)
...
006 (34672784.000.000) 2021-09-25 00:14:14 Image size of job updated: 1248
	1248  -  MemoryUsage of job (MB)
	1278032  -  ResidentSetSize of job (KB)
...
006 (34672784.000.000) 2021-09-25 00:15:14 Image size of job updated: 1266
	1266  -  MemoryUsage of job (MB)
	1296508  -  ResidentSetSize of job (KB)
...
006 (34672784.000.000) 2021-09-25 00:16:15 Image size of job updated: 1283
	1283  -  MemoryUsage of job (MB)
	1314532  -  ResidentSetSize of job (KB)
...
006 (34672784.000.000) 2021-09-25 00:17:16 Image size of job updated: 1300
	1300  -  MemoryUsage of job (MB)
	1332136  -  ResidentSetSize of job (KB)
...
006 (34672784.000.000) 2021-09-25 00:18:17 Image size of job updated: 1319
	1319  -  MemoryUsage of job (MB)
	1351584  -  ResidentSetSize of job (KB)
...
006 (34672784.000.000) 2021-09-25 00:19:17 Image size of job updated: 1336
	1336  -  MemoryUsage of job (MB)
	1368584  -  ResidentSetSize of job (KB)
...
006 (34672784.000.000) 2021-09-25 00:20:18 Image size of job updated: 1353
	1353  -  MemoryUsage of job (MB)
	1385780  -  ResidentSetSize of job (KB)
...
006 (34672784.000.000) 2021-09-25 00:21:18 Image size of job updated: 1369
	1369  -  MemoryUsage of job (MB)
	1402420  -  ResidentSetSize of job (KB)
...
006 (34672784.000.000) 2021-09-25 00:22:18 Image size of job updated: 1385
	1385  -  MemoryUsage of job (MB)
	1418856  -  ResidentSetSize of job (KB)
...
006 (34672784.000.000) 2021-09-25 00:23:18 Image size of job updated: 1401
	1401  -  MemoryUsage of job (MB)
	1435148  -  ResidentSetSize of job (KB)
...
006 (34672784.000.000) 2021-09-25 00:24:18 Image size of job updated: 1416
	1416  -  MemoryUsage of job (MB)
	1450876  -  ResidentSetSize of job (KB)
...
006 (34672784.000.000) 2021-09-25 00:25:18 Image size of job updated: 1433
	1433  -  MemoryUsage of job (MB)
	1468336  -  ResidentSetSize of job (KB)
...
006 (34672784.000.000) 2021-09-25 00:26:19 Image size of job updated: 1449
	1449  -  MemoryUsage of job (MB)
	1483872  -  ResidentSetSize of job (KB)
...
006 (34672784.000.000) 2021-09-25 00:27:19 Image size of job updated: 1463
	1463  -  MemoryUsage of job (MB)
	1498908  -  ResidentSetSize of job (KB)
...
006 (34672784.000.000) 2021-09-25 00:28:20 Image size of job updated: 1478
	1478  -  MemoryUsage of job (MB)
	1513904  -  ResidentSetSize of job (KB)
...
006 (34672784.000.000) 2021-09-25 00:29:21 Image size of job updated: 1494
	1494  -  MemoryUsage of job (MB)
	1530312  -  ResidentSetSize of job (KB)
...
006 (34672784.000.000) 2021-09-25 00:30:21 Image size of job updated: 1508
	1508  -  MemoryUsage of job (MB)
	1544992  -  ResidentSetSize of job (KB)
...
006 (34672784.000.000) 2021-09-25 00:31:21 Image size of job updated: 1522
	1522  -  MemoryUsage of job (MB)
	1559496  -  ResidentSetSize of job (KB)
...
006 (34672784.000.000) 2021-09-25 00:32:21 Image size of job updated: 1540
	1540  -  MemoryUsage of job (MB)
	1577744  -  ResidentSetSize of job (KB)
...
006 (34672784.000.000) 2021-09-25 00:33:21 Image size of job updated: 1646
	1646  -  MemoryUsage of job (MB)
	1686236  -  ResidentSetSize of job (KB)
...
006 (34672784.000.000) 2021-09-25 00:34:22 Image size of job updated: 1675
	1675  -  MemoryUsage of job (MB)
	1715360  -  ResidentSetSize of job (KB)
...
006 (34672784.000.000) 2021-09-25 00:35:23 Image size of job updated: 1687
	1687  -  MemoryUsage of job (MB)
	1727784  -  ResidentSetSize of job (KB)
...
006 (34672784.000.000) 2021-09-25 00:36:24 Image size of job updated: 1695
	1695  -  MemoryUsage of job (MB)
	1736420  -  ResidentSetSize of job (KB)
...
006 (34672784.000.000) 2021-09-25 00:37:24 Image size of job updated: 1702
	1702  -  MemoryUsage of job (MB)
	1743040  -  ResidentSetSize of job (KB)
...
006 (34672784.000.000) 2021-09-25 00:38:25 Image size of job updated: 1708
	1708  -  MemoryUsage of job (MB)
	1749776  -  ResidentSetSize of job (KB)
...
006 (34672784.000.000) 2021-09-25 00:39:26 Image size of job updated: 1712
	1712  -  MemoryUsage of job (MB)
	1753704  -  ResidentSetSize of job (KB)
...
006 (34672784.000.000) 2021-09-25 00:40:26 Image size of job updated: 1716
	1716  -  MemoryUsage of job (MB)
	1758124  -  ResidentSetSize of job (KB)
...
006 (34672784.000.000) 2021-09-25 00:41:27 Image size of job updated: 1720
	1720  -  MemoryUsage of job (MB)
	1761304  -  ResidentSetSize of job (KB)
...
006 (34672784.000.000) 2021-09-25 00:42:28 Image size of job updated: 1723
	1723  -  MemoryUsage of job (MB)
	1765340  -  ResidentSetSize of job (KB)
...
006 (34672784.000.000) 2021-09-25 00:43:28 Image size of job updated: 1728
	1728  -  MemoryUsage of job (MB)
	1770072  -  ResidentSetSize of job (KB)
...
006 (34672784.000.000) 2021-09-25 00:44:29 Image size of job updated: 1732
	1732  -  MemoryUsage of job (MB)
	1774188  -  ResidentSetSize of job (KB)
...
006 (34672784.000.000) 2021-09-25 00:45:30 Image size of job updated: 1736
	1736  -  MemoryUsage of job (MB)
	1778524  -  ResidentSetSize of job (KB)
...
006 (34672784.000.000) 2021-09-25 00:46:30 Image size of job updated: 1740
	1740  -  MemoryUsage of job (MB)
	1782164  -  ResidentSetSize of job (KB)
...
006 (34672784.000.000) 2021-09-25 00:47:31 Image size of job updated: 1743
	1743  -  MemoryUsage of job (MB)
	1785308  -  ResidentSetSize of job (KB)
...
006 (34672784.000.000) 2021-09-25 00:48:31 Image size of job updated: 1745
	1745  -  MemoryUsage of job (MB)
	1787396  -  ResidentSetSize of job (KB)
...
006 (34672784.000.000) 2021-09-25 00:49:31 Image size of job updated: 1748
	1748  -  MemoryUsage of job (MB)
	1790696  -  ResidentSetSize of job (KB)
...
006 (34672784.000.000) 2021-09-25 00:50:32 Image size of job updated: 1751
	1751  -  MemoryUsage of job (MB)
	1793212  -  ResidentSetSize of job (KB)
...
006 (34672784.000.000) 2021-09-25 00:51:34 Image size of job updated: 1753
	1753  -  MemoryUsage of job (MB)
	1795452  -  ResidentSetSize of job (KB)
...
040 (34672784.000.000) 2021-09-25 00:51:46 Started transferring output files
...
040 (34672784.000.000) 2021-09-25 00:51:46 Finished transferring output files
...
005 (34672784.000.000) 2021-09-25 00:51:48 Job terminated.
	(1) Normal termination (return value 0)
		Usr 0 00:00:00, Sys 0 00:00:00  -  Run Remote Usage
		Usr 0 00:00:00, Sys 0 00:00:00  -  Run Local Usage
		Usr 0 00:54:22, Sys 0 00:07:53  -  Total Remote Usage
		Usr 0 00:00:00, Sys 0 00:00:00  -  Total Local Usage
	1232981  -  Run Bytes Sent By Job
	8471570  -  Run Bytes Received By Job
	1232981  -  Total Bytes Sent By Job
	8471570  -  Total Bytes Received By Job
	Partitionable Resources :    Usage  Request Allocated 
	   Cpus                 :     0.00        1         1 
	   Disk (KB)            : 21245       10000    794250 
	   Memory (MB)          :  1753        2048      2048 

	Job terminated of its own accord at 2021-09-25T05:51:46Z.
...
