000 (73341096.000.000) 2021-09-16 05:51:05 Job submitted from host: <131.225.188.235:9618?addrs=131.225.188.235-9618&alias=lpcschedd3.fnal.gov&noUDP&sock=schedd_2706_ab5d>
...
040 (73341096.000.000) 2021-09-17 01:48:00 Started transferring input files
	Transferring to host: <131.225.205.164:9618?addrs=131.225.205.164-9618&alias=cmswn1938.fnal.gov&noUDP&sock=slot1_10_1654_247c_1316>
...
040 (73341096.000.000) 2021-09-17 01:48:00 Finished transferring input files
...
001 (73341096.000.000) 2021-09-17 01:48:01 Job executing on host: <131.225.205.164:9618?addrs=131.225.205.164-9618&alias=cmswn1938.fnal.gov&noUDP&sock=startd_1443_5b40>
...
006 (73341096.000.000) 2021-09-17 01:48:10 Image size of job updated: 39
	39  -  MemoryUsage of job (MB)
	40324  -  ResidentSetSize of job (KB)
...
006 (73341096.000.000) 2021-09-17 01:49:10 Image size of job updated: 527
	527  -  MemoryUsage of job (MB)
	540072  -  ResidentSetSize of job (KB)
...
006 (73341096.000.000) 2021-09-17 01:54:12 Image size of job updated: 562
	562  -  MemoryUsage of job (MB)
	575896  -  ResidentSetSize of job (KB)
...
006 (73341096.000.000) 2021-09-17 01:55:14 Image size of job updated: 603
	603  -  MemoryUsage of job (MB)
	618252  -  ResidentSetSize of job (KB)
...
006 (73341096.000.000) 2021-09-17 01:56:14 Image size of job updated: 640
	640  -  MemoryUsage of job (MB)
	655968  -  ResidentSetSize of job (KB)
...
006 (73341096.000.000) 2021-09-17 01:57:14 Image size of job updated: 673
	673  -  MemoryUsage of job (MB)
	689924  -  ResidentSetSize of job (KB)
...
006 (73341096.000.000) 2021-09-17 01:58:14 Image size of job updated: 701
	701  -  MemoryUsage of job (MB)
	718428  -  ResidentSetSize of job (KB)
...
006 (73341096.000.000) 2021-09-17 01:59:14 Image size of job updated: 730
	730  -  MemoryUsage of job (MB)
	748248  -  ResidentSetSize of job (KB)
...
006 (73341096.000.000) 2021-09-17 02:00:15 Image size of job updated: 758
	758  -  MemoryUsage of job (MB)
	776664  -  ResidentSetSize of job (KB)
...
006 (73341096.000.000) 2021-09-17 02:01:16 Image size of job updated: 785
	785  -  MemoryUsage of job (MB)
	803956  -  ResidentSetSize of job (KB)
...
006 (73341096.000.000) 2021-09-17 02:02:17 Image size of job updated: 808
	808  -  MemoryUsage of job (MB)
	828164  -  ResidentSetSize of job (KB)
...
006 (73341096.000.000) 2021-09-17 02:03:18 Image size of job updated: 833
	833  -  MemoryUsage of job (MB)
	853104  -  ResidentSetSize of job (KB)
...
006 (73341096.000.000) 2021-09-17 02:04:18 Image size of job updated: 858
	858  -  MemoryUsage of job (MB)
	879228  -  ResidentSetSize of job (KB)
...
006 (73341096.000.000) 2021-09-17 02:05:18 Image size of job updated: 879
	879  -  MemoryUsage of job (MB)
	900396  -  ResidentSetSize of job (KB)
...
006 (73341096.000.000) 2021-09-17 02:06:18 Image size of job updated: 912
	912  -  MemoryUsage of job (MB)
	934880  -  ResidentSetSize of job (KB)
...
006 (73341096.000.000) 2021-09-17 02:07:18 Image size of job updated: 936
	936  -  MemoryUsage of job (MB)
	958556  -  ResidentSetSize of job (KB)
...
006 (73341096.000.000) 2021-09-17 02:08:19 Image size of job updated: 957
	957  -  MemoryUsage of job (MB)
	980564  -  ResidentSetSize of job (KB)
...
006 (73341096.000.000) 2021-09-17 02:09:20 Image size of job updated: 976
	976  -  MemoryUsage of job (MB)
	999424  -  ResidentSetSize of job (KB)
...
006 (73341096.000.000) 2021-09-17 02:10:21 Image size of job updated: 995
	995  -  MemoryUsage of job (MB)
	1019752  -  ResidentSetSize of job (KB)
...
006 (73341096.000.000) 2021-09-17 02:11:21 Image size of job updated: 1015
	1015  -  MemoryUsage of job (MB)
	1040092  -  ResidentSetSize of job (KB)
...
006 (73341096.000.000) 2021-09-17 02:12:21 Image size of job updated: 1037
	1037  -  MemoryUsage of job (MB)
	1062188  -  ResidentSetSize of job (KB)
...
006 (73341096.000.000) 2021-09-17 02:13:21 Image size of job updated: 1063
	1063  -  MemoryUsage of job (MB)
	1088596  -  ResidentSetSize of job (KB)
...
006 (73341096.000.000) 2021-09-17 02:14:21 Image size of job updated: 1083
	1083  -  MemoryUsage of job (MB)
	1109736  -  ResidentSetSize of job (KB)
...
006 (73341096.000.000) 2021-09-17 02:15:22 Image size of job updated: 1101
	1101  -  MemoryUsage of job (MB)
	1127816  -  ResidentSetSize of job (KB)
...
006 (73341096.000.000) 2021-09-17 02:16:23 Image size of job updated: 1116
	1116  -  MemoryUsage of job (MB)
	1143732  -  ResidentSetSize of job (KB)
...
006 (73341096.000.000) 2021-09-17 02:17:24 Image size of job updated: 1134
	1134  -  MemoryUsage of job (MB)
	1161384  -  ResidentSetSize of job (KB)
...
006 (73341096.000.000) 2021-09-17 02:18:25 Image size of job updated: 1152
	1152  -  MemoryUsage of job (MB)
	1179900  -  ResidentSetSize of job (KB)
...
006 (73341096.000.000) 2021-09-17 02:19:25 Image size of job updated: 1168
	1168  -  MemoryUsage of job (MB)
	1196084  -  ResidentSetSize of job (KB)
...
006 (73341096.000.000) 2021-09-17 02:20:25 Image size of job updated: 1182
	1182  -  MemoryUsage of job (MB)
	1210840  -  ResidentSetSize of job (KB)
...
006 (73341096.000.000) 2021-09-17 02:21:25 Image size of job updated: 1198
	1198  -  MemoryUsage of job (MB)
	1227136  -  ResidentSetSize of job (KB)
...
006 (73341096.000.000) 2021-09-17 02:22:25 Image size of job updated: 1213
	1213  -  MemoryUsage of job (MB)
	1243100  -  ResidentSetSize of job (KB)
...
006 (73341096.000.000) 2021-09-17 02:23:26 Image size of job updated: 1227
	1227  -  MemoryUsage of job (MB)
	1257324  -  ResidentSetSize of job (KB)
...
006 (73341096.000.000) 2021-09-17 02:24:27 Image size of job updated: 1243
	1243  -  MemoryUsage of job (MB)
	1272908  -  ResidentSetSize of job (KB)
...
006 (73341096.000.000) 2021-09-17 02:25:28 Image size of job updated: 1258
	1258  -  MemoryUsage of job (MB)
	1288256  -  ResidentSetSize of job (KB)
...
006 (73341096.000.000) 2021-09-17 02:26:29 Image size of job updated: 1273
	1273  -  MemoryUsage of job (MB)
	1303628  -  ResidentSetSize of job (KB)
...
006 (73341096.000.000) 2021-09-17 02:27:29 Image size of job updated: 1286
	1286  -  MemoryUsage of job (MB)
	1317116  -  ResidentSetSize of job (KB)
...
006 (73341096.000.000) 2021-09-17 02:28:29 Image size of job updated: 1300
	1300  -  MemoryUsage of job (MB)
	1331872  -  ResidentSetSize of job (KB)
...
006 (73341096.000.000) 2021-09-17 02:29:29 Image size of job updated: 1315
	1315  -  MemoryUsage of job (MB)
	1346628  -  ResidentSetSize of job (KB)
...
006 (73341096.000.000) 2021-09-17 02:30:29 Image size of job updated: 1327
	1327  -  MemoryUsage of job (MB)
	1359836  -  ResidentSetSize of job (KB)
...
006 (73341096.000.000) 2021-09-17 02:31:29 Image size of job updated: 1342
	1342  -  MemoryUsage of job (MB)
	1374412  -  ResidentSetSize of job (KB)
...
006 (73341096.000.000) 2021-09-17 02:32:30 Image size of job updated: 1356
	1356  -  MemoryUsage of job (MB)
	1388700  -  ResidentSetSize of job (KB)
...
006 (73341096.000.000) 2021-09-17 02:33:31 Image size of job updated: 1369
	1369  -  MemoryUsage of job (MB)
	1402816  -  ResidentSetSize of job (KB)
...
006 (73341096.000.000) 2021-09-17 02:34:33 Image size of job updated: 1383
	1383  -  MemoryUsage of job (MB)
	1416764  -  ResidentSetSize of job (KB)
...
006 (73341096.000.000) 2021-09-17 02:35:34 Image size of job updated: 1395
	1395  -  MemoryUsage of job (MB)
	1429088  -  ResidentSetSize of job (KB)
...
006 (73341096.000.000) 2021-09-17 02:36:34 Image size of job updated: 1408
	1408  -  MemoryUsage of job (MB)
	1442700  -  ResidentSetSize of job (KB)
...
006 (73341096.000.000) 2021-09-17 02:37:34 Image size of job updated: 1422
	1422  -  MemoryUsage of job (MB)
	1456236  -  ResidentSetSize of job (KB)
...
006 (73341096.000.000) 2021-09-17 02:38:34 Image size of job updated: 1433
	1433  -  MemoryUsage of job (MB)
	1468092  -  ResidentSetSize of job (KB)
...
006 (73341096.000.000) 2021-09-17 02:39:34 Image size of job updated: 1446
	1446  -  MemoryUsage of job (MB)
	1481284  -  ResidentSetSize of job (KB)
...
006 (73341096.000.000) 2021-09-17 02:40:34 Image size of job updated: 1459
	1459  -  MemoryUsage of job (MB)
	1494224  -  ResidentSetSize of job (KB)
...
006 (73341096.000.000) 2021-09-17 02:41:35 Image size of job updated: 1471
	1471  -  MemoryUsage of job (MB)
	1507000  -  ResidentSetSize of job (KB)
...
006 (73341096.000.000) 2021-09-17 02:42:36 Image size of job updated: 1482
	1482  -  MemoryUsage of job (MB)
	1518380  -  ResidentSetSize of job (KB)
...
006 (73341096.000.000) 2021-09-17 02:43:37 Image size of job updated: 1494
	1494  -  MemoryUsage of job (MB)
	1530836  -  ResidentSetSize of job (KB)
...
006 (73341096.000.000) 2021-09-17 02:44:38 Image size of job updated: 1507
	1507  -  MemoryUsage of job (MB)
	1543272  -  ResidentSetSize of job (KB)
...
006 (73341096.000.000) 2021-09-17 02:45:38 Image size of job updated: 1519
	1519  -  MemoryUsage of job (MB)
	1555468  -  ResidentSetSize of job (KB)
...
006 (73341096.000.000) 2021-09-17 02:46:38 Image size of job updated: 1529
	1529  -  MemoryUsage of job (MB)
	1566376  -  ResidentSetSize of job (KB)
...
006 (73341096.000.000) 2021-09-17 02:47:38 Image size of job updated: 1545
	1545  -  MemoryUsage of job (MB)
	1582456  -  ResidentSetSize of job (KB)
...
006 (73341096.000.000) 2021-09-17 02:48:38 Image size of job updated: 1657
	1657  -  MemoryUsage of job (MB)
	1696792  -  ResidentSetSize of job (KB)
...
006 (73341096.000.000) 2021-09-17 02:49:39 Image size of job updated: 1676
	1676  -  MemoryUsage of job (MB)
	1717152  -  ResidentSetSize of job (KB)
...
006 (73341096.000.000) 2021-09-17 02:50:40 Image size of job updated: 1691
	1691  -  MemoryUsage of job (MB)
	1731920  -  ResidentSetSize of job (KB)
...
006 (73341096.000.000) 2021-09-17 02:51:41 Image size of job updated: 1698
	1698  -  MemoryUsage of job (MB)
	1739372  -  ResidentSetSize of job (KB)
...
006 (73341096.000.000) 2021-09-17 02:52:42 Image size of job updated: 1704
	1704  -  MemoryUsage of job (MB)
	1745392  -  ResidentSetSize of job (KB)
...
006 (73341096.000.000) 2021-09-17 02:53:43 Image size of job updated: 1720
	1720  -  MemoryUsage of job (MB)
	1762220  -  ResidentSetSize of job (KB)
...
006 (73341096.000.000) 2021-09-17 02:54:43 Image size of job updated: 1727
	1727  -  MemoryUsage of job (MB)
	1769012  -  ResidentSetSize of job (KB)
...
006 (73341096.000.000) 2021-09-17 02:55:43 Image size of job updated: 1733
	1733  -  MemoryUsage of job (MB)
	1774760  -  ResidentSetSize of job (KB)
...
006 (73341096.000.000) 2021-09-17 02:56:43 Image size of job updated: 1737
	1737  -  MemoryUsage of job (MB)
	1778740  -  ResidentSetSize of job (KB)
...
006 (73341096.000.000) 2021-09-17 02:57:43 Image size of job updated: 1740
	1740  -  MemoryUsage of job (MB)
	1782740  -  ResidentSetSize of job (KB)
...
006 (73341096.000.000) 2021-09-17 02:58:43 Image size of job updated: 1744
	1744  -  MemoryUsage of job (MB)
	1786324  -  ResidentSetSize of job (KB)
...
006 (73341096.000.000) 2021-09-17 02:59:44 Image size of job updated: 1745
	1745  -  MemoryUsage of job (MB)
	1787692  -  ResidentSetSize of job (KB)
...
006 (73341096.000.000) 2021-09-17 03:00:45 Image size of job updated: 1749
	1749  -  MemoryUsage of job (MB)
	1791164  -  ResidentSetSize of job (KB)
...
006 (73341096.000.000) 2021-09-17 03:01:46 Image size of job updated: 1753
	1753  -  MemoryUsage of job (MB)
	1795280  -  ResidentSetSize of job (KB)
...
006 (73341096.000.000) 2021-09-17 03:02:47 Image size of job updated: 1755
	1755  -  MemoryUsage of job (MB)
	1797888  -  ResidentSetSize of job (KB)
...
006 (73341096.000.000) 2021-09-17 03:03:48 Image size of job updated: 1761
	1761  -  MemoryUsage of job (MB)
	1803384  -  ResidentSetSize of job (KB)
...
006 (73341096.000.000) 2021-09-17 03:04:48 Image size of job updated: 1764
	1764  -  MemoryUsage of job (MB)
	1806348  -  ResidentSetSize of job (KB)
...
040 (73341096.000.000) 2021-09-17 03:05:09 Started transferring output files
...
040 (73341096.000.000) 2021-09-17 03:05:09 Finished transferring output files
...
005 (73341096.000.000) 2021-09-17 03:05:10 Job terminated.
	(1) Normal termination (return value 0)
		Usr 0 01:07:30, Sys 0 00:05:01  -  Run Remote Usage
		Usr 0 00:00:00, Sys 0 00:00:00  -  Run Local Usage
		Usr 0 01:07:30, Sys 0 00:05:01  -  Total Remote Usage
		Usr 0 00:00:00, Sys 0 00:00:00  -  Total Local Usage
	1232769  -  Run Bytes Sent By Job
	8471534  -  Run Bytes Received By Job
	1232769  -  Total Bytes Sent By Job
	8471534  -  Total Bytes Received By Job
	Partitionable Resources :    Usage  Request Allocated 
	   Cpus                 :     0.00        1         1 
	   Disk (KB)            : 24754       10000   1637634 
	   Memory (MB)          :  1764        2048      2048 

	Job terminated of its own accord at 2021-09-17T08:05:09Z.
...
000 (14733768.000.000) 2021-09-24 22:36:52 Job submitted from host: <131.225.188.55:9618?addrs=131.225.188.55-9618&alias=lpcschedd1.fnal.gov&noUDP&sock=schedd_2070_6d22>
...
040 (14733768.000.000) 2021-09-25 08:20:36 Started transferring input files
	Transferring to host: <131.225.206.254:9618?addrs=131.225.206.254-9618&alias=cmswn1862.fnal.gov&noUDP&sock=slot1_4_1225_df8b_4135>
...
040 (14733768.000.000) 2021-09-25 08:20:36 Finished transferring input files
...
001 (14733768.000.000) 2021-09-25 08:20:37 Job executing on host: <131.225.206.254:9618?addrs=131.225.206.254-9618&alias=cmswn1862.fnal.gov&noUDP&sock=startd_1145_f407>
...
006 (14733768.000.000) 2021-09-25 08:20:45 Image size of job updated: 61
	61  -  MemoryUsage of job (MB)
	63456  -  ResidentSetSize of job (KB)
...
006 (14733768.000.000) 2021-09-25 08:21:46 Image size of job updated: 536
	536  -  MemoryUsage of job (MB)
	549484  -  ResidentSetSize of job (KB)
...
006 (14733768.000.000) 2021-09-25 08:25:49 Image size of job updated: 551
	551  -  MemoryUsage of job (MB)
	564592  -  ResidentSetSize of job (KB)
...
006 (14733768.000.000) 2021-09-25 08:26:49 Image size of job updated: 597
	597  -  MemoryUsage of job (MB)
	612196  -  ResidentSetSize of job (KB)
...
006 (14733768.000.000) 2021-09-25 08:27:49 Image size of job updated: 639
	639  -  MemoryUsage of job (MB)
	654436  -  ResidentSetSize of job (KB)
...
006 (14733768.000.000) 2021-09-25 08:28:50 Image size of job updated: 676
	676  -  MemoryUsage of job (MB)
	692316  -  ResidentSetSize of job (KB)
...
006 (14733768.000.000) 2021-09-25 08:29:50 Image size of job updated: 712
	712  -  MemoryUsage of job (MB)
	729296  -  ResidentSetSize of job (KB)
...
006 (14733768.000.000) 2021-09-25 08:30:50 Image size of job updated: 746
	746  -  MemoryUsage of job (MB)
	764740  -  ResidentSetSize of job (KB)
...
006 (14733768.000.000) 2021-09-25 08:31:51 Image size of job updated: 779
	779  -  MemoryUsage of job (MB)
	798256  -  ResidentSetSize of job (KB)
...
006 (14733768.000.000) 2021-09-25 08:32:51 Image size of job updated: 811
	811  -  MemoryUsage of job (MB)
	830772  -  ResidentSetSize of job (KB)
...
006 (14733768.000.000) 2021-09-25 08:33:51 Image size of job updated: 843
	843  -  MemoryUsage of job (MB)
	863284  -  ResidentSetSize of job (KB)
...
006 (14733768.000.000) 2021-09-25 08:34:52 Image size of job updated: 871
	871  -  MemoryUsage of job (MB)
	892500  -  ResidentSetSize of job (KB)
...
006 (14733768.000.000) 2021-09-25 08:35:53 Image size of job updated: 910
	910  -  MemoryUsage of job (MB)
	932696  -  ResidentSetSize of job (KB)
...
006 (14733768.000.000) 2021-09-25 08:36:53 Image size of job updated: 939
	939  -  MemoryUsage of job (MB)
	961560  -  ResidentSetSize of job (KB)
...
006 (14733768.000.000) 2021-09-25 08:37:54 Image size of job updated: 965
	965  -  MemoryUsage of job (MB)
	988160  -  ResidentSetSize of job (KB)
...
006 (14733768.000.000) 2021-09-25 08:38:54 Image size of job updated: 986
	986  -  MemoryUsage of job (MB)
	1010420  -  ResidentSetSize of job (KB)
...
006 (14733768.000.000) 2021-09-25 08:39:54 Image size of job updated: 1010
	1010  -  MemoryUsage of job (MB)
	1034916  -  ResidentSetSize of job (KB)
...
006 (14733768.000.000) 2021-09-25 08:40:55 Image size of job updated: 1038
	1038  -  MemoryUsage of job (MB)
	1062968  -  ResidentSetSize of job (KB)
...
006 (14733768.000.000) 2021-09-25 08:41:55 Image size of job updated: 1070
	1070  -  MemoryUsage of job (MB)
	1095808  -  ResidentSetSize of job (KB)
...
006 (14733768.000.000) 2021-09-25 08:42:55 Image size of job updated: 1091
	1091  -  MemoryUsage of job (MB)
	1117908  -  ResidentSetSize of job (KB)
...
006 (14733768.000.000) 2021-09-25 08:43:56 Image size of job updated: 1112
	1112  -  MemoryUsage of job (MB)
	1139248  -  ResidentSetSize of job (KB)
...
006 (14733768.000.000) 2021-09-25 08:44:56 Image size of job updated: 1133
	1133  -  MemoryUsage of job (MB)
	1161076  -  ResidentSetSize of job (KB)
...
006 (14733768.000.000) 2021-09-25 08:45:56 Image size of job updated: 1155
	1155  -  MemoryUsage of job (MB)
	1183424  -  ResidentSetSize of job (KB)
...
006 (14733768.000.000) 2021-09-25 08:46:57 Image size of job updated: 1176
	1176  -  MemoryUsage of job (MB)
	1204660  -  ResidentSetSize of job (KB)
...
006 (14733768.000.000) 2021-09-25 08:47:58 Image size of job updated: 1196
	1196  -  MemoryUsage of job (MB)
	1225460  -  ResidentSetSize of job (KB)
...
006 (14733768.000.000) 2021-09-25 08:48:58 Image size of job updated: 1216
	1216  -  MemoryUsage of job (MB)
	1245784  -  ResidentSetSize of job (KB)
...
006 (14733768.000.000) 2021-09-25 08:49:59 Image size of job updated: 1235
	1235  -  MemoryUsage of job (MB)
	1265528  -  ResidentSetSize of job (KB)
...
006 (14733768.000.000) 2021-09-25 08:51:00 Image size of job updated: 1254
	1254  -  MemoryUsage of job (MB)
	1284940  -  ResidentSetSize of job (KB)
...
006 (14733768.000.000) 2021-09-25 08:52:00 Image size of job updated: 1273
	1273  -  MemoryUsage of job (MB)
	1304220  -  ResidentSetSize of job (KB)
...
006 (14733768.000.000) 2021-09-25 08:53:01 Image size of job updated: 1292
	1292  -  MemoryUsage of job (MB)
	1323072  -  ResidentSetSize of job (KB)
...
006 (14733768.000.000) 2021-09-25 08:54:02 Image size of job updated: 1310
	1310  -  MemoryUsage of job (MB)
	1341464  -  ResidentSetSize of job (KB)
...
006 (14733768.000.000) 2021-09-25 08:55:03 Image size of job updated: 1328
	1328  -  MemoryUsage of job (MB)
	1360312  -  ResidentSetSize of job (KB)
...
006 (14733768.000.000) 2021-09-25 08:56:04 Image size of job updated: 1346
	1346  -  MemoryUsage of job (MB)
	1378452  -  ResidentSetSize of job (KB)
...
006 (14733768.000.000) 2021-09-25 08:57:05 Image size of job updated: 1363
	1363  -  MemoryUsage of job (MB)
	1395784  -  ResidentSetSize of job (KB)
...
006 (14733768.000.000) 2021-09-25 08:58:06 Image size of job updated: 1379
	1379  -  MemoryUsage of job (MB)
	1412992  -  ResidentSetSize of job (KB)
...
006 (14733768.000.000) 2021-09-25 08:59:07 Image size of job updated: 1396
	1396  -  MemoryUsage of job (MB)
	1430200  -  ResidentSetSize of job (KB)
...
006 (14733768.000.000) 2021-09-25 09:00:08 Image size of job updated: 1412
	1412  -  MemoryUsage of job (MB)
	1446664  -  ResidentSetSize of job (KB)
...
006 (14733768.000.000) 2021-09-25 09:01:09 Image size of job updated: 1429
	1429  -  MemoryUsage of job (MB)
	1463332  -  ResidentSetSize of job (KB)
...
006 (14733768.000.000) 2021-09-25 09:02:10 Image size of job updated: 1444
	1444  -  MemoryUsage of job (MB)
	1479416  -  ResidentSetSize of job (KB)
...
006 (14733768.000.000) 2021-09-25 09:03:10 Image size of job updated: 1460
	1460  -  MemoryUsage of job (MB)
	1495148  -  ResidentSetSize of job (KB)
...
006 (14733768.000.000) 2021-09-25 09:04:10 Image size of job updated: 1475
	1475  -  MemoryUsage of job (MB)
	1511040  -  ResidentSetSize of job (KB)
...
006 (14733768.000.000) 2021-09-25 09:05:11 Image size of job updated: 1491
	1491  -  MemoryUsage of job (MB)
	1527128  -  ResidentSetSize of job (KB)
...
006 (14733768.000.000) 2021-09-25 09:06:11 Image size of job updated: 1507
	1507  -  MemoryUsage of job (MB)
	1543308  -  ResidentSetSize of job (KB)
...
006 (14733768.000.000) 2021-09-25 09:07:11 Image size of job updated: 1522
	1522  -  MemoryUsage of job (MB)
	1559100  -  ResidentSetSize of job (KB)
...
006 (14733768.000.000) 2021-09-25 09:08:12 Image size of job updated: 1541
	1541  -  MemoryUsage of job (MB)
	1578672  -  ResidentSetSize of job (KB)
...
006 (14733768.000.000) 2021-09-25 09:09:13 Image size of job updated: 1652
	1652  -  MemoryUsage of job (MB)
	1691852  -  ResidentSetSize of job (KB)
...
006 (14733768.000.000) 2021-09-25 09:10:13 Image size of job updated: 1682
	1682  -  MemoryUsage of job (MB)
	1722520  -  ResidentSetSize of job (KB)
...
006 (14733768.000.000) 2021-09-25 09:11:14 Image size of job updated: 1697
	1697  -  MemoryUsage of job (MB)
	1738060  -  ResidentSetSize of job (KB)
...
006 (14733768.000.000) 2021-09-25 09:12:14 Image size of job updated: 1704
	1704  -  MemoryUsage of job (MB)
	1745392  -  ResidentSetSize of job (KB)
...
006 (14733768.000.000) 2021-09-25 09:13:15 Image size of job updated: 1724
	1724  -  MemoryUsage of job (MB)
	1766068  -  ResidentSetSize of job (KB)
...
006 (14733768.000.000) 2021-09-25 09:14:16 Image size of job updated: 1732
	1732  -  MemoryUsage of job (MB)
	1774308  -  ResidentSetSize of job (KB)
...
006 (14733768.000.000) 2021-09-25 09:15:16 Image size of job updated: 1740
	1740  -  MemoryUsage of job (MB)
	1781956  -  ResidentSetSize of job (KB)
...
006 (14733768.000.000) 2021-09-25 09:16:16 Image size of job updated: 1745
	1745  -  MemoryUsage of job (MB)
	1787280  -  ResidentSetSize of job (KB)
...
006 (14733768.000.000) 2021-09-25 09:17:17 Image size of job updated: 1748
	1748  -  MemoryUsage of job (MB)
	1790012  -  ResidentSetSize of job (KB)
...
006 (14733768.000.000) 2021-09-25 09:18:17 Image size of job updated: 1751
	1751  -  MemoryUsage of job (MB)
	1793540  -  ResidentSetSize of job (KB)
...
006 (14733768.000.000) 2021-09-25 09:19:18 Image size of job updated: 1756
	1756  -  MemoryUsage of job (MB)
	1798772  -  ResidentSetSize of job (KB)
...
006 (14733768.000.000) 2021-09-25 09:20:19 Image size of job updated: 1760
	1760  -  MemoryUsage of job (MB)
	1802848  -  ResidentSetSize of job (KB)
...
006 (14733768.000.000) 2021-09-25 09:21:19 Image size of job updated: 1762
	1762  -  MemoryUsage of job (MB)
	1804440  -  ResidentSetSize of job (KB)
...
006 (14733768.000.000) 2021-09-25 09:21:37 Image size of job updated: 1762
	1762  -  MemoryUsage of job (MB)
	1804484  -  ResidentSetSize of job (KB)
...
040 (14733768.000.000) 2021-09-25 09:21:38 Started transferring output files
...
040 (14733768.000.000) 2021-09-25 09:21:38 Finished transferring output files
...
005 (14733768.000.000) 2021-09-25 09:21:39 Job terminated.
	(1) Normal termination (return value 0)
		Usr 0 00:52:48, Sys 0 00:03:43  -  Run Remote Usage
		Usr 0 00:00:00, Sys 0 00:00:00  -  Run Local Usage
		Usr 0 00:52:48, Sys 0 00:03:43  -  Total Remote Usage
		Usr 0 00:00:00, Sys 0 00:00:00  -  Total Local Usage
	1232763  -  Run Bytes Sent By Job
	8471570  -  Run Bytes Received By Job
	1232763  -  Total Bytes Sent By Job
	8471570  -  Total Bytes Received By Job
	Partitionable Resources :    Usage  Request Allocated 
	   Cpus                 :     0.00        1         1 
	   Disk (KB)            : 22700       10000    316022 
	   Memory (MB)          :  1762        2048      2048 

	Job terminated of its own accord at 2021-09-25T14:21:37Z.
...
