000 (34545548.000.000) 2021-09-16 05:51:35 Job submitted from host: <131.225.188.57:9618?addrs=131.225.188.57-9618&alias=lpcschedd2.fnal.gov&noUDP&sock=schedd_2251_93c6>
...
040 (34545548.000.000) 2021-09-16 23:38:19 Started transferring input files
	Transferring to host: <131.225.205.172:9618?addrs=131.225.205.172-9618&alias=cmswn1946.fnal.gov&noUDP&sock=slot1_20_1522_22f7_1239>
...
040 (34545548.000.000) 2021-09-16 23:38:19 Finished transferring input files
...
001 (34545548.000.000) 2021-09-16 23:38:20 Job executing on host: <131.225.205.172:9618?addrs=131.225.205.172-9618&alias=cmswn1946.fnal.gov&noUDP&sock=startd_1422_f3c3>
...
006 (34545548.000.000) 2021-09-16 23:38:29 Image size of job updated: 8
	8  -  MemoryUsage of job (MB)
	9140  -  ResidentSetSize of job (KB)
...
006 (34545548.000.000) 2021-09-16 23:39:29 Image size of job updated: 497
	497  -  MemoryUsage of job (MB)
	509796  -  ResidentSetSize of job (KB)
...
006 (34545548.000.000) 2021-09-16 23:40:30 Image size of job updated: 535
	535  -  MemoryUsage of job (MB)
	548600  -  ResidentSetSize of job (KB)
...
006 (34545548.000.000) 2021-09-16 23:44:31 Image size of job updated: 558
	558  -  MemoryUsage of job (MB)
	571588  -  ResidentSetSize of job (KB)
...
006 (34545548.000.000) 2021-09-16 23:45:32 Image size of job updated: 600
	600  -  MemoryUsage of job (MB)
	615240  -  ResidentSetSize of job (KB)
...
006 (34545548.000.000) 2021-09-16 23:46:32 Image size of job updated: 635
	635  -  MemoryUsage of job (MB)
	651196  -  ResidentSetSize of job (KB)
...
006 (34545548.000.000) 2021-09-16 23:47:33 Image size of job updated: 669
	669  -  MemoryUsage of job (MB)
	685700  -  ResidentSetSize of job (KB)
...
006 (34545548.000.000) 2021-09-16 23:48:34 Image size of job updated: 700
	700  -  MemoryUsage of job (MB)
	717040  -  ResidentSetSize of job (KB)
...
006 (34545548.000.000) 2021-09-16 23:49:34 Image size of job updated: 725
	725  -  MemoryUsage of job (MB)
	743328  -  ResidentSetSize of job (KB)
...
006 (34545548.000.000) 2021-09-16 23:50:35 Image size of job updated: 752
	752  -  MemoryUsage of job (MB)
	770692  -  ResidentSetSize of job (KB)
...
006 (34545548.000.000) 2021-09-16 23:51:35 Image size of job updated: 778
	778  -  MemoryUsage of job (MB)
	796784  -  ResidentSetSize of job (KB)
...
006 (34545548.000.000) 2021-09-16 23:52:36 Image size of job updated: 800
	800  -  MemoryUsage of job (MB)
	819972  -  ResidentSetSize of job (KB)
...
006 (34545548.000.000) 2021-09-16 23:53:36 Image size of job updated: 823
	823  -  MemoryUsage of job (MB)
	843740  -  ResidentSetSize of job (KB)
...
006 (34545548.000.000) 2021-09-16 23:54:36 Image size of job updated: 846
	846  -  MemoryUsage of job (MB)
	866432  -  ResidentSetSize of job (KB)
...
006 (34545548.000.000) 2021-09-16 23:55:36 Image size of job updated: 867
	867  -  MemoryUsage of job (MB)
	888580  -  ResidentSetSize of job (KB)
...
006 (34545548.000.000) 2021-09-16 23:56:36 Image size of job updated: 900
	900  -  MemoryUsage of job (MB)
	922112  -  ResidentSetSize of job (KB)
...
006 (34545548.000.000) 2021-09-16 23:57:37 Image size of job updated: 918
	918  -  MemoryUsage of job (MB)
	940896  -  ResidentSetSize of job (KB)
...
006 (34545548.000.000) 2021-09-16 23:58:37 Image size of job updated: 940
	940  -  MemoryUsage of job (MB)
	962916  -  ResidentSetSize of job (KB)
...
006 (34545548.000.000) 2021-09-16 23:59:38 Image size of job updated: 960
	960  -  MemoryUsage of job (MB)
	983460  -  ResidentSetSize of job (KB)
...
006 (34545548.000.000) 2021-09-17 00:00:39 Image size of job updated: 978
	978  -  MemoryUsage of job (MB)
	1001536  -  ResidentSetSize of job (KB)
...
006 (34545548.000.000) 2021-09-17 00:01:39 Image size of job updated: 1002
	1002  -  MemoryUsage of job (MB)
	1026236  -  ResidentSetSize of job (KB)
...
006 (34545548.000.000) 2021-09-17 00:02:40 Image size of job updated: 1029
	1029  -  MemoryUsage of job (MB)
	1054204  -  ResidentSetSize of job (KB)
...
006 (34545548.000.000) 2021-09-17 00:03:40 Image size of job updated: 1058
	1058  -  MemoryUsage of job (MB)
	1084020  -  ResidentSetSize of job (KB)
...
006 (34545548.000.000) 2021-09-17 00:04:41 Image size of job updated: 1083
	1083  -  MemoryUsage of job (MB)
	1109688  -  ResidentSetSize of job (KB)
...
006 (34545548.000.000) 2021-09-17 00:05:42 Image size of job updated: 1105
	1105  -  MemoryUsage of job (MB)
	1132228  -  ResidentSetSize of job (KB)
...
006 (34545548.000.000) 2021-09-17 00:06:42 Image size of job updated: 1124
	1124  -  MemoryUsage of job (MB)
	1151848  -  ResidentSetSize of job (KB)
...
006 (34545548.000.000) 2021-09-17 00:07:43 Image size of job updated: 1145
	1145  -  MemoryUsage of job (MB)
	1173332  -  ResidentSetSize of job (KB)
...
006 (34545548.000.000) 2021-09-17 00:08:44 Image size of job updated: 1166
	1166  -  MemoryUsage of job (MB)
	1194812  -  ResidentSetSize of job (KB)
...
006 (34545548.000.000) 2021-09-17 00:09:44 Image size of job updated: 1184
	1184  -  MemoryUsage of job (MB)
	1212920  -  ResidentSetSize of job (KB)
...
006 (34545548.000.000) 2021-09-17 00:10:45 Image size of job updated: 1203
	1203  -  MemoryUsage of job (MB)
	1232616  -  ResidentSetSize of job (KB)
...
006 (34545548.000.000) 2021-09-17 00:11:46 Image size of job updated: 1222
	1222  -  MemoryUsage of job (MB)
	1251752  -  ResidentSetSize of job (KB)
...
006 (34545548.000.000) 2021-09-17 00:12:46 Image size of job updated: 1239
	1239  -  MemoryUsage of job (MB)
	1269372  -  ResidentSetSize of job (KB)
...
006 (34545548.000.000) 2021-09-17 00:13:47 Image size of job updated: 1258
	1258  -  MemoryUsage of job (MB)
	1288720  -  ResidentSetSize of job (KB)
...
006 (34545548.000.000) 2021-09-17 00:14:48 Image size of job updated: 1276
	1276  -  MemoryUsage of job (MB)
	1307604  -  ResidentSetSize of job (KB)
...
006 (34545548.000.000) 2021-09-17 00:15:48 Image size of job updated: 1293
	1293  -  MemoryUsage of job (MB)
	1324360  -  ResidentSetSize of job (KB)
...
006 (34545548.000.000) 2021-09-17 00:16:49 Image size of job updated: 1311
	1311  -  MemoryUsage of job (MB)
	1342700  -  ResidentSetSize of job (KB)
...
006 (34545548.000.000) 2021-09-17 00:17:49 Image size of job updated: 1328
	1328  -  MemoryUsage of job (MB)
	1360528  -  ResidentSetSize of job (KB)
...
006 (34545548.000.000) 2021-09-17 00:18:50 Image size of job updated: 1343
	1343  -  MemoryUsage of job (MB)
	1376104  -  ResidentSetSize of job (KB)
...
006 (34545548.000.000) 2021-09-17 00:19:50 Image size of job updated: 1360
	1360  -  MemoryUsage of job (MB)
	1393388  -  ResidentSetSize of job (KB)
...
006 (34545548.000.000) 2021-09-17 00:20:50 Image size of job updated: 1377
	1377  -  MemoryUsage of job (MB)
	1410272  -  ResidentSetSize of job (KB)
...
006 (34545548.000.000) 2021-09-17 00:21:51 Image size of job updated: 1391
	1391  -  MemoryUsage of job (MB)
	1425268  -  ResidentSetSize of job (KB)
...
006 (34545548.000.000) 2021-09-17 00:22:51 Image size of job updated: 1407
	1407  -  MemoryUsage of job (MB)
	1441644  -  ResidentSetSize of job (KB)
...
006 (34545548.000.000) 2021-09-17 00:23:51 Image size of job updated: 1421
	1421  -  MemoryUsage of job (MB)
	1456024  -  ResidentSetSize of job (KB)
...
006 (34545548.000.000) 2021-09-17 00:24:52 Image size of job updated: 1437
	1437  -  MemoryUsage of job (MB)
	1471820  -  ResidentSetSize of job (KB)
...
006 (34545548.000.000) 2021-09-17 00:25:52 Image size of job updated: 1452
	1452  -  MemoryUsage of job (MB)
	1487292  -  ResidentSetSize of job (KB)
...
006 (34545548.000.000) 2021-09-17 00:26:52 Image size of job updated: 1465
	1465  -  MemoryUsage of job (MB)
	1501148  -  ResidentSetSize of job (KB)
...
006 (34545548.000.000) 2021-09-17 00:27:53 Image size of job updated: 1480
	1480  -  MemoryUsage of job (MB)
	1516216  -  ResidentSetSize of job (KB)
...
006 (34545548.000.000) 2021-09-17 00:28:53 Image size of job updated: 1495
	1495  -  MemoryUsage of job (MB)
	1531072  -  ResidentSetSize of job (KB)
...
006 (34545548.000.000) 2021-09-17 00:29:54 Image size of job updated: 1508
	1508  -  MemoryUsage of job (MB)
	1544356  -  ResidentSetSize of job (KB)
...
006 (34545548.000.000) 2021-09-17 00:30:54 Image size of job updated: 1522
	1522  -  MemoryUsage of job (MB)
	1558852  -  ResidentSetSize of job (KB)
...
006 (34545548.000.000) 2021-09-17 00:31:54 Image size of job updated: 1534
	1534  -  MemoryUsage of job (MB)
	1571788  -  ResidentSetSize of job (KB)
...
006 (34545548.000.000) 2021-09-17 00:32:55 Image size of job updated: 1625
	1625  -  MemoryUsage of job (MB)
	1664812  -  ResidentSetSize of job (KB)
...
006 (34545548.000.000) 2021-09-17 00:33:55 Image size of job updated: 1639
	1639  -  MemoryUsage of job (MB)
	1678412  -  ResidentSetSize of job (KB)
...
006 (34545548.000.000) 2021-09-17 00:34:55 Image size of job updated: 1651
	1651  -  MemoryUsage of job (MB)
	1690676  -  ResidentSetSize of job (KB)
...
006 (34545548.000.000) 2021-09-17 00:35:56 Image size of job updated: 1671
	1671  -  MemoryUsage of job (MB)
	1711812  -  ResidentSetSize of job (KB)
...
006 (34545548.000.000) 2021-09-17 00:36:57 Image size of job updated: 1689
	1689  -  MemoryUsage of job (MB)
	1730044  -  ResidentSetSize of job (KB)
...
006 (34545548.000.000) 2021-09-17 00:37:57 Image size of job updated: 1701
	1701  -  MemoryUsage of job (MB)
	1742280  -  ResidentSetSize of job (KB)
...
006 (34545548.000.000) 2021-09-17 00:38:58 Image size of job updated: 1710
	1710  -  MemoryUsage of job (MB)
	1751648  -  ResidentSetSize of job (KB)
...
006 (34545548.000.000) 2021-09-17 00:39:59 Image size of job updated: 1715
	1715  -  MemoryUsage of job (MB)
	1756316  -  ResidentSetSize of job (KB)
...
006 (34545548.000.000) 2021-09-17 00:40:59 Image size of job updated: 1716
	1716  -  MemoryUsage of job (MB)
	1757244  -  ResidentSetSize of job (KB)
...
006 (34545548.000.000) 2021-09-17 00:41:59 Image size of job updated: 1719
	1719  -  MemoryUsage of job (MB)
	1760840  -  ResidentSetSize of job (KB)
...
006 (34545548.000.000) 2021-09-17 00:42:59 Image size of job updated: 1720
	1720  -  MemoryUsage of job (MB)
	1761608  -  ResidentSetSize of job (KB)
...
006 (34545548.000.000) 2021-09-17 00:44:00 Image size of job updated: 1726
	1726  -  MemoryUsage of job (MB)
	1768060  -  ResidentSetSize of job (KB)
...
006 (34545548.000.000) 2021-09-17 00:45:01 Image size of job updated: 1731
	1731  -  MemoryUsage of job (MB)
	1773040  -  ResidentSetSize of job (KB)
...
006 (34545548.000.000) 2021-09-17 00:46:01 Image size of job updated: 1734
	1734  -  MemoryUsage of job (MB)
	1776360  -  ResidentSetSize of job (KB)
...
006 (34545548.000.000) 2021-09-17 00:47:02 Image size of job updated: 1737
	1737  -  MemoryUsage of job (MB)
	1778984  -  ResidentSetSize of job (KB)
...
006 (34545548.000.000) 2021-09-17 00:48:02 Image size of job updated: 1738
	1738  -  MemoryUsage of job (MB)
	1780128  -  ResidentSetSize of job (KB)
...
006 (34545548.000.000) 2021-09-17 00:49:03 Image size of job updated: 1741
	1741  -  MemoryUsage of job (MB)
	1783656  -  ResidentSetSize of job (KB)
...
006 (34545548.000.000) 2021-09-17 00:50:04 Image size of job updated: 1744
	1744  -  MemoryUsage of job (MB)
	1785984  -  ResidentSetSize of job (KB)
...
006 (34545548.000.000) 2021-09-17 00:51:04 Image size of job updated: 1745
	1745  -  MemoryUsage of job (MB)
	1787764  -  ResidentSetSize of job (KB)
...
006 (34545548.000.000) 2021-09-17 00:52:04 Image size of job updated: 1747
	1747  -  MemoryUsage of job (MB)
	1789676  -  ResidentSetSize of job (KB)
...
006 (34545548.000.000) 2021-09-17 00:53:05 Image size of job updated: 1749
	1749  -  MemoryUsage of job (MB)
	1791116  -  ResidentSetSize of job (KB)
...
006 (34545548.000.000) 2021-09-17 00:54:06 Image size of job updated: 1751
	1751  -  MemoryUsage of job (MB)
	1793600  -  ResidentSetSize of job (KB)
...
006 (34545548.000.000) 2021-09-17 00:55:07 Image size of job updated: 1753
	1753  -  MemoryUsage of job (MB)
	1795576  -  ResidentSetSize of job (KB)
...
006 (34545548.000.000) 2021-09-17 00:56:08 Image size of job updated: 1754
	1754  -  MemoryUsage of job (MB)
	1797104  -  ResidentSetSize of job (KB)
...
006 (34545548.000.000) 2021-09-17 00:57:08 Image size of job updated: 1756
	1756  -  MemoryUsage of job (MB)
	1798792  -  ResidentSetSize of job (KB)
...
006 (34545548.000.000) 2021-09-17 00:58:09 Image size of job updated: 1758
	1758  -  MemoryUsage of job (MB)
	1800752  -  ResidentSetSize of job (KB)
...
006 (34545548.000.000) 2021-09-17 00:59:10 Image size of job updated: 1760
	1760  -  MemoryUsage of job (MB)
	1802308  -  ResidentSetSize of job (KB)
...
006 (34545548.000.000) 2021-09-17 01:00:10 Image size of job updated: 1761
	1761  -  MemoryUsage of job (MB)
	1804056  -  ResidentSetSize of job (KB)
...
006 (34545548.000.000) 2021-09-17 01:01:10 Image size of job updated: 1763
	1763  -  MemoryUsage of job (MB)
	1805896  -  ResidentSetSize of job (KB)
...
006 (34545548.000.000) 2021-09-17 01:02:11 Image size of job updated: 1763
	1763  -  MemoryUsage of job (MB)
	1806236  -  ResidentSetSize of job (KB)
...
006 (34545548.000.000) 2021-09-17 01:03:12 Image size of job updated: 1764
	1764  -  MemoryUsage of job (MB)
	1807340  -  ResidentSetSize of job (KB)
...
006 (34545548.000.000) 2021-09-17 01:04:12 Image size of job updated: 1766
	1766  -  MemoryUsage of job (MB)
	1808888  -  ResidentSetSize of job (KB)
...
006 (34545548.000.000) 2021-09-17 01:05:12 Image size of job updated: 1767
	1767  -  MemoryUsage of job (MB)
	1809724  -  ResidentSetSize of job (KB)
...
040 (34545548.000.000) 2021-09-17 01:05:25 Started transferring output files
...
040 (34545548.000.000) 2021-09-17 01:05:25 Finished transferring output files
...
005 (34545548.000.000) 2021-09-17 01:05:26 Job terminated.
	(1) Normal termination (return value 0)
		Usr 0 01:00:36, Sys 0 00:21:19  -  Run Remote Usage
		Usr 0 00:00:00, Sys 0 00:00:00  -  Run Local Usage
		Usr 0 01:00:36, Sys 0 00:21:19  -  Total Remote Usage
		Usr 0 00:00:00, Sys 0 00:00:00  -  Total Local Usage
	1299213  -  Run Bytes Sent By Job
	8471534  -  Run Bytes Received By Job
	1299213  -  Total Bytes Sent By Job
	8471534  -  Total Bytes Received By Job
	Partitionable Resources :    Usage  Request Allocated 
	   Cpus                 :     0.00        1         1 
	   Disk (KB)            : 23260       10000   1631609 
	   Memory (MB)          :  1767        2048      2048 

	Job terminated of its own accord at 2021-09-17T06:05:25Z.
...
000 (34672838.000.000) 2021-09-24 22:37:25 Job submitted from host: <131.225.188.57:9618?addrs=131.225.188.57-9618&alias=lpcschedd2.fnal.gov&noUDP&sock=schedd_2251_93c6>
...
040 (34672838.000.000) 2021-09-24 23:46:40 Started transferring input files
	Transferring to host: <131.225.191.159:9618?addrs=131.225.191.159-9618&alias=cmswn1867.fnal.gov&noUDP&sock=slot1_7_1225_df8b_3891>
...
040 (34672838.000.000) 2021-09-24 23:46:40 Finished transferring input files
...
001 (34672838.000.000) 2021-09-24 23:46:41 Job executing on host: <131.225.191.159:9618?addrs=131.225.191.159-9618&alias=cmswn1867.fnal.gov&noUDP&sock=startd_1147_5337>
...
006 (34672838.000.000) 2021-09-24 23:46:50 Image size of job updated: 7
	7  -  MemoryUsage of job (MB)
	7720  -  ResidentSetSize of job (KB)
...
006 (34672838.000.000) 2021-09-24 23:47:51 Image size of job updated: 534
	534  -  MemoryUsage of job (MB)
	546928  -  ResidentSetSize of job (KB)
...
006 (34672838.000.000) 2021-09-24 23:51:52 Image size of job updated: 545
	545  -  MemoryUsage of job (MB)
	558420  -  ResidentSetSize of job (KB)
...
006 (34672838.000.000) 2021-09-24 23:52:53 Image size of job updated: 585
	585  -  MemoryUsage of job (MB)
	599224  -  ResidentSetSize of job (KB)
...
006 (34672838.000.000) 2021-09-24 23:53:53 Image size of job updated: 622
	622  -  MemoryUsage of job (MB)
	637312  -  ResidentSetSize of job (KB)
...
006 (34672838.000.000) 2021-09-24 23:54:53 Image size of job updated: 654
	654  -  MemoryUsage of job (MB)
	670140  -  ResidentSetSize of job (KB)
...
006 (34672838.000.000) 2021-09-24 23:55:54 Image size of job updated: 684
	684  -  MemoryUsage of job (MB)
	701128  -  ResidentSetSize of job (KB)
...
006 (34672838.000.000) 2021-09-24 23:56:54 Image size of job updated: 713
	713  -  MemoryUsage of job (MB)
	730224  -  ResidentSetSize of job (KB)
...
006 (34672838.000.000) 2021-09-24 23:57:55 Image size of job updated: 740
	740  -  MemoryUsage of job (MB)
	757896  -  ResidentSetSize of job (KB)
...
006 (34672838.000.000) 2021-09-24 23:58:55 Image size of job updated: 766
	766  -  MemoryUsage of job (MB)
	784596  -  ResidentSetSize of job (KB)
...
006 (34672838.000.000) 2021-09-24 23:59:55 Image size of job updated: 791
	791  -  MemoryUsage of job (MB)
	810212  -  ResidentSetSize of job (KB)
...
006 (34672838.000.000) 2021-09-25 00:00:56 Image size of job updated: 815
	815  -  MemoryUsage of job (MB)
	835440  -  ResidentSetSize of job (KB)
...
006 (34672838.000.000) 2021-09-25 00:01:56 Image size of job updated: 841
	841  -  MemoryUsage of job (MB)
	861372  -  ResidentSetSize of job (KB)
...
006 (34672838.000.000) 2021-09-25 00:02:57 Image size of job updated: 863
	863  -  MemoryUsage of job (MB)
	884652  -  ResidentSetSize of job (KB)
...
006 (34672838.000.000) 2021-09-25 00:03:57 Image size of job updated: 898
	898  -  MemoryUsage of job (MB)
	919976  -  ResidentSetSize of job (KB)
...
006 (34672838.000.000) 2021-09-25 00:04:57 Image size of job updated: 921
	921  -  MemoryUsage of job (MB)
	943212  -  ResidentSetSize of job (KB)
...
006 (34672838.000.000) 2021-09-25 00:05:58 Image size of job updated: 944
	944  -  MemoryUsage of job (MB)
	967512  -  ResidentSetSize of job (KB)
...
006 (34672838.000.000) 2021-09-25 00:06:59 Image size of job updated: 971
	971  -  MemoryUsage of job (MB)
	994316  -  ResidentSetSize of job (KB)
...
006 (34672838.000.000) 2021-09-25 00:08:00 Image size of job updated: 995
	995  -  MemoryUsage of job (MB)
	1019888  -  ResidentSetSize of job (KB)
...
006 (34672838.000.000) 2021-09-25 00:09:00 Image size of job updated: 1021
	1021  -  MemoryUsage of job (MB)
	1046368  -  ResidentSetSize of job (KB)
...
006 (34672838.000.000) 2021-09-25 00:10:01 Image size of job updated: 1048
	1048  -  MemoryUsage of job (MB)
	1073928  -  ResidentSetSize of job (KB)
...
006 (34672838.000.000) 2021-09-25 00:11:02 Image size of job updated: 1079
	1079  -  MemoryUsage of job (MB)
	1105324  -  ResidentSetSize of job (KB)
...
006 (34672838.000.000) 2021-09-25 00:12:02 Image size of job updated: 1100
	1100  -  MemoryUsage of job (MB)
	1127404  -  ResidentSetSize of job (KB)
...
006 (34672838.000.000) 2021-09-25 00:13:03 Image size of job updated: 1121
	1121  -  MemoryUsage of job (MB)
	1148608  -  ResidentSetSize of job (KB)
...
006 (34672838.000.000) 2021-09-25 00:14:04 Image size of job updated: 1141
	1141  -  MemoryUsage of job (MB)
	1169360  -  ResidentSetSize of job (KB)
...
006 (34672838.000.000) 2021-09-25 00:15:04 Image size of job updated: 1162
	1162  -  MemoryUsage of job (MB)
	1190080  -  ResidentSetSize of job (KB)
...
006 (34672838.000.000) 2021-09-25 00:16:05 Image size of job updated: 1181
	1181  -  MemoryUsage of job (MB)
	1209420  -  ResidentSetSize of job (KB)
...
006 (34672838.000.000) 2021-09-25 00:17:06 Image size of job updated: 1200
	1200  -  MemoryUsage of job (MB)
	1229260  -  ResidentSetSize of job (KB)
...
006 (34672838.000.000) 2021-09-25 00:18:06 Image size of job updated: 1219
	1219  -  MemoryUsage of job (MB)
	1248368  -  ResidentSetSize of job (KB)
...
006 (34672838.000.000) 2021-09-25 00:19:07 Image size of job updated: 1237
	1237  -  MemoryUsage of job (MB)
	1267244  -  ResidentSetSize of job (KB)
...
006 (34672838.000.000) 2021-09-25 00:20:08 Image size of job updated: 1255
	1255  -  MemoryUsage of job (MB)
	1285744  -  ResidentSetSize of job (KB)
...
006 (34672838.000.000) 2021-09-25 00:21:08 Image size of job updated: 1273
	1273  -  MemoryUsage of job (MB)
	1304056  -  ResidentSetSize of job (KB)
...
006 (34672838.000.000) 2021-09-25 00:22:09 Image size of job updated: 1291
	1291  -  MemoryUsage of job (MB)
	1322136  -  ResidentSetSize of job (KB)
...
006 (34672838.000.000) 2021-09-25 00:23:09 Image size of job updated: 1308
	1308  -  MemoryUsage of job (MB)
	1339500  -  ResidentSetSize of job (KB)
...
006 (34672838.000.000) 2021-09-25 00:24:10 Image size of job updated: 1325
	1325  -  MemoryUsage of job (MB)
	1356892  -  ResidentSetSize of job (KB)
...
006 (34672838.000.000) 2021-09-25 00:25:11 Image size of job updated: 1341
	1341  -  MemoryUsage of job (MB)
	1373788  -  ResidentSetSize of job (KB)
...
006 (34672838.000.000) 2021-09-25 00:26:11 Image size of job updated: 1358
	1358  -  MemoryUsage of job (MB)
	1390756  -  ResidentSetSize of job (KB)
...
006 (34672838.000.000) 2021-09-25 00:27:12 Image size of job updated: 1374
	1374  -  MemoryUsage of job (MB)
	1407384  -  ResidentSetSize of job (KB)
...
006 (34672838.000.000) 2021-09-25 00:28:13 Image size of job updated: 1389
	1389  -  MemoryUsage of job (MB)
	1423232  -  ResidentSetSize of job (KB)
...
006 (34672838.000.000) 2021-09-25 00:29:13 Image size of job updated: 1405
	1405  -  MemoryUsage of job (MB)
	1439280  -  ResidentSetSize of job (KB)
...
006 (34672838.000.000) 2021-09-25 00:30:14 Image size of job updated: 1421
	1421  -  MemoryUsage of job (MB)
	1455396  -  ResidentSetSize of job (KB)
...
006 (34672838.000.000) 2021-09-25 00:31:15 Image size of job updated: 1436
	1436  -  MemoryUsage of job (MB)
	1471084  -  ResidentSetSize of job (KB)
...
006 (34672838.000.000) 2021-09-25 00:32:15 Image size of job updated: 1451
	1451  -  MemoryUsage of job (MB)
	1486720  -  ResidentSetSize of job (KB)
...
006 (34672838.000.000) 2021-09-25 00:33:15 Image size of job updated: 1465
	1465  -  MemoryUsage of job (MB)
	1500668  -  ResidentSetSize of job (KB)
...
006 (34672838.000.000) 2021-09-25 00:34:15 Image size of job updated: 1480
	1480  -  MemoryUsage of job (MB)
	1516124  -  ResidentSetSize of job (KB)
...
006 (34672838.000.000) 2021-09-25 00:35:16 Image size of job updated: 1495
	1495  -  MemoryUsage of job (MB)
	1531408  -  ResidentSetSize of job (KB)
...
006 (34672838.000.000) 2021-09-25 00:36:16 Image size of job updated: 1510
	1510  -  MemoryUsage of job (MB)
	1546372  -  ResidentSetSize of job (KB)
...
006 (34672838.000.000) 2021-09-25 00:37:16 Image size of job updated: 1523
	1523  -  MemoryUsage of job (MB)
	1560464  -  ResidentSetSize of job (KB)
...
006 (34672838.000.000) 2021-09-25 00:38:17 Image size of job updated: 1542
	1542  -  MemoryUsage of job (MB)
	1579184  -  ResidentSetSize of job (KB)
...
006 (34672838.000.000) 2021-09-25 00:39:17 Image size of job updated: 1635
	1635  -  MemoryUsage of job (MB)
	1674812  -  ResidentSetSize of job (KB)
...
006 (34672838.000.000) 2021-09-25 00:40:17 Image size of job updated: 1663
	1663  -  MemoryUsage of job (MB)
	1703156  -  ResidentSetSize of job (KB)
...
006 (34672838.000.000) 2021-09-25 00:41:18 Image size of job updated: 1696
	1696  -  MemoryUsage of job (MB)
	1736712  -  ResidentSetSize of job (KB)
...
006 (34672838.000.000) 2021-09-25 00:42:18 Image size of job updated: 1713
	1713  -  MemoryUsage of job (MB)
	1754416  -  ResidentSetSize of job (KB)
...
006 (34672838.000.000) 2021-09-25 00:43:18 Image size of job updated: 1719
	1719  -  MemoryUsage of job (MB)
	1760832  -  ResidentSetSize of job (KB)
...
006 (34672838.000.000) 2021-09-25 00:44:19 Image size of job updated: 1729
	1729  -  MemoryUsage of job (MB)
	1771160  -  ResidentSetSize of job (KB)
...
006 (34672838.000.000) 2021-09-25 00:45:19 Image size of job updated: 1735
	1735  -  MemoryUsage of job (MB)
	1776940  -  ResidentSetSize of job (KB)
...
006 (34672838.000.000) 2021-09-25 00:46:19 Image size of job updated: 1741
	1741  -  MemoryUsage of job (MB)
	1783676  -  ResidentSetSize of job (KB)
...
006 (34672838.000.000) 2021-09-25 00:47:19 Image size of job updated: 1747
	1747  -  MemoryUsage of job (MB)
	1789300  -  ResidentSetSize of job (KB)
...
006 (34672838.000.000) 2021-09-25 00:48:20 Image size of job updated: 1750
	1750  -  MemoryUsage of job (MB)
	1792752  -  ResidentSetSize of job (KB)
...
006 (34672838.000.000) 2021-09-25 00:49:21 Image size of job updated: 1754
	1754  -  MemoryUsage of job (MB)
	1796284  -  ResidentSetSize of job (KB)
...
006 (34672838.000.000) 2021-09-25 00:50:21 Image size of job updated: 1757
	1757  -  MemoryUsage of job (MB)
	1799316  -  ResidentSetSize of job (KB)
...
006 (34672838.000.000) 2021-09-25 00:51:22 Image size of job updated: 1760
	1760  -  MemoryUsage of job (MB)
	1802268  -  ResidentSetSize of job (KB)
...
006 (34672838.000.000) 2021-09-25 00:52:22 Image size of job updated: 1763
	1763  -  MemoryUsage of job (MB)
	1805640  -  ResidentSetSize of job (KB)
...
006 (34672838.000.000) 2021-09-25 00:53:22 Image size of job updated: 1763
	1763  -  MemoryUsage of job (MB)
	1806000  -  ResidentSetSize of job (KB)
...
006 (34672838.000.000) 2021-09-25 00:54:19 Image size of job updated: 1767
	1767  -  MemoryUsage of job (MB)
	1809860  -  ResidentSetSize of job (KB)
...
040 (34672838.000.000) 2021-09-25 00:54:19 Started transferring output files
...
040 (34672838.000.000) 2021-09-25 00:54:19 Finished transferring output files
...
005 (34672838.000.000) 2021-09-25 00:54:21 Job terminated.
	(1) Normal termination (return value 0)
		Usr 0 00:00:00, Sys 0 00:00:00  -  Run Remote Usage
		Usr 0 00:00:00, Sys 0 00:00:00  -  Run Local Usage
		Usr 0 00:56:02, Sys 0 00:05:57  -  Total Remote Usage
		Usr 0 00:00:00, Sys 0 00:00:00  -  Total Local Usage
	1232832  -  Run Bytes Sent By Job
	8471570  -  Run Bytes Received By Job
	1232832  -  Total Bytes Sent By Job
	8471570  -  Total Bytes Received By Job
	Partitionable Resources :    Usage  Request Allocated 
	   Cpus                 :     0.00        1         1 
	   Disk (KB)            : 21463       10000    323209 
	   Memory (MB)          :  1767        2048      2048 

	Job terminated of its own accord at 2021-09-25T05:54:19Z.
...
