000 (14630224.000.000) 2021-09-16 05:50:02 Job submitted from host: <131.225.188.55:9618?addrs=131.225.188.55-9618&alias=lpcschedd1.fnal.gov&noUDP&sock=schedd_2070_6d22>
...
040 (14630224.000.000) 2021-09-16 13:46:41 Started transferring input files
	Transferring to host: <131.225.191.165:9618?addrs=131.225.191.165-9618&alias=cmswn1997.fnal.gov&noUDP&sock=slot1_4_1553_fa98_377>
...
040 (14630224.000.000) 2021-09-16 13:46:41 Finished transferring input files
...
001 (14630224.000.000) 2021-09-16 13:46:42 Job executing on host: <131.225.191.165:9618?addrs=131.225.191.165-9618&alias=cmswn1997.fnal.gov&noUDP&sock=startd_1440_4c77>
...
006 (14630224.000.000) 2021-09-16 13:46:52 Image size of job updated: 5
	5  -  MemoryUsage of job (MB)
	6020  -  ResidentSetSize of job (KB)
...
006 (14630224.000.000) 2021-09-16 13:47:52 Image size of job updated: 539
	539  -  MemoryUsage of job (MB)
	552024  -  ResidentSetSize of job (KB)
...
006 (14630224.000.000) 2021-09-16 13:52:55 Image size of job updated: 568
	568  -  MemoryUsage of job (MB)
	582320  -  ResidentSetSize of job (KB)
...
006 (14630224.000.000) 2021-09-16 13:53:55 Image size of job updated: 617
	617  -  MemoryUsage of job (MB)
	631828  -  ResidentSetSize of job (KB)
...
006 (14630224.000.000) 2021-09-16 13:54:56 Image size of job updated: 657
	657  -  MemoryUsage of job (MB)
	673012  -  ResidentSetSize of job (KB)
...
006 (14630224.000.000) 2021-09-16 13:55:57 Image size of job updated: 691
	691  -  MemoryUsage of job (MB)
	707944  -  ResidentSetSize of job (KB)
...
006 (14630224.000.000) 2021-09-16 13:56:58 Image size of job updated: 726
	726  -  MemoryUsage of job (MB)
	744288  -  ResidentSetSize of job (KB)
...
006 (14630224.000.000) 2021-09-16 13:57:59 Image size of job updated: 760
	760  -  MemoryUsage of job (MB)
	778376  -  ResidentSetSize of job (KB)
...
006 (14630224.000.000) 2021-09-16 13:58:59 Image size of job updated: 788
	788  -  MemoryUsage of job (MB)
	807612  -  ResidentSetSize of job (KB)
...
006 (14630224.000.000) 2021-09-16 14:00:00 Image size of job updated: 819
	819  -  MemoryUsage of job (MB)
	839464  -  ResidentSetSize of job (KB)
...
006 (14630224.000.000) 2021-09-16 14:01:00 Image size of job updated: 850
	850  -  MemoryUsage of job (MB)
	871056  -  ResidentSetSize of job (KB)
...
006 (14630224.000.000) 2021-09-16 14:02:00 Image size of job updated: 875
	875  -  MemoryUsage of job (MB)
	896644  -  ResidentSetSize of job (KB)
...
006 (14630224.000.000) 2021-09-16 14:03:01 Image size of job updated: 914
	914  -  MemoryUsage of job (MB)
	936400  -  ResidentSetSize of job (KB)
...
006 (14630224.000.000) 2021-09-16 14:04:01 Image size of job updated: 942
	942  -  MemoryUsage of job (MB)
	964936  -  ResidentSetSize of job (KB)
...
006 (14630224.000.000) 2021-09-16 14:05:02 Image size of job updated: 965
	965  -  MemoryUsage of job (MB)
	988912  -  ResidentSetSize of job (KB)
...
006 (14630224.000.000) 2021-09-16 14:06:02 Image size of job updated: 990
	990  -  MemoryUsage of job (MB)
	1014308  -  ResidentSetSize of job (KB)
...
006 (14630224.000.000) 2021-09-16 14:07:03 Image size of job updated: 1016
	1016  -  MemoryUsage of job (MB)
	1040888  -  ResidentSetSize of job (KB)
...
006 (14630224.000.000) 2021-09-16 14:08:04 Image size of job updated: 1041
	1041  -  MemoryUsage of job (MB)
	1066972  -  ResidentSetSize of job (KB)
...
006 (14630224.000.000) 2021-09-16 14:09:05 Image size of job updated: 1074
	1074  -  MemoryUsage of job (MB)
	1100364  -  ResidentSetSize of job (KB)
...
006 (14630224.000.000) 2021-09-16 14:10:06 Image size of job updated: 1096
	1096  -  MemoryUsage of job (MB)
	1123212  -  ResidentSetSize of job (KB)
...
006 (14630224.000.000) 2021-09-16 14:11:06 Image size of job updated: 1116
	1116  -  MemoryUsage of job (MB)
	1143392  -  ResidentSetSize of job (KB)
...
006 (14630224.000.000) 2021-09-16 14:12:07 Image size of job updated: 1138
	1138  -  MemoryUsage of job (MB)
	1165592  -  ResidentSetSize of job (KB)
...
006 (14630224.000.000) 2021-09-16 14:13:08 Image size of job updated: 1159
	1159  -  MemoryUsage of job (MB)
	1187800  -  ResidentSetSize of job (KB)
...
006 (14630224.000.000) 2021-09-16 14:14:08 Image size of job updated: 1178
	1178  -  MemoryUsage of job (MB)
	1207092  -  ResidentSetSize of job (KB)
...
006 (14630224.000.000) 2021-09-16 14:15:09 Image size of job updated: 1198
	1198  -  MemoryUsage of job (MB)
	1227728  -  ResidentSetSize of job (KB)
...
006 (14630224.000.000) 2021-09-16 14:16:09 Image size of job updated: 1218
	1218  -  MemoryUsage of job (MB)
	1247884  -  ResidentSetSize of job (KB)
...
006 (14630224.000.000) 2021-09-16 14:17:10 Image size of job updated: 1236
	1236  -  MemoryUsage of job (MB)
	1265680  -  ResidentSetSize of job (KB)
...
006 (14630224.000.000) 2021-09-16 14:18:10 Image size of job updated: 1254
	1254  -  MemoryUsage of job (MB)
	1284944  -  ResidentSetSize of job (KB)
...
006 (14630224.000.000) 2021-09-16 14:19:10 Image size of job updated: 1271
	1271  -  MemoryUsage of job (MB)
	1301856  -  ResidentSetSize of job (KB)
...
006 (14630224.000.000) 2021-09-16 14:20:11 Image size of job updated: 1289
	1289  -  MemoryUsage of job (MB)
	1320568  -  ResidentSetSize of job (KB)
...
006 (14630224.000.000) 2021-09-16 14:21:11 Image size of job updated: 1307
	1307  -  MemoryUsage of job (MB)
	1338968  -  ResidentSetSize of job (KB)
...
006 (14630224.000.000) 2021-09-16 14:22:12 Image size of job updated: 1323
	1323  -  MemoryUsage of job (MB)
	1355228  -  ResidentSetSize of job (KB)
...
006 (14630224.000.000) 2021-09-16 14:23:12 Image size of job updated: 1340
	1340  -  MemoryUsage of job (MB)
	1372840  -  ResidentSetSize of job (KB)
...
006 (14630224.000.000) 2021-09-16 14:24:12 Image size of job updated: 1357
	1357  -  MemoryUsage of job (MB)
	1390524  -  ResidentSetSize of job (KB)
...
006 (14630224.000.000) 2021-09-16 14:25:13 Image size of job updated: 1373
	1373  -  MemoryUsage of job (MB)
	1406296  -  ResidentSetSize of job (KB)
...
006 (14630224.000.000) 2021-09-16 14:26:13 Image size of job updated: 1390
	1390  -  MemoryUsage of job (MB)
	1423652  -  ResidentSetSize of job (KB)
...
006 (14630224.000.000) 2021-09-16 14:27:14 Image size of job updated: 1406
	1406  -  MemoryUsage of job (MB)
	1440704  -  ResidentSetSize of job (KB)
...
006 (14630224.000.000) 2021-09-16 14:28:16 Image size of job updated: 1423
	1423  -  MemoryUsage of job (MB)
	1457516  -  ResidentSetSize of job (KB)
...
006 (14630224.000.000) 2021-09-16 14:29:16 Image size of job updated: 1437
	1437  -  MemoryUsage of job (MB)
	1472448  -  ResidentSetSize of job (KB)
...
006 (14630224.000.000) 2021-09-16 14:30:17 Image size of job updated: 1453
	1453  -  MemoryUsage of job (MB)
	1488804  -  ResidentSetSize of job (KB)
...
006 (14630224.000.000) 2021-09-16 14:31:18 Image size of job updated: 1469
	1469  -  MemoryUsage of job (MB)
	1505036  -  ResidentSetSize of job (KB)
...
006 (14630224.000.000) 2021-09-16 14:32:18 Image size of job updated: 1483
	1483  -  MemoryUsage of job (MB)
	1519428  -  ResidentSetSize of job (KB)
...
006 (14630224.000.000) 2021-09-16 14:33:18 Image size of job updated: 1499
	1499  -  MemoryUsage of job (MB)
	1535232  -  ResidentSetSize of job (KB)
...
006 (14630224.000.000) 2021-09-16 14:34:18 Image size of job updated: 1513
	1513  -  MemoryUsage of job (MB)
	1549412  -  ResidentSetSize of job (KB)
...
006 (14630224.000.000) 2021-09-16 14:35:19 Image size of job updated: 1528
	1528  -  MemoryUsage of job (MB)
	1564752  -  ResidentSetSize of job (KB)
...
006 (14630224.000.000) 2021-09-16 14:36:19 Image size of job updated: 1546
	1546  -  MemoryUsage of job (MB)
	1584112  -  ResidentSetSize of job (KB)
...
006 (14630224.000.000) 2021-09-16 14:37:20 Image size of job updated: 1656
	1656  -  MemoryUsage of job (MB)
	1696576  -  ResidentSetSize of job (KB)
...
006 (14630224.000.000) 2021-09-16 14:38:20 Image size of job updated: 1673
	1673  -  MemoryUsage of job (MB)
	1713192  -  ResidentSetSize of job (KB)
...
006 (14630224.000.000) 2021-09-16 14:39:21 Image size of job updated: 1679
	1679  -  MemoryUsage of job (MB)
	1720236  -  ResidentSetSize of job (KB)
...
006 (14630224.000.000) 2021-09-16 14:40:22 Image size of job updated: 1689
	1689  -  MemoryUsage of job (MB)
	1730336  -  ResidentSetSize of job (KB)
...
006 (14630224.000.000) 2021-09-16 14:41:22 Image size of job updated: 1695
	1695  -  MemoryUsage of job (MB)
	1736496  -  ResidentSetSize of job (KB)
...
006 (14630224.000.000) 2021-09-16 14:42:23 Image size of job updated: 1698
	1698  -  MemoryUsage of job (MB)
	1739300  -  ResidentSetSize of job (KB)
...
006 (14630224.000.000) 2021-09-16 14:43:25 Image size of job updated: 1705
	1705  -  MemoryUsage of job (MB)
	1746168  -  ResidentSetSize of job (KB)
...
006 (14630224.000.000) 2021-09-16 14:44:25 Image size of job updated: 1710
	1710  -  MemoryUsage of job (MB)
	1751904  -  ResidentSetSize of job (KB)
...
006 (14630224.000.000) 2021-09-16 14:45:26 Image size of job updated: 1715
	1715  -  MemoryUsage of job (MB)
	1756964  -  ResidentSetSize of job (KB)
...
006 (14630224.000.000) 2021-09-16 14:46:27 Image size of job updated: 1719
	1719  -  MemoryUsage of job (MB)
	1760864  -  ResidentSetSize of job (KB)
...
006 (14630224.000.000) 2021-09-16 14:47:27 Image size of job updated: 1722
	1722  -  MemoryUsage of job (MB)
	1763396  -  ResidentSetSize of job (KB)
...
006 (14630224.000.000) 2021-09-16 14:48:27 Image size of job updated: 1724
	1724  -  MemoryUsage of job (MB)
	1766024  -  ResidentSetSize of job (KB)
...
006 (14630224.000.000) 2021-09-16 14:49:27 Image size of job updated: 1726
	1726  -  MemoryUsage of job (MB)
	1767868  -  ResidentSetSize of job (KB)
...
006 (14630224.000.000) 2021-09-16 14:50:28 Image size of job updated: 1728
	1728  -  MemoryUsage of job (MB)
	1769472  -  ResidentSetSize of job (KB)
...
006 (14630224.000.000) 2021-09-16 14:51:29 Image size of job updated: 1729
	1729  -  MemoryUsage of job (MB)
	1770860  -  ResidentSetSize of job (KB)
...
006 (14630224.000.000) 2021-09-16 14:52:29 Image size of job updated: 1731
	1731  -  MemoryUsage of job (MB)
	1772620  -  ResidentSetSize of job (KB)
...
006 (14630224.000.000) 2021-09-16 14:53:30 Image size of job updated: 1733
	1733  -  MemoryUsage of job (MB)
	1774820  -  ResidentSetSize of job (KB)
...
006 (14630224.000.000) 2021-09-16 14:54:30 Image size of job updated: 1734
	1734  -  MemoryUsage of job (MB)
	1776608  -  ResidentSetSize of job (KB)
...
006 (14630224.000.000) 2021-09-16 14:55:31 Image size of job updated: 1736
	1736  -  MemoryUsage of job (MB)
	1778304  -  ResidentSetSize of job (KB)
...
006 (14630224.000.000) 2021-09-16 14:56:31 Image size of job updated: 1737
	1737  -  MemoryUsage of job (MB)
	1779656  -  ResidentSetSize of job (KB)
...
006 (14630224.000.000) 2021-09-16 14:57:32 Image size of job updated: 1739
	1739  -  MemoryUsage of job (MB)
	1781508  -  ResidentSetSize of job (KB)
...
006 (14630224.000.000) 2021-09-16 14:58:33 Image size of job updated: 1741
	1741  -  MemoryUsage of job (MB)
	1783604  -  ResidentSetSize of job (KB)
...
006 (14630224.000.000) 2021-09-16 14:59:33 Image size of job updated: 1742
	1742  -  MemoryUsage of job (MB)
	1784824  -  ResidentSetSize of job (KB)
...
006 (14630224.000.000) 2021-09-16 15:00:34 Image size of job updated: 1746
	1746  -  MemoryUsage of job (MB)
	1788092  -  ResidentSetSize of job (KB)
...
006 (14630224.000.000) 2021-09-16 15:01:35 Image size of job updated: 1748
	1748  -  MemoryUsage of job (MB)
	1790540  -  ResidentSetSize of job (KB)
...
006 (14630224.000.000) 2021-09-16 15:02:35 Image size of job updated: 1750
	1750  -  MemoryUsage of job (MB)
	1792156  -  ResidentSetSize of job (KB)
...
006 (14630224.000.000) 2021-09-16 15:03:35 Image size of job updated: 1751
	1751  -  MemoryUsage of job (MB)
	1793552  -  ResidentSetSize of job (KB)
...
006 (14630224.000.000) 2021-09-16 15:04:35 Image size of job updated: 1752
	1752  -  MemoryUsage of job (MB)
	1794888  -  ResidentSetSize of job (KB)
...
006 (14630224.000.000) 2021-09-16 15:05:36 Image size of job updated: 1754
	1754  -  MemoryUsage of job (MB)
	1796572  -  ResidentSetSize of job (KB)
...
006 (14630224.000.000) 2021-09-16 15:06:36 Image size of job updated: 1755
	1755  -  MemoryUsage of job (MB)
	1797868  -  ResidentSetSize of job (KB)
...
006 (14630224.000.000) 2021-09-16 15:07:36 Image size of job updated: 1757
	1757  -  MemoryUsage of job (MB)
	1799404  -  ResidentSetSize of job (KB)
...
006 (14630224.000.000) 2021-09-16 15:08:36 Image size of job updated: 1758
	1758  -  MemoryUsage of job (MB)
	1800732  -  ResidentSetSize of job (KB)
...
006 (14630224.000.000) 2021-09-16 15:09:36 Image size of job updated: 1759
	1759  -  MemoryUsage of job (MB)
	1801952  -  ResidentSetSize of job (KB)
...
006 (14630224.000.000) 2021-09-16 15:10:10 Image size of job updated: 1759
	1759  -  MemoryUsage of job (MB)
	1802200  -  ResidentSetSize of job (KB)
...
040 (14630224.000.000) 2021-09-16 15:10:10 Started transferring output files
...
040 (14630224.000.000) 2021-09-16 15:10:11 Finished transferring output files
...
005 (14630224.000.000) 2021-09-16 15:10:12 Job terminated.
	(1) Normal termination (return value 0)
		Usr 0 00:00:00, Sys 0 00:00:00  -  Run Remote Usage
		Usr 0 00:00:00, Sys 0 00:00:00  -  Run Local Usage
		Usr 0 00:55:42, Sys 0 00:22:11  -  Total Remote Usage
		Usr 0 00:00:00, Sys 0 00:00:00  -  Total Local Usage
	1233174  -  Run Bytes Sent By Job
	8471534  -  Run Bytes Received By Job
	1233174  -  Total Bytes Sent By Job
	8471534  -  Total Bytes Received By Job
	Partitionable Resources :    Usage  Request Allocated 
	   Cpus                 :     0.00        1         1 
	   Disk (KB)            : 23045       10000    779291 
	   Memory (MB)          :  1759        2048      2048 

	Job terminated of its own accord at 2021-09-16T20:10:10Z.
...
000 (73445883.000.000) 2021-09-24 22:35:42 Job submitted from host: <131.225.188.235:9618?addrs=131.225.188.235-9618&alias=lpcschedd3.fnal.gov&noUDP&sock=schedd_2706_ab5d>
...
040 (73445883.000.000) 2021-09-25 08:43:38 Started transferring input files
	Transferring to host: <131.225.204.101:9618?addrs=131.225.204.101-9618&alias=cmswn1705.fnal.gov&noUDP&sock=slot1_5_1226_93eb_6620>
...
040 (73445883.000.000) 2021-09-25 08:43:38 Finished transferring input files
...
001 (73445883.000.000) 2021-09-25 08:43:39 Job executing on host: <131.225.204.101:9618?addrs=131.225.204.101-9618&alias=cmswn1705.fnal.gov&noUDP&sock=startd_1141_35a6>
...
006 (73445883.000.000) 2021-09-25 08:43:47 Image size of job updated: 35
	35  -  MemoryUsage of job (MB)
	35900  -  ResidentSetSize of job (KB)
...
006 (73445883.000.000) 2021-09-25 08:44:47 Image size of job updated: 558
	558  -  MemoryUsage of job (MB)
	571660  -  ResidentSetSize of job (KB)
...
006 (73445883.000.000) 2021-09-25 08:48:49 Image size of job updated: 565
	565  -  MemoryUsage of job (MB)
	579016  -  ResidentSetSize of job (KB)
...
006 (73445883.000.000) 2021-09-25 08:49:49 Image size of job updated: 613
	613  -  MemoryUsage of job (MB)
	627904  -  ResidentSetSize of job (KB)
...
006 (73445883.000.000) 2021-09-25 08:50:50 Image size of job updated: 655
	655  -  MemoryUsage of job (MB)
	670920  -  ResidentSetSize of job (KB)
...
006 (73445883.000.000) 2021-09-25 08:51:50 Image size of job updated: 689
	689  -  MemoryUsage of job (MB)
	705952  -  ResidentSetSize of job (KB)
...
006 (73445883.000.000) 2021-09-25 08:52:50 Image size of job updated: 724
	724  -  MemoryUsage of job (MB)
	742088  -  ResidentSetSize of job (KB)
...
006 (73445883.000.000) 2021-09-25 08:53:51 Image size of job updated: 757
	757  -  MemoryUsage of job (MB)
	776000  -  ResidentSetSize of job (KB)
...
006 (73445883.000.000) 2021-09-25 08:54:51 Image size of job updated: 789
	789  -  MemoryUsage of job (MB)
	808384  -  ResidentSetSize of job (KB)
...
006 (73445883.000.000) 2021-09-25 08:55:51 Image size of job updated: 820
	820  -  MemoryUsage of job (MB)
	840288  -  ResidentSetSize of job (KB)
...
006 (73445883.000.000) 2021-09-25 08:56:52 Image size of job updated: 851
	851  -  MemoryUsage of job (MB)
	871844  -  ResidentSetSize of job (KB)
...
006 (73445883.000.000) 2021-09-25 08:57:53 Image size of job updated: 879
	879  -  MemoryUsage of job (MB)
	900420  -  ResidentSetSize of job (KB)
...
006 (73445883.000.000) 2021-09-25 08:58:53 Image size of job updated: 917
	917  -  MemoryUsage of job (MB)
	939964  -  ResidentSetSize of job (KB)
...
006 (73445883.000.000) 2021-09-25 08:59:54 Image size of job updated: 945
	945  -  MemoryUsage of job (MB)
	968432  -  ResidentSetSize of job (KB)
...
006 (73445883.000.000) 2021-09-25 09:00:55 Image size of job updated: 971
	971  -  MemoryUsage of job (MB)
	995012  -  ResidentSetSize of job (KB)
...
006 (73445883.000.000) 2021-09-25 09:01:56 Image size of job updated: 995
	995  -  MemoryUsage of job (MB)
	1019780  -  ResidentSetSize of job (KB)
...
006 (73445883.000.000) 2021-09-25 09:02:56 Image size of job updated: 1021
	1021  -  MemoryUsage of job (MB)
	1046456  -  ResidentSetSize of job (KB)
...
006 (73445883.000.000) 2021-09-25 09:03:57 Image size of job updated: 1050
	1050  -  MemoryUsage of job (MB)
	1075664  -  ResidentSetSize of job (KB)
...
006 (73445883.000.000) 2021-09-25 09:04:58 Image size of job updated: 1080
	1080  -  MemoryUsage of job (MB)
	1106772  -  ResidentSetSize of job (KB)
...
006 (73445883.000.000) 2021-09-25 09:05:58 Image size of job updated: 1103
	1103  -  MemoryUsage of job (MB)
	1129532  -  ResidentSetSize of job (KB)
...
006 (73445883.000.000) 2021-09-25 09:06:59 Image size of job updated: 1124
	1124  -  MemoryUsage of job (MB)
	1151808  -  ResidentSetSize of job (KB)
...
006 (73445883.000.000) 2021-09-25 09:08:00 Image size of job updated: 1146
	1146  -  MemoryUsage of job (MB)
	1173776  -  ResidentSetSize of job (KB)
...
006 (73445883.000.000) 2021-09-25 09:09:00 Image size of job updated: 1167
	1167  -  MemoryUsage of job (MB)
	1195812  -  ResidentSetSize of job (KB)
...
006 (73445883.000.000) 2021-09-25 09:10:01 Image size of job updated: 1188
	1188  -  MemoryUsage of job (MB)
	1216556  -  ResidentSetSize of job (KB)
...
006 (73445883.000.000) 2021-09-25 09:11:02 Image size of job updated: 1208
	1208  -  MemoryUsage of job (MB)
	1237056  -  ResidentSetSize of job (KB)
...
006 (73445883.000.000) 2021-09-25 09:12:02 Image size of job updated: 1227
	1227  -  MemoryUsage of job (MB)
	1257092  -  ResidentSetSize of job (KB)
...
006 (73445883.000.000) 2021-09-25 09:13:03 Image size of job updated: 1246
	1246  -  MemoryUsage of job (MB)
	1276612  -  ResidentSetSize of job (KB)
...
006 (73445883.000.000) 2021-09-25 09:14:04 Image size of job updated: 1265
	1265  -  MemoryUsage of job (MB)
	1296072  -  ResidentSetSize of job (KB)
...
006 (73445883.000.000) 2021-09-25 09:15:04 Image size of job updated: 1284
	1284  -  MemoryUsage of job (MB)
	1315088  -  ResidentSetSize of job (KB)
...
006 (73445883.000.000) 2021-09-25 09:16:05 Image size of job updated: 1302
	1302  -  MemoryUsage of job (MB)
	1333804  -  ResidentSetSize of job (KB)
...
006 (73445883.000.000) 2021-09-25 09:17:06 Image size of job updated: 1320
	1320  -  MemoryUsage of job (MB)
	1352148  -  ResidentSetSize of job (KB)
...
006 (73445883.000.000) 2021-09-25 09:18:07 Image size of job updated: 1338
	1338  -  MemoryUsage of job (MB)
	1370312  -  ResidentSetSize of job (KB)
...
006 (73445883.000.000) 2021-09-25 09:19:07 Image size of job updated: 1355
	1355  -  MemoryUsage of job (MB)
	1388116  -  ResidentSetSize of job (KB)
...
006 (73445883.000.000) 2021-09-25 09:20:08 Image size of job updated: 1372
	1372  -  MemoryUsage of job (MB)
	1405680  -  ResidentSetSize of job (KB)
...
006 (73445883.000.000) 2021-09-25 09:21:08 Image size of job updated: 1389
	1389  -  MemoryUsage of job (MB)
	1423260  -  ResidentSetSize of job (KB)
...
006 (73445883.000.000) 2021-09-25 09:22:08 Image size of job updated: 1406
	1406  -  MemoryUsage of job (MB)
	1440384  -  ResidentSetSize of job (KB)
...
006 (73445883.000.000) 2021-09-25 09:23:09 Image size of job updated: 1423
	1423  -  MemoryUsage of job (MB)
	1457364  -  ResidentSetSize of job (KB)
...
006 (73445883.000.000) 2021-09-25 09:24:09 Image size of job updated: 1439
	1439  -  MemoryUsage of job (MB)
	1474012  -  ResidentSetSize of job (KB)
...
006 (73445883.000.000) 2021-09-25 09:25:09 Image size of job updated: 1455
	1455  -  MemoryUsage of job (MB)
	1490572  -  ResidentSetSize of job (KB)
...
006 (73445883.000.000) 2021-09-25 09:26:10 Image size of job updated: 1471
	1471  -  MemoryUsage of job (MB)
	1506800  -  ResidentSetSize of job (KB)
...
006 (73445883.000.000) 2021-09-25 09:27:11 Image size of job updated: 1487
	1487  -  MemoryUsage of job (MB)
	1522876  -  ResidentSetSize of job (KB)
...
006 (73445883.000.000) 2021-09-25 09:28:11 Image size of job updated: 1502
	1502  -  MemoryUsage of job (MB)
	1538916  -  ResidentSetSize of job (KB)
...
006 (73445883.000.000) 2021-09-25 09:29:12 Image size of job updated: 1518
	1518  -  MemoryUsage of job (MB)
	1554516  -  ResidentSetSize of job (KB)
...
006 (73445883.000.000) 2021-09-25 09:30:12 Image size of job updated: 1533
	1533  -  MemoryUsage of job (MB)
	1570032  -  ResidentSetSize of job (KB)
...
006 (73445883.000.000) 2021-09-25 09:31:13 Image size of job updated: 1642
	1642  -  MemoryUsage of job (MB)
	1682372  -  ResidentSetSize of job (KB)
...
006 (73445883.000.000) 2021-09-25 09:32:13 Image size of job updated: 1681
	1681  -  MemoryUsage of job (MB)
	1722068  -  ResidentSetSize of job (KB)
...
006 (73445883.000.000) 2021-09-25 09:33:13 Image size of job updated: 1692
	1692  -  MemoryUsage of job (MB)
	1733328  -  ResidentSetSize of job (KB)
...
006 (73445883.000.000) 2021-09-25 09:34:14 Image size of job updated: 1704
	1704  -  MemoryUsage of job (MB)
	1745448  -  ResidentSetSize of job (KB)
...
006 (73445883.000.000) 2021-09-25 09:35:15 Image size of job updated: 1710
	1710  -  MemoryUsage of job (MB)
	1751160  -  ResidentSetSize of job (KB)
...
006 (73445883.000.000) 2021-09-25 09:36:16 Image size of job updated: 1714
	1714  -  MemoryUsage of job (MB)
	1755396  -  ResidentSetSize of job (KB)
...
006 (73445883.000.000) 2021-09-25 09:37:17 Image size of job updated: 1720
	1720  -  MemoryUsage of job (MB)
	1761996  -  ResidentSetSize of job (KB)
...
006 (73445883.000.000) 2021-09-25 09:38:17 Image size of job updated: 1726
	1726  -  MemoryUsage of job (MB)
	1767444  -  ResidentSetSize of job (KB)
...
006 (73445883.000.000) 2021-09-25 09:39:17 Image size of job updated: 1730
	1730  -  MemoryUsage of job (MB)
	1772208  -  ResidentSetSize of job (KB)
...
006 (73445883.000.000) 2021-09-25 09:40:18 Image size of job updated: 1735
	1735  -  MemoryUsage of job (MB)
	1777036  -  ResidentSetSize of job (KB)
...
006 (73445883.000.000) 2021-09-25 09:41:19 Image size of job updated: 1739
	1739  -  MemoryUsage of job (MB)
	1780744  -  ResidentSetSize of job (KB)
...
006 (73445883.000.000) 2021-09-25 09:42:19 Image size of job updated: 1743
	1743  -  MemoryUsage of job (MB)
	1785044  -  ResidentSetSize of job (KB)
...
006 (73445883.000.000) 2021-09-25 09:43:19 Image size of job updated: 1746
	1746  -  MemoryUsage of job (MB)
	1788548  -  ResidentSetSize of job (KB)
...
006 (73445883.000.000) 2021-09-25 09:43:37 Image size of job updated: 1746
	1746  -  MemoryUsage of job (MB)
	1788872  -  ResidentSetSize of job (KB)
...
040 (73445883.000.000) 2021-09-25 09:43:37 Started transferring output files
...
040 (73445883.000.000) 2021-09-25 09:43:37 Finished transferring output files
...
005 (73445883.000.000) 2021-09-25 09:43:40 Job terminated.
	(1) Normal termination (return value 0)
		Usr 0 00:52:11, Sys 0 00:03:37  -  Run Remote Usage
		Usr 0 00:00:00, Sys 0 00:00:00  -  Run Local Usage
		Usr 0 00:52:11, Sys 0 00:03:37  -  Total Remote Usage
		Usr 0 00:00:00, Sys 0 00:00:00  -  Total Local Usage
	1233187  -  Run Bytes Sent By Job
	8471570  -  Run Bytes Received By Job
	1233187  -  Total Bytes Sent By Job
	8471570  -  Total Bytes Received By Job
	Partitionable Resources :    Usage  Request Allocated 
	   Cpus                 :     0.00        1         1 
	   Disk (KB)            : 22515       10000    316757 
	   Memory (MB)          :  1746        2048      2048 

	Job terminated of its own accord at 2021-09-25T14:43:37Z.
...
