000 (34567701.000.000) 2021-09-17 07:08:52 Job submitted from host: <131.225.188.57:9618?addrs=131.225.188.57-9618&alias=lpcschedd2.fnal.gov&noUDP&sock=schedd_2251_93c6>
...
040 (34567701.000.000) 2021-09-17 07:26:24 Started transferring input files
	Transferring to host: <131.225.191.223:9618?addrs=131.225.191.223-9618&alias=cmswn1999.fnal.gov&noUDP&sock=slot1_9_1817_fda3_754>
...
040 (34567701.000.000) 2021-09-17 07:26:24 Finished transferring input files
...
001 (34567701.000.000) 2021-09-17 07:26:25 Job executing on host: <131.225.191.223:9618?addrs=131.225.191.223-9618&alias=cmswn1999.fnal.gov&noUDP&sock=startd_1598_ac6e>
...
006 (34567701.000.000) 2021-09-17 07:26:34 Image size of job updated: 8
	8  -  MemoryUsage of job (MB)
	8456  -  ResidentSetSize of job (KB)
...
006 (34567701.000.000) 2021-09-17 07:27:34 Image size of job updated: 556
	556  -  MemoryUsage of job (MB)
	569872  -  ResidentSetSize of job (KB)
...
006 (34567701.000.000) 2021-09-17 07:32:37 Image size of job updated: 594
	594  -  MemoryUsage of job (MB)
	608308  -  ResidentSetSize of job (KB)
...
006 (34567701.000.000) 2021-09-17 07:33:37 Image size of job updated: 636
	636  -  MemoryUsage of job (MB)
	651268  -  ResidentSetSize of job (KB)
...
006 (34567701.000.000) 2021-09-17 07:34:37 Image size of job updated: 676
	676  -  MemoryUsage of job (MB)
	693136  -  ResidentSetSize of job (KB)
...
006 (34567701.000.000) 2021-09-17 07:35:39 Image size of job updated: 714
	714  -  MemoryUsage of job (MB)
	731608  -  ResidentSetSize of job (KB)
...
006 (34567701.000.000) 2021-09-17 07:36:39 Image size of job updated: 746
	746  -  MemoryUsage of job (MB)
	764076  -  ResidentSetSize of job (KB)
...
006 (34567701.000.000) 2021-09-17 07:37:39 Image size of job updated: 779
	779  -  MemoryUsage of job (MB)
	798244  -  ResidentSetSize of job (KB)
...
006 (34567701.000.000) 2021-09-17 07:38:40 Image size of job updated: 808
	808  -  MemoryUsage of job (MB)
	828260  -  ResidentSetSize of job (KB)
...
006 (34567701.000.000) 2021-09-17 07:39:41 Image size of job updated: 841
	841  -  MemoryUsage of job (MB)
	861368  -  ResidentSetSize of job (KB)
...
006 (34567701.000.000) 2021-09-17 07:40:41 Image size of job updated: 867
	867  -  MemoryUsage of job (MB)
	888236  -  ResidentSetSize of job (KB)
...
006 (34567701.000.000) 2021-09-17 07:41:42 Image size of job updated: 907
	907  -  MemoryUsage of job (MB)
	929044  -  ResidentSetSize of job (KB)
...
006 (34567701.000.000) 2021-09-17 07:42:42 Image size of job updated: 933
	933  -  MemoryUsage of job (MB)
	955896  -  ResidentSetSize of job (KB)
...
006 (34567701.000.000) 2021-09-17 07:43:42 Image size of job updated: 960
	960  -  MemoryUsage of job (MB)
	983588  -  ResidentSetSize of job (KB)
...
006 (34567701.000.000) 2021-09-17 07:44:43 Image size of job updated: 983
	983  -  MemoryUsage of job (MB)
	1007528  -  ResidentSetSize of job (KB)
...
006 (34567701.000.000) 2021-09-17 07:45:44 Image size of job updated: 1009
	1009  -  MemoryUsage of job (MB)
	1033624  -  ResidentSetSize of job (KB)
...
006 (34567701.000.000) 2021-09-17 07:46:44 Image size of job updated: 1036
	1036  -  MemoryUsage of job (MB)
	1061232  -  ResidentSetSize of job (KB)
...
006 (34567701.000.000) 2021-09-17 07:47:44 Image size of job updated: 1069
	1069  -  MemoryUsage of job (MB)
	1095408  -  ResidentSetSize of job (KB)
...
006 (34567701.000.000) 2021-09-17 07:48:46 Image size of job updated: 1092
	1092  -  MemoryUsage of job (MB)
	1118568  -  ResidentSetSize of job (KB)
...
006 (34567701.000.000) 2021-09-17 07:49:46 Image size of job updated: 1113
	1113  -  MemoryUsage of job (MB)
	1139848  -  ResidentSetSize of job (KB)
...
006 (34567701.000.000) 2021-09-17 07:50:46 Image size of job updated: 1133
	1133  -  MemoryUsage of job (MB)
	1160536  -  ResidentSetSize of job (KB)
...
006 (34567701.000.000) 2021-09-17 07:51:46 Image size of job updated: 1155
	1155  -  MemoryUsage of job (MB)
	1183604  -  ResidentSetSize of job (KB)
...
006 (34567701.000.000) 2021-09-17 07:52:46 Image size of job updated: 1174
	1174  -  MemoryUsage of job (MB)
	1203168  -  ResidentSetSize of job (KB)
...
006 (34567701.000.000) 2021-09-17 07:53:46 Image size of job updated: 1195
	1195  -  MemoryUsage of job (MB)
	1224540  -  ResidentSetSize of job (KB)
...
006 (34567701.000.000) 2021-09-17 07:54:47 Image size of job updated: 1214
	1214  -  MemoryUsage of job (MB)
	1243320  -  ResidentSetSize of job (KB)
...
006 (34567701.000.000) 2021-09-17 07:55:48 Image size of job updated: 1234
	1234  -  MemoryUsage of job (MB)
	1263864  -  ResidentSetSize of job (KB)
...
006 (34567701.000.000) 2021-09-17 07:56:48 Image size of job updated: 1251
	1251  -  MemoryUsage of job (MB)
	1282040  -  ResidentSetSize of job (KB)
...
006 (34567701.000.000) 2021-09-17 07:57:48 Image size of job updated: 1271
	1271  -  MemoryUsage of job (MB)
	1302076  -  ResidentSetSize of job (KB)
...
006 (34567701.000.000) 2021-09-17 07:58:50 Image size of job updated: 1290
	1290  -  MemoryUsage of job (MB)
	1321564  -  ResidentSetSize of job (KB)
...
006 (34567701.000.000) 2021-09-17 07:59:50 Image size of job updated: 1307
	1307  -  MemoryUsage of job (MB)
	1338668  -  ResidentSetSize of job (KB)
...
006 (34567701.000.000) 2021-09-17 08:00:50 Image size of job updated: 1325
	1325  -  MemoryUsage of job (MB)
	1357496  -  ResidentSetSize of job (KB)
...
006 (34567701.000.000) 2021-09-17 08:01:51 Image size of job updated: 1341
	1341  -  MemoryUsage of job (MB)
	1374108  -  ResidentSetSize of job (KB)
...
006 (34567701.000.000) 2021-09-17 08:02:52 Image size of job updated: 1359
	1359  -  MemoryUsage of job (MB)
	1392264  -  ResidentSetSize of job (KB)
...
006 (34567701.000.000) 2021-09-17 08:03:52 Image size of job updated: 1375
	1375  -  MemoryUsage of job (MB)
	1408452  -  ResidentSetSize of job (KB)
...
006 (34567701.000.000) 2021-09-17 08:04:52 Image size of job updated: 1392
	1392  -  MemoryUsage of job (MB)
	1426072  -  ResidentSetSize of job (KB)
...
006 (34567701.000.000) 2021-09-17 08:05:53 Image size of job updated: 1408
	1408  -  MemoryUsage of job (MB)
	1441808  -  ResidentSetSize of job (KB)
...
006 (34567701.000.000) 2021-09-17 08:06:54 Image size of job updated: 1424
	1424  -  MemoryUsage of job (MB)
	1459032  -  ResidentSetSize of job (KB)
...
006 (34567701.000.000) 2021-09-17 08:07:54 Image size of job updated: 1439
	1439  -  MemoryUsage of job (MB)
	1474312  -  ResidentSetSize of job (KB)
...
006 (34567701.000.000) 2021-09-17 08:08:54 Image size of job updated: 1456
	1456  -  MemoryUsage of job (MB)
	1491080  -  ResidentSetSize of job (KB)
...
006 (34567701.000.000) 2021-09-17 08:09:56 Image size of job updated: 1472
	1472  -  MemoryUsage of job (MB)
	1507636  -  ResidentSetSize of job (KB)
...
006 (34567701.000.000) 2021-09-17 08:10:56 Image size of job updated: 1486
	1486  -  MemoryUsage of job (MB)
	1522440  -  ResidentSetSize of job (KB)
...
006 (34567701.000.000) 2021-09-17 08:11:56 Image size of job updated: 1502
	1502  -  MemoryUsage of job (MB)
	1538692  -  ResidentSetSize of job (KB)
...
006 (34567701.000.000) 2021-09-17 08:12:57 Image size of job updated: 1516
	1516  -  MemoryUsage of job (MB)
	1553080  -  ResidentSetSize of job (KB)
...
006 (34567701.000.000) 2021-09-17 08:13:58 Image size of job updated: 1532
	1532  -  MemoryUsage of job (MB)
	1568916  -  ResidentSetSize of job (KB)
...
006 (34567701.000.000) 2021-09-17 08:14:58 Image size of job updated: 1603
	1603  -  MemoryUsage of job (MB)
	1641976  -  ResidentSetSize of job (KB)
...
006 (34567701.000.000) 2021-09-17 08:15:58 Image size of job updated: 1628
	1628  -  MemoryUsage of job (MB)
	1667304  -  ResidentSetSize of job (KB)
...
006 (34567701.000.000) 2021-09-17 08:17:00 Image size of job updated: 1637
	1637  -  MemoryUsage of job (MB)
	1676608  -  ResidentSetSize of job (KB)
...
006 (34567701.000.000) 2021-09-17 08:18:00 Image size of job updated: 1639
	1639  -  MemoryUsage of job (MB)
	1678428  -  ResidentSetSize of job (KB)
...
006 (34567701.000.000) 2021-09-17 08:19:00 Image size of job updated: 1642
	1642  -  MemoryUsage of job (MB)
	1681636  -  ResidentSetSize of job (KB)
...
006 (34567701.000.000) 2021-09-17 08:20:01 Image size of job updated: 1643
	1643  -  MemoryUsage of job (MB)
	1683432  -  ResidentSetSize of job (KB)
...
006 (34567701.000.000) 2021-09-17 08:21:01 Image size of job updated: 1644
	1644  -  MemoryUsage of job (MB)
	1683664  -  ResidentSetSize of job (KB)
...
006 (34567701.000.000) 2021-09-17 08:22:01 Image size of job updated: 1644
	1644  -  MemoryUsage of job (MB)
	1684224  -  ResidentSetSize of job (KB)
...
006 (34567701.000.000) 2021-09-17 08:23:03 Image size of job updated: 1645
	1645  -  MemoryUsage of job (MB)
	1684880  -  ResidentSetSize of job (KB)
...
006 (34567701.000.000) 2021-09-17 08:24:03 Image size of job updated: 1645
	1645  -  MemoryUsage of job (MB)
	1684960  -  ResidentSetSize of job (KB)
...
006 (34567701.000.000) 2021-09-17 08:25:03 Image size of job updated: 1645
	1645  -  MemoryUsage of job (MB)
	1685472  -  ResidentSetSize of job (KB)
...
006 (34567701.000.000) 2021-09-17 08:26:04 Image size of job updated: 1646
	1646  -  MemoryUsage of job (MB)
	1685852  -  ResidentSetSize of job (KB)
...
006 (34567701.000.000) 2021-09-17 08:27:05 Image size of job updated: 1646
	1646  -  MemoryUsage of job (MB)
	1685948  -  ResidentSetSize of job (KB)
...
006 (34567701.000.000) 2021-09-17 08:28:05 Image size of job updated: 1647
	1647  -  MemoryUsage of job (MB)
	1686548  -  ResidentSetSize of job (KB)
...
006 (34567701.000.000) 2021-09-17 08:29:05 Image size of job updated: 1647
	1647  -  MemoryUsage of job (MB)
	1687092  -  ResidentSetSize of job (KB)
...
006 (34567701.000.000) 2021-09-17 08:30:06 Image size of job updated: 1647
	1647  -  MemoryUsage of job (MB)
	1687132  -  ResidentSetSize of job (KB)
...
006 (34567701.000.000) 2021-09-17 08:31:07 Image size of job updated: 1647
	1647  -  MemoryUsage of job (MB)
	1687460  -  ResidentSetSize of job (KB)
...
006 (34567701.000.000) 2021-09-17 08:32:07 Image size of job updated: 1648
	1648  -  MemoryUsage of job (MB)
	1687572  -  ResidentSetSize of job (KB)
...
006 (34567701.000.000) 2021-09-17 08:33:07 Image size of job updated: 1648
	1648  -  MemoryUsage of job (MB)
	1687584  -  ResidentSetSize of job (KB)
...
006 (34567701.000.000) 2021-09-17 08:34:09 Image size of job updated: 1648
	1648  -  MemoryUsage of job (MB)
	1688036  -  ResidentSetSize of job (KB)
...
006 (34567701.000.000) 2021-09-17 08:36:09 Image size of job updated: 1648
	1648  -  MemoryUsage of job (MB)
	1688488  -  ResidentSetSize of job (KB)
...
006 (34567701.000.000) 2021-09-17 08:37:10 Image size of job updated: 1648
	1648  -  MemoryUsage of job (MB)
	1688508  -  ResidentSetSize of job (KB)
...
006 (34567701.000.000) 2021-09-17 08:38:11 Image size of job updated: 1649
	1649  -  MemoryUsage of job (MB)
	1689032  -  ResidentSetSize of job (KB)
...
006 (34567701.000.000) 2021-09-17 08:40:11 Image size of job updated: 1649
	1649  -  MemoryUsage of job (MB)
	1689436  -  ResidentSetSize of job (KB)
...
006 (34567701.000.000) 2021-09-17 08:41:12 Image size of job updated: 1649
	1649  -  MemoryUsage of job (MB)
	1689492  -  ResidentSetSize of job (KB)
...
006 (34567701.000.000) 2021-09-17 08:42:13 Image size of job updated: 1650
	1650  -  MemoryUsage of job (MB)
	1689744  -  ResidentSetSize of job (KB)
...
006 (34567701.000.000) 2021-09-17 08:43:13 Image size of job updated: 1650
	1650  -  MemoryUsage of job (MB)
	1689932  -  ResidentSetSize of job (KB)
...
006 (34567701.000.000) 2021-09-17 08:44:13 Image size of job updated: 1650
	1650  -  MemoryUsage of job (MB)
	1689948  -  ResidentSetSize of job (KB)
...
006 (34567701.000.000) 2021-09-17 08:45:15 Image size of job updated: 1650
	1650  -  MemoryUsage of job (MB)
	1690336  -  ResidentSetSize of job (KB)
...
006 (34567701.000.000) 2021-09-17 08:47:16 Image size of job updated: 1651
	1651  -  MemoryUsage of job (MB)
	1690776  -  ResidentSetSize of job (KB)
...
006 (34567701.000.000) 2021-09-17 08:48:17 Image size of job updated: 1651
	1651  -  MemoryUsage of job (MB)
	1690816  -  ResidentSetSize of job (KB)
...
006 (34567701.000.000) 2021-09-17 08:49:17 Image size of job updated: 1651
	1651  -  MemoryUsage of job (MB)
	1691212  -  ResidentSetSize of job (KB)
...
006 (34567701.000.000) 2021-09-17 08:50:18 Image size of job updated: 1651
	1651  -  MemoryUsage of job (MB)
	1691260  -  ResidentSetSize of job (KB)
...
006 (34567701.000.000) 2021-09-17 08:51:19 Image size of job updated: 1652
	1652  -  MemoryUsage of job (MB)
	1691660  -  ResidentSetSize of job (KB)
...
006 (34567701.000.000) 2021-09-17 08:52:19 Image size of job updated: 1652
	1652  -  MemoryUsage of job (MB)
	1691664  -  ResidentSetSize of job (KB)
...
006 (34567701.000.000) 2021-09-17 08:53:19 Image size of job updated: 1652
	1652  -  MemoryUsage of job (MB)
	1692044  -  ResidentSetSize of job (KB)
...
006 (34567701.000.000) 2021-09-17 08:54:21 Image size of job updated: 1652
	1652  -  MemoryUsage of job (MB)
	1692168  -  ResidentSetSize of job (KB)
...
006 (34567701.000.000) 2021-09-17 08:55:21 Image size of job updated: 1652
	1652  -  MemoryUsage of job (MB)
	1692416  -  ResidentSetSize of job (KB)
...
006 (34567701.000.000) 2021-09-17 08:56:21 Image size of job updated: 1652
	1652  -  MemoryUsage of job (MB)
	1692540  -  ResidentSetSize of job (KB)
...
006 (34567701.000.000) 2021-09-17 08:57:22 Image size of job updated: 1653
	1653  -  MemoryUsage of job (MB)
	1692716  -  ResidentSetSize of job (KB)
...
006 (34567701.000.000) 2021-09-17 08:58:23 Image size of job updated: 1653
	1653  -  MemoryUsage of job (MB)
	1693080  -  ResidentSetSize of job (KB)
...
006 (34567701.000.000) 2021-09-17 09:00:24 Image size of job updated: 1653
	1653  -  MemoryUsage of job (MB)
	1693372  -  ResidentSetSize of job (KB)
...
006 (34567701.000.000) 2021-09-17 09:02:24 Image size of job updated: 1654
	1654  -  MemoryUsage of job (MB)
	1693812  -  ResidentSetSize of job (KB)
...
006 (34567701.000.000) 2021-09-17 09:03:26 Image size of job updated: 1654
	1654  -  MemoryUsage of job (MB)
	1693828  -  ResidentSetSize of job (KB)
...
006 (34567701.000.000) 2021-09-17 09:04:26 Image size of job updated: 1654
	1654  -  MemoryUsage of job (MB)
	1694220  -  ResidentSetSize of job (KB)
...
006 (34567701.000.000) 2021-09-17 09:06:27 Image size of job updated: 1654
	1654  -  MemoryUsage of job (MB)
	1694648  -  ResidentSetSize of job (KB)
...
006 (34567701.000.000) 2021-09-17 09:07:28 Image size of job updated: 1654
	1654  -  MemoryUsage of job (MB)
	1694656  -  ResidentSetSize of job (KB)
...
006 (34567701.000.000) 2021-09-17 09:08:28 Image size of job updated: 1655
	1655  -  MemoryUsage of job (MB)
	1695056  -  ResidentSetSize of job (KB)
...
006 (34567701.000.000) 2021-09-17 09:10:29 Image size of job updated: 1655
	1655  -  MemoryUsage of job (MB)
	1695340  -  ResidentSetSize of job (KB)
...
006 (34567701.000.000) 2021-09-17 09:11:30 Image size of job updated: 1655
	1655  -  MemoryUsage of job (MB)
	1695476  -  ResidentSetSize of job (KB)
...
006 (34567701.000.000) 2021-09-17 09:12:30 Image size of job updated: 1655
	1655  -  MemoryUsage of job (MB)
	1695512  -  ResidentSetSize of job (KB)
...
006 (34567701.000.000) 2021-09-17 09:13:30 Image size of job updated: 1656
	1656  -  MemoryUsage of job (MB)
	1695932  -  ResidentSetSize of job (KB)
...
006 (34567701.000.000) 2021-09-17 09:15:31 Image size of job updated: 1656
	1656  -  MemoryUsage of job (MB)
	1696352  -  ResidentSetSize of job (KB)
...
006 (34567701.000.000) 2021-09-17 09:17:32 Image size of job updated: 1656
	1656  -  MemoryUsage of job (MB)
	1696728  -  ResidentSetSize of job (KB)
...
006 (34567701.000.000) 2021-09-17 09:18:32 Image size of job updated: 1656
	1656  -  MemoryUsage of job (MB)
	1696736  -  ResidentSetSize of job (KB)
...
006 (34567701.000.000) 2021-09-17 09:19:32 Image size of job updated: 1657
	1657  -  MemoryUsage of job (MB)
	1697172  -  ResidentSetSize of job (KB)
...
006 (34567701.000.000) 2021-09-17 09:20:34 Image size of job updated: 1657
	1657  -  MemoryUsage of job (MB)
	1697176  -  ResidentSetSize of job (KB)
...
006 (34567701.000.000) 2021-09-17 09:21:34 Image size of job updated: 1657
	1657  -  MemoryUsage of job (MB)
	1697464  -  ResidentSetSize of job (KB)
...
006 (34567701.000.000) 2021-09-17 09:22:35 Image size of job updated: 1657
	1657  -  MemoryUsage of job (MB)
	1697580  -  ResidentSetSize of job (KB)
...
006 (34567701.000.000) 2021-09-17 09:23:35 Image size of job updated: 1657
	1657  -  MemoryUsage of job (MB)
	1697600  -  ResidentSetSize of job (KB)
...
006 (34567701.000.000) 2021-09-17 09:24:35 Image size of job updated: 1658
	1658  -  MemoryUsage of job (MB)
	1697956  -  ResidentSetSize of job (KB)
...
006 (34567701.000.000) 2021-09-17 09:26:35 Image size of job updated: 1658
	1658  -  MemoryUsage of job (MB)
	1698344  -  ResidentSetSize of job (KB)
...
006 (34567701.000.000) 2021-09-17 09:27:36 Image size of job updated: 1658
	1658  -  MemoryUsage of job (MB)
	1698400  -  ResidentSetSize of job (KB)
...
006 (34567701.000.000) 2021-09-17 09:28:36 Image size of job updated: 1658
	1658  -  MemoryUsage of job (MB)
	1698732  -  ResidentSetSize of job (KB)
...
006 (34567701.000.000) 2021-09-17 09:29:37 Image size of job updated: 1658
	1658  -  MemoryUsage of job (MB)
	1698784  -  ResidentSetSize of job (KB)
...
006 (34567701.000.000) 2021-09-17 09:30:38 Image size of job updated: 1659
	1659  -  MemoryUsage of job (MB)
	1699132  -  ResidentSetSize of job (KB)
...
006 (34567701.000.000) 2021-09-17 09:31:38 Image size of job updated: 1659
	1659  -  MemoryUsage of job (MB)
	1699136  -  ResidentSetSize of job (KB)
...
006 (34567701.000.000) 2021-09-17 09:32:39 Image size of job updated: 1659
	1659  -  MemoryUsage of job (MB)
	1699552  -  ResidentSetSize of job (KB)
...
006 (34567701.000.000) 2021-09-17 09:33:40 Image size of job updated: 1659
	1659  -  MemoryUsage of job (MB)
	1699560  -  ResidentSetSize of job (KB)
...
006 (34567701.000.000) 2021-09-17 09:34:40 Image size of job updated: 1660
	1660  -  MemoryUsage of job (MB)
	1699904  -  ResidentSetSize of job (KB)
...
006 (34567701.000.000) 2021-09-17 09:35:41 Image size of job updated: 1660
	1660  -  MemoryUsage of job (MB)
	1700016  -  ResidentSetSize of job (KB)
...
006 (34567701.000.000) 2021-09-17 09:36:42 Image size of job updated: 1660
	1660  -  MemoryUsage of job (MB)
	1700040  -  ResidentSetSize of job (KB)
...
006 (34567701.000.000) 2021-09-17 09:37:42 Image size of job updated: 1660
	1660  -  MemoryUsage of job (MB)
	1700488  -  ResidentSetSize of job (KB)
...
006 (34567701.000.000) 2021-09-17 09:39:42 Image size of job updated: 1660
	1660  -  MemoryUsage of job (MB)
	1700800  -  ResidentSetSize of job (KB)
...
006 (34567701.000.000) 2021-09-17 09:40:43 Image size of job updated: 1660
	1660  -  MemoryUsage of job (MB)
	1700820  -  ResidentSetSize of job (KB)
...
006 (34567701.000.000) 2021-09-17 09:41:44 Image size of job updated: 1661
	1661  -  MemoryUsage of job (MB)
	1701332  -  ResidentSetSize of job (KB)
...
006 (34567701.000.000) 2021-09-17 09:42:44 Image size of job updated: 1661
	1661  -  MemoryUsage of job (MB)
	1701364  -  ResidentSetSize of job (KB)
...
006 (34567701.000.000) 2021-09-17 09:43:45 Image size of job updated: 1661
	1661  -  MemoryUsage of job (MB)
	1701784  -  ResidentSetSize of job (KB)
...
006 (34567701.000.000) 2021-09-17 09:45:45 Image size of job updated: 1662
	1662  -  MemoryUsage of job (MB)
	1702156  -  ResidentSetSize of job (KB)
...
006 (34567701.000.000) 2021-09-17 09:47:47 Image size of job updated: 1662
	1662  -  MemoryUsage of job (MB)
	1702608  -  ResidentSetSize of job (KB)
...
006 (34567701.000.000) 2021-09-17 09:48:47 Image size of job updated: 1662
	1662  -  MemoryUsage of job (MB)
	1702640  -  ResidentSetSize of job (KB)
...
006 (34567701.000.000) 2021-09-17 09:49:48 Image size of job updated: 1663
	1663  -  MemoryUsage of job (MB)
	1703024  -  ResidentSetSize of job (KB)
...
006 (34567701.000.000) 2021-09-17 09:50:49 Image size of job updated: 1663
	1663  -  MemoryUsage of job (MB)
	1703056  -  ResidentSetSize of job (KB)
...
006 (34567701.000.000) 2021-09-17 09:51:50 Image size of job updated: 1663
	1663  -  MemoryUsage of job (MB)
	1703444  -  ResidentSetSize of job (KB)
...
006 (34567701.000.000) 2021-09-17 09:52:50 Image size of job updated: 1663
	1663  -  MemoryUsage of job (MB)
	1703484  -  ResidentSetSize of job (KB)
...
006 (34567701.000.000) 2021-09-17 09:53:51 Image size of job updated: 1663
	1663  -  MemoryUsage of job (MB)
	1703756  -  ResidentSetSize of job (KB)
...
006 (34567701.000.000) 2021-09-17 09:54:52 Image size of job updated: 1663
	1663  -  MemoryUsage of job (MB)
	1703872  -  ResidentSetSize of job (KB)
...
006 (34567701.000.000) 2021-09-17 09:55:52 Image size of job updated: 1664
	1664  -  MemoryUsage of job (MB)
	1704116  -  ResidentSetSize of job (KB)
...
006 (34567701.000.000) 2021-09-17 09:56:53 Image size of job updated: 1664
	1664  -  MemoryUsage of job (MB)
	1704316  -  ResidentSetSize of job (KB)
...
006 (34567701.000.000) 2021-09-17 09:57:54 Image size of job updated: 1664
	1664  -  MemoryUsage of job (MB)
	1704332  -  ResidentSetSize of job (KB)
...
006 (34567701.000.000) 2021-09-17 09:58:55 Image size of job updated: 1664
	1664  -  MemoryUsage of job (MB)
	1704756  -  ResidentSetSize of job (KB)
...
006 (34567701.000.000) 2021-09-17 10:00:56 Image size of job updated: 1665
	1665  -  MemoryUsage of job (MB)
	1705280  -  ResidentSetSize of job (KB)
...
006 (34567701.000.000) 2021-09-17 10:02:57 Image size of job updated: 1665
	1665  -  MemoryUsage of job (MB)
	1705540  -  ResidentSetSize of job (KB)
...
006 (34567701.000.000) 2021-09-17 10:04:59 Image size of job updated: 1666
	1666  -  MemoryUsage of job (MB)
	1706008  -  ResidentSetSize of job (KB)
...
006 (34567701.000.000) 2021-09-17 10:06:00 Image size of job updated: 1666
	1666  -  MemoryUsage of job (MB)
	1706024  -  ResidentSetSize of job (KB)
...
006 (34567701.000.000) 2021-09-17 10:07:01 Image size of job updated: 1666
	1666  -  MemoryUsage of job (MB)
	1706372  -  ResidentSetSize of job (KB)
...
006 (34567701.000.000) 2021-09-17 10:08:01 Image size of job updated: 1666
	1666  -  MemoryUsage of job (MB)
	1706428  -  ResidentSetSize of job (KB)
...
006 (34567701.000.000) 2021-09-17 10:09:02 Image size of job updated: 1666
	1666  -  MemoryUsage of job (MB)
	1706840  -  ResidentSetSize of job (KB)
...
006 (34567701.000.000) 2021-09-17 10:10:03 Image size of job updated: 1666
	1666  -  MemoryUsage of job (MB)
	1706896  -  ResidentSetSize of job (KB)
...
006 (34567701.000.000) 2021-09-17 10:12:04 Image size of job updated: 1667
	1667  -  MemoryUsage of job (MB)
	1707168  -  ResidentSetSize of job (KB)
...
006 (34567701.000.000) 2021-09-17 10:13:05 Image size of job updated: 1667
	1667  -  MemoryUsage of job (MB)
	1707176  -  ResidentSetSize of job (KB)
...
006 (34567701.000.000) 2021-09-17 10:14:06 Image size of job updated: 1667
	1667  -  MemoryUsage of job (MB)
	1707640  -  ResidentSetSize of job (KB)
...
006 (34567701.000.000) 2021-09-17 10:16:07 Image size of job updated: 1667
	1667  -  MemoryUsage of job (MB)
	1708008  -  ResidentSetSize of job (KB)
...
006 (34567701.000.000) 2021-09-17 10:17:07 Image size of job updated: 1668
	1668  -  MemoryUsage of job (MB)
	1708092  -  ResidentSetSize of job (KB)
...
006 (34567701.000.000) 2021-09-17 10:19:07 Image size of job updated: 1668
	1668  -  MemoryUsage of job (MB)
	1708496  -  ResidentSetSize of job (KB)
...
006 (34567701.000.000) 2021-09-17 10:20:07 Image size of job updated: 1668
	1668  -  MemoryUsage of job (MB)
	1708508  -  ResidentSetSize of job (KB)
...
006 (34567701.000.000) 2021-09-17 10:21:08 Image size of job updated: 1668
	1668  -  MemoryUsage of job (MB)
	1708848  -  ResidentSetSize of job (KB)
...
006 (34567701.000.000) 2021-09-17 10:22:08 Image size of job updated: 1668
	1668  -  MemoryUsage of job (MB)
	1708872  -  ResidentSetSize of job (KB)
...
006 (34567701.000.000) 2021-09-17 10:23:09 Image size of job updated: 1669
	1669  -  MemoryUsage of job (MB)
	1709268  -  ResidentSetSize of job (KB)
...
006 (34567701.000.000) 2021-09-17 10:25:11 Image size of job updated: 1669
	1669  -  MemoryUsage of job (MB)
	1709756  -  ResidentSetSize of job (KB)
...
006 (34567701.000.000) 2021-09-17 10:27:12 Image size of job updated: 1669
	1669  -  MemoryUsage of job (MB)
	1709972  -  ResidentSetSize of job (KB)
...
006 (34567701.000.000) 2021-09-17 10:28:12 Image size of job updated: 1670
	1670  -  MemoryUsage of job (MB)
	1710156  -  ResidentSetSize of job (KB)
...
006 (34567701.000.000) 2021-09-17 10:30:13 Image size of job updated: 1670
	1670  -  MemoryUsage of job (MB)
	1710588  -  ResidentSetSize of job (KB)
...
006 (34567701.000.000) 2021-09-17 10:31:13 Image size of job updated: 1670
	1670  -  MemoryUsage of job (MB)
	1710608  -  ResidentSetSize of job (KB)
...
006 (34567701.000.000) 2021-09-17 10:32:15 Image size of job updated: 1670
	1670  -  MemoryUsage of job (MB)
	1710896  -  ResidentSetSize of job (KB)
...
006 (34567701.000.000) 2021-09-17 10:33:15 Image size of job updated: 1670
	1670  -  MemoryUsage of job (MB)
	1710944  -  ResidentSetSize of job (KB)
...
006 (34567701.000.000) 2021-09-17 10:34:16 Image size of job updated: 1671
	1671  -  MemoryUsage of job (MB)
	1711308  -  ResidentSetSize of job (KB)
...
006 (34567701.000.000) 2021-09-17 10:35:17 Image size of job updated: 1671
	1671  -  MemoryUsage of job (MB)
	1711340  -  ResidentSetSize of job (KB)
...
006 (34567701.000.000) 2021-09-17 10:36:17 Image size of job updated: 1671
	1671  -  MemoryUsage of job (MB)
	1711752  -  ResidentSetSize of job (KB)
...
006 (34567701.000.000) 2021-09-17 10:37:18 Image size of job updated: 1671
	1671  -  MemoryUsage of job (MB)
	1711804  -  ResidentSetSize of job (KB)
...
006 (34567701.000.000) 2021-09-17 10:38:19 Image size of job updated: 1672
	1672  -  MemoryUsage of job (MB)
	1712184  -  ResidentSetSize of job (KB)
...
006 (34567701.000.000) 2021-09-17 10:40:21 Image size of job updated: 1672
	1672  -  MemoryUsage of job (MB)
	1712564  -  ResidentSetSize of job (KB)
...
006 (34567701.000.000) 2021-09-17 10:41:21 Image size of job updated: 1672
	1672  -  MemoryUsage of job (MB)
	1712628  -  ResidentSetSize of job (KB)
...
006 (34567701.000.000) 2021-09-17 10:43:23 Image size of job updated: 1672
	1672  -  MemoryUsage of job (MB)
	1712940  -  ResidentSetSize of job (KB)
...
006 (34567701.000.000) 2021-09-17 10:45:24 Image size of job updated: 1673
	1673  -  MemoryUsage of job (MB)
	1713432  -  ResidentSetSize of job (KB)
...
006 (34567701.000.000) 2021-09-17 10:46:24 Image size of job updated: 1673
	1673  -  MemoryUsage of job (MB)
	1713656  -  ResidentSetSize of job (KB)
...
006 (34567701.000.000) 2021-09-17 10:47:24 Image size of job updated: 1674
	1674  -  MemoryUsage of job (MB)
	1714200  -  ResidentSetSize of job (KB)
...
006 (34567701.000.000) 2021-09-17 10:48:24 Image size of job updated: 1674
	1674  -  MemoryUsage of job (MB)
	1714244  -  ResidentSetSize of job (KB)
...
006 (34567701.000.000) 2021-09-17 10:49:25 Image size of job updated: 1674
	1674  -  MemoryUsage of job (MB)
	1714668  -  ResidentSetSize of job (KB)
...
006 (34567701.000.000) 2021-09-17 10:50:25 Image size of job updated: 1674
	1674  -  MemoryUsage of job (MB)
	1714672  -  ResidentSetSize of job (KB)
...
006 (34567701.000.000) 2021-09-17 10:51:26 Image size of job updated: 1674
	1674  -  MemoryUsage of job (MB)
	1715104  -  ResidentSetSize of job (KB)
...
006 (34567701.000.000) 2021-09-17 10:52:27 Image size of job updated: 1674
	1674  -  MemoryUsage of job (MB)
	1715116  -  ResidentSetSize of job (KB)
...
006 (34567701.000.000) 2021-09-17 10:53:28 Image size of job updated: 1675
	1675  -  MemoryUsage of job (MB)
	1715496  -  ResidentSetSize of job (KB)
...
006 (34567701.000.000) 2021-09-17 10:54:29 Image size of job updated: 1675
	1675  -  MemoryUsage of job (MB)
	1715580  -  ResidentSetSize of job (KB)
...
006 (34567701.000.000) 2021-09-17 10:55:29 Image size of job updated: 1675
	1675  -  MemoryUsage of job (MB)
	1715584  -  ResidentSetSize of job (KB)
...
006 (34567701.000.000) 2021-09-17 10:56:29 Image size of job updated: 1675
	1675  -  MemoryUsage of job (MB)
	1716032  -  ResidentSetSize of job (KB)
...
006 (34567701.000.000) 2021-09-17 10:57:29 Image size of job updated: 1675
	1675  -  MemoryUsage of job (MB)
	1716040  -  ResidentSetSize of job (KB)
...
006 (34567701.000.000) 2021-09-17 10:58:30 Image size of job updated: 1676
	1676  -  MemoryUsage of job (MB)
	1716432  -  ResidentSetSize of job (KB)
...
006 (34567701.000.000) 2021-09-17 11:00:32 Image size of job updated: 1676
	1676  -  MemoryUsage of job (MB)
	1716788  -  ResidentSetSize of job (KB)
...
006 (34567701.000.000) 2021-09-17 11:02:34 Image size of job updated: 1677
	1677  -  MemoryUsage of job (MB)
	1717292  -  ResidentSetSize of job (KB)
...
006 (34567701.000.000) 2021-09-17 11:03:34 Image size of job updated: 1677
	1677  -  MemoryUsage of job (MB)
	1717764  -  ResidentSetSize of job (KB)
...
006 (34567701.000.000) 2021-09-17 11:04:34 Image size of job updated: 1677
	1677  -  MemoryUsage of job (MB)
	1717912  -  ResidentSetSize of job (KB)
...
006 (34567701.000.000) 2021-09-17 11:05:34 Image size of job updated: 1678
	1678  -  MemoryUsage of job (MB)
	1718324  -  ResidentSetSize of job (KB)
...
006 (34567701.000.000) 2021-09-17 11:06:34 Image size of job updated: 1678
	1678  -  MemoryUsage of job (MB)
	1718360  -  ResidentSetSize of job (KB)
...
006 (34567701.000.000) 2021-09-17 11:07:34 Image size of job updated: 1678
	1678  -  MemoryUsage of job (MB)
	1718740  -  ResidentSetSize of job (KB)
...
006 (34567701.000.000) 2021-09-17 11:08:34 Image size of job updated: 1678
	1678  -  MemoryUsage of job (MB)
	1718772  -  ResidentSetSize of job (KB)
...
006 (34567701.000.000) 2021-09-17 11:09:34 Image size of job updated: 1678
	1678  -  MemoryUsage of job (MB)
	1719240  -  ResidentSetSize of job (KB)
...
006 (34567701.000.000) 2021-09-17 11:10:34 Image size of job updated: 1678
	1678  -  MemoryUsage of job (MB)
	1719268  -  ResidentSetSize of job (KB)
...
006 (34567701.000.000) 2021-09-17 11:11:34 Image size of job updated: 1679
	1679  -  MemoryUsage of job (MB)
	1719604  -  ResidentSetSize of job (KB)
...
006 (34567701.000.000) 2021-09-17 11:12:36 Image size of job updated: 1679
	1679  -  MemoryUsage of job (MB)
	1719644  -  ResidentSetSize of job (KB)
...
006 (34567701.000.000) 2021-09-17 11:13:36 Image size of job updated: 1679
	1679  -  MemoryUsage of job (MB)
	1720036  -  ResidentSetSize of job (KB)
...
006 (34567701.000.000) 2021-09-17 11:14:36 Image size of job updated: 1680
	1680  -  MemoryUsage of job (MB)
	1720324  -  ResidentSetSize of job (KB)
...
006 (34567701.000.000) 2021-09-17 11:15:36 Image size of job updated: 1680
	1680  -  MemoryUsage of job (MB)
	1720448  -  ResidentSetSize of job (KB)
...
006 (34567701.000.000) 2021-09-17 11:16:36 Image size of job updated: 1680
	1680  -  MemoryUsage of job (MB)
	1720888  -  ResidentSetSize of job (KB)
...
006 (34567701.000.000) 2021-09-17 11:17:36 Image size of job updated: 1680
	1680  -  MemoryUsage of job (MB)
	1720928  -  ResidentSetSize of job (KB)
...
006 (34567701.000.000) 2021-09-17 11:18:36 Image size of job updated: 1680
	1680  -  MemoryUsage of job (MB)
	1721320  -  ResidentSetSize of job (KB)
...
006 (34567701.000.000) 2021-09-17 11:19:37 Image size of job updated: 1681
	1681  -  MemoryUsage of job (MB)
	1721348  -  ResidentSetSize of job (KB)
...
006 (34567701.000.000) 2021-09-17 11:20:37 Image size of job updated: 1681
	1681  -  MemoryUsage of job (MB)
	1721708  -  ResidentSetSize of job (KB)
...
006 (34567701.000.000) 2021-09-17 11:21:37 Image size of job updated: 1681
	1681  -  MemoryUsage of job (MB)
	1721760  -  ResidentSetSize of job (KB)
...
006 (34567701.000.000) 2021-09-17 11:22:38 Image size of job updated: 1681
	1681  -  MemoryUsage of job (MB)
	1722196  -  ResidentSetSize of job (KB)
...
006 (34567701.000.000) 2021-09-17 11:23:38 Image size of job updated: 1681
	1681  -  MemoryUsage of job (MB)
	1722348  -  ResidentSetSize of job (KB)
...
006 (34567701.000.000) 2021-09-17 11:24:38 Image size of job updated: 1682
	1682  -  MemoryUsage of job (MB)
	1722704  -  ResidentSetSize of job (KB)
...
006 (34567701.000.000) 2021-09-17 11:25:39 Image size of job updated: 1682
	1682  -  MemoryUsage of job (MB)
	1722740  -  ResidentSetSize of job (KB)
...
006 (34567701.000.000) 2021-09-17 11:26:41 Image size of job updated: 1682
	1682  -  MemoryUsage of job (MB)
	1723108  -  ResidentSetSize of job (KB)
...
006 (34567701.000.000) 2021-09-17 11:27:41 Image size of job updated: 1683
	1683  -  MemoryUsage of job (MB)
	1723424  -  ResidentSetSize of job (KB)
...
006 (34567701.000.000) 2021-09-17 11:28:42 Image size of job updated: 1683
	1683  -  MemoryUsage of job (MB)
	1723456  -  ResidentSetSize of job (KB)
...
006 (34567701.000.000) 2021-09-17 11:29:43 Image size of job updated: 1683
	1683  -  MemoryUsage of job (MB)
	1723888  -  ResidentSetSize of job (KB)
...
006 (34567701.000.000) 2021-09-17 11:31:44 Image size of job updated: 1683
	1683  -  MemoryUsage of job (MB)
	1724236  -  ResidentSetSize of job (KB)
...
006 (34567701.000.000) 2021-09-17 11:32:44 Image size of job updated: 1684
	1684  -  MemoryUsage of job (MB)
	1724636  -  ResidentSetSize of job (KB)
...
006 (34567701.000.000) 2021-09-17 11:33:45 Image size of job updated: 1684
	1684  -  MemoryUsage of job (MB)
	1724652  -  ResidentSetSize of job (KB)
...
006 (34567701.000.000) 2021-09-17 11:34:47 Image size of job updated: 1684
	1684  -  MemoryUsage of job (MB)
	1725036  -  ResidentSetSize of job (KB)
...
006 (34567701.000.000) 2021-09-17 11:35:47 Image size of job updated: 1685
	1685  -  MemoryUsage of job (MB)
	1725464  -  ResidentSetSize of job (KB)
...
006 (34567701.000.000) 2021-09-17 11:36:48 Image size of job updated: 1685
	1685  -  MemoryUsage of job (MB)
	1725772  -  ResidentSetSize of job (KB)
...
006 (34567701.000.000) 2021-09-17 11:37:48 Image size of job updated: 1685
	1685  -  MemoryUsage of job (MB)
	1726028  -  ResidentSetSize of job (KB)
...
040 (34567701.000.000) 2021-09-17 11:38:22 Started transferring output files
...
040 (34567701.000.000) 2021-09-17 11:38:22 Finished transferring output files
...
005 (34567701.000.000) 2021-09-17 11:38:26 Job terminated.
	(1) Normal termination (return value 0)
		Usr 0 00:00:00, Sys 0 00:00:00  -  Run Remote Usage
		Usr 0 00:00:00, Sys 0 00:00:00  -  Run Local Usage
		Usr 0 01:25:35, Sys 0 02:40:33  -  Total Remote Usage
		Usr 0 00:00:00, Sys 0 00:00:00  -  Total Local Usage
	1227804  -  Run Bytes Sent By Job
	8471534  -  Run Bytes Received By Job
	1227804  -  Total Bytes Sent By Job
	8471534  -  Total Bytes Received By Job
	Partitionable Resources :    Usage  Request Allocated 
	   Cpus                 :        0        1         1 
	   Disk (KB)            :   327208    10000    767844 
	   Memory (MB)          :     1685     2048      2048 

	Job terminated of its own accord at 2021-09-17T16:38:22Z.
...
000 (14732468.000.000) 2021-09-24 22:10:11 Job submitted from host: <131.225.188.55:9618?addrs=131.225.188.55-9618&alias=lpcschedd1.fnal.gov&noUDP&sock=schedd_2070_6d22>
...
040 (14732468.000.000) 2021-09-24 22:18:52 Started transferring input files
	Transferring to host: <131.225.205.200:9618?addrs=131.225.205.200-9618&alias=cmswn1974.fnal.gov&noUDP&sock=slot1_17_1555_6358_4655>
...
040 (14732468.000.000) 2021-09-24 22:18:53 Finished transferring input files
...
001 (14732468.000.000) 2021-09-24 22:18:54 Job executing on host: <131.225.205.200:9618?addrs=131.225.205.200-9618&alias=cmswn1974.fnal.gov&noUDP&sock=startd_1436_8e16>
...
006 (14732468.000.000) 2021-09-24 22:19:02 Image size of job updated: 4
	4  -  MemoryUsage of job (MB)
	4528  -  ResidentSetSize of job (KB)
...
006 (14732468.000.000) 2021-09-24 22:20:03 Image size of job updated: 449
	449  -  MemoryUsage of job (MB)
	460556  -  ResidentSetSize of job (KB)
...
006 (14732468.000.000) 2021-09-24 22:21:03 Image size of job updated: 501
	501  -  MemoryUsage of job (MB)
	513508  -  ResidentSetSize of job (KB)
...
006 (14732468.000.000) 2021-09-24 22:24:04 Image size of job updated: 514
	514  -  MemoryUsage of job (MB)
	526832  -  ResidentSetSize of job (KB)
...
006 (14732468.000.000) 2021-09-24 22:25:04 Image size of job updated: 562
	562  -  MemoryUsage of job (MB)
	575940  -  ResidentSetSize of job (KB)
...
006 (14732468.000.000) 2021-09-24 22:26:05 Image size of job updated: 606
	606  -  MemoryUsage of job (MB)
	621444  -  ResidentSetSize of job (KB)
...
006 (14732468.000.000) 2021-09-24 22:27:05 Image size of job updated: 645
	645  -  MemoryUsage of job (MB)
	661440  -  ResidentSetSize of job (KB)
...
006 (14732468.000.000) 2021-09-24 22:28:06 Image size of job updated: 681
	681  -  MemoryUsage of job (MB)
	697620  -  ResidentSetSize of job (KB)
...
006 (14732468.000.000) 2021-09-24 22:29:07 Image size of job updated: 717
	717  -  MemoryUsage of job (MB)
	735196  -  ResidentSetSize of job (KB)
...
006 (14732468.000.000) 2021-09-24 22:30:08 Image size of job updated: 749
	749  -  MemoryUsage of job (MB)
	767132  -  ResidentSetSize of job (KB)
...
006 (14732468.000.000) 2021-09-24 22:31:08 Image size of job updated: 778
	778  -  MemoryUsage of job (MB)
	797372  -  ResidentSetSize of job (KB)
...
006 (14732468.000.000) 2021-09-24 22:32:09 Image size of job updated: 807
	807  -  MemoryUsage of job (MB)
	826912  -  ResidentSetSize of job (KB)
...
006 (14732468.000.000) 2021-09-24 22:33:11 Image size of job updated: 839
	839  -  MemoryUsage of job (MB)
	859288  -  ResidentSetSize of job (KB)
...
006 (14732468.000.000) 2021-09-24 22:34:11 Image size of job updated: 864
	864  -  MemoryUsage of job (MB)
	885744  -  ResidentSetSize of job (KB)
...
006 (14732468.000.000) 2021-09-24 22:35:11 Image size of job updated: 901
	901  -  MemoryUsage of job (MB)
	923396  -  ResidentSetSize of job (KB)
...
006 (14732468.000.000) 2021-09-24 22:36:11 Image size of job updated: 927
	927  -  MemoryUsage of job (MB)
	950232  -  ResidentSetSize of job (KB)
...
006 (14732468.000.000) 2021-09-24 22:37:11 Image size of job updated: 951
	951  -  MemoryUsage of job (MB)
	974752  -  ResidentSetSize of job (KB)
...
006 (14732468.000.000) 2021-09-24 22:38:12 Image size of job updated: 975
	975  -  MemoryUsage of job (MB)
	999336  -  ResidentSetSize of job (KB)
...
006 (14732468.000.000) 2021-09-24 22:39:13 Image size of job updated: 999
	999  -  MemoryUsage of job (MB)
	1023312  -  ResidentSetSize of job (KB)
...
006 (14732468.000.000) 2021-09-24 22:40:13 Image size of job updated: 1022
	1022  -  MemoryUsage of job (MB)
	1047276  -  ResidentSetSize of job (KB)
...
006 (14732468.000.000) 2021-09-24 22:41:14 Image size of job updated: 1051
	1051  -  MemoryUsage of job (MB)
	1077152  -  ResidentSetSize of job (KB)
...
006 (14732468.000.000) 2021-09-24 22:42:14 Image size of job updated: 1080
	1080  -  MemoryUsage of job (MB)
	1106092  -  ResidentSetSize of job (KB)
...
006 (14732468.000.000) 2021-09-24 22:43:15 Image size of job updated: 1100
	1100  -  MemoryUsage of job (MB)
	1127152  -  ResidentSetSize of job (KB)
...
006 (14732468.000.000) 2021-09-24 22:44:16 Image size of job updated: 1120
	1120  -  MemoryUsage of job (MB)
	1147544  -  ResidentSetSize of job (KB)
...
006 (14732468.000.000) 2021-09-24 22:45:18 Image size of job updated: 1142
	1142  -  MemoryUsage of job (MB)
	1169772  -  ResidentSetSize of job (KB)
...
006 (14732468.000.000) 2021-09-24 22:46:18 Image size of job updated: 1162
	1162  -  MemoryUsage of job (MB)
	1190020  -  ResidentSetSize of job (KB)
...
006 (14732468.000.000) 2021-09-24 22:47:18 Image size of job updated: 1180
	1180  -  MemoryUsage of job (MB)
	1209192  -  ResidentSetSize of job (KB)
...
006 (14732468.000.000) 2021-09-24 22:48:19 Image size of job updated: 1199
	1199  -  MemoryUsage of job (MB)
	1228024  -  ResidentSetSize of job (KB)
...
006 (14732468.000.000) 2021-09-24 22:49:19 Image size of job updated: 1217
	1217  -  MemoryUsage of job (MB)
	1246652  -  ResidentSetSize of job (KB)
...
006 (14732468.000.000) 2021-09-24 22:50:20 Image size of job updated: 1235
	1235  -  MemoryUsage of job (MB)
	1265036  -  ResidentSetSize of job (KB)
...
006 (14732468.000.000) 2021-09-24 22:51:21 Image size of job updated: 1254
	1254  -  MemoryUsage of job (MB)
	1284888  -  ResidentSetSize of job (KB)
...
006 (14732468.000.000) 2021-09-24 22:52:22 Image size of job updated: 1272
	1272  -  MemoryUsage of job (MB)
	1303216  -  ResidentSetSize of job (KB)
...
006 (14732468.000.000) 2021-09-24 22:53:22 Image size of job updated: 1290
	1290  -  MemoryUsage of job (MB)
	1321088  -  ResidentSetSize of job (KB)
...
006 (14732468.000.000) 2021-09-24 22:54:22 Image size of job updated: 1307
	1307  -  MemoryUsage of job (MB)
	1338876  -  ResidentSetSize of job (KB)
...
006 (14732468.000.000) 2021-09-24 22:55:23 Image size of job updated: 1324
	1324  -  MemoryUsage of job (MB)
	1356316  -  ResidentSetSize of job (KB)
...
006 (14732468.000.000) 2021-09-24 22:56:23 Image size of job updated: 1341
	1341  -  MemoryUsage of job (MB)
	1373436  -  ResidentSetSize of job (KB)
...
006 (14732468.000.000) 2021-09-24 22:57:23 Image size of job updated: 1357
	1357  -  MemoryUsage of job (MB)
	1390232  -  ResidentSetSize of job (KB)
...
006 (14732468.000.000) 2021-09-24 22:58:23 Image size of job updated: 1375
	1375  -  MemoryUsage of job (MB)
	1408432  -  ResidentSetSize of job (KB)
...
006 (14732468.000.000) 2021-09-24 22:59:24 Image size of job updated: 1391
	1391  -  MemoryUsage of job (MB)
	1424660  -  ResidentSetSize of job (KB)
...
006 (14732468.000.000) 2021-09-24 23:00:25 Image size of job updated: 1406
	1406  -  MemoryUsage of job (MB)
	1440760  -  ResidentSetSize of job (KB)
...
006 (14732468.000.000) 2021-09-24 23:01:26 Image size of job updated: 1422
	1422  -  MemoryUsage of job (MB)
	1456812  -  ResidentSetSize of job (KB)
...
006 (14732468.000.000) 2021-09-24 23:02:28 Image size of job updated: 1439
	1439  -  MemoryUsage of job (MB)
	1474264  -  ResidentSetSize of job (KB)
...
006 (14732468.000.000) 2021-09-24 23:03:29 Image size of job updated: 1454
	1454  -  MemoryUsage of job (MB)
	1489796  -  ResidentSetSize of job (KB)
...
006 (14732468.000.000) 2021-09-24 23:04:30 Image size of job updated: 1469
	1469  -  MemoryUsage of job (MB)
	1505224  -  ResidentSetSize of job (KB)
...
006 (14732468.000.000) 2021-09-24 23:05:31 Image size of job updated: 1484
	1484  -  MemoryUsage of job (MB)
	1520456  -  ResidentSetSize of job (KB)
...
006 (14732468.000.000) 2021-09-24 23:06:32 Image size of job updated: 1499
	1499  -  MemoryUsage of job (MB)
	1535532  -  ResidentSetSize of job (KB)
...
006 (14732468.000.000) 2021-09-24 23:07:33 Image size of job updated: 1513
	1513  -  MemoryUsage of job (MB)
	1550292  -  ResidentSetSize of job (KB)
...
006 (14732468.000.000) 2021-09-24 23:08:35 Image size of job updated: 1529
	1529  -  MemoryUsage of job (MB)
	1566640  -  ResidentSetSize of job (KB)
...
006 (14732468.000.000) 2021-09-24 23:09:35 Image size of job updated: 1548
	1548  -  MemoryUsage of job (MB)
	1585396  -  ResidentSetSize of job (KB)
...
006 (14732468.000.000) 2021-09-24 23:10:36 Image size of job updated: 1628
	1628  -  MemoryUsage of job (MB)
	1667804  -  ResidentSetSize of job (KB)
...
006 (14732468.000.000) 2021-09-24 23:11:36 Image size of job updated: 1638
	1638  -  MemoryUsage of job (MB)
	1677428  -  ResidentSetSize of job (KB)
...
006 (14732468.000.000) 2021-09-24 23:12:37 Image size of job updated: 1641
	1641  -  MemoryUsage of job (MB)
	1681224  -  ResidentSetSize of job (KB)
...
006 (14732468.000.000) 2021-09-24 23:13:37 Image size of job updated: 1643
	1643  -  MemoryUsage of job (MB)
	1683256  -  ResidentSetSize of job (KB)
...
006 (14732468.000.000) 2021-09-24 23:14:39 Image size of job updated: 1644
	1644  -  MemoryUsage of job (MB)
	1684096  -  ResidentSetSize of job (KB)
...
006 (14732468.000.000) 2021-09-24 23:15:39 Image size of job updated: 1644
	1644  -  MemoryUsage of job (MB)
	1684240  -  ResidentSetSize of job (KB)
...
006 (14732468.000.000) 2021-09-24 23:16:40 Image size of job updated: 1645
	1645  -  MemoryUsage of job (MB)
	1684896  -  ResidentSetSize of job (KB)
...
006 (14732468.000.000) 2021-09-24 23:17:41 Image size of job updated: 1645
	1645  -  MemoryUsage of job (MB)
	1685460  -  ResidentSetSize of job (KB)
...
006 (14732468.000.000) 2021-09-24 23:18:41 Image size of job updated: 1645
	1645  -  MemoryUsage of job (MB)
	1685500  -  ResidentSetSize of job (KB)
...
006 (14732468.000.000) 2021-09-24 23:19:42 Image size of job updated: 1646
	1646  -  MemoryUsage of job (MB)
	1685960  -  ResidentSetSize of job (KB)
...
006 (14732468.000.000) 2021-09-24 23:20:42 Image size of job updated: 1646
	1646  -  MemoryUsage of job (MB)
	1686048  -  ResidentSetSize of job (KB)
...
006 (14732468.000.000) 2021-09-24 23:21:43 Image size of job updated: 1646
	1646  -  MemoryUsage of job (MB)
	1686472  -  ResidentSetSize of job (KB)
...
006 (14732468.000.000) 2021-09-24 23:22:44 Image size of job updated: 1647
	1647  -  MemoryUsage of job (MB)
	1686908  -  ResidentSetSize of job (KB)
...
006 (14732468.000.000) 2021-09-24 23:23:44 Image size of job updated: 1647
	1647  -  MemoryUsage of job (MB)
	1687044  -  ResidentSetSize of job (KB)
...
006 (14732468.000.000) 2021-09-24 23:24:45 Image size of job updated: 1648
	1648  -  MemoryUsage of job (MB)
	1687592  -  ResidentSetSize of job (KB)
...
006 (14732468.000.000) 2021-09-24 23:25:46 Image size of job updated: 1648
	1648  -  MemoryUsage of job (MB)
	1687620  -  ResidentSetSize of job (KB)
...
006 (14732468.000.000) 2021-09-24 23:26:46 Image size of job updated: 1648
	1648  -  MemoryUsage of job (MB)
	1688068  -  ResidentSetSize of job (KB)
...
006 (14732468.000.000) 2021-09-24 23:27:47 Image size of job updated: 1648
	1648  -  MemoryUsage of job (MB)
	1688136  -  ResidentSetSize of job (KB)
...
006 (14732468.000.000) 2021-09-24 23:28:47 Image size of job updated: 1648
	1648  -  MemoryUsage of job (MB)
	1688552  -  ResidentSetSize of job (KB)
...
006 (14732468.000.000) 2021-09-24 23:30:48 Image size of job updated: 1649
	1649  -  MemoryUsage of job (MB)
	1689016  -  ResidentSetSize of job (KB)
...
006 (14732468.000.000) 2021-09-24 23:31:49 Image size of job updated: 1649
	1649  -  MemoryUsage of job (MB)
	1689024  -  ResidentSetSize of job (KB)
...
006 (14732468.000.000) 2021-09-24 23:32:50 Image size of job updated: 1649
	1649  -  MemoryUsage of job (MB)
	1689488  -  ResidentSetSize of job (KB)
...
006 (14732468.000.000) 2021-09-24 23:33:51 Image size of job updated: 1650
	1650  -  MemoryUsage of job (MB)
	1689836  -  ResidentSetSize of job (KB)
...
006 (14732468.000.000) 2021-09-24 23:34:51 Image size of job updated: 1650
	1650  -  MemoryUsage of job (MB)
	1689964  -  ResidentSetSize of job (KB)
...
006 (14732468.000.000) 2021-09-24 23:35:52 Image size of job updated: 1650
	1650  -  MemoryUsage of job (MB)
	1690412  -  ResidentSetSize of job (KB)
...
006 (14732468.000.000) 2021-09-24 23:37:53 Image size of job updated: 1651
	1651  -  MemoryUsage of job (MB)
	1690936  -  ResidentSetSize of job (KB)
...
006 (14732468.000.000) 2021-09-24 23:39:54 Image size of job updated: 1651
	1651  -  MemoryUsage of job (MB)
	1691244  -  ResidentSetSize of job (KB)
...
006 (14732468.000.000) 2021-09-24 23:40:55 Image size of job updated: 1651
	1651  -  MemoryUsage of job (MB)
	1691520  -  ResidentSetSize of job (KB)
...
006 (14732468.000.000) 2021-09-24 23:41:56 Image size of job updated: 1652
	1652  -  MemoryUsage of job (MB)
	1691696  -  ResidentSetSize of job (KB)
...
006 (14732468.000.000) 2021-09-24 23:42:56 Image size of job updated: 1652
	1652  -  MemoryUsage of job (MB)
	1691720  -  ResidentSetSize of job (KB)
...
006 (14732468.000.000) 2021-09-24 23:43:57 Image size of job updated: 1652
	1652  -  MemoryUsage of job (MB)
	1692160  -  ResidentSetSize of job (KB)
...
006 (14732468.000.000) 2021-09-24 23:44:57 Image size of job updated: 1652
	1652  -  MemoryUsage of job (MB)
	1692184  -  ResidentSetSize of job (KB)
...
006 (14732468.000.000) 2021-09-24 23:45:58 Image size of job updated: 1652
	1652  -  MemoryUsage of job (MB)
	1692632  -  ResidentSetSize of job (KB)
...
006 (14732468.000.000) 2021-09-24 23:47:59 Image size of job updated: 1653
	1653  -  MemoryUsage of job (MB)
	1693096  -  ResidentSetSize of job (KB)
...
006 (14732468.000.000) 2021-09-24 23:52:00 Image size of job updated: 1653
	1653  -  MemoryUsage of job (MB)
	1693476  -  ResidentSetSize of job (KB)
...
006 (14732468.000.000) 2021-09-24 23:56:03 Image size of job updated: 1654
	1654  -  MemoryUsage of job (MB)
	1693784  -  ResidentSetSize of job (KB)
...
006 (14732468.000.000) 2021-09-24 23:57:03 Image size of job updated: 1654
	1654  -  MemoryUsage of job (MB)
	1693904  -  ResidentSetSize of job (KB)
...
006 (14732468.000.000) 2021-09-25 00:02:06 Image size of job updated: 1654
	1654  -  MemoryUsage of job (MB)
	1694312  -  ResidentSetSize of job (KB)
...
006 (14732468.000.000) 2021-09-25 00:03:07 Image size of job updated: 1654
	1654  -  MemoryUsage of job (MB)
	1694316  -  ResidentSetSize of job (KB)
...
006 (14732468.000.000) 2021-09-25 00:04:08 Image size of job updated: 1654
	1654  -  MemoryUsage of job (MB)
	1694328  -  ResidentSetSize of job (KB)
...
006 (14732468.000.000) 2021-09-25 00:05:09 Image size of job updated: 1654
	1654  -  MemoryUsage of job (MB)
	1694336  -  ResidentSetSize of job (KB)
...
006 (14732468.000.000) 2021-09-25 00:06:09 Image size of job updated: 1654
	1654  -  MemoryUsage of job (MB)
	1694380  -  ResidentSetSize of job (KB)
...
006 (14732468.000.000) 2021-09-25 00:08:11 Image size of job updated: 1655
	1655  -  MemoryUsage of job (MB)
	1694784  -  ResidentSetSize of job (KB)
...
006 (14732468.000.000) 2021-09-25 00:09:12 Image size of job updated: 1655
	1655  -  MemoryUsage of job (MB)
	1694932  -  ResidentSetSize of job (KB)
...
006 (14732468.000.000) 2021-09-25 00:10:13 Image size of job updated: 1655
	1655  -  MemoryUsage of job (MB)
	1695016  -  ResidentSetSize of job (KB)
...
006 (14732468.000.000) 2021-09-25 00:11:14 Image size of job updated: 1655
	1655  -  MemoryUsage of job (MB)
	1695096  -  ResidentSetSize of job (KB)
...
006 (14732468.000.000) 2021-09-25 00:12:15 Image size of job updated: 1655
	1655  -  MemoryUsage of job (MB)
	1695256  -  ResidentSetSize of job (KB)
...
006 (14732468.000.000) 2021-09-25 00:13:15 Image size of job updated: 1655
	1655  -  MemoryUsage of job (MB)
	1695404  -  ResidentSetSize of job (KB)
...
006 (14732468.000.000) 2021-09-25 00:14:15 Image size of job updated: 1655
	1655  -  MemoryUsage of job (MB)
	1695408  -  ResidentSetSize of job (KB)
...
006 (14732468.000.000) 2021-09-25 00:15:16 Image size of job updated: 1655
	1655  -  MemoryUsage of job (MB)
	1695420  -  ResidentSetSize of job (KB)
...
006 (14732468.000.000) 2021-09-25 00:16:17 Image size of job updated: 1656
	1656  -  MemoryUsage of job (MB)
	1695876  -  ResidentSetSize of job (KB)
...
006 (14732468.000.000) 2021-09-25 00:17:18 Image size of job updated: 1656
	1656  -  MemoryUsage of job (MB)
	1695880  -  ResidentSetSize of job (KB)
...
006 (14732468.000.000) 2021-09-25 00:18:18 Image size of job updated: 1656
	1656  -  MemoryUsage of job (MB)
	1695888  -  ResidentSetSize of job (KB)
...
006 (14732468.000.000) 2021-09-25 00:19:19 Image size of job updated: 1656
	1656  -  MemoryUsage of job (MB)
	1695896  -  ResidentSetSize of job (KB)
...
006 (14732468.000.000) 2021-09-25 00:20:20 Image size of job updated: 1656
	1656  -  MemoryUsage of job (MB)
	1695944  -  ResidentSetSize of job (KB)
...
006 (14732468.000.000) 2021-09-25 00:21:21 Image size of job updated: 1656
	1656  -  MemoryUsage of job (MB)
	1695984  -  ResidentSetSize of job (KB)
...
006 (14732468.000.000) 2021-09-25 00:22:21 Image size of job updated: 1656
	1656  -  MemoryUsage of job (MB)
	1695988  -  ResidentSetSize of job (KB)
...
006 (14732468.000.000) 2021-09-25 00:24:22 Image size of job updated: 1656
	1656  -  MemoryUsage of job (MB)
	1696372  -  ResidentSetSize of job (KB)
...
006 (14732468.000.000) 2021-09-25 00:25:24 Image size of job updated: 1656
	1656  -  MemoryUsage of job (MB)
	1696384  -  ResidentSetSize of job (KB)
...
006 (14732468.000.000) 2021-09-25 00:26:24 Image size of job updated: 1656
	1656  -  MemoryUsage of job (MB)
	1696388  -  ResidentSetSize of job (KB)
...
006 (14732468.000.000) 2021-09-25 00:27:24 Image size of job updated: 1656
	1656  -  MemoryUsage of job (MB)
	1696404  -  ResidentSetSize of job (KB)
...
006 (14732468.000.000) 2021-09-25 00:28:25 Image size of job updated: 1656
	1656  -  MemoryUsage of job (MB)
	1696420  -  ResidentSetSize of job (KB)
...
006 (14732468.000.000) 2021-09-25 00:29:25 Image size of job updated: 1656
	1656  -  MemoryUsage of job (MB)
	1696444  -  ResidentSetSize of job (KB)
...
006 (14732468.000.000) 2021-09-25 00:30:25 Image size of job updated: 1656
	1656  -  MemoryUsage of job (MB)
	1696460  -  ResidentSetSize of job (KB)
...
006 (14732468.000.000) 2021-09-25 00:31:25 Image size of job updated: 1656
	1656  -  MemoryUsage of job (MB)
	1696472  -  ResidentSetSize of job (KB)
...
006 (14732468.000.000) 2021-09-25 00:32:26 Image size of job updated: 1657
	1657  -  MemoryUsage of job (MB)
	1696888  -  ResidentSetSize of job (KB)
...
006 (14732468.000.000) 2021-09-25 00:33:27 Image size of job updated: 1657
	1657  -  MemoryUsage of job (MB)
	1696968  -  ResidentSetSize of job (KB)
...
006 (14732468.000.000) 2021-09-25 00:34:28 Image size of job updated: 1657
	1657  -  MemoryUsage of job (MB)
	1696972  -  ResidentSetSize of job (KB)
...
006 (14732468.000.000) 2021-09-25 00:35:30 Image size of job updated: 1657
	1657  -  MemoryUsage of job (MB)
	1696984  -  ResidentSetSize of job (KB)
...
006 (14732468.000.000) 2021-09-25 00:36:30 Image size of job updated: 1657
	1657  -  MemoryUsage of job (MB)
	1696996  -  ResidentSetSize of job (KB)
...
006 (14732468.000.000) 2021-09-25 00:37:31 Image size of job updated: 1657
	1657  -  MemoryUsage of job (MB)
	1697000  -  ResidentSetSize of job (KB)
...
006 (14732468.000.000) 2021-09-25 00:38:32 Image size of job updated: 1657
	1657  -  MemoryUsage of job (MB)
	1697012  -  ResidentSetSize of job (KB)
...
006 (14732468.000.000) 2021-09-25 00:39:33 Image size of job updated: 1657
	1657  -  MemoryUsage of job (MB)
	1697032  -  ResidentSetSize of job (KB)
...
006 (14732468.000.000) 2021-09-25 00:40:33 Image size of job updated: 1657
	1657  -  MemoryUsage of job (MB)
	1697048  -  ResidentSetSize of job (KB)
...
006 (14732468.000.000) 2021-09-25 00:41:34 Image size of job updated: 1657
	1657  -  MemoryUsage of job (MB)
	1697412  -  ResidentSetSize of job (KB)
...
006 (14732468.000.000) 2021-09-25 00:42:34 Image size of job updated: 1657
	1657  -  MemoryUsage of job (MB)
	1697508  -  ResidentSetSize of job (KB)
...
006 (14732468.000.000) 2021-09-25 00:47:38 Image size of job updated: 1657
	1657  -  MemoryUsage of job (MB)
	1697512  -  ResidentSetSize of job (KB)
...
006 (14732468.000.000) 2021-09-25 00:48:38 Image size of job updated: 1657
	1657  -  MemoryUsage of job (MB)
	1697516  -  ResidentSetSize of job (KB)
...
006 (14732468.000.000) 2021-09-25 00:49:40 Image size of job updated: 1657
	1657  -  MemoryUsage of job (MB)
	1697524  -  ResidentSetSize of job (KB)
...
006 (14732468.000.000) 2021-09-25 00:50:40 Image size of job updated: 1658
	1658  -  MemoryUsage of job (MB)
	1697896  -  ResidentSetSize of job (KB)
...
006 (14732468.000.000) 2021-09-25 00:53:43 Image size of job updated: 1658
	1658  -  MemoryUsage of job (MB)
	1697900  -  ResidentSetSize of job (KB)
...
006 (14732468.000.000) 2021-09-25 00:58:47 Image size of job updated: 1658
	1658  -  MemoryUsage of job (MB)
	1698148  -  ResidentSetSize of job (KB)
...
006 (14732468.000.000) 2021-09-25 00:59:49 Image size of job updated: 1658
	1658  -  MemoryUsage of job (MB)
	1698360  -  ResidentSetSize of job (KB)
...
006 (14732468.000.000) 2021-09-25 01:05:53 Image size of job updated: 1658
	1658  -  MemoryUsage of job (MB)
	1698364  -  ResidentSetSize of job (KB)
...
006 (14732468.000.000) 2021-09-25 01:06:54 Image size of job updated: 1658
	1658  -  MemoryUsage of job (MB)
	1698416  -  ResidentSetSize of job (KB)
...
006 (14732468.000.000) 2021-09-25 01:07:55 Image size of job updated: 1658
	1658  -  MemoryUsage of job (MB)
	1698644  -  ResidentSetSize of job (KB)
...
006 (14732468.000.000) 2021-09-25 01:08:55 Image size of job updated: 1658
	1658  -  MemoryUsage of job (MB)
	1698768  -  ResidentSetSize of job (KB)
...
006 (14732468.000.000) 2021-09-25 01:09:56 Image size of job updated: 1658
	1658  -  MemoryUsage of job (MB)
	1698772  -  ResidentSetSize of job (KB)
...
006 (14732468.000.000) 2021-09-25 01:10:57 Image size of job updated: 1658
	1658  -  MemoryUsage of job (MB)
	1698788  -  ResidentSetSize of job (KB)
...
006 (14732468.000.000) 2021-09-25 01:11:58 Image size of job updated: 1658
	1658  -  MemoryUsage of job (MB)
	1698804  -  ResidentSetSize of job (KB)
...
006 (14732468.000.000) 2021-09-25 01:12:58 Image size of job updated: 1658
	1658  -  MemoryUsage of job (MB)
	1698808  -  ResidentSetSize of job (KB)
...
006 (14732468.000.000) 2021-09-25 01:13:58 Image size of job updated: 1658
	1658  -  MemoryUsage of job (MB)
	1698812  -  ResidentSetSize of job (KB)
...
006 (14732468.000.000) 2021-09-25 01:14:58 Image size of job updated: 1659
	1659  -  MemoryUsage of job (MB)
	1698816  -  ResidentSetSize of job (KB)
...
006 (14732468.000.000) 2021-09-25 01:16:00 Image size of job updated: 1659
	1659  -  MemoryUsage of job (MB)
	1698820  -  ResidentSetSize of job (KB)
...
006 (14732468.000.000) 2021-09-25 01:17:00 Image size of job updated: 1659
	1659  -  MemoryUsage of job (MB)
	1699212  -  ResidentSetSize of job (KB)
...
006 (14732468.000.000) 2021-09-25 01:19:00 Image size of job updated: 1659
	1659  -  MemoryUsage of job (MB)
	1699220  -  ResidentSetSize of job (KB)
...
006 (14732468.000.000) 2021-09-25 01:20:01 Image size of job updated: 1659
	1659  -  MemoryUsage of job (MB)
	1699224  -  ResidentSetSize of job (KB)
...
006 (14732468.000.000) 2021-09-25 01:22:02 Image size of job updated: 1659
	1659  -  MemoryUsage of job (MB)
	1699232  -  ResidentSetSize of job (KB)
...
006 (14732468.000.000) 2021-09-25 01:23:02 Image size of job updated: 1659
	1659  -  MemoryUsage of job (MB)
	1699236  -  ResidentSetSize of job (KB)
...
006 (14732468.000.000) 2021-09-25 01:25:04 Image size of job updated: 1659
	1659  -  MemoryUsage of job (MB)
	1699240  -  ResidentSetSize of job (KB)
...
006 (14732468.000.000) 2021-09-25 01:26:04 Image size of job updated: 1659
	1659  -  MemoryUsage of job (MB)
	1699640  -  ResidentSetSize of job (KB)
...
006 (14732468.000.000) 2021-09-25 01:32:05 Image size of job updated: 1659
	1659  -  MemoryUsage of job (MB)
	1699700  -  ResidentSetSize of job (KB)
...
006 (14732468.000.000) 2021-09-25 01:35:07 Image size of job updated: 1660
	1660  -  MemoryUsage of job (MB)
	1700044  -  ResidentSetSize of job (KB)
...
006 (14732468.000.000) 2021-09-25 01:38:10 Image size of job updated: 1660
	1660  -  MemoryUsage of job (MB)
	1700048  -  ResidentSetSize of job (KB)
...
006 (14732468.000.000) 2021-09-25 01:39:11 Image size of job updated: 1660
	1660  -  MemoryUsage of job (MB)
	1700068  -  ResidentSetSize of job (KB)
...
006 (14732468.000.000) 2021-09-25 01:44:14 Image size of job updated: 1660
	1660  -  MemoryUsage of job (MB)
	1700416  -  ResidentSetSize of job (KB)
...
006 (14732468.000.000) 2021-09-25 01:49:16 Image size of job updated: 1660
	1660  -  MemoryUsage of job (MB)
	1700420  -  ResidentSetSize of job (KB)
...
006 (14732468.000.000) 2021-09-25 01:50:16 Image size of job updated: 1660
	1660  -  MemoryUsage of job (MB)
	1700472  -  ResidentSetSize of job (KB)
...
006 (14732468.000.000) 2021-09-25 01:53:18 Image size of job updated: 1660
	1660  -  MemoryUsage of job (MB)
	1700760  -  ResidentSetSize of job (KB)
...
006 (14732468.000.000) 2021-09-25 01:54:19 Image size of job updated: 1660
	1660  -  MemoryUsage of job (MB)
	1700836  -  ResidentSetSize of job (KB)
...
006 (14732468.000.000) 2021-09-25 01:59:22 Image size of job updated: 1661
	1661  -  MemoryUsage of job (MB)
	1700876  -  ResidentSetSize of job (KB)
...
006 (14732468.000.000) 2021-09-25 02:00:22 Image size of job updated: 1661
	1661  -  MemoryUsage of job (MB)
	1700896  -  ResidentSetSize of job (KB)
...
006 (14732468.000.000) 2021-09-25 02:03:23 Image size of job updated: 1661
	1661  -  MemoryUsage of job (MB)
	1701236  -  ResidentSetSize of job (KB)
...
006 (14732468.000.000) 2021-09-25 02:09:26 Image size of job updated: 1661
	1661  -  MemoryUsage of job (MB)
	1701280  -  ResidentSetSize of job (KB)
...
006 (14732468.000.000) 2021-09-25 02:12:28 Image size of job updated: 1661
	1661  -  MemoryUsage of job (MB)
	1701528  -  ResidentSetSize of job (KB)
...
006 (14732468.000.000) 2021-09-25 02:13:29 Image size of job updated: 1661
	1661  -  MemoryUsage of job (MB)
	1701644  -  ResidentSetSize of job (KB)
...
006 (14732468.000.000) 2021-09-25 02:21:34 Image size of job updated: 1662
	1662  -  MemoryUsage of job (MB)
	1701992  -  ResidentSetSize of job (KB)
...
006 (14732468.000.000) 2021-09-25 02:24:37 Image size of job updated: 1662
	1662  -  MemoryUsage of job (MB)
	1701996  -  ResidentSetSize of job (KB)
...
006 (14732468.000.000) 2021-09-25 02:27:39 Image size of job updated: 1662
	1662  -  MemoryUsage of job (MB)
	1702000  -  ResidentSetSize of job (KB)
...
006 (14732468.000.000) 2021-09-25 02:28:40 Image size of job updated: 1662
	1662  -  MemoryUsage of job (MB)
	1702004  -  ResidentSetSize of job (KB)
...
006 (14732468.000.000) 2021-09-25 02:29:40 Image size of job updated: 1662
	1662  -  MemoryUsage of job (MB)
	1702352  -  ResidentSetSize of job (KB)
...
006 (14732468.000.000) 2021-09-25 02:30:41 Image size of job updated: 1662
	1662  -  MemoryUsage of job (MB)
	1702460  -  ResidentSetSize of job (KB)
...
006 (14732468.000.000) 2021-09-25 02:36:45 Image size of job updated: 1662
	1662  -  MemoryUsage of job (MB)
	1702508  -  ResidentSetSize of job (KB)
...
006 (14732468.000.000) 2021-09-25 02:38:47 Image size of job updated: 1662
	1662  -  MemoryUsage of job (MB)
	1702892  -  ResidentSetSize of job (KB)
...
006 (14732468.000.000) 2021-09-25 02:39:48 Image size of job updated: 1663
	1663  -  MemoryUsage of job (MB)
	1702936  -  ResidentSetSize of job (KB)
...
006 (14732468.000.000) 2021-09-25 02:46:53 Image size of job updated: 1663
	1663  -  MemoryUsage of job (MB)
	1703200  -  ResidentSetSize of job (KB)
...
006 (14732468.000.000) 2021-09-25 02:47:53 Image size of job updated: 1663
	1663  -  MemoryUsage of job (MB)
	1703300  -  ResidentSetSize of job (KB)
...
006 (14732468.000.000) 2021-09-25 02:48:53 Image size of job updated: 1663
	1663  -  MemoryUsage of job (MB)
	1703320  -  ResidentSetSize of job (KB)
...
006 (14732468.000.000) 2021-09-25 02:51:54 Image size of job updated: 1663
	1663  -  MemoryUsage of job (MB)
	1703324  -  ResidentSetSize of job (KB)
...
006 (14732468.000.000) 2021-09-25 02:53:55 Image size of job updated: 1663
	1663  -  MemoryUsage of job (MB)
	1703328  -  ResidentSetSize of job (KB)
...
006 (14732468.000.000) 2021-09-25 02:55:56 Image size of job updated: 1663
	1663  -  MemoryUsage of job (MB)
	1703736  -  ResidentSetSize of job (KB)
...
006 (14732468.000.000) 2021-09-25 02:57:58 Image size of job updated: 1663
	1663  -  MemoryUsage of job (MB)
	1703752  -  ResidentSetSize of job (KB)
...
006 (14732468.000.000) 2021-09-25 02:58:58 Image size of job updated: 1663
	1663  -  MemoryUsage of job (MB)
	1703776  -  ResidentSetSize of job (KB)
...
006 (14732468.000.000) 2021-09-25 02:59:59 Image size of job updated: 1663
	1663  -  MemoryUsage of job (MB)
	1703780  -  ResidentSetSize of job (KB)
...
006 (14732468.000.000) 2021-09-25 03:00:59 Image size of job updated: 1663
	1663  -  MemoryUsage of job (MB)
	1703792  -  ResidentSetSize of job (KB)
...
006 (14732468.000.000) 2021-09-25 03:04:00 Image size of job updated: 1664
	1664  -  MemoryUsage of job (MB)
	1704080  -  ResidentSetSize of job (KB)
...
006 (14732468.000.000) 2021-09-25 03:05:01 Image size of job updated: 1664
	1664  -  MemoryUsage of job (MB)
	1704160  -  ResidentSetSize of job (KB)
...
006 (14732468.000.000) 2021-09-25 03:08:03 Image size of job updated: 1664
	1664  -  MemoryUsage of job (MB)
	1704196  -  ResidentSetSize of job (KB)
...
006 (14732468.000.000) 2021-09-25 03:09:04 Image size of job updated: 1664
	1664  -  MemoryUsage of job (MB)
	1704208  -  ResidentSetSize of job (KB)
...
006 (14732468.000.000) 2021-09-25 03:11:05 Image size of job updated: 1664
	1664  -  MemoryUsage of job (MB)
	1704212  -  ResidentSetSize of job (KB)
...
006 (14732468.000.000) 2021-09-25 03:12:05 Image size of job updated: 1664
	1664  -  MemoryUsage of job (MB)
	1704640  -  ResidentSetSize of job (KB)
...
006 (14732468.000.000) 2021-09-25 03:15:08 Image size of job updated: 1664
	1664  -  MemoryUsage of job (MB)
	1704664  -  ResidentSetSize of job (KB)
...
006 (14732468.000.000) 2021-09-25 03:16:09 Image size of job updated: 1664
	1664  -  MemoryUsage of job (MB)
	1704672  -  ResidentSetSize of job (KB)
...
006 (14732468.000.000) 2021-09-25 03:20:11 Image size of job updated: 1665
	1665  -  MemoryUsage of job (MB)
	1705004  -  ResidentSetSize of job (KB)
...
006 (14732468.000.000) 2021-09-25 03:24:14 Image size of job updated: 1665
	1665  -  MemoryUsage of job (MB)
	1705060  -  ResidentSetSize of job (KB)
...
006 (14732468.000.000) 2021-09-25 03:27:16 Image size of job updated: 1665
	1665  -  MemoryUsage of job (MB)
	1705360  -  ResidentSetSize of job (KB)
...
006 (14732468.000.000) 2021-09-25 03:28:16 Image size of job updated: 1665
	1665  -  MemoryUsage of job (MB)
	1705444  -  ResidentSetSize of job (KB)
...
006 (14732468.000.000) 2021-09-25 03:31:18 Image size of job updated: 1665
	1665  -  MemoryUsage of job (MB)
	1705484  -  ResidentSetSize of job (KB)
...
006 (14732468.000.000) 2021-09-25 03:32:18 Image size of job updated: 1665
	1665  -  MemoryUsage of job (MB)
	1705496  -  ResidentSetSize of job (KB)
...
006 (14732468.000.000) 2021-09-25 03:33:19 Image size of job updated: 1665
	1665  -  MemoryUsage of job (MB)
	1705508  -  ResidentSetSize of job (KB)
...
006 (14732468.000.000) 2021-09-25 03:35:20 Image size of job updated: 1665
	1665  -  MemoryUsage of job (MB)
	1705880  -  ResidentSetSize of job (KB)
...
006 (14732468.000.000) 2021-09-25 03:36:20 Image size of job updated: 1665
	1665  -  MemoryUsage of job (MB)
	1705884  -  ResidentSetSize of job (KB)
...
006 (14732468.000.000) 2021-09-25 03:38:21 Image size of job updated: 1665
	1665  -  MemoryUsage of job (MB)
	1705912  -  ResidentSetSize of job (KB)
...
006 (14732468.000.000) 2021-09-25 03:39:21 Image size of job updated: 1665
	1665  -  MemoryUsage of job (MB)
	1705924  -  ResidentSetSize of job (KB)
...
006 (14732468.000.000) 2021-09-25 03:42:23 Image size of job updated: 1666
	1666  -  MemoryUsage of job (MB)
	1706164  -  ResidentSetSize of job (KB)
...
006 (14732468.000.000) 2021-09-25 03:43:24 Image size of job updated: 1666
	1666  -  MemoryUsage of job (MB)
	1706288  -  ResidentSetSize of job (KB)
...
006 (14732468.000.000) 2021-09-25 03:50:26 Image size of job updated: 1666
	1666  -  MemoryUsage of job (MB)
	1706676  -  ResidentSetSize of job (KB)
...
006 (14732468.000.000) 2021-09-25 03:53:26 Image size of job updated: 1666
	1666  -  MemoryUsage of job (MB)
	1706716  -  ResidentSetSize of job (KB)
...
006 (14732468.000.000) 2021-09-25 03:57:29 Image size of job updated: 1667
	1667  -  MemoryUsage of job (MB)
	1707124  -  ResidentSetSize of job (KB)
...
006 (14732468.000.000) 2021-09-25 04:04:33 Image size of job updated: 1667
	1667  -  MemoryUsage of job (MB)
	1707540  -  ResidentSetSize of job (KB)
...
006 (14732468.000.000) 2021-09-25 04:06:33 Image size of job updated: 1667
	1667  -  MemoryUsage of job (MB)
	1707572  -  ResidentSetSize of job (KB)
...
006 (14732468.000.000) 2021-09-25 04:07:34 Image size of job updated: 1667
	1667  -  MemoryUsage of job (MB)
	1707592  -  ResidentSetSize of job (KB)
...
006 (14732468.000.000) 2021-09-25 04:10:36 Image size of job updated: 1667
	1667  -  MemoryUsage of job (MB)
	1707920  -  ResidentSetSize of job (KB)
...
006 (14732468.000.000) 2021-09-25 04:11:37 Image size of job updated: 1667
	1667  -  MemoryUsage of job (MB)
	1707948  -  ResidentSetSize of job (KB)
...
006 (14732468.000.000) 2021-09-25 04:13:37 Image size of job updated: 1667
	1667  -  MemoryUsage of job (MB)
	1707952  -  ResidentSetSize of job (KB)
...
006 (14732468.000.000) 2021-09-25 04:17:38 Image size of job updated: 1668
	1668  -  MemoryUsage of job (MB)
	1708308  -  ResidentSetSize of job (KB)
...
006 (14732468.000.000) 2021-09-25 04:20:41 Image size of job updated: 1668
	1668  -  MemoryUsage of job (MB)
	1708372  -  ResidentSetSize of job (KB)
...
006 (14732468.000.000) 2021-09-25 04:23:43 Image size of job updated: 1668
	1668  -  MemoryUsage of job (MB)
	1708680  -  ResidentSetSize of job (KB)
...
006 (14732468.000.000) 2021-09-25 04:24:43 Image size of job updated: 1668
	1668  -  MemoryUsage of job (MB)
	1708760  -  ResidentSetSize of job (KB)
...
006 (14732468.000.000) 2021-09-25 04:27:43 Image size of job updated: 1668
	1668  -  MemoryUsage of job (MB)
	1708768  -  ResidentSetSize of job (KB)
...
006 (14732468.000.000) 2021-09-25 04:30:44 Image size of job updated: 1669
	1669  -  MemoryUsage of job (MB)
	1709192  -  ResidentSetSize of job (KB)
...
006 (14732468.000.000) 2021-09-25 04:31:46 Image size of job updated: 1669
	1669  -  MemoryUsage of job (MB)
	1709244  -  ResidentSetSize of job (KB)
...
006 (14732468.000.000) 2021-09-25 04:36:48 Image size of job updated: 1669
	1669  -  MemoryUsage of job (MB)
	1709476  -  ResidentSetSize of job (KB)
...
006 (14732468.000.000) 2021-09-25 04:37:48 Image size of job updated: 1669
	1669  -  MemoryUsage of job (MB)
	1709592  -  ResidentSetSize of job (KB)
...
006 (14732468.000.000) 2021-09-25 04:40:49 Image size of job updated: 1669
	1669  -  MemoryUsage of job (MB)
	1709596  -  ResidentSetSize of job (KB)
...
006 (14732468.000.000) 2021-09-25 04:41:49 Image size of job updated: 1669
	1669  -  MemoryUsage of job (MB)
	1709600  -  ResidentSetSize of job (KB)
...
006 (14732468.000.000) 2021-09-25 04:43:49 Image size of job updated: 1669
	1669  -  MemoryUsage of job (MB)
	1709944  -  ResidentSetSize of job (KB)
...
006 (14732468.000.000) 2021-09-25 04:47:52 Image size of job updated: 1669
	1669  -  MemoryUsage of job (MB)
	1709972  -  ResidentSetSize of job (KB)
...
006 (14732468.000.000) 2021-09-25 04:49:53 Image size of job updated: 1670
	1670  -  MemoryUsage of job (MB)
	1710372  -  ResidentSetSize of job (KB)
...
006 (14732468.000.000) 2021-09-25 04:55:59 Image size of job updated: 1670
	1670  -  MemoryUsage of job (MB)
	1710744  -  ResidentSetSize of job (KB)
...
006 (14732468.000.000) 2021-09-25 04:56:59 Image size of job updated: 1670
	1670  -  MemoryUsage of job (MB)
	1710856  -  ResidentSetSize of job (KB)
...
006 (14732468.000.000) 2021-09-25 05:02:05 Image size of job updated: 1671
	1671  -  MemoryUsage of job (MB)
	1711184  -  ResidentSetSize of job (KB)
...
006 (14732468.000.000) 2021-09-25 05:03:05 Image size of job updated: 1671
	1671  -  MemoryUsage of job (MB)
	1711284  -  ResidentSetSize of job (KB)
...
006 (14732468.000.000) 2021-09-25 05:09:08 Image size of job updated: 1671
	1671  -  MemoryUsage of job (MB)
	1711660  -  ResidentSetSize of job (KB)
...
006 (14732468.000.000) 2021-09-25 05:11:09 Image size of job updated: 1671
	1671  -  MemoryUsage of job (MB)
	1711676  -  ResidentSetSize of job (KB)
...
006 (14732468.000.000) 2021-09-25 05:12:09 Image size of job updated: 1671
	1671  -  MemoryUsage of job (MB)
	1711688  -  ResidentSetSize of job (KB)
...
006 (14732468.000.000) 2021-09-25 05:15:10 Image size of job updated: 1671
	1671  -  MemoryUsage of job (MB)
	1712036  -  ResidentSetSize of job (KB)
...
006 (14732468.000.000) 2021-09-25 05:18:11 Image size of job updated: 1671
	1671  -  MemoryUsage of job (MB)
	1712068  -  ResidentSetSize of job (KB)
...
006 (14732468.000.000) 2021-09-25 05:21:12 Image size of job updated: 1672
	1672  -  MemoryUsage of job (MB)
	1712364  -  ResidentSetSize of job (KB)
...
006 (14732468.000.000) 2021-09-25 05:22:12 Image size of job updated: 1672
	1672  -  MemoryUsage of job (MB)
	1712464  -  ResidentSetSize of job (KB)
...
006 (14732468.000.000) 2021-09-25 05:24:14 Image size of job updated: 1672
	1672  -  MemoryUsage of job (MB)
	1712476  -  ResidentSetSize of job (KB)
...
006 (14732468.000.000) 2021-09-25 05:25:14 Image size of job updated: 1672
	1672  -  MemoryUsage of job (MB)
	1712492  -  ResidentSetSize of job (KB)
...
006 (14732468.000.000) 2021-09-25 05:28:16 Image size of job updated: 1672
	1672  -  MemoryUsage of job (MB)
	1712864  -  ResidentSetSize of job (KB)
...
006 (14732468.000.000) 2021-09-25 05:30:18 Image size of job updated: 1672
	1672  -  MemoryUsage of job (MB)
	1712888  -  ResidentSetSize of job (KB)
...
006 (14732468.000.000) 2021-09-25 05:31:18 Image size of job updated: 1672
	1672  -  MemoryUsage of job (MB)
	1712912  -  ResidentSetSize of job (KB)
...
006 (14732468.000.000) 2021-09-25 05:34:21 Image size of job updated: 1673
	1673  -  MemoryUsage of job (MB)
	1713296  -  ResidentSetSize of job (KB)
...
006 (14732468.000.000) 2021-09-25 05:38:25 Image size of job updated: 1673
	1673  -  MemoryUsage of job (MB)
	1713308  -  ResidentSetSize of job (KB)
...
006 (14732468.000.000) 2021-09-25 05:40:26 Image size of job updated: 1673
	1673  -  MemoryUsage of job (MB)
	1713540  -  ResidentSetSize of job (KB)
...
006 (14732468.000.000) 2021-09-25 05:41:27 Image size of job updated: 1673
	1673  -  MemoryUsage of job (MB)
	1713724  -  ResidentSetSize of job (KB)
...
006 (14732468.000.000) 2021-09-25 05:44:29 Image size of job updated: 1673
	1673  -  MemoryUsage of job (MB)
	1713748  -  ResidentSetSize of job (KB)
...
006 (14732468.000.000) 2021-09-25 05:47:32 Image size of job updated: 1673
	1673  -  MemoryUsage of job (MB)
	1714092  -  ResidentSetSize of job (KB)
...
006 (14732468.000.000) 2021-09-25 05:53:35 Image size of job updated: 1674
	1674  -  MemoryUsage of job (MB)
	1714480  -  ResidentSetSize of job (KB)
...
006 (14732468.000.000) 2021-09-25 05:54:36 Image size of job updated: 1674
	1674  -  MemoryUsage of job (MB)
	1714492  -  ResidentSetSize of job (KB)
...
006 (14732468.000.000) 2021-09-25 05:59:39 Image size of job updated: 1674
	1674  -  MemoryUsage of job (MB)
	1714872  -  ResidentSetSize of job (KB)
...
006 (14732468.000.000) 2021-09-25 06:02:40 Image size of job updated: 1674
	1674  -  MemoryUsage of job (MB)
	1714884  -  ResidentSetSize of job (KB)
...
006 (14732468.000.000) 2021-09-25 06:04:41 Image size of job updated: 1674
	1674  -  MemoryUsage of job (MB)
	1715148  -  ResidentSetSize of job (KB)
...
006 (14732468.000.000) 2021-09-25 06:05:42 Image size of job updated: 1675
	1675  -  MemoryUsage of job (MB)
	1715288  -  ResidentSetSize of job (KB)
...
006 (14732468.000.000) 2021-09-25 06:08:44 Image size of job updated: 1675
	1675  -  MemoryUsage of job (MB)
	1715320  -  ResidentSetSize of job (KB)
...
006 (14732468.000.000) 2021-09-25 06:10:45 Image size of job updated: 1675
	1675  -  MemoryUsage of job (MB)
	1715724  -  ResidentSetSize of job (KB)
...
006 (14732468.000.000) 2021-09-25 06:15:48 Image size of job updated: 1675
	1675  -  MemoryUsage of job (MB)
	1715992  -  ResidentSetSize of job (KB)
...
006 (14732468.000.000) 2021-09-25 06:16:48 Image size of job updated: 1675
	1675  -  MemoryUsage of job (MB)
	1716144  -  ResidentSetSize of job (KB)
...
006 (14732468.000.000) 2021-09-25 06:21:51 Image size of job updated: 1676
	1676  -  MemoryUsage of job (MB)
	1716492  -  ResidentSetSize of job (KB)
...
006 (14732468.000.000) 2021-09-25 06:22:51 Image size of job updated: 1676
	1676  -  MemoryUsage of job (MB)
	1716524  -  ResidentSetSize of job (KB)
...
006 (14732468.000.000) 2021-09-25 06:26:53 Image size of job updated: 1676
	1676  -  MemoryUsage of job (MB)
	1716740  -  ResidentSetSize of job (KB)
...
006 (14732468.000.000) 2021-09-25 06:27:53 Image size of job updated: 1676
	1676  -  MemoryUsage of job (MB)
	1716880  -  ResidentSetSize of job (KB)
...
006 (14732468.000.000) 2021-09-25 06:31:54 Image size of job updated: 1676
	1676  -  MemoryUsage of job (MB)
	1716940  -  ResidentSetSize of job (KB)
...
006 (14732468.000.000) 2021-09-25 06:32:54 Image size of job updated: 1677
	1677  -  MemoryUsage of job (MB)
	1717276  -  ResidentSetSize of job (KB)
...
006 (14732468.000.000) 2021-09-25 06:37:57 Image size of job updated: 1677
	1677  -  MemoryUsage of job (MB)
	1717616  -  ResidentSetSize of job (KB)
...
006 (14732468.000.000) 2021-09-25 06:38:58 Image size of job updated: 1677
	1677  -  MemoryUsage of job (MB)
	1717712  -  ResidentSetSize of job (KB)
...
006 (14732468.000.000) 2021-09-25 06:39:59 Image size of job updated: 1677
	1677  -  MemoryUsage of job (MB)
	1717728  -  ResidentSetSize of job (KB)
...
006 (14732468.000.000) 2021-09-25 06:41:00 Image size of job updated: 1677
	1677  -  MemoryUsage of job (MB)
	1717808  -  ResidentSetSize of job (KB)
...
006 (14732468.000.000) 2021-09-25 06:42:00 Image size of job updated: 1677
	1677  -  MemoryUsage of job (MB)
	1717844  -  ResidentSetSize of job (KB)
...
006 (14732468.000.000) 2021-09-25 06:43:01 Image size of job updated: 1677
	1677  -  MemoryUsage of job (MB)
	1717848  -  ResidentSetSize of job (KB)
...
006 (14732468.000.000) 2021-09-25 06:44:01 Image size of job updated: 1677
	1677  -  MemoryUsage of job (MB)
	1718256  -  ResidentSetSize of job (KB)
...
006 (14732468.000.000) 2021-09-25 06:45:01 Image size of job updated: 1678
	1678  -  MemoryUsage of job (MB)
	1718272  -  ResidentSetSize of job (KB)
...
006 (14732468.000.000) 2021-09-25 06:46:02 Image size of job updated: 1678
	1678  -  MemoryUsage of job (MB)
	1718324  -  ResidentSetSize of job (KB)
...
006 (14732468.000.000) 2021-09-25 06:47:03 Image size of job updated: 1678
	1678  -  MemoryUsage of job (MB)
	1718336  -  ResidentSetSize of job (KB)
...
006 (14732468.000.000) 2021-09-25 06:49:03 Image size of job updated: 1678
	1678  -  MemoryUsage of job (MB)
	1718372  -  ResidentSetSize of job (KB)
...
006 (14732468.000.000) 2021-09-25 06:50:03 Image size of job updated: 1678
	1678  -  MemoryUsage of job (MB)
	1718768  -  ResidentSetSize of job (KB)
...
006 (14732468.000.000) 2021-09-25 06:52:04 Image size of job updated: 1678
	1678  -  MemoryUsage of job (MB)
	1718776  -  ResidentSetSize of job (KB)
...
006 (14732468.000.000) 2021-09-25 06:55:05 Image size of job updated: 1678
	1678  -  MemoryUsage of job (MB)
	1719036  -  ResidentSetSize of job (KB)
...
006 (14732468.000.000) 2021-09-25 06:56:06 Image size of job updated: 1678
	1678  -  MemoryUsage of job (MB)
	1719140  -  ResidentSetSize of job (KB)
...
006 (14732468.000.000) 2021-09-25 06:57:07 Image size of job updated: 1678
	1678  -  MemoryUsage of job (MB)
	1719168  -  ResidentSetSize of job (KB)
...
006 (14732468.000.000) 2021-09-25 06:58:08 Image size of job updated: 1678
	1678  -  MemoryUsage of job (MB)
	1719180  -  ResidentSetSize of job (KB)
...
006 (14732468.000.000) 2021-09-25 07:01:10 Image size of job updated: 1679
	1679  -  MemoryUsage of job (MB)
	1719532  -  ResidentSetSize of job (KB)
...
006 (14732468.000.000) 2021-09-25 07:02:10 Image size of job updated: 1679
	1679  -  MemoryUsage of job (MB)
	1719560  -  ResidentSetSize of job (KB)
...
006 (14732468.000.000) 2021-09-25 07:03:10 Image size of job updated: 1679
	1679  -  MemoryUsage of job (MB)
	1719572  -  ResidentSetSize of job (KB)
...
006 (14732468.000.000) 2021-09-25 07:06:10 Image size of job updated: 1679
	1679  -  MemoryUsage of job (MB)
	1719916  -  ResidentSetSize of job (KB)
...
006 (14732468.000.000) 2021-09-25 07:07:10 Image size of job updated: 1679
	1679  -  MemoryUsage of job (MB)
	1719944  -  ResidentSetSize of job (KB)
...
006 (14732468.000.000) 2021-09-25 07:08:11 Image size of job updated: 1679
	1679  -  MemoryUsage of job (MB)
	1719960  -  ResidentSetSize of job (KB)
...
006 (14732468.000.000) 2021-09-25 07:11:14 Image size of job updated: 1680
	1680  -  MemoryUsage of job (MB)
	1720324  -  ResidentSetSize of job (KB)
...
006 (14732468.000.000) 2021-09-25 07:13:14 Image size of job updated: 1680
	1680  -  MemoryUsage of job (MB)
	1720336  -  ResidentSetSize of job (KB)
...
006 (14732468.000.000) 2021-09-25 07:14:14 Image size of job updated: 1680
	1680  -  MemoryUsage of job (MB)
	1720340  -  ResidentSetSize of job (KB)
...
006 (14732468.000.000) 2021-09-25 07:15:14 Image size of job updated: 1680
	1680  -  MemoryUsage of job (MB)
	1720756  -  ResidentSetSize of job (KB)
...
006 (14732468.000.000) 2021-09-25 07:19:16 Image size of job updated: 1680
	1680  -  MemoryUsage of job (MB)
	1721188  -  ResidentSetSize of job (KB)
...
006 (14732468.000.000) 2021-09-25 07:23:16 Image size of job updated: 1681
	1681  -  MemoryUsage of job (MB)
	1721476  -  ResidentSetSize of job (KB)
...
006 (14732468.000.000) 2021-09-25 07:24:18 Image size of job updated: 1681
	1681  -  MemoryUsage of job (MB)
	1721580  -  ResidentSetSize of job (KB)
...
006 (14732468.000.000) 2021-09-25 07:27:19 Image size of job updated: 1681
	1681  -  MemoryUsage of job (MB)
	1721644  -  ResidentSetSize of job (KB)
...
006 (14732468.000.000) 2021-09-25 07:28:21 Image size of job updated: 1681
	1681  -  MemoryUsage of job (MB)
	1721980  -  ResidentSetSize of job (KB)
...
006 (14732468.000.000) 2021-09-25 07:31:21 Image size of job updated: 1681
	1681  -  MemoryUsage of job (MB)
	1721996  -  ResidentSetSize of job (KB)
...
006 (14732468.000.000) 2021-09-25 07:32:22 Image size of job updated: 1682
	1682  -  MemoryUsage of job (MB)
	1722396  -  ResidentSetSize of job (KB)
...
006 (14732468.000.000) 2021-09-25 07:33:22 Image size of job updated: 1682
	1682  -  MemoryUsage of job (MB)
	1722400  -  ResidentSetSize of job (KB)
...
006 (14732468.000.000) 2021-09-25 07:34:23 Image size of job updated: 1682
	1682  -  MemoryUsage of job (MB)
	1722408  -  ResidentSetSize of job (KB)
...
006 (14732468.000.000) 2021-09-25 07:36:23 Image size of job updated: 1682
	1682  -  MemoryUsage of job (MB)
	1722644  -  ResidentSetSize of job (KB)
...
006 (14732468.000.000) 2021-09-25 07:37:23 Image size of job updated: 1682
	1682  -  MemoryUsage of job (MB)
	1722752  -  ResidentSetSize of job (KB)
...
006 (14732468.000.000) 2021-09-25 07:39:24 Image size of job updated: 1682
	1682  -  MemoryUsage of job (MB)
	1722764  -  ResidentSetSize of job (KB)
...
006 (14732468.000.000) 2021-09-25 07:40:24 Image size of job updated: 1682
	1682  -  MemoryUsage of job (MB)
	1722780  -  ResidentSetSize of job (KB)
...
006 (14732468.000.000) 2021-09-25 07:41:25 Image size of job updated: 1682
	1682  -  MemoryUsage of job (MB)
	1723172  -  ResidentSetSize of job (KB)
...
006 (14732468.000.000) 2021-09-25 07:42:25 Image size of job updated: 1682
	1682  -  MemoryUsage of job (MB)
	1723180  -  ResidentSetSize of job (KB)
...
006 (14732468.000.000) 2021-09-25 07:43:25 Image size of job updated: 1682
	1682  -  MemoryUsage of job (MB)
	1723188  -  ResidentSetSize of job (KB)
...
006 (14732468.000.000) 2021-09-25 07:45:26 Image size of job updated: 1683
	1683  -  MemoryUsage of job (MB)
	1723552  -  ResidentSetSize of job (KB)
...
006 (14732468.000.000) 2021-09-25 07:49:28 Image size of job updated: 1683
	1683  -  MemoryUsage of job (MB)
	1723884  -  ResidentSetSize of job (KB)
...
006 (14732468.000.000) 2021-09-25 07:50:30 Image size of job updated: 1683
	1683  -  MemoryUsage of job (MB)
	1724004  -  ResidentSetSize of job (KB)
...
006 (14732468.000.000) 2021-09-25 07:51:30 Image size of job updated: 1683
	1683  -  MemoryUsage of job (MB)
	1724040  -  ResidentSetSize of job (KB)
...
006 (14732468.000.000) 2021-09-25 07:52:30 Image size of job updated: 1683
	1683  -  MemoryUsage of job (MB)
	1724044  -  ResidentSetSize of job (KB)
...
006 (14732468.000.000) 2021-09-25 07:54:32 Image size of job updated: 1683
	1683  -  MemoryUsage of job (MB)
	1724368  -  ResidentSetSize of job (KB)
...
006 (14732468.000.000) 2021-09-25 07:55:33 Image size of job updated: 1683
	1683  -  MemoryUsage of job (MB)
	1724372  -  ResidentSetSize of job (KB)
...
006 (14732468.000.000) 2021-09-25 07:56:34 Image size of job updated: 1683
	1683  -  MemoryUsage of job (MB)
	1724384  -  ResidentSetSize of job (KB)
...
006 (14732468.000.000) 2021-09-25 07:57:36 Image size of job updated: 1683
	1683  -  MemoryUsage of job (MB)
	1724388  -  ResidentSetSize of job (KB)
...
006 (14732468.000.000) 2021-09-25 07:58:36 Image size of job updated: 1684
	1684  -  MemoryUsage of job (MB)
	1724792  -  ResidentSetSize of job (KB)
...
006 (14732468.000.000) 2021-09-25 08:00:36 Image size of job updated: 1684
	1684  -  MemoryUsage of job (MB)
	1724796  -  ResidentSetSize of job (KB)
...
006 (14732468.000.000) 2021-09-25 08:01:37 Image size of job updated: 1684
	1684  -  MemoryUsage of job (MB)
	1724800  -  ResidentSetSize of job (KB)
...
006 (14732468.000.000) 2021-09-25 08:02:38 Image size of job updated: 1684
	1684  -  MemoryUsage of job (MB)
	1725200  -  ResidentSetSize of job (KB)
...
006 (14732468.000.000) 2021-09-25 08:04:40 Image size of job updated: 1684
	1684  -  MemoryUsage of job (MB)
	1725244  -  ResidentSetSize of job (KB)
...
006 (14732468.000.000) 2021-09-25 08:05:40 Image size of job updated: 1684
	1684  -  MemoryUsage of job (MB)
	1725248  -  ResidentSetSize of job (KB)
...
006 (14732468.000.000) 2021-09-25 08:06:40 Image size of job updated: 1685
	1685  -  MemoryUsage of job (MB)
	1725588  -  ResidentSetSize of job (KB)
...
006 (14732468.000.000) 2021-09-25 08:10:44 Image size of job updated: 1685
	1685  -  MemoryUsage of job (MB)
	1725976  -  ResidentSetSize of job (KB)
...
006 (14732468.000.000) 2021-09-25 08:11:44 Image size of job updated: 1685
	1685  -  MemoryUsage of job (MB)
	1725984  -  ResidentSetSize of job (KB)
...
006 (14732468.000.000) 2021-09-25 08:12:45 Image size of job updated: 1685
	1685  -  MemoryUsage of job (MB)
	1725988  -  ResidentSetSize of job (KB)
...
006 (14732468.000.000) 2021-09-25 08:14:47 Image size of job updated: 1685
	1685  -  MemoryUsage of job (MB)
	1726244  -  ResidentSetSize of job (KB)
...
040 (14732468.000.000) 2021-09-25 08:15:09 Started transferring output files
...
040 (14732468.000.000) 2021-09-25 08:15:09 Finished transferring output files
...
005 (14732468.000.000) 2021-09-25 08:15:12 Job terminated.
	(1) Normal termination (return value 0)
		Usr 0 01:34:58, Sys 0 08:14:46  -  Run Remote Usage
		Usr 0 00:00:00, Sys 0 00:00:00  -  Run Local Usage
		Usr 0 01:34:58, Sys 0 08:14:46  -  Total Remote Usage
		Usr 0 00:00:00, Sys 0 00:00:00  -  Total Local Usage
	1227829  -  Run Bytes Sent By Job
	8471570  -  Run Bytes Received By Job
	1227829  -  Total Bytes Sent By Job
	8471570  -  Total Bytes Received By Job
	Partitionable Resources :     Usage  Request Allocated 
	   Cpus                 :      0.00        1         1 
	   Disk (KB)            : 325412       10000   1682506 
	   Memory (MB)          :   1685        2048      2048 

	Job terminated of its own accord at 2021-09-25T13:15:09Z.
...
