000 (14680928.000.000) 2021-09-20 11:25:34 Job submitted from host: <131.225.188.55:9618?addrs=131.225.188.55-9618&alias=lpcschedd1.fnal.gov&noUDP&sock=schedd_2070_6d22>
...
040 (14680928.000.000) 2021-09-20 12:46:51 Started transferring input files
	Transferring to host: <131.225.205.185:9618?addrs=131.225.205.185-9618&alias=cmswn1959.fnal.gov&noUDP&sock=slot1_8_1543_eed8_2127>
...
040 (14680928.000.000) 2021-09-20 12:46:52 Finished transferring input files
...
001 (14680928.000.000) 2021-09-20 12:46:53 Job executing on host: <131.225.205.185:9618?addrs=131.225.205.185-9618&alias=cmswn1959.fnal.gov&noUDP&sock=startd_1440_4c77>
...
006 (14680928.000.000) 2021-09-20 12:48:01 Image size of job updated: 14
	14  -  MemoryUsage of job (MB)
	15344  -  ResidentSetSize of job (KB)
...
006 (14680928.000.000) 2021-09-20 12:49:01 Image size of job updated: 313
	313  -  MemoryUsage of job (MB)
	321284  -  ResidentSetSize of job (KB)
...
006 (14680928.000.000) 2021-09-20 12:50:02 Image size of job updated: 530
	530  -  MemoryUsage of job (MB)
	543516  -  ResidentSetSize of job (KB)
...
006 (14680928.000.000) 2021-09-20 12:55:02 Image size of job updated: 563
	563  -  MemoryUsage of job (MB)
	576832  -  ResidentSetSize of job (KB)
...
006 (14680928.000.000) 2021-09-20 12:56:02 Image size of job updated: 607
	607  -  MemoryUsage of job (MB)
	622464  -  ResidentSetSize of job (KB)
...
006 (14680928.000.000) 2021-09-20 12:57:02 Image size of job updated: 650
	650  -  MemoryUsage of job (MB)
	665804  -  ResidentSetSize of job (KB)
...
006 (14680928.000.000) 2021-09-20 12:58:02 Image size of job updated: 685
	685  -  MemoryUsage of job (MB)
	702360  -  ResidentSetSize of job (KB)
...
006 (14680928.000.000) 2021-09-20 12:59:02 Image size of job updated: 718
	718  -  MemoryUsage of job (MB)
	735612  -  ResidentSetSize of job (KB)
...
006 (14680928.000.000) 2021-09-20 13:00:02 Image size of job updated: 752
	752  -  MemoryUsage of job (MB)
	770244  -  ResidentSetSize of job (KB)
...
006 (14680928.000.000) 2021-09-20 13:01:02 Image size of job updated: 781
	781  -  MemoryUsage of job (MB)
	800048  -  ResidentSetSize of job (KB)
...
006 (14680928.000.000) 2021-09-20 13:02:03 Image size of job updated: 812
	812  -  MemoryUsage of job (MB)
	832124  -  ResidentSetSize of job (KB)
...
006 (14680928.000.000) 2021-09-20 13:03:04 Image size of job updated: 840
	840  -  MemoryUsage of job (MB)
	861020  -  ResidentSetSize of job (KB)
...
006 (14680928.000.000) 2021-09-20 13:04:06 Image size of job updated: 868
	868  -  MemoryUsage of job (MB)
	889512  -  ResidentSetSize of job (KB)
...
006 (14680928.000.000) 2021-09-20 13:05:06 Image size of job updated: 903
	903  -  MemoryUsage of job (MB)
	925088  -  ResidentSetSize of job (KB)
...
006 (14680928.000.000) 2021-09-20 13:06:07 Image size of job updated: 931
	931  -  MemoryUsage of job (MB)
	953640  -  ResidentSetSize of job (KB)
...
006 (14680928.000.000) 2021-09-20 13:07:08 Image size of job updated: 954
	954  -  MemoryUsage of job (MB)
	977576  -  ResidentSetSize of job (KB)
...
006 (14680928.000.000) 2021-09-20 13:08:08 Image size of job updated: 977
	977  -  MemoryUsage of job (MB)
	1001332  -  ResidentSetSize of job (KB)
...
006 (14680928.000.000) 2021-09-20 13:09:08 Image size of job updated: 999
	999  -  MemoryUsage of job (MB)
	1023768  -  ResidentSetSize of job (KB)
...
006 (14680928.000.000) 2021-09-20 13:10:09 Image size of job updated: 1025
	1025  -  MemoryUsage of job (MB)
	1050116  -  ResidentSetSize of job (KB)
...
006 (14680928.000.000) 2021-09-20 13:11:10 Image size of job updated: 1050
	1050  -  MemoryUsage of job (MB)
	1075752  -  ResidentSetSize of job (KB)
...
006 (14680928.000.000) 2021-09-20 13:12:10 Image size of job updated: 1078
	1078  -  MemoryUsage of job (MB)
	1104668  -  ResidentSetSize of job (KB)
...
006 (14680928.000.000) 2021-09-20 13:13:10 Image size of job updated: 1098
	1098  -  MemoryUsage of job (MB)
	1125204  -  ResidentSetSize of job (KB)
...
006 (14680928.000.000) 2021-09-20 13:14:10 Image size of job updated: 1120
	1120  -  MemoryUsage of job (MB)
	1147488  -  ResidentSetSize of job (KB)
...
006 (14680928.000.000) 2021-09-20 13:15:11 Image size of job updated: 1139
	1139  -  MemoryUsage of job (MB)
	1166836  -  ResidentSetSize of job (KB)
...
006 (14680928.000.000) 2021-09-20 13:16:12 Image size of job updated: 1161
	1161  -  MemoryUsage of job (MB)
	1188960  -  ResidentSetSize of job (KB)
...
006 (14680928.000.000) 2021-09-20 13:17:13 Image size of job updated: 1178
	1178  -  MemoryUsage of job (MB)
	1207132  -  ResidentSetSize of job (KB)
...
006 (14680928.000.000) 2021-09-20 13:18:14 Image size of job updated: 1198
	1198  -  MemoryUsage of job (MB)
	1227344  -  ResidentSetSize of job (KB)
...
006 (14680928.000.000) 2021-09-20 13:19:14 Image size of job updated: 1216
	1216  -  MemoryUsage of job (MB)
	1245288  -  ResidentSetSize of job (KB)
...
006 (14680928.000.000) 2021-09-20 13:20:14 Image size of job updated: 1233
	1233  -  MemoryUsage of job (MB)
	1262656  -  ResidentSetSize of job (KB)
...
006 (14680928.000.000) 2021-09-20 13:21:14 Image size of job updated: 1251
	1251  -  MemoryUsage of job (MB)
	1281860  -  ResidentSetSize of job (KB)
...
006 (14680928.000.000) 2021-09-20 13:22:15 Image size of job updated: 1268
	1268  -  MemoryUsage of job (MB)
	1298796  -  ResidentSetSize of job (KB)
...
006 (14680928.000.000) 2021-09-20 13:23:15 Image size of job updated: 1284
	1284  -  MemoryUsage of job (MB)
	1315596  -  ResidentSetSize of job (KB)
...
006 (14680928.000.000) 2021-09-20 13:24:16 Image size of job updated: 1302
	1302  -  MemoryUsage of job (MB)
	1333796  -  ResidentSetSize of job (KB)
...
006 (14680928.000.000) 2021-09-20 13:25:17 Image size of job updated: 1318
	1318  -  MemoryUsage of job (MB)
	1349832  -  ResidentSetSize of job (KB)
...
006 (14680928.000.000) 2021-09-20 13:26:19 Image size of job updated: 1335
	1335  -  MemoryUsage of job (MB)
	1367532  -  ResidentSetSize of job (KB)
...
006 (14680928.000.000) 2021-09-20 13:27:19 Image size of job updated: 1351
	1351  -  MemoryUsage of job (MB)
	1383512  -  ResidentSetSize of job (KB)
...
006 (14680928.000.000) 2021-09-20 13:28:19 Image size of job updated: 1366
	1366  -  MemoryUsage of job (MB)
	1399400  -  ResidentSetSize of job (KB)
...
006 (14680928.000.000) 2021-09-20 13:29:21 Image size of job updated: 1383
	1383  -  MemoryUsage of job (MB)
	1416904  -  ResidentSetSize of job (KB)
...
006 (14680928.000.000) 2021-09-20 13:30:21 Image size of job updated: 1398
	1398  -  MemoryUsage of job (MB)
	1431936  -  ResidentSetSize of job (KB)
...
006 (14680928.000.000) 2021-09-20 13:31:21 Image size of job updated: 1413
	1413  -  MemoryUsage of job (MB)
	1447072  -  ResidentSetSize of job (KB)
...
006 (14680928.000.000) 2021-09-20 13:32:22 Image size of job updated: 1429
	1429  -  MemoryUsage of job (MB)
	1463848  -  ResidentSetSize of job (KB)
...
006 (14680928.000.000) 2021-09-20 13:33:23 Image size of job updated: 1443
	1443  -  MemoryUsage of job (MB)
	1478592  -  ResidentSetSize of job (KB)
...
006 (14680928.000.000) 2021-09-20 13:34:24 Image size of job updated: 1459
	1459  -  MemoryUsage of job (MB)
	1494664  -  ResidentSetSize of job (KB)
...
006 (14680928.000.000) 2021-09-20 13:35:25 Image size of job updated: 1473
	1473  -  MemoryUsage of job (MB)
	1508968  -  ResidentSetSize of job (KB)
...
006 (14680928.000.000) 2021-09-20 13:36:27 Image size of job updated: 1488
	1488  -  MemoryUsage of job (MB)
	1524680  -  ResidentSetSize of job (KB)
...
006 (14680928.000.000) 2021-09-20 13:37:27 Image size of job updated: 1502
	1502  -  MemoryUsage of job (MB)
	1538684  -  ResidentSetSize of job (KB)
...
006 (14680928.000.000) 2021-09-20 13:38:28 Image size of job updated: 1516
	1516  -  MemoryUsage of job (MB)
	1552516  -  ResidentSetSize of job (KB)
...
006 (14680928.000.000) 2021-09-20 13:39:29 Image size of job updated: 1530
	1530  -  MemoryUsage of job (MB)
	1567536  -  ResidentSetSize of job (KB)
...
006 (14680928.000.000) 2021-09-20 13:40:30 Image size of job updated: 1547
	1547  -  MemoryUsage of job (MB)
	1585008  -  ResidentSetSize of job (KB)
...
006 (14680928.000.000) 2021-09-20 13:41:30 Image size of job updated: 1620
	1620  -  MemoryUsage of job (MB)
	1659852  -  ResidentSetSize of job (KB)
...
006 (14680928.000.000) 2021-09-20 13:42:31 Image size of job updated: 1631
	1631  -  MemoryUsage of job (MB)
	1670980  -  ResidentSetSize of job (KB)
...
006 (14680928.000.000) 2021-09-20 13:43:31 Image size of job updated: 1634
	1634  -  MemoryUsage of job (MB)
	1673408  -  ResidentSetSize of job (KB)
...
006 (14680928.000.000) 2021-09-20 13:44:32 Image size of job updated: 1635
	1635  -  MemoryUsage of job (MB)
	1674868  -  ResidentSetSize of job (KB)
...
006 (14680928.000.000) 2021-09-20 13:45:34 Image size of job updated: 1637
	1637  -  MemoryUsage of job (MB)
	1676600  -  ResidentSetSize of job (KB)
...
006 (14680928.000.000) 2021-09-20 13:46:34 Image size of job updated: 1638
	1638  -  MemoryUsage of job (MB)
	1678228  -  ResidentSetSize of job (KB)
...
006 (14680928.000.000) 2021-09-20 13:47:34 Image size of job updated: 1640
	1640  -  MemoryUsage of job (MB)
	1679756  -  ResidentSetSize of job (KB)
...
006 (14680928.000.000) 2021-09-20 13:48:35 Image size of job updated: 1641
	1641  -  MemoryUsage of job (MB)
	1681144  -  ResidentSetSize of job (KB)
...
006 (14680928.000.000) 2021-09-20 13:49:35 Image size of job updated: 1642
	1642  -  MemoryUsage of job (MB)
	1681976  -  ResidentSetSize of job (KB)
...
006 (14680928.000.000) 2021-09-20 13:50:36 Image size of job updated: 1643
	1643  -  MemoryUsage of job (MB)
	1682968  -  ResidentSetSize of job (KB)
...
006 (14680928.000.000) 2021-09-20 13:51:37 Image size of job updated: 1644
	1644  -  MemoryUsage of job (MB)
	1683548  -  ResidentSetSize of job (KB)
...
006 (14680928.000.000) 2021-09-20 13:52:39 Image size of job updated: 1644
	1644  -  MemoryUsage of job (MB)
	1683904  -  ResidentSetSize of job (KB)
...
006 (14680928.000.000) 2021-09-20 13:53:39 Image size of job updated: 1644
	1644  -  MemoryUsage of job (MB)
	1684456  -  ResidentSetSize of job (KB)
...
006 (14680928.000.000) 2021-09-20 13:54:39 Image size of job updated: 1645
	1645  -  MemoryUsage of job (MB)
	1685040  -  ResidentSetSize of job (KB)
...
006 (14680928.000.000) 2021-09-20 13:55:39 Image size of job updated: 1646
	1646  -  MemoryUsage of job (MB)
	1685948  -  ResidentSetSize of job (KB)
...
006 (14680928.000.000) 2021-09-20 13:56:39 Image size of job updated: 1647
	1647  -  MemoryUsage of job (MB)
	1686620  -  ResidentSetSize of job (KB)
...
006 (14680928.000.000) 2021-09-20 13:57:41 Image size of job updated: 1647
	1647  -  MemoryUsage of job (MB)
	1686956  -  ResidentSetSize of job (KB)
...
006 (14680928.000.000) 2021-09-20 13:58:41 Image size of job updated: 1648
	1648  -  MemoryUsage of job (MB)
	1687812  -  ResidentSetSize of job (KB)
...
006 (14680928.000.000) 2021-09-20 13:59:42 Image size of job updated: 1648
	1648  -  MemoryUsage of job (MB)
	1688360  -  ResidentSetSize of job (KB)
...
006 (14680928.000.000) 2021-09-20 14:00:43 Image size of job updated: 1649
	1649  -  MemoryUsage of job (MB)
	1689548  -  ResidentSetSize of job (KB)
...
006 (14680928.000.000) 2021-09-20 14:01:44 Image size of job updated: 1651
	1651  -  MemoryUsage of job (MB)
	1690976  -  ResidentSetSize of job (KB)
...
006 (14680928.000.000) 2021-09-20 14:02:45 Image size of job updated: 1651
	1651  -  MemoryUsage of job (MB)
	1691644  -  ResidentSetSize of job (KB)
...
006 (14680928.000.000) 2021-09-20 14:03:45 Image size of job updated: 1652
	1652  -  MemoryUsage of job (MB)
	1692232  -  ResidentSetSize of job (KB)
...
006 (14680928.000.000) 2021-09-20 14:04:46 Image size of job updated: 1653
	1653  -  MemoryUsage of job (MB)
	1693180  -  ResidentSetSize of job (KB)
...
006 (14680928.000.000) 2021-09-20 14:05:46 Image size of job updated: 1654
	1654  -  MemoryUsage of job (MB)
	1693868  -  ResidentSetSize of job (KB)
...
006 (14680928.000.000) 2021-09-20 14:06:47 Image size of job updated: 1655
	1655  -  MemoryUsage of job (MB)
	1694812  -  ResidentSetSize of job (KB)
...
006 (14680928.000.000) 2021-09-20 14:07:47 Image size of job updated: 1655
	1655  -  MemoryUsage of job (MB)
	1695656  -  ResidentSetSize of job (KB)
...
006 (14680928.000.000) 2021-09-20 14:08:48 Image size of job updated: 1656
	1656  -  MemoryUsage of job (MB)
	1696080  -  ResidentSetSize of job (KB)
...
006 (14680928.000.000) 2021-09-20 14:09:48 Image size of job updated: 1657
	1657  -  MemoryUsage of job (MB)
	1696772  -  ResidentSetSize of job (KB)
...
006 (14680928.000.000) 2021-09-20 14:10:49 Image size of job updated: 1657
	1657  -  MemoryUsage of job (MB)
	1697268  -  ResidentSetSize of job (KB)
...
006 (14680928.000.000) 2021-09-20 14:11:49 Image size of job updated: 1657
	1657  -  MemoryUsage of job (MB)
	1697736  -  ResidentSetSize of job (KB)
...
006 (14680928.000.000) 2021-09-20 14:12:50 Image size of job updated: 1658
	1658  -  MemoryUsage of job (MB)
	1698448  -  ResidentSetSize of job (KB)
...
006 (14680928.000.000) 2021-09-20 14:13:50 Image size of job updated: 1659
	1659  -  MemoryUsage of job (MB)
	1698820  -  ResidentSetSize of job (KB)
...
006 (14680928.000.000) 2021-09-20 14:14:52 Image size of job updated: 1659
	1659  -  MemoryUsage of job (MB)
	1699548  -  ResidentSetSize of job (KB)
...
006 (14680928.000.000) 2021-09-20 14:15:52 Image size of job updated: 1660
	1660  -  MemoryUsage of job (MB)
	1700012  -  ResidentSetSize of job (KB)
...
006 (14680928.000.000) 2021-09-20 14:16:53 Image size of job updated: 1660
	1660  -  MemoryUsage of job (MB)
	1700308  -  ResidentSetSize of job (KB)
...
006 (14680928.000.000) 2021-09-20 14:17:53 Image size of job updated: 1660
	1660  -  MemoryUsage of job (MB)
	1700776  -  ResidentSetSize of job (KB)
...
006 (14680928.000.000) 2021-09-20 14:18:54 Image size of job updated: 1661
	1661  -  MemoryUsage of job (MB)
	1701420  -  ResidentSetSize of job (KB)
...
006 (14680928.000.000) 2021-09-20 14:19:56 Image size of job updated: 1661
	1661  -  MemoryUsage of job (MB)
	1701784  -  ResidentSetSize of job (KB)
...
006 (14680928.000.000) 2021-09-20 14:20:56 Image size of job updated: 1662
	1662  -  MemoryUsage of job (MB)
	1702180  -  ResidentSetSize of job (KB)
...
006 (14680928.000.000) 2021-09-20 14:21:57 Image size of job updated: 1662
	1662  -  MemoryUsage of job (MB)
	1702576  -  ResidentSetSize of job (KB)
...
006 (14680928.000.000) 2021-09-20 14:22:57 Image size of job updated: 1663
	1663  -  MemoryUsage of job (MB)
	1703252  -  ResidentSetSize of job (KB)
...
006 (14680928.000.000) 2021-09-20 14:23:57 Image size of job updated: 1663
	1663  -  MemoryUsage of job (MB)
	1703628  -  ResidentSetSize of job (KB)
...
006 (14680928.000.000) 2021-09-20 14:24:58 Image size of job updated: 1664
	1664  -  MemoryUsage of job (MB)
	1703960  -  ResidentSetSize of job (KB)
...
006 (14680928.000.000) 2021-09-20 14:25:58 Image size of job updated: 1664
	1664  -  MemoryUsage of job (MB)
	1704596  -  ResidentSetSize of job (KB)
...
006 (14680928.000.000) 2021-09-20 14:26:58 Image size of job updated: 1665
	1665  -  MemoryUsage of job (MB)
	1705072  -  ResidentSetSize of job (KB)
...
006 (14680928.000.000) 2021-09-20 14:27:59 Image size of job updated: 1665
	1665  -  MemoryUsage of job (MB)
	1705664  -  ResidentSetSize of job (KB)
...
006 (14680928.000.000) 2021-09-20 14:29:00 Image size of job updated: 1666
	1666  -  MemoryUsage of job (MB)
	1706232  -  ResidentSetSize of job (KB)
...
006 (14680928.000.000) 2021-09-20 14:30:01 Image size of job updated: 1666
	1666  -  MemoryUsage of job (MB)
	1706656  -  ResidentSetSize of job (KB)
...
006 (14680928.000.000) 2021-09-20 14:31:02 Image size of job updated: 1666
	1666  -  MemoryUsage of job (MB)
	1706976  -  ResidentSetSize of job (KB)
...
006 (14680928.000.000) 2021-09-20 14:32:02 Image size of job updated: 1667
	1667  -  MemoryUsage of job (MB)
	1707632  -  ResidentSetSize of job (KB)
...
006 (14680928.000.000) 2021-09-20 14:33:02 Image size of job updated: 1668
	1668  -  MemoryUsage of job (MB)
	1708276  -  ResidentSetSize of job (KB)
...
006 (14680928.000.000) 2021-09-20 14:34:03 Image size of job updated: 1668
	1668  -  MemoryUsage of job (MB)
	1708532  -  ResidentSetSize of job (KB)
...
006 (14680928.000.000) 2021-09-20 14:35:03 Image size of job updated: 1669
	1669  -  MemoryUsage of job (MB)
	1709064  -  ResidentSetSize of job (KB)
...
006 (14680928.000.000) 2021-09-20 14:36:03 Image size of job updated: 1669
	1669  -  MemoryUsage of job (MB)
	1709748  -  ResidentSetSize of job (KB)
...
006 (14680928.000.000) 2021-09-20 14:37:03 Image size of job updated: 1669
	1669  -  MemoryUsage of job (MB)
	1710044  -  ResidentSetSize of job (KB)
...
006 (14680928.000.000) 2021-09-20 14:38:05 Image size of job updated: 1670
	1670  -  MemoryUsage of job (MB)
	1710760  -  ResidentSetSize of job (KB)
...
006 (14680928.000.000) 2021-09-20 14:39:05 Image size of job updated: 1671
	1671  -  MemoryUsage of job (MB)
	1711164  -  ResidentSetSize of job (KB)
...
006 (14680928.000.000) 2021-09-20 14:40:05 Image size of job updated: 1671
	1671  -  MemoryUsage of job (MB)
	1712032  -  ResidentSetSize of job (KB)
...
006 (14680928.000.000) 2021-09-20 14:41:05 Image size of job updated: 1672
	1672  -  MemoryUsage of job (MB)
	1712440  -  ResidentSetSize of job (KB)
...
006 (14680928.000.000) 2021-09-20 14:42:06 Image size of job updated: 1673
	1673  -  MemoryUsage of job (MB)
	1713232  -  ResidentSetSize of job (KB)
...
006 (14680928.000.000) 2021-09-20 14:43:07 Image size of job updated: 1673
	1673  -  MemoryUsage of job (MB)
	1713920  -  ResidentSetSize of job (KB)
...
006 (14680928.000.000) 2021-09-20 14:44:07 Image size of job updated: 1674
	1674  -  MemoryUsage of job (MB)
	1714372  -  ResidentSetSize of job (KB)
...
006 (14680928.000.000) 2021-09-20 14:45:08 Image size of job updated: 1674
	1674  -  MemoryUsage of job (MB)
	1715084  -  ResidentSetSize of job (KB)
...
006 (14680928.000.000) 2021-09-20 14:46:09 Image size of job updated: 1675
	1675  -  MemoryUsage of job (MB)
	1715552  -  ResidentSetSize of job (KB)
...
006 (14680928.000.000) 2021-09-20 14:47:09 Image size of job updated: 1676
	1676  -  MemoryUsage of job (MB)
	1716256  -  ResidentSetSize of job (KB)
...
006 (14680928.000.000) 2021-09-20 14:48:10 Image size of job updated: 1676
	1676  -  MemoryUsage of job (MB)
	1717012  -  ResidentSetSize of job (KB)
...
006 (14680928.000.000) 2021-09-20 14:49:11 Image size of job updated: 1677
	1677  -  MemoryUsage of job (MB)
	1717860  -  ResidentSetSize of job (KB)
...
006 (14680928.000.000) 2021-09-20 14:50:11 Image size of job updated: 1678
	1678  -  MemoryUsage of job (MB)
	1718968  -  ResidentSetSize of job (KB)
...
006 (14680928.000.000) 2021-09-20 14:51:11 Image size of job updated: 1680
	1680  -  MemoryUsage of job (MB)
	1720476  -  ResidentSetSize of job (KB)
...
006 (14680928.000.000) 2021-09-20 14:52:09 Image size of job updated: 1680
	1680  -  MemoryUsage of job (MB)
	1720900  -  ResidentSetSize of job (KB)
...
040 (14680928.000.000) 2021-09-20 14:52:09 Started transferring output files
...
040 (14680928.000.000) 2021-09-20 14:52:09 Finished transferring output files
...
005 (14680928.000.000) 2021-09-20 14:52:13 Job terminated.
	(1) Normal termination (return value 0)
		Usr 0 00:00:00, Sys 0 00:00:00  -  Run Remote Usage
		Usr 0 00:00:00, Sys 0 00:00:00  -  Run Local Usage
		Usr 0 01:01:40, Sys 0 00:58:39  -  Total Remote Usage
		Usr 0 00:00:00, Sys 0 00:00:00  -  Total Local Usage
	1189183  -  Run Bytes Sent By Job
	8471538  -  Run Bytes Received By Job
	1189183  -  Total Bytes Sent By Job
	8471538  -  Total Bytes Received By Job
	Partitionable Resources :    Usage  Request Allocated 
	   Cpus                 :     0.00        1         1 
	   Disk (KB)            : 16983       10000   1634458 
	   Memory (MB)          :  1680        2048      2048 

	Job terminated of its own accord at 2021-09-20T19:52:09Z.
...
000 (73445295.000.000) 2021-09-24 22:16:13 Job submitted from host: <131.225.188.235:9618?addrs=131.225.188.235-9618&alias=lpcschedd3.fnal.gov&noUDP&sock=schedd_2706_ab5d>
...
040 (73445295.000.000) 2021-09-25 00:37:57 Started transferring input files
	Transferring to host: <131.225.188.68:9618?addrs=131.225.188.68-9618&alias=cmswn2037.fnal.gov&noUDP&sock=slot1_9_2006_288b_4645>
...
040 (73445295.000.000) 2021-09-25 00:37:57 Finished transferring input files
...
001 (73445295.000.000) 2021-09-25 00:37:58 Job executing on host: <131.225.188.68:9618?addrs=131.225.188.68-9618&alias=cmswn2037.fnal.gov&noUDP&sock=startd_1909_fe62>
...
006 (73445295.000.000) 2021-09-25 00:38:08 Image size of job updated: 27
	27  -  MemoryUsage of job (MB)
	27852  -  ResidentSetSize of job (KB)
...
006 (73445295.000.000) 2021-09-25 00:39:09 Image size of job updated: 497
	497  -  MemoryUsage of job (MB)
	509504  -  ResidentSetSize of job (KB)
...
006 (73445295.000.000) 2021-09-25 00:43:11 Image size of job updated: 536
	536  -  MemoryUsage of job (MB)
	549520  -  ResidentSetSize of job (KB)
...
006 (73445295.000.000) 2021-09-25 00:44:12 Image size of job updated: 580
	580  -  MemoryUsage of job (MB)
	594496  -  ResidentSetSize of job (KB)
...
006 (73445295.000.000) 2021-09-25 00:45:12 Image size of job updated: 624
	624  -  MemoryUsage of job (MB)
	639712  -  ResidentSetSize of job (KB)
...
006 (73445295.000.000) 2021-09-25 00:46:12 Image size of job updated: 662
	662  -  MemoryUsage of job (MB)
	678012  -  ResidentSetSize of job (KB)
...
006 (73445295.000.000) 2021-09-25 00:47:13 Image size of job updated: 696
	696  -  MemoryUsage of job (MB)
	713412  -  ResidentSetSize of job (KB)
...
006 (73445295.000.000) 2021-09-25 00:48:13 Image size of job updated: 729
	729  -  MemoryUsage of job (MB)
	746716  -  ResidentSetSize of job (KB)
...
006 (73445295.000.000) 2021-09-25 00:49:14 Image size of job updated: 759
	759  -  MemoryUsage of job (MB)
	777952  -  ResidentSetSize of job (KB)
...
006 (73445295.000.000) 2021-09-25 00:50:14 Image size of job updated: 788
	788  -  MemoryUsage of job (MB)
	807172  -  ResidentSetSize of job (KB)
...
006 (73445295.000.000) 2021-09-25 00:51:15 Image size of job updated: 820
	820  -  MemoryUsage of job (MB)
	839828  -  ResidentSetSize of job (KB)
...
006 (73445295.000.000) 2021-09-25 00:52:15 Image size of job updated: 848
	848  -  MemoryUsage of job (MB)
	869260  -  ResidentSetSize of job (KB)
...
006 (73445295.000.000) 2021-09-25 00:53:15 Image size of job updated: 872
	872  -  MemoryUsage of job (MB)
	893716  -  ResidentSetSize of job (KB)
...
006 (73445295.000.000) 2021-09-25 00:54:16 Image size of job updated: 912
	912  -  MemoryUsage of job (MB)
	934164  -  ResidentSetSize of job (KB)
...
006 (73445295.000.000) 2021-09-25 00:55:17 Image size of job updated: 938
	938  -  MemoryUsage of job (MB)
	960712  -  ResidentSetSize of job (KB)
...
006 (73445295.000.000) 2021-09-25 00:56:18 Image size of job updated: 961
	961  -  MemoryUsage of job (MB)
	985060  -  ResidentSetSize of job (KB)
...
006 (73445295.000.000) 2021-09-25 00:57:19 Image size of job updated: 984
	984  -  MemoryUsage of job (MB)
	1008604  -  ResidentSetSize of job (KB)
...
006 (73445295.000.000) 2021-09-25 00:58:20 Image size of job updated: 1007
	1007  -  MemoryUsage of job (MB)
	1031912  -  ResidentSetSize of job (KB)
...
006 (73445295.000.000) 2021-09-25 00:59:20 Image size of job updated: 1033
	1033  -  MemoryUsage of job (MB)
	1057940  -  ResidentSetSize of job (KB)
...
006 (73445295.000.000) 2021-09-25 01:00:22 Image size of job updated: 1069
	1069  -  MemoryUsage of job (MB)
	1094828  -  ResidentSetSize of job (KB)
...
006 (73445295.000.000) 2021-09-25 01:01:22 Image size of job updated: 1087
	1087  -  MemoryUsage of job (MB)
	1113968  -  ResidentSetSize of job (KB)
...
006 (73445295.000.000) 2021-09-25 01:02:22 Image size of job updated: 1108
	1108  -  MemoryUsage of job (MB)
	1134932  -  ResidentSetSize of job (KB)
...
006 (73445295.000.000) 2021-09-25 01:03:23 Image size of job updated: 1128
	1128  -  MemoryUsage of job (MB)
	1155548  -  ResidentSetSize of job (KB)
...
006 (73445295.000.000) 2021-09-25 01:04:23 Image size of job updated: 1148
	1148  -  MemoryUsage of job (MB)
	1175592  -  ResidentSetSize of job (KB)
...
006 (73445295.000.000) 2021-09-25 01:05:23 Image size of job updated: 1168
	1168  -  MemoryUsage of job (MB)
	1196272  -  ResidentSetSize of job (KB)
...
006 (73445295.000.000) 2021-09-25 01:06:23 Image size of job updated: 1186
	1186  -  MemoryUsage of job (MB)
	1215444  -  ResidentSetSize of job (KB)
...
006 (73445295.000.000) 2021-09-25 01:07:23 Image size of job updated: 1205
	1205  -  MemoryUsage of job (MB)
	1234420  -  ResidentSetSize of job (KB)
...
006 (73445295.000.000) 2021-09-25 01:08:23 Image size of job updated: 1223
	1223  -  MemoryUsage of job (MB)
	1253076  -  ResidentSetSize of job (KB)
...
006 (73445295.000.000) 2021-09-25 01:09:24 Image size of job updated: 1243
	1243  -  MemoryUsage of job (MB)
	1273428  -  ResidentSetSize of job (KB)
...
006 (73445295.000.000) 2021-09-25 01:10:25 Image size of job updated: 1261
	1261  -  MemoryUsage of job (MB)
	1291280  -  ResidentSetSize of job (KB)
...
006 (73445295.000.000) 2021-09-25 01:11:25 Image size of job updated: 1278
	1278  -  MemoryUsage of job (MB)
	1309060  -  ResidentSetSize of job (KB)
...
006 (73445295.000.000) 2021-09-25 01:12:25 Image size of job updated: 1295
	1295  -  MemoryUsage of job (MB)
	1326344  -  ResidentSetSize of job (KB)
...
006 (73445295.000.000) 2021-09-25 01:13:26 Image size of job updated: 1311
	1311  -  MemoryUsage of job (MB)
	1343200  -  ResidentSetSize of job (KB)
...
006 (73445295.000.000) 2021-09-25 01:14:27 Image size of job updated: 1327
	1327  -  MemoryUsage of job (MB)
	1359856  -  ResidentSetSize of job (KB)
...
006 (73445295.000.000) 2021-09-25 01:15:29 Image size of job updated: 1346
	1346  -  MemoryUsage of job (MB)
	1378632  -  ResidentSetSize of job (KB)
...
006 (73445295.000.000) 2021-09-25 01:16:30 Image size of job updated: 1362
	1362  -  MemoryUsage of job (MB)
	1395092  -  ResidentSetSize of job (KB)
...
006 (73445295.000.000) 2021-09-25 01:17:31 Image size of job updated: 1378
	1378  -  MemoryUsage of job (MB)
	1411380  -  ResidentSetSize of job (KB)
...
006 (73445295.000.000) 2021-09-25 01:18:31 Image size of job updated: 1393
	1393  -  MemoryUsage of job (MB)
	1427260  -  ResidentSetSize of job (KB)
...
006 (73445295.000.000) 2021-09-25 01:19:31 Image size of job updated: 1409
	1409  -  MemoryUsage of job (MB)
	1443276  -  ResidentSetSize of job (KB)
...
006 (73445295.000.000) 2021-09-25 01:20:31 Image size of job updated: 1424
	1424  -  MemoryUsage of job (MB)
	1458968  -  ResidentSetSize of job (KB)
...
006 (73445295.000.000) 2021-09-25 01:21:31 Image size of job updated: 1439
	1439  -  MemoryUsage of job (MB)
	1474556  -  ResidentSetSize of job (KB)
...
006 (73445295.000.000) 2021-09-25 01:22:32 Image size of job updated: 1454
	1454  -  MemoryUsage of job (MB)
	1489848  -  ResidentSetSize of job (KB)
...
006 (73445295.000.000) 2021-09-25 01:23:33 Image size of job updated: 1469
	1469  -  MemoryUsage of job (MB)
	1505112  -  ResidentSetSize of job (KB)
...
006 (73445295.000.000) 2021-09-25 01:24:34 Image size of job updated: 1484
	1484  -  MemoryUsage of job (MB)
	1520056  -  ResidentSetSize of job (KB)
...
006 (73445295.000.000) 2021-09-25 01:25:34 Image size of job updated: 1498
	1498  -  MemoryUsage of job (MB)
	1534932  -  ResidentSetSize of job (KB)
...
006 (73445295.000.000) 2021-09-25 01:26:34 Image size of job updated: 1513
	1513  -  MemoryUsage of job (MB)
	1549628  -  ResidentSetSize of job (KB)
...
006 (73445295.000.000) 2021-09-25 01:27:34 Image size of job updated: 1527
	1527  -  MemoryUsage of job (MB)
	1563992  -  ResidentSetSize of job (KB)
...
006 (73445295.000.000) 2021-09-25 01:28:34 Image size of job updated: 1545
	1545  -  MemoryUsage of job (MB)
	1582536  -  ResidentSetSize of job (KB)
...
006 (73445295.000.000) 2021-09-25 01:29:35 Image size of job updated: 1620
	1620  -  MemoryUsage of job (MB)
	1659472  -  ResidentSetSize of job (KB)
...
006 (73445295.000.000) 2021-09-25 01:30:37 Image size of job updated: 1628
	1628  -  MemoryUsage of job (MB)
	1667544  -  ResidentSetSize of job (KB)
...
006 (73445295.000.000) 2021-09-25 01:31:38 Image size of job updated: 1632
	1632  -  MemoryUsage of job (MB)
	1671976  -  ResidentSetSize of job (KB)
...
006 (73445295.000.000) 2021-09-25 01:32:38 Image size of job updated: 1635
	1635  -  MemoryUsage of job (MB)
	1675044  -  ResidentSetSize of job (KB)
...
006 (73445295.000.000) 2021-09-25 01:33:38 Image size of job updated: 1637
	1637  -  MemoryUsage of job (MB)
	1676840  -  ResidentSetSize of job (KB)
...
006 (73445295.000.000) 2021-09-25 01:34:39 Image size of job updated: 1638
	1638  -  MemoryUsage of job (MB)
	1677644  -  ResidentSetSize of job (KB)
...
006 (73445295.000.000) 2021-09-25 01:35:41 Image size of job updated: 1639
	1639  -  MemoryUsage of job (MB)
	1678664  -  ResidentSetSize of job (KB)
...
006 (73445295.000.000) 2021-09-25 01:36:41 Image size of job updated: 1640
	1640  -  MemoryUsage of job (MB)
	1679720  -  ResidentSetSize of job (KB)
...
006 (73445295.000.000) 2021-09-25 01:37:42 Image size of job updated: 1640
	1640  -  MemoryUsage of job (MB)
	1680236  -  ResidentSetSize of job (KB)
...
006 (73445295.000.000) 2021-09-25 01:38:43 Image size of job updated: 1641
	1641  -  MemoryUsage of job (MB)
	1681120  -  ResidentSetSize of job (KB)
...
006 (73445295.000.000) 2021-09-25 01:39:44 Image size of job updated: 1642
	1642  -  MemoryUsage of job (MB)
	1681772  -  ResidentSetSize of job (KB)
...
006 (73445295.000.000) 2021-09-25 01:40:45 Image size of job updated: 1642
	1642  -  MemoryUsage of job (MB)
	1682380  -  ResidentSetSize of job (KB)
...
006 (73445295.000.000) 2021-09-25 01:41:46 Image size of job updated: 1643
	1643  -  MemoryUsage of job (MB)
	1682944  -  ResidentSetSize of job (KB)
...
006 (73445295.000.000) 2021-09-25 01:42:46 Image size of job updated: 1643
	1643  -  MemoryUsage of job (MB)
	1683232  -  ResidentSetSize of job (KB)
...
006 (73445295.000.000) 2021-09-25 01:43:46 Image size of job updated: 1644
	1644  -  MemoryUsage of job (MB)
	1683836  -  ResidentSetSize of job (KB)
...
006 (73445295.000.000) 2021-09-25 01:44:46 Image size of job updated: 1645
	1645  -  MemoryUsage of job (MB)
	1684996  -  ResidentSetSize of job (KB)
...
006 (73445295.000.000) 2021-09-25 01:45:47 Image size of job updated: 1646
	1646  -  MemoryUsage of job (MB)
	1685632  -  ResidentSetSize of job (KB)
...
006 (73445295.000.000) 2021-09-25 01:46:47 Image size of job updated: 1646
	1646  -  MemoryUsage of job (MB)
	1686020  -  ResidentSetSize of job (KB)
...
006 (73445295.000.000) 2021-09-25 01:47:48 Image size of job updated: 1646
	1646  -  MemoryUsage of job (MB)
	1686284  -  ResidentSetSize of job (KB)
...
006 (73445295.000.000) 2021-09-25 01:48:49 Image size of job updated: 1646
	1646  -  MemoryUsage of job (MB)
	1686476  -  ResidentSetSize of job (KB)
...
006 (73445295.000.000) 2021-09-25 01:49:49 Image size of job updated: 1647
	1647  -  MemoryUsage of job (MB)
	1686636  -  ResidentSetSize of job (KB)
...
006 (73445295.000.000) 2021-09-25 01:50:49 Image size of job updated: 1647
	1647  -  MemoryUsage of job (MB)
	1686772  -  ResidentSetSize of job (KB)
...
006 (73445295.000.000) 2021-09-25 01:51:50 Image size of job updated: 1647
	1647  -  MemoryUsage of job (MB)
	1686776  -  ResidentSetSize of job (KB)
...
006 (73445295.000.000) 2021-09-25 01:52:51 Image size of job updated: 1648
	1648  -  MemoryUsage of job (MB)
	1687648  -  ResidentSetSize of job (KB)
...
006 (73445295.000.000) 2021-09-25 01:53:51 Image size of job updated: 1648
	1648  -  MemoryUsage of job (MB)
	1688092  -  ResidentSetSize of job (KB)
...
006 (73445295.000.000) 2021-09-25 01:54:52 Image size of job updated: 1649
	1649  -  MemoryUsage of job (MB)
	1689000  -  ResidentSetSize of job (KB)
...
006 (73445295.000.000) 2021-09-25 01:55:53 Image size of job updated: 1650
	1650  -  MemoryUsage of job (MB)
	1689760  -  ResidentSetSize of job (KB)
...
006 (73445295.000.000) 2021-09-25 01:56:54 Image size of job updated: 1650
	1650  -  MemoryUsage of job (MB)
	1690408  -  ResidentSetSize of job (KB)
...
006 (73445295.000.000) 2021-09-25 01:57:54 Image size of job updated: 1651
	1651  -  MemoryUsage of job (MB)
	1690776  -  ResidentSetSize of job (KB)
...
006 (73445295.000.000) 2021-09-25 01:58:55 Image size of job updated: 1651
	1651  -  MemoryUsage of job (MB)
	1691076  -  ResidentSetSize of job (KB)
...
006 (73445295.000.000) 2021-09-25 01:59:55 Image size of job updated: 1652
	1652  -  MemoryUsage of job (MB)
	1691832  -  ResidentSetSize of job (KB)
...
006 (73445295.000.000) 2021-09-25 02:00:56 Image size of job updated: 1652
	1652  -  MemoryUsage of job (MB)
	1692432  -  ResidentSetSize of job (KB)
...
006 (73445295.000.000) 2021-09-25 02:01:57 Image size of job updated: 1653
	1653  -  MemoryUsage of job (MB)
	1692708  -  ResidentSetSize of job (KB)
...
006 (73445295.000.000) 2021-09-25 02:02:58 Image size of job updated: 1653
	1653  -  MemoryUsage of job (MB)
	1692944  -  ResidentSetSize of job (KB)
...
006 (73445295.000.000) 2021-09-25 02:03:58 Image size of job updated: 1653
	1653  -  MemoryUsage of job (MB)
	1693392  -  ResidentSetSize of job (KB)
...
006 (73445295.000.000) 2021-09-25 02:04:59 Image size of job updated: 1654
	1654  -  MemoryUsage of job (MB)
	1693848  -  ResidentSetSize of job (KB)
...
006 (73445295.000.000) 2021-09-25 02:05:59 Image size of job updated: 1654
	1654  -  MemoryUsage of job (MB)
	1694024  -  ResidentSetSize of job (KB)
...
006 (73445295.000.000) 2021-09-25 02:06:59 Image size of job updated: 1654
	1654  -  MemoryUsage of job (MB)
	1694580  -  ResidentSetSize of job (KB)
...
006 (73445295.000.000) 2021-09-25 02:07:59 Image size of job updated: 1655
	1655  -  MemoryUsage of job (MB)
	1694816  -  ResidentSetSize of job (KB)
...
006 (73445295.000.000) 2021-09-25 02:09:00 Image size of job updated: 1655
	1655  -  MemoryUsage of job (MB)
	1695268  -  ResidentSetSize of job (KB)
...
006 (73445295.000.000) 2021-09-25 02:10:01 Image size of job updated: 1655
	1655  -  MemoryUsage of job (MB)
	1695448  -  ResidentSetSize of job (KB)
...
006 (73445295.000.000) 2021-09-25 02:11:01 Image size of job updated: 1656
	1656  -  MemoryUsage of job (MB)
	1695960  -  ResidentSetSize of job (KB)
...
006 (73445295.000.000) 2021-09-25 02:12:02 Image size of job updated: 1656
	1656  -  MemoryUsage of job (MB)
	1696284  -  ResidentSetSize of job (KB)
...
006 (73445295.000.000) 2021-09-25 02:13:03 Image size of job updated: 1656
	1656  -  MemoryUsage of job (MB)
	1696760  -  ResidentSetSize of job (KB)
...
006 (73445295.000.000) 2021-09-25 02:14:04 Image size of job updated: 1657
	1657  -  MemoryUsage of job (MB)
	1696980  -  ResidentSetSize of job (KB)
...
006 (73445295.000.000) 2021-09-25 02:15:04 Image size of job updated: 1657
	1657  -  MemoryUsage of job (MB)
	1697364  -  ResidentSetSize of job (KB)
...
006 (73445295.000.000) 2021-09-25 02:16:04 Image size of job updated: 1657
	1657  -  MemoryUsage of job (MB)
	1697472  -  ResidentSetSize of job (KB)
...
006 (73445295.000.000) 2021-09-25 02:17:05 Image size of job updated: 1658
	1658  -  MemoryUsage of job (MB)
	1697880  -  ResidentSetSize of job (KB)
...
006 (73445295.000.000) 2021-09-25 02:18:05 Image size of job updated: 1658
	1658  -  MemoryUsage of job (MB)
	1698232  -  ResidentSetSize of job (KB)
...
006 (73445295.000.000) 2021-09-25 02:19:06 Image size of job updated: 1658
	1658  -  MemoryUsage of job (MB)
	1698240  -  ResidentSetSize of job (KB)
...
006 (73445295.000.000) 2021-09-25 02:20:06 Image size of job updated: 1658
	1658  -  MemoryUsage of job (MB)
	1698248  -  ResidentSetSize of job (KB)
...
006 (73445295.000.000) 2021-09-25 02:21:07 Image size of job updated: 1658
	1658  -  MemoryUsage of job (MB)
	1698272  -  ResidentSetSize of job (KB)
...
006 (73445295.000.000) 2021-09-25 02:24:08 Image size of job updated: 1658
	1658  -  MemoryUsage of job (MB)
	1698708  -  ResidentSetSize of job (KB)
...
006 (73445295.000.000) 2021-09-25 02:25:09 Image size of job updated: 1659
	1659  -  MemoryUsage of job (MB)
	1699388  -  ResidentSetSize of job (KB)
...
006 (73445295.000.000) 2021-09-25 02:26:10 Image size of job updated: 1659
	1659  -  MemoryUsage of job (MB)
	1699392  -  ResidentSetSize of job (KB)
...
006 (73445295.000.000) 2021-09-25 02:27:11 Image size of job updated: 1660
	1660  -  MemoryUsage of job (MB)
	1699940  -  ResidentSetSize of job (KB)
...
006 (73445295.000.000) 2021-09-25 02:28:12 Image size of job updated: 1660
	1660  -  MemoryUsage of job (MB)
	1700392  -  ResidentSetSize of job (KB)
...
006 (73445295.000.000) 2021-09-25 02:29:12 Image size of job updated: 1660
	1660  -  MemoryUsage of job (MB)
	1700396  -  ResidentSetSize of job (KB)
...
006 (73445295.000.000) 2021-09-25 02:30:14 Image size of job updated: 1660
	1660  -  MemoryUsage of job (MB)
	1700704  -  ResidentSetSize of job (KB)
...
006 (73445295.000.000) 2021-09-25 02:31:14 Image size of job updated: 1661
	1661  -  MemoryUsage of job (MB)
	1701108  -  ResidentSetSize of job (KB)
...
006 (73445295.000.000) 2021-09-25 02:32:15 Image size of job updated: 1661
	1661  -  MemoryUsage of job (MB)
	1701488  -  ResidentSetSize of job (KB)
...
006 (73445295.000.000) 2021-09-25 02:33:16 Image size of job updated: 1661
	1661  -  MemoryUsage of job (MB)
	1701804  -  ResidentSetSize of job (KB)
...
006 (73445295.000.000) 2021-09-25 02:34:17 Image size of job updated: 1661
	1661  -  MemoryUsage of job (MB)
	1701820  -  ResidentSetSize of job (KB)
...
006 (73445295.000.000) 2021-09-25 02:35:19 Image size of job updated: 1662
	1662  -  MemoryUsage of job (MB)
	1702300  -  ResidentSetSize of job (KB)
...
006 (73445295.000.000) 2021-09-25 02:36:19 Image size of job updated: 1662
	1662  -  MemoryUsage of job (MB)
	1702744  -  ResidentSetSize of job (KB)
...
006 (73445295.000.000) 2021-09-25 02:37:19 Image size of job updated: 1663
	1663  -  MemoryUsage of job (MB)
	1703032  -  ResidentSetSize of job (KB)
...
006 (73445295.000.000) 2021-09-25 02:38:20 Image size of job updated: 1663
	1663  -  MemoryUsage of job (MB)
	1703304  -  ResidentSetSize of job (KB)
...
006 (73445295.000.000) 2021-09-25 02:39:21 Image size of job updated: 1663
	1663  -  MemoryUsage of job (MB)
	1703532  -  ResidentSetSize of job (KB)
...
006 (73445295.000.000) 2021-09-25 02:40:22 Image size of job updated: 1663
	1663  -  MemoryUsage of job (MB)
	1703932  -  ResidentSetSize of job (KB)
...
006 (73445295.000.000) 2021-09-25 02:41:23 Image size of job updated: 1664
	1664  -  MemoryUsage of job (MB)
	1704208  -  ResidentSetSize of job (KB)
...
006 (73445295.000.000) 2021-09-25 02:42:24 Image size of job updated: 1664
	1664  -  MemoryUsage of job (MB)
	1704748  -  ResidentSetSize of job (KB)
...
006 (73445295.000.000) 2021-09-25 02:43:24 Image size of job updated: 1665
	1665  -  MemoryUsage of job (MB)
	1704960  -  ResidentSetSize of job (KB)
...
006 (73445295.000.000) 2021-09-25 02:44:24 Image size of job updated: 1665
	1665  -  MemoryUsage of job (MB)
	1705336  -  ResidentSetSize of job (KB)
...
006 (73445295.000.000) 2021-09-25 02:45:25 Image size of job updated: 1665
	1665  -  MemoryUsage of job (MB)
	1705804  -  ResidentSetSize of job (KB)
...
006 (73445295.000.000) 2021-09-25 02:46:25 Image size of job updated: 1666
	1666  -  MemoryUsage of job (MB)
	1706072  -  ResidentSetSize of job (KB)
...
006 (73445295.000.000) 2021-09-25 02:47:26 Image size of job updated: 1666
	1666  -  MemoryUsage of job (MB)
	1706540  -  ResidentSetSize of job (KB)
...
006 (73445295.000.000) 2021-09-25 02:48:26 Image size of job updated: 1667
	1667  -  MemoryUsage of job (MB)
	1707076  -  ResidentSetSize of job (KB)
...
006 (73445295.000.000) 2021-09-25 02:49:26 Image size of job updated: 1667
	1667  -  MemoryUsage of job (MB)
	1707452  -  ResidentSetSize of job (KB)
...
006 (73445295.000.000) 2021-09-25 02:50:28 Image size of job updated: 1667
	1667  -  MemoryUsage of job (MB)
	1707496  -  ResidentSetSize of job (KB)
...
006 (73445295.000.000) 2021-09-25 02:51:28 Image size of job updated: 1668
	1668  -  MemoryUsage of job (MB)
	1708100  -  ResidentSetSize of job (KB)
...
006 (73445295.000.000) 2021-09-25 02:52:29 Image size of job updated: 1668
	1668  -  MemoryUsage of job (MB)
	1708124  -  ResidentSetSize of job (KB)
...
006 (73445295.000.000) 2021-09-25 02:53:30 Image size of job updated: 1668
	1668  -  MemoryUsage of job (MB)
	1708144  -  ResidentSetSize of job (KB)
...
006 (73445295.000.000) 2021-09-25 02:54:31 Image size of job updated: 1668
	1668  -  MemoryUsage of job (MB)
	1708168  -  ResidentSetSize of job (KB)
...
006 (73445295.000.000) 2021-09-25 02:55:33 Image size of job updated: 1668
	1668  -  MemoryUsage of job (MB)
	1708196  -  ResidentSetSize of job (KB)
...
006 (73445295.000.000) 2021-09-25 02:56:33 Image size of job updated: 1668
	1668  -  MemoryUsage of job (MB)
	1708876  -  ResidentSetSize of job (KB)
...
006 (73445295.000.000) 2021-09-25 02:57:34 Image size of job updated: 1669
	1669  -  MemoryUsage of job (MB)
	1709448  -  ResidentSetSize of job (KB)
...
006 (73445295.000.000) 2021-09-25 02:58:35 Image size of job updated: 1669
	1669  -  MemoryUsage of job (MB)
	1709892  -  ResidentSetSize of job (KB)
...
006 (73445295.000.000) 2021-09-25 02:59:36 Image size of job updated: 1670
	1670  -  MemoryUsage of job (MB)
	1710520  -  ResidentSetSize of job (KB)
...
006 (73445295.000.000) 2021-09-25 03:00:36 Image size of job updated: 1670
	1670  -  MemoryUsage of job (MB)
	1710852  -  ResidentSetSize of job (KB)
...
006 (73445295.000.000) 2021-09-25 03:01:36 Image size of job updated: 1671
	1671  -  MemoryUsage of job (MB)
	1711376  -  ResidentSetSize of job (KB)
...
006 (73445295.000.000) 2021-09-25 03:02:37 Image size of job updated: 1671
	1671  -  MemoryUsage of job (MB)
	1711800  -  ResidentSetSize of job (KB)
...
006 (73445295.000.000) 2021-09-25 03:03:37 Image size of job updated: 1672
	1672  -  MemoryUsage of job (MB)
	1712136  -  ResidentSetSize of job (KB)
...
006 (73445295.000.000) 2021-09-25 03:04:37 Image size of job updated: 1672
	1672  -  MemoryUsage of job (MB)
	1712580  -  ResidentSetSize of job (KB)
...
006 (73445295.000.000) 2021-09-25 03:05:37 Image size of job updated: 1672
	1672  -  MemoryUsage of job (MB)
	1712980  -  ResidentSetSize of job (KB)
...
006 (73445295.000.000) 2021-09-25 03:06:39 Image size of job updated: 1673
	1673  -  MemoryUsage of job (MB)
	1713496  -  ResidentSetSize of job (KB)
...
006 (73445295.000.000) 2021-09-25 03:07:39 Image size of job updated: 1673
	1673  -  MemoryUsage of job (MB)
	1713724  -  ResidentSetSize of job (KB)
...
006 (73445295.000.000) 2021-09-25 03:08:40 Image size of job updated: 1674
	1674  -  MemoryUsage of job (MB)
	1714208  -  ResidentSetSize of job (KB)
...
006 (73445295.000.000) 2021-09-25 03:09:41 Image size of job updated: 1674
	1674  -  MemoryUsage of job (MB)
	1714712  -  ResidentSetSize of job (KB)
...
006 (73445295.000.000) 2021-09-25 03:10:41 Image size of job updated: 1674
	1674  -  MemoryUsage of job (MB)
	1714996  -  ResidentSetSize of job (KB)
...
006 (73445295.000.000) 2021-09-25 03:11:42 Image size of job updated: 1674
	1674  -  MemoryUsage of job (MB)
	1715116  -  ResidentSetSize of job (KB)
...
006 (73445295.000.000) 2021-09-25 03:12:42 Image size of job updated: 1675
	1675  -  MemoryUsage of job (MB)
	1715348  -  ResidentSetSize of job (KB)
...
006 (73445295.000.000) 2021-09-25 03:13:43 Image size of job updated: 1675
	1675  -  MemoryUsage of job (MB)
	1715396  -  ResidentSetSize of job (KB)
...
006 (73445295.000.000) 2021-09-25 03:14:43 Image size of job updated: 1675
	1675  -  MemoryUsage of job (MB)
	1715408  -  ResidentSetSize of job (KB)
...
006 (73445295.000.000) 2021-09-25 03:16:45 Image size of job updated: 1675
	1675  -  MemoryUsage of job (MB)
	1715416  -  ResidentSetSize of job (KB)
...
006 (73445295.000.000) 2021-09-25 03:17:45 Image size of job updated: 1675
	1675  -  MemoryUsage of job (MB)
	1715428  -  ResidentSetSize of job (KB)
...
006 (73445295.000.000) 2021-09-25 03:18:46 Image size of job updated: 1675
	1675  -  MemoryUsage of job (MB)
	1715432  -  ResidentSetSize of job (KB)
...
006 (73445295.000.000) 2021-09-25 03:19:47 Image size of job updated: 1675
	1675  -  MemoryUsage of job (MB)
	1715436  -  ResidentSetSize of job (KB)
...
006 (73445295.000.000) 2021-09-25 03:20:48 Image size of job updated: 1675
	1675  -  MemoryUsage of job (MB)
	1715452  -  ResidentSetSize of job (KB)
...
006 (73445295.000.000) 2021-09-25 03:21:49 Image size of job updated: 1675
	1675  -  MemoryUsage of job (MB)
	1715472  -  ResidentSetSize of job (KB)
...
006 (73445295.000.000) 2021-09-25 03:22:49 Image size of job updated: 1675
	1675  -  MemoryUsage of job (MB)
	1715520  -  ResidentSetSize of job (KB)
...
006 (73445295.000.000) 2021-09-25 03:23:50 Image size of job updated: 1676
	1676  -  MemoryUsage of job (MB)
	1716372  -  ResidentSetSize of job (KB)
...
006 (73445295.000.000) 2021-09-25 03:24:51 Image size of job updated: 1677
	1677  -  MemoryUsage of job (MB)
	1717312  -  ResidentSetSize of job (KB)
...
006 (73445295.000.000) 2021-09-25 03:25:52 Image size of job updated: 1677
	1677  -  MemoryUsage of job (MB)
	1717536  -  ResidentSetSize of job (KB)
...
006 (73445295.000.000) 2021-09-25 03:26:52 Image size of job updated: 1677
	1677  -  MemoryUsage of job (MB)
	1717660  -  ResidentSetSize of job (KB)
...
006 (73445295.000.000) 2021-09-25 03:27:53 Image size of job updated: 1677
	1677  -  MemoryUsage of job (MB)
	1718020  -  ResidentSetSize of job (KB)
...
006 (73445295.000.000) 2021-09-25 03:28:53 Image size of job updated: 1678
	1678  -  MemoryUsage of job (MB)
	1718400  -  ResidentSetSize of job (KB)
...
006 (73445295.000.000) 2021-09-25 03:29:55 Image size of job updated: 1678
	1678  -  MemoryUsage of job (MB)
	1718692  -  ResidentSetSize of job (KB)
...
040 (73445295.000.000) 2021-09-25 03:29:59 Started transferring output files
...
040 (73445295.000.000) 2021-09-25 03:29:59 Finished transferring output files
...
005 (73445295.000.000) 2021-09-25 03:30:02 Job terminated.
	(1) Normal termination (return value 0)
		Usr 0 00:00:00, Sys 0 00:00:00  -  Run Remote Usage
		Usr 0 00:00:00, Sys 0 00:00:00  -  Run Local Usage
		Usr 0 01:04:01, Sys 0 01:44:59  -  Total Remote Usage
		Usr 0 00:00:00, Sys 0 00:00:00  -  Total Local Usage
	1181765  -  Run Bytes Sent By Job
	8471570  -  Run Bytes Received By Job
	1181765  -  Total Bytes Sent By Job
	8471570  -  Total Bytes Received By Job
	Partitionable Resources :    Usage  Request Allocated 
	   Cpus                 :     0.00        1         1 
	   Disk (KB)            : 14276       10000   1628308 
	   Memory (MB)          :  1678        2048      2048 

	Job terminated of its own accord at 2021-09-25T08:29:59Z.
...
