000 (73340272.000.000) 2021-09-16 05:42:10 Job submitted from host: <131.225.188.235:9618?addrs=131.225.188.235-9618&alias=lpcschedd3.fnal.gov&noUDP&sock=schedd_2706_ab5d>
...
040 (73340272.000.000) 2021-09-16 05:42:27 Started transferring input files
	Transferring to host: <131.225.206.85:9618?addrs=131.225.206.85-9618&alias=cmswn1766.fnal.gov&noUDP&sock=slot1_4_1235_eb4b_2368>
...
040 (73340272.000.000) 2021-09-16 05:42:27 Finished transferring input files
...
001 (73340272.000.000) 2021-09-16 05:42:28 Job executing on host: <131.225.206.85:9618?addrs=131.225.206.85-9618&alias=cmswn1766.fnal.gov&noUDP&sock=startd_1150_6200>
...
006 (73340272.000.000) 2021-09-16 05:42:37 Image size of job updated: 42
	42  -  MemoryUsage of job (MB)
	43084  -  ResidentSetSize of job (KB)
...
006 (73340272.000.000) 2021-09-16 05:43:38 Image size of job updated: 527
	527  -  MemoryUsage of job (MB)
	540068  -  ResidentSetSize of job (KB)
...
006 (73340272.000.000) 2021-09-16 05:48:40 Image size of job updated: 559
	559  -  MemoryUsage of job (MB)
	572820  -  ResidentSetSize of job (KB)
...
006 (73340272.000.000) 2021-09-16 05:49:41 Image size of job updated: 594
	594  -  MemoryUsage of job (MB)
	609184  -  ResidentSetSize of job (KB)
...
006 (73340272.000.000) 2021-09-16 05:50:41 Image size of job updated: 627
	627  -  MemoryUsage of job (MB)
	643008  -  ResidentSetSize of job (KB)
...
006 (73340272.000.000) 2021-09-16 05:51:42 Image size of job updated: 657
	657  -  MemoryUsage of job (MB)
	673060  -  ResidentSetSize of job (KB)
...
006 (73340272.000.000) 2021-09-16 05:52:42 Image size of job updated: 685
	685  -  MemoryUsage of job (MB)
	701788  -  ResidentSetSize of job (KB)
...
006 (73340272.000.000) 2021-09-16 05:53:42 Image size of job updated: 711
	711  -  MemoryUsage of job (MB)
	728404  -  ResidentSetSize of job (KB)
...
006 (73340272.000.000) 2021-09-16 05:54:43 Image size of job updated: 736
	736  -  MemoryUsage of job (MB)
	753820  -  ResidentSetSize of job (KB)
...
006 (73340272.000.000) 2021-09-16 05:55:43 Image size of job updated: 759
	759  -  MemoryUsage of job (MB)
	778076  -  ResidentSetSize of job (KB)
...
006 (73340272.000.000) 2021-09-16 05:56:44 Image size of job updated: 782
	782  -  MemoryUsage of job (MB)
	801364  -  ResidentSetSize of job (KB)
...
006 (73340272.000.000) 2021-09-16 05:57:45 Image size of job updated: 805
	805  -  MemoryUsage of job (MB)
	824672  -  ResidentSetSize of job (KB)
...
006 (73340272.000.000) 2021-09-16 05:58:45 Image size of job updated: 826
	826  -  MemoryUsage of job (MB)
	846140  -  ResidentSetSize of job (KB)
...
006 (73340272.000.000) 2021-09-16 05:59:46 Image size of job updated: 848
	848  -  MemoryUsage of job (MB)
	869288  -  ResidentSetSize of job (KB)
...
006 (73340272.000.000) 2021-09-16 06:00:47 Image size of job updated: 868
	868  -  MemoryUsage of job (MB)
	889520  -  ResidentSetSize of job (KB)
...
006 (73340272.000.000) 2021-09-16 06:01:47 Image size of job updated: 899
	899  -  MemoryUsage of job (MB)
	921480  -  ResidentSetSize of job (KB)
...
006 (73340272.000.000) 2021-09-16 06:02:48 Image size of job updated: 918
	918  -  MemoryUsage of job (MB)
	941012  -  ResidentSetSize of job (KB)
...
006 (73340272.000.000) 2021-09-16 06:03:48 Image size of job updated: 939
	939  -  MemoryUsage of job (MB)
	961756  -  ResidentSetSize of job (KB)
...
006 (73340272.000.000) 2021-09-16 06:04:49 Image size of job updated: 957
	957  -  MemoryUsage of job (MB)
	980768  -  ResidentSetSize of job (KB)
...
006 (73340272.000.000) 2021-09-16 06:05:50 Image size of job updated: 975
	975  -  MemoryUsage of job (MB)
	998944  -  ResidentSetSize of job (KB)
...
006 (73340272.000.000) 2021-09-16 06:06:50 Image size of job updated: 992
	992  -  MemoryUsage of job (MB)
	1016756  -  ResidentSetSize of job (KB)
...
006 (73340272.000.000) 2021-09-16 06:07:51 Image size of job updated: 1010
	1010  -  MemoryUsage of job (MB)
	1034616  -  ResidentSetSize of job (KB)
...
006 (73340272.000.000) 2021-09-16 06:08:51 Image size of job updated: 1030
	1030  -  MemoryUsage of job (MB)
	1055212  -  ResidentSetSize of job (KB)
...
006 (73340272.000.000) 2021-09-16 06:09:51 Image size of job updated: 1050
	1050  -  MemoryUsage of job (MB)
	1075472  -  ResidentSetSize of job (KB)
...
006 (73340272.000.000) 2021-09-16 06:10:52 Image size of job updated: 1073
	1073  -  MemoryUsage of job (MB)
	1099080  -  ResidentSetSize of job (KB)
...
006 (73340272.000.000) 2021-09-16 06:11:52 Image size of job updated: 1089
	1089  -  MemoryUsage of job (MB)
	1115212  -  ResidentSetSize of job (KB)
...
006 (73340272.000.000) 2021-09-16 06:12:53 Image size of job updated: 1104
	1104  -  MemoryUsage of job (MB)
	1131080  -  ResidentSetSize of job (KB)
...
006 (73340272.000.000) 2021-09-16 06:13:54 Image size of job updated: 1119
	1119  -  MemoryUsage of job (MB)
	1146380  -  ResidentSetSize of job (KB)
...
006 (73340272.000.000) 2021-09-16 06:14:54 Image size of job updated: 1134
	1134  -  MemoryUsage of job (MB)
	1161612  -  ResidentSetSize of job (KB)
...
006 (73340272.000.000) 2021-09-16 06:15:55 Image size of job updated: 1148
	1148  -  MemoryUsage of job (MB)
	1176276  -  ResidentSetSize of job (KB)
...
006 (73340272.000.000) 2021-09-16 06:16:56 Image size of job updated: 1163
	1163  -  MemoryUsage of job (MB)
	1191872  -  ResidentSetSize of job (KB)
...
006 (73340272.000.000) 2021-09-16 06:17:56 Image size of job updated: 1178
	1178  -  MemoryUsage of job (MB)
	1206416  -  ResidentSetSize of job (KB)
...
006 (73340272.000.000) 2021-09-16 06:18:57 Image size of job updated: 1192
	1192  -  MemoryUsage of job (MB)
	1220772  -  ResidentSetSize of job (KB)
...
006 (73340272.000.000) 2021-09-16 06:19:57 Image size of job updated: 1205
	1205  -  MemoryUsage of job (MB)
	1233956  -  ResidentSetSize of job (KB)
...
006 (73340272.000.000) 2021-09-16 06:20:58 Image size of job updated: 1220
	1220  -  MemoryUsage of job (MB)
	1249532  -  ResidentSetSize of job (KB)
...
006 (73340272.000.000) 2021-09-16 06:21:58 Image size of job updated: 1235
	1235  -  MemoryUsage of job (MB)
	1265256  -  ResidentSetSize of job (KB)
...
006 (73340272.000.000) 2021-09-16 06:22:58 Image size of job updated: 1250
	1250  -  MemoryUsage of job (MB)
	1280816  -  ResidentSetSize of job (KB)
...
006 (73340272.000.000) 2021-09-16 06:23:59 Image size of job updated: 1266
	1266  -  MemoryUsage of job (MB)
	1296680  -  ResidentSetSize of job (KB)
...
006 (73340272.000.000) 2021-09-16 06:25:00 Image size of job updated: 1281
	1281  -  MemoryUsage of job (MB)
	1311980  -  ResidentSetSize of job (KB)
...
006 (73340272.000.000) 2021-09-16 06:26:01 Image size of job updated: 1295
	1295  -  MemoryUsage of job (MB)
	1327044  -  ResidentSetSize of job (KB)
...
006 (73340272.000.000) 2021-09-16 06:27:01 Image size of job updated: 1310
	1310  -  MemoryUsage of job (MB)
	1341924  -  ResidentSetSize of job (KB)
...
006 (73340272.000.000) 2021-09-16 06:28:01 Image size of job updated: 1324
	1324  -  MemoryUsage of job (MB)
	1356672  -  ResidentSetSize of job (KB)
...
006 (73340272.000.000) 2021-09-16 06:29:02 Image size of job updated: 1339
	1339  -  MemoryUsage of job (MB)
	1371384  -  ResidentSetSize of job (KB)
...
006 (73340272.000.000) 2021-09-16 06:30:03 Image size of job updated: 1353
	1353  -  MemoryUsage of job (MB)
	1385952  -  ResidentSetSize of job (KB)
...
006 (73340272.000.000) 2021-09-16 06:31:03 Image size of job updated: 1366
	1366  -  MemoryUsage of job (MB)
	1398832  -  ResidentSetSize of job (KB)
...
006 (73340272.000.000) 2021-09-16 06:32:04 Image size of job updated: 1379
	1379  -  MemoryUsage of job (MB)
	1412872  -  ResidentSetSize of job (KB)
...
006 (73340272.000.000) 2021-09-16 06:33:05 Image size of job updated: 1393
	1393  -  MemoryUsage of job (MB)
	1426672  -  ResidentSetSize of job (KB)
...
006 (73340272.000.000) 2021-09-16 06:34:05 Image size of job updated: 1406
	1406  -  MemoryUsage of job (MB)
	1440604  -  ResidentSetSize of job (KB)
...
006 (73340272.000.000) 2021-09-16 06:35:05 Image size of job updated: 1420
	1420  -  MemoryUsage of job (MB)
	1454924  -  ResidentSetSize of job (KB)
...
006 (73340272.000.000) 2021-09-16 06:36:05 Image size of job updated: 1433
	1433  -  MemoryUsage of job (MB)
	1467516  -  ResidentSetSize of job (KB)
...
006 (73340272.000.000) 2021-09-16 06:37:06 Image size of job updated: 1446
	1446  -  MemoryUsage of job (MB)
	1480820  -  ResidentSetSize of job (KB)
...
006 (73340272.000.000) 2021-09-16 06:38:07 Image size of job updated: 1458
	1458  -  MemoryUsage of job (MB)
	1493928  -  ResidentSetSize of job (KB)
...
006 (73340272.000.000) 2021-09-16 06:39:07 Image size of job updated: 1471
	1471  -  MemoryUsage of job (MB)
	1506884  -  ResidentSetSize of job (KB)
...
006 (73340272.000.000) 2021-09-16 06:40:07 Image size of job updated: 1484
	1484  -  MemoryUsage of job (MB)
	1519712  -  ResidentSetSize of job (KB)
...
006 (73340272.000.000) 2021-09-16 06:41:07 Image size of job updated: 1496
	1496  -  MemoryUsage of job (MB)
	1532620  -  ResidentSetSize of job (KB)
...
006 (73340272.000.000) 2021-09-16 06:42:08 Image size of job updated: 1509
	1509  -  MemoryUsage of job (MB)
	1545932  -  ResidentSetSize of job (KB)
...
006 (73340272.000.000) 2021-09-16 06:43:09 Image size of job updated: 1522
	1522  -  MemoryUsage of job (MB)
	1559080  -  ResidentSetSize of job (KB)
...
006 (73340272.000.000) 2021-09-16 06:44:10 Image size of job updated: 1534
	1534  -  MemoryUsage of job (MB)
	1571836  -  ResidentSetSize of job (KB)
...
006 (73340272.000.000) 2021-09-16 06:45:10 Image size of job updated: 1617
	1617  -  MemoryUsage of job (MB)
	1656092  -  ResidentSetSize of job (KB)
...
006 (73340272.000.000) 2021-09-16 06:46:11 Image size of job updated: 1631
	1631  -  MemoryUsage of job (MB)
	1670784  -  ResidentSetSize of job (KB)
...
006 (73340272.000.000) 2021-09-16 06:47:12 Image size of job updated: 1638
	1638  -  MemoryUsage of job (MB)
	1678092  -  ResidentSetSize of job (KB)
...
006 (73340272.000.000) 2021-09-16 06:48:12 Image size of job updated: 1644
	1644  -  MemoryUsage of job (MB)
	1684420  -  ResidentSetSize of job (KB)
...
006 (73340272.000.000) 2021-09-16 06:49:12 Image size of job updated: 1650
	1650  -  MemoryUsage of job (MB)
	1690524  -  ResidentSetSize of job (KB)
...
006 (73340272.000.000) 2021-09-16 06:50:13 Image size of job updated: 1656
	1656  -  MemoryUsage of job (MB)
	1696316  -  ResidentSetSize of job (KB)
...
006 (73340272.000.000) 2021-09-16 06:51:14 Image size of job updated: 1662
	1662  -  MemoryUsage of job (MB)
	1702280  -  ResidentSetSize of job (KB)
...
006 (73340272.000.000) 2021-09-16 06:52:16 Image size of job updated: 1666
	1666  -  MemoryUsage of job (MB)
	1706264  -  ResidentSetSize of job (KB)
...
040 (73340272.000.000) 2021-09-16 06:52:16 Started transferring output files
...
040 (73340272.000.000) 2021-09-16 06:52:16 Finished transferring output files
...
005 (73340272.000.000) 2021-09-16 06:52:17 Job terminated.
	(1) Normal termination (return value 0)
		Usr 0 00:00:00, Sys 0 00:00:00  -  Run Remote Usage
		Usr 0 00:00:00, Sys 0 00:00:00  -  Run Local Usage
		Usr 0 01:03:16, Sys 0 00:04:15  -  Total Remote Usage
		Usr 0 00:00:00, Sys 0 00:00:00  -  Total Local Usage
	1223101  -  Run Bytes Sent By Job
	8471562  -  Run Bytes Received By Job
	1223101  -  Total Bytes Sent By Job
	8471562  -  Total Bytes Received By Job
	Partitionable Resources :    Usage  Request Allocated 
	   Cpus                 :     0.00        1         1 
	   Disk (KB)            : 14557       10000    317447 
	   Memory (MB)          :  1666        2048      2048 

	Job terminated of its own accord at 2021-09-16T11:52:16Z.
...
000 (14733000.000.000) 2021-09-24 22:27:18 Job submitted from host: <131.225.188.55:9618?addrs=131.225.188.55-9618&alias=lpcschedd1.fnal.gov&noUDP&sock=schedd_2070_6d22>
...
040 (14733000.000.000) 2021-09-25 01:24:46 Started transferring input files
	Transferring to host: <131.225.188.73:9618?addrs=131.225.188.73-9618&alias=cmswn2038.fnal.gov&noUDP&sock=slot1_22_1996_1cca_4635>
...
040 (14733000.000.000) 2021-09-25 01:24:46 Finished transferring input files
...
001 (14733000.000.000) 2021-09-25 01:24:47 Job executing on host: <131.225.188.73:9618?addrs=131.225.188.73-9618&alias=cmswn2038.fnal.gov&noUDP&sock=startd_1910_adfa>
...
006 (14733000.000.000) 2021-09-25 01:24:56 Image size of job updated: 3
	3  -  MemoryUsage of job (MB)
	3980  -  ResidentSetSize of job (KB)
...
006 (14733000.000.000) 2021-09-25 01:25:57 Image size of job updated: 453
	453  -  MemoryUsage of job (MB)
	464688  -  ResidentSetSize of job (KB)
...
006 (14733000.000.000) 2021-09-25 01:26:58 Image size of job updated: 528
	528  -  MemoryUsage of job (MB)
	541472  -  ResidentSetSize of job (KB)
...
006 (14733000.000.000) 2021-09-25 01:31:00 Image size of job updated: 538
	538  -  MemoryUsage of job (MB)
	551032  -  ResidentSetSize of job (KB)
...
006 (14733000.000.000) 2021-09-25 01:32:01 Image size of job updated: 578
	578  -  MemoryUsage of job (MB)
	591984  -  ResidentSetSize of job (KB)
...
006 (14733000.000.000) 2021-09-25 01:33:02 Image size of job updated: 619
	619  -  MemoryUsage of job (MB)
	634872  -  ResidentSetSize of job (KB)
...
006 (14733000.000.000) 2021-09-25 01:34:02 Image size of job updated: 654
	654  -  MemoryUsage of job (MB)
	670084  -  ResidentSetSize of job (KB)
...
006 (14733000.000.000) 2021-09-25 01:35:04 Image size of job updated: 691
	691  -  MemoryUsage of job (MB)
	708276  -  ResidentSetSize of job (KB)
...
006 (14733000.000.000) 2021-09-25 01:36:04 Image size of job updated: 722
	722  -  MemoryUsage of job (MB)
	739648  -  ResidentSetSize of job (KB)
...
006 (14733000.000.000) 2021-09-25 01:37:04 Image size of job updated: 751
	751  -  MemoryUsage of job (MB)
	769552  -  ResidentSetSize of job (KB)
...
006 (14733000.000.000) 2021-09-25 01:38:05 Image size of job updated: 779
	779  -  MemoryUsage of job (MB)
	798240  -  ResidentSetSize of job (KB)
...
006 (14733000.000.000) 2021-09-25 01:39:06 Image size of job updated: 807
	807  -  MemoryUsage of job (MB)
	827352  -  ResidentSetSize of job (KB)
...
006 (14733000.000.000) 2021-09-25 01:40:06 Image size of job updated: 833
	833  -  MemoryUsage of job (MB)
	853952  -  ResidentSetSize of job (KB)
...
006 (14733000.000.000) 2021-09-25 01:41:07 Image size of job updated: 862
	862  -  MemoryUsage of job (MB)
	882924  -  ResidentSetSize of job (KB)
...
006 (14733000.000.000) 2021-09-25 01:42:07 Image size of job updated: 899
	899  -  MemoryUsage of job (MB)
	920672  -  ResidentSetSize of job (KB)
...
006 (14733000.000.000) 2021-09-25 01:43:09 Image size of job updated: 927
	927  -  MemoryUsage of job (MB)
	949692  -  ResidentSetSize of job (KB)
...
006 (14733000.000.000) 2021-09-25 01:44:09 Image size of job updated: 951
	951  -  MemoryUsage of job (MB)
	973844  -  ResidentSetSize of job (KB)
...
006 (14733000.000.000) 2021-09-25 01:45:10 Image size of job updated: 974
	974  -  MemoryUsage of job (MB)
	997844  -  ResidentSetSize of job (KB)
...
006 (14733000.000.000) 2021-09-25 01:46:11 Image size of job updated: 996
	996  -  MemoryUsage of job (MB)
	1020680  -  ResidentSetSize of job (KB)
...
006 (14733000.000.000) 2021-09-25 01:47:12 Image size of job updated: 1020
	1020  -  MemoryUsage of job (MB)
	1045028  -  ResidentSetSize of job (KB)
...
006 (14733000.000.000) 2021-09-25 01:48:13 Image size of job updated: 1044
	1044  -  MemoryUsage of job (MB)
	1069728  -  ResidentSetSize of job (KB)
...
006 (14733000.000.000) 2021-09-25 01:49:15 Image size of job updated: 1076
	1076  -  MemoryUsage of job (MB)
	1102820  -  ResidentSetSize of job (KB)
...
006 (14733000.000.000) 2021-09-25 01:50:15 Image size of job updated: 1097
	1097  -  MemoryUsage of job (MB)
	1123636  -  ResidentSetSize of job (KB)
...
006 (14733000.000.000) 2021-09-25 01:51:15 Image size of job updated: 1116
	1116  -  MemoryUsage of job (MB)
	1143480  -  ResidentSetSize of job (KB)
...
006 (14733000.000.000) 2021-09-25 01:52:16 Image size of job updated: 1136
	1136  -  MemoryUsage of job (MB)
	1163788  -  ResidentSetSize of job (KB)
...
006 (14733000.000.000) 2021-09-25 01:53:17 Image size of job updated: 1156
	1156  -  MemoryUsage of job (MB)
	1184276  -  ResidentSetSize of job (KB)
...
006 (14733000.000.000) 2021-09-25 01:54:17 Image size of job updated: 1175
	1175  -  MemoryUsage of job (MB)
	1203524  -  ResidentSetSize of job (KB)
...
006 (14733000.000.000) 2021-09-25 01:55:18 Image size of job updated: 1195
	1195  -  MemoryUsage of job (MB)
	1224400  -  ResidentSetSize of job (KB)
...
006 (14733000.000.000) 2021-09-25 01:56:19 Image size of job updated: 1214
	1214  -  MemoryUsage of job (MB)
	1243276  -  ResidentSetSize of job (KB)
...
006 (14733000.000.000) 2021-09-25 01:57:20 Image size of job updated: 1232
	1232  -  MemoryUsage of job (MB)
	1261668  -  ResidentSetSize of job (KB)
...
006 (14733000.000.000) 2021-09-25 01:58:22 Image size of job updated: 1251
	1251  -  MemoryUsage of job (MB)
	1281636  -  ResidentSetSize of job (KB)
...
006 (14733000.000.000) 2021-09-25 01:59:22 Image size of job updated: 1267
	1267  -  MemoryUsage of job (MB)
	1298372  -  ResidentSetSize of job (KB)
...
006 (14733000.000.000) 2021-09-25 02:00:23 Image size of job updated: 1284
	1284  -  MemoryUsage of job (MB)
	1315628  -  ResidentSetSize of job (KB)
...
006 (14733000.000.000) 2021-09-25 02:01:24 Image size of job updated: 1301
	1301  -  MemoryUsage of job (MB)
	1332572  -  ResidentSetSize of job (KB)
...
006 (14733000.000.000) 2021-09-25 02:02:25 Image size of job updated: 1319
	1319  -  MemoryUsage of job (MB)
	1351208  -  ResidentSetSize of job (KB)
...
006 (14733000.000.000) 2021-09-25 02:03:25 Image size of job updated: 1335
	1335  -  MemoryUsage of job (MB)
	1367456  -  ResidentSetSize of job (KB)
...
006 (14733000.000.000) 2021-09-25 02:04:25 Image size of job updated: 1351
	1351  -  MemoryUsage of job (MB)
	1384032  -  ResidentSetSize of job (KB)
...
006 (14733000.000.000) 2021-09-25 02:05:25 Image size of job updated: 1367
	1367  -  MemoryUsage of job (MB)
	1400528  -  ResidentSetSize of job (KB)
...
006 (14733000.000.000) 2021-09-25 02:06:25 Image size of job updated: 1382
	1382  -  MemoryUsage of job (MB)
	1416152  -  ResidentSetSize of job (KB)
...
006 (14733000.000.000) 2021-09-25 02:07:25 Image size of job updated: 1398
	1398  -  MemoryUsage of job (MB)
	1431904  -  ResidentSetSize of job (KB)
...
006 (14733000.000.000) 2021-09-25 02:08:27 Image size of job updated: 1415
	1415  -  MemoryUsage of job (MB)
	1448996  -  ResidentSetSize of job (KB)
...
006 (14733000.000.000) 2021-09-25 02:09:27 Image size of job updated: 1430
	1430  -  MemoryUsage of job (MB)
	1464760  -  ResidentSetSize of job (KB)
...
006 (14733000.000.000) 2021-09-25 02:10:28 Image size of job updated: 1445
	1445  -  MemoryUsage of job (MB)
	1479704  -  ResidentSetSize of job (KB)
...
006 (14733000.000.000) 2021-09-25 02:11:28 Image size of job updated: 1459
	1459  -  MemoryUsage of job (MB)
	1494856  -  ResidentSetSize of job (KB)
...
006 (14733000.000.000) 2021-09-25 02:12:29 Image size of job updated: 1474
	1474  -  MemoryUsage of job (MB)
	1510004  -  ResidentSetSize of job (KB)
...
006 (14733000.000.000) 2021-09-25 02:13:30 Image size of job updated: 1489
	1489  -  MemoryUsage of job (MB)
	1524812  -  ResidentSetSize of job (KB)
...
006 (14733000.000.000) 2021-09-25 02:14:31 Image size of job updated: 1505
	1505  -  MemoryUsage of job (MB)
	1541208  -  ResidentSetSize of job (KB)
...
006 (14733000.000.000) 2021-09-25 02:15:32 Image size of job updated: 1519
	1519  -  MemoryUsage of job (MB)
	1555896  -  ResidentSetSize of job (KB)
...
006 (14733000.000.000) 2021-09-25 02:16:32 Image size of job updated: 1533
	1533  -  MemoryUsage of job (MB)
	1570020  -  ResidentSetSize of job (KB)
...
006 (14733000.000.000) 2021-09-25 02:17:32 Image size of job updated: 1617
	1617  -  MemoryUsage of job (MB)
	1656028  -  ResidentSetSize of job (KB)
...
006 (14733000.000.000) 2021-09-25 02:18:32 Image size of job updated: 1621
	1621  -  MemoryUsage of job (MB)
	1660552  -  ResidentSetSize of job (KB)
...
006 (14733000.000.000) 2021-09-25 02:19:34 Image size of job updated: 1624
	1624  -  MemoryUsage of job (MB)
	1663676  -  ResidentSetSize of job (KB)
...
006 (14733000.000.000) 2021-09-25 02:20:34 Image size of job updated: 1626
	1626  -  MemoryUsage of job (MB)
	1665768  -  ResidentSetSize of job (KB)
...
006 (14733000.000.000) 2021-09-25 02:21:35 Image size of job updated: 1627
	1627  -  MemoryUsage of job (MB)
	1666244  -  ResidentSetSize of job (KB)
...
006 (14733000.000.000) 2021-09-25 02:22:35 Image size of job updated: 1628
	1628  -  MemoryUsage of job (MB)
	1667360  -  ResidentSetSize of job (KB)
...
006 (14733000.000.000) 2021-09-25 02:23:35 Image size of job updated: 1628
	1628  -  MemoryUsage of job (MB)
	1667940  -  ResidentSetSize of job (KB)
...
006 (14733000.000.000) 2021-09-25 02:24:36 Image size of job updated: 1630
	1630  -  MemoryUsage of job (MB)
	1669160  -  ResidentSetSize of job (KB)
...
006 (14733000.000.000) 2021-09-25 02:25:36 Image size of job updated: 1630
	1630  -  MemoryUsage of job (MB)
	1669632  -  ResidentSetSize of job (KB)
...
006 (14733000.000.000) 2021-09-25 02:26:37 Image size of job updated: 1631
	1631  -  MemoryUsage of job (MB)
	1670392  -  ResidentSetSize of job (KB)
...
006 (14733000.000.000) 2021-09-25 02:27:37 Image size of job updated: 1631
	1631  -  MemoryUsage of job (MB)
	1671008  -  ResidentSetSize of job (KB)
...
006 (14733000.000.000) 2021-09-25 02:28:37 Image size of job updated: 1632
	1632  -  MemoryUsage of job (MB)
	1671452  -  ResidentSetSize of job (KB)
...
006 (14733000.000.000) 2021-09-25 02:29:37 Image size of job updated: 1633
	1633  -  MemoryUsage of job (MB)
	1672356  -  ResidentSetSize of job (KB)
...
006 (14733000.000.000) 2021-09-25 02:30:37 Image size of job updated: 1634
	1634  -  MemoryUsage of job (MB)
	1673308  -  ResidentSetSize of job (KB)
...
006 (14733000.000.000) 2021-09-25 02:31:37 Image size of job updated: 1635
	1635  -  MemoryUsage of job (MB)
	1674284  -  ResidentSetSize of job (KB)
...
006 (14733000.000.000) 2021-09-25 02:32:37 Image size of job updated: 1635
	1635  -  MemoryUsage of job (MB)
	1675152  -  ResidentSetSize of job (KB)
...
006 (14733000.000.000) 2021-09-25 02:33:38 Image size of job updated: 1636
	1636  -  MemoryUsage of job (MB)
	1675564  -  ResidentSetSize of job (KB)
...
006 (14733000.000.000) 2021-09-25 02:34:38 Image size of job updated: 1637
	1637  -  MemoryUsage of job (MB)
	1676460  -  ResidentSetSize of job (KB)
...
006 (14733000.000.000) 2021-09-25 02:35:39 Image size of job updated: 1638
	1638  -  MemoryUsage of job (MB)
	1677324  -  ResidentSetSize of job (KB)
...
006 (14733000.000.000) 2021-09-25 02:36:40 Image size of job updated: 1638
	1638  -  MemoryUsage of job (MB)
	1678164  -  ResidentSetSize of job (KB)
...
006 (14733000.000.000) 2021-09-25 02:37:41 Image size of job updated: 1639
	1639  -  MemoryUsage of job (MB)
	1678560  -  ResidentSetSize of job (KB)
...
006 (14733000.000.000) 2021-09-25 02:38:41 Image size of job updated: 1640
	1640  -  MemoryUsage of job (MB)
	1679368  -  ResidentSetSize of job (KB)
...
006 (14733000.000.000) 2021-09-25 02:39:41 Image size of job updated: 1640
	1640  -  MemoryUsage of job (MB)
	1679840  -  ResidentSetSize of job (KB)
...
006 (14733000.000.000) 2021-09-25 02:40:42 Image size of job updated: 1641
	1641  -  MemoryUsage of job (MB)
	1680616  -  ResidentSetSize of job (KB)
...
006 (14733000.000.000) 2021-09-25 02:41:42 Image size of job updated: 1641
	1641  -  MemoryUsage of job (MB)
	1681316  -  ResidentSetSize of job (KB)
...
006 (14733000.000.000) 2021-09-25 02:42:43 Image size of job updated: 1642
	1642  -  MemoryUsage of job (MB)
	1681860  -  ResidentSetSize of job (KB)
...
006 (14733000.000.000) 2021-09-25 02:43:44 Image size of job updated: 1643
	1643  -  MemoryUsage of job (MB)
	1682784  -  ResidentSetSize of job (KB)
...
006 (14733000.000.000) 2021-09-25 02:44:44 Image size of job updated: 1643
	1643  -  MemoryUsage of job (MB)
	1683212  -  ResidentSetSize of job (KB)
...
006 (14733000.000.000) 2021-09-25 02:45:44 Image size of job updated: 1644
	1644  -  MemoryUsage of job (MB)
	1684060  -  ResidentSetSize of job (KB)
...
006 (14733000.000.000) 2021-09-25 02:46:45 Image size of job updated: 1645
	1645  -  MemoryUsage of job (MB)
	1684996  -  ResidentSetSize of job (KB)
...
006 (14733000.000.000) 2021-09-25 02:47:47 Image size of job updated: 1646
	1646  -  MemoryUsage of job (MB)
	1685740  -  ResidentSetSize of job (KB)
...
006 (14733000.000.000) 2021-09-25 02:48:47 Image size of job updated: 1647
	1647  -  MemoryUsage of job (MB)
	1686536  -  ResidentSetSize of job (KB)
...
006 (14733000.000.000) 2021-09-25 02:49:48 Image size of job updated: 1647
	1647  -  MemoryUsage of job (MB)
	1686964  -  ResidentSetSize of job (KB)
...
006 (14733000.000.000) 2021-09-25 02:50:49 Image size of job updated: 1648
	1648  -  MemoryUsage of job (MB)
	1687816  -  ResidentSetSize of job (KB)
...
006 (14733000.000.000) 2021-09-25 02:51:49 Image size of job updated: 1649
	1649  -  MemoryUsage of job (MB)
	1688628  -  ResidentSetSize of job (KB)
...
006 (14733000.000.000) 2021-09-25 02:52:50 Image size of job updated: 1649
	1649  -  MemoryUsage of job (MB)
	1689320  -  ResidentSetSize of job (KB)
...
006 (14733000.000.000) 2021-09-25 02:53:51 Image size of job updated: 1650
	1650  -  MemoryUsage of job (MB)
	1689964  -  ResidentSetSize of job (KB)
...
006 (14733000.000.000) 2021-09-25 02:54:51 Image size of job updated: 1651
	1651  -  MemoryUsage of job (MB)
	1690664  -  ResidentSetSize of job (KB)
...
006 (14733000.000.000) 2021-09-25 02:55:52 Image size of job updated: 1651
	1651  -  MemoryUsage of job (MB)
	1691072  -  ResidentSetSize of job (KB)
...
006 (14733000.000.000) 2021-09-25 02:56:53 Image size of job updated: 1652
	1652  -  MemoryUsage of job (MB)
	1691968  -  ResidentSetSize of job (KB)
...
006 (14733000.000.000) 2021-09-25 02:57:53 Image size of job updated: 1652
	1652  -  MemoryUsage of job (MB)
	1692328  -  ResidentSetSize of job (KB)
...
006 (14733000.000.000) 2021-09-25 02:58:53 Image size of job updated: 1653
	1653  -  MemoryUsage of job (MB)
	1693104  -  ResidentSetSize of job (KB)
...
006 (14733000.000.000) 2021-09-25 02:59:54 Image size of job updated: 1654
	1654  -  MemoryUsage of job (MB)
	1693860  -  ResidentSetSize of job (KB)
...
006 (14733000.000.000) 2021-09-25 03:00:54 Image size of job updated: 1654
	1654  -  MemoryUsage of job (MB)
	1694368  -  ResidentSetSize of job (KB)
...
006 (14733000.000.000) 2021-09-25 03:01:55 Image size of job updated: 1655
	1655  -  MemoryUsage of job (MB)
	1695064  -  ResidentSetSize of job (KB)
...
006 (14733000.000.000) 2021-09-25 03:02:57 Image size of job updated: 1655
	1655  -  MemoryUsage of job (MB)
	1695528  -  ResidentSetSize of job (KB)
...
006 (14733000.000.000) 2021-09-25 03:03:57 Image size of job updated: 1656
	1656  -  MemoryUsage of job (MB)
	1696292  -  ResidentSetSize of job (KB)
...
006 (14733000.000.000) 2021-09-25 03:04:57 Image size of job updated: 1656
	1656  -  MemoryUsage of job (MB)
	1696740  -  ResidentSetSize of job (KB)
...
006 (14733000.000.000) 2021-09-25 03:05:57 Image size of job updated: 1657
	1657  -  MemoryUsage of job (MB)
	1697428  -  ResidentSetSize of job (KB)
...
006 (14733000.000.000) 2021-09-25 03:06:57 Image size of job updated: 1658
	1658  -  MemoryUsage of job (MB)
	1697872  -  ResidentSetSize of job (KB)
...
006 (14733000.000.000) 2021-09-25 03:07:58 Image size of job updated: 1658
	1658  -  MemoryUsage of job (MB)
	1698708  -  ResidentSetSize of job (KB)
...
006 (14733000.000.000) 2021-09-25 03:08:59 Image size of job updated: 1659
	1659  -  MemoryUsage of job (MB)
	1699504  -  ResidentSetSize of job (KB)
...
006 (14733000.000.000) 2021-09-25 03:10:00 Image size of job updated: 1660
	1660  -  MemoryUsage of job (MB)
	1700228  -  ResidentSetSize of job (KB)
...
006 (14733000.000.000) 2021-09-25 03:11:00 Image size of job updated: 1661
	1661  -  MemoryUsage of job (MB)
	1700972  -  ResidentSetSize of job (KB)
...
006 (14733000.000.000) 2021-09-25 03:12:00 Image size of job updated: 1661
	1661  -  MemoryUsage of job (MB)
	1701880  -  ResidentSetSize of job (KB)
...
006 (14733000.000.000) 2021-09-25 03:13:00 Image size of job updated: 1662
	1662  -  MemoryUsage of job (MB)
	1702696  -  ResidentSetSize of job (KB)
...
006 (14733000.000.000) 2021-09-25 03:14:01 Image size of job updated: 1663
	1663  -  MemoryUsage of job (MB)
	1703124  -  ResidentSetSize of job (KB)
...
006 (14733000.000.000) 2021-09-25 03:15:01 Image size of job updated: 1663
	1663  -  MemoryUsage of job (MB)
	1703840  -  ResidentSetSize of job (KB)
...
006 (14733000.000.000) 2021-09-25 03:16:02 Image size of job updated: 1664
	1664  -  MemoryUsage of job (MB)
	1704592  -  ResidentSetSize of job (KB)
...
006 (14733000.000.000) 2021-09-25 03:17:03 Image size of job updated: 1665
	1665  -  MemoryUsage of job (MB)
	1705048  -  ResidentSetSize of job (KB)
...
006 (14733000.000.000) 2021-09-25 03:18:03 Image size of job updated: 1665
	1665  -  MemoryUsage of job (MB)
	1705800  -  ResidentSetSize of job (KB)
...
006 (14733000.000.000) 2021-09-25 03:19:04 Image size of job updated: 1666
	1666  -  MemoryUsage of job (MB)
	1706500  -  ResidentSetSize of job (KB)
...
040 (14733000.000.000) 2021-09-25 03:19:28 Started transferring output files
...
040 (14733000.000.000) 2021-09-25 03:19:28 Finished transferring output files
...
005 (14733000.000.000) 2021-09-25 03:19:31 Job terminated.
	(1) Normal termination (return value 0)
		Usr 0 00:00:00, Sys 0 00:00:00  -  Run Remote Usage
		Usr 0 00:00:00, Sys 0 00:00:00  -  Run Local Usage
		Usr 0 00:55:05, Sys 0 00:57:47  -  Total Remote Usage
		Usr 0 00:00:00, Sys 0 00:00:00  -  Total Local Usage
	1215785  -  Run Bytes Sent By Job
	8471570  -  Run Bytes Received By Job
	1215785  -  Total Bytes Sent By Job
	8471570  -  Total Bytes Received By Job
	Partitionable Resources :    Usage  Request Allocated 
	   Cpus                 :        0        1         1 
	   Disk (KB)            :    11809    10000   1635721 
	   Memory (MB)          :     1666     2048      2048 

	Job terminated of its own accord at 2021-09-25T08:19:28Z.
...
