000 (34591595.000.000) 2021-09-19 10:24:12 Job submitted from host: <131.225.188.57:9618?addrs=131.225.188.57-9618&alias=lpcschedd2.fnal.gov&noUDP&sock=schedd_2251_93c6>
...
040 (34591595.000.000) 2021-09-19 10:26:54 Started transferring input files
	Transferring to host: <131.225.205.179:9618?addrs=131.225.205.179-9618&alias=cmswn1953.fnal.gov&noUDP&sock=slot1_32_1553_fa98_2364>
...
040 (34591595.000.000) 2021-09-19 10:26:54 Finished transferring input files
...
001 (34591595.000.000) 2021-09-19 10:26:55 Job executing on host: <131.225.205.179:9618?addrs=131.225.205.179-9618&alias=cmswn1953.fnal.gov&noUDP&sock=startd_1442_aba8>
...
006 (34591595.000.000) 2021-09-19 10:27:05 Image size of job updated: 28
	28  -  MemoryUsage of job (MB)
	28936  -  ResidentSetSize of job (KB)
...
006 (34591595.000.000) 2021-09-19 10:28:05 Image size of job updated: 422
	422  -  MemoryUsage of job (MB)
	432128  -  ResidentSetSize of job (KB)
...
006 (34591595.000.000) 2021-09-19 10:29:05 Image size of job updated: 536
	536  -  MemoryUsage of job (MB)
	549688  -  ResidentSetSize of job (KB)
...
006 (34591595.000.000) 2021-09-19 10:33:07 Image size of job updated: 568
	568  -  MemoryUsage of job (MB)
	582408  -  ResidentSetSize of job (KB)
...
006 (34591595.000.000) 2021-09-19 10:34:07 Image size of job updated: 613
	613  -  MemoryUsage of job (MB)
	628388  -  ResidentSetSize of job (KB)
...
006 (34591595.000.000) 2021-09-19 10:35:07 Image size of job updated: 652
	652  -  MemoryUsage of job (MB)
	668568  -  ResidentSetSize of job (KB)
...
006 (34591595.000.000) 2021-09-19 10:36:07 Image size of job updated: 688
	688  -  MemoryUsage of job (MB)
	705384  -  ResidentSetSize of job (KB)
...
006 (34591595.000.000) 2021-09-19 10:37:07 Image size of job updated: 722
	722  -  MemoryUsage of job (MB)
	739568  -  ResidentSetSize of job (KB)
...
006 (34591595.000.000) 2021-09-19 10:38:08 Image size of job updated: 753
	753  -  MemoryUsage of job (MB)
	771468  -  ResidentSetSize of job (KB)
...
006 (34591595.000.000) 2021-09-19 10:39:09 Image size of job updated: 782
	782  -  MemoryUsage of job (MB)
	801620  -  ResidentSetSize of job (KB)
...
006 (34591595.000.000) 2021-09-19 10:40:09 Image size of job updated: 812
	812  -  MemoryUsage of job (MB)
	831528  -  ResidentSetSize of job (KB)
...
006 (34591595.000.000) 2021-09-19 10:41:09 Image size of job updated: 841
	841  -  MemoryUsage of job (MB)
	861600  -  ResidentSetSize of job (KB)
...
006 (34591595.000.000) 2021-09-19 10:42:10 Image size of job updated: 867
	867  -  MemoryUsage of job (MB)
	888524  -  ResidentSetSize of job (KB)
...
006 (34591595.000.000) 2021-09-19 10:43:10 Image size of job updated: 904
	904  -  MemoryUsage of job (MB)
	926396  -  ResidentSetSize of job (KB)
...
006 (34591595.000.000) 2021-09-19 10:44:10 Image size of job updated: 931
	931  -  MemoryUsage of job (MB)
	953532  -  ResidentSetSize of job (KB)
...
006 (34591595.000.000) 2021-09-19 10:45:11 Image size of job updated: 958
	958  -  MemoryUsage of job (MB)
	981212  -  ResidentSetSize of job (KB)
...
006 (34591595.000.000) 2021-09-19 10:46:11 Image size of job updated: 981
	981  -  MemoryUsage of job (MB)
	1004836  -  ResidentSetSize of job (KB)
...
006 (34591595.000.000) 2021-09-19 10:47:13 Image size of job updated: 1005
	1005  -  MemoryUsage of job (MB)
	1030136  -  ResidentSetSize of job (KB)
...
006 (34591595.000.000) 2021-09-19 10:48:13 Image size of job updated: 1030
	1030  -  MemoryUsage of job (MB)
	1054880  -  ResidentSetSize of job (KB)
...
006 (34591595.000.000) 2021-09-19 10:49:13 Image size of job updated: 1060
	1060  -  MemoryUsage of job (MB)
	1085756  -  ResidentSetSize of job (KB)
...
006 (34591595.000.000) 2021-09-19 10:50:13 Image size of job updated: 1083
	1083  -  MemoryUsage of job (MB)
	1109864  -  ResidentSetSize of job (KB)
...
006 (34591595.000.000) 2021-09-19 10:51:13 Image size of job updated: 1104
	1104  -  MemoryUsage of job (MB)
	1131032  -  ResidentSetSize of job (KB)
...
006 (34591595.000.000) 2021-09-19 10:52:14 Image size of job updated: 1124
	1124  -  MemoryUsage of job (MB)
	1151992  -  ResidentSetSize of job (KB)
...
006 (34591595.000.000) 2021-09-19 10:53:15 Image size of job updated: 1145
	1145  -  MemoryUsage of job (MB)
	1172816  -  ResidentSetSize of job (KB)
...
006 (34591595.000.000) 2021-09-19 10:54:15 Image size of job updated: 1165
	1165  -  MemoryUsage of job (MB)
	1193552  -  ResidentSetSize of job (KB)
...
006 (34591595.000.000) 2021-09-19 10:55:16 Image size of job updated: 1184
	1184  -  MemoryUsage of job (MB)
	1212940  -  ResidentSetSize of job (KB)
...
006 (34591595.000.000) 2021-09-19 10:56:17 Image size of job updated: 1203
	1203  -  MemoryUsage of job (MB)
	1232072  -  ResidentSetSize of job (KB)
...
006 (34591595.000.000) 2021-09-19 10:57:17 Image size of job updated: 1221
	1221  -  MemoryUsage of job (MB)
	1250704  -  ResidentSetSize of job (KB)
...
006 (34591595.000.000) 2021-09-19 10:58:17 Image size of job updated: 1239
	1239  -  MemoryUsage of job (MB)
	1269260  -  ResidentSetSize of job (KB)
...
006 (34591595.000.000) 2021-09-19 10:59:19 Image size of job updated: 1258
	1258  -  MemoryUsage of job (MB)
	1289196  -  ResidentSetSize of job (KB)
...
006 (34591595.000.000) 2021-09-19 11:00:19 Image size of job updated: 1276
	1276  -  MemoryUsage of job (MB)
	1306968  -  ResidentSetSize of job (KB)
...
006 (34591595.000.000) 2021-09-19 11:01:20 Image size of job updated: 1293
	1293  -  MemoryUsage of job (MB)
	1324384  -  ResidentSetSize of job (KB)
...
006 (34591595.000.000) 2021-09-19 11:02:21 Image size of job updated: 1310
	1310  -  MemoryUsage of job (MB)
	1341552  -  ResidentSetSize of job (KB)
...
006 (34591595.000.000) 2021-09-19 11:03:21 Image size of job updated: 1326
	1326  -  MemoryUsage of job (MB)
	1358572  -  ResidentSetSize of job (KB)
...
006 (34591595.000.000) 2021-09-19 11:04:22 Image size of job updated: 1343
	1343  -  MemoryUsage of job (MB)
	1375320  -  ResidentSetSize of job (KB)
...
006 (34591595.000.000) 2021-09-19 11:05:23 Image size of job updated: 1360
	1360  -  MemoryUsage of job (MB)
	1393492  -  ResidentSetSize of job (KB)
...
006 (34591595.000.000) 2021-09-19 11:06:23 Image size of job updated: 1376
	1376  -  MemoryUsage of job (MB)
	1409768  -  ResidentSetSize of job (KB)
...
006 (34591595.000.000) 2021-09-19 11:07:23 Image size of job updated: 1392
	1392  -  MemoryUsage of job (MB)
	1425588  -  ResidentSetSize of job (KB)
...
006 (34591595.000.000) 2021-09-19 11:08:23 Image size of job updated: 1407
	1407  -  MemoryUsage of job (MB)
	1441208  -  ResidentSetSize of job (KB)
...
006 (34591595.000.000) 2021-09-19 11:09:24 Image size of job updated: 1422
	1422  -  MemoryUsage of job (MB)
	1456932  -  ResidentSetSize of job (KB)
...
006 (34591595.000.000) 2021-09-19 11:10:25 Image size of job updated: 1438
	1438  -  MemoryUsage of job (MB)
	1472760  -  ResidentSetSize of job (KB)
...
006 (34591595.000.000) 2021-09-19 11:11:25 Image size of job updated: 1453
	1453  -  MemoryUsage of job (MB)
	1488324  -  ResidentSetSize of job (KB)
...
006 (34591595.000.000) 2021-09-19 11:12:25 Image size of job updated: 1468
	1468  -  MemoryUsage of job (MB)
	1503284  -  ResidentSetSize of job (KB)
...
006 (34591595.000.000) 2021-09-19 11:13:25 Image size of job updated: 1482
	1482  -  MemoryUsage of job (MB)
	1518440  -  ResidentSetSize of job (KB)
...
006 (34591595.000.000) 2021-09-19 11:14:25 Image size of job updated: 1497
	1497  -  MemoryUsage of job (MB)
	1533080  -  ResidentSetSize of job (KB)
...
006 (34591595.000.000) 2021-09-19 11:15:26 Image size of job updated: 1511
	1511  -  MemoryUsage of job (MB)
	1547628  -  ResidentSetSize of job (KB)
...
006 (34591595.000.000) 2021-09-19 11:16:26 Image size of job updated: 1525
	1525  -  MemoryUsage of job (MB)
	1561768  -  ResidentSetSize of job (KB)
...
006 (34591595.000.000) 2021-09-19 11:17:27 Image size of job updated: 1543
	1543  -  MemoryUsage of job (MB)
	1580156  -  ResidentSetSize of job (KB)
...
006 (34591595.000.000) 2021-09-19 11:18:27 Image size of job updated: 1626
	1626  -  MemoryUsage of job (MB)
	1665532  -  ResidentSetSize of job (KB)
...
006 (34591595.000.000) 2021-09-19 11:19:27 Image size of job updated: 1627
	1627  -  MemoryUsage of job (MB)
	1666316  -  ResidentSetSize of job (KB)
...
006 (34591595.000.000) 2021-09-19 11:20:28 Image size of job updated: 1653
	1653  -  MemoryUsage of job (MB)
	1693408  -  ResidentSetSize of job (KB)
...
006 (34591595.000.000) 2021-09-19 11:21:29 Image size of job updated: 1654
	1654  -  MemoryUsage of job (MB)
	1694136  -  ResidentSetSize of job (KB)
...
006 (34591595.000.000) 2021-09-19 11:22:30 Image size of job updated: 1668
	1668  -  MemoryUsage of job (MB)
	1708740  -  ResidentSetSize of job (KB)
...
006 (34591595.000.000) 2021-09-19 11:23:31 Image size of job updated: 1668
	1668  -  MemoryUsage of job (MB)
	1709020  -  ResidentSetSize of job (KB)
...
006 (34591595.000.000) 2021-09-19 11:24:31 Image size of job updated: 1669
	1669  -  MemoryUsage of job (MB)
	1709288  -  ResidentSetSize of job (KB)
...
006 (34591595.000.000) 2021-09-19 11:25:31 Image size of job updated: 1675
	1675  -  MemoryUsage of job (MB)
	1715344  -  ResidentSetSize of job (KB)
...
006 (34591595.000.000) 2021-09-19 11:26:31 Image size of job updated: 1675
	1675  -  MemoryUsage of job (MB)
	1715864  -  ResidentSetSize of job (KB)
...
006 (34591595.000.000) 2021-09-19 11:27:31 Image size of job updated: 1675
	1675  -  MemoryUsage of job (MB)
	1716204  -  ResidentSetSize of job (KB)
...
006 (34591595.000.000) 2021-09-19 11:28:32 Image size of job updated: 1680
	1680  -  MemoryUsage of job (MB)
	1720408  -  ResidentSetSize of job (KB)
...
006 (34591595.000.000) 2021-09-19 11:29:32 Image size of job updated: 1680
	1680  -  MemoryUsage of job (MB)
	1720740  -  ResidentSetSize of job (KB)
...
006 (34591595.000.000) 2021-09-19 11:30:33 Image size of job updated: 1680
	1680  -  MemoryUsage of job (MB)
	1720964  -  ResidentSetSize of job (KB)
...
006 (34591595.000.000) 2021-09-19 11:31:33 Image size of job updated: 1683
	1683  -  MemoryUsage of job (MB)
	1723596  -  ResidentSetSize of job (KB)
...
006 (34591595.000.000) 2021-09-19 11:32:34 Image size of job updated: 1683
	1683  -  MemoryUsage of job (MB)
	1723788  -  ResidentSetSize of job (KB)
...
006 (34591595.000.000) 2021-09-19 11:33:34 Image size of job updated: 1683
	1683  -  MemoryUsage of job (MB)
	1724016  -  ResidentSetSize of job (KB)
...
006 (34591595.000.000) 2021-09-19 11:34:35 Image size of job updated: 1686
	1686  -  MemoryUsage of job (MB)
	1726484  -  ResidentSetSize of job (KB)
...
006 (34591595.000.000) 2021-09-19 11:35:35 Image size of job updated: 1686
	1686  -  MemoryUsage of job (MB)
	1726736  -  ResidentSetSize of job (KB)
...
006 (34591595.000.000) 2021-09-19 11:36:36 Image size of job updated: 1686
	1686  -  MemoryUsage of job (MB)
	1726796  -  ResidentSetSize of job (KB)
...
006 (34591595.000.000) 2021-09-19 11:37:36 Image size of job updated: 1688
	1688  -  MemoryUsage of job (MB)
	1729152  -  ResidentSetSize of job (KB)
...
006 (34591595.000.000) 2021-09-19 11:38:37 Image size of job updated: 1688
	1688  -  MemoryUsage of job (MB)
	1729204  -  ResidentSetSize of job (KB)
...
006 (34591595.000.000) 2021-09-19 11:39:38 Image size of job updated: 1688
	1688  -  MemoryUsage of job (MB)
	1729276  -  ResidentSetSize of job (KB)
...
006 (34591595.000.000) 2021-09-19 11:40:39 Image size of job updated: 1690
	1690  -  MemoryUsage of job (MB)
	1731232  -  ResidentSetSize of job (KB)
...
006 (34591595.000.000) 2021-09-19 11:41:39 Image size of job updated: 1690
	1690  -  MemoryUsage of job (MB)
	1731496  -  ResidentSetSize of job (KB)
...
006 (34591595.000.000) 2021-09-19 11:42:40 Image size of job updated: 1690
	1690  -  MemoryUsage of job (MB)
	1731504  -  ResidentSetSize of job (KB)
...
006 (34591595.000.000) 2021-09-19 11:43:41 Image size of job updated: 1692
	1692  -  MemoryUsage of job (MB)
	1733044  -  ResidentSetSize of job (KB)
...
006 (34591595.000.000) 2021-09-19 11:44:41 Image size of job updated: 1692
	1692  -  MemoryUsage of job (MB)
	1733192  -  ResidentSetSize of job (KB)
...
006 (34591595.000.000) 2021-09-19 11:45:41 Image size of job updated: 1692
	1692  -  MemoryUsage of job (MB)
	1733220  -  ResidentSetSize of job (KB)
...
006 (34591595.000.000) 2021-09-19 11:46:43 Image size of job updated: 1693
	1693  -  MemoryUsage of job (MB)
	1734528  -  ResidentSetSize of job (KB)
...
006 (34591595.000.000) 2021-09-19 11:47:43 Image size of job updated: 1694
	1694  -  MemoryUsage of job (MB)
	1734776  -  ResidentSetSize of job (KB)
...
006 (34591595.000.000) 2021-09-19 11:48:43 Image size of job updated: 1694
	1694  -  MemoryUsage of job (MB)
	1734784  -  ResidentSetSize of job (KB)
...
006 (34591595.000.000) 2021-09-19 11:49:44 Image size of job updated: 1695
	1695  -  MemoryUsage of job (MB)
	1735888  -  ResidentSetSize of job (KB)
...
006 (34591595.000.000) 2021-09-19 11:50:44 Image size of job updated: 1695
	1695  -  MemoryUsage of job (MB)
	1736124  -  ResidentSetSize of job (KB)
...
006 (34591595.000.000) 2021-09-19 11:51:45 Image size of job updated: 1695
	1695  -  MemoryUsage of job (MB)
	1736140  -  ResidentSetSize of job (KB)
...
006 (34591595.000.000) 2021-09-19 11:52:46 Image size of job updated: 1696
	1696  -  MemoryUsage of job (MB)
	1737500  -  ResidentSetSize of job (KB)
...
006 (34591595.000.000) 2021-09-19 11:53:47 Image size of job updated: 1696
	1696  -  MemoryUsage of job (MB)
	1737512  -  ResidentSetSize of job (KB)
...
006 (34591595.000.000) 2021-09-19 11:54:47 Image size of job updated: 1696
	1696  -  MemoryUsage of job (MB)
	1737516  -  ResidentSetSize of job (KB)
...
006 (34591595.000.000) 2021-09-19 11:55:47 Image size of job updated: 1698
	1698  -  MemoryUsage of job (MB)
	1739428  -  ResidentSetSize of job (KB)
...
006 (34591595.000.000) 2021-09-19 11:56:48 Image size of job updated: 1698
	1698  -  MemoryUsage of job (MB)
	1739652  -  ResidentSetSize of job (KB)
...
006 (34591595.000.000) 2021-09-19 11:57:48 Image size of job updated: 1698
	1698  -  MemoryUsage of job (MB)
	1739672  -  ResidentSetSize of job (KB)
...
006 (34591595.000.000) 2021-09-19 11:58:48 Image size of job updated: 1699
	1699  -  MemoryUsage of job (MB)
	1740240  -  ResidentSetSize of job (KB)
...
006 (34591595.000.000) 2021-09-19 11:59:48 Image size of job updated: 1699
	1699  -  MemoryUsage of job (MB)
	1740348  -  ResidentSetSize of job (KB)
...
006 (34591595.000.000) 2021-09-19 12:00:48 Image size of job updated: 1699
	1699  -  MemoryUsage of job (MB)
	1740352  -  ResidentSetSize of job (KB)
...
006 (34591595.000.000) 2021-09-19 12:01:48 Image size of job updated: 1700
	1700  -  MemoryUsage of job (MB)
	1741064  -  ResidentSetSize of job (KB)
...
006 (34591595.000.000) 2021-09-19 12:02:49 Image size of job updated: 1700
	1700  -  MemoryUsage of job (MB)
	1741200  -  ResidentSetSize of job (KB)
...
006 (34591595.000.000) 2021-09-19 12:03:49 Image size of job updated: 1700
	1700  -  MemoryUsage of job (MB)
	1741204  -  ResidentSetSize of job (KB)
...
006 (34591595.000.000) 2021-09-19 12:04:49 Image size of job updated: 1701
	1701  -  MemoryUsage of job (MB)
	1742000  -  ResidentSetSize of job (KB)
...
006 (34591595.000.000) 2021-09-19 12:05:49 Image size of job updated: 1701
	1701  -  MemoryUsage of job (MB)
	1742220  -  ResidentSetSize of job (KB)
...
006 (34591595.000.000) 2021-09-19 12:06:50 Image size of job updated: 1701
	1701  -  MemoryUsage of job (MB)
	1742224  -  ResidentSetSize of job (KB)
...
006 (34591595.000.000) 2021-09-19 12:07:50 Image size of job updated: 1701
	1701  -  MemoryUsage of job (MB)
	1742544  -  ResidentSetSize of job (KB)
...
006 (34591595.000.000) 2021-09-19 12:08:51 Image size of job updated: 1702
	1702  -  MemoryUsage of job (MB)
	1743660  -  ResidentSetSize of job (KB)
...
006 (34591595.000.000) 2021-09-19 12:09:52 Image size of job updated: 1703
	1703  -  MemoryUsage of job (MB)
	1744544  -  ResidentSetSize of job (KB)
...
006 (34591595.000.000) 2021-09-19 12:10:52 Image size of job updated: 1704
	1704  -  MemoryUsage of job (MB)
	1745652  -  ResidentSetSize of job (KB)
...
006 (34591595.000.000) 2021-09-19 12:11:53 Image size of job updated: 1704
	1704  -  MemoryUsage of job (MB)
	1745784  -  ResidentSetSize of job (KB)
...
006 (34591595.000.000) 2021-09-19 12:12:53 Image size of job updated: 1706
	1706  -  MemoryUsage of job (MB)
	1747020  -  ResidentSetSize of job (KB)
...
006 (34591595.000.000) 2021-09-19 12:13:55 Image size of job updated: 1706
	1706  -  MemoryUsage of job (MB)
	1747060  -  ResidentSetSize of job (KB)
...
006 (34591595.000.000) 2021-09-19 12:14:56 Image size of job updated: 1707
	1707  -  MemoryUsage of job (MB)
	1748064  -  ResidentSetSize of job (KB)
...
006 (34591595.000.000) 2021-09-19 12:15:57 Image size of job updated: 1707
	1707  -  MemoryUsage of job (MB)
	1748228  -  ResidentSetSize of job (KB)
...
006 (34591595.000.000) 2021-09-19 12:16:57 Image size of job updated: 1707
	1707  -  MemoryUsage of job (MB)
	1748372  -  ResidentSetSize of job (KB)
...
006 (34591595.000.000) 2021-09-19 12:17:57 Image size of job updated: 1708
	1708  -  MemoryUsage of job (MB)
	1749348  -  ResidentSetSize of job (KB)
...
006 (34591595.000.000) 2021-09-19 12:18:58 Image size of job updated: 1708
	1708  -  MemoryUsage of job (MB)
	1749444  -  ResidentSetSize of job (KB)
...
006 (34591595.000.000) 2021-09-19 12:19:58 Image size of job updated: 1709
	1709  -  MemoryUsage of job (MB)
	1750252  -  ResidentSetSize of job (KB)
...
006 (34591595.000.000) 2021-09-19 12:20:59 Image size of job updated: 1709
	1709  -  MemoryUsage of job (MB)
	1750396  -  ResidentSetSize of job (KB)
...
006 (34591595.000.000) 2021-09-19 12:21:59 Image size of job updated: 1709
	1709  -  MemoryUsage of job (MB)
	1750964  -  ResidentSetSize of job (KB)
...
006 (34591595.000.000) 2021-09-19 12:23:00 Image size of job updated: 1709
	1709  -  MemoryUsage of job (MB)
	1751016  -  ResidentSetSize of job (KB)
...
006 (34591595.000.000) 2021-09-19 12:24:02 Image size of job updated: 1710
	1710  -  MemoryUsage of job (MB)
	1751848  -  ResidentSetSize of job (KB)
...
006 (34591595.000.000) 2021-09-19 12:25:02 Image size of job updated: 1710
	1710  -  MemoryUsage of job (MB)
	1751852  -  ResidentSetSize of job (KB)
...
006 (34591595.000.000) 2021-09-19 12:26:02 Image size of job updated: 1711
	1711  -  MemoryUsage of job (MB)
	1752760  -  ResidentSetSize of job (KB)
...
006 (34591595.000.000) 2021-09-19 12:27:04 Image size of job updated: 1711
	1711  -  MemoryUsage of job (MB)
	1752952  -  ResidentSetSize of job (KB)
...
006 (34591595.000.000) 2021-09-19 12:28:04 Image size of job updated: 1711
	1711  -  MemoryUsage of job (MB)
	1753060  -  ResidentSetSize of job (KB)
...
006 (34591595.000.000) 2021-09-19 12:29:05 Image size of job updated: 1712
	1712  -  MemoryUsage of job (MB)
	1754024  -  ResidentSetSize of job (KB)
...
006 (34591595.000.000) 2021-09-19 12:30:06 Image size of job updated: 1712
	1712  -  MemoryUsage of job (MB)
	1754096  -  ResidentSetSize of job (KB)
...
006 (34591595.000.000) 2021-09-19 12:31:06 Image size of job updated: 1713
	1713  -  MemoryUsage of job (MB)
	1754844  -  ResidentSetSize of job (KB)
...
006 (34591595.000.000) 2021-09-19 12:32:06 Image size of job updated: 1714
	1714  -  MemoryUsage of job (MB)
	1755308  -  ResidentSetSize of job (KB)
...
006 (34591595.000.000) 2021-09-19 12:33:06 Image size of job updated: 1714
	1714  -  MemoryUsage of job (MB)
	1756076  -  ResidentSetSize of job (KB)
...
006 (34591595.000.000) 2021-09-19 12:34:07 Image size of job updated: 1714
	1714  -  MemoryUsage of job (MB)
	1756112  -  ResidentSetSize of job (KB)
...
006 (34591595.000.000) 2021-09-19 12:35:07 Image size of job updated: 1715
	1715  -  MemoryUsage of job (MB)
	1756912  -  ResidentSetSize of job (KB)
...
006 (34591595.000.000) 2021-09-19 12:37:10 Image size of job updated: 1716
	1716  -  MemoryUsage of job (MB)
	1757808  -  ResidentSetSize of job (KB)
...
006 (34591595.000.000) 2021-09-19 12:38:11 Image size of job updated: 1716
	1716  -  MemoryUsage of job (MB)
	1757880  -  ResidentSetSize of job (KB)
...
006 (34591595.000.000) 2021-09-19 12:39:12 Image size of job updated: 1717
	1717  -  MemoryUsage of job (MB)
	1758672  -  ResidentSetSize of job (KB)
...
006 (34591595.000.000) 2021-09-19 12:40:13 Image size of job updated: 1717
	1717  -  MemoryUsage of job (MB)
	1758872  -  ResidentSetSize of job (KB)
...
006 (34591595.000.000) 2021-09-19 12:41:14 Image size of job updated: 1717
	1717  -  MemoryUsage of job (MB)
	1758988  -  ResidentSetSize of job (KB)
...
006 (34591595.000.000) 2021-09-19 12:42:15 Image size of job updated: 1718
	1718  -  MemoryUsage of job (MB)
	1760088  -  ResidentSetSize of job (KB)
...
006 (34591595.000.000) 2021-09-19 12:43:15 Image size of job updated: 1719
	1719  -  MemoryUsage of job (MB)
	1760328  -  ResidentSetSize of job (KB)
...
006 (34591595.000.000) 2021-09-19 12:44:15 Image size of job updated: 1719
	1719  -  MemoryUsage of job (MB)
	1761080  -  ResidentSetSize of job (KB)
...
006 (34591595.000.000) 2021-09-19 12:45:15 Image size of job updated: 1719
	1719  -  MemoryUsage of job (MB)
	1761176  -  ResidentSetSize of job (KB)
...
006 (34591595.000.000) 2021-09-19 12:46:15 Image size of job updated: 1720
	1720  -  MemoryUsage of job (MB)
	1762136  -  ResidentSetSize of job (KB)
...
006 (34591595.000.000) 2021-09-19 12:47:17 Image size of job updated: 1720
	1720  -  MemoryUsage of job (MB)
	1762260  -  ResidentSetSize of job (KB)
...
006 (34591595.000.000) 2021-09-19 12:48:17 Image size of job updated: 1721
	1721  -  MemoryUsage of job (MB)
	1762864  -  ResidentSetSize of job (KB)
...
006 (34591595.000.000) 2021-09-19 12:49:18 Image size of job updated: 1721
	1721  -  MemoryUsage of job (MB)
	1762976  -  ResidentSetSize of job (KB)
...
006 (34591595.000.000) 2021-09-19 12:50:18 Image size of job updated: 1721
	1721  -  MemoryUsage of job (MB)
	1763028  -  ResidentSetSize of job (KB)
...
006 (34591595.000.000) 2021-09-19 12:51:18 Image size of job updated: 1722
	1722  -  MemoryUsage of job (MB)
	1763888  -  ResidentSetSize of job (KB)
...
006 (34591595.000.000) 2021-09-19 12:52:20 Image size of job updated: 1722
	1722  -  MemoryUsage of job (MB)
	1764020  -  ResidentSetSize of job (KB)
...
006 (34591595.000.000) 2021-09-19 12:53:20 Image size of job updated: 1724
	1724  -  MemoryUsage of job (MB)
	1765480  -  ResidentSetSize of job (KB)
...
006 (34591595.000.000) 2021-09-19 12:54:20 Image size of job updated: 1724
	1724  -  MemoryUsage of job (MB)
	1766280  -  ResidentSetSize of job (KB)
...
006 (34591595.000.000) 2021-09-19 12:55:21 Image size of job updated: 1725
	1725  -  MemoryUsage of job (MB)
	1767364  -  ResidentSetSize of job (KB)
...
006 (34591595.000.000) 2021-09-19 12:57:22 Image size of job updated: 1726
	1726  -  MemoryUsage of job (MB)
	1768424  -  ResidentSetSize of job (KB)
...
006 (34591595.000.000) 2021-09-19 12:59:24 Image size of job updated: 1727
	1727  -  MemoryUsage of job (MB)
	1769232  -  ResidentSetSize of job (KB)
...
006 (34591595.000.000) 2021-09-19 13:00:26 Image size of job updated: 1727
	1727  -  MemoryUsage of job (MB)
	1769392  -  ResidentSetSize of job (KB)
...
006 (34591595.000.000) 2021-09-19 13:01:27 Image size of job updated: 1728
	1728  -  MemoryUsage of job (MB)
	1770048  -  ResidentSetSize of job (KB)
...
006 (34591595.000.000) 2021-09-19 13:02:28 Image size of job updated: 1728
	1728  -  MemoryUsage of job (MB)
	1770276  -  ResidentSetSize of job (KB)
...
006 (34591595.000.000) 2021-09-19 13:03:29 Image size of job updated: 1728
	1728  -  MemoryUsage of job (MB)
	1770280  -  ResidentSetSize of job (KB)
...
006 (34591595.000.000) 2021-09-19 13:04:29 Image size of job updated: 1729
	1729  -  MemoryUsage of job (MB)
	1770908  -  ResidentSetSize of job (KB)
...
006 (34591595.000.000) 2021-09-19 13:05:30 Image size of job updated: 1729
	1729  -  MemoryUsage of job (MB)
	1770992  -  ResidentSetSize of job (KB)
...
006 (34591595.000.000) 2021-09-19 13:06:31 Image size of job updated: 1730
	1730  -  MemoryUsage of job (MB)
	1771804  -  ResidentSetSize of job (KB)
...
006 (34591595.000.000) 2021-09-19 13:07:33 Image size of job updated: 1730
	1730  -  MemoryUsage of job (MB)
	1771936  -  ResidentSetSize of job (KB)
...
006 (34591595.000.000) 2021-09-19 13:08:34 Image size of job updated: 1730
	1730  -  MemoryUsage of job (MB)
	1772424  -  ResidentSetSize of job (KB)
...
006 (34591595.000.000) 2021-09-19 13:09:35 Image size of job updated: 1731
	1731  -  MemoryUsage of job (MB)
	1772596  -  ResidentSetSize of job (KB)
...
006 (34591595.000.000) 2021-09-19 13:10:36 Image size of job updated: 1731
	1731  -  MemoryUsage of job (MB)
	1773284  -  ResidentSetSize of job (KB)
...
006 (34591595.000.000) 2021-09-19 13:11:37 Image size of job updated: 1731
	1731  -  MemoryUsage of job (MB)
	1773348  -  ResidentSetSize of job (KB)
...
006 (34591595.000.000) 2021-09-19 13:12:37 Image size of job updated: 1732
	1732  -  MemoryUsage of job (MB)
	1774056  -  ResidentSetSize of job (KB)
...
006 (34591595.000.000) 2021-09-19 13:13:38 Image size of job updated: 1732
	1732  -  MemoryUsage of job (MB)
	1774120  -  ResidentSetSize of job (KB)
...
006 (34591595.000.000) 2021-09-19 13:14:39 Image size of job updated: 1733
	1733  -  MemoryUsage of job (MB)
	1774804  -  ResidentSetSize of job (KB)
...
006 (34591595.000.000) 2021-09-19 13:15:40 Image size of job updated: 1733
	1733  -  MemoryUsage of job (MB)
	1774808  -  ResidentSetSize of job (KB)
...
006 (34591595.000.000) 2021-09-19 13:16:41 Image size of job updated: 1733
	1733  -  MemoryUsage of job (MB)
	1775208  -  ResidentSetSize of job (KB)
...
006 (34591595.000.000) 2021-09-19 13:17:42 Image size of job updated: 1733
	1733  -  MemoryUsage of job (MB)
	1775420  -  ResidentSetSize of job (KB)
...
006 (34591595.000.000) 2021-09-19 13:18:44 Image size of job updated: 1734
	1734  -  MemoryUsage of job (MB)
	1775996  -  ResidentSetSize of job (KB)
...
006 (34591595.000.000) 2021-09-19 13:19:44 Image size of job updated: 1734
	1734  -  MemoryUsage of job (MB)
	1776164  -  ResidentSetSize of job (KB)
...
006 (34591595.000.000) 2021-09-19 13:20:44 Image size of job updated: 1734
	1734  -  MemoryUsage of job (MB)
	1776196  -  ResidentSetSize of job (KB)
...
006 (34591595.000.000) 2021-09-19 13:21:45 Image size of job updated: 1735
	1735  -  MemoryUsage of job (MB)
	1776704  -  ResidentSetSize of job (KB)
...
006 (34591595.000.000) 2021-09-19 13:22:47 Image size of job updated: 1735
	1735  -  MemoryUsage of job (MB)
	1776732  -  ResidentSetSize of job (KB)
...
006 (34591595.000.000) 2021-09-19 13:23:47 Image size of job updated: 1735
	1735  -  MemoryUsage of job (MB)
	1777388  -  ResidentSetSize of job (KB)
...
006 (34591595.000.000) 2021-09-19 13:24:47 Image size of job updated: 1735
	1735  -  MemoryUsage of job (MB)
	1777404  -  ResidentSetSize of job (KB)
...
006 (34591595.000.000) 2021-09-19 13:25:47 Image size of job updated: 1736
	1736  -  MemoryUsage of job (MB)
	1778160  -  ResidentSetSize of job (KB)
...
006 (34591595.000.000) 2021-09-19 13:27:48 Image size of job updated: 1737
	1737  -  MemoryUsage of job (MB)
	1778688  -  ResidentSetSize of job (KB)
...
006 (34591595.000.000) 2021-09-19 13:28:49 Image size of job updated: 1737
	1737  -  MemoryUsage of job (MB)
	1778696  -  ResidentSetSize of job (KB)
...
006 (34591595.000.000) 2021-09-19 13:29:50 Image size of job updated: 1737
	1737  -  MemoryUsage of job (MB)
	1779044  -  ResidentSetSize of job (KB)
...
006 (34591595.000.000) 2021-09-19 13:31:52 Image size of job updated: 1737
	1737  -  MemoryUsage of job (MB)
	1779388  -  ResidentSetSize of job (KB)
...
006 (34591595.000.000) 2021-09-19 13:32:52 Image size of job updated: 1737
	1737  -  MemoryUsage of job (MB)
	1779596  -  ResidentSetSize of job (KB)
...
006 (34591595.000.000) 2021-09-19 13:33:53 Image size of job updated: 1738
	1738  -  MemoryUsage of job (MB)
	1779780  -  ResidentSetSize of job (KB)
...
006 (34591595.000.000) 2021-09-19 13:34:54 Image size of job updated: 1738
	1738  -  MemoryUsage of job (MB)
	1780132  -  ResidentSetSize of job (KB)
...
006 (34591595.000.000) 2021-09-19 13:35:54 Image size of job updated: 1738
	1738  -  MemoryUsage of job (MB)
	1780148  -  ResidentSetSize of job (KB)
...
006 (34591595.000.000) 2021-09-19 13:36:55 Image size of job updated: 1738
	1738  -  MemoryUsage of job (MB)
	1780480  -  ResidentSetSize of job (KB)
...
006 (34591595.000.000) 2021-09-19 13:37:56 Image size of job updated: 1738
	1738  -  MemoryUsage of job (MB)
	1780564  -  ResidentSetSize of job (KB)
...
006 (34591595.000.000) 2021-09-19 13:38:57 Image size of job updated: 1739
	1739  -  MemoryUsage of job (MB)
	1781124  -  ResidentSetSize of job (KB)
...
006 (34591595.000.000) 2021-09-19 13:39:57 Image size of job updated: 1739
	1739  -  MemoryUsage of job (MB)
	1781148  -  ResidentSetSize of job (KB)
...
006 (34591595.000.000) 2021-09-19 13:40:57 Image size of job updated: 1739
	1739  -  MemoryUsage of job (MB)
	1781436  -  ResidentSetSize of job (KB)
...
006 (34591595.000.000) 2021-09-19 13:42:58 Image size of job updated: 1740
	1740  -  MemoryUsage of job (MB)
	1781776  -  ResidentSetSize of job (KB)
...
006 (34591595.000.000) 2021-09-19 13:44:59 Image size of job updated: 1740
	1740  -  MemoryUsage of job (MB)
	1782372  -  ResidentSetSize of job (KB)
...
006 (34591595.000.000) 2021-09-19 13:46:00 Image size of job updated: 1740
	1740  -  MemoryUsage of job (MB)
	1782380  -  ResidentSetSize of job (KB)
...
006 (34591595.000.000) 2021-09-19 13:47:00 Image size of job updated: 1740
	1740  -  MemoryUsage of job (MB)
	1782768  -  ResidentSetSize of job (KB)
...
006 (34591595.000.000) 2021-09-19 13:49:02 Image size of job updated: 1741
	1741  -  MemoryUsage of job (MB)
	1783000  -  ResidentSetSize of job (KB)
...
006 (34591595.000.000) 2021-09-19 13:50:02 Image size of job updated: 1741
	1741  -  MemoryUsage of job (MB)
	1783252  -  ResidentSetSize of job (KB)
...
006 (34591595.000.000) 2021-09-19 13:51:03 Image size of job updated: 1741
	1741  -  MemoryUsage of job (MB)
	1783584  -  ResidentSetSize of job (KB)
...
006 (34591595.000.000) 2021-09-19 13:52:03 Image size of job updated: 1741
	1741  -  MemoryUsage of job (MB)
	1783676  -  ResidentSetSize of job (KB)
...
006 (34591595.000.000) 2021-09-19 13:53:04 Image size of job updated: 1742
	1742  -  MemoryUsage of job (MB)
	1783976  -  ResidentSetSize of job (KB)
...
006 (34591595.000.000) 2021-09-19 13:54:04 Image size of job updated: 1742
	1742  -  MemoryUsage of job (MB)
	1784272  -  ResidentSetSize of job (KB)
...
006 (34591595.000.000) 2021-09-19 13:55:05 Image size of job updated: 1742
	1742  -  MemoryUsage of job (MB)
	1784396  -  ResidentSetSize of job (KB)
...
006 (34591595.000.000) 2021-09-19 13:56:05 Image size of job updated: 1743
	1743  -  MemoryUsage of job (MB)
	1785024  -  ResidentSetSize of job (KB)
...
006 (34591595.000.000) 2021-09-19 13:57:05 Image size of job updated: 1743
	1743  -  MemoryUsage of job (MB)
	1785136  -  ResidentSetSize of job (KB)
...
006 (34591595.000.000) 2021-09-19 13:58:06 Image size of job updated: 1743
	1743  -  MemoryUsage of job (MB)
	1785548  -  ResidentSetSize of job (KB)
...
006 (34591595.000.000) 2021-09-19 14:00:09 Image size of job updated: 1744
	1744  -  MemoryUsage of job (MB)
	1786104  -  ResidentSetSize of job (KB)
...
006 (34591595.000.000) 2021-09-19 14:01:09 Image size of job updated: 1744
	1744  -  MemoryUsage of job (MB)
	1786120  -  ResidentSetSize of job (KB)
...
006 (34591595.000.000) 2021-09-19 14:02:09 Image size of job updated: 1744
	1744  -  MemoryUsage of job (MB)
	1786536  -  ResidentSetSize of job (KB)
...
006 (34591595.000.000) 2021-09-19 14:03:09 Image size of job updated: 1744
	1744  -  MemoryUsage of job (MB)
	1786588  -  ResidentSetSize of job (KB)
...
006 (34591595.000.000) 2021-09-19 14:04:09 Image size of job updated: 1745
	1745  -  MemoryUsage of job (MB)
	1786908  -  ResidentSetSize of job (KB)
...
006 (34591595.000.000) 2021-09-19 14:05:09 Image size of job updated: 1745
	1745  -  MemoryUsage of job (MB)
	1787364  -  ResidentSetSize of job (KB)
...
006 (34591595.000.000) 2021-09-19 14:06:09 Image size of job updated: 1745
	1745  -  MemoryUsage of job (MB)
	1787468  -  ResidentSetSize of job (KB)
...
006 (34591595.000.000) 2021-09-19 14:07:10 Image size of job updated: 1746
	1746  -  MemoryUsage of job (MB)
	1788064  -  ResidentSetSize of job (KB)
...
006 (34591595.000.000) 2021-09-19 14:08:10 Image size of job updated: 1746
	1746  -  MemoryUsage of job (MB)
	1788072  -  ResidentSetSize of job (KB)
...
006 (34591595.000.000) 2021-09-19 14:09:10 Image size of job updated: 1746
	1746  -  MemoryUsage of job (MB)
	1788432  -  ResidentSetSize of job (KB)
...
006 (34591595.000.000) 2021-09-19 14:11:10 Image size of job updated: 1746
	1746  -  MemoryUsage of job (MB)
	1788824  -  ResidentSetSize of job (KB)
...
006 (34591595.000.000) 2021-09-19 14:12:12 Image size of job updated: 1746
	1746  -  MemoryUsage of job (MB)
	1788832  -  ResidentSetSize of job (KB)
...
006 (34591595.000.000) 2021-09-19 14:13:13 Image size of job updated: 1747
	1747  -  MemoryUsage of job (MB)
	1789168  -  ResidentSetSize of job (KB)
...
006 (34591595.000.000) 2021-09-19 14:14:14 Image size of job updated: 1747
	1747  -  MemoryUsage of job (MB)
	1789244  -  ResidentSetSize of job (KB)
...
006 (34591595.000.000) 2021-09-19 14:15:15 Image size of job updated: 1747
	1747  -  MemoryUsage of job (MB)
	1789536  -  ResidentSetSize of job (KB)
...
006 (34591595.000.000) 2021-09-19 14:16:15 Image size of job updated: 1747
	1747  -  MemoryUsage of job (MB)
	1789760  -  ResidentSetSize of job (KB)
...
006 (34591595.000.000) 2021-09-19 14:17:16 Image size of job updated: 1748
	1748  -  MemoryUsage of job (MB)
	1790028  -  ResidentSetSize of job (KB)
...
006 (34591595.000.000) 2021-09-19 14:18:17 Image size of job updated: 1748
	1748  -  MemoryUsage of job (MB)
	1790624  -  ResidentSetSize of job (KB)
...
006 (34591595.000.000) 2021-09-19 14:19:18 Image size of job updated: 1748
	1748  -  MemoryUsage of job (MB)
	1790628  -  ResidentSetSize of job (KB)
...
006 (34591595.000.000) 2021-09-19 14:20:19 Image size of job updated: 1748
	1748  -  MemoryUsage of job (MB)
	1790952  -  ResidentSetSize of job (KB)
...
006 (34591595.000.000) 2021-09-19 14:22:21 Image size of job updated: 1749
	1749  -  MemoryUsage of job (MB)
	1791284  -  ResidentSetSize of job (KB)
...
006 (34591595.000.000) 2021-09-19 14:23:21 Image size of job updated: 1749
	1749  -  MemoryUsage of job (MB)
	1791288  -  ResidentSetSize of job (KB)
...
006 (34591595.000.000) 2021-09-19 14:24:22 Image size of job updated: 1749
	1749  -  MemoryUsage of job (MB)
	1791536  -  ResidentSetSize of job (KB)
...
006 (34591595.000.000) 2021-09-19 14:25:22 Image size of job updated: 1749
	1749  -  MemoryUsage of job (MB)
	1791688  -  ResidentSetSize of job (KB)
...
006 (34591595.000.000) 2021-09-19 14:26:22 Image size of job updated: 1749
	1749  -  MemoryUsage of job (MB)
	1791824  -  ResidentSetSize of job (KB)
...
006 (34591595.000.000) 2021-09-19 14:27:23 Image size of job updated: 1750
	1750  -  MemoryUsage of job (MB)
	1792124  -  ResidentSetSize of job (KB)
...
006 (34591595.000.000) 2021-09-19 14:28:23 Image size of job updated: 1750
	1750  -  MemoryUsage of job (MB)
	1792220  -  ResidentSetSize of job (KB)
...
006 (34591595.000.000) 2021-09-19 14:29:24 Image size of job updated: 1750
	1750  -  MemoryUsage of job (MB)
	1792708  -  ResidentSetSize of job (KB)
...
006 (34591595.000.000) 2021-09-19 14:30:25 Image size of job updated: 1750
	1750  -  MemoryUsage of job (MB)
	1792712  -  ResidentSetSize of job (KB)
...
006 (34591595.000.000) 2021-09-19 14:31:25 Image size of job updated: 1751
	1751  -  MemoryUsage of job (MB)
	1793084  -  ResidentSetSize of job (KB)
...
006 (34591595.000.000) 2021-09-19 14:32:25 Image size of job updated: 1751
	1751  -  MemoryUsage of job (MB)
	1793116  -  ResidentSetSize of job (KB)
...
006 (34591595.000.000) 2021-09-19 14:33:26 Image size of job updated: 1751
	1751  -  MemoryUsage of job (MB)
	1793468  -  ResidentSetSize of job (KB)
...
006 (34591595.000.000) 2021-09-19 14:34:27 Image size of job updated: 1751
	1751  -  MemoryUsage of job (MB)
	1793488  -  ResidentSetSize of job (KB)
...
006 (34591595.000.000) 2021-09-19 14:35:28 Image size of job updated: 1751
	1751  -  MemoryUsage of job (MB)
	1793836  -  ResidentSetSize of job (KB)
...
006 (34591595.000.000) 2021-09-19 14:37:29 Image size of job updated: 1752
	1752  -  MemoryUsage of job (MB)
	1794328  -  ResidentSetSize of job (KB)
...
006 (34591595.000.000) 2021-09-19 14:38:30 Image size of job updated: 1752
	1752  -  MemoryUsage of job (MB)
	1794360  -  ResidentSetSize of job (KB)
...
006 (34591595.000.000) 2021-09-19 14:39:30 Image size of job updated: 1752
	1752  -  MemoryUsage of job (MB)
	1794844  -  ResidentSetSize of job (KB)
...
006 (34591595.000.000) 2021-09-19 14:40:32 Image size of job updated: 1752
	1752  -  MemoryUsage of job (MB)
	1794984  -  ResidentSetSize of job (KB)
...
006 (34591595.000.000) 2021-09-19 14:41:32 Image size of job updated: 1753
	1753  -  MemoryUsage of job (MB)
	1795280  -  ResidentSetSize of job (KB)
...
006 (34591595.000.000) 2021-09-19 14:42:32 Image size of job updated: 1753
	1753  -  MemoryUsage of job (MB)
	1795348  -  ResidentSetSize of job (KB)
...
006 (34591595.000.000) 2021-09-19 14:43:33 Image size of job updated: 1753
	1753  -  MemoryUsage of job (MB)
	1795404  -  ResidentSetSize of job (KB)
...
006 (34591595.000.000) 2021-09-19 14:44:34 Image size of job updated: 1753
	1753  -  MemoryUsage of job (MB)
	1795748  -  ResidentSetSize of job (KB)
...
006 (34591595.000.000) 2021-09-19 14:46:35 Image size of job updated: 1753
	1753  -  MemoryUsage of job (MB)
	1795864  -  ResidentSetSize of job (KB)
...
006 (34591595.000.000) 2021-09-19 14:47:36 Image size of job updated: 1753
	1753  -  MemoryUsage of job (MB)
	1795884  -  ResidentSetSize of job (KB)
...
006 (34591595.000.000) 2021-09-19 14:48:37 Image size of job updated: 1754
	1754  -  MemoryUsage of job (MB)
	1796188  -  ResidentSetSize of job (KB)
...
006 (34591595.000.000) 2021-09-19 14:49:38 Image size of job updated: 1754
	1754  -  MemoryUsage of job (MB)
	1796236  -  ResidentSetSize of job (KB)
...
006 (34591595.000.000) 2021-09-19 14:50:39 Image size of job updated: 1754
	1754  -  MemoryUsage of job (MB)
	1796816  -  ResidentSetSize of job (KB)
...
006 (34591595.000.000) 2021-09-19 14:51:39 Image size of job updated: 1754
	1754  -  MemoryUsage of job (MB)
	1796868  -  ResidentSetSize of job (KB)
...
006 (34591595.000.000) 2021-09-19 14:52:39 Image size of job updated: 1755
	1755  -  MemoryUsage of job (MB)
	1797328  -  ResidentSetSize of job (KB)
...
006 (34591595.000.000) 2021-09-19 14:53:40 Image size of job updated: 1755
	1755  -  MemoryUsage of job (MB)
	1797368  -  ResidentSetSize of job (KB)
...
006 (34591595.000.000) 2021-09-19 14:54:41 Image size of job updated: 1755
	1755  -  MemoryUsage of job (MB)
	1797692  -  ResidentSetSize of job (KB)
...
006 (34591595.000.000) 2021-09-19 14:55:42 Image size of job updated: 1755
	1755  -  MemoryUsage of job (MB)
	1797936  -  ResidentSetSize of job (KB)
...
006 (34591595.000.000) 2021-09-19 14:59:43 Image size of job updated: 1756
	1756  -  MemoryUsage of job (MB)
	1798232  -  ResidentSetSize of job (KB)
...
006 (34591595.000.000) 2021-09-19 15:01:45 Image size of job updated: 1756
	1756  -  MemoryUsage of job (MB)
	1798732  -  ResidentSetSize of job (KB)
...
006 (34591595.000.000) 2021-09-19 15:02:47 Image size of job updated: 1756
	1756  -  MemoryUsage of job (MB)
	1798736  -  ResidentSetSize of job (KB)
...
006 (34591595.000.000) 2021-09-19 15:03:47 Image size of job updated: 1757
	1757  -  MemoryUsage of job (MB)
	1799360  -  ResidentSetSize of job (KB)
...
006 (34591595.000.000) 2021-09-19 15:04:47 Image size of job updated: 1757
	1757  -  MemoryUsage of job (MB)
	1799436  -  ResidentSetSize of job (KB)
...
006 (34591595.000.000) 2021-09-19 15:05:48 Image size of job updated: 1757
	1757  -  MemoryUsage of job (MB)
	1799852  -  ResidentSetSize of job (KB)
...
006 (34591595.000.000) 2021-09-19 15:06:50 Image size of job updated: 1757
	1757  -  MemoryUsage of job (MB)
	1799872  -  ResidentSetSize of job (KB)
...
006 (34591595.000.000) 2021-09-19 15:07:50 Image size of job updated: 1758
	1758  -  MemoryUsage of job (MB)
	1800232  -  ResidentSetSize of job (KB)
...
006 (34591595.000.000) 2021-09-19 15:09:50 Image size of job updated: 1758
	1758  -  MemoryUsage of job (MB)
	1800304  -  ResidentSetSize of job (KB)
...
040 (34591595.000.000) 2021-09-19 15:10:09 Started transferring output files
...
040 (34591595.000.000) 2021-09-19 15:10:10 Finished transferring output files
...
005 (34591595.000.000) 2021-09-19 15:10:10 Job terminated.
	(1) Normal termination (return value 0)
		Usr 0 00:00:00, Sys 0 00:00:00  -  Run Remote Usage
		Usr 0 00:00:00, Sys 0 00:00:00  -  Run Local Usage
		Usr 0 02:09:52, Sys 0 02:22:05  -  Total Remote Usage
		Usr 0 00:00:00, Sys 0 00:00:00  -  Total Local Usage
	1230964  -  Run Bytes Sent By Job
	8471534  -  Run Bytes Received By Job
	1230964  -  Total Bytes Sent By Job
	8471534  -  Total Bytes Received By Job
	Partitionable Resources :     Usage  Request Allocated 
	   Cpus                 :      0.00        1         1 
	   Disk (KB)            : 120393       10000   1646630 
	   Memory (MB)          :   1758        2048      2048 

	Job terminated of its own accord at 2021-09-19T20:10:09Z.
...
000 (34672883.000.000) 2021-09-24 22:38:23 Job submitted from host: <131.225.188.57:9618?addrs=131.225.188.57-9618&alias=lpcschedd2.fnal.gov&noUDP&sock=schedd_2251_93c6>
...
040 (34672883.000.000) 2021-09-24 23:49:11 Started transferring input files
	Transferring to host: <131.225.206.3:9618?addrs=131.225.206.3-9618&alias=cmswn1731.fnal.gov&noUDP&sock=slot1_3_1225_df8b_6648>
...
040 (34672883.000.000) 2021-09-24 23:49:11 Finished transferring input files
...
001 (34672883.000.000) 2021-09-24 23:49:12 Job executing on host: <131.225.206.3:9618?addrs=131.225.206.3-9618&alias=cmswn1731.fnal.gov&noUDP&sock=startd_1144_446f>
...
006 (34672883.000.000) 2021-09-24 23:49:21 Image size of job updated: 73
	73  -  MemoryUsage of job (MB)
	75120  -  ResidentSetSize of job (KB)
...
006 (34672883.000.000) 2021-09-24 23:50:22 Image size of job updated: 555
	555  -  MemoryUsage of job (MB)
	569280  -  ResidentSetSize of job (KB)
...
006 (34672883.000.000) 2021-09-24 23:54:24 Image size of job updated: 598
	598  -  MemoryUsage of job (MB)
	613072  -  ResidentSetSize of job (KB)
...
006 (34672883.000.000) 2021-09-24 23:55:25 Image size of job updated: 644
	644  -  MemoryUsage of job (MB)
	659696  -  ResidentSetSize of job (KB)
...
006 (34672883.000.000) 2021-09-24 23:56:25 Image size of job updated: 684
	684  -  MemoryUsage of job (MB)
	700592  -  ResidentSetSize of job (KB)
...
006 (34672883.000.000) 2021-09-24 23:57:26 Image size of job updated: 720
	720  -  MemoryUsage of job (MB)
	737984  -  ResidentSetSize of job (KB)
...
006 (34672883.000.000) 2021-09-24 23:58:27 Image size of job updated: 754
	754  -  MemoryUsage of job (MB)
	773108  -  ResidentSetSize of job (KB)
...
006 (34672883.000.000) 2021-09-24 23:59:27 Image size of job updated: 787
	787  -  MemoryUsage of job (MB)
	806304  -  ResidentSetSize of job (KB)
...
006 (34672883.000.000) 2021-09-25 00:00:28 Image size of job updated: 818
	818  -  MemoryUsage of job (MB)
	838596  -  ResidentSetSize of job (KB)
...
006 (34672883.000.000) 2021-09-25 00:01:28 Image size of job updated: 850
	850  -  MemoryUsage of job (MB)
	870944  -  ResidentSetSize of job (KB)
...
006 (34672883.000.000) 2021-09-25 00:02:28 Image size of job updated: 879
	879  -  MemoryUsage of job (MB)
	900300  -  ResidentSetSize of job (KB)
...
006 (34672883.000.000) 2021-09-25 00:03:29 Image size of job updated: 918
	918  -  MemoryUsage of job (MB)
	940404  -  ResidentSetSize of job (KB)
...
006 (34672883.000.000) 2021-09-25 00:04:29 Image size of job updated: 946
	946  -  MemoryUsage of job (MB)
	969364  -  ResidentSetSize of job (KB)
...
006 (34672883.000.000) 2021-09-25 00:05:30 Image size of job updated: 972
	972  -  MemoryUsage of job (MB)
	996324  -  ResidentSetSize of job (KB)
...
006 (34672883.000.000) 2021-09-25 00:06:31 Image size of job updated: 997
	997  -  MemoryUsage of job (MB)
	1021904  -  ResidentSetSize of job (KB)
...
006 (34672883.000.000) 2021-09-25 00:07:31 Image size of job updated: 1025
	1025  -  MemoryUsage of job (MB)
	1049972  -  ResidentSetSize of job (KB)
...
006 (34672883.000.000) 2021-09-25 00:08:32 Image size of job updated: 1052
	1052  -  MemoryUsage of job (MB)
	1077940  -  ResidentSetSize of job (KB)
...
006 (34672883.000.000) 2021-09-25 00:09:32 Image size of job updated: 1083
	1083  -  MemoryUsage of job (MB)
	1109184  -  ResidentSetSize of job (KB)
...
006 (34672883.000.000) 2021-09-25 00:10:32 Image size of job updated: 1105
	1105  -  MemoryUsage of job (MB)
	1132404  -  ResidentSetSize of job (KB)
...
006 (34672883.000.000) 2021-09-25 00:11:33 Image size of job updated: 1128
	1128  -  MemoryUsage of job (MB)
	1155240  -  ResidentSetSize of job (KB)
...
006 (34672883.000.000) 2021-09-25 00:12:33 Image size of job updated: 1149
	1149  -  MemoryUsage of job (MB)
	1177340  -  ResidentSetSize of job (KB)
...
006 (34672883.000.000) 2021-09-25 00:13:34 Image size of job updated: 1171
	1171  -  MemoryUsage of job (MB)
	1199780  -  ResidentSetSize of job (KB)
...
006 (34672883.000.000) 2021-09-25 00:14:35 Image size of job updated: 1192
	1192  -  MemoryUsage of job (MB)
	1220916  -  ResidentSetSize of job (KB)
...
006 (34672883.000.000) 2021-09-25 00:15:35 Image size of job updated: 1212
	1212  -  MemoryUsage of job (MB)
	1241696  -  ResidentSetSize of job (KB)
...
006 (34672883.000.000) 2021-09-25 00:16:36 Image size of job updated: 1232
	1232  -  MemoryUsage of job (MB)
	1262084  -  ResidentSetSize of job (KB)
...
006 (34672883.000.000) 2021-09-25 00:17:36 Image size of job updated: 1252
	1252  -  MemoryUsage of job (MB)
	1282052  -  ResidentSetSize of job (KB)
...
006 (34672883.000.000) 2021-09-25 00:18:36 Image size of job updated: 1271
	1271  -  MemoryUsage of job (MB)
	1301700  -  ResidentSetSize of job (KB)
...
006 (34672883.000.000) 2021-09-25 00:19:37 Image size of job updated: 1290
	1290  -  MemoryUsage of job (MB)
	1321072  -  ResidentSetSize of job (KB)
...
006 (34672883.000.000) 2021-09-25 00:20:37 Image size of job updated: 1308
	1308  -  MemoryUsage of job (MB)
	1340100  -  ResidentSetSize of job (KB)
...
006 (34672883.000.000) 2021-09-25 00:21:38 Image size of job updated: 1326
	1326  -  MemoryUsage of job (MB)
	1358836  -  ResidentSetSize of job (KB)
...
006 (34672883.000.000) 2021-09-25 00:22:39 Image size of job updated: 1345
	1345  -  MemoryUsage of job (MB)
	1377320  -  ResidentSetSize of job (KB)
...
006 (34672883.000.000) 2021-09-25 00:23:39 Image size of job updated: 1362
	1362  -  MemoryUsage of job (MB)
	1395324  -  ResidentSetSize of job (KB)
...
006 (34672883.000.000) 2021-09-25 00:24:40 Image size of job updated: 1379
	1379  -  MemoryUsage of job (MB)
	1413096  -  ResidentSetSize of job (KB)
...
006 (34672883.000.000) 2021-09-25 00:25:41 Image size of job updated: 1397
	1397  -  MemoryUsage of job (MB)
	1430688  -  ResidentSetSize of job (KB)
...
006 (34672883.000.000) 2021-09-25 00:26:41 Image size of job updated: 1414
	1414  -  MemoryUsage of job (MB)
	1448012  -  ResidentSetSize of job (KB)
...
006 (34672883.000.000) 2021-09-25 00:27:42 Image size of job updated: 1430
	1430  -  MemoryUsage of job (MB)
	1465088  -  ResidentSetSize of job (KB)
...
006 (34672883.000.000) 2021-09-25 00:28:42 Image size of job updated: 1447
	1447  -  MemoryUsage of job (MB)
	1481968  -  ResidentSetSize of job (KB)
...
006 (34672883.000.000) 2021-09-25 00:29:43 Image size of job updated: 1463
	1463  -  MemoryUsage of job (MB)
	1498604  -  ResidentSetSize of job (KB)
...
006 (34672883.000.000) 2021-09-25 00:30:44 Image size of job updated: 1479
	1479  -  MemoryUsage of job (MB)
	1515096  -  ResidentSetSize of job (KB)
...
006 (34672883.000.000) 2021-09-25 00:31:44 Image size of job updated: 1495
	1495  -  MemoryUsage of job (MB)
	1531304  -  ResidentSetSize of job (KB)
...
006 (34672883.000.000) 2021-09-25 00:32:45 Image size of job updated: 1511
	1511  -  MemoryUsage of job (MB)
	1547312  -  ResidentSetSize of job (KB)
...
006 (34672883.000.000) 2021-09-25 00:33:46 Image size of job updated: 1526
	1526  -  MemoryUsage of job (MB)
	1563160  -  ResidentSetSize of job (KB)
...
006 (34672883.000.000) 2021-09-25 00:34:46 Image size of job updated: 1545
	1545  -  MemoryUsage of job (MB)
	1582948  -  ResidentSetSize of job (KB)
...
006 (34672883.000.000) 2021-09-25 00:35:47 Image size of job updated: 1626
	1626  -  MemoryUsage of job (MB)
	1665400  -  ResidentSetSize of job (KB)
...
006 (34672883.000.000) 2021-09-25 00:36:48 Image size of job updated: 1626
	1626  -  MemoryUsage of job (MB)
	1665852  -  ResidentSetSize of job (KB)
...
006 (34672883.000.000) 2021-09-25 00:37:48 Image size of job updated: 1627
	1627  -  MemoryUsage of job (MB)
	1666220  -  ResidentSetSize of job (KB)
...
006 (34672883.000.000) 2021-09-25 00:38:49 Image size of job updated: 1655
	1655  -  MemoryUsage of job (MB)
	1695120  -  ResidentSetSize of job (KB)
...
006 (34672883.000.000) 2021-09-25 00:39:49 Image size of job updated: 1655
	1655  -  MemoryUsage of job (MB)
	1695640  -  ResidentSetSize of job (KB)
...
006 (34672883.000.000) 2021-09-25 00:40:50 Image size of job updated: 1656
	1656  -  MemoryUsage of job (MB)
	1695996  -  ResidentSetSize of job (KB)
...
006 (34672883.000.000) 2021-09-25 00:41:51 Image size of job updated: 1664
	1664  -  MemoryUsage of job (MB)
	1704356  -  ResidentSetSize of job (KB)
...
006 (34672883.000.000) 2021-09-25 00:42:51 Image size of job updated: 1670
	1670  -  MemoryUsage of job (MB)
	1711036  -  ResidentSetSize of job (KB)
...
006 (34672883.000.000) 2021-09-25 00:43:52 Image size of job updated: 1671
	1671  -  MemoryUsage of job (MB)
	1711336  -  ResidentSetSize of job (KB)
...
006 (34672883.000.000) 2021-09-25 00:44:52 Image size of job updated: 1671
	1671  -  MemoryUsage of job (MB)
	1711580  -  ResidentSetSize of job (KB)
...
006 (34672883.000.000) 2021-09-25 00:45:53 Image size of job updated: 1673
	1673  -  MemoryUsage of job (MB)
	1713424  -  ResidentSetSize of job (KB)
...
006 (34672883.000.000) 2021-09-25 00:46:54 Image size of job updated: 1677
	1677  -  MemoryUsage of job (MB)
	1717588  -  ResidentSetSize of job (KB)
...
006 (34672883.000.000) 2021-09-25 00:47:54 Image size of job updated: 1677
	1677  -  MemoryUsage of job (MB)
	1717656  -  ResidentSetSize of job (KB)
...
006 (34672883.000.000) 2021-09-25 00:48:55 Image size of job updated: 1678
	1678  -  MemoryUsage of job (MB)
	1718348  -  ResidentSetSize of job (KB)
...
006 (34672883.000.000) 2021-09-25 00:49:56 Image size of job updated: 1681
	1681  -  MemoryUsage of job (MB)
	1722088  -  ResidentSetSize of job (KB)
...
006 (34672883.000.000) 2021-09-25 00:50:56 Image size of job updated: 1681
	1681  -  MemoryUsage of job (MB)
	1722324  -  ResidentSetSize of job (KB)
...
006 (34672883.000.000) 2021-09-25 00:51:57 Image size of job updated: 1682
	1682  -  MemoryUsage of job (MB)
	1722388  -  ResidentSetSize of job (KB)
...
006 (34672883.000.000) 2021-09-25 00:52:57 Image size of job updated: 1682
	1682  -  MemoryUsage of job (MB)
	1722736  -  ResidentSetSize of job (KB)
...
006 (34672883.000.000) 2021-09-25 00:53:58 Image size of job updated: 1684
	1684  -  MemoryUsage of job (MB)
	1724876  -  ResidentSetSize of job (KB)
...
006 (34672883.000.000) 2021-09-25 00:54:59 Image size of job updated: 1684
	1684  -  MemoryUsage of job (MB)
	1724932  -  ResidentSetSize of job (KB)
...
006 (34672883.000.000) 2021-09-25 00:55:59 Image size of job updated: 1684
	1684  -  MemoryUsage of job (MB)
	1725208  -  ResidentSetSize of job (KB)
...
006 (34672883.000.000) 2021-09-25 00:57:00 Image size of job updated: 1684
	1684  -  MemoryUsage of job (MB)
	1725224  -  ResidentSetSize of job (KB)
...
006 (34672883.000.000) 2021-09-25 00:58:00 Image size of job updated: 1687
	1687  -  MemoryUsage of job (MB)
	1728184  -  ResidentSetSize of job (KB)
...
006 (34672883.000.000) 2021-09-25 00:59:01 Image size of job updated: 1687
	1687  -  MemoryUsage of job (MB)
	1728232  -  ResidentSetSize of job (KB)
...
006 (34672883.000.000) 2021-09-25 01:00:02 Image size of job updated: 1687
	1687  -  MemoryUsage of job (MB)
	1728240  -  ResidentSetSize of job (KB)
...
006 (34672883.000.000) 2021-09-25 01:01:02 Image size of job updated: 1687
	1687  -  MemoryUsage of job (MB)
	1728468  -  ResidentSetSize of job (KB)
...
006 (34672883.000.000) 2021-09-25 01:02:03 Image size of job updated: 1689
	1689  -  MemoryUsage of job (MB)
	1730364  -  ResidentSetSize of job (KB)
...
006 (34672883.000.000) 2021-09-25 01:03:04 Image size of job updated: 1689
	1689  -  MemoryUsage of job (MB)
	1730388  -  ResidentSetSize of job (KB)
...
006 (34672883.000.000) 2021-09-25 01:04:04 Image size of job updated: 1689
	1689  -  MemoryUsage of job (MB)
	1730432  -  ResidentSetSize of job (KB)
...
006 (34672883.000.000) 2021-09-25 01:05:05 Image size of job updated: 1689
	1689  -  MemoryUsage of job (MB)
	1730484  -  ResidentSetSize of job (KB)
...
006 (34672883.000.000) 2021-09-25 01:06:05 Image size of job updated: 1691
	1691  -  MemoryUsage of job (MB)
	1731960  -  ResidentSetSize of job (KB)
...
006 (34672883.000.000) 2021-09-25 01:07:06 Image size of job updated: 1692
	1692  -  MemoryUsage of job (MB)
	1733340  -  ResidentSetSize of job (KB)
...
006 (34672883.000.000) 2021-09-25 01:08:06 Image size of job updated: 1692
	1692  -  MemoryUsage of job (MB)
	1733552  -  ResidentSetSize of job (KB)
...
006 (34672883.000.000) 2021-09-25 01:09:06 Image size of job updated: 1692
	1692  -  MemoryUsage of job (MB)
	1733584  -  ResidentSetSize of job (KB)
...
006 (34672883.000.000) 2021-09-25 01:10:07 Image size of job updated: 1694
	1694  -  MemoryUsage of job (MB)
	1734836  -  ResidentSetSize of job (KB)
...
006 (34672883.000.000) 2021-09-25 01:11:07 Image size of job updated: 1695
	1695  -  MemoryUsage of job (MB)
	1735828  -  ResidentSetSize of job (KB)
...
006 (34672883.000.000) 2021-09-25 01:12:08 Image size of job updated: 1695
	1695  -  MemoryUsage of job (MB)
	1735980  -  ResidentSetSize of job (KB)
...
006 (34672883.000.000) 2021-09-25 01:14:09 Image size of job updated: 1695
	1695  -  MemoryUsage of job (MB)
	1736024  -  ResidentSetSize of job (KB)
...
006 (34672883.000.000) 2021-09-25 01:15:10 Image size of job updated: 1696
	1696  -  MemoryUsage of job (MB)
	1736984  -  ResidentSetSize of job (KB)
...
006 (34672883.000.000) 2021-09-25 01:16:10 Image size of job updated: 1696
	1696  -  MemoryUsage of job (MB)
	1737000  -  ResidentSetSize of job (KB)
...
006 (34672883.000.000) 2021-09-25 01:17:11 Image size of job updated: 1696
	1696  -  MemoryUsage of job (MB)
	1737028  -  ResidentSetSize of job (KB)
...
006 (34672883.000.000) 2021-09-25 01:18:12 Image size of job updated: 1697
	1697  -  MemoryUsage of job (MB)
	1737896  -  ResidentSetSize of job (KB)
...
006 (34672883.000.000) 2021-09-25 01:19:12 Image size of job updated: 1697
	1697  -  MemoryUsage of job (MB)
	1738112  -  ResidentSetSize of job (KB)
...
006 (34672883.000.000) 2021-09-25 01:20:13 Image size of job updated: 1697
	1697  -  MemoryUsage of job (MB)
	1738124  -  ResidentSetSize of job (KB)
...
006 (34672883.000.000) 2021-09-25 01:21:13 Image size of job updated: 1697
	1697  -  MemoryUsage of job (MB)
	1738308  -  ResidentSetSize of job (KB)
...
006 (34672883.000.000) 2021-09-25 01:22:13 Image size of job updated: 1698
	1698  -  MemoryUsage of job (MB)
	1739080  -  ResidentSetSize of job (KB)
...
006 (34672883.000.000) 2021-09-25 01:23:14 Image size of job updated: 1698
	1698  -  MemoryUsage of job (MB)
	1739084  -  ResidentSetSize of job (KB)
...
006 (34672883.000.000) 2021-09-25 01:24:14 Image size of job updated: 1698
	1698  -  MemoryUsage of job (MB)
	1739092  -  ResidentSetSize of job (KB)
...
006 (34672883.000.000) 2021-09-25 01:25:15 Image size of job updated: 1698
	1698  -  MemoryUsage of job (MB)
	1739356  -  ResidentSetSize of job (KB)
...
006 (34672883.000.000) 2021-09-25 01:26:15 Image size of job updated: 1699
	1699  -  MemoryUsage of job (MB)
	1740196  -  ResidentSetSize of job (KB)
...
006 (34672883.000.000) 2021-09-25 01:27:16 Image size of job updated: 1699
	1699  -  MemoryUsage of job (MB)
	1740216  -  ResidentSetSize of job (KB)
...
006 (34672883.000.000) 2021-09-25 01:28:17 Image size of job updated: 1699
	1699  -  MemoryUsage of job (MB)
	1740672  -  ResidentSetSize of job (KB)
...
006 (34672883.000.000) 2021-09-25 01:29:17 Image size of job updated: 1700
	1700  -  MemoryUsage of job (MB)
	1741300  -  ResidentSetSize of job (KB)
...
006 (34672883.000.000) 2021-09-25 01:30:18 Image size of job updated: 1700
	1700  -  MemoryUsage of job (MB)
	1741408  -  ResidentSetSize of job (KB)
...
006 (34672883.000.000) 2021-09-25 01:31:18 Image size of job updated: 1700
	1700  -  MemoryUsage of job (MB)
	1741420  -  ResidentSetSize of job (KB)
...
006 (34672883.000.000) 2021-09-25 01:32:19 Image size of job updated: 1702
	1702  -  MemoryUsage of job (MB)
	1743552  -  ResidentSetSize of job (KB)
...
006 (34672883.000.000) 2021-09-25 01:33:20 Image size of job updated: 1703
	1703  -  MemoryUsage of job (MB)
	1744340  -  ResidentSetSize of job (KB)
...
006 (34672883.000.000) 2021-09-25 01:34:20 Image size of job updated: 1703
	1703  -  MemoryUsage of job (MB)
	1744344  -  ResidentSetSize of job (KB)
...
006 (34672883.000.000) 2021-09-25 01:35:21 Image size of job updated: 1703
	1703  -  MemoryUsage of job (MB)
	1744348  -  ResidentSetSize of job (KB)
...
006 (34672883.000.000) 2021-09-25 01:36:21 Image size of job updated: 1703
	1703  -  MemoryUsage of job (MB)
	1744808  -  ResidentSetSize of job (KB)
...
006 (34672883.000.000) 2021-09-25 01:37:22 Image size of job updated: 1704
	1704  -  MemoryUsage of job (MB)
	1745232  -  ResidentSetSize of job (KB)
...
006 (34672883.000.000) 2021-09-25 01:38:22 Image size of job updated: 1704
	1704  -  MemoryUsage of job (MB)
	1745236  -  ResidentSetSize of job (KB)
...
006 (34672883.000.000) 2021-09-25 01:39:22 Image size of job updated: 1704
	1704  -  MemoryUsage of job (MB)
	1745288  -  ResidentSetSize of job (KB)
...
006 (34672883.000.000) 2021-09-25 01:40:23 Image size of job updated: 1705
	1705  -  MemoryUsage of job (MB)
	1746124  -  ResidentSetSize of job (KB)
...
006 (34672883.000.000) 2021-09-25 01:41:23 Image size of job updated: 1705
	1705  -  MemoryUsage of job (MB)
	1746136  -  ResidentSetSize of job (KB)
...
006 (34672883.000.000) 2021-09-25 01:42:24 Image size of job updated: 1705
	1705  -  MemoryUsage of job (MB)
	1746180  -  ResidentSetSize of job (KB)
...
006 (34672883.000.000) 2021-09-25 01:43:24 Image size of job updated: 1705
	1705  -  MemoryUsage of job (MB)
	1746400  -  ResidentSetSize of job (KB)
...
006 (34672883.000.000) 2021-09-25 01:44:25 Image size of job updated: 1706
	1706  -  MemoryUsage of job (MB)
	1747276  -  ResidentSetSize of job (KB)
...
006 (34672883.000.000) 2021-09-25 01:45:26 Image size of job updated: 1706
	1706  -  MemoryUsage of job (MB)
	1747300  -  ResidentSetSize of job (KB)
...
006 (34672883.000.000) 2021-09-25 01:46:26 Image size of job updated: 1706
	1706  -  MemoryUsage of job (MB)
	1747360  -  ResidentSetSize of job (KB)
...
006 (34672883.000.000) 2021-09-25 01:47:27 Image size of job updated: 1707
	1707  -  MemoryUsage of job (MB)
	1747984  -  ResidentSetSize of job (KB)
...
006 (34672883.000.000) 2021-09-25 01:48:27 Image size of job updated: 1707
	1707  -  MemoryUsage of job (MB)
	1748052  -  ResidentSetSize of job (KB)
...
006 (34672883.000.000) 2021-09-25 01:50:28 Image size of job updated: 1707
	1707  -  MemoryUsage of job (MB)
	1748204  -  ResidentSetSize of job (KB)
...
006 (34672883.000.000) 2021-09-25 01:51:28 Image size of job updated: 1707
	1707  -  MemoryUsage of job (MB)
	1748884  -  ResidentSetSize of job (KB)
...
006 (34672883.000.000) 2021-09-25 01:52:29 Image size of job updated: 1707
	1707  -  MemoryUsage of job (MB)
	1748900  -  ResidentSetSize of job (KB)
...
006 (34672883.000.000) 2021-09-25 01:53:29 Image size of job updated: 1707
	1707  -  MemoryUsage of job (MB)
	1748904  -  ResidentSetSize of job (KB)
...
006 (34672883.000.000) 2021-09-25 01:54:29 Image size of job updated: 1708
	1708  -  MemoryUsage of job (MB)
	1749596  -  ResidentSetSize of job (KB)
...
006 (34672883.000.000) 2021-09-25 01:55:30 Image size of job updated: 1708
	1708  -  MemoryUsage of job (MB)
	1749768  -  ResidentSetSize of job (KB)
...
006 (34672883.000.000) 2021-09-25 01:57:31 Image size of job updated: 1708
	1708  -  MemoryUsage of job (MB)
	1749776  -  ResidentSetSize of job (KB)
...
006 (34672883.000.000) 2021-09-25 01:58:31 Image size of job updated: 1709
	1709  -  MemoryUsage of job (MB)
	1750372  -  ResidentSetSize of job (KB)
...
006 (34672883.000.000) 2021-09-25 02:01:32 Image size of job updated: 1709
	1709  -  MemoryUsage of job (MB)
	1750400  -  ResidentSetSize of job (KB)
...
006 (34672883.000.000) 2021-09-25 02:02:33 Image size of job updated: 1709
	1709  -  MemoryUsage of job (MB)
	1750968  -  ResidentSetSize of job (KB)
...
006 (34672883.000.000) 2021-09-25 02:03:33 Image size of job updated: 1709
	1709  -  MemoryUsage of job (MB)
	1750972  -  ResidentSetSize of job (KB)
...
006 (34672883.000.000) 2021-09-25 02:04:33 Image size of job updated: 1709
	1709  -  MemoryUsage of job (MB)
	1751008  -  ResidentSetSize of job (KB)
...
006 (34672883.000.000) 2021-09-25 02:05:34 Image size of job updated: 1710
	1710  -  MemoryUsage of job (MB)
	1751636  -  ResidentSetSize of job (KB)
...
006 (34672883.000.000) 2021-09-25 02:06:34 Image size of job updated: 1710
	1710  -  MemoryUsage of job (MB)
	1751784  -  ResidentSetSize of job (KB)
...
006 (34672883.000.000) 2021-09-25 02:08:36 Image size of job updated: 1710
	1710  -  MemoryUsage of job (MB)
	1751872  -  ResidentSetSize of job (KB)
...
006 (34672883.000.000) 2021-09-25 02:09:36 Image size of job updated: 1711
	1711  -  MemoryUsage of job (MB)
	1752324  -  ResidentSetSize of job (KB)
...
006 (34672883.000.000) 2021-09-25 02:10:37 Image size of job updated: 1711
	1711  -  MemoryUsage of job (MB)
	1752464  -  ResidentSetSize of job (KB)
...
006 (34672883.000.000) 2021-09-25 02:11:37 Image size of job updated: 1711
	1711  -  MemoryUsage of job (MB)
	1752468  -  ResidentSetSize of job (KB)
...
006 (34672883.000.000) 2021-09-25 02:12:38 Image size of job updated: 1712
	1712  -  MemoryUsage of job (MB)
	1753112  -  ResidentSetSize of job (KB)
...
006 (34672883.000.000) 2021-09-25 02:13:39 Image size of job updated: 1712
	1712  -  MemoryUsage of job (MB)
	1753328  -  ResidentSetSize of job (KB)
...
006 (34672883.000.000) 2021-09-25 02:14:39 Image size of job updated: 1712
	1712  -  MemoryUsage of job (MB)
	1753336  -  ResidentSetSize of job (KB)
...
006 (34672883.000.000) 2021-09-25 02:15:40 Image size of job updated: 1713
	1713  -  MemoryUsage of job (MB)
	1754212  -  ResidentSetSize of job (KB)
...
006 (34672883.000.000) 2021-09-25 02:16:41 Image size of job updated: 1713
	1713  -  MemoryUsage of job (MB)
	1754816  -  ResidentSetSize of job (KB)
...
006 (34672883.000.000) 2021-09-25 02:18:42 Image size of job updated: 1713
	1713  -  MemoryUsage of job (MB)
	1754824  -  ResidentSetSize of job (KB)
...
006 (34672883.000.000) 2021-09-25 02:19:42 Image size of job updated: 1714
	1714  -  MemoryUsage of job (MB)
	1755172  -  ResidentSetSize of job (KB)
...
006 (34672883.000.000) 2021-09-25 02:20:43 Image size of job updated: 1714
	1714  -  MemoryUsage of job (MB)
	1755372  -  ResidentSetSize of job (KB)
...
006 (34672883.000.000) 2021-09-25 02:21:43 Image size of job updated: 1714
	1714  -  MemoryUsage of job (MB)
	1755412  -  ResidentSetSize of job (KB)
...
006 (34672883.000.000) 2021-09-25 02:22:43 Image size of job updated: 1714
	1714  -  MemoryUsage of job (MB)
	1755416  -  ResidentSetSize of job (KB)
...
006 (34672883.000.000) 2021-09-25 02:23:44 Image size of job updated: 1714
	1714  -  MemoryUsage of job (MB)
	1755804  -  ResidentSetSize of job (KB)
...
006 (34672883.000.000) 2021-09-25 02:24:44 Image size of job updated: 1714
	1714  -  MemoryUsage of job (MB)
	1755864  -  ResidentSetSize of job (KB)
...
006 (34672883.000.000) 2021-09-25 02:25:45 Image size of job updated: 1714
	1714  -  MemoryUsage of job (MB)
	1755868  -  ResidentSetSize of job (KB)
...
006 (34672883.000.000) 2021-09-25 02:26:45 Image size of job updated: 1715
	1715  -  MemoryUsage of job (MB)
	1756396  -  ResidentSetSize of job (KB)
...
006 (34672883.000.000) 2021-09-25 02:27:45 Image size of job updated: 1715
	1715  -  MemoryUsage of job (MB)
	1756592  -  ResidentSetSize of job (KB)
...
006 (34672883.000.000) 2021-09-25 02:28:46 Image size of job updated: 1715
	1715  -  MemoryUsage of job (MB)
	1756648  -  ResidentSetSize of job (KB)
...
006 (34672883.000.000) 2021-09-25 02:29:46 Image size of job updated: 1715
	1715  -  MemoryUsage of job (MB)
	1756688  -  ResidentSetSize of job (KB)
...
006 (34672883.000.000) 2021-09-25 02:30:47 Image size of job updated: 1716
	1716  -  MemoryUsage of job (MB)
	1757272  -  ResidentSetSize of job (KB)
...
006 (34672883.000.000) 2021-09-25 02:31:48 Image size of job updated: 1716
	1716  -  MemoryUsage of job (MB)
	1757480  -  ResidentSetSize of job (KB)
...
006 (34672883.000.000) 2021-09-25 02:32:48 Image size of job updated: 1716
	1716  -  MemoryUsage of job (MB)
	1757484  -  ResidentSetSize of job (KB)
...
006 (34672883.000.000) 2021-09-25 02:33:49 Image size of job updated: 1716
	1716  -  MemoryUsage of job (MB)
	1757548  -  ResidentSetSize of job (KB)
...
006 (34672883.000.000) 2021-09-25 02:34:50 Image size of job updated: 1716
	1716  -  MemoryUsage of job (MB)
	1758168  -  ResidentSetSize of job (KB)
...
006 (34672883.000.000) 2021-09-25 02:35:50 Image size of job updated: 1716
	1716  -  MemoryUsage of job (MB)
	1758180  -  ResidentSetSize of job (KB)
...
006 (34672883.000.000) 2021-09-25 02:36:51 Image size of job updated: 1717
	1717  -  MemoryUsage of job (MB)
	1758244  -  ResidentSetSize of job (KB)
...
006 (34672883.000.000) 2021-09-25 02:37:51 Image size of job updated: 1717
	1717  -  MemoryUsage of job (MB)
	1758808  -  ResidentSetSize of job (KB)
...
006 (34672883.000.000) 2021-09-25 02:38:52 Image size of job updated: 1717
	1717  -  MemoryUsage of job (MB)
	1759012  -  ResidentSetSize of job (KB)
...
006 (34672883.000.000) 2021-09-25 02:40:53 Image size of job updated: 1718
	1718  -  MemoryUsage of job (MB)
	1759252  -  ResidentSetSize of job (KB)
...
006 (34672883.000.000) 2021-09-25 02:41:54 Image size of job updated: 1718
	1718  -  MemoryUsage of job (MB)
	1759680  -  ResidentSetSize of job (KB)
...
006 (34672883.000.000) 2021-09-25 02:42:54 Image size of job updated: 1718
	1718  -  MemoryUsage of job (MB)
	1759828  -  ResidentSetSize of job (KB)
...
006 (34672883.000.000) 2021-09-25 02:44:56 Image size of job updated: 1718
	1718  -  MemoryUsage of job (MB)
	1759932  -  ResidentSetSize of job (KB)
...
006 (34672883.000.000) 2021-09-25 02:45:56 Image size of job updated: 1719
	1719  -  MemoryUsage of job (MB)
	1760288  -  ResidentSetSize of job (KB)
...
006 (34672883.000.000) 2021-09-25 02:46:57 Image size of job updated: 1719
	1719  -  MemoryUsage of job (MB)
	1760312  -  ResidentSetSize of job (KB)
...
006 (34672883.000.000) 2021-09-25 02:47:57 Image size of job updated: 1719
	1719  -  MemoryUsage of job (MB)
	1760348  -  ResidentSetSize of job (KB)
...
006 (34672883.000.000) 2021-09-25 02:48:57 Image size of job updated: 1719
	1719  -  MemoryUsage of job (MB)
	1760836  -  ResidentSetSize of job (KB)
...
006 (34672883.000.000) 2021-09-25 02:49:58 Image size of job updated: 1719
	1719  -  MemoryUsage of job (MB)
	1761016  -  ResidentSetSize of job (KB)
...
006 (34672883.000.000) 2021-09-25 02:51:59 Image size of job updated: 1719
	1719  -  MemoryUsage of job (MB)
	1761028  -  ResidentSetSize of job (KB)
...
006 (34672883.000.000) 2021-09-25 02:52:59 Image size of job updated: 1721
	1721  -  MemoryUsage of job (MB)
	1762724  -  ResidentSetSize of job (KB)
...
006 (34672883.000.000) 2021-09-25 02:53:59 Image size of job updated: 1721
	1721  -  MemoryUsage of job (MB)
	1762772  -  ResidentSetSize of job (KB)
...
006 (34672883.000.000) 2021-09-25 02:55:00 Image size of job updated: 1722
	1722  -  MemoryUsage of job (MB)
	1763372  -  ResidentSetSize of job (KB)
...
006 (34672883.000.000) 2021-09-25 02:56:00 Image size of job updated: 1722
	1722  -  MemoryUsage of job (MB)
	1764160  -  ResidentSetSize of job (KB)
...
006 (34672883.000.000) 2021-09-25 02:57:01 Image size of job updated: 1723
	1723  -  MemoryUsage of job (MB)
	1764396  -  ResidentSetSize of job (KB)
...
006 (34672883.000.000) 2021-09-25 02:58:02 Image size of job updated: 1723
	1723  -  MemoryUsage of job (MB)
	1764752  -  ResidentSetSize of job (KB)
...
006 (34672883.000.000) 2021-09-25 02:59:02 Image size of job updated: 1724
	1724  -  MemoryUsage of job (MB)
	1766020  -  ResidentSetSize of job (KB)
...
006 (34672883.000.000) 2021-09-25 03:00:02 Image size of job updated: 1724
	1724  -  MemoryUsage of job (MB)
	1766160  -  ResidentSetSize of job (KB)
...
006 (34672883.000.000) 2021-09-25 03:01:03 Image size of job updated: 1725
	1725  -  MemoryUsage of job (MB)
	1766960  -  ResidentSetSize of job (KB)
...
006 (34672883.000.000) 2021-09-25 03:02:03 Image size of job updated: 1725
	1725  -  MemoryUsage of job (MB)
	1767132  -  ResidentSetSize of job (KB)
...
006 (34672883.000.000) 2021-09-25 03:03:03 Image size of job updated: 1726
	1726  -  MemoryUsage of job (MB)
	1768048  -  ResidentSetSize of job (KB)
...
006 (34672883.000.000) 2021-09-25 03:04:04 Image size of job updated: 1726
	1726  -  MemoryUsage of job (MB)
	1768092  -  ResidentSetSize of job (KB)
...
006 (34672883.000.000) 2021-09-25 03:05:04 Image size of job updated: 1727
	1727  -  MemoryUsage of job (MB)
	1768784  -  ResidentSetSize of job (KB)
...
006 (34672883.000.000) 2021-09-25 03:06:05 Image size of job updated: 1727
	1727  -  MemoryUsage of job (MB)
	1768812  -  ResidentSetSize of job (KB)
...
006 (34672883.000.000) 2021-09-25 03:07:06 Image size of job updated: 1728
	1728  -  MemoryUsage of job (MB)
	1769756  -  ResidentSetSize of job (KB)
...
006 (34672883.000.000) 2021-09-25 03:08:06 Image size of job updated: 1728
	1728  -  MemoryUsage of job (MB)
	1769764  -  ResidentSetSize of job (KB)
...
006 (34672883.000.000) 2021-09-25 03:09:06 Image size of job updated: 1729
	1729  -  MemoryUsage of job (MB)
	1770888  -  ResidentSetSize of job (KB)
...
006 (34672883.000.000) 2021-09-25 03:10:07 Image size of job updated: 1729
	1729  -  MemoryUsage of job (MB)
	1770972  -  ResidentSetSize of job (KB)
...
006 (34672883.000.000) 2021-09-25 03:11:07 Image size of job updated: 1730
	1730  -  MemoryUsage of job (MB)
	1772400  -  ResidentSetSize of job (KB)
...
006 (34672883.000.000) 2021-09-25 03:12:08 Image size of job updated: 1730
	1730  -  MemoryUsage of job (MB)
	1772484  -  ResidentSetSize of job (KB)
...
006 (34672883.000.000) 2021-09-25 03:13:09 Image size of job updated: 1732
	1732  -  MemoryUsage of job (MB)
	1773640  -  ResidentSetSize of job (KB)
...
006 (34672883.000.000) 2021-09-25 03:14:09 Image size of job updated: 1732
	1732  -  MemoryUsage of job (MB)
	1773656  -  ResidentSetSize of job (KB)
...
006 (34672883.000.000) 2021-09-25 03:15:10 Image size of job updated: 1732
	1732  -  MemoryUsage of job (MB)
	1774412  -  ResidentSetSize of job (KB)
...
006 (34672883.000.000) 2021-09-25 03:16:11 Image size of job updated: 1732
	1732  -  MemoryUsage of job (MB)
	1774448  -  ResidentSetSize of job (KB)
...
006 (34672883.000.000) 2021-09-25 03:17:11 Image size of job updated: 1733
	1733  -  MemoryUsage of job (MB)
	1775140  -  ResidentSetSize of job (KB)
...
006 (34672883.000.000) 2021-09-25 03:18:11 Image size of job updated: 1733
	1733  -  MemoryUsage of job (MB)
	1775180  -  ResidentSetSize of job (KB)
...
006 (34672883.000.000) 2021-09-25 03:19:12 Image size of job updated: 1734
	1734  -  MemoryUsage of job (MB)
	1775660  -  ResidentSetSize of job (KB)
...
006 (34672883.000.000) 2021-09-25 03:20:13 Image size of job updated: 1734
	1734  -  MemoryUsage of job (MB)
	1775744  -  ResidentSetSize of job (KB)
...
006 (34672883.000.000) 2021-09-25 03:21:13 Image size of job updated: 1734
	1734  -  MemoryUsage of job (MB)
	1776436  -  ResidentSetSize of job (KB)
...
006 (34672883.000.000) 2021-09-25 03:22:14 Image size of job updated: 1734
	1734  -  MemoryUsage of job (MB)
	1776464  -  ResidentSetSize of job (KB)
...
006 (34672883.000.000) 2021-09-25 03:23:15 Image size of job updated: 1735
	1735  -  MemoryUsage of job (MB)
	1777156  -  ResidentSetSize of job (KB)
...
006 (34672883.000.000) 2021-09-25 03:24:15 Image size of job updated: 1735
	1735  -  MemoryUsage of job (MB)
	1777364  -  ResidentSetSize of job (KB)
...
006 (34672883.000.000) 2021-09-25 03:25:16 Image size of job updated: 1736
	1736  -  MemoryUsage of job (MB)
	1778448  -  ResidentSetSize of job (KB)
...
006 (34672883.000.000) 2021-09-25 03:26:17 Image size of job updated: 1736
	1736  -  MemoryUsage of job (MB)
	1778568  -  ResidentSetSize of job (KB)
...
006 (34672883.000.000) 2021-09-25 03:27:18 Image size of job updated: 1737
	1737  -  MemoryUsage of job (MB)
	1779068  -  ResidentSetSize of job (KB)
...
006 (34672883.000.000) 2021-09-25 03:28:19 Image size of job updated: 1737
	1737  -  MemoryUsage of job (MB)
	1779220  -  ResidentSetSize of job (KB)
...
006 (34672883.000.000) 2021-09-25 03:29:19 Image size of job updated: 1737
	1737  -  MemoryUsage of job (MB)
	1779588  -  ResidentSetSize of job (KB)
...
006 (34672883.000.000) 2021-09-25 03:30:19 Image size of job updated: 1738
	1738  -  MemoryUsage of job (MB)
	1779728  -  ResidentSetSize of job (KB)
...
006 (34672883.000.000) 2021-09-25 03:31:20 Image size of job updated: 1738
	1738  -  MemoryUsage of job (MB)
	1780228  -  ResidentSetSize of job (KB)
...
006 (34672883.000.000) 2021-09-25 03:32:21 Image size of job updated: 1738
	1738  -  MemoryUsage of job (MB)
	1780416  -  ResidentSetSize of job (KB)
...
006 (34672883.000.000) 2021-09-25 03:33:21 Image size of job updated: 1739
	1739  -  MemoryUsage of job (MB)
	1780824  -  ResidentSetSize of job (KB)
...
006 (34672883.000.000) 2021-09-25 03:34:22 Image size of job updated: 1739
	1739  -  MemoryUsage of job (MB)
	1781072  -  ResidentSetSize of job (KB)
...
006 (34672883.000.000) 2021-09-25 03:35:23 Image size of job updated: 1739
	1739  -  MemoryUsage of job (MB)
	1781092  -  ResidentSetSize of job (KB)
...
006 (34672883.000.000) 2021-09-25 03:36:23 Image size of job updated: 1739
	1739  -  MemoryUsage of job (MB)
	1781556  -  ResidentSetSize of job (KB)
...
006 (34672883.000.000) 2021-09-25 03:37:24 Image size of job updated: 1739
	1739  -  MemoryUsage of job (MB)
	1781608  -  ResidentSetSize of job (KB)
...
006 (34672883.000.000) 2021-09-25 03:38:25 Image size of job updated: 1740
	1740  -  MemoryUsage of job (MB)
	1782372  -  ResidentSetSize of job (KB)
...
006 (34672883.000.000) 2021-09-25 03:39:25 Image size of job updated: 1740
	1740  -  MemoryUsage of job (MB)
	1782620  -  ResidentSetSize of job (KB)
...
006 (34672883.000.000) 2021-09-25 03:40:26 Image size of job updated: 1741
	1741  -  MemoryUsage of job (MB)
	1783124  -  ResidentSetSize of job (KB)
...
006 (34672883.000.000) 2021-09-25 03:41:26 Image size of job updated: 1741
	1741  -  MemoryUsage of job (MB)
	1783164  -  ResidentSetSize of job (KB)
...
006 (34672883.000.000) 2021-09-25 03:42:26 Image size of job updated: 1741
	1741  -  MemoryUsage of job (MB)
	1783456  -  ResidentSetSize of job (KB)
...
006 (34672883.000.000) 2021-09-25 03:43:27 Image size of job updated: 1741
	1741  -  MemoryUsage of job (MB)
	1783460  -  ResidentSetSize of job (KB)
...
006 (34672883.000.000) 2021-09-25 03:44:27 Image size of job updated: 1742
	1742  -  MemoryUsage of job (MB)
	1784192  -  ResidentSetSize of job (KB)
...
006 (34672883.000.000) 2021-09-25 03:45:27 Image size of job updated: 1742
	1742  -  MemoryUsage of job (MB)
	1784240  -  ResidentSetSize of job (KB)
...
006 (34672883.000.000) 2021-09-25 03:46:28 Image size of job updated: 1742
	1742  -  MemoryUsage of job (MB)
	1784652  -  ResidentSetSize of job (KB)
...
006 (34672883.000.000) 2021-09-25 03:47:29 Image size of job updated: 1742
	1742  -  MemoryUsage of job (MB)
	1784668  -  ResidentSetSize of job (KB)
...
006 (34672883.000.000) 2021-09-25 03:48:29 Image size of job updated: 1743
	1743  -  MemoryUsage of job (MB)
	1785108  -  ResidentSetSize of job (KB)
...
006 (34672883.000.000) 2021-09-25 03:49:30 Image size of job updated: 1743
	1743  -  MemoryUsage of job (MB)
	1785156  -  ResidentSetSize of job (KB)
...
006 (34672883.000.000) 2021-09-25 03:50:31 Image size of job updated: 1743
	1743  -  MemoryUsage of job (MB)
	1785612  -  ResidentSetSize of job (KB)
...
006 (34672883.000.000) 2021-09-25 03:51:31 Image size of job updated: 1743
	1743  -  MemoryUsage of job (MB)
	1785628  -  ResidentSetSize of job (KB)
...
006 (34672883.000.000) 2021-09-25 03:52:32 Image size of job updated: 1744
	1744  -  MemoryUsage of job (MB)
	1786120  -  ResidentSetSize of job (KB)
...
006 (34672883.000.000) 2021-09-25 03:53:33 Image size of job updated: 1744
	1744  -  MemoryUsage of job (MB)
	1786152  -  ResidentSetSize of job (KB)
...
006 (34672883.000.000) 2021-09-25 03:54:33 Image size of job updated: 1744
	1744  -  MemoryUsage of job (MB)
	1786816  -  ResidentSetSize of job (KB)
...
006 (34672883.000.000) 2021-09-25 03:55:34 Image size of job updated: 1744
	1744  -  MemoryUsage of job (MB)
	1786844  -  ResidentSetSize of job (KB)
...
006 (34672883.000.000) 2021-09-25 03:56:35 Image size of job updated: 1745
	1745  -  MemoryUsage of job (MB)
	1787356  -  ResidentSetSize of job (KB)
...
006 (34672883.000.000) 2021-09-25 03:57:35 Image size of job updated: 1745
	1745  -  MemoryUsage of job (MB)
	1787360  -  ResidentSetSize of job (KB)
...
006 (34672883.000.000) 2021-09-25 03:58:36 Image size of job updated: 1746
	1746  -  MemoryUsage of job (MB)
	1787932  -  ResidentSetSize of job (KB)
...
006 (34672883.000.000) 2021-09-25 03:59:36 Image size of job updated: 1746
	1746  -  MemoryUsage of job (MB)
	1787960  -  ResidentSetSize of job (KB)
...
006 (34672883.000.000) 2021-09-25 04:00:37 Image size of job updated: 1746
	1746  -  MemoryUsage of job (MB)
	1788348  -  ResidentSetSize of job (KB)
...
006 (34672883.000.000) 2021-09-25 04:01:37 Image size of job updated: 1746
	1746  -  MemoryUsage of job (MB)
	1788456  -  ResidentSetSize of job (KB)
...
006 (34672883.000.000) 2021-09-25 04:02:37 Image size of job updated: 1747
	1747  -  MemoryUsage of job (MB)
	1788964  -  ResidentSetSize of job (KB)
...
006 (34672883.000.000) 2021-09-25 04:03:38 Image size of job updated: 1747
	1747  -  MemoryUsage of job (MB)
	1789088  -  ResidentSetSize of job (KB)
...
006 (34672883.000.000) 2021-09-25 04:04:38 Image size of job updated: 1747
	1747  -  MemoryUsage of job (MB)
	1789364  -  ResidentSetSize of job (KB)
...
006 (34672883.000.000) 2021-09-25 04:05:38 Image size of job updated: 1747
	1747  -  MemoryUsage of job (MB)
	1789804  -  ResidentSetSize of job (KB)
...
006 (34672883.000.000) 2021-09-25 04:06:39 Image size of job updated: 1747
	1747  -  MemoryUsage of job (MB)
	1789832  -  ResidentSetSize of job (KB)
...
006 (34672883.000.000) 2021-09-25 04:07:39 Image size of job updated: 1748
	1748  -  MemoryUsage of job (MB)
	1790196  -  ResidentSetSize of job (KB)
...
006 (34672883.000.000) 2021-09-25 04:08:39 Image size of job updated: 1748
	1748  -  MemoryUsage of job (MB)
	1790276  -  ResidentSetSize of job (KB)
...
006 (34672883.000.000) 2021-09-25 04:09:40 Image size of job updated: 1748
	1748  -  MemoryUsage of job (MB)
	1790596  -  ResidentSetSize of job (KB)
...
006 (34672883.000.000) 2021-09-25 04:10:40 Image size of job updated: 1748
	1748  -  MemoryUsage of job (MB)
	1790600  -  ResidentSetSize of job (KB)
...
006 (34672883.000.000) 2021-09-25 04:11:41 Image size of job updated: 1749
	1749  -  MemoryUsage of job (MB)
	1791000  -  ResidentSetSize of job (KB)
...
006 (34672883.000.000) 2021-09-25 04:12:42 Image size of job updated: 1749
	1749  -  MemoryUsage of job (MB)
	1791004  -  ResidentSetSize of job (KB)
...
006 (34672883.000.000) 2021-09-25 04:13:42 Image size of job updated: 1749
	1749  -  MemoryUsage of job (MB)
	1791500  -  ResidentSetSize of job (KB)
...
006 (34672883.000.000) 2021-09-25 04:15:43 Image size of job updated: 1750
	1750  -  MemoryUsage of job (MB)
	1792120  -  ResidentSetSize of job (KB)
...
006 (34672883.000.000) 2021-09-25 04:16:43 Image size of job updated: 1750
	1750  -  MemoryUsage of job (MB)
	1792128  -  ResidentSetSize of job (KB)
...
006 (34672883.000.000) 2021-09-25 04:17:44 Image size of job updated: 1750
	1750  -  MemoryUsage of job (MB)
	1792480  -  ResidentSetSize of job (KB)
...
006 (34672883.000.000) 2021-09-25 04:18:45 Image size of job updated: 1750
	1750  -  MemoryUsage of job (MB)
	1792528  -  ResidentSetSize of job (KB)
...
006 (34672883.000.000) 2021-09-25 04:19:45 Image size of job updated: 1750
	1750  -  MemoryUsage of job (MB)
	1792788  -  ResidentSetSize of job (KB)
...
006 (34672883.000.000) 2021-09-25 04:20:46 Image size of job updated: 1750
	1750  -  MemoryUsage of job (MB)
	1792808  -  ResidentSetSize of job (KB)
...
006 (34672883.000.000) 2021-09-25 04:21:47 Image size of job updated: 1751
	1751  -  MemoryUsage of job (MB)
	1793268  -  ResidentSetSize of job (KB)
...
006 (34672883.000.000) 2021-09-25 04:22:47 Image size of job updated: 1751
	1751  -  MemoryUsage of job (MB)
	1793280  -  ResidentSetSize of job (KB)
...
006 (34672883.000.000) 2021-09-25 04:23:48 Image size of job updated: 1751
	1751  -  MemoryUsage of job (MB)
	1793760  -  ResidentSetSize of job (KB)
...
006 (34672883.000.000) 2021-09-25 04:25:49 Image size of job updated: 1752
	1752  -  MemoryUsage of job (MB)
	1794292  -  ResidentSetSize of job (KB)
...
006 (34672883.000.000) 2021-09-25 04:26:50 Image size of job updated: 1752
	1752  -  MemoryUsage of job (MB)
	1794304  -  ResidentSetSize of job (KB)
...
006 (34672883.000.000) 2021-09-25 04:27:51 Image size of job updated: 1752
	1752  -  MemoryUsage of job (MB)
	1794720  -  ResidentSetSize of job (KB)
...
006 (34672883.000.000) 2021-09-25 04:29:52 Image size of job updated: 1753
	1753  -  MemoryUsage of job (MB)
	1795096  -  ResidentSetSize of job (KB)
...
006 (34672883.000.000) 2021-09-25 04:31:53 Image size of job updated: 1753
	1753  -  MemoryUsage of job (MB)
	1795456  -  ResidentSetSize of job (KB)
...
006 (34672883.000.000) 2021-09-25 04:32:54 Image size of job updated: 1753
	1753  -  MemoryUsage of job (MB)
	1795460  -  ResidentSetSize of job (KB)
...
006 (34672883.000.000) 2021-09-25 04:33:55 Image size of job updated: 1753
	1753  -  MemoryUsage of job (MB)
	1795992  -  ResidentSetSize of job (KB)
...
006 (34672883.000.000) 2021-09-25 04:34:55 Image size of job updated: 1753
	1753  -  MemoryUsage of job (MB)
	1796000  -  ResidentSetSize of job (KB)
...
006 (34672883.000.000) 2021-09-25 04:35:56 Image size of job updated: 1754
	1754  -  MemoryUsage of job (MB)
	1796420  -  ResidentSetSize of job (KB)
...
006 (34672883.000.000) 2021-09-25 04:36:57 Image size of job updated: 1754
	1754  -  MemoryUsage of job (MB)
	1796616  -  ResidentSetSize of job (KB)
...
006 (34672883.000.000) 2021-09-25 04:37:57 Image size of job updated: 1754
	1754  -  MemoryUsage of job (MB)
	1796968  -  ResidentSetSize of job (KB)
...
006 (34672883.000.000) 2021-09-25 04:39:58 Image size of job updated: 1755
	1755  -  MemoryUsage of job (MB)
	1797228  -  ResidentSetSize of job (KB)
...
006 (34672883.000.000) 2021-09-25 04:40:58 Image size of job updated: 1755
	1755  -  MemoryUsage of job (MB)
	1797432  -  ResidentSetSize of job (KB)
...
006 (34672883.000.000) 2021-09-25 04:41:59 Image size of job updated: 1755
	1755  -  MemoryUsage of job (MB)
	1797844  -  ResidentSetSize of job (KB)
...
006 (34672883.000.000) 2021-09-25 04:43:00 Image size of job updated: 1755
	1755  -  MemoryUsage of job (MB)
	1797888  -  ResidentSetSize of job (KB)
...
006 (34672883.000.000) 2021-09-25 04:44:00 Image size of job updated: 1755
	1755  -  MemoryUsage of job (MB)
	1797892  -  ResidentSetSize of job (KB)
...
006 (34672883.000.000) 2021-09-25 04:45:01 Image size of job updated: 1756
	1756  -  MemoryUsage of job (MB)
	1798524  -  ResidentSetSize of job (KB)
...
006 (34672883.000.000) 2021-09-25 04:47:02 Image size of job updated: 1756
	1756  -  MemoryUsage of job (MB)
	1799004  -  ResidentSetSize of job (KB)
...
006 (34672883.000.000) 2021-09-25 04:48:03 Image size of job updated: 1757
	1757  -  MemoryUsage of job (MB)
	1799320  -  ResidentSetSize of job (KB)
...
006 (34672883.000.000) 2021-09-25 04:50:04 Image size of job updated: 1757
	1757  -  MemoryUsage of job (MB)
	1799760  -  ResidentSetSize of job (KB)
...
006 (34672883.000.000) 2021-09-25 04:51:04 Image size of job updated: 1757
	1757  -  MemoryUsage of job (MB)
	1800064  -  ResidentSetSize of job (KB)
...
006 (34672883.000.000) 2021-09-25 04:52:05 Image size of job updated: 1758
	1758  -  MemoryUsage of job (MB)
	1800284  -  ResidentSetSize of job (KB)
...
006 (34672883.000.000) 2021-09-25 04:53:05 Image size of job updated: 1758
	1758  -  MemoryUsage of job (MB)
	1800592  -  ResidentSetSize of job (KB)
...
006 (34672883.000.000) 2021-09-25 04:54:05 Image size of job updated: 1758
	1758  -  MemoryUsage of job (MB)
	1801120  -  ResidentSetSize of job (KB)
...
006 (34672883.000.000) 2021-09-25 04:55:06 Image size of job updated: 1759
	1759  -  MemoryUsage of job (MB)
	1801516  -  ResidentSetSize of job (KB)
...
006 (34672883.000.000) 2021-09-25 04:57:07 Image size of job updated: 1759
	1759  -  MemoryUsage of job (MB)
	1802040  -  ResidentSetSize of job (KB)
...
006 (34672883.000.000) 2021-09-25 04:58:08 Image size of job updated: 1760
	1760  -  MemoryUsage of job (MB)
	1802292  -  ResidentSetSize of job (KB)
...
006 (34672883.000.000) 2021-09-25 04:59:08 Image size of job updated: 1760
	1760  -  MemoryUsage of job (MB)
	1802420  -  ResidentSetSize of job (KB)
...
006 (34672883.000.000) 2021-09-25 04:59:53 Image size of job updated: 1760
	1760  -  MemoryUsage of job (MB)
	1802572  -  ResidentSetSize of job (KB)
...
040 (34672883.000.000) 2021-09-25 04:59:53 Started transferring output files
...
040 (34672883.000.000) 2021-09-25 04:59:53 Finished transferring output files
...
005 (34672883.000.000) 2021-09-25 04:59:56 Job terminated.
	(1) Normal termination (return value 0)
		Usr 0 01:36:57, Sys 0 03:22:39  -  Run Remote Usage
		Usr 0 00:00:00, Sys 0 00:00:00  -  Run Local Usage
		Usr 0 01:36:57, Sys 0 03:22:39  -  Total Remote Usage
		Usr 0 00:00:00, Sys 0 00:00:00  -  Total Local Usage
	1230974  -  Run Bytes Sent By Job
	8471570  -  Run Bytes Received By Job
	1230974  -  Total Bytes Sent By Job
	8471570  -  Total Bytes Received By Job
	Partitionable Resources :     Usage  Request Allocated 
	   Cpus                 :      0.00        1         1 
	   Disk (KB)            : 113037       10000    317260 
	   Memory (MB)          :   1760        2048      2048 

	Job terminated of its own accord at 2021-09-25T09:59:53Z.
...
